
Due to MODULEPATH changes, the following have been reloaded:
  1) netcdf/4.9.2     2) udunits/2.2.28

The following have been reloaded with a version change:
  1) R/4.3.0 => R/4.4.2             4) hdf5/1.10.8 => hdf5/1.14.5
  2) gdal/3.6.4 => gdal/3.7.3       5) intel/21.4 => intel/24.2
  3) geos/3.11.2 => geos/3.12.0     6) proj/9.2.0 => proj/9.3.0


Attaching package: ‘dplyr’

The following objects are masked from ‘package:stats’:

    filter, lag

The following objects are masked from ‘package:base’:

    intersect, setdiff, setequal, union

Linking to GEOS 3.12.0, GDAL 3.7.3, PROJ 9.3.0; sf_use_s2() is TRUE
── Attaching packages ────────────────────────────────────── tidymodels 1.2.0 ──
✔ broom        1.0.7     ✔ recipes      1.1.0
✔ dials        1.3.0     ✔ rsample      1.2.1
✔ ggplot2      3.5.1     ✔ tibble       3.2.1
✔ infer        1.0.7     ✔ tune         1.2.1
✔ modeldata    1.4.0     ✔ workflows    1.1.4
✔ parsnip      1.2.1     ✔ workflowsets 1.1.0
✔ purrr        1.0.2     ✔ yardstick    1.3.1
── Conflicts ───────────────────────────────────────── tidymodels_conflicts() ──
✖ purrr::discard()  masks scales::discard()
✖ dplyr::filter()   masks stats::filter()
✖ dplyr::lag()      masks stats::lag()
✖ yardstick::spec() masks vroom::spec()
✖ recipes::step()   masks stats::step()
• Dig deeper into tidy modeling with R at https://www.tmwr.org
Rows: 3108 Columns: 11
── Column specification ────────────────────────────────────────────────────────
Delimiter: ","
chr (4): CWNS_ID, STATE_CODE, FACILITY_NAME, STATE_ABBR
dbl (7): TOTAL_RES_POPULATION_2022, ADJ TOTAL_RES_POPULATION_2022, POPULATIO...

ℹ Use `spec()` to retrieve the full column specification for this data.
ℹ Specify the column types or set `show_col_types = FALSE` to quiet this message.
Rows: 1312374 Columns: 3
── Column specification ────────────────────────────────────────────────────────
Delimiter: ","
chr (2): H3_Index, CWNS_ID
lgl (1): Sewered

ℹ Use `spec()` to retrieve the full column specification for this data.
ℹ Specify the column types or set `show_col_types = FALSE` to quiet this message.
Rows: 200000 Columns: 52
── Column specification ────────────────────────────────────────────────────────
Delimiter: ","
chr  (8): h3_index, Near_CWNS, Urban_Rural, NLCD_Class, Match_Type, NLCD_3, ...
dbl (43): TOTAL_RES_POPULATION_2022, Closer_Served, Farther_Served, Near_Ran...
lgl  (1): Correct_CWNS

ℹ Use `spec()` to retrieve the full column specification for this data.
ℹ Specify the column types or set `show_col_types = FALSE` to quiet this message.
Rows: 200000 Columns: 52
── Column specification ────────────────────────────────────────────────────────
Delimiter: ","
chr  (8): h3_index, Near_CWNS, Urban_Rural, NLCD_Class, Match_Type, NLCD_3, ...
dbl (43): TOTAL_RES_POPULATION_2022, Closer_Served, Farther_Served, Near_Ran...
lgl  (1): Correct_CWNS

ℹ Use `spec()` to retrieve the full column specification for this data.
ℹ Specify the column types or set `show_col_types = FALSE` to quiet this message.
