[1] "Starting at 2025-06-05 20:14:19"
[1] "Loading input variables --- 2025-06-05 20:14:22"
[1] "Starting state: 04 --- 2025-06-05 20:14:22"
[1] "Completed state: 04 --- 2025-06-05 20:14:30"
[1] "Starting state: 05 --- 2025-06-05 20:14:30"
[1] "Completed state: 05 --- 2025-06-05 20:14:55"
[1] "Starting state: 06 --- 2025-06-05 20:14:55"
[1] "Completed state: 06 --- 2025-06-05 20:15:37"
[1] "Starting state: 08 --- 2025-06-05 20:15:37"
[1] "Completed state: 08 --- 2025-06-05 20:15:58"
[1] "Starting state: 09 --- 2025-06-05 20:15:58"
[1] "Completed state: 09 --- 2025-06-05 20:16:14"
[1] "Starting state: 10 --- 2025-06-05 20:16:14"
[1] "Completed state: 10 --- 2025-06-05 20:16:18"
[1] "Starting state: 12 --- 2025-06-05 20:16:18"
[1] "Completed state: 12 --- 2025-06-05 20:16:51"
[1] "Starting state: 13 --- 2025-06-05 20:16:51"
[1] "Completed state: 13 --- 2025-06-05 20:17:38"
[1] "Starting state: 17 --- 2025-06-05 20:17:38"
[1] "Completed state: 17 --- 2025-06-05 20:18:50"
[1] "Starting state: 19 --- 2025-06-05 20:18:50"
[1] "Completed state: 19 --- 2025-06-05 20:19:42"
[1] "Starting state: 20 --- 2025-06-05 20:19:42"
[1] "Completed state: 20 --- 2025-06-05 20:20:15"
[1] "Starting state: 21 --- 2025-06-05 20:20:15"
[1] "Completed state: 21 --- 2025-06-05 20:20:48"
[1] "Starting state: 24 --- 2025-06-05 20:20:48"
[1] "Completed state: 24 --- 2025-06-05 20:21:16"
[1] "Starting state: 25 --- 2025-06-05 20:21:16"
[1] "Completed state: 25 --- 2025-06-05 20:21:39"
[1] "Starting state: 27 --- 2025-06-05 20:21:39"
[1] "Completed state: 27 --- 2025-06-05 20:22:17"
[1] "Starting state: 28 --- 2025-06-05 20:22:17"
[1] "Completed state: 28 --- 2025-06-05 20:22:41"
[1] "Starting state: 29 --- 2025-06-05 20:22:41"
[1] "Completed state: 29 --- 2025-06-05 20:24:09"
[1] "Starting state: 30 --- 2025-06-05 20:24:09"
[1] "Completed state: 30 --- 2025-06-05 20:24:25"
[1] "Starting state: 32 --- 2025-06-05 20:24:25"
[1] "Completed state: 32 --- 2025-06-05 20:24:39"
[1] "Starting state: 33 --- 2025-06-05 20:24:39"
[1] "Completed state: 33 --- 2025-06-05 20:24:59"
[1] "Starting state: 34 --- 2025-06-05 20:24:59"
[1] "Completed state: 34 --- 2025-06-05 20:25:37"
[1] "Starting state: 35 --- 2025-06-05 20:25:37"
[1] "Completed state: 35 --- 2025-06-05 20:25:53"
[1] "Starting state: 36 --- 2025-06-05 20:25:53"
[1] "Completed state: 36 --- 2025-06-05 20:27:21"
[1] "Starting state: 37 --- 2025-06-05 20:27:21"
[1] "Completed state: 37 --- 2025-06-05 20:28:11"
[1] "Starting state: 38 --- 2025-06-05 20:28:11"
[1] "Completed state: 38 --- 2025-06-05 20:28:36"
[1] "Starting state: 39 --- 2025-06-05 20:28:36"
[1] "Completed state: 39 --- 2025-06-05 20:30:44"
[1] "Starting state: 41 --- 2025-06-05 20:30:44"
[1] "Completed state: 41 --- 2025-06-05 20:31:19"
[1] "Starting state: 42 --- 2025-06-05 20:31:19"
[1] "Completed state: 42 --- 2025-06-05 20:33:35"
[1] "Starting state: 44 --- 2025-06-05 20:33:35"
[1] "Completed state: 44 --- 2025-06-05 20:34:04"
[1] "Starting state: 45 --- 2025-06-05 20:34:04"
[1] "Completed state: 45 --- 2025-06-05 20:34:44"
[1] "Starting state: 48 --- 2025-06-05 20:34:44"
[1] "Completed state: 48 --- 2025-06-05 20:37:49"
[1] "Starting state: 49 --- 2025-06-05 20:37:49"
[1] "Completed state: 49 --- 2025-06-05 20:38:28"
[1] "Starting state: 50 --- 2025-06-05 20:38:28"
[1] "Completed state: 50 --- 2025-06-05 20:39:09"
[1] "Starting state: 51 --- 2025-06-05 20:39:09"
[1] "Completed state: 51 --- 2025-06-05 20:40:05"
[1] "Starting state: 53 --- 2025-06-05 20:40:05"
[1] "Completed state: 53 --- 2025-06-05 20:40:55"
[1] "Starting state: 54 --- 2025-06-05 20:40:55"
[1] "Completed state: 54 --- 2025-06-05 20:41:53"
[1] "Starting state: 55 --- 2025-06-05 20:41:53"
[1] "Completed state: 55 --- 2025-06-05 20:43:15"
[1] "Splitting and Sampling --- 2025-06-05 20:43:27"
[1] "Listing Systems... 2025-06-05 20:43:27"
[1] "Splitting Systems... 2025-06-05 20:43:28"
[1] "Building Training... 2025-06-05 20:43:28"
[1] "Building Testing... 2025-06-05 20:43:40"
[1] "Saving... 2025-06-05 20:43:45"
[1] "Training and Testing Sets Saved! --- 2025-06-05 20:43:47"
[1] "SCRIPT COMPLETE @ 2025-06-05 20:43:48"
