[1] "Starting 01"
[1] "Loading quadkey joins @ 2025-04-25 12:51:29"
[1] "Loading download links @ 2025-04-25 12:51:40"
Reading layer `AL_block_2020' from data source 
  `/work/GRDVULN/census/AL_block_2020.shp' using driver `ESRI Shapefile'
Simple feature collection with 185741 features and 18 fields
Geometry type: MULTIPOLYGON
Dimension:     XY
Bounding box:  xmin: 704900.9 ymin: -789461.8 xmax: 1044913 ymax: -230281.9
Projected CRS: USA_Contiguous_Albers_Equal_Area_Conic
[1] "Downloading Buildings from 46 Quadkeys --- 2025-04-25 12:52:03"
[1] "(46) Files to be Downloaded"
[1] "Loading Buildings @ 2025-04-25 12:52:08"
[1] "Intersecting Buildings & Blocks @ 2025-04-25 12:52:18"
[1] "Completed Quadkey #1 @ 2025-04-25 12:52:20"
[1] "Loading Buildings @ 2025-04-25 12:52:21"
[1] "Intersecting Buildings & Blocks @ 2025-04-25 12:52:25"
[1] "Completed Quadkey #2 @ 2025-04-25 12:52:26"
[1] "Loading Buildings @ 2025-04-25 12:52:27"
[1] "Intersecting Buildings & Blocks @ 2025-04-25 12:52:31"
[1] "Completed Quadkey #3 @ 2025-04-25 12:52:31"
[1] "Loading Buildings @ 2025-04-25 12:52:33"
[1] "Intersecting Buildings & Blocks @ 2025-04-25 12:52:35"
[1] "Completed Quadkey #4 @ 2025-04-25 12:52:36"
[1] "Loading Buildings @ 2025-04-25 12:52:37"
[1] "Intersecting Buildings & Blocks @ 2025-04-25 12:52:41"
[1] "Completed Quadkey #5 @ 2025-04-25 12:52:42"
[1] "Loading Buildings @ 2025-04-25 12:52:43"
[1] "Intersecting Buildings & Blocks @ 2025-04-25 12:52:44"
[1] "Completed Quadkey #6 @ 2025-04-25 12:52:44"
[1] "Loading Buildings @ 2025-04-25 12:52:46"
[1] "Intersecting Buildings & Blocks @ 2025-04-25 12:52:47"
[1] "Completed Quadkey #7 @ 2025-04-25 12:52:47"
[1] "Loading Buildings @ 2025-04-25 12:52:50"
[1] "Intersecting Buildings & Blocks @ 2025-04-25 12:52:51"
[1] "Completed Quadkey #8 @ 2025-04-25 12:52:51"
[1] "Loading Buildings @ 2025-04-25 12:52:53"
[1] "Intersecting Buildings & Blocks @ 2025-04-25 12:52:55"
[1] "Completed Quadkey #9 @ 2025-04-25 12:52:55"
[1] "Loading Buildings @ 2025-04-25 12:52:56"
[1] "Intersecting Buildings & Blocks @ 2025-04-25 12:52:59"
[1] "Completed Quadkey #10 @ 2025-04-25 12:52:59"
[1] "Loading Buildings @ 2025-04-25 12:53:01"
[1] "Intersecting Buildings & Blocks @ 2025-04-25 12:53:05"
[1] "Completed Quadkey #11 @ 2025-04-25 12:53:07"
[1] "Loading Buildings @ 2025-04-25 12:53:09"
[1] "Intersecting Buildings & Blocks @ 2025-04-25 12:53:12"
[1] "Completed Quadkey #12 @ 2025-04-25 12:53:13"
[1] "Loading Buildings @ 2025-04-25 12:53:16"
[1] "Intersecting Buildings & Blocks @ 2025-04-25 12:53:25"
[1] "Completed Quadkey #13 @ 2025-04-25 12:53:30"
[1] "Loading Buildings @ 2025-04-25 12:53:31"
[1] "Intersecting Buildings & Blocks @ 2025-04-25 12:53:34"
[1] "Completed Quadkey #14 @ 2025-04-25 12:53:34"
[1] "Loading Buildings @ 2025-04-25 12:53:37"
[1] "Intersecting Buildings & Blocks @ 2025-04-25 12:53:40"
[1] "Completed Quadkey #15 @ 2025-04-25 12:53:43"
[1] "Loading Buildings @ 2025-04-25 12:53:47"
[1] "Intersecting Buildings & Blocks @ 2025-04-25 12:53:54"
[1] "Completed Quadkey #16 @ 2025-04-25 12:53:54"
[1] "Loading Buildings @ 2025-04-25 12:53:56"
[1] "Intersecting Buildings & Blocks @ 2025-04-25 12:53:58"
[1] "Completed Quadkey #17 @ 2025-04-25 12:53:58"
[1] "Loading Buildings @ 2025-04-25 12:54:00"
[1] "Intersecting Buildings & Blocks @ 2025-04-25 12:54:02"
[1] "Completed Quadkey #18 @ 2025-04-25 12:54:03"
[1] "Loading Buildings @ 2025-04-25 12:54:04"
[1] "Intersecting Buildings & Blocks @ 2025-04-25 12:54:05"
[1] "Completed Quadkey #19 @ 2025-04-25 12:54:05"
[1] "Loading Buildings @ 2025-04-25 12:54:07"
[1] "Intersecting Buildings & Blocks @ 2025-04-25 12:54:07"
[1] "Completed Quadkey #20 @ 2025-04-25 12:54:08"
[1] "Loading Buildings @ 2025-04-25 12:54:09"
[1] "Intersecting Buildings & Blocks @ 2025-04-25 12:54:10"
[1] "Completed Quadkey #21 @ 2025-04-25 12:54:11"
[1] "Loading Buildings @ 2025-04-25 12:54:12"
[1] "Intersecting Buildings & Blocks @ 2025-04-25 12:54:15"
[1] "Completed Quadkey #22 @ 2025-04-25 12:54:17"
[1] "Loading Buildings @ 2025-04-25 12:54:20"
[1] "Intersecting Buildings & Blocks @ 2025-04-25 12:54:25"
[1] "Completed Quadkey #23 @ 2025-04-25 12:54:29"
[1] "Loading Buildings @ 2025-04-25 12:54:30"
[1] "Intersecting Buildings & Blocks @ 2025-04-25 12:54:32"
[1] "Completed Quadkey #24 @ 2025-04-25 12:54:34"
[1] "Loading Buildings @ 2025-04-25 12:54:36"
[1] "Intersecting Buildings & Blocks @ 2025-04-25 12:54:39"
[1] "Completed Quadkey #25 @ 2025-04-25 12:54:43"
[1] "Loading Buildings @ 2025-04-25 12:54:44"
[1] "Intersecting Buildings & Blocks @ 2025-04-25 12:54:45"
[1] "Completed Quadkey #26 @ 2025-04-25 12:54:47"
[1] "Loading Buildings @ 2025-04-25 12:54:48"
[1] "Intersecting Buildings & Blocks @ 2025-04-25 12:54:49"
[1] "Completed Quadkey #27 @ 2025-04-25 12:54:50"
[1] "Loading Buildings @ 2025-04-25 12:54:51"
[1] "Intersecting Buildings & Blocks @ 2025-04-25 12:54:52"
[1] "Completed Quadkey #28 @ 2025-04-25 12:54:55"
[1] "Loading Buildings @ 2025-04-25 12:54:56"
[1] "Intersecting Buildings & Blocks @ 2025-04-25 12:54:58"
[1] "Completed Quadkey #29 @ 2025-04-25 12:54:59"
[1] "Loading Buildings @ 2025-04-25 12:55:00"
[1] "Intersecting Buildings & Blocks @ 2025-04-25 12:55:04"
[1] "Completed Quadkey #30 @ 2025-04-25 12:55:08"
[1] "Loading Buildings @ 2025-04-25 12:55:12"
[1] "Intersecting Buildings & Blocks @ 2025-04-25 12:55:26"
[1] "Completed Quadkey #31 @ 2025-04-25 12:55:36"
[1] "Loading Buildings @ 2025-04-25 12:55:38"
[1] "Intersecting Buildings & Blocks @ 2025-04-25 12:55:40"
[1] "Completed Quadkey #32 @ 2025-04-25 12:55:42"
[1] "Loading Buildings @ 2025-04-25 12:55:43"
[1] "Intersecting Buildings & Blocks @ 2025-04-25 12:55:45"
[1] "Completed Quadkey #33 @ 2025-04-25 12:55:46"
[1] "Loading Buildings @ 2025-04-25 12:55:48"
[1] "Intersecting Buildings & Blocks @ 2025-04-25 12:55:49"
[1] "Completed Quadkey #34 @ 2025-04-25 12:55:50"
[1] "Loading Buildings @ 2025-04-25 12:55:53"
[1] "Intersecting Buildings & Blocks @ 2025-04-25 12:55:54"
[1] "Completed Quadkey #35 @ 2025-04-25 12:55:55"
[1] "Loading Buildings @ 2025-04-25 12:55:58"
[1] "Intersecting Buildings & Blocks @ 2025-04-25 12:56:05"
[1] "Completed Quadkey #36 @ 2025-04-25 12:56:10"
[1] "Loading Buildings @ 2025-04-25 12:56:11"
[1] "Intersecting Buildings & Blocks @ 2025-04-25 12:56:15"
[1] "Completed Quadkey #37 @ 2025-04-25 12:56:19"
[1] "Loading Buildings @ 2025-04-25 12:56:20"
[1] "Intersecting Buildings & Blocks @ 2025-04-25 12:56:23"
[1] "Completed Quadkey #38 @ 2025-04-25 12:56:27"
[1] "Loading Buildings @ 2025-04-25 12:56:28"
[1] "Intersecting Buildings & Blocks @ 2025-04-25 12:56:36"
[1] "Completed Quadkey #39 @ 2025-04-25 12:56:40"
[1] "Loading Buildings @ 2025-04-25 12:56:42"
[1] "Intersecting Buildings & Blocks @ 2025-04-25 12:56:44"
[1] "Completed Quadkey #40 @ 2025-04-25 12:56:46"
[1] "Loading Buildings @ 2025-04-25 12:56:47"
[1] "Intersecting Buildings & Blocks @ 2025-04-25 12:56:52"
[1] "Completed Quadkey #41 @ 2025-04-25 12:56:54"
[1] "Loading Buildings @ 2025-04-25 12:56:55"
[1] "Intersecting Buildings & Blocks @ 2025-04-25 12:56:58"
[1] "Completed Quadkey #42 @ 2025-04-25 12:56:59"
[1] "Loading Buildings @ 2025-04-25 12:57:03"
[1] "Intersecting Buildings & Blocks @ 2025-04-25 12:57:07"
[1] "Completed Quadkey #43 @ 2025-04-25 12:57:10"
[1] "Loading Buildings @ 2025-04-25 12:57:12"
[1] "Intersecting Buildings & Blocks @ 2025-04-25 12:57:13"
[1] "Completed Quadkey #44 @ 2025-04-25 12:57:17"
[1] "Loading Buildings @ 2025-04-25 12:57:19"
[1] "Intersecting Buildings & Blocks @ 2025-04-25 12:57:20"
[1] "Completed Quadkey #45 @ 2025-04-25 12:57:23"
[1] "Loading Buildings @ 2025-04-25 12:57:30"
[1] "Intersecting Buildings & Blocks @ 2025-04-25 12:57:34"
[1] "Completed Quadkey #46 @ 2025-04-25 12:57:38"
[1] "Calculating Weights @ 2025-04-25 12:57:38"
[1] "SCRIPT COMPLETE @ 2025-04-25 12:57:46"
