[1] "Starting 02"
[1] "Loading quadkey joins @ 2025-04-25 12:51:31"
[1] "Loading download links @ 2025-04-25 12:51:42"
Reading layer `AK_block_2020' from data source 
  `/work/GRDVULN/census/AK_block_2020.shp' using driver `ESRI Shapefile'
Simple feature collection with 21741 features and 18 fields
Geometry type: MULTIPOLYGON
Dimension:     XY
Bounding box:  xmin: -5440149 ymin: 2322844 xmax: -2201474 ymax: 4591848
Projected CRS: USA_Contiguous_Albers_Equal_Area_Conic
[1] "Downloading Buildings from 16 Quadkeys --- 2025-04-25 12:52:18"
[1] "(16) Files to be Downloaded"
[1] "Loading Buildings @ 2025-04-25 12:52:18"
[1] "Intersecting Buildings & Blocks @ 2025-04-25 12:52:18"
[1] "Completed Quadkey #1 @ 2025-04-25 12:52:18"
[1] "Loading Buildings @ 2025-04-25 12:52:19"
[1] "Intersecting Buildings & Blocks @ 2025-04-25 12:52:20"
[1] "Completed Quadkey #2 @ 2025-04-25 12:52:20"
[1] "Loading Buildings @ 2025-04-25 12:52:20"
[1] "Intersecting Buildings & Blocks @ 2025-04-25 12:52:20"
[1] "Completed Quadkey #3 @ 2025-04-25 12:52:20"
[1] "Loading Buildings @ 2025-04-25 12:52:21"
[1] "Intersecting Buildings & Blocks @ 2025-04-25 12:52:21"
[1] "Completed Quadkey #4 @ 2025-04-25 12:52:22"
[1] "Loading Buildings @ 2025-04-25 12:52:23"
[1] "Intersecting Buildings & Blocks @ 2025-04-25 12:52:23"
[1] "Completed Quadkey #5 @ 2025-04-25 12:52:23"
[1] "Loading Buildings @ 2025-04-25 12:52:24"
[1] "Intersecting Buildings & Blocks @ 2025-04-25 12:52:25"
[1] "Completed Quadkey #6 @ 2025-04-25 12:52:26"
[1] "Loading Buildings @ 2025-04-25 12:52:27"
[1] "Intersecting Buildings & Blocks @ 2025-04-25 12:52:27"
[1] "Completed Quadkey #7 @ 2025-04-25 12:52:28"
[1] "Loading Buildings @ 2025-04-25 12:52:28"
[1] "Intersecting Buildings & Blocks @ 2025-04-25 12:52:28"
[1] "Completed Quadkey #8 @ 2025-04-25 12:52:28"
[1] "Loading Buildings @ 2025-04-25 12:52:28"
[1] "Intersecting Buildings & Blocks @ 2025-04-25 12:52:29"
[1] "Completed Quadkey #9 @ 2025-04-25 12:52:29"
[1] "Loading Buildings @ 2025-04-25 12:52:29"
[1] "Intersecting Buildings & Blocks @ 2025-04-25 12:52:29"
[1] "Completed Quadkey #10 @ 2025-04-25 12:52:29"
[1] "Loading Buildings @ 2025-04-25 12:52:30"
[1] "Intersecting Buildings & Blocks @ 2025-04-25 12:52:31"
[1] "Completed Quadkey #11 @ 2025-04-25 12:52:31"
[1] "Loading Buildings @ 2025-04-25 12:52:31"
[1] "Intersecting Buildings & Blocks @ 2025-04-25 12:52:31"
[1] "Completed Quadkey #12 @ 2025-04-25 12:52:32"
[1] "Loading Buildings @ 2025-04-25 12:52:32"
[1] "Intersecting Buildings & Blocks @ 2025-04-25 12:52:32"
[1] "Completed Quadkey #13 @ 2025-04-25 12:52:32"
[1] "Loading Buildings @ 2025-04-25 12:52:33"
[1] "Intersecting Buildings & Blocks @ 2025-04-25 12:52:33"
[1] "Completed Quadkey #14 @ 2025-04-25 12:52:33"
[1] "Loading Buildings @ 2025-04-25 12:52:34"
[1] "Intersecting Buildings & Blocks @ 2025-04-25 12:52:34"
[1] "Completed Quadkey #15 @ 2025-04-25 12:52:34"
[1] "Loading Buildings @ 2025-04-25 12:52:34"
[1] "Intersecting Buildings & Blocks @ 2025-04-25 12:52:34"
[1] "Completed Quadkey #16 @ 2025-04-25 12:52:34"
[1] "Calculating Weights @ 2025-04-25 12:52:34"
[1] "SCRIPT COMPLETE @ 2025-04-25 12:52:35"
