[1] "Starting 04"
[1] "Loading quadkey joins @ 2025-04-25 12:51:35"
[1] "Loading download links @ 2025-04-25 12:51:45"
Reading layer `AZ_block_2020' from data source 
  `/work/GRDVULN/census/AZ_block_2020.shp' using driver `ESRI Shapefile'
Simple feature collection with 155444 features and 18 fields
Geometry type: POLYGON
Dimension:     XY
Bounding box:  xmin: -1746920 ymin: -604516.5 xmax: -1146477 ymax: 94665.3
Projected CRS: USA_Contiguous_Albers_Equal_Area_Conic
[1] "Downloading Buildings from 88 Quadkeys --- 2025-04-25 12:52:21"
[1] "(88) Files to be Downloaded"
[1] "Loading Buildings @ 2025-04-25 12:52:21"
[1] "Intersecting Buildings & Blocks @ 2025-04-25 12:52:22"
[1] "Completed Quadkey #1 @ 2025-04-25 12:52:22"
[1] "Loading Buildings @ 2025-04-25 12:52:23"
[1] "Intersecting Buildings & Blocks @ 2025-04-25 12:52:25"
[1] "Completed Quadkey #2 @ 2025-04-25 12:52:25"
[1] "Loading Buildings @ 2025-04-25 12:52:26"
[1] "Intersecting Buildings & Blocks @ 2025-04-25 12:52:26"
[1] "Completed Quadkey #3 @ 2025-04-25 12:52:26"
[1] "Loading Buildings @ 2025-04-25 12:52:26"
[1] "Intersecting Buildings & Blocks @ 2025-04-25 12:52:26"
[1] "Completed Quadkey #4 @ 2025-04-25 12:52:26"
[1] "Loading Buildings @ 2025-04-25 12:52:27"
[1] "Intersecting Buildings & Blocks @ 2025-04-25 12:52:29"
[1] "Completed Quadkey #5 @ 2025-04-25 12:52:29"
[1] "Loading Buildings @ 2025-04-25 12:52:30"
[1] "Intersecting Buildings & Blocks @ 2025-04-25 12:52:30"
[1] "Completed Quadkey #6 @ 2025-04-25 12:52:30"
[1] "Loading Buildings @ 2025-04-25 12:52:32"
[1] "Intersecting Buildings & Blocks @ 2025-04-25 12:52:32"
[1] "Completed Quadkey #7 @ 2025-04-25 12:52:32"
[1] "Loading Buildings @ 2025-04-25 12:52:33"
[1] "Intersecting Buildings & Blocks @ 2025-04-25 12:52:34"
[1] "Completed Quadkey #8 @ 2025-04-25 12:52:34"
[1] "Loading Buildings @ 2025-04-25 12:52:35"
[1] "Intersecting Buildings & Blocks @ 2025-04-25 12:52:40"
[1] "Completed Quadkey #9 @ 2025-04-25 12:52:40"
[1] "Loading Buildings @ 2025-04-25 12:52:41"
[1] "Intersecting Buildings & Blocks @ 2025-04-25 12:52:42"
[1] "Completed Quadkey #10 @ 2025-04-25 12:52:43"
[1] "Loading Buildings @ 2025-04-25 12:52:44"
[1] "Intersecting Buildings & Blocks @ 2025-04-25 12:52:45"
[1] "Completed Quadkey #11 @ 2025-04-25 12:52:46"
[1] "Loading Buildings @ 2025-04-25 12:52:50"
[1] "Intersecting Buildings & Blocks @ 2025-04-25 12:52:52"
[1] "Completed Quadkey #12 @ 2025-04-25 12:52:53"
[1] "Loading Buildings @ 2025-04-25 12:52:54"
[1] "Intersecting Buildings & Blocks @ 2025-04-25 12:52:54"
[1] "Completed Quadkey #13 @ 2025-04-25 12:52:54"
[1] "Loading Buildings @ 2025-04-25 12:52:56"
[1] "Intersecting Buildings & Blocks @ 2025-04-25 12:52:59"
[1] "Completed Quadkey #14 @ 2025-04-25 12:52:59"
[1] "Loading Buildings @ 2025-04-25 12:52:59"
[1] "Intersecting Buildings & Blocks @ 2025-04-25 12:53:00"
[1] "Completed Quadkey #15 @ 2025-04-25 12:53:00"
[1] "Loading Buildings @ 2025-04-25 12:53:00"
[1] "Intersecting Buildings & Blocks @ 2025-04-25 12:53:00"
[1] "Completed Quadkey #16 @ 2025-04-25 12:53:00"
[1] "Loading Buildings @ 2025-04-25 12:53:01"
[1] "Intersecting Buildings & Blocks @ 2025-04-25 12:53:01"
[1] "Completed Quadkey #17 @ 2025-04-25 12:53:02"
[1] "Loading Buildings @ 2025-04-25 12:53:03"
[1] "Intersecting Buildings & Blocks @ 2025-04-25 12:53:03"
[1] "Completed Quadkey #18 @ 2025-04-25 12:53:03"
[1] "Loading Buildings @ 2025-04-25 12:53:04"
[1] "Intersecting Buildings & Blocks @ 2025-04-25 12:53:04"
[1] "Completed Quadkey #19 @ 2025-04-25 12:53:04"
[1] "Loading Buildings @ 2025-04-25 12:53:05"
[1] "Intersecting Buildings & Blocks @ 2025-04-25 12:53:05"
[1] "Completed Quadkey #20 @ 2025-04-25 12:53:05"
[1] "Loading Buildings @ 2025-04-25 12:53:13"
[1] "Intersecting Buildings & Blocks @ 2025-04-25 12:53:35"
[1] "Completed Quadkey #21 @ 2025-04-25 12:53:36"
[1] "Loading Buildings @ 2025-04-25 12:53:36"
[1] "Intersecting Buildings & Blocks @ 2025-04-25 12:53:36"
[1] "Completed Quadkey #22 @ 2025-04-25 12:53:37"
[1] "Loading Buildings @ 2025-04-25 12:53:38"
[1] "Intersecting Buildings & Blocks @ 2025-04-25 12:53:38"
[1] "Completed Quadkey #23 @ 2025-04-25 12:53:38"
[1] "Loading Buildings @ 2025-04-25 12:53:39"
[1] "Intersecting Buildings & Blocks @ 2025-04-25 12:53:39"
[1] "Completed Quadkey #24 @ 2025-04-25 12:53:40"
[1] "Loading Buildings @ 2025-04-25 12:53:40"
[1] "Intersecting Buildings & Blocks @ 2025-04-25 12:53:40"
[1] "Completed Quadkey #25 @ 2025-04-25 12:53:40"
[1] "Loading Buildings @ 2025-04-25 12:53:41"
[1] "Intersecting Buildings & Blocks @ 2025-04-25 12:53:41"
[1] "Completed Quadkey #26 @ 2025-04-25 12:53:41"
[1] "Loading Buildings @ 2025-04-25 12:53:41"
[1] "Intersecting Buildings & Blocks @ 2025-04-25 12:53:41"
[1] "Completed Quadkey #27 @ 2025-04-25 12:53:41"
[1] "Loading Buildings @ 2025-04-25 12:53:42"
[1] "Intersecting Buildings & Blocks @ 2025-04-25 12:53:42"
[1] "Completed Quadkey #28 @ 2025-04-25 12:53:42"
[1] "Loading Buildings @ 2025-04-25 12:53:43"
[1] "Intersecting Buildings & Blocks @ 2025-04-25 12:53:43"
[1] "Completed Quadkey #29 @ 2025-04-25 12:53:43"
[1] "Loading Buildings @ 2025-04-25 12:53:43"
[1] "Intersecting Buildings & Blocks @ 2025-04-25 12:53:43"
[1] "Completed Quadkey #30 @ 2025-04-25 12:53:43"
[1] "Loading Buildings @ 2025-04-25 12:53:44"
[1] "Intersecting Buildings & Blocks @ 2025-04-25 12:53:44"
[1] "Completed Quadkey #31 @ 2025-04-25 12:53:44"
[1] "Loading Buildings @ 2025-04-25 12:53:44"
[1] "Intersecting Buildings & Blocks @ 2025-04-25 12:53:44"
[1] "Completed Quadkey #32 @ 2025-04-25 12:53:45"
[1] "Loading Buildings @ 2025-04-25 12:53:45"
[1] "Intersecting Buildings & Blocks @ 2025-04-25 12:53:45"
[1] "Completed Quadkey #33 @ 2025-04-25 12:53:45"
[1] "Loading Buildings @ 2025-04-25 12:53:46"
[1] "Intersecting Buildings & Blocks @ 2025-04-25 12:53:46"
[1] "Completed Quadkey #34 @ 2025-04-25 12:53:46"
[1] "Loading Buildings @ 2025-04-25 12:53:47"
[1] "Intersecting Buildings & Blocks @ 2025-04-25 12:53:47"
[1] "Completed Quadkey #35 @ 2025-04-25 12:53:47"
[1] "Loading Buildings @ 2025-04-25 12:53:48"
[1] "Intersecting Buildings & Blocks @ 2025-04-25 12:53:48"
[1] "Completed Quadkey #36 @ 2025-04-25 12:53:48"
[1] "Loading Buildings @ 2025-04-25 12:53:49"
[1] "Intersecting Buildings & Blocks @ 2025-04-25 12:53:51"
[1] "Completed Quadkey #37 @ 2025-04-25 12:53:52"
[1] "Loading Buildings @ 2025-04-25 12:53:52"
[1] "Intersecting Buildings & Blocks @ 2025-04-25 12:53:53"
[1] "Completed Quadkey #38 @ 2025-04-25 12:53:53"
[1] "Loading Buildings @ 2025-04-25 12:53:54"
[1] "Intersecting Buildings & Blocks @ 2025-04-25 12:53:55"
[1] "Completed Quadkey #39 @ 2025-04-25 12:53:55"
[1] "Loading Buildings @ 2025-04-25 12:53:56"
[1] "Intersecting Buildings & Blocks @ 2025-04-25 12:53:57"
[1] "Completed Quadkey #40 @ 2025-04-25 12:53:57"
[1] "Loading Buildings @ 2025-04-25 12:53:59"
[1] "Intersecting Buildings & Blocks @ 2025-04-25 12:54:00"
[1] "Completed Quadkey #41 @ 2025-04-25 12:54:00"
[1] "Loading Buildings @ 2025-04-25 12:54:01"
[1] "Intersecting Buildings & Blocks @ 2025-04-25 12:54:01"
[1] "Completed Quadkey #42 @ 2025-04-25 12:54:02"
[1] "Loading Buildings @ 2025-04-25 12:54:02"
[1] "Intersecting Buildings & Blocks @ 2025-04-25 12:54:02"
[1] "Completed Quadkey #43 @ 2025-04-25 12:54:02"
[1] "Loading Buildings @ 2025-04-25 12:54:02"
[1] "Intersecting Buildings & Blocks @ 2025-04-25 12:54:02"
[1] "Completed Quadkey #44 @ 2025-04-25 12:54:03"
[1] "Loading Buildings @ 2025-04-25 12:54:10"
[1] "Intersecting Buildings & Blocks @ 2025-04-25 12:55:00"
[1] "Completed Quadkey #45 @ 2025-04-25 12:55:16"
[1] "Loading Buildings @ 2025-04-25 12:55:18"
[1] "Intersecting Buildings & Blocks @ 2025-04-25 12:55:19"
[1] "Completed Quadkey #46 @ 2025-04-25 12:55:21"
[1] "Loading Buildings @ 2025-04-25 12:55:22"
[1] "Intersecting Buildings & Blocks @ 2025-04-25 12:55:26"
[1] "Completed Quadkey #47 @ 2025-04-25 12:55:29"
[1] "Loading Buildings @ 2025-04-25 12:55:30"
[1] "Intersecting Buildings & Blocks @ 2025-04-25 12:55:33"
[1] "Completed Quadkey #48 @ 2025-04-25 12:55:37"
[1] "Loading Buildings @ 2025-04-25 12:55:39"
[1] "Intersecting Buildings & Blocks @ 2025-04-25 12:55:42"
[1] "Completed Quadkey #49 @ 2025-04-25 12:55:47"
[1] "Loading Buildings @ 2025-04-25 12:55:48"
[1] "Intersecting Buildings & Blocks @ 2025-04-25 12:55:48"
[1] "Completed Quadkey #50 @ 2025-04-25 12:55:50"
[1] "Loading Buildings @ 2025-04-25 12:55:53"
[1] "Intersecting Buildings & Blocks @ 2025-04-25 12:56:09"
[1] "Completed Quadkey #51 @ 2025-04-25 12:56:17"
[1] "Loading Buildings @ 2025-04-25 12:56:18"
[1] "Intersecting Buildings & Blocks @ 2025-04-25 12:56:18"
[1] "Completed Quadkey #52 @ 2025-04-25 12:56:19"
[1] "Loading Buildings @ 2025-04-25 12:56:19"
[1] "Intersecting Buildings & Blocks @ 2025-04-25 12:56:20"
[1] "Completed Quadkey #53 @ 2025-04-25 12:56:21"
[1] "Loading Buildings @ 2025-04-25 12:56:22"
[1] "Intersecting Buildings & Blocks @ 2025-04-25 12:56:22"
[1] "Completed Quadkey #54 @ 2025-04-25 12:56:23"
[1] "Loading Buildings @ 2025-04-25 12:56:25"
[1] "Intersecting Buildings & Blocks @ 2025-04-25 12:56:26"
[1] "Completed Quadkey #55 @ 2025-04-25 12:56:29"
[1] "Loading Buildings @ 2025-04-25 12:56:31"
[1] "Intersecting Buildings & Blocks @ 2025-04-25 12:56:43"
[1] "Completed Quadkey #56 @ 2025-04-25 12:56:55"
[1] "Loading Buildings @ 2025-04-25 12:56:56"
[1] "Intersecting Buildings & Blocks @ 2025-04-25 12:56:57"
[1] "Completed Quadkey #57 @ 2025-04-25 12:57:00"
[1] "Loading Buildings @ 2025-04-25 12:57:03"
[1] "Intersecting Buildings & Blocks @ 2025-04-25 12:57:04"
[1] "Completed Quadkey #58 @ 2025-04-25 12:57:08"
[1] "Loading Buildings @ 2025-04-25 12:57:11"
[1] "Intersecting Buildings & Blocks @ 2025-04-25 12:57:11"
[1] "Completed Quadkey #59 @ 2025-04-25 12:57:12"
[1] "Loading Buildings @ 2025-04-25 12:57:15"
[1] "Intersecting Buildings & Blocks @ 2025-04-25 12:57:19"
[1] "Completed Quadkey #60 @ 2025-04-25 12:57:21"
[1] "Loading Buildings @ 2025-04-25 12:57:22"
[1] "Intersecting Buildings & Blocks @ 2025-04-25 12:57:23"
[1] "Completed Quadkey #61 @ 2025-04-25 12:57:25"
[1] "Loading Buildings @ 2025-04-25 12:57:25"
[1] "Intersecting Buildings & Blocks @ 2025-04-25 12:57:25"
[1] "Completed Quadkey #62 @ 2025-04-25 12:57:27"
[1] "Loading Buildings @ 2025-04-25 12:57:28"
[1] "Intersecting Buildings & Blocks @ 2025-04-25 12:57:28"
[1] "Completed Quadkey #63 @ 2025-04-25 12:57:30"
[1] "Loading Buildings @ 2025-04-25 12:57:30"
[1] "Intersecting Buildings & Blocks @ 2025-04-25 12:57:30"
[1] "Completed Quadkey #64 @ 2025-04-25 12:57:31"
[1] "Loading Buildings @ 2025-04-25 12:57:33"
[1] "Intersecting Buildings & Blocks @ 2025-04-25 12:57:33"
[1] "Completed Quadkey #65 @ 2025-04-25 12:57:35"
[1] "Loading Buildings @ 2025-04-25 12:57:37"
[1] "Intersecting Buildings & Blocks @ 2025-04-25 12:57:38"
[1] "Completed Quadkey #66 @ 2025-04-25 12:57:41"
[1] "Loading Buildings @ 2025-04-25 12:57:41"
[1] "Intersecting Buildings & Blocks @ 2025-04-25 12:57:41"
[1] "Completed Quadkey #67 @ 2025-04-25 12:57:43"
[1] "Loading Buildings @ 2025-04-25 12:57:44"
[1] "Intersecting Buildings & Blocks @ 2025-04-25 12:57:44"
[1] "Completed Quadkey #68 @ 2025-04-25 12:57:46"
[1] "Loading Buildings @ 2025-04-25 12:57:47"
[1] "Intersecting Buildings & Blocks @ 2025-04-25 12:57:48"
[1] "Completed Quadkey #69 @ 2025-04-25 12:57:49"
[1] "Loading Buildings @ 2025-04-25 12:57:50"
[1] "Intersecting Buildings & Blocks @ 2025-04-25 12:57:50"
[1] "Completed Quadkey #70 @ 2025-04-25 12:57:52"
[1] "Loading Buildings @ 2025-04-25 12:57:54"
[1] "Intersecting Buildings & Blocks @ 2025-04-25 12:57:54"
[1] "Completed Quadkey #71 @ 2025-04-25 12:57:57"
[1] "Loading Buildings @ 2025-04-25 12:57:57"
[1] "Intersecting Buildings & Blocks @ 2025-04-25 12:57:57"
[1] "Completed Quadkey #72 @ 2025-04-25 12:57:59"
[1] "Loading Buildings @ 2025-04-25 12:57:59"
[1] "Intersecting Buildings & Blocks @ 2025-04-25 12:57:59"
[1] "Completed Quadkey #73 @ 2025-04-25 12:58:01"
[1] "Loading Buildings @ 2025-04-25 12:58:02"
[1] "Intersecting Buildings & Blocks @ 2025-04-25 12:58:02"
[1] "Completed Quadkey #74 @ 2025-04-25 12:58:04"
[1] "Loading Buildings @ 2025-04-25 12:58:04"
[1] "Intersecting Buildings & Blocks @ 2025-04-25 12:58:04"
[1] "Completed Quadkey #75 @ 2025-04-25 12:58:05"
[1] "Loading Buildings @ 2025-04-25 12:58:06"
[1] "Intersecting Buildings & Blocks @ 2025-04-25 12:58:06"
[1] "Completed Quadkey #76 @ 2025-04-25 12:58:07"
[1] "Loading Buildings @ 2025-04-25 12:58:09"
[1] "Intersecting Buildings & Blocks @ 2025-04-25 12:58:10"
[1] "Completed Quadkey #77 @ 2025-04-25 12:58:12"
[1] "Loading Buildings @ 2025-04-25 12:58:13"
[1] "Intersecting Buildings & Blocks @ 2025-04-25 12:58:14"
[1] "Completed Quadkey #78 @ 2025-04-25 12:58:16"
[1] "Loading Buildings @ 2025-04-25 12:58:18"
[1] "Intersecting Buildings & Blocks @ 2025-04-25 12:58:18"
[1] "Completed Quadkey #79 @ 2025-04-25 12:58:22"
[1] "Loading Buildings @ 2025-04-25 12:58:23"
[1] "Intersecting Buildings & Blocks @ 2025-04-25 12:58:23"
[1] "Completed Quadkey #80 @ 2025-04-25 12:58:24"
[1] "Loading Buildings @ 2025-04-25 12:58:25"
[1] "Intersecting Buildings & Blocks @ 2025-04-25 12:58:25"
[1] "Completed Quadkey #81 @ 2025-04-25 12:58:27"
[1] "Loading Buildings @ 2025-04-25 12:58:28"
[1] "Intersecting Buildings & Blocks @ 2025-04-25 12:58:28"
[1] "Completed Quadkey #82 @ 2025-04-25 12:58:29"
[1] "Loading Buildings @ 2025-04-25 12:58:30"
[1] "Intersecting Buildings & Blocks @ 2025-04-25 12:58:30"
[1] "Completed Quadkey #83 @ 2025-04-25 12:58:31"
[1] "Loading Buildings @ 2025-04-25 12:58:32"
[1] "Intersecting Buildings & Blocks @ 2025-04-25 12:58:32"
[1] "Completed Quadkey #84 @ 2025-04-25 12:58:34"
[1] "Loading Buildings @ 2025-04-25 12:58:35"
[1] "Intersecting Buildings & Blocks @ 2025-04-25 12:58:35"
[1] "Completed Quadkey #85 @ 2025-04-25 12:58:36"
[1] "Loading Buildings @ 2025-04-25 12:58:37"
[1] "Intersecting Buildings & Blocks @ 2025-04-25 12:58:37"
[1] "Completed Quadkey #86 @ 2025-04-25 12:58:39"
[1] "Loading Buildings @ 2025-04-25 12:58:40"
[1] "Intersecting Buildings & Blocks @ 2025-04-25 12:58:40"
[1] "Completed Quadkey #87 @ 2025-04-25 12:58:41"
[1] "Loading Buildings @ 2025-04-25 12:58:42"
[1] "Intersecting Buildings & Blocks @ 2025-04-25 12:58:42"
[1] "Completed Quadkey #88 @ 2025-04-25 12:58:45"
[1] "Calculating Weights @ 2025-04-25 12:58:45"
[1] "SCRIPT COMPLETE @ 2025-04-25 12:58:48"
