[1] "Starting 05"
[1] "Loading quadkey joins @ 2025-04-25 12:51:42"
[1] "Loading download links @ 2025-04-25 12:51:53"
Reading layer `AR_block_2020' from data source 
  `/work/GRDVULN/census/AR_block_2020.shp' using driver `ESRI Shapefile'
Simple feature collection with 136422 features and 18 fields
Geometry type: POLYGON
Dimension:     XY
Bounding box:  xmin: 122661.6 ymin: -499471.8 xmax: 568407.1 ymax: -96311.01
Projected CRS: USA_Contiguous_Albers_Equal_Area_Conic
[1] "Downloading Buildings from 46 Quadkeys --- 2025-04-25 12:52:17"
[1] "(46) Files to be Downloaded"
[1] "Loading Buildings @ 2025-04-25 12:52:19"
[1] "Intersecting Buildings & Blocks @ 2025-04-25 12:52:21"
[1] "Completed Quadkey #1 @ 2025-04-25 12:52:21"
[1] "Loading Buildings @ 2025-04-25 12:52:23"
[1] "Intersecting Buildings & Blocks @ 2025-04-25 12:52:25"
[1] "Completed Quadkey #2 @ 2025-04-25 12:52:25"
[1] "Loading Buildings @ 2025-04-25 12:52:27"
[1] "Intersecting Buildings & Blocks @ 2025-04-25 12:52:28"
[1] "Completed Quadkey #3 @ 2025-04-25 12:52:28"
[1] "Loading Buildings @ 2025-04-25 12:52:29"
[1] "Intersecting Buildings & Blocks @ 2025-04-25 12:52:30"
[1] "Completed Quadkey #4 @ 2025-04-25 12:52:30"
[1] "Loading Buildings @ 2025-04-25 12:52:32"
[1] "Intersecting Buildings & Blocks @ 2025-04-25 12:52:32"
[1] "Completed Quadkey #5 @ 2025-04-25 12:52:32"
[1] "Loading Buildings @ 2025-04-25 12:52:34"
[1] "Intersecting Buildings & Blocks @ 2025-04-25 12:52:35"
[1] "Completed Quadkey #6 @ 2025-04-25 12:52:36"
[1] "Loading Buildings @ 2025-04-25 12:52:37"
[1] "Intersecting Buildings & Blocks @ 2025-04-25 12:52:41"
[1] "Completed Quadkey #7 @ 2025-04-25 12:52:42"
[1] "Loading Buildings @ 2025-04-25 12:52:43"
[1] "Intersecting Buildings & Blocks @ 2025-04-25 12:52:50"
[1] "Completed Quadkey #8 @ 2025-04-25 12:52:52"
[1] "Loading Buildings @ 2025-04-25 12:52:54"
[1] "Intersecting Buildings & Blocks @ 2025-04-25 12:52:56"
[1] "Completed Quadkey #9 @ 2025-04-25 12:52:56"
[1] "Loading Buildings @ 2025-04-25 12:52:59"
[1] "Intersecting Buildings & Blocks @ 2025-04-25 12:53:01"
[1] "Completed Quadkey #10 @ 2025-04-25 12:53:03"
[1] "Loading Buildings @ 2025-04-25 12:53:04"
[1] "Intersecting Buildings & Blocks @ 2025-04-25 12:53:05"
[1] "Completed Quadkey #11 @ 2025-04-25 12:53:06"
[1] "Loading Buildings @ 2025-04-25 12:53:07"
[1] "Intersecting Buildings & Blocks @ 2025-04-25 12:53:08"
[1] "Completed Quadkey #12 @ 2025-04-25 12:53:09"
[1] "Loading Buildings @ 2025-04-25 12:53:11"
[1] "Intersecting Buildings & Blocks @ 2025-04-25 12:53:12"
[1] "Completed Quadkey #13 @ 2025-04-25 12:53:14"
[1] "Loading Buildings @ 2025-04-25 12:53:15"
[1] "Intersecting Buildings & Blocks @ 2025-04-25 12:53:17"
[1] "Completed Quadkey #14 @ 2025-04-25 12:53:17"
[1] "Loading Buildings @ 2025-04-25 12:53:19"
[1] "Intersecting Buildings & Blocks @ 2025-04-25 12:53:20"
[1] "Completed Quadkey #15 @ 2025-04-25 12:53:20"
[1] "Loading Buildings @ 2025-04-25 12:53:21"
[1] "Intersecting Buildings & Blocks @ 2025-04-25 12:53:24"
[1] "Completed Quadkey #16 @ 2025-04-25 12:53:25"
[1] "Loading Buildings @ 2025-04-25 12:53:26"
[1] "Intersecting Buildings & Blocks @ 2025-04-25 12:53:29"
[1] "Completed Quadkey #17 @ 2025-04-25 12:53:30"
[1] "Loading Buildings @ 2025-04-25 12:53:31"
[1] "Intersecting Buildings & Blocks @ 2025-04-25 12:53:33"
[1] "Completed Quadkey #18 @ 2025-04-25 12:53:34"
[1] "Loading Buildings @ 2025-04-25 12:53:35"
[1] "Intersecting Buildings & Blocks @ 2025-04-25 12:53:38"
[1] "Completed Quadkey #19 @ 2025-04-25 12:53:39"
[1] "Loading Buildings @ 2025-04-25 12:53:40"
[1] "Intersecting Buildings & Blocks @ 2025-04-25 12:53:41"
[1] "Completed Quadkey #20 @ 2025-04-25 12:53:41"
[1] "Loading Buildings @ 2025-04-25 12:53:42"
[1] "Intersecting Buildings & Blocks @ 2025-04-25 12:53:43"
[1] "Completed Quadkey #21 @ 2025-04-25 12:53:44"
[1] "Loading Buildings @ 2025-04-25 12:53:45"
[1] "Intersecting Buildings & Blocks @ 2025-04-25 12:53:46"
[1] "Completed Quadkey #22 @ 2025-04-25 12:53:46"
[1] "Loading Buildings @ 2025-04-25 12:53:48"
[1] "Intersecting Buildings & Blocks @ 2025-04-25 12:53:50"
[1] "Completed Quadkey #23 @ 2025-04-25 12:53:52"
[1] "Loading Buildings @ 2025-04-25 12:53:53"
[1] "Intersecting Buildings & Blocks @ 2025-04-25 12:53:55"
[1] "Completed Quadkey #24 @ 2025-04-25 12:53:58"
[1] "Loading Buildings @ 2025-04-25 12:53:59"
[1] "Intersecting Buildings & Blocks @ 2025-04-25 12:54:00"
[1] "Completed Quadkey #25 @ 2025-04-25 12:54:01"
[1] "Loading Buildings @ 2025-04-25 12:54:02"
[1] "Intersecting Buildings & Blocks @ 2025-04-25 12:54:03"
[1] "Completed Quadkey #26 @ 2025-04-25 12:54:04"
[1] "Loading Buildings @ 2025-04-25 12:54:06"
[1] "Intersecting Buildings & Blocks @ 2025-04-25 12:54:07"
[1] "Completed Quadkey #27 @ 2025-04-25 12:54:08"
[1] "Loading Buildings @ 2025-04-25 12:54:10"
[1] "Intersecting Buildings & Blocks @ 2025-04-25 12:54:14"
[1] "Completed Quadkey #28 @ 2025-04-25 12:54:17"
[1] "Loading Buildings @ 2025-04-25 12:54:19"
[1] "Intersecting Buildings & Blocks @ 2025-04-25 12:54:28"
[1] "Completed Quadkey #29 @ 2025-04-25 12:54:33"
[1] "Loading Buildings @ 2025-04-25 12:54:34"
[1] "Intersecting Buildings & Blocks @ 2025-04-25 12:54:34"
[1] "Completed Quadkey #30 @ 2025-04-25 12:54:36"
[1] "Loading Buildings @ 2025-04-25 12:54:37"
[1] "Intersecting Buildings & Blocks @ 2025-04-25 12:54:38"
[1] "Completed Quadkey #31 @ 2025-04-25 12:54:39"
[1] "Loading Buildings @ 2025-04-25 12:54:41"
[1] "Intersecting Buildings & Blocks @ 2025-04-25 12:54:42"
[1] "Completed Quadkey #32 @ 2025-04-25 12:54:44"
[1] "Loading Buildings @ 2025-04-25 12:54:46"
[1] "Intersecting Buildings & Blocks @ 2025-04-25 12:54:50"
[1] "Completed Quadkey #33 @ 2025-04-25 12:54:52"
[1] "Loading Buildings @ 2025-04-25 12:54:56"
[1] "Intersecting Buildings & Blocks @ 2025-04-25 12:54:58"
[1] "Completed Quadkey #34 @ 2025-04-25 12:54:59"
[1] "Loading Buildings @ 2025-04-25 12:55:00"
[1] "Intersecting Buildings & Blocks @ 2025-04-25 12:55:03"
[1] "Completed Quadkey #35 @ 2025-04-25 12:55:04"
[1] "Loading Buildings @ 2025-04-25 12:55:06"
[1] "Intersecting Buildings & Blocks @ 2025-04-25 12:55:06"
[1] "Completed Quadkey #36 @ 2025-04-25 12:55:07"
[1] "Loading Buildings @ 2025-04-25 12:55:09"
[1] "Intersecting Buildings & Blocks @ 2025-04-25 12:55:10"
[1] "Completed Quadkey #37 @ 2025-04-25 12:55:11"
[1] "Loading Buildings @ 2025-04-25 12:55:12"
[1] "Intersecting Buildings & Blocks @ 2025-04-25 12:55:13"
[1] "Completed Quadkey #38 @ 2025-04-25 12:55:14"
[1] "Loading Buildings @ 2025-04-25 12:55:19"
[1] "Intersecting Buildings & Blocks @ 2025-04-25 12:55:19"
[1] "Completed Quadkey #39 @ 2025-04-25 12:55:20"
[1] "Loading Buildings @ 2025-04-25 12:55:22"
[1] "Intersecting Buildings & Blocks @ 2025-04-25 12:55:22"
[1] "Completed Quadkey #40 @ 2025-04-25 12:55:23"
[1] "Loading Buildings @ 2025-04-25 12:55:24"
[1] "Intersecting Buildings & Blocks @ 2025-04-25 12:55:25"
[1] "Completed Quadkey #41 @ 2025-04-25 12:55:26"
[1] "Loading Buildings @ 2025-04-25 12:55:28"
[1] "Intersecting Buildings & Blocks @ 2025-04-25 12:55:31"
[1] "Completed Quadkey #42 @ 2025-04-25 12:55:32"
[1] "Loading Buildings @ 2025-04-25 12:55:33"
[1] "Intersecting Buildings & Blocks @ 2025-04-25 12:55:34"
[1] "Completed Quadkey #43 @ 2025-04-25 12:55:35"
[1] "Loading Buildings @ 2025-04-25 12:55:36"
[1] "Intersecting Buildings & Blocks @ 2025-04-25 12:55:42"
[1] "Completed Quadkey #44 @ 2025-04-25 12:55:43"
[1] "Loading Buildings @ 2025-04-25 12:55:44"
[1] "Intersecting Buildings & Blocks @ 2025-04-25 12:55:45"
[1] "Completed Quadkey #45 @ 2025-04-25 12:55:46"
[1] "Loading Buildings @ 2025-04-25 12:55:47"
[1] "Intersecting Buildings & Blocks @ 2025-04-25 12:55:48"
[1] "Completed Quadkey #46 @ 2025-04-25 12:55:49"
[1] "Calculating Weights @ 2025-04-25 12:55:49"
[1] "SCRIPT COMPLETE @ 2025-04-25 12:55:54"
