[1] "Starting 06"
[1] "Loading quadkey joins @ 2025-04-25 14:06:42"
[1] "Loading download links @ 2025-04-25 14:06:54"
Reading layer `CA_block_2020' from data source 
  `/work/GRDVULN/census/CA_block_2020.shp' using driver `ESRI Shapefile'
Simple feature collection with 518521 features and 18 fields
Geometry type: MULTIPOLYGON
Dimension:     XY
Bounding box:  xmin: -2356114 ymin: -364426.6 xmax: -1646660 ymax: 845925.2
Projected CRS: USA_Contiguous_Albers_Equal_Area_Conic
[1] "Downloading Buildings from 139 Quadkeys --- 2025-04-25 14:07:30"
[1] "(139) Files to be Downloaded"
[1] "Loading Buildings @ 2025-04-25 14:07:33"
[1] "Intersecting Buildings & Blocks @ 2025-04-25 14:07:33"
[1] "Completed Quadkey #1 @ 2025-04-25 14:07:33"
[1] "Loading Buildings @ 2025-04-25 14:07:34"
[1] "Intersecting Buildings & Blocks @ 2025-04-25 14:07:34"
[1] "Completed Quadkey #2 @ 2025-04-25 14:07:34"
[1] "Loading Buildings @ 2025-04-25 14:07:34"
[1] "Intersecting Buildings & Blocks @ 2025-04-25 14:07:34"
[1] "Completed Quadkey #3 @ 2025-04-25 14:07:34"
[1] "Loading Buildings @ 2025-04-25 14:07:35"
[1] "Intersecting Buildings & Blocks @ 2025-04-25 14:07:35"
[1] "Completed Quadkey #4 @ 2025-04-25 14:07:35"
[1] "Loading Buildings @ 2025-04-25 14:07:38"
[1] "Intersecting Buildings & Blocks @ 2025-04-25 14:07:39"
[1] "Completed Quadkey #5 @ 2025-04-25 14:07:40"
[1] "Loading Buildings @ 2025-04-25 14:07:40"
[1] "Intersecting Buildings & Blocks @ 2025-04-25 14:07:41"
[1] "Completed Quadkey #6 @ 2025-04-25 14:07:41"
[1] "Loading Buildings @ 2025-04-25 14:07:42"
[1] "Intersecting Buildings & Blocks @ 2025-04-25 14:07:43"
[1] "Completed Quadkey #7 @ 2025-04-25 14:07:43"
[1] "Loading Buildings @ 2025-04-25 14:07:45"
[1] "Intersecting Buildings & Blocks @ 2025-04-25 14:07:47"
[1] "Completed Quadkey #8 @ 2025-04-25 14:07:48"
[1] "Loading Buildings @ 2025-04-25 14:07:49"
[1] "Intersecting Buildings & Blocks @ 2025-04-25 14:07:49"
[1] "Completed Quadkey #9 @ 2025-04-25 14:07:49"
[1] "Loading Buildings @ 2025-04-25 14:07:51"
[1] "Intersecting Buildings & Blocks @ 2025-04-25 14:07:58"
[1] "Completed Quadkey #10 @ 2025-04-25 14:08:01"
[1] "Loading Buildings @ 2025-04-25 14:08:02"
[1] "Intersecting Buildings & Blocks @ 2025-04-25 14:08:02"
[1] "Completed Quadkey #11 @ 2025-04-25 14:08:02"
[1] "Loading Buildings @ 2025-04-25 14:08:02"
[1] "Intersecting Buildings & Blocks @ 2025-04-25 14:08:03"
[1] "Completed Quadkey #12 @ 2025-04-25 14:08:03"
[1] "Loading Buildings @ 2025-04-25 14:08:06"
[1] "Intersecting Buildings & Blocks @ 2025-04-25 14:08:07"
[1] "Completed Quadkey #13 @ 2025-04-25 14:08:07"
[1] "Loading Buildings @ 2025-04-25 14:08:09"
[1] "Intersecting Buildings & Blocks @ 2025-04-25 14:08:13"
[1] "Completed Quadkey #14 @ 2025-04-25 14:08:16"
[1] "Loading Buildings @ 2025-04-25 14:08:22"
[1] "Intersecting Buildings & Blocks @ 2025-04-25 14:08:56"
[1] "Completed Quadkey #15 @ 2025-04-25 14:09:11"
[1] "Loading Buildings @ 2025-04-25 14:09:13"
[1] "Intersecting Buildings & Blocks @ 2025-04-25 14:09:22"
[1] "Completed Quadkey #16 @ 2025-04-25 14:09:30"
[1] "Loading Buildings @ 2025-04-25 14:09:34"
[1] "Intersecting Buildings & Blocks @ 2025-04-25 14:09:34"
[1] "Completed Quadkey #17 @ 2025-04-25 14:09:35"
[1] "Loading Buildings @ 2025-04-25 14:09:36"
[1] "Intersecting Buildings & Blocks @ 2025-04-25 14:09:37"
[1] "Completed Quadkey #18 @ 2025-04-25 14:09:38"
[1] "Loading Buildings @ 2025-04-25 14:09:43"
[1] "Intersecting Buildings & Blocks @ 2025-04-25 14:09:49"
[1] "Completed Quadkey #19 @ 2025-04-25 14:09:55"
[1] "Loading Buildings @ 2025-04-25 14:09:59"
[1] "Intersecting Buildings & Blocks @ 2025-04-25 14:09:59"
[1] "Completed Quadkey #20 @ 2025-04-25 14:10:00"
[1] "Loading Buildings @ 2025-04-25 14:10:05"
[1] "Intersecting Buildings & Blocks @ 2025-04-25 14:10:06"
[1] "Completed Quadkey #21 @ 2025-04-25 14:10:09"
[1] "Loading Buildings @ 2025-04-25 14:10:09"
[1] "Intersecting Buildings & Blocks @ 2025-04-25 14:10:09"
[1] "Completed Quadkey #22 @ 2025-04-25 14:10:10"
[1] "Loading Buildings @ 2025-04-25 14:10:14"
[1] "Intersecting Buildings & Blocks @ 2025-04-25 14:10:38"
[1] "Completed Quadkey #23 @ 2025-04-25 14:10:51"
[1] "Loading Buildings @ 2025-04-25 14:10:52"
[1] "Intersecting Buildings & Blocks @ 2025-04-25 14:10:53"
[1] "Completed Quadkey #24 @ 2025-04-25 14:10:54"
[1] "Loading Buildings @ 2025-04-25 14:10:55"
[1] "Intersecting Buildings & Blocks @ 2025-04-25 14:10:55"
[1] "Completed Quadkey #25 @ 2025-04-25 14:10:58"
[1] "Loading Buildings @ 2025-04-25 14:11:02"
[1] "Intersecting Buildings & Blocks @ 2025-04-25 14:11:02"
[1] "Completed Quadkey #26 @ 2025-04-25 14:11:03"
[1] "Loading Buildings @ 2025-04-25 14:11:04"
[1] "Intersecting Buildings & Blocks @ 2025-04-25 14:11:06"
[1] "Completed Quadkey #27 @ 2025-04-25 14:11:08"
[1] "Loading Buildings @ 2025-04-25 14:11:10"
[1] "Intersecting Buildings & Blocks @ 2025-04-25 14:11:16"
[1] "Completed Quadkey #28 @ 2025-04-25 14:11:23"
[1] "Loading Buildings @ 2025-04-25 14:11:24"
[1] "Intersecting Buildings & Blocks @ 2025-04-25 14:11:25"
[1] "Completed Quadkey #29 @ 2025-04-25 14:11:26"
[1] "Loading Buildings @ 2025-04-25 14:11:29"
[1] "Intersecting Buildings & Blocks @ 2025-04-25 14:11:31"
[1] "Completed Quadkey #30 @ 2025-04-25 14:11:35"
[1] "Loading Buildings @ 2025-04-25 14:11:36"
[1] "Intersecting Buildings & Blocks @ 2025-04-25 14:11:38"
[1] "Completed Quadkey #31 @ 2025-04-25 14:11:40"
[1] "Loading Buildings @ 2025-04-25 14:11:44"
[1] "Intersecting Buildings & Blocks @ 2025-04-25 14:11:44"
[1] "Completed Quadkey #32 @ 2025-04-25 14:11:45"
[1] "Loading Buildings @ 2025-04-25 14:11:50"
[1] "Intersecting Buildings & Blocks @ 2025-04-25 14:11:54"
[1] "Completed Quadkey #33 @ 2025-04-25 14:11:59"
[1] "Loading Buildings @ 2025-04-25 14:12:06"
[1] "Intersecting Buildings & Blocks @ 2025-04-25 14:12:08"
[1] "Completed Quadkey #34 @ 2025-04-25 14:12:11"
[1] "Loading Buildings @ 2025-04-25 14:12:12"
[1] "Intersecting Buildings & Blocks @ 2025-04-25 14:12:14"
[1] "Completed Quadkey #35 @ 2025-04-25 14:12:18"
[1] "Loading Buildings @ 2025-04-25 14:12:20"
[1] "Intersecting Buildings & Blocks @ 2025-04-25 14:12:23"
[1] "Completed Quadkey #36 @ 2025-04-25 14:12:27"
[1] "Loading Buildings @ 2025-04-25 14:12:31"
[1] "Intersecting Buildings & Blocks @ 2025-04-25 14:12:34"
[1] "Completed Quadkey #37 @ 2025-04-25 14:12:37"
[1] "Loading Buildings @ 2025-04-25 14:12:40"
[1] "Intersecting Buildings & Blocks @ 2025-04-25 14:12:40"
[1] "Completed Quadkey #38 @ 2025-04-25 14:12:43"
[1] "Loading Buildings @ 2025-04-25 14:12:45"
[1] "Intersecting Buildings & Blocks @ 2025-04-25 14:12:55"
[1] "Completed Quadkey #39 @ 2025-04-25 14:13:03"
[1] "Loading Buildings @ 2025-04-25 14:13:07"
[1] "Intersecting Buildings & Blocks @ 2025-04-25 14:13:08"
[1] "Completed Quadkey #40 @ 2025-04-25 14:13:11"
[1] "Loading Buildings @ 2025-04-25 14:13:23"
[1] "Intersecting Buildings & Blocks @ 2025-04-25 14:13:49"
[1] "Completed Quadkey #41 @ 2025-04-25 14:14:04"
[1] "Loading Buildings @ 2025-04-25 14:14:09"
[1] "Intersecting Buildings & Blocks @ 2025-04-25 14:14:10"
[1] "Completed Quadkey #42 @ 2025-04-25 14:14:14"
[1] "Loading Buildings @ 2025-04-25 14:14:18"
[1] "Intersecting Buildings & Blocks @ 2025-04-25 14:14:18"
[1] "Completed Quadkey #43 @ 2025-04-25 14:14:23"
[1] "Loading Buildings @ 2025-04-25 14:14:27"
[1] "Intersecting Buildings & Blocks @ 2025-04-25 14:14:27"
[1] "Completed Quadkey #44 @ 2025-04-25 14:14:28"
[1] "Loading Buildings @ 2025-04-25 14:14:32"
[1] "Intersecting Buildings & Blocks @ 2025-04-25 14:14:33"
[1] "Completed Quadkey #45 @ 2025-04-25 14:14:37"
[1] "Loading Buildings @ 2025-04-25 14:14:41"
[1] "Intersecting Buildings & Blocks @ 2025-04-25 14:14:41"
[1] "Completed Quadkey #46 @ 2025-04-25 14:14:45"
[1] "Loading Buildings @ 2025-04-25 14:14:49"
[1] "Intersecting Buildings & Blocks @ 2025-04-25 14:14:52"
[1] "Completed Quadkey #47 @ 2025-04-25 14:14:56"
[1] "Loading Buildings @ 2025-04-25 14:15:01"
[1] "Intersecting Buildings & Blocks @ 2025-04-25 14:15:07"
[1] "Completed Quadkey #48 @ 2025-04-25 14:15:15"
[1] "Loading Buildings @ 2025-04-25 14:15:22"
[1] "Intersecting Buildings & Blocks @ 2025-04-25 14:15:23"
[1] "Completed Quadkey #49 @ 2025-04-25 14:15:26"
[1] "Loading Buildings @ 2025-04-25 14:15:30"
[1] "Intersecting Buildings & Blocks @ 2025-04-25 14:15:36"
[1] "Completed Quadkey #50 @ 2025-04-25 14:15:43"
[1] "Loading Buildings @ 2025-04-25 14:15:48"
[1] "Intersecting Buildings & Blocks @ 2025-04-25 14:15:56"
[1] "Completed Quadkey #51 @ 2025-04-25 14:16:02"
[1] "Loading Buildings @ 2025-04-25 14:16:06"
[1] "Intersecting Buildings & Blocks @ 2025-04-25 14:16:06"
[1] "Completed Quadkey #52 @ 2025-04-25 14:16:08"
[1] "Loading Buildings @ 2025-04-25 14:16:12"
[1] "Intersecting Buildings & Blocks @ 2025-04-25 14:16:14"
[1] "Completed Quadkey #53 @ 2025-04-25 14:16:19"
[1] "Loading Buildings @ 2025-04-25 14:16:23"
[1] "Intersecting Buildings & Blocks @ 2025-04-25 14:16:23"
[1] "Completed Quadkey #54 @ 2025-04-25 14:16:28"
[1] "Loading Buildings @ 2025-04-25 14:16:29"
[1] "Intersecting Buildings & Blocks @ 2025-04-25 14:16:29"
[1] "Completed Quadkey #55 @ 2025-04-25 14:16:31"
[1] "Loading Buildings @ 2025-04-25 14:16:37"
[1] "Intersecting Buildings & Blocks @ 2025-04-25 14:16:39"
[1] "Completed Quadkey #56 @ 2025-04-25 14:16:44"
[1] "Loading Buildings @ 2025-04-25 14:16:48"
[1] "Intersecting Buildings & Blocks @ 2025-04-25 14:16:49"
[1] "Completed Quadkey #57 @ 2025-04-25 14:16:52"
[1] "Loading Buildings @ 2025-04-25 14:16:57"
[1] "Intersecting Buildings & Blocks @ 2025-04-25 14:16:59"
[1] "Completed Quadkey #58 @ 2025-04-25 14:17:08"
[1] "Loading Buildings @ 2025-04-25 14:17:12"
[1] "Intersecting Buildings & Blocks @ 2025-04-25 14:17:14"
[1] "Completed Quadkey #59 @ 2025-04-25 14:17:19"
[1] "Loading Buildings @ 2025-04-25 14:17:23"
[1] "Intersecting Buildings & Blocks @ 2025-04-25 14:17:23"
[1] "Completed Quadkey #60 @ 2025-04-25 14:17:26"
[1] "Loading Buildings @ 2025-04-25 14:17:27"
[1] "Intersecting Buildings & Blocks @ 2025-04-25 14:17:30"
[1] "Completed Quadkey #61 @ 2025-04-25 14:17:36"
[1] "Loading Buildings @ 2025-04-25 14:17:40"
[1] "Intersecting Buildings & Blocks @ 2025-04-25 14:17:40"
[1] "Completed Quadkey #62 @ 2025-04-25 14:17:43"
[1] "Loading Buildings @ 2025-04-25 14:17:47"
[1] "Intersecting Buildings & Blocks @ 2025-04-25 14:17:47"
[1] "Completed Quadkey #63 @ 2025-04-25 14:17:50"
[1] "Loading Buildings @ 2025-04-25 14:17:55"
[1] "Intersecting Buildings & Blocks @ 2025-04-25 14:18:03"
[1] "Completed Quadkey #64 @ 2025-04-25 14:18:11"
[1] "Loading Buildings @ 2025-04-25 14:18:12"
[1] "Intersecting Buildings & Blocks @ 2025-04-25 14:18:13"
[1] "Completed Quadkey #65 @ 2025-04-25 14:18:18"
[1] "Loading Buildings @ 2025-04-25 14:18:24"
[1] "Intersecting Buildings & Blocks @ 2025-04-25 14:18:39"
[1] "Completed Quadkey #66 @ 2025-04-25 14:18:50"
[1] "Loading Buildings @ 2025-04-25 14:18:51"
[1] "Intersecting Buildings & Blocks @ 2025-04-25 14:18:51"
[1] "Completed Quadkey #67 @ 2025-04-25 14:18:57"
[1] "Loading Buildings @ 2025-04-25 14:19:04"
[1] "Intersecting Buildings & Blocks @ 2025-04-25 14:19:08"
[1] "Completed Quadkey #68 @ 2025-04-25 14:19:13"
[1] "Loading Buildings @ 2025-04-25 14:19:15"
[1] "Intersecting Buildings & Blocks @ 2025-04-25 14:19:15"
[1] "Completed Quadkey #69 @ 2025-04-25 14:19:19"
[1] "Loading Buildings @ 2025-04-25 14:19:20"
[1] "Intersecting Buildings & Blocks @ 2025-04-25 14:19:22"
[1] "Completed Quadkey #70 @ 2025-04-25 14:19:28"
[1] "Loading Buildings @ 2025-04-25 14:19:32"
[1] "Intersecting Buildings & Blocks @ 2025-04-25 14:19:32"
[1] "Completed Quadkey #71 @ 2025-04-25 14:19:37"
[1] "Loading Buildings @ 2025-04-25 14:19:47"
[1] "Intersecting Buildings & Blocks @ 2025-04-25 14:19:53"
[1] "Completed Quadkey #72 @ 2025-04-25 14:20:00"
[1] "Loading Buildings @ 2025-04-25 14:20:04"
[1] "Intersecting Buildings & Blocks @ 2025-04-25 14:20:05"
[1] "Completed Quadkey #73 @ 2025-04-25 14:20:09"
[1] "Loading Buildings @ 2025-04-25 14:20:14"
[1] "Intersecting Buildings & Blocks @ 2025-04-25 14:20:14"
[1] "Completed Quadkey #74 @ 2025-04-25 14:20:19"
[1] "Loading Buildings @ 2025-04-25 14:20:32"
[1] "Intersecting Buildings & Blocks @ 2025-04-25 14:21:45"
[1] "Completed Quadkey #75 @ 2025-04-25 14:22:25"
[1] "Loading Buildings @ 2025-04-25 14:22:29"
[1] "Intersecting Buildings & Blocks @ 2025-04-25 14:22:30"
[1] "Completed Quadkey #76 @ 2025-04-25 14:22:36"
[1] "Loading Buildings @ 2025-04-25 14:22:40"
[1] "Intersecting Buildings & Blocks @ 2025-04-25 14:22:40"
[1] "Completed Quadkey #77 @ 2025-04-25 14:22:44"
[1] "Loading Buildings @ 2025-04-25 14:22:47"
[1] "Intersecting Buildings & Blocks @ 2025-04-25 14:22:47"
[1] "Completed Quadkey #78 @ 2025-04-25 14:22:52"
[1] "Loading Buildings @ 2025-04-25 14:22:58"
[1] "Intersecting Buildings & Blocks @ 2025-04-25 14:23:15"
[1] "Completed Quadkey #79 @ 2025-04-25 14:23:28"
[1] "Loading Buildings @ 2025-04-25 14:23:33"
[1] "Intersecting Buildings & Blocks @ 2025-04-25 14:23:40"
[1] "Completed Quadkey #80 @ 2025-04-25 14:23:50"
[1] "Loading Buildings @ 2025-04-25 14:23:54"
[1] "Intersecting Buildings & Blocks @ 2025-04-25 14:23:54"
[1] "Completed Quadkey #81 @ 2025-04-25 14:23:59"
[1] "Loading Buildings @ 2025-04-25 14:24:04"
[1] "Intersecting Buildings & Blocks @ 2025-04-25 14:24:07"
[1] "Completed Quadkey #82 @ 2025-04-25 14:24:15"
[1] "Loading Buildings @ 2025-04-25 14:24:19"
[1] "Intersecting Buildings & Blocks @ 2025-04-25 14:24:19"
[1] "Completed Quadkey #83 @ 2025-04-25 14:24:23"
[1] "Loading Buildings @ 2025-04-25 14:24:40"
[1] "Intersecting Buildings & Blocks @ 2025-04-25 14:25:41"
[1] "Completed Quadkey #84 @ 2025-04-25 14:26:19"
[1] "Loading Buildings @ 2025-04-25 14:26:23"
[1] "Intersecting Buildings & Blocks @ 2025-04-25 14:26:24"
[1] "Completed Quadkey #85 @ 2025-04-25 14:26:32"
[1] "Loading Buildings @ 2025-04-25 14:26:35"
[1] "Intersecting Buildings & Blocks @ 2025-04-25 14:26:35"
[1] "Completed Quadkey #86 @ 2025-04-25 14:26:43"
[1] "Loading Buildings @ 2025-04-25 14:26:47"
[1] "Intersecting Buildings & Blocks @ 2025-04-25 14:26:47"
[1] "Completed Quadkey #87 @ 2025-04-25 14:26:52"
[1] "Loading Buildings @ 2025-04-25 14:26:56"
[1] "Intersecting Buildings & Blocks @ 2025-04-25 14:27:02"
[1] "Completed Quadkey #88 @ 2025-04-25 14:27:05"
[1] "Loading Buildings @ 2025-04-25 14:27:09"
[1] "Intersecting Buildings & Blocks @ 2025-04-25 14:27:10"
[1] "Completed Quadkey #89 @ 2025-04-25 14:27:21"
[1] "Loading Buildings @ 2025-04-25 14:27:24"
[1] "Intersecting Buildings & Blocks @ 2025-04-25 14:27:24"
[1] "Completed Quadkey #90 @ 2025-04-25 14:27:28"
[1] "Loading Buildings @ 2025-04-25 14:27:30"
[1] "Intersecting Buildings & Blocks @ 2025-04-25 14:27:33"
[1] "Completed Quadkey #91 @ 2025-04-25 14:27:46"
[1] "Loading Buildings @ 2025-04-25 14:27:50"
[1] "Intersecting Buildings & Blocks @ 2025-04-25 14:27:50"
[1] "Completed Quadkey #92 @ 2025-04-25 14:27:56"
[1] "Loading Buildings @ 2025-04-25 14:27:59"
[1] "Intersecting Buildings & Blocks @ 2025-04-25 14:27:59"
[1] "Completed Quadkey #93 @ 2025-04-25 14:28:06"
[1] "Loading Buildings @ 2025-04-25 14:28:09"
[1] "Intersecting Buildings & Blocks @ 2025-04-25 14:28:09"
[1] "Completed Quadkey #94 @ 2025-04-25 14:28:13"
[1] "Loading Buildings @ 2025-04-25 14:28:17"
[1] "Intersecting Buildings & Blocks @ 2025-04-25 14:28:17"
[1] "Completed Quadkey #95 @ 2025-04-25 14:28:27"
[1] "Loading Buildings @ 2025-04-25 14:28:31"
[1] "Intersecting Buildings & Blocks @ 2025-04-25 14:28:31"
[1] "Completed Quadkey #96 @ 2025-04-25 14:28:35"
[1] "Loading Buildings @ 2025-04-25 14:28:42"
[1] "Intersecting Buildings & Blocks @ 2025-04-25 14:29:11"
[1] "Completed Quadkey #97 @ 2025-04-25 14:29:43"
[1] "Loading Buildings @ 2025-04-25 14:29:43"
[1] "Intersecting Buildings & Blocks @ 2025-04-25 14:29:43"
[1] "Completed Quadkey #98 @ 2025-04-25 14:29:47"
[1] "Loading Buildings @ 2025-04-25 14:29:47"
[1] "Intersecting Buildings & Blocks @ 2025-04-25 14:29:47"
[1] "Completed Quadkey #99 @ 2025-04-25 14:29:51"
[1] "Loading Buildings @ 2025-04-25 14:30:00"
[1] "Intersecting Buildings & Blocks @ 2025-04-25 14:30:15"
[1] "Completed Quadkey #100 @ 2025-04-25 14:30:34"
[1] "Loading Buildings @ 2025-04-25 14:30:40"
[1] "Intersecting Buildings & Blocks @ 2025-04-25 14:30:40"
[1] "Completed Quadkey #101 @ 2025-04-25 14:30:45"
[1] "Loading Buildings @ 2025-04-25 14:30:49"
[1] "Intersecting Buildings & Blocks @ 2025-04-25 14:30:49"
[1] "Completed Quadkey #102 @ 2025-04-25 14:30:54"
[1] "Loading Buildings @ 2025-04-25 14:30:58"
[1] "Intersecting Buildings & Blocks @ 2025-04-25 14:30:59"
[1] "Completed Quadkey #103 @ 2025-04-25 14:31:05"
[1] "Loading Buildings @ 2025-04-25 14:31:08"
[1] "Intersecting Buildings & Blocks @ 2025-04-25 14:31:08"
[1] "Completed Quadkey #104 @ 2025-04-25 14:31:17"
[1] "Loading Buildings @ 2025-04-25 14:31:23"
[1] "Intersecting Buildings & Blocks @ 2025-04-25 14:31:46"
[1] "Completed Quadkey #105 @ 2025-04-25 14:32:10"
[1] "Loading Buildings @ 2025-04-25 14:32:11"
[1] "Intersecting Buildings & Blocks @ 2025-04-25 14:32:16"
[1] "Completed Quadkey #106 @ 2025-04-25 14:32:22"
[1] "Loading Buildings @ 2025-04-25 14:32:26"
[1] "Intersecting Buildings & Blocks @ 2025-04-25 14:32:26"
[1] "Completed Quadkey #107 @ 2025-04-25 14:32:31"
[1] "Loading Buildings @ 2025-04-25 14:32:32"
[1] "Intersecting Buildings & Blocks @ 2025-04-25 14:32:36"
[1] "Completed Quadkey #108 @ 2025-04-25 14:32:49"
[1] "Loading Buildings @ 2025-04-25 14:32:54"
[1] "Intersecting Buildings & Blocks @ 2025-04-25 14:32:56"
[1] "Completed Quadkey #109 @ 2025-04-25 14:33:12"
[1] "Loading Buildings @ 2025-04-25 14:33:16"
[1] "Intersecting Buildings & Blocks @ 2025-04-25 14:33:16"
[1] "Completed Quadkey #110 @ 2025-04-25 14:33:19"
[1] "Loading Buildings @ 2025-04-25 14:33:20"
[1] "Intersecting Buildings & Blocks @ 2025-04-25 14:33:20"
[1] "Completed Quadkey #111 @ 2025-04-25 14:33:27"
[1] "Loading Buildings @ 2025-04-25 14:33:38"
[1] "Intersecting Buildings & Blocks @ 2025-04-25 14:33:43"
[1] "Completed Quadkey #112 @ 2025-04-25 14:33:55"
[1] "Loading Buildings @ 2025-04-25 14:33:58"
[1] "Intersecting Buildings & Blocks @ 2025-04-25 14:33:58"
[1] "Completed Quadkey #113 @ 2025-04-25 14:34:04"
[1] "Loading Buildings @ 2025-04-25 14:34:07"
[1] "Intersecting Buildings & Blocks @ 2025-04-25 14:34:07"
[1] "Completed Quadkey #114 @ 2025-04-25 14:34:16"
[1] "Loading Buildings @ 2025-04-25 14:34:20"
[1] "Intersecting Buildings & Blocks @ 2025-04-25 14:34:20"
[1] "Completed Quadkey #115 @ 2025-04-25 14:34:23"
[1] "Loading Buildings @ 2025-04-25 14:34:27"
[1] "Intersecting Buildings & Blocks @ 2025-04-25 14:34:27"
[1] "Completed Quadkey #116 @ 2025-04-25 14:34:38"
[1] "Loading Buildings @ 2025-04-25 14:34:41"
[1] "Intersecting Buildings & Blocks @ 2025-04-25 14:34:41"
[1] "Completed Quadkey #117 @ 2025-04-25 14:34:46"
[1] "Loading Buildings @ 2025-04-25 14:34:50"
[1] "Intersecting Buildings & Blocks @ 2025-04-25 14:34:50"
[1] "Completed Quadkey #118 @ 2025-04-25 14:34:56"
[1] "Loading Buildings @ 2025-04-25 14:35:00"
[1] "Intersecting Buildings & Blocks @ 2025-04-25 14:35:00"
[1] "Completed Quadkey #119 @ 2025-04-25 14:35:06"
[1] "Loading Buildings @ 2025-04-25 14:35:10"
[1] "Intersecting Buildings & Blocks @ 2025-04-25 14:35:10"
[1] "Completed Quadkey #120 @ 2025-04-25 14:35:18"
[1] "Loading Buildings @ 2025-04-25 14:35:19"
[1] "Intersecting Buildings & Blocks @ 2025-04-25 14:35:19"
[1] "Completed Quadkey #121 @ 2025-04-25 14:35:20"
[1] "Loading Buildings @ 2025-04-25 14:35:21"
[1] "Intersecting Buildings & Blocks @ 2025-04-25 14:35:22"
[1] "Completed Quadkey #122 @ 2025-04-25 14:35:30"
[1] "Loading Buildings @ 2025-04-25 14:35:35"
[1] "Intersecting Buildings & Blocks @ 2025-04-25 14:35:37"
[1] "Completed Quadkey #123 @ 2025-04-25 14:35:46"
[1] "Loading Buildings @ 2025-04-25 14:35:50"
[1] "Intersecting Buildings & Blocks @ 2025-04-25 14:35:52"
[1] "Completed Quadkey #124 @ 2025-04-25 14:36:00"
[1] "Loading Buildings @ 2025-04-25 14:36:04"
[1] "Intersecting Buildings & Blocks @ 2025-04-25 14:36:04"
[1] "Completed Quadkey #125 @ 2025-04-25 14:36:10"
[1] "Loading Buildings @ 2025-04-25 14:36:10"
[1] "Intersecting Buildings & Blocks @ 2025-04-25 14:36:10"
[1] "Completed Quadkey #126 @ 2025-04-25 14:36:17"
[1] "Loading Buildings @ 2025-04-25 14:36:20"
[1] "Intersecting Buildings & Blocks @ 2025-04-25 14:36:20"
[1] "Completed Quadkey #127 @ 2025-04-25 14:36:25"
[1] "Loading Buildings @ 2025-04-25 14:36:29"
[1] "Intersecting Buildings & Blocks @ 2025-04-25 14:36:29"
[1] "Completed Quadkey #128 @ 2025-04-25 14:36:33"
[1] "Loading Buildings @ 2025-04-25 14:36:41"
[1] "Intersecting Buildings & Blocks @ 2025-04-25 14:36:43"
[1] "Completed Quadkey #129 @ 2025-04-25 14:36:48"
[1] "Loading Buildings @ 2025-04-25 14:36:52"
[1] "Intersecting Buildings & Blocks @ 2025-04-25 14:36:52"
[1] "Completed Quadkey #130 @ 2025-04-25 14:36:55"
[1] "Loading Buildings @ 2025-04-25 14:36:59"
[1] "Intersecting Buildings & Blocks @ 2025-04-25 14:37:00"
[1] "Completed Quadkey #131 @ 2025-04-25 14:37:05"
[1] "Loading Buildings @ 2025-04-25 14:37:09"
[1] "Intersecting Buildings & Blocks @ 2025-04-25 14:37:09"
[1] "Completed Quadkey #132 @ 2025-04-25 14:37:15"
[1] "Loading Buildings @ 2025-04-25 14:37:19"
[1] "Intersecting Buildings & Blocks @ 2025-04-25 14:37:19"
[1] "Completed Quadkey #133 @ 2025-04-25 14:37:24"
[1] "Loading Buildings @ 2025-04-25 14:37:28"
[1] "Intersecting Buildings & Blocks @ 2025-04-25 14:37:28"
[1] "Completed Quadkey #134 @ 2025-04-25 14:37:36"
[1] "Loading Buildings @ 2025-04-25 14:37:39"
[1] "Intersecting Buildings & Blocks @ 2025-04-25 14:37:44"
[1] "Completed Quadkey #135 @ 2025-04-25 14:37:47"
[1] "Loading Buildings @ 2025-04-25 14:37:51"
[1] "Intersecting Buildings & Blocks @ 2025-04-25 14:37:52"
[1] "Completed Quadkey #136 @ 2025-04-25 14:37:57"
[1] "Loading Buildings @ 2025-04-25 14:38:02"
[1] "Intersecting Buildings & Blocks @ 2025-04-25 14:38:03"
[1] "Completed Quadkey #137 @ 2025-04-25 14:38:13"
[1] "Loading Buildings @ 2025-04-25 14:38:13"
[1] "Intersecting Buildings & Blocks @ 2025-04-25 14:38:13"
[1] "Completed Quadkey #138 @ 2025-04-25 14:38:14"
[1] "Loading Buildings @ 2025-04-25 14:38:15"
[1] "Intersecting Buildings & Blocks @ 2025-04-25 14:38:15"
[1] "Completed Quadkey #139 @ 2025-04-25 14:38:17"
[1] "Calculating Weights @ 2025-04-25 14:38:17"
[1] "SCRIPT COMPLETE @ 2025-04-25 14:38:35"
