[1] "Starting 08"
[1] "Loading quadkey joins @ 2025-04-25 12:52:00"
[1] "Loading download links @ 2025-04-25 12:52:11"
Reading layer `CO_block_2020' from data source 
  `/work/GRDVULN/census/CO_block_2020.shp' using driver `ESRI Shapefile'
Simple feature collection with 140345 features and 18 fields
Geometry type: POLYGON
Dimension:     XY
Bounding box:  xmin: -1146477 ymin: -39883.4 xmax: -504620.8 ymax: 466931.3
Projected CRS: USA_Contiguous_Albers_Equal_Area_Conic
[1] "Downloading Buildings from 99 Quadkeys --- 2025-04-25 12:52:35"
[1] "(99) Files to be Downloaded"
[1] "Loading Buildings @ 2025-04-25 12:52:36"
[1] "Intersecting Buildings & Blocks @ 2025-04-25 12:52:37"
[1] "Completed Quadkey #1 @ 2025-04-25 12:52:37"
[1] "Loading Buildings @ 2025-04-25 12:52:37"
[1] "Intersecting Buildings & Blocks @ 2025-04-25 12:52:38"
[1] "Completed Quadkey #2 @ 2025-04-25 12:52:38"
[1] "Loading Buildings @ 2025-04-25 12:52:39"
[1] "Intersecting Buildings & Blocks @ 2025-04-25 12:52:39"
[1] "Completed Quadkey #3 @ 2025-04-25 12:52:39"
[1] "Loading Buildings @ 2025-04-25 12:52:39"
[1] "Intersecting Buildings & Blocks @ 2025-04-25 12:52:39"
[1] "Completed Quadkey #4 @ 2025-04-25 12:52:39"
[1] "Loading Buildings @ 2025-04-25 12:52:40"
[1] "Intersecting Buildings & Blocks @ 2025-04-25 12:52:40"
[1] "Completed Quadkey #5 @ 2025-04-25 12:52:40"
[1] "Loading Buildings @ 2025-04-25 12:52:40"
[1] "Intersecting Buildings & Blocks @ 2025-04-25 12:52:40"
[1] "Completed Quadkey #6 @ 2025-04-25 12:52:40"
[1] "Loading Buildings @ 2025-04-25 12:52:41"
[1] "Intersecting Buildings & Blocks @ 2025-04-25 12:52:42"
[1] "Completed Quadkey #7 @ 2025-04-25 12:52:42"
[1] "Loading Buildings @ 2025-04-25 12:52:43"
[1] "Intersecting Buildings & Blocks @ 2025-04-25 12:52:43"
[1] "Completed Quadkey #8 @ 2025-04-25 12:52:43"
[1] "Loading Buildings @ 2025-04-25 12:52:44"
[1] "Intersecting Buildings & Blocks @ 2025-04-25 12:52:44"
[1] "Completed Quadkey #9 @ 2025-04-25 12:52:45"
[1] "Loading Buildings @ 2025-04-25 12:52:45"
[1] "Intersecting Buildings & Blocks @ 2025-04-25 12:52:45"
[1] "Completed Quadkey #10 @ 2025-04-25 12:52:45"
[1] "Loading Buildings @ 2025-04-25 12:52:49"
[1] "Intersecting Buildings & Blocks @ 2025-04-25 12:52:49"
[1] "Completed Quadkey #11 @ 2025-04-25 12:52:49"
[1] "Loading Buildings @ 2025-04-25 12:52:50"
[1] "Intersecting Buildings & Blocks @ 2025-04-25 12:52:50"
[1] "Completed Quadkey #12 @ 2025-04-25 12:52:51"
[1] "Loading Buildings @ 2025-04-25 12:52:52"
[1] "Intersecting Buildings & Blocks @ 2025-04-25 12:52:55"
[1] "Completed Quadkey #13 @ 2025-04-25 12:52:57"
[1] "Loading Buildings @ 2025-04-25 12:52:59"
[1] "Intersecting Buildings & Blocks @ 2025-04-25 12:53:00"
[1] "Completed Quadkey #14 @ 2025-04-25 12:53:00"
[1] "Loading Buildings @ 2025-04-25 12:53:01"
[1] "Intersecting Buildings & Blocks @ 2025-04-25 12:53:01"
[1] "Completed Quadkey #15 @ 2025-04-25 12:53:02"
[1] "Loading Buildings @ 2025-04-25 12:53:03"
[1] "Intersecting Buildings & Blocks @ 2025-04-25 12:53:04"
[1] "Completed Quadkey #16 @ 2025-04-25 12:53:04"
[1] "Loading Buildings @ 2025-04-25 12:53:05"
[1] "Intersecting Buildings & Blocks @ 2025-04-25 12:53:05"
[1] "Completed Quadkey #17 @ 2025-04-25 12:53:05"
[1] "Loading Buildings @ 2025-04-25 12:53:05"
[1] "Intersecting Buildings & Blocks @ 2025-04-25 12:53:06"
[1] "Completed Quadkey #18 @ 2025-04-25 12:53:06"
[1] "Loading Buildings @ 2025-04-25 12:53:07"
[1] "Intersecting Buildings & Blocks @ 2025-04-25 12:53:07"
[1] "Completed Quadkey #19 @ 2025-04-25 12:53:07"
[1] "Loading Buildings @ 2025-04-25 12:53:08"
[1] "Intersecting Buildings & Blocks @ 2025-04-25 12:53:11"
[1] "Completed Quadkey #20 @ 2025-04-25 12:53:11"
[1] "Loading Buildings @ 2025-04-25 12:53:12"
[1] "Intersecting Buildings & Blocks @ 2025-04-25 12:53:12"
[1] "Completed Quadkey #21 @ 2025-04-25 12:53:12"
[1] "Loading Buildings @ 2025-04-25 12:53:13"
[1] "Intersecting Buildings & Blocks @ 2025-04-25 12:53:13"
[1] "Completed Quadkey #22 @ 2025-04-25 12:53:13"
[1] "Loading Buildings @ 2025-04-25 12:53:14"
[1] "Intersecting Buildings & Blocks @ 2025-04-25 12:53:14"
[1] "Completed Quadkey #23 @ 2025-04-25 12:53:14"
[1] "Loading Buildings @ 2025-04-25 12:53:15"
[1] "Intersecting Buildings & Blocks @ 2025-04-25 12:53:15"
[1] "Completed Quadkey #24 @ 2025-04-25 12:53:15"
[1] "Loading Buildings @ 2025-04-25 12:53:16"
[1] "Intersecting Buildings & Blocks @ 2025-04-25 12:53:17"
[1] "Completed Quadkey #25 @ 2025-04-25 12:53:17"
[1] "Loading Buildings @ 2025-04-25 12:53:17"
[1] "Intersecting Buildings & Blocks @ 2025-04-25 12:53:17"
[1] "Completed Quadkey #26 @ 2025-04-25 12:53:17"
[1] "Loading Buildings @ 2025-04-25 12:53:18"
[1] "Intersecting Buildings & Blocks @ 2025-04-25 12:53:18"
[1] "Completed Quadkey #27 @ 2025-04-25 12:53:18"
[1] "Loading Buildings @ 2025-04-25 12:53:19"
[1] "Intersecting Buildings & Blocks @ 2025-04-25 12:53:19"
[1] "Completed Quadkey #28 @ 2025-04-25 12:53:19"
[1] "Loading Buildings @ 2025-04-25 12:53:20"
[1] "Intersecting Buildings & Blocks @ 2025-04-25 12:53:20"
[1] "Completed Quadkey #29 @ 2025-04-25 12:53:20"
[1] "Loading Buildings @ 2025-04-25 12:53:20"
[1] "Intersecting Buildings & Blocks @ 2025-04-25 12:53:21"
[1] "Completed Quadkey #30 @ 2025-04-25 12:53:21"
[1] "Loading Buildings @ 2025-04-25 12:53:21"
[1] "Intersecting Buildings & Blocks @ 2025-04-25 12:53:21"
[1] "Completed Quadkey #31 @ 2025-04-25 12:53:21"
[1] "Loading Buildings @ 2025-04-25 12:53:22"
[1] "Intersecting Buildings & Blocks @ 2025-04-25 12:53:22"
[1] "Completed Quadkey #32 @ 2025-04-25 12:53:22"
[1] "Loading Buildings @ 2025-04-25 12:53:24"
[1] "Intersecting Buildings & Blocks @ 2025-04-25 12:53:24"
[1] "Completed Quadkey #33 @ 2025-04-25 12:53:24"
[1] "Loading Buildings @ 2025-04-25 12:53:24"
[1] "Intersecting Buildings & Blocks @ 2025-04-25 12:53:24"
[1] "Completed Quadkey #34 @ 2025-04-25 12:53:24"
[1] "Loading Buildings @ 2025-04-25 12:53:25"
[1] "Intersecting Buildings & Blocks @ 2025-04-25 12:53:25"
[1] "Completed Quadkey #35 @ 2025-04-25 12:53:25"
[1] "Loading Buildings @ 2025-04-25 12:53:27"
[1] "Intersecting Buildings & Blocks @ 2025-04-25 12:53:28"
[1] "Completed Quadkey #36 @ 2025-04-25 12:53:29"
[1] "Loading Buildings @ 2025-04-25 12:53:29"
[1] "Intersecting Buildings & Blocks @ 2025-04-25 12:53:29"
[1] "Completed Quadkey #37 @ 2025-04-25 12:53:30"
[1] "Loading Buildings @ 2025-04-25 12:53:30"
[1] "Intersecting Buildings & Blocks @ 2025-04-25 12:53:30"
[1] "Completed Quadkey #38 @ 2025-04-25 12:53:30"
[1] "Loading Buildings @ 2025-04-25 12:53:32"
[1] "Intersecting Buildings & Blocks @ 2025-04-25 12:53:34"
[1] "Completed Quadkey #39 @ 2025-04-25 12:53:36"
[1] "Loading Buildings @ 2025-04-25 12:53:36"
[1] "Intersecting Buildings & Blocks @ 2025-04-25 12:53:36"
[1] "Completed Quadkey #40 @ 2025-04-25 12:53:37"
[1] "Loading Buildings @ 2025-04-25 12:53:37"
[1] "Intersecting Buildings & Blocks @ 2025-04-25 12:53:37"
[1] "Completed Quadkey #41 @ 2025-04-25 12:53:38"
[1] "Loading Buildings @ 2025-04-25 12:53:39"
[1] "Intersecting Buildings & Blocks @ 2025-04-25 12:53:39"
[1] "Completed Quadkey #42 @ 2025-04-25 12:53:41"
[1] "Loading Buildings @ 2025-04-25 12:53:42"
[1] "Intersecting Buildings & Blocks @ 2025-04-25 12:53:42"
[1] "Completed Quadkey #43 @ 2025-04-25 12:53:43"
[1] "Loading Buildings @ 2025-04-25 12:53:44"
[1] "Intersecting Buildings & Blocks @ 2025-04-25 12:53:45"
[1] "Completed Quadkey #44 @ 2025-04-25 12:53:46"
[1] "Loading Buildings @ 2025-04-25 12:53:48"
[1] "Intersecting Buildings & Blocks @ 2025-04-25 12:53:48"
[1] "Completed Quadkey #45 @ 2025-04-25 12:53:49"
[1] "Loading Buildings @ 2025-04-25 12:53:53"
[1] "Intersecting Buildings & Blocks @ 2025-04-25 12:53:53"
[1] "Completed Quadkey #46 @ 2025-04-25 12:53:54"
[1] "Loading Buildings @ 2025-04-25 12:53:55"
[1] "Intersecting Buildings & Blocks @ 2025-04-25 12:53:55"
[1] "Completed Quadkey #47 @ 2025-04-25 12:53:56"
[1] "Loading Buildings @ 2025-04-25 12:53:57"
[1] "Intersecting Buildings & Blocks @ 2025-04-25 12:53:57"
[1] "Completed Quadkey #48 @ 2025-04-25 12:53:58"
[1] "Loading Buildings @ 2025-04-25 12:53:59"
[1] "Intersecting Buildings & Blocks @ 2025-04-25 12:53:59"
[1] "Completed Quadkey #49 @ 2025-04-25 12:54:00"
[1] "Loading Buildings @ 2025-04-25 12:54:01"
[1] "Intersecting Buildings & Blocks @ 2025-04-25 12:54:01"
[1] "Completed Quadkey #50 @ 2025-04-25 12:54:02"
[1] "Loading Buildings @ 2025-04-25 12:54:03"
[1] "Intersecting Buildings & Blocks @ 2025-04-25 12:54:03"
[1] "Completed Quadkey #51 @ 2025-04-25 12:54:04"
[1] "Loading Buildings @ 2025-04-25 12:54:05"
[1] "Intersecting Buildings & Blocks @ 2025-04-25 12:54:06"
[1] "Completed Quadkey #52 @ 2025-04-25 12:54:07"
[1] "Loading Buildings @ 2025-04-25 12:54:08"
[1] "Intersecting Buildings & Blocks @ 2025-04-25 12:54:08"
[1] "Completed Quadkey #53 @ 2025-04-25 12:54:08"
[1] "Loading Buildings @ 2025-04-25 12:54:09"
[1] "Intersecting Buildings & Blocks @ 2025-04-25 12:54:09"
[1] "Completed Quadkey #54 @ 2025-04-25 12:54:10"
[1] "Loading Buildings @ 2025-04-25 12:54:11"
[1] "Intersecting Buildings & Blocks @ 2025-04-25 12:54:11"
[1] "Completed Quadkey #55 @ 2025-04-25 12:54:12"
[1] "Loading Buildings @ 2025-04-25 12:54:12"
[1] "Intersecting Buildings & Blocks @ 2025-04-25 12:54:13"
[1] "Completed Quadkey #56 @ 2025-04-25 12:54:13"
[1] "Loading Buildings @ 2025-04-25 12:54:14"
[1] "Intersecting Buildings & Blocks @ 2025-04-25 12:54:14"
[1] "Completed Quadkey #57 @ 2025-04-25 12:54:15"
[1] "Loading Buildings @ 2025-04-25 12:54:16"
[1] "Intersecting Buildings & Blocks @ 2025-04-25 12:54:17"
[1] "Completed Quadkey #58 @ 2025-04-25 12:54:17"
[1] "Loading Buildings @ 2025-04-25 12:54:18"
[1] "Intersecting Buildings & Blocks @ 2025-04-25 12:54:18"
[1] "Completed Quadkey #59 @ 2025-04-25 12:54:19"
[1] "Loading Buildings @ 2025-04-25 12:54:20"
[1] "Intersecting Buildings & Blocks @ 2025-04-25 12:54:21"
[1] "Completed Quadkey #60 @ 2025-04-25 12:54:22"
[1] "Loading Buildings @ 2025-04-25 12:54:23"
[1] "Intersecting Buildings & Blocks @ 2025-04-25 12:54:23"
[1] "Completed Quadkey #61 @ 2025-04-25 12:54:23"
[1] "Loading Buildings @ 2025-04-25 12:54:24"
[1] "Intersecting Buildings & Blocks @ 2025-04-25 12:54:25"
[1] "Completed Quadkey #62 @ 2025-04-25 12:54:26"
[1] "Loading Buildings @ 2025-04-25 12:54:27"
[1] "Intersecting Buildings & Blocks @ 2025-04-25 12:54:27"
[1] "Completed Quadkey #63 @ 2025-04-25 12:54:28"
[1] "Loading Buildings @ 2025-04-25 12:54:29"
[1] "Intersecting Buildings & Blocks @ 2025-04-25 12:54:30"
[1] "Completed Quadkey #64 @ 2025-04-25 12:54:31"
[1] "Loading Buildings @ 2025-04-25 12:54:33"
[1] "Intersecting Buildings & Blocks @ 2025-04-25 12:54:33"
[1] "Completed Quadkey #65 @ 2025-04-25 12:54:35"
[1] "Loading Buildings @ 2025-04-25 12:54:36"
[1] "Intersecting Buildings & Blocks @ 2025-04-25 12:54:36"
[1] "Completed Quadkey #66 @ 2025-04-25 12:54:37"
[1] "Loading Buildings @ 2025-04-25 12:54:37"
[1] "Intersecting Buildings & Blocks @ 2025-04-25 12:54:38"
[1] "Completed Quadkey #67 @ 2025-04-25 12:54:39"
[1] "Loading Buildings @ 2025-04-25 12:54:40"
[1] "Intersecting Buildings & Blocks @ 2025-04-25 12:54:42"
[1] "Completed Quadkey #68 @ 2025-04-25 12:54:43"
[1] "Loading Buildings @ 2025-04-25 12:54:45"
[1] "Intersecting Buildings & Blocks @ 2025-04-25 12:54:50"
[1] "Completed Quadkey #69 @ 2025-04-25 12:54:53"
[1] "Loading Buildings @ 2025-04-25 12:54:58"
[1] "Intersecting Buildings & Blocks @ 2025-04-25 12:55:30"
[1] "Completed Quadkey #70 @ 2025-04-25 12:55:45"
[1] "Loading Buildings @ 2025-04-25 12:55:47"
[1] "Intersecting Buildings & Blocks @ 2025-04-25 12:55:59"
[1] "Completed Quadkey #71 @ 2025-04-25 12:56:06"
[1] "Loading Buildings @ 2025-04-25 12:56:08"
[1] "Intersecting Buildings & Blocks @ 2025-04-25 12:56:08"
[1] "Completed Quadkey #72 @ 2025-04-25 12:56:10"
[1] "Loading Buildings @ 2025-04-25 12:56:11"
[1] "Intersecting Buildings & Blocks @ 2025-04-25 12:56:13"
[1] "Completed Quadkey #73 @ 2025-04-25 12:56:16"
[1] "Loading Buildings @ 2025-04-25 12:56:18"
[1] "Intersecting Buildings & Blocks @ 2025-04-25 12:56:20"
[1] "Completed Quadkey #74 @ 2025-04-25 12:56:22"
[1] "Loading Buildings @ 2025-04-25 12:56:25"
[1] "Intersecting Buildings & Blocks @ 2025-04-25 12:56:28"
[1] "Completed Quadkey #75 @ 2025-04-25 12:56:32"
[1] "Loading Buildings @ 2025-04-25 12:56:33"
[1] "Intersecting Buildings & Blocks @ 2025-04-25 12:56:37"
[1] "Completed Quadkey #76 @ 2025-04-25 12:56:40"
[1] "Loading Buildings @ 2025-04-25 12:56:42"
[1] "Intersecting Buildings & Blocks @ 2025-04-25 12:56:44"
[1] "Completed Quadkey #77 @ 2025-04-25 12:56:48"
[1] "Loading Buildings @ 2025-04-25 12:56:49"
[1] "Intersecting Buildings & Blocks @ 2025-04-25 12:56:49"
[1] "Completed Quadkey #78 @ 2025-04-25 12:56:50"
[1] "Loading Buildings @ 2025-04-25 12:56:50"
[1] "Intersecting Buildings & Blocks @ 2025-04-25 12:56:51"
[1] "Completed Quadkey #79 @ 2025-04-25 12:56:53"
[1] "Loading Buildings @ 2025-04-25 12:56:54"
[1] "Intersecting Buildings & Blocks @ 2025-04-25 12:56:54"
[1] "Completed Quadkey #80 @ 2025-04-25 12:56:55"
[1] "Loading Buildings @ 2025-04-25 12:56:55"
[1] "Intersecting Buildings & Blocks @ 2025-04-25 12:56:56"
[1] "Completed Quadkey #81 @ 2025-04-25 12:56:57"
[1] "Loading Buildings @ 2025-04-25 12:56:58"
[1] "Intersecting Buildings & Blocks @ 2025-04-25 12:56:58"
[1] "Completed Quadkey #82 @ 2025-04-25 12:56:59"
[1] "Loading Buildings @ 2025-04-25 12:57:03"
[1] "Intersecting Buildings & Blocks @ 2025-04-25 12:57:04"
[1] "Completed Quadkey #83 @ 2025-04-25 12:57:06"
[1] "Loading Buildings @ 2025-04-25 12:57:06"
[1] "Intersecting Buildings & Blocks @ 2025-04-25 12:57:06"
[1] "Completed Quadkey #84 @ 2025-04-25 12:57:07"
[1] "Loading Buildings @ 2025-04-25 12:57:11"
[1] "Intersecting Buildings & Blocks @ 2025-04-25 12:57:11"
[1] "Completed Quadkey #85 @ 2025-04-25 12:57:12"
[1] "Loading Buildings @ 2025-04-25 12:57:14"
[1] "Intersecting Buildings & Blocks @ 2025-04-25 12:57:15"
[1] "Completed Quadkey #86 @ 2025-04-25 12:57:16"
[1] "Loading Buildings @ 2025-04-25 12:57:16"
[1] "Intersecting Buildings & Blocks @ 2025-04-25 12:57:17"
[1] "Completed Quadkey #87 @ 2025-04-25 12:57:18"
[1] "Loading Buildings @ 2025-04-25 12:57:19"
[1] "Intersecting Buildings & Blocks @ 2025-04-25 12:57:19"
[1] "Completed Quadkey #88 @ 2025-04-25 12:57:20"
[1] "Loading Buildings @ 2025-04-25 12:57:21"
[1] "Intersecting Buildings & Blocks @ 2025-04-25 12:57:21"
[1] "Completed Quadkey #89 @ 2025-04-25 12:57:24"
[1] "Loading Buildings @ 2025-04-25 12:57:25"
[1] "Intersecting Buildings & Blocks @ 2025-04-25 12:57:25"
[1] "Completed Quadkey #90 @ 2025-04-25 12:57:27"
[1] "Loading Buildings @ 2025-04-25 12:57:31"
[1] "Intersecting Buildings & Blocks @ 2025-04-25 12:57:31"
[1] "Completed Quadkey #91 @ 2025-04-25 12:57:32"
[1] "Loading Buildings @ 2025-04-25 12:57:33"
[1] "Intersecting Buildings & Blocks @ 2025-04-25 12:57:33"
[1] "Completed Quadkey #92 @ 2025-04-25 12:57:35"
[1] "Loading Buildings @ 2025-04-25 12:57:35"
[1] "Intersecting Buildings & Blocks @ 2025-04-25 12:57:35"
[1] "Completed Quadkey #93 @ 2025-04-25 12:57:36"
[1] "Loading Buildings @ 2025-04-25 12:57:38"
[1] "Intersecting Buildings & Blocks @ 2025-04-25 12:57:38"
[1] "Completed Quadkey #94 @ 2025-04-25 12:57:39"
[1] "Loading Buildings @ 2025-04-25 12:57:40"
[1] "Intersecting Buildings & Blocks @ 2025-04-25 12:57:40"
[1] "Completed Quadkey #95 @ 2025-04-25 12:57:41"
[1] "Loading Buildings @ 2025-04-25 12:57:43"
[1] "Intersecting Buildings & Blocks @ 2025-04-25 12:57:43"
[1] "Completed Quadkey #96 @ 2025-04-25 12:57:44"
[1] "Loading Buildings @ 2025-04-25 12:57:45"
[1] "Intersecting Buildings & Blocks @ 2025-04-25 12:57:45"
[1] "Completed Quadkey #97 @ 2025-04-25 12:57:46"
[1] "Loading Buildings @ 2025-04-25 12:57:47"
[1] "Intersecting Buildings & Blocks @ 2025-04-25 12:57:48"
[1] "Completed Quadkey #98 @ 2025-04-25 12:57:48"
[1] "Loading Buildings @ 2025-04-25 12:57:49"
[1] "Intersecting Buildings & Blocks @ 2025-04-25 12:57:50"
[1] "Completed Quadkey #99 @ 2025-04-25 12:57:50"
[1] "Calculating Weights @ 2025-04-25 12:57:50"
[1] "SCRIPT COMPLETE @ 2025-04-25 12:57:54"
