[1] "Starting 12"
[1] "Loading quadkey joins @ 2025-04-25 12:52:38"
[1] "Loading download links @ 2025-04-25 12:52:49"
Reading layer `FL_block_2020' from data source 
  `/work/GRDVULN/census/FL_block_2020.shp' using driver `ESRI Shapefile'
Simple feature collection with 385351 features and 18 fields
Geometry type: MULTIPOLYGON
Dimension:     XY
Bounding box:  xmin: 796752.4 ymin: -1337505 xmax: 1600628 ymax: -645631.8
Projected CRS: USA_Contiguous_Albers_Equal_Area_Conic
[1] "Downloading Buildings from 56 Quadkeys --- 2025-04-25 12:53:15"
[1] "(56) Files to be Downloaded"
[1] "Loading Buildings @ 2025-04-25 12:53:18"
[1] "Intersecting Buildings & Blocks @ 2025-04-25 12:53:30"
[1] "Completed Quadkey #1 @ 2025-04-25 12:53:36"
[1] "Loading Buildings @ 2025-04-25 12:53:37"
[1] "Intersecting Buildings & Blocks @ 2025-04-25 12:53:37"
[1] "Completed Quadkey #2 @ 2025-04-25 12:53:37"
[1] "Loading Buildings @ 2025-04-25 12:53:39"
[1] "Intersecting Buildings & Blocks @ 2025-04-25 12:53:48"
[1] "Completed Quadkey #3 @ 2025-04-25 12:53:51"
[1] "Loading Buildings @ 2025-04-25 12:53:54"
[1] "Intersecting Buildings & Blocks @ 2025-04-25 12:54:01"
[1] "Completed Quadkey #4 @ 2025-04-25 12:54:04"
[1] "Loading Buildings @ 2025-04-25 12:54:06"
[1] "Intersecting Buildings & Blocks @ 2025-04-25 12:54:07"
[1] "Completed Quadkey #5 @ 2025-04-25 12:54:08"
[1] "Loading Buildings @ 2025-04-25 12:54:09"
[1] "Intersecting Buildings & Blocks @ 2025-04-25 12:54:11"
[1] "Completed Quadkey #6 @ 2025-04-25 12:54:13"
[1] "Loading Buildings @ 2025-04-25 12:54:14"
[1] "Intersecting Buildings & Blocks @ 2025-04-25 12:54:17"
[1] "Completed Quadkey #7 @ 2025-04-25 12:54:19"
[1] "Loading Buildings @ 2025-04-25 12:54:23"
[1] "Intersecting Buildings & Blocks @ 2025-04-25 12:54:24"
[1] "Completed Quadkey #8 @ 2025-04-25 12:54:24"
[1] "Loading Buildings @ 2025-04-25 12:54:26"
[1] "Intersecting Buildings & Blocks @ 2025-04-25 12:54:28"
[1] "Completed Quadkey #9 @ 2025-04-25 12:54:30"
[1] "Loading Buildings @ 2025-04-25 12:54:31"
[1] "Intersecting Buildings & Blocks @ 2025-04-25 12:54:31"
[1] "Completed Quadkey #10 @ 2025-04-25 12:54:31"
[1] "Loading Buildings @ 2025-04-25 12:54:33"
[1] "Intersecting Buildings & Blocks @ 2025-04-25 12:54:39"
[1] "Completed Quadkey #11 @ 2025-04-25 12:54:42"
[1] "Loading Buildings @ 2025-04-25 12:54:46"
[1] "Intersecting Buildings & Blocks @ 2025-04-25 12:55:24"
[1] "Completed Quadkey #12 @ 2025-04-25 12:55:40"
[1] "Loading Buildings @ 2025-04-25 12:55:41"
[1] "Intersecting Buildings & Blocks @ 2025-04-25 12:55:44"
[1] "Completed Quadkey #13 @ 2025-04-25 12:55:48"
[1] "Loading Buildings @ 2025-04-25 12:55:50"
[1] "Intersecting Buildings & Blocks @ 2025-04-25 12:55:50"
[1] "Completed Quadkey #14 @ 2025-04-25 12:55:52"
[1] "Loading Buildings @ 2025-04-25 12:55:54"
[1] "Intersecting Buildings & Blocks @ 2025-04-25 12:56:01"
[1] "Completed Quadkey #15 @ 2025-04-25 12:56:08"
[1] "Loading Buildings @ 2025-04-25 12:56:09"
[1] "Intersecting Buildings & Blocks @ 2025-04-25 12:56:11"
[1] "Completed Quadkey #16 @ 2025-04-25 12:56:13"
[1] "Loading Buildings @ 2025-04-25 12:56:15"
[1] "Intersecting Buildings & Blocks @ 2025-04-25 12:56:19"
[1] "Completed Quadkey #17 @ 2025-04-25 12:56:25"
[1] "Loading Buildings @ 2025-04-25 12:56:26"
[1] "Intersecting Buildings & Blocks @ 2025-04-25 12:56:30"
[1] "Completed Quadkey #18 @ 2025-04-25 12:56:36"
[1] "Loading Buildings @ 2025-04-25 12:56:38"
[1] "Intersecting Buildings & Blocks @ 2025-04-25 12:56:48"
[1] "Completed Quadkey #19 @ 2025-04-25 12:56:56"
[1] "Loading Buildings @ 2025-04-25 12:56:57"
[1] "Intersecting Buildings & Blocks @ 2025-04-25 12:57:00"
[1] "Completed Quadkey #20 @ 2025-04-25 12:57:03"
[1] "Loading Buildings @ 2025-04-25 12:57:05"
[1] "Intersecting Buildings & Blocks @ 2025-04-25 12:57:11"
[1] "Completed Quadkey #21 @ 2025-04-25 12:57:17"
[1] "Loading Buildings @ 2025-04-25 12:57:19"
[1] "Intersecting Buildings & Blocks @ 2025-04-25 12:57:26"
[1] "Completed Quadkey #22 @ 2025-04-25 12:57:33"
[1] "Loading Buildings @ 2025-04-25 12:57:43"
[1] "Intersecting Buildings & Blocks @ 2025-04-25 12:57:57"
[1] "Completed Quadkey #23 @ 2025-04-25 12:58:11"
[1] "Loading Buildings @ 2025-04-25 12:58:13"
[1] "Intersecting Buildings & Blocks @ 2025-04-25 12:58:27"
[1] "Completed Quadkey #24 @ 2025-04-25 12:58:37"
[1] "Loading Buildings @ 2025-04-25 12:58:38"
[1] "Intersecting Buildings & Blocks @ 2025-04-25 12:58:42"
[1] "Completed Quadkey #25 @ 2025-04-25 12:58:45"
[1] "Loading Buildings @ 2025-04-25 12:58:47"
[1] "Intersecting Buildings & Blocks @ 2025-04-25 12:58:51"
[1] "Completed Quadkey #26 @ 2025-04-25 12:58:58"
[1] "Loading Buildings @ 2025-04-25 12:59:00"
[1] "Intersecting Buildings & Blocks @ 2025-04-25 12:59:03"
[1] "Completed Quadkey #27 @ 2025-04-25 12:59:12"
[1] "Loading Buildings @ 2025-04-25 12:59:17"
[1] "Intersecting Buildings & Blocks @ 2025-04-25 12:59:32"
[1] "Completed Quadkey #28 @ 2025-04-25 12:59:47"
[1] "Loading Buildings @ 2025-04-25 12:59:49"
[1] "Intersecting Buildings & Blocks @ 2025-04-25 12:59:56"
[1] "Completed Quadkey #29 @ 2025-04-25 13:00:08"
[1] "Loading Buildings @ 2025-04-25 13:00:12"
[1] "Intersecting Buildings & Blocks @ 2025-04-25 13:00:36"
[1] "Completed Quadkey #30 @ 2025-04-25 13:00:54"
[1] "Loading Buildings @ 2025-04-25 13:00:56"
[1] "Intersecting Buildings & Blocks @ 2025-04-25 13:01:06"
[1] "Completed Quadkey #31 @ 2025-04-25 13:01:13"
[1] "Loading Buildings @ 2025-04-25 13:01:14"
[1] "Intersecting Buildings & Blocks @ 2025-04-25 13:01:17"
[1] "Completed Quadkey #32 @ 2025-04-25 13:01:24"
[1] "Loading Buildings @ 2025-04-25 13:01:27"
[1] "Intersecting Buildings & Blocks @ 2025-04-25 13:01:27"
[1] "Completed Quadkey #33 @ 2025-04-25 13:01:32"
[1] "Loading Buildings @ 2025-04-25 13:01:34"
[1] "Intersecting Buildings & Blocks @ 2025-04-25 13:01:37"
[1] "Completed Quadkey #34 @ 2025-04-25 13:01:45"
[1] "Loading Buildings @ 2025-04-25 13:01:46"
[1] "Intersecting Buildings & Blocks @ 2025-04-25 13:01:46"
[1] "Completed Quadkey #35 @ 2025-04-25 13:01:50"
[1] "Loading Buildings @ 2025-04-25 13:01:51"
[1] "Intersecting Buildings & Blocks @ 2025-04-25 13:01:52"
[1] "Completed Quadkey #36 @ 2025-04-25 13:01:59"
[1] "Loading Buildings @ 2025-04-25 13:02:01"
[1] "Intersecting Buildings & Blocks @ 2025-04-25 13:02:03"
[1] "Completed Quadkey #37 @ 2025-04-25 13:02:09"
[1] "Loading Buildings @ 2025-04-25 13:02:11"
[1] "Intersecting Buildings & Blocks @ 2025-04-25 13:02:11"
[1] "Completed Quadkey #38 @ 2025-04-25 13:02:18"
[1] "Loading Buildings @ 2025-04-25 13:02:20"
[1] "Intersecting Buildings & Blocks @ 2025-04-25 13:02:26"
[1] "Completed Quadkey #39 @ 2025-04-25 13:02:36"
[1] "Loading Buildings @ 2025-04-25 13:02:36"
[1] "Intersecting Buildings & Blocks @ 2025-04-25 13:02:36"
[1] "Completed Quadkey #40 @ 2025-04-25 13:02:40"
[1] "Loading Buildings @ 2025-04-25 13:02:43"
[1] "Intersecting Buildings & Blocks @ 2025-04-25 13:02:54"
[1] "Completed Quadkey #41 @ 2025-04-25 13:03:05"
[1] "Loading Buildings @ 2025-04-25 13:03:06"
[1] "Intersecting Buildings & Blocks @ 2025-04-25 13:03:07"
[1] "Completed Quadkey #42 @ 2025-04-25 13:03:12"
[1] "Loading Buildings @ 2025-04-25 13:03:14"
[1] "Intersecting Buildings & Blocks @ 2025-04-25 13:03:21"
[1] "Completed Quadkey #43 @ 2025-04-25 13:03:28"
[1] "Loading Buildings @ 2025-04-25 13:03:29"
[1] "Intersecting Buildings & Blocks @ 2025-04-25 13:03:29"
[1] "Completed Quadkey #44 @ 2025-04-25 13:03:33"
[1] "Loading Buildings @ 2025-04-25 13:03:37"
[1] "Intersecting Buildings & Blocks @ 2025-04-25 13:04:00"
[1] "Completed Quadkey #45 @ 2025-04-25 13:04:22"
[1] "Loading Buildings @ 2025-04-25 13:04:24"
[1] "Intersecting Buildings & Blocks @ 2025-04-25 13:04:35"
[1] "Completed Quadkey #46 @ 2025-04-25 13:04:49"
[1] "Loading Buildings @ 2025-04-25 13:04:51"
[1] "Intersecting Buildings & Blocks @ 2025-04-25 13:05:04"
[1] "Completed Quadkey #47 @ 2025-04-25 13:05:15"
[1] "Loading Buildings @ 2025-04-25 13:05:18"
[1] "Intersecting Buildings & Blocks @ 2025-04-25 13:05:18"
[1] "Completed Quadkey #48 @ 2025-04-25 13:05:27"
[1] "Loading Buildings @ 2025-04-25 13:05:32"
[1] "Intersecting Buildings & Blocks @ 2025-04-25 13:05:37"
[1] "Completed Quadkey #49 @ 2025-04-25 13:05:46"
[1] "Loading Buildings @ 2025-04-25 13:05:49"
[1] "Intersecting Buildings & Blocks @ 2025-04-25 13:05:49"
[1] "Completed Quadkey #50 @ 2025-04-25 13:05:57"
[1] "Loading Buildings @ 2025-04-25 13:06:01"
[1] "Intersecting Buildings & Blocks @ 2025-04-25 13:06:02"
[1] "Completed Quadkey #51 @ 2025-04-25 13:06:04"
[1] "Loading Buildings @ 2025-04-25 13:06:07"
[1] "Intersecting Buildings & Blocks @ 2025-04-25 13:06:09"
[1] "Completed Quadkey #52 @ 2025-04-25 13:06:12"
[1] "Loading Buildings @ 2025-04-25 13:06:15"
[1] "Intersecting Buildings & Blocks @ 2025-04-25 13:06:17"
[1] "Completed Quadkey #53 @ 2025-04-25 13:06:20"
[1] "Loading Buildings @ 2025-04-25 13:06:23"
[1] "Intersecting Buildings & Blocks @ 2025-04-25 13:06:25"
[1] "Completed Quadkey #54 @ 2025-04-25 13:06:29"
[1] "Loading Buildings @ 2025-04-25 13:06:34"
[1] "Intersecting Buildings & Blocks @ 2025-04-25 13:06:37"
[1] "Completed Quadkey #55 @ 2025-04-25 13:06:40"
[1] "Loading Buildings @ 2025-04-25 13:06:45"
[1] "Intersecting Buildings & Blocks @ 2025-04-25 13:06:49"
[1] "Completed Quadkey #56 @ 2025-04-25 13:06:56"
[1] "Calculating Weights @ 2025-04-25 13:06:56"
[1] "SCRIPT COMPLETE @ 2025-04-25 13:07:07"
