[1] "Starting 13"
[1] "Loading quadkey joins @ 2025-04-25 12:52:41"
[1] "Loading download links @ 2025-04-25 12:52:52"
Reading layer `GA_block_2020' from data source 
  `/work/GRDVULN/census/GA_block_2020.shp' using driver `ESRI Shapefile'
Simple feature collection with 232460 features and 18 fields
Geometry type: MULTIPOLYGON
Dimension:     XY
Bounding box:  xmin: 939223.1 ymin: -701249.8 xmax: 1419556 ymax: -200841.5
Projected CRS: USA_Contiguous_Albers_Equal_Area_Conic
[1] "Downloading Buildings from 56 Quadkeys --- 2025-04-25 12:53:14"
[1] "(56) Files to be Downloaded"
[1] "Loading Buildings @ 2025-04-25 12:53:15"
[1] "Intersecting Buildings & Blocks @ 2025-04-25 12:53:17"
[1] "Completed Quadkey #1 @ 2025-04-25 12:53:17"
[1] "Loading Buildings @ 2025-04-25 12:53:19"
[1] "Intersecting Buildings & Blocks @ 2025-04-25 12:53:23"
[1] "Completed Quadkey #2 @ 2025-04-25 12:53:23"
[1] "Loading Buildings @ 2025-04-25 12:53:25"
[1] "Intersecting Buildings & Blocks @ 2025-04-25 12:53:26"
[1] "Completed Quadkey #3 @ 2025-04-25 12:53:26"
[1] "Loading Buildings @ 2025-04-25 12:53:27"
[1] "Intersecting Buildings & Blocks @ 2025-04-25 12:53:29"
[1] "Completed Quadkey #4 @ 2025-04-25 12:53:29"
[1] "Loading Buildings @ 2025-04-25 12:53:37"
[1] "Intersecting Buildings & Blocks @ 2025-04-25 12:53:50"
[1] "Completed Quadkey #5 @ 2025-04-25 12:53:50"
[1] "Loading Buildings @ 2025-04-25 12:53:54"
[1] "Intersecting Buildings & Blocks @ 2025-04-25 12:53:59"
[1] "Completed Quadkey #6 @ 2025-04-25 12:53:59"
[1] "Loading Buildings @ 2025-04-25 12:54:02"
[1] "Intersecting Buildings & Blocks @ 2025-04-25 12:54:06"
[1] "Completed Quadkey #7 @ 2025-04-25 12:54:07"
[1] "Loading Buildings @ 2025-04-25 12:54:09"
[1] "Intersecting Buildings & Blocks @ 2025-04-25 12:54:12"
[1] "Completed Quadkey #8 @ 2025-04-25 12:54:13"
[1] "Loading Buildings @ 2025-04-25 12:54:28"
[1] "Intersecting Buildings & Blocks @ 2025-04-25 12:54:50"
[1] "Completed Quadkey #9 @ 2025-04-25 12:55:01"
[1] "Loading Buildings @ 2025-04-25 12:55:05"
[1] "Intersecting Buildings & Blocks @ 2025-04-25 12:55:12"
[1] "Completed Quadkey #10 @ 2025-04-25 12:55:17"
[1] "Loading Buildings @ 2025-04-25 12:55:19"
[1] "Intersecting Buildings & Blocks @ 2025-04-25 12:55:32"
[1] "Completed Quadkey #11 @ 2025-04-25 12:55:38"
[1] "Loading Buildings @ 2025-04-25 12:55:40"
[1] "Intersecting Buildings & Blocks @ 2025-04-25 12:55:44"
[1] "Completed Quadkey #12 @ 2025-04-25 12:55:46"
[1] "Loading Buildings @ 2025-04-25 12:55:48"
[1] "Intersecting Buildings & Blocks @ 2025-04-25 12:55:52"
[1] "Completed Quadkey #13 @ 2025-04-25 12:55:56"
[1] "Loading Buildings @ 2025-04-25 12:55:57"
[1] "Intersecting Buildings & Blocks @ 2025-04-25 12:55:58"
[1] "Completed Quadkey #14 @ 2025-04-25 12:55:59"
[1] "Loading Buildings @ 2025-04-25 12:56:00"
[1] "Intersecting Buildings & Blocks @ 2025-04-25 12:56:01"
[1] "Completed Quadkey #15 @ 2025-04-25 12:56:03"
[1] "Loading Buildings @ 2025-04-25 12:56:05"
[1] "Intersecting Buildings & Blocks @ 2025-04-25 12:56:08"
[1] "Completed Quadkey #16 @ 2025-04-25 12:56:12"
[1] "Loading Buildings @ 2025-04-25 12:56:21"
[1] "Intersecting Buildings & Blocks @ 2025-04-25 12:56:51"
[1] "Completed Quadkey #17 @ 2025-04-25 12:57:07"
[1] "Loading Buildings @ 2025-04-25 12:57:09"
[1] "Intersecting Buildings & Blocks @ 2025-04-25 12:57:23"
[1] "Completed Quadkey #18 @ 2025-04-25 12:57:30"
[1] "Loading Buildings @ 2025-04-25 12:57:32"
[1] "Intersecting Buildings & Blocks @ 2025-04-25 12:57:39"
[1] "Completed Quadkey #19 @ 2025-04-25 12:57:43"
[1] "Loading Buildings @ 2025-04-25 12:57:45"
[1] "Intersecting Buildings & Blocks @ 2025-04-25 12:57:47"
[1] "Completed Quadkey #20 @ 2025-04-25 12:57:49"
[1] "Loading Buildings @ 2025-04-25 12:57:51"
[1] "Intersecting Buildings & Blocks @ 2025-04-25 12:57:54"
[1] "Completed Quadkey #21 @ 2025-04-25 12:57:57"
[1] "Loading Buildings @ 2025-04-25 12:57:59"
[1] "Intersecting Buildings & Blocks @ 2025-04-25 12:58:04"
[1] "Completed Quadkey #22 @ 2025-04-25 12:58:07"
[1] "Loading Buildings @ 2025-04-25 12:58:09"
[1] "Intersecting Buildings & Blocks @ 2025-04-25 12:58:14"
[1] "Completed Quadkey #23 @ 2025-04-25 12:58:21"
[1] "Loading Buildings @ 2025-04-25 12:58:23"
[1] "Intersecting Buildings & Blocks @ 2025-04-25 12:58:25"
[1] "Completed Quadkey #24 @ 2025-04-25 12:58:28"
[1] "Loading Buildings @ 2025-04-25 12:58:30"
[1] "Intersecting Buildings & Blocks @ 2025-04-25 12:58:31"
[1] "Completed Quadkey #25 @ 2025-04-25 12:58:35"
[1] "Loading Buildings @ 2025-04-25 12:58:36"
[1] "Intersecting Buildings & Blocks @ 2025-04-25 12:58:40"
[1] "Completed Quadkey #26 @ 2025-04-25 12:58:44"
[1] "Loading Buildings @ 2025-04-25 12:58:46"
[1] "Intersecting Buildings & Blocks @ 2025-04-25 12:58:48"
[1] "Completed Quadkey #27 @ 2025-04-25 12:58:51"
[1] "Loading Buildings @ 2025-04-25 12:58:55"
[1] "Intersecting Buildings & Blocks @ 2025-04-25 12:58:56"
[1] "Completed Quadkey #28 @ 2025-04-25 12:58:59"
[1] "Loading Buildings @ 2025-04-25 12:59:02"
[1] "Intersecting Buildings & Blocks @ 2025-04-25 12:59:15"
[1] "Completed Quadkey #29 @ 2025-04-25 12:59:16"
[1] "Loading Buildings @ 2025-04-25 12:59:18"
[1] "Intersecting Buildings & Blocks @ 2025-04-25 12:59:20"
[1] "Completed Quadkey #30 @ 2025-04-25 12:59:22"
[1] "Loading Buildings @ 2025-04-25 12:59:24"
[1] "Intersecting Buildings & Blocks @ 2025-04-25 12:59:28"
[1] "Completed Quadkey #31 @ 2025-04-25 12:59:32"
[1] "Loading Buildings @ 2025-04-25 12:59:34"
[1] "Intersecting Buildings & Blocks @ 2025-04-25 12:59:35"
[1] "Completed Quadkey #32 @ 2025-04-25 12:59:38"
[1] "Loading Buildings @ 2025-04-25 12:59:39"
[1] "Intersecting Buildings & Blocks @ 2025-04-25 12:59:41"
[1] "Completed Quadkey #33 @ 2025-04-25 12:59:44"
[1] "Loading Buildings @ 2025-04-25 12:59:46"
[1] "Intersecting Buildings & Blocks @ 2025-04-25 12:59:48"
[1] "Completed Quadkey #34 @ 2025-04-25 12:59:51"
[1] "Loading Buildings @ 2025-04-25 12:59:53"
[1] "Intersecting Buildings & Blocks @ 2025-04-25 12:59:55"
[1] "Completed Quadkey #35 @ 2025-04-25 12:59:59"
[1] "Loading Buildings @ 2025-04-25 13:00:00"
[1] "Intersecting Buildings & Blocks @ 2025-04-25 13:00:02"
[1] "Completed Quadkey #36 @ 2025-04-25 13:00:06"
[1] "Loading Buildings @ 2025-04-25 13:00:09"
[1] "Intersecting Buildings & Blocks @ 2025-04-25 13:00:16"
[1] "Completed Quadkey #37 @ 2025-04-25 13:00:22"
[1] "Loading Buildings @ 2025-04-25 13:00:25"
[1] "Intersecting Buildings & Blocks @ 2025-04-25 13:00:30"
[1] "Completed Quadkey #38 @ 2025-04-25 13:00:30"
[1] "Loading Buildings @ 2025-04-25 13:00:32"
[1] "Intersecting Buildings & Blocks @ 2025-04-25 13:00:33"
[1] "Completed Quadkey #39 @ 2025-04-25 13:00:36"
[1] "Loading Buildings @ 2025-04-25 13:00:38"
[1] "Intersecting Buildings & Blocks @ 2025-04-25 13:00:40"
[1] "Completed Quadkey #40 @ 2025-04-25 13:00:44"
[1] "Loading Buildings @ 2025-04-25 13:00:50"
[1] "Intersecting Buildings & Blocks @ 2025-04-25 13:00:53"
[1] "Completed Quadkey #41 @ 2025-04-25 13:00:59"
[1] "Loading Buildings @ 2025-04-25 13:01:01"
[1] "Intersecting Buildings & Blocks @ 2025-04-25 13:01:02"
[1] "Completed Quadkey #42 @ 2025-04-25 13:01:06"
[1] "Loading Buildings @ 2025-04-25 13:01:08"
[1] "Intersecting Buildings & Blocks @ 2025-04-25 13:01:09"
[1] "Completed Quadkey #43 @ 2025-04-25 13:01:12"
[1] "Loading Buildings @ 2025-04-25 13:01:13"
[1] "Intersecting Buildings & Blocks @ 2025-04-25 13:01:19"
[1] "Completed Quadkey #44 @ 2025-04-25 13:01:24"
[1] "Loading Buildings @ 2025-04-25 13:01:31"
[1] "Intersecting Buildings & Blocks @ 2025-04-25 13:01:33"
[1] "Completed Quadkey #45 @ 2025-04-25 13:01:38"
[1] "Loading Buildings @ 2025-04-25 13:01:40"
[1] "Intersecting Buildings & Blocks @ 2025-04-25 13:01:41"
[1] "Completed Quadkey #46 @ 2025-04-25 13:01:45"
[1] "Loading Buildings @ 2025-04-25 13:01:46"
[1] "Intersecting Buildings & Blocks @ 2025-04-25 13:01:48"
[1] "Completed Quadkey #47 @ 2025-04-25 13:01:52"
[1] "Loading Buildings @ 2025-04-25 13:01:54"
[1] "Intersecting Buildings & Blocks @ 2025-04-25 13:02:01"
[1] "Completed Quadkey #48 @ 2025-04-25 13:02:04"
[1] "Loading Buildings @ 2025-04-25 13:02:06"
[1] "Intersecting Buildings & Blocks @ 2025-04-25 13:02:13"
[1] "Completed Quadkey #49 @ 2025-04-25 13:02:14"
[1] "Loading Buildings @ 2025-04-25 13:02:16"
[1] "Intersecting Buildings & Blocks @ 2025-04-25 13:02:19"
[1] "Completed Quadkey #50 @ 2025-04-25 13:02:22"
[1] "Loading Buildings @ 2025-04-25 13:02:23"
[1] "Intersecting Buildings & Blocks @ 2025-04-25 13:02:28"
[1] "Completed Quadkey #51 @ 2025-04-25 13:02:29"
[1] "Loading Buildings @ 2025-04-25 13:02:31"
[1] "Intersecting Buildings & Blocks @ 2025-04-25 13:02:34"
[1] "Completed Quadkey #52 @ 2025-04-25 13:02:37"
[1] "Loading Buildings @ 2025-04-25 13:02:39"
[1] "Intersecting Buildings & Blocks @ 2025-04-25 13:02:42"
[1] "Completed Quadkey #53 @ 2025-04-25 13:02:45"
[1] "Loading Buildings @ 2025-04-25 13:02:52"
[1] "Intersecting Buildings & Blocks @ 2025-04-25 13:02:54"
[1] "Completed Quadkey #54 @ 2025-04-25 13:02:57"
[1] "Loading Buildings @ 2025-04-25 13:02:59"
[1] "Intersecting Buildings & Blocks @ 2025-04-25 13:03:00"
[1] "Completed Quadkey #55 @ 2025-04-25 13:03:02"
[1] "Loading Buildings @ 2025-04-25 13:03:04"
[1] "Intersecting Buildings & Blocks @ 2025-04-25 13:03:08"
[1] "Completed Quadkey #56 @ 2025-04-25 13:03:09"
[1] "Calculating Weights @ 2025-04-25 13:03:09"
[1] "SCRIPT COMPLETE @ 2025-04-25 13:03:19"
