[1] "Starting 15"
[1] "Loading quadkey joins @ 2025-04-25 12:53:01"
[1] "Loading download links @ 2025-04-25 12:53:12"
Reading layer `HI_block_2020' from data source 
  `/work/GRDVULN/census/HI_block_2020.shp' using driver `ESRI Shapefile'
Simple feature collection with 13954 features and 18 fields
Geometry type: MULTIPOLYGON
Dimension:     XY
Bounding box:  xmin: -7115208 ymin: -76088.46 xmax: -5977217 ymax: 2274990
Projected CRS: USA_Contiguous_Albers_Equal_Area_Conic
[1] "Downloading Buildings from 11 Quadkeys --- 2025-04-25 12:53:32"
[1] "(11) Files to be Downloaded"
[1] "Loading Buildings @ 2025-04-25 12:53:32"
[1] "Intersecting Buildings & Blocks @ 2025-04-25 12:53:32"
[1] "Completed Quadkey #1 @ 2025-04-25 12:53:33"
[1] "Loading Buildings @ 2025-04-25 12:53:33"
[1] "Intersecting Buildings & Blocks @ 2025-04-25 12:53:34"
[1] "Completed Quadkey #2 @ 2025-04-25 12:53:34"
[1] "Loading Buildings @ 2025-04-25 12:53:34"
[1] "Intersecting Buildings & Blocks @ 2025-04-25 12:53:35"
[1] "Completed Quadkey #3 @ 2025-04-25 12:53:35"
[1] "Loading Buildings @ 2025-04-25 12:53:37"
[1] "Intersecting Buildings & Blocks @ 2025-04-25 12:53:40"
[1] "Completed Quadkey #4 @ 2025-04-25 12:53:43"
[1] "Loading Buildings @ 2025-04-25 12:53:43"
[1] "Intersecting Buildings & Blocks @ 2025-04-25 12:53:43"
[1] "Completed Quadkey #5 @ 2025-04-25 12:53:44"
[1] "Loading Buildings @ 2025-04-25 12:53:44"
[1] "Intersecting Buildings & Blocks @ 2025-04-25 12:53:44"
[1] "Completed Quadkey #6 @ 2025-04-25 12:53:45"
[1] "Loading Buildings @ 2025-04-25 12:53:45"
[1] "Intersecting Buildings & Blocks @ 2025-04-25 12:53:45"
[1] "Completed Quadkey #7 @ 2025-04-25 12:53:45"
[1] "Loading Buildings @ 2025-04-25 12:53:46"
[1] "Intersecting Buildings & Blocks @ 2025-04-25 12:53:47"
[1] "Completed Quadkey #8 @ 2025-04-25 12:53:48"
[1] "Loading Buildings @ 2025-04-25 12:53:49"
[1] "Intersecting Buildings & Blocks @ 2025-04-25 12:53:50"
[1] "Completed Quadkey #9 @ 2025-04-25 12:53:52"
[1] "Loading Buildings @ 2025-04-25 12:53:53"
[1] "Intersecting Buildings & Blocks @ 2025-04-25 12:53:54"
[1] "Completed Quadkey #10 @ 2025-04-25 12:53:54"
[1] "Loading Buildings @ 2025-04-25 12:53:55"
[1] "Intersecting Buildings & Blocks @ 2025-04-25 12:53:55"
[1] "Completed Quadkey #11 @ 2025-04-25 12:53:55"
[1] "Calculating Weights @ 2025-04-25 12:53:55"
[1] "SCRIPT COMPLETE @ 2025-04-25 12:53:56"
