[1] "Starting 16"
[1] "Loading quadkey joins @ 2025-04-25 12:53:05"
[1] "Loading download links @ 2025-04-25 12:53:16"
Reading layer `ID_block_2020' from data source 
  `/work/GRDVULN/census/ID_block_2020.shp' using driver `ESRI Shapefile'
Simple feature collection with 81879 features and 18 fields
Geometry type: POLYGON
Dimension:     XY
Bounding box:  xmin: -1715664 ymin: 602103.6 xmax: -1189292 ymax: 1453077
Projected CRS: USA_Contiguous_Albers_Equal_Area_Conic
[1] "Downloading Buildings from 102 Quadkeys --- 2025-04-25 12:53:39"
[1] "(102) Files to be Downloaded"
[1] "Loading Buildings @ 2025-04-25 12:53:40"
[1] "Intersecting Buildings & Blocks @ 2025-04-25 12:53:42"
[1] "Completed Quadkey #1 @ 2025-04-25 12:53:43"
[1] "Loading Buildings @ 2025-04-25 12:53:43"
[1] "Intersecting Buildings & Blocks @ 2025-04-25 12:53:43"
[1] "Completed Quadkey #2 @ 2025-04-25 12:53:43"
[1] "Loading Buildings @ 2025-04-25 12:53:44"
[1] "Intersecting Buildings & Blocks @ 2025-04-25 12:53:44"
[1] "Completed Quadkey #3 @ 2025-04-25 12:53:44"
[1] "Loading Buildings @ 2025-04-25 12:53:45"
[1] "Intersecting Buildings & Blocks @ 2025-04-25 12:53:45"
[1] "Completed Quadkey #4 @ 2025-04-25 12:53:45"
[1] "Loading Buildings @ 2025-04-25 12:53:45"
[1] "Intersecting Buildings & Blocks @ 2025-04-25 12:53:45"
[1] "Completed Quadkey #5 @ 2025-04-25 12:53:45"
[1] "Loading Buildings @ 2025-04-25 12:53:47"
[1] "Intersecting Buildings & Blocks @ 2025-04-25 12:53:50"
[1] "Completed Quadkey #6 @ 2025-04-25 12:53:52"
[1] "Loading Buildings @ 2025-04-25 12:53:54"
[1] "Intersecting Buildings & Blocks @ 2025-04-25 12:54:03"
[1] "Completed Quadkey #7 @ 2025-04-25 12:54:07"
[1] "Loading Buildings @ 2025-04-25 12:54:07"
[1] "Intersecting Buildings & Blocks @ 2025-04-25 12:54:07"
[1] "Completed Quadkey #8 @ 2025-04-25 12:54:07"
[1] "Loading Buildings @ 2025-04-25 12:54:08"
[1] "Intersecting Buildings & Blocks @ 2025-04-25 12:54:08"
[1] "Completed Quadkey #9 @ 2025-04-25 12:54:08"
[1] "Loading Buildings @ 2025-04-25 12:54:09"
[1] "Intersecting Buildings & Blocks @ 2025-04-25 12:54:09"
[1] "Completed Quadkey #10 @ 2025-04-25 12:54:09"
[1] "Loading Buildings @ 2025-04-25 12:54:10"
[1] "Intersecting Buildings & Blocks @ 2025-04-25 12:54:10"
[1] "Completed Quadkey #11 @ 2025-04-25 12:54:11"
[1] "Loading Buildings @ 2025-04-25 12:54:12"
[1] "Intersecting Buildings & Blocks @ 2025-04-25 12:54:12"
[1] "Completed Quadkey #12 @ 2025-04-25 12:54:12"
[1] "Loading Buildings @ 2025-04-25 12:54:13"
[1] "Intersecting Buildings & Blocks @ 2025-04-25 12:54:13"
[1] "Completed Quadkey #13 @ 2025-04-25 12:54:13"
[1] "Loading Buildings @ 2025-04-25 12:54:14"
[1] "Intersecting Buildings & Blocks @ 2025-04-25 12:54:14"
[1] "Completed Quadkey #14 @ 2025-04-25 12:54:15"
[1] "Loading Buildings @ 2025-04-25 12:54:16"
[1] "Intersecting Buildings & Blocks @ 2025-04-25 12:54:16"
[1] "Completed Quadkey #15 @ 2025-04-25 12:54:16"
[1] "Loading Buildings @ 2025-04-25 12:54:17"
[1] "Intersecting Buildings & Blocks @ 2025-04-25 12:54:17"
[1] "Completed Quadkey #16 @ 2025-04-25 12:54:17"
[1] "Loading Buildings @ 2025-04-25 12:54:18"
[1] "Intersecting Buildings & Blocks @ 2025-04-25 12:54:18"
[1] "Completed Quadkey #17 @ 2025-04-25 12:54:18"
[1] "Loading Buildings @ 2025-04-25 12:54:19"
[1] "Intersecting Buildings & Blocks @ 2025-04-25 12:54:19"
[1] "Completed Quadkey #18 @ 2025-04-25 12:54:19"
[1] "Loading Buildings @ 2025-04-25 12:54:20"
[1] "Intersecting Buildings & Blocks @ 2025-04-25 12:54:21"
[1] "Completed Quadkey #19 @ 2025-04-25 12:54:22"
[1] "Loading Buildings @ 2025-04-25 12:54:22"
[1] "Intersecting Buildings & Blocks @ 2025-04-25 12:54:22"
[1] "Completed Quadkey #20 @ 2025-04-25 12:54:23"
[1] "Loading Buildings @ 2025-04-25 12:54:24"
[1] "Intersecting Buildings & Blocks @ 2025-04-25 12:54:24"
[1] "Completed Quadkey #21 @ 2025-04-25 12:54:24"
[1] "Loading Buildings @ 2025-04-25 12:54:25"
[1] "Intersecting Buildings & Blocks @ 2025-04-25 12:54:25"
[1] "Completed Quadkey #22 @ 2025-04-25 12:54:26"
[1] "Loading Buildings @ 2025-04-25 12:54:26"
[1] "Intersecting Buildings & Blocks @ 2025-04-25 12:54:26"
[1] "Completed Quadkey #23 @ 2025-04-25 12:54:27"
[1] "Loading Buildings @ 2025-04-25 12:54:28"
[1] "Intersecting Buildings & Blocks @ 2025-04-25 12:54:29"
[1] "Completed Quadkey #24 @ 2025-04-25 12:54:29"
[1] "Loading Buildings @ 2025-04-25 12:54:30"
[1] "Intersecting Buildings & Blocks @ 2025-04-25 12:54:30"
[1] "Completed Quadkey #25 @ 2025-04-25 12:54:30"
[1] "Loading Buildings @ 2025-04-25 12:54:31"
[1] "Intersecting Buildings & Blocks @ 2025-04-25 12:54:31"
[1] "Completed Quadkey #26 @ 2025-04-25 12:54:31"
[1] "Loading Buildings @ 2025-04-25 12:54:32"
[1] "Intersecting Buildings & Blocks @ 2025-04-25 12:54:33"
[1] "Completed Quadkey #27 @ 2025-04-25 12:54:34"
[1] "Loading Buildings @ 2025-04-25 12:54:34"
[1] "Intersecting Buildings & Blocks @ 2025-04-25 12:54:34"
[1] "Completed Quadkey #28 @ 2025-04-25 12:54:35"
[1] "Loading Buildings @ 2025-04-25 12:54:36"
[1] "Intersecting Buildings & Blocks @ 2025-04-25 12:54:36"
[1] "Completed Quadkey #29 @ 2025-04-25 12:54:36"
[1] "Loading Buildings @ 2025-04-25 12:54:37"
[1] "Intersecting Buildings & Blocks @ 2025-04-25 12:54:38"
[1] "Completed Quadkey #30 @ 2025-04-25 12:54:40"
[1] "Loading Buildings @ 2025-04-25 12:54:41"
[1] "Intersecting Buildings & Blocks @ 2025-04-25 12:54:41"
[1] "Completed Quadkey #31 @ 2025-04-25 12:54:41"
[1] "Loading Buildings @ 2025-04-25 12:54:42"
[1] "Intersecting Buildings & Blocks @ 2025-04-25 12:54:42"
[1] "Completed Quadkey #32 @ 2025-04-25 12:54:42"
[1] "Loading Buildings @ 2025-04-25 12:54:43"
[1] "Intersecting Buildings & Blocks @ 2025-04-25 12:54:43"
[1] "Completed Quadkey #33 @ 2025-04-25 12:54:43"
[1] "Loading Buildings @ 2025-04-25 12:54:43"
[1] "Intersecting Buildings & Blocks @ 2025-04-25 12:54:43"
[1] "Completed Quadkey #34 @ 2025-04-25 12:54:44"
[1] "Loading Buildings @ 2025-04-25 12:54:45"
[1] "Intersecting Buildings & Blocks @ 2025-04-25 12:54:45"
[1] "Completed Quadkey #35 @ 2025-04-25 12:54:46"
[1] "Loading Buildings @ 2025-04-25 12:54:46"
[1] "Intersecting Buildings & Blocks @ 2025-04-25 12:54:46"
[1] "Completed Quadkey #36 @ 2025-04-25 12:54:46"
[1] "Loading Buildings @ 2025-04-25 12:54:47"
[1] "Intersecting Buildings & Blocks @ 2025-04-25 12:54:47"
[1] "Completed Quadkey #37 @ 2025-04-25 12:54:47"
[1] "Loading Buildings @ 2025-04-25 12:54:48"
[1] "Intersecting Buildings & Blocks @ 2025-04-25 12:54:49"
[1] "Completed Quadkey #38 @ 2025-04-25 12:54:49"
[1] "Loading Buildings @ 2025-04-25 12:54:51"
[1] "Intersecting Buildings & Blocks @ 2025-04-25 12:54:52"
[1] "Completed Quadkey #39 @ 2025-04-25 12:54:53"
[1] "Loading Buildings @ 2025-04-25 12:54:56"
[1] "Intersecting Buildings & Blocks @ 2025-04-25 12:54:56"
[1] "Completed Quadkey #40 @ 2025-04-25 12:54:56"
[1] "Loading Buildings @ 2025-04-25 12:54:56"
[1] "Intersecting Buildings & Blocks @ 2025-04-25 12:54:57"
[1] "Completed Quadkey #41 @ 2025-04-25 12:54:57"
[1] "Loading Buildings @ 2025-04-25 12:54:58"
[1] "Intersecting Buildings & Blocks @ 2025-04-25 12:54:58"
[1] "Completed Quadkey #42 @ 2025-04-25 12:54:59"
[1] "Loading Buildings @ 2025-04-25 12:54:59"
[1] "Intersecting Buildings & Blocks @ 2025-04-25 12:54:59"
[1] "Completed Quadkey #43 @ 2025-04-25 12:54:59"
[1] "Loading Buildings @ 2025-04-25 12:55:02"
[1] "Intersecting Buildings & Blocks @ 2025-04-25 12:55:03"
[1] "Completed Quadkey #44 @ 2025-04-25 12:55:03"
[1] "Loading Buildings @ 2025-04-25 12:55:04"
[1] "Intersecting Buildings & Blocks @ 2025-04-25 12:55:04"
[1] "Completed Quadkey #45 @ 2025-04-25 12:55:04"
[1] "Loading Buildings @ 2025-04-25 12:55:05"
[1] "Intersecting Buildings & Blocks @ 2025-04-25 12:55:05"
[1] "Completed Quadkey #46 @ 2025-04-25 12:55:06"
[1] "Loading Buildings @ 2025-04-25 12:55:07"
[1] "Intersecting Buildings & Blocks @ 2025-04-25 12:55:07"
[1] "Completed Quadkey #47 @ 2025-04-25 12:55:07"
[1] "Loading Buildings @ 2025-04-25 12:55:08"
[1] "Intersecting Buildings & Blocks @ 2025-04-25 12:55:08"
[1] "Completed Quadkey #48 @ 2025-04-25 12:55:08"
[1] "Loading Buildings @ 2025-04-25 12:55:08"
[1] "Intersecting Buildings & Blocks @ 2025-04-25 12:55:09"
[1] "Completed Quadkey #49 @ 2025-04-25 12:55:09"
[1] "Loading Buildings @ 2025-04-25 12:55:10"
[1] "Intersecting Buildings & Blocks @ 2025-04-25 12:55:10"
[1] "Completed Quadkey #50 @ 2025-04-25 12:55:10"
[1] "Loading Buildings @ 2025-04-25 12:55:11"
[1] "Intersecting Buildings & Blocks @ 2025-04-25 12:55:12"
[1] "Completed Quadkey #51 @ 2025-04-25 12:55:12"
[1] "Loading Buildings @ 2025-04-25 12:55:13"
[1] "Intersecting Buildings & Blocks @ 2025-04-25 12:55:13"
[1] "Completed Quadkey #52 @ 2025-04-25 12:55:13"
[1] "Loading Buildings @ 2025-04-25 12:55:14"
[1] "Intersecting Buildings & Blocks @ 2025-04-25 12:55:15"
[1] "Completed Quadkey #53 @ 2025-04-25 12:55:16"
[1] "Loading Buildings @ 2025-04-25 12:55:16"
[1] "Intersecting Buildings & Blocks @ 2025-04-25 12:55:16"
[1] "Completed Quadkey #54 @ 2025-04-25 12:55:17"
[1] "Loading Buildings @ 2025-04-25 12:55:17"
[1] "Intersecting Buildings & Blocks @ 2025-04-25 12:55:17"
[1] "Completed Quadkey #55 @ 2025-04-25 12:55:17"
[1] "Loading Buildings @ 2025-04-25 12:55:18"
[1] "Intersecting Buildings & Blocks @ 2025-04-25 12:55:18"
[1] "Completed Quadkey #56 @ 2025-04-25 12:55:20"
[1] "Loading Buildings @ 2025-04-25 12:55:21"
[1] "Intersecting Buildings & Blocks @ 2025-04-25 12:55:21"
[1] "Completed Quadkey #57 @ 2025-04-25 12:55:21"
[1] "Loading Buildings @ 2025-04-25 12:55:22"
[1] "Intersecting Buildings & Blocks @ 2025-04-25 12:55:23"
[1] "Completed Quadkey #58 @ 2025-04-25 12:55:23"
[1] "Loading Buildings @ 2025-04-25 12:55:24"
[1] "Intersecting Buildings & Blocks @ 2025-04-25 12:55:24"
[1] "Completed Quadkey #59 @ 2025-04-25 12:55:24"
[1] "Loading Buildings @ 2025-04-25 12:55:25"
[1] "Intersecting Buildings & Blocks @ 2025-04-25 12:55:27"
[1] "Completed Quadkey #60 @ 2025-04-25 12:55:27"
[1] "Loading Buildings @ 2025-04-25 12:55:28"
[1] "Intersecting Buildings & Blocks @ 2025-04-25 12:55:28"
[1] "Completed Quadkey #61 @ 2025-04-25 12:55:28"
[1] "Loading Buildings @ 2025-04-25 12:55:29"
[1] "Intersecting Buildings & Blocks @ 2025-04-25 12:55:29"
[1] "Completed Quadkey #62 @ 2025-04-25 12:55:29"
[1] "Loading Buildings @ 2025-04-25 12:55:30"
[1] "Intersecting Buildings & Blocks @ 2025-04-25 12:55:30"
[1] "Completed Quadkey #63 @ 2025-04-25 12:55:31"
[1] "Loading Buildings @ 2025-04-25 12:55:31"
[1] "Intersecting Buildings & Blocks @ 2025-04-25 12:55:31"
[1] "Completed Quadkey #64 @ 2025-04-25 12:55:31"
[1] "Loading Buildings @ 2025-04-25 12:55:32"
[1] "Intersecting Buildings & Blocks @ 2025-04-25 12:55:32"
[1] "Completed Quadkey #65 @ 2025-04-25 12:55:33"
[1] "Loading Buildings @ 2025-04-25 12:55:33"
[1] "Intersecting Buildings & Blocks @ 2025-04-25 12:55:34"
[1] "Completed Quadkey #66 @ 2025-04-25 12:55:34"
[1] "Loading Buildings @ 2025-04-25 12:55:35"
[1] "Intersecting Buildings & Blocks @ 2025-04-25 12:55:35"
[1] "Completed Quadkey #67 @ 2025-04-25 12:55:35"
[1] "Loading Buildings @ 2025-04-25 12:55:35"
[1] "Intersecting Buildings & Blocks @ 2025-04-25 12:55:35"
[1] "Completed Quadkey #68 @ 2025-04-25 12:55:35"
[1] "Loading Buildings @ 2025-04-25 12:55:37"
[1] "Intersecting Buildings & Blocks @ 2025-04-25 12:55:39"
[1] "Completed Quadkey #69 @ 2025-04-25 12:55:39"
[1] "Loading Buildings @ 2025-04-25 12:55:39"
[1] "Intersecting Buildings & Blocks @ 2025-04-25 12:55:40"
[1] "Completed Quadkey #70 @ 2025-04-25 12:55:40"
[1] "Loading Buildings @ 2025-04-25 12:55:40"
[1] "Intersecting Buildings & Blocks @ 2025-04-25 12:55:41"
[1] "Completed Quadkey #71 @ 2025-04-25 12:55:42"
[1] "Loading Buildings @ 2025-04-25 12:55:43"
[1] "Intersecting Buildings & Blocks @ 2025-04-25 12:55:44"
[1] "Completed Quadkey #72 @ 2025-04-25 12:55:45"
[1] "Loading Buildings @ 2025-04-25 12:55:46"
[1] "Intersecting Buildings & Blocks @ 2025-04-25 12:55:48"
[1] "Completed Quadkey #73 @ 2025-04-25 12:55:50"
[1] "Loading Buildings @ 2025-04-25 12:55:51"
[1] "Intersecting Buildings & Blocks @ 2025-04-25 12:55:52"
[1] "Completed Quadkey #74 @ 2025-04-25 12:55:54"
[1] "Loading Buildings @ 2025-04-25 12:55:55"
[1] "Intersecting Buildings & Blocks @ 2025-04-25 12:55:55"
[1] "Completed Quadkey #75 @ 2025-04-25 12:55:55"
[1] "Loading Buildings @ 2025-04-25 12:55:56"
[1] "Intersecting Buildings & Blocks @ 2025-04-25 12:55:56"
[1] "Completed Quadkey #76 @ 2025-04-25 12:55:56"
[1] "Loading Buildings @ 2025-04-25 12:55:57"
[1] "Intersecting Buildings & Blocks @ 2025-04-25 12:55:57"
[1] "Completed Quadkey #77 @ 2025-04-25 12:55:57"
[1] "Loading Buildings @ 2025-04-25 12:55:58"
[1] "Intersecting Buildings & Blocks @ 2025-04-25 12:55:58"
[1] "Completed Quadkey #78 @ 2025-04-25 12:55:59"
[1] "Loading Buildings @ 2025-04-25 12:55:59"
[1] "Intersecting Buildings & Blocks @ 2025-04-25 12:55:59"
[1] "Completed Quadkey #79 @ 2025-04-25 12:56:00"
[1] "Loading Buildings @ 2025-04-25 12:56:01"
[1] "Intersecting Buildings & Blocks @ 2025-04-25 12:56:01"
[1] "Completed Quadkey #80 @ 2025-04-25 12:56:02"
[1] "Loading Buildings @ 2025-04-25 12:56:03"
[1] "Intersecting Buildings & Blocks @ 2025-04-25 12:56:03"
[1] "Completed Quadkey #81 @ 2025-04-25 12:56:03"
[1] "Loading Buildings @ 2025-04-25 12:56:04"
[1] "Intersecting Buildings & Blocks @ 2025-04-25 12:56:04"
[1] "Completed Quadkey #82 @ 2025-04-25 12:56:05"
[1] "Loading Buildings @ 2025-04-25 12:56:05"
[1] "Intersecting Buildings & Blocks @ 2025-04-25 12:56:05"
[1] "Completed Quadkey #83 @ 2025-04-25 12:56:06"
[1] "Loading Buildings @ 2025-04-25 12:56:06"
[1] "Intersecting Buildings & Blocks @ 2025-04-25 12:56:07"
[1] "Completed Quadkey #84 @ 2025-04-25 12:56:07"
[1] "Loading Buildings @ 2025-04-25 12:56:08"
[1] "Intersecting Buildings & Blocks @ 2025-04-25 12:56:09"
[1] "Completed Quadkey #85 @ 2025-04-25 12:56:09"
[1] "Loading Buildings @ 2025-04-25 12:56:10"
[1] "Intersecting Buildings & Blocks @ 2025-04-25 12:56:10"
[1] "Completed Quadkey #86 @ 2025-04-25 12:56:10"
[1] "Loading Buildings @ 2025-04-25 12:56:11"
[1] "Intersecting Buildings & Blocks @ 2025-04-25 12:56:11"
[1] "Completed Quadkey #87 @ 2025-04-25 12:56:11"
[1] "Loading Buildings @ 2025-04-25 12:56:11"
[1] "Intersecting Buildings & Blocks @ 2025-04-25 12:56:11"
[1] "Completed Quadkey #88 @ 2025-04-25 12:56:11"
[1] "Loading Buildings @ 2025-04-25 12:56:12"
[1] "Intersecting Buildings & Blocks @ 2025-04-25 12:56:12"
[1] "Completed Quadkey #89 @ 2025-04-25 12:56:12"
[1] "Loading Buildings @ 2025-04-25 12:56:13"
[1] "Intersecting Buildings & Blocks @ 2025-04-25 12:56:13"
[1] "Completed Quadkey #90 @ 2025-04-25 12:56:13"
[1] "Loading Buildings @ 2025-04-25 12:56:13"
[1] "Intersecting Buildings & Blocks @ 2025-04-25 12:56:13"
[1] "Completed Quadkey #91 @ 2025-04-25 12:56:13"
[1] "Loading Buildings @ 2025-04-25 12:56:14"
[1] "Intersecting Buildings & Blocks @ 2025-04-25 12:56:14"
[1] "Completed Quadkey #92 @ 2025-04-25 12:56:14"
[1] "Loading Buildings @ 2025-04-25 12:56:15"
[1] "Intersecting Buildings & Blocks @ 2025-04-25 12:56:15"
[1] "Completed Quadkey #93 @ 2025-04-25 12:56:15"
[1] "Loading Buildings @ 2025-04-25 12:56:16"
[1] "Intersecting Buildings & Blocks @ 2025-04-25 12:56:17"
[1] "Completed Quadkey #94 @ 2025-04-25 12:56:17"
[1] "Loading Buildings @ 2025-04-25 12:56:17"
[1] "Intersecting Buildings & Blocks @ 2025-04-25 12:56:18"
[1] "Completed Quadkey #95 @ 2025-04-25 12:56:18"
[1] "Loading Buildings @ 2025-04-25 12:56:18"
[1] "Intersecting Buildings & Blocks @ 2025-04-25 12:56:18"
[1] "Completed Quadkey #96 @ 2025-04-25 12:56:19"
[1] "Loading Buildings @ 2025-04-25 12:56:20"
[1] "Intersecting Buildings & Blocks @ 2025-04-25 12:56:21"
[1] "Completed Quadkey #97 @ 2025-04-25 12:56:22"
[1] "Loading Buildings @ 2025-04-25 12:56:23"
[1] "Intersecting Buildings & Blocks @ 2025-04-25 12:56:24"
[1] "Completed Quadkey #98 @ 2025-04-25 12:56:25"
[1] "Loading Buildings @ 2025-04-25 12:56:26"
[1] "Intersecting Buildings & Blocks @ 2025-04-25 12:56:26"
[1] "Completed Quadkey #99 @ 2025-04-25 12:56:27"
[1] "Loading Buildings @ 2025-04-25 12:56:29"
[1] "Intersecting Buildings & Blocks @ 2025-04-25 12:56:39"
[1] "Completed Quadkey #100 @ 2025-04-25 12:56:41"
[1] "Loading Buildings @ 2025-04-25 12:56:42"
[1] "Intersecting Buildings & Blocks @ 2025-04-25 12:56:43"
[1] "Completed Quadkey #101 @ 2025-04-25 12:56:44"
[1] "Loading Buildings @ 2025-04-25 12:56:45"
[1] "Intersecting Buildings & Blocks @ 2025-04-25 12:56:45"
[1] "Completed Quadkey #102 @ 2025-04-25 12:56:47"
[1] "Calculating Weights @ 2025-04-25 12:56:47"
[1] "SCRIPT COMPLETE @ 2025-04-25 12:56:50"
