[1] "Starting 17"
[1] "Loading quadkey joins @ 2025-04-25 12:53:16"
[1] "Loading download links @ 2025-04-25 12:53:27"
Reading layer `IL_block_2020' from data source 
  `/work/GRDVULN/census/IL_block_2020.shp' using driver `ESRI Shapefile'
Simple feature collection with 369869 features and 18 fields
Geometry type: MULTIPOLYGON
Dimension:     XY
Bounding box:  xmin: 378605.4 ymin: -37721.26 xmax: 731300.3 ymax: 588066.8
Projected CRS: USA_Contiguous_Albers_Equal_Area_Conic
[1] "Downloading Buildings from 58 Quadkeys --- 2025-04-25 12:53:51"
[1] "(58) Files to be Downloaded"
[1] "Loading Buildings @ 2025-04-25 12:53:53"
[1] "Intersecting Buildings & Blocks @ 2025-04-25 12:53:55"
[1] "Completed Quadkey #1 @ 2025-04-25 12:53:56"
[1] "Loading Buildings @ 2025-04-25 12:53:57"
[1] "Intersecting Buildings & Blocks @ 2025-04-25 12:53:59"
[1] "Completed Quadkey #2 @ 2025-04-25 12:54:00"
[1] "Loading Buildings @ 2025-04-25 12:54:04"
[1] "Intersecting Buildings & Blocks @ 2025-04-25 12:54:12"
[1] "Completed Quadkey #3 @ 2025-04-25 12:54:15"
[1] "Loading Buildings @ 2025-04-25 12:54:29"
[1] "Intersecting Buildings & Blocks @ 2025-04-25 12:54:51"
[1] "Completed Quadkey #4 @ 2025-04-25 12:55:00"
[1] "Loading Buildings @ 2025-04-25 12:55:02"
[1] "Intersecting Buildings & Blocks @ 2025-04-25 12:55:09"
[1] "Completed Quadkey #5 @ 2025-04-25 12:55:12"
[1] "Loading Buildings @ 2025-04-25 12:55:13"
[1] "Intersecting Buildings & Blocks @ 2025-04-25 12:55:16"
[1] "Completed Quadkey #6 @ 2025-04-25 12:55:16"
[1] "Loading Buildings @ 2025-04-25 12:55:18"
[1] "Intersecting Buildings & Blocks @ 2025-04-25 12:55:19"
[1] "Completed Quadkey #7 @ 2025-04-25 12:55:20"
[1] "Loading Buildings @ 2025-04-25 12:55:21"
[1] "Intersecting Buildings & Blocks @ 2025-04-25 12:55:23"
[1] "Completed Quadkey #8 @ 2025-04-25 12:55:23"
[1] "Loading Buildings @ 2025-04-25 12:55:24"
[1] "Intersecting Buildings & Blocks @ 2025-04-25 12:55:26"
[1] "Completed Quadkey #9 @ 2025-04-25 12:55:27"
[1] "Loading Buildings @ 2025-04-25 12:55:29"
[1] "Intersecting Buildings & Blocks @ 2025-04-25 12:55:35"
[1] "Completed Quadkey #10 @ 2025-04-25 12:55:36"
[1] "Loading Buildings @ 2025-04-25 12:55:37"
[1] "Intersecting Buildings & Blocks @ 2025-04-25 12:55:40"
[1] "Completed Quadkey #11 @ 2025-04-25 12:55:43"
[1] "Loading Buildings @ 2025-04-25 12:55:44"
[1] "Intersecting Buildings & Blocks @ 2025-04-25 12:55:47"
[1] "Completed Quadkey #12 @ 2025-04-25 12:55:48"
[1] "Loading Buildings @ 2025-04-25 12:55:49"
[1] "Intersecting Buildings & Blocks @ 2025-04-25 12:55:52"
[1] "Completed Quadkey #13 @ 2025-04-25 12:55:54"
[1] "Loading Buildings @ 2025-04-25 12:55:56"
[1] "Intersecting Buildings & Blocks @ 2025-04-25 12:55:57"
[1] "Completed Quadkey #14 @ 2025-04-25 12:55:59"
[1] "Loading Buildings @ 2025-04-25 12:56:00"
[1] "Intersecting Buildings & Blocks @ 2025-04-25 12:56:01"
[1] "Completed Quadkey #15 @ 2025-04-25 12:56:02"
[1] "Loading Buildings @ 2025-04-25 12:56:04"
[1] "Intersecting Buildings & Blocks @ 2025-04-25 12:56:08"
[1] "Completed Quadkey #16 @ 2025-04-25 12:56:08"
[1] "Loading Buildings @ 2025-04-25 12:56:10"
[1] "Intersecting Buildings & Blocks @ 2025-04-25 12:56:11"
[1] "Completed Quadkey #17 @ 2025-04-25 12:56:13"
[1] "Loading Buildings @ 2025-04-25 12:56:14"
[1] "Intersecting Buildings & Blocks @ 2025-04-25 12:56:17"
[1] "Completed Quadkey #18 @ 2025-04-25 12:56:19"
[1] "Loading Buildings @ 2025-04-25 12:56:21"
[1] "Intersecting Buildings & Blocks @ 2025-04-25 12:56:25"
[1] "Completed Quadkey #19 @ 2025-04-25 12:56:26"
[1] "Loading Buildings @ 2025-04-25 12:56:31"
[1] "Intersecting Buildings & Blocks @ 2025-04-25 12:57:02"
[1] "Completed Quadkey #20 @ 2025-04-25 12:57:05"
[1] "Loading Buildings @ 2025-04-25 12:57:06"
[1] "Intersecting Buildings & Blocks @ 2025-04-25 12:57:13"
[1] "Completed Quadkey #21 @ 2025-04-25 12:57:19"
[1] "Loading Buildings @ 2025-04-25 12:57:20"
[1] "Intersecting Buildings & Blocks @ 2025-04-25 12:57:22"
[1] "Completed Quadkey #22 @ 2025-04-25 12:57:23"
[1] "Loading Buildings @ 2025-04-25 12:57:24"
[1] "Intersecting Buildings & Blocks @ 2025-04-25 12:57:26"
[1] "Completed Quadkey #23 @ 2025-04-25 12:57:28"
[1] "Loading Buildings @ 2025-04-25 12:57:29"
[1] "Intersecting Buildings & Blocks @ 2025-04-25 12:57:31"
[1] "Completed Quadkey #24 @ 2025-04-25 12:57:31"
[1] "Loading Buildings @ 2025-04-25 12:57:32"
[1] "Intersecting Buildings & Blocks @ 2025-04-25 12:57:34"
[1] "Completed Quadkey #25 @ 2025-04-25 12:57:36"
[1] "Loading Buildings @ 2025-04-25 12:57:38"
[1] "Intersecting Buildings & Blocks @ 2025-04-25 12:57:40"
[1] "Completed Quadkey #26 @ 2025-04-25 12:57:40"
[1] "Loading Buildings @ 2025-04-25 12:57:42"
[1] "Intersecting Buildings & Blocks @ 2025-04-25 12:57:42"
[1] "Completed Quadkey #27 @ 2025-04-25 12:57:44"
[1] "Loading Buildings @ 2025-04-25 12:57:45"
[1] "Intersecting Buildings & Blocks @ 2025-04-25 12:57:47"
[1] "Completed Quadkey #28 @ 2025-04-25 12:57:49"
[1] "Loading Buildings @ 2025-04-25 12:57:50"
[1] "Intersecting Buildings & Blocks @ 2025-04-25 12:57:52"
[1] "Completed Quadkey #29 @ 2025-04-25 12:57:53"
[1] "Loading Buildings @ 2025-04-25 12:57:56"
[1] "Intersecting Buildings & Blocks @ 2025-04-25 12:58:01"
[1] "Completed Quadkey #30 @ 2025-04-25 12:58:06"
[1] "Loading Buildings @ 2025-04-25 12:58:08"
[1] "Intersecting Buildings & Blocks @ 2025-04-25 12:58:12"
[1] "Completed Quadkey #31 @ 2025-04-25 12:58:17"
[1] "Loading Buildings @ 2025-04-25 12:58:19"
[1] "Intersecting Buildings & Blocks @ 2025-04-25 12:58:20"
[1] "Completed Quadkey #32 @ 2025-04-25 12:58:23"
[1] "Loading Buildings @ 2025-04-25 12:58:26"
[1] "Intersecting Buildings & Blocks @ 2025-04-25 12:58:28"
[1] "Completed Quadkey #33 @ 2025-04-25 12:58:31"
[1] "Loading Buildings @ 2025-04-25 12:58:32"
[1] "Intersecting Buildings & Blocks @ 2025-04-25 12:58:35"
[1] "Completed Quadkey #34 @ 2025-04-25 12:58:37"
[1] "Loading Buildings @ 2025-04-25 12:58:39"
[1] "Intersecting Buildings & Blocks @ 2025-04-25 12:58:42"
[1] "Completed Quadkey #35 @ 2025-04-25 12:58:46"
[1] "Loading Buildings @ 2025-04-25 12:58:47"
[1] "Intersecting Buildings & Blocks @ 2025-04-25 12:58:48"
[1] "Completed Quadkey #36 @ 2025-04-25 12:58:51"
[1] "Loading Buildings @ 2025-04-25 12:58:53"
[1] "Intersecting Buildings & Blocks @ 2025-04-25 12:58:57"
[1] "Completed Quadkey #37 @ 2025-04-25 12:59:00"
[1] "Loading Buildings @ 2025-04-25 12:59:02"
[1] "Intersecting Buildings & Blocks @ 2025-04-25 12:59:04"
[1] "Completed Quadkey #38 @ 2025-04-25 12:59:07"
[1] "Loading Buildings @ 2025-04-25 12:59:08"
[1] "Intersecting Buildings & Blocks @ 2025-04-25 12:59:09"
[1] "Completed Quadkey #39 @ 2025-04-25 12:59:11"
[1] "Loading Buildings @ 2025-04-25 12:59:13"
[1] "Intersecting Buildings & Blocks @ 2025-04-25 12:59:16"
[1] "Completed Quadkey #40 @ 2025-04-25 12:59:21"
[1] "Loading Buildings @ 2025-04-25 12:59:25"
[1] "Intersecting Buildings & Blocks @ 2025-04-25 12:59:56"
[1] "Completed Quadkey #41 @ 2025-04-25 13:00:10"
[1] "Loading Buildings @ 2025-04-25 13:00:11"
[1] "Intersecting Buildings & Blocks @ 2025-04-25 13:00:17"
[1] "Completed Quadkey #42 @ 2025-04-25 13:00:21"
[1] "Loading Buildings @ 2025-04-25 13:00:25"
[1] "Intersecting Buildings & Blocks @ 2025-04-25 13:00:26"
[1] "Completed Quadkey #43 @ 2025-04-25 13:00:29"
[1] "Loading Buildings @ 2025-04-25 13:00:31"
[1] "Intersecting Buildings & Blocks @ 2025-04-25 13:00:38"
[1] "Completed Quadkey #44 @ 2025-04-25 13:00:42"
[1] "Loading Buildings @ 2025-04-25 13:00:43"
[1] "Intersecting Buildings & Blocks @ 2025-04-25 13:00:44"
[1] "Completed Quadkey #45 @ 2025-04-25 13:00:48"
[1] "Loading Buildings @ 2025-04-25 13:00:53"
[1] "Intersecting Buildings & Blocks @ 2025-04-25 13:00:55"
[1] "Completed Quadkey #46 @ 2025-04-25 13:00:58"
[1] "Loading Buildings @ 2025-04-25 13:00:59"
[1] "Intersecting Buildings & Blocks @ 2025-04-25 13:01:00"
[1] "Completed Quadkey #47 @ 2025-04-25 13:01:04"
[1] "Loading Buildings @ 2025-04-25 13:01:05"
[1] "Intersecting Buildings & Blocks @ 2025-04-25 13:01:07"
[1] "Completed Quadkey #48 @ 2025-04-25 13:01:12"
[1] "Loading Buildings @ 2025-04-25 13:01:13"
[1] "Intersecting Buildings & Blocks @ 2025-04-25 13:01:14"
[1] "Completed Quadkey #49 @ 2025-04-25 13:01:15"
[1] "Loading Buildings @ 2025-04-25 13:01:17"
[1] "Intersecting Buildings & Blocks @ 2025-04-25 13:01:19"
[1] "Completed Quadkey #50 @ 2025-04-25 13:01:21"
[1] "Loading Buildings @ 2025-04-25 13:01:28"
[1] "Intersecting Buildings & Blocks @ 2025-04-25 13:02:23"
[1] "Completed Quadkey #51 @ 2025-04-25 13:02:45"
[1] "Loading Buildings @ 2025-04-25 13:02:48"
[1] "Intersecting Buildings & Blocks @ 2025-04-25 13:03:05"
[1] "Completed Quadkey #52 @ 2025-04-25 13:03:09"
[1] "Loading Buildings @ 2025-04-25 13:03:10"
[1] "Intersecting Buildings & Blocks @ 2025-04-25 13:03:11"
[1] "Completed Quadkey #53 @ 2025-04-25 13:03:14"
[1] "Loading Buildings @ 2025-04-25 13:03:16"
[1] "Intersecting Buildings & Blocks @ 2025-04-25 13:03:18"
[1] "Completed Quadkey #54 @ 2025-04-25 13:03:21"
[1] "Loading Buildings @ 2025-04-25 13:03:22"
[1] "Intersecting Buildings & Blocks @ 2025-04-25 13:03:24"
[1] "Completed Quadkey #55 @ 2025-04-25 13:03:27"
[1] "Loading Buildings @ 2025-04-25 13:03:32"
[1] "Intersecting Buildings & Blocks @ 2025-04-25 13:03:34"
[1] "Completed Quadkey #56 @ 2025-04-25 13:03:40"
[1] "Loading Buildings @ 2025-04-25 13:03:41"
[1] "Intersecting Buildings & Blocks @ 2025-04-25 13:03:43"
[1] "Completed Quadkey #57 @ 2025-04-25 13:03:45"
[1] "Loading Buildings @ 2025-04-25 13:03:46"
[1] "Intersecting Buildings & Blocks @ 2025-04-25 13:03:52"
[1] "Completed Quadkey #58 @ 2025-04-25 13:03:53"
[1] "Calculating Weights @ 2025-04-25 13:03:53"
[1] "SCRIPT COMPLETE @ 2025-04-25 13:04:02"
