[1] "Starting 18"
[1] "Loading quadkey joins @ 2025-04-25 12:53:42"
[1] "Loading download links @ 2025-04-25 12:53:53"
Reading layer `IN_block_2020' from data source 
  `/work/GRDVULN/census/IN_block_2020.shp' using driver `ESRI Shapefile'
Simple feature collection with 204516 features and 18 fields
Geometry type: POLYGON
Dimension:     XY
Bounding box:  xmin: 687448.8 ymin: 60157.2 xmax: 961724.2 ymax: 531654.8
Projected CRS: USA_Contiguous_Albers_Equal_Area_Conic
[1] "Downloading Buildings from 40 Quadkeys --- 2025-04-25 12:54:13"
[1] "(40) Files to be Downloaded"
[1] "Loading Buildings @ 2025-04-25 12:54:15"
[1] "Intersecting Buildings & Blocks @ 2025-04-25 12:54:26"
[1] "Completed Quadkey #1 @ 2025-04-25 12:54:29"
[1] "Loading Buildings @ 2025-04-25 12:54:30"
[1] "Intersecting Buildings & Blocks @ 2025-04-25 12:54:33"
[1] "Completed Quadkey #2 @ 2025-04-25 12:54:35"
[1] "Loading Buildings @ 2025-04-25 12:54:38"
[1] "Intersecting Buildings & Blocks @ 2025-04-25 12:54:40"
[1] "Completed Quadkey #3 @ 2025-04-25 12:54:42"
[1] "Loading Buildings @ 2025-04-25 12:54:43"
[1] "Intersecting Buildings & Blocks @ 2025-04-25 12:54:50"
[1] "Completed Quadkey #4 @ 2025-04-25 12:54:54"
[1] "Loading Buildings @ 2025-04-25 12:54:56"
[1] "Intersecting Buildings & Blocks @ 2025-04-25 12:54:59"
[1] "Completed Quadkey #5 @ 2025-04-25 12:54:59"
[1] "Loading Buildings @ 2025-04-25 12:55:01"
[1] "Intersecting Buildings & Blocks @ 2025-04-25 12:55:04"
[1] "Completed Quadkey #6 @ 2025-04-25 12:55:06"
[1] "Loading Buildings @ 2025-04-25 12:55:07"
[1] "Intersecting Buildings & Blocks @ 2025-04-25 12:55:09"
[1] "Completed Quadkey #7 @ 2025-04-25 12:55:09"
[1] "Loading Buildings @ 2025-04-25 12:55:10"
[1] "Intersecting Buildings & Blocks @ 2025-04-25 12:55:12"
[1] "Completed Quadkey #8 @ 2025-04-25 12:55:12"
[1] "Loading Buildings @ 2025-04-25 12:55:19"
[1] "Intersecting Buildings & Blocks @ 2025-04-25 12:56:15"
[1] "Completed Quadkey #9 @ 2025-04-25 12:56:20"
[1] "Loading Buildings @ 2025-04-25 12:56:22"
[1] "Intersecting Buildings & Blocks @ 2025-04-25 12:56:33"
[1] "Completed Quadkey #10 @ 2025-04-25 12:56:35"
[1] "Loading Buildings @ 2025-04-25 12:56:36"
[1] "Intersecting Buildings & Blocks @ 2025-04-25 12:56:37"
[1] "Completed Quadkey #11 @ 2025-04-25 12:56:38"
[1] "Loading Buildings @ 2025-04-25 12:56:39"
[1] "Intersecting Buildings & Blocks @ 2025-04-25 12:56:41"
[1] "Completed Quadkey #12 @ 2025-04-25 12:56:42"
[1] "Loading Buildings @ 2025-04-25 12:56:43"
[1] "Intersecting Buildings & Blocks @ 2025-04-25 12:56:44"
[1] "Completed Quadkey #13 @ 2025-04-25 12:56:45"
[1] "Loading Buildings @ 2025-04-25 12:56:47"
[1] "Intersecting Buildings & Blocks @ 2025-04-25 12:56:49"
[1] "Completed Quadkey #14 @ 2025-04-25 12:56:51"
[1] "Loading Buildings @ 2025-04-25 12:56:52"
[1] "Intersecting Buildings & Blocks @ 2025-04-25 12:56:55"
[1] "Completed Quadkey #15 @ 2025-04-25 12:56:56"
[1] "Loading Buildings @ 2025-04-25 12:56:58"
[1] "Intersecting Buildings & Blocks @ 2025-04-25 12:57:04"
[1] "Completed Quadkey #16 @ 2025-04-25 12:57:07"
[1] "Loading Buildings @ 2025-04-25 12:57:08"
[1] "Intersecting Buildings & Blocks @ 2025-04-25 12:57:11"
[1] "Completed Quadkey #17 @ 2025-04-25 12:57:13"
[1] "Loading Buildings @ 2025-04-25 12:57:15"
[1] "Intersecting Buildings & Blocks @ 2025-04-25 12:57:17"
[1] "Completed Quadkey #18 @ 2025-04-25 12:57:19"
[1] "Loading Buildings @ 2025-04-25 12:57:20"
[1] "Intersecting Buildings & Blocks @ 2025-04-25 12:57:24"
[1] "Completed Quadkey #19 @ 2025-04-25 12:57:27"
[1] "Loading Buildings @ 2025-04-25 12:57:31"
[1] "Intersecting Buildings & Blocks @ 2025-04-25 12:57:33"
[1] "Completed Quadkey #20 @ 2025-04-25 12:57:36"
[1] "Loading Buildings @ 2025-04-25 12:57:38"
[1] "Intersecting Buildings & Blocks @ 2025-04-25 12:57:41"
[1] "Completed Quadkey #21 @ 2025-04-25 12:57:45"
[1] "Loading Buildings @ 2025-04-25 12:57:46"
[1] "Intersecting Buildings & Blocks @ 2025-04-25 12:57:49"
[1] "Completed Quadkey #22 @ 2025-04-25 12:57:54"
[1] "Loading Buildings @ 2025-04-25 12:57:57"
[1] "Intersecting Buildings & Blocks @ 2025-04-25 12:58:01"
[1] "Completed Quadkey #23 @ 2025-04-25 12:58:03"
[1] "Loading Buildings @ 2025-04-25 12:58:05"
[1] "Intersecting Buildings & Blocks @ 2025-04-25 12:58:15"
[1] "Completed Quadkey #24 @ 2025-04-25 12:58:16"
[1] "Loading Buildings @ 2025-04-25 12:58:17"
[1] "Intersecting Buildings & Blocks @ 2025-04-25 12:58:23"
[1] "Completed Quadkey #25 @ 2025-04-25 12:58:25"
[1] "Loading Buildings @ 2025-04-25 12:58:32"
[1] "Intersecting Buildings & Blocks @ 2025-04-25 12:58:47"
[1] "Completed Quadkey #26 @ 2025-04-25 12:58:49"
[1] "Loading Buildings @ 2025-04-25 12:58:50"
[1] "Intersecting Buildings & Blocks @ 2025-04-25 12:58:52"
[1] "Completed Quadkey #27 @ 2025-04-25 12:58:53"
[1] "Loading Buildings @ 2025-04-25 12:58:55"
[1] "Intersecting Buildings & Blocks @ 2025-04-25 12:58:59"
[1] "Completed Quadkey #28 @ 2025-04-25 12:59:00"
[1] "Loading Buildings @ 2025-04-25 12:59:05"
[1] "Intersecting Buildings & Blocks @ 2025-04-25 12:59:08"
[1] "Completed Quadkey #29 @ 2025-04-25 12:59:11"
[1] "Loading Buildings @ 2025-04-25 12:59:12"
[1] "Intersecting Buildings & Blocks @ 2025-04-25 12:59:19"
[1] "Completed Quadkey #30 @ 2025-04-25 12:59:20"
[1] "Loading Buildings @ 2025-04-25 12:59:22"
[1] "Intersecting Buildings & Blocks @ 2025-04-25 12:59:26"
[1] "Completed Quadkey #31 @ 2025-04-25 12:59:27"
[1] "Loading Buildings @ 2025-04-25 12:59:31"
[1] "Intersecting Buildings & Blocks @ 2025-04-25 12:59:34"
[1] "Completed Quadkey #32 @ 2025-04-25 12:59:37"
[1] "Loading Buildings @ 2025-04-25 12:59:39"
[1] "Intersecting Buildings & Blocks @ 2025-04-25 12:59:46"
[1] "Completed Quadkey #33 @ 2025-04-25 12:59:51"
[1] "Loading Buildings @ 2025-04-25 12:59:54"
[1] "Intersecting Buildings & Blocks @ 2025-04-25 13:00:17"
[1] "Completed Quadkey #34 @ 2025-04-25 13:00:28"
[1] "Loading Buildings @ 2025-04-25 13:00:30"
[1] "Intersecting Buildings & Blocks @ 2025-04-25 13:00:33"
[1] "Completed Quadkey #35 @ 2025-04-25 13:00:37"
[1] "Loading Buildings @ 2025-04-25 13:00:38"
[1] "Intersecting Buildings & Blocks @ 2025-04-25 13:00:42"
[1] "Completed Quadkey #36 @ 2025-04-25 13:00:46"
[1] "Loading Buildings @ 2025-04-25 13:00:53"
[1] "Intersecting Buildings & Blocks @ 2025-04-25 13:00:57"
[1] "Completed Quadkey #37 @ 2025-04-25 13:01:00"
[1] "Loading Buildings @ 2025-04-25 13:01:02"
[1] "Intersecting Buildings & Blocks @ 2025-04-25 13:01:10"
[1] "Completed Quadkey #38 @ 2025-04-25 13:01:15"
[1] "Loading Buildings @ 2025-04-25 13:01:16"
[1] "Intersecting Buildings & Blocks @ 2025-04-25 13:01:19"
[1] "Completed Quadkey #39 @ 2025-04-25 13:01:23"
[1] "Loading Buildings @ 2025-04-25 13:01:25"
[1] "Intersecting Buildings & Blocks @ 2025-04-25 13:01:28"
[1] "Completed Quadkey #40 @ 2025-04-25 13:01:31"
[1] "Calculating Weights @ 2025-04-25 13:01:31"
[1] "SCRIPT COMPLETE @ 2025-04-25 13:01:38"
