[1] "Starting 19"
[1] "Loading quadkey joins @ 2025-04-25 12:53:48"
[1] "Loading download links @ 2025-04-25 12:53:59"
Reading layer `IA_block_2020' from data source 
  `/work/GRDVULN/census/IA_block_2020.shp' using driver `ESRI Shapefile'
Simple feature collection with 175199 features and 18 fields
Geometry type: POLYGON
Dimension:     XY
Bounding box:  xmin: -52053.19 ymin: 331383 xmax: 481752 ymax: 681495
Projected CRS: USA_Contiguous_Albers_Equal_Area_Conic
[1] "Downloading Buildings from 57 Quadkeys --- 2025-04-25 12:54:16"
[1] "(57) Files to be Downloaded"
[1] "Loading Buildings @ 2025-04-25 12:54:17"
[1] "Intersecting Buildings & Blocks @ 2025-04-25 12:54:18"
[1] "Completed Quadkey #1 @ 2025-04-25 12:54:18"
[1] "Loading Buildings @ 2025-04-25 12:54:20"
[1] "Intersecting Buildings & Blocks @ 2025-04-25 12:54:21"
[1] "Completed Quadkey #2 @ 2025-04-25 12:54:22"
[1] "Loading Buildings @ 2025-04-25 12:54:23"
[1] "Intersecting Buildings & Blocks @ 2025-04-25 12:54:25"
[1] "Completed Quadkey #3 @ 2025-04-25 12:54:26"
[1] "Loading Buildings @ 2025-04-25 12:54:27"
[1] "Intersecting Buildings & Blocks @ 2025-04-25 12:54:30"
[1] "Completed Quadkey #4 @ 2025-04-25 12:54:30"
[1] "Loading Buildings @ 2025-04-25 12:54:31"
[1] "Intersecting Buildings & Blocks @ 2025-04-25 12:54:33"
[1] "Completed Quadkey #5 @ 2025-04-25 12:54:34"
[1] "Loading Buildings @ 2025-04-25 12:54:35"
[1] "Intersecting Buildings & Blocks @ 2025-04-25 12:54:36"
[1] "Completed Quadkey #6 @ 2025-04-25 12:54:37"
[1] "Loading Buildings @ 2025-04-25 12:54:38"
[1] "Intersecting Buildings & Blocks @ 2025-04-25 12:54:39"
[1] "Completed Quadkey #7 @ 2025-04-25 12:54:39"
[1] "Loading Buildings @ 2025-04-25 12:54:41"
[1] "Intersecting Buildings & Blocks @ 2025-04-25 12:54:42"
[1] "Completed Quadkey #8 @ 2025-04-25 12:54:42"
[1] "Loading Buildings @ 2025-04-25 12:54:43"
[1] "Intersecting Buildings & Blocks @ 2025-04-25 12:54:44"
[1] "Completed Quadkey #9 @ 2025-04-25 12:54:44"
[1] "Loading Buildings @ 2025-04-25 12:54:46"
[1] "Intersecting Buildings & Blocks @ 2025-04-25 12:54:47"
[1] "Completed Quadkey #10 @ 2025-04-25 12:54:48"
[1] "Loading Buildings @ 2025-04-25 12:54:49"
[1] "Intersecting Buildings & Blocks @ 2025-04-25 12:54:50"
[1] "Completed Quadkey #11 @ 2025-04-25 12:54:52"
[1] "Loading Buildings @ 2025-04-25 12:54:53"
[1] "Intersecting Buildings & Blocks @ 2025-04-25 12:54:54"
[1] "Completed Quadkey #12 @ 2025-04-25 12:54:54"
[1] "Loading Buildings @ 2025-04-25 12:54:55"
[1] "Intersecting Buildings & Blocks @ 2025-04-25 12:54:56"
[1] "Completed Quadkey #13 @ 2025-04-25 12:54:56"
[1] "Loading Buildings @ 2025-04-25 12:54:57"
[1] "Intersecting Buildings & Blocks @ 2025-04-25 12:54:59"
[1] "Completed Quadkey #14 @ 2025-04-25 12:54:59"
[1] "Loading Buildings @ 2025-04-25 12:55:02"
[1] "Intersecting Buildings & Blocks @ 2025-04-25 12:55:15"
[1] "Completed Quadkey #15 @ 2025-04-25 12:55:16"
[1] "Loading Buildings @ 2025-04-25 12:55:17"
[1] "Intersecting Buildings & Blocks @ 2025-04-25 12:55:18"
[1] "Completed Quadkey #16 @ 2025-04-25 12:55:19"
[1] "Loading Buildings @ 2025-04-25 12:55:20"
[1] "Intersecting Buildings & Blocks @ 2025-04-25 12:55:21"
[1] "Completed Quadkey #17 @ 2025-04-25 12:55:21"
[1] "Loading Buildings @ 2025-04-25 12:55:23"
[1] "Intersecting Buildings & Blocks @ 2025-04-25 12:55:24"
[1] "Completed Quadkey #18 @ 2025-04-25 12:55:24"
[1] "Loading Buildings @ 2025-04-25 12:55:25"
[1] "Intersecting Buildings & Blocks @ 2025-04-25 12:55:27"
[1] "Completed Quadkey #19 @ 2025-04-25 12:55:27"
[1] "Loading Buildings @ 2025-04-25 12:55:28"
[1] "Intersecting Buildings & Blocks @ 2025-04-25 12:55:29"
[1] "Completed Quadkey #20 @ 2025-04-25 12:55:31"
[1] "Loading Buildings @ 2025-04-25 12:55:32"
[1] "Intersecting Buildings & Blocks @ 2025-04-25 12:55:33"
[1] "Completed Quadkey #21 @ 2025-04-25 12:55:34"
[1] "Loading Buildings @ 2025-04-25 12:55:35"
[1] "Intersecting Buildings & Blocks @ 2025-04-25 12:55:36"
[1] "Completed Quadkey #22 @ 2025-04-25 12:55:36"
[1] "Loading Buildings @ 2025-04-25 12:55:37"
[1] "Intersecting Buildings & Blocks @ 2025-04-25 12:55:38"
[1] "Completed Quadkey #23 @ 2025-04-25 12:55:39"
[1] "Loading Buildings @ 2025-04-25 12:55:40"
[1] "Intersecting Buildings & Blocks @ 2025-04-25 12:55:41"
[1] "Completed Quadkey #24 @ 2025-04-25 12:55:42"
[1] "Loading Buildings @ 2025-04-25 12:55:43"
[1] "Intersecting Buildings & Blocks @ 2025-04-25 12:55:44"
[1] "Completed Quadkey #25 @ 2025-04-25 12:55:45"
[1] "Loading Buildings @ 2025-04-25 12:55:46"
[1] "Intersecting Buildings & Blocks @ 2025-04-25 12:55:46"
[1] "Completed Quadkey #26 @ 2025-04-25 12:55:47"
[1] "Loading Buildings @ 2025-04-25 12:55:48"
[1] "Intersecting Buildings & Blocks @ 2025-04-25 12:55:49"
[1] "Completed Quadkey #27 @ 2025-04-25 12:55:50"
[1] "Loading Buildings @ 2025-04-25 12:55:51"
[1] "Intersecting Buildings & Blocks @ 2025-04-25 12:55:53"
[1] "Completed Quadkey #28 @ 2025-04-25 12:55:55"
[1] "Loading Buildings @ 2025-04-25 12:55:57"
[1] "Intersecting Buildings & Blocks @ 2025-04-25 12:56:06"
[1] "Completed Quadkey #29 @ 2025-04-25 12:56:10"
[1] "Loading Buildings @ 2025-04-25 12:56:11"
[1] "Intersecting Buildings & Blocks @ 2025-04-25 12:56:13"
[1] "Completed Quadkey #30 @ 2025-04-25 12:56:14"
[1] "Loading Buildings @ 2025-04-25 12:56:15"
[1] "Intersecting Buildings & Blocks @ 2025-04-25 12:56:16"
[1] "Completed Quadkey #31 @ 2025-04-25 12:56:18"
[1] "Loading Buildings @ 2025-04-25 12:56:19"
[1] "Intersecting Buildings & Blocks @ 2025-04-25 12:56:20"
[1] "Completed Quadkey #32 @ 2025-04-25 12:56:21"
[1] "Loading Buildings @ 2025-04-25 12:56:22"
[1] "Intersecting Buildings & Blocks @ 2025-04-25 12:56:23"
[1] "Completed Quadkey #33 @ 2025-04-25 12:56:24"
[1] "Loading Buildings @ 2025-04-25 12:56:26"
[1] "Intersecting Buildings & Blocks @ 2025-04-25 12:56:28"
[1] "Completed Quadkey #34 @ 2025-04-25 12:56:30"
[1] "Loading Buildings @ 2025-04-25 12:56:31"
[1] "Intersecting Buildings & Blocks @ 2025-04-25 12:56:32"
[1] "Completed Quadkey #35 @ 2025-04-25 12:56:35"
[1] "Loading Buildings @ 2025-04-25 12:56:36"
[1] "Intersecting Buildings & Blocks @ 2025-04-25 12:56:37"
[1] "Completed Quadkey #36 @ 2025-04-25 12:56:38"
[1] "Loading Buildings @ 2025-04-25 12:56:39"
[1] "Intersecting Buildings & Blocks @ 2025-04-25 12:56:41"
[1] "Completed Quadkey #37 @ 2025-04-25 12:56:42"
[1] "Loading Buildings @ 2025-04-25 12:56:44"
[1] "Intersecting Buildings & Blocks @ 2025-04-25 12:56:47"
[1] "Completed Quadkey #38 @ 2025-04-25 12:56:49"
[1] "Loading Buildings @ 2025-04-25 12:56:52"
[1] "Intersecting Buildings & Blocks @ 2025-04-25 12:56:53"
[1] "Completed Quadkey #39 @ 2025-04-25 12:56:54"
[1] "Loading Buildings @ 2025-04-25 12:56:55"
[1] "Intersecting Buildings & Blocks @ 2025-04-25 12:56:57"
[1] "Completed Quadkey #40 @ 2025-04-25 12:56:59"
[1] "Loading Buildings @ 2025-04-25 12:56:59"
[1] "Intersecting Buildings & Blocks @ 2025-04-25 12:57:00"
[1] "Completed Quadkey #41 @ 2025-04-25 12:57:01"
[1] "Loading Buildings @ 2025-04-25 12:57:03"
[1] "Intersecting Buildings & Blocks @ 2025-04-25 12:57:04"
[1] "Completed Quadkey #42 @ 2025-04-25 12:57:06"
[1] "Loading Buildings @ 2025-04-25 12:57:07"
[1] "Intersecting Buildings & Blocks @ 2025-04-25 12:57:10"
[1] "Completed Quadkey #43 @ 2025-04-25 12:57:14"
[1] "Loading Buildings @ 2025-04-25 12:57:16"
[1] "Intersecting Buildings & Blocks @ 2025-04-25 12:57:20"
[1] "Completed Quadkey #44 @ 2025-04-25 12:57:23"
[1] "Loading Buildings @ 2025-04-25 12:57:30"
[1] "Intersecting Buildings & Blocks @ 2025-04-25 12:57:32"
[1] "Completed Quadkey #45 @ 2025-04-25 12:57:33"
[1] "Loading Buildings @ 2025-04-25 12:57:35"
[1] "Intersecting Buildings & Blocks @ 2025-04-25 12:57:36"
[1] "Completed Quadkey #46 @ 2025-04-25 12:57:38"
[1] "Loading Buildings @ 2025-04-25 12:57:38"
[1] "Intersecting Buildings & Blocks @ 2025-04-25 12:57:39"
[1] "Completed Quadkey #47 @ 2025-04-25 12:57:40"
[1] "Loading Buildings @ 2025-04-25 12:57:41"
[1] "Intersecting Buildings & Blocks @ 2025-04-25 12:57:43"
[1] "Completed Quadkey #48 @ 2025-04-25 12:57:46"
[1] "Loading Buildings @ 2025-04-25 12:57:47"
[1] "Intersecting Buildings & Blocks @ 2025-04-25 12:57:49"
[1] "Completed Quadkey #49 @ 2025-04-25 12:57:50"
[1] "Loading Buildings @ 2025-04-25 12:57:55"
[1] "Intersecting Buildings & Blocks @ 2025-04-25 12:57:57"
[1] "Completed Quadkey #50 @ 2025-04-25 12:57:58"
[1] "Loading Buildings @ 2025-04-25 12:57:59"
[1] "Intersecting Buildings & Blocks @ 2025-04-25 12:58:01"
[1] "Completed Quadkey #51 @ 2025-04-25 12:58:02"
[1] "Loading Buildings @ 2025-04-25 12:58:03"
[1] "Intersecting Buildings & Blocks @ 2025-04-25 12:58:08"
[1] "Completed Quadkey #52 @ 2025-04-25 12:58:11"
[1] "Loading Buildings @ 2025-04-25 12:58:13"
[1] "Intersecting Buildings & Blocks @ 2025-04-25 12:58:17"
[1] "Completed Quadkey #53 @ 2025-04-25 12:58:19"
[1] "Loading Buildings @ 2025-04-25 12:58:20"
[1] "Intersecting Buildings & Blocks @ 2025-04-25 12:58:23"
[1] "Completed Quadkey #54 @ 2025-04-25 12:58:24"
[1] "Loading Buildings @ 2025-04-25 12:58:26"
[1] "Intersecting Buildings & Blocks @ 2025-04-25 12:58:26"
[1] "Completed Quadkey #55 @ 2025-04-25 12:58:27"
[1] "Loading Buildings @ 2025-04-25 12:58:29"
[1] "Intersecting Buildings & Blocks @ 2025-04-25 12:58:32"
[1] "Completed Quadkey #56 @ 2025-04-25 12:58:34"
[1] "Loading Buildings @ 2025-04-25 12:58:35"
[1] "Intersecting Buildings & Blocks @ 2025-04-25 12:58:35"
[1] "Completed Quadkey #57 @ 2025-04-25 12:58:38"
[1] "Calculating Weights @ 2025-04-25 12:58:38"
[1] "SCRIPT COMPLETE @ 2025-04-25 12:58:42"
