[1] "Starting 20"
[1] "Loading quadkey joins @ 2025-04-25 12:53:54"
[1] "Loading download links @ 2025-04-25 12:54:05"
Reading layer `KS_block_2020' from data source 
  `/work/GRDVULN/census/KS_block_2020.shp' using driver `ESRI Shapefile'
Simple feature collection with 172529 features and 18 fields
Geometry type: POLYGON
Dimension:     XY
Bounding box:  xmin: -532364.9 ymin: -56157.83 xmax: 121838.6 ymax: 296835.8
Projected CRS: USA_Contiguous_Albers_Equal_Area_Conic
[1] "Downloading Buildings from 83 Quadkeys --- 2025-04-25 12:54:23"
[1] "(83) Files to be Downloaded"
[1] "Loading Buildings @ 2025-04-25 12:54:24"
[1] "Intersecting Buildings & Blocks @ 2025-04-25 12:54:25"
[1] "Completed Quadkey #1 @ 2025-04-25 12:54:25"
[1] "Loading Buildings @ 2025-04-25 12:54:26"
[1] "Intersecting Buildings & Blocks @ 2025-04-25 12:54:27"
[1] "Completed Quadkey #2 @ 2025-04-25 12:54:27"
[1] "Loading Buildings @ 2025-04-25 12:54:29"
[1] "Intersecting Buildings & Blocks @ 2025-04-25 12:54:32"
[1] "Completed Quadkey #3 @ 2025-04-25 12:54:32"
[1] "Loading Buildings @ 2025-04-25 12:54:37"
[1] "Intersecting Buildings & Blocks @ 2025-04-25 12:55:01"
[1] "Completed Quadkey #4 @ 2025-04-25 12:55:05"
[1] "Loading Buildings @ 2025-04-25 12:55:06"
[1] "Intersecting Buildings & Blocks @ 2025-04-25 12:55:10"
[1] "Completed Quadkey #5 @ 2025-04-25 12:55:11"
[1] "Loading Buildings @ 2025-04-25 12:55:12"
[1] "Intersecting Buildings & Blocks @ 2025-04-25 12:55:14"
[1] "Completed Quadkey #6 @ 2025-04-25 12:55:14"
[1] "Loading Buildings @ 2025-04-25 12:55:23"
[1] "Intersecting Buildings & Blocks @ 2025-04-25 12:55:25"
[1] "Completed Quadkey #7 @ 2025-04-25 12:55:26"
[1] "Loading Buildings @ 2025-04-25 12:55:27"
[1] "Intersecting Buildings & Blocks @ 2025-04-25 12:55:34"
[1] "Completed Quadkey #8 @ 2025-04-25 12:55:34"
[1] "Loading Buildings @ 2025-04-25 12:55:35"
[1] "Intersecting Buildings & Blocks @ 2025-04-25 12:55:35"
[1] "Completed Quadkey #9 @ 2025-04-25 12:55:35"
[1] "Loading Buildings @ 2025-04-25 12:55:36"
[1] "Intersecting Buildings & Blocks @ 2025-04-25 12:55:36"
[1] "Completed Quadkey #10 @ 2025-04-25 12:55:36"
[1] "Loading Buildings @ 2025-04-25 12:55:37"
[1] "Intersecting Buildings & Blocks @ 2025-04-25 12:55:38"
[1] "Completed Quadkey #11 @ 2025-04-25 12:55:38"
[1] "Loading Buildings @ 2025-04-25 12:55:38"
[1] "Intersecting Buildings & Blocks @ 2025-04-25 12:55:39"
[1] "Completed Quadkey #12 @ 2025-04-25 12:55:39"
[1] "Loading Buildings @ 2025-04-25 12:55:40"
[1] "Intersecting Buildings & Blocks @ 2025-04-25 12:55:40"
[1] "Completed Quadkey #13 @ 2025-04-25 12:55:40"
[1] "Loading Buildings @ 2025-04-25 12:55:41"
[1] "Intersecting Buildings & Blocks @ 2025-04-25 12:55:41"
[1] "Completed Quadkey #14 @ 2025-04-25 12:55:41"
[1] "Loading Buildings @ 2025-04-25 12:55:42"
[1] "Intersecting Buildings & Blocks @ 2025-04-25 12:55:42"
[1] "Completed Quadkey #15 @ 2025-04-25 12:55:42"
[1] "Loading Buildings @ 2025-04-25 12:55:44"
[1] "Intersecting Buildings & Blocks @ 2025-04-25 12:55:44"
[1] "Completed Quadkey #16 @ 2025-04-25 12:55:44"
[1] "Loading Buildings @ 2025-04-25 12:55:45"
[1] "Intersecting Buildings & Blocks @ 2025-04-25 12:55:45"
[1] "Completed Quadkey #17 @ 2025-04-25 12:55:46"
[1] "Loading Buildings @ 2025-04-25 12:55:47"
[1] "Intersecting Buildings & Blocks @ 2025-04-25 12:55:47"
[1] "Completed Quadkey #18 @ 2025-04-25 12:55:48"
[1] "Loading Buildings @ 2025-04-25 12:55:48"
[1] "Intersecting Buildings & Blocks @ 2025-04-25 12:55:49"
[1] "Completed Quadkey #19 @ 2025-04-25 12:55:49"
[1] "Loading Buildings @ 2025-04-25 12:55:50"
[1] "Intersecting Buildings & Blocks @ 2025-04-25 12:55:50"
[1] "Completed Quadkey #20 @ 2025-04-25 12:55:50"
[1] "Loading Buildings @ 2025-04-25 12:55:51"
[1] "Intersecting Buildings & Blocks @ 2025-04-25 12:55:51"
[1] "Completed Quadkey #21 @ 2025-04-25 12:55:51"
[1] "Loading Buildings @ 2025-04-25 12:55:52"
[1] "Intersecting Buildings & Blocks @ 2025-04-25 12:55:53"
[1] "Completed Quadkey #22 @ 2025-04-25 12:55:53"
[1] "Loading Buildings @ 2025-04-25 12:55:54"
[1] "Intersecting Buildings & Blocks @ 2025-04-25 12:55:54"
[1] "Completed Quadkey #23 @ 2025-04-25 12:55:54"
[1] "Loading Buildings @ 2025-04-25 12:55:55"
[1] "Intersecting Buildings & Blocks @ 2025-04-25 12:55:56"
[1] "Completed Quadkey #24 @ 2025-04-25 12:55:56"
[1] "Loading Buildings @ 2025-04-25 12:55:59"
[1] "Intersecting Buildings & Blocks @ 2025-04-25 12:55:59"
[1] "Completed Quadkey #25 @ 2025-04-25 12:55:59"
[1] "Loading Buildings @ 2025-04-25 12:56:00"
[1] "Intersecting Buildings & Blocks @ 2025-04-25 12:56:01"
[1] "Completed Quadkey #26 @ 2025-04-25 12:56:01"
[1] "Loading Buildings @ 2025-04-25 12:56:02"
[1] "Intersecting Buildings & Blocks @ 2025-04-25 12:56:02"
[1] "Completed Quadkey #27 @ 2025-04-25 12:56:02"
[1] "Loading Buildings @ 2025-04-25 12:56:03"
[1] "Intersecting Buildings & Blocks @ 2025-04-25 12:56:03"
[1] "Completed Quadkey #28 @ 2025-04-25 12:56:03"
[1] "Loading Buildings @ 2025-04-25 12:56:04"
[1] "Intersecting Buildings & Blocks @ 2025-04-25 12:56:05"
[1] "Completed Quadkey #29 @ 2025-04-25 12:56:05"
[1] "Loading Buildings @ 2025-04-25 12:56:08"
[1] "Intersecting Buildings & Blocks @ 2025-04-25 12:56:08"
[1] "Completed Quadkey #30 @ 2025-04-25 12:56:09"
[1] "Loading Buildings @ 2025-04-25 12:56:09"
[1] "Intersecting Buildings & Blocks @ 2025-04-25 12:56:10"
[1] "Completed Quadkey #31 @ 2025-04-25 12:56:10"
[1] "Loading Buildings @ 2025-04-25 12:56:11"
[1] "Intersecting Buildings & Blocks @ 2025-04-25 12:56:12"
[1] "Completed Quadkey #32 @ 2025-04-25 12:56:12"
[1] "Loading Buildings @ 2025-04-25 12:56:13"
[1] "Intersecting Buildings & Blocks @ 2025-04-25 12:56:14"
[1] "Completed Quadkey #33 @ 2025-04-25 12:56:14"
[1] "Loading Buildings @ 2025-04-25 12:56:15"
[1] "Intersecting Buildings & Blocks @ 2025-04-25 12:56:16"
[1] "Completed Quadkey #34 @ 2025-04-25 12:56:16"
[1] "Loading Buildings @ 2025-04-25 12:56:17"
[1] "Intersecting Buildings & Blocks @ 2025-04-25 12:56:17"
[1] "Completed Quadkey #35 @ 2025-04-25 12:56:18"
[1] "Loading Buildings @ 2025-04-25 12:56:18"
[1] "Intersecting Buildings & Blocks @ 2025-04-25 12:56:19"
[1] "Completed Quadkey #36 @ 2025-04-25 12:56:19"
[1] "Loading Buildings @ 2025-04-25 12:56:20"
[1] "Intersecting Buildings & Blocks @ 2025-04-25 12:56:21"
[1] "Completed Quadkey #37 @ 2025-04-25 12:56:22"
[1] "Loading Buildings @ 2025-04-25 12:56:23"
[1] "Intersecting Buildings & Blocks @ 2025-04-25 12:56:23"
[1] "Completed Quadkey #38 @ 2025-04-25 12:56:24"
[1] "Loading Buildings @ 2025-04-25 12:56:24"
[1] "Intersecting Buildings & Blocks @ 2025-04-25 12:56:25"
[1] "Completed Quadkey #39 @ 2025-04-25 12:56:26"
[1] "Loading Buildings @ 2025-04-25 12:56:26"
[1] "Intersecting Buildings & Blocks @ 2025-04-25 12:56:27"
[1] "Completed Quadkey #40 @ 2025-04-25 12:56:27"
[1] "Loading Buildings @ 2025-04-25 12:56:28"
[1] "Intersecting Buildings & Blocks @ 2025-04-25 12:56:29"
[1] "Completed Quadkey #41 @ 2025-04-25 12:56:30"
[1] "Loading Buildings @ 2025-04-25 12:56:31"
[1] "Intersecting Buildings & Blocks @ 2025-04-25 12:56:31"
[1] "Completed Quadkey #42 @ 2025-04-25 12:56:32"
[1] "Loading Buildings @ 2025-04-25 12:56:33"
[1] "Intersecting Buildings & Blocks @ 2025-04-25 12:56:35"
[1] "Completed Quadkey #43 @ 2025-04-25 12:56:36"
[1] "Loading Buildings @ 2025-04-25 12:56:37"
[1] "Intersecting Buildings & Blocks @ 2025-04-25 12:56:37"
[1] "Completed Quadkey #44 @ 2025-04-25 12:56:38"
[1] "Loading Buildings @ 2025-04-25 12:56:39"
[1] "Intersecting Buildings & Blocks @ 2025-04-25 12:56:39"
[1] "Completed Quadkey #45 @ 2025-04-25 12:56:39"
[1] "Loading Buildings @ 2025-04-25 12:56:41"
[1] "Intersecting Buildings & Blocks @ 2025-04-25 12:56:42"
[1] "Completed Quadkey #46 @ 2025-04-25 12:56:43"
[1] "Loading Buildings @ 2025-04-25 12:56:45"
[1] "Intersecting Buildings & Blocks @ 2025-04-25 12:56:53"
[1] "Completed Quadkey #47 @ 2025-04-25 12:56:57"
[1] "Loading Buildings @ 2025-04-25 12:56:58"
[1] "Intersecting Buildings & Blocks @ 2025-04-25 12:57:01"
[1] "Completed Quadkey #48 @ 2025-04-25 12:57:03"
[1] "Loading Buildings @ 2025-04-25 12:57:05"
[1] "Intersecting Buildings & Blocks @ 2025-04-25 12:57:06"
[1] "Completed Quadkey #49 @ 2025-04-25 12:57:07"
[1] "Loading Buildings @ 2025-04-25 12:57:12"
[1] "Intersecting Buildings & Blocks @ 2025-04-25 12:57:13"
[1] "Completed Quadkey #50 @ 2025-04-25 12:57:14"
[1] "Loading Buildings @ 2025-04-25 12:57:15"
[1] "Intersecting Buildings & Blocks @ 2025-04-25 12:57:16"
[1] "Completed Quadkey #51 @ 2025-04-25 12:57:17"
[1] "Loading Buildings @ 2025-04-25 12:57:18"
[1] "Intersecting Buildings & Blocks @ 2025-04-25 12:57:18"
[1] "Completed Quadkey #52 @ 2025-04-25 12:57:20"
[1] "Loading Buildings @ 2025-04-25 12:57:21"
[1] "Intersecting Buildings & Blocks @ 2025-04-25 12:57:22"
[1] "Completed Quadkey #53 @ 2025-04-25 12:57:23"
[1] "Loading Buildings @ 2025-04-25 12:57:24"
[1] "Intersecting Buildings & Blocks @ 2025-04-25 12:57:24"
[1] "Completed Quadkey #54 @ 2025-04-25 12:57:26"
[1] "Loading Buildings @ 2025-04-25 12:57:27"
[1] "Intersecting Buildings & Blocks @ 2025-04-25 12:57:27"
[1] "Completed Quadkey #55 @ 2025-04-25 12:57:29"
[1] "Loading Buildings @ 2025-04-25 12:57:30"
[1] "Intersecting Buildings & Blocks @ 2025-04-25 12:57:32"
[1] "Completed Quadkey #56 @ 2025-04-25 12:57:34"
[1] "Loading Buildings @ 2025-04-25 12:57:35"
[1] "Intersecting Buildings & Blocks @ 2025-04-25 12:57:36"
[1] "Completed Quadkey #57 @ 2025-04-25 12:57:37"
[1] "Loading Buildings @ 2025-04-25 12:57:38"
[1] "Intersecting Buildings & Blocks @ 2025-04-25 12:57:40"
[1] "Completed Quadkey #58 @ 2025-04-25 12:57:42"
[1] "Loading Buildings @ 2025-04-25 12:57:44"
[1] "Intersecting Buildings & Blocks @ 2025-04-25 12:57:44"
[1] "Completed Quadkey #59 @ 2025-04-25 12:57:45"
[1] "Loading Buildings @ 2025-04-25 12:57:46"
[1] "Intersecting Buildings & Blocks @ 2025-04-25 12:57:47"
[1] "Completed Quadkey #60 @ 2025-04-25 12:57:48"
[1] "Loading Buildings @ 2025-04-25 12:57:49"
[1] "Intersecting Buildings & Blocks @ 2025-04-25 12:57:50"
[1] "Completed Quadkey #61 @ 2025-04-25 12:57:51"
[1] "Loading Buildings @ 2025-04-25 12:57:53"
[1] "Intersecting Buildings & Blocks @ 2025-04-25 12:57:55"
[1] "Completed Quadkey #62 @ 2025-04-25 12:57:58"
[1] "Loading Buildings @ 2025-04-25 12:57:59"
[1] "Intersecting Buildings & Blocks @ 2025-04-25 12:58:00"
[1] "Completed Quadkey #63 @ 2025-04-25 12:58:01"
[1] "Loading Buildings @ 2025-04-25 12:58:03"
[1] "Intersecting Buildings & Blocks @ 2025-04-25 12:58:06"
[1] "Completed Quadkey #64 @ 2025-04-25 12:58:09"
[1] "Loading Buildings @ 2025-04-25 12:58:10"
[1] "Intersecting Buildings & Blocks @ 2025-04-25 12:58:12"
[1] "Completed Quadkey #65 @ 2025-04-25 12:58:14"
[1] "Loading Buildings @ 2025-04-25 12:58:15"
[1] "Intersecting Buildings & Blocks @ 2025-04-25 12:58:16"
[1] "Completed Quadkey #66 @ 2025-04-25 12:58:17"
[1] "Loading Buildings @ 2025-04-25 12:58:19"
[1] "Intersecting Buildings & Blocks @ 2025-04-25 12:58:20"
[1] "Completed Quadkey #67 @ 2025-04-25 12:58:22"
[1] "Loading Buildings @ 2025-04-25 12:58:23"
[1] "Intersecting Buildings & Blocks @ 2025-04-25 12:58:24"
[1] "Completed Quadkey #68 @ 2025-04-25 12:58:24"
[1] "Loading Buildings @ 2025-04-25 12:58:25"
[1] "Intersecting Buildings & Blocks @ 2025-04-25 12:58:25"
[1] "Completed Quadkey #69 @ 2025-04-25 12:58:26"
[1] "Loading Buildings @ 2025-04-25 12:58:26"
[1] "Intersecting Buildings & Blocks @ 2025-04-25 12:58:27"
[1] "Completed Quadkey #70 @ 2025-04-25 12:58:27"
[1] "Loading Buildings @ 2025-04-25 12:58:28"
[1] "Intersecting Buildings & Blocks @ 2025-04-25 12:58:28"
[1] "Completed Quadkey #71 @ 2025-04-25 12:58:28"
[1] "Loading Buildings @ 2025-04-25 12:58:29"
[1] "Intersecting Buildings & Blocks @ 2025-04-25 12:58:29"
[1] "Completed Quadkey #72 @ 2025-04-25 12:58:29"
[1] "Loading Buildings @ 2025-04-25 12:58:30"
[1] "Intersecting Buildings & Blocks @ 2025-04-25 12:58:30"
[1] "Completed Quadkey #73 @ 2025-04-25 12:58:31"
[1] "Loading Buildings @ 2025-04-25 12:58:32"
[1] "Intersecting Buildings & Blocks @ 2025-04-25 12:58:32"
[1] "Completed Quadkey #74 @ 2025-04-25 12:58:32"
[1] "Loading Buildings @ 2025-04-25 12:58:33"
[1] "Intersecting Buildings & Blocks @ 2025-04-25 12:58:33"
[1] "Completed Quadkey #75 @ 2025-04-25 12:58:33"
[1] "Loading Buildings @ 2025-04-25 12:58:34"
[1] "Intersecting Buildings & Blocks @ 2025-04-25 12:58:35"
[1] "Completed Quadkey #76 @ 2025-04-25 12:58:36"
[1] "Loading Buildings @ 2025-04-25 12:58:36"
[1] "Intersecting Buildings & Blocks @ 2025-04-25 12:58:36"
[1] "Completed Quadkey #77 @ 2025-04-25 12:58:37"
[1] "Loading Buildings @ 2025-04-25 12:58:38"
[1] "Intersecting Buildings & Blocks @ 2025-04-25 12:58:38"
[1] "Completed Quadkey #78 @ 2025-04-25 12:58:39"
[1] "Loading Buildings @ 2025-04-25 12:58:40"
[1] "Intersecting Buildings & Blocks @ 2025-04-25 12:58:40"
[1] "Completed Quadkey #79 @ 2025-04-25 12:58:40"
[1] "Loading Buildings @ 2025-04-25 12:58:41"
[1] "Intersecting Buildings & Blocks @ 2025-04-25 12:58:42"
[1] "Completed Quadkey #80 @ 2025-04-25 12:58:42"
[1] "Loading Buildings @ 2025-04-25 12:58:44"
[1] "Intersecting Buildings & Blocks @ 2025-04-25 12:58:44"
[1] "Completed Quadkey #81 @ 2025-04-25 12:58:45"
[1] "Loading Buildings @ 2025-04-25 12:58:46"
[1] "Intersecting Buildings & Blocks @ 2025-04-25 12:58:47"
[1] "Completed Quadkey #82 @ 2025-04-25 12:58:47"
[1] "Loading Buildings @ 2025-04-25 12:58:48"
[1] "Intersecting Buildings & Blocks @ 2025-04-25 12:58:49"
[1] "Completed Quadkey #83 @ 2025-04-25 12:58:49"
[1] "Calculating Weights @ 2025-04-25 12:58:49"
[1] "SCRIPT COMPLETE @ 2025-04-25 12:58:53"
