[1] "Starting 21"
[1] "Loading quadkey joins @ 2025-04-25 12:53:53"
[1] "Loading download links @ 2025-04-25 12:54:04"
Reading layer `KY_block_2020' from data source 
  `/work/GRDVULN/census/KY_block_2020.shp' using driver `ESRI Shapefile'
Simple feature collection with 132662 features and 18 fields
Geometry type: MULTIPOLYGON
Dimension:     XY
Bounding box:  xmin: 569714.9 ymin: -92795.19 xmax: 1223918 ymax: 241702.7
Projected CRS: USA_Contiguous_Albers_Equal_Area_Conic
[1] "Downloading Buildings from 44 Quadkeys --- 2025-04-25 12:54:21"
[1] "(44) Files to be Downloaded"
[1] "Loading Buildings @ 2025-04-25 12:54:24"
[1] "Intersecting Buildings & Blocks @ 2025-04-25 12:54:25"
[1] "Completed Quadkey #1 @ 2025-04-25 12:54:26"
[1] "Loading Buildings @ 2025-04-25 12:54:27"
[1] "Intersecting Buildings & Blocks @ 2025-04-25 12:54:29"
[1] "Completed Quadkey #2 @ 2025-04-25 12:54:29"
[1] "Loading Buildings @ 2025-04-25 12:54:30"
[1] "Intersecting Buildings & Blocks @ 2025-04-25 12:54:32"
[1] "Completed Quadkey #3 @ 2025-04-25 12:54:32"
[1] "Loading Buildings @ 2025-04-25 12:54:33"
[1] "Intersecting Buildings & Blocks @ 2025-04-25 12:54:38"
[1] "Completed Quadkey #4 @ 2025-04-25 12:54:38"
[1] "Loading Buildings @ 2025-04-25 12:54:40"
[1] "Intersecting Buildings & Blocks @ 2025-04-25 12:54:42"
[1] "Completed Quadkey #5 @ 2025-04-25 12:54:42"
[1] "Loading Buildings @ 2025-04-25 12:54:44"
[1] "Intersecting Buildings & Blocks @ 2025-04-25 12:54:46"
[1] "Completed Quadkey #6 @ 2025-04-25 12:54:46"
[1] "Loading Buildings @ 2025-04-25 12:54:47"
[1] "Intersecting Buildings & Blocks @ 2025-04-25 12:54:49"
[1] "Completed Quadkey #7 @ 2025-04-25 12:54:49"
[1] "Loading Buildings @ 2025-04-25 12:54:50"
[1] "Intersecting Buildings & Blocks @ 2025-04-25 12:54:53"
[1] "Completed Quadkey #8 @ 2025-04-25 12:54:54"
[1] "Loading Buildings @ 2025-04-25 12:54:56"
[1] "Intersecting Buildings & Blocks @ 2025-04-25 12:54:59"
[1] "Completed Quadkey #9 @ 2025-04-25 12:54:59"
[1] "Loading Buildings @ 2025-04-25 12:55:01"
[1] "Intersecting Buildings & Blocks @ 2025-04-25 12:55:02"
[1] "Completed Quadkey #10 @ 2025-04-25 12:55:02"
[1] "Loading Buildings @ 2025-04-25 12:55:04"
[1] "Intersecting Buildings & Blocks @ 2025-04-25 12:55:05"
[1] "Completed Quadkey #11 @ 2025-04-25 12:55:05"
[1] "Loading Buildings @ 2025-04-25 12:55:06"
[1] "Intersecting Buildings & Blocks @ 2025-04-25 12:55:07"
[1] "Completed Quadkey #12 @ 2025-04-25 12:55:08"
[1] "Loading Buildings @ 2025-04-25 12:55:09"
[1] "Intersecting Buildings & Blocks @ 2025-04-25 12:55:12"
[1] "Completed Quadkey #13 @ 2025-04-25 12:55:13"
[1] "Loading Buildings @ 2025-04-25 12:55:18"
[1] "Intersecting Buildings & Blocks @ 2025-04-25 12:55:23"
[1] "Completed Quadkey #14 @ 2025-04-25 12:55:23"
[1] "Loading Buildings @ 2025-04-25 12:55:25"
[1] "Intersecting Buildings & Blocks @ 2025-04-25 12:55:27"
[1] "Completed Quadkey #15 @ 2025-04-25 12:55:28"
[1] "Loading Buildings @ 2025-04-25 12:55:29"
[1] "Intersecting Buildings & Blocks @ 2025-04-25 12:55:32"
[1] "Completed Quadkey #16 @ 2025-04-25 12:55:35"
[1] "Loading Buildings @ 2025-04-25 12:55:36"
[1] "Intersecting Buildings & Blocks @ 2025-04-25 12:55:38"
[1] "Completed Quadkey #17 @ 2025-04-25 12:55:39"
[1] "Loading Buildings @ 2025-04-25 12:55:41"
[1] "Intersecting Buildings & Blocks @ 2025-04-25 12:55:43"
[1] "Completed Quadkey #18 @ 2025-04-25 12:55:45"
[1] "Loading Buildings @ 2025-04-25 12:55:46"
[1] "Intersecting Buildings & Blocks @ 2025-04-25 12:55:53"
[1] "Completed Quadkey #19 @ 2025-04-25 12:55:56"
[1] "Loading Buildings @ 2025-04-25 12:56:00"
[1] "Intersecting Buildings & Blocks @ 2025-04-25 12:56:02"
[1] "Completed Quadkey #20 @ 2025-04-25 12:56:05"
[1] "Loading Buildings @ 2025-04-25 12:56:07"
[1] "Intersecting Buildings & Blocks @ 2025-04-25 12:56:12"
[1] "Completed Quadkey #21 @ 2025-04-25 12:56:15"
[1] "Loading Buildings @ 2025-04-25 12:56:18"
[1] "Intersecting Buildings & Blocks @ 2025-04-25 12:56:30"
[1] "Completed Quadkey #22 @ 2025-04-25 12:56:37"
[1] "Loading Buildings @ 2025-04-25 12:56:39"
[1] "Intersecting Buildings & Blocks @ 2025-04-25 12:56:47"
[1] "Completed Quadkey #23 @ 2025-04-25 12:56:50"
[1] "Loading Buildings @ 2025-04-25 12:56:51"
[1] "Intersecting Buildings & Blocks @ 2025-04-25 12:56:53"
[1] "Completed Quadkey #24 @ 2025-04-25 12:56:56"
[1] "Loading Buildings @ 2025-04-25 12:56:57"
[1] "Intersecting Buildings & Blocks @ 2025-04-25 12:56:59"
[1] "Completed Quadkey #25 @ 2025-04-25 12:57:02"
[1] "Loading Buildings @ 2025-04-25 12:57:17"
[1] "Intersecting Buildings & Blocks @ 2025-04-25 12:57:35"
[1] "Completed Quadkey #26 @ 2025-04-25 12:57:39"
[1] "Loading Buildings @ 2025-04-25 12:57:41"
[1] "Intersecting Buildings & Blocks @ 2025-04-25 12:57:45"
[1] "Completed Quadkey #27 @ 2025-04-25 12:57:48"
[1] "Loading Buildings @ 2025-04-25 12:57:49"
[1] "Intersecting Buildings & Blocks @ 2025-04-25 12:57:58"
[1] "Completed Quadkey #28 @ 2025-04-25 12:58:04"
[1] "Loading Buildings @ 2025-04-25 12:58:05"
[1] "Intersecting Buildings & Blocks @ 2025-04-25 12:58:09"
[1] "Completed Quadkey #29 @ 2025-04-25 12:58:13"
[1] "Loading Buildings @ 2025-04-25 12:58:15"
[1] "Intersecting Buildings & Blocks @ 2025-04-25 12:58:18"
[1] "Completed Quadkey #30 @ 2025-04-25 12:58:23"
[1] "Loading Buildings @ 2025-04-25 12:58:26"
[1] "Intersecting Buildings & Blocks @ 2025-04-25 12:58:37"
[1] "Completed Quadkey #31 @ 2025-04-25 12:58:38"
[1] "Loading Buildings @ 2025-04-25 12:58:39"
[1] "Intersecting Buildings & Blocks @ 2025-04-25 12:58:42"
[1] "Completed Quadkey #32 @ 2025-04-25 12:58:44"
[1] "Loading Buildings @ 2025-04-25 12:58:46"
[1] "Intersecting Buildings & Blocks @ 2025-04-25 12:58:49"
[1] "Completed Quadkey #33 @ 2025-04-25 12:58:54"
[1] "Loading Buildings @ 2025-04-25 12:58:55"
[1] "Intersecting Buildings & Blocks @ 2025-04-25 12:58:58"
[1] "Completed Quadkey #34 @ 2025-04-25 12:59:02"
[1] "Loading Buildings @ 2025-04-25 12:59:03"
[1] "Intersecting Buildings & Blocks @ 2025-04-25 12:59:07"
[1] "Completed Quadkey #35 @ 2025-04-25 12:59:12"
[1] "Loading Buildings @ 2025-04-25 12:59:15"
[1] "Intersecting Buildings & Blocks @ 2025-04-25 12:59:16"
[1] "Completed Quadkey #36 @ 2025-04-25 12:59:19"
[1] "Loading Buildings @ 2025-04-25 12:59:22"
[1] "Intersecting Buildings & Blocks @ 2025-04-25 12:59:24"
[1] "Completed Quadkey #37 @ 2025-04-25 12:59:27"
[1] "Loading Buildings @ 2025-04-25 12:59:28"
[1] "Intersecting Buildings & Blocks @ 2025-04-25 12:59:29"
[1] "Completed Quadkey #38 @ 2025-04-25 12:59:32"
[1] "Loading Buildings @ 2025-04-25 12:59:34"
[1] "Intersecting Buildings & Blocks @ 2025-04-25 12:59:35"
[1] "Completed Quadkey #39 @ 2025-04-25 12:59:38"
[1] "Loading Buildings @ 2025-04-25 12:59:39"
[1] "Intersecting Buildings & Blocks @ 2025-04-25 12:59:46"
[1] "Completed Quadkey #40 @ 2025-04-25 12:59:49"
[1] "Loading Buildings @ 2025-04-25 12:59:50"
[1] "Intersecting Buildings & Blocks @ 2025-04-25 12:59:52"
[1] "Completed Quadkey #41 @ 2025-04-25 12:59:54"
[1] "Loading Buildings @ 2025-04-25 12:59:56"
[1] "Intersecting Buildings & Blocks @ 2025-04-25 12:59:58"
[1] "Completed Quadkey #42 @ 2025-04-25 13:00:02"
[1] "Loading Buildings @ 2025-04-25 13:00:04"
[1] "Intersecting Buildings & Blocks @ 2025-04-25 13:00:08"
[1] "Completed Quadkey #43 @ 2025-04-25 13:00:10"
[1] "Loading Buildings @ 2025-04-25 13:00:11"
[1] "Intersecting Buildings & Blocks @ 2025-04-25 13:00:16"
[1] "Completed Quadkey #44 @ 2025-04-25 13:00:19"
[1] "Calculating Weights @ 2025-04-25 13:00:19"
[1] "SCRIPT COMPLETE @ 2025-04-25 13:00:24"
