[1] "Starting 22"
[1] "Loading quadkey joins @ 2025-04-25 12:53:59"
[1] "Loading download links @ 2025-04-25 12:54:10"
Reading layer `LA_block_2020' from data source 
  `/work/GRDVULN/census/LA_block_2020.shp' using driver `ESRI Shapefile'
Simple feature collection with 142101 features and 18 fields
Geometry type: MULTIPOLYGON
Dimension:     XY
Bounding box:  xmin: 181686.2 ymin: -934780.4 xmax: 697782.4 ymax: -491599.2
Projected CRS: USA_Contiguous_Albers_Equal_Area_Conic
[1] "Downloading Buildings from 43 Quadkeys --- 2025-04-25 12:54:27"
[1] "(43) Files to be Downloaded"
[1] "Loading Buildings @ 2025-04-25 12:54:28"
[1] "Intersecting Buildings & Blocks @ 2025-04-25 12:54:29"
[1] "Completed Quadkey #1 @ 2025-04-25 12:54:29"
[1] "Loading Buildings @ 2025-04-25 12:54:30"
[1] "Intersecting Buildings & Blocks @ 2025-04-25 12:54:30"
[1] "Completed Quadkey #2 @ 2025-04-25 12:54:30"
[1] "Loading Buildings @ 2025-04-25 12:54:32"
[1] "Intersecting Buildings & Blocks @ 2025-04-25 12:54:33"
[1] "Completed Quadkey #3 @ 2025-04-25 12:54:34"
[1] "Loading Buildings @ 2025-04-25 12:54:36"
[1] "Intersecting Buildings & Blocks @ 2025-04-25 12:54:41"
[1] "Completed Quadkey #4 @ 2025-04-25 12:54:44"
[1] "Loading Buildings @ 2025-04-25 12:54:46"
[1] "Intersecting Buildings & Blocks @ 2025-04-25 12:54:47"
[1] "Completed Quadkey #5 @ 2025-04-25 12:54:47"
[1] "Loading Buildings @ 2025-04-25 12:54:49"
[1] "Intersecting Buildings & Blocks @ 2025-04-25 12:54:53"
[1] "Completed Quadkey #6 @ 2025-04-25 12:54:53"
[1] "Loading Buildings @ 2025-04-25 12:54:56"
[1] "Intersecting Buildings & Blocks @ 2025-04-25 12:54:58"
[1] "Completed Quadkey #7 @ 2025-04-25 12:54:58"
[1] "Loading Buildings @ 2025-04-25 12:55:00"
[1] "Intersecting Buildings & Blocks @ 2025-04-25 12:55:00"
[1] "Completed Quadkey #8 @ 2025-04-25 12:55:01"
[1] "Loading Buildings @ 2025-04-25 12:55:05"
[1] "Intersecting Buildings & Blocks @ 2025-04-25 12:55:06"
[1] "Completed Quadkey #9 @ 2025-04-25 12:55:07"
[1] "Loading Buildings @ 2025-04-25 12:55:08"
[1] "Intersecting Buildings & Blocks @ 2025-04-25 12:55:10"
[1] "Completed Quadkey #10 @ 2025-04-25 12:55:11"
[1] "Loading Buildings @ 2025-04-25 12:55:12"
[1] "Intersecting Buildings & Blocks @ 2025-04-25 12:55:17"
[1] "Completed Quadkey #11 @ 2025-04-25 12:55:19"
[1] "Loading Buildings @ 2025-04-25 12:55:21"
[1] "Intersecting Buildings & Blocks @ 2025-04-25 12:55:22"
[1] "Completed Quadkey #12 @ 2025-04-25 12:55:23"
[1] "Loading Buildings @ 2025-04-25 12:55:24"
[1] "Intersecting Buildings & Blocks @ 2025-04-25 12:55:25"
[1] "Completed Quadkey #13 @ 2025-04-25 12:55:26"
[1] "Loading Buildings @ 2025-04-25 12:55:27"
[1] "Intersecting Buildings & Blocks @ 2025-04-25 12:55:29"
[1] "Completed Quadkey #14 @ 2025-04-25 12:55:31"
[1] "Loading Buildings @ 2025-04-25 12:55:34"
[1] "Intersecting Buildings & Blocks @ 2025-04-25 12:55:35"
[1] "Completed Quadkey #15 @ 2025-04-25 12:55:37"
[1] "Loading Buildings @ 2025-04-25 12:55:38"
[1] "Intersecting Buildings & Blocks @ 2025-04-25 12:55:41"
[1] "Completed Quadkey #16 @ 2025-04-25 12:55:44"
[1] "Loading Buildings @ 2025-04-25 12:55:46"
[1] "Intersecting Buildings & Blocks @ 2025-04-25 12:55:49"
[1] "Completed Quadkey #17 @ 2025-04-25 12:55:51"
[1] "Loading Buildings @ 2025-04-25 12:55:52"
[1] "Intersecting Buildings & Blocks @ 2025-04-25 12:55:53"
[1] "Completed Quadkey #18 @ 2025-04-25 12:55:54"
[1] "Loading Buildings @ 2025-04-25 12:55:55"
[1] "Intersecting Buildings & Blocks @ 2025-04-25 12:55:57"
[1] "Completed Quadkey #19 @ 2025-04-25 12:55:58"
[1] "Loading Buildings @ 2025-04-25 12:56:00"
[1] "Intersecting Buildings & Blocks @ 2025-04-25 12:56:00"
[1] "Completed Quadkey #20 @ 2025-04-25 12:56:01"
[1] "Loading Buildings @ 2025-04-25 12:56:03"
[1] "Intersecting Buildings & Blocks @ 2025-04-25 12:56:04"
[1] "Completed Quadkey #21 @ 2025-04-25 12:56:05"
[1] "Loading Buildings @ 2025-04-25 12:56:09"
[1] "Intersecting Buildings & Blocks @ 2025-04-25 12:56:15"
[1] "Completed Quadkey #22 @ 2025-04-25 12:56:18"
[1] "Loading Buildings @ 2025-04-25 12:56:19"
[1] "Intersecting Buildings & Blocks @ 2025-04-25 12:56:23"
[1] "Completed Quadkey #23 @ 2025-04-25 12:56:26"
[1] "Loading Buildings @ 2025-04-25 12:56:27"
[1] "Intersecting Buildings & Blocks @ 2025-04-25 12:56:27"
[1] "Completed Quadkey #24 @ 2025-04-25 12:56:28"
[1] "Loading Buildings @ 2025-04-25 12:56:29"
[1] "Intersecting Buildings & Blocks @ 2025-04-25 12:56:29"
[1] "Completed Quadkey #25 @ 2025-04-25 12:56:30"
[1] "Loading Buildings @ 2025-04-25 12:56:31"
[1] "Intersecting Buildings & Blocks @ 2025-04-25 12:56:32"
[1] "Completed Quadkey #26 @ 2025-04-25 12:56:32"
[1] "Loading Buildings @ 2025-04-25 12:56:33"
[1] "Intersecting Buildings & Blocks @ 2025-04-25 12:56:35"
[1] "Completed Quadkey #27 @ 2025-04-25 12:56:35"
[1] "Loading Buildings @ 2025-04-25 12:56:36"
[1] "Intersecting Buildings & Blocks @ 2025-04-25 12:56:37"
[1] "Completed Quadkey #28 @ 2025-04-25 12:56:38"
[1] "Loading Buildings @ 2025-04-25 12:56:41"
[1] "Intersecting Buildings & Blocks @ 2025-04-25 12:56:54"
[1] "Completed Quadkey #29 @ 2025-04-25 12:57:01"
[1] "Loading Buildings @ 2025-04-25 12:57:04"
[1] "Intersecting Buildings & Blocks @ 2025-04-25 12:57:10"
[1] "Completed Quadkey #30 @ 2025-04-25 12:57:13"
[1] "Loading Buildings @ 2025-04-25 12:57:14"
[1] "Intersecting Buildings & Blocks @ 2025-04-25 12:57:15"
[1] "Completed Quadkey #31 @ 2025-04-25 12:57:16"
[1] "Loading Buildings @ 2025-04-25 12:57:19"
[1] "Intersecting Buildings & Blocks @ 2025-04-25 12:57:25"
[1] "Completed Quadkey #32 @ 2025-04-25 12:57:30"
[1] "Loading Buildings @ 2025-04-25 12:57:33"
[1] "Intersecting Buildings & Blocks @ 2025-04-25 12:57:48"
[1] "Completed Quadkey #33 @ 2025-04-25 12:57:55"
[1] "Loading Buildings @ 2025-04-25 12:57:56"
[1] "Intersecting Buildings & Blocks @ 2025-04-25 12:58:00"
[1] "Completed Quadkey #34 @ 2025-04-25 12:58:03"
[1] "Loading Buildings @ 2025-04-25 12:58:04"
[1] "Intersecting Buildings & Blocks @ 2025-04-25 12:58:06"
[1] "Completed Quadkey #35 @ 2025-04-25 12:58:10"
[1] "Loading Buildings @ 2025-04-25 12:58:10"
[1] "Intersecting Buildings & Blocks @ 2025-04-25 12:58:10"
[1] "Completed Quadkey #36 @ 2025-04-25 12:58:11"
[1] "Loading Buildings @ 2025-04-25 12:58:12"
[1] "Intersecting Buildings & Blocks @ 2025-04-25 12:58:12"
[1] "Completed Quadkey #37 @ 2025-04-25 12:58:15"
[1] "Loading Buildings @ 2025-04-25 12:58:16"
[1] "Intersecting Buildings & Blocks @ 2025-04-25 12:58:16"
[1] "Completed Quadkey #38 @ 2025-04-25 12:58:16"
[1] "Loading Buildings @ 2025-04-25 12:58:17"
[1] "Intersecting Buildings & Blocks @ 2025-04-25 12:58:18"
[1] "Completed Quadkey #39 @ 2025-04-25 12:58:18"
[1] "Loading Buildings @ 2025-04-25 12:58:20"
[1] "Intersecting Buildings & Blocks @ 2025-04-25 12:58:22"
[1] "Completed Quadkey #40 @ 2025-04-25 12:58:23"
[1] "Loading Buildings @ 2025-04-25 12:58:25"
[1] "Intersecting Buildings & Blocks @ 2025-04-25 12:58:27"
[1] "Completed Quadkey #41 @ 2025-04-25 12:58:28"
[1] "Loading Buildings @ 2025-04-25 12:58:30"
[1] "Intersecting Buildings & Blocks @ 2025-04-25 12:58:32"
[1] "Completed Quadkey #42 @ 2025-04-25 12:58:33"
[1] "Loading Buildings @ 2025-04-25 12:58:35"
[1] "Intersecting Buildings & Blocks @ 2025-04-25 12:58:39"
[1] "Completed Quadkey #43 @ 2025-04-25 12:58:40"
[1] "Calculating Weights @ 2025-04-25 12:58:40"
[1] "SCRIPT COMPLETE @ 2025-04-25 12:58:45"
