[1] "Starting 23"
[1] "Loading quadkey joins @ 2025-04-25 12:54:27"
[1] "Loading download links @ 2025-04-25 12:54:38"
Reading layer `ME_block_2020' from data source 
  `/work/GRDVULN/census/ME_block_2020.shp' using driver `ESRI Shapefile'
Simple feature collection with 46210 features and 18 fields
Geometry type: MULTIPOLYGON
Dimension:     XY
Bounding box:  xmin: 1930763 ymin: 886923.2 xmax: 2258244 ymax: 1406249
Projected CRS: USA_Contiguous_Albers_Equal_Area_Conic
[1] "Downloading Buildings from 42 Quadkeys --- 2025-04-25 12:54:54"
[1] "(42) Files to be Downloaded"
[1] "Loading Buildings @ 2025-04-25 12:54:56"
[1] "Intersecting Buildings & Blocks @ 2025-04-25 12:54:56"
[1] "Completed Quadkey #1 @ 2025-04-25 12:54:56"
[1] "Loading Buildings @ 2025-04-25 12:54:56"
[1] "Intersecting Buildings & Blocks @ 2025-04-25 12:54:56"
[1] "Completed Quadkey #2 @ 2025-04-25 12:54:56"
[1] "Loading Buildings @ 2025-04-25 12:54:57"
[1] "Intersecting Buildings & Blocks @ 2025-04-25 12:54:57"
[1] "Completed Quadkey #3 @ 2025-04-25 12:54:57"
[1] "Loading Buildings @ 2025-04-25 12:54:58"
[1] "Intersecting Buildings & Blocks @ 2025-04-25 12:54:58"
[1] "Completed Quadkey #4 @ 2025-04-25 12:54:58"
[1] "Loading Buildings @ 2025-04-25 12:55:00"
[1] "Intersecting Buildings & Blocks @ 2025-04-25 12:55:01"
[1] "Completed Quadkey #5 @ 2025-04-25 12:55:02"
[1] "Loading Buildings @ 2025-04-25 12:55:02"
[1] "Intersecting Buildings & Blocks @ 2025-04-25 12:55:02"
[1] "Completed Quadkey #6 @ 2025-04-25 12:55:02"
[1] "Loading Buildings @ 2025-04-25 12:55:04"
[1] "Intersecting Buildings & Blocks @ 2025-04-25 12:55:04"
[1] "Completed Quadkey #7 @ 2025-04-25 12:55:06"
[1] "Loading Buildings @ 2025-04-25 12:55:08"
[1] "Intersecting Buildings & Blocks @ 2025-04-25 12:55:11"
[1] "Completed Quadkey #8 @ 2025-04-25 12:55:12"
[1] "Loading Buildings @ 2025-04-25 12:55:13"
[1] "Intersecting Buildings & Blocks @ 2025-04-25 12:55:13"
[1] "Completed Quadkey #9 @ 2025-04-25 12:55:13"
[1] "Loading Buildings @ 2025-04-25 12:55:18"
[1] "Intersecting Buildings & Blocks @ 2025-04-25 12:55:21"
[1] "Completed Quadkey #10 @ 2025-04-25 12:55:22"
[1] "Loading Buildings @ 2025-04-25 12:55:24"
[1] "Intersecting Buildings & Blocks @ 2025-04-25 12:55:30"
[1] "Completed Quadkey #11 @ 2025-04-25 12:55:32"
[1] "Loading Buildings @ 2025-04-25 12:55:33"
[1] "Intersecting Buildings & Blocks @ 2025-04-25 12:55:35"
[1] "Completed Quadkey #12 @ 2025-04-25 12:55:36"
[1] "Loading Buildings @ 2025-04-25 12:55:37"
[1] "Intersecting Buildings & Blocks @ 2025-04-25 12:55:40"
[1] "Completed Quadkey #13 @ 2025-04-25 12:55:43"
[1] "Loading Buildings @ 2025-04-25 12:55:44"
[1] "Intersecting Buildings & Blocks @ 2025-04-25 12:55:44"
[1] "Completed Quadkey #14 @ 2025-04-25 12:55:45"
[1] "Loading Buildings @ 2025-04-25 12:55:45"
[1] "Intersecting Buildings & Blocks @ 2025-04-25 12:55:46"
[1] "Completed Quadkey #15 @ 2025-04-25 12:55:46"
[1] "Loading Buildings @ 2025-04-25 12:55:46"
[1] "Intersecting Buildings & Blocks @ 2025-04-25 12:55:46"
[1] "Completed Quadkey #16 @ 2025-04-25 12:55:47"
[1] "Loading Buildings @ 2025-04-25 12:55:48"
[1] "Intersecting Buildings & Blocks @ 2025-04-25 12:55:52"
[1] "Completed Quadkey #17 @ 2025-04-25 12:55:55"
[1] "Loading Buildings @ 2025-04-25 12:55:59"
[1] "Intersecting Buildings & Blocks @ 2025-04-25 12:55:59"
[1] "Completed Quadkey #18 @ 2025-04-25 12:55:59"
[1] "Loading Buildings @ 2025-04-25 12:55:59"
[1] "Intersecting Buildings & Blocks @ 2025-04-25 12:56:00"
[1] "Completed Quadkey #19 @ 2025-04-25 12:56:00"
[1] "Loading Buildings @ 2025-04-25 12:56:01"
[1] "Intersecting Buildings & Blocks @ 2025-04-25 12:56:02"
[1] "Completed Quadkey #20 @ 2025-04-25 12:56:04"
[1] "Loading Buildings @ 2025-04-25 12:56:08"
[1] "Intersecting Buildings & Blocks @ 2025-04-25 12:56:10"
[1] "Completed Quadkey #21 @ 2025-04-25 12:56:11"
[1] "Loading Buildings @ 2025-04-25 12:56:12"
[1] "Intersecting Buildings & Blocks @ 2025-04-25 12:56:12"
[1] "Completed Quadkey #22 @ 2025-04-25 12:56:12"
[1] "Loading Buildings @ 2025-04-25 12:56:13"
[1] "Intersecting Buildings & Blocks @ 2025-04-25 12:56:13"
[1] "Completed Quadkey #23 @ 2025-04-25 12:56:14"
[1] "Loading Buildings @ 2025-04-25 12:56:15"
[1] "Intersecting Buildings & Blocks @ 2025-04-25 12:56:15"
[1] "Completed Quadkey #24 @ 2025-04-25 12:56:15"
[1] "Loading Buildings @ 2025-04-25 12:56:17"
[1] "Intersecting Buildings & Blocks @ 2025-04-25 12:56:18"
[1] "Completed Quadkey #25 @ 2025-04-25 12:56:20"
[1] "Loading Buildings @ 2025-04-25 12:56:21"
[1] "Intersecting Buildings & Blocks @ 2025-04-25 12:56:21"
[1] "Completed Quadkey #26 @ 2025-04-25 12:56:22"
[1] "Loading Buildings @ 2025-04-25 12:56:23"
[1] "Intersecting Buildings & Blocks @ 2025-04-25 12:56:23"
[1] "Completed Quadkey #27 @ 2025-04-25 12:56:24"
[1] "Loading Buildings @ 2025-04-25 12:56:25"
[1] "Intersecting Buildings & Blocks @ 2025-04-25 12:56:25"
[1] "Completed Quadkey #28 @ 2025-04-25 12:56:26"
[1] "Loading Buildings @ 2025-04-25 12:56:27"
[1] "Intersecting Buildings & Blocks @ 2025-04-25 12:56:27"
[1] "Completed Quadkey #29 @ 2025-04-25 12:56:28"
[1] "Loading Buildings @ 2025-04-25 12:56:28"
[1] "Intersecting Buildings & Blocks @ 2025-04-25 12:56:29"
[1] "Completed Quadkey #30 @ 2025-04-25 12:56:29"
[1] "Loading Buildings @ 2025-04-25 12:56:31"
[1] "Intersecting Buildings & Blocks @ 2025-04-25 12:56:33"
[1] "Completed Quadkey #31 @ 2025-04-25 12:56:34"
[1] "Loading Buildings @ 2025-04-25 12:56:35"
[1] "Intersecting Buildings & Blocks @ 2025-04-25 12:56:35"
[1] "Completed Quadkey #32 @ 2025-04-25 12:56:35"
[1] "Loading Buildings @ 2025-04-25 12:56:37"
[1] "Intersecting Buildings & Blocks @ 2025-04-25 12:56:38"
[1] "Completed Quadkey #33 @ 2025-04-25 12:56:40"
[1] "Loading Buildings @ 2025-04-25 12:56:40"
[1] "Intersecting Buildings & Blocks @ 2025-04-25 12:56:41"
[1] "Completed Quadkey #34 @ 2025-04-25 12:56:41"
[1] "Loading Buildings @ 2025-04-25 12:56:41"
[1] "Intersecting Buildings & Blocks @ 2025-04-25 12:56:41"
[1] "Completed Quadkey #35 @ 2025-04-25 12:56:42"
[1] "Loading Buildings @ 2025-04-25 12:56:43"
[1] "Intersecting Buildings & Blocks @ 2025-04-25 12:56:43"
[1] "Completed Quadkey #36 @ 2025-04-25 12:56:44"
[1] "Loading Buildings @ 2025-04-25 12:56:44"
[1] "Intersecting Buildings & Blocks @ 2025-04-25 12:56:45"
[1] "Completed Quadkey #37 @ 2025-04-25 12:56:45"
[1] "Loading Buildings @ 2025-04-25 12:56:46"
[1] "Intersecting Buildings & Blocks @ 2025-04-25 12:56:46"
[1] "Completed Quadkey #38 @ 2025-04-25 12:56:47"
[1] "Loading Buildings @ 2025-04-25 12:56:47"
[1] "Intersecting Buildings & Blocks @ 2025-04-25 12:56:48"
[1] "Completed Quadkey #39 @ 2025-04-25 12:56:48"
[1] "Loading Buildings @ 2025-04-25 12:56:49"
[1] "Intersecting Buildings & Blocks @ 2025-04-25 12:56:50"
[1] "Completed Quadkey #40 @ 2025-04-25 12:56:50"
[1] "Loading Buildings @ 2025-04-25 12:56:51"
[1] "Intersecting Buildings & Blocks @ 2025-04-25 12:56:52"
[1] "Completed Quadkey #41 @ 2025-04-25 12:56:52"
[1] "Loading Buildings @ 2025-04-25 12:56:53"
[1] "Intersecting Buildings & Blocks @ 2025-04-25 12:56:54"
[1] "Completed Quadkey #42 @ 2025-04-25 12:56:55"
[1] "Calculating Weights @ 2025-04-25 12:56:55"
[1] "SCRIPT COMPLETE @ 2025-04-25 12:56:56"
