[1] "Starting 24"
[1] "Loading quadkey joins @ 2025-04-25 12:55:03"
[1] "Loading download links @ 2025-04-25 12:55:15"
Reading layer `MD_block_2020' from data source 
  `/work/GRDVULN/census/MD_block_2020.shp' using driver `ESRI Shapefile'
Simple feature collection with 81183 features and 18 fields
Geometry type: MULTIPOLYGON
Dimension:     XY
Bounding box:  xmin: 1396621 ymin: 230895.6 xmax: 1802286 ymax: 430955
Projected CRS: USA_Contiguous_Albers_Equal_Area_Conic
[1] "Downloading Buildings from 21 Quadkeys --- 2025-04-25 12:55:31"
[1] "(21) Files to be Downloaded"
[1] "Loading Buildings @ 2025-04-25 12:55:32"
[1] "Intersecting Buildings & Blocks @ 2025-04-25 12:55:35"
[1] "Completed Quadkey #1 @ 2025-04-25 12:55:36"
[1] "Loading Buildings @ 2025-04-25 12:55:37"
[1] "Intersecting Buildings & Blocks @ 2025-04-25 12:55:38"
[1] "Completed Quadkey #2 @ 2025-04-25 12:55:38"
[1] "Loading Buildings @ 2025-04-25 12:55:40"
[1] "Intersecting Buildings & Blocks @ 2025-04-25 12:55:42"
[1] "Completed Quadkey #3 @ 2025-04-25 12:55:43"
[1] "Loading Buildings @ 2025-04-25 12:55:44"
[1] "Intersecting Buildings & Blocks @ 2025-04-25 12:55:52"
[1] "Completed Quadkey #4 @ 2025-04-25 12:55:54"
[1] "Loading Buildings @ 2025-04-25 12:55:56"
[1] "Intersecting Buildings & Blocks @ 2025-04-25 12:56:04"
[1] "Completed Quadkey #5 @ 2025-04-25 12:56:05"
[1] "Loading Buildings @ 2025-04-25 12:56:09"
[1] "Intersecting Buildings & Blocks @ 2025-04-25 12:56:18"
[1] "Completed Quadkey #6 @ 2025-04-25 12:56:22"
[1] "Loading Buildings @ 2025-04-25 12:56:26"
[1] "Intersecting Buildings & Blocks @ 2025-04-25 12:56:57"
[1] "Completed Quadkey #7 @ 2025-04-25 12:57:07"
[1] "Loading Buildings @ 2025-04-25 12:57:10"
[1] "Intersecting Buildings & Blocks @ 2025-04-25 12:57:24"
[1] "Completed Quadkey #8 @ 2025-04-25 12:57:28"
[1] "Loading Buildings @ 2025-04-25 12:57:29"
[1] "Intersecting Buildings & Blocks @ 2025-04-25 12:57:31"
[1] "Completed Quadkey #9 @ 2025-04-25 12:57:31"
[1] "Loading Buildings @ 2025-04-25 12:57:34"
[1] "Intersecting Buildings & Blocks @ 2025-04-25 12:57:43"
[1] "Completed Quadkey #10 @ 2025-04-25 12:57:49"
[1] "Loading Buildings @ 2025-04-25 12:57:51"
[1] "Intersecting Buildings & Blocks @ 2025-04-25 12:58:00"
[1] "Completed Quadkey #11 @ 2025-04-25 12:58:07"
[1] "Loading Buildings @ 2025-04-25 12:58:09"
[1] "Intersecting Buildings & Blocks @ 2025-04-25 12:58:11"
[1] "Completed Quadkey #12 @ 2025-04-25 12:58:15"
[1] "Loading Buildings @ 2025-04-25 12:58:20"
[1] "Intersecting Buildings & Blocks @ 2025-04-25 12:58:21"
[1] "Completed Quadkey #13 @ 2025-04-25 12:58:22"
[1] "Loading Buildings @ 2025-04-25 12:58:25"
[1] "Intersecting Buildings & Blocks @ 2025-04-25 12:58:39"
[1] "Completed Quadkey #14 @ 2025-04-25 12:58:40"
[1] "Loading Buildings @ 2025-04-25 12:58:42"
[1] "Intersecting Buildings & Blocks @ 2025-04-25 12:58:46"
[1] "Completed Quadkey #15 @ 2025-04-25 12:58:47"
[1] "Loading Buildings @ 2025-04-25 12:58:49"
[1] "Intersecting Buildings & Blocks @ 2025-04-25 12:58:54"
[1] "Completed Quadkey #16 @ 2025-04-25 12:58:56"
[1] "Loading Buildings @ 2025-04-25 12:58:59"
[1] "Intersecting Buildings & Blocks @ 2025-04-25 12:59:00"
[1] "Completed Quadkey #17 @ 2025-04-25 12:59:02"
[1] "Loading Buildings @ 2025-04-25 12:59:02"
[1] "Intersecting Buildings & Blocks @ 2025-04-25 12:59:02"
[1] "Completed Quadkey #18 @ 2025-04-25 12:59:03"
[1] "Loading Buildings @ 2025-04-25 12:59:04"
[1] "Intersecting Buildings & Blocks @ 2025-04-25 12:59:08"
[1] "Completed Quadkey #19 @ 2025-04-25 12:59:09"
[1] "Loading Buildings @ 2025-04-25 12:59:10"
[1] "Intersecting Buildings & Blocks @ 2025-04-25 12:59:12"
[1] "Completed Quadkey #20 @ 2025-04-25 12:59:13"
[1] "Loading Buildings @ 2025-04-25 12:59:14"
[1] "Intersecting Buildings & Blocks @ 2025-04-25 12:59:18"
[1] "Completed Quadkey #21 @ 2025-04-25 12:59:20"
[1] "Calculating Weights @ 2025-04-25 12:59:20"
[1] "SCRIPT COMPLETE @ 2025-04-25 12:59:23"
