[1] "Starting 25"
[1] "Loading quadkey joins @ 2025-04-25 12:55:03"
[1] "Loading download links @ 2025-04-25 12:55:15"
Reading layer `MA_block_2020' from data source 
  `/work/GRDVULN/census/MA_block_2020.shp' using driver `ESRI Shapefile'
Simple feature collection with 106291 features and 18 fields
Geometry type: MULTIPOLYGON
Dimension:     XY
Bounding box:  xmin: 1830830 ymin: 696039.6 xmax: 2137714 ymax: 871142.7
Projected CRS: USA_Contiguous_Albers_Equal_Area_Conic
[1] "Downloading Buildings from 19 Quadkeys --- 2025-04-25 12:55:31"
[1] "(19) Files to be Downloaded"
[1] "Loading Buildings @ 2025-04-25 12:55:35"
[1] "Intersecting Buildings & Blocks @ 2025-04-25 12:55:52"
[1] "Completed Quadkey #1 @ 2025-04-25 12:55:53"
[1] "Loading Buildings @ 2025-04-25 12:55:54"
[1] "Intersecting Buildings & Blocks @ 2025-04-25 12:55:59"
[1] "Completed Quadkey #2 @ 2025-04-25 12:55:59"
[1] "Loading Buildings @ 2025-04-25 12:56:02"
[1] "Intersecting Buildings & Blocks @ 2025-04-25 12:56:20"
[1] "Completed Quadkey #3 @ 2025-04-25 12:56:23"
[1] "Loading Buildings @ 2025-04-25 12:56:24"
[1] "Intersecting Buildings & Blocks @ 2025-04-25 12:56:26"
[1] "Completed Quadkey #4 @ 2025-04-25 12:56:26"
[1] "Loading Buildings @ 2025-04-25 12:56:28"
[1] "Intersecting Buildings & Blocks @ 2025-04-25 12:56:36"
[1] "Completed Quadkey #5 @ 2025-04-25 12:56:36"
[1] "Loading Buildings @ 2025-04-25 12:56:38"
[1] "Intersecting Buildings & Blocks @ 2025-04-25 12:56:42"
[1] "Completed Quadkey #6 @ 2025-04-25 12:56:43"
[1] "Loading Buildings @ 2025-04-25 12:56:44"
[1] "Intersecting Buildings & Blocks @ 2025-04-25 12:56:46"
[1] "Completed Quadkey #7 @ 2025-04-25 12:56:47"
[1] "Loading Buildings @ 2025-04-25 12:56:49"
[1] "Intersecting Buildings & Blocks @ 2025-04-25 12:56:57"
[1] "Completed Quadkey #8 @ 2025-04-25 12:57:01"
[1] "Loading Buildings @ 2025-04-25 12:57:03"
[1] "Intersecting Buildings & Blocks @ 2025-04-25 12:57:08"
[1] "Completed Quadkey #9 @ 2025-04-25 12:57:10"
[1] "Loading Buildings @ 2025-04-25 12:57:12"
[1] "Intersecting Buildings & Blocks @ 2025-04-25 12:57:20"
[1] "Completed Quadkey #10 @ 2025-04-25 12:57:24"
[1] "Loading Buildings @ 2025-04-25 12:57:31"
[1] "Intersecting Buildings & Blocks @ 2025-04-25 12:57:35"
[1] "Completed Quadkey #11 @ 2025-04-25 12:57:37"
[1] "Loading Buildings @ 2025-04-25 12:57:39"
[1] "Intersecting Buildings & Blocks @ 2025-04-25 12:57:54"
[1] "Completed Quadkey #12 @ 2025-04-25 12:57:58"
[1] "Loading Buildings @ 2025-04-25 12:58:01"
[1] "Intersecting Buildings & Blocks @ 2025-04-25 12:58:31"
[1] "Completed Quadkey #13 @ 2025-04-25 12:58:46"
[1] "Loading Buildings @ 2025-04-25 12:58:48"
[1] "Intersecting Buildings & Blocks @ 2025-04-25 12:58:57"
[1] "Completed Quadkey #14 @ 2025-04-25 12:59:03"
[1] "Loading Buildings @ 2025-04-25 12:59:03"
[1] "Intersecting Buildings & Blocks @ 2025-04-25 12:59:04"
[1] "Completed Quadkey #15 @ 2025-04-25 12:59:05"
[1] "Loading Buildings @ 2025-04-25 12:59:06"
[1] "Intersecting Buildings & Blocks @ 2025-04-25 12:59:09"
[1] "Completed Quadkey #16 @ 2025-04-25 12:59:10"
[1] "Loading Buildings @ 2025-04-25 12:59:11"
[1] "Intersecting Buildings & Blocks @ 2025-04-25 12:59:11"
[1] "Completed Quadkey #17 @ 2025-04-25 12:59:12"
[1] "Loading Buildings @ 2025-04-25 12:59:15"
[1] "Intersecting Buildings & Blocks @ 2025-04-25 12:59:22"
[1] "Completed Quadkey #18 @ 2025-04-25 12:59:28"
[1] "Loading Buildings @ 2025-04-25 12:59:31"
[1] "Intersecting Buildings & Blocks @ 2025-04-25 12:59:34"
[1] "Completed Quadkey #19 @ 2025-04-25 12:59:37"
[1] "Calculating Weights @ 2025-04-25 12:59:37"
[1] "SCRIPT COMPLETE @ 2025-04-25 12:59:42"
