[1] "Starting 29"
[1] "Loading quadkey joins @ 2025-04-25 12:56:00"
[1] "Loading download links @ 2025-04-25 12:56:11"
Reading layer `MO_block_2020' from data source 
  `/work/GRDVULN/census/MO_block_2020.shp' using driver `ESRI Shapefile'
Simple feature collection with 253632 features and 18 fields
Geometry type: POLYGON
Dimension:     XY
Bounding box:  xmin: 18912.79 ymin: -153671.6 xmax: 608221.5 ymax: 356986.3
Projected CRS: USA_Contiguous_Albers_Equal_Area_Conic
[1] "Downloading Buildings from 71 Quadkeys --- 2025-04-25 12:56:32"
[1] "(71) Files to be Downloaded"
[1] "Loading Buildings @ 2025-04-25 12:56:33"
[1] "Intersecting Buildings & Blocks @ 2025-04-25 12:56:36"
[1] "Completed Quadkey #1 @ 2025-04-25 12:56:36"
[1] "Loading Buildings @ 2025-04-25 12:56:37"
[1] "Intersecting Buildings & Blocks @ 2025-04-25 12:56:39"
[1] "Completed Quadkey #2 @ 2025-04-25 12:56:39"
[1] "Loading Buildings @ 2025-04-25 12:56:40"
[1] "Intersecting Buildings & Blocks @ 2025-04-25 12:56:41"
[1] "Completed Quadkey #3 @ 2025-04-25 12:56:41"
[1] "Loading Buildings @ 2025-04-25 12:56:42"
[1] "Intersecting Buildings & Blocks @ 2025-04-25 12:56:42"
[1] "Completed Quadkey #4 @ 2025-04-25 12:56:43"
[1] "Loading Buildings @ 2025-04-25 12:56:44"
[1] "Intersecting Buildings & Blocks @ 2025-04-25 12:56:44"
[1] "Completed Quadkey #5 @ 2025-04-25 12:56:44"
[1] "Loading Buildings @ 2025-04-25 12:56:45"
[1] "Intersecting Buildings & Blocks @ 2025-04-25 12:56:46"
[1] "Completed Quadkey #6 @ 2025-04-25 12:56:47"
[1] "Loading Buildings @ 2025-04-25 12:56:48"
[1] "Intersecting Buildings & Blocks @ 2025-04-25 12:56:48"
[1] "Completed Quadkey #7 @ 2025-04-25 12:56:49"
[1] "Loading Buildings @ 2025-04-25 12:56:50"
[1] "Intersecting Buildings & Blocks @ 2025-04-25 12:56:50"
[1] "Completed Quadkey #8 @ 2025-04-25 12:56:51"
[1] "Loading Buildings @ 2025-04-25 12:56:52"
[1] "Intersecting Buildings & Blocks @ 2025-04-25 12:56:52"
[1] "Completed Quadkey #9 @ 2025-04-25 12:56:53"
[1] "Loading Buildings @ 2025-04-25 12:56:54"
[1] "Intersecting Buildings & Blocks @ 2025-04-25 12:56:54"
[1] "Completed Quadkey #10 @ 2025-04-25 12:56:55"
[1] "Loading Buildings @ 2025-04-25 12:56:55"
[1] "Intersecting Buildings & Blocks @ 2025-04-25 12:56:56"
[1] "Completed Quadkey #11 @ 2025-04-25 12:56:56"
[1] "Loading Buildings @ 2025-04-25 12:56:57"
[1] "Intersecting Buildings & Blocks @ 2025-04-25 12:56:58"
[1] "Completed Quadkey #12 @ 2025-04-25 12:56:59"
[1] "Loading Buildings @ 2025-04-25 12:57:00"
[1] "Intersecting Buildings & Blocks @ 2025-04-25 12:57:01"
[1] "Completed Quadkey #13 @ 2025-04-25 12:57:01"
[1] "Loading Buildings @ 2025-04-25 12:57:03"
[1] "Intersecting Buildings & Blocks @ 2025-04-25 12:57:05"
[1] "Completed Quadkey #14 @ 2025-04-25 12:57:05"
[1] "Loading Buildings @ 2025-04-25 12:57:06"
[1] "Intersecting Buildings & Blocks @ 2025-04-25 12:57:07"
[1] "Completed Quadkey #15 @ 2025-04-25 12:57:07"
[1] "Loading Buildings @ 2025-04-25 12:57:12"
[1] "Intersecting Buildings & Blocks @ 2025-04-25 12:57:15"
[1] "Completed Quadkey #16 @ 2025-04-25 12:57:16"
[1] "Loading Buildings @ 2025-04-25 12:57:20"
[1] "Intersecting Buildings & Blocks @ 2025-04-25 12:57:47"
[1] "Completed Quadkey #17 @ 2025-04-25 12:57:53"
[1] "Loading Buildings @ 2025-04-25 12:57:54"
[1] "Intersecting Buildings & Blocks @ 2025-04-25 12:57:57"
[1] "Completed Quadkey #18 @ 2025-04-25 12:57:58"
[1] "Loading Buildings @ 2025-04-25 12:58:00"
[1] "Intersecting Buildings & Blocks @ 2025-04-25 12:58:01"
[1] "Completed Quadkey #19 @ 2025-04-25 12:58:02"
[1] "Loading Buildings @ 2025-04-25 12:58:03"
[1] "Intersecting Buildings & Blocks @ 2025-04-25 12:58:05"
[1] "Completed Quadkey #20 @ 2025-04-25 12:58:06"
[1] "Loading Buildings @ 2025-04-25 12:58:07"
[1] "Intersecting Buildings & Blocks @ 2025-04-25 12:58:13"
[1] "Completed Quadkey #21 @ 2025-04-25 12:58:14"
[1] "Loading Buildings @ 2025-04-25 12:58:19"
[1] "Intersecting Buildings & Blocks @ 2025-04-25 12:58:23"
[1] "Completed Quadkey #22 @ 2025-04-25 12:58:23"
[1] "Loading Buildings @ 2025-04-25 12:58:24"
[1] "Intersecting Buildings & Blocks @ 2025-04-25 12:58:25"
[1] "Completed Quadkey #23 @ 2025-04-25 12:58:26"
[1] "Loading Buildings @ 2025-04-25 12:58:28"
[1] "Intersecting Buildings & Blocks @ 2025-04-25 12:58:30"
[1] "Completed Quadkey #24 @ 2025-04-25 12:58:31"
[1] "Loading Buildings @ 2025-04-25 12:58:40"
[1] "Intersecting Buildings & Blocks @ 2025-04-25 12:58:41"
[1] "Completed Quadkey #25 @ 2025-04-25 12:58:43"
[1] "Loading Buildings @ 2025-04-25 12:58:44"
[1] "Intersecting Buildings & Blocks @ 2025-04-25 12:58:45"
[1] "Completed Quadkey #26 @ 2025-04-25 12:58:46"
[1] "Loading Buildings @ 2025-04-25 12:58:47"
[1] "Intersecting Buildings & Blocks @ 2025-04-25 12:58:48"
[1] "Completed Quadkey #27 @ 2025-04-25 12:58:49"
[1] "Loading Buildings @ 2025-04-25 12:58:51"
[1] "Intersecting Buildings & Blocks @ 2025-04-25 12:58:54"
[1] "Completed Quadkey #28 @ 2025-04-25 12:58:55"
[1] "Loading Buildings @ 2025-04-25 12:58:57"
[1] "Intersecting Buildings & Blocks @ 2025-04-25 12:59:04"
[1] "Completed Quadkey #29 @ 2025-04-25 12:59:05"
[1] "Loading Buildings @ 2025-04-25 12:59:06"
[1] "Intersecting Buildings & Blocks @ 2025-04-25 12:59:07"
[1] "Completed Quadkey #30 @ 2025-04-25 12:59:08"
[1] "Loading Buildings @ 2025-04-25 12:59:09"
[1] "Intersecting Buildings & Blocks @ 2025-04-25 12:59:10"
[1] "Completed Quadkey #31 @ 2025-04-25 12:59:12"
[1] "Loading Buildings @ 2025-04-25 12:59:13"
[1] "Intersecting Buildings & Blocks @ 2025-04-25 12:59:15"
[1] "Completed Quadkey #32 @ 2025-04-25 12:59:18"
[1] "Loading Buildings @ 2025-04-25 12:59:20"
[1] "Intersecting Buildings & Blocks @ 2025-04-25 12:59:21"
[1] "Completed Quadkey #33 @ 2025-04-25 12:59:23"
[1] "Loading Buildings @ 2025-04-25 12:59:25"
[1] "Intersecting Buildings & Blocks @ 2025-04-25 12:59:29"
[1] "Completed Quadkey #34 @ 2025-04-25 12:59:32"
[1] "Loading Buildings @ 2025-04-25 12:59:34"
[1] "Intersecting Buildings & Blocks @ 2025-04-25 12:59:39"
[1] "Completed Quadkey #35 @ 2025-04-25 12:59:43"
[1] "Loading Buildings @ 2025-04-25 12:59:44"
[1] "Intersecting Buildings & Blocks @ 2025-04-25 12:59:47"
[1] "Completed Quadkey #36 @ 2025-04-25 12:59:48"
[1] "Loading Buildings @ 2025-04-25 12:59:49"
[1] "Intersecting Buildings & Blocks @ 2025-04-25 12:59:50"
[1] "Completed Quadkey #37 @ 2025-04-25 12:59:52"
[1] "Loading Buildings @ 2025-04-25 12:59:54"
[1] "Intersecting Buildings & Blocks @ 2025-04-25 12:59:58"
[1] "Completed Quadkey #38 @ 2025-04-25 13:00:01"
[1] "Loading Buildings @ 2025-04-25 13:00:02"
[1] "Intersecting Buildings & Blocks @ 2025-04-25 13:00:05"
[1] "Completed Quadkey #39 @ 2025-04-25 13:00:08"
[1] "Loading Buildings @ 2025-04-25 13:00:11"
[1] "Intersecting Buildings & Blocks @ 2025-04-25 13:00:14"
[1] "Completed Quadkey #40 @ 2025-04-25 13:00:17"
[1] "Loading Buildings @ 2025-04-25 13:00:21"
[1] "Intersecting Buildings & Blocks @ 2025-04-25 13:00:22"
[1] "Completed Quadkey #41 @ 2025-04-25 13:00:24"
[1] "Loading Buildings @ 2025-04-25 13:00:25"
[1] "Intersecting Buildings & Blocks @ 2025-04-25 13:00:26"
[1] "Completed Quadkey #42 @ 2025-04-25 13:00:28"
[1] "Loading Buildings @ 2025-04-25 13:00:29"
[1] "Intersecting Buildings & Blocks @ 2025-04-25 13:00:31"
[1] "Completed Quadkey #43 @ 2025-04-25 13:00:32"
[1] "Loading Buildings @ 2025-04-25 13:00:33"
[1] "Intersecting Buildings & Blocks @ 2025-04-25 13:00:34"
[1] "Completed Quadkey #44 @ 2025-04-25 13:00:36"
[1] "Loading Buildings @ 2025-04-25 13:00:37"
[1] "Intersecting Buildings & Blocks @ 2025-04-25 13:00:38"
[1] "Completed Quadkey #45 @ 2025-04-25 13:00:41"
[1] "Loading Buildings @ 2025-04-25 13:00:42"
[1] "Intersecting Buildings & Blocks @ 2025-04-25 13:00:44"
[1] "Completed Quadkey #46 @ 2025-04-25 13:00:47"
[1] "Loading Buildings @ 2025-04-25 13:00:50"
[1] "Intersecting Buildings & Blocks @ 2025-04-25 13:00:52"
[1] "Completed Quadkey #47 @ 2025-04-25 13:00:54"
[1] "Loading Buildings @ 2025-04-25 13:00:55"
[1] "Intersecting Buildings & Blocks @ 2025-04-25 13:00:56"
[1] "Completed Quadkey #48 @ 2025-04-25 13:00:58"
[1] "Loading Buildings @ 2025-04-25 13:00:59"
[1] "Intersecting Buildings & Blocks @ 2025-04-25 13:01:00"
[1] "Completed Quadkey #49 @ 2025-04-25 13:01:03"
[1] "Loading Buildings @ 2025-04-25 13:01:04"
[1] "Intersecting Buildings & Blocks @ 2025-04-25 13:01:05"
[1] "Completed Quadkey #50 @ 2025-04-25 13:01:06"
[1] "Loading Buildings @ 2025-04-25 13:01:08"
[1] "Intersecting Buildings & Blocks @ 2025-04-25 13:01:10"
[1] "Completed Quadkey #51 @ 2025-04-25 13:01:15"
[1] "Loading Buildings @ 2025-04-25 13:01:16"
[1] "Intersecting Buildings & Blocks @ 2025-04-25 13:01:17"
[1] "Completed Quadkey #52 @ 2025-04-25 13:01:18"
[1] "Loading Buildings @ 2025-04-25 13:01:20"
[1] "Intersecting Buildings & Blocks @ 2025-04-25 13:01:25"
[1] "Completed Quadkey #53 @ 2025-04-25 13:01:30"
[1] "Loading Buildings @ 2025-04-25 13:01:31"
[1] "Intersecting Buildings & Blocks @ 2025-04-25 13:01:32"
[1] "Completed Quadkey #54 @ 2025-04-25 13:01:35"
[1] "Loading Buildings @ 2025-04-25 13:01:36"
[1] "Intersecting Buildings & Blocks @ 2025-04-25 13:01:36"
[1] "Completed Quadkey #55 @ 2025-04-25 13:01:38"
[1] "Loading Buildings @ 2025-04-25 13:01:39"
[1] "Intersecting Buildings & Blocks @ 2025-04-25 13:01:40"
[1] "Completed Quadkey #56 @ 2025-04-25 13:01:42"
[1] "Loading Buildings @ 2025-04-25 13:01:43"
[1] "Intersecting Buildings & Blocks @ 2025-04-25 13:01:44"
[1] "Completed Quadkey #57 @ 2025-04-25 13:01:45"
[1] "Loading Buildings @ 2025-04-25 13:01:47"
[1] "Intersecting Buildings & Blocks @ 2025-04-25 13:01:50"
[1] "Completed Quadkey #58 @ 2025-04-25 13:01:51"
[1] "Loading Buildings @ 2025-04-25 13:01:53"
[1] "Intersecting Buildings & Blocks @ 2025-04-25 13:01:57"
[1] "Completed Quadkey #59 @ 2025-04-25 13:02:01"
[1] "Loading Buildings @ 2025-04-25 13:02:05"
[1] "Intersecting Buildings & Blocks @ 2025-04-25 13:02:38"
[1] "Completed Quadkey #60 @ 2025-04-25 13:02:50"
[1] "Loading Buildings @ 2025-04-25 13:02:51"
[1] "Intersecting Buildings & Blocks @ 2025-04-25 13:02:53"
[1] "Completed Quadkey #61 @ 2025-04-25 13:02:55"
[1] "Loading Buildings @ 2025-04-25 13:02:56"
[1] "Intersecting Buildings & Blocks @ 2025-04-25 13:02:58"
[1] "Completed Quadkey #62 @ 2025-04-25 13:03:00"
[1] "Loading Buildings @ 2025-04-25 13:03:02"
[1] "Intersecting Buildings & Blocks @ 2025-04-25 13:03:04"
[1] "Completed Quadkey #63 @ 2025-04-25 13:03:05"
[1] "Loading Buildings @ 2025-04-25 13:03:07"
[1] "Intersecting Buildings & Blocks @ 2025-04-25 13:03:08"
[1] "Completed Quadkey #64 @ 2025-04-25 13:03:08"
[1] "Loading Buildings @ 2025-04-25 13:03:10"
[1] "Intersecting Buildings & Blocks @ 2025-04-25 13:03:13"
[1] "Completed Quadkey #65 @ 2025-04-25 13:03:16"
[1] "Loading Buildings @ 2025-04-25 13:03:17"
[1] "Intersecting Buildings & Blocks @ 2025-04-25 13:03:19"
[1] "Completed Quadkey #66 @ 2025-04-25 13:03:20"
[1] "Loading Buildings @ 2025-04-25 13:03:21"
[1] "Intersecting Buildings & Blocks @ 2025-04-25 13:03:25"
[1] "Completed Quadkey #67 @ 2025-04-25 13:03:27"
[1] "Loading Buildings @ 2025-04-25 13:03:29"
[1] "Intersecting Buildings & Blocks @ 2025-04-25 13:03:30"
[1] "Completed Quadkey #68 @ 2025-04-25 13:03:31"
[1] "Loading Buildings @ 2025-04-25 13:03:33"
[1] "Intersecting Buildings & Blocks @ 2025-04-25 13:03:35"
[1] "Completed Quadkey #69 @ 2025-04-25 13:03:36"
[1] "Loading Buildings @ 2025-04-25 13:03:37"
[1] "Intersecting Buildings & Blocks @ 2025-04-25 13:03:37"
[1] "Completed Quadkey #70 @ 2025-04-25 13:03:38"
[1] "Loading Buildings @ 2025-04-25 13:03:39"
[1] "Intersecting Buildings & Blocks @ 2025-04-25 13:03:41"
[1] "Completed Quadkey #71 @ 2025-04-25 13:03:41"
[1] "Calculating Weights @ 2025-04-25 13:03:41"
[1] "SCRIPT COMPLETE @ 2025-04-25 13:03:48"
