[1] "Starting 31"
[1] "Loading quadkey joins @ 2025-04-25 12:56:43"
[1] "Loading download links @ 2025-04-25 12:56:54"
Reading layer `NE_block_2020' from data source 
  `/work/GRDVULN/census/NE_block_2020.shp' using driver `ESRI Shapefile'
Simple feature collection with 119103 features and 18 fields
Geometry type: POLYGON
Dimension:     XY
Bounding box:  xmin: -671177.6 ymin: 280237.1 xmax: 58533.8 ymax: 643632.8
Projected CRS: USA_Contiguous_Albers_Equal_Area_Conic
[1] "Downloading Buildings from 68 Quadkeys --- 2025-04-25 12:57:10"
[1] "(68) Files to be Downloaded"
[1] "Loading Buildings @ 2025-04-25 12:57:11"
[1] "Intersecting Buildings & Blocks @ 2025-04-25 12:57:12"
[1] "Completed Quadkey #1 @ 2025-04-25 12:57:12"
[1] "Loading Buildings @ 2025-04-25 12:57:16"
[1] "Intersecting Buildings & Blocks @ 2025-04-25 12:57:28"
[1] "Completed Quadkey #2 @ 2025-04-25 12:57:32"
[1] "Loading Buildings @ 2025-04-25 12:57:33"
[1] "Intersecting Buildings & Blocks @ 2025-04-25 12:57:34"
[1] "Completed Quadkey #3 @ 2025-04-25 12:57:34"
[1] "Loading Buildings @ 2025-04-25 12:57:35"
[1] "Intersecting Buildings & Blocks @ 2025-04-25 12:57:37"
[1] "Completed Quadkey #4 @ 2025-04-25 12:57:37"
[1] "Loading Buildings @ 2025-04-25 12:57:38"
[1] "Intersecting Buildings & Blocks @ 2025-04-25 12:57:38"
[1] "Completed Quadkey #5 @ 2025-04-25 12:57:38"
[1] "Loading Buildings @ 2025-04-25 12:57:39"
[1] "Intersecting Buildings & Blocks @ 2025-04-25 12:57:40"
[1] "Completed Quadkey #6 @ 2025-04-25 12:57:41"
[1] "Loading Buildings @ 2025-04-25 12:57:41"
[1] "Intersecting Buildings & Blocks @ 2025-04-25 12:57:41"
[1] "Completed Quadkey #7 @ 2025-04-25 12:57:41"
[1] "Loading Buildings @ 2025-04-25 12:57:42"
[1] "Intersecting Buildings & Blocks @ 2025-04-25 12:57:42"
[1] "Completed Quadkey #8 @ 2025-04-25 12:57:42"
[1] "Loading Buildings @ 2025-04-25 12:57:43"
[1] "Intersecting Buildings & Blocks @ 2025-04-25 12:57:43"
[1] "Completed Quadkey #9 @ 2025-04-25 12:57:44"
[1] "Loading Buildings @ 2025-04-25 12:57:45"
[1] "Intersecting Buildings & Blocks @ 2025-04-25 12:57:45"
[1] "Completed Quadkey #10 @ 2025-04-25 12:57:45"
[1] "Loading Buildings @ 2025-04-25 12:57:46"
[1] "Intersecting Buildings & Blocks @ 2025-04-25 12:57:46"
[1] "Completed Quadkey #11 @ 2025-04-25 12:57:46"
[1] "Loading Buildings @ 2025-04-25 12:57:46"
[1] "Intersecting Buildings & Blocks @ 2025-04-25 12:57:47"
[1] "Completed Quadkey #12 @ 2025-04-25 12:57:47"
[1] "Loading Buildings @ 2025-04-25 12:57:49"
[1] "Intersecting Buildings & Blocks @ 2025-04-25 12:57:49"
[1] "Completed Quadkey #13 @ 2025-04-25 12:57:49"
[1] "Loading Buildings @ 2025-04-25 12:57:50"
[1] "Intersecting Buildings & Blocks @ 2025-04-25 12:57:50"
[1] "Completed Quadkey #14 @ 2025-04-25 12:57:50"
[1] "Loading Buildings @ 2025-04-25 12:57:51"
[1] "Intersecting Buildings & Blocks @ 2025-04-25 12:57:51"
[1] "Completed Quadkey #15 @ 2025-04-25 12:57:52"
[1] "Loading Buildings @ 2025-04-25 12:57:52"
[1] "Intersecting Buildings & Blocks @ 2025-04-25 12:57:53"
[1] "Completed Quadkey #16 @ 2025-04-25 12:57:53"
[1] "Loading Buildings @ 2025-04-25 12:57:54"
[1] "Intersecting Buildings & Blocks @ 2025-04-25 12:57:55"
[1] "Completed Quadkey #17 @ 2025-04-25 12:57:55"
[1] "Loading Buildings @ 2025-04-25 12:57:56"
[1] "Intersecting Buildings & Blocks @ 2025-04-25 12:57:57"
[1] "Completed Quadkey #18 @ 2025-04-25 12:57:57"
[1] "Loading Buildings @ 2025-04-25 12:57:58"
[1] "Intersecting Buildings & Blocks @ 2025-04-25 12:57:59"
[1] "Completed Quadkey #19 @ 2025-04-25 12:57:59"
[1] "Loading Buildings @ 2025-04-25 12:58:01"
[1] "Intersecting Buildings & Blocks @ 2025-04-25 12:58:03"
[1] "Completed Quadkey #20 @ 2025-04-25 12:58:03"
[1] "Loading Buildings @ 2025-04-25 12:58:04"
[1] "Intersecting Buildings & Blocks @ 2025-04-25 12:58:05"
[1] "Completed Quadkey #21 @ 2025-04-25 12:58:06"
[1] "Loading Buildings @ 2025-04-25 12:58:06"
[1] "Intersecting Buildings & Blocks @ 2025-04-25 12:58:06"
[1] "Completed Quadkey #22 @ 2025-04-25 12:58:07"
[1] "Loading Buildings @ 2025-04-25 12:58:07"
[1] "Intersecting Buildings & Blocks @ 2025-04-25 12:58:08"
[1] "Completed Quadkey #23 @ 2025-04-25 12:58:08"
[1] "Loading Buildings @ 2025-04-25 12:58:08"
[1] "Intersecting Buildings & Blocks @ 2025-04-25 12:58:09"
[1] "Completed Quadkey #24 @ 2025-04-25 12:58:09"
[1] "Loading Buildings @ 2025-04-25 12:58:10"
[1] "Intersecting Buildings & Blocks @ 2025-04-25 12:58:10"
[1] "Completed Quadkey #25 @ 2025-04-25 12:58:10"
[1] "Loading Buildings @ 2025-04-25 12:58:11"
[1] "Intersecting Buildings & Blocks @ 2025-04-25 12:58:12"
[1] "Completed Quadkey #26 @ 2025-04-25 12:58:12"
[1] "Loading Buildings @ 2025-04-25 12:58:15"
[1] "Intersecting Buildings & Blocks @ 2025-04-25 12:58:15"
[1] "Completed Quadkey #27 @ 2025-04-25 12:58:15"
[1] "Loading Buildings @ 2025-04-25 12:58:18"
[1] "Intersecting Buildings & Blocks @ 2025-04-25 12:58:18"
[1] "Completed Quadkey #28 @ 2025-04-25 12:58:19"
[1] "Loading Buildings @ 2025-04-25 12:58:20"
[1] "Intersecting Buildings & Blocks @ 2025-04-25 12:58:20"
[1] "Completed Quadkey #29 @ 2025-04-25 12:58:20"
[1] "Loading Buildings @ 2025-04-25 12:58:21"
[1] "Intersecting Buildings & Blocks @ 2025-04-25 12:58:21"
[1] "Completed Quadkey #30 @ 2025-04-25 12:58:21"
[1] "Loading Buildings @ 2025-04-25 12:58:21"
[1] "Intersecting Buildings & Blocks @ 2025-04-25 12:58:21"
[1] "Completed Quadkey #31 @ 2025-04-25 12:58:22"
[1] "Loading Buildings @ 2025-04-25 12:58:23"
[1] "Intersecting Buildings & Blocks @ 2025-04-25 12:58:23"
[1] "Completed Quadkey #32 @ 2025-04-25 12:58:23"
[1] "Loading Buildings @ 2025-04-25 12:58:24"
[1] "Intersecting Buildings & Blocks @ 2025-04-25 12:58:24"
[1] "Completed Quadkey #33 @ 2025-04-25 12:58:24"
[1] "Loading Buildings @ 2025-04-25 12:58:25"
[1] "Intersecting Buildings & Blocks @ 2025-04-25 12:58:25"
[1] "Completed Quadkey #34 @ 2025-04-25 12:58:26"
[1] "Loading Buildings @ 2025-04-25 12:58:26"
[1] "Intersecting Buildings & Blocks @ 2025-04-25 12:58:27"
[1] "Completed Quadkey #35 @ 2025-04-25 12:58:27"
[1] "Loading Buildings @ 2025-04-25 12:58:28"
[1] "Intersecting Buildings & Blocks @ 2025-04-25 12:58:28"
[1] "Completed Quadkey #36 @ 2025-04-25 12:58:28"
[1] "Loading Buildings @ 2025-04-25 12:58:29"
[1] "Intersecting Buildings & Blocks @ 2025-04-25 12:58:30"
[1] "Completed Quadkey #37 @ 2025-04-25 12:58:31"
[1] "Loading Buildings @ 2025-04-25 12:58:31"
[1] "Intersecting Buildings & Blocks @ 2025-04-25 12:58:32"
[1] "Completed Quadkey #38 @ 2025-04-25 12:58:32"
[1] "Loading Buildings @ 2025-04-25 12:58:32"
[1] "Intersecting Buildings & Blocks @ 2025-04-25 12:58:32"
[1] "Completed Quadkey #39 @ 2025-04-25 12:58:33"
[1] "Loading Buildings @ 2025-04-25 12:58:33"
[1] "Intersecting Buildings & Blocks @ 2025-04-25 12:58:34"
[1] "Completed Quadkey #40 @ 2025-04-25 12:58:34"
[1] "Loading Buildings @ 2025-04-25 12:58:35"
[1] "Intersecting Buildings & Blocks @ 2025-04-25 12:58:35"
[1] "Completed Quadkey #41 @ 2025-04-25 12:58:36"
[1] "Loading Buildings @ 2025-04-25 12:58:37"
[1] "Intersecting Buildings & Blocks @ 2025-04-25 12:58:37"
[1] "Completed Quadkey #42 @ 2025-04-25 12:58:38"
[1] "Loading Buildings @ 2025-04-25 12:58:38"
[1] "Intersecting Buildings & Blocks @ 2025-04-25 12:58:38"
[1] "Completed Quadkey #43 @ 2025-04-25 12:58:38"
[1] "Loading Buildings @ 2025-04-25 12:58:39"
[1] "Intersecting Buildings & Blocks @ 2025-04-25 12:58:39"
[1] "Completed Quadkey #44 @ 2025-04-25 12:58:40"
[1] "Loading Buildings @ 2025-04-25 12:58:41"
[1] "Intersecting Buildings & Blocks @ 2025-04-25 12:58:41"
[1] "Completed Quadkey #45 @ 2025-04-25 12:58:42"
[1] "Loading Buildings @ 2025-04-25 12:58:43"
[1] "Intersecting Buildings & Blocks @ 2025-04-25 12:58:43"
[1] "Completed Quadkey #46 @ 2025-04-25 12:58:45"
[1] "Loading Buildings @ 2025-04-25 12:58:46"
[1] "Intersecting Buildings & Blocks @ 2025-04-25 12:58:46"
[1] "Completed Quadkey #47 @ 2025-04-25 12:58:46"
[1] "Loading Buildings @ 2025-04-25 12:58:47"
[1] "Intersecting Buildings & Blocks @ 2025-04-25 12:58:47"
[1] "Completed Quadkey #48 @ 2025-04-25 12:58:48"
[1] "Loading Buildings @ 2025-04-25 12:58:48"
[1] "Intersecting Buildings & Blocks @ 2025-04-25 12:58:48"
[1] "Completed Quadkey #49 @ 2025-04-25 12:58:48"
[1] "Loading Buildings @ 2025-04-25 12:58:49"
[1] "Intersecting Buildings & Blocks @ 2025-04-25 12:58:50"
[1] "Completed Quadkey #50 @ 2025-04-25 12:58:50"
[1] "Loading Buildings @ 2025-04-25 12:58:51"
[1] "Intersecting Buildings & Blocks @ 2025-04-25 12:58:52"
[1] "Completed Quadkey #51 @ 2025-04-25 12:58:53"
[1] "Loading Buildings @ 2025-04-25 12:58:54"
[1] "Intersecting Buildings & Blocks @ 2025-04-25 12:58:55"
[1] "Completed Quadkey #52 @ 2025-04-25 12:58:55"
[1] "Loading Buildings @ 2025-04-25 12:58:56"
[1] "Intersecting Buildings & Blocks @ 2025-04-25 12:58:56"
[1] "Completed Quadkey #53 @ 2025-04-25 12:58:57"
[1] "Loading Buildings @ 2025-04-25 12:58:58"
[1] "Intersecting Buildings & Blocks @ 2025-04-25 12:58:58"
[1] "Completed Quadkey #54 @ 2025-04-25 12:58:59"
[1] "Loading Buildings @ 2025-04-25 12:59:00"
[1] "Intersecting Buildings & Blocks @ 2025-04-25 12:59:00"
[1] "Completed Quadkey #55 @ 2025-04-25 12:59:01"
[1] "Loading Buildings @ 2025-04-25 12:59:02"
[1] "Intersecting Buildings & Blocks @ 2025-04-25 12:59:04"
[1] "Completed Quadkey #56 @ 2025-04-25 12:59:05"
[1] "Loading Buildings @ 2025-04-25 12:59:06"
[1] "Intersecting Buildings & Blocks @ 2025-04-25 12:59:07"
[1] "Completed Quadkey #57 @ 2025-04-25 12:59:08"
[1] "Loading Buildings @ 2025-04-25 12:59:09"
[1] "Intersecting Buildings & Blocks @ 2025-04-25 12:59:09"
[1] "Completed Quadkey #58 @ 2025-04-25 12:59:09"
[1] "Loading Buildings @ 2025-04-25 12:59:11"
[1] "Intersecting Buildings & Blocks @ 2025-04-25 12:59:12"
[1] "Completed Quadkey #59 @ 2025-04-25 12:59:12"
[1] "Loading Buildings @ 2025-04-25 12:59:13"
[1] "Intersecting Buildings & Blocks @ 2025-04-25 12:59:14"
[1] "Completed Quadkey #60 @ 2025-04-25 12:59:15"
[1] "Loading Buildings @ 2025-04-25 12:59:16"
[1] "Intersecting Buildings & Blocks @ 2025-04-25 12:59:17"
[1] "Completed Quadkey #61 @ 2025-04-25 12:59:18"
[1] "Loading Buildings @ 2025-04-25 12:59:19"
[1] "Intersecting Buildings & Blocks @ 2025-04-25 12:59:20"
[1] "Completed Quadkey #62 @ 2025-04-25 12:59:21"
[1] "Loading Buildings @ 2025-04-25 12:59:22"
[1] "Intersecting Buildings & Blocks @ 2025-04-25 12:59:22"
[1] "Completed Quadkey #63 @ 2025-04-25 12:59:24"
[1] "Loading Buildings @ 2025-04-25 12:59:25"
[1] "Intersecting Buildings & Blocks @ 2025-04-25 12:59:30"
[1] "Completed Quadkey #64 @ 2025-04-25 12:59:34"
[1] "Loading Buildings @ 2025-04-25 12:59:35"
[1] "Intersecting Buildings & Blocks @ 2025-04-25 12:59:37"
[1] "Completed Quadkey #65 @ 2025-04-25 12:59:38"
[1] "Loading Buildings @ 2025-04-25 12:59:39"
[1] "Intersecting Buildings & Blocks @ 2025-04-25 12:59:40"
[1] "Completed Quadkey #66 @ 2025-04-25 12:59:41"
[1] "Loading Buildings @ 2025-04-25 12:59:42"
[1] "Intersecting Buildings & Blocks @ 2025-04-25 12:59:43"
[1] "Completed Quadkey #67 @ 2025-04-25 12:59:43"
[1] "Loading Buildings @ 2025-04-25 12:59:45"
[1] "Intersecting Buildings & Blocks @ 2025-04-25 12:59:45"
[1] "Completed Quadkey #68 @ 2025-04-25 12:59:47"
[1] "Calculating Weights @ 2025-04-25 12:59:47"
[1] "SCRIPT COMPLETE @ 2025-04-25 12:59:49"
