[1] "Starting 33"
[1] "Loading quadkey joins @ 2025-04-25 12:56:53"
[1] "Loading download links @ 2025-04-25 12:57:06"
Reading layer `NH_block_2020' from data source 
  `/work/GRDVULN/census/NH_block_2020.shp' using driver `ESRI Shapefile'
Simple feature collection with 31893 features and 18 fields
Geometry type: MULTIPOLYGON
Dimension:     XY
Bounding box:  xmin: 1879916 ymin: 821576.6 xmax: 2035094 ymax: 1127489
Projected CRS: USA_Contiguous_Albers_Equal_Area_Conic
[1] "Downloading Buildings from 15 Quadkeys --- 2025-04-25 12:57:20"
[1] "(15) Files to be Downloaded"
[1] "Loading Buildings @ 2025-04-25 12:57:21"
[1] "Intersecting Buildings & Blocks @ 2025-04-25 12:57:22"
[1] "Completed Quadkey #1 @ 2025-04-25 12:57:23"
[1] "Loading Buildings @ 2025-04-25 12:57:30"
[1] "Intersecting Buildings & Blocks @ 2025-04-25 12:57:32"
[1] "Completed Quadkey #2 @ 2025-04-25 12:57:32"
[1] "Loading Buildings @ 2025-04-25 12:57:33"
[1] "Intersecting Buildings & Blocks @ 2025-04-25 12:57:34"
[1] "Completed Quadkey #3 @ 2025-04-25 12:57:34"
[1] "Loading Buildings @ 2025-04-25 12:57:36"
[1] "Intersecting Buildings & Blocks @ 2025-04-25 12:57:39"
[1] "Completed Quadkey #4 @ 2025-04-25 12:57:39"
[1] "Loading Buildings @ 2025-04-25 12:57:41"
[1] "Intersecting Buildings & Blocks @ 2025-04-25 12:57:45"
[1] "Completed Quadkey #5 @ 2025-04-25 12:57:46"
[1] "Loading Buildings @ 2025-04-25 12:57:47"
[1] "Intersecting Buildings & Blocks @ 2025-04-25 12:57:54"
[1] "Completed Quadkey #6 @ 2025-04-25 12:57:54"
[1] "Loading Buildings @ 2025-04-25 12:57:55"
[1] "Intersecting Buildings & Blocks @ 2025-04-25 12:57:56"
[1] "Completed Quadkey #7 @ 2025-04-25 12:57:56"
[1] "Loading Buildings @ 2025-04-25 12:57:58"
[1] "Intersecting Buildings & Blocks @ 2025-04-25 12:57:59"
[1] "Completed Quadkey #8 @ 2025-04-25 12:58:00"
[1] "Loading Buildings @ 2025-04-25 12:58:01"
[1] "Intersecting Buildings & Blocks @ 2025-04-25 12:58:02"
[1] "Completed Quadkey #9 @ 2025-04-25 12:58:02"
[1] "Loading Buildings @ 2025-04-25 12:58:03"
[1] "Intersecting Buildings & Blocks @ 2025-04-25 12:58:05"
[1] "Completed Quadkey #10 @ 2025-04-25 12:58:06"
[1] "Loading Buildings @ 2025-04-25 12:58:08"
[1] "Intersecting Buildings & Blocks @ 2025-04-25 12:58:12"
[1] "Completed Quadkey #11 @ 2025-04-25 12:58:13"
[1] "Loading Buildings @ 2025-04-25 12:58:15"
[1] "Intersecting Buildings & Blocks @ 2025-04-25 12:58:16"
[1] "Completed Quadkey #12 @ 2025-04-25 12:58:18"
[1] "Loading Buildings @ 2025-04-25 12:58:20"
[1] "Intersecting Buildings & Blocks @ 2025-04-25 12:58:23"
[1] "Completed Quadkey #13 @ 2025-04-25 12:58:25"
[1] "Loading Buildings @ 2025-04-25 12:58:29"
[1] "Intersecting Buildings & Blocks @ 2025-04-25 12:58:43"
[1] "Completed Quadkey #14 @ 2025-04-25 12:58:47"
[1] "Loading Buildings @ 2025-04-25 12:58:49"
[1] "Intersecting Buildings & Blocks @ 2025-04-25 12:58:51"
[1] "Completed Quadkey #15 @ 2025-04-25 12:58:51"
[1] "Calculating Weights @ 2025-04-25 12:58:51"
[1] "SCRIPT COMPLETE @ 2025-04-25 12:58:54"
