[1] "Starting 34"
[1] "Loading quadkey joins @ 2025-04-25 12:57:00"
[1] "Loading download links @ 2025-04-25 12:57:11"
Reading layer `NJ_block_2020' from data source 
  `/work/GRDVULN/census/NJ_block_2020.shp' using driver `ESRI Shapefile'
Simple feature collection with 137074 features and 18 fields
Geometry type: MULTIPOLYGON
Dimension:     XY
Bounding box:  xmin: 1725332 ymin: 359560.1 xmax: 1843239 ymax: 629670.2
Projected CRS: USA_Contiguous_Albers_Equal_Area_Conic
[1] "Downloading Buildings from 12 Quadkeys --- 2025-04-25 12:57:32"
[1] "(12) Files to be Downloaded"
[1] "Loading Buildings @ 2025-04-25 12:57:35"
[1] "Intersecting Buildings & Blocks @ 2025-04-25 12:57:48"
[1] "Completed Quadkey #1 @ 2025-04-25 12:57:49"
[1] "Loading Buildings @ 2025-04-25 12:57:51"
[1] "Intersecting Buildings & Blocks @ 2025-04-25 12:57:55"
[1] "Completed Quadkey #2 @ 2025-04-25 12:57:55"
[1] "Loading Buildings @ 2025-04-25 12:57:57"
[1] "Intersecting Buildings & Blocks @ 2025-04-25 12:58:02"
[1] "Completed Quadkey #3 @ 2025-04-25 12:58:03"
[1] "Loading Buildings @ 2025-04-25 12:58:10"
[1] "Intersecting Buildings & Blocks @ 2025-04-25 12:59:03"
[1] "Completed Quadkey #4 @ 2025-04-25 12:59:19"
[1] "Loading Buildings @ 2025-04-25 12:59:21"
[1] "Intersecting Buildings & Blocks @ 2025-04-25 12:59:32"
[1] "Completed Quadkey #5 @ 2025-04-25 12:59:35"
[1] "Loading Buildings @ 2025-04-25 12:59:38"
[1] "Intersecting Buildings & Blocks @ 2025-04-25 12:59:58"
[1] "Completed Quadkey #6 @ 2025-04-25 13:00:07"
[1] "Loading Buildings @ 2025-04-25 13:00:21"
[1] "Intersecting Buildings & Blocks @ 2025-04-25 13:00:32"
[1] "Completed Quadkey #7 @ 2025-04-25 13:00:42"
[1] "Loading Buildings @ 2025-04-25 13:00:51"
[1] "Intersecting Buildings & Blocks @ 2025-04-25 13:01:17"
[1] "Completed Quadkey #8 @ 2025-04-25 13:01:24"
[1] "Loading Buildings @ 2025-04-25 13:01:35"
[1] "Intersecting Buildings & Blocks @ 2025-04-25 13:01:46"
[1] "Completed Quadkey #9 @ 2025-04-25 13:01:54"
[1] "Loading Buildings @ 2025-04-25 13:01:56"
[1] "Intersecting Buildings & Blocks @ 2025-04-25 13:02:01"
[1] "Completed Quadkey #10 @ 2025-04-25 13:02:05"
[1] "Loading Buildings @ 2025-04-25 13:02:07"
[1] "Intersecting Buildings & Blocks @ 2025-04-25 13:02:11"
[1] "Completed Quadkey #11 @ 2025-04-25 13:02:17"
[1] "Loading Buildings @ 2025-04-25 13:02:18"
[1] "Intersecting Buildings & Blocks @ 2025-04-25 13:02:18"
[1] "Completed Quadkey #12 @ 2025-04-25 13:02:20"
[1] "Calculating Weights @ 2025-04-25 13:02:20"
[1] "SCRIPT COMPLETE @ 2025-04-25 13:02:24"
