[1] "Starting 36"
[1] "Loading quadkey joins @ 2025-04-25 12:57:49"
[1] "Loading download links @ 2025-04-25 12:57:59"
Reading layer `NY_block_2020' from data source 
  `/work/GRDVULN/census/NY_block_2020.shp' using driver `ESRI Shapefile'
Simple feature collection with 286926 features and 18 fields
Geometry type: MULTIPOLYGON
Dimension:     XY
Bounding box:  xmin: 1324238 ymin: 544053.6 xmax: 1991063 ymax: 1051757
Projected CRS: USA_Contiguous_Albers_Equal_Area_Conic
[1] "Downloading Buildings from 55 Quadkeys --- 2025-04-25 12:58:22"
[1] "(55) Files to be Downloaded"
[1] "Loading Buildings @ 2025-04-25 12:58:26"
[1] "Intersecting Buildings & Blocks @ 2025-04-25 12:58:29"
[1] "Completed Quadkey #1 @ 2025-04-25 12:58:30"
[1] "Loading Buildings @ 2025-04-25 12:58:33"
[1] "Intersecting Buildings & Blocks @ 2025-04-25 12:58:49"
[1] "Completed Quadkey #2 @ 2025-04-25 12:58:52"
[1] "Loading Buildings @ 2025-04-25 12:59:06"
[1] "Intersecting Buildings & Blocks @ 2025-04-25 12:59:43"
[1] "Completed Quadkey #3 @ 2025-04-25 12:59:57"
[1] "Loading Buildings @ 2025-04-25 12:59:59"
[1] "Intersecting Buildings & Blocks @ 2025-04-25 13:00:09"
[1] "Completed Quadkey #4 @ 2025-04-25 13:00:14"
[1] "Loading Buildings @ 2025-04-25 13:00:15"
[1] "Intersecting Buildings & Blocks @ 2025-04-25 13:00:16"
[1] "Completed Quadkey #5 @ 2025-04-25 13:00:18"
[1] "Loading Buildings @ 2025-04-25 13:00:20"
[1] "Intersecting Buildings & Blocks @ 2025-04-25 13:00:28"
[1] "Completed Quadkey #6 @ 2025-04-25 13:00:30"
[1] "Loading Buildings @ 2025-04-25 13:00:32"
[1] "Intersecting Buildings & Blocks @ 2025-04-25 13:00:38"
[1] "Completed Quadkey #7 @ 2025-04-25 13:00:39"
[1] "Loading Buildings @ 2025-04-25 13:00:40"
[1] "Intersecting Buildings & Blocks @ 2025-04-25 13:00:41"
[1] "Completed Quadkey #8 @ 2025-04-25 13:00:43"
[1] "Loading Buildings @ 2025-04-25 13:00:49"
[1] "Intersecting Buildings & Blocks @ 2025-04-25 13:00:52"
[1] "Completed Quadkey #9 @ 2025-04-25 13:00:55"
[1] "Loading Buildings @ 2025-04-25 13:00:56"
[1] "Intersecting Buildings & Blocks @ 2025-04-25 13:00:57"
[1] "Completed Quadkey #10 @ 2025-04-25 13:00:58"
[1] "Loading Buildings @ 2025-04-25 13:00:59"
[1] "Intersecting Buildings & Blocks @ 2025-04-25 13:01:02"
[1] "Completed Quadkey #11 @ 2025-04-25 13:01:04"
[1] "Loading Buildings @ 2025-04-25 13:01:06"
[1] "Intersecting Buildings & Blocks @ 2025-04-25 13:01:13"
[1] "Completed Quadkey #12 @ 2025-04-25 13:01:18"
[1] "Loading Buildings @ 2025-04-25 13:01:20"
[1] "Intersecting Buildings & Blocks @ 2025-04-25 13:01:22"
[1] "Completed Quadkey #13 @ 2025-04-25 13:01:25"
[1] "Loading Buildings @ 2025-04-25 13:01:27"
[1] "Intersecting Buildings & Blocks @ 2025-04-25 13:01:30"
[1] "Completed Quadkey #14 @ 2025-04-25 13:01:31"
[1] "Loading Buildings @ 2025-04-25 13:01:33"
[1] "Intersecting Buildings & Blocks @ 2025-04-25 13:01:41"
[1] "Completed Quadkey #15 @ 2025-04-25 13:01:47"
[1] "Loading Buildings @ 2025-04-25 13:01:49"
[1] "Intersecting Buildings & Blocks @ 2025-04-25 13:01:52"
[1] "Completed Quadkey #16 @ 2025-04-25 13:01:57"
[1] "Loading Buildings @ 2025-04-25 13:01:59"
[1] "Intersecting Buildings & Blocks @ 2025-04-25 13:02:01"
[1] "Completed Quadkey #17 @ 2025-04-25 13:02:04"
[1] "Loading Buildings @ 2025-04-25 13:02:05"
[1] "Intersecting Buildings & Blocks @ 2025-04-25 13:02:06"
[1] "Completed Quadkey #18 @ 2025-04-25 13:02:07"
[1] "Loading Buildings @ 2025-04-25 13:02:09"
[1] "Intersecting Buildings & Blocks @ 2025-04-25 13:02:13"
[1] "Completed Quadkey #19 @ 2025-04-25 13:02:17"
[1] "Loading Buildings @ 2025-04-25 13:02:19"
[1] "Intersecting Buildings & Blocks @ 2025-04-25 13:02:22"
[1] "Completed Quadkey #20 @ 2025-04-25 13:02:26"
[1] "Loading Buildings @ 2025-04-25 13:02:28"
[1] "Intersecting Buildings & Blocks @ 2025-04-25 13:02:30"
[1] "Completed Quadkey #21 @ 2025-04-25 13:02:31"
[1] "Loading Buildings @ 2025-04-25 13:02:33"
[1] "Intersecting Buildings & Blocks @ 2025-04-25 13:02:37"
[1] "Completed Quadkey #22 @ 2025-04-25 13:02:38"
[1] "Loading Buildings @ 2025-04-25 13:02:40"
[1] "Intersecting Buildings & Blocks @ 2025-04-25 13:02:40"
[1] "Completed Quadkey #23 @ 2025-04-25 13:02:43"
[1] "Loading Buildings @ 2025-04-25 13:02:44"
[1] "Intersecting Buildings & Blocks @ 2025-04-25 13:02:49"
[1] "Completed Quadkey #24 @ 2025-04-25 13:02:54"
[1] "Loading Buildings @ 2025-04-25 13:02:56"
[1] "Intersecting Buildings & Blocks @ 2025-04-25 13:02:57"
[1] "Completed Quadkey #25 @ 2025-04-25 13:03:00"
[1] "Loading Buildings @ 2025-04-25 13:03:01"
[1] "Intersecting Buildings & Blocks @ 2025-04-25 13:03:07"
[1] "Completed Quadkey #26 @ 2025-04-25 13:03:13"
[1] "Loading Buildings @ 2025-04-25 13:03:15"
[1] "Intersecting Buildings & Blocks @ 2025-04-25 13:03:18"
[1] "Completed Quadkey #27 @ 2025-04-25 13:03:25"
[1] "Loading Buildings @ 2025-04-25 13:03:26"
[1] "Intersecting Buildings & Blocks @ 2025-04-25 13:03:28"
[1] "Completed Quadkey #28 @ 2025-04-25 13:03:31"
[1] "Loading Buildings @ 2025-04-25 13:03:32"
[1] "Intersecting Buildings & Blocks @ 2025-04-25 13:03:34"
[1] "Completed Quadkey #29 @ 2025-04-25 13:03:36"
[1] "Loading Buildings @ 2025-04-25 13:03:37"
[1] "Intersecting Buildings & Blocks @ 2025-04-25 13:03:38"
[1] "Completed Quadkey #30 @ 2025-04-25 13:03:42"
[1] "Loading Buildings @ 2025-04-25 13:03:43"
[1] "Intersecting Buildings & Blocks @ 2025-04-25 13:03:43"
[1] "Completed Quadkey #31 @ 2025-04-25 13:03:46"
[1] "Loading Buildings @ 2025-04-25 13:03:48"
[1] "Intersecting Buildings & Blocks @ 2025-04-25 13:03:53"
[1] "Completed Quadkey #32 @ 2025-04-25 13:03:57"
[1] "Loading Buildings @ 2025-04-25 13:03:58"
[1] "Intersecting Buildings & Blocks @ 2025-04-25 13:03:58"
[1] "Completed Quadkey #33 @ 2025-04-25 13:04:01"
[1] "Loading Buildings @ 2025-04-25 13:04:05"
[1] "Intersecting Buildings & Blocks @ 2025-04-25 13:04:07"
[1] "Completed Quadkey #34 @ 2025-04-25 13:04:11"
[1] "Loading Buildings @ 2025-04-25 13:04:13"
[1] "Intersecting Buildings & Blocks @ 2025-04-25 13:04:16"
[1] "Completed Quadkey #35 @ 2025-04-25 13:04:20"
[1] "Loading Buildings @ 2025-04-25 13:04:22"
[1] "Intersecting Buildings & Blocks @ 2025-04-25 13:04:24"
[1] "Completed Quadkey #36 @ 2025-04-25 13:04:27"
[1] "Loading Buildings @ 2025-04-25 13:04:29"
[1] "Intersecting Buildings & Blocks @ 2025-04-25 13:04:30"
[1] "Completed Quadkey #37 @ 2025-04-25 13:04:33"
[1] "Loading Buildings @ 2025-04-25 13:04:36"
[1] "Intersecting Buildings & Blocks @ 2025-04-25 13:04:37"
[1] "Completed Quadkey #38 @ 2025-04-25 13:04:40"
[1] "Loading Buildings @ 2025-04-25 13:04:42"
[1] "Intersecting Buildings & Blocks @ 2025-04-25 13:04:44"
[1] "Completed Quadkey #39 @ 2025-04-25 13:04:48"
[1] "Loading Buildings @ 2025-04-25 13:04:49"
[1] "Intersecting Buildings & Blocks @ 2025-04-25 13:04:51"
[1] "Completed Quadkey #40 @ 2025-04-25 13:04:55"
[1] "Loading Buildings @ 2025-04-25 13:04:56"
[1] "Intersecting Buildings & Blocks @ 2025-04-25 13:04:56"
[1] "Completed Quadkey #41 @ 2025-04-25 13:05:01"
[1] "Loading Buildings @ 2025-04-25 13:05:02"
[1] "Intersecting Buildings & Blocks @ 2025-04-25 13:05:04"
[1] "Completed Quadkey #42 @ 2025-04-25 13:05:08"
[1] "Loading Buildings @ 2025-04-25 13:05:11"
[1] "Intersecting Buildings & Blocks @ 2025-04-25 13:05:15"
[1] "Completed Quadkey #43 @ 2025-04-25 13:05:17"
[1] "Loading Buildings @ 2025-04-25 13:05:21"
[1] "Intersecting Buildings & Blocks @ 2025-04-25 13:05:23"
[1] "Completed Quadkey #44 @ 2025-04-25 13:05:27"
[1] "Loading Buildings @ 2025-04-25 13:05:28"
[1] "Intersecting Buildings & Blocks @ 2025-04-25 13:05:29"
[1] "Completed Quadkey #45 @ 2025-04-25 13:05:32"
[1] "Loading Buildings @ 2025-04-25 13:05:33"
[1] "Intersecting Buildings & Blocks @ 2025-04-25 13:05:34"
[1] "Completed Quadkey #46 @ 2025-04-25 13:05:36"
[1] "Loading Buildings @ 2025-04-25 13:05:42"
[1] "Intersecting Buildings & Blocks @ 2025-04-25 13:05:47"
[1] "Completed Quadkey #47 @ 2025-04-25 13:05:55"
[1] "Loading Buildings @ 2025-04-25 13:05:57"
[1] "Intersecting Buildings & Blocks @ 2025-04-25 13:05:58"
[1] "Completed Quadkey #48 @ 2025-04-25 13:06:03"
[1] "Loading Buildings @ 2025-04-25 13:06:08"
[1] "Intersecting Buildings & Blocks @ 2025-04-25 13:06:15"
[1] "Completed Quadkey #49 @ 2025-04-25 13:06:21"
[1] "Loading Buildings @ 2025-04-25 13:06:28"
[1] "Intersecting Buildings & Blocks @ 2025-04-25 13:07:21"
[1] "Completed Quadkey #50 @ 2025-04-25 13:07:31"
[1] "Loading Buildings @ 2025-04-25 13:07:33"
[1] "Intersecting Buildings & Blocks @ 2025-04-25 13:07:40"
[1] "Completed Quadkey #51 @ 2025-04-25 13:07:45"
[1] "Loading Buildings @ 2025-04-25 13:07:50"
[1] "Intersecting Buildings & Blocks @ 2025-04-25 13:08:00"
[1] "Completed Quadkey #52 @ 2025-04-25 13:08:10"
[1] "Loading Buildings @ 2025-04-25 13:08:12"
[1] "Intersecting Buildings & Blocks @ 2025-04-25 13:08:18"
[1] "Completed Quadkey #53 @ 2025-04-25 13:08:25"
[1] "Loading Buildings @ 2025-04-25 13:08:27"
[1] "Intersecting Buildings & Blocks @ 2025-04-25 13:08:30"
[1] "Completed Quadkey #54 @ 2025-04-25 13:08:34"
[1] "Loading Buildings @ 2025-04-25 13:08:38"
[1] "Intersecting Buildings & Blocks @ 2025-04-25 13:08:41"
[1] "Completed Quadkey #55 @ 2025-04-25 13:08:45"
[1] "Calculating Weights @ 2025-04-25 13:08:45"
[1] "SCRIPT COMPLETE @ 2025-04-25 13:08:52"
