[1] "Starting 37"
[1] "Loading quadkey joins @ 2025-04-25 12:57:58"
[1] "Loading download links @ 2025-04-25 12:58:09"
Reading layer `NC_block_2020' from data source 
  `/work/GRDVULN/census/NC_block_2020.shp' using driver `ESRI Shapefile'
Simple feature collection with 234828 features and 18 fields
Geometry type: MULTIPOLYGON
Dimension:     XY
Bounding box:  xmin: 1054155 ymin: -261412.1 xmax: 1833737 ymax: 82026.42
Projected CRS: USA_Contiguous_Albers_Equal_Area_Conic
[1] "Downloading Buildings from 47 Quadkeys --- 2025-04-25 12:58:34"
[1] "(47) Files to be Downloaded"
[1] "Loading Buildings @ 2025-04-25 12:58:36"
[1] "Intersecting Buildings & Blocks @ 2025-04-25 12:58:47"
[1] "Completed Quadkey #1 @ 2025-04-25 12:58:47"
[1] "Loading Buildings @ 2025-04-25 12:58:49"
[1] "Intersecting Buildings & Blocks @ 2025-04-25 12:58:52"
[1] "Completed Quadkey #2 @ 2025-04-25 12:58:53"
[1] "Loading Buildings @ 2025-04-25 12:58:55"
[1] "Intersecting Buildings & Blocks @ 2025-04-25 12:58:59"
[1] "Completed Quadkey #3 @ 2025-04-25 12:59:01"
[1] "Loading Buildings @ 2025-04-25 12:59:02"
[1] "Intersecting Buildings & Blocks @ 2025-04-25 12:59:05"
[1] "Completed Quadkey #4 @ 2025-04-25 12:59:09"
[1] "Loading Buildings @ 2025-04-25 12:59:11"
[1] "Intersecting Buildings & Blocks @ 2025-04-25 12:59:18"
[1] "Completed Quadkey #5 @ 2025-04-25 12:59:23"
[1] "Loading Buildings @ 2025-04-25 12:59:25"
[1] "Intersecting Buildings & Blocks @ 2025-04-25 12:59:33"
[1] "Completed Quadkey #6 @ 2025-04-25 12:59:34"
[1] "Loading Buildings @ 2025-04-25 12:59:36"
[1] "Intersecting Buildings & Blocks @ 2025-04-25 12:59:45"
[1] "Completed Quadkey #7 @ 2025-04-25 12:59:48"
[1] "Loading Buildings @ 2025-04-25 12:59:49"
[1] "Intersecting Buildings & Blocks @ 2025-04-25 12:59:54"
[1] "Completed Quadkey #8 @ 2025-04-25 12:59:56"
[1] "Loading Buildings @ 2025-04-25 12:59:58"
[1] "Intersecting Buildings & Blocks @ 2025-04-25 13:00:03"
[1] "Completed Quadkey #9 @ 2025-04-25 13:00:06"
[1] "Loading Buildings @ 2025-04-25 13:00:08"
[1] "Intersecting Buildings & Blocks @ 2025-04-25 13:00:11"
[1] "Completed Quadkey #10 @ 2025-04-25 13:00:14"
[1] "Loading Buildings @ 2025-04-25 13:00:16"
[1] "Intersecting Buildings & Blocks @ 2025-04-25 13:00:28"
[1] "Completed Quadkey #11 @ 2025-04-25 13:00:34"
[1] "Loading Buildings @ 2025-04-25 13:00:36"
[1] "Intersecting Buildings & Blocks @ 2025-04-25 13:00:45"
[1] "Completed Quadkey #12 @ 2025-04-25 13:00:50"
[1] "Loading Buildings @ 2025-04-25 13:00:52"
[1] "Intersecting Buildings & Blocks @ 2025-04-25 13:01:03"
[1] "Completed Quadkey #13 @ 2025-04-25 13:01:09"
[1] "Loading Buildings @ 2025-04-25 13:01:11"
[1] "Intersecting Buildings & Blocks @ 2025-04-25 13:01:19"
[1] "Completed Quadkey #14 @ 2025-04-25 13:01:23"
[1] "Loading Buildings @ 2025-04-25 13:01:25"
[1] "Intersecting Buildings & Blocks @ 2025-04-25 13:01:28"
[1] "Completed Quadkey #15 @ 2025-04-25 13:01:31"
[1] "Loading Buildings @ 2025-04-25 13:01:33"
[1] "Intersecting Buildings & Blocks @ 2025-04-25 13:01:36"
[1] "Completed Quadkey #16 @ 2025-04-25 13:01:38"
[1] "Loading Buildings @ 2025-04-25 13:01:40"
[1] "Intersecting Buildings & Blocks @ 2025-04-25 13:01:42"
[1] "Completed Quadkey #17 @ 2025-04-25 13:01:43"
[1] "Loading Buildings @ 2025-04-25 13:01:45"
[1] "Intersecting Buildings & Blocks @ 2025-04-25 13:01:46"
[1] "Completed Quadkey #18 @ 2025-04-25 13:01:48"
[1] "Loading Buildings @ 2025-04-25 13:01:49"
[1] "Intersecting Buildings & Blocks @ 2025-04-25 13:01:50"
[1] "Completed Quadkey #19 @ 2025-04-25 13:01:52"
[1] "Loading Buildings @ 2025-04-25 13:01:54"
[1] "Intersecting Buildings & Blocks @ 2025-04-25 13:02:04"
[1] "Completed Quadkey #20 @ 2025-04-25 13:02:07"
[1] "Loading Buildings @ 2025-04-25 13:02:09"
[1] "Intersecting Buildings & Blocks @ 2025-04-25 13:02:26"
[1] "Completed Quadkey #21 @ 2025-04-25 13:02:35"
[1] "Loading Buildings @ 2025-04-25 13:02:37"
[1] "Intersecting Buildings & Blocks @ 2025-04-25 13:02:48"
[1] "Completed Quadkey #22 @ 2025-04-25 13:02:56"
[1] "Loading Buildings @ 2025-04-25 13:02:59"
[1] "Intersecting Buildings & Blocks @ 2025-04-25 13:03:20"
[1] "Completed Quadkey #23 @ 2025-04-25 13:03:31"
[1] "Loading Buildings @ 2025-04-25 13:03:34"
[1] "Intersecting Buildings & Blocks @ 2025-04-25 13:03:38"
[1] "Completed Quadkey #24 @ 2025-04-25 13:03:39"
[1] "Loading Buildings @ 2025-04-25 13:03:40"
[1] "Intersecting Buildings & Blocks @ 2025-04-25 13:03:52"
[1] "Completed Quadkey #25 @ 2025-04-25 13:03:58"
[1] "Loading Buildings @ 2025-04-25 13:03:59"
[1] "Intersecting Buildings & Blocks @ 2025-04-25 13:04:03"
[1] "Completed Quadkey #26 @ 2025-04-25 13:04:06"
[1] "Loading Buildings @ 2025-04-25 13:04:08"
[1] "Intersecting Buildings & Blocks @ 2025-04-25 13:04:11"
[1] "Completed Quadkey #27 @ 2025-04-25 13:04:12"
[1] "Loading Buildings @ 2025-04-25 13:04:14"
[1] "Intersecting Buildings & Blocks @ 2025-04-25 13:04:27"
[1] "Completed Quadkey #28 @ 2025-04-25 13:04:38"
[1] "Loading Buildings @ 2025-04-25 13:04:45"
[1] "Intersecting Buildings & Blocks @ 2025-04-25 13:04:54"
[1] "Completed Quadkey #29 @ 2025-04-25 13:05:01"
[1] "Loading Buildings @ 2025-04-25 13:05:03"
[1] "Intersecting Buildings & Blocks @ 2025-04-25 13:05:09"
[1] "Completed Quadkey #30 @ 2025-04-25 13:05:14"
[1] "Loading Buildings @ 2025-04-25 13:05:18"
[1] "Intersecting Buildings & Blocks @ 2025-04-25 13:05:27"
[1] "Completed Quadkey #31 @ 2025-04-25 13:05:28"
[1] "Loading Buildings @ 2025-04-25 13:05:31"
[1] "Intersecting Buildings & Blocks @ 2025-04-25 13:05:45"
[1] "Completed Quadkey #32 @ 2025-04-25 13:05:58"
[1] "Loading Buildings @ 2025-04-25 13:05:59"
[1] "Intersecting Buildings & Blocks @ 2025-04-25 13:06:07"
[1] "Completed Quadkey #33 @ 2025-04-25 13:06:12"
[1] "Loading Buildings @ 2025-04-25 13:06:13"
[1] "Intersecting Buildings & Blocks @ 2025-04-25 13:06:15"
[1] "Completed Quadkey #34 @ 2025-04-25 13:06:19"
[1] "Loading Buildings @ 2025-04-25 13:06:24"
[1] "Intersecting Buildings & Blocks @ 2025-04-25 13:06:30"
[1] "Completed Quadkey #35 @ 2025-04-25 13:06:35"
[1] "Loading Buildings @ 2025-04-25 13:06:36"
[1] "Intersecting Buildings & Blocks @ 2025-04-25 13:06:42"
[1] "Completed Quadkey #36 @ 2025-04-25 13:06:50"
[1] "Loading Buildings @ 2025-04-25 13:06:51"
[1] "Intersecting Buildings & Blocks @ 2025-04-25 13:06:57"
[1] "Completed Quadkey #37 @ 2025-04-25 13:07:03"
[1] "Loading Buildings @ 2025-04-25 13:07:08"
[1] "Intersecting Buildings & Blocks @ 2025-04-25 13:07:15"
[1] "Completed Quadkey #38 @ 2025-04-25 13:07:21"
[1] "Loading Buildings @ 2025-04-25 13:07:28"
[1] "Intersecting Buildings & Blocks @ 2025-04-25 13:07:33"
[1] "Completed Quadkey #39 @ 2025-04-25 13:07:39"
[1] "Loading Buildings @ 2025-04-25 13:07:40"
[1] "Intersecting Buildings & Blocks @ 2025-04-25 13:07:41"
[1] "Completed Quadkey #40 @ 2025-04-25 13:07:44"
[1] "Loading Buildings @ 2025-04-25 13:07:49"
[1] "Intersecting Buildings & Blocks @ 2025-04-25 13:07:51"
[1] "Completed Quadkey #41 @ 2025-04-25 13:07:58"
[1] "Loading Buildings @ 2025-04-25 13:07:59"
[1] "Intersecting Buildings & Blocks @ 2025-04-25 13:08:04"
[1] "Completed Quadkey #42 @ 2025-04-25 13:08:10"
[1] "Loading Buildings @ 2025-04-25 13:08:11"
[1] "Intersecting Buildings & Blocks @ 2025-04-25 13:08:16"
[1] "Completed Quadkey #43 @ 2025-04-25 13:08:21"
[1] "Loading Buildings @ 2025-04-25 13:08:23"
[1] "Intersecting Buildings & Blocks @ 2025-04-25 13:08:23"
[1] "Completed Quadkey #44 @ 2025-04-25 13:08:27"
[1] "Loading Buildings @ 2025-04-25 13:08:28"
[1] "Intersecting Buildings & Blocks @ 2025-04-25 13:08:29"
[1] "Completed Quadkey #45 @ 2025-04-25 13:08:34"
[1] "Loading Buildings @ 2025-04-25 13:08:36"
[1] "Intersecting Buildings & Blocks @ 2025-04-25 13:08:36"
[1] "Completed Quadkey #46 @ 2025-04-25 13:08:40"
[1] "Loading Buildings @ 2025-04-25 13:08:41"
[1] "Intersecting Buildings & Blocks @ 2025-04-25 13:08:41"
[1] "Completed Quadkey #47 @ 2025-04-25 13:08:47"
[1] "Calculating Weights @ 2025-04-25 13:08:47"
[1] "SCRIPT COMPLETE @ 2025-04-25 13:08:58"
