[1] "Starting 38"
[1] "Loading quadkey joins @ 2025-04-25 12:58:45"
[1] "Loading download links @ 2025-04-25 12:58:56"
Reading layer `ND_block_2020' from data source 
  `/work/GRDVULN/census/ND_block_2020.shp' using driver `ESRI Shapefile'
Simple feature collection with 84566 features and 18 fields
Geometry type: POLYGON
Dimension:     XY
Bounding box:  xmin: -623890.9 ymin: 943014.7 xmax: -42953.03 ymax: 1306661
Projected CRS: USA_Contiguous_Albers_Equal_Area_Conic
[1] "Downloading Buildings from 75 Quadkeys --- 2025-04-25 12:59:12"
[1] "(75) Files to be Downloaded"
[1] "Loading Buildings @ 2025-04-25 12:59:13"
[1] "Intersecting Buildings & Blocks @ 2025-04-25 12:59:13"
[1] "Completed Quadkey #1 @ 2025-04-25 12:59:14"
[1] "Loading Buildings @ 2025-04-25 12:59:15"
[1] "Intersecting Buildings & Blocks @ 2025-04-25 12:59:17"
[1] "Completed Quadkey #2 @ 2025-04-25 12:59:18"
[1] "Loading Buildings @ 2025-04-25 12:59:19"
[1] "Intersecting Buildings & Blocks @ 2025-04-25 12:59:19"
[1] "Completed Quadkey #3 @ 2025-04-25 12:59:19"
[1] "Loading Buildings @ 2025-04-25 12:59:22"
[1] "Intersecting Buildings & Blocks @ 2025-04-25 12:59:22"
[1] "Completed Quadkey #4 @ 2025-04-25 12:59:22"
[1] "Loading Buildings @ 2025-04-25 12:59:23"
[1] "Intersecting Buildings & Blocks @ 2025-04-25 12:59:23"
[1] "Completed Quadkey #5 @ 2025-04-25 12:59:23"
[1] "Loading Buildings @ 2025-04-25 12:59:24"
[1] "Intersecting Buildings & Blocks @ 2025-04-25 12:59:24"
[1] "Completed Quadkey #6 @ 2025-04-25 12:59:25"
[1] "Loading Buildings @ 2025-04-25 12:59:26"
[1] "Intersecting Buildings & Blocks @ 2025-04-25 12:59:26"
[1] "Completed Quadkey #7 @ 2025-04-25 12:59:26"
[1] "Loading Buildings @ 2025-04-25 12:59:27"
[1] "Intersecting Buildings & Blocks @ 2025-04-25 12:59:27"
[1] "Completed Quadkey #8 @ 2025-04-25 12:59:27"
[1] "Loading Buildings @ 2025-04-25 12:59:27"
[1] "Intersecting Buildings & Blocks @ 2025-04-25 12:59:28"
[1] "Completed Quadkey #9 @ 2025-04-25 12:59:28"
[1] "Loading Buildings @ 2025-04-25 12:59:28"
[1] "Intersecting Buildings & Blocks @ 2025-04-25 12:59:29"
[1] "Completed Quadkey #10 @ 2025-04-25 12:59:29"
[1] "Loading Buildings @ 2025-04-25 12:59:30"
[1] "Intersecting Buildings & Blocks @ 2025-04-25 12:59:30"
[1] "Completed Quadkey #11 @ 2025-04-25 12:59:30"
[1] "Loading Buildings @ 2025-04-25 12:59:31"
[1] "Intersecting Buildings & Blocks @ 2025-04-25 12:59:31"
[1] "Completed Quadkey #12 @ 2025-04-25 12:59:31"
[1] "Loading Buildings @ 2025-04-25 12:59:32"
[1] "Intersecting Buildings & Blocks @ 2025-04-25 12:59:32"
[1] "Completed Quadkey #13 @ 2025-04-25 12:59:32"
[1] "Loading Buildings @ 2025-04-25 12:59:33"
[1] "Intersecting Buildings & Blocks @ 2025-04-25 12:59:33"
[1] "Completed Quadkey #14 @ 2025-04-25 12:59:33"
[1] "Loading Buildings @ 2025-04-25 12:59:33"
[1] "Intersecting Buildings & Blocks @ 2025-04-25 12:59:33"
[1] "Completed Quadkey #15 @ 2025-04-25 12:59:33"
[1] "Loading Buildings @ 2025-04-25 12:59:34"
[1] "Intersecting Buildings & Blocks @ 2025-04-25 12:59:34"
[1] "Completed Quadkey #16 @ 2025-04-25 12:59:34"
[1] "Loading Buildings @ 2025-04-25 12:59:35"
[1] "Intersecting Buildings & Blocks @ 2025-04-25 12:59:35"
[1] "Completed Quadkey #17 @ 2025-04-25 12:59:35"
[1] "Loading Buildings @ 2025-04-25 12:59:36"
[1] "Intersecting Buildings & Blocks @ 2025-04-25 12:59:36"
[1] "Completed Quadkey #18 @ 2025-04-25 12:59:36"
[1] "Loading Buildings @ 2025-04-25 12:59:37"
[1] "Intersecting Buildings & Blocks @ 2025-04-25 12:59:37"
[1] "Completed Quadkey #19 @ 2025-04-25 12:59:37"
[1] "Loading Buildings @ 2025-04-25 12:59:38"
[1] "Intersecting Buildings & Blocks @ 2025-04-25 12:59:38"
[1] "Completed Quadkey #20 @ 2025-04-25 12:59:38"
[1] "Loading Buildings @ 2025-04-25 12:59:39"
[1] "Intersecting Buildings & Blocks @ 2025-04-25 12:59:40"
[1] "Completed Quadkey #21 @ 2025-04-25 12:59:40"
[1] "Loading Buildings @ 2025-04-25 12:59:40"
[1] "Intersecting Buildings & Blocks @ 2025-04-25 12:59:41"
[1] "Completed Quadkey #22 @ 2025-04-25 12:59:41"
[1] "Loading Buildings @ 2025-04-25 12:59:42"
[1] "Intersecting Buildings & Blocks @ 2025-04-25 12:59:43"
[1] "Completed Quadkey #23 @ 2025-04-25 12:59:43"
[1] "Loading Buildings @ 2025-04-25 12:59:44"
[1] "Intersecting Buildings & Blocks @ 2025-04-25 12:59:44"
[1] "Completed Quadkey #24 @ 2025-04-25 12:59:44"
[1] "Loading Buildings @ 2025-04-25 12:59:45"
[1] "Intersecting Buildings & Blocks @ 2025-04-25 12:59:45"
[1] "Completed Quadkey #25 @ 2025-04-25 12:59:45"
[1] "Loading Buildings @ 2025-04-25 12:59:46"
[1] "Intersecting Buildings & Blocks @ 2025-04-25 12:59:46"
[1] "Completed Quadkey #26 @ 2025-04-25 12:59:46"
[1] "Loading Buildings @ 2025-04-25 12:59:47"
[1] "Intersecting Buildings & Blocks @ 2025-04-25 12:59:48"
[1] "Completed Quadkey #27 @ 2025-04-25 12:59:48"
[1] "Loading Buildings @ 2025-04-25 12:59:48"
[1] "Intersecting Buildings & Blocks @ 2025-04-25 12:59:49"
[1] "Completed Quadkey #28 @ 2025-04-25 12:59:49"
[1] "Loading Buildings @ 2025-04-25 12:59:49"
[1] "Intersecting Buildings & Blocks @ 2025-04-25 12:59:49"
[1] "Completed Quadkey #29 @ 2025-04-25 12:59:50"
[1] "Loading Buildings @ 2025-04-25 12:59:50"
[1] "Intersecting Buildings & Blocks @ 2025-04-25 12:59:50"
[1] "Completed Quadkey #30 @ 2025-04-25 12:59:51"
[1] "Loading Buildings @ 2025-04-25 12:59:51"
[1] "Intersecting Buildings & Blocks @ 2025-04-25 12:59:51"
[1] "Completed Quadkey #31 @ 2025-04-25 12:59:51"
[1] "Loading Buildings @ 2025-04-25 12:59:52"
[1] "Intersecting Buildings & Blocks @ 2025-04-25 12:59:52"
[1] "Completed Quadkey #32 @ 2025-04-25 12:59:53"
[1] "Loading Buildings @ 2025-04-25 12:59:53"
[1] "Intersecting Buildings & Blocks @ 2025-04-25 12:59:53"
[1] "Completed Quadkey #33 @ 2025-04-25 12:59:54"
[1] "Loading Buildings @ 2025-04-25 12:59:54"
[1] "Intersecting Buildings & Blocks @ 2025-04-25 12:59:54"
[1] "Completed Quadkey #34 @ 2025-04-25 12:59:55"
[1] "Loading Buildings @ 2025-04-25 12:59:55"
[1] "Intersecting Buildings & Blocks @ 2025-04-25 12:59:56"
[1] "Completed Quadkey #35 @ 2025-04-25 12:59:56"
[1] "Loading Buildings @ 2025-04-25 12:59:57"
[1] "Intersecting Buildings & Blocks @ 2025-04-25 12:59:57"
[1] "Completed Quadkey #36 @ 2025-04-25 12:59:57"
[1] "Loading Buildings @ 2025-04-25 12:59:58"
[1] "Intersecting Buildings & Blocks @ 2025-04-25 12:59:58"
[1] "Completed Quadkey #37 @ 2025-04-25 12:59:58"
[1] "Loading Buildings @ 2025-04-25 13:00:00"
[1] "Intersecting Buildings & Blocks @ 2025-04-25 13:00:01"
[1] "Completed Quadkey #38 @ 2025-04-25 13:00:01"
[1] "Loading Buildings @ 2025-04-25 13:00:02"
[1] "Intersecting Buildings & Blocks @ 2025-04-25 13:00:02"
[1] "Completed Quadkey #39 @ 2025-04-25 13:00:02"
[1] "Loading Buildings @ 2025-04-25 13:00:03"
[1] "Intersecting Buildings & Blocks @ 2025-04-25 13:00:03"
[1] "Completed Quadkey #40 @ 2025-04-25 13:00:03"
[1] "Loading Buildings @ 2025-04-25 13:00:06"
[1] "Intersecting Buildings & Blocks @ 2025-04-25 13:00:07"
[1] "Completed Quadkey #41 @ 2025-04-25 13:00:08"
[1] "Loading Buildings @ 2025-04-25 13:00:09"
[1] "Intersecting Buildings & Blocks @ 2025-04-25 13:00:09"
[1] "Completed Quadkey #42 @ 2025-04-25 13:00:09"
[1] "Loading Buildings @ 2025-04-25 13:00:10"
[1] "Intersecting Buildings & Blocks @ 2025-04-25 13:00:10"
[1] "Completed Quadkey #43 @ 2025-04-25 13:00:10"
[1] "Loading Buildings @ 2025-04-25 13:00:11"
[1] "Intersecting Buildings & Blocks @ 2025-04-25 13:00:12"
[1] "Completed Quadkey #44 @ 2025-04-25 13:00:12"
[1] "Loading Buildings @ 2025-04-25 13:00:13"
[1] "Intersecting Buildings & Blocks @ 2025-04-25 13:00:13"
[1] "Completed Quadkey #45 @ 2025-04-25 13:00:13"
[1] "Loading Buildings @ 2025-04-25 13:00:14"
[1] "Intersecting Buildings & Blocks @ 2025-04-25 13:00:14"
[1] "Completed Quadkey #46 @ 2025-04-25 13:00:14"
[1] "Loading Buildings @ 2025-04-25 13:00:15"
[1] "Intersecting Buildings & Blocks @ 2025-04-25 13:00:15"
[1] "Completed Quadkey #47 @ 2025-04-25 13:00:15"
[1] "Loading Buildings @ 2025-04-25 13:00:16"
[1] "Intersecting Buildings & Blocks @ 2025-04-25 13:00:16"
[1] "Completed Quadkey #48 @ 2025-04-25 13:00:17"
[1] "Loading Buildings @ 2025-04-25 13:00:17"
[1] "Intersecting Buildings & Blocks @ 2025-04-25 13:00:17"
[1] "Completed Quadkey #49 @ 2025-04-25 13:00:17"
[1] "Loading Buildings @ 2025-04-25 13:00:21"
[1] "Intersecting Buildings & Blocks @ 2025-04-25 13:00:21"
[1] "Completed Quadkey #50 @ 2025-04-25 13:00:21"
[1] "Loading Buildings @ 2025-04-25 13:00:25"
[1] "Intersecting Buildings & Blocks @ 2025-04-25 13:00:25"
[1] "Completed Quadkey #51 @ 2025-04-25 13:00:25"
[1] "Loading Buildings @ 2025-04-25 13:00:26"
[1] "Intersecting Buildings & Blocks @ 2025-04-25 13:00:26"
[1] "Completed Quadkey #52 @ 2025-04-25 13:00:27"
[1] "Loading Buildings @ 2025-04-25 13:00:27"
[1] "Intersecting Buildings & Blocks @ 2025-04-25 13:00:28"
[1] "Completed Quadkey #53 @ 2025-04-25 13:00:28"
[1] "Loading Buildings @ 2025-04-25 13:00:28"
[1] "Intersecting Buildings & Blocks @ 2025-04-25 13:00:29"
[1] "Completed Quadkey #54 @ 2025-04-25 13:00:29"
[1] "Loading Buildings @ 2025-04-25 13:00:29"
[1] "Intersecting Buildings & Blocks @ 2025-04-25 13:00:30"
[1] "Completed Quadkey #55 @ 2025-04-25 13:00:30"
[1] "Loading Buildings @ 2025-04-25 13:00:30"
[1] "Intersecting Buildings & Blocks @ 2025-04-25 13:00:31"
[1] "Completed Quadkey #56 @ 2025-04-25 13:00:31"
[1] "Loading Buildings @ 2025-04-25 13:00:31"
[1] "Intersecting Buildings & Blocks @ 2025-04-25 13:00:32"
[1] "Completed Quadkey #57 @ 2025-04-25 13:00:32"
[1] "Loading Buildings @ 2025-04-25 13:00:33"
[1] "Intersecting Buildings & Blocks @ 2025-04-25 13:00:33"
[1] "Completed Quadkey #58 @ 2025-04-25 13:00:33"
[1] "Loading Buildings @ 2025-04-25 13:00:34"
[1] "Intersecting Buildings & Blocks @ 2025-04-25 13:00:34"
[1] "Completed Quadkey #59 @ 2025-04-25 13:00:35"
[1] "Loading Buildings @ 2025-04-25 13:00:35"
[1] "Intersecting Buildings & Blocks @ 2025-04-25 13:00:35"
[1] "Completed Quadkey #60 @ 2025-04-25 13:00:36"
[1] "Loading Buildings @ 2025-04-25 13:00:36"
[1] "Intersecting Buildings & Blocks @ 2025-04-25 13:00:37"
[1] "Completed Quadkey #61 @ 2025-04-25 13:00:37"
[1] "Loading Buildings @ 2025-04-25 13:00:38"
[1] "Intersecting Buildings & Blocks @ 2025-04-25 13:00:38"
[1] "Completed Quadkey #62 @ 2025-04-25 13:00:39"
[1] "Loading Buildings @ 2025-04-25 13:00:39"
[1] "Intersecting Buildings & Blocks @ 2025-04-25 13:00:39"
[1] "Completed Quadkey #63 @ 2025-04-25 13:00:40"
[1] "Loading Buildings @ 2025-04-25 13:00:40"
[1] "Intersecting Buildings & Blocks @ 2025-04-25 13:00:41"
[1] "Completed Quadkey #64 @ 2025-04-25 13:00:41"
[1] "Loading Buildings @ 2025-04-25 13:00:41"
[1] "Intersecting Buildings & Blocks @ 2025-04-25 13:00:42"
[1] "Completed Quadkey #65 @ 2025-04-25 13:00:43"
[1] "Loading Buildings @ 2025-04-25 13:00:43"
[1] "Intersecting Buildings & Blocks @ 2025-04-25 13:00:44"
[1] "Completed Quadkey #66 @ 2025-04-25 13:00:44"
[1] "Loading Buildings @ 2025-04-25 13:00:50"
[1] "Intersecting Buildings & Blocks @ 2025-04-25 13:00:50"
[1] "Completed Quadkey #67 @ 2025-04-25 13:00:50"
[1] "Loading Buildings @ 2025-04-25 13:00:53"
[1] "Intersecting Buildings & Blocks @ 2025-04-25 13:00:53"
[1] "Completed Quadkey #68 @ 2025-04-25 13:00:53"
[1] "Loading Buildings @ 2025-04-25 13:00:54"
[1] "Intersecting Buildings & Blocks @ 2025-04-25 13:00:54"
[1] "Completed Quadkey #69 @ 2025-04-25 13:00:54"
[1] "Loading Buildings @ 2025-04-25 13:00:55"
[1] "Intersecting Buildings & Blocks @ 2025-04-25 13:00:55"
[1] "Completed Quadkey #70 @ 2025-04-25 13:00:56"
[1] "Loading Buildings @ 2025-04-25 13:00:56"
[1] "Intersecting Buildings & Blocks @ 2025-04-25 13:00:57"
[1] "Completed Quadkey #71 @ 2025-04-25 13:00:57"
[1] "Loading Buildings @ 2025-04-25 13:00:58"
[1] "Intersecting Buildings & Blocks @ 2025-04-25 13:00:58"
[1] "Completed Quadkey #72 @ 2025-04-25 13:00:58"
[1] "Loading Buildings @ 2025-04-25 13:00:59"
[1] "Intersecting Buildings & Blocks @ 2025-04-25 13:00:59"
[1] "Completed Quadkey #73 @ 2025-04-25 13:01:00"
[1] "Loading Buildings @ 2025-04-25 13:01:01"
[1] "Intersecting Buildings & Blocks @ 2025-04-25 13:01:02"
[1] "Completed Quadkey #74 @ 2025-04-25 13:01:02"
[1] "Loading Buildings @ 2025-04-25 13:01:03"
[1] "Intersecting Buildings & Blocks @ 2025-04-25 13:01:04"
[1] "Completed Quadkey #75 @ 2025-04-25 13:01:04"
[1] "Calculating Weights @ 2025-04-25 13:01:04"
[1] "SCRIPT COMPLETE @ 2025-04-25 13:01:05"
