[1] "Starting 39"
[1] "Loading quadkey joins @ 2025-04-25 12:58:48"
[1] "Loading download links @ 2025-04-25 12:58:59"
Reading layer `OH_block_2020' from data source 
  `/work/GRDVULN/census/OH_block_2020.shp' using driver `ESRI Shapefile'
Simple feature collection with 276132 features and 18 fields
Geometry type: MULTIPOLYGON
Dimension:     XY
Bounding box:  xmin: 922758.1 ymin: 183373.3 xmax: 1292651 ymax: 605142.6
Projected CRS: USA_Contiguous_Albers_Equal_Area_Conic
[1] "Downloading Buildings from 44 Quadkeys --- 2025-04-25 12:59:21"
[1] "(44) Files to be Downloaded"
[1] "Loading Buildings @ 2025-04-25 12:59:22"
[1] "Intersecting Buildings & Blocks @ 2025-04-25 12:59:25"
[1] "Completed Quadkey #1 @ 2025-04-25 12:59:25"
[1] "Loading Buildings @ 2025-04-25 12:59:27"
[1] "Intersecting Buildings & Blocks @ 2025-04-25 12:59:30"
[1] "Completed Quadkey #2 @ 2025-04-25 12:59:31"
[1] "Loading Buildings @ 2025-04-25 12:59:32"
[1] "Intersecting Buildings & Blocks @ 2025-04-25 12:59:38"
[1] "Completed Quadkey #3 @ 2025-04-25 12:59:39"
[1] "Loading Buildings @ 2025-04-25 12:59:40"
[1] "Intersecting Buildings & Blocks @ 2025-04-25 12:59:43"
[1] "Completed Quadkey #4 @ 2025-04-25 12:59:44"
[1] "Loading Buildings @ 2025-04-25 12:59:46"
[1] "Intersecting Buildings & Blocks @ 2025-04-25 12:59:57"
[1] "Completed Quadkey #5 @ 2025-04-25 13:00:00"
[1] "Loading Buildings @ 2025-04-25 13:00:01"
[1] "Intersecting Buildings & Blocks @ 2025-04-25 13:00:06"
[1] "Completed Quadkey #6 @ 2025-04-25 13:00:08"
[1] "Loading Buildings @ 2025-04-25 13:00:09"
[1] "Intersecting Buildings & Blocks @ 2025-04-25 13:00:10"
[1] "Completed Quadkey #7 @ 2025-04-25 13:00:10"
[1] "Loading Buildings @ 2025-04-25 13:00:13"
[1] "Intersecting Buildings & Blocks @ 2025-04-25 13:00:32"
[1] "Completed Quadkey #8 @ 2025-04-25 13:00:38"
[1] "Loading Buildings @ 2025-04-25 13:00:40"
[1] "Intersecting Buildings & Blocks @ 2025-04-25 13:00:50"
[1] "Completed Quadkey #9 @ 2025-04-25 13:00:55"
[1] "Loading Buildings @ 2025-04-25 13:00:56"
[1] "Intersecting Buildings & Blocks @ 2025-04-25 13:00:59"
[1] "Completed Quadkey #10 @ 2025-04-25 13:00:59"
[1] "Loading Buildings @ 2025-04-25 13:01:00"
[1] "Intersecting Buildings & Blocks @ 2025-04-25 13:01:04"
[1] "Completed Quadkey #11 @ 2025-04-25 13:01:05"
[1] "Loading Buildings @ 2025-04-25 13:01:07"
[1] "Intersecting Buildings & Blocks @ 2025-04-25 13:01:12"
[1] "Completed Quadkey #12 @ 2025-04-25 13:01:14"
[1] "Loading Buildings @ 2025-04-25 13:01:16"
[1] "Intersecting Buildings & Blocks @ 2025-04-25 13:01:18"
[1] "Completed Quadkey #13 @ 2025-04-25 13:01:21"
[1] "Loading Buildings @ 2025-04-25 13:01:25"
[1] "Intersecting Buildings & Blocks @ 2025-04-25 13:01:27"
[1] "Completed Quadkey #14 @ 2025-04-25 13:01:29"
[1] "Loading Buildings @ 2025-04-25 13:01:31"
[1] "Intersecting Buildings & Blocks @ 2025-04-25 13:01:39"
[1] "Completed Quadkey #15 @ 2025-04-25 13:01:42"
[1] "Loading Buildings @ 2025-04-25 13:01:44"
[1] "Intersecting Buildings & Blocks @ 2025-04-25 13:01:48"
[1] "Completed Quadkey #16 @ 2025-04-25 13:01:51"
[1] "Loading Buildings @ 2025-04-25 13:01:53"
[1] "Intersecting Buildings & Blocks @ 2025-04-25 13:02:02"
[1] "Completed Quadkey #17 @ 2025-04-25 13:02:05"
[1] "Loading Buildings @ 2025-04-25 13:02:08"
[1] "Intersecting Buildings & Blocks @ 2025-04-25 13:02:26"
[1] "Completed Quadkey #18 @ 2025-04-25 13:02:34"
[1] "Loading Buildings @ 2025-04-25 13:02:37"
[1] "Intersecting Buildings & Blocks @ 2025-04-25 13:02:40"
[1] "Completed Quadkey #19 @ 2025-04-25 13:02:42"
[1] "Loading Buildings @ 2025-04-25 13:02:45"
[1] "Intersecting Buildings & Blocks @ 2025-04-25 13:03:00"
[1] "Completed Quadkey #20 @ 2025-04-25 13:03:11"
[1] "Loading Buildings @ 2025-04-25 13:03:12"
[1] "Intersecting Buildings & Blocks @ 2025-04-25 13:03:16"
[1] "Completed Quadkey #21 @ 2025-04-25 13:03:19"
[1] "Loading Buildings @ 2025-04-25 13:03:21"
[1] "Intersecting Buildings & Blocks @ 2025-04-25 13:03:25"
[1] "Completed Quadkey #22 @ 2025-04-25 13:03:28"
[1] "Loading Buildings @ 2025-04-25 13:03:30"
[1] "Intersecting Buildings & Blocks @ 2025-04-25 13:03:36"
[1] "Completed Quadkey #23 @ 2025-04-25 13:03:40"
[1] "Loading Buildings @ 2025-04-25 13:03:41"
[1] "Intersecting Buildings & Blocks @ 2025-04-25 13:03:46"
[1] "Completed Quadkey #24 @ 2025-04-25 13:03:51"
[1] "Loading Buildings @ 2025-04-25 13:04:00"
[1] "Intersecting Buildings & Blocks @ 2025-04-25 13:04:15"
[1] "Completed Quadkey #25 @ 2025-04-25 13:04:25"
[1] "Loading Buildings @ 2025-04-25 13:04:27"
[1] "Intersecting Buildings & Blocks @ 2025-04-25 13:04:34"
[1] "Completed Quadkey #26 @ 2025-04-25 13:04:39"
[1] "Loading Buildings @ 2025-04-25 13:04:46"
[1] "Intersecting Buildings & Blocks @ 2025-04-25 13:05:13"
[1] "Completed Quadkey #27 @ 2025-04-25 13:05:31"
[1] "Loading Buildings @ 2025-04-25 13:05:32"
[1] "Intersecting Buildings & Blocks @ 2025-04-25 13:05:34"
[1] "Completed Quadkey #28 @ 2025-04-25 13:05:38"
[1] "Loading Buildings @ 2025-04-25 13:05:41"
[1] "Intersecting Buildings & Blocks @ 2025-04-25 13:05:45"
[1] "Completed Quadkey #29 @ 2025-04-25 13:05:51"
[1] "Loading Buildings @ 2025-04-25 13:05:55"
[1] "Intersecting Buildings & Blocks @ 2025-04-25 13:05:59"
[1] "Completed Quadkey #30 @ 2025-04-25 13:06:05"
[1] "Loading Buildings @ 2025-04-25 13:06:11"
[1] "Intersecting Buildings & Blocks @ 2025-04-25 13:06:25"
[1] "Completed Quadkey #31 @ 2025-04-25 13:06:36"
[1] "Loading Buildings @ 2025-04-25 13:06:38"
[1] "Intersecting Buildings & Blocks @ 2025-04-25 13:06:48"
[1] "Completed Quadkey #32 @ 2025-04-25 13:06:55"
[1] "Loading Buildings @ 2025-04-25 13:06:58"
[1] "Intersecting Buildings & Blocks @ 2025-04-25 13:07:00"
[1] "Completed Quadkey #33 @ 2025-04-25 13:07:05"
[1] "Loading Buildings @ 2025-04-25 13:07:08"
[1] "Intersecting Buildings & Blocks @ 2025-04-25 13:07:13"
[1] "Completed Quadkey #34 @ 2025-04-25 13:07:17"
[1] "Loading Buildings @ 2025-04-25 13:07:19"
[1] "Intersecting Buildings & Blocks @ 2025-04-25 13:07:28"
[1] "Completed Quadkey #35 @ 2025-04-25 13:07:39"
[1] "Loading Buildings @ 2025-04-25 13:07:40"
[1] "Intersecting Buildings & Blocks @ 2025-04-25 13:07:47"
[1] "Completed Quadkey #36 @ 2025-04-25 13:07:49"
[1] "Loading Buildings @ 2025-04-25 13:07:50"
[1] "Intersecting Buildings & Blocks @ 2025-04-25 13:07:53"
[1] "Completed Quadkey #37 @ 2025-04-25 13:07:58"
[1] "Loading Buildings @ 2025-04-25 13:07:59"
[1] "Intersecting Buildings & Blocks @ 2025-04-25 13:08:02"
[1] "Completed Quadkey #38 @ 2025-04-25 13:08:05"
[1] "Loading Buildings @ 2025-04-25 13:08:10"
[1] "Intersecting Buildings & Blocks @ 2025-04-25 13:08:12"
[1] "Completed Quadkey #39 @ 2025-04-25 13:08:19"
[1] "Loading Buildings @ 2025-04-25 13:08:24"
[1] "Intersecting Buildings & Blocks @ 2025-04-25 13:08:34"
[1] "Completed Quadkey #40 @ 2025-04-25 13:08:42"
[1] "Loading Buildings @ 2025-04-25 13:08:46"
[1] "Intersecting Buildings & Blocks @ 2025-04-25 13:08:49"
[1] "Completed Quadkey #41 @ 2025-04-25 13:08:53"
[1] "Loading Buildings @ 2025-04-25 13:08:58"
[1] "Intersecting Buildings & Blocks @ 2025-04-25 13:09:06"
[1] "Completed Quadkey #42 @ 2025-04-25 13:09:12"
[1] "Loading Buildings @ 2025-04-25 13:09:14"
[1] "Intersecting Buildings & Blocks @ 2025-04-25 13:09:19"
[1] "Completed Quadkey #43 @ 2025-04-25 13:09:23"
[1] "Loading Buildings @ 2025-04-25 13:09:25"
[1] "Intersecting Buildings & Blocks @ 2025-04-25 13:09:29"
[1] "Completed Quadkey #44 @ 2025-04-25 13:09:30"
[1] "Calculating Weights @ 2025-04-25 13:09:30"
[1] "SCRIPT COMPLETE @ 2025-04-25 13:09:40"
