[1] "Starting 40"
[1] "Loading quadkey joins @ 2025-04-25 12:58:52"
[1] "Loading download links @ 2025-04-25 12:59:02"
Reading layer `OK_block_2020' from data source 
  `/work/GRDVULN/census/OK_block_2020.shp' using driver `ESRI Shapefile'
Simple feature collection with 180154 features and 18 fields
Geometry type: POLYGON
Dimension:     XY
Bounding box:  xmin: -620894.7 ymin: -433683.1 xmax: 141287.4 ymax: -33280.29
Projected CRS: USA_Contiguous_Albers_Equal_Area_Conic
[1] "Downloading Buildings from 65 Quadkeys --- 2025-04-25 12:59:21"
[1] "(65) Files to be Downloaded"
[1] "Loading Buildings @ 2025-04-25 12:59:23"
[1] "Intersecting Buildings & Blocks @ 2025-04-25 12:59:27"
[1] "Completed Quadkey #1 @ 2025-04-25 12:59:28"
[1] "Loading Buildings @ 2025-04-25 12:59:29"
[1] "Intersecting Buildings & Blocks @ 2025-04-25 12:59:32"
[1] "Completed Quadkey #2 @ 2025-04-25 12:59:33"
[1] "Loading Buildings @ 2025-04-25 12:59:34"
[1] "Intersecting Buildings & Blocks @ 2025-04-25 12:59:34"
[1] "Completed Quadkey #3 @ 2025-04-25 12:59:34"
[1] "Loading Buildings @ 2025-04-25 12:59:34"
[1] "Intersecting Buildings & Blocks @ 2025-04-25 12:59:35"
[1] "Completed Quadkey #4 @ 2025-04-25 12:59:35"
[1] "Loading Buildings @ 2025-04-25 12:59:36"
[1] "Intersecting Buildings & Blocks @ 2025-04-25 12:59:36"
[1] "Completed Quadkey #5 @ 2025-04-25 12:59:36"
[1] "Loading Buildings @ 2025-04-25 12:59:37"
[1] "Intersecting Buildings & Blocks @ 2025-04-25 12:59:38"
[1] "Completed Quadkey #6 @ 2025-04-25 12:59:38"
[1] "Loading Buildings @ 2025-04-25 12:59:38"
[1] "Intersecting Buildings & Blocks @ 2025-04-25 12:59:39"
[1] "Completed Quadkey #7 @ 2025-04-25 12:59:39"
[1] "Loading Buildings @ 2025-04-25 12:59:40"
[1] "Intersecting Buildings & Blocks @ 2025-04-25 12:59:40"
[1] "Completed Quadkey #8 @ 2025-04-25 12:59:40"
[1] "Loading Buildings @ 2025-04-25 12:59:41"
[1] "Intersecting Buildings & Blocks @ 2025-04-25 12:59:41"
[1] "Completed Quadkey #9 @ 2025-04-25 12:59:41"
[1] "Loading Buildings @ 2025-04-25 12:59:42"
[1] "Intersecting Buildings & Blocks @ 2025-04-25 12:59:42"
[1] "Completed Quadkey #10 @ 2025-04-25 12:59:42"
[1] "Loading Buildings @ 2025-04-25 12:59:44"
[1] "Intersecting Buildings & Blocks @ 2025-04-25 12:59:44"
[1] "Completed Quadkey #11 @ 2025-04-25 12:59:44"
[1] "Loading Buildings @ 2025-04-25 12:59:45"
[1] "Intersecting Buildings & Blocks @ 2025-04-25 12:59:47"
[1] "Completed Quadkey #12 @ 2025-04-25 12:59:47"
[1] "Loading Buildings @ 2025-04-25 12:59:48"
[1] "Intersecting Buildings & Blocks @ 2025-04-25 12:59:49"
[1] "Completed Quadkey #13 @ 2025-04-25 12:59:49"
[1] "Loading Buildings @ 2025-04-25 12:59:50"
[1] "Intersecting Buildings & Blocks @ 2025-04-25 12:59:50"
[1] "Completed Quadkey #14 @ 2025-04-25 12:59:50"
[1] "Loading Buildings @ 2025-04-25 12:59:51"
[1] "Intersecting Buildings & Blocks @ 2025-04-25 12:59:52"
[1] "Completed Quadkey #15 @ 2025-04-25 12:59:53"
[1] "Loading Buildings @ 2025-04-25 12:59:54"
[1] "Intersecting Buildings & Blocks @ 2025-04-25 12:59:58"
[1] "Completed Quadkey #16 @ 2025-04-25 12:59:58"
[1] "Loading Buildings @ 2025-04-25 12:59:59"
[1] "Intersecting Buildings & Blocks @ 2025-04-25 12:59:59"
[1] "Completed Quadkey #17 @ 2025-04-25 13:00:00"
[1] "Loading Buildings @ 2025-04-25 13:00:02"
[1] "Intersecting Buildings & Blocks @ 2025-04-25 13:00:06"
[1] "Completed Quadkey #18 @ 2025-04-25 13:00:06"
[1] "Loading Buildings @ 2025-04-25 13:00:08"
[1] "Intersecting Buildings & Blocks @ 2025-04-25 13:00:20"
[1] "Completed Quadkey #19 @ 2025-04-25 13:00:21"
[1] "Loading Buildings @ 2025-04-25 13:00:22"
[1] "Intersecting Buildings & Blocks @ 2025-04-25 13:00:24"
[1] "Completed Quadkey #20 @ 2025-04-25 13:00:24"
[1] "Loading Buildings @ 2025-04-25 13:00:25"
[1] "Intersecting Buildings & Blocks @ 2025-04-25 13:00:26"
[1] "Completed Quadkey #21 @ 2025-04-25 13:00:27"
[1] "Loading Buildings @ 2025-04-25 13:00:28"
[1] "Intersecting Buildings & Blocks @ 2025-04-25 13:00:30"
[1] "Completed Quadkey #22 @ 2025-04-25 13:00:30"
[1] "Loading Buildings @ 2025-04-25 13:00:31"
[1] "Intersecting Buildings & Blocks @ 2025-04-25 13:00:31"
[1] "Completed Quadkey #23 @ 2025-04-25 13:00:31"
[1] "Loading Buildings @ 2025-04-25 13:00:32"
[1] "Intersecting Buildings & Blocks @ 2025-04-25 13:00:32"
[1] "Completed Quadkey #24 @ 2025-04-25 13:00:32"
[1] "Loading Buildings @ 2025-04-25 13:00:33"
[1] "Intersecting Buildings & Blocks @ 2025-04-25 13:00:34"
[1] "Completed Quadkey #25 @ 2025-04-25 13:00:34"
[1] "Loading Buildings @ 2025-04-25 13:00:35"
[1] "Intersecting Buildings & Blocks @ 2025-04-25 13:00:35"
[1] "Completed Quadkey #26 @ 2025-04-25 13:00:36"
[1] "Loading Buildings @ 2025-04-25 13:00:37"
[1] "Intersecting Buildings & Blocks @ 2025-04-25 13:00:37"
[1] "Completed Quadkey #27 @ 2025-04-25 13:00:37"
[1] "Loading Buildings @ 2025-04-25 13:00:38"
[1] "Intersecting Buildings & Blocks @ 2025-04-25 13:00:38"
[1] "Completed Quadkey #28 @ 2025-04-25 13:00:38"
[1] "Loading Buildings @ 2025-04-25 13:00:39"
[1] "Intersecting Buildings & Blocks @ 2025-04-25 13:00:39"
[1] "Completed Quadkey #29 @ 2025-04-25 13:00:39"
[1] "Loading Buildings @ 2025-04-25 13:00:40"
[1] "Intersecting Buildings & Blocks @ 2025-04-25 13:00:42"
[1] "Completed Quadkey #30 @ 2025-04-25 13:00:42"
[1] "Loading Buildings @ 2025-04-25 13:00:43"
[1] "Intersecting Buildings & Blocks @ 2025-04-25 13:00:50"
[1] "Completed Quadkey #31 @ 2025-04-25 13:00:50"
[1] "Loading Buildings @ 2025-04-25 13:00:51"
[1] "Intersecting Buildings & Blocks @ 2025-04-25 13:00:51"
[1] "Completed Quadkey #32 @ 2025-04-25 13:00:52"
[1] "Loading Buildings @ 2025-04-25 13:00:53"
[1] "Intersecting Buildings & Blocks @ 2025-04-25 13:00:55"
[1] "Completed Quadkey #33 @ 2025-04-25 13:00:55"
[1] "Loading Buildings @ 2025-04-25 13:00:56"
[1] "Intersecting Buildings & Blocks @ 2025-04-25 13:00:57"
[1] "Completed Quadkey #34 @ 2025-04-25 13:00:57"
[1] "Loading Buildings @ 2025-04-25 13:00:59"
[1] "Intersecting Buildings & Blocks @ 2025-04-25 13:01:00"
[1] "Completed Quadkey #35 @ 2025-04-25 13:01:00"
[1] "Loading Buildings @ 2025-04-25 13:01:01"
[1] "Intersecting Buildings & Blocks @ 2025-04-25 13:01:02"
[1] "Completed Quadkey #36 @ 2025-04-25 13:01:02"
[1] "Loading Buildings @ 2025-04-25 13:01:03"
[1] "Intersecting Buildings & Blocks @ 2025-04-25 13:01:04"
[1] "Completed Quadkey #37 @ 2025-04-25 13:01:04"
[1] "Loading Buildings @ 2025-04-25 13:01:05"
[1] "Intersecting Buildings & Blocks @ 2025-04-25 13:01:06"
[1] "Completed Quadkey #38 @ 2025-04-25 13:01:06"
[1] "Loading Buildings @ 2025-04-25 13:01:08"
[1] "Intersecting Buildings & Blocks @ 2025-04-25 13:01:10"
[1] "Completed Quadkey #39 @ 2025-04-25 13:01:11"
[1] "Loading Buildings @ 2025-04-25 13:01:13"
[1] "Intersecting Buildings & Blocks @ 2025-04-25 13:01:15"
[1] "Completed Quadkey #40 @ 2025-04-25 13:01:16"
[1] "Loading Buildings @ 2025-04-25 13:01:18"
[1] "Intersecting Buildings & Blocks @ 2025-04-25 13:01:19"
[1] "Completed Quadkey #41 @ 2025-04-25 13:01:20"
[1] "Loading Buildings @ 2025-04-25 13:01:21"
[1] "Intersecting Buildings & Blocks @ 2025-04-25 13:01:23"
[1] "Completed Quadkey #42 @ 2025-04-25 13:01:23"
[1] "Loading Buildings @ 2025-04-25 13:01:25"
[1] "Intersecting Buildings & Blocks @ 2025-04-25 13:01:26"
[1] "Completed Quadkey #43 @ 2025-04-25 13:01:27"
[1] "Loading Buildings @ 2025-04-25 13:01:28"
[1] "Intersecting Buildings & Blocks @ 2025-04-25 13:01:29"
[1] "Completed Quadkey #44 @ 2025-04-25 13:01:30"
[1] "Loading Buildings @ 2025-04-25 13:01:33"
[1] "Intersecting Buildings & Blocks @ 2025-04-25 13:01:43"
[1] "Completed Quadkey #45 @ 2025-04-25 13:01:48"
[1] "Loading Buildings @ 2025-04-25 13:01:53"
[1] "Intersecting Buildings & Blocks @ 2025-04-25 13:02:05"
[1] "Completed Quadkey #46 @ 2025-04-25 13:02:10"
[1] "Loading Buildings @ 2025-04-25 13:02:12"
[1] "Intersecting Buildings & Blocks @ 2025-04-25 13:02:13"
[1] "Completed Quadkey #47 @ 2025-04-25 13:02:15"
[1] "Loading Buildings @ 2025-04-25 13:02:16"
[1] "Intersecting Buildings & Blocks @ 2025-04-25 13:02:20"
[1] "Completed Quadkey #48 @ 2025-04-25 13:02:22"
[1] "Loading Buildings @ 2025-04-25 13:02:23"
[1] "Intersecting Buildings & Blocks @ 2025-04-25 13:02:25"
[1] "Completed Quadkey #49 @ 2025-04-25 13:02:28"
[1] "Loading Buildings @ 2025-04-25 13:02:30"
[1] "Intersecting Buildings & Blocks @ 2025-04-25 13:02:32"
[1] "Completed Quadkey #50 @ 2025-04-25 13:02:34"
[1] "Loading Buildings @ 2025-04-25 13:02:35"
[1] "Intersecting Buildings & Blocks @ 2025-04-25 13:02:37"
[1] "Completed Quadkey #51 @ 2025-04-25 13:02:39"
[1] "Loading Buildings @ 2025-04-25 13:02:40"
[1] "Intersecting Buildings & Blocks @ 2025-04-25 13:02:41"
[1] "Completed Quadkey #52 @ 2025-04-25 13:02:43"
[1] "Loading Buildings @ 2025-04-25 13:02:44"
[1] "Intersecting Buildings & Blocks @ 2025-04-25 13:02:44"
[1] "Completed Quadkey #53 @ 2025-04-25 13:02:46"
[1] "Loading Buildings @ 2025-04-25 13:02:47"
[1] "Intersecting Buildings & Blocks @ 2025-04-25 13:02:47"
[1] "Completed Quadkey #54 @ 2025-04-25 13:02:49"
[1] "Loading Buildings @ 2025-04-25 13:02:52"
[1] "Intersecting Buildings & Blocks @ 2025-04-25 13:02:53"
[1] "Completed Quadkey #55 @ 2025-04-25 13:02:54"
[1] "Loading Buildings @ 2025-04-25 13:02:57"
[1] "Intersecting Buildings & Blocks @ 2025-04-25 13:03:01"
[1] "Completed Quadkey #56 @ 2025-04-25 13:03:06"
[1] "Loading Buildings @ 2025-04-25 13:03:08"
[1] "Intersecting Buildings & Blocks @ 2025-04-25 13:03:19"
[1] "Completed Quadkey #57 @ 2025-04-25 13:03:24"
[1] "Loading Buildings @ 2025-04-25 13:03:26"
[1] "Intersecting Buildings & Blocks @ 2025-04-25 13:03:28"
[1] "Completed Quadkey #58 @ 2025-04-25 13:03:31"
[1] "Loading Buildings @ 2025-04-25 13:03:33"
[1] "Intersecting Buildings & Blocks @ 2025-04-25 13:03:37"
[1] "Completed Quadkey #59 @ 2025-04-25 13:03:41"
[1] "Loading Buildings @ 2025-04-25 13:03:43"
[1] "Intersecting Buildings & Blocks @ 2025-04-25 13:03:44"
[1] "Completed Quadkey #60 @ 2025-04-25 13:03:46"
[1] "Loading Buildings @ 2025-04-25 13:03:47"
[1] "Intersecting Buildings & Blocks @ 2025-04-25 13:03:48"
[1] "Completed Quadkey #61 @ 2025-04-25 13:03:49"
[1] "Loading Buildings @ 2025-04-25 13:03:50"
[1] "Intersecting Buildings & Blocks @ 2025-04-25 13:03:51"
[1] "Completed Quadkey #62 @ 2025-04-25 13:03:53"
[1] "Loading Buildings @ 2025-04-25 13:03:55"
[1] "Intersecting Buildings & Blocks @ 2025-04-25 13:03:58"
[1] "Completed Quadkey #63 @ 2025-04-25 13:04:01"
[1] "Loading Buildings @ 2025-04-25 13:04:02"
[1] "Intersecting Buildings & Blocks @ 2025-04-25 13:04:02"
[1] "Completed Quadkey #64 @ 2025-04-25 13:04:05"
[1] "Loading Buildings @ 2025-04-25 13:04:06"
[1] "Intersecting Buildings & Blocks @ 2025-04-25 13:04:07"
[1] "Completed Quadkey #65 @ 2025-04-25 13:04:08"
[1] "Calculating Weights @ 2025-04-25 13:04:08"
[1] "SCRIPT COMPLETE @ 2025-04-25 13:04:13"
