[1] "Starting 42"
[1] "Loading quadkey joins @ 2025-04-25 12:58:57"
[1] "Loading download links @ 2025-04-25 12:59:08"
Reading layer `PA_block_2020' from data source 
  `/work/GRDVULN/census/PA_block_2020.shp' using driver `ESRI Shapefile'
Simple feature collection with 336916 features and 18 fields
Geometry type: MULTIPOLYGON
Dimension:     XY
Bounding box:  xmin: 1268312 ymin: 355850 xmax: 1781850 ymax: 687749.3
Projected CRS: USA_Contiguous_Albers_Equal_Area_Conic
[1] "Downloading Buildings from 45 Quadkeys --- 2025-04-25 12:59:34"
[1] "(45) Files to be Downloaded"
[1] "Loading Buildings @ 2025-04-25 12:59:36"
[1] "Intersecting Buildings & Blocks @ 2025-04-25 12:59:38"
[1] "Completed Quadkey #1 @ 2025-04-25 12:59:39"
[1] "Loading Buildings @ 2025-04-25 12:59:40"
[1] "Intersecting Buildings & Blocks @ 2025-04-25 12:59:41"
[1] "Completed Quadkey #2 @ 2025-04-25 12:59:42"
[1] "Loading Buildings @ 2025-04-25 12:59:44"
[1] "Intersecting Buildings & Blocks @ 2025-04-25 12:59:51"
[1] "Completed Quadkey #3 @ 2025-04-25 12:59:52"
[1] "Loading Buildings @ 2025-04-25 12:59:55"
[1] "Intersecting Buildings & Blocks @ 2025-04-25 13:00:04"
[1] "Completed Quadkey #4 @ 2025-04-25 13:00:06"
[1] "Loading Buildings @ 2025-04-25 13:00:08"
[1] "Intersecting Buildings & Blocks @ 2025-04-25 13:00:19"
[1] "Completed Quadkey #5 @ 2025-04-25 13:00:20"
[1] "Loading Buildings @ 2025-04-25 13:00:23"
[1] "Intersecting Buildings & Blocks @ 2025-04-25 13:00:38"
[1] "Completed Quadkey #6 @ 2025-04-25 13:00:40"
[1] "Loading Buildings @ 2025-04-25 13:00:42"
[1] "Intersecting Buildings & Blocks @ 2025-04-25 13:00:44"
[1] "Completed Quadkey #7 @ 2025-04-25 13:00:45"
[1] "Loading Buildings @ 2025-04-25 13:00:53"
[1] "Intersecting Buildings & Blocks @ 2025-04-25 13:00:55"
[1] "Completed Quadkey #8 @ 2025-04-25 13:00:56"
[1] "Loading Buildings @ 2025-04-25 13:00:57"
[1] "Intersecting Buildings & Blocks @ 2025-04-25 13:00:58"
[1] "Completed Quadkey #9 @ 2025-04-25 13:00:59"
[1] "Loading Buildings @ 2025-04-25 13:01:00"
[1] "Intersecting Buildings & Blocks @ 2025-04-25 13:01:02"
[1] "Completed Quadkey #10 @ 2025-04-25 13:01:03"
[1] "Loading Buildings @ 2025-04-25 13:01:05"
[1] "Intersecting Buildings & Blocks @ 2025-04-25 13:01:09"
[1] "Completed Quadkey #11 @ 2025-04-25 13:01:10"
[1] "Loading Buildings @ 2025-04-25 13:01:11"
[1] "Intersecting Buildings & Blocks @ 2025-04-25 13:01:14"
[1] "Completed Quadkey #12 @ 2025-04-25 13:01:16"
[1] "Loading Buildings @ 2025-04-25 13:01:17"
[1] "Intersecting Buildings & Blocks @ 2025-04-25 13:01:19"
[1] "Completed Quadkey #13 @ 2025-04-25 13:01:20"
[1] "Loading Buildings @ 2025-04-25 13:01:22"
[1] "Intersecting Buildings & Blocks @ 2025-04-25 13:01:27"
[1] "Completed Quadkey #14 @ 2025-04-25 13:01:29"
[1] "Loading Buildings @ 2025-04-25 13:01:31"
[1] "Intersecting Buildings & Blocks @ 2025-04-25 13:01:34"
[1] "Completed Quadkey #15 @ 2025-04-25 13:01:35"
[1] "Loading Buildings @ 2025-04-25 13:01:37"
[1] "Intersecting Buildings & Blocks @ 2025-04-25 13:01:49"
[1] "Completed Quadkey #16 @ 2025-04-25 13:01:51"
[1] "Loading Buildings @ 2025-04-25 13:01:56"
[1] "Intersecting Buildings & Blocks @ 2025-04-25 13:02:06"
[1] "Completed Quadkey #17 @ 2025-04-25 13:02:10"
[1] "Loading Buildings @ 2025-04-25 13:02:11"
[1] "Intersecting Buildings & Blocks @ 2025-04-25 13:02:20"
[1] "Completed Quadkey #18 @ 2025-04-25 13:02:22"
[1] "Loading Buildings @ 2025-04-25 13:02:24"
[1] "Intersecting Buildings & Blocks @ 2025-04-25 13:02:26"
[1] "Completed Quadkey #19 @ 2025-04-25 13:02:26"
[1] "Loading Buildings @ 2025-04-25 13:02:28"
[1] "Intersecting Buildings & Blocks @ 2025-04-25 13:02:34"
[1] "Completed Quadkey #20 @ 2025-04-25 13:02:35"
[1] "Loading Buildings @ 2025-04-25 13:02:37"
[1] "Intersecting Buildings & Blocks @ 2025-04-25 13:02:40"
[1] "Completed Quadkey #21 @ 2025-04-25 13:02:42"
[1] "Loading Buildings @ 2025-04-25 13:02:43"
[1] "Intersecting Buildings & Blocks @ 2025-04-25 13:02:45"
[1] "Completed Quadkey #22 @ 2025-04-25 13:02:48"
[1] "Loading Buildings @ 2025-04-25 13:02:52"
[1] "Intersecting Buildings & Blocks @ 2025-04-25 13:03:07"
[1] "Completed Quadkey #23 @ 2025-04-25 13:03:17"
[1] "Loading Buildings @ 2025-04-25 13:03:19"
[1] "Intersecting Buildings & Blocks @ 2025-04-25 13:03:40"
[1] "Completed Quadkey #24 @ 2025-04-25 13:03:50"
[1] "Loading Buildings @ 2025-04-25 13:03:51"
[1] "Intersecting Buildings & Blocks @ 2025-04-25 13:03:53"
[1] "Completed Quadkey #25 @ 2025-04-25 13:03:57"
[1] "Loading Buildings @ 2025-04-25 13:03:58"
[1] "Intersecting Buildings & Blocks @ 2025-04-25 13:04:01"
[1] "Completed Quadkey #26 @ 2025-04-25 13:04:04"
[1] "Loading Buildings @ 2025-04-25 13:04:06"
[1] "Intersecting Buildings & Blocks @ 2025-04-25 13:04:12"
[1] "Completed Quadkey #27 @ 2025-04-25 13:04:16"
[1] "Loading Buildings @ 2025-04-25 13:04:21"
[1] "Intersecting Buildings & Blocks @ 2025-04-25 13:04:22"
[1] "Completed Quadkey #28 @ 2025-04-25 13:04:25"
[1] "Loading Buildings @ 2025-04-25 13:04:26"
[1] "Intersecting Buildings & Blocks @ 2025-04-25 13:04:29"
[1] "Completed Quadkey #29 @ 2025-04-25 13:04:33"
[1] "Loading Buildings @ 2025-04-25 13:04:45"
[1] "Intersecting Buildings & Blocks @ 2025-04-25 13:04:47"
[1] "Completed Quadkey #30 @ 2025-04-25 13:04:51"
[1] "Loading Buildings @ 2025-04-25 13:04:56"
[1] "Intersecting Buildings & Blocks @ 2025-04-25 13:04:57"
[1] "Completed Quadkey #31 @ 2025-04-25 13:05:00"
[1] "Loading Buildings @ 2025-04-25 13:05:01"
[1] "Intersecting Buildings & Blocks @ 2025-04-25 13:05:06"
[1] "Completed Quadkey #32 @ 2025-04-25 13:05:10"
[1] "Loading Buildings @ 2025-04-25 13:05:11"
[1] "Intersecting Buildings & Blocks @ 2025-04-25 13:05:14"
[1] "Completed Quadkey #33 @ 2025-04-25 13:05:18"
[1] "Loading Buildings @ 2025-04-25 13:05:21"
[1] "Intersecting Buildings & Blocks @ 2025-04-25 13:05:25"
[1] "Completed Quadkey #34 @ 2025-04-25 13:05:29"
[1] "Loading Buildings @ 2025-04-25 13:05:32"
[1] "Intersecting Buildings & Blocks @ 2025-04-25 13:05:36"
[1] "Completed Quadkey #35 @ 2025-04-25 13:05:41"
[1] "Loading Buildings @ 2025-04-25 13:05:43"
[1] "Intersecting Buildings & Blocks @ 2025-04-25 13:05:56"
[1] "Completed Quadkey #36 @ 2025-04-25 13:06:05"
[1] "Loading Buildings @ 2025-04-25 13:06:08"
[1] "Intersecting Buildings & Blocks @ 2025-04-25 13:06:11"
[1] "Completed Quadkey #37 @ 2025-04-25 13:06:16"
[1] "Loading Buildings @ 2025-04-25 13:06:18"
[1] "Intersecting Buildings & Blocks @ 2025-04-25 13:06:25"
[1] "Completed Quadkey #38 @ 2025-04-25 13:06:31"
[1] "Loading Buildings @ 2025-04-25 13:06:39"
[1] "Intersecting Buildings & Blocks @ 2025-04-25 13:06:53"
[1] "Completed Quadkey #39 @ 2025-04-25 13:07:03"
[1] "Loading Buildings @ 2025-04-25 13:07:06"
[1] "Intersecting Buildings & Blocks @ 2025-04-25 13:07:16"
[1] "Completed Quadkey #40 @ 2025-04-25 13:07:25"
[1] "Loading Buildings @ 2025-04-25 13:07:31"
[1] "Intersecting Buildings & Blocks @ 2025-04-25 13:07:45"
[1] "Completed Quadkey #41 @ 2025-04-25 13:07:56"
[1] "Loading Buildings @ 2025-04-25 13:07:59"
[1] "Intersecting Buildings & Blocks @ 2025-04-25 13:08:24"
[1] "Completed Quadkey #42 @ 2025-04-25 13:08:37"
[1] "Loading Buildings @ 2025-04-25 13:08:41"
[1] "Intersecting Buildings & Blocks @ 2025-04-25 13:08:53"
[1] "Completed Quadkey #43 @ 2025-04-25 13:08:55"
[1] "Loading Buildings @ 2025-04-25 13:09:02"
[1] "Intersecting Buildings & Blocks @ 2025-04-25 13:09:33"
[1] "Completed Quadkey #44 @ 2025-04-25 13:09:47"
[1] "Loading Buildings @ 2025-04-25 13:09:49"
[1] "Intersecting Buildings & Blocks @ 2025-04-25 13:10:01"
[1] "Completed Quadkey #45 @ 2025-04-25 13:10:03"
[1] "Calculating Weights @ 2025-04-25 13:10:03"
[1] "SCRIPT COMPLETE @ 2025-04-25 13:10:16"
