[1] "Starting 44"
[1] "Loading quadkey joins @ 2025-04-25 12:59:26"
[1] "Loading download links @ 2025-04-25 12:59:37"
Reading layer `RI_block_2020' from data source 
  `/work/GRDVULN/census/RI_block_2020.shp' using driver `ESRI Shapefile'
Simple feature collection with 25364 features and 18 fields
Geometry type: MULTIPOLYGON
Dimension:     XY
Bounding box:  xmin: 1969234 ymin: 663914.5 xmax: 2037993 ymax: 767022
Projected CRS: USA_Contiguous_Albers_Equal_Area_Conic
[1] "Downloading Buildings from 4 Quadkeys --- 2025-04-25 12:59:51"
[1] "(4) Files to be Downloaded"
[1] "Loading Buildings @ 2025-04-25 12:59:53"
[1] "Intersecting Buildings & Blocks @ 2025-04-25 12:59:58"
[1] "Completed Quadkey #1 @ 2025-04-25 12:59:58"
[1] "Loading Buildings @ 2025-04-25 13:00:00"
[1] "Intersecting Buildings & Blocks @ 2025-04-25 13:00:05"
[1] "Completed Quadkey #2 @ 2025-04-25 13:00:05"
[1] "Loading Buildings @ 2025-04-25 13:00:16"
[1] "Intersecting Buildings & Blocks @ 2025-04-25 13:00:34"
[1] "Completed Quadkey #3 @ 2025-04-25 13:00:39"
[1] "Loading Buildings @ 2025-04-25 13:00:40"
[1] "Intersecting Buildings & Blocks @ 2025-04-25 13:00:42"
[1] "Completed Quadkey #4 @ 2025-04-25 13:00:43"
[1] "Calculating Weights @ 2025-04-25 13:00:43"
[1] "SCRIPT COMPLETE @ 2025-04-25 13:00:44"
