[1] "Starting 45"
[1] "Loading quadkey joins @ 2025-04-25 12:59:45"
[1] "Loading download links @ 2025-04-25 12:59:56"
Reading layer `SC_block_2020' from data source 
  `/work/GRDVULN/census/SC_block_2020.shp' using driver `ESRI Shapefile'
Simple feature collection with 145955 features and 18 fields
Geometry type: MULTIPOLYGON
Dimension:     XY
Bounding box:  xmin: 1145388 ymin: -498257.5 xmax: 1594265 ymax: -157046.5
Projected CRS: USA_Contiguous_Albers_Equal_Area_Conic
[1] "Downloading Buildings from 31 Quadkeys --- 2025-04-25 13:00:14"
[1] "(31) Files to be Downloaded"
[1] "Loading Buildings @ 2025-04-25 13:00:16"
[1] "Intersecting Buildings & Blocks @ 2025-04-25 13:00:20"
[1] "Completed Quadkey #1 @ 2025-04-25 13:00:21"
[1] "Loading Buildings @ 2025-04-25 13:00:25"
[1] "Intersecting Buildings & Blocks @ 2025-04-25 13:00:36"
[1] "Completed Quadkey #2 @ 2025-04-25 13:00:41"
[1] "Loading Buildings @ 2025-04-25 13:00:42"
[1] "Intersecting Buildings & Blocks @ 2025-04-25 13:00:44"
[1] "Completed Quadkey #3 @ 2025-04-25 13:00:45"
[1] "Loading Buildings @ 2025-04-25 13:00:49"
[1] "Intersecting Buildings & Blocks @ 2025-04-25 13:00:59"
[1] "Completed Quadkey #4 @ 2025-04-25 13:01:01"
[1] "Loading Buildings @ 2025-04-25 13:01:02"
[1] "Intersecting Buildings & Blocks @ 2025-04-25 13:01:05"
[1] "Completed Quadkey #5 @ 2025-04-25 13:01:06"
[1] "Loading Buildings @ 2025-04-25 13:01:08"
[1] "Intersecting Buildings & Blocks @ 2025-04-25 13:01:09"
[1] "Completed Quadkey #6 @ 2025-04-25 13:01:09"
[1] "Loading Buildings @ 2025-04-25 13:01:11"
[1] "Intersecting Buildings & Blocks @ 2025-04-25 13:01:12"
[1] "Completed Quadkey #7 @ 2025-04-25 13:01:13"
[1] "Loading Buildings @ 2025-04-25 13:01:15"
[1] "Intersecting Buildings & Blocks @ 2025-04-25 13:01:23"
[1] "Completed Quadkey #8 @ 2025-04-25 13:01:24"
[1] "Loading Buildings @ 2025-04-25 13:01:26"
[1] "Intersecting Buildings & Blocks @ 2025-04-25 13:01:28"
[1] "Completed Quadkey #9 @ 2025-04-25 13:01:30"
[1] "Loading Buildings @ 2025-04-25 13:01:32"
[1] "Intersecting Buildings & Blocks @ 2025-04-25 13:01:34"
[1] "Completed Quadkey #10 @ 2025-04-25 13:01:34"
[1] "Loading Buildings @ 2025-04-25 13:01:36"
[1] "Intersecting Buildings & Blocks @ 2025-04-25 13:01:44"
[1] "Completed Quadkey #11 @ 2025-04-25 13:01:46"
[1] "Loading Buildings @ 2025-04-25 13:01:48"
[1] "Intersecting Buildings & Blocks @ 2025-04-25 13:01:58"
[1] "Completed Quadkey #12 @ 2025-04-25 13:02:02"
[1] "Loading Buildings @ 2025-04-25 13:02:04"
[1] "Intersecting Buildings & Blocks @ 2025-04-25 13:02:09"
[1] "Completed Quadkey #13 @ 2025-04-25 13:02:13"
[1] "Loading Buildings @ 2025-04-25 13:02:16"
[1] "Intersecting Buildings & Blocks @ 2025-04-25 13:02:30"
[1] "Completed Quadkey #14 @ 2025-04-25 13:02:33"
[1] "Loading Buildings @ 2025-04-25 13:02:35"
[1] "Intersecting Buildings & Blocks @ 2025-04-25 13:02:36"
[1] "Completed Quadkey #15 @ 2025-04-25 13:02:38"
[1] "Loading Buildings @ 2025-04-25 13:02:41"
[1] "Intersecting Buildings & Blocks @ 2025-04-25 13:02:58"
[1] "Completed Quadkey #16 @ 2025-04-25 13:03:01"
[1] "Loading Buildings @ 2025-04-25 13:03:02"
[1] "Intersecting Buildings & Blocks @ 2025-04-25 13:03:04"
[1] "Completed Quadkey #17 @ 2025-04-25 13:03:07"
[1] "Loading Buildings @ 2025-04-25 13:03:10"
[1] "Intersecting Buildings & Blocks @ 2025-04-25 13:03:13"
[1] "Completed Quadkey #18 @ 2025-04-25 13:03:15"
[1] "Loading Buildings @ 2025-04-25 13:03:16"
[1] "Intersecting Buildings & Blocks @ 2025-04-25 13:03:20"
[1] "Completed Quadkey #19 @ 2025-04-25 13:03:21"
[1] "Loading Buildings @ 2025-04-25 13:03:22"
[1] "Intersecting Buildings & Blocks @ 2025-04-25 13:03:28"
[1] "Completed Quadkey #20 @ 2025-04-25 13:03:31"
[1] "Loading Buildings @ 2025-04-25 13:03:34"
[1] "Intersecting Buildings & Blocks @ 2025-04-25 13:03:40"
[1] "Completed Quadkey #21 @ 2025-04-25 13:03:41"
[1] "Loading Buildings @ 2025-04-25 13:03:45"
[1] "Intersecting Buildings & Blocks @ 2025-04-25 13:03:55"
[1] "Completed Quadkey #22 @ 2025-04-25 13:04:02"
[1] "Loading Buildings @ 2025-04-25 13:04:03"
[1] "Intersecting Buildings & Blocks @ 2025-04-25 13:04:06"
[1] "Completed Quadkey #23 @ 2025-04-25 13:04:08"
[1] "Loading Buildings @ 2025-04-25 13:04:10"
[1] "Intersecting Buildings & Blocks @ 2025-04-25 13:04:15"
[1] "Completed Quadkey #24 @ 2025-04-25 13:04:20"
[1] "Loading Buildings @ 2025-04-25 13:04:21"
[1] "Intersecting Buildings & Blocks @ 2025-04-25 13:04:23"
[1] "Completed Quadkey #25 @ 2025-04-25 13:04:26"
[1] "Loading Buildings @ 2025-04-25 13:04:27"
[1] "Intersecting Buildings & Blocks @ 2025-04-25 13:04:30"
[1] "Completed Quadkey #26 @ 2025-04-25 13:04:33"
[1] "Loading Buildings @ 2025-04-25 13:04:38"
[1] "Intersecting Buildings & Blocks @ 2025-04-25 13:04:48"
[1] "Completed Quadkey #27 @ 2025-04-25 13:04:52"
[1] "Loading Buildings @ 2025-04-25 13:04:53"
[1] "Intersecting Buildings & Blocks @ 2025-04-25 13:04:55"
[1] "Completed Quadkey #28 @ 2025-04-25 13:04:58"
[1] "Loading Buildings @ 2025-04-25 13:05:00"
[1] "Intersecting Buildings & Blocks @ 2025-04-25 13:05:10"
[1] "Completed Quadkey #29 @ 2025-04-25 13:05:18"
[1] "Loading Buildings @ 2025-04-25 13:05:18"
[1] "Intersecting Buildings & Blocks @ 2025-04-25 13:05:18"
[1] "Completed Quadkey #30 @ 2025-04-25 13:05:19"
[1] "Loading Buildings @ 2025-04-25 13:05:21"
[1] "Intersecting Buildings & Blocks @ 2025-04-25 13:05:26"
[1] "Completed Quadkey #31 @ 2025-04-25 13:05:30"
[1] "Calculating Weights @ 2025-04-25 13:05:30"
[1] "SCRIPT COMPLETE @ 2025-04-25 13:05:37"
