[1] "Starting 47"
[1] "Loading quadkey joins @ 2025-04-25 12:59:54"
[1] "Loading download links @ 2025-04-25 13:00:05"
Reading layer `TN_block_2020' from data source 
  `/work/GRDVULN/census/TN_block_2020.shp' using driver `ESRI Shapefile'
Simple feature collection with 179717 features and 18 fields
Geometry type: POLYGON
Dimension:     XY
Bounding box:  xmin: 514659.8 ymin: -265043.3 xmax: 1267114 ymax: -3640.206
Projected CRS: USA_Contiguous_Albers_Equal_Area_Conic
[1] "Downloading Buildings from 43 Quadkeys --- 2025-04-25 13:00:26"
[1] "(43) Files to be Downloaded"
[1] "Loading Buildings @ 2025-04-25 13:00:27"
[1] "Intersecting Buildings & Blocks @ 2025-04-25 13:00:29"
[1] "Completed Quadkey #1 @ 2025-04-25 13:00:30"
[1] "Loading Buildings @ 2025-04-25 13:00:32"
[1] "Intersecting Buildings & Blocks @ 2025-04-25 13:00:45"
[1] "Completed Quadkey #2 @ 2025-04-25 13:00:49"
[1] "Loading Buildings @ 2025-04-25 13:00:53"
[1] "Intersecting Buildings & Blocks @ 2025-04-25 13:00:56"
[1] "Completed Quadkey #3 @ 2025-04-25 13:00:57"
[1] "Loading Buildings @ 2025-04-25 13:00:59"
[1] "Intersecting Buildings & Blocks @ 2025-04-25 13:01:02"
[1] "Completed Quadkey #4 @ 2025-04-25 13:01:05"
[1] "Loading Buildings @ 2025-04-25 13:01:06"
[1] "Intersecting Buildings & Blocks @ 2025-04-25 13:01:08"
[1] "Completed Quadkey #5 @ 2025-04-25 13:01:09"
[1] "Loading Buildings @ 2025-04-25 13:01:11"
[1] "Intersecting Buildings & Blocks @ 2025-04-25 13:01:13"
[1] "Completed Quadkey #6 @ 2025-04-25 13:01:15"
[1] "Loading Buildings @ 2025-04-25 13:01:16"
[1] "Intersecting Buildings & Blocks @ 2025-04-25 13:01:19"
[1] "Completed Quadkey #7 @ 2025-04-25 13:01:21"
[1] "Loading Buildings @ 2025-04-25 13:01:25"
[1] "Intersecting Buildings & Blocks @ 2025-04-25 13:01:27"
[1] "Completed Quadkey #8 @ 2025-04-25 13:01:28"
[1] "Loading Buildings @ 2025-04-25 13:01:29"
[1] "Intersecting Buildings & Blocks @ 2025-04-25 13:01:33"
[1] "Completed Quadkey #9 @ 2025-04-25 13:01:36"
[1] "Loading Buildings @ 2025-04-25 13:01:37"
[1] "Intersecting Buildings & Blocks @ 2025-04-25 13:01:39"
[1] "Completed Quadkey #10 @ 2025-04-25 13:01:40"
[1] "Loading Buildings @ 2025-04-25 13:01:42"
[1] "Intersecting Buildings & Blocks @ 2025-04-25 13:01:44"
[1] "Completed Quadkey #11 @ 2025-04-25 13:01:45"
[1] "Loading Buildings @ 2025-04-25 13:01:48"
[1] "Intersecting Buildings & Blocks @ 2025-04-25 13:02:03"
[1] "Completed Quadkey #12 @ 2025-04-25 13:02:11"
[1] "Loading Buildings @ 2025-04-25 13:02:13"
[1] "Intersecting Buildings & Blocks @ 2025-04-25 13:02:22"
[1] "Completed Quadkey #13 @ 2025-04-25 13:02:28"
[1] "Loading Buildings @ 2025-04-25 13:02:32"
[1] "Intersecting Buildings & Blocks @ 2025-04-25 13:02:36"
[1] "Completed Quadkey #14 @ 2025-04-25 13:02:38"
[1] "Loading Buildings @ 2025-04-25 13:02:42"
[1] "Intersecting Buildings & Blocks @ 2025-04-25 13:02:47"
[1] "Completed Quadkey #15 @ 2025-04-25 13:02:51"
[1] "Loading Buildings @ 2025-04-25 13:02:58"
[1] "Intersecting Buildings & Blocks @ 2025-04-25 13:03:02"
[1] "Completed Quadkey #16 @ 2025-04-25 13:03:06"
[1] "Loading Buildings @ 2025-04-25 13:03:10"
[1] "Intersecting Buildings & Blocks @ 2025-04-25 13:03:14"
[1] "Completed Quadkey #17 @ 2025-04-25 13:03:19"
[1] "Loading Buildings @ 2025-04-25 13:03:20"
[1] "Intersecting Buildings & Blocks @ 2025-04-25 13:03:23"
[1] "Completed Quadkey #18 @ 2025-04-25 13:03:27"
[1] "Loading Buildings @ 2025-04-25 13:03:30"
[1] "Intersecting Buildings & Blocks @ 2025-04-25 13:03:32"
[1] "Completed Quadkey #19 @ 2025-04-25 13:03:35"
[1] "Loading Buildings @ 2025-04-25 13:03:37"
[1] "Intersecting Buildings & Blocks @ 2025-04-25 13:03:46"
[1] "Completed Quadkey #20 @ 2025-04-25 13:03:51"
[1] "Loading Buildings @ 2025-04-25 13:03:52"
[1] "Intersecting Buildings & Blocks @ 2025-04-25 13:03:54"
[1] "Completed Quadkey #21 @ 2025-04-25 13:03:56"
[1] "Loading Buildings @ 2025-04-25 13:03:58"
[1] "Intersecting Buildings & Blocks @ 2025-04-25 13:04:02"
[1] "Completed Quadkey #22 @ 2025-04-25 13:04:08"
[1] "Loading Buildings @ 2025-04-25 13:04:13"
[1] "Intersecting Buildings & Blocks @ 2025-04-25 13:04:17"
[1] "Completed Quadkey #23 @ 2025-04-25 13:04:22"
[1] "Loading Buildings @ 2025-04-25 13:04:23"
[1] "Intersecting Buildings & Blocks @ 2025-04-25 13:04:29"
[1] "Completed Quadkey #24 @ 2025-04-25 13:04:34"
[1] "Loading Buildings @ 2025-04-25 13:04:45"
[1] "Intersecting Buildings & Blocks @ 2025-04-25 13:04:58"
[1] "Completed Quadkey #25 @ 2025-04-25 13:05:08"
[1] "Loading Buildings @ 2025-04-25 13:05:09"
[1] "Intersecting Buildings & Blocks @ 2025-04-25 13:05:14"
[1] "Completed Quadkey #26 @ 2025-04-25 13:05:15"
[1] "Loading Buildings @ 2025-04-25 13:05:18"
[1] "Intersecting Buildings & Blocks @ 2025-04-25 13:05:23"
[1] "Completed Quadkey #27 @ 2025-04-25 13:05:28"
[1] "Loading Buildings @ 2025-04-25 13:05:30"
[1] "Intersecting Buildings & Blocks @ 2025-04-25 13:05:36"
[1] "Completed Quadkey #28 @ 2025-04-25 13:05:41"
[1] "Loading Buildings @ 2025-04-25 13:05:42"
[1] "Intersecting Buildings & Blocks @ 2025-04-25 13:05:50"
[1] "Completed Quadkey #29 @ 2025-04-25 13:05:51"
[1] "Loading Buildings @ 2025-04-25 13:05:56"
[1] "Intersecting Buildings & Blocks @ 2025-04-25 13:06:06"
[1] "Completed Quadkey #30 @ 2025-04-25 13:06:13"
[1] "Loading Buildings @ 2025-04-25 13:06:14"
[1] "Intersecting Buildings & Blocks @ 2025-04-25 13:06:22"
[1] "Completed Quadkey #31 @ 2025-04-25 13:06:26"
[1] "Loading Buildings @ 2025-04-25 13:06:28"
[1] "Intersecting Buildings & Blocks @ 2025-04-25 13:06:30"
[1] "Completed Quadkey #32 @ 2025-04-25 13:06:30"
[1] "Loading Buildings @ 2025-04-25 13:06:35"
[1] "Intersecting Buildings & Blocks @ 2025-04-25 13:06:36"
[1] "Completed Quadkey #33 @ 2025-04-25 13:06:38"
[1] "Loading Buildings @ 2025-04-25 13:06:40"
[1] "Intersecting Buildings & Blocks @ 2025-04-25 13:06:44"
[1] "Completed Quadkey #34 @ 2025-04-25 13:06:45"
[1] "Loading Buildings @ 2025-04-25 13:06:50"
[1] "Intersecting Buildings & Blocks @ 2025-04-25 13:06:53"
[1] "Completed Quadkey #35 @ 2025-04-25 13:06:53"
[1] "Loading Buildings @ 2025-04-25 13:06:58"
[1] "Intersecting Buildings & Blocks @ 2025-04-25 13:07:02"
[1] "Completed Quadkey #36 @ 2025-04-25 13:07:03"
[1] "Loading Buildings @ 2025-04-25 13:07:08"
[1] "Intersecting Buildings & Blocks @ 2025-04-25 13:07:10"
[1] "Completed Quadkey #37 @ 2025-04-25 13:07:11"
[1] "Loading Buildings @ 2025-04-25 13:07:15"
[1] "Intersecting Buildings & Blocks @ 2025-04-25 13:07:20"
[1] "Completed Quadkey #38 @ 2025-04-25 13:07:21"
[1] "Loading Buildings @ 2025-04-25 13:07:25"
[1] "Intersecting Buildings & Blocks @ 2025-04-25 13:07:27"
[1] "Completed Quadkey #39 @ 2025-04-25 13:07:29"
[1] "Loading Buildings @ 2025-04-25 13:07:33"
[1] "Intersecting Buildings & Blocks @ 2025-04-25 13:07:37"
[1] "Completed Quadkey #40 @ 2025-04-25 13:07:38"
[1] "Loading Buildings @ 2025-04-25 13:07:40"
[1] "Intersecting Buildings & Blocks @ 2025-04-25 13:07:43"
[1] "Completed Quadkey #41 @ 2025-04-25 13:07:44"
[1] "Loading Buildings @ 2025-04-25 13:07:45"
[1] "Intersecting Buildings & Blocks @ 2025-04-25 13:07:47"
[1] "Completed Quadkey #42 @ 2025-04-25 13:07:48"
[1] "Loading Buildings @ 2025-04-25 13:07:50"
[1] "Intersecting Buildings & Blocks @ 2025-04-25 13:07:54"
[1] "Completed Quadkey #43 @ 2025-04-25 13:07:57"
[1] "Calculating Weights @ 2025-04-25 13:07:57"
[1] "SCRIPT COMPLETE @ 2025-04-25 13:08:04"
