[1] "Starting 48"
[1] "Loading quadkey joins @ 2025-04-25 14:06:42"
[1] "Loading download links @ 2025-04-25 14:06:54"
Reading layer `TX_block_2020' from data source 
  `/work/GRDVULN/census/TX_block_2020.shp' using driver `ESRI Shapefile'
Simple feature collection with 667903 features and 18 fields
Geometry type: MULTIPOLYGON
Dimension:     XY
Bounding box:  xmin: -1000350 ymin: -1295890 xmax: 237149.9 ymax: -88849.16
Projected CRS: USA_Contiguous_Albers_Equal_Area_Conic
[1] "Downloading Buildings from 190 Quadkeys --- 2025-04-25 14:07:38"
[1] "(190) Files to be Downloaded"
[1] "Loading Buildings @ 2025-04-25 14:07:42"
[1] "Intersecting Buildings & Blocks @ 2025-04-25 14:07:44"
[1] "Completed Quadkey #1 @ 2025-04-25 14:07:45"
[1] "Loading Buildings @ 2025-04-25 14:07:50"
[1] "Intersecting Buildings & Blocks @ 2025-04-25 14:07:54"
[1] "Completed Quadkey #2 @ 2025-04-25 14:07:55"
[1] "Loading Buildings @ 2025-04-25 14:07:56"
[1] "Intersecting Buildings & Blocks @ 2025-04-25 14:07:57"
[1] "Completed Quadkey #3 @ 2025-04-25 14:07:58"
[1] "Loading Buildings @ 2025-04-25 14:08:00"
[1] "Intersecting Buildings & Blocks @ 2025-04-25 14:08:05"
[1] "Completed Quadkey #4 @ 2025-04-25 14:08:07"
[1] "Loading Buildings @ 2025-04-25 14:08:09"
[1] "Intersecting Buildings & Blocks @ 2025-04-25 14:08:12"
[1] "Completed Quadkey #5 @ 2025-04-25 14:08:12"
[1] "Loading Buildings @ 2025-04-25 14:08:14"
[1] "Intersecting Buildings & Blocks @ 2025-04-25 14:08:15"
[1] "Completed Quadkey #6 @ 2025-04-25 14:08:16"
[1] "Loading Buildings @ 2025-04-25 14:08:19"
[1] "Intersecting Buildings & Blocks @ 2025-04-25 14:08:19"
[1] "Completed Quadkey #7 @ 2025-04-25 14:08:19"
[1] "Loading Buildings @ 2025-04-25 14:08:19"
[1] "Intersecting Buildings & Blocks @ 2025-04-25 14:08:20"
[1] "Completed Quadkey #8 @ 2025-04-25 14:08:20"
[1] "Loading Buildings @ 2025-04-25 14:08:20"
[1] "Intersecting Buildings & Blocks @ 2025-04-25 14:08:20"
[1] "Completed Quadkey #9 @ 2025-04-25 14:08:20"
[1] "Loading Buildings @ 2025-04-25 14:08:25"
[1] "Intersecting Buildings & Blocks @ 2025-04-25 14:08:35"
[1] "Completed Quadkey #10 @ 2025-04-25 14:08:41"
[1] "Loading Buildings @ 2025-04-25 14:08:45"
[1] "Intersecting Buildings & Blocks @ 2025-04-25 14:08:45"
[1] "Completed Quadkey #11 @ 2025-04-25 14:08:45"
[1] "Loading Buildings @ 2025-04-25 14:08:49"
[1] "Intersecting Buildings & Blocks @ 2025-04-25 14:08:49"
[1] "Completed Quadkey #12 @ 2025-04-25 14:08:49"
[1] "Loading Buildings @ 2025-04-25 14:08:53"
[1] "Intersecting Buildings & Blocks @ 2025-04-25 14:08:53"
[1] "Completed Quadkey #13 @ 2025-04-25 14:08:53"
[1] "Loading Buildings @ 2025-04-25 14:08:54"
[1] "Intersecting Buildings & Blocks @ 2025-04-25 14:08:54"
[1] "Completed Quadkey #14 @ 2025-04-25 14:08:54"
[1] "Loading Buildings @ 2025-04-25 14:08:55"
[1] "Intersecting Buildings & Blocks @ 2025-04-25 14:08:55"
[1] "Completed Quadkey #15 @ 2025-04-25 14:08:55"
[1] "Loading Buildings @ 2025-04-25 14:08:56"
[1] "Intersecting Buildings & Blocks @ 2025-04-25 14:08:56"
[1] "Completed Quadkey #16 @ 2025-04-25 14:08:56"
[1] "Loading Buildings @ 2025-04-25 14:08:56"
[1] "Intersecting Buildings & Blocks @ 2025-04-25 14:08:56"
[1] "Completed Quadkey #17 @ 2025-04-25 14:08:56"
[1] "Loading Buildings @ 2025-04-25 14:08:57"
[1] "Intersecting Buildings & Blocks @ 2025-04-25 14:08:57"
[1] "Completed Quadkey #18 @ 2025-04-25 14:08:57"
[1] "Loading Buildings @ 2025-04-25 14:08:58"
[1] "Intersecting Buildings & Blocks @ 2025-04-25 14:08:58"
[1] "Completed Quadkey #19 @ 2025-04-25 14:08:59"
[1] "Loading Buildings @ 2025-04-25 14:08:59"
[1] "Intersecting Buildings & Blocks @ 2025-04-25 14:08:59"
[1] "Completed Quadkey #20 @ 2025-04-25 14:08:59"
[1] "Loading Buildings @ 2025-04-25 14:09:00"
[1] "Intersecting Buildings & Blocks @ 2025-04-25 14:09:00"
[1] "Completed Quadkey #21 @ 2025-04-25 14:09:00"
[1] "Loading Buildings @ 2025-04-25 14:09:01"
[1] "Intersecting Buildings & Blocks @ 2025-04-25 14:09:01"
[1] "Completed Quadkey #22 @ 2025-04-25 14:09:02"
[1] "Loading Buildings @ 2025-04-25 14:09:02"
[1] "Intersecting Buildings & Blocks @ 2025-04-25 14:09:02"
[1] "Completed Quadkey #23 @ 2025-04-25 14:09:03"
[1] "Loading Buildings @ 2025-04-25 14:09:06"
[1] "Intersecting Buildings & Blocks @ 2025-04-25 14:09:07"
[1] "Completed Quadkey #24 @ 2025-04-25 14:09:07"
[1] "Loading Buildings @ 2025-04-25 14:09:07"
[1] "Intersecting Buildings & Blocks @ 2025-04-25 14:09:08"
[1] "Completed Quadkey #25 @ 2025-04-25 14:09:08"
[1] "Loading Buildings @ 2025-04-25 14:09:08"
[1] "Intersecting Buildings & Blocks @ 2025-04-25 14:09:08"
[1] "Completed Quadkey #26 @ 2025-04-25 14:09:09"
[1] "Loading Buildings @ 2025-04-25 14:09:09"
[1] "Intersecting Buildings & Blocks @ 2025-04-25 14:09:09"
[1] "Completed Quadkey #27 @ 2025-04-25 14:09:09"
[1] "Loading Buildings @ 2025-04-25 14:09:13"
[1] "Intersecting Buildings & Blocks @ 2025-04-25 14:09:13"
[1] "Completed Quadkey #28 @ 2025-04-25 14:09:14"
[1] "Loading Buildings @ 2025-04-25 14:09:15"
[1] "Intersecting Buildings & Blocks @ 2025-04-25 14:09:15"
[1] "Completed Quadkey #29 @ 2025-04-25 14:09:16"
[1] "Loading Buildings @ 2025-04-25 14:09:17"
[1] "Intersecting Buildings & Blocks @ 2025-04-25 14:09:17"
[1] "Completed Quadkey #30 @ 2025-04-25 14:09:17"
[1] "Loading Buildings @ 2025-04-25 14:09:19"
[1] "Intersecting Buildings & Blocks @ 2025-04-25 14:09:20"
[1] "Completed Quadkey #31 @ 2025-04-25 14:09:20"
[1] "Loading Buildings @ 2025-04-25 14:09:21"
[1] "Intersecting Buildings & Blocks @ 2025-04-25 14:09:21"
[1] "Completed Quadkey #32 @ 2025-04-25 14:09:22"
[1] "Loading Buildings @ 2025-04-25 14:09:22"
[1] "Intersecting Buildings & Blocks @ 2025-04-25 14:09:23"
[1] "Completed Quadkey #33 @ 2025-04-25 14:09:23"
[1] "Loading Buildings @ 2025-04-25 14:09:23"
[1] "Intersecting Buildings & Blocks @ 2025-04-25 14:09:23"
[1] "Completed Quadkey #34 @ 2025-04-25 14:09:23"
[1] "Loading Buildings @ 2025-04-25 14:09:27"
[1] "Intersecting Buildings & Blocks @ 2025-04-25 14:09:28"
[1] "Completed Quadkey #35 @ 2025-04-25 14:09:30"
[1] "Loading Buildings @ 2025-04-25 14:09:31"
[1] "Intersecting Buildings & Blocks @ 2025-04-25 14:09:32"
[1] "Completed Quadkey #36 @ 2025-04-25 14:09:32"
[1] "Loading Buildings @ 2025-04-25 14:09:33"
[1] "Intersecting Buildings & Blocks @ 2025-04-25 14:09:33"
[1] "Completed Quadkey #37 @ 2025-04-25 14:09:33"
[1] "Loading Buildings @ 2025-04-25 14:09:34"
[1] "Intersecting Buildings & Blocks @ 2025-04-25 14:09:34"
[1] "Completed Quadkey #38 @ 2025-04-25 14:09:34"
[1] "Loading Buildings @ 2025-04-25 14:09:35"
[1] "Intersecting Buildings & Blocks @ 2025-04-25 14:09:35"
[1] "Completed Quadkey #39 @ 2025-04-25 14:09:35"
[1] "Loading Buildings @ 2025-04-25 14:09:37"
[1] "Intersecting Buildings & Blocks @ 2025-04-25 14:09:40"
[1] "Completed Quadkey #40 @ 2025-04-25 14:09:42"
[1] "Loading Buildings @ 2025-04-25 14:09:42"
[1] "Intersecting Buildings & Blocks @ 2025-04-25 14:09:42"
[1] "Completed Quadkey #41 @ 2025-04-25 14:09:43"
[1] "Loading Buildings @ 2025-04-25 14:09:44"
[1] "Intersecting Buildings & Blocks @ 2025-04-25 14:09:47"
[1] "Completed Quadkey #42 @ 2025-04-25 14:09:49"
[1] "Loading Buildings @ 2025-04-25 14:09:53"
[1] "Intersecting Buildings & Blocks @ 2025-04-25 14:09:54"
[1] "Completed Quadkey #43 @ 2025-04-25 14:09:54"
[1] "Loading Buildings @ 2025-04-25 14:09:56"
[1] "Intersecting Buildings & Blocks @ 2025-04-25 14:09:58"
[1] "Completed Quadkey #44 @ 2025-04-25 14:09:58"
[1] "Loading Buildings @ 2025-04-25 14:10:00"
[1] "Intersecting Buildings & Blocks @ 2025-04-25 14:10:00"
[1] "Completed Quadkey #45 @ 2025-04-25 14:10:00"
[1] "Loading Buildings @ 2025-04-25 14:10:01"
[1] "Intersecting Buildings & Blocks @ 2025-04-25 14:10:01"
[1] "Completed Quadkey #46 @ 2025-04-25 14:10:01"
[1] "Loading Buildings @ 2025-04-25 14:10:05"
[1] "Intersecting Buildings & Blocks @ 2025-04-25 14:10:05"
[1] "Completed Quadkey #47 @ 2025-04-25 14:10:06"
[1] "Loading Buildings @ 2025-04-25 14:10:07"
[1] "Intersecting Buildings & Blocks @ 2025-04-25 14:10:07"
[1] "Completed Quadkey #48 @ 2025-04-25 14:10:08"
[1] "Loading Buildings @ 2025-04-25 14:10:12"
[1] "Intersecting Buildings & Blocks @ 2025-04-25 14:10:12"
[1] "Completed Quadkey #49 @ 2025-04-25 14:10:13"
[1] "Loading Buildings @ 2025-04-25 14:10:13"
[1] "Intersecting Buildings & Blocks @ 2025-04-25 14:10:14"
[1] "Completed Quadkey #50 @ 2025-04-25 14:10:14"
[1] "Loading Buildings @ 2025-04-25 14:10:15"
[1] "Intersecting Buildings & Blocks @ 2025-04-25 14:10:15"
[1] "Completed Quadkey #51 @ 2025-04-25 14:10:17"
[1] "Loading Buildings @ 2025-04-25 14:10:17"
[1] "Intersecting Buildings & Blocks @ 2025-04-25 14:10:18"
[1] "Completed Quadkey #52 @ 2025-04-25 14:10:18"
[1] "Loading Buildings @ 2025-04-25 14:10:22"
[1] "Intersecting Buildings & Blocks @ 2025-04-25 14:10:23"
[1] "Completed Quadkey #53 @ 2025-04-25 14:10:24"
[1] "Loading Buildings @ 2025-04-25 14:10:28"
[1] "Intersecting Buildings & Blocks @ 2025-04-25 14:10:28"
[1] "Completed Quadkey #54 @ 2025-04-25 14:10:29"
[1] "Loading Buildings @ 2025-04-25 14:10:34"
[1] "Intersecting Buildings & Blocks @ 2025-04-25 14:10:38"
[1] "Completed Quadkey #55 @ 2025-04-25 14:10:40"
[1] "Loading Buildings @ 2025-04-25 14:10:46"
[1] "Intersecting Buildings & Blocks @ 2025-04-25 14:10:47"
[1] "Completed Quadkey #56 @ 2025-04-25 14:10:48"
[1] "Loading Buildings @ 2025-04-25 14:10:51"
[1] "Intersecting Buildings & Blocks @ 2025-04-25 14:10:51"
[1] "Completed Quadkey #57 @ 2025-04-25 14:10:52"
[1] "Loading Buildings @ 2025-04-25 14:10:56"
[1] "Intersecting Buildings & Blocks @ 2025-04-25 14:10:57"
[1] "Completed Quadkey #58 @ 2025-04-25 14:10:58"
[1] "Loading Buildings @ 2025-04-25 14:11:02"
[1] "Intersecting Buildings & Blocks @ 2025-04-25 14:11:02"
[1] "Completed Quadkey #59 @ 2025-04-25 14:11:03"
[1] "Loading Buildings @ 2025-04-25 14:11:07"
[1] "Intersecting Buildings & Blocks @ 2025-04-25 14:11:07"
[1] "Completed Quadkey #60 @ 2025-04-25 14:11:07"
[1] "Loading Buildings @ 2025-04-25 14:11:09"
[1] "Intersecting Buildings & Blocks @ 2025-04-25 14:11:15"
[1] "Completed Quadkey #61 @ 2025-04-25 14:11:17"
[1] "Loading Buildings @ 2025-04-25 14:11:21"
[1] "Intersecting Buildings & Blocks @ 2025-04-25 14:11:22"
[1] "Completed Quadkey #62 @ 2025-04-25 14:11:22"
[1] "Loading Buildings @ 2025-04-25 14:11:23"
[1] "Intersecting Buildings & Blocks @ 2025-04-25 14:11:24"
[1] "Completed Quadkey #63 @ 2025-04-25 14:11:25"
[1] "Loading Buildings @ 2025-04-25 14:11:29"
[1] "Intersecting Buildings & Blocks @ 2025-04-25 14:11:29"
[1] "Completed Quadkey #64 @ 2025-04-25 14:11:30"
[1] "Loading Buildings @ 2025-04-25 14:11:30"
[1] "Intersecting Buildings & Blocks @ 2025-04-25 14:11:31"
[1] "Completed Quadkey #65 @ 2025-04-25 14:11:31"
[1] "Loading Buildings @ 2025-04-25 14:11:35"
[1] "Intersecting Buildings & Blocks @ 2025-04-25 14:11:35"
[1] "Completed Quadkey #66 @ 2025-04-25 14:11:36"
[1] "Loading Buildings @ 2025-04-25 14:11:38"
[1] "Intersecting Buildings & Blocks @ 2025-04-25 14:11:39"
[1] "Completed Quadkey #67 @ 2025-04-25 14:11:40"
[1] "Loading Buildings @ 2025-04-25 14:11:44"
[1] "Intersecting Buildings & Blocks @ 2025-04-25 14:11:44"
[1] "Completed Quadkey #68 @ 2025-04-25 14:11:45"
[1] "Loading Buildings @ 2025-04-25 14:11:49"
[1] "Intersecting Buildings & Blocks @ 2025-04-25 14:11:49"
[1] "Completed Quadkey #69 @ 2025-04-25 14:11:50"
[1] "Loading Buildings @ 2025-04-25 14:11:51"
[1] "Intersecting Buildings & Blocks @ 2025-04-25 14:11:52"
[1] "Completed Quadkey #70 @ 2025-04-25 14:11:53"
[1] "Loading Buildings @ 2025-04-25 14:11:57"
[1] "Intersecting Buildings & Blocks @ 2025-04-25 14:11:57"
[1] "Completed Quadkey #71 @ 2025-04-25 14:11:58"
[1] "Loading Buildings @ 2025-04-25 14:11:58"
[1] "Intersecting Buildings & Blocks @ 2025-04-25 14:11:59"
[1] "Completed Quadkey #72 @ 2025-04-25 14:11:59"
[1] "Loading Buildings @ 2025-04-25 14:12:00"
[1] "Intersecting Buildings & Blocks @ 2025-04-25 14:12:00"
[1] "Completed Quadkey #73 @ 2025-04-25 14:12:01"
[1] "Loading Buildings @ 2025-04-25 14:12:03"
[1] "Intersecting Buildings & Blocks @ 2025-04-25 14:12:03"
[1] "Completed Quadkey #74 @ 2025-04-25 14:12:04"
[1] "Loading Buildings @ 2025-04-25 14:12:08"
[1] "Intersecting Buildings & Blocks @ 2025-04-25 14:12:08"
[1] "Completed Quadkey #75 @ 2025-04-25 14:12:09"
[1] "Loading Buildings @ 2025-04-25 14:12:10"
[1] "Intersecting Buildings & Blocks @ 2025-04-25 14:12:11"
[1] "Completed Quadkey #76 @ 2025-04-25 14:12:12"
[1] "Loading Buildings @ 2025-04-25 14:12:13"
[1] "Intersecting Buildings & Blocks @ 2025-04-25 14:12:13"
[1] "Completed Quadkey #77 @ 2025-04-25 14:12:14"
[1] "Loading Buildings @ 2025-04-25 14:12:17"
[1] "Intersecting Buildings & Blocks @ 2025-04-25 14:12:18"
[1] "Completed Quadkey #78 @ 2025-04-25 14:12:18"
[1] "Loading Buildings @ 2025-04-25 14:12:19"
[1] "Intersecting Buildings & Blocks @ 2025-04-25 14:12:19"
[1] "Completed Quadkey #79 @ 2025-04-25 14:12:20"
[1] "Loading Buildings @ 2025-04-25 14:12:24"
[1] "Intersecting Buildings & Blocks @ 2025-04-25 14:12:28"
[1] "Completed Quadkey #80 @ 2025-04-25 14:12:30"
[1] "Loading Buildings @ 2025-04-25 14:12:34"
[1] "Intersecting Buildings & Blocks @ 2025-04-25 14:12:35"
[1] "Completed Quadkey #81 @ 2025-04-25 14:12:36"
[1] "Loading Buildings @ 2025-04-25 14:12:40"
[1] "Intersecting Buildings & Blocks @ 2025-04-25 14:12:40"
[1] "Completed Quadkey #82 @ 2025-04-25 14:12:41"
[1] "Loading Buildings @ 2025-04-25 14:12:42"
[1] "Intersecting Buildings & Blocks @ 2025-04-25 14:12:42"
[1] "Completed Quadkey #83 @ 2025-04-25 14:12:43"
[1] "Loading Buildings @ 2025-04-25 14:12:44"
[1] "Intersecting Buildings & Blocks @ 2025-04-25 14:12:44"
[1] "Completed Quadkey #84 @ 2025-04-25 14:12:44"
[1] "Loading Buildings @ 2025-04-25 14:12:46"
[1] "Intersecting Buildings & Blocks @ 2025-04-25 14:12:49"
[1] "Completed Quadkey #85 @ 2025-04-25 14:12:51"
[1] "Loading Buildings @ 2025-04-25 14:12:55"
[1] "Intersecting Buildings & Blocks @ 2025-04-25 14:12:56"
[1] "Completed Quadkey #86 @ 2025-04-25 14:12:56"
[1] "Loading Buildings @ 2025-04-25 14:12:57"
[1] "Intersecting Buildings & Blocks @ 2025-04-25 14:12:57"
[1] "Completed Quadkey #87 @ 2025-04-25 14:12:58"
[1] "Loading Buildings @ 2025-04-25 14:13:02"
[1] "Intersecting Buildings & Blocks @ 2025-04-25 14:13:02"
[1] "Completed Quadkey #88 @ 2025-04-25 14:13:03"
[1] "Loading Buildings @ 2025-04-25 14:13:04"
[1] "Intersecting Buildings & Blocks @ 2025-04-25 14:13:04"
[1] "Completed Quadkey #89 @ 2025-04-25 14:13:05"
[1] "Loading Buildings @ 2025-04-25 14:13:06"
[1] "Intersecting Buildings & Blocks @ 2025-04-25 14:13:06"
[1] "Completed Quadkey #90 @ 2025-04-25 14:13:08"
[1] "Loading Buildings @ 2025-04-25 14:13:08"
[1] "Intersecting Buildings & Blocks @ 2025-04-25 14:13:09"
[1] "Completed Quadkey #91 @ 2025-04-25 14:13:09"
[1] "Loading Buildings @ 2025-04-25 14:13:11"
[1] "Intersecting Buildings & Blocks @ 2025-04-25 14:13:11"
[1] "Completed Quadkey #92 @ 2025-04-25 14:13:13"
[1] "Loading Buildings @ 2025-04-25 14:13:14"
[1] "Intersecting Buildings & Blocks @ 2025-04-25 14:13:15"
[1] "Completed Quadkey #93 @ 2025-04-25 14:13:17"
[1] "Loading Buildings @ 2025-04-25 14:13:19"
[1] "Intersecting Buildings & Blocks @ 2025-04-25 14:13:19"
[1] "Completed Quadkey #94 @ 2025-04-25 14:13:21"
[1] "Loading Buildings @ 2025-04-25 14:13:25"
[1] "Intersecting Buildings & Blocks @ 2025-04-25 14:13:25"
[1] "Completed Quadkey #95 @ 2025-04-25 14:13:27"
[1] "Loading Buildings @ 2025-04-25 14:13:31"
[1] "Intersecting Buildings & Blocks @ 2025-04-25 14:13:31"
[1] "Completed Quadkey #96 @ 2025-04-25 14:13:32"
[1] "Loading Buildings @ 2025-04-25 14:13:37"
[1] "Intersecting Buildings & Blocks @ 2025-04-25 14:13:40"
[1] "Completed Quadkey #97 @ 2025-04-25 14:13:43"
[1] "Loading Buildings @ 2025-04-25 14:13:47"
[1] "Intersecting Buildings & Blocks @ 2025-04-25 14:13:47"
[1] "Completed Quadkey #98 @ 2025-04-25 14:13:49"
[1] "Loading Buildings @ 2025-04-25 14:13:50"
[1] "Intersecting Buildings & Blocks @ 2025-04-25 14:13:51"
[1] "Completed Quadkey #99 @ 2025-04-25 14:13:53"
[1] "Loading Buildings @ 2025-04-25 14:13:54"
[1] "Intersecting Buildings & Blocks @ 2025-04-25 14:13:55"
[1] "Completed Quadkey #100 @ 2025-04-25 14:13:56"
[1] "Loading Buildings @ 2025-04-25 14:14:00"
[1] "Intersecting Buildings & Blocks @ 2025-04-25 14:14:00"
[1] "Completed Quadkey #101 @ 2025-04-25 14:14:01"
[1] "Loading Buildings @ 2025-04-25 14:14:05"
[1] "Intersecting Buildings & Blocks @ 2025-04-25 14:14:05"
[1] "Completed Quadkey #102 @ 2025-04-25 14:14:06"
[1] "Loading Buildings @ 2025-04-25 14:14:08"
[1] "Intersecting Buildings & Blocks @ 2025-04-25 14:14:09"
[1] "Completed Quadkey #103 @ 2025-04-25 14:14:09"
[1] "Loading Buildings @ 2025-04-25 14:14:10"
[1] "Intersecting Buildings & Blocks @ 2025-04-25 14:14:10"
[1] "Completed Quadkey #104 @ 2025-04-25 14:14:11"
[1] "Loading Buildings @ 2025-04-25 14:14:14"
[1] "Intersecting Buildings & Blocks @ 2025-04-25 14:14:14"
[1] "Completed Quadkey #105 @ 2025-04-25 14:14:15"
[1] "Loading Buildings @ 2025-04-25 14:14:21"
[1] "Intersecting Buildings & Blocks @ 2025-04-25 14:14:41"
[1] "Completed Quadkey #106 @ 2025-04-25 14:14:50"
[1] "Loading Buildings @ 2025-04-25 14:14:55"
[1] "Intersecting Buildings & Blocks @ 2025-04-25 14:15:05"
[1] "Completed Quadkey #107 @ 2025-04-25 14:15:12"
[1] "Loading Buildings @ 2025-04-25 14:15:16"
[1] "Intersecting Buildings & Blocks @ 2025-04-25 14:15:18"
[1] "Completed Quadkey #108 @ 2025-04-25 14:15:21"
[1] "Loading Buildings @ 2025-04-25 14:15:22"
[1] "Intersecting Buildings & Blocks @ 2025-04-25 14:15:22"
[1] "Completed Quadkey #109 @ 2025-04-25 14:15:25"
[1] "Loading Buildings @ 2025-04-25 14:15:29"
[1] "Intersecting Buildings & Blocks @ 2025-04-25 14:15:31"
[1] "Completed Quadkey #110 @ 2025-04-25 14:15:35"
[1] "Loading Buildings @ 2025-04-25 14:15:40"
[1] "Intersecting Buildings & Blocks @ 2025-04-25 14:15:40"
[1] "Completed Quadkey #111 @ 2025-04-25 14:15:43"
[1] "Loading Buildings @ 2025-04-25 14:15:47"
[1] "Intersecting Buildings & Blocks @ 2025-04-25 14:15:47"
[1] "Completed Quadkey #112 @ 2025-04-25 14:15:50"
[1] "Loading Buildings @ 2025-04-25 14:15:51"
[1] "Intersecting Buildings & Blocks @ 2025-04-25 14:15:52"
[1] "Completed Quadkey #113 @ 2025-04-25 14:15:54"
[1] "Loading Buildings @ 2025-04-25 14:15:55"
[1] "Intersecting Buildings & Blocks @ 2025-04-25 14:15:59"
[1] "Completed Quadkey #114 @ 2025-04-25 14:16:02"
[1] "Loading Buildings @ 2025-04-25 14:16:06"
[1] "Intersecting Buildings & Blocks @ 2025-04-25 14:16:06"
[1] "Completed Quadkey #115 @ 2025-04-25 14:16:08"
[1] "Loading Buildings @ 2025-04-25 14:16:10"
[1] "Intersecting Buildings & Blocks @ 2025-04-25 14:16:11"
[1] "Completed Quadkey #116 @ 2025-04-25 14:16:13"
[1] "Loading Buildings @ 2025-04-25 14:16:14"
[1] "Intersecting Buildings & Blocks @ 2025-04-25 14:16:16"
[1] "Completed Quadkey #117 @ 2025-04-25 14:16:19"
[1] "Loading Buildings @ 2025-04-25 14:16:23"
[1] "Intersecting Buildings & Blocks @ 2025-04-25 14:16:25"
[1] "Completed Quadkey #118 @ 2025-04-25 14:16:27"
[1] "Loading Buildings @ 2025-04-25 14:16:32"
[1] "Intersecting Buildings & Blocks @ 2025-04-25 14:16:40"
[1] "Completed Quadkey #119 @ 2025-04-25 14:16:45"
[1] "Loading Buildings @ 2025-04-25 14:16:50"
[1] "Intersecting Buildings & Blocks @ 2025-04-25 14:17:04"
[1] "Completed Quadkey #120 @ 2025-04-25 14:17:14"
[1] "Loading Buildings @ 2025-04-25 14:17:20"
[1] "Intersecting Buildings & Blocks @ 2025-04-25 14:17:38"
[1] "Completed Quadkey #121 @ 2025-04-25 14:17:52"
[1] "Loading Buildings @ 2025-04-25 14:17:55"
[1] "Intersecting Buildings & Blocks @ 2025-04-25 14:17:58"
[1] "Completed Quadkey #122 @ 2025-04-25 14:18:02"
[1] "Loading Buildings @ 2025-04-25 14:18:06"
[1] "Intersecting Buildings & Blocks @ 2025-04-25 14:18:07"
[1] "Completed Quadkey #123 @ 2025-04-25 14:18:10"
[1] "Loading Buildings @ 2025-04-25 14:18:14"
[1] "Intersecting Buildings & Blocks @ 2025-04-25 14:18:16"
[1] "Completed Quadkey #124 @ 2025-04-25 14:18:22"
[1] "Loading Buildings @ 2025-04-25 14:18:24"
[1] "Intersecting Buildings & Blocks @ 2025-04-25 14:18:26"
[1] "Completed Quadkey #125 @ 2025-04-25 14:18:31"
[1] "Loading Buildings @ 2025-04-25 14:18:35"
[1] "Intersecting Buildings & Blocks @ 2025-04-25 14:18:36"
[1] "Completed Quadkey #126 @ 2025-04-25 14:18:40"
[1] "Loading Buildings @ 2025-04-25 14:18:41"
[1] "Intersecting Buildings & Blocks @ 2025-04-25 14:18:41"
[1] "Completed Quadkey #127 @ 2025-04-25 14:18:44"
[1] "Loading Buildings @ 2025-04-25 14:18:47"
[1] "Intersecting Buildings & Blocks @ 2025-04-25 14:19:01"
[1] "Completed Quadkey #128 @ 2025-04-25 14:19:11"
[1] "Loading Buildings @ 2025-04-25 14:19:14"
[1] "Intersecting Buildings & Blocks @ 2025-04-25 14:19:14"
[1] "Completed Quadkey #129 @ 2025-04-25 14:19:17"
[1] "Loading Buildings @ 2025-04-25 14:19:18"
[1] "Intersecting Buildings & Blocks @ 2025-04-25 14:19:19"
[1] "Completed Quadkey #130 @ 2025-04-25 14:19:24"
[1] "Loading Buildings @ 2025-04-25 14:19:26"
[1] "Intersecting Buildings & Blocks @ 2025-04-25 14:19:32"
[1] "Completed Quadkey #131 @ 2025-04-25 14:19:40"
[1] "Loading Buildings @ 2025-04-25 14:19:44"
[1] "Intersecting Buildings & Blocks @ 2025-04-25 14:19:45"
[1] "Completed Quadkey #132 @ 2025-04-25 14:19:48"
[1] "Loading Buildings @ 2025-04-25 14:19:53"
[1] "Intersecting Buildings & Blocks @ 2025-04-25 14:19:54"
[1] "Completed Quadkey #133 @ 2025-04-25 14:19:58"
[1] "Loading Buildings @ 2025-04-25 14:20:02"
[1] "Intersecting Buildings & Blocks @ 2025-04-25 14:20:08"
[1] "Completed Quadkey #134 @ 2025-04-25 14:20:13"
[1] "Loading Buildings @ 2025-04-25 14:20:18"
[1] "Intersecting Buildings & Blocks @ 2025-04-25 14:20:33"
[1] "Completed Quadkey #135 @ 2025-04-25 14:20:44"
[1] "Loading Buildings @ 2025-04-25 14:20:49"
[1] "Intersecting Buildings & Blocks @ 2025-04-25 14:20:56"
[1] "Completed Quadkey #136 @ 2025-04-25 14:21:06"
[1] "Loading Buildings @ 2025-04-25 14:21:11"
[1] "Intersecting Buildings & Blocks @ 2025-04-25 14:21:16"
[1] "Completed Quadkey #137 @ 2025-04-25 14:21:23"
[1] "Loading Buildings @ 2025-04-25 14:21:29"
[1] "Intersecting Buildings & Blocks @ 2025-04-25 14:21:34"
[1] "Completed Quadkey #138 @ 2025-04-25 14:21:44"
[1] "Loading Buildings @ 2025-04-25 14:21:52"
[1] "Intersecting Buildings & Blocks @ 2025-04-25 14:22:30"
[1] "Completed Quadkey #139 @ 2025-04-25 14:22:54"
[1] "Loading Buildings @ 2025-04-25 14:22:58"
[1] "Intersecting Buildings & Blocks @ 2025-04-25 14:23:03"
[1] "Completed Quadkey #140 @ 2025-04-25 14:23:11"
[1] "Loading Buildings @ 2025-04-25 14:23:16"
[1] "Intersecting Buildings & Blocks @ 2025-04-25 14:23:25"
[1] "Completed Quadkey #141 @ 2025-04-25 14:23:32"
[1] "Loading Buildings @ 2025-04-25 14:23:36"
[1] "Intersecting Buildings & Blocks @ 2025-04-25 14:23:36"
[1] "Completed Quadkey #142 @ 2025-04-25 14:23:40"
[1] "Loading Buildings @ 2025-04-25 14:23:44"
[1] "Intersecting Buildings & Blocks @ 2025-04-25 14:23:46"
[1] "Completed Quadkey #143 @ 2025-04-25 14:23:52"
[1] "Loading Buildings @ 2025-04-25 14:23:57"
[1] "Intersecting Buildings & Blocks @ 2025-04-25 14:23:58"
[1] "Completed Quadkey #144 @ 2025-04-25 14:24:02"
[1] "Loading Buildings @ 2025-04-25 14:24:06"
[1] "Intersecting Buildings & Blocks @ 2025-04-25 14:24:09"
[1] "Completed Quadkey #145 @ 2025-04-25 14:24:16"
[1] "Loading Buildings @ 2025-04-25 14:24:20"
[1] "Intersecting Buildings & Blocks @ 2025-04-25 14:24:26"
[1] "Completed Quadkey #146 @ 2025-04-25 14:24:33"
[1] "Loading Buildings @ 2025-04-25 14:24:37"
[1] "Intersecting Buildings & Blocks @ 2025-04-25 14:24:39"
[1] "Completed Quadkey #147 @ 2025-04-25 14:24:44"
[1] "Loading Buildings @ 2025-04-25 14:24:49"
[1] "Intersecting Buildings & Blocks @ 2025-04-25 14:24:50"
[1] "Completed Quadkey #148 @ 2025-04-25 14:24:57"
[1] "Loading Buildings @ 2025-04-25 14:25:01"
[1] "Intersecting Buildings & Blocks @ 2025-04-25 14:25:06"
[1] "Completed Quadkey #149 @ 2025-04-25 14:25:18"
[1] "Loading Buildings @ 2025-04-25 14:25:40"
[1] "Intersecting Buildings & Blocks @ 2025-04-25 14:26:29"
[1] "Completed Quadkey #150 @ 2025-04-25 14:26:55"
[1] "Loading Buildings @ 2025-04-25 14:27:01"
[1] "Intersecting Buildings & Blocks @ 2025-04-25 14:27:17"
[1] "Completed Quadkey #151 @ 2025-04-25 14:27:30"
[1] "Loading Buildings @ 2025-04-25 14:27:33"
[1] "Intersecting Buildings & Blocks @ 2025-04-25 14:27:33"
[1] "Completed Quadkey #152 @ 2025-04-25 14:27:37"
[1] "Loading Buildings @ 2025-04-25 14:27:41"
[1] "Intersecting Buildings & Blocks @ 2025-04-25 14:27:42"
[1] "Completed Quadkey #153 @ 2025-04-25 14:27:48"
[1] "Loading Buildings @ 2025-04-25 14:27:51"
[1] "Intersecting Buildings & Blocks @ 2025-04-25 14:27:54"
[1] "Completed Quadkey #154 @ 2025-04-25 14:28:04"
[1] "Loading Buildings @ 2025-04-25 14:28:10"
[1] "Intersecting Buildings & Blocks @ 2025-04-25 14:28:29"
[1] "Completed Quadkey #155 @ 2025-04-25 14:28:47"
[1] "Loading Buildings @ 2025-04-25 14:28:48"
[1] "Intersecting Buildings & Blocks @ 2025-04-25 14:28:55"
[1] "Completed Quadkey #156 @ 2025-04-25 14:29:07"
[1] "Loading Buildings @ 2025-04-25 14:29:12"
[1] "Intersecting Buildings & Blocks @ 2025-04-25 14:29:17"
[1] "Completed Quadkey #157 @ 2025-04-25 14:29:24"
[1] "Loading Buildings @ 2025-04-25 14:29:28"
[1] "Intersecting Buildings & Blocks @ 2025-04-25 14:29:30"
[1] "Completed Quadkey #158 @ 2025-04-25 14:29:38"
[1] "Loading Buildings @ 2025-04-25 14:29:42"
[1] "Intersecting Buildings & Blocks @ 2025-04-25 14:29:45"
[1] "Completed Quadkey #159 @ 2025-04-25 14:29:55"
[1] "Loading Buildings @ 2025-04-25 14:29:56"
[1] "Intersecting Buildings & Blocks @ 2025-04-25 14:30:00"
[1] "Completed Quadkey #160 @ 2025-04-25 14:30:14"
[1] "Loading Buildings @ 2025-04-25 14:30:18"
[1] "Intersecting Buildings & Blocks @ 2025-04-25 14:30:20"
[1] "Completed Quadkey #161 @ 2025-04-25 14:30:29"
[1] "Loading Buildings @ 2025-04-25 14:30:33"
[1] "Intersecting Buildings & Blocks @ 2025-04-25 14:30:35"
[1] "Completed Quadkey #162 @ 2025-04-25 14:30:45"
[1] "Loading Buildings @ 2025-04-25 14:30:50"
[1] "Intersecting Buildings & Blocks @ 2025-04-25 14:30:56"
[1] "Completed Quadkey #163 @ 2025-04-25 14:31:06"
[1] "Loading Buildings @ 2025-04-25 14:31:10"
[1] "Intersecting Buildings & Blocks @ 2025-04-25 14:31:17"
[1] "Completed Quadkey #164 @ 2025-04-25 14:31:29"
[1] "Loading Buildings @ 2025-04-25 14:31:33"
[1] "Intersecting Buildings & Blocks @ 2025-04-25 14:31:35"
[1] "Completed Quadkey #165 @ 2025-04-25 14:31:45"
[1] "Loading Buildings @ 2025-04-25 14:31:50"
[1] "Intersecting Buildings & Blocks @ 2025-04-25 14:31:52"
[1] "Completed Quadkey #166 @ 2025-04-25 14:32:05"
[1] "Loading Buildings @ 2025-04-25 14:32:10"
[1] "Intersecting Buildings & Blocks @ 2025-04-25 14:32:18"
[1] "Completed Quadkey #167 @ 2025-04-25 14:32:36"
[1] "Loading Buildings @ 2025-04-25 14:32:46"
[1] "Intersecting Buildings & Blocks @ 2025-04-25 14:33:40"
[1] "Completed Quadkey #168 @ 2025-04-25 14:34:24"
[1] "Loading Buildings @ 2025-04-25 14:34:26"
[1] "Intersecting Buildings & Blocks @ 2025-04-25 14:34:37"
[1] "Completed Quadkey #169 @ 2025-04-25 14:34:55"
[1] "Loading Buildings @ 2025-04-25 14:34:59"
[1] "Intersecting Buildings & Blocks @ 2025-04-25 14:35:00"
[1] "Completed Quadkey #170 @ 2025-04-25 14:35:14"
[1] "Loading Buildings @ 2025-04-25 14:35:18"
[1] "Intersecting Buildings & Blocks @ 2025-04-25 14:35:20"
[1] "Completed Quadkey #171 @ 2025-04-25 14:35:31"
[1] "Loading Buildings @ 2025-04-25 14:35:35"
[1] "Intersecting Buildings & Blocks @ 2025-04-25 14:35:39"
[1] "Completed Quadkey #172 @ 2025-04-25 14:35:50"
[1] "Loading Buildings @ 2025-04-25 14:35:52"
[1] "Intersecting Buildings & Blocks @ 2025-04-25 14:35:54"
[1] "Completed Quadkey #173 @ 2025-04-25 14:36:06"
[1] "Loading Buildings @ 2025-04-25 14:36:11"
[1] "Intersecting Buildings & Blocks @ 2025-04-25 14:36:12"
[1] "Completed Quadkey #174 @ 2025-04-25 14:36:26"
[1] "Loading Buildings @ 2025-04-25 14:36:30"
[1] "Intersecting Buildings & Blocks @ 2025-04-25 14:36:32"
[1] "Completed Quadkey #175 @ 2025-04-25 14:36:42"
[1] "Loading Buildings @ 2025-04-25 14:36:46"
[1] "Intersecting Buildings & Blocks @ 2025-04-25 14:36:48"
[1] "Completed Quadkey #176 @ 2025-04-25 14:37:00"
[1] "Loading Buildings @ 2025-04-25 14:37:04"
[1] "Intersecting Buildings & Blocks @ 2025-04-25 14:37:05"
[1] "Completed Quadkey #177 @ 2025-04-25 14:37:21"
[1] "Loading Buildings @ 2025-04-25 14:37:25"
[1] "Intersecting Buildings & Blocks @ 2025-04-25 14:37:27"
[1] "Completed Quadkey #178 @ 2025-04-25 14:37:34"
[1] "Loading Buildings @ 2025-04-25 14:37:38"
[1] "Intersecting Buildings & Blocks @ 2025-04-25 14:37:39"
[1] "Completed Quadkey #179 @ 2025-04-25 14:37:51"
[1] "Loading Buildings @ 2025-04-25 14:37:55"
[1] "Intersecting Buildings & Blocks @ 2025-04-25 14:37:57"
[1] "Completed Quadkey #180 @ 2025-04-25 14:38:08"
[1] "Loading Buildings @ 2025-04-25 14:38:13"
[1] "Intersecting Buildings & Blocks @ 2025-04-25 14:38:16"
[1] "Completed Quadkey #181 @ 2025-04-25 14:38:24"
[1] "Loading Buildings @ 2025-04-25 14:38:28"
[1] "Intersecting Buildings & Blocks @ 2025-04-25 14:38:28"
[1] "Completed Quadkey #182 @ 2025-04-25 14:38:31"
[1] "Loading Buildings @ 2025-04-25 14:38:34"
[1] "Intersecting Buildings & Blocks @ 2025-04-25 14:38:34"
[1] "Completed Quadkey #183 @ 2025-04-25 14:38:39"
[1] "Loading Buildings @ 2025-04-25 14:38:43"
[1] "Intersecting Buildings & Blocks @ 2025-04-25 14:38:44"
[1] "Completed Quadkey #184 @ 2025-04-25 14:38:48"
[1] "Loading Buildings @ 2025-04-25 14:38:52"
[1] "Intersecting Buildings & Blocks @ 2025-04-25 14:38:52"
[1] "Completed Quadkey #185 @ 2025-04-25 14:38:58"
[1] "Loading Buildings @ 2025-04-25 14:39:00"
[1] "Intersecting Buildings & Blocks @ 2025-04-25 14:39:01"
[1] "Completed Quadkey #186 @ 2025-04-25 14:39:06"
[1] "Loading Buildings @ 2025-04-25 14:39:10"
[1] "Intersecting Buildings & Blocks @ 2025-04-25 14:39:12"
[1] "Completed Quadkey #187 @ 2025-04-25 14:39:24"
[1] "Loading Buildings @ 2025-04-25 14:39:28"
[1] "Intersecting Buildings & Blocks @ 2025-04-25 14:39:29"
[1] "Completed Quadkey #188 @ 2025-04-25 14:39:33"
[1] "Loading Buildings @ 2025-04-25 14:39:37"
[1] "Intersecting Buildings & Blocks @ 2025-04-25 14:39:38"
[1] "Completed Quadkey #189 @ 2025-04-25 14:39:46"
[1] "Loading Buildings @ 2025-04-25 14:39:50"
[1] "Intersecting Buildings & Blocks @ 2025-04-25 14:39:51"
[1] "Completed Quadkey #190 @ 2025-04-25 14:39:55"
[1] "Calculating Weights @ 2025-04-25 14:39:55"
[1] "SCRIPT COMPLETE @ 2025-04-25 14:40:12"
