[1] "Starting 49"
[1] "Loading quadkey joins @ 2025-04-25 13:00:21"
[1] "Loading download links @ 2025-04-25 13:00:32"
Reading layer `UT_block_2020' from data source 
  `/work/GRDVULN/census/UT_block_2020.shp' using driver `ESRI Shapefile'
Simple feature collection with 71207 features and 18 fields
Geometry type: MULTIPOLYGON
Dimension:     XY
Bounding box:  xmin: -1581748 ymin: 22667.31 xmax: -1085516 ymax: 643914.1
Projected CRS: USA_Contiguous_Albers_Equal_Area_Conic
[1] "Downloading Buildings from 78 Quadkeys --- 2025-04-25 13:00:54"
[1] "(78) Files to be Downloaded"
[1] "Loading Buildings @ 2025-04-25 13:00:54"
[1] "Intersecting Buildings & Blocks @ 2025-04-25 13:00:54"
[1] "Completed Quadkey #1 @ 2025-04-25 13:00:54"
[1] "Loading Buildings @ 2025-04-25 13:00:55"
[1] "Intersecting Buildings & Blocks @ 2025-04-25 13:00:55"
[1] "Completed Quadkey #2 @ 2025-04-25 13:00:55"
[1] "Loading Buildings @ 2025-04-25 13:00:55"
[1] "Intersecting Buildings & Blocks @ 2025-04-25 13:00:56"
[1] "Completed Quadkey #3 @ 2025-04-25 13:00:56"
[1] "Loading Buildings @ 2025-04-25 13:00:57"
[1] "Intersecting Buildings & Blocks @ 2025-04-25 13:01:00"
[1] "Completed Quadkey #4 @ 2025-04-25 13:01:01"
[1] "Loading Buildings @ 2025-04-25 13:01:02"
[1] "Intersecting Buildings & Blocks @ 2025-04-25 13:01:02"
[1] "Completed Quadkey #5 @ 2025-04-25 13:01:02"
[1] "Loading Buildings @ 2025-04-25 13:01:03"
[1] "Intersecting Buildings & Blocks @ 2025-04-25 13:01:03"
[1] "Completed Quadkey #6 @ 2025-04-25 13:01:03"
[1] "Loading Buildings @ 2025-04-25 13:01:03"
[1] "Intersecting Buildings & Blocks @ 2025-04-25 13:01:03"
[1] "Completed Quadkey #7 @ 2025-04-25 13:01:04"
[1] "Loading Buildings @ 2025-04-25 13:01:05"
[1] "Intersecting Buildings & Blocks @ 2025-04-25 13:01:05"
[1] "Completed Quadkey #8 @ 2025-04-25 13:01:05"
[1] "Loading Buildings @ 2025-04-25 13:01:05"
[1] "Intersecting Buildings & Blocks @ 2025-04-25 13:01:05"
[1] "Completed Quadkey #9 @ 2025-04-25 13:01:06"
[1] "Loading Buildings @ 2025-04-25 13:01:06"
[1] "Intersecting Buildings & Blocks @ 2025-04-25 13:01:06"
[1] "Completed Quadkey #10 @ 2025-04-25 13:01:07"
[1] "Loading Buildings @ 2025-04-25 13:01:08"
[1] "Intersecting Buildings & Blocks @ 2025-04-25 13:01:08"
[1] "Completed Quadkey #11 @ 2025-04-25 13:01:08"
[1] "Loading Buildings @ 2025-04-25 13:01:09"
[1] "Intersecting Buildings & Blocks @ 2025-04-25 13:01:09"
[1] "Completed Quadkey #12 @ 2025-04-25 13:01:09"
[1] "Loading Buildings @ 2025-04-25 13:01:11"
[1] "Intersecting Buildings & Blocks @ 2025-04-25 13:01:12"
[1] "Completed Quadkey #13 @ 2025-04-25 13:01:14"
[1] "Loading Buildings @ 2025-04-25 13:01:15"
[1] "Intersecting Buildings & Blocks @ 2025-04-25 13:01:16"
[1] "Completed Quadkey #14 @ 2025-04-25 13:01:16"
[1] "Loading Buildings @ 2025-04-25 13:01:16"
[1] "Intersecting Buildings & Blocks @ 2025-04-25 13:01:17"
[1] "Completed Quadkey #15 @ 2025-04-25 13:01:17"
[1] "Loading Buildings @ 2025-04-25 13:01:17"
[1] "Intersecting Buildings & Blocks @ 2025-04-25 13:01:17"
[1] "Completed Quadkey #16 @ 2025-04-25 13:01:17"
[1] "Loading Buildings @ 2025-04-25 13:01:17"
[1] "Intersecting Buildings & Blocks @ 2025-04-25 13:01:18"
[1] "Completed Quadkey #17 @ 2025-04-25 13:01:18"
[1] "Loading Buildings @ 2025-04-25 13:01:18"
[1] "Intersecting Buildings & Blocks @ 2025-04-25 13:01:18"
[1] "Completed Quadkey #18 @ 2025-04-25 13:01:18"
[1] "Loading Buildings @ 2025-04-25 13:01:19"
[1] "Intersecting Buildings & Blocks @ 2025-04-25 13:01:19"
[1] "Completed Quadkey #19 @ 2025-04-25 13:01:19"
[1] "Loading Buildings @ 2025-04-25 13:01:19"
[1] "Intersecting Buildings & Blocks @ 2025-04-25 13:01:20"
[1] "Completed Quadkey #20 @ 2025-04-25 13:01:20"
[1] "Loading Buildings @ 2025-04-25 13:01:21"
[1] "Intersecting Buildings & Blocks @ 2025-04-25 13:01:22"
[1] "Completed Quadkey #21 @ 2025-04-25 13:01:22"
[1] "Loading Buildings @ 2025-04-25 13:01:24"
[1] "Intersecting Buildings & Blocks @ 2025-04-25 13:01:24"
[1] "Completed Quadkey #22 @ 2025-04-25 13:01:24"
[1] "Loading Buildings @ 2025-04-25 13:01:28"
[1] "Intersecting Buildings & Blocks @ 2025-04-25 13:01:28"
[1] "Completed Quadkey #23 @ 2025-04-25 13:01:28"
[1] "Loading Buildings @ 2025-04-25 13:01:29"
[1] "Intersecting Buildings & Blocks @ 2025-04-25 13:01:29"
[1] "Completed Quadkey #24 @ 2025-04-25 13:01:29"
[1] "Loading Buildings @ 2025-04-25 13:01:30"
[1] "Intersecting Buildings & Blocks @ 2025-04-25 13:01:30"
[1] "Completed Quadkey #25 @ 2025-04-25 13:01:30"
[1] "Loading Buildings @ 2025-04-25 13:01:31"
[1] "Intersecting Buildings & Blocks @ 2025-04-25 13:01:31"
[1] "Completed Quadkey #26 @ 2025-04-25 13:01:31"
[1] "Loading Buildings @ 2025-04-25 13:01:31"
[1] "Intersecting Buildings & Blocks @ 2025-04-25 13:01:31"
[1] "Completed Quadkey #27 @ 2025-04-25 13:01:31"
[1] "Loading Buildings @ 2025-04-25 13:01:32"
[1] "Intersecting Buildings & Blocks @ 2025-04-25 13:01:32"
[1] "Completed Quadkey #28 @ 2025-04-25 13:01:32"
[1] "Loading Buildings @ 2025-04-25 13:01:33"
[1] "Intersecting Buildings & Blocks @ 2025-04-25 13:01:33"
[1] "Completed Quadkey #29 @ 2025-04-25 13:01:33"
[1] "Loading Buildings @ 2025-04-25 13:01:33"
[1] "Intersecting Buildings & Blocks @ 2025-04-25 13:01:33"
[1] "Completed Quadkey #30 @ 2025-04-25 13:01:33"
[1] "Loading Buildings @ 2025-04-25 13:01:34"
[1] "Intersecting Buildings & Blocks @ 2025-04-25 13:01:34"
[1] "Completed Quadkey #31 @ 2025-04-25 13:01:34"
[1] "Loading Buildings @ 2025-04-25 13:01:36"
[1] "Intersecting Buildings & Blocks @ 2025-04-25 13:01:36"
[1] "Completed Quadkey #32 @ 2025-04-25 13:01:36"
[1] "Loading Buildings @ 2025-04-25 13:01:37"
[1] "Intersecting Buildings & Blocks @ 2025-04-25 13:01:37"
[1] "Completed Quadkey #33 @ 2025-04-25 13:01:37"
[1] "Loading Buildings @ 2025-04-25 13:01:38"
[1] "Intersecting Buildings & Blocks @ 2025-04-25 13:01:38"
[1] "Completed Quadkey #34 @ 2025-04-25 13:01:38"
[1] "Loading Buildings @ 2025-04-25 13:01:39"
[1] "Intersecting Buildings & Blocks @ 2025-04-25 13:01:40"
[1] "Completed Quadkey #35 @ 2025-04-25 13:01:40"
[1] "Loading Buildings @ 2025-04-25 13:01:41"
[1] "Intersecting Buildings & Blocks @ 2025-04-25 13:01:41"
[1] "Completed Quadkey #36 @ 2025-04-25 13:01:41"
[1] "Loading Buildings @ 2025-04-25 13:01:43"
[1] "Intersecting Buildings & Blocks @ 2025-04-25 13:01:45"
[1] "Completed Quadkey #37 @ 2025-04-25 13:01:45"
[1] "Loading Buildings @ 2025-04-25 13:01:46"
[1] "Intersecting Buildings & Blocks @ 2025-04-25 13:01:47"
[1] "Completed Quadkey #38 @ 2025-04-25 13:01:47"
[1] "Loading Buildings @ 2025-04-25 13:01:47"
[1] "Intersecting Buildings & Blocks @ 2025-04-25 13:01:47"
[1] "Completed Quadkey #39 @ 2025-04-25 13:01:47"
[1] "Loading Buildings @ 2025-04-25 13:01:50"
[1] "Intersecting Buildings & Blocks @ 2025-04-25 13:02:08"
[1] "Completed Quadkey #40 @ 2025-04-25 13:02:16"
[1] "Loading Buildings @ 2025-04-25 13:02:17"
[1] "Intersecting Buildings & Blocks @ 2025-04-25 13:02:17"
[1] "Completed Quadkey #41 @ 2025-04-25 13:02:17"
[1] "Loading Buildings @ 2025-04-25 13:02:19"
[1] "Intersecting Buildings & Blocks @ 2025-04-25 13:02:26"
[1] "Completed Quadkey #42 @ 2025-04-25 13:02:30"
[1] "Loading Buildings @ 2025-04-25 13:02:30"
[1] "Intersecting Buildings & Blocks @ 2025-04-25 13:02:31"
[1] "Completed Quadkey #43 @ 2025-04-25 13:02:31"
[1] "Loading Buildings @ 2025-04-25 13:02:32"
[1] "Intersecting Buildings & Blocks @ 2025-04-25 13:02:32"
[1] "Completed Quadkey #44 @ 2025-04-25 13:02:33"
[1] "Loading Buildings @ 2025-04-25 13:02:34"
[1] "Intersecting Buildings & Blocks @ 2025-04-25 13:02:35"
[1] "Completed Quadkey #45 @ 2025-04-25 13:02:36"
[1] "Loading Buildings @ 2025-04-25 13:02:36"
[1] "Intersecting Buildings & Blocks @ 2025-04-25 13:02:36"
[1] "Completed Quadkey #46 @ 2025-04-25 13:02:37"
[1] "Loading Buildings @ 2025-04-25 13:02:37"
[1] "Intersecting Buildings & Blocks @ 2025-04-25 13:02:37"
[1] "Completed Quadkey #47 @ 2025-04-25 13:02:38"
[1] "Loading Buildings @ 2025-04-25 13:02:39"
[1] "Intersecting Buildings & Blocks @ 2025-04-25 13:02:41"
[1] "Completed Quadkey #48 @ 2025-04-25 13:02:44"
[1] "Loading Buildings @ 2025-04-25 13:02:46"
[1] "Intersecting Buildings & Blocks @ 2025-04-25 13:02:57"
[1] "Completed Quadkey #49 @ 2025-04-25 13:03:00"
[1] "Loading Buildings @ 2025-04-25 13:03:00"
[1] "Intersecting Buildings & Blocks @ 2025-04-25 13:03:00"
[1] "Completed Quadkey #50 @ 2025-04-25 13:03:01"
[1] "Loading Buildings @ 2025-04-25 13:03:02"
[1] "Intersecting Buildings & Blocks @ 2025-04-25 13:03:02"
[1] "Completed Quadkey #51 @ 2025-04-25 13:03:03"
[1] "Loading Buildings @ 2025-04-25 13:03:03"
[1] "Intersecting Buildings & Blocks @ 2025-04-25 13:03:03"
[1] "Completed Quadkey #52 @ 2025-04-25 13:03:04"
[1] "Loading Buildings @ 2025-04-25 13:03:05"
[1] "Intersecting Buildings & Blocks @ 2025-04-25 13:03:05"
[1] "Completed Quadkey #53 @ 2025-04-25 13:03:05"
[1] "Loading Buildings @ 2025-04-25 13:03:06"
[1] "Intersecting Buildings & Blocks @ 2025-04-25 13:03:07"
[1] "Completed Quadkey #54 @ 2025-04-25 13:03:08"
[1] "Loading Buildings @ 2025-04-25 13:03:10"
[1] "Intersecting Buildings & Blocks @ 2025-04-25 13:03:10"
[1] "Completed Quadkey #55 @ 2025-04-25 13:03:12"
[1] "Loading Buildings @ 2025-04-25 13:03:12"
[1] "Intersecting Buildings & Blocks @ 2025-04-25 13:03:12"
[1] "Completed Quadkey #56 @ 2025-04-25 13:03:13"
[1] "Loading Buildings @ 2025-04-25 13:03:14"
[1] "Intersecting Buildings & Blocks @ 2025-04-25 13:03:14"
[1] "Completed Quadkey #57 @ 2025-04-25 13:03:15"
[1] "Loading Buildings @ 2025-04-25 13:03:16"
[1] "Intersecting Buildings & Blocks @ 2025-04-25 13:03:16"
[1] "Completed Quadkey #58 @ 2025-04-25 13:03:16"
[1] "Loading Buildings @ 2025-04-25 13:03:17"
[1] "Intersecting Buildings & Blocks @ 2025-04-25 13:03:17"
[1] "Completed Quadkey #59 @ 2025-04-25 13:03:17"
[1] "Loading Buildings @ 2025-04-25 13:03:18"
[1] "Intersecting Buildings & Blocks @ 2025-04-25 13:03:18"
[1] "Completed Quadkey #60 @ 2025-04-25 13:03:19"
[1] "Loading Buildings @ 2025-04-25 13:03:20"
[1] "Intersecting Buildings & Blocks @ 2025-04-25 13:03:20"
[1] "Completed Quadkey #61 @ 2025-04-25 13:03:20"
[1] "Loading Buildings @ 2025-04-25 13:03:21"
[1] "Intersecting Buildings & Blocks @ 2025-04-25 13:03:21"
[1] "Completed Quadkey #62 @ 2025-04-25 13:03:22"
[1] "Loading Buildings @ 2025-04-25 13:03:23"
[1] "Intersecting Buildings & Blocks @ 2025-04-25 13:03:23"
[1] "Completed Quadkey #63 @ 2025-04-25 13:03:24"
[1] "Loading Buildings @ 2025-04-25 13:03:24"
[1] "Intersecting Buildings & Blocks @ 2025-04-25 13:03:24"
[1] "Completed Quadkey #64 @ 2025-04-25 13:03:25"
[1] "Loading Buildings @ 2025-04-25 13:03:26"
[1] "Intersecting Buildings & Blocks @ 2025-04-25 13:03:26"
[1] "Completed Quadkey #65 @ 2025-04-25 13:03:27"
[1] "Loading Buildings @ 2025-04-25 13:03:31"
[1] "Intersecting Buildings & Blocks @ 2025-04-25 13:03:31"
[1] "Completed Quadkey #66 @ 2025-04-25 13:03:32"
[1] "Loading Buildings @ 2025-04-25 13:03:33"
[1] "Intersecting Buildings & Blocks @ 2025-04-25 13:03:33"
[1] "Completed Quadkey #67 @ 2025-04-25 13:03:33"
[1] "Loading Buildings @ 2025-04-25 13:03:33"
[1] "Intersecting Buildings & Blocks @ 2025-04-25 13:03:33"
[1] "Completed Quadkey #68 @ 2025-04-25 13:03:34"
[1] "Loading Buildings @ 2025-04-25 13:03:34"
[1] "Intersecting Buildings & Blocks @ 2025-04-25 13:03:35"
[1] "Completed Quadkey #69 @ 2025-04-25 13:03:36"
[1] "Loading Buildings @ 2025-04-25 13:03:37"
[1] "Intersecting Buildings & Blocks @ 2025-04-25 13:03:37"
[1] "Completed Quadkey #70 @ 2025-04-25 13:03:37"
[1] "Loading Buildings @ 2025-04-25 13:03:38"
[1] "Intersecting Buildings & Blocks @ 2025-04-25 13:03:38"
[1] "Completed Quadkey #71 @ 2025-04-25 13:03:38"
[1] "Loading Buildings @ 2025-04-25 13:03:39"
[1] "Intersecting Buildings & Blocks @ 2025-04-25 13:03:39"
[1] "Completed Quadkey #72 @ 2025-04-25 13:03:40"
[1] "Loading Buildings @ 2025-04-25 13:03:40"
[1] "Intersecting Buildings & Blocks @ 2025-04-25 13:03:41"
[1] "Completed Quadkey #73 @ 2025-04-25 13:03:41"
[1] "Loading Buildings @ 2025-04-25 13:03:41"
[1] "Intersecting Buildings & Blocks @ 2025-04-25 13:03:41"
[1] "Completed Quadkey #74 @ 2025-04-25 13:03:41"
[1] "Loading Buildings @ 2025-04-25 13:03:42"
[1] "Intersecting Buildings & Blocks @ 2025-04-25 13:03:42"
[1] "Completed Quadkey #75 @ 2025-04-25 13:03:42"
[1] "Loading Buildings @ 2025-04-25 13:03:43"
[1] "Intersecting Buildings & Blocks @ 2025-04-25 13:03:43"
[1] "Completed Quadkey #76 @ 2025-04-25 13:03:43"
[1] "Loading Buildings @ 2025-04-25 13:03:43"
[1] "Intersecting Buildings & Blocks @ 2025-04-25 13:03:44"
[1] "Completed Quadkey #77 @ 2025-04-25 13:03:44"
[1] "Loading Buildings @ 2025-04-25 13:03:44"
[1] "Intersecting Buildings & Blocks @ 2025-04-25 13:03:45"
[1] "Completed Quadkey #78 @ 2025-04-25 13:03:45"
[1] "Calculating Weights @ 2025-04-25 13:03:45"
[1] "SCRIPT COMPLETE @ 2025-04-25 13:03:47"
