[1] "Starting 50"
[1] "Loading quadkey joins @ 2025-04-25 14:06:42"
[1] "Loading download links @ 2025-04-25 14:06:54"
Reading layer `VT_block_2020' from data source 
  `/work/GRDVULN/census/VT_block_2020.shp' using driver `ESRI Shapefile'
Simple feature collection with 24611 features and 18 fields
Geometry type: POLYGON
Dimension:     XY
Bounding box:  xmin: 1766673 ymin: 807598.3 xmax: 1916935 ymax: 1088409
Projected CRS: USA_Contiguous_Albers_Equal_Area_Conic
[1] "Downloading Buildings from 16 Quadkeys --- 2025-04-25 14:07:13"
[1] "(16) Files to be Downloaded"
[1] "Loading Buildings @ 2025-04-25 14:07:18"
[1] "Intersecting Buildings & Blocks @ 2025-04-25 14:07:20"
[1] "Completed Quadkey #1 @ 2025-04-25 14:07:21"
[1] "Loading Buildings @ 2025-04-25 14:07:25"
[1] "Intersecting Buildings & Blocks @ 2025-04-25 14:07:27"
[1] "Completed Quadkey #2 @ 2025-04-25 14:07:28"
[1] "Loading Buildings @ 2025-04-25 14:07:32"
[1] "Intersecting Buildings & Blocks @ 2025-04-25 14:07:34"
[1] "Completed Quadkey #3 @ 2025-04-25 14:07:34"
[1] "Loading Buildings @ 2025-04-25 14:07:35"
[1] "Intersecting Buildings & Blocks @ 2025-04-25 14:07:37"
[1] "Completed Quadkey #4 @ 2025-04-25 14:07:38"
[1] "Loading Buildings @ 2025-04-25 14:07:40"
[1] "Intersecting Buildings & Blocks @ 2025-04-25 14:07:43"
[1] "Completed Quadkey #5 @ 2025-04-25 14:07:43"
[1] "Loading Buildings @ 2025-04-25 14:07:45"
[1] "Intersecting Buildings & Blocks @ 2025-04-25 14:07:46"
[1] "Completed Quadkey #6 @ 2025-04-25 14:07:48"
[1] "Loading Buildings @ 2025-04-25 14:07:50"
[1] "Intersecting Buildings & Blocks @ 2025-04-25 14:07:57"
[1] "Completed Quadkey #7 @ 2025-04-25 14:07:57"
[1] "Loading Buildings @ 2025-04-25 14:07:58"
[1] "Intersecting Buildings & Blocks @ 2025-04-25 14:08:00"
[1] "Completed Quadkey #8 @ 2025-04-25 14:08:01"
[1] "Loading Buildings @ 2025-04-25 14:08:02"
[1] "Intersecting Buildings & Blocks @ 2025-04-25 14:08:04"
[1] "Completed Quadkey #9 @ 2025-04-25 14:08:05"
[1] "Loading Buildings @ 2025-04-25 14:08:06"
[1] "Intersecting Buildings & Blocks @ 2025-04-25 14:08:08"
[1] "Completed Quadkey #10 @ 2025-04-25 14:08:09"
[1] "Loading Buildings @ 2025-04-25 14:08:14"
[1] "Intersecting Buildings & Blocks @ 2025-04-25 14:08:14"
[1] "Completed Quadkey #11 @ 2025-04-25 14:08:14"
[1] "Loading Buildings @ 2025-04-25 14:08:19"
[1] "Intersecting Buildings & Blocks @ 2025-04-25 14:08:21"
[1] "Completed Quadkey #12 @ 2025-04-25 14:08:21"
[1] "Loading Buildings @ 2025-04-25 14:08:23"
[1] "Intersecting Buildings & Blocks @ 2025-04-25 14:08:23"
[1] "Completed Quadkey #13 @ 2025-04-25 14:08:23"
[1] "Loading Buildings @ 2025-04-25 14:08:25"
[1] "Intersecting Buildings & Blocks @ 2025-04-25 14:08:27"
[1] "Completed Quadkey #14 @ 2025-04-25 14:08:27"
[1] "Loading Buildings @ 2025-04-25 14:08:28"
[1] "Intersecting Buildings & Blocks @ 2025-04-25 14:08:29"
[1] "Completed Quadkey #15 @ 2025-04-25 14:08:30"
[1] "Loading Buildings @ 2025-04-25 14:08:33"
[1] "Intersecting Buildings & Blocks @ 2025-04-25 14:08:34"
[1] "Completed Quadkey #16 @ 2025-04-25 14:08:34"
[1] "Calculating Weights @ 2025-04-25 14:08:34"
[1] "SCRIPT COMPLETE @ 2025-04-25 14:08:36"
