[1] "Starting 51"
[1] "Loading quadkey joins @ 2025-04-25 13:00:51"
[1] "Loading download links @ 2025-04-25 13:01:02"
Reading layer `VA_block_2020' from data source 
  `/work/GRDVULN/census/VA_block_2020.shp' using driver `ESRI Shapefile'
Simple feature collection with 161702 features and 18 fields
Geometry type: MULTIPOLYGON
Dimension:     XY
Bounding box:  xmin: 1089285 ymin: -30025.09 xmax: 1790568 ymax: 359727.8
Projected CRS: USA_Contiguous_Albers_Equal_Area_Conic
[1] "Downloading Buildings from 54 Quadkeys --- 2025-04-25 13:01:22"
[1] "(54) Files to be Downloaded"
[1] "Loading Buildings @ 2025-04-25 13:01:25"
[1] "Intersecting Buildings & Blocks @ 2025-04-25 13:01:26"
[1] "Completed Quadkey #1 @ 2025-04-25 13:01:26"
[1] "Loading Buildings @ 2025-04-25 13:01:28"
[1] "Intersecting Buildings & Blocks @ 2025-04-25 13:01:31"
[1] "Completed Quadkey #2 @ 2025-04-25 13:01:31"
[1] "Loading Buildings @ 2025-04-25 13:01:33"
[1] "Intersecting Buildings & Blocks @ 2025-04-25 13:01:36"
[1] "Completed Quadkey #3 @ 2025-04-25 13:01:38"
[1] "Loading Buildings @ 2025-04-25 13:01:40"
[1] "Intersecting Buildings & Blocks @ 2025-04-25 13:01:49"
[1] "Completed Quadkey #4 @ 2025-04-25 13:01:53"
[1] "Loading Buildings @ 2025-04-25 13:01:58"
[1] "Intersecting Buildings & Blocks @ 2025-04-25 13:02:30"
[1] "Completed Quadkey #5 @ 2025-04-25 13:02:34"
[1] "Loading Buildings @ 2025-04-25 13:02:38"
[1] "Intersecting Buildings & Blocks @ 2025-04-25 13:02:50"
[1] "Completed Quadkey #6 @ 2025-04-25 13:02:53"
[1] "Loading Buildings @ 2025-04-25 13:02:55"
[1] "Intersecting Buildings & Blocks @ 2025-04-25 13:02:56"
[1] "Completed Quadkey #7 @ 2025-04-25 13:02:58"
[1] "Loading Buildings @ 2025-04-25 13:02:59"
[1] "Intersecting Buildings & Blocks @ 2025-04-25 13:03:00"
[1] "Completed Quadkey #8 @ 2025-04-25 13:03:02"
[1] "Loading Buildings @ 2025-04-25 13:03:04"
[1] "Intersecting Buildings & Blocks @ 2025-04-25 13:03:05"
[1] "Completed Quadkey #9 @ 2025-04-25 13:03:06"
[1] "Loading Buildings @ 2025-04-25 13:03:10"
[1] "Intersecting Buildings & Blocks @ 2025-04-25 13:03:11"
[1] "Completed Quadkey #10 @ 2025-04-25 13:03:11"
[1] "Loading Buildings @ 2025-04-25 13:03:13"
[1] "Intersecting Buildings & Blocks @ 2025-04-25 13:03:20"
[1] "Completed Quadkey #11 @ 2025-04-25 13:03:20"
[1] "Loading Buildings @ 2025-04-25 13:03:22"
[1] "Intersecting Buildings & Blocks @ 2025-04-25 13:03:32"
[1] "Completed Quadkey #12 @ 2025-04-25 13:03:32"
[1] "Loading Buildings @ 2025-04-25 13:03:34"
[1] "Intersecting Buildings & Blocks @ 2025-04-25 13:03:38"
[1] "Completed Quadkey #13 @ 2025-04-25 13:03:39"
[1] "Loading Buildings @ 2025-04-25 13:03:40"
[1] "Intersecting Buildings & Blocks @ 2025-04-25 13:03:43"
[1] "Completed Quadkey #14 @ 2025-04-25 13:03:43"
[1] "Loading Buildings @ 2025-04-25 13:03:45"
[1] "Intersecting Buildings & Blocks @ 2025-04-25 13:03:48"
[1] "Completed Quadkey #15 @ 2025-04-25 13:03:51"
[1] "Loading Buildings @ 2025-04-25 13:03:52"
[1] "Intersecting Buildings & Blocks @ 2025-04-25 13:03:54"
[1] "Completed Quadkey #16 @ 2025-04-25 13:03:55"
[1] "Loading Buildings @ 2025-04-25 13:03:57"
[1] "Intersecting Buildings & Blocks @ 2025-04-25 13:04:01"
[1] "Completed Quadkey #17 @ 2025-04-25 13:04:04"
[1] "Loading Buildings @ 2025-04-25 13:04:05"
[1] "Intersecting Buildings & Blocks @ 2025-04-25 13:04:08"
[1] "Completed Quadkey #18 @ 2025-04-25 13:04:10"
[1] "Loading Buildings @ 2025-04-25 13:04:11"
[1] "Intersecting Buildings & Blocks @ 2025-04-25 13:04:15"
[1] "Completed Quadkey #19 @ 2025-04-25 13:04:17"
[1] "Loading Buildings @ 2025-04-25 13:04:19"
[1] "Intersecting Buildings & Blocks @ 2025-04-25 13:04:21"
[1] "Completed Quadkey #20 @ 2025-04-25 13:04:24"
[1] "Loading Buildings @ 2025-04-25 13:04:26"
[1] "Intersecting Buildings & Blocks @ 2025-04-25 13:04:33"
[1] "Completed Quadkey #21 @ 2025-04-25 13:04:34"
[1] "Loading Buildings @ 2025-04-25 13:04:37"
[1] "Intersecting Buildings & Blocks @ 2025-04-25 13:04:38"
[1] "Completed Quadkey #22 @ 2025-04-25 13:04:40"
[1] "Loading Buildings @ 2025-04-25 13:04:45"
[1] "Intersecting Buildings & Blocks @ 2025-04-25 13:04:51"
[1] "Completed Quadkey #23 @ 2025-04-25 13:04:57"
[1] "Loading Buildings @ 2025-04-25 13:04:58"
[1] "Intersecting Buildings & Blocks @ 2025-04-25 13:05:02"
[1] "Completed Quadkey #24 @ 2025-04-25 13:05:07"
[1] "Loading Buildings @ 2025-04-25 13:05:09"
[1] "Intersecting Buildings & Blocks @ 2025-04-25 13:05:19"
[1] "Completed Quadkey #25 @ 2025-04-25 13:05:20"
[1] "Loading Buildings @ 2025-04-25 13:05:22"
[1] "Intersecting Buildings & Blocks @ 2025-04-25 13:05:24"
[1] "Completed Quadkey #26 @ 2025-04-25 13:05:26"
[1] "Loading Buildings @ 2025-04-25 13:05:28"
[1] "Intersecting Buildings & Blocks @ 2025-04-25 13:05:32"
[1] "Completed Quadkey #27 @ 2025-04-25 13:05:36"
[1] "Loading Buildings @ 2025-04-25 13:05:37"
[1] "Intersecting Buildings & Blocks @ 2025-04-25 13:05:41"
[1] "Completed Quadkey #28 @ 2025-04-25 13:05:46"
[1] "Loading Buildings @ 2025-04-25 13:05:50"
[1] "Intersecting Buildings & Blocks @ 2025-04-25 13:05:54"
[1] "Completed Quadkey #29 @ 2025-04-25 13:05:57"
[1] "Loading Buildings @ 2025-04-25 13:06:02"
[1] "Intersecting Buildings & Blocks @ 2025-04-25 13:06:07"
[1] "Completed Quadkey #30 @ 2025-04-25 13:06:08"
[1] "Loading Buildings @ 2025-04-25 13:06:12"
[1] "Intersecting Buildings & Blocks @ 2025-04-25 13:06:15"
[1] "Completed Quadkey #31 @ 2025-04-25 13:06:18"
[1] "Loading Buildings @ 2025-04-25 13:06:19"
[1] "Intersecting Buildings & Blocks @ 2025-04-25 13:06:23"
[1] "Completed Quadkey #32 @ 2025-04-25 13:06:27"
[1] "Loading Buildings @ 2025-04-25 13:06:28"
[1] "Intersecting Buildings & Blocks @ 2025-04-25 13:06:30"
[1] "Completed Quadkey #33 @ 2025-04-25 13:06:32"
[1] "Loading Buildings @ 2025-04-25 13:06:35"
[1] "Intersecting Buildings & Blocks @ 2025-04-25 13:06:37"
[1] "Completed Quadkey #34 @ 2025-04-25 13:06:40"
[1] "Loading Buildings @ 2025-04-25 13:06:45"
[1] "Intersecting Buildings & Blocks @ 2025-04-25 13:06:48"
[1] "Completed Quadkey #35 @ 2025-04-25 13:06:49"
[1] "Loading Buildings @ 2025-04-25 13:06:51"
[1] "Intersecting Buildings & Blocks @ 2025-04-25 13:06:58"
[1] "Completed Quadkey #36 @ 2025-04-25 13:07:04"
[1] "Loading Buildings @ 2025-04-25 13:07:05"
[1] "Intersecting Buildings & Blocks @ 2025-04-25 13:07:10"
[1] "Completed Quadkey #37 @ 2025-04-25 13:07:15"
[1] "Loading Buildings @ 2025-04-25 13:07:17"
[1] "Intersecting Buildings & Blocks @ 2025-04-25 13:07:34"
[1] "Completed Quadkey #38 @ 2025-04-25 13:07:45"
[1] "Loading Buildings @ 2025-04-25 13:07:46"
[1] "Intersecting Buildings & Blocks @ 2025-04-25 13:07:50"
[1] "Completed Quadkey #39 @ 2025-04-25 13:07:52"
[1] "Loading Buildings @ 2025-04-25 13:07:53"
[1] "Intersecting Buildings & Blocks @ 2025-04-25 13:07:56"
[1] "Completed Quadkey #40 @ 2025-04-25 13:07:56"
[1] "Loading Buildings @ 2025-04-25 13:07:58"
[1] "Intersecting Buildings & Blocks @ 2025-04-25 13:08:03"
[1] "Completed Quadkey #41 @ 2025-04-25 13:08:08"
[1] "Loading Buildings @ 2025-04-25 13:08:10"
[1] "Intersecting Buildings & Blocks @ 2025-04-25 13:08:11"
[1] "Completed Quadkey #42 @ 2025-04-25 13:08:14"
[1] "Loading Buildings @ 2025-04-25 13:08:18"
[1] "Intersecting Buildings & Blocks @ 2025-04-25 13:08:20"
[1] "Completed Quadkey #43 @ 2025-04-25 13:08:22"
[1] "Loading Buildings @ 2025-04-25 13:08:27"
[1] "Intersecting Buildings & Blocks @ 2025-04-25 13:08:29"
[1] "Completed Quadkey #44 @ 2025-04-25 13:08:32"
[1] "Loading Buildings @ 2025-04-25 13:08:38"
[1] "Intersecting Buildings & Blocks @ 2025-04-25 13:09:00"
[1] "Completed Quadkey #45 @ 2025-04-25 13:09:12"
[1] "Loading Buildings @ 2025-04-25 13:09:13"
[1] "Intersecting Buildings & Blocks @ 2025-04-25 13:09:16"
[1] "Completed Quadkey #46 @ 2025-04-25 13:09:17"
[1] "Loading Buildings @ 2025-04-25 13:09:20"
[1] "Intersecting Buildings & Blocks @ 2025-04-25 13:09:20"
[1] "Completed Quadkey #47 @ 2025-04-25 13:09:22"
[1] "Loading Buildings @ 2025-04-25 13:09:23"
[1] "Intersecting Buildings & Blocks @ 2025-04-25 13:09:23"
[1] "Completed Quadkey #48 @ 2025-04-25 13:09:25"
[1] "Loading Buildings @ 2025-04-25 13:09:26"
[1] "Intersecting Buildings & Blocks @ 2025-04-25 13:09:31"
[1] "Completed Quadkey #49 @ 2025-04-25 13:09:32"
[1] "Loading Buildings @ 2025-04-25 13:09:36"
[1] "Intersecting Buildings & Blocks @ 2025-04-25 13:09:38"
[1] "Completed Quadkey #50 @ 2025-04-25 13:09:39"
[1] "Loading Buildings @ 2025-04-25 13:09:44"
[1] "Intersecting Buildings & Blocks @ 2025-04-25 13:09:50"
[1] "Completed Quadkey #51 @ 2025-04-25 13:09:51"
[1] "Loading Buildings @ 2025-04-25 13:09:53"
[1] "Intersecting Buildings & Blocks @ 2025-04-25 13:09:57"
[1] "Completed Quadkey #52 @ 2025-04-25 13:09:59"
[1] "Loading Buildings @ 2025-04-25 13:10:03"
[1] "Intersecting Buildings & Blocks @ 2025-04-25 13:10:04"
[1] "Completed Quadkey #53 @ 2025-04-25 13:10:05"
[1] "Loading Buildings @ 2025-04-25 13:10:09"
[1] "Intersecting Buildings & Blocks @ 2025-04-25 13:10:10"
[1] "Completed Quadkey #54 @ 2025-04-25 13:10:11"
[1] "Calculating Weights @ 2025-04-25 13:10:11"
[1] "SCRIPT COMPLETE @ 2025-04-25 13:10:18"
