[1] "Starting 53"
[1] "Loading quadkey joins @ 2025-04-25 13:00:56"
[1] "Loading download links @ 2025-04-25 13:01:07"
Reading layer `WA_block_2020' from data source 
  `/work/GRDVULN/census/WA_block_2020.shp' using driver `ESRI Shapefile'
Simple feature collection with 154208 features and 18 fields
Geometry type: MULTIPOLYGON
Dimension:     XY
Bounding box:  xmin: -2138179 ymin: 1127405 xmax: -1545551 ymax: 1565791
Projected CRS: USA_Contiguous_Albers_Equal_Area_Conic
[1] "Downloading Buildings from 73 Quadkeys --- 2025-04-25 13:01:26"
[1] "(73) Files to be Downloaded"
[1] "Loading Buildings @ 2025-04-25 13:01:29"
[1] "Intersecting Buildings & Blocks @ 2025-04-25 13:01:53"
[1] "Completed Quadkey #1 @ 2025-04-25 13:01:55"
[1] "Loading Buildings @ 2025-04-25 13:01:58"
[1] "Intersecting Buildings & Blocks @ 2025-04-25 13:02:07"
[1] "Completed Quadkey #2 @ 2025-04-25 13:02:11"
[1] "Loading Buildings @ 2025-04-25 13:02:13"
[1] "Intersecting Buildings & Blocks @ 2025-04-25 13:02:14"
[1] "Completed Quadkey #3 @ 2025-04-25 13:02:14"
[1] "Loading Buildings @ 2025-04-25 13:02:15"
[1] "Intersecting Buildings & Blocks @ 2025-04-25 13:02:15"
[1] "Completed Quadkey #4 @ 2025-04-25 13:02:15"
[1] "Loading Buildings @ 2025-04-25 13:02:16"
[1] "Intersecting Buildings & Blocks @ 2025-04-25 13:02:17"
[1] "Completed Quadkey #5 @ 2025-04-25 13:02:17"
[1] "Loading Buildings @ 2025-04-25 13:02:19"
[1] "Intersecting Buildings & Blocks @ 2025-04-25 13:02:21"
[1] "Completed Quadkey #6 @ 2025-04-25 13:02:21"
[1] "Loading Buildings @ 2025-04-25 13:02:22"
[1] "Intersecting Buildings & Blocks @ 2025-04-25 13:02:22"
[1] "Completed Quadkey #7 @ 2025-04-25 13:02:22"
[1] "Loading Buildings @ 2025-04-25 13:02:23"
[1] "Intersecting Buildings & Blocks @ 2025-04-25 13:02:23"
[1] "Completed Quadkey #8 @ 2025-04-25 13:02:23"
[1] "Loading Buildings @ 2025-04-25 13:02:24"
[1] "Intersecting Buildings & Blocks @ 2025-04-25 13:02:25"
[1] "Completed Quadkey #9 @ 2025-04-25 13:02:25"
[1] "Loading Buildings @ 2025-04-25 13:02:27"
[1] "Intersecting Buildings & Blocks @ 2025-04-25 13:02:27"
[1] "Completed Quadkey #10 @ 2025-04-25 13:02:28"
[1] "Loading Buildings @ 2025-04-25 13:02:32"
[1] "Intersecting Buildings & Blocks @ 2025-04-25 13:02:32"
[1] "Completed Quadkey #11 @ 2025-04-25 13:02:33"
[1] "Loading Buildings @ 2025-04-25 13:02:34"
[1] "Intersecting Buildings & Blocks @ 2025-04-25 13:02:34"
[1] "Completed Quadkey #12 @ 2025-04-25 13:02:34"
[1] "Loading Buildings @ 2025-04-25 13:02:35"
[1] "Intersecting Buildings & Blocks @ 2025-04-25 13:02:35"
[1] "Completed Quadkey #13 @ 2025-04-25 13:02:36"
[1] "Loading Buildings @ 2025-04-25 13:02:37"
[1] "Intersecting Buildings & Blocks @ 2025-04-25 13:02:38"
[1] "Completed Quadkey #14 @ 2025-04-25 13:02:39"
[1] "Loading Buildings @ 2025-04-25 13:02:40"
[1] "Intersecting Buildings & Blocks @ 2025-04-25 13:02:41"
[1] "Completed Quadkey #15 @ 2025-04-25 13:02:42"
[1] "Loading Buildings @ 2025-04-25 13:02:43"
[1] "Intersecting Buildings & Blocks @ 2025-04-25 13:02:45"
[1] "Completed Quadkey #16 @ 2025-04-25 13:02:47"
[1] "Loading Buildings @ 2025-04-25 13:02:47"
[1] "Intersecting Buildings & Blocks @ 2025-04-25 13:02:47"
[1] "Completed Quadkey #17 @ 2025-04-25 13:02:48"
[1] "Loading Buildings @ 2025-04-25 13:02:49"
[1] "Intersecting Buildings & Blocks @ 2025-04-25 13:02:55"
[1] "Completed Quadkey #18 @ 2025-04-25 13:02:57"
[1] "Loading Buildings @ 2025-04-25 13:03:00"
[1] "Intersecting Buildings & Blocks @ 2025-04-25 13:03:12"
[1] "Completed Quadkey #19 @ 2025-04-25 13:03:20"
[1] "Loading Buildings @ 2025-04-25 13:03:21"
[1] "Intersecting Buildings & Blocks @ 2025-04-25 13:03:22"
[1] "Completed Quadkey #20 @ 2025-04-25 13:03:23"
[1] "Loading Buildings @ 2025-04-25 13:03:25"
[1] "Intersecting Buildings & Blocks @ 2025-04-25 13:03:32"
[1] "Completed Quadkey #21 @ 2025-04-25 13:03:37"
[1] "Loading Buildings @ 2025-04-25 13:03:37"
[1] "Intersecting Buildings & Blocks @ 2025-04-25 13:03:38"
[1] "Completed Quadkey #22 @ 2025-04-25 13:03:38"
[1] "Loading Buildings @ 2025-04-25 13:03:40"
[1] "Intersecting Buildings & Blocks @ 2025-04-25 13:03:44"
[1] "Completed Quadkey #23 @ 2025-04-25 13:03:46"
[1] "Loading Buildings @ 2025-04-25 13:03:47"
[1] "Intersecting Buildings & Blocks @ 2025-04-25 13:03:48"
[1] "Completed Quadkey #24 @ 2025-04-25 13:03:50"
[1] "Loading Buildings @ 2025-04-25 13:03:51"
[1] "Intersecting Buildings & Blocks @ 2025-04-25 13:03:52"
[1] "Completed Quadkey #25 @ 2025-04-25 13:03:53"
[1] "Loading Buildings @ 2025-04-25 13:03:56"
[1] "Intersecting Buildings & Blocks @ 2025-04-25 13:04:11"
[1] "Completed Quadkey #26 @ 2025-04-25 13:04:18"
[1] "Loading Buildings @ 2025-04-25 13:04:22"
[1] "Intersecting Buildings & Blocks @ 2025-04-25 13:04:45"
[1] "Completed Quadkey #27 @ 2025-04-25 13:04:57"
[1] "Loading Buildings @ 2025-04-25 13:04:59"
[1] "Intersecting Buildings & Blocks @ 2025-04-25 13:05:03"
[1] "Completed Quadkey #28 @ 2025-04-25 13:05:06"
[1] "Loading Buildings @ 2025-04-25 13:05:10"
[1] "Intersecting Buildings & Blocks @ 2025-04-25 13:05:10"
[1] "Completed Quadkey #29 @ 2025-04-25 13:05:11"
[1] "Loading Buildings @ 2025-04-25 13:05:12"
[1] "Intersecting Buildings & Blocks @ 2025-04-25 13:05:18"
[1] "Completed Quadkey #30 @ 2025-04-25 13:05:24"
[1] "Loading Buildings @ 2025-04-25 13:05:24"
[1] "Intersecting Buildings & Blocks @ 2025-04-25 13:05:24"
[1] "Completed Quadkey #31 @ 2025-04-25 13:05:25"
[1] "Loading Buildings @ 2025-04-25 13:05:26"
[1] "Intersecting Buildings & Blocks @ 2025-04-25 13:05:27"
[1] "Completed Quadkey #32 @ 2025-04-25 13:05:28"
[1] "Loading Buildings @ 2025-04-25 13:05:29"
[1] "Intersecting Buildings & Blocks @ 2025-04-25 13:05:29"
[1] "Completed Quadkey #33 @ 2025-04-25 13:05:30"
[1] "Loading Buildings @ 2025-04-25 13:05:31"
[1] "Intersecting Buildings & Blocks @ 2025-04-25 13:05:32"
[1] "Completed Quadkey #34 @ 2025-04-25 13:05:35"
[1] "Loading Buildings @ 2025-04-25 13:05:36"
[1] "Intersecting Buildings & Blocks @ 2025-04-25 13:05:36"
[1] "Completed Quadkey #35 @ 2025-04-25 13:05:37"
[1] "Loading Buildings @ 2025-04-25 13:05:38"
[1] "Intersecting Buildings & Blocks @ 2025-04-25 13:05:39"
[1] "Completed Quadkey #36 @ 2025-04-25 13:05:39"
[1] "Loading Buildings @ 2025-04-25 13:05:41"
[1] "Intersecting Buildings & Blocks @ 2025-04-25 13:05:41"
[1] "Completed Quadkey #37 @ 2025-04-25 13:05:43"
[1] "Loading Buildings @ 2025-04-25 13:05:44"
[1] "Intersecting Buildings & Blocks @ 2025-04-25 13:05:44"
[1] "Completed Quadkey #38 @ 2025-04-25 13:05:45"
[1] "Loading Buildings @ 2025-04-25 13:05:47"
[1] "Intersecting Buildings & Blocks @ 2025-04-25 13:05:50"
[1] "Completed Quadkey #39 @ 2025-04-25 13:05:53"
[1] "Loading Buildings @ 2025-04-25 13:05:55"
[1] "Intersecting Buildings & Blocks @ 2025-04-25 13:05:56"
[1] "Completed Quadkey #40 @ 2025-04-25 13:05:59"
[1] "Loading Buildings @ 2025-04-25 13:06:01"
[1] "Intersecting Buildings & Blocks @ 2025-04-25 13:06:02"
[1] "Completed Quadkey #41 @ 2025-04-25 13:06:05"
[1] "Loading Buildings @ 2025-04-25 13:06:06"
[1] "Intersecting Buildings & Blocks @ 2025-04-25 13:06:06"
[1] "Completed Quadkey #42 @ 2025-04-25 13:06:08"
[1] "Loading Buildings @ 2025-04-25 13:06:10"
[1] "Intersecting Buildings & Blocks @ 2025-04-25 13:06:11"
[1] "Completed Quadkey #43 @ 2025-04-25 13:06:13"
[1] "Loading Buildings @ 2025-04-25 13:06:14"
[1] "Intersecting Buildings & Blocks @ 2025-04-25 13:06:14"
[1] "Completed Quadkey #44 @ 2025-04-25 13:06:15"
[1] "Loading Buildings @ 2025-04-25 13:06:17"
[1] "Intersecting Buildings & Blocks @ 2025-04-25 13:06:17"
[1] "Completed Quadkey #45 @ 2025-04-25 13:06:19"
[1] "Loading Buildings @ 2025-04-25 13:06:23"
[1] "Intersecting Buildings & Blocks @ 2025-04-25 13:06:23"
[1] "Completed Quadkey #46 @ 2025-04-25 13:06:24"
[1] "Loading Buildings @ 2025-04-25 13:06:30"
[1] "Intersecting Buildings & Blocks @ 2025-04-25 13:06:30"
[1] "Completed Quadkey #47 @ 2025-04-25 13:06:32"
[1] "Loading Buildings @ 2025-04-25 13:06:33"
[1] "Intersecting Buildings & Blocks @ 2025-04-25 13:06:34"
[1] "Completed Quadkey #48 @ 2025-04-25 13:06:36"
[1] "Loading Buildings @ 2025-04-25 13:06:38"
[1] "Intersecting Buildings & Blocks @ 2025-04-25 13:06:42"
[1] "Completed Quadkey #49 @ 2025-04-25 13:06:45"
[1] "Loading Buildings @ 2025-04-25 13:06:49"
[1] "Intersecting Buildings & Blocks @ 2025-04-25 13:06:50"
[1] "Completed Quadkey #50 @ 2025-04-25 13:06:52"
[1] "Loading Buildings @ 2025-04-25 13:06:53"
[1] "Intersecting Buildings & Blocks @ 2025-04-25 13:06:53"
[1] "Completed Quadkey #51 @ 2025-04-25 13:06:56"
[1] "Loading Buildings @ 2025-04-25 13:06:57"
[1] "Intersecting Buildings & Blocks @ 2025-04-25 13:06:58"
[1] "Completed Quadkey #52 @ 2025-04-25 13:07:00"
[1] "Loading Buildings @ 2025-04-25 13:07:01"
[1] "Intersecting Buildings & Blocks @ 2025-04-25 13:07:01"
[1] "Completed Quadkey #53 @ 2025-04-25 13:07:03"
[1] "Loading Buildings @ 2025-04-25 13:07:04"
[1] "Intersecting Buildings & Blocks @ 2025-04-25 13:07:04"
[1] "Completed Quadkey #54 @ 2025-04-25 13:07:06"
[1] "Loading Buildings @ 2025-04-25 13:07:07"
[1] "Intersecting Buildings & Blocks @ 2025-04-25 13:07:07"
[1] "Completed Quadkey #55 @ 2025-04-25 13:07:09"
[1] "Loading Buildings @ 2025-04-25 13:07:09"
[1] "Intersecting Buildings & Blocks @ 2025-04-25 13:07:10"
[1] "Completed Quadkey #56 @ 2025-04-25 13:07:11"
[1] "Loading Buildings @ 2025-04-25 13:07:12"
[1] "Intersecting Buildings & Blocks @ 2025-04-25 13:07:13"
[1] "Completed Quadkey #57 @ 2025-04-25 13:07:16"
[1] "Loading Buildings @ 2025-04-25 13:07:17"
[1] "Intersecting Buildings & Blocks @ 2025-04-25 13:07:17"
[1] "Completed Quadkey #58 @ 2025-04-25 13:07:18"
[1] "Loading Buildings @ 2025-04-25 13:07:19"
[1] "Intersecting Buildings & Blocks @ 2025-04-25 13:07:19"
[1] "Completed Quadkey #59 @ 2025-04-25 13:07:21"
[1] "Loading Buildings @ 2025-04-25 13:07:25"
[1] "Intersecting Buildings & Blocks @ 2025-04-25 13:07:25"
[1] "Completed Quadkey #60 @ 2025-04-25 13:07:27"
[1] "Loading Buildings @ 2025-04-25 13:07:29"
[1] "Intersecting Buildings & Blocks @ 2025-04-25 13:07:29"
[1] "Completed Quadkey #61 @ 2025-04-25 13:07:31"
[1] "Loading Buildings @ 2025-04-25 13:07:33"
[1] "Intersecting Buildings & Blocks @ 2025-04-25 13:07:33"
[1] "Completed Quadkey #62 @ 2025-04-25 13:07:35"
[1] "Loading Buildings @ 2025-04-25 13:07:36"
[1] "Intersecting Buildings & Blocks @ 2025-04-25 13:07:36"
[1] "Completed Quadkey #63 @ 2025-04-25 13:07:38"
[1] "Loading Buildings @ 2025-04-25 13:07:39"
[1] "Intersecting Buildings & Blocks @ 2025-04-25 13:07:39"
[1] "Completed Quadkey #64 @ 2025-04-25 13:07:41"
[1] "Loading Buildings @ 2025-04-25 13:07:43"
[1] "Intersecting Buildings & Blocks @ 2025-04-25 13:07:46"
[1] "Completed Quadkey #65 @ 2025-04-25 13:07:52"
[1] "Loading Buildings @ 2025-04-25 13:07:56"
[1] "Intersecting Buildings & Blocks @ 2025-04-25 13:07:57"
[1] "Completed Quadkey #66 @ 2025-04-25 13:07:59"
[1] "Loading Buildings @ 2025-04-25 13:08:00"
[1] "Intersecting Buildings & Blocks @ 2025-04-25 13:08:01"
[1] "Completed Quadkey #67 @ 2025-04-25 13:08:03"
[1] "Loading Buildings @ 2025-04-25 13:08:04"
[1] "Intersecting Buildings & Blocks @ 2025-04-25 13:08:05"
[1] "Completed Quadkey #68 @ 2025-04-25 13:08:07"
[1] "Loading Buildings @ 2025-04-25 13:08:08"
[1] "Intersecting Buildings & Blocks @ 2025-04-25 13:08:09"
[1] "Completed Quadkey #69 @ 2025-04-25 13:08:11"
[1] "Loading Buildings @ 2025-04-25 13:08:12"
[1] "Intersecting Buildings & Blocks @ 2025-04-25 13:08:12"
[1] "Completed Quadkey #70 @ 2025-04-25 13:08:16"
[1] "Loading Buildings @ 2025-04-25 13:08:22"
[1] "Intersecting Buildings & Blocks @ 2025-04-25 13:08:34"
[1] "Completed Quadkey #71 @ 2025-04-25 13:08:38"
[1] "Loading Buildings @ 2025-04-25 13:08:39"
[1] "Intersecting Buildings & Blocks @ 2025-04-25 13:08:41"
[1] "Completed Quadkey #72 @ 2025-04-25 13:08:43"
[1] "Loading Buildings @ 2025-04-25 13:08:46"
[1] "Intersecting Buildings & Blocks @ 2025-04-25 13:08:46"
[1] "Completed Quadkey #73 @ 2025-04-25 13:08:49"
[1] "Calculating Weights @ 2025-04-25 13:08:49"
[1] "SCRIPT COMPLETE @ 2025-04-25 13:08:54"
