[1] "Starting 54"
[1] "Loading quadkey joins @ 2025-04-25 13:01:00"
[1] "Loading download links @ 2025-04-25 13:01:11"
Reading layer `WV_block_2020' from data source 
  `/work/GRDVULN/census/WV_block_2020.shp' using driver `ESRI Shapefile'
Simple feature collection with 72558 features and 18 fields
Geometry type: POLYGON
Dimension:     XY
Bounding box:  xmin: 1155246 ymin: 61257.31 xmax: 1551960 ymax: 457274.7
Projected CRS: USA_Contiguous_Albers_Equal_Area_Conic
[1] "Downloading Buildings from 30 Quadkeys --- 2025-04-25 13:01:28"
[1] "(30) Files to be Downloaded"
[1] "Loading Buildings @ 2025-04-25 13:01:29"
[1] "Intersecting Buildings & Blocks @ 2025-04-25 13:01:32"
[1] "Completed Quadkey #1 @ 2025-04-25 13:01:33"
[1] "Loading Buildings @ 2025-04-25 13:01:34"
[1] "Intersecting Buildings & Blocks @ 2025-04-25 13:01:35"
[1] "Completed Quadkey #2 @ 2025-04-25 13:01:36"
[1] "Loading Buildings @ 2025-04-25 13:01:37"
[1] "Intersecting Buildings & Blocks @ 2025-04-25 13:01:39"
[1] "Completed Quadkey #3 @ 2025-04-25 13:01:40"
[1] "Loading Buildings @ 2025-04-25 13:01:41"
[1] "Intersecting Buildings & Blocks @ 2025-04-25 13:01:45"
[1] "Completed Quadkey #4 @ 2025-04-25 13:01:45"
[1] "Loading Buildings @ 2025-04-25 13:01:47"
[1] "Intersecting Buildings & Blocks @ 2025-04-25 13:01:55"
[1] "Completed Quadkey #5 @ 2025-04-25 13:01:56"
[1] "Loading Buildings @ 2025-04-25 13:01:58"
[1] "Intersecting Buildings & Blocks @ 2025-04-25 13:02:08"
[1] "Completed Quadkey #6 @ 2025-04-25 13:02:08"
[1] "Loading Buildings @ 2025-04-25 13:02:09"
[1] "Intersecting Buildings & Blocks @ 2025-04-25 13:02:11"
[1] "Completed Quadkey #7 @ 2025-04-25 13:02:12"
[1] "Loading Buildings @ 2025-04-25 13:02:13"
[1] "Intersecting Buildings & Blocks @ 2025-04-25 13:02:15"
[1] "Completed Quadkey #8 @ 2025-04-25 13:02:16"
[1] "Loading Buildings @ 2025-04-25 13:02:17"
[1] "Intersecting Buildings & Blocks @ 2025-04-25 13:02:18"
[1] "Completed Quadkey #9 @ 2025-04-25 13:02:18"
[1] "Loading Buildings @ 2025-04-25 13:02:20"
[1] "Intersecting Buildings & Blocks @ 2025-04-25 13:02:22"
[1] "Completed Quadkey #10 @ 2025-04-25 13:02:23"
[1] "Loading Buildings @ 2025-04-25 13:02:24"
[1] "Intersecting Buildings & Blocks @ 2025-04-25 13:02:31"
[1] "Completed Quadkey #11 @ 2025-04-25 13:02:32"
[1] "Loading Buildings @ 2025-04-25 13:02:33"
[1] "Intersecting Buildings & Blocks @ 2025-04-25 13:02:35"
[1] "Completed Quadkey #12 @ 2025-04-25 13:02:36"
[1] "Loading Buildings @ 2025-04-25 13:02:37"
[1] "Intersecting Buildings & Blocks @ 2025-04-25 13:02:40"
[1] "Completed Quadkey #13 @ 2025-04-25 13:02:40"
[1] "Loading Buildings @ 2025-04-25 13:02:41"
[1] "Intersecting Buildings & Blocks @ 2025-04-25 13:02:43"
[1] "Completed Quadkey #14 @ 2025-04-25 13:02:45"
[1] "Loading Buildings @ 2025-04-25 13:02:47"
[1] "Intersecting Buildings & Blocks @ 2025-04-25 13:02:55"
[1] "Completed Quadkey #15 @ 2025-04-25 13:02:56"
[1] "Loading Buildings @ 2025-04-25 13:03:00"
[1] "Intersecting Buildings & Blocks @ 2025-04-25 13:03:04"
[1] "Completed Quadkey #16 @ 2025-04-25 13:03:07"
[1] "Loading Buildings @ 2025-04-25 13:03:10"
[1] "Intersecting Buildings & Blocks @ 2025-04-25 13:03:13"
[1] "Completed Quadkey #17 @ 2025-04-25 13:03:13"
[1] "Loading Buildings @ 2025-04-25 13:03:14"
[1] "Intersecting Buildings & Blocks @ 2025-04-25 13:03:16"
[1] "Completed Quadkey #18 @ 2025-04-25 13:03:18"
[1] "Loading Buildings @ 2025-04-25 13:03:20"
[1] "Intersecting Buildings & Blocks @ 2025-04-25 13:03:29"
[1] "Completed Quadkey #19 @ 2025-04-25 13:03:30"
[1] "Loading Buildings @ 2025-04-25 13:03:31"
[1] "Intersecting Buildings & Blocks @ 2025-04-25 13:03:32"
[1] "Completed Quadkey #20 @ 2025-04-25 13:03:34"
[1] "Loading Buildings @ 2025-04-25 13:03:35"
[1] "Intersecting Buildings & Blocks @ 2025-04-25 13:03:42"
[1] "Completed Quadkey #21 @ 2025-04-25 13:03:44"
[1] "Loading Buildings @ 2025-04-25 13:03:45"
[1] "Intersecting Buildings & Blocks @ 2025-04-25 13:03:48"
[1] "Completed Quadkey #22 @ 2025-04-25 13:03:50"
[1] "Loading Buildings @ 2025-04-25 13:03:52"
[1] "Intersecting Buildings & Blocks @ 2025-04-25 13:03:54"
[1] "Completed Quadkey #23 @ 2025-04-25 13:03:56"
[1] "Loading Buildings @ 2025-04-25 13:03:58"
[1] "Intersecting Buildings & Blocks @ 2025-04-25 13:04:00"
[1] "Completed Quadkey #24 @ 2025-04-25 13:04:03"
[1] "Loading Buildings @ 2025-04-25 13:04:05"
[1] "Intersecting Buildings & Blocks @ 2025-04-25 13:04:09"
[1] "Completed Quadkey #25 @ 2025-04-25 13:04:11"
[1] "Loading Buildings @ 2025-04-25 13:04:12"
[1] "Intersecting Buildings & Blocks @ 2025-04-25 13:04:13"
[1] "Completed Quadkey #26 @ 2025-04-25 13:04:15"
[1] "Loading Buildings @ 2025-04-25 13:04:16"
[1] "Intersecting Buildings & Blocks @ 2025-04-25 13:04:17"
[1] "Completed Quadkey #27 @ 2025-04-25 13:04:19"
[1] "Loading Buildings @ 2025-04-25 13:04:22"
[1] "Intersecting Buildings & Blocks @ 2025-04-25 13:04:26"
[1] "Completed Quadkey #28 @ 2025-04-25 13:04:29"
[1] "Loading Buildings @ 2025-04-25 13:04:30"
[1] "Intersecting Buildings & Blocks @ 2025-04-25 13:04:31"
[1] "Completed Quadkey #29 @ 2025-04-25 13:04:32"
[1] "Loading Buildings @ 2025-04-25 13:04:37"
[1] "Intersecting Buildings & Blocks @ 2025-04-25 13:04:46"
[1] "Completed Quadkey #30 @ 2025-04-25 13:04:48"
[1] "Calculating Weights @ 2025-04-25 13:04:48"
[1] "SCRIPT COMPLETE @ 2025-04-25 13:04:50"
