[1] "Starting 55"
[1] "Loading quadkey joins @ 2025-04-25 13:01:08"
[1] "Loading download links @ 2025-04-25 13:01:19"
Reading layer `WI_block_2020' from data source 
  `/work/GRDVULN/census/WI_block_2020.shp' using driver `ESRI Shapefile'
Simple feature collection with 202511 features and 18 fields
Geometry type: MULTIPOLYGON
Dimension:     XY
Bounding box:  xmin: 242559 ymin: 573298.7 xmax: 721868.7 ymax: 1082053
Projected CRS: USA_Contiguous_Albers_Equal_Area_Conic
[1] "Downloading Buildings from 72 Quadkeys --- 2025-04-25 13:01:39"
[1] "(72) Files to be Downloaded"
[1] "Loading Buildings @ 2025-04-25 13:01:40"
[1] "Intersecting Buildings & Blocks @ 2025-04-25 13:01:41"
[1] "Completed Quadkey #1 @ 2025-04-25 13:01:41"
[1] "Loading Buildings @ 2025-04-25 13:01:44"
[1] "Intersecting Buildings & Blocks @ 2025-04-25 13:01:45"
[1] "Completed Quadkey #2 @ 2025-04-25 13:01:46"
[1] "Loading Buildings @ 2025-04-25 13:01:48"
[1] "Intersecting Buildings & Blocks @ 2025-04-25 13:01:51"
[1] "Completed Quadkey #3 @ 2025-04-25 13:01:52"
[1] "Loading Buildings @ 2025-04-25 13:01:53"
[1] "Intersecting Buildings & Blocks @ 2025-04-25 13:01:55"
[1] "Completed Quadkey #4 @ 2025-04-25 13:01:55"
[1] "Loading Buildings @ 2025-04-25 13:01:56"
[1] "Intersecting Buildings & Blocks @ 2025-04-25 13:01:57"
[1] "Completed Quadkey #5 @ 2025-04-25 13:01:57"
[1] "Loading Buildings @ 2025-04-25 13:01:58"
[1] "Intersecting Buildings & Blocks @ 2025-04-25 13:01:59"
[1] "Completed Quadkey #6 @ 2025-04-25 13:02:00"
[1] "Loading Buildings @ 2025-04-25 13:02:01"
[1] "Intersecting Buildings & Blocks @ 2025-04-25 13:02:02"
[1] "Completed Quadkey #7 @ 2025-04-25 13:02:03"
[1] "Loading Buildings @ 2025-04-25 13:02:05"
[1] "Intersecting Buildings & Blocks @ 2025-04-25 13:02:08"
[1] "Completed Quadkey #8 @ 2025-04-25 13:02:09"
[1] "Loading Buildings @ 2025-04-25 13:02:11"
[1] "Intersecting Buildings & Blocks @ 2025-04-25 13:02:12"
[1] "Completed Quadkey #9 @ 2025-04-25 13:02:13"
[1] "Loading Buildings @ 2025-04-25 13:02:14"
[1] "Intersecting Buildings & Blocks @ 2025-04-25 13:02:16"
[1] "Completed Quadkey #10 @ 2025-04-25 13:02:16"
[1] "Loading Buildings @ 2025-04-25 13:02:17"
[1] "Intersecting Buildings & Blocks @ 2025-04-25 13:02:18"
[1] "Completed Quadkey #11 @ 2025-04-25 13:02:18"
[1] "Loading Buildings @ 2025-04-25 13:02:19"
[1] "Intersecting Buildings & Blocks @ 2025-04-25 13:02:19"
[1] "Completed Quadkey #12 @ 2025-04-25 13:02:20"
[1] "Loading Buildings @ 2025-04-25 13:02:21"
[1] "Intersecting Buildings & Blocks @ 2025-04-25 13:02:21"
[1] "Completed Quadkey #13 @ 2025-04-25 13:02:22"
[1] "Loading Buildings @ 2025-04-25 13:02:23"
[1] "Intersecting Buildings & Blocks @ 2025-04-25 13:02:24"
[1] "Completed Quadkey #14 @ 2025-04-25 13:02:24"
[1] "Loading Buildings @ 2025-04-25 13:02:28"
[1] "Intersecting Buildings & Blocks @ 2025-04-25 13:02:30"
[1] "Completed Quadkey #15 @ 2025-04-25 13:02:31"
[1] "Loading Buildings @ 2025-04-25 13:02:32"
[1] "Intersecting Buildings & Blocks @ 2025-04-25 13:02:34"
[1] "Completed Quadkey #16 @ 2025-04-25 13:02:35"
[1] "Loading Buildings @ 2025-04-25 13:02:36"
[1] "Intersecting Buildings & Blocks @ 2025-04-25 13:02:40"
[1] "Completed Quadkey #17 @ 2025-04-25 13:02:42"
[1] "Loading Buildings @ 2025-04-25 13:02:43"
[1] "Intersecting Buildings & Blocks @ 2025-04-25 13:02:44"
[1] "Completed Quadkey #18 @ 2025-04-25 13:02:45"
[1] "Loading Buildings @ 2025-04-25 13:02:46"
[1] "Intersecting Buildings & Blocks @ 2025-04-25 13:02:48"
[1] "Completed Quadkey #19 @ 2025-04-25 13:02:48"
[1] "Loading Buildings @ 2025-04-25 13:02:49"
[1] "Intersecting Buildings & Blocks @ 2025-04-25 13:02:49"
[1] "Completed Quadkey #20 @ 2025-04-25 13:02:49"
[1] "Loading Buildings @ 2025-04-25 13:02:50"
[1] "Intersecting Buildings & Blocks @ 2025-04-25 13:02:51"
[1] "Completed Quadkey #21 @ 2025-04-25 13:02:51"
[1] "Loading Buildings @ 2025-04-25 13:02:52"
[1] "Intersecting Buildings & Blocks @ 2025-04-25 13:02:53"
[1] "Completed Quadkey #22 @ 2025-04-25 13:02:54"
[1] "Loading Buildings @ 2025-04-25 13:02:55"
[1] "Intersecting Buildings & Blocks @ 2025-04-25 13:02:56"
[1] "Completed Quadkey #23 @ 2025-04-25 13:02:56"
[1] "Loading Buildings @ 2025-04-25 13:02:58"
[1] "Intersecting Buildings & Blocks @ 2025-04-25 13:02:59"
[1] "Completed Quadkey #24 @ 2025-04-25 13:03:01"
[1] "Loading Buildings @ 2025-04-25 13:03:01"
[1] "Intersecting Buildings & Blocks @ 2025-04-25 13:03:02"
[1] "Completed Quadkey #25 @ 2025-04-25 13:03:02"
[1] "Loading Buildings @ 2025-04-25 13:03:04"
[1] "Intersecting Buildings & Blocks @ 2025-04-25 13:03:06"
[1] "Completed Quadkey #26 @ 2025-04-25 13:03:07"
[1] "Loading Buildings @ 2025-04-25 13:03:08"
[1] "Intersecting Buildings & Blocks @ 2025-04-25 13:03:10"
[1] "Completed Quadkey #27 @ 2025-04-25 13:03:11"
[1] "Loading Buildings @ 2025-04-25 13:03:13"
[1] "Intersecting Buildings & Blocks @ 2025-04-25 13:03:15"
[1] "Completed Quadkey #28 @ 2025-04-25 13:03:17"
[1] "Loading Buildings @ 2025-04-25 13:03:18"
[1] "Intersecting Buildings & Blocks @ 2025-04-25 13:03:20"
[1] "Completed Quadkey #29 @ 2025-04-25 13:03:22"
[1] "Loading Buildings @ 2025-04-25 13:03:22"
[1] "Intersecting Buildings & Blocks @ 2025-04-25 13:03:23"
[1] "Completed Quadkey #30 @ 2025-04-25 13:03:23"
[1] "Loading Buildings @ 2025-04-25 13:03:25"
[1] "Intersecting Buildings & Blocks @ 2025-04-25 13:03:26"
[1] "Completed Quadkey #31 @ 2025-04-25 13:03:28"
[1] "Loading Buildings @ 2025-04-25 13:03:31"
[1] "Intersecting Buildings & Blocks @ 2025-04-25 13:03:32"
[1] "Completed Quadkey #32 @ 2025-04-25 13:03:33"
[1] "Loading Buildings @ 2025-04-25 13:03:35"
[1] "Intersecting Buildings & Blocks @ 2025-04-25 13:03:38"
[1] "Completed Quadkey #33 @ 2025-04-25 13:03:40"
[1] "Loading Buildings @ 2025-04-25 13:03:43"
[1] "Intersecting Buildings & Blocks @ 2025-04-25 13:03:46"
[1] "Completed Quadkey #34 @ 2025-04-25 13:03:47"
[1] "Loading Buildings @ 2025-04-25 13:03:49"
[1] "Intersecting Buildings & Blocks @ 2025-04-25 13:03:51"
[1] "Completed Quadkey #35 @ 2025-04-25 13:03:53"
[1] "Loading Buildings @ 2025-04-25 13:03:54"
[1] "Intersecting Buildings & Blocks @ 2025-04-25 13:03:59"
[1] "Completed Quadkey #36 @ 2025-04-25 13:04:02"
[1] "Loading Buildings @ 2025-04-25 13:04:04"
[1] "Intersecting Buildings & Blocks @ 2025-04-25 13:04:06"
[1] "Completed Quadkey #37 @ 2025-04-25 13:04:06"
[1] "Loading Buildings @ 2025-04-25 13:04:08"
[1] "Intersecting Buildings & Blocks @ 2025-04-25 13:04:13"
[1] "Completed Quadkey #38 @ 2025-04-25 13:04:15"
[1] "Loading Buildings @ 2025-04-25 13:04:17"
[1] "Intersecting Buildings & Blocks @ 2025-04-25 13:04:17"
[1] "Completed Quadkey #39 @ 2025-04-25 13:04:19"
[1] "Loading Buildings @ 2025-04-25 13:04:21"
[1] "Intersecting Buildings & Blocks @ 2025-04-25 13:04:22"
[1] "Completed Quadkey #40 @ 2025-04-25 13:04:24"
[1] "Loading Buildings @ 2025-04-25 13:04:25"
[1] "Intersecting Buildings & Blocks @ 2025-04-25 13:04:27"
[1] "Completed Quadkey #41 @ 2025-04-25 13:04:29"
[1] "Loading Buildings @ 2025-04-25 13:04:31"
[1] "Intersecting Buildings & Blocks @ 2025-04-25 13:04:33"
[1] "Completed Quadkey #42 @ 2025-04-25 13:04:35"
[1] "Loading Buildings @ 2025-04-25 13:04:37"
[1] "Intersecting Buildings & Blocks @ 2025-04-25 13:04:46"
[1] "Completed Quadkey #43 @ 2025-04-25 13:04:48"
[1] "Loading Buildings @ 2025-04-25 13:04:50"
[1] "Intersecting Buildings & Blocks @ 2025-04-25 13:04:54"
[1] "Completed Quadkey #44 @ 2025-04-25 13:04:57"
[1] "Loading Buildings @ 2025-04-25 13:04:58"
[1] "Intersecting Buildings & Blocks @ 2025-04-25 13:05:04"
[1] "Completed Quadkey #45 @ 2025-04-25 13:05:07"
[1] "Loading Buildings @ 2025-04-25 13:05:11"
[1] "Intersecting Buildings & Blocks @ 2025-04-25 13:05:20"
[1] "Completed Quadkey #46 @ 2025-04-25 13:05:21"
[1] "Loading Buildings @ 2025-04-25 13:05:25"
[1] "Intersecting Buildings & Blocks @ 2025-04-25 13:05:26"
[1] "Completed Quadkey #47 @ 2025-04-25 13:05:27"
[1] "Loading Buildings @ 2025-04-25 13:05:28"
[1] "Intersecting Buildings & Blocks @ 2025-04-25 13:05:29"
[1] "Completed Quadkey #48 @ 2025-04-25 13:05:31"
[1] "Loading Buildings @ 2025-04-25 13:05:32"
[1] "Intersecting Buildings & Blocks @ 2025-04-25 13:05:34"
[1] "Completed Quadkey #49 @ 2025-04-25 13:05:36"
[1] "Loading Buildings @ 2025-04-25 13:05:42"
[1] "Intersecting Buildings & Blocks @ 2025-04-25 13:05:52"
[1] "Completed Quadkey #50 @ 2025-04-25 13:05:57"
[1] "Loading Buildings @ 2025-04-25 13:06:01"
[1] "Intersecting Buildings & Blocks @ 2025-04-25 13:06:08"
[1] "Completed Quadkey #51 @ 2025-04-25 13:06:12"
[1] "Loading Buildings @ 2025-04-25 13:06:14"
[1] "Intersecting Buildings & Blocks @ 2025-04-25 13:06:28"
[1] "Completed Quadkey #52 @ 2025-04-25 13:06:35"
[1] "Loading Buildings @ 2025-04-25 13:06:39"
[1] "Intersecting Buildings & Blocks @ 2025-04-25 13:06:55"
[1] "Completed Quadkey #53 @ 2025-04-25 13:07:06"
[1] "Loading Buildings @ 2025-04-25 13:07:09"
[1] "Intersecting Buildings & Blocks @ 2025-04-25 13:07:29"
[1] "Completed Quadkey #54 @ 2025-04-25 13:07:31"
[1] "Loading Buildings @ 2025-04-25 13:07:32"
[1] "Intersecting Buildings & Blocks @ 2025-04-25 13:07:33"
[1] "Completed Quadkey #55 @ 2025-04-25 13:07:36"
[1] "Loading Buildings @ 2025-04-25 13:07:39"
[1] "Intersecting Buildings & Blocks @ 2025-04-25 13:07:40"
[1] "Completed Quadkey #56 @ 2025-04-25 13:07:41"
[1] "Loading Buildings @ 2025-04-25 13:07:42"
[1] "Intersecting Buildings & Blocks @ 2025-04-25 13:07:44"
[1] "Completed Quadkey #57 @ 2025-04-25 13:07:46"
[1] "Loading Buildings @ 2025-04-25 13:07:49"
[1] "Intersecting Buildings & Blocks @ 2025-04-25 13:07:50"
[1] "Completed Quadkey #58 @ 2025-04-25 13:07:55"
[1] "Loading Buildings @ 2025-04-25 13:07:57"
[1] "Intersecting Buildings & Blocks @ 2025-04-25 13:07:58"
[1] "Completed Quadkey #59 @ 2025-04-25 13:08:01"
[1] "Loading Buildings @ 2025-04-25 13:08:02"
[1] "Intersecting Buildings & Blocks @ 2025-04-25 13:08:02"
[1] "Completed Quadkey #60 @ 2025-04-25 13:08:05"
[1] "Loading Buildings @ 2025-04-25 13:08:06"
[1] "Intersecting Buildings & Blocks @ 2025-04-25 13:08:11"
[1] "Completed Quadkey #61 @ 2025-04-25 13:08:15"
[1] "Loading Buildings @ 2025-04-25 13:08:17"
[1] "Intersecting Buildings & Blocks @ 2025-04-25 13:08:18"
[1] "Completed Quadkey #62 @ 2025-04-25 13:08:20"
[1] "Loading Buildings @ 2025-04-25 13:08:25"
[1] "Intersecting Buildings & Blocks @ 2025-04-25 13:08:32"
[1] "Completed Quadkey #63 @ 2025-04-25 13:08:34"
[1] "Loading Buildings @ 2025-04-25 13:08:37"
[1] "Intersecting Buildings & Blocks @ 2025-04-25 13:08:38"
[1] "Completed Quadkey #64 @ 2025-04-25 13:08:39"
[1] "Loading Buildings @ 2025-04-25 13:08:40"
[1] "Intersecting Buildings & Blocks @ 2025-04-25 13:08:42"
[1] "Completed Quadkey #65 @ 2025-04-25 13:08:43"
[1] "Loading Buildings @ 2025-04-25 13:08:48"
[1] "Intersecting Buildings & Blocks @ 2025-04-25 13:08:59"
[1] "Completed Quadkey #66 @ 2025-04-25 13:09:00"
[1] "Loading Buildings @ 2025-04-25 13:09:01"
[1] "Intersecting Buildings & Blocks @ 2025-04-25 13:09:04"
[1] "Completed Quadkey #67 @ 2025-04-25 13:09:05"
[1] "Loading Buildings @ 2025-04-25 13:09:06"
[1] "Intersecting Buildings & Blocks @ 2025-04-25 13:09:06"
[1] "Completed Quadkey #68 @ 2025-04-25 13:09:08"
[1] "Loading Buildings @ 2025-04-25 13:09:12"
[1] "Intersecting Buildings & Blocks @ 2025-04-25 13:09:14"
[1] "Completed Quadkey #69 @ 2025-04-25 13:09:16"
[1] "Loading Buildings @ 2025-04-25 13:09:16"
[1] "Intersecting Buildings & Blocks @ 2025-04-25 13:09:17"
[1] "Completed Quadkey #70 @ 2025-04-25 13:09:17"
[1] "Loading Buildings @ 2025-04-25 13:09:18"
[1] "Intersecting Buildings & Blocks @ 2025-04-25 13:09:18"
[1] "Completed Quadkey #71 @ 2025-04-25 13:09:20"
[1] "Loading Buildings @ 2025-04-25 13:09:21"
[1] "Intersecting Buildings & Blocks @ 2025-04-25 13:09:21"
[1] "Completed Quadkey #72 @ 2025-04-25 13:09:22"
[1] "Calculating Weights @ 2025-04-25 13:09:22"
[1] "SCRIPT COMPLETE @ 2025-04-25 13:09:29"
