[1] "Loading places @ 2025-02-24 13:26:37"
Reading layer `cb_2021_us_place_500k' from data source 
  `/work/GRDVULN/data/cb_2021_us_all_500k.gdb' using driver `OpenFileGDB'
Simple feature collection with 32188 features and 12 fields
Geometry type: MULTIPOLYGON
Dimension:     XY
Bounding box:  xmin: -176.6967 ymin: -14.37374 xmax: 174.1553 ymax: 71.33971
Geodetic CRS:  NAD83
[1] "Finding Hexagons for 1611 places @ 2025-02-24 13:26:39"
[1] "6.2% Complete @ 2025-02-24 13:26:43"
[1] "12.4% Complete @ 2025-02-24 13:26:47"
[1] "18.6% Complete @ 2025-02-24 13:26:51"
[1] "24.8% Complete @ 2025-02-24 13:26:55"
[1] "31% Complete @ 2025-02-24 13:26:59"
[1] "37.2% Complete @ 2025-02-24 13:27:04"
[1] "43.5% Complete @ 2025-02-24 13:27:08"
[1] "49.7% Complete @ 2025-02-24 13:27:13"
[1] "55.9% Complete @ 2025-02-24 13:27:20"
[1] "62.1% Complete @ 2025-02-24 13:27:26"
[1] "68.3% Complete @ 2025-02-24 13:27:31"
[1] "74.5% Complete @ 2025-02-24 13:27:37"
[1] "80.7% Complete @ 2025-02-24 13:27:44"
[1] "86.9% Complete @ 2025-02-24 13:27:51"
[1] "93.1% Complete @ 2025-02-24 13:27:57"
[1] "99.3% Complete @ 2025-02-24 13:28:05"
