[1] "Loading places @ 2025-02-24 13:27:05"
Reading layer `cb_2021_us_place_500k' from data source 
  `/work/GRDVULN/data/cb_2021_us_all_500k.gdb' using driver `OpenFileGDB'
Simple feature collection with 32188 features and 12 fields
Geometry type: MULTIPOLYGON
Dimension:     XY
Bounding box:  xmin: -176.6967 ymin: -14.37374 xmax: 174.1553 ymax: 71.33971
Geodetic CRS:  NAD83
[1] "Finding Hexagons for 1861 places @ 2025-02-24 13:27:07"
[1] "5.4% Complete @ 2025-02-24 13:27:11"
[1] "10.7% Complete @ 2025-02-24 13:27:17"
[1] "16.1% Complete @ 2025-02-24 13:27:22"
[1] "21.5% Complete @ 2025-02-24 13:27:26"
[1] "26.9% Complete @ 2025-02-24 13:27:30"
[1] "32.2% Complete @ 2025-02-24 13:27:35"
[1] "37.6% Complete @ 2025-02-24 13:27:39"
[1] "43% Complete @ 2025-02-24 13:27:44"
[1] "48.4% Complete @ 2025-02-24 13:27:48"
[1] "53.7% Complete @ 2025-02-24 13:27:55"
[1] "59.1% Complete @ 2025-02-24 13:28:00"
[1] "64.5% Complete @ 2025-02-24 13:28:05"
[1] "69.9% Complete @ 2025-02-24 13:28:09"
[1] "75.2% Complete @ 2025-02-24 13:28:14"
[1] "80.6% Complete @ 2025-02-24 13:28:19"
[1] "86% Complete @ 2025-02-24 13:28:25"
[1] "91.3% Complete @ 2025-02-24 13:28:30"
[1] "96.7% Complete @ 2025-02-24 13:28:36"
