[1] "Starting Alabama"
Reading layer `cb_2021_us_state_500k' from data source 
  `/work/GRDVULN/data/cb_2021_us_all_500k.gdb' using driver `OpenFileGDB'
Simple feature collection with 56 features and 9 fields
Geometry type: MULTIPOLYGON
Dimension:     XY
Bounding box:  xmin: -179.1489 ymin: -14.5487 xmax: 179.7785 ymax: 71.36516
Geodetic CRS:  NAD83
[1] "Building 310 systems"
[1] "Alabama is 0.3% complete."
[1] "Completed Alabama @ 2025-05-14 10:38:06"
[1] "Alabama is 0.6% complete."
[1] "Completed Alabama @ 2025-05-14 10:38:06"
[1] "Alabama is 1% complete."
[1] "Completed Alabama @ 2025-05-14 10:38:06"
[1] "Alabama is 1.3% complete."
[1] "Completed Alabama @ 2025-05-14 10:38:06"
[1] "Alabama is 1.6% complete."
[1] "Completed Alabama @ 2025-05-14 10:38:06"
[1] "Alabama is 1.9% complete."
[1] "Completed Alabama @ 2025-05-14 10:38:07"
[1] "Alabama is 2.3% complete."
[1] "Completed Alabama @ 2025-05-14 10:38:07"
[1] "Alabama is 2.6% complete."
[1] "Completed Alabama @ 2025-05-14 10:38:07"
[1] "Alabama is 2.9% complete."
[1] "Completed Alabama @ 2025-05-14 10:38:07"
[1] "Alabama is 3.2% complete."
[1] "Completed Alabama @ 2025-05-14 10:38:07"
[1] "Alabama is 3.5% complete."
[1] "Completed Alabama @ 2025-05-14 10:38:07"
[1] "Alabama is 3.9% complete."
[1] "Completed Alabama @ 2025-05-14 10:38:07"
[1] "Alabama is 4.2% complete."
[1] "Completed Alabama @ 2025-05-14 10:38:07"
[1] "Alabama is 4.5% complete."
[1] "Completed Alabama @ 2025-05-14 10:38:07"
[1] "Alabama is 4.8% complete."
[1] "Completed Alabama @ 2025-05-14 10:38:07"
[1] "Alabama is 5.2% complete."
[1] "Completed Alabama @ 2025-05-14 10:38:07"
[1] "Alabama is 5.5% complete."
[1] "Completed Alabama @ 2025-05-14 10:38:07"
[1] "Alabama is 5.8% complete."
[1] "Completed Alabama @ 2025-05-14 10:38:07"
[1] "Alabama is 6.1% complete."
[1] "Completed Alabama @ 2025-05-14 10:38:07"
[1] "Alabama is 6.5% complete."
[1] "Completed Alabama @ 2025-05-14 10:38:07"
[1] "Alabama is 6.8% complete."
[1] "Completed Alabama @ 2025-05-14 10:38:07"
[1] "Alabama is 7.1% complete."
[1] "Completed Alabama @ 2025-05-14 10:38:08"
[1] "Alabama is 7.4% complete."
[1] "Completed Alabama @ 2025-05-14 10:38:08"
[1] "Alabama is 7.7% complete."
[1] "Completed Alabama @ 2025-05-14 10:38:08"
[1] "Alabama is 8.1% complete."
[1] "Completed Alabama @ 2025-05-14 10:38:08"
[1] "Alabama is 8.4% complete."
[1] "Completed Alabama @ 2025-05-14 10:38:08"
[1] "Alabama is 8.7% complete."
[1] "Completed Alabama @ 2025-05-14 10:38:08"
[1] "Alabama is 9% complete."
[1] "Completed Alabama @ 2025-05-14 10:38:08"
[1] "Alabama is 9.4% complete."
[1] "Completed Alabama @ 2025-05-14 10:38:08"
[1] "Alabama is 9.7% complete."
[1] "Completed Alabama @ 2025-05-14 10:38:09"
[1] "Alabama is 10% complete."
[1] "Completed Alabama @ 2025-05-14 10:38:09"
[1] "Alabama is 10.3% complete."
[1] "Completed Alabama @ 2025-05-14 10:38:09"
[1] "Alabama is 10.6% complete."
[1] "Completed Alabama @ 2025-05-14 10:38:09"
[1] "Alabama is 11% complete."
[1] "Completed Alabama @ 2025-05-14 10:38:09"
[1] "Alabama is 11.3% complete."
[1] "Completed Alabama @ 2025-05-14 10:38:09"
[1] "Alabama is 11.6% complete."
[1] "Completed Alabama @ 2025-05-14 10:38:09"
[1] "Alabama is 11.9% complete."
[1] "Completed Alabama @ 2025-05-14 10:38:09"
[1] "Alabama is 12.3% complete."
[1] "Completed Alabama @ 2025-05-14 10:38:09"
[1] "Alabama is 12.6% complete."
[1] "Completed Alabama @ 2025-05-14 10:38:09"
[1] "Alabama is 12.9% complete."
[1] "Completed Alabama @ 2025-05-14 10:38:10"
[1] "Alabama is 13.2% complete."
[1] "Completed Alabama @ 2025-05-14 10:38:10"
[1] "Alabama is 13.5% complete."
[1] "Completed Alabama @ 2025-05-14 10:38:10"
[1] "Alabama is 13.9% complete."
[1] "Completed Alabama @ 2025-05-14 10:38:10"
[1] "Alabama is 14.2% complete."
[1] "Completed Alabama @ 2025-05-14 10:38:10"
[1] "Alabama is 14.5% complete."
[1] "Completed Alabama @ 2025-05-14 10:38:10"
[1] "Alabama is 14.8% complete."
[1] "Completed Alabama @ 2025-05-14 10:38:10"
[1] "Alabama is 15.2% complete."
[1] "Completed Alabama @ 2025-05-14 10:38:10"
[1] "Alabama is 15.5% complete."
[1] "Completed Alabama @ 2025-05-14 10:38:10"
[1] "Alabama is 15.8% complete."
[1] "Completed Alabama @ 2025-05-14 10:38:10"
[1] "Alabama is 16.1% complete."
[1] "Completed Alabama @ 2025-05-14 10:38:10"
[1] "Alabama is 16.5% complete."
[1] "Completed Alabama @ 2025-05-14 10:38:10"
[1] "Alabama is 16.8% complete."
[1] "Completed Alabama @ 2025-05-14 10:38:11"
[1] "Alabama is 17.1% complete."
[1] "Completed Alabama @ 2025-05-14 10:38:11"
[1] "Alabama is 17.4% complete."
[1] "Completed Alabama @ 2025-05-14 10:38:11"
[1] "Alabama is 17.7% complete."
[1] "Completed Alabama @ 2025-05-14 10:38:11"
[1] "Alabama is 18.1% complete."
[1] "Completed Alabama @ 2025-05-14 10:38:11"
[1] "Alabama is 18.4% complete."
[1] "Completed Alabama @ 2025-05-14 10:38:11"
[1] "Alabama is 18.7% complete."
[1] "Completed Alabama @ 2025-05-14 10:38:11"
[1] "Alabama is 19% complete."
[1] "Completed Alabama @ 2025-05-14 10:38:11"
[1] "Alabama is 19.4% complete."
[1] "Completed Alabama @ 2025-05-14 10:38:11"
[1] "Alabama is 19.7% complete."
[1] "Completed Alabama @ 2025-05-14 10:38:11"
[1] "Alabama is 20% complete."
[1] "Completed Alabama @ 2025-05-14 10:38:11"
[1] "Alabama is 20.3% complete."
[1] "Completed Alabama @ 2025-05-14 10:38:11"
[1] "Alabama is 20.6% complete."
[1] "Completed Alabama @ 2025-05-14 10:38:11"
[1] "Alabama is 21% complete."
[1] "Completed Alabama @ 2025-05-14 10:38:11"
[1] "Alabama is 21.3% complete."
[1] "Completed Alabama @ 2025-05-14 10:38:11"
[1] "Alabama is 21.6% complete."
[1] "Completed Alabama @ 2025-05-14 10:38:11"
[1] "Alabama is 21.9% complete."
[1] "Completed Alabama @ 2025-05-14 10:38:11"
[1] "Alabama is 22.3% complete."
[1] "Completed Alabama @ 2025-05-14 10:38:12"
[1] "Alabama is 22.6% complete."
[1] "Completed Alabama @ 2025-05-14 10:38:12"
[1] "Alabama is 22.9% complete."
[1] "Completed Alabama @ 2025-05-14 10:38:12"
[1] "Alabama is 23.2% complete."
[1] "Completed Alabama @ 2025-05-14 10:38:12"
[1] "Alabama is 23.5% complete."
[1] "Completed Alabama @ 2025-05-14 10:38:12"
[1] "Alabama is 23.9% complete."
[1] "Completed Alabama @ 2025-05-14 10:38:12"
[1] "Alabama is 24.2% complete."
[1] "Completed Alabama @ 2025-05-14 10:38:12"
[1] "Alabama is 24.5% complete."
[1] "Completed Alabama @ 2025-05-14 10:38:12"
[1] "Alabama is 24.8% complete."
[1] "Completed Alabama @ 2025-05-14 10:38:12"
[1] "Alabama is 25.2% complete."
[1] "Completed Alabama @ 2025-05-14 10:38:12"
[1] "Alabama is 25.5% complete."
[1] "Completed Alabama @ 2025-05-14 10:38:12"
[1] "Alabama is 25.8% complete."
[1] "Completed Alabama @ 2025-05-14 10:38:12"
[1] "Alabama is 26.1% complete."
[1] "Completed Alabama @ 2025-05-14 10:38:12"
[1] "Alabama is 26.5% complete."
[1] "Completed Alabama @ 2025-05-14 10:38:13"
[1] "Alabama is 26.8% complete."
[1] "Completed Alabama @ 2025-05-14 10:38:13"
[1] "Alabama is 27.1% complete."
[1] "Completed Alabama @ 2025-05-14 10:38:13"
[1] "Alabama is 27.4% complete."
[1] "Completed Alabama @ 2025-05-14 10:38:13"
[1] "Alabama is 27.7% complete."
[1] "Completed Alabama @ 2025-05-14 10:38:13"
[1] "Alabama is 28.1% complete."
[1] "Completed Alabama @ 2025-05-14 10:38:13"
[1] "Alabama is 28.4% complete."
[1] "Completed Alabama @ 2025-05-14 10:38:13"
[1] "Alabama is 28.7% complete."
[1] "Completed Alabama @ 2025-05-14 10:38:13"
[1] "Alabama is 29% complete."
[1] "Completed Alabama @ 2025-05-14 10:38:13"
[1] "Alabama is 29.4% complete."
[1] "Completed Alabama @ 2025-05-14 10:38:13"
[1] "Alabama is 29.7% complete."
[1] "Completed Alabama @ 2025-05-14 10:38:13"
[1] "Alabama is 30% complete."
[1] "Completed Alabama @ 2025-05-14 10:38:13"
[1] "Alabama is 30.3% complete."
[1] "Completed Alabama @ 2025-05-14 10:38:13"
[1] "Alabama is 30.6% complete."
[1] "Completed Alabama @ 2025-05-14 10:38:13"
[1] "Alabama is 31% complete."
[1] "Completed Alabama @ 2025-05-14 10:38:13"
[1] "Alabama is 31.3% complete."
[1] "Completed Alabama @ 2025-05-14 10:38:14"
[1] "Alabama is 31.6% complete."
[1] "Completed Alabama @ 2025-05-14 10:38:14"
[1] "Alabama is 31.9% complete."
[1] "Completed Alabama @ 2025-05-14 10:38:14"
[1] "Alabama is 32.3% complete."
[1] "Completed Alabama @ 2025-05-14 10:38:14"
[1] "Alabama is 32.6% complete."
[1] "Completed Alabama @ 2025-05-14 10:38:14"
[1] "Alabama is 32.9% complete."
[1] "Completed Alabama @ 2025-05-14 10:38:14"
[1] "Alabama is 33.2% complete."
[1] "Completed Alabama @ 2025-05-14 10:38:14"
[1] "Alabama is 33.5% complete."
[1] "Completed Alabama @ 2025-05-14 10:38:14"
[1] "Alabama is 33.9% complete."
[1] "Completed Alabama @ 2025-05-14 10:38:14"
[1] "Alabama is 34.2% complete."
[1] "Completed Alabama @ 2025-05-14 10:38:14"
[1] "Alabama is 34.5% complete."
[1] "Completed Alabama @ 2025-05-14 10:38:14"
[1] "Alabama is 34.8% complete."
[1] "Completed Alabama @ 2025-05-14 10:38:14"
[1] "Alabama is 35.2% complete."
[1] "Completed Alabama @ 2025-05-14 10:38:14"
[1] "Alabama is 35.5% complete."
[1] "Completed Alabama @ 2025-05-14 10:38:14"
[1] "Alabama is 35.8% complete."
[1] "Completed Alabama @ 2025-05-14 10:38:15"
[1] "Alabama is 36.1% complete."
[1] "Completed Alabama @ 2025-05-14 10:38:15"
[1] "Alabama is 36.5% complete."
[1] "Completed Alabama @ 2025-05-14 10:38:15"
[1] "Alabama is 36.8% complete."
[1] "Completed Alabama @ 2025-05-14 10:38:15"
[1] "Alabama is 37.1% complete."
[1] "Completed Alabama @ 2025-05-14 10:38:15"
[1] "Alabama is 37.4% complete."
[1] "Completed Alabama @ 2025-05-14 10:38:15"
[1] "Alabama is 37.7% complete."
[1] "Completed Alabama @ 2025-05-14 10:38:15"
[1] "Alabama is 38.1% complete."
[1] "Completed Alabama @ 2025-05-14 10:38:15"
[1] "Alabama is 38.4% complete."
[1] "Completed Alabama @ 2025-05-14 10:38:15"
[1] "Alabama is 38.7% complete."
[1] "Completed Alabama @ 2025-05-14 10:38:15"
[1] "Alabama is 39% complete."
[1] "Completed Alabama @ 2025-05-14 10:38:15"
[1] "Alabama is 39.4% complete."
[1] "Completed Alabama @ 2025-05-14 10:38:15"
[1] "Alabama is 39.7% complete."
[1] "Completed Alabama @ 2025-05-14 10:38:15"
[1] "Alabama is 40% complete."
[1] "Completed Alabama @ 2025-05-14 10:38:15"
[1] "Alabama is 40.3% complete."
[1] "Completed Alabama @ 2025-05-14 10:38:16"
[1] "Alabama is 40.6% complete."
[1] "Completed Alabama @ 2025-05-14 10:38:16"
[1] "Alabama is 41% complete."
[1] "Completed Alabama @ 2025-05-14 10:38:16"
[1] "Alabama is 41.3% complete."
[1] "Completed Alabama @ 2025-05-14 10:38:16"
[1] "Alabama is 41.6% complete."
[1] "Completed Alabama @ 2025-05-14 10:38:16"
[1] "Alabama is 41.9% complete."
[1] "Completed Alabama @ 2025-05-14 10:38:16"
[1] "Alabama is 42.3% complete."
[1] "Completed Alabama @ 2025-05-14 10:38:16"
[1] "Alabama is 42.6% complete."
[1] "Completed Alabama @ 2025-05-14 10:38:16"
[1] "Alabama is 42.9% complete."
[1] "Completed Alabama @ 2025-05-14 10:38:16"
[1] "Alabama is 43.2% complete."
[1] "Completed Alabama @ 2025-05-14 10:38:16"
[1] "Alabama is 43.5% complete."
[1] "Completed Alabama @ 2025-05-14 10:38:16"
[1] "Alabama is 43.9% complete."
[1] "Completed Alabama @ 2025-05-14 10:38:16"
[1] "Alabama is 44.2% complete."
[1] "Completed Alabama @ 2025-05-14 10:38:16"
[1] "Alabama is 44.5% complete."
[1] "Completed Alabama @ 2025-05-14 10:38:17"
[1] "Alabama is 44.8% complete."
[1] "Completed Alabama @ 2025-05-14 10:38:17"
[1] "Alabama is 45.2% complete."
[1] "Completed Alabama @ 2025-05-14 10:38:17"
[1] "Alabama is 45.5% complete."
[1] "Completed Alabama @ 2025-05-14 10:38:17"
[1] "Alabama is 45.8% complete."
[1] "Completed Alabama @ 2025-05-14 10:38:17"
[1] "Alabama is 46.1% complete."
[1] "Completed Alabama @ 2025-05-14 10:38:17"
[1] "Alabama is 46.5% complete."
[1] "Completed Alabama @ 2025-05-14 10:38:17"
[1] "Alabama is 46.8% complete."
[1] "Completed Alabama @ 2025-05-14 10:38:17"
[1] "Alabama is 47.1% complete."
[1] "Completed Alabama @ 2025-05-14 10:38:17"
[1] "Alabama is 47.4% complete."
[1] "Completed Alabama @ 2025-05-14 10:38:17"
[1] "Alabama is 47.7% complete."
[1] "Completed Alabama @ 2025-05-14 10:38:17"
[1] "Alabama is 48.1% complete."
[1] "Completed Alabama @ 2025-05-14 10:38:17"
[1] "Alabama is 48.4% complete."
[1] "Completed Alabama @ 2025-05-14 10:38:18"
[1] "Alabama is 48.7% complete."
[1] "Completed Alabama @ 2025-05-14 10:38:18"
[1] "Alabama is 49% complete."
[1] "Completed Alabama @ 2025-05-14 10:38:18"
[1] "Alabama is 49.4% complete."
[1] "Completed Alabama @ 2025-05-14 10:38:18"
[1] "Alabama is 49.7% complete."
[1] "Completed Alabama @ 2025-05-14 10:38:18"
[1] "Alabama is 50% complete."
[1] "Completed Alabama @ 2025-05-14 10:38:18"
[1] "Alabama is 50.3% complete."
[1] "Completed Alabama @ 2025-05-14 10:38:18"
[1] "Alabama is 50.6% complete."
[1] "Completed Alabama @ 2025-05-14 10:38:18"
[1] "Alabama is 51% complete."
[1] "Completed Alabama @ 2025-05-14 10:38:18"
[1] "Alabama is 51.3% complete."
[1] "Completed Alabama @ 2025-05-14 10:38:18"
[1] "Alabama is 51.6% complete."
[1] "Completed Alabama @ 2025-05-14 10:38:18"
[1] "Alabama is 51.9% complete."
[1] "Completed Alabama @ 2025-05-14 10:38:18"
[1] "Alabama is 52.3% complete."
[1] "Completed Alabama @ 2025-05-14 10:38:18"
[1] "Alabama is 52.6% complete."
[1] "Completed Alabama @ 2025-05-14 10:38:19"
[1] "Alabama is 52.9% complete."
[1] "Completed Alabama @ 2025-05-14 10:38:19"
[1] "Alabama is 53.2% complete."
[1] "Completed Alabama @ 2025-05-14 10:38:19"
[1] "Alabama is 53.5% complete."
[1] "Completed Alabama @ 2025-05-14 10:38:19"
[1] "Alabama is 53.9% complete."
[1] "Completed Alabama @ 2025-05-14 10:38:19"
[1] "Alabama is 54.2% complete."
[1] "Completed Alabama @ 2025-05-14 10:38:19"
[1] "Alabama is 54.5% complete."
[1] "Completed Alabama @ 2025-05-14 10:38:19"
[1] "Alabama is 54.8% complete."
[1] "Completed Alabama @ 2025-05-14 10:38:19"
[1] "Alabama is 55.2% complete."
[1] "Completed Alabama @ 2025-05-14 10:38:19"
[1] "Alabama is 55.5% complete."
[1] "Completed Alabama @ 2025-05-14 10:38:20"
[1] "Alabama is 55.8% complete."
[1] "Completed Alabama @ 2025-05-14 10:38:20"
[1] "Alabama is 56.1% complete."
[1] "Completed Alabama @ 2025-05-14 10:38:20"
[1] "Alabama is 56.5% complete."
[1] "Completed Alabama @ 2025-05-14 10:38:20"
[1] "Alabama is 56.8% complete."
[1] "Completed Alabama @ 2025-05-14 10:38:20"
[1] "Alabama is 57.1% complete."
[1] "Completed Alabama @ 2025-05-14 10:38:20"
[1] "Alabama is 57.4% complete."
[1] "Completed Alabama @ 2025-05-14 10:38:20"
[1] "Alabama is 57.7% complete."
[1] "Completed Alabama @ 2025-05-14 10:38:20"
[1] "Alabama is 58.1% complete."
[1] "Completed Alabama @ 2025-05-14 10:38:20"
[1] "Alabama is 58.4% complete."
[1] "Completed Alabama @ 2025-05-14 10:38:20"
[1] "Alabama is 58.7% complete."
[1] "Completed Alabama @ 2025-05-14 10:38:20"
[1] "Alabama is 59% complete."
[1] "Completed Alabama @ 2025-05-14 10:38:20"
[1] "Alabama is 59.4% complete."
[1] "Completed Alabama @ 2025-05-14 10:38:20"
[1] "Alabama is 59.7% complete."
[1] "Completed Alabama @ 2025-05-14 10:38:21"
[1] "Alabama is 60% complete."
[1] "Completed Alabama @ 2025-05-14 10:38:21"
[1] "Alabama is 60.3% complete."
[1] "Completed Alabama @ 2025-05-14 10:38:21"
[1] "Alabama is 60.6% complete."
[1] "Completed Alabama @ 2025-05-14 10:38:21"
[1] "Alabama is 61% complete."
[1] "Completed Alabama @ 2025-05-14 10:38:21"
[1] "Alabama is 61.3% complete."
[1] "Completed Alabama @ 2025-05-14 10:38:21"
[1] "Alabama is 61.6% complete."
[1] "Completed Alabama @ 2025-05-14 10:38:21"
[1] "Alabama is 61.9% complete."
[1] "Completed Alabama @ 2025-05-14 10:38:21"
[1] "Alabama is 62.3% complete."
[1] "Completed Alabama @ 2025-05-14 10:38:21"
[1] "Alabama is 62.6% complete."
[1] "Completed Alabama @ 2025-05-14 10:38:21"
[1] "Alabama is 62.9% complete."
[1] "Completed Alabama @ 2025-05-14 10:38:21"
[1] "Alabama is 63.2% complete."
[1] "Completed Alabama @ 2025-05-14 10:38:22"
[1] "Alabama is 63.5% complete."
[1] "Completed Alabama @ 2025-05-14 10:38:22"
[1] "Alabama is 63.9% complete."
[1] "Completed Alabama @ 2025-05-14 10:38:22"
[1] "Alabama is 64.2% complete."
[1] "Completed Alabama @ 2025-05-14 10:38:22"
[1] "Alabama is 64.5% complete."
[1] "Completed Alabama @ 2025-05-14 10:38:22"
[1] "Alabama is 64.8% complete."
[1] "Completed Alabama @ 2025-05-14 10:38:22"
[1] "Alabama is 65.2% complete."
[1] "Completed Alabama @ 2025-05-14 10:38:22"
[1] "Alabama is 65.5% complete."
[1] "Completed Alabama @ 2025-05-14 10:38:22"
[1] "Alabama is 65.8% complete."
[1] "Completed Alabama @ 2025-05-14 10:38:22"
[1] "Alabama is 66.1% complete."
[1] "Completed Alabama @ 2025-05-14 10:38:23"
[1] "Alabama is 66.5% complete."
[1] "Completed Alabama @ 2025-05-14 10:38:23"
[1] "Alabama is 66.8% complete."
[1] "Completed Alabama @ 2025-05-14 10:38:23"
[1] "Alabama is 67.1% complete."
[1] "Completed Alabama @ 2025-05-14 10:38:23"
[1] "Alabama is 67.4% complete."
[1] "Completed Alabama @ 2025-05-14 10:38:23"
[1] "Alabama is 67.7% complete."
[1] "Completed Alabama @ 2025-05-14 10:38:23"
[1] "Alabama is 68.1% complete."
[1] "Completed Alabama @ 2025-05-14 10:38:23"
[1] "Alabama is 68.4% complete."
[1] "Completed Alabama @ 2025-05-14 10:38:23"
[1] "Alabama is 68.7% complete."
[1] "Completed Alabama @ 2025-05-14 10:38:24"
[1] "Alabama is 69% complete."
[1] "Completed Alabama @ 2025-05-14 10:38:24"
[1] "Alabama is 69.4% complete."
[1] "Completed Alabama @ 2025-05-14 10:38:24"
[1] "Alabama is 69.7% complete."
[1] "Completed Alabama @ 2025-05-14 10:38:24"
[1] "Alabama is 70% complete."
[1] "Completed Alabama @ 2025-05-14 10:38:24"
[1] "Alabama is 70.3% complete."
[1] "Completed Alabama @ 2025-05-14 10:38:24"
[1] "Alabama is 70.6% complete."
[1] "Completed Alabama @ 2025-05-14 10:38:24"
[1] "Alabama is 71% complete."
[1] "Completed Alabama @ 2025-05-14 10:38:24"
[1] "Alabama is 71.3% complete."
[1] "Completed Alabama @ 2025-05-14 10:38:25"
[1] "Alabama is 71.6% complete."
[1] "Completed Alabama @ 2025-05-14 10:38:25"
[1] "Alabama is 71.9% complete."
[1] "Completed Alabama @ 2025-05-14 10:38:25"
[1] "Alabama is 72.3% complete."
[1] "Completed Alabama @ 2025-05-14 10:38:25"
[1] "Alabama is 72.6% complete."
[1] "Completed Alabama @ 2025-05-14 10:38:25"
[1] "Alabama is 72.9% complete."
[1] "Completed Alabama @ 2025-05-14 10:38:25"
[1] "Alabama is 73.2% complete."
[1] "Completed Alabama @ 2025-05-14 10:38:25"
[1] "Alabama is 73.5% complete."
[1] "Completed Alabama @ 2025-05-14 10:38:26"
[1] "Alabama is 73.9% complete."
[1] "Completed Alabama @ 2025-05-14 10:38:26"
[1] "Alabama is 74.2% complete."
[1] "Completed Alabama @ 2025-05-14 10:38:26"
[1] "Alabama is 74.5% complete."
[1] "Completed Alabama @ 2025-05-14 10:38:26"
[1] "Alabama is 74.8% complete."
[1] "Completed Alabama @ 2025-05-14 10:38:26"
[1] "Alabama is 75.2% complete."
[1] "Completed Alabama @ 2025-05-14 10:38:26"
[1] "Alabama is 75.5% complete."
[1] "Completed Alabama @ 2025-05-14 10:38:26"
[1] "Alabama is 75.8% complete."
[1] "Completed Alabama @ 2025-05-14 10:38:26"
[1] "Alabama is 76.1% complete."
[1] "Completed Alabama @ 2025-05-14 10:38:26"
[1] "Alabama is 76.5% complete."
[1] "Completed Alabama @ 2025-05-14 10:38:26"
[1] "Alabama is 76.8% complete."
[1] "Completed Alabama @ 2025-05-14 10:38:27"
[1] "Alabama is 77.1% complete."
[1] "Completed Alabama @ 2025-05-14 10:38:27"
[1] "Alabama is 77.4% complete."
[1] "Completed Alabama @ 2025-05-14 10:38:27"
[1] "Alabama is 77.7% complete."
[1] "Completed Alabama @ 2025-05-14 10:38:27"
[1] "Alabama is 78.1% complete."
[1] "Completed Alabama @ 2025-05-14 10:38:27"
[1] "Alabama is 78.4% complete."
[1] "Completed Alabama @ 2025-05-14 10:38:27"
[1] "Alabama is 78.7% complete."
[1] "Completed Alabama @ 2025-05-14 10:38:28"
[1] "Alabama is 79% complete."
[1] "Completed Alabama @ 2025-05-14 10:38:28"
[1] "Alabama is 79.4% complete."
[1] "Completed Alabama @ 2025-05-14 10:38:28"
[1] "Alabama is 79.7% complete."
[1] "Completed Alabama @ 2025-05-14 10:38:28"
[1] "Alabama is 80% complete."
[1] "Completed Alabama @ 2025-05-14 10:38:28"
[1] "Alabama is 80.3% complete."
[1] "Completed Alabama @ 2025-05-14 10:38:28"
[1] "Alabama is 80.6% complete."
[1] "Completed Alabama @ 2025-05-14 10:38:28"
[1] "Alabama is 81% complete."
[1] "Completed Alabama @ 2025-05-14 10:38:28"
[1] "Alabama is 81.3% complete."
[1] "Completed Alabama @ 2025-05-14 10:38:29"
[1] "Alabama is 81.6% complete."
[1] "Completed Alabama @ 2025-05-14 10:38:29"
[1] "Alabama is 81.9% complete."
[1] "Completed Alabama @ 2025-05-14 10:38:29"
[1] "Alabama is 82.3% complete."
[1] "Completed Alabama @ 2025-05-14 10:38:29"
[1] "Alabama is 82.6% complete."
[1] "Completed Alabama @ 2025-05-14 10:38:29"
[1] "Alabama is 82.9% complete."
[1] "Completed Alabama @ 2025-05-14 10:38:29"
[1] "Alabama is 83.2% complete."
[1] "Completed Alabama @ 2025-05-14 10:38:30"
[1] "Alabama is 83.5% complete."
[1] "Completed Alabama @ 2025-05-14 10:38:30"
[1] "Alabama is 83.9% complete."
[1] "Completed Alabama @ 2025-05-14 10:38:30"
[1] "Alabama is 84.2% complete."
[1] "Completed Alabama @ 2025-05-14 10:38:30"
[1] "Alabama is 84.5% complete."
[1] "Completed Alabama @ 2025-05-14 10:38:30"
[1] "Alabama is 84.8% complete."
[1] "Completed Alabama @ 2025-05-14 10:38:30"
[1] "Alabama is 85.2% complete."
[1] "Completed Alabama @ 2025-05-14 10:38:31"
[1] "Alabama is 85.5% complete."
[1] "Completed Alabama @ 2025-05-14 10:38:31"
[1] "Alabama is 85.8% complete."
[1] "Completed Alabama @ 2025-05-14 10:38:31"
[1] "Alabama is 86.1% complete."
[1] "Completed Alabama @ 2025-05-14 10:38:31"
[1] "Alabama is 86.5% complete."
[1] "Completed Alabama @ 2025-05-14 10:38:31"
[1] "Alabama is 86.8% complete."
[1] "Completed Alabama @ 2025-05-14 10:38:31"
[1] "Alabama is 87.1% complete."
[1] "Completed Alabama @ 2025-05-14 10:38:31"
[1] "Alabama is 87.4% complete."
[1] "Completed Alabama @ 2025-05-14 10:38:32"
[1] "Alabama is 87.7% complete."
[1] "Completed Alabama @ 2025-05-14 10:38:32"
[1] "Alabama is 88.1% complete."
[1] "Completed Alabama @ 2025-05-14 10:38:32"
[1] "Alabama is 88.4% complete."
[1] "Completed Alabama @ 2025-05-14 10:38:32"
[1] "Alabama is 88.7% complete."
[1] "Completed Alabama @ 2025-05-14 10:38:32"
[1] "Alabama is 89% complete."
[1] "Completed Alabama @ 2025-05-14 10:38:33"
[1] "Alabama is 89.4% complete."
[1] "Completed Alabama @ 2025-05-14 10:38:33"
[1] "Alabama is 89.7% complete."
[1] "Completed Alabama @ 2025-05-14 10:38:33"
[1] "Alabama is 90% complete."
[1] "Completed Alabama @ 2025-05-14 10:38:33"
[1] "Alabama is 90.3% complete."
[1] "Completed Alabama @ 2025-05-14 10:38:33"
[1] "Alabama is 90.6% complete."
[1] "Completed Alabama @ 2025-05-14 10:38:33"
[1] "Alabama is 91% complete."
[1] "Completed Alabama @ 2025-05-14 10:38:33"
[1] "Alabama is 91.3% complete."
[1] "Completed Alabama @ 2025-05-14 10:38:34"
[1] "Alabama is 91.6% complete."
[1] "Completed Alabama @ 2025-05-14 10:38:34"
[1] "Alabama is 91.9% complete."
[1] "Completed Alabama @ 2025-05-14 10:38:34"
[1] "Alabama is 92.3% complete."
[1] "Completed Alabama @ 2025-05-14 10:38:34"
[1] "Alabama is 92.6% complete."
[1] "Completed Alabama @ 2025-05-14 10:38:34"
[1] "Alabama is 92.9% complete."
[1] "Completed Alabama @ 2025-05-14 10:38:34"
[1] "Alabama is 93.2% complete."
[1] "Completed Alabama @ 2025-05-14 10:38:34"
[1] "Alabama is 93.5% complete."
[1] "Completed Alabama @ 2025-05-14 10:38:35"
[1] "Alabama is 93.9% complete."
[1] "Completed Alabama @ 2025-05-14 10:38:35"
[1] "Alabama is 94.2% complete."
[1] "Completed Alabama @ 2025-05-14 10:38:35"
[1] "Alabama is 94.5% complete."
[1] "Completed Alabama @ 2025-05-14 10:38:35"
[1] "Alabama is 94.8% complete."
[1] "Completed Alabama @ 2025-05-14 10:38:36"
[1] "Alabama is 95.2% complete."
[1] "Completed Alabama @ 2025-05-14 10:38:36"
[1] "Alabama is 95.5% complete."
[1] "Completed Alabama @ 2025-05-14 10:38:36"
[1] "Alabama is 95.8% complete."
[1] "Completed Alabama @ 2025-05-14 10:38:37"
[1] "Alabama is 96.1% complete."
[1] "Completed Alabama @ 2025-05-14 10:38:37"
[1] "Alabama is 96.5% complete."
[1] "Completed Alabama @ 2025-05-14 10:38:37"
[1] "Alabama is 96.8% complete."
[1] "Completed Alabama @ 2025-05-14 10:38:38"
[1] "Alabama is 97.1% complete."
[1] "Completed Alabama @ 2025-05-14 10:38:38"
[1] "Alabama is 97.4% complete."
[1] "Completed Alabama @ 2025-05-14 10:38:38"
[1] "Alabama is 97.7% complete."
[1] "Completed Alabama @ 2025-05-14 10:38:39"
[1] "Alabama is 98.1% complete."
[1] "Completed Alabama @ 2025-05-14 10:38:39"
[1] "Alabama is 98.4% complete."
[1] "Completed Alabama @ 2025-05-14 10:38:40"
[1] "Alabama is 98.7% complete."
[1] "Completed Alabama @ 2025-05-14 10:38:40"
[1] "Alabama is 99% complete."
[1] "Completed Alabama @ 2025-05-14 10:38:40"
[1] "Alabama is 99.4% complete."
[1] "Completed Alabama @ 2025-05-14 10:38:41"
[1] "Alabama is 99.7% complete."
[1] "Completed Alabama @ 2025-05-14 10:38:42"
[1] "Alabama is 100% complete."
[1] "Completed Alabama @ 2025-05-14 10:38:44"
Deleting layer `Pop' using driver `GPKG'
Writing layer `Pop' to data source 
  `/work/GRDVULN/sewershed/Model/Create_Boundaries/outputs/Pop_Delineated/FP_01.gpkg' using driver `GPKG'
Writing 310 features with 10 fields and geometry type Unknown (any).
[1] "SCRIPT COMPLETE @ 2025-05-14 10:39:00"
