[1] "Starting Alaska"
Reading layer `cb_2021_us_state_500k' from data source 
  `/work/GRDVULN/data/cb_2021_us_all_500k.gdb' using driver `OpenFileGDB'
Simple feature collection with 56 features and 9 fields
Geometry type: MULTIPOLYGON
Dimension:     XY
Bounding box:  xmin: -179.1489 ymin: -14.5487 xmax: 179.7785 ymax: 71.36516
Geodetic CRS:  NAD83
[1] "Building 146 systems"
[1] "Alaska is 0.7% complete."
[1] "Completed Alaska @ 2025-05-14 10:36:59"
[1] "Alaska is 1.4% complete."
[1] "Completed Alaska @ 2025-05-14 10:37:00"
[1] "Alaska is 2.1% complete."
[1] "Completed Alaska @ 2025-05-14 10:37:00"
[1] "Alaska is 2.7% complete."
[1] "Completed Alaska @ 2025-05-14 10:37:01"
[1] "Alaska is 3.4% complete."
[1] "Completed Alaska @ 2025-05-14 10:37:01"
[1] "Alaska is 4.1% complete."
[1] "Completed Alaska @ 2025-05-14 10:37:01"
[1] "Alaska is 4.8% complete."
[1] "Completed Alaska @ 2025-05-14 10:37:09"
[1] "Alaska is 5.5% complete."
[1] "Completed Alaska @ 2025-05-14 10:37:09"
[1] "Alaska is 6.2% complete."
[1] "Completed Alaska @ 2025-05-14 10:37:10"
[1] "Alaska is 6.8% complete."
[1] "Completed Alaska @ 2025-05-14 10:37:10"
[1] "Alaska is 7.5% complete."
[1] "Completed Alaska @ 2025-05-14 10:37:10"
[1] "Alaska is 8.2% complete."
[1] "Completed Alaska @ 2025-05-14 10:37:10"
[1] "Alaska is 8.9% complete."
[1] "Completed Alaska @ 2025-05-14 10:37:11"
[1] "Alaska is 9.6% complete."
[1] "Completed Alaska @ 2025-05-14 10:37:11"
[1] "Alaska is 10.3% complete."
[1] "Completed Alaska @ 2025-05-14 10:37:11"
[1] "Alaska is 11% complete."
[1] "Completed Alaska @ 2025-05-14 10:37:11"
[1] "Alaska is 11.6% complete."
[1] "Completed Alaska @ 2025-05-14 10:37:11"
[1] "Alaska is 12.3% complete."
[1] "Completed Alaska @ 2025-05-14 10:37:12"
[1] "Alaska is 13% complete."
[1] "Completed Alaska @ 2025-05-14 10:37:12"
[1] "Alaska is 13.7% complete."
[1] "Completed Alaska @ 2025-05-14 10:37:12"
[1] "Alaska is 14.4% complete."
[1] "Completed Alaska @ 2025-05-14 10:37:12"
[1] "Alaska is 15.1% complete."
[1] "Completed Alaska @ 2025-05-14 10:37:13"
[1] "Alaska is 15.8% complete."
[1] "Completed Alaska @ 2025-05-14 10:37:13"
[1] "Alaska is 16.4% complete."
[1] "Completed Alaska @ 2025-05-14 10:37:13"
[1] "Alaska is 17.1% complete."
[1] "Completed Alaska @ 2025-05-14 10:37:13"
[1] "Alaska is 17.8% complete."
[1] "Completed Alaska @ 2025-05-14 10:37:13"
[1] "Alaska is 18.5% complete."
[1] "Completed Alaska @ 2025-05-14 10:37:14"
[1] "Alaska is 19.2% complete."
[1] "Completed Alaska @ 2025-05-14 10:37:14"
[1] "Alaska is 19.9% complete."
[1] "Completed Alaska @ 2025-05-14 10:37:14"
[1] "Alaska is 20.5% complete."
[1] "Completed Alaska @ 2025-05-14 10:37:14"
[1] "Alaska is 21.2% complete."
[1] "Completed Alaska @ 2025-05-14 10:37:14"
[1] "Alaska is 21.9% complete."
[1] "Completed Alaska @ 2025-05-14 10:37:14"
[1] "Alaska is 22.6% complete."
[1] "Completed Alaska @ 2025-05-14 10:37:15"
[1] "Alaska is 23.3% complete."
[1] "Completed Alaska @ 2025-05-14 10:37:15"
[1] "Alaska is 24% complete."
[1] "Completed Alaska @ 2025-05-14 10:37:15"
[1] "Alaska is 24.7% complete."
[1] "Completed Alaska @ 2025-05-14 10:37:15"
[1] "Alaska is 25.3% complete."
[1] "Completed Alaska @ 2025-05-14 10:37:15"
[1] "Alaska is 26% complete."
[1] "Completed Alaska @ 2025-05-14 10:37:15"
[1] "Alaska is 26.7% complete."
[1] "Completed Alaska @ 2025-05-14 10:37:16"
[1] "Alaska is 27.4% complete."
[1] "Completed Alaska @ 2025-05-14 10:37:16"
[1] "Alaska is 28.1% complete."
[1] "Completed Alaska @ 2025-05-14 10:37:16"
[1] "Alaska is 28.8% complete."
[1] "Completed Alaska @ 2025-05-14 10:37:16"
[1] "Alaska is 29.5% complete."
[1] "Completed Alaska @ 2025-05-14 10:37:16"
[1] "Alaska is 30.1% complete."
[1] "Completed Alaska @ 2025-05-14 10:37:16"
[1] "Alaska is 30.8% complete."
[1] "Completed Alaska @ 2025-05-14 10:37:17"
[1] "Alaska is 31.5% complete."
[1] "Completed Alaska @ 2025-05-14 10:37:17"
[1] "Alaska is 32.2% complete."
[1] "Completed Alaska @ 2025-05-14 10:37:17"
[1] "Alaska is 32.9% complete."
[1] "Completed Alaska @ 2025-05-14 10:37:17"
[1] "Alaska is 33.6% complete."
[1] "Completed Alaska @ 2025-05-14 10:37:17"
[1] "Alaska is 34.2% complete."
[1] "Completed Alaska @ 2025-05-14 10:37:18"
[1] "Alaska is 34.9% complete."
[1] "Completed Alaska @ 2025-05-14 10:37:19"
[1] "Alaska is 35.6% complete."
[1] "Completed Alaska @ 2025-05-14 10:37:19"
[1] "Alaska is 36.3% complete."
[1] "Completed Alaska @ 2025-05-14 10:37:20"
[1] "Alaska is 37% complete."
[1] "Completed Alaska @ 2025-05-14 10:37:20"
[1] "Alaska is 37.7% complete."
[1] "Completed Alaska @ 2025-05-14 10:37:20"
[1] "Alaska is 38.4% complete."
[1] "Completed Alaska @ 2025-05-14 10:37:20"
[1] "Alaska is 39% complete."
[1] "Completed Alaska @ 2025-05-14 10:37:20"
[1] "Alaska is 39.7% complete."
[1] "Completed Alaska @ 2025-05-14 10:37:20"
[1] "Alaska is 40.4% complete."
[1] "Completed Alaska @ 2025-05-14 10:37:21"
[1] "Alaska is 41.1% complete."
[1] "Completed Alaska @ 2025-05-14 10:37:21"
[1] "Alaska is 41.8% complete."
[1] "Completed Alaska @ 2025-05-14 10:37:21"
[1] "Alaska is 42.5% complete."
[1] "Completed Alaska @ 2025-05-14 10:37:21"
[1] "Alaska is 43.2% complete."
[1] "Completed Alaska @ 2025-05-14 10:37:21"
[1] "Alaska is 43.8% complete."
[1] "Completed Alaska @ 2025-05-14 10:37:22"
[1] "Alaska is 44.5% complete."
[1] "Completed Alaska @ 2025-05-14 10:37:22"
[1] "Alaska is 45.2% complete."
[1] "Completed Alaska @ 2025-05-14 10:37:22"
[1] "Alaska is 45.9% complete."
[1] "Completed Alaska @ 2025-05-14 10:37:22"
[1] "Alaska is 46.6% complete."
[1] "Completed Alaska @ 2025-05-14 10:37:22"
[1] "Alaska is 47.3% complete."
[1] "Completed Alaska @ 2025-05-14 10:37:22"
[1] "Alaska is 47.9% complete."
[1] "Completed Alaska @ 2025-05-14 10:37:23"
[1] "Alaska is 48.6% complete."
[1] "Completed Alaska @ 2025-05-14 10:37:23"
[1] "Alaska is 49.3% complete."
[1] "Completed Alaska @ 2025-05-14 10:37:23"
[1] "Alaska is 50% complete."
[1] "Completed Alaska @ 2025-05-14 10:37:23"
[1] "Alaska is 50.7% complete."
[1] "Completed Alaska @ 2025-05-14 10:37:23"
[1] "Alaska is 51.4% complete."
[1] "Completed Alaska @ 2025-05-14 10:37:24"
[1] "Alaska is 52.1% complete."
[1] "Completed Alaska @ 2025-05-14 10:37:24"
[1] "Alaska is 52.7% complete."
[1] "Completed Alaska @ 2025-05-14 10:37:24"
[1] "Alaska is 53.4% complete."
[1] "Completed Alaska @ 2025-05-14 10:37:24"
[1] "Alaska is 54.1% complete."
[1] "Completed Alaska @ 2025-05-14 10:37:25"
[1] "Alaska is 54.8% complete."
[1] "Completed Alaska @ 2025-05-14 10:37:25"
[1] "Alaska is 55.5% complete."
[1] "Completed Alaska @ 2025-05-14 10:37:26"
[1] "Alaska is 56.2% complete."
[1] "Completed Alaska @ 2025-05-14 10:37:26"
[1] "Alaska is 56.8% complete."
[1] "Completed Alaska @ 2025-05-14 10:37:26"
[1] "Alaska is 57.5% complete."
[1] "Completed Alaska @ 2025-05-14 10:37:26"
[1] "Alaska is 58.2% complete."
[1] "Completed Alaska @ 2025-05-14 10:37:27"
[1] "Alaska is 58.9% complete."
[1] "Completed Alaska @ 2025-05-14 10:37:27"
[1] "Alaska is 59.6% complete."
[1] "Completed Alaska @ 2025-05-14 10:37:27"
[1] "Alaska is 60.3% complete."
[1] "Completed Alaska @ 2025-05-14 10:37:27"
[1] "Alaska is 61% complete."
[1] "Completed Alaska @ 2025-05-14 10:37:27"
[1] "Alaska is 61.6% complete."
[1] "Completed Alaska @ 2025-05-14 10:37:27"
[1] "Alaska is 62.3% complete."
[1] "Completed Alaska @ 2025-05-14 10:37:28"
[1] "Alaska is 63% complete."
[1] "Completed Alaska @ 2025-05-14 10:37:28"
[1] "Alaska is 63.7% complete."
[1] "Completed Alaska @ 2025-05-14 10:37:28"
[1] "Alaska is 64.4% complete."
[1] "Completed Alaska @ 2025-05-14 10:37:28"
[1] "Alaska is 65.1% complete."
[1] "Completed Alaska @ 2025-05-14 10:37:28"
[1] "Alaska is 65.8% complete."
[1] "Completed Alaska @ 2025-05-14 10:37:28"
[1] "Alaska is 66.4% complete."
[1] "Completed Alaska @ 2025-05-14 10:37:29"
[1] "Alaska is 67.1% complete."
[1] "Completed Alaska @ 2025-05-14 10:37:29"
[1] "Alaska is 67.8% complete."
[1] "Completed Alaska @ 2025-05-14 10:37:29"
[1] "Alaska is 68.5% complete."
[1] "Completed Alaska @ 2025-05-14 10:37:29"
[1] "Alaska is 69.2% complete."
[1] "Completed Alaska @ 2025-05-14 10:37:29"
[1] "Alaska is 69.9% complete."
[1] "Completed Alaska @ 2025-05-14 10:37:29"
[1] "Alaska is 70.5% complete."
[1] "Completed Alaska @ 2025-05-14 10:37:30"
[1] "Alaska is 71.2% complete."
[1] "Completed Alaska @ 2025-05-14 10:37:30"
[1] "Alaska is 71.9% complete."
[1] "Completed Alaska @ 2025-05-14 10:37:30"
[1] "Alaska is 72.6% complete."
[1] "Completed Alaska @ 2025-05-14 10:37:30"
[1] "Alaska is 73.3% complete."
[1] "Completed Alaska @ 2025-05-14 10:37:30"
[1] "Alaska is 74% complete."
[1] "Completed Alaska @ 2025-05-14 10:37:30"
[1] "Alaska is 74.7% complete."
[1] "Completed Alaska @ 2025-05-14 10:37:31"
[1] "Alaska is 75.3% complete."
[1] "Completed Alaska @ 2025-05-14 10:37:31"
[1] "Alaska is 76% complete."
[1] "Completed Alaska @ 2025-05-14 10:37:31"
[1] "Alaska is 76.7% complete."
[1] "Completed Alaska @ 2025-05-14 10:37:31"
[1] "Alaska is 77.4% complete."
[1] "Completed Alaska @ 2025-05-14 10:37:31"
[1] "Alaska is 78.1% complete."
[1] "Completed Alaska @ 2025-05-14 10:37:32"
[1] "Alaska is 78.8% complete."
[1] "Completed Alaska @ 2025-05-14 10:37:32"
[1] "Alaska is 79.5% complete."
[1] "Completed Alaska @ 2025-05-14 10:37:32"
[1] "Alaska is 80.1% complete."
[1] "Completed Alaska @ 2025-05-14 10:37:32"
[1] "Alaska is 80.8% complete."
[1] "Completed Alaska @ 2025-05-14 10:37:32"
[1] "Alaska is 81.5% complete."
[1] "Completed Alaska @ 2025-05-14 10:37:32"
[1] "Alaska is 82.2% complete."
[1] "Completed Alaska @ 2025-05-14 10:37:33"
[1] "Alaska is 82.9% complete."
[1] "Completed Alaska @ 2025-05-14 10:37:33"
[1] "Alaska is 83.6% complete."
[1] "Completed Alaska @ 2025-05-14 10:37:33"
[1] "Alaska is 84.2% complete."
[1] "Completed Alaska @ 2025-05-14 10:37:33"
[1] "Alaska is 84.9% complete."
[1] "Completed Alaska @ 2025-05-14 10:37:34"
[1] "Alaska is 85.6% complete."
[1] "Completed Alaska @ 2025-05-14 10:37:34"
[1] "Alaska is 86.3% complete."
[1] "Completed Alaska @ 2025-05-14 10:37:34"
[1] "Alaska is 87% complete."
[1] "Completed Alaska @ 2025-05-14 10:37:34"
[1] "Alaska is 87.7% complete."
[1] "Completed Alaska @ 2025-05-14 10:37:34"
[1] "Alaska is 88.4% complete."
[1] "Completed Alaska @ 2025-05-14 10:37:35"
[1] "Alaska is 89% complete."
[1] "Completed Alaska @ 2025-05-14 10:37:35"
[1] "Alaska is 89.7% complete."
[1] "Completed Alaska @ 2025-05-14 10:37:35"
[1] "Alaska is 90.4% complete."
[1] "Completed Alaska @ 2025-05-14 10:37:35"
[1] "Alaska is 91.1% complete."
[1] "Completed Alaska @ 2025-05-14 10:37:35"
[1] "Alaska is 91.8% complete."
[1] "Completed Alaska @ 2025-05-14 10:37:35"
[1] "Alaska is 92.5% complete."
[1] "Completed Alaska @ 2025-05-14 10:37:36"
[1] "Alaska is 93.2% complete."
[1] "Completed Alaska @ 2025-05-14 10:37:36"
[1] "Alaska is 93.8% complete."
[1] "Completed Alaska @ 2025-05-14 10:37:36"
[1] "Alaska is 94.5% complete."
[1] "Completed Alaska @ 2025-05-14 10:37:36"
[1] "Alaska is 95.2% complete."
[1] "Completed Alaska @ 2025-05-14 10:37:36"
[1] "Alaska is 95.9% complete."
[1] "Completed Alaska @ 2025-05-14 10:37:37"
[1] "Alaska is 96.6% complete."
[1] "Completed Alaska @ 2025-05-14 10:37:37"
[1] "Alaska is 97.3% complete."
[1] "Completed Alaska @ 2025-05-14 10:37:37"
[1] "Alaska is 97.9% complete."
[1] "Completed Alaska @ 2025-05-14 10:37:38"
[1] "Alaska is 98.6% complete."
[1] "Completed Alaska @ 2025-05-14 10:37:38"
[1] "Alaska is 99.3% complete."
[1] "Completed Alaska @ 2025-05-14 10:37:39"
[1] "Alaska is 100% complete."
[1] "Completed Alaska @ 2025-05-14 10:37:39"
Deleting layer `Pop' using driver `GPKG'
Writing layer `Pop' to data source 
  `/work/GRDVULN/sewershed/Model/Create_Boundaries/outputs/Pop_Delineated/FP_02.gpkg' using driver `GPKG'
Writing 146 features with 10 fields and geometry type Unknown (any).
[1] "SCRIPT COMPLETE @ 2025-05-14 10:37:42"
