[1] "Starting Arizona"
Reading layer `cb_2021_us_state_500k' from data source 
  `/work/GRDVULN/data/cb_2021_us_all_500k.gdb' using driver `OpenFileGDB'
Simple feature collection with 56 features and 9 fields
Geometry type: MULTIPOLYGON
Dimension:     XY
Bounding box:  xmin: -179.1489 ymin: -14.5487 xmax: 179.7785 ymax: 71.36516
Geodetic CRS:  NAD83
[1] "Building 103 systems"
[1] "Arizona is 1% complete."
[1] "Completed Arizona @ 2025-05-14 10:36:59"
[1] "Arizona is 1.9% complete."
[1] "Completed Arizona @ 2025-05-14 10:36:59"
[1] "Arizona is 2.9% complete."
[1] "Completed Arizona @ 2025-05-14 10:36:59"
[1] "Arizona is 3.9% complete."
[1] "Completed Arizona @ 2025-05-14 10:36:59"
[1] "Arizona is 4.9% complete."
[1] "Completed Arizona @ 2025-05-14 10:36:59"
[1] "Arizona is 5.8% complete."
[1] "Completed Arizona @ 2025-05-14 10:37:00"
[1] "Arizona is 6.8% complete."
[1] "Completed Arizona @ 2025-05-14 10:37:01"
[1] "Arizona is 7.8% complete."
[1] "Completed Arizona @ 2025-05-14 10:37:01"
[1] "Arizona is 8.7% complete."
[1] "Completed Arizona @ 2025-05-14 10:37:01"
[1] "Arizona is 9.7% complete."
[1] "Completed Arizona @ 2025-05-14 10:37:01"
[1] "Arizona is 10.7% complete."
[1] "Completed Arizona @ 2025-05-14 10:37:01"
[1] "Arizona is 11.7% complete."
[1] "Completed Arizona @ 2025-05-14 10:37:01"
[1] "Arizona is 12.6% complete."
[1] "Completed Arizona @ 2025-05-14 10:37:09"
[1] "Arizona is 13.6% complete."
[1] "Completed Arizona @ 2025-05-14 10:37:09"
[1] "Arizona is 14.6% complete."
[1] "Completed Arizona @ 2025-05-14 10:37:09"
[1] "Arizona is 15.5% complete."
[1] "Completed Arizona @ 2025-05-14 10:37:10"
[1] "Arizona is 16.5% complete."
[1] "Completed Arizona @ 2025-05-14 10:37:10"
[1] "Arizona is 17.5% complete."
[1] "Completed Arizona @ 2025-05-14 10:37:10"
[1] "Arizona is 18.4% complete."
[1] "Completed Arizona @ 2025-05-14 10:37:10"
[1] "Arizona is 19.4% complete."
[1] "Completed Arizona @ 2025-05-14 10:37:10"
[1] "Arizona is 20.4% complete."
[1] "Completed Arizona @ 2025-05-14 10:37:10"
[1] "Arizona is 21.4% complete."
[1] "Completed Arizona @ 2025-05-14 10:37:11"
[1] "Arizona is 22.3% complete."
[1] "Completed Arizona @ 2025-05-14 10:37:11"
[1] "Arizona is 23.3% complete."
[1] "Completed Arizona @ 2025-05-14 10:37:11"
[1] "Arizona is 24.3% complete."
[1] "Completed Arizona @ 2025-05-14 10:37:11"
[1] "Arizona is 25.2% complete."
[1] "Completed Arizona @ 2025-05-14 10:37:11"
[1] "Arizona is 26.2% complete."
[1] "Completed Arizona @ 2025-05-14 10:37:11"
[1] "Arizona is 27.2% complete."
[1] "Completed Arizona @ 2025-05-14 10:37:11"
[1] "Arizona is 28.2% complete."
[1] "Completed Arizona @ 2025-05-14 10:37:11"
[1] "Arizona is 29.1% complete."
[1] "Completed Arizona @ 2025-05-14 10:37:11"
[1] "Arizona is 30.1% complete."
[1] "Completed Arizona @ 2025-05-14 10:37:11"
[1] "Arizona is 31.1% complete."
[1] "Completed Arizona @ 2025-05-14 10:37:11"
[1] "Arizona is 32% complete."
[1] "Completed Arizona @ 2025-05-14 10:37:12"
[1] "Arizona is 33% complete."
[1] "Completed Arizona @ 2025-05-14 10:37:12"
[1] "Arizona is 34% complete."
[1] "Completed Arizona @ 2025-05-14 10:37:12"
[1] "Arizona is 35% complete."
[1] "Completed Arizona @ 2025-05-14 10:37:12"
[1] "Arizona is 35.9% complete."
[1] "Completed Arizona @ 2025-05-14 10:37:12"
[1] "Arizona is 36.9% complete."
[1] "Completed Arizona @ 2025-05-14 10:37:12"
[1] "Arizona is 37.9% complete."
[1] "Completed Arizona @ 2025-05-14 10:37:13"
[1] "Arizona is 38.8% complete."
[1] "Completed Arizona @ 2025-05-14 10:37:13"
[1] "Arizona is 39.8% complete."
[1] "Completed Arizona @ 2025-05-14 10:37:13"
[1] "Arizona is 40.8% complete."
[1] "Completed Arizona @ 2025-05-14 10:37:13"
[1] "Arizona is 41.7% complete."
[1] "Completed Arizona @ 2025-05-14 10:37:14"
[1] "Arizona is 42.7% complete."
[1] "Completed Arizona @ 2025-05-14 10:37:14"
[1] "Arizona is 43.7% complete."
[1] "Completed Arizona @ 2025-05-14 10:37:14"
[1] "Arizona is 44.7% complete."
[1] "Completed Arizona @ 2025-05-14 10:37:14"
[1] "Arizona is 45.6% complete."
[1] "Completed Arizona @ 2025-05-14 10:37:14"
[1] "Arizona is 46.6% complete."
[1] "Completed Arizona @ 2025-05-14 10:37:14"
[1] "Arizona is 47.6% complete."
[1] "Completed Arizona @ 2025-05-14 10:37:15"
[1] "Arizona is 48.5% complete."
[1] "Completed Arizona @ 2025-05-14 10:37:15"
[1] "Arizona is 49.5% complete."
[1] "Completed Arizona @ 2025-05-14 10:37:15"
[1] "Arizona is 50.5% complete."
[1] "Completed Arizona @ 2025-05-14 10:37:15"
[1] "Arizona is 51.5% complete."
[1] "Completed Arizona @ 2025-05-14 10:37:15"
[1] "Arizona is 52.4% complete."
[1] "Completed Arizona @ 2025-05-14 10:37:15"
[1] "Arizona is 53.4% complete."
[1] "Completed Arizona @ 2025-05-14 10:37:16"
[1] "Arizona is 54.4% complete."
[1] "Completed Arizona @ 2025-05-14 10:37:16"
[1] "Arizona is 55.3% complete."
[1] "Completed Arizona @ 2025-05-14 10:37:16"
[1] "Arizona is 56.3% complete."
[1] "Completed Arizona @ 2025-05-14 10:37:16"
[1] "Arizona is 57.3% complete."
[1] "Completed Arizona @ 2025-05-14 10:37:16"
[1] "Arizona is 58.3% complete."
[1] "Completed Arizona @ 2025-05-14 10:37:17"
[1] "Arizona is 59.2% complete."
[1] "Completed Arizona @ 2025-05-14 10:37:17"
[1] "Arizona is 60.2% complete."
[1] "Completed Arizona @ 2025-05-14 10:37:17"
[1] "Arizona is 61.2% complete."
[1] "Completed Arizona @ 2025-05-14 10:37:17"
[1] "Arizona is 62.1% complete."
[1] "Completed Arizona @ 2025-05-14 10:37:17"
[1] "Arizona is 63.1% complete."
[1] "Completed Arizona @ 2025-05-14 10:37:17"
[1] "Arizona is 64.1% complete."
[1] "Completed Arizona @ 2025-05-14 10:37:17"
[1] "Arizona is 65% complete."
[1] "Completed Arizona @ 2025-05-14 10:37:18"
[1] "Arizona is 66% complete."
[1] "Completed Arizona @ 2025-05-14 10:37:18"
[1] "Arizona is 67% complete."
[1] "Completed Arizona @ 2025-05-14 10:37:19"
[1] "Arizona is 68% complete."
[1] "Completed Arizona @ 2025-05-14 10:37:19"
[1] "Arizona is 68.9% complete."
[1] "Completed Arizona @ 2025-05-14 10:37:19"
[1] "Arizona is 69.9% complete."
[1] "Completed Arizona @ 2025-05-14 10:37:19"
[1] "Arizona is 70.9% complete."
[1] "Completed Arizona @ 2025-05-14 10:37:19"
[1] "Arizona is 71.8% complete."
[1] "Completed Arizona @ 2025-05-14 10:37:20"
[1] "Arizona is 72.8% complete."
[1] "Completed Arizona @ 2025-05-14 10:37:20"
[1] "Arizona is 73.8% complete."
[1] "Completed Arizona @ 2025-05-14 10:37:20"
[1] "Arizona is 74.8% complete."
[1] "Completed Arizona @ 2025-05-14 10:37:20"
[1] "Arizona is 75.7% complete."
[1] "Completed Arizona @ 2025-05-14 10:37:20"
[1] "Arizona is 76.7% complete."
[1] "Completed Arizona @ 2025-05-14 10:37:20"
[1] "Arizona is 77.7% complete."
[1] "Completed Arizona @ 2025-05-14 10:37:21"
[1] "Arizona is 78.6% complete."
[1] "Completed Arizona @ 2025-05-14 10:37:21"
[1] "Arizona is 79.6% complete."
[1] "Completed Arizona @ 2025-05-14 10:37:21"
[1] "Arizona is 80.6% complete."
[1] "Completed Arizona @ 2025-05-14 10:37:21"
[1] "Arizona is 81.6% complete."
[1] "Completed Arizona @ 2025-05-14 10:37:22"
[1] "Arizona is 82.5% complete."
[1] "Completed Arizona @ 2025-05-14 10:37:22"
[1] "Arizona is 83.5% complete."
[1] "Completed Arizona @ 2025-05-14 10:37:22"
[1] "Arizona is 84.5% complete."
[1] "Completed Arizona @ 2025-05-14 10:37:22"
[1] "Arizona is 85.4% complete."
[1] "Completed Arizona @ 2025-05-14 10:37:23"
[1] "Arizona is 86.4% complete."
[1] "Completed Arizona @ 2025-05-14 10:37:24"
[1] "Arizona is 87.4% complete."
[1] "Completed Arizona @ 2025-05-14 10:37:25"
[1] "Arizona is 88.3% complete."
[1] "Completed Arizona @ 2025-05-14 10:37:25"
[1] "Arizona is 89.3% complete."
[1] "Completed Arizona @ 2025-05-14 10:37:25"
[1] "Arizona is 90.3% complete."
[1] "Completed Arizona @ 2025-05-14 10:37:26"
[1] "Arizona is 91.3% complete."
[1] "Completed Arizona @ 2025-05-14 10:37:26"
[1] "Arizona is 92.2% complete."
[1] "Completed Arizona @ 2025-05-14 10:37:27"
[1] "Arizona is 93.2% complete."
[1] "Completed Arizona @ 2025-05-14 10:37:27"
[1] "Arizona is 94.2% complete."
[1] "Completed Arizona @ 2025-05-14 10:37:27"
[1] "Arizona is 95.1% complete."
[1] "Completed Arizona @ 2025-05-14 10:37:28"
[1] "Arizona is 96.1% complete."
[1] "Completed Arizona @ 2025-05-14 10:37:28"
[1] "Arizona is 97.1% complete."
[1] "Completed Arizona @ 2025-05-14 10:37:29"
[1] "Arizona is 98.1% complete."
[1] "Completed Arizona @ 2025-05-14 10:37:29"
[1] "Arizona is 99% complete."
[1] "Completed Arizona @ 2025-05-14 10:37:30"
[1] "Arizona is 100% complete."
[1] "Completed Arizona @ 2025-05-14 10:37:33"
Deleting layer `Pop' using driver `GPKG'
Writing layer `Pop' to data source 
  `/work/GRDVULN/sewershed/Model/Create_Boundaries/outputs/Pop_Delineated/FP_04.gpkg' using driver `GPKG'
Writing 103 features with 10 fields and geometry type Unknown (any).
[1] "SCRIPT COMPLETE @ 2025-05-14 10:37:47"
