[1] "Starting Arkansas"
Reading layer `cb_2021_us_state_500k' from data source 
  `/work/GRDVULN/data/cb_2021_us_all_500k.gdb' using driver `OpenFileGDB'
Simple feature collection with 56 features and 9 fields
Geometry type: MULTIPOLYGON
Dimension:     XY
Bounding box:  xmin: -179.1489 ymin: -14.5487 xmax: 179.7785 ymax: 71.36516
Geodetic CRS:  NAD83
[1] "Building 382 systems"
[1] "Arkansas is 0.3% complete."
[1] "Completed Arkansas @ 2025-05-14 10:37:10"
[1] "Arkansas is 0.5% complete."
[1] "Completed Arkansas @ 2025-05-14 10:37:10"
[1] "Arkansas is 0.8% complete."
[1] "Completed Arkansas @ 2025-05-14 10:37:10"
[1] "Arkansas is 1% complete."
[1] "Completed Arkansas @ 2025-05-14 10:37:10"
[1] "Arkansas is 1.3% complete."
[1] "Completed Arkansas @ 2025-05-14 10:37:10"
[1] "Arkansas is 1.6% complete."
[1] "Completed Arkansas @ 2025-05-14 10:37:10"
[1] "Arkansas is 1.8% complete."
[1] "Completed Arkansas @ 2025-05-14 10:37:10"
[1] "Arkansas is 2.1% complete."
[1] "Completed Arkansas @ 2025-05-14 10:37:10"
[1] "Arkansas is 2.4% complete."
[1] "Completed Arkansas @ 2025-05-14 10:37:11"
[1] "Arkansas is 2.6% complete."
[1] "Completed Arkansas @ 2025-05-14 10:37:11"
[1] "Arkansas is 2.9% complete."
[1] "Completed Arkansas @ 2025-05-14 10:37:11"
[1] "Arkansas is 3.1% complete."
[1] "Completed Arkansas @ 2025-05-14 10:37:11"
[1] "Arkansas is 3.4% complete."
[1] "Completed Arkansas @ 2025-05-14 10:37:11"
[1] "Arkansas is 3.7% complete."
[1] "Completed Arkansas @ 2025-05-14 10:37:11"
[1] "Arkansas is 3.9% complete."
[1] "Completed Arkansas @ 2025-05-14 10:37:11"
[1] "Arkansas is 4.2% complete."
[1] "Completed Arkansas @ 2025-05-14 10:37:11"
[1] "Arkansas is 4.5% complete."
[1] "Completed Arkansas @ 2025-05-14 10:37:11"
[1] "Arkansas is 4.7% complete."
[1] "Completed Arkansas @ 2025-05-14 10:37:11"
[1] "Arkansas is 5% complete."
[1] "Completed Arkansas @ 2025-05-14 10:37:11"
[1] "Arkansas is 5.2% complete."
[1] "Completed Arkansas @ 2025-05-14 10:37:11"
[1] "Arkansas is 5.5% complete."
[1] "Completed Arkansas @ 2025-05-14 10:37:11"
[1] "Arkansas is 5.8% complete."
[1] "Completed Arkansas @ 2025-05-14 10:37:11"
[1] "Arkansas is 6% complete."
[1] "Completed Arkansas @ 2025-05-14 10:37:11"
[1] "Arkansas is 6.3% complete."
[1] "Completed Arkansas @ 2025-05-14 10:37:11"
[1] "Arkansas is 6.5% complete."
[1] "Completed Arkansas @ 2025-05-14 10:37:12"
[1] "Arkansas is 6.8% complete."
[1] "Completed Arkansas @ 2025-05-14 10:37:12"
[1] "Arkansas is 7.1% complete."
[1] "Completed Arkansas @ 2025-05-14 10:37:12"
[1] "Arkansas is 7.3% complete."
[1] "Completed Arkansas @ 2025-05-14 10:37:12"
[1] "Arkansas is 7.6% complete."
[1] "Completed Arkansas @ 2025-05-14 10:37:12"
[1] "Arkansas is 7.9% complete."
[1] "Completed Arkansas @ 2025-05-14 10:37:12"
[1] "Arkansas is 8.1% complete."
[1] "Completed Arkansas @ 2025-05-14 10:37:12"
[1] "Arkansas is 8.4% complete."
[1] "Completed Arkansas @ 2025-05-14 10:37:12"
[1] "Arkansas is 8.6% complete."
[1] "Completed Arkansas @ 2025-05-14 10:37:13"
[1] "Arkansas is 8.9% complete."
[1] "Completed Arkansas @ 2025-05-14 10:37:13"
[1] "Arkansas is 9.2% complete."
[1] "Completed Arkansas @ 2025-05-14 10:37:13"
[1] "Arkansas is 9.4% complete."
[1] "Completed Arkansas @ 2025-05-14 10:37:13"
[1] "Arkansas is 9.7% complete."
[1] "Completed Arkansas @ 2025-05-14 10:37:13"
[1] "Arkansas is 9.9% complete."
[1] "Completed Arkansas @ 2025-05-14 10:37:13"
[1] "Arkansas is 10.2% complete."
[1] "Completed Arkansas @ 2025-05-14 10:37:13"
[1] "Arkansas is 10.5% complete."
[1] "Completed Arkansas @ 2025-05-14 10:37:13"
[1] "Arkansas is 10.7% complete."
[1] "Completed Arkansas @ 2025-05-14 10:37:13"
[1] "Arkansas is 11% complete."
[1] "Completed Arkansas @ 2025-05-14 10:37:13"
[1] "Arkansas is 11.3% complete."
[1] "Completed Arkansas @ 2025-05-14 10:37:13"
[1] "Arkansas is 11.5% complete."
[1] "Completed Arkansas @ 2025-05-14 10:37:13"
[1] "Arkansas is 11.8% complete."
[1] "Completed Arkansas @ 2025-05-14 10:37:13"
[1] "Arkansas is 12% complete."
[1] "Completed Arkansas @ 2025-05-14 10:37:13"
[1] "Arkansas is 12.3% complete."
[1] "Completed Arkansas @ 2025-05-14 10:37:13"
[1] "Arkansas is 12.6% complete."
[1] "Completed Arkansas @ 2025-05-14 10:37:13"
[1] "Arkansas is 12.8% complete."
[1] "Completed Arkansas @ 2025-05-14 10:37:13"
[1] "Arkansas is 13.1% complete."
[1] "Completed Arkansas @ 2025-05-14 10:37:14"
[1] "Arkansas is 13.4% complete."
[1] "Completed Arkansas @ 2025-05-14 10:37:14"
[1] "Arkansas is 13.6% complete."
[1] "Completed Arkansas @ 2025-05-14 10:37:14"
[1] "Arkansas is 13.9% complete."
[1] "Completed Arkansas @ 2025-05-14 10:37:14"
[1] "Arkansas is 14.1% complete."
[1] "Completed Arkansas @ 2025-05-14 10:37:14"
[1] "Arkansas is 14.4% complete."
[1] "Completed Arkansas @ 2025-05-14 10:37:14"
[1] "Arkansas is 14.7% complete."
[1] "Completed Arkansas @ 2025-05-14 10:37:14"
[1] "Arkansas is 14.9% complete."
[1] "Completed Arkansas @ 2025-05-14 10:37:14"
[1] "Arkansas is 15.2% complete."
[1] "Completed Arkansas @ 2025-05-14 10:37:14"
[1] "Arkansas is 15.4% complete."
[1] "Completed Arkansas @ 2025-05-14 10:37:14"
[1] "Arkansas is 15.7% complete."
[1] "Completed Arkansas @ 2025-05-14 10:37:14"
[1] "Arkansas is 16% complete."
[1] "Completed Arkansas @ 2025-05-14 10:37:15"
[1] "Arkansas is 16.2% complete."
[1] "Completed Arkansas @ 2025-05-14 10:37:15"
[1] "Arkansas is 16.5% complete."
[1] "Completed Arkansas @ 2025-05-14 10:37:15"
[1] "Arkansas is 16.8% complete."
[1] "Completed Arkansas @ 2025-05-14 10:37:15"
[1] "Arkansas is 17% complete."
[1] "Completed Arkansas @ 2025-05-14 10:37:15"
[1] "Arkansas is 17.3% complete."
[1] "Completed Arkansas @ 2025-05-14 10:37:15"
[1] "Arkansas is 17.5% complete."
[1] "Completed Arkansas @ 2025-05-14 10:37:15"
[1] "Arkansas is 17.8% complete."
[1] "Completed Arkansas @ 2025-05-14 10:37:15"
[1] "Arkansas is 18.1% complete."
[1] "Completed Arkansas @ 2025-05-14 10:37:15"
[1] "Arkansas is 18.3% complete."
[1] "Completed Arkansas @ 2025-05-14 10:37:15"
[1] "Arkansas is 18.6% complete."
[1] "Completed Arkansas @ 2025-05-14 10:37:15"
[1] "Arkansas is 18.8% complete."
[1] "Completed Arkansas @ 2025-05-14 10:37:15"
[1] "Arkansas is 19.1% complete."
[1] "Completed Arkansas @ 2025-05-14 10:37:15"
[1] "Arkansas is 19.4% complete."
[1] "Completed Arkansas @ 2025-05-14 10:37:15"
[1] "Arkansas is 19.6% complete."
[1] "Completed Arkansas @ 2025-05-14 10:37:15"
[1] "Arkansas is 19.9% complete."
[1] "Completed Arkansas @ 2025-05-14 10:37:15"
[1] "Arkansas is 20.2% complete."
[1] "Completed Arkansas @ 2025-05-14 10:37:16"
[1] "Arkansas is 20.4% complete."
[1] "Completed Arkansas @ 2025-05-14 10:37:16"
[1] "Arkansas is 20.7% complete."
[1] "Completed Arkansas @ 2025-05-14 10:37:16"
[1] "Arkansas is 20.9% complete."
[1] "Completed Arkansas @ 2025-05-14 10:37:16"
[1] "Arkansas is 21.2% complete."
[1] "Completed Arkansas @ 2025-05-14 10:37:16"
[1] "Arkansas is 21.5% complete."
[1] "Completed Arkansas @ 2025-05-14 10:37:16"
[1] "Arkansas is 21.7% complete."
[1] "Completed Arkansas @ 2025-05-14 10:37:16"
[1] "Arkansas is 22% complete."
[1] "Completed Arkansas @ 2025-05-14 10:37:16"
[1] "Arkansas is 22.3% complete."
[1] "Completed Arkansas @ 2025-05-14 10:37:16"
[1] "Arkansas is 22.5% complete."
[1] "Completed Arkansas @ 2025-05-14 10:37:16"
[1] "Arkansas is 22.8% complete."
[1] "Completed Arkansas @ 2025-05-14 10:37:17"
[1] "Arkansas is 23% complete."
[1] "Completed Arkansas @ 2025-05-14 10:37:17"
[1] "Arkansas is 23.3% complete."
[1] "Completed Arkansas @ 2025-05-14 10:37:17"
[1] "Arkansas is 23.6% complete."
[1] "Completed Arkansas @ 2025-05-14 10:37:17"
[1] "Arkansas is 23.8% complete."
[1] "Completed Arkansas @ 2025-05-14 10:37:17"
[1] "Arkansas is 24.1% complete."
[1] "Completed Arkansas @ 2025-05-14 10:37:17"
[1] "Arkansas is 24.3% complete."
[1] "Completed Arkansas @ 2025-05-14 10:37:17"
[1] "Arkansas is 24.6% complete."
[1] "Completed Arkansas @ 2025-05-14 10:37:17"
[1] "Arkansas is 24.9% complete."
[1] "Completed Arkansas @ 2025-05-14 10:37:17"
[1] "Arkansas is 25.1% complete."
[1] "Completed Arkansas @ 2025-05-14 10:37:17"
[1] "Arkansas is 25.4% complete."
[1] "Completed Arkansas @ 2025-05-14 10:37:17"
[1] "Arkansas is 25.7% complete."
[1] "Completed Arkansas @ 2025-05-14 10:37:17"
[1] "Arkansas is 25.9% complete."
[1] "Completed Arkansas @ 2025-05-14 10:37:17"
[1] "Arkansas is 26.2% complete."
[1] "Completed Arkansas @ 2025-05-14 10:37:17"
[1] "Arkansas is 26.4% complete."
[1] "Completed Arkansas @ 2025-05-14 10:37:17"
[1] "Arkansas is 26.7% complete."
[1] "Completed Arkansas @ 2025-05-14 10:37:17"
[1] "Arkansas is 27% complete."
[1] "Completed Arkansas @ 2025-05-14 10:37:17"
[1] "Arkansas is 27.2% complete."
[1] "Completed Arkansas @ 2025-05-14 10:37:18"
[1] "Arkansas is 27.5% complete."
[1] "Completed Arkansas @ 2025-05-14 10:37:18"
[1] "Arkansas is 27.7% complete."
[1] "Completed Arkansas @ 2025-05-14 10:37:18"
[1] "Arkansas is 28% complete."
[1] "Completed Arkansas @ 2025-05-14 10:37:19"
[1] "Arkansas is 28.3% complete."
[1] "Completed Arkansas @ 2025-05-14 10:37:19"
[1] "Arkansas is 28.5% complete."
[1] "Completed Arkansas @ 2025-05-14 10:37:19"
[1] "Arkansas is 28.8% complete."
[1] "Completed Arkansas @ 2025-05-14 10:37:19"
[1] "Arkansas is 29.1% complete."
[1] "Completed Arkansas @ 2025-05-14 10:37:19"
[1] "Arkansas is 29.3% complete."
[1] "Completed Arkansas @ 2025-05-14 10:37:19"
[1] "Arkansas is 29.6% complete."
[1] "Completed Arkansas @ 2025-05-14 10:37:19"
[1] "Arkansas is 29.8% complete."
[1] "Completed Arkansas @ 2025-05-14 10:37:19"
[1] "Arkansas is 30.1% complete."
[1] "Completed Arkansas @ 2025-05-14 10:37:19"
[1] "Arkansas is 30.4% complete."
[1] "Completed Arkansas @ 2025-05-14 10:37:19"
[1] "Arkansas is 30.6% complete."
[1] "Completed Arkansas @ 2025-05-14 10:37:20"
[1] "Arkansas is 30.9% complete."
[1] "Completed Arkansas @ 2025-05-14 10:37:20"
[1] "Arkansas is 31.2% complete."
[1] "Completed Arkansas @ 2025-05-14 10:37:20"
[1] "Arkansas is 31.4% complete."
[1] "Completed Arkansas @ 2025-05-14 10:37:20"
[1] "Arkansas is 31.7% complete."
[1] "Completed Arkansas @ 2025-05-14 10:37:20"
[1] "Arkansas is 31.9% complete."
[1] "Completed Arkansas @ 2025-05-14 10:37:20"
[1] "Arkansas is 32.2% complete."
[1] "Completed Arkansas @ 2025-05-14 10:37:20"
[1] "Arkansas is 32.5% complete."
[1] "Completed Arkansas @ 2025-05-14 10:37:20"
[1] "Arkansas is 32.7% complete."
[1] "Completed Arkansas @ 2025-05-14 10:37:20"
[1] "Arkansas is 33% complete."
[1] "Completed Arkansas @ 2025-05-14 10:37:20"
[1] "Arkansas is 33.2% complete."
[1] "Completed Arkansas @ 2025-05-14 10:37:20"
[1] "Arkansas is 33.5% complete."
[1] "Completed Arkansas @ 2025-05-14 10:37:20"
[1] "Arkansas is 33.8% complete."
[1] "Completed Arkansas @ 2025-05-14 10:37:20"
[1] "Arkansas is 34% complete."
[1] "Completed Arkansas @ 2025-05-14 10:37:20"
[1] "Arkansas is 34.3% complete."
[1] "Completed Arkansas @ 2025-05-14 10:37:20"
[1] "Arkansas is 34.6% complete."
[1] "Completed Arkansas @ 2025-05-14 10:37:20"
[1] "Arkansas is 34.8% complete."
[1] "Completed Arkansas @ 2025-05-14 10:37:20"
[1] "Arkansas is 35.1% complete."
[1] "Completed Arkansas @ 2025-05-14 10:37:20"
[1] "Arkansas is 35.3% complete."
[1] "Completed Arkansas @ 2025-05-14 10:37:21"
[1] "Arkansas is 35.6% complete."
[1] "Completed Arkansas @ 2025-05-14 10:37:21"
[1] "Arkansas is 35.9% complete."
[1] "Completed Arkansas @ 2025-05-14 10:37:21"
[1] "Arkansas is 36.1% complete."
[1] "Completed Arkansas @ 2025-05-14 10:37:21"
[1] "Arkansas is 36.4% complete."
[1] "Completed Arkansas @ 2025-05-14 10:37:21"
[1] "Arkansas is 36.6% complete."
[1] "Completed Arkansas @ 2025-05-14 10:37:21"
[1] "Arkansas is 36.9% complete."
[1] "Completed Arkansas @ 2025-05-14 10:37:21"
[1] "Arkansas is 37.2% complete."
[1] "Completed Arkansas @ 2025-05-14 10:37:22"
[1] "Arkansas is 37.4% complete."
[1] "Completed Arkansas @ 2025-05-14 10:37:22"
[1] "Arkansas is 37.7% complete."
[1] "Completed Arkansas @ 2025-05-14 10:37:22"
[1] "Arkansas is 38% complete."
[1] "Completed Arkansas @ 2025-05-14 10:37:22"
[1] "Arkansas is 38.2% complete."
[1] "Completed Arkansas @ 2025-05-14 10:37:22"
[1] "Arkansas is 38.5% complete."
[1] "Completed Arkansas @ 2025-05-14 10:37:22"
[1] "Arkansas is 38.7% complete."
[1] "Completed Arkansas @ 2025-05-14 10:37:22"
[1] "Arkansas is 39% complete."
[1] "Completed Arkansas @ 2025-05-14 10:37:22"
[1] "Arkansas is 39.3% complete."
[1] "Completed Arkansas @ 2025-05-14 10:37:22"
[1] "Arkansas is 39.5% complete."
[1] "Completed Arkansas @ 2025-05-14 10:37:22"
[1] "Arkansas is 39.8% complete."
[1] "Completed Arkansas @ 2025-05-14 10:37:22"
[1] "Arkansas is 40.1% complete."
[1] "Completed Arkansas @ 2025-05-14 10:37:22"
[1] "Arkansas is 40.3% complete."
[1] "Completed Arkansas @ 2025-05-14 10:37:22"
[1] "Arkansas is 40.6% complete."
[1] "Completed Arkansas @ 2025-05-14 10:37:22"
[1] "Arkansas is 40.8% complete."
[1] "Completed Arkansas @ 2025-05-14 10:37:22"
[1] "Arkansas is 41.1% complete."
[1] "Completed Arkansas @ 2025-05-14 10:37:23"
[1] "Arkansas is 41.4% complete."
[1] "Completed Arkansas @ 2025-05-14 10:37:23"
[1] "Arkansas is 41.6% complete."
[1] "Completed Arkansas @ 2025-05-14 10:37:23"
[1] "Arkansas is 41.9% complete."
[1] "Completed Arkansas @ 2025-05-14 10:37:23"
[1] "Arkansas is 42.1% complete."
[1] "Completed Arkansas @ 2025-05-14 10:37:23"
[1] "Arkansas is 42.4% complete."
[1] "Completed Arkansas @ 2025-05-14 10:37:23"
[1] "Arkansas is 42.7% complete."
[1] "Completed Arkansas @ 2025-05-14 10:37:23"
[1] "Arkansas is 42.9% complete."
[1] "Completed Arkansas @ 2025-05-14 10:37:23"
[1] "Arkansas is 43.2% complete."
[1] "Completed Arkansas @ 2025-05-14 10:37:23"
[1] "Arkansas is 43.5% complete."
[1] "Completed Arkansas @ 2025-05-14 10:37:23"
[1] "Arkansas is 43.7% complete."
[1] "Completed Arkansas @ 2025-05-14 10:37:23"
[1] "Arkansas is 44% complete."
[1] "Completed Arkansas @ 2025-05-14 10:37:24"
[1] "Arkansas is 44.2% complete."
[1] "Completed Arkansas @ 2025-05-14 10:37:24"
[1] "Arkansas is 44.5% complete."
[1] "Completed Arkansas @ 2025-05-14 10:37:24"
[1] "Arkansas is 44.8% complete."
[1] "Completed Arkansas @ 2025-05-14 10:37:24"
[1] "Arkansas is 45% complete."
[1] "Completed Arkansas @ 2025-05-14 10:37:24"
[1] "Arkansas is 45.3% complete."
[1] "Completed Arkansas @ 2025-05-14 10:37:24"
[1] "Arkansas is 45.5% complete."
[1] "Completed Arkansas @ 2025-05-14 10:37:24"
[1] "Arkansas is 45.8% complete."
[1] "Completed Arkansas @ 2025-05-14 10:37:24"
[1] "Arkansas is 46.1% complete."
[1] "Completed Arkansas @ 2025-05-14 10:37:24"
[1] "Arkansas is 46.3% complete."
[1] "Completed Arkansas @ 2025-05-14 10:37:25"
[1] "Arkansas is 46.6% complete."
[1] "Completed Arkansas @ 2025-05-14 10:37:25"
[1] "Arkansas is 46.9% complete."
[1] "Completed Arkansas @ 2025-05-14 10:37:25"
[1] "Arkansas is 47.1% complete."
[1] "Completed Arkansas @ 2025-05-14 10:37:25"
[1] "Arkansas is 47.4% complete."
[1] "Completed Arkansas @ 2025-05-14 10:37:25"
[1] "Arkansas is 47.6% complete."
[1] "Completed Arkansas @ 2025-05-14 10:37:25"
[1] "Arkansas is 47.9% complete."
[1] "Completed Arkansas @ 2025-05-14 10:37:25"
[1] "Arkansas is 48.2% complete."
[1] "Completed Arkansas @ 2025-05-14 10:37:25"
[1] "Arkansas is 48.4% complete."
[1] "Completed Arkansas @ 2025-05-14 10:37:25"
[1] "Arkansas is 48.7% complete."
[1] "Completed Arkansas @ 2025-05-14 10:37:25"
[1] "Arkansas is 49% complete."
[1] "Completed Arkansas @ 2025-05-14 10:37:25"
[1] "Arkansas is 49.2% complete."
[1] "Completed Arkansas @ 2025-05-14 10:37:25"
[1] "Arkansas is 49.5% complete."
[1] "Completed Arkansas @ 2025-05-14 10:37:25"
[1] "Arkansas is 49.7% complete."
[1] "Completed Arkansas @ 2025-05-14 10:37:25"
[1] "Arkansas is 50% complete."
[1] "Completed Arkansas @ 2025-05-14 10:37:25"
[1] "Arkansas is 50.3% complete."
[1] "Completed Arkansas @ 2025-05-14 10:37:25"
[1] "Arkansas is 50.5% complete."
[1] "Completed Arkansas @ 2025-05-14 10:37:26"
[1] "Arkansas is 50.8% complete."
[1] "Completed Arkansas @ 2025-05-14 10:37:26"
[1] "Arkansas is 51% complete."
[1] "Completed Arkansas @ 2025-05-14 10:37:26"
[1] "Arkansas is 51.3% complete."
[1] "Completed Arkansas @ 2025-05-14 10:37:26"
[1] "Arkansas is 51.6% complete."
[1] "Completed Arkansas @ 2025-05-14 10:37:26"
[1] "Arkansas is 51.8% complete."
[1] "Completed Arkansas @ 2025-05-14 10:37:26"
[1] "Arkansas is 52.1% complete."
[1] "Completed Arkansas @ 2025-05-14 10:37:26"
[1] "Arkansas is 52.4% complete."
[1] "Completed Arkansas @ 2025-05-14 10:37:26"
[1] "Arkansas is 52.6% complete."
[1] "Completed Arkansas @ 2025-05-14 10:37:26"
[1] "Arkansas is 52.9% complete."
[1] "Completed Arkansas @ 2025-05-14 10:37:27"
[1] "Arkansas is 53.1% complete."
[1] "Completed Arkansas @ 2025-05-14 10:37:27"
[1] "Arkansas is 53.4% complete."
[1] "Completed Arkansas @ 2025-05-14 10:37:27"
[1] "Arkansas is 53.7% complete."
[1] "Completed Arkansas @ 2025-05-14 10:37:27"
[1] "Arkansas is 53.9% complete."
[1] "Completed Arkansas @ 2025-05-14 10:37:27"
[1] "Arkansas is 54.2% complete."
[1] "Completed Arkansas @ 2025-05-14 10:37:27"
[1] "Arkansas is 54.5% complete."
[1] "Completed Arkansas @ 2025-05-14 10:37:27"
[1] "Arkansas is 54.7% complete."
[1] "Completed Arkansas @ 2025-05-14 10:37:27"
[1] "Arkansas is 55% complete."
[1] "Completed Arkansas @ 2025-05-14 10:37:27"
[1] "Arkansas is 55.2% complete."
[1] "Completed Arkansas @ 2025-05-14 10:37:27"
[1] "Arkansas is 55.5% complete."
[1] "Completed Arkansas @ 2025-05-14 10:37:27"
[1] "Arkansas is 55.8% complete."
[1] "Completed Arkansas @ 2025-05-14 10:37:27"
[1] "Arkansas is 56% complete."
[1] "Completed Arkansas @ 2025-05-14 10:37:27"
[1] "Arkansas is 56.3% complete."
[1] "Completed Arkansas @ 2025-05-14 10:37:27"
[1] "Arkansas is 56.5% complete."
[1] "Completed Arkansas @ 2025-05-14 10:37:27"
[1] "Arkansas is 56.8% complete."
[1] "Completed Arkansas @ 2025-05-14 10:37:27"
[1] "Arkansas is 57.1% complete."
[1] "Completed Arkansas @ 2025-05-14 10:37:27"
[1] "Arkansas is 57.3% complete."
[1] "Completed Arkansas @ 2025-05-14 10:37:28"
[1] "Arkansas is 57.6% complete."
[1] "Completed Arkansas @ 2025-05-14 10:37:28"
[1] "Arkansas is 57.9% complete."
[1] "Completed Arkansas @ 2025-05-14 10:37:28"
[1] "Arkansas is 58.1% complete."
[1] "Completed Arkansas @ 2025-05-14 10:37:28"
[1] "Arkansas is 58.4% complete."
[1] "Completed Arkansas @ 2025-05-14 10:37:28"
[1] "Arkansas is 58.6% complete."
[1] "Completed Arkansas @ 2025-05-14 10:37:28"
[1] "Arkansas is 58.9% complete."
[1] "Completed Arkansas @ 2025-05-14 10:37:28"
[1] "Arkansas is 59.2% complete."
[1] "Completed Arkansas @ 2025-05-14 10:37:28"
[1] "Arkansas is 59.4% complete."
[1] "Completed Arkansas @ 2025-05-14 10:37:28"
[1] "Arkansas is 59.7% complete."
[1] "Completed Arkansas @ 2025-05-14 10:37:29"
[1] "Arkansas is 59.9% complete."
[1] "Completed Arkansas @ 2025-05-14 10:37:29"
[1] "Arkansas is 60.2% complete."
[1] "Completed Arkansas @ 2025-05-14 10:37:29"
[1] "Arkansas is 60.5% complete."
[1] "Completed Arkansas @ 2025-05-14 10:37:29"
[1] "Arkansas is 60.7% complete."
[1] "Completed Arkansas @ 2025-05-14 10:37:29"
[1] "Arkansas is 61% complete."
[1] "Completed Arkansas @ 2025-05-14 10:37:29"
[1] "Arkansas is 61.3% complete."
[1] "Completed Arkansas @ 2025-05-14 10:37:29"
[1] "Arkansas is 61.5% complete."
[1] "Completed Arkansas @ 2025-05-14 10:37:29"
[1] "Arkansas is 61.8% complete."
[1] "Completed Arkansas @ 2025-05-14 10:37:29"
[1] "Arkansas is 62% complete."
[1] "Completed Arkansas @ 2025-05-14 10:37:29"
[1] "Arkansas is 62.3% complete."
[1] "Completed Arkansas @ 2025-05-14 10:37:29"
[1] "Arkansas is 62.6% complete."
[1] "Completed Arkansas @ 2025-05-14 10:37:29"
[1] "Arkansas is 62.8% complete."
[1] "Completed Arkansas @ 2025-05-14 10:37:29"
[1] "Arkansas is 63.1% complete."
[1] "Completed Arkansas @ 2025-05-14 10:37:29"
[1] "Arkansas is 63.4% complete."
[1] "Completed Arkansas @ 2025-05-14 10:37:30"
[1] "Arkansas is 63.6% complete."
[1] "Completed Arkansas @ 2025-05-14 10:37:30"
[1] "Arkansas is 63.9% complete."
[1] "Completed Arkansas @ 2025-05-14 10:37:30"
[1] "Arkansas is 64.1% complete."
[1] "Completed Arkansas @ 2025-05-14 10:37:30"
[1] "Arkansas is 64.4% complete."
[1] "Completed Arkansas @ 2025-05-14 10:37:30"
[1] "Arkansas is 64.7% complete."
[1] "Completed Arkansas @ 2025-05-14 10:37:30"
[1] "Arkansas is 64.9% complete."
[1] "Completed Arkansas @ 2025-05-14 10:37:30"
[1] "Arkansas is 65.2% complete."
[1] "Completed Arkansas @ 2025-05-14 10:37:30"
[1] "Arkansas is 65.4% complete."
[1] "Completed Arkansas @ 2025-05-14 10:37:30"
[1] "Arkansas is 65.7% complete."
[1] "Completed Arkansas @ 2025-05-14 10:37:30"
[1] "Arkansas is 66% complete."
[1] "Completed Arkansas @ 2025-05-14 10:37:30"
[1] "Arkansas is 66.2% complete."
[1] "Completed Arkansas @ 2025-05-14 10:37:30"
[1] "Arkansas is 66.5% complete."
[1] "Completed Arkansas @ 2025-05-14 10:37:31"
[1] "Arkansas is 66.8% complete."
[1] "Completed Arkansas @ 2025-05-14 10:37:31"
[1] "Arkansas is 67% complete."
[1] "Completed Arkansas @ 2025-05-14 10:37:31"
[1] "Arkansas is 67.3% complete."
[1] "Completed Arkansas @ 2025-05-14 10:37:31"
[1] "Arkansas is 67.5% complete."
[1] "Completed Arkansas @ 2025-05-14 10:37:31"
[1] "Arkansas is 67.8% complete."
[1] "Completed Arkansas @ 2025-05-14 10:37:31"
[1] "Arkansas is 68.1% complete."
[1] "Completed Arkansas @ 2025-05-14 10:37:31"
[1] "Arkansas is 68.3% complete."
[1] "Completed Arkansas @ 2025-05-14 10:37:31"
[1] "Arkansas is 68.6% complete."
[1] "Completed Arkansas @ 2025-05-14 10:37:31"
[1] "Arkansas is 68.8% complete."
[1] "Completed Arkansas @ 2025-05-14 10:37:31"
[1] "Arkansas is 69.1% complete."
[1] "Completed Arkansas @ 2025-05-14 10:37:31"
[1] "Arkansas is 69.4% complete."
[1] "Completed Arkansas @ 2025-05-14 10:37:31"
[1] "Arkansas is 69.6% complete."
[1] "Completed Arkansas @ 2025-05-14 10:37:31"
[1] "Arkansas is 69.9% complete."
[1] "Completed Arkansas @ 2025-05-14 10:37:32"
[1] "Arkansas is 70.2% complete."
[1] "Completed Arkansas @ 2025-05-14 10:37:32"
[1] "Arkansas is 70.4% complete."
[1] "Completed Arkansas @ 2025-05-14 10:37:32"
[1] "Arkansas is 70.7% complete."
[1] "Completed Arkansas @ 2025-05-14 10:37:33"
[1] "Arkansas is 70.9% complete."
[1] "Completed Arkansas @ 2025-05-14 10:37:33"
[1] "Arkansas is 71.2% complete."
[1] "Completed Arkansas @ 2025-05-14 10:37:33"
[1] "Arkansas is 71.5% complete."
[1] "Completed Arkansas @ 2025-05-14 10:37:33"
[1] "Arkansas is 71.7% complete."
[1] "Completed Arkansas @ 2025-05-14 10:37:33"
[1] "Arkansas is 72% complete."
[1] "Completed Arkansas @ 2025-05-14 10:37:33"
[1] "Arkansas is 72.3% complete."
[1] "Completed Arkansas @ 2025-05-14 10:37:33"
[1] "Arkansas is 72.5% complete."
[1] "Completed Arkansas @ 2025-05-14 10:37:33"
[1] "Arkansas is 72.8% complete."
[1] "Completed Arkansas @ 2025-05-14 10:37:33"
[1] "Arkansas is 73% complete."
[1] "Completed Arkansas @ 2025-05-14 10:37:33"
[1] "Arkansas is 73.3% complete."
[1] "Completed Arkansas @ 2025-05-14 10:37:33"
[1] "Arkansas is 73.6% complete."
[1] "Completed Arkansas @ 2025-05-14 10:37:33"
[1] "Arkansas is 73.8% complete."
[1] "Completed Arkansas @ 2025-05-14 10:37:33"
[1] "Arkansas is 74.1% complete."
[1] "Completed Arkansas @ 2025-05-14 10:37:33"
[1] "Arkansas is 74.3% complete."
[1] "Completed Arkansas @ 2025-05-14 10:37:33"
[1] "Arkansas is 74.6% complete."
[1] "Completed Arkansas @ 2025-05-14 10:37:33"
[1] "Arkansas is 74.9% complete."
[1] "Completed Arkansas @ 2025-05-14 10:37:33"
[1] "Arkansas is 75.1% complete."
[1] "Completed Arkansas @ 2025-05-14 10:37:34"
[1] "Arkansas is 75.4% complete."
[1] "Completed Arkansas @ 2025-05-14 10:37:34"
[1] "Arkansas is 75.7% complete."
[1] "Completed Arkansas @ 2025-05-14 10:37:34"
[1] "Arkansas is 75.9% complete."
[1] "Completed Arkansas @ 2025-05-14 10:37:34"
[1] "Arkansas is 76.2% complete."
[1] "Completed Arkansas @ 2025-05-14 10:37:34"
[1] "Arkansas is 76.4% complete."
[1] "Completed Arkansas @ 2025-05-14 10:37:34"
[1] "Arkansas is 76.7% complete."
[1] "Completed Arkansas @ 2025-05-14 10:37:34"
[1] "Arkansas is 77% complete."
[1] "Completed Arkansas @ 2025-05-14 10:37:34"
[1] "Arkansas is 77.2% complete."
[1] "Completed Arkansas @ 2025-05-14 10:37:34"
[1] "Arkansas is 77.5% complete."
[1] "Completed Arkansas @ 2025-05-14 10:37:34"
[1] "Arkansas is 77.7% complete."
[1] "Completed Arkansas @ 2025-05-14 10:37:34"
[1] "Arkansas is 78% complete."
[1] "Completed Arkansas @ 2025-05-14 10:37:34"
[1] "Arkansas is 78.3% complete."
[1] "Completed Arkansas @ 2025-05-14 10:37:34"
[1] "Arkansas is 78.5% complete."
[1] "Completed Arkansas @ 2025-05-14 10:37:34"
[1] "Arkansas is 78.8% complete."
[1] "Completed Arkansas @ 2025-05-14 10:37:35"
[1] "Arkansas is 79.1% complete."
[1] "Completed Arkansas @ 2025-05-14 10:37:35"
[1] "Arkansas is 79.3% complete."
[1] "Completed Arkansas @ 2025-05-14 10:37:35"
[1] "Arkansas is 79.6% complete."
[1] "Completed Arkansas @ 2025-05-14 10:37:35"
[1] "Arkansas is 79.8% complete."
[1] "Completed Arkansas @ 2025-05-14 10:37:35"
[1] "Arkansas is 80.1% complete."
[1] "Completed Arkansas @ 2025-05-14 10:37:35"
[1] "Arkansas is 80.4% complete."
[1] "Completed Arkansas @ 2025-05-14 10:37:35"
[1] "Arkansas is 80.6% complete."
[1] "Completed Arkansas @ 2025-05-14 10:37:35"
[1] "Arkansas is 80.9% complete."
[1] "Completed Arkansas @ 2025-05-14 10:37:35"
[1] "Arkansas is 81.2% complete."
[1] "Completed Arkansas @ 2025-05-14 10:37:35"
[1] "Arkansas is 81.4% complete."
[1] "Completed Arkansas @ 2025-05-14 10:37:36"
[1] "Arkansas is 81.7% complete."
[1] "Completed Arkansas @ 2025-05-14 10:37:36"
[1] "Arkansas is 81.9% complete."
[1] "Completed Arkansas @ 2025-05-14 10:37:36"
[1] "Arkansas is 82.2% complete."
[1] "Completed Arkansas @ 2025-05-14 10:37:36"
[1] "Arkansas is 82.5% complete."
[1] "Completed Arkansas @ 2025-05-14 10:37:36"
[1] "Arkansas is 82.7% complete."
[1] "Completed Arkansas @ 2025-05-14 10:37:36"
[1] "Arkansas is 83% complete."
[1] "Completed Arkansas @ 2025-05-14 10:37:36"
[1] "Arkansas is 83.2% complete."
[1] "Completed Arkansas @ 2025-05-14 10:37:36"
[1] "Arkansas is 83.5% complete."
[1] "Completed Arkansas @ 2025-05-14 10:37:36"
[1] "Arkansas is 83.8% complete."
[1] "Completed Arkansas @ 2025-05-14 10:37:36"
[1] "Arkansas is 84% complete."
[1] "Completed Arkansas @ 2025-05-14 10:37:36"
[1] "Arkansas is 84.3% complete."
[1] "Completed Arkansas @ 2025-05-14 10:37:36"
[1] "Arkansas is 84.6% complete."
[1] "Completed Arkansas @ 2025-05-14 10:37:36"
[1] "Arkansas is 84.8% complete."
[1] "Completed Arkansas @ 2025-05-14 10:37:37"
[1] "Arkansas is 85.1% complete."
[1] "Completed Arkansas @ 2025-05-14 10:37:37"
[1] "Arkansas is 85.3% complete."
[1] "Completed Arkansas @ 2025-05-14 10:37:37"
[1] "Arkansas is 85.6% complete."
[1] "Completed Arkansas @ 2025-05-14 10:37:37"
[1] "Arkansas is 85.9% complete."
[1] "Completed Arkansas @ 2025-05-14 10:37:37"
[1] "Arkansas is 86.1% complete."
[1] "Completed Arkansas @ 2025-05-14 10:37:37"
[1] "Arkansas is 86.4% complete."
[1] "Completed Arkansas @ 2025-05-14 10:37:37"
[1] "Arkansas is 86.6% complete."
[1] "Completed Arkansas @ 2025-05-14 10:37:37"
[1] "Arkansas is 86.9% complete."
[1] "Completed Arkansas @ 2025-05-14 10:37:37"
[1] "Arkansas is 87.2% complete."
[1] "Completed Arkansas @ 2025-05-14 10:37:37"
[1] "Arkansas is 87.4% complete."
[1] "Completed Arkansas @ 2025-05-14 10:37:37"
[1] "Arkansas is 87.7% complete."
[1] "Completed Arkansas @ 2025-05-14 10:37:38"
[1] "Arkansas is 88% complete."
[1] "Completed Arkansas @ 2025-05-14 10:37:38"
[1] "Arkansas is 88.2% complete."
[1] "Completed Arkansas @ 2025-05-14 10:37:38"
[1] "Arkansas is 88.5% complete."
[1] "Completed Arkansas @ 2025-05-14 10:37:38"
[1] "Arkansas is 88.7% complete."
[1] "Completed Arkansas @ 2025-05-14 10:37:38"
[1] "Arkansas is 89% complete."
[1] "Completed Arkansas @ 2025-05-14 10:37:38"
[1] "Arkansas is 89.3% complete."
[1] "Completed Arkansas @ 2025-05-14 10:37:38"
[1] "Arkansas is 89.5% complete."
[1] "Completed Arkansas @ 2025-05-14 10:37:38"
[1] "Arkansas is 89.8% complete."
[1] "Completed Arkansas @ 2025-05-14 10:37:38"
[1] "Arkansas is 90.1% complete."
[1] "Completed Arkansas @ 2025-05-14 10:37:38"
[1] "Arkansas is 90.3% complete."
[1] "Completed Arkansas @ 2025-05-14 10:37:38"
[1] "Arkansas is 90.6% complete."
[1] "Completed Arkansas @ 2025-05-14 10:37:39"
[1] "Arkansas is 90.8% complete."
[1] "Completed Arkansas @ 2025-05-14 10:37:39"
[1] "Arkansas is 91.1% complete."
[1] "Completed Arkansas @ 2025-05-14 10:37:39"
[1] "Arkansas is 91.4% complete."
[1] "Completed Arkansas @ 2025-05-14 10:37:39"
[1] "Arkansas is 91.6% complete."
[1] "Completed Arkansas @ 2025-05-14 10:37:39"
[1] "Arkansas is 91.9% complete."
[1] "Completed Arkansas @ 2025-05-14 10:37:39"
[1] "Arkansas is 92.1% complete."
[1] "Completed Arkansas @ 2025-05-14 10:37:39"
[1] "Arkansas is 92.4% complete."
[1] "Completed Arkansas @ 2025-05-14 10:37:40"
[1] "Arkansas is 92.7% complete."
[1] "Completed Arkansas @ 2025-05-14 10:37:40"
[1] "Arkansas is 92.9% complete."
[1] "Completed Arkansas @ 2025-05-14 10:37:40"
[1] "Arkansas is 93.2% complete."
[1] "Completed Arkansas @ 2025-05-14 10:37:40"
[1] "Arkansas is 93.5% complete."
[1] "Completed Arkansas @ 2025-05-14 10:37:40"
[1] "Arkansas is 93.7% complete."
[1] "Completed Arkansas @ 2025-05-14 10:37:40"
[1] "Arkansas is 94% complete."
[1] "Completed Arkansas @ 2025-05-14 10:37:40"
[1] "Arkansas is 94.2% complete."
[1] "Completed Arkansas @ 2025-05-14 10:37:40"
[1] "Arkansas is 94.5% complete."
[1] "Completed Arkansas @ 2025-05-14 10:37:40"
[1] "Arkansas is 94.8% complete."
[1] "Completed Arkansas @ 2025-05-14 10:37:41"
[1] "Arkansas is 95% complete."
[1] "Completed Arkansas @ 2025-05-14 10:37:41"
[1] "Arkansas is 95.3% complete."
[1] "Completed Arkansas @ 2025-05-14 10:37:41"
[1] "Arkansas is 95.5% complete."
[1] "Completed Arkansas @ 2025-05-14 10:37:41"
[1] "Arkansas is 95.8% complete."
[1] "Completed Arkansas @ 2025-05-14 10:37:41"
[1] "Arkansas is 96.1% complete."
[1] "Completed Arkansas @ 2025-05-14 10:37:41"
[1] "Arkansas is 96.3% complete."
[1] "Completed Arkansas @ 2025-05-14 10:37:41"
[1] "Arkansas is 96.6% complete."
[1] "Completed Arkansas @ 2025-05-14 10:37:42"
[1] "Arkansas is 96.9% complete."
[1] "Completed Arkansas @ 2025-05-14 10:37:42"
[1] "Arkansas is 97.1% complete."
[1] "Completed Arkansas @ 2025-05-14 10:37:42"
[1] "Arkansas is 97.4% complete."
[1] "Completed Arkansas @ 2025-05-14 10:37:42"
[1] "Arkansas is 97.6% complete."
[1] "Completed Arkansas @ 2025-05-14 10:37:42"
[1] "Arkansas is 97.9% complete."
[1] "Completed Arkansas @ 2025-05-14 10:37:43"
[1] "Arkansas is 98.2% complete."
[1] "Completed Arkansas @ 2025-05-14 10:37:43"
[1] "Arkansas is 98.4% complete."
[1] "Completed Arkansas @ 2025-05-14 10:37:43"
[1] "Arkansas is 98.7% complete."
[1] "Completed Arkansas @ 2025-05-14 10:37:43"
[1] "Arkansas is 99% complete."
[1] "Completed Arkansas @ 2025-05-14 10:37:44"
[1] "Arkansas is 99.2% complete."
[1] "Completed Arkansas @ 2025-05-14 10:37:44"
[1] "Arkansas is 99.5% complete."
[1] "Completed Arkansas @ 2025-05-14 10:37:44"
[1] "Arkansas is 99.7% complete."
[1] "Completed Arkansas @ 2025-05-14 10:37:44"
[1] "Arkansas is 100% complete."
[1] "Completed Arkansas @ 2025-05-14 10:37:45"
Deleting layer `Pop' using driver `GPKG'
Writing layer `Pop' to data source 
  `/work/GRDVULN/sewershed/Model/Create_Boundaries/outputs/Pop_Delineated/FP_05.gpkg' using driver `GPKG'
Writing 382 features with 10 fields and geometry type Unknown (any).
[1] "SCRIPT COMPLETE @ 2025-05-14 10:37:54"
