[1] "Starting Colorado"
Reading layer `cb_2021_us_state_500k' from data source 
  `/work/GRDVULN/data/cb_2021_us_all_500k.gdb' using driver `OpenFileGDB'
Simple feature collection with 56 features and 9 fields
Geometry type: MULTIPOLYGON
Dimension:     XY
Bounding box:  xmin: -179.1489 ymin: -14.5487 xmax: 179.7785 ymax: 71.36516
Geodetic CRS:  NAD83
[1] "Building 307 systems"
[1] "Colorado is 0.3% complete."
[1] "Completed Colorado @ 2025-05-14 10:37:10"
[1] "Colorado is 0.7% complete."
[1] "Completed Colorado @ 2025-05-14 10:37:10"
[1] "Colorado is 1% complete."
[1] "Completed Colorado @ 2025-05-14 10:37:10"
[1] "Colorado is 1.3% complete."
[1] "Completed Colorado @ 2025-05-14 10:37:10"
[1] "Colorado is 1.6% complete."
[1] "Completed Colorado @ 2025-05-14 10:37:10"
[1] "Colorado is 2% complete."
[1] "Completed Colorado @ 2025-05-14 10:37:10"
[1] "Colorado is 2.3% complete."
[1] "Completed Colorado @ 2025-05-14 10:37:11"
[1] "Colorado is 2.6% complete."
[1] "Completed Colorado @ 2025-05-14 10:37:11"
[1] "Colorado is 2.9% complete."
[1] "Completed Colorado @ 2025-05-14 10:37:11"
[1] "Colorado is 3.3% complete."
[1] "Completed Colorado @ 2025-05-14 10:37:11"
[1] "Colorado is 3.6% complete."
[1] "Completed Colorado @ 2025-05-14 10:37:11"
[1] "Colorado is 3.9% complete."
[1] "Completed Colorado @ 2025-05-14 10:37:11"
[1] "Colorado is 4.2% complete."
[1] "Completed Colorado @ 2025-05-14 10:37:11"
[1] "Colorado is 4.6% complete."
[1] "Completed Colorado @ 2025-05-14 10:37:11"
[1] "Colorado is 4.9% complete."
[1] "Completed Colorado @ 2025-05-14 10:37:11"
[1] "Colorado is 5.2% complete."
[1] "Completed Colorado @ 2025-05-14 10:37:11"
[1] "Colorado is 5.5% complete."
[1] "Completed Colorado @ 2025-05-14 10:37:12"
[1] "Colorado is 5.9% complete."
[1] "Completed Colorado @ 2025-05-14 10:37:12"
[1] "Colorado is 6.2% complete."
[1] "Completed Colorado @ 2025-05-14 10:37:12"
[1] "Colorado is 6.5% complete."
[1] "Completed Colorado @ 2025-05-14 10:37:12"
[1] "Colorado is 6.8% complete."
[1] "Completed Colorado @ 2025-05-14 10:37:12"
[1] "Colorado is 7.2% complete."
[1] "Completed Colorado @ 2025-05-14 10:37:12"
[1] "Colorado is 7.5% complete."
[1] "Completed Colorado @ 2025-05-14 10:37:13"
[1] "Colorado is 7.8% complete."
[1] "Completed Colorado @ 2025-05-14 10:37:13"
[1] "Colorado is 8.1% complete."
[1] "Completed Colorado @ 2025-05-14 10:37:13"
[1] "Colorado is 8.5% complete."
[1] "Completed Colorado @ 2025-05-14 10:37:13"
[1] "Colorado is 8.8% complete."
[1] "Completed Colorado @ 2025-05-14 10:37:13"
[1] "Colorado is 9.1% complete."
[1] "Completed Colorado @ 2025-05-14 10:37:13"
[1] "Colorado is 9.4% complete."
[1] "Completed Colorado @ 2025-05-14 10:37:13"
[1] "Colorado is 9.8% complete."
[1] "Completed Colorado @ 2025-05-14 10:37:13"
[1] "Colorado is 10.1% complete."
[1] "Completed Colorado @ 2025-05-14 10:37:13"
[1] "Colorado is 10.4% complete."
[1] "Completed Colorado @ 2025-05-14 10:37:13"
[1] "Colorado is 10.7% complete."
[1] "Completed Colorado @ 2025-05-14 10:37:13"
[1] "Colorado is 11.1% complete."
[1] "Completed Colorado @ 2025-05-14 10:37:13"
[1] "Colorado is 11.4% complete."
[1] "Completed Colorado @ 2025-05-14 10:37:14"
[1] "Colorado is 11.7% complete."
[1] "Completed Colorado @ 2025-05-14 10:37:14"
[1] "Colorado is 12.1% complete."
[1] "Completed Colorado @ 2025-05-14 10:37:14"
[1] "Colorado is 12.4% complete."
[1] "Completed Colorado @ 2025-05-14 10:37:14"
[1] "Colorado is 12.7% complete."
[1] "Completed Colorado @ 2025-05-14 10:37:14"
[1] "Colorado is 13% complete."
[1] "Completed Colorado @ 2025-05-14 10:37:14"
[1] "Colorado is 13.4% complete."
[1] "Completed Colorado @ 2025-05-14 10:37:14"
[1] "Colorado is 13.7% complete."
[1] "Completed Colorado @ 2025-05-14 10:37:15"
[1] "Colorado is 14% complete."
[1] "Completed Colorado @ 2025-05-14 10:37:15"
[1] "Colorado is 14.3% complete."
[1] "Completed Colorado @ 2025-05-14 10:37:15"
[1] "Colorado is 14.7% complete."
[1] "Completed Colorado @ 2025-05-14 10:37:15"
[1] "Colorado is 15% complete."
[1] "Completed Colorado @ 2025-05-14 10:37:15"
[1] "Colorado is 15.3% complete."
[1] "Completed Colorado @ 2025-05-14 10:37:15"
[1] "Colorado is 15.6% complete."
[1] "Completed Colorado @ 2025-05-14 10:37:15"
[1] "Colorado is 16% complete."
[1] "Completed Colorado @ 2025-05-14 10:37:15"
[1] "Colorado is 16.3% complete."
[1] "Completed Colorado @ 2025-05-14 10:37:15"
[1] "Colorado is 16.6% complete."
[1] "Completed Colorado @ 2025-05-14 10:37:15"
[1] "Colorado is 16.9% complete."
[1] "Completed Colorado @ 2025-05-14 10:37:15"
[1] "Colorado is 17.3% complete."
[1] "Completed Colorado @ 2025-05-14 10:37:15"
[1] "Colorado is 17.6% complete."
[1] "Completed Colorado @ 2025-05-14 10:37:16"
[1] "Colorado is 17.9% complete."
[1] "Completed Colorado @ 2025-05-14 10:37:16"
[1] "Colorado is 18.2% complete."
[1] "Completed Colorado @ 2025-05-14 10:37:16"
[1] "Colorado is 18.6% complete."
[1] "Completed Colorado @ 2025-05-14 10:37:16"
[1] "Colorado is 18.9% complete."
[1] "Completed Colorado @ 2025-05-14 10:37:16"
[1] "Colorado is 19.2% complete."
[1] "Completed Colorado @ 2025-05-14 10:37:16"
[1] "Colorado is 19.5% complete."
[1] "Completed Colorado @ 2025-05-14 10:37:16"
[1] "Colorado is 19.9% complete."
[1] "Completed Colorado @ 2025-05-14 10:37:16"
[1] "Colorado is 20.2% complete."
[1] "Completed Colorado @ 2025-05-14 10:37:17"
[1] "Colorado is 20.5% complete."
[1] "Completed Colorado @ 2025-05-14 10:37:17"
[1] "Colorado is 20.8% complete."
[1] "Completed Colorado @ 2025-05-14 10:37:17"
[1] "Colorado is 21.2% complete."
[1] "Completed Colorado @ 2025-05-14 10:37:17"
[1] "Colorado is 21.5% complete."
[1] "Completed Colorado @ 2025-05-14 10:37:17"
[1] "Colorado is 21.8% complete."
[1] "Completed Colorado @ 2025-05-14 10:37:17"
[1] "Colorado is 22.1% complete."
[1] "Completed Colorado @ 2025-05-14 10:37:17"
[1] "Colorado is 22.5% complete."
[1] "Completed Colorado @ 2025-05-14 10:37:17"
[1] "Colorado is 22.8% complete."
[1] "Completed Colorado @ 2025-05-14 10:37:17"
[1] "Colorado is 23.1% complete."
[1] "Completed Colorado @ 2025-05-14 10:37:17"
[1] "Colorado is 23.5% complete."
[1] "Completed Colorado @ 2025-05-14 10:37:17"
[1] "Colorado is 23.8% complete."
[1] "Completed Colorado @ 2025-05-14 10:37:17"
[1] "Colorado is 24.1% complete."
[1] "Completed Colorado @ 2025-05-14 10:37:18"
[1] "Colorado is 24.4% complete."
[1] "Completed Colorado @ 2025-05-14 10:37:18"
[1] "Colorado is 24.8% complete."
[1] "Completed Colorado @ 2025-05-14 10:37:18"
[1] "Colorado is 25.1% complete."
[1] "Completed Colorado @ 2025-05-14 10:37:19"
[1] "Colorado is 25.4% complete."
[1] "Completed Colorado @ 2025-05-14 10:37:19"
[1] "Colorado is 25.7% complete."
[1] "Completed Colorado @ 2025-05-14 10:37:19"
[1] "Colorado is 26.1% complete."
[1] "Completed Colorado @ 2025-05-14 10:37:19"
[1] "Colorado is 26.4% complete."
[1] "Completed Colorado @ 2025-05-14 10:37:19"
[1] "Colorado is 26.7% complete."
[1] "Completed Colorado @ 2025-05-14 10:37:19"
[1] "Colorado is 27% complete."
[1] "Completed Colorado @ 2025-05-14 10:37:19"
[1] "Colorado is 27.4% complete."
[1] "Completed Colorado @ 2025-05-14 10:37:20"
[1] "Colorado is 27.7% complete."
[1] "Completed Colorado @ 2025-05-14 10:37:20"
[1] "Colorado is 28% complete."
[1] "Completed Colorado @ 2025-05-14 10:37:20"
[1] "Colorado is 28.3% complete."
[1] "Completed Colorado @ 2025-05-14 10:37:20"
[1] "Colorado is 28.7% complete."
[1] "Completed Colorado @ 2025-05-14 10:37:20"
[1] "Colorado is 29% complete."
[1] "Completed Colorado @ 2025-05-14 10:37:20"
[1] "Colorado is 29.3% complete."
[1] "Completed Colorado @ 2025-05-14 10:37:20"
[1] "Colorado is 29.6% complete."
[1] "Completed Colorado @ 2025-05-14 10:37:21"
[1] "Colorado is 30% complete."
[1] "Completed Colorado @ 2025-05-14 10:37:21"
[1] "Colorado is 30.3% complete."
[1] "Completed Colorado @ 2025-05-14 10:37:21"
[1] "Colorado is 30.6% complete."
[1] "Completed Colorado @ 2025-05-14 10:37:21"
[1] "Colorado is 30.9% complete."
[1] "Completed Colorado @ 2025-05-14 10:37:21"
[1] "Colorado is 31.3% complete."
[1] "Completed Colorado @ 2025-05-14 10:37:21"
[1] "Colorado is 31.6% complete."
[1] "Completed Colorado @ 2025-05-14 10:37:21"
[1] "Colorado is 31.9% complete."
[1] "Completed Colorado @ 2025-05-14 10:37:22"
[1] "Colorado is 32.2% complete."
[1] "Completed Colorado @ 2025-05-14 10:37:22"
[1] "Colorado is 32.6% complete."
[1] "Completed Colorado @ 2025-05-14 10:37:22"
[1] "Colorado is 32.9% complete."
[1] "Completed Colorado @ 2025-05-14 10:37:22"
[1] "Colorado is 33.2% complete."
[1] "Completed Colorado @ 2025-05-14 10:37:22"
[1] "Colorado is 33.6% complete."
[1] "Completed Colorado @ 2025-05-14 10:37:23"
[1] "Colorado is 33.9% complete."
[1] "Completed Colorado @ 2025-05-14 10:37:23"
[1] "Colorado is 34.2% complete."
[1] "Completed Colorado @ 2025-05-14 10:37:23"
[1] "Colorado is 34.5% complete."
[1] "Completed Colorado @ 2025-05-14 10:37:23"
[1] "Colorado is 34.9% complete."
[1] "Completed Colorado @ 2025-05-14 10:37:23"
[1] "Colorado is 35.2% complete."
[1] "Completed Colorado @ 2025-05-14 10:37:23"
[1] "Colorado is 35.5% complete."
[1] "Completed Colorado @ 2025-05-14 10:37:23"
[1] "Colorado is 35.8% complete."
[1] "Completed Colorado @ 2025-05-14 10:37:23"
[1] "Colorado is 36.2% complete."
[1] "Completed Colorado @ 2025-05-14 10:37:24"
[1] "Colorado is 36.5% complete."
[1] "Completed Colorado @ 2025-05-14 10:37:24"
[1] "Colorado is 36.8% complete."
[1] "Completed Colorado @ 2025-05-14 10:37:24"
[1] "Colorado is 37.1% complete."
[1] "Completed Colorado @ 2025-05-14 10:37:24"
[1] "Colorado is 37.5% complete."
[1] "Completed Colorado @ 2025-05-14 10:37:24"
[1] "Colorado is 37.8% complete."
[1] "Completed Colorado @ 2025-05-14 10:37:25"
[1] "Colorado is 38.1% complete."
[1] "Completed Colorado @ 2025-05-14 10:37:25"
[1] "Colorado is 38.4% complete."
[1] "Completed Colorado @ 2025-05-14 10:37:25"
[1] "Colorado is 38.8% complete."
[1] "Completed Colorado @ 2025-05-14 10:37:25"
[1] "Colorado is 39.1% complete."
[1] "Completed Colorado @ 2025-05-14 10:37:26"
[1] "Colorado is 39.4% complete."
[1] "Completed Colorado @ 2025-05-14 10:37:26"
[1] "Colorado is 39.7% complete."
[1] "Completed Colorado @ 2025-05-14 10:37:26"
[1] "Colorado is 40.1% complete."
[1] "Completed Colorado @ 2025-05-14 10:37:26"
[1] "Colorado is 40.4% complete."
[1] "Completed Colorado @ 2025-05-14 10:37:26"
[1] "Colorado is 40.7% complete."
[1] "Completed Colorado @ 2025-05-14 10:37:26"
[1] "Colorado is 41% complete."
[1] "Completed Colorado @ 2025-05-14 10:37:26"
[1] "Colorado is 41.4% complete."
[1] "Completed Colorado @ 2025-05-14 10:37:26"
[1] "Colorado is 41.7% complete."
[1] "Completed Colorado @ 2025-05-14 10:37:27"
[1] "Colorado is 42% complete."
[1] "Completed Colorado @ 2025-05-14 10:37:27"
[1] "Colorado is 42.3% complete."
[1] "Completed Colorado @ 2025-05-14 10:37:27"
[1] "Colorado is 42.7% complete."
[1] "Completed Colorado @ 2025-05-14 10:37:27"
[1] "Colorado is 43% complete."
[1] "Completed Colorado @ 2025-05-14 10:37:27"
[1] "Colorado is 43.3% complete."
[1] "Completed Colorado @ 2025-05-14 10:37:27"
[1] "Colorado is 43.6% complete."
[1] "Completed Colorado @ 2025-05-14 10:37:28"
[1] "Colorado is 44% complete."
[1] "Completed Colorado @ 2025-05-14 10:37:28"
[1] "Colorado is 44.3% complete."
[1] "Completed Colorado @ 2025-05-14 10:37:28"
[1] "Colorado is 44.6% complete."
[1] "Completed Colorado @ 2025-05-14 10:37:28"
[1] "Colorado is 45% complete."
[1] "Completed Colorado @ 2025-05-14 10:37:28"
[1] "Colorado is 45.3% complete."
[1] "Completed Colorado @ 2025-05-14 10:37:28"
[1] "Colorado is 45.6% complete."
[1] "Completed Colorado @ 2025-05-14 10:37:28"
[1] "Colorado is 45.9% complete."
[1] "Completed Colorado @ 2025-05-14 10:37:28"
[1] "Colorado is 46.3% complete."
[1] "Completed Colorado @ 2025-05-14 10:37:28"
[1] "Colorado is 46.6% complete."
[1] "Completed Colorado @ 2025-05-14 10:37:28"
[1] "Colorado is 46.9% complete."
[1] "Completed Colorado @ 2025-05-14 10:37:28"
[1] "Colorado is 47.2% complete."
[1] "Completed Colorado @ 2025-05-14 10:37:29"
[1] "Colorado is 47.6% complete."
[1] "Completed Colorado @ 2025-05-14 10:37:29"
[1] "Colorado is 47.9% complete."
[1] "Completed Colorado @ 2025-05-14 10:37:29"
[1] "Colorado is 48.2% complete."
[1] "Completed Colorado @ 2025-05-14 10:37:29"
[1] "Colorado is 48.5% complete."
[1] "Completed Colorado @ 2025-05-14 10:37:30"
[1] "Colorado is 48.9% complete."
[1] "Completed Colorado @ 2025-05-14 10:37:30"
[1] "Colorado is 49.2% complete."
[1] "Completed Colorado @ 2025-05-14 10:37:30"
[1] "Colorado is 49.5% complete."
[1] "Completed Colorado @ 2025-05-14 10:37:30"
[1] "Colorado is 49.8% complete."
[1] "Completed Colorado @ 2025-05-14 10:37:30"
[1] "Colorado is 50.2% complete."
[1] "Completed Colorado @ 2025-05-14 10:37:30"
[1] "Colorado is 50.5% complete."
[1] "Completed Colorado @ 2025-05-14 10:37:30"
[1] "Colorado is 50.8% complete."
[1] "Completed Colorado @ 2025-05-14 10:37:30"
[1] "Colorado is 51.1% complete."
[1] "Completed Colorado @ 2025-05-14 10:37:30"
[1] "Colorado is 51.5% complete."
[1] "Completed Colorado @ 2025-05-14 10:37:31"
[1] "Colorado is 51.8% complete."
[1] "Completed Colorado @ 2025-05-14 10:37:31"
[1] "Colorado is 52.1% complete."
[1] "Completed Colorado @ 2025-05-14 10:37:31"
[1] "Colorado is 52.4% complete."
[1] "Completed Colorado @ 2025-05-14 10:37:31"
[1] "Colorado is 52.8% complete."
[1] "Completed Colorado @ 2025-05-14 10:37:31"
[1] "Colorado is 53.1% complete."
[1] "Completed Colorado @ 2025-05-14 10:37:31"
[1] "Colorado is 53.4% complete."
[1] "Completed Colorado @ 2025-05-14 10:37:31"
[1] "Colorado is 53.7% complete."
[1] "Completed Colorado @ 2025-05-14 10:37:31"
[1] "Colorado is 54.1% complete."
[1] "Completed Colorado @ 2025-05-14 10:37:32"
[1] "Colorado is 54.4% complete."
[1] "Completed Colorado @ 2025-05-14 10:37:32"
[1] "Colorado is 54.7% complete."
[1] "Completed Colorado @ 2025-05-14 10:37:32"
[1] "Colorado is 55% complete."
[1] "Completed Colorado @ 2025-05-14 10:37:32"
[1] "Colorado is 55.4% complete."
[1] "Completed Colorado @ 2025-05-14 10:37:32"
[1] "Colorado is 55.7% complete."
[1] "Completed Colorado @ 2025-05-14 10:37:32"
[1] "Colorado is 56% complete."
[1] "Completed Colorado @ 2025-05-14 10:37:33"
[1] "Colorado is 56.4% complete."
[1] "Completed Colorado @ 2025-05-14 10:37:33"
[1] "Colorado is 56.7% complete."
[1] "Completed Colorado @ 2025-05-14 10:37:33"
[1] "Colorado is 57% complete."
[1] "Completed Colorado @ 2025-05-14 10:37:33"
[1] "Colorado is 57.3% complete."
[1] "Completed Colorado @ 2025-05-14 10:37:33"
[1] "Colorado is 57.7% complete."
[1] "Completed Colorado @ 2025-05-14 10:37:33"
[1] "Colorado is 58% complete."
[1] "Completed Colorado @ 2025-05-14 10:37:33"
[1] "Colorado is 58.3% complete."
[1] "Completed Colorado @ 2025-05-14 10:37:34"
[1] "Colorado is 58.6% complete."
[1] "Completed Colorado @ 2025-05-14 10:37:34"
[1] "Colorado is 59% complete."
[1] "Completed Colorado @ 2025-05-14 10:37:34"
[1] "Colorado is 59.3% complete."
[1] "Completed Colorado @ 2025-05-14 10:37:34"
[1] "Colorado is 59.6% complete."
[1] "Completed Colorado @ 2025-05-14 10:37:34"
[1] "Colorado is 59.9% complete."
[1] "Completed Colorado @ 2025-05-14 10:37:34"
[1] "Colorado is 60.3% complete."
[1] "Completed Colorado @ 2025-05-14 10:37:35"
[1] "Colorado is 60.6% complete."
[1] "Completed Colorado @ 2025-05-14 10:37:35"
[1] "Colorado is 60.9% complete."
[1] "Completed Colorado @ 2025-05-14 10:37:35"
[1] "Colorado is 61.2% complete."
[1] "Completed Colorado @ 2025-05-14 10:37:35"
[1] "Colorado is 61.6% complete."
[1] "Completed Colorado @ 2025-05-14 10:37:35"
[1] "Colorado is 61.9% complete."
[1] "Completed Colorado @ 2025-05-14 10:37:35"
[1] "Colorado is 62.2% complete."
[1] "Completed Colorado @ 2025-05-14 10:37:35"
[1] "Colorado is 62.5% complete."
[1] "Completed Colorado @ 2025-05-14 10:37:36"
[1] "Colorado is 62.9% complete."
[1] "Completed Colorado @ 2025-05-14 10:37:36"
[1] "Colorado is 63.2% complete."
[1] "Completed Colorado @ 2025-05-14 10:37:36"
[1] "Colorado is 63.5% complete."
[1] "Completed Colorado @ 2025-05-14 10:37:36"
[1] "Colorado is 63.8% complete."
[1] "Completed Colorado @ 2025-05-14 10:37:36"
[1] "Colorado is 64.2% complete."
[1] "Completed Colorado @ 2025-05-14 10:37:36"
[1] "Colorado is 64.5% complete."
[1] "Completed Colorado @ 2025-05-14 10:37:36"
[1] "Colorado is 64.8% complete."
[1] "Completed Colorado @ 2025-05-14 10:37:36"
[1] "Colorado is 65.1% complete."
[1] "Completed Colorado @ 2025-05-14 10:37:36"
[1] "Colorado is 65.5% complete."
[1] "Completed Colorado @ 2025-05-14 10:37:36"
[1] "Colorado is 65.8% complete."
[1] "Completed Colorado @ 2025-05-14 10:37:37"
[1] "Colorado is 66.1% complete."
[1] "Completed Colorado @ 2025-05-14 10:37:37"
[1] "Colorado is 66.4% complete."
[1] "Completed Colorado @ 2025-05-14 10:37:37"
[1] "Colorado is 66.8% complete."
[1] "Completed Colorado @ 2025-05-14 10:37:38"
[1] "Colorado is 67.1% complete."
[1] "Completed Colorado @ 2025-05-14 10:37:38"
[1] "Colorado is 67.4% complete."
[1] "Completed Colorado @ 2025-05-14 10:37:38"
[1] "Colorado is 67.8% complete."
[1] "Completed Colorado @ 2025-05-14 10:37:38"
[1] "Colorado is 68.1% complete."
[1] "Completed Colorado @ 2025-05-14 10:37:38"
[1] "Colorado is 68.4% complete."
[1] "Completed Colorado @ 2025-05-14 10:37:38"
[1] "Colorado is 68.7% complete."
[1] "Completed Colorado @ 2025-05-14 10:37:38"
[1] "Colorado is 69.1% complete."
[1] "Completed Colorado @ 2025-05-14 10:37:39"
[1] "Colorado is 69.4% complete."
[1] "Completed Colorado @ 2025-05-14 10:37:39"
[1] "Colorado is 69.7% complete."
[1] "Completed Colorado @ 2025-05-14 10:37:39"
[1] "Colorado is 70% complete."
[1] "Completed Colorado @ 2025-05-14 10:37:40"
[1] "Colorado is 70.4% complete."
[1] "Completed Colorado @ 2025-05-14 10:37:40"
[1] "Colorado is 70.7% complete."
[1] "Completed Colorado @ 2025-05-14 10:37:40"
[1] "Colorado is 71% complete."
[1] "Completed Colorado @ 2025-05-14 10:37:40"
[1] "Colorado is 71.3% complete."
[1] "Completed Colorado @ 2025-05-14 10:37:40"
[1] "Colorado is 71.7% complete."
[1] "Completed Colorado @ 2025-05-14 10:37:40"
[1] "Colorado is 72% complete."
[1] "Completed Colorado @ 2025-05-14 10:37:40"
[1] "Colorado is 72.3% complete."
[1] "Completed Colorado @ 2025-05-14 10:37:40"
[1] "Colorado is 72.6% complete."
[1] "Completed Colorado @ 2025-05-14 10:37:40"
[1] "Colorado is 73% complete."
[1] "Completed Colorado @ 2025-05-14 10:37:40"
[1] "Colorado is 73.3% complete."
[1] "Completed Colorado @ 2025-05-14 10:37:40"
[1] "Colorado is 73.6% complete."
[1] "Completed Colorado @ 2025-05-14 10:37:41"
[1] "Colorado is 73.9% complete."
[1] "Completed Colorado @ 2025-05-14 10:37:41"
[1] "Colorado is 74.3% complete."
[1] "Completed Colorado @ 2025-05-14 10:37:41"
[1] "Colorado is 74.6% complete."
[1] "Completed Colorado @ 2025-05-14 10:37:41"
[1] "Colorado is 74.9% complete."
[1] "Completed Colorado @ 2025-05-14 10:37:41"
[1] "Colorado is 75.2% complete."
[1] "Completed Colorado @ 2025-05-14 10:37:42"
[1] "Colorado is 75.6% complete."
[1] "Completed Colorado @ 2025-05-14 10:37:42"
[1] "Colorado is 75.9% complete."
[1] "Completed Colorado @ 2025-05-14 10:37:42"
[1] "Colorado is 76.2% complete."
[1] "Completed Colorado @ 2025-05-14 10:37:42"
[1] "Colorado is 76.5% complete."
[1] "Completed Colorado @ 2025-05-14 10:37:42"
[1] "Colorado is 76.9% complete."
[1] "Completed Colorado @ 2025-05-14 10:37:42"
[1] "Colorado is 77.2% complete."
[1] "Completed Colorado @ 2025-05-14 10:37:43"
[1] "Colorado is 77.5% complete."
[1] "Completed Colorado @ 2025-05-14 10:37:43"
[1] "Colorado is 77.9% complete."
[1] "Completed Colorado @ 2025-05-14 10:37:43"
[1] "Colorado is 78.2% complete."
[1] "Completed Colorado @ 2025-05-14 10:37:43"
[1] "Colorado is 78.5% complete."
[1] "Completed Colorado @ 2025-05-14 10:37:43"
[1] "Colorado is 78.8% complete."
[1] "Completed Colorado @ 2025-05-14 10:37:43"
[1] "Colorado is 79.2% complete."
[1] "Completed Colorado @ 2025-05-14 10:37:43"
[1] "Colorado is 79.5% complete."
[1] "Completed Colorado @ 2025-05-14 10:37:44"
[1] "Colorado is 79.8% complete."
[1] "Completed Colorado @ 2025-05-14 10:37:44"
[1] "Colorado is 80.1% complete."
[1] "Completed Colorado @ 2025-05-14 10:37:44"
[1] "Colorado is 80.5% complete."
[1] "Completed Colorado @ 2025-05-14 10:37:45"
[1] "Colorado is 80.8% complete."
[1] "Completed Colorado @ 2025-05-14 10:37:45"
[1] "Colorado is 81.1% complete."
[1] "Completed Colorado @ 2025-05-14 10:37:45"
[1] "Colorado is 81.4% complete."
[1] "Completed Colorado @ 2025-05-14 10:37:45"
[1] "Colorado is 81.8% complete."
[1] "Completed Colorado @ 2025-05-14 10:37:45"
[1] "Colorado is 82.1% complete."
[1] "Completed Colorado @ 2025-05-14 10:37:45"
[1] "Colorado is 82.4% complete."
[1] "Completed Colorado @ 2025-05-14 10:37:46"
[1] "Colorado is 82.7% complete."
[1] "Completed Colorado @ 2025-05-14 10:37:46"
[1] "Colorado is 83.1% complete."
[1] "Completed Colorado @ 2025-05-14 10:37:46"
[1] "Colorado is 83.4% complete."
[1] "Completed Colorado @ 2025-05-14 10:37:47"
[1] "Colorado is 83.7% complete."
[1] "Completed Colorado @ 2025-05-14 10:37:47"
[1] "Colorado is 84% complete."
[1] "Completed Colorado @ 2025-05-14 10:37:48"
[1] "Colorado is 84.4% complete."
[1] "Completed Colorado @ 2025-05-14 10:37:48"
[1] "Colorado is 84.7% complete."
[1] "Completed Colorado @ 2025-05-14 10:37:48"
[1] "Colorado is 85% complete."
[1] "Completed Colorado @ 2025-05-14 10:37:48"
[1] "Colorado is 85.3% complete."
[1] "Completed Colorado @ 2025-05-14 10:37:48"
[1] "Colorado is 85.7% complete."
[1] "Completed Colorado @ 2025-05-14 10:37:48"
[1] "Colorado is 86% complete."
[1] "Completed Colorado @ 2025-05-14 10:37:48"
[1] "Colorado is 86.3% complete."
[1] "Completed Colorado @ 2025-05-14 10:37:49"
[1] "Colorado is 86.6% complete."
[1] "Completed Colorado @ 2025-05-14 10:37:49"
[1] "Colorado is 87% complete."
[1] "Completed Colorado @ 2025-05-14 10:37:49"
[1] "Colorado is 87.3% complete."
[1] "Completed Colorado @ 2025-05-14 10:37:49"
[1] "Colorado is 87.6% complete."
[1] "Completed Colorado @ 2025-05-14 10:37:49"
[1] "Colorado is 87.9% complete."
[1] "Completed Colorado @ 2025-05-14 10:37:49"
[1] "Colorado is 88.3% complete."
[1] "Completed Colorado @ 2025-05-14 10:37:50"
[1] "Colorado is 88.6% complete."
[1] "Completed Colorado @ 2025-05-14 10:37:50"
[1] "Colorado is 88.9% complete."
[1] "Completed Colorado @ 2025-05-14 10:37:50"
[1] "Colorado is 89.3% complete."
[1] "Completed Colorado @ 2025-05-14 10:37:50"
[1] "Colorado is 89.6% complete."
[1] "Completed Colorado @ 2025-05-14 10:37:50"
[1] "Colorado is 89.9% complete."
[1] "Completed Colorado @ 2025-05-14 10:37:50"
[1] "Colorado is 90.2% complete."
[1] "Completed Colorado @ 2025-05-14 10:37:50"
[1] "Colorado is 90.6% complete."
[1] "Completed Colorado @ 2025-05-14 10:37:51"
[1] "Colorado is 90.9% complete."
[1] "Completed Colorado @ 2025-05-14 10:37:51"
[1] "Colorado is 91.2% complete."
[1] "Completed Colorado @ 2025-05-14 10:37:51"
[1] "Colorado is 91.5% complete."
[1] "Completed Colorado @ 2025-05-14 10:37:52"
[1] "Colorado is 91.9% complete."
[1] "Completed Colorado @ 2025-05-14 10:37:52"
[1] "Colorado is 92.2% complete."
[1] "Completed Colorado @ 2025-05-14 10:37:52"
[1] "Colorado is 92.5% complete."
[1] "Completed Colorado @ 2025-05-14 10:37:53"
[1] "Colorado is 92.8% complete."
[1] "Completed Colorado @ 2025-05-14 10:37:53"
[1] "Colorado is 93.2% complete."
[1] "Completed Colorado @ 2025-05-14 10:37:53"
[1] "Colorado is 93.5% complete."
[1] "Completed Colorado @ 2025-05-14 10:37:54"
[1] "Colorado is 93.8% complete."
[1] "Completed Colorado @ 2025-05-14 10:37:54"
[1] "Colorado is 94.1% complete."
[1] "Completed Colorado @ 2025-05-14 10:37:54"
[1] "Colorado is 94.5% complete."
[1] "Completed Colorado @ 2025-05-14 10:37:54"
[1] "Colorado is 94.8% complete."
[1] "Completed Colorado @ 2025-05-14 10:37:55"
[1] "Colorado is 95.1% complete."
[1] "Completed Colorado @ 2025-05-14 10:37:55"
[1] "Colorado is 95.4% complete."
[1] "Completed Colorado @ 2025-05-14 10:37:56"
[1] "Colorado is 95.8% complete."
[1] "Completed Colorado @ 2025-05-14 10:37:57"
[1] "Colorado is 96.1% complete."
[1] "Completed Colorado @ 2025-05-14 10:37:57"
[1] "Colorado is 96.4% complete."
[1] "Completed Colorado @ 2025-05-14 10:37:57"
[1] "Colorado is 96.7% complete."
[1] "Completed Colorado @ 2025-05-14 10:37:58"
[1] "Colorado is 97.1% complete."
[1] "Completed Colorado @ 2025-05-14 10:37:58"
[1] "Colorado is 97.4% complete."
[1] "Completed Colorado @ 2025-05-14 10:37:58"
[1] "Colorado is 97.7% complete."
[1] "Completed Colorado @ 2025-05-14 10:37:59"
[1] "Colorado is 98% complete."
[1] "Completed Colorado @ 2025-05-14 10:37:59"
[1] "Colorado is 98.4% complete."
[1] "Completed Colorado @ 2025-05-14 10:38:00"
[1] "Colorado is 98.7% complete."
[1] "Completed Colorado @ 2025-05-14 10:38:01"
[1] "Colorado is 99% complete."
[1] "Completed Colorado @ 2025-05-14 10:38:02"
[1] "Colorado is 99.3% complete."
[1] "Completed Colorado @ 2025-05-14 10:38:04"
[1] "Colorado is 99.7% complete."
[1] "Completed Colorado @ 2025-05-14 10:38:05"
[1] "Colorado is 100% complete."
[1] "Completed Colorado @ 2025-05-14 10:38:08"
Deleting layer `Pop' using driver `GPKG'
Writing layer `Pop' to data source 
  `/work/GRDVULN/sewershed/Model/Create_Boundaries/outputs/Pop_Delineated/FP_08.gpkg' using driver `GPKG'
Writing 307 features with 10 fields and geometry type Unknown (any).
[1] "SCRIPT COMPLETE @ 2025-05-14 10:38:32"
