[1] "Starting Florida"
Reading layer `cb_2021_us_state_500k' from data source 
  `/work/GRDVULN/data/cb_2021_us_all_500k.gdb' using driver `OpenFileGDB'
Simple feature collection with 56 features and 9 fields
Geometry type: MULTIPOLYGON
Dimension:     XY
Bounding box:  xmin: -179.1489 ymin: -14.5487 xmax: 179.7785 ymax: 71.36516
Geodetic CRS:  NAD83
[1] "Building 218 systems"
[1] "Florida is 0.5% complete."
[1] "Completed Florida @ 2025-05-14 10:37:47"
[1] "Florida is 0.9% complete."
[1] "Completed Florida @ 2025-05-14 10:37:47"
[1] "Florida is 1.4% complete."
[1] "Completed Florida @ 2025-05-14 10:37:47"
[1] "Florida is 1.8% complete."
[1] "Completed Florida @ 2025-05-14 10:37:47"
[1] "Florida is 2.3% complete."
[1] "Completed Florida @ 2025-05-14 10:37:47"
[1] "Florida is 2.8% complete."
[1] "Completed Florida @ 2025-05-14 10:37:47"
[1] "Florida is 3.2% complete."
[1] "Completed Florida @ 2025-05-14 10:37:47"
[1] "Florida is 3.7% complete."
[1] "Completed Florida @ 2025-05-14 10:37:48"
[1] "Florida is 4.1% complete."
[1] "Completed Florida @ 2025-05-14 10:37:48"
[1] "Florida is 4.6% complete."
[1] "Completed Florida @ 2025-05-14 10:37:48"
[1] "Florida is 5% complete."
[1] "Completed Florida @ 2025-05-14 10:37:48"
[1] "Florida is 5.5% complete."
[1] "Completed Florida @ 2025-05-14 10:37:48"
[1] "Florida is 6% complete."
[1] "Completed Florida @ 2025-05-14 10:37:48"
[1] "Florida is 6.4% complete."
[1] "Completed Florida @ 2025-05-14 10:37:49"
[1] "Florida is 6.9% complete."
[1] "Completed Florida @ 2025-05-14 10:37:49"
[1] "Florida is 7.3% complete."
[1] "Completed Florida @ 2025-05-14 10:37:49"
[1] "Florida is 7.8% complete."
[1] "Completed Florida @ 2025-05-14 10:37:49"
[1] "Florida is 8.3% complete."
[1] "Completed Florida @ 2025-05-14 10:37:49"
[1] "Florida is 8.7% complete."
[1] "Completed Florida @ 2025-05-14 10:37:49"
[1] "Florida is 9.2% complete."
[1] "Completed Florida @ 2025-05-14 10:37:49"
[1] "Florida is 9.6% complete."
[1] "Completed Florida @ 2025-05-14 10:37:49"
[1] "Florida is 10.1% complete."
[1] "Completed Florida @ 2025-05-14 10:37:49"
[1] "Florida is 10.6% complete."
[1] "Completed Florida @ 2025-05-14 10:37:49"
[1] "Florida is 11% complete."
[1] "Completed Florida @ 2025-05-14 10:37:50"
[1] "Florida is 11.5% complete."
[1] "Completed Florida @ 2025-05-14 10:37:50"
[1] "Florida is 11.9% complete."
[1] "Completed Florida @ 2025-05-14 10:37:50"
[1] "Florida is 12.4% complete."
[1] "Completed Florida @ 2025-05-14 10:37:50"
[1] "Florida is 12.8% complete."
[1] "Completed Florida @ 2025-05-14 10:37:50"
[1] "Florida is 13.3% complete."
[1] "Completed Florida @ 2025-05-14 10:37:50"
[1] "Florida is 13.8% complete."
[1] "Completed Florida @ 2025-05-14 10:37:50"
[1] "Florida is 14.2% complete."
[1] "Completed Florida @ 2025-05-14 10:37:50"
[1] "Florida is 14.7% complete."
[1] "Completed Florida @ 2025-05-14 10:37:50"
[1] "Florida is 15.1% complete."
[1] "Completed Florida @ 2025-05-14 10:37:51"
[1] "Florida is 15.6% complete."
[1] "Completed Florida @ 2025-05-14 10:37:51"
[1] "Florida is 16.1% complete."
[1] "Completed Florida @ 2025-05-14 10:37:51"
[1] "Florida is 16.5% complete."
[1] "Completed Florida @ 2025-05-14 10:37:51"
[1] "Florida is 17% complete."
[1] "Completed Florida @ 2025-05-14 10:37:51"
[1] "Florida is 17.4% complete."
[1] "Completed Florida @ 2025-05-14 10:37:52"
[1] "Florida is 17.9% complete."
[1] "Completed Florida @ 2025-05-14 10:37:52"
[1] "Florida is 18.3% complete."
[1] "Completed Florida @ 2025-05-14 10:37:52"
[1] "Florida is 18.8% complete."
[1] "Completed Florida @ 2025-05-14 10:37:52"
[1] "Florida is 19.3% complete."
[1] "Completed Florida @ 2025-05-14 10:37:52"
[1] "Florida is 19.7% complete."
[1] "Completed Florida @ 2025-05-14 10:37:52"
[1] "Florida is 20.2% complete."
[1] "Completed Florida @ 2025-05-14 10:37:52"
[1] "Florida is 20.6% complete."
[1] "Completed Florida @ 2025-05-14 10:37:52"
[1] "Florida is 21.1% complete."
[1] "Completed Florida @ 2025-05-14 10:37:52"
[1] "Florida is 21.6% complete."
[1] "Completed Florida @ 2025-05-14 10:37:52"
[1] "Florida is 22% complete."
[1] "Completed Florida @ 2025-05-14 10:37:53"
[1] "Florida is 22.5% complete."
[1] "Completed Florida @ 2025-05-14 10:37:53"
[1] "Florida is 22.9% complete."
[1] "Completed Florida @ 2025-05-14 10:37:53"
[1] "Florida is 23.4% complete."
[1] "Completed Florida @ 2025-05-14 10:37:53"
[1] "Florida is 23.9% complete."
[1] "Completed Florida @ 2025-05-14 10:37:53"
[1] "Florida is 24.3% complete."
[1] "Completed Florida @ 2025-05-14 10:37:53"
[1] "Florida is 24.8% complete."
[1] "Completed Florida @ 2025-05-14 10:37:53"
[1] "Florida is 25.2% complete."
[1] "Completed Florida @ 2025-05-14 10:37:53"
[1] "Florida is 25.7% complete."
[1] "Completed Florida @ 2025-05-14 10:37:53"
[1] "Florida is 26.1% complete."
[1] "Completed Florida @ 2025-05-14 10:37:54"
[1] "Florida is 26.6% complete."
[1] "Completed Florida @ 2025-05-14 10:37:54"
[1] "Florida is 27.1% complete."
[1] "Completed Florida @ 2025-05-14 10:37:54"
[1] "Florida is 27.5% complete."
[1] "Completed Florida @ 2025-05-14 10:37:54"
[1] "Florida is 28% complete."
[1] "Completed Florida @ 2025-05-14 10:37:54"
[1] "Florida is 28.4% complete."
[1] "Completed Florida @ 2025-05-14 10:37:54"
[1] "Florida is 28.9% complete."
[1] "Completed Florida @ 2025-05-14 10:37:54"
[1] "Florida is 29.4% complete."
[1] "Completed Florida @ 2025-05-14 10:37:55"
[1] "Florida is 29.8% complete."
[1] "Completed Florida @ 2025-05-14 10:37:55"
[1] "Florida is 30.3% complete."
[1] "Completed Florida @ 2025-05-14 10:37:55"
[1] "Florida is 30.7% complete."
[1] "Completed Florida @ 2025-05-14 10:37:55"
[1] "Florida is 31.2% complete."
[1] "Completed Florida @ 2025-05-14 10:37:55"
[1] "Florida is 31.7% complete."
[1] "Completed Florida @ 2025-05-14 10:37:55"
[1] "Florida is 32.1% complete."
[1] "Completed Florida @ 2025-05-14 10:37:55"
[1] "Florida is 32.6% complete."
[1] "Completed Florida @ 2025-05-14 10:37:55"
[1] "Florida is 33% complete."
[1] "Completed Florida @ 2025-05-14 10:37:55"
[1] "Florida is 33.5% complete."
[1] "Completed Florida @ 2025-05-14 10:37:55"
[1] "Florida is 33.9% complete."
[1] "Completed Florida @ 2025-05-14 10:37:56"
[1] "Florida is 34.4% complete."
[1] "Completed Florida @ 2025-05-14 10:37:56"
[1] "Florida is 34.9% complete."
[1] "Completed Florida @ 2025-05-14 10:37:56"
[1] "Florida is 35.3% complete."
[1] "Completed Florida @ 2025-05-14 10:37:56"
[1] "Florida is 35.8% complete."
[1] "Completed Florida @ 2025-05-14 10:37:56"
[1] "Florida is 36.2% complete."
[1] "Completed Florida @ 2025-05-14 10:37:57"
[1] "Florida is 36.7% complete."
[1] "Completed Florida @ 2025-05-14 10:37:57"
[1] "Florida is 37.2% complete."
[1] "Completed Florida @ 2025-05-14 10:37:57"
[1] "Florida is 37.6% complete."
[1] "Completed Florida @ 2025-05-14 10:37:57"
[1] "Florida is 38.1% complete."
[1] "Completed Florida @ 2025-05-14 10:37:57"
[1] "Florida is 38.5% complete."
[1] "Completed Florida @ 2025-05-14 10:37:57"
[1] "Florida is 39% complete."
[1] "Completed Florida @ 2025-05-14 10:37:57"
[1] "Florida is 39.4% complete."
[1] "Completed Florida @ 2025-05-14 10:37:57"
[1] "Florida is 39.9% complete."
[1] "Completed Florida @ 2025-05-14 10:37:57"
[1] "Florida is 40.4% complete."
[1] "Completed Florida @ 2025-05-14 10:37:58"
[1] "Florida is 40.8% complete."
[1] "Completed Florida @ 2025-05-14 10:37:58"
[1] "Florida is 41.3% complete."
[1] "Completed Florida @ 2025-05-14 10:37:58"
[1] "Florida is 41.7% complete."
[1] "Completed Florida @ 2025-05-14 10:37:58"
[1] "Florida is 42.2% complete."
[1] "Completed Florida @ 2025-05-14 10:37:59"
[1] "Florida is 42.7% complete."
[1] "Completed Florida @ 2025-05-14 10:37:59"
[1] "Florida is 43.1% complete."
[1] "Completed Florida @ 2025-05-14 10:37:59"
[1] "Florida is 43.6% complete."
[1] "Completed Florida @ 2025-05-14 10:37:59"
[1] "Florida is 44% complete."
[1] "Completed Florida @ 2025-05-14 10:37:59"
[1] "Florida is 44.5% complete."
[1] "Completed Florida @ 2025-05-14 10:38:00"
[1] "Florida is 45% complete."
[1] "Completed Florida @ 2025-05-14 10:38:00"
[1] "Florida is 45.4% complete."
[1] "Completed Florida @ 2025-05-14 10:38:00"
[1] "Florida is 45.9% complete."
[1] "Completed Florida @ 2025-05-14 10:38:00"
[1] "Florida is 46.3% complete."
[1] "Completed Florida @ 2025-05-14 10:38:00"
[1] "Florida is 46.8% complete."
[1] "Completed Florida @ 2025-05-14 10:38:00"
[1] "Florida is 47.2% complete."
[1] "Completed Florida @ 2025-05-14 10:38:00"
[1] "Florida is 47.7% complete."
[1] "Completed Florida @ 2025-05-14 10:38:01"
[1] "Florida is 48.2% complete."
[1] "Completed Florida @ 2025-05-14 10:38:01"
[1] "Florida is 48.6% complete."
[1] "Completed Florida @ 2025-05-14 10:38:01"
[1] "Florida is 49.1% complete."
[1] "Completed Florida @ 2025-05-14 10:38:01"
[1] "Florida is 49.5% complete."
[1] "Completed Florida @ 2025-05-14 10:38:01"
[1] "Florida is 50% complete."
[1] "Completed Florida @ 2025-05-14 10:38:02"
[1] "Florida is 50.5% complete."
[1] "Completed Florida @ 2025-05-14 10:38:02"
[1] "Florida is 50.9% complete."
[1] "Completed Florida @ 2025-05-14 10:38:02"
[1] "Florida is 51.4% complete."
[1] "Completed Florida @ 2025-05-14 10:38:02"
[1] "Florida is 51.8% complete."
[1] "Completed Florida @ 2025-05-14 10:38:02"
[1] "Florida is 52.3% complete."
[1] "Completed Florida @ 2025-05-14 10:38:03"
[1] "Florida is 52.8% complete."
[1] "Completed Florida @ 2025-05-14 10:38:03"
[1] "Florida is 53.2% complete."
[1] "Completed Florida @ 2025-05-14 10:38:03"
[1] "Florida is 53.7% complete."
[1] "Completed Florida @ 2025-05-14 10:38:04"
[1] "Florida is 54.1% complete."
[1] "Completed Florida @ 2025-05-14 10:38:04"
[1] "Florida is 54.6% complete."
[1] "Completed Florida @ 2025-05-14 10:38:04"
[1] "Florida is 55% complete."
[1] "Completed Florida @ 2025-05-14 10:38:04"
[1] "Florida is 55.5% complete."
[1] "Completed Florida @ 2025-05-14 10:38:04"
[1] "Florida is 56% complete."
[1] "Completed Florida @ 2025-05-14 10:38:04"
[1] "Florida is 56.4% complete."
[1] "Completed Florida @ 2025-05-14 10:38:04"
[1] "Florida is 56.9% complete."
[1] "Completed Florida @ 2025-05-14 10:38:05"
[1] "Florida is 57.3% complete."
[1] "Completed Florida @ 2025-05-14 10:38:05"
[1] "Florida is 57.8% complete."
[1] "Completed Florida @ 2025-05-14 10:38:05"
[1] "Florida is 58.3% complete."
[1] "Completed Florida @ 2025-05-14 10:38:06"
[1] "Florida is 58.7% complete."
[1] "Completed Florida @ 2025-05-14 10:38:06"
[1] "Florida is 59.2% complete."
[1] "Completed Florida @ 2025-05-14 10:38:06"
[1] "Florida is 59.6% complete."
[1] "Completed Florida @ 2025-05-14 10:38:07"
[1] "Florida is 60.1% complete."
[1] "Completed Florida @ 2025-05-14 10:38:07"
[1] "Florida is 60.6% complete."
[1] "Completed Florida @ 2025-05-14 10:38:07"
[1] "Florida is 61% complete."
[1] "Completed Florida @ 2025-05-14 10:38:07"
[1] "Florida is 61.5% complete."
[1] "Completed Florida @ 2025-05-14 10:38:07"
[1] "Florida is 61.9% complete."
[1] "Completed Florida @ 2025-05-14 10:38:08"
[1] "Florida is 62.4% complete."
[1] "Completed Florida @ 2025-05-14 10:38:08"
[1] "Florida is 62.8% complete."
[1] "Completed Florida @ 2025-05-14 10:38:08"
[1] "Florida is 63.3% complete."
[1] "Completed Florida @ 2025-05-14 10:38:08"
[1] "Florida is 63.8% complete."
[1] "Completed Florida @ 2025-05-14 10:38:08"
[1] "Florida is 64.2% complete."
[1] "Completed Florida @ 2025-05-14 10:38:09"
[1] "Florida is 64.7% complete."
[1] "Completed Florida @ 2025-05-14 10:38:09"
[1] "Florida is 65.1% complete."
[1] "Completed Florida @ 2025-05-14 10:38:09"
[1] "Florida is 65.6% complete."
[1] "Completed Florida @ 2025-05-14 10:38:09"
[1] "Florida is 66.1% complete."
[1] "Completed Florida @ 2025-05-14 10:38:10"
[1] "Florida is 66.5% complete."
[1] "Completed Florida @ 2025-05-14 10:38:10"
[1] "Florida is 67% complete."
[1] "Completed Florida @ 2025-05-14 10:38:10"
[1] "Florida is 67.4% complete."
[1] "Completed Florida @ 2025-05-14 10:38:10"
[1] "Florida is 67.9% complete."
[1] "Completed Florida @ 2025-05-14 10:38:10"
[1] "Florida is 68.3% complete."
[1] "Completed Florida @ 2025-05-14 10:38:11"
[1] "Florida is 68.8% complete."
[1] "Completed Florida @ 2025-05-14 10:38:15"
[1] "Florida is 69.3% complete."
[1] "Completed Florida @ 2025-05-14 10:38:15"
[1] "Florida is 69.7% complete."
[1] "Completed Florida @ 2025-05-14 10:38:15"
[1] "Florida is 70.2% complete."
[1] "Completed Florida @ 2025-05-14 10:38:16"
[1] "Florida is 70.6% complete."
[1] "Completed Florida @ 2025-05-14 10:38:16"
[1] "Florida is 71.1% complete."
[1] "Completed Florida @ 2025-05-14 10:38:16"
[1] "Florida is 71.6% complete."
[1] "Completed Florida @ 2025-05-14 10:38:17"
[1] "Florida is 72% complete."
[1] "Completed Florida @ 2025-05-14 10:38:17"
[1] "Florida is 72.5% complete."
[1] "Completed Florida @ 2025-05-14 10:38:17"
[1] "Florida is 72.9% complete."
[1] "Completed Florida @ 2025-05-14 10:38:18"
[1] "Florida is 73.4% complete."
[1] "Completed Florida @ 2025-05-14 10:38:18"
[1] "Florida is 73.9% complete."
[1] "Completed Florida @ 2025-05-14 10:38:18"
[1] "Florida is 74.3% complete."
[1] "Completed Florida @ 2025-05-14 10:38:19"
[1] "Florida is 74.8% complete."
[1] "Completed Florida @ 2025-05-14 10:38:19"
[1] "Florida is 75.2% complete."
[1] "Completed Florida @ 2025-05-14 10:38:19"
[1] "Florida is 75.7% complete."
[1] "Completed Florida @ 2025-05-14 10:38:20"
[1] "Florida is 76.1% complete."
[1] "Completed Florida @ 2025-05-14 10:38:20"
[1] "Florida is 76.6% complete."
[1] "Completed Florida @ 2025-05-14 10:38:20"
[1] "Florida is 77.1% complete."
[1] "Completed Florida @ 2025-05-14 10:38:21"
[1] "Florida is 77.5% complete."
[1] "Completed Florida @ 2025-05-14 10:38:21"
[1] "Florida is 78% complete."
[1] "Completed Florida @ 2025-05-14 10:38:21"
[1] "Florida is 78.4% complete."
[1] "Completed Florida @ 2025-05-14 10:38:21"
[1] "Florida is 78.9% complete."
[1] "Completed Florida @ 2025-05-14 10:38:22"
[1] "Florida is 79.4% complete."
[1] "Completed Florida @ 2025-05-14 10:38:22"
[1] "Florida is 79.8% complete."
[1] "Completed Florida @ 2025-05-14 10:38:23"
[1] "Florida is 80.3% complete."
[1] "Completed Florida @ 2025-05-14 10:38:23"
[1] "Florida is 80.7% complete."
[1] "Completed Florida @ 2025-05-14 10:38:24"
[1] "Florida is 81.2% complete."
[1] "Completed Florida @ 2025-05-14 10:38:24"
[1] "Florida is 81.7% complete."
[1] "Completed Florida @ 2025-05-14 10:38:25"
[1] "Florida is 82.1% complete."
[1] "Completed Florida @ 2025-05-14 10:38:25"
[1] "Florida is 82.6% complete."
[1] "Completed Florida @ 2025-05-14 10:38:25"
[1] "Florida is 83% complete."
[1] "Completed Florida @ 2025-05-14 10:38:26"
[1] "Florida is 83.5% complete."
[1] "Completed Florida @ 2025-05-14 10:38:26"
[1] "Florida is 83.9% complete."
[1] "Completed Florida @ 2025-05-14 10:38:27"
[1] "Florida is 84.4% complete."
[1] "Completed Florida @ 2025-05-14 10:38:28"
[1] "Florida is 84.9% complete."
[1] "Completed Florida @ 2025-05-14 10:38:28"
[1] "Florida is 85.3% complete."
[1] "Completed Florida @ 2025-05-14 10:38:28"
[1] "Florida is 85.8% complete."
[1] "Completed Florida @ 2025-05-14 10:38:28"
[1] "Florida is 86.2% complete."
[1] "Completed Florida @ 2025-05-14 10:38:29"
[1] "Florida is 86.7% complete."
[1] "Completed Florida @ 2025-05-14 10:38:29"
[1] "Florida is 87.2% complete."
[1] "Completed Florida @ 2025-05-14 10:38:30"
[1] "Florida is 87.6% complete."
[1] "Completed Florida @ 2025-05-14 10:38:30"
[1] "Florida is 88.1% complete."
[1] "Completed Florida @ 2025-05-14 10:38:31"
[1] "Florida is 88.5% complete."
[1] "Completed Florida @ 2025-05-14 10:38:31"
[1] "Florida is 89% complete."
[1] "Completed Florida @ 2025-05-14 10:38:32"
[1] "Florida is 89.4% complete."
[1] "Completed Florida @ 2025-05-14 10:38:33"
[1] "Florida is 89.9% complete."
[1] "Completed Florida @ 2025-05-14 10:38:33"
[1] "Florida is 90.4% complete."
[1] "Completed Florida @ 2025-05-14 10:38:34"
[1] "Florida is 90.8% complete."
[1] "Completed Florida @ 2025-05-14 10:38:34"
[1] "Florida is 91.3% complete."
[1] "Completed Florida @ 2025-05-14 10:38:35"
[1] "Florida is 91.7% complete."
[1] "Completed Florida @ 2025-05-14 10:38:35"
[1] "Florida is 92.2% complete."
[1] "Completed Florida @ 2025-05-14 10:38:36"
[1] "Florida is 92.7% complete."
[1] "Completed Florida @ 2025-05-14 10:38:36"
[1] "Florida is 93.1% complete."
[1] "Completed Florida @ 2025-05-14 10:38:37"
[1] "Florida is 93.6% complete."
[1] "Completed Florida @ 2025-05-14 10:38:37"
[1] "Florida is 94% complete."
[1] "Completed Florida @ 2025-05-14 10:38:37"
[1] "Florida is 94.5% complete."
[1] "Completed Florida @ 2025-05-14 10:38:39"
[1] "Florida is 95% complete."
[1] "Completed Florida @ 2025-05-14 10:38:40"
[1] "Florida is 95.4% complete."
[1] "Completed Florida @ 2025-05-14 10:38:41"
[1] "Florida is 95.9% complete."
[1] "Completed Florida @ 2025-05-14 10:38:41"
[1] "Florida is 96.3% complete."
[1] "Completed Florida @ 2025-05-14 10:38:42"
[1] "Florida is 96.8% complete."
[1] "Completed Florida @ 2025-05-14 10:38:43"
[1] "Florida is 97.2% complete."
[1] "Completed Florida @ 2025-05-14 10:38:44"
[1] "Florida is 97.7% complete."
[1] "Completed Florida @ 2025-05-14 10:38:44"
[1] "Florida is 98.2% complete."
[1] "Completed Florida @ 2025-05-14 10:38:45"
[1] "Florida is 98.6% complete."
[1] "Completed Florida @ 2025-05-14 10:38:45"
[1] "Florida is 99.1% complete."
[1] "Completed Florida @ 2025-05-14 10:38:47"
[1] "Florida is 99.5% complete."
[1] "Completed Florida @ 2025-05-14 10:38:48"
[1] "Florida is 100% complete."
[1] "Completed Florida @ 2025-05-14 10:38:50"
Deleting layer `Pop' using driver `GPKG'
Writing layer `Pop' to data source 
  `/work/GRDVULN/sewershed/Model/Create_Boundaries/outputs/Pop_Delineated/FP_12.gpkg' using driver `GPKG'
Writing 218 features with 10 fields and geometry type Unknown (any).
[1] "SCRIPT COMPLETE @ 2025-05-14 10:39:23"
