[1] "Starting Georgia"
Reading layer `cb_2021_us_state_500k' from data source 
  `/work/GRDVULN/data/cb_2021_us_all_500k.gdb' using driver `OpenFileGDB'
Simple feature collection with 56 features and 9 fields
Geometry type: MULTIPOLYGON
Dimension:     XY
Bounding box:  xmin: -179.1489 ymin: -14.5487 xmax: 179.7785 ymax: 71.36516
Geodetic CRS:  NAD83
[1] "Building 412 systems"
[1] "Georgia is 0.2% complete."
[1] "Completed Georgia @ 2025-05-14 10:38:33"
[1] "Georgia is 0.5% complete."
[1] "Completed Georgia @ 2025-05-14 10:38:34"
[1] "Georgia is 0.7% complete."
[1] "Completed Georgia @ 2025-05-14 10:38:34"
[1] "Georgia is 1% complete."
[1] "Completed Georgia @ 2025-05-14 10:38:34"
[1] "Georgia is 1.2% complete."
[1] "Completed Georgia @ 2025-05-14 10:38:34"
[1] "Georgia is 1.5% complete."
[1] "Completed Georgia @ 2025-05-14 10:38:34"
[1] "Georgia is 1.7% complete."
[1] "Completed Georgia @ 2025-05-14 10:38:34"
[1] "Georgia is 1.9% complete."
[1] "Completed Georgia @ 2025-05-14 10:38:34"
[1] "Georgia is 2.2% complete."
[1] "Completed Georgia @ 2025-05-14 10:38:34"
[1] "Georgia is 2.4% complete."
[1] "Completed Georgia @ 2025-05-14 10:38:34"
[1] "Georgia is 2.7% complete."
[1] "Completed Georgia @ 2025-05-14 10:38:34"
[1] "Georgia is 2.9% complete."
[1] "Completed Georgia @ 2025-05-14 10:38:34"
[1] "Georgia is 3.2% complete."
[1] "Completed Georgia @ 2025-05-14 10:38:34"
[1] "Georgia is 3.4% complete."
[1] "Completed Georgia @ 2025-05-14 10:38:34"
[1] "Georgia is 3.6% complete."
[1] "Completed Georgia @ 2025-05-14 10:38:35"
[1] "Georgia is 3.9% complete."
[1] "Completed Georgia @ 2025-05-14 10:38:35"
[1] "Georgia is 4.1% complete."
[1] "Completed Georgia @ 2025-05-14 10:38:35"
[1] "Georgia is 4.4% complete."
[1] "Completed Georgia @ 2025-05-14 10:38:35"
[1] "Georgia is 4.6% complete."
[1] "Completed Georgia @ 2025-05-14 10:38:35"
[1] "Georgia is 4.9% complete."
[1] "Completed Georgia @ 2025-05-14 10:38:35"
[1] "Georgia is 5.1% complete."
[1] "Completed Georgia @ 2025-05-14 10:38:35"
[1] "Georgia is 5.3% complete."
[1] "Completed Georgia @ 2025-05-14 10:38:36"
[1] "Georgia is 5.6% complete."
[1] "Completed Georgia @ 2025-05-14 10:38:36"
[1] "Georgia is 5.8% complete."
[1] "Completed Georgia @ 2025-05-14 10:38:36"
[1] "Georgia is 6.1% complete."
[1] "Completed Georgia @ 2025-05-14 10:38:36"
[1] "Georgia is 6.3% complete."
[1] "Completed Georgia @ 2025-05-14 10:38:36"
[1] "Georgia is 6.6% complete."
[1] "Completed Georgia @ 2025-05-14 10:38:36"
[1] "Georgia is 6.8% complete."
[1] "Completed Georgia @ 2025-05-14 10:38:36"
[1] "Georgia is 7% complete."
[1] "Completed Georgia @ 2025-05-14 10:38:36"
[1] "Georgia is 7.3% complete."
[1] "Completed Georgia @ 2025-05-14 10:38:36"
[1] "Georgia is 7.5% complete."
[1] "Completed Georgia @ 2025-05-14 10:38:36"
[1] "Georgia is 7.8% complete."
[1] "Completed Georgia @ 2025-05-14 10:38:36"
[1] "Georgia is 8% complete."
[1] "Completed Georgia @ 2025-05-14 10:38:36"
[1] "Georgia is 8.3% complete."
[1] "Completed Georgia @ 2025-05-14 10:38:37"
[1] "Georgia is 8.5% complete."
[1] "Completed Georgia @ 2025-05-14 10:38:37"
[1] "Georgia is 8.7% complete."
[1] "Completed Georgia @ 2025-05-14 10:38:37"
[1] "Georgia is 9% complete."
[1] "Completed Georgia @ 2025-05-14 10:38:37"
[1] "Georgia is 9.2% complete."
[1] "Completed Georgia @ 2025-05-14 10:38:37"
[1] "Georgia is 9.5% complete."
[1] "Completed Georgia @ 2025-05-14 10:38:37"
[1] "Georgia is 9.7% complete."
[1] "Completed Georgia @ 2025-05-14 10:38:38"
[1] "Georgia is 10% complete."
[1] "Completed Georgia @ 2025-05-14 10:38:38"
[1] "Georgia is 10.2% complete."
[1] "Completed Georgia @ 2025-05-14 10:38:38"
[1] "Georgia is 10.4% complete."
[1] "Completed Georgia @ 2025-05-14 10:38:38"
[1] "Georgia is 10.7% complete."
[1] "Completed Georgia @ 2025-05-14 10:38:38"
[1] "Georgia is 10.9% complete."
[1] "Completed Georgia @ 2025-05-14 10:38:38"
[1] "Georgia is 11.2% complete."
[1] "Completed Georgia @ 2025-05-14 10:38:38"
[1] "Georgia is 11.4% complete."
[1] "Completed Georgia @ 2025-05-14 10:38:38"
[1] "Georgia is 11.7% complete."
[1] "Completed Georgia @ 2025-05-14 10:38:38"
[1] "Georgia is 11.9% complete."
[1] "Completed Georgia @ 2025-05-14 10:38:38"
[1] "Georgia is 12.1% complete."
[1] "Completed Georgia @ 2025-05-14 10:38:38"
[1] "Georgia is 12.4% complete."
[1] "Completed Georgia @ 2025-05-14 10:38:38"
[1] "Georgia is 12.6% complete."
[1] "Completed Georgia @ 2025-05-14 10:38:39"
[1] "Georgia is 12.9% complete."
[1] "Completed Georgia @ 2025-05-14 10:38:39"
[1] "Georgia is 13.1% complete."
[1] "Completed Georgia @ 2025-05-14 10:38:39"
[1] "Georgia is 13.3% complete."
[1] "Completed Georgia @ 2025-05-14 10:38:39"
[1] "Georgia is 13.6% complete."
[1] "Completed Georgia @ 2025-05-14 10:38:39"
[1] "Georgia is 13.8% complete."
[1] "Completed Georgia @ 2025-05-14 10:38:39"
[1] "Georgia is 14.1% complete."
[1] "Completed Georgia @ 2025-05-14 10:38:39"
[1] "Georgia is 14.3% complete."
[1] "Completed Georgia @ 2025-05-14 10:38:40"
[1] "Georgia is 14.6% complete."
[1] "Completed Georgia @ 2025-05-14 10:38:40"
[1] "Georgia is 14.8% complete."
[1] "Completed Georgia @ 2025-05-14 10:38:40"
[1] "Georgia is 15% complete."
[1] "Completed Georgia @ 2025-05-14 10:38:40"
[1] "Georgia is 15.3% complete."
[1] "Completed Georgia @ 2025-05-14 10:38:40"
[1] "Georgia is 15.5% complete."
[1] "Completed Georgia @ 2025-05-14 10:38:40"
[1] "Georgia is 15.8% complete."
[1] "Completed Georgia @ 2025-05-14 10:38:40"
[1] "Georgia is 16% complete."
[1] "Completed Georgia @ 2025-05-14 10:38:40"
[1] "Georgia is 16.3% complete."
[1] "Completed Georgia @ 2025-05-14 10:38:40"
[1] "Georgia is 16.5% complete."
[1] "Completed Georgia @ 2025-05-14 10:38:40"
[1] "Georgia is 16.7% complete."
[1] "Completed Georgia @ 2025-05-14 10:38:41"
[1] "Georgia is 17% complete."
[1] "Completed Georgia @ 2025-05-14 10:38:41"
[1] "Georgia is 17.2% complete."
[1] "Completed Georgia @ 2025-05-14 10:38:41"
[1] "Georgia is 17.5% complete."
[1] "Completed Georgia @ 2025-05-14 10:38:41"
[1] "Georgia is 17.7% complete."
[1] "Completed Georgia @ 2025-05-14 10:38:41"
[1] "Georgia is 18% complete."
[1] "Completed Georgia @ 2025-05-14 10:38:41"
[1] "Georgia is 18.2% complete."
[1] "Completed Georgia @ 2025-05-14 10:38:41"
[1] "Georgia is 18.4% complete."
[1] "Completed Georgia @ 2025-05-14 10:38:41"
[1] "Georgia is 18.7% complete."
[1] "Completed Georgia @ 2025-05-14 10:38:41"
[1] "Georgia is 18.9% complete."
[1] "Completed Georgia @ 2025-05-14 10:38:41"
[1] "Georgia is 19.2% complete."
[1] "Completed Georgia @ 2025-05-14 10:38:41"
[1] "Georgia is 19.4% complete."
[1] "Completed Georgia @ 2025-05-14 10:38:42"
[1] "Georgia is 19.7% complete."
[1] "Completed Georgia @ 2025-05-14 10:38:42"
[1] "Georgia is 19.9% complete."
[1] "Completed Georgia @ 2025-05-14 10:38:42"
[1] "Georgia is 20.1% complete."
[1] "Completed Georgia @ 2025-05-14 10:38:42"
[1] "Georgia is 20.4% complete."
[1] "Completed Georgia @ 2025-05-14 10:38:42"
[1] "Georgia is 20.6% complete."
[1] "Completed Georgia @ 2025-05-14 10:38:43"
[1] "Georgia is 20.9% complete."
[1] "Completed Georgia @ 2025-05-14 10:38:43"
[1] "Georgia is 21.1% complete."
[1] "Completed Georgia @ 2025-05-14 10:38:43"
[1] "Georgia is 21.4% complete."
[1] "Completed Georgia @ 2025-05-14 10:38:43"
[1] "Georgia is 21.6% complete."
[1] "Completed Georgia @ 2025-05-14 10:38:43"
[1] "Georgia is 21.8% complete."
[1] "Completed Georgia @ 2025-05-14 10:38:43"
[1] "Georgia is 22.1% complete."
[1] "Completed Georgia @ 2025-05-14 10:38:43"
[1] "Georgia is 22.3% complete."
[1] "Completed Georgia @ 2025-05-14 10:38:43"
[1] "Georgia is 22.6% complete."
[1] "Completed Georgia @ 2025-05-14 10:38:43"
[1] "Georgia is 22.8% complete."
[1] "Completed Georgia @ 2025-05-14 10:38:43"
[1] "Georgia is 23.1% complete."
[1] "Completed Georgia @ 2025-05-14 10:38:44"
[1] "Georgia is 23.3% complete."
[1] "Completed Georgia @ 2025-05-14 10:38:44"
[1] "Georgia is 23.5% complete."
[1] "Completed Georgia @ 2025-05-14 10:38:44"
[1] "Georgia is 23.8% complete."
[1] "Completed Georgia @ 2025-05-14 10:38:44"
[1] "Georgia is 24% complete."
[1] "Completed Georgia @ 2025-05-14 10:38:44"
[1] "Georgia is 24.3% complete."
[1] "Completed Georgia @ 2025-05-14 10:38:45"
[1] "Georgia is 24.5% complete."
[1] "Completed Georgia @ 2025-05-14 10:38:45"
[1] "Georgia is 24.8% complete."
[1] "Completed Georgia @ 2025-05-14 10:38:45"
[1] "Georgia is 25% complete."
[1] "Completed Georgia @ 2025-05-14 10:38:45"
[1] "Georgia is 25.2% complete."
[1] "Completed Georgia @ 2025-05-14 10:38:45"
[1] "Georgia is 25.5% complete."
[1] "Completed Georgia @ 2025-05-14 10:38:45"
[1] "Georgia is 25.7% complete."
[1] "Completed Georgia @ 2025-05-14 10:38:45"
[1] "Georgia is 26% complete."
[1] "Completed Georgia @ 2025-05-14 10:38:45"
[1] "Georgia is 26.2% complete."
[1] "Completed Georgia @ 2025-05-14 10:38:45"
[1] "Georgia is 26.5% complete."
[1] "Completed Georgia @ 2025-05-14 10:38:45"
[1] "Georgia is 26.7% complete."
[1] "Completed Georgia @ 2025-05-14 10:38:46"
[1] "Georgia is 26.9% complete."
[1] "Completed Georgia @ 2025-05-14 10:38:46"
[1] "Georgia is 27.2% complete."
[1] "Completed Georgia @ 2025-05-14 10:38:46"
[1] "Georgia is 27.4% complete."
[1] "Completed Georgia @ 2025-05-14 10:38:46"
[1] "Georgia is 27.7% complete."
[1] "Completed Georgia @ 2025-05-14 10:38:46"
[1] "Georgia is 27.9% complete."
[1] "Completed Georgia @ 2025-05-14 10:38:46"
[1] "Georgia is 28.2% complete."
[1] "Completed Georgia @ 2025-05-14 10:38:46"
[1] "Georgia is 28.4% complete."
[1] "Completed Georgia @ 2025-05-14 10:38:46"
[1] "Georgia is 28.6% complete."
[1] "Completed Georgia @ 2025-05-14 10:38:46"
[1] "Georgia is 28.9% complete."
[1] "Completed Georgia @ 2025-05-14 10:38:47"
[1] "Georgia is 29.1% complete."
[1] "Completed Georgia @ 2025-05-14 10:38:47"
[1] "Georgia is 29.4% complete."
[1] "Completed Georgia @ 2025-05-14 10:38:47"
[1] "Georgia is 29.6% complete."
[1] "Completed Georgia @ 2025-05-14 10:38:47"
[1] "Georgia is 29.9% complete."
[1] "Completed Georgia @ 2025-05-14 10:38:47"
[1] "Georgia is 30.1% complete."
[1] "Completed Georgia @ 2025-05-14 10:38:47"
[1] "Georgia is 30.3% complete."
[1] "Completed Georgia @ 2025-05-14 10:38:47"
[1] "Georgia is 30.6% complete."
[1] "Completed Georgia @ 2025-05-14 10:38:48"
[1] "Georgia is 30.8% complete."
[1] "Completed Georgia @ 2025-05-14 10:38:48"
[1] "Georgia is 31.1% complete."
[1] "Completed Georgia @ 2025-05-14 10:38:48"
[1] "Georgia is 31.3% complete."
[1] "Completed Georgia @ 2025-05-14 10:38:48"
[1] "Georgia is 31.6% complete."
[1] "Completed Georgia @ 2025-05-14 10:38:48"
[1] "Georgia is 31.8% complete."
[1] "Completed Georgia @ 2025-05-14 10:38:48"
[1] "Georgia is 32% complete."
[1] "Completed Georgia @ 2025-05-14 10:38:48"
[1] "Georgia is 32.3% complete."
[1] "Completed Georgia @ 2025-05-14 10:38:48"
[1] "Georgia is 32.5% complete."
[1] "Completed Georgia @ 2025-05-14 10:38:48"
[1] "Georgia is 32.8% complete."
[1] "Completed Georgia @ 2025-05-14 10:38:48"
[1] "Georgia is 33% complete."
[1] "Completed Georgia @ 2025-05-14 10:38:48"
[1] "Georgia is 33.3% complete."
[1] "Completed Georgia @ 2025-05-14 10:38:49"
[1] "Georgia is 33.5% complete."
[1] "Completed Georgia @ 2025-05-14 10:38:49"
[1] "Georgia is 33.7% complete."
[1] "Completed Georgia @ 2025-05-14 10:38:49"
[1] "Georgia is 34% complete."
[1] "Completed Georgia @ 2025-05-14 10:38:50"
[1] "Georgia is 34.2% complete."
[1] "Completed Georgia @ 2025-05-14 10:38:50"
[1] "Georgia is 34.5% complete."
[1] "Completed Georgia @ 2025-05-14 10:38:50"
[1] "Georgia is 34.7% complete."
[1] "Completed Georgia @ 2025-05-14 10:38:50"
[1] "Georgia is 35% complete."
[1] "Completed Georgia @ 2025-05-14 10:38:50"
[1] "Georgia is 35.2% complete."
[1] "Completed Georgia @ 2025-05-14 10:38:50"
[1] "Georgia is 35.4% complete."
[1] "Completed Georgia @ 2025-05-14 10:38:50"
[1] "Georgia is 35.7% complete."
[1] "Completed Georgia @ 2025-05-14 10:38:51"
[1] "Georgia is 35.9% complete."
[1] "Completed Georgia @ 2025-05-14 10:38:51"
[1] "Georgia is 36.2% complete."
[1] "Completed Georgia @ 2025-05-14 10:38:51"
[1] "Georgia is 36.4% complete."
[1] "Completed Georgia @ 2025-05-14 10:38:51"
[1] "Georgia is 36.7% complete."
[1] "Completed Georgia @ 2025-05-14 10:38:51"
[1] "Georgia is 36.9% complete."
[1] "Completed Georgia @ 2025-05-14 10:38:51"
[1] "Georgia is 37.1% complete."
[1] "Completed Georgia @ 2025-05-14 10:38:51"
[1] "Georgia is 37.4% complete."
[1] "Completed Georgia @ 2025-05-14 10:38:51"
[1] "Georgia is 37.6% complete."
[1] "Completed Georgia @ 2025-05-14 10:38:51"
[1] "Georgia is 37.9% complete."
[1] "Completed Georgia @ 2025-05-14 10:38:51"
[1] "Georgia is 38.1% complete."
[1] "Completed Georgia @ 2025-05-14 10:38:51"
[1] "Georgia is 38.3% complete."
[1] "Completed Georgia @ 2025-05-14 10:38:52"
[1] "Georgia is 38.6% complete."
[1] "Completed Georgia @ 2025-05-14 10:38:52"
[1] "Georgia is 38.8% complete."
[1] "Completed Georgia @ 2025-05-14 10:38:52"
[1] "Georgia is 39.1% complete."
[1] "Completed Georgia @ 2025-05-14 10:38:52"
[1] "Georgia is 39.3% complete."
[1] "Completed Georgia @ 2025-05-14 10:38:52"
[1] "Georgia is 39.6% complete."
[1] "Completed Georgia @ 2025-05-14 10:38:52"
[1] "Georgia is 39.8% complete."
[1] "Completed Georgia @ 2025-05-14 10:38:52"
[1] "Georgia is 40% complete."
[1] "Completed Georgia @ 2025-05-14 10:38:52"
[1] "Georgia is 40.3% complete."
[1] "Completed Georgia @ 2025-05-14 10:38:52"
[1] "Georgia is 40.5% complete."
[1] "Completed Georgia @ 2025-05-14 10:38:52"
[1] "Georgia is 40.8% complete."
[1] "Completed Georgia @ 2025-05-14 10:38:53"
[1] "Georgia is 41% complete."
[1] "Completed Georgia @ 2025-05-14 10:38:53"
[1] "Georgia is 41.3% complete."
[1] "Completed Georgia @ 2025-05-14 10:38:53"
[1] "Georgia is 41.5% complete."
[1] "Completed Georgia @ 2025-05-14 10:38:53"
[1] "Georgia is 41.7% complete."
[1] "Completed Georgia @ 2025-05-14 10:38:53"
[1] "Georgia is 42% complete."
[1] "Completed Georgia @ 2025-05-14 10:38:53"
[1] "Georgia is 42.2% complete."
[1] "Completed Georgia @ 2025-05-14 10:38:53"
[1] "Georgia is 42.5% complete."
[1] "Completed Georgia @ 2025-05-14 10:38:53"
[1] "Georgia is 42.7% complete."
[1] "Completed Georgia @ 2025-05-14 10:38:53"
[1] "Georgia is 43% complete."
[1] "Completed Georgia @ 2025-05-14 10:38:53"
[1] "Georgia is 43.2% complete."
[1] "Completed Georgia @ 2025-05-14 10:38:54"
[1] "Georgia is 43.4% complete."
[1] "Completed Georgia @ 2025-05-14 10:38:54"
[1] "Georgia is 43.7% complete."
[1] "Completed Georgia @ 2025-05-14 10:38:54"
[1] "Georgia is 43.9% complete."
[1] "Completed Georgia @ 2025-05-14 10:38:54"
[1] "Georgia is 44.2% complete."
[1] "Completed Georgia @ 2025-05-14 10:38:54"
[1] "Georgia is 44.4% complete."
[1] "Completed Georgia @ 2025-05-14 10:38:54"
[1] "Georgia is 44.7% complete."
[1] "Completed Georgia @ 2025-05-14 10:38:54"
[1] "Georgia is 44.9% complete."
[1] "Completed Georgia @ 2025-05-14 10:38:55"
[1] "Georgia is 45.1% complete."
[1] "Completed Georgia @ 2025-05-14 10:38:55"
[1] "Georgia is 45.4% complete."
[1] "Completed Georgia @ 2025-05-14 10:38:55"
[1] "Georgia is 45.6% complete."
[1] "Completed Georgia @ 2025-05-14 10:38:55"
[1] "Georgia is 45.9% complete."
[1] "Completed Georgia @ 2025-05-14 10:38:55"
[1] "Georgia is 46.1% complete."
[1] "Completed Georgia @ 2025-05-14 10:38:55"
[1] "Georgia is 46.4% complete."
[1] "Completed Georgia @ 2025-05-14 10:38:55"
[1] "Georgia is 46.6% complete."
[1] "Completed Georgia @ 2025-05-14 10:38:56"
[1] "Georgia is 46.8% complete."
[1] "Completed Georgia @ 2025-05-14 10:38:56"
[1] "Georgia is 47.1% complete."
[1] "Completed Georgia @ 2025-05-14 10:38:56"
[1] "Georgia is 47.3% complete."
[1] "Completed Georgia @ 2025-05-14 10:38:56"
[1] "Georgia is 47.6% complete."
[1] "Completed Georgia @ 2025-05-14 10:38:56"
[1] "Georgia is 47.8% complete."
[1] "Completed Georgia @ 2025-05-14 10:38:56"
[1] "Georgia is 48.1% complete."
[1] "Completed Georgia @ 2025-05-14 10:38:56"
[1] "Georgia is 48.3% complete."
[1] "Completed Georgia @ 2025-05-14 10:38:56"
[1] "Georgia is 48.5% complete."
[1] "Completed Georgia @ 2025-05-14 10:38:56"
[1] "Georgia is 48.8% complete."
[1] "Completed Georgia @ 2025-05-14 10:38:56"
[1] "Georgia is 49% complete."
[1] "Completed Georgia @ 2025-05-14 10:38:57"
[1] "Georgia is 49.3% complete."
[1] "Completed Georgia @ 2025-05-14 10:38:57"
[1] "Georgia is 49.5% complete."
[1] "Completed Georgia @ 2025-05-14 10:38:57"
[1] "Georgia is 49.8% complete."
[1] "Completed Georgia @ 2025-05-14 10:38:57"
[1] "Georgia is 50% complete."
[1] "Completed Georgia @ 2025-05-14 10:38:57"
[1] "Georgia is 50.2% complete."
[1] "Completed Georgia @ 2025-05-14 10:38:57"
[1] "Georgia is 50.5% complete."
[1] "Completed Georgia @ 2025-05-14 10:38:57"
[1] "Georgia is 50.7% complete."
[1] "Completed Georgia @ 2025-05-14 10:38:57"
[1] "Georgia is 51% complete."
[1] "Completed Georgia @ 2025-05-14 10:38:58"
[1] "Georgia is 51.2% complete."
[1] "Completed Georgia @ 2025-05-14 10:38:58"
[1] "Georgia is 51.5% complete."
[1] "Completed Georgia @ 2025-05-14 10:38:58"
[1] "Georgia is 51.7% complete."
[1] "Completed Georgia @ 2025-05-14 10:38:58"
[1] "Georgia is 51.9% complete."
[1] "Completed Georgia @ 2025-05-14 10:38:58"
[1] "Georgia is 52.2% complete."
[1] "Completed Georgia @ 2025-05-14 10:38:58"
[1] "Georgia is 52.4% complete."
[1] "Completed Georgia @ 2025-05-14 10:38:58"
[1] "Georgia is 52.7% complete."
[1] "Completed Georgia @ 2025-05-14 10:38:59"
[1] "Georgia is 52.9% complete."
[1] "Completed Georgia @ 2025-05-14 10:38:59"
[1] "Georgia is 53.2% complete."
[1] "Completed Georgia @ 2025-05-14 10:38:59"
[1] "Georgia is 53.4% complete."
[1] "Completed Georgia @ 2025-05-14 10:38:59"
[1] "Georgia is 53.6% complete."
[1] "Completed Georgia @ 2025-05-14 10:38:59"
[1] "Georgia is 53.9% complete."
[1] "Completed Georgia @ 2025-05-14 10:38:59"
[1] "Georgia is 54.1% complete."
[1] "Completed Georgia @ 2025-05-14 10:39:00"
[1] "Georgia is 54.4% complete."
[1] "Completed Georgia @ 2025-05-14 10:39:00"
[1] "Georgia is 54.6% complete."
[1] "Completed Georgia @ 2025-05-14 10:39:00"
[1] "Georgia is 54.9% complete."
[1] "Completed Georgia @ 2025-05-14 10:39:00"
[1] "Georgia is 55.1% complete."
[1] "Completed Georgia @ 2025-05-14 10:39:00"
[1] "Georgia is 55.3% complete."
[1] "Completed Georgia @ 2025-05-14 10:39:00"
[1] "Georgia is 55.6% complete."
[1] "Completed Georgia @ 2025-05-14 10:39:00"
[1] "Georgia is 55.8% complete."
[1] "Completed Georgia @ 2025-05-14 10:39:00"
[1] "Georgia is 56.1% complete."
[1] "Completed Georgia @ 2025-05-14 10:39:01"
[1] "Georgia is 56.3% complete."
[1] "Completed Georgia @ 2025-05-14 10:39:01"
[1] "Georgia is 56.6% complete."
[1] "Completed Georgia @ 2025-05-14 10:39:01"
[1] "Georgia is 56.8% complete."
[1] "Completed Georgia @ 2025-05-14 10:39:01"
[1] "Georgia is 57% complete."
[1] "Completed Georgia @ 2025-05-14 10:39:01"
[1] "Georgia is 57.3% complete."
[1] "Completed Georgia @ 2025-05-14 10:39:01"
[1] "Georgia is 57.5% complete."
[1] "Completed Georgia @ 2025-05-14 10:39:01"
[1] "Georgia is 57.8% complete."
[1] "Completed Georgia @ 2025-05-14 10:39:01"
[1] "Georgia is 58% complete."
[1] "Completed Georgia @ 2025-05-14 10:39:01"
[1] "Georgia is 58.3% complete."
[1] "Completed Georgia @ 2025-05-14 10:39:02"
[1] "Georgia is 58.5% complete."
[1] "Completed Georgia @ 2025-05-14 10:39:02"
[1] "Georgia is 58.7% complete."
[1] "Completed Georgia @ 2025-05-14 10:39:02"
[1] "Georgia is 59% complete."
[1] "Completed Georgia @ 2025-05-14 10:39:02"
[1] "Georgia is 59.2% complete."
[1] "Completed Georgia @ 2025-05-14 10:39:02"
[1] "Georgia is 59.5% complete."
[1] "Completed Georgia @ 2025-05-14 10:39:02"
[1] "Georgia is 59.7% complete."
[1] "Completed Georgia @ 2025-05-14 10:39:02"
[1] "Georgia is 60% complete."
[1] "Completed Georgia @ 2025-05-14 10:39:03"
[1] "Georgia is 60.2% complete."
[1] "Completed Georgia @ 2025-05-14 10:39:03"
[1] "Georgia is 60.4% complete."
[1] "Completed Georgia @ 2025-05-14 10:39:03"
[1] "Georgia is 60.7% complete."
[1] "Completed Georgia @ 2025-05-14 10:39:03"
[1] "Georgia is 60.9% complete."
[1] "Completed Georgia @ 2025-05-14 10:39:03"
[1] "Georgia is 61.2% complete."
[1] "Completed Georgia @ 2025-05-14 10:39:03"
[1] "Georgia is 61.4% complete."
[1] "Completed Georgia @ 2025-05-14 10:39:03"
[1] "Georgia is 61.7% complete."
[1] "Completed Georgia @ 2025-05-14 10:39:03"
[1] "Georgia is 61.9% complete."
[1] "Completed Georgia @ 2025-05-14 10:39:03"
[1] "Georgia is 62.1% complete."
[1] "Completed Georgia @ 2025-05-14 10:39:04"
[1] "Georgia is 62.4% complete."
[1] "Completed Georgia @ 2025-05-14 10:39:04"
[1] "Georgia is 62.6% complete."
[1] "Completed Georgia @ 2025-05-14 10:39:04"
[1] "Georgia is 62.9% complete."
[1] "Completed Georgia @ 2025-05-14 10:39:04"
[1] "Georgia is 63.1% complete."
[1] "Completed Georgia @ 2025-05-14 10:39:04"
[1] "Georgia is 63.3% complete."
[1] "Completed Georgia @ 2025-05-14 10:39:04"
[1] "Georgia is 63.6% complete."
[1] "Completed Georgia @ 2025-05-14 10:39:04"
[1] "Georgia is 63.8% complete."
[1] "Completed Georgia @ 2025-05-14 10:39:05"
[1] "Georgia is 64.1% complete."
[1] "Completed Georgia @ 2025-05-14 10:39:05"
[1] "Georgia is 64.3% complete."
[1] "Completed Georgia @ 2025-05-14 10:39:05"
[1] "Georgia is 64.6% complete."
[1] "Completed Georgia @ 2025-05-14 10:39:05"
[1] "Georgia is 64.8% complete."
[1] "Completed Georgia @ 2025-05-14 10:39:05"
[1] "Georgia is 65% complete."
[1] "Completed Georgia @ 2025-05-14 10:39:05"
[1] "Georgia is 65.3% complete."
[1] "Completed Georgia @ 2025-05-14 10:39:05"
[1] "Georgia is 65.5% complete."
[1] "Completed Georgia @ 2025-05-14 10:39:05"
[1] "Georgia is 65.8% complete."
[1] "Completed Georgia @ 2025-05-14 10:39:05"
[1] "Georgia is 66% complete."
[1] "Completed Georgia @ 2025-05-14 10:39:05"
[1] "Georgia is 66.3% complete."
[1] "Completed Georgia @ 2025-05-14 10:39:06"
[1] "Georgia is 66.5% complete."
[1] "Completed Georgia @ 2025-05-14 10:39:06"
[1] "Georgia is 66.7% complete."
[1] "Completed Georgia @ 2025-05-14 10:39:06"
[1] "Georgia is 67% complete."
[1] "Completed Georgia @ 2025-05-14 10:39:06"
[1] "Georgia is 67.2% complete."
[1] "Completed Georgia @ 2025-05-14 10:39:06"
[1] "Georgia is 67.5% complete."
[1] "Completed Georgia @ 2025-05-14 10:39:07"
[1] "Georgia is 67.7% complete."
[1] "Completed Georgia @ 2025-05-14 10:39:07"
[1] "Georgia is 68% complete."
[1] "Completed Georgia @ 2025-05-14 10:39:07"
[1] "Georgia is 68.2% complete."
[1] "Completed Georgia @ 2025-05-14 10:39:07"
[1] "Georgia is 68.4% complete."
[1] "Completed Georgia @ 2025-05-14 10:39:07"
[1] "Georgia is 68.7% complete."
[1] "Completed Georgia @ 2025-05-14 10:39:07"
[1] "Georgia is 68.9% complete."
[1] "Completed Georgia @ 2025-05-14 10:39:07"
[1] "Georgia is 69.2% complete."
[1] "Completed Georgia @ 2025-05-14 10:39:08"
[1] "Georgia is 69.4% complete."
[1] "Completed Georgia @ 2025-05-14 10:39:08"
[1] "Georgia is 69.7% complete."
[1] "Completed Georgia @ 2025-05-14 10:39:08"
[1] "Georgia is 69.9% complete."
[1] "Completed Georgia @ 2025-05-14 10:39:08"
[1] "Georgia is 70.1% complete."
[1] "Completed Georgia @ 2025-05-14 10:39:08"
[1] "Georgia is 70.4% complete."
[1] "Completed Georgia @ 2025-05-14 10:39:09"
[1] "Georgia is 70.6% complete."
[1] "Completed Georgia @ 2025-05-14 10:39:09"
[1] "Georgia is 70.9% complete."
[1] "Completed Georgia @ 2025-05-14 10:39:09"
[1] "Georgia is 71.1% complete."
[1] "Completed Georgia @ 2025-05-14 10:39:09"
[1] "Georgia is 71.4% complete."
[1] "Completed Georgia @ 2025-05-14 10:39:09"
[1] "Georgia is 71.6% complete."
[1] "Completed Georgia @ 2025-05-14 10:39:09"
[1] "Georgia is 71.8% complete."
[1] "Completed Georgia @ 2025-05-14 10:39:09"
[1] "Georgia is 72.1% complete."
[1] "Completed Georgia @ 2025-05-14 10:39:10"
[1] "Georgia is 72.3% complete."
[1] "Completed Georgia @ 2025-05-14 10:39:10"
[1] "Georgia is 72.6% complete."
[1] "Completed Georgia @ 2025-05-14 10:39:10"
[1] "Georgia is 72.8% complete."
[1] "Completed Georgia @ 2025-05-14 10:39:10"
[1] "Georgia is 73.1% complete."
[1] "Completed Georgia @ 2025-05-14 10:39:10"
[1] "Georgia is 73.3% complete."
[1] "Completed Georgia @ 2025-05-14 10:39:10"
[1] "Georgia is 73.5% complete."
[1] "Completed Georgia @ 2025-05-14 10:39:11"
[1] "Georgia is 73.8% complete."
[1] "Completed Georgia @ 2025-05-14 10:39:11"
[1] "Georgia is 74% complete."
[1] "Completed Georgia @ 2025-05-14 10:39:11"
[1] "Georgia is 74.3% complete."
[1] "Completed Georgia @ 2025-05-14 10:39:11"
[1] "Georgia is 74.5% complete."
[1] "Completed Georgia @ 2025-05-14 10:39:11"
[1] "Georgia is 74.8% complete."
[1] "Completed Georgia @ 2025-05-14 10:39:11"
[1] "Georgia is 75% complete."
[1] "Completed Georgia @ 2025-05-14 10:39:11"
[1] "Georgia is 75.2% complete."
[1] "Completed Georgia @ 2025-05-14 10:39:12"
[1] "Georgia is 75.5% complete."
[1] "Completed Georgia @ 2025-05-14 10:39:12"
[1] "Georgia is 75.7% complete."
[1] "Completed Georgia @ 2025-05-14 10:39:12"
[1] "Georgia is 76% complete."
[1] "Completed Georgia @ 2025-05-14 10:39:12"
[1] "Georgia is 76.2% complete."
[1] "Completed Georgia @ 2025-05-14 10:39:13"
[1] "Georgia is 76.5% complete."
[1] "Completed Georgia @ 2025-05-14 10:39:13"
[1] "Georgia is 76.7% complete."
[1] "Completed Georgia @ 2025-05-14 10:39:13"
[1] "Georgia is 76.9% complete."
[1] "Completed Georgia @ 2025-05-14 10:39:13"
[1] "Georgia is 77.2% complete."
[1] "Completed Georgia @ 2025-05-14 10:39:13"
[1] "Georgia is 77.4% complete."
[1] "Completed Georgia @ 2025-05-14 10:39:13"
[1] "Georgia is 77.7% complete."
[1] "Completed Georgia @ 2025-05-14 10:39:13"
[1] "Georgia is 77.9% complete."
[1] "Completed Georgia @ 2025-05-14 10:39:13"
[1] "Georgia is 78.2% complete."
[1] "Completed Georgia @ 2025-05-14 10:39:14"
[1] "Georgia is 78.4% complete."
[1] "Completed Georgia @ 2025-05-14 10:39:14"
[1] "Georgia is 78.6% complete."
[1] "Completed Georgia @ 2025-05-14 10:39:14"
[1] "Georgia is 78.9% complete."
[1] "Completed Georgia @ 2025-05-14 10:39:14"
[1] "Georgia is 79.1% complete."
[1] "Completed Georgia @ 2025-05-14 10:39:14"
[1] "Georgia is 79.4% complete."
[1] "Completed Georgia @ 2025-05-14 10:39:14"
[1] "Georgia is 79.6% complete."
[1] "Completed Georgia @ 2025-05-14 10:39:14"
[1] "Georgia is 79.9% complete."
[1] "Completed Georgia @ 2025-05-14 10:39:15"
[1] "Georgia is 80.1% complete."
[1] "Completed Georgia @ 2025-05-14 10:39:15"
[1] "Georgia is 80.3% complete."
[1] "Completed Georgia @ 2025-05-14 10:39:15"
[1] "Georgia is 80.6% complete."
[1] "Completed Georgia @ 2025-05-14 10:39:15"
[1] "Georgia is 80.8% complete."
[1] "Completed Georgia @ 2025-05-14 10:39:15"
[1] "Georgia is 81.1% complete."
[1] "Completed Georgia @ 2025-05-14 10:39:15"
[1] "Georgia is 81.3% complete."
[1] "Completed Georgia @ 2025-05-14 10:39:15"
[1] "Georgia is 81.6% complete."
[1] "Completed Georgia @ 2025-05-14 10:39:16"
[1] "Georgia is 81.8% complete."
[1] "Completed Georgia @ 2025-05-14 10:39:16"
[1] "Georgia is 82% complete."
[1] "Completed Georgia @ 2025-05-14 10:39:16"
[1] "Georgia is 82.3% complete."
[1] "Completed Georgia @ 2025-05-14 10:39:16"
[1] "Georgia is 82.5% complete."
[1] "Completed Georgia @ 2025-05-14 10:39:16"
[1] "Georgia is 82.8% complete."
[1] "Completed Georgia @ 2025-05-14 10:39:16"
[1] "Georgia is 83% complete."
[1] "Completed Georgia @ 2025-05-14 10:39:17"
[1] "Georgia is 83.3% complete."
[1] "Completed Georgia @ 2025-05-14 10:39:17"
[1] "Georgia is 83.5% complete."
[1] "Completed Georgia @ 2025-05-14 10:39:17"
[1] "Georgia is 83.7% complete."
[1] "Completed Georgia @ 2025-05-14 10:39:17"
[1] "Georgia is 84% complete."
[1] "Completed Georgia @ 2025-05-14 10:39:17"
[1] "Georgia is 84.2% complete."
[1] "Completed Georgia @ 2025-05-14 10:39:17"
[1] "Georgia is 84.5% complete."
[1] "Completed Georgia @ 2025-05-14 10:39:18"
[1] "Georgia is 84.7% complete."
[1] "Completed Georgia @ 2025-05-14 10:39:18"
[1] "Georgia is 85% complete."
[1] "Completed Georgia @ 2025-05-14 10:39:18"
[1] "Georgia is 85.2% complete."
[1] "Completed Georgia @ 2025-05-14 10:39:19"
[1] "Georgia is 85.4% complete."
[1] "Completed Georgia @ 2025-05-14 10:39:19"
[1] "Georgia is 85.7% complete."
[1] "Completed Georgia @ 2025-05-14 10:39:19"
[1] "Georgia is 85.9% complete."
[1] "Completed Georgia @ 2025-05-14 10:39:19"
[1] "Georgia is 86.2% complete."
[1] "Completed Georgia @ 2025-05-14 10:39:20"
[1] "Georgia is 86.4% complete."
[1] "Completed Georgia @ 2025-05-14 10:39:20"
[1] "Georgia is 86.7% complete."
[1] "Completed Georgia @ 2025-05-14 10:39:20"
[1] "Georgia is 86.9% complete."
[1] "Completed Georgia @ 2025-05-14 10:39:20"
[1] "Georgia is 87.1% complete."
[1] "Completed Georgia @ 2025-05-14 10:39:20"
[1] "Georgia is 87.4% complete."
[1] "Completed Georgia @ 2025-05-14 10:39:20"
[1] "Georgia is 87.6% complete."
[1] "Completed Georgia @ 2025-05-14 10:39:20"
[1] "Georgia is 87.9% complete."
[1] "Completed Georgia @ 2025-05-14 10:39:21"
[1] "Georgia is 88.1% complete."
[1] "Completed Georgia @ 2025-05-14 10:39:21"
[1] "Georgia is 88.3% complete."
[1] "Completed Georgia @ 2025-05-14 10:39:22"
[1] "Georgia is 88.6% complete."
[1] "Completed Georgia @ 2025-05-14 10:39:22"
[1] "Georgia is 88.8% complete."
[1] "Completed Georgia @ 2025-05-14 10:39:22"
[1] "Georgia is 89.1% complete."
[1] "Completed Georgia @ 2025-05-14 10:39:22"
[1] "Georgia is 89.3% complete."
[1] "Completed Georgia @ 2025-05-14 10:39:23"
[1] "Georgia is 89.6% complete."
[1] "Completed Georgia @ 2025-05-14 10:39:23"
[1] "Georgia is 89.8% complete."
[1] "Completed Georgia @ 2025-05-14 10:39:23"
[1] "Georgia is 90% complete."
[1] "Completed Georgia @ 2025-05-14 10:39:23"
[1] "Georgia is 90.3% complete."
[1] "Completed Georgia @ 2025-05-14 10:39:23"
[1] "Georgia is 90.5% complete."
[1] "Completed Georgia @ 2025-05-14 10:39:24"
[1] "Georgia is 90.8% complete."
[1] "Completed Georgia @ 2025-05-14 10:39:24"
[1] "Georgia is 91% complete."
[1] "Completed Georgia @ 2025-05-14 10:39:24"
[1] "Georgia is 91.3% complete."
[1] "Completed Georgia @ 2025-05-14 10:39:24"
[1] "Georgia is 91.5% complete."
[1] "Completed Georgia @ 2025-05-14 10:39:25"
[1] "Georgia is 91.7% complete."
[1] "Completed Georgia @ 2025-05-14 10:39:25"
[1] "Georgia is 92% complete."
[1] "Completed Georgia @ 2025-05-14 10:39:25"
[1] "Georgia is 92.2% complete."
[1] "Completed Georgia @ 2025-05-14 10:39:25"
[1] "Georgia is 92.5% complete."
[1] "Completed Georgia @ 2025-05-14 10:39:26"
[1] "Georgia is 92.7% complete."
[1] "Completed Georgia @ 2025-05-14 10:39:26"
[1] "Georgia is 93% complete."
[1] "Completed Georgia @ 2025-05-14 10:39:26"
[1] "Georgia is 93.2% complete."
[1] "Completed Georgia @ 2025-05-14 10:39:26"
[1] "Georgia is 93.4% complete."
[1] "Completed Georgia @ 2025-05-14 10:39:27"
[1] "Georgia is 93.7% complete."
[1] "Completed Georgia @ 2025-05-14 10:39:27"
[1] "Georgia is 93.9% complete."
[1] "Completed Georgia @ 2025-05-14 10:39:28"
[1] "Georgia is 94.2% complete."
[1] "Completed Georgia @ 2025-05-14 10:39:28"
[1] "Georgia is 94.4% complete."
[1] "Completed Georgia @ 2025-05-14 10:39:28"
[1] "Georgia is 94.7% complete."
[1] "Completed Georgia @ 2025-05-14 10:39:29"
[1] "Georgia is 94.9% complete."
[1] "Completed Georgia @ 2025-05-14 10:39:29"
[1] "Georgia is 95.1% complete."
[1] "Completed Georgia @ 2025-05-14 10:39:30"
[1] "Georgia is 95.4% complete."
[1] "Completed Georgia @ 2025-05-14 10:39:30"
[1] "Georgia is 95.6% complete."
[1] "Completed Georgia @ 2025-05-14 10:39:32"
[1] "Georgia is 95.9% complete."
[1] "Completed Georgia @ 2025-05-14 10:39:32"
[1] "Georgia is 96.1% complete."
[1] "Completed Georgia @ 2025-05-14 10:39:33"
[1] "Georgia is 96.4% complete."
[1] "Completed Georgia @ 2025-05-14 10:39:34"
[1] "Georgia is 96.6% complete."
[1] "Completed Georgia @ 2025-05-14 10:39:36"
[1] "Georgia is 96.8% complete."
[1] "Completed Georgia @ 2025-05-14 10:39:37"
[1] "Georgia is 97.1% complete."
[1] "Completed Georgia @ 2025-05-14 10:39:37"
[1] "Georgia is 97.3% complete."
[1] "Completed Georgia @ 2025-05-14 10:39:38"
[1] "Georgia is 97.6% complete."
[1] "Completed Georgia @ 2025-05-14 10:39:39"
[1] "Georgia is 97.8% complete."
[1] "Completed Georgia @ 2025-05-14 10:39:40"
[1] "Georgia is 98.1% complete."
[1] "Completed Georgia @ 2025-05-14 10:39:40"
[1] "Georgia is 98.3% complete."
[1] "Completed Georgia @ 2025-05-14 10:39:41"
[1] "Georgia is 98.5% complete."
[1] "Completed Georgia @ 2025-05-14 10:39:42"
[1] "Georgia is 98.8% complete."
[1] "Completed Georgia @ 2025-05-14 10:39:43"
[1] "Georgia is 99% complete."
[1] "Completed Georgia @ 2025-05-14 10:39:43"
[1] "Georgia is 99.3% complete."
[1] "Completed Georgia @ 2025-05-14 10:39:44"
[1] "Georgia is 99.5% complete."
[1] "Completed Georgia @ 2025-05-14 10:39:45"
[1] "Georgia is 99.8% complete."
[1] "Completed Georgia @ 2025-05-14 10:39:46"
[1] "Georgia is 100% complete."
[1] "Completed Georgia @ 2025-05-14 10:39:47"
Deleting layer `Pop' using driver `GPKG'
Writing layer `Pop' to data source 
  `/work/GRDVULN/sewershed/Model/Create_Boundaries/outputs/Pop_Delineated/FP_13.gpkg' using driver `GPKG'
Writing 410 features with 10 fields and geometry type Unknown (any).
[1] "SCRIPT COMPLETE @ 2025-05-14 10:40:18"
