[1] "Starting Idaho"
Reading layer `cb_2021_us_state_500k' from data source 
  `/work/GRDVULN/data/cb_2021_us_all_500k.gdb' using driver `OpenFileGDB'
Simple feature collection with 56 features and 9 fields
Geometry type: MULTIPOLYGON
Dimension:     XY
Bounding box:  xmin: -179.1489 ymin: -14.5487 xmax: 179.7785 ymax: 71.36516
Geodetic CRS:  NAD83
[1] "Building 156 systems"
[1] "Idaho is 0.6% complete."
[1] "Completed Idaho @ 2025-05-14 10:37:41"
[1] "Idaho is 1.3% complete."
[1] "Completed Idaho @ 2025-05-14 10:37:41"
[1] "Idaho is 1.9% complete."
[1] "Completed Idaho @ 2025-05-14 10:37:41"
[1] "Idaho is 2.6% complete."
[1] "Completed Idaho @ 2025-05-14 10:37:41"
[1] "Idaho is 3.2% complete."
[1] "Completed Idaho @ 2025-05-14 10:37:41"
[1] "Idaho is 3.8% complete."
[1] "Completed Idaho @ 2025-05-14 10:37:41"
[1] "Idaho is 4.5% complete."
[1] "Completed Idaho @ 2025-05-14 10:37:41"
[1] "Idaho is 5.1% complete."
[1] "Completed Idaho @ 2025-05-14 10:37:41"
[1] "Idaho is 5.8% complete."
[1] "Completed Idaho @ 2025-05-14 10:37:42"
[1] "Idaho is 6.4% complete."
[1] "Completed Idaho @ 2025-05-14 10:37:42"
[1] "Idaho is 7.1% complete."
[1] "Completed Idaho @ 2025-05-14 10:37:42"
[1] "Idaho is 7.7% complete."
[1] "Completed Idaho @ 2025-05-14 10:37:42"
[1] "Idaho is 8.3% complete."
[1] "Completed Idaho @ 2025-05-14 10:37:42"
[1] "Idaho is 9% complete."
[1] "Completed Idaho @ 2025-05-14 10:37:42"
[1] "Idaho is 9.6% complete."
[1] "Completed Idaho @ 2025-05-14 10:37:42"
[1] "Idaho is 10.3% complete."
[1] "Completed Idaho @ 2025-05-14 10:37:42"
[1] "Idaho is 10.9% complete."
[1] "Completed Idaho @ 2025-05-14 10:37:42"
[1] "Idaho is 11.5% complete."
[1] "Completed Idaho @ 2025-05-14 10:37:43"
[1] "Idaho is 12.2% complete."
[1] "Completed Idaho @ 2025-05-14 10:37:43"
[1] "Idaho is 12.8% complete."
[1] "Completed Idaho @ 2025-05-14 10:37:43"
[1] "Idaho is 13.5% complete."
[1] "Completed Idaho @ 2025-05-14 10:37:43"
[1] "Idaho is 14.1% complete."
[1] "Completed Idaho @ 2025-05-14 10:37:43"
[1] "Idaho is 14.7% complete."
[1] "Completed Idaho @ 2025-05-14 10:37:43"
[1] "Idaho is 15.4% complete."
[1] "Completed Idaho @ 2025-05-14 10:37:43"
[1] "Idaho is 16% complete."
[1] "Completed Idaho @ 2025-05-14 10:37:43"
[1] "Idaho is 16.7% complete."
[1] "Completed Idaho @ 2025-05-14 10:37:43"
[1] "Idaho is 17.3% complete."
[1] "Completed Idaho @ 2025-05-14 10:37:44"
[1] "Idaho is 17.9% complete."
[1] "Completed Idaho @ 2025-05-14 10:37:44"
[1] "Idaho is 18.6% complete."
[1] "Completed Idaho @ 2025-05-14 10:37:44"
[1] "Idaho is 19.2% complete."
[1] "Completed Idaho @ 2025-05-14 10:37:44"
[1] "Idaho is 19.9% complete."
[1] "Completed Idaho @ 2025-05-14 10:37:44"
[1] "Idaho is 20.5% complete."
[1] "Completed Idaho @ 2025-05-14 10:37:44"
[1] "Idaho is 21.2% complete."
[1] "Completed Idaho @ 2025-05-14 10:37:44"
[1] "Idaho is 21.8% complete."
[1] "Completed Idaho @ 2025-05-14 10:37:44"
[1] "Idaho is 22.4% complete."
[1] "Completed Idaho @ 2025-05-14 10:37:44"
[1] "Idaho is 23.1% complete."
[1] "Completed Idaho @ 2025-05-14 10:37:45"
[1] "Idaho is 23.7% complete."
[1] "Completed Idaho @ 2025-05-14 10:37:45"
[1] "Idaho is 24.4% complete."
[1] "Completed Idaho @ 2025-05-14 10:37:45"
[1] "Idaho is 25% complete."
[1] "Completed Idaho @ 2025-05-14 10:37:45"
[1] "Idaho is 25.6% complete."
[1] "Completed Idaho @ 2025-05-14 10:37:45"
[1] "Idaho is 26.3% complete."
[1] "Completed Idaho @ 2025-05-14 10:37:45"
[1] "Idaho is 26.9% complete."
[1] "Completed Idaho @ 2025-05-14 10:37:45"
[1] "Idaho is 27.6% complete."
[1] "Completed Idaho @ 2025-05-14 10:37:45"
[1] "Idaho is 28.2% complete."
[1] "Completed Idaho @ 2025-05-14 10:37:45"
[1] "Idaho is 28.8% complete."
[1] "Completed Idaho @ 2025-05-14 10:37:46"
[1] "Idaho is 29.5% complete."
[1] "Completed Idaho @ 2025-05-14 10:37:46"
[1] "Idaho is 30.1% complete."
[1] "Completed Idaho @ 2025-05-14 10:37:46"
[1] "Idaho is 30.8% complete."
[1] "Completed Idaho @ 2025-05-14 10:37:46"
[1] "Idaho is 31.4% complete."
[1] "Completed Idaho @ 2025-05-14 10:37:46"
[1] "Idaho is 32.1% complete."
[1] "Completed Idaho @ 2025-05-14 10:37:46"
[1] "Idaho is 32.7% complete."
[1] "Completed Idaho @ 2025-05-14 10:37:46"
[1] "Idaho is 33.3% complete."
[1] "Completed Idaho @ 2025-05-14 10:37:46"
[1] "Idaho is 34% complete."
[1] "Completed Idaho @ 2025-05-14 10:37:47"
[1] "Idaho is 34.6% complete."
[1] "Completed Idaho @ 2025-05-14 10:37:47"
[1] "Idaho is 35.3% complete."
[1] "Completed Idaho @ 2025-05-14 10:37:47"
[1] "Idaho is 35.9% complete."
[1] "Completed Idaho @ 2025-05-14 10:37:47"
[1] "Idaho is 36.5% complete."
[1] "Completed Idaho @ 2025-05-14 10:37:47"
[1] "Idaho is 37.2% complete."
[1] "Completed Idaho @ 2025-05-14 10:37:47"
[1] "Idaho is 37.8% complete."
[1] "Completed Idaho @ 2025-05-14 10:37:47"
[1] "Idaho is 38.5% complete."
[1] "Completed Idaho @ 2025-05-14 10:37:47"
[1] "Idaho is 39.1% complete."
[1] "Completed Idaho @ 2025-05-14 10:37:47"
[1] "Idaho is 39.7% complete."
[1] "Completed Idaho @ 2025-05-14 10:37:47"
[1] "Idaho is 40.4% complete."
[1] "Completed Idaho @ 2025-05-14 10:37:48"
[1] "Idaho is 41% complete."
[1] "Completed Idaho @ 2025-05-14 10:37:48"
[1] "Idaho is 41.7% complete."
[1] "Completed Idaho @ 2025-05-14 10:37:48"
[1] "Idaho is 42.3% complete."
[1] "Completed Idaho @ 2025-05-14 10:37:48"
[1] "Idaho is 42.9% complete."
[1] "Completed Idaho @ 2025-05-14 10:37:48"
[1] "Idaho is 43.6% complete."
[1] "Completed Idaho @ 2025-05-14 10:37:48"
[1] "Idaho is 44.2% complete."
[1] "Completed Idaho @ 2025-05-14 10:37:48"
[1] "Idaho is 44.9% complete."
[1] "Completed Idaho @ 2025-05-14 10:37:48"
[1] "Idaho is 45.5% complete."
[1] "Completed Idaho @ 2025-05-14 10:37:48"
[1] "Idaho is 46.2% complete."
[1] "Completed Idaho @ 2025-05-14 10:37:48"
[1] "Idaho is 46.8% complete."
[1] "Completed Idaho @ 2025-05-14 10:37:49"
[1] "Idaho is 47.4% complete."
[1] "Completed Idaho @ 2025-05-14 10:37:49"
[1] "Idaho is 48.1% complete."
[1] "Completed Idaho @ 2025-05-14 10:37:49"
[1] "Idaho is 48.7% complete."
[1] "Completed Idaho @ 2025-05-14 10:37:49"
[1] "Idaho is 49.4% complete."
[1] "Completed Idaho @ 2025-05-14 10:37:49"
[1] "Idaho is 50% complete."
[1] "Completed Idaho @ 2025-05-14 10:37:50"
[1] "Idaho is 50.6% complete."
[1] "Completed Idaho @ 2025-05-14 10:37:50"
[1] "Idaho is 51.3% complete."
[1] "Completed Idaho @ 2025-05-14 10:37:50"
[1] "Idaho is 51.9% complete."
[1] "Completed Idaho @ 2025-05-14 10:37:50"
[1] "Idaho is 52.6% complete."
[1] "Completed Idaho @ 2025-05-14 10:37:50"
[1] "Idaho is 53.2% complete."
[1] "Completed Idaho @ 2025-05-14 10:37:50"
[1] "Idaho is 53.8% complete."
[1] "Completed Idaho @ 2025-05-14 10:37:50"
[1] "Idaho is 54.5% complete."
[1] "Completed Idaho @ 2025-05-14 10:37:50"
[1] "Idaho is 55.1% complete."
[1] "Completed Idaho @ 2025-05-14 10:37:50"
[1] "Idaho is 55.8% complete."
[1] "Completed Idaho @ 2025-05-14 10:37:50"
[1] "Idaho is 56.4% complete."
[1] "Completed Idaho @ 2025-05-14 10:37:50"
[1] "Idaho is 57.1% complete."
[1] "Completed Idaho @ 2025-05-14 10:37:50"
[1] "Idaho is 57.7% complete."
[1] "Completed Idaho @ 2025-05-14 10:37:51"
[1] "Idaho is 58.3% complete."
[1] "Completed Idaho @ 2025-05-14 10:37:51"
[1] "Idaho is 59% complete."
[1] "Completed Idaho @ 2025-05-14 10:37:51"
[1] "Idaho is 59.6% complete."
[1] "Completed Idaho @ 2025-05-14 10:37:51"
[1] "Idaho is 60.3% complete."
[1] "Completed Idaho @ 2025-05-14 10:37:51"
[1] "Idaho is 60.9% complete."
[1] "Completed Idaho @ 2025-05-14 10:37:51"
[1] "Idaho is 61.5% complete."
[1] "Completed Idaho @ 2025-05-14 10:37:51"
[1] "Idaho is 62.2% complete."
[1] "Completed Idaho @ 2025-05-14 10:37:51"
[1] "Idaho is 62.8% complete."
[1] "Completed Idaho @ 2025-05-14 10:37:51"
[1] "Idaho is 63.5% complete."
[1] "Completed Idaho @ 2025-05-14 10:37:51"
[1] "Idaho is 64.1% complete."
[1] "Completed Idaho @ 2025-05-14 10:37:51"
[1] "Idaho is 64.7% complete."
[1] "Completed Idaho @ 2025-05-14 10:37:51"
[1] "Idaho is 65.4% complete."
[1] "Completed Idaho @ 2025-05-14 10:37:52"
[1] "Idaho is 66% complete."
[1] "Completed Idaho @ 2025-05-14 10:37:52"
[1] "Idaho is 66.7% complete."
[1] "Completed Idaho @ 2025-05-14 10:37:52"
[1] "Idaho is 67.3% complete."
[1] "Completed Idaho @ 2025-05-14 10:37:52"
[1] "Idaho is 67.9% complete."
[1] "Completed Idaho @ 2025-05-14 10:37:52"
[1] "Idaho is 68.6% complete."
[1] "Completed Idaho @ 2025-05-14 10:37:52"
[1] "Idaho is 69.2% complete."
[1] "Completed Idaho @ 2025-05-14 10:37:52"
[1] "Idaho is 69.9% complete."
[1] "Completed Idaho @ 2025-05-14 10:37:52"
[1] "Idaho is 70.5% complete."
[1] "Completed Idaho @ 2025-05-14 10:37:53"
[1] "Idaho is 71.2% complete."
[1] "Completed Idaho @ 2025-05-14 10:37:53"
[1] "Idaho is 71.8% complete."
[1] "Completed Idaho @ 2025-05-14 10:37:53"
[1] "Idaho is 72.4% complete."
[1] "Completed Idaho @ 2025-05-14 10:37:53"
[1] "Idaho is 73.1% complete."
[1] "Completed Idaho @ 2025-05-14 10:37:53"
[1] "Idaho is 73.7% complete."
[1] "Completed Idaho @ 2025-05-14 10:37:53"
[1] "Idaho is 74.4% complete."
[1] "Completed Idaho @ 2025-05-14 10:37:54"
[1] "Idaho is 75% complete."
[1] "Completed Idaho @ 2025-05-14 10:37:54"
[1] "Idaho is 75.6% complete."
[1] "Completed Idaho @ 2025-05-14 10:37:54"
[1] "Idaho is 76.3% complete."
[1] "Completed Idaho @ 2025-05-14 10:37:54"
[1] "Idaho is 76.9% complete."
[1] "Completed Idaho @ 2025-05-14 10:37:55"
[1] "Idaho is 77.6% complete."
[1] "Completed Idaho @ 2025-05-14 10:37:55"
[1] "Idaho is 78.2% complete."
[1] "Completed Idaho @ 2025-05-14 10:37:55"
[1] "Idaho is 78.8% complete."
[1] "Completed Idaho @ 2025-05-14 10:37:55"
[1] "Idaho is 79.5% complete."
[1] "Completed Idaho @ 2025-05-14 10:37:56"
[1] "Idaho is 80.1% complete."
[1] "Completed Idaho @ 2025-05-14 10:37:56"
[1] "Idaho is 80.8% complete."
[1] "Completed Idaho @ 2025-05-14 10:37:56"
[1] "Idaho is 81.4% complete."
[1] "Completed Idaho @ 2025-05-14 10:37:56"
[1] "Idaho is 82.1% complete."
[1] "Completed Idaho @ 2025-05-14 10:37:56"
[1] "Idaho is 82.7% complete."
[1] "Completed Idaho @ 2025-05-14 10:37:56"
[1] "Idaho is 83.3% complete."
[1] "Completed Idaho @ 2025-05-14 10:37:57"
[1] "Idaho is 84% complete."
[1] "Completed Idaho @ 2025-05-14 10:37:57"
[1] "Idaho is 84.6% complete."
[1] "Completed Idaho @ 2025-05-14 10:37:57"
[1] "Idaho is 85.3% complete."
[1] "Completed Idaho @ 2025-05-14 10:37:57"
[1] "Idaho is 85.9% complete."
[1] "Completed Idaho @ 2025-05-14 10:37:57"
[1] "Idaho is 86.5% complete."
[1] "Completed Idaho @ 2025-05-14 10:37:57"
[1] "Idaho is 87.2% complete."
[1] "Completed Idaho @ 2025-05-14 10:37:57"
[1] "Idaho is 87.8% complete."
[1] "Completed Idaho @ 2025-05-14 10:37:58"
[1] "Idaho is 88.5% complete."
[1] "Completed Idaho @ 2025-05-14 10:37:58"
[1] "Idaho is 89.1% complete."
[1] "Completed Idaho @ 2025-05-14 10:37:58"
[1] "Idaho is 89.7% complete."
[1] "Completed Idaho @ 2025-05-14 10:37:58"
[1] "Idaho is 90.4% complete."
[1] "Completed Idaho @ 2025-05-14 10:37:58"
[1] "Idaho is 91% complete."
[1] "Completed Idaho @ 2025-05-14 10:37:58"
[1] "Idaho is 91.7% complete."
[1] "Completed Idaho @ 2025-05-14 10:37:58"
[1] "Idaho is 92.3% complete."
[1] "Completed Idaho @ 2025-05-14 10:37:58"
[1] "Idaho is 92.9% complete."
[1] "Completed Idaho @ 2025-05-14 10:37:59"
[1] "Idaho is 93.6% complete."
[1] "Completed Idaho @ 2025-05-14 10:37:59"
[1] "Idaho is 94.2% complete."
[1] "Completed Idaho @ 2025-05-14 10:38:00"
[1] "Idaho is 94.9% complete."
[1] "Completed Idaho @ 2025-05-14 10:38:00"
[1] "Idaho is 95.5% complete."
[1] "Completed Idaho @ 2025-05-14 10:38:00"
[1] "Idaho is 96.2% complete."
[1] "Completed Idaho @ 2025-05-14 10:38:01"
[1] "Idaho is 96.8% complete."
[1] "Completed Idaho @ 2025-05-14 10:38:01"
[1] "Idaho is 97.4% complete."
[1] "Completed Idaho @ 2025-05-14 10:38:02"
[1] "Idaho is 98.1% complete."
[1] "Completed Idaho @ 2025-05-14 10:38:02"
[1] "Idaho is 98.7% complete."
[1] "Completed Idaho @ 2025-05-14 10:38:02"
[1] "Idaho is 99.4% complete."
[1] "Completed Idaho @ 2025-05-14 10:38:03"
[1] "Idaho is 100% complete."
[1] "Completed Idaho @ 2025-05-14 10:38:04"
Deleting layer `Pop' using driver `GPKG'
Writing layer `Pop' to data source 
  `/work/GRDVULN/sewershed/Model/Create_Boundaries/outputs/Pop_Delineated/FP_16.gpkg' using driver `GPKG'
Writing 156 features with 10 fields and geometry type Unknown (any).
[1] "SCRIPT COMPLETE @ 2025-05-14 10:38:16"
