[1] "Starting Illinois"
Reading layer `cb_2021_us_state_500k' from data source 
  `/work/GRDVULN/data/cb_2021_us_all_500k.gdb' using driver `OpenFileGDB'
Simple feature collection with 56 features and 9 fields
Geometry type: MULTIPOLYGON
Dimension:     XY
Bounding box:  xmin: -179.1489 ymin: -14.5487 xmax: 179.7785 ymax: 71.36516
Geodetic CRS:  NAD83
[1] "Building 731 systems"
[1] "Illinois is 0.1% complete."
[1] "Completed Illinois @ 2025-05-14 10:39:26"
[1] "Illinois is 0.3% complete."
[1] "Completed Illinois @ 2025-05-14 10:39:26"
[1] "Illinois is 0.4% complete."
[1] "Completed Illinois @ 2025-05-14 10:39:26"
[1] "Illinois is 0.5% complete."
[1] "Completed Illinois @ 2025-05-14 10:39:26"
[1] "Illinois is 0.7% complete."
[1] "Completed Illinois @ 2025-05-14 10:39:26"
[1] "Illinois is 0.8% complete."
[1] "Completed Illinois @ 2025-05-14 10:39:26"
[1] "Illinois is 1% complete."
[1] "Completed Illinois @ 2025-05-14 10:39:26"
[1] "Illinois is 1.1% complete."
[1] "Completed Illinois @ 2025-05-14 10:39:26"
[1] "Illinois is 1.2% complete."
[1] "Completed Illinois @ 2025-05-14 10:39:26"
[1] "Illinois is 1.4% complete."
[1] "Completed Illinois @ 2025-05-14 10:39:26"
[1] "Illinois is 1.5% complete."
[1] "Completed Illinois @ 2025-05-14 10:39:27"
[1] "Illinois is 1.6% complete."
[1] "Completed Illinois @ 2025-05-14 10:39:27"
[1] "Illinois is 1.8% complete."
[1] "Completed Illinois @ 2025-05-14 10:39:27"
[1] "Illinois is 1.9% complete."
[1] "Completed Illinois @ 2025-05-14 10:39:27"
[1] "Illinois is 2.1% complete."
[1] "Completed Illinois @ 2025-05-14 10:39:27"
[1] "Illinois is 2.2% complete."
[1] "Completed Illinois @ 2025-05-14 10:39:27"
[1] "Illinois is 2.3% complete."
[1] "Completed Illinois @ 2025-05-14 10:39:27"
[1] "Illinois is 2.5% complete."
[1] "Completed Illinois @ 2025-05-14 10:39:27"
[1] "Illinois is 2.6% complete."
[1] "Completed Illinois @ 2025-05-14 10:39:27"
[1] "Illinois is 2.7% complete."
[1] "Completed Illinois @ 2025-05-14 10:39:27"
[1] "Illinois is 2.9% complete."
[1] "Completed Illinois @ 2025-05-14 10:39:27"
[1] "Illinois is 3% complete."
[1] "Completed Illinois @ 2025-05-14 10:39:27"
[1] "Illinois is 3.1% complete."
[1] "Completed Illinois @ 2025-05-14 10:39:27"
[1] "Illinois is 3.3% complete."
[1] "Completed Illinois @ 2025-05-14 10:39:27"
[1] "Illinois is 3.4% complete."
[1] "Completed Illinois @ 2025-05-14 10:39:28"
[1] "Illinois is 3.6% complete."
[1] "Completed Illinois @ 2025-05-14 10:39:28"
[1] "Illinois is 3.7% complete."
[1] "Completed Illinois @ 2025-05-14 10:39:28"
[1] "Illinois is 3.8% complete."
[1] "Completed Illinois @ 2025-05-14 10:39:28"
[1] "Illinois is 4% complete."
[1] "Completed Illinois @ 2025-05-14 10:39:28"
[1] "Illinois is 4.1% complete."
[1] "Completed Illinois @ 2025-05-14 10:39:28"
[1] "Illinois is 4.2% complete."
[1] "Completed Illinois @ 2025-05-14 10:39:28"
[1] "Illinois is 4.4% complete."
[1] "Completed Illinois @ 2025-05-14 10:39:28"
[1] "Illinois is 4.5% complete."
[1] "Completed Illinois @ 2025-05-14 10:39:28"
[1] "Illinois is 4.7% complete."
[1] "Completed Illinois @ 2025-05-14 10:39:28"
[1] "Illinois is 4.8% complete."
[1] "Completed Illinois @ 2025-05-14 10:39:28"
[1] "Illinois is 4.9% complete."
[1] "Completed Illinois @ 2025-05-14 10:39:28"
[1] "Illinois is 5.1% complete."
[1] "Completed Illinois @ 2025-05-14 10:39:28"
[1] "Illinois is 5.2% complete."
[1] "Completed Illinois @ 2025-05-14 10:39:29"
[1] "Illinois is 5.3% complete."
[1] "Completed Illinois @ 2025-05-14 10:39:29"
[1] "Illinois is 5.5% complete."
[1] "Completed Illinois @ 2025-05-14 10:39:29"
[1] "Illinois is 5.6% complete."
[1] "Completed Illinois @ 2025-05-14 10:39:29"
[1] "Illinois is 5.7% complete."
[1] "Completed Illinois @ 2025-05-14 10:39:29"
[1] "Illinois is 5.9% complete."
[1] "Completed Illinois @ 2025-05-14 10:39:29"
[1] "Illinois is 6% complete."
[1] "Completed Illinois @ 2025-05-14 10:39:29"
[1] "Illinois is 6.2% complete."
[1] "Completed Illinois @ 2025-05-14 10:39:29"
[1] "Illinois is 6.3% complete."
[1] "Completed Illinois @ 2025-05-14 10:39:29"
[1] "Illinois is 6.4% complete."
[1] "Completed Illinois @ 2025-05-14 10:39:29"
[1] "Illinois is 6.6% complete."
[1] "Completed Illinois @ 2025-05-14 10:39:29"
[1] "Illinois is 6.7% complete."
[1] "Completed Illinois @ 2025-05-14 10:39:29"
[1] "Illinois is 6.8% complete."
[1] "Completed Illinois @ 2025-05-14 10:39:29"
[1] "Illinois is 7% complete."
[1] "Completed Illinois @ 2025-05-14 10:39:30"
[1] "Illinois is 7.1% complete."
[1] "Completed Illinois @ 2025-05-14 10:39:30"
[1] "Illinois is 7.3% complete."
[1] "Completed Illinois @ 2025-05-14 10:39:31"
[1] "Illinois is 7.4% complete."
[1] "Completed Illinois @ 2025-05-14 10:39:31"
[1] "Illinois is 7.5% complete."
[1] "Completed Illinois @ 2025-05-14 10:39:31"
[1] "Illinois is 7.7% complete."
[1] "Completed Illinois @ 2025-05-14 10:39:31"
[1] "Illinois is 7.8% complete."
[1] "Completed Illinois @ 2025-05-14 10:39:31"
[1] "Illinois is 7.9% complete."
[1] "Completed Illinois @ 2025-05-14 10:39:31"
[1] "Illinois is 8.1% complete."
[1] "Completed Illinois @ 2025-05-14 10:39:31"
[1] "Illinois is 8.2% complete."
[1] "Completed Illinois @ 2025-05-14 10:39:31"
[1] "Illinois is 8.3% complete."
[1] "Completed Illinois @ 2025-05-14 10:39:31"
[1] "Illinois is 8.5% complete."
[1] "Completed Illinois @ 2025-05-14 10:39:31"
[1] "Illinois is 8.6% complete."
[1] "Completed Illinois @ 2025-05-14 10:39:31"
[1] "Illinois is 8.8% complete."
[1] "Completed Illinois @ 2025-05-14 10:39:31"
[1] "Illinois is 8.9% complete."
[1] "Completed Illinois @ 2025-05-14 10:39:31"
[1] "Illinois is 9% complete."
[1] "Completed Illinois @ 2025-05-14 10:39:31"
[1] "Illinois is 9.2% complete."
[1] "Completed Illinois @ 2025-05-14 10:39:31"
[1] "Illinois is 9.3% complete."
[1] "Completed Illinois @ 2025-05-14 10:39:32"
[1] "Illinois is 9.4% complete."
[1] "Completed Illinois @ 2025-05-14 10:39:32"
[1] "Illinois is 9.6% complete."
[1] "Completed Illinois @ 2025-05-14 10:39:32"
[1] "Illinois is 9.7% complete."
[1] "Completed Illinois @ 2025-05-14 10:39:32"
[1] "Illinois is 9.8% complete."
[1] "Completed Illinois @ 2025-05-14 10:39:32"
[1] "Illinois is 10% complete."
[1] "Completed Illinois @ 2025-05-14 10:39:32"
[1] "Illinois is 10.1% complete."
[1] "Completed Illinois @ 2025-05-14 10:39:32"
[1] "Illinois is 10.3% complete."
[1] "Completed Illinois @ 2025-05-14 10:39:32"
[1] "Illinois is 10.4% complete."
[1] "Completed Illinois @ 2025-05-14 10:39:32"
[1] "Illinois is 10.5% complete."
[1] "Completed Illinois @ 2025-05-14 10:39:32"
[1] "Illinois is 10.7% complete."
[1] "Completed Illinois @ 2025-05-14 10:39:32"
[1] "Illinois is 10.8% complete."
[1] "Completed Illinois @ 2025-05-14 10:39:32"
[1] "Illinois is 10.9% complete."
[1] "Completed Illinois @ 2025-05-14 10:39:32"
[1] "Illinois is 11.1% complete."
[1] "Completed Illinois @ 2025-05-14 10:39:32"
[1] "Illinois is 11.2% complete."
[1] "Completed Illinois @ 2025-05-14 10:39:32"
[1] "Illinois is 11.4% complete."
[1] "Completed Illinois @ 2025-05-14 10:39:32"
[1] "Illinois is 11.5% complete."
[1] "Completed Illinois @ 2025-05-14 10:39:33"
[1] "Illinois is 11.6% complete."
[1] "Completed Illinois @ 2025-05-14 10:39:33"
[1] "Illinois is 11.8% complete."
[1] "Completed Illinois @ 2025-05-14 10:39:33"
[1] "Illinois is 11.9% complete."
[1] "Completed Illinois @ 2025-05-14 10:39:33"
[1] "Illinois is 12% complete."
[1] "Completed Illinois @ 2025-05-14 10:39:33"
[1] "Illinois is 12.2% complete."
[1] "Completed Illinois @ 2025-05-14 10:39:33"
[1] "Illinois is 12.3% complete."
[1] "Completed Illinois @ 2025-05-14 10:39:33"
[1] "Illinois is 12.4% complete."
[1] "Completed Illinois @ 2025-05-14 10:39:33"
[1] "Illinois is 12.6% complete."
[1] "Completed Illinois @ 2025-05-14 10:39:33"
[1] "Illinois is 12.7% complete."
[1] "Completed Illinois @ 2025-05-14 10:39:33"
[1] "Illinois is 12.9% complete."
[1] "Completed Illinois @ 2025-05-14 10:39:33"
[1] "Illinois is 13% complete."
[1] "Completed Illinois @ 2025-05-14 10:39:33"
[1] "Illinois is 13.1% complete."
[1] "Completed Illinois @ 2025-05-14 10:39:33"
[1] "Illinois is 13.3% complete."
[1] "Completed Illinois @ 2025-05-14 10:39:33"
[1] "Illinois is 13.4% complete."
[1] "Completed Illinois @ 2025-05-14 10:39:33"
[1] "Illinois is 13.5% complete."
[1] "Completed Illinois @ 2025-05-14 10:39:33"
[1] "Illinois is 13.7% complete."
[1] "Completed Illinois @ 2025-05-14 10:39:34"
[1] "Illinois is 13.8% complete."
[1] "Completed Illinois @ 2025-05-14 10:39:34"
[1] "Illinois is 14% complete."
[1] "Completed Illinois @ 2025-05-14 10:39:34"
[1] "Illinois is 14.1% complete."
[1] "Completed Illinois @ 2025-05-14 10:39:34"
[1] "Illinois is 14.2% complete."
[1] "Completed Illinois @ 2025-05-14 10:39:34"
[1] "Illinois is 14.4% complete."
[1] "Completed Illinois @ 2025-05-14 10:39:34"
[1] "Illinois is 14.5% complete."
[1] "Completed Illinois @ 2025-05-14 10:39:34"
[1] "Illinois is 14.6% complete."
[1] "Completed Illinois @ 2025-05-14 10:39:35"
[1] "Illinois is 14.8% complete."
[1] "Completed Illinois @ 2025-05-14 10:39:35"
[1] "Illinois is 14.9% complete."
[1] "Completed Illinois @ 2025-05-14 10:39:35"
[1] "Illinois is 15% complete."
[1] "Completed Illinois @ 2025-05-14 10:39:35"
[1] "Illinois is 15.2% complete."
[1] "Completed Illinois @ 2025-05-14 10:39:35"
[1] "Illinois is 15.3% complete."
[1] "Completed Illinois @ 2025-05-14 10:39:35"
[1] "Illinois is 15.5% complete."
[1] "Completed Illinois @ 2025-05-14 10:39:35"
[1] "Illinois is 15.6% complete."
[1] "Completed Illinois @ 2025-05-14 10:39:35"
[1] "Illinois is 15.7% complete."
[1] "Completed Illinois @ 2025-05-14 10:39:36"
[1] "Illinois is 15.9% complete."
[1] "Completed Illinois @ 2025-05-14 10:39:36"
[1] "Illinois is 16% complete."
[1] "Completed Illinois @ 2025-05-14 10:39:36"
[1] "Illinois is 16.1% complete."
[1] "Completed Illinois @ 2025-05-14 10:39:36"
[1] "Illinois is 16.3% complete."
[1] "Completed Illinois @ 2025-05-14 10:39:36"
[1] "Illinois is 16.4% complete."
[1] "Completed Illinois @ 2025-05-14 10:39:36"
[1] "Illinois is 16.6% complete."
[1] "Completed Illinois @ 2025-05-14 10:39:36"
[1] "Illinois is 16.7% complete."
[1] "Completed Illinois @ 2025-05-14 10:39:36"
[1] "Illinois is 16.8% complete."
[1] "Completed Illinois @ 2025-05-14 10:39:36"
[1] "Illinois is 17% complete."
[1] "Completed Illinois @ 2025-05-14 10:39:36"
[1] "Illinois is 17.1% complete."
[1] "Completed Illinois @ 2025-05-14 10:39:36"
[1] "Illinois is 17.2% complete."
[1] "Completed Illinois @ 2025-05-14 10:39:36"
[1] "Illinois is 17.4% complete."
[1] "Completed Illinois @ 2025-05-14 10:39:36"
[1] "Illinois is 17.5% complete."
[1] "Completed Illinois @ 2025-05-14 10:39:36"
[1] "Illinois is 17.6% complete."
[1] "Completed Illinois @ 2025-05-14 10:39:36"
[1] "Illinois is 17.8% complete."
[1] "Completed Illinois @ 2025-05-14 10:39:37"
[1] "Illinois is 17.9% complete."
[1] "Completed Illinois @ 2025-05-14 10:39:37"
[1] "Illinois is 18.1% complete."
[1] "Completed Illinois @ 2025-05-14 10:39:37"
[1] "Illinois is 18.2% complete."
[1] "Completed Illinois @ 2025-05-14 10:39:37"
[1] "Illinois is 18.3% complete."
[1] "Completed Illinois @ 2025-05-14 10:39:37"
[1] "Illinois is 18.5% complete."
[1] "Completed Illinois @ 2025-05-14 10:39:37"
[1] "Illinois is 18.6% complete."
[1] "Completed Illinois @ 2025-05-14 10:39:37"
[1] "Illinois is 18.7% complete."
[1] "Completed Illinois @ 2025-05-14 10:39:37"
[1] "Illinois is 18.9% complete."
[1] "Completed Illinois @ 2025-05-14 10:39:37"
[1] "Illinois is 19% complete."
[1] "Completed Illinois @ 2025-05-14 10:39:37"
[1] "Illinois is 19.2% complete."
[1] "Completed Illinois @ 2025-05-14 10:39:37"
[1] "Illinois is 19.3% complete."
[1] "Completed Illinois @ 2025-05-14 10:39:37"
[1] "Illinois is 19.4% complete."
[1] "Completed Illinois @ 2025-05-14 10:39:37"
[1] "Illinois is 19.6% complete."
[1] "Completed Illinois @ 2025-05-14 10:39:37"
[1] "Illinois is 19.7% complete."
[1] "Completed Illinois @ 2025-05-14 10:39:37"
[1] "Illinois is 19.8% complete."
[1] "Completed Illinois @ 2025-05-14 10:39:38"
[1] "Illinois is 20% complete."
[1] "Completed Illinois @ 2025-05-14 10:39:38"
[1] "Illinois is 20.1% complete."
[1] "Completed Illinois @ 2025-05-14 10:39:38"
[1] "Illinois is 20.2% complete."
[1] "Completed Illinois @ 2025-05-14 10:39:38"
[1] "Illinois is 20.4% complete."
[1] "Completed Illinois @ 2025-05-14 10:39:38"
[1] "Illinois is 20.5% complete."
[1] "Completed Illinois @ 2025-05-14 10:39:38"
[1] "Illinois is 20.7% complete."
[1] "Completed Illinois @ 2025-05-14 10:39:38"
[1] "Illinois is 20.8% complete."
[1] "Completed Illinois @ 2025-05-14 10:39:38"
[1] "Illinois is 20.9% complete."
[1] "Completed Illinois @ 2025-05-14 10:39:38"
[1] "Illinois is 21.1% complete."
[1] "Completed Illinois @ 2025-05-14 10:39:38"
[1] "Illinois is 21.2% complete."
[1] "Completed Illinois @ 2025-05-14 10:39:38"
[1] "Illinois is 21.3% complete."
[1] "Completed Illinois @ 2025-05-14 10:39:38"
[1] "Illinois is 21.5% complete."
[1] "Completed Illinois @ 2025-05-14 10:39:38"
[1] "Illinois is 21.6% complete."
[1] "Completed Illinois @ 2025-05-14 10:39:38"
[1] "Illinois is 21.8% complete."
[1] "Completed Illinois @ 2025-05-14 10:39:38"
[1] "Illinois is 21.9% complete."
[1] "Completed Illinois @ 2025-05-14 10:39:38"
[1] "Illinois is 22% complete."
[1] "Completed Illinois @ 2025-05-14 10:39:38"
[1] "Illinois is 22.2% complete."
[1] "Completed Illinois @ 2025-05-14 10:39:39"
[1] "Illinois is 22.3% complete."
[1] "Completed Illinois @ 2025-05-14 10:39:39"
[1] "Illinois is 22.4% complete."
[1] "Completed Illinois @ 2025-05-14 10:39:39"
[1] "Illinois is 22.6% complete."
[1] "Completed Illinois @ 2025-05-14 10:39:39"
[1] "Illinois is 22.7% complete."
[1] "Completed Illinois @ 2025-05-14 10:39:40"
[1] "Illinois is 22.8% complete."
[1] "Completed Illinois @ 2025-05-14 10:39:40"
[1] "Illinois is 23% complete."
[1] "Completed Illinois @ 2025-05-14 10:39:40"
[1] "Illinois is 23.1% complete."
[1] "Completed Illinois @ 2025-05-14 10:39:40"
[1] "Illinois is 23.3% complete."
[1] "Completed Illinois @ 2025-05-14 10:39:40"
[1] "Illinois is 23.4% complete."
[1] "Completed Illinois @ 2025-05-14 10:39:40"
[1] "Illinois is 23.5% complete."
[1] "Completed Illinois @ 2025-05-14 10:39:40"
[1] "Illinois is 23.7% complete."
[1] "Completed Illinois @ 2025-05-14 10:39:40"
[1] "Illinois is 23.8% complete."
[1] "Completed Illinois @ 2025-05-14 10:39:40"
[1] "Illinois is 23.9% complete."
[1] "Completed Illinois @ 2025-05-14 10:39:40"
[1] "Illinois is 24.1% complete."
[1] "Completed Illinois @ 2025-05-14 10:39:40"
[1] "Illinois is 24.2% complete."
[1] "Completed Illinois @ 2025-05-14 10:39:41"
[1] "Illinois is 24.4% complete."
[1] "Completed Illinois @ 2025-05-14 10:39:41"
[1] "Illinois is 24.5% complete."
[1] "Completed Illinois @ 2025-05-14 10:39:41"
[1] "Illinois is 24.6% complete."
[1] "Completed Illinois @ 2025-05-14 10:39:41"
[1] "Illinois is 24.8% complete."
[1] "Completed Illinois @ 2025-05-14 10:39:41"
[1] "Illinois is 24.9% complete."
[1] "Completed Illinois @ 2025-05-14 10:39:41"
[1] "Illinois is 25% complete."
[1] "Completed Illinois @ 2025-05-14 10:39:41"
[1] "Illinois is 25.2% complete."
[1] "Completed Illinois @ 2025-05-14 10:39:41"
[1] "Illinois is 25.3% complete."
[1] "Completed Illinois @ 2025-05-14 10:39:41"
[1] "Illinois is 25.4% complete."
[1] "Completed Illinois @ 2025-05-14 10:39:41"
[1] "Illinois is 25.6% complete."
[1] "Completed Illinois @ 2025-05-14 10:39:41"
[1] "Illinois is 25.7% complete."
[1] "Completed Illinois @ 2025-05-14 10:39:41"
[1] "Illinois is 25.9% complete."
[1] "Completed Illinois @ 2025-05-14 10:39:41"
[1] "Illinois is 26% complete."
[1] "Completed Illinois @ 2025-05-14 10:39:42"
[1] "Illinois is 26.1% complete."
[1] "Completed Illinois @ 2025-05-14 10:39:42"
[1] "Illinois is 26.3% complete."
[1] "Completed Illinois @ 2025-05-14 10:39:42"
[1] "Illinois is 26.4% complete."
[1] "Completed Illinois @ 2025-05-14 10:39:42"
[1] "Illinois is 26.5% complete."
[1] "Completed Illinois @ 2025-05-14 10:39:42"
[1] "Illinois is 26.7% complete."
[1] "Completed Illinois @ 2025-05-14 10:39:42"
[1] "Illinois is 26.8% complete."
[1] "Completed Illinois @ 2025-05-14 10:39:42"
[1] "Illinois is 26.9% complete."
[1] "Completed Illinois @ 2025-05-14 10:39:42"
[1] "Illinois is 27.1% complete."
[1] "Completed Illinois @ 2025-05-14 10:39:42"
[1] "Illinois is 27.2% complete."
[1] "Completed Illinois @ 2025-05-14 10:39:42"
[1] "Illinois is 27.4% complete."
[1] "Completed Illinois @ 2025-05-14 10:39:42"
[1] "Illinois is 27.5% complete."
[1] "Completed Illinois @ 2025-05-14 10:39:42"
[1] "Illinois is 27.6% complete."
[1] "Completed Illinois @ 2025-05-14 10:39:42"
[1] "Illinois is 27.8% complete."
[1] "Completed Illinois @ 2025-05-14 10:39:43"
[1] "Illinois is 27.9% complete."
[1] "Completed Illinois @ 2025-05-14 10:39:43"
[1] "Illinois is 28% complete."
[1] "Completed Illinois @ 2025-05-14 10:39:43"
[1] "Illinois is 28.2% complete."
[1] "Completed Illinois @ 2025-05-14 10:39:43"
[1] "Illinois is 28.3% complete."
[1] "Completed Illinois @ 2025-05-14 10:39:43"
[1] "Illinois is 28.5% complete."
[1] "Completed Illinois @ 2025-05-14 10:39:43"
[1] "Illinois is 28.6% complete."
[1] "Completed Illinois @ 2025-05-14 10:39:43"
[1] "Illinois is 28.7% complete."
[1] "Completed Illinois @ 2025-05-14 10:39:43"
[1] "Illinois is 28.9% complete."
[1] "Completed Illinois @ 2025-05-14 10:39:43"
[1] "Illinois is 29% complete."
[1] "Completed Illinois @ 2025-05-14 10:39:43"
[1] "Illinois is 29.1% complete."
[1] "Completed Illinois @ 2025-05-14 10:39:44"
[1] "Illinois is 29.3% complete."
[1] "Completed Illinois @ 2025-05-14 10:39:44"
[1] "Illinois is 29.4% complete."
[1] "Completed Illinois @ 2025-05-14 10:39:44"
[1] "Illinois is 29.5% complete."
[1] "Completed Illinois @ 2025-05-14 10:39:44"
[1] "Illinois is 29.7% complete."
[1] "Completed Illinois @ 2025-05-14 10:39:44"
[1] "Illinois is 29.8% complete."
[1] "Completed Illinois @ 2025-05-14 10:39:44"
[1] "Illinois is 30% complete."
[1] "Completed Illinois @ 2025-05-14 10:39:44"
[1] "Illinois is 30.1% complete."
[1] "Completed Illinois @ 2025-05-14 10:39:44"
[1] "Illinois is 30.2% complete."
[1] "Completed Illinois @ 2025-05-14 10:39:44"
[1] "Illinois is 30.4% complete."
[1] "Completed Illinois @ 2025-05-14 10:39:45"
[1] "Illinois is 30.5% complete."
[1] "Completed Illinois @ 2025-05-14 10:39:45"
[1] "Illinois is 30.6% complete."
[1] "Completed Illinois @ 2025-05-14 10:39:45"
[1] "Illinois is 30.8% complete."
[1] "Completed Illinois @ 2025-05-14 10:39:45"
[1] "Illinois is 30.9% complete."
[1] "Completed Illinois @ 2025-05-14 10:39:45"
[1] "Illinois is 31.1% complete."
[1] "Completed Illinois @ 2025-05-14 10:39:45"
[1] "Illinois is 31.2% complete."
[1] "Completed Illinois @ 2025-05-14 10:39:45"
[1] "Illinois is 31.3% complete."
[1] "Completed Illinois @ 2025-05-14 10:39:45"
[1] "Illinois is 31.5% complete."
[1] "Completed Illinois @ 2025-05-14 10:39:45"
[1] "Illinois is 31.6% complete."
[1] "Completed Illinois @ 2025-05-14 10:39:45"
[1] "Illinois is 31.7% complete."
[1] "Completed Illinois @ 2025-05-14 10:39:45"
[1] "Illinois is 31.9% complete."
[1] "Completed Illinois @ 2025-05-14 10:39:45"
[1] "Illinois is 32% complete."
[1] "Completed Illinois @ 2025-05-14 10:39:45"
[1] "Illinois is 32.1% complete."
[1] "Completed Illinois @ 2025-05-14 10:39:46"
[1] "Illinois is 32.3% complete."
[1] "Completed Illinois @ 2025-05-14 10:39:46"
[1] "Illinois is 32.4% complete."
[1] "Completed Illinois @ 2025-05-14 10:39:46"
[1] "Illinois is 32.6% complete."
[1] "Completed Illinois @ 2025-05-14 10:39:46"
[1] "Illinois is 32.7% complete."
[1] "Completed Illinois @ 2025-05-14 10:39:46"
[1] "Illinois is 32.8% complete."
[1] "Completed Illinois @ 2025-05-14 10:39:46"
[1] "Illinois is 33% complete."
[1] "Completed Illinois @ 2025-05-14 10:39:46"
[1] "Illinois is 33.1% complete."
[1] "Completed Illinois @ 2025-05-14 10:39:46"
[1] "Illinois is 33.2% complete."
[1] "Completed Illinois @ 2025-05-14 10:39:46"
[1] "Illinois is 33.4% complete."
[1] "Completed Illinois @ 2025-05-14 10:39:46"
[1] "Illinois is 33.5% complete."
[1] "Completed Illinois @ 2025-05-14 10:39:46"
[1] "Illinois is 33.7% complete."
[1] "Completed Illinois @ 2025-05-14 10:39:46"
[1] "Illinois is 33.8% complete."
[1] "Completed Illinois @ 2025-05-14 10:39:46"
[1] "Illinois is 33.9% complete."
[1] "Completed Illinois @ 2025-05-14 10:39:46"
[1] "Illinois is 34.1% complete."
[1] "Completed Illinois @ 2025-05-14 10:39:47"
[1] "Illinois is 34.2% complete."
[1] "Completed Illinois @ 2025-05-14 10:39:47"
[1] "Illinois is 34.3% complete."
[1] "Completed Illinois @ 2025-05-14 10:39:47"
[1] "Illinois is 34.5% complete."
[1] "Completed Illinois @ 2025-05-14 10:39:47"
[1] "Illinois is 34.6% complete."
[1] "Completed Illinois @ 2025-05-14 10:39:47"
[1] "Illinois is 34.7% complete."
[1] "Completed Illinois @ 2025-05-14 10:39:47"
[1] "Illinois is 34.9% complete."
[1] "Completed Illinois @ 2025-05-14 10:39:47"
[1] "Illinois is 35% complete."
[1] "Completed Illinois @ 2025-05-14 10:39:47"
[1] "Illinois is 35.2% complete."
[1] "Completed Illinois @ 2025-05-14 10:39:47"
[1] "Illinois is 35.3% complete."
[1] "Completed Illinois @ 2025-05-14 10:39:47"
[1] "Illinois is 35.4% complete."
[1] "Completed Illinois @ 2025-05-14 10:39:47"
[1] "Illinois is 35.6% complete."
[1] "Completed Illinois @ 2025-05-14 10:39:47"
[1] "Illinois is 35.7% complete."
[1] "Completed Illinois @ 2025-05-14 10:39:47"
[1] "Illinois is 35.8% complete."
[1] "Completed Illinois @ 2025-05-14 10:39:48"
[1] "Illinois is 36% complete."
[1] "Completed Illinois @ 2025-05-14 10:39:48"
[1] "Illinois is 36.1% complete."
[1] "Completed Illinois @ 2025-05-14 10:39:48"
[1] "Illinois is 36.3% complete."
[1] "Completed Illinois @ 2025-05-14 10:39:48"
[1] "Illinois is 36.4% complete."
[1] "Completed Illinois @ 2025-05-14 10:39:49"
[1] "Illinois is 36.5% complete."
[1] "Completed Illinois @ 2025-05-14 10:39:49"
[1] "Illinois is 36.7% complete."
[1] "Completed Illinois @ 2025-05-14 10:39:49"
[1] "Illinois is 36.8% complete."
[1] "Completed Illinois @ 2025-05-14 10:39:49"
[1] "Illinois is 36.9% complete."
[1] "Completed Illinois @ 2025-05-14 10:39:49"
[1] "Illinois is 37.1% complete."
[1] "Completed Illinois @ 2025-05-14 10:39:49"
[1] "Illinois is 37.2% complete."
[1] "Completed Illinois @ 2025-05-14 10:39:49"
[1] "Illinois is 37.3% complete."
[1] "Completed Illinois @ 2025-05-14 10:39:49"
[1] "Illinois is 37.5% complete."
[1] "Completed Illinois @ 2025-05-14 10:39:49"
[1] "Illinois is 37.6% complete."
[1] "Completed Illinois @ 2025-05-14 10:39:49"
[1] "Illinois is 37.8% complete."
[1] "Completed Illinois @ 2025-05-14 10:39:49"
[1] "Illinois is 37.9% complete."
[1] "Completed Illinois @ 2025-05-14 10:39:49"
[1] "Illinois is 38% complete."
[1] "Completed Illinois @ 2025-05-14 10:39:49"
[1] "Illinois is 38.2% complete."
[1] "Completed Illinois @ 2025-05-14 10:39:49"
[1] "Illinois is 38.3% complete."
[1] "Completed Illinois @ 2025-05-14 10:39:50"
[1] "Illinois is 38.4% complete."
[1] "Completed Illinois @ 2025-05-14 10:39:50"
[1] "Illinois is 38.6% complete."
[1] "Completed Illinois @ 2025-05-14 10:39:50"
[1] "Illinois is 38.7% complete."
[1] "Completed Illinois @ 2025-05-14 10:39:50"
[1] "Illinois is 38.9% complete."
[1] "Completed Illinois @ 2025-05-14 10:39:50"
[1] "Illinois is 39% complete."
[1] "Completed Illinois @ 2025-05-14 10:39:50"
[1] "Illinois is 39.1% complete."
[1] "Completed Illinois @ 2025-05-14 10:39:50"
[1] "Illinois is 39.3% complete."
[1] "Completed Illinois @ 2025-05-14 10:39:50"
[1] "Illinois is 39.4% complete."
[1] "Completed Illinois @ 2025-05-14 10:39:50"
[1] "Illinois is 39.5% complete."
[1] "Completed Illinois @ 2025-05-14 10:39:50"
[1] "Illinois is 39.7% complete."
[1] "Completed Illinois @ 2025-05-14 10:39:50"
[1] "Illinois is 39.8% complete."
[1] "Completed Illinois @ 2025-05-14 10:39:50"
[1] "Illinois is 39.9% complete."
[1] "Completed Illinois @ 2025-05-14 10:39:50"
[1] "Illinois is 40.1% complete."
[1] "Completed Illinois @ 2025-05-14 10:39:51"
[1] "Illinois is 40.2% complete."
[1] "Completed Illinois @ 2025-05-14 10:39:51"
[1] "Illinois is 40.4% complete."
[1] "Completed Illinois @ 2025-05-14 10:39:51"
[1] "Illinois is 40.5% complete."
[1] "Completed Illinois @ 2025-05-14 10:39:51"
[1] "Illinois is 40.6% complete."
[1] "Completed Illinois @ 2025-05-14 10:39:51"
[1] "Illinois is 40.8% complete."
[1] "Completed Illinois @ 2025-05-14 10:39:51"
[1] "Illinois is 40.9% complete."
[1] "Completed Illinois @ 2025-05-14 10:39:51"
[1] "Illinois is 41% complete."
[1] "Completed Illinois @ 2025-05-14 10:39:51"
[1] "Illinois is 41.2% complete."
[1] "Completed Illinois @ 2025-05-14 10:39:51"
[1] "Illinois is 41.3% complete."
[1] "Completed Illinois @ 2025-05-14 10:39:51"
[1] "Illinois is 41.5% complete."
[1] "Completed Illinois @ 2025-05-14 10:39:51"
[1] "Illinois is 41.6% complete."
[1] "Completed Illinois @ 2025-05-14 10:39:51"
[1] "Illinois is 41.7% complete."
[1] "Completed Illinois @ 2025-05-14 10:39:52"
[1] "Illinois is 41.9% complete."
[1] "Completed Illinois @ 2025-05-14 10:39:52"
[1] "Illinois is 42% complete."
[1] "Completed Illinois @ 2025-05-14 10:39:52"
[1] "Illinois is 42.1% complete."
[1] "Completed Illinois @ 2025-05-14 10:39:52"
[1] "Illinois is 42.3% complete."
[1] "Completed Illinois @ 2025-05-14 10:39:52"
[1] "Illinois is 42.4% complete."
[1] "Completed Illinois @ 2025-05-14 10:39:52"
[1] "Illinois is 42.5% complete."
[1] "Completed Illinois @ 2025-05-14 10:39:52"
[1] "Illinois is 42.7% complete."
[1] "Completed Illinois @ 2025-05-14 10:39:52"
[1] "Illinois is 42.8% complete."
[1] "Completed Illinois @ 2025-05-14 10:39:52"
[1] "Illinois is 43% complete."
[1] "Completed Illinois @ 2025-05-14 10:39:52"
[1] "Illinois is 43.1% complete."
[1] "Completed Illinois @ 2025-05-14 10:39:52"
[1] "Illinois is 43.2% complete."
[1] "Completed Illinois @ 2025-05-14 10:39:53"
[1] "Illinois is 43.4% complete."
[1] "Completed Illinois @ 2025-05-14 10:39:53"
[1] "Illinois is 43.5% complete."
[1] "Completed Illinois @ 2025-05-14 10:39:53"
[1] "Illinois is 43.6% complete."
[1] "Completed Illinois @ 2025-05-14 10:39:53"
[1] "Illinois is 43.8% complete."
[1] "Completed Illinois @ 2025-05-14 10:39:53"
[1] "Illinois is 43.9% complete."
[1] "Completed Illinois @ 2025-05-14 10:39:54"
[1] "Illinois is 44% complete."
[1] "Completed Illinois @ 2025-05-14 10:39:54"
[1] "Illinois is 44.2% complete."
[1] "Completed Illinois @ 2025-05-14 10:39:54"
[1] "Illinois is 44.3% complete."
[1] "Completed Illinois @ 2025-05-14 10:39:54"
[1] "Illinois is 44.5% complete."
[1] "Completed Illinois @ 2025-05-14 10:39:54"
[1] "Illinois is 44.6% complete."
[1] "Completed Illinois @ 2025-05-14 10:39:54"
[1] "Illinois is 44.7% complete."
[1] "Completed Illinois @ 2025-05-14 10:39:54"
[1] "Illinois is 44.9% complete."
[1] "Completed Illinois @ 2025-05-14 10:39:54"
[1] "Illinois is 45% complete."
[1] "Completed Illinois @ 2025-05-14 10:39:54"
[1] "Illinois is 45.1% complete."
[1] "Completed Illinois @ 2025-05-14 10:39:54"
[1] "Illinois is 45.3% complete."
[1] "Completed Illinois @ 2025-05-14 10:39:54"
[1] "Illinois is 45.4% complete."
[1] "Completed Illinois @ 2025-05-14 10:39:54"
[1] "Illinois is 45.6% complete."
[1] "Completed Illinois @ 2025-05-14 10:39:55"
[1] "Illinois is 45.7% complete."
[1] "Completed Illinois @ 2025-05-14 10:39:55"
[1] "Illinois is 45.8% complete."
[1] "Completed Illinois @ 2025-05-14 10:39:55"
[1] "Illinois is 46% complete."
[1] "Completed Illinois @ 2025-05-14 10:39:55"
[1] "Illinois is 46.1% complete."
[1] "Completed Illinois @ 2025-05-14 10:39:55"
[1] "Illinois is 46.2% complete."
[1] "Completed Illinois @ 2025-05-14 10:39:55"
[1] "Illinois is 46.4% complete."
[1] "Completed Illinois @ 2025-05-14 10:39:55"
[1] "Illinois is 46.5% complete."
[1] "Completed Illinois @ 2025-05-14 10:39:55"
[1] "Illinois is 46.6% complete."
[1] "Completed Illinois @ 2025-05-14 10:39:55"
[1] "Illinois is 46.8% complete."
[1] "Completed Illinois @ 2025-05-14 10:39:55"
[1] "Illinois is 46.9% complete."
[1] "Completed Illinois @ 2025-05-14 10:39:55"
[1] "Illinois is 47.1% complete."
[1] "Completed Illinois @ 2025-05-14 10:39:55"
[1] "Illinois is 47.2% complete."
[1] "Completed Illinois @ 2025-05-14 10:39:56"
[1] "Illinois is 47.3% complete."
[1] "Completed Illinois @ 2025-05-14 10:39:56"
[1] "Illinois is 47.5% complete."
[1] "Completed Illinois @ 2025-05-14 10:39:56"
[1] "Illinois is 47.6% complete."
[1] "Completed Illinois @ 2025-05-14 10:39:56"
[1] "Illinois is 47.7% complete."
[1] "Completed Illinois @ 2025-05-14 10:39:56"
[1] "Illinois is 47.9% complete."
[1] "Completed Illinois @ 2025-05-14 10:39:56"
[1] "Illinois is 48% complete."
[1] "Completed Illinois @ 2025-05-14 10:39:56"
[1] "Illinois is 48.2% complete."
[1] "Completed Illinois @ 2025-05-14 10:39:56"
[1] "Illinois is 48.3% complete."
[1] "Completed Illinois @ 2025-05-14 10:39:56"
[1] "Illinois is 48.4% complete."
[1] "Completed Illinois @ 2025-05-14 10:39:56"
[1] "Illinois is 48.6% complete."
[1] "Completed Illinois @ 2025-05-14 10:39:56"
[1] "Illinois is 48.7% complete."
[1] "Completed Illinois @ 2025-05-14 10:39:56"
[1] "Illinois is 48.8% complete."
[1] "Completed Illinois @ 2025-05-14 10:39:56"
[1] "Illinois is 49% complete."
[1] "Completed Illinois @ 2025-05-14 10:39:56"
[1] "Illinois is 49.1% complete."
[1] "Completed Illinois @ 2025-05-14 10:39:57"
[1] "Illinois is 49.2% complete."
[1] "Completed Illinois @ 2025-05-14 10:39:57"
[1] "Illinois is 49.4% complete."
[1] "Completed Illinois @ 2025-05-14 10:39:57"
[1] "Illinois is 49.5% complete."
[1] "Completed Illinois @ 2025-05-14 10:39:57"
[1] "Illinois is 49.7% complete."
[1] "Completed Illinois @ 2025-05-14 10:39:57"
[1] "Illinois is 49.8% complete."
[1] "Completed Illinois @ 2025-05-14 10:39:57"
[1] "Illinois is 49.9% complete."
[1] "Completed Illinois @ 2025-05-14 10:39:57"
[1] "Illinois is 50.1% complete."
[1] "Completed Illinois @ 2025-05-14 10:39:58"
[1] "Illinois is 50.2% complete."
[1] "Completed Illinois @ 2025-05-14 10:39:58"
[1] "Illinois is 50.3% complete."
[1] "Completed Illinois @ 2025-05-14 10:39:58"
[1] "Illinois is 50.5% complete."
[1] "Completed Illinois @ 2025-05-14 10:39:58"
[1] "Illinois is 50.6% complete."
[1] "Completed Illinois @ 2025-05-14 10:39:58"
[1] "Illinois is 50.8% complete."
[1] "Completed Illinois @ 2025-05-14 10:39:58"
[1] "Illinois is 50.9% complete."
[1] "Completed Illinois @ 2025-05-14 10:39:58"
[1] "Illinois is 51% complete."
[1] "Completed Illinois @ 2025-05-14 10:39:58"
[1] "Illinois is 51.2% complete."
[1] "Completed Illinois @ 2025-05-14 10:39:58"
[1] "Illinois is 51.3% complete."
[1] "Completed Illinois @ 2025-05-14 10:39:58"
[1] "Illinois is 51.4% complete."
[1] "Completed Illinois @ 2025-05-14 10:39:58"
[1] "Illinois is 51.6% complete."
[1] "Completed Illinois @ 2025-05-14 10:39:59"
[1] "Illinois is 51.7% complete."
[1] "Completed Illinois @ 2025-05-14 10:39:59"
[1] "Illinois is 51.8% complete."
[1] "Completed Illinois @ 2025-05-14 10:39:59"
[1] "Illinois is 52% complete."
[1] "Completed Illinois @ 2025-05-14 10:39:59"
[1] "Illinois is 52.1% complete."
[1] "Completed Illinois @ 2025-05-14 10:39:59"
[1] "Illinois is 52.3% complete."
[1] "Completed Illinois @ 2025-05-14 10:39:59"
[1] "Illinois is 52.4% complete."
[1] "Completed Illinois @ 2025-05-14 10:39:59"
[1] "Illinois is 52.5% complete."
[1] "Completed Illinois @ 2025-05-14 10:39:59"
[1] "Illinois is 52.7% complete."
[1] "Completed Illinois @ 2025-05-14 10:39:59"
[1] "Illinois is 52.8% complete."
[1] "Completed Illinois @ 2025-05-14 10:39:59"
[1] "Illinois is 52.9% complete."
[1] "Completed Illinois @ 2025-05-14 10:39:59"
[1] "Illinois is 53.1% complete."
[1] "Completed Illinois @ 2025-05-14 10:39:59"
[1] "Illinois is 53.2% complete."
[1] "Completed Illinois @ 2025-05-14 10:39:59"
[1] "Illinois is 53.4% complete."
[1] "Completed Illinois @ 2025-05-14 10:39:59"
[1] "Illinois is 53.5% complete."
[1] "Completed Illinois @ 2025-05-14 10:40:00"
[1] "Illinois is 53.6% complete."
[1] "Completed Illinois @ 2025-05-14 10:40:00"
[1] "Illinois is 53.8% complete."
[1] "Completed Illinois @ 2025-05-14 10:40:00"
[1] "Illinois is 53.9% complete."
[1] "Completed Illinois @ 2025-05-14 10:40:00"
[1] "Illinois is 54% complete."
[1] "Completed Illinois @ 2025-05-14 10:40:00"
[1] "Illinois is 54.2% complete."
[1] "Completed Illinois @ 2025-05-14 10:40:00"
[1] "Illinois is 54.3% complete."
[1] "Completed Illinois @ 2025-05-14 10:40:00"
[1] "Illinois is 54.4% complete."
[1] "Completed Illinois @ 2025-05-14 10:40:00"
[1] "Illinois is 54.6% complete."
[1] "Completed Illinois @ 2025-05-14 10:40:00"
[1] "Illinois is 54.7% complete."
[1] "Completed Illinois @ 2025-05-14 10:40:00"
[1] "Illinois is 54.9% complete."
[1] "Completed Illinois @ 2025-05-14 10:40:00"
[1] "Illinois is 55% complete."
[1] "Completed Illinois @ 2025-05-14 10:40:00"
[1] "Illinois is 55.1% complete."
[1] "Completed Illinois @ 2025-05-14 10:40:00"
[1] "Illinois is 55.3% complete."
[1] "Completed Illinois @ 2025-05-14 10:40:01"
[1] "Illinois is 55.4% complete."
[1] "Completed Illinois @ 2025-05-14 10:40:01"
[1] "Illinois is 55.5% complete."
[1] "Completed Illinois @ 2025-05-14 10:40:01"
[1] "Illinois is 55.7% complete."
[1] "Completed Illinois @ 2025-05-14 10:40:01"
[1] "Illinois is 55.8% complete."
[1] "Completed Illinois @ 2025-05-14 10:40:01"
[1] "Illinois is 56% complete."
[1] "Completed Illinois @ 2025-05-14 10:40:01"
[1] "Illinois is 56.1% complete."
[1] "Completed Illinois @ 2025-05-14 10:40:01"
[1] "Illinois is 56.2% complete."
[1] "Completed Illinois @ 2025-05-14 10:40:01"
[1] "Illinois is 56.4% complete."
[1] "Completed Illinois @ 2025-05-14 10:40:01"
[1] "Illinois is 56.5% complete."
[1] "Completed Illinois @ 2025-05-14 10:40:01"
[1] "Illinois is 56.6% complete."
[1] "Completed Illinois @ 2025-05-14 10:40:01"
[1] "Illinois is 56.8% complete."
[1] "Completed Illinois @ 2025-05-14 10:40:01"
[1] "Illinois is 56.9% complete."
[1] "Completed Illinois @ 2025-05-14 10:40:02"
[1] "Illinois is 57% complete."
[1] "Completed Illinois @ 2025-05-14 10:40:02"
[1] "Illinois is 57.2% complete."
[1] "Completed Illinois @ 2025-05-14 10:40:02"
[1] "Illinois is 57.3% complete."
[1] "Completed Illinois @ 2025-05-14 10:40:03"
[1] "Illinois is 57.5% complete."
[1] "Completed Illinois @ 2025-05-14 10:40:03"
[1] "Illinois is 57.6% complete."
[1] "Completed Illinois @ 2025-05-14 10:40:03"
[1] "Illinois is 57.7% complete."
[1] "Completed Illinois @ 2025-05-14 10:40:03"
[1] "Illinois is 57.9% complete."
[1] "Completed Illinois @ 2025-05-14 10:40:03"
[1] "Illinois is 58% complete."
[1] "Completed Illinois @ 2025-05-14 10:40:03"
[1] "Illinois is 58.1% complete."
[1] "Completed Illinois @ 2025-05-14 10:40:03"
[1] "Illinois is 58.3% complete."
[1] "Completed Illinois @ 2025-05-14 10:40:03"
[1] "Illinois is 58.4% complete."
[1] "Completed Illinois @ 2025-05-14 10:40:03"
[1] "Illinois is 58.5% complete."
[1] "Completed Illinois @ 2025-05-14 10:40:03"
[1] "Illinois is 58.7% complete."
[1] "Completed Illinois @ 2025-05-14 10:40:03"
[1] "Illinois is 58.8% complete."
[1] "Completed Illinois @ 2025-05-14 10:40:04"
[1] "Illinois is 59% complete."
[1] "Completed Illinois @ 2025-05-14 10:40:04"
[1] "Illinois is 59.1% complete."
[1] "Completed Illinois @ 2025-05-14 10:40:04"
[1] "Illinois is 59.2% complete."
[1] "Completed Illinois @ 2025-05-14 10:40:04"
[1] "Illinois is 59.4% complete."
[1] "Completed Illinois @ 2025-05-14 10:40:04"
[1] "Illinois is 59.5% complete."
[1] "Completed Illinois @ 2025-05-14 10:40:04"
[1] "Illinois is 59.6% complete."
[1] "Completed Illinois @ 2025-05-14 10:40:04"
[1] "Illinois is 59.8% complete."
[1] "Completed Illinois @ 2025-05-14 10:40:04"
[1] "Illinois is 59.9% complete."
[1] "Completed Illinois @ 2025-05-14 10:40:04"
[1] "Illinois is 60.1% complete."
[1] "Completed Illinois @ 2025-05-14 10:40:04"
[1] "Illinois is 60.2% complete."
[1] "Completed Illinois @ 2025-05-14 10:40:04"
[1] "Illinois is 60.3% complete."
[1] "Completed Illinois @ 2025-05-14 10:40:04"
[1] "Illinois is 60.5% complete."
[1] "Completed Illinois @ 2025-05-14 10:40:04"
[1] "Illinois is 60.6% complete."
[1] "Completed Illinois @ 2025-05-14 10:40:04"
[1] "Illinois is 60.7% complete."
[1] "Completed Illinois @ 2025-05-14 10:40:05"
[1] "Illinois is 60.9% complete."
[1] "Completed Illinois @ 2025-05-14 10:40:05"
[1] "Illinois is 61% complete."
[1] "Completed Illinois @ 2025-05-14 10:40:05"
[1] "Illinois is 61.1% complete."
[1] "Completed Illinois @ 2025-05-14 10:40:05"
[1] "Illinois is 61.3% complete."
[1] "Completed Illinois @ 2025-05-14 10:40:05"
[1] "Illinois is 61.4% complete."
[1] "Completed Illinois @ 2025-05-14 10:40:05"
[1] "Illinois is 61.6% complete."
[1] "Completed Illinois @ 2025-05-14 10:40:05"
[1] "Illinois is 61.7% complete."
[1] "Completed Illinois @ 2025-05-14 10:40:05"
[1] "Illinois is 61.8% complete."
[1] "Completed Illinois @ 2025-05-14 10:40:05"
[1] "Illinois is 62% complete."
[1] "Completed Illinois @ 2025-05-14 10:40:05"
[1] "Illinois is 62.1% complete."
[1] "Completed Illinois @ 2025-05-14 10:40:05"
[1] "Illinois is 62.2% complete."
[1] "Completed Illinois @ 2025-05-14 10:40:05"
[1] "Illinois is 62.4% complete."
[1] "Completed Illinois @ 2025-05-14 10:40:05"
[1] "Illinois is 62.5% complete."
[1] "Completed Illinois @ 2025-05-14 10:40:06"
[1] "Illinois is 62.7% complete."
[1] "Completed Illinois @ 2025-05-14 10:40:06"
[1] "Illinois is 62.8% complete."
[1] "Completed Illinois @ 2025-05-14 10:40:06"
[1] "Illinois is 62.9% complete."
[1] "Completed Illinois @ 2025-05-14 10:40:06"
[1] "Illinois is 63.1% complete."
[1] "Completed Illinois @ 2025-05-14 10:40:06"
[1] "Illinois is 63.2% complete."
[1] "Completed Illinois @ 2025-05-14 10:40:06"
[1] "Illinois is 63.3% complete."
[1] "Completed Illinois @ 2025-05-14 10:40:07"
[1] "Illinois is 63.5% complete."
[1] "Completed Illinois @ 2025-05-14 10:40:07"
[1] "Illinois is 63.6% complete."
[1] "Completed Illinois @ 2025-05-14 10:40:07"
[1] "Illinois is 63.7% complete."
[1] "Completed Illinois @ 2025-05-14 10:40:07"
[1] "Illinois is 63.9% complete."
[1] "Completed Illinois @ 2025-05-14 10:40:07"
[1] "Illinois is 64% complete."
[1] "Completed Illinois @ 2025-05-14 10:40:07"
[1] "Illinois is 64.2% complete."
[1] "Completed Illinois @ 2025-05-14 10:40:07"
[1] "Illinois is 64.3% complete."
[1] "Completed Illinois @ 2025-05-14 10:40:07"
[1] "Illinois is 64.4% complete."
[1] "Completed Illinois @ 2025-05-14 10:40:07"
[1] "Illinois is 64.6% complete."
[1] "Completed Illinois @ 2025-05-14 10:40:07"
[1] "Illinois is 64.7% complete."
[1] "Completed Illinois @ 2025-05-14 10:40:08"
[1] "Illinois is 64.8% complete."
[1] "Completed Illinois @ 2025-05-14 10:40:08"
[1] "Illinois is 65% complete."
[1] "Completed Illinois @ 2025-05-14 10:40:08"
[1] "Illinois is 65.1% complete."
[1] "Completed Illinois @ 2025-05-14 10:40:08"
[1] "Illinois is 65.3% complete."
[1] "Completed Illinois @ 2025-05-14 10:40:08"
[1] "Illinois is 65.4% complete."
[1] "Completed Illinois @ 2025-05-14 10:40:08"
[1] "Illinois is 65.5% complete."
[1] "Completed Illinois @ 2025-05-14 10:40:08"
[1] "Illinois is 65.7% complete."
[1] "Completed Illinois @ 2025-05-14 10:40:08"
[1] "Illinois is 65.8% complete."
[1] "Completed Illinois @ 2025-05-14 10:40:08"
[1] "Illinois is 65.9% complete."
[1] "Completed Illinois @ 2025-05-14 10:40:08"
[1] "Illinois is 66.1% complete."
[1] "Completed Illinois @ 2025-05-14 10:40:08"
[1] "Illinois is 66.2% complete."
[1] "Completed Illinois @ 2025-05-14 10:40:08"
[1] "Illinois is 66.3% complete."
[1] "Completed Illinois @ 2025-05-14 10:40:08"
[1] "Illinois is 66.5% complete."
[1] "Completed Illinois @ 2025-05-14 10:40:09"
[1] "Illinois is 66.6% complete."
[1] "Completed Illinois @ 2025-05-14 10:40:09"
[1] "Illinois is 66.8% complete."
[1] "Completed Illinois @ 2025-05-14 10:40:09"
[1] "Illinois is 66.9% complete."
[1] "Completed Illinois @ 2025-05-14 10:40:09"
[1] "Illinois is 67% complete."
[1] "Completed Illinois @ 2025-05-14 10:40:09"
[1] "Illinois is 67.2% complete."
[1] "Completed Illinois @ 2025-05-14 10:40:09"
[1] "Illinois is 67.3% complete."
[1] "Completed Illinois @ 2025-05-14 10:40:09"
[1] "Illinois is 67.4% complete."
[1] "Completed Illinois @ 2025-05-14 10:40:09"
[1] "Illinois is 67.6% complete."
[1] "Completed Illinois @ 2025-05-14 10:40:09"
[1] "Illinois is 67.7% complete."
[1] "Completed Illinois @ 2025-05-14 10:40:09"
[1] "Illinois is 67.9% complete."
[1] "Completed Illinois @ 2025-05-14 10:40:09"
[1] "Illinois is 68% complete."
[1] "Completed Illinois @ 2025-05-14 10:40:10"
[1] "Illinois is 68.1% complete."
[1] "Completed Illinois @ 2025-05-14 10:40:10"
[1] "Illinois is 68.3% complete."
[1] "Completed Illinois @ 2025-05-14 10:40:10"
[1] "Illinois is 68.4% complete."
[1] "Completed Illinois @ 2025-05-14 10:40:10"
[1] "Illinois is 68.5% complete."
[1] "Completed Illinois @ 2025-05-14 10:40:10"
[1] "Illinois is 68.7% complete."
[1] "Completed Illinois @ 2025-05-14 10:40:10"
[1] "Illinois is 68.8% complete."
[1] "Completed Illinois @ 2025-05-14 10:40:10"
[1] "Illinois is 68.9% complete."
[1] "Completed Illinois @ 2025-05-14 10:40:10"
[1] "Illinois is 69.1% complete."
[1] "Completed Illinois @ 2025-05-14 10:40:10"
[1] "Illinois is 69.2% complete."
[1] "Completed Illinois @ 2025-05-14 10:40:10"
[1] "Illinois is 69.4% complete."
[1] "Completed Illinois @ 2025-05-14 10:40:11"
[1] "Illinois is 69.5% complete."
[1] "Completed Illinois @ 2025-05-14 10:40:11"
[1] "Illinois is 69.6% complete."
[1] "Completed Illinois @ 2025-05-14 10:40:11"
[1] "Illinois is 69.8% complete."
[1] "Completed Illinois @ 2025-05-14 10:40:11"
[1] "Illinois is 69.9% complete."
[1] "Completed Illinois @ 2025-05-14 10:40:11"
[1] "Illinois is 70% complete."
[1] "Completed Illinois @ 2025-05-14 10:40:12"
[1] "Illinois is 70.2% complete."
[1] "Completed Illinois @ 2025-05-14 10:40:12"
[1] "Illinois is 70.3% complete."
[1] "Completed Illinois @ 2025-05-14 10:40:12"
[1] "Illinois is 70.5% complete."
[1] "Completed Illinois @ 2025-05-14 10:40:12"
[1] "Illinois is 70.6% complete."
[1] "Completed Illinois @ 2025-05-14 10:40:12"
[1] "Illinois is 70.7% complete."
[1] "Completed Illinois @ 2025-05-14 10:40:12"
[1] "Illinois is 70.9% complete."
[1] "Completed Illinois @ 2025-05-14 10:40:12"
[1] "Illinois is 71% complete."
[1] "Completed Illinois @ 2025-05-14 10:40:12"
[1] "Illinois is 71.1% complete."
[1] "Completed Illinois @ 2025-05-14 10:40:12"
[1] "Illinois is 71.3% complete."
[1] "Completed Illinois @ 2025-05-14 10:40:12"
[1] "Illinois is 71.4% complete."
[1] "Completed Illinois @ 2025-05-14 10:40:12"
[1] "Illinois is 71.5% complete."
[1] "Completed Illinois @ 2025-05-14 10:40:12"
[1] "Illinois is 71.7% complete."
[1] "Completed Illinois @ 2025-05-14 10:40:12"
[1] "Illinois is 71.8% complete."
[1] "Completed Illinois @ 2025-05-14 10:40:13"
[1] "Illinois is 72% complete."
[1] "Completed Illinois @ 2025-05-14 10:40:13"
[1] "Illinois is 72.1% complete."
[1] "Completed Illinois @ 2025-05-14 10:40:13"
[1] "Illinois is 72.2% complete."
[1] "Completed Illinois @ 2025-05-14 10:40:13"
[1] "Illinois is 72.4% complete."
[1] "Completed Illinois @ 2025-05-14 10:40:13"
[1] "Illinois is 72.5% complete."
[1] "Completed Illinois @ 2025-05-14 10:40:13"
[1] "Illinois is 72.6% complete."
[1] "Completed Illinois @ 2025-05-14 10:40:13"
[1] "Illinois is 72.8% complete."
[1] "Completed Illinois @ 2025-05-14 10:40:13"
[1] "Illinois is 72.9% complete."
[1] "Completed Illinois @ 2025-05-14 10:40:13"
[1] "Illinois is 73.1% complete."
[1] "Completed Illinois @ 2025-05-14 10:40:13"
[1] "Illinois is 73.2% complete."
[1] "Completed Illinois @ 2025-05-14 10:40:14"
[1] "Illinois is 73.3% complete."
[1] "Completed Illinois @ 2025-05-14 10:40:14"
[1] "Illinois is 73.5% complete."
[1] "Completed Illinois @ 2025-05-14 10:40:14"
[1] "Illinois is 73.6% complete."
[1] "Completed Illinois @ 2025-05-14 10:40:14"
[1] "Illinois is 73.7% complete."
[1] "Completed Illinois @ 2025-05-14 10:40:14"
[1] "Illinois is 73.9% complete."
[1] "Completed Illinois @ 2025-05-14 10:40:14"
[1] "Illinois is 74% complete."
[1] "Completed Illinois @ 2025-05-14 10:40:14"
[1] "Illinois is 74.1% complete."
[1] "Completed Illinois @ 2025-05-14 10:40:14"
[1] "Illinois is 74.3% complete."
[1] "Completed Illinois @ 2025-05-14 10:40:14"
[1] "Illinois is 74.4% complete."
[1] "Completed Illinois @ 2025-05-14 10:40:14"
[1] "Illinois is 74.6% complete."
[1] "Completed Illinois @ 2025-05-14 10:40:14"
[1] "Illinois is 74.7% complete."
[1] "Completed Illinois @ 2025-05-14 10:40:15"
[1] "Illinois is 74.8% complete."
[1] "Completed Illinois @ 2025-05-14 10:40:15"
[1] "Illinois is 75% complete."
[1] "Completed Illinois @ 2025-05-14 10:40:15"
[1] "Illinois is 75.1% complete."
[1] "Completed Illinois @ 2025-05-14 10:40:15"
[1] "Illinois is 75.2% complete."
[1] "Completed Illinois @ 2025-05-14 10:40:15"
[1] "Illinois is 75.4% complete."
[1] "Completed Illinois @ 2025-05-14 10:40:15"
[1] "Illinois is 75.5% complete."
[1] "Completed Illinois @ 2025-05-14 10:40:16"
[1] "Illinois is 75.6% complete."
[1] "Completed Illinois @ 2025-05-14 10:40:16"
[1] "Illinois is 75.8% complete."
[1] "Completed Illinois @ 2025-05-14 10:40:16"
[1] "Illinois is 75.9% complete."
[1] "Completed Illinois @ 2025-05-14 10:40:16"
[1] "Illinois is 76.1% complete."
[1] "Completed Illinois @ 2025-05-14 10:40:16"
[1] "Illinois is 76.2% complete."
[1] "Completed Illinois @ 2025-05-14 10:40:16"
[1] "Illinois is 76.3% complete."
[1] "Completed Illinois @ 2025-05-14 10:40:16"
[1] "Illinois is 76.5% complete."
[1] "Completed Illinois @ 2025-05-14 10:40:16"
[1] "Illinois is 76.6% complete."
[1] "Completed Illinois @ 2025-05-14 10:40:17"
[1] "Illinois is 76.7% complete."
[1] "Completed Illinois @ 2025-05-14 10:40:17"
[1] "Illinois is 76.9% complete."
[1] "Completed Illinois @ 2025-05-14 10:40:17"
[1] "Illinois is 77% complete."
[1] "Completed Illinois @ 2025-05-14 10:40:17"
[1] "Illinois is 77.2% complete."
[1] "Completed Illinois @ 2025-05-14 10:40:17"
[1] "Illinois is 77.3% complete."
[1] "Completed Illinois @ 2025-05-14 10:40:17"
[1] "Illinois is 77.4% complete."
[1] "Completed Illinois @ 2025-05-14 10:40:17"
[1] "Illinois is 77.6% complete."
[1] "Completed Illinois @ 2025-05-14 10:40:17"
[1] "Illinois is 77.7% complete."
[1] "Completed Illinois @ 2025-05-14 10:40:17"
[1] "Illinois is 77.8% complete."
[1] "Completed Illinois @ 2025-05-14 10:40:17"
[1] "Illinois is 78% complete."
[1] "Completed Illinois @ 2025-05-14 10:40:18"
[1] "Illinois is 78.1% complete."
[1] "Completed Illinois @ 2025-05-14 10:40:18"
[1] "Illinois is 78.2% complete."
[1] "Completed Illinois @ 2025-05-14 10:40:18"
[1] "Illinois is 78.4% complete."
[1] "Completed Illinois @ 2025-05-14 10:40:18"
[1] "Illinois is 78.5% complete."
[1] "Completed Illinois @ 2025-05-14 10:40:18"
[1] "Illinois is 78.7% complete."
[1] "Completed Illinois @ 2025-05-14 10:40:18"
[1] "Illinois is 78.8% complete."
[1] "Completed Illinois @ 2025-05-14 10:40:18"
[1] "Illinois is 78.9% complete."
[1] "Completed Illinois @ 2025-05-14 10:40:18"
[1] "Illinois is 79.1% complete."
[1] "Completed Illinois @ 2025-05-14 10:40:18"
[1] "Illinois is 79.2% complete."
[1] "Completed Illinois @ 2025-05-14 10:40:18"
[1] "Illinois is 79.3% complete."
[1] "Completed Illinois @ 2025-05-14 10:40:18"
[1] "Illinois is 79.5% complete."
[1] "Completed Illinois @ 2025-05-14 10:40:19"
[1] "Illinois is 79.6% complete."
[1] "Completed Illinois @ 2025-05-14 10:40:19"
[1] "Illinois is 79.8% complete."
[1] "Completed Illinois @ 2025-05-14 10:40:19"
[1] "Illinois is 79.9% complete."
[1] "Completed Illinois @ 2025-05-14 10:40:19"
[1] "Illinois is 80% complete."
[1] "Completed Illinois @ 2025-05-14 10:40:19"
[1] "Illinois is 80.2% complete."
[1] "Completed Illinois @ 2025-05-14 10:40:19"
[1] "Illinois is 80.3% complete."
[1] "Completed Illinois @ 2025-05-14 10:40:19"
[1] "Illinois is 80.4% complete."
[1] "Completed Illinois @ 2025-05-14 10:40:19"
[1] "Illinois is 80.6% complete."
[1] "Completed Illinois @ 2025-05-14 10:40:19"
[1] "Illinois is 80.7% complete."
[1] "Completed Illinois @ 2025-05-14 10:40:20"
[1] "Illinois is 80.8% complete."
[1] "Completed Illinois @ 2025-05-14 10:40:20"
[1] "Illinois is 81% complete."
[1] "Completed Illinois @ 2025-05-14 10:40:21"
[1] "Illinois is 81.1% complete."
[1] "Completed Illinois @ 2025-05-14 10:40:21"
[1] "Illinois is 81.3% complete."
[1] "Completed Illinois @ 2025-05-14 10:40:21"
[1] "Illinois is 81.4% complete."
[1] "Completed Illinois @ 2025-05-14 10:40:21"
[1] "Illinois is 81.5% complete."
[1] "Completed Illinois @ 2025-05-14 10:40:21"
[1] "Illinois is 81.7% complete."
[1] "Completed Illinois @ 2025-05-14 10:40:21"
[1] "Illinois is 81.8% complete."
[1] "Completed Illinois @ 2025-05-14 10:40:21"
[1] "Illinois is 81.9% complete."
[1] "Completed Illinois @ 2025-05-14 10:40:21"
[1] "Illinois is 82.1% complete."
[1] "Completed Illinois @ 2025-05-14 10:40:21"
[1] "Illinois is 82.2% complete."
[1] "Completed Illinois @ 2025-05-14 10:40:21"
[1] "Illinois is 82.4% complete."
[1] "Completed Illinois @ 2025-05-14 10:40:22"
[1] "Illinois is 82.5% complete."
[1] "Completed Illinois @ 2025-05-14 10:40:22"
[1] "Illinois is 82.6% complete."
[1] "Completed Illinois @ 2025-05-14 10:40:22"
[1] "Illinois is 82.8% complete."
[1] "Completed Illinois @ 2025-05-14 10:40:22"
[1] "Illinois is 82.9% complete."
[1] "Completed Illinois @ 2025-05-14 10:40:22"
[1] "Illinois is 83% complete."
[1] "Completed Illinois @ 2025-05-14 10:40:22"
[1] "Illinois is 83.2% complete."
[1] "Completed Illinois @ 2025-05-14 10:40:22"
[1] "Illinois is 83.3% complete."
[1] "Completed Illinois @ 2025-05-14 10:40:22"
[1] "Illinois is 83.4% complete."
[1] "Completed Illinois @ 2025-05-14 10:40:22"
[1] "Illinois is 83.6% complete."
[1] "Completed Illinois @ 2025-05-14 10:40:22"
[1] "Illinois is 83.7% complete."
[1] "Completed Illinois @ 2025-05-14 10:40:22"
[1] "Illinois is 83.9% complete."
[1] "Completed Illinois @ 2025-05-14 10:40:23"
[1] "Illinois is 84% complete."
[1] "Completed Illinois @ 2025-05-14 10:40:23"
[1] "Illinois is 84.1% complete."
[1] "Completed Illinois @ 2025-05-14 10:40:23"
[1] "Illinois is 84.3% complete."
[1] "Completed Illinois @ 2025-05-14 10:40:23"
[1] "Illinois is 84.4% complete."
[1] "Completed Illinois @ 2025-05-14 10:40:23"
[1] "Illinois is 84.5% complete."
[1] "Completed Illinois @ 2025-05-14 10:40:23"
[1] "Illinois is 84.7% complete."
[1] "Completed Illinois @ 2025-05-14 10:40:23"
[1] "Illinois is 84.8% complete."
[1] "Completed Illinois @ 2025-05-14 10:40:23"
[1] "Illinois is 85% complete."
[1] "Completed Illinois @ 2025-05-14 10:40:23"
[1] "Illinois is 85.1% complete."
[1] "Completed Illinois @ 2025-05-14 10:40:24"
[1] "Illinois is 85.2% complete."
[1] "Completed Illinois @ 2025-05-14 10:40:24"
[1] "Illinois is 85.4% complete."
[1] "Completed Illinois @ 2025-05-14 10:40:24"
[1] "Illinois is 85.5% complete."
[1] "Completed Illinois @ 2025-05-14 10:40:24"
[1] "Illinois is 85.6% complete."
[1] "Completed Illinois @ 2025-05-14 10:40:24"
[1] "Illinois is 85.8% complete."
[1] "Completed Illinois @ 2025-05-14 10:40:24"
[1] "Illinois is 85.9% complete."
[1] "Completed Illinois @ 2025-05-14 10:40:24"
[1] "Illinois is 86% complete."
[1] "Completed Illinois @ 2025-05-14 10:40:24"
[1] "Illinois is 86.2% complete."
[1] "Completed Illinois @ 2025-05-14 10:40:25"
[1] "Illinois is 86.3% complete."
[1] "Completed Illinois @ 2025-05-14 10:40:25"
[1] "Illinois is 86.5% complete."
[1] "Completed Illinois @ 2025-05-14 10:40:25"
[1] "Illinois is 86.6% complete."
[1] "Completed Illinois @ 2025-05-14 10:40:25"
[1] "Illinois is 86.7% complete."
[1] "Completed Illinois @ 2025-05-14 10:40:26"
[1] "Illinois is 86.9% complete."
[1] "Completed Illinois @ 2025-05-14 10:40:26"
[1] "Illinois is 87% complete."
[1] "Completed Illinois @ 2025-05-14 10:40:26"
[1] "Illinois is 87.1% complete."
[1] "Completed Illinois @ 2025-05-14 10:40:26"
[1] "Illinois is 87.3% complete."
[1] "Completed Illinois @ 2025-05-14 10:40:26"
[1] "Illinois is 87.4% complete."
[1] "Completed Illinois @ 2025-05-14 10:40:26"
[1] "Illinois is 87.6% complete."
[1] "Completed Illinois @ 2025-05-14 10:40:26"
[1] "Illinois is 87.7% complete."
[1] "Completed Illinois @ 2025-05-14 10:40:26"
[1] "Illinois is 87.8% complete."
[1] "Completed Illinois @ 2025-05-14 10:40:26"
[1] "Illinois is 88% complete."
[1] "Completed Illinois @ 2025-05-14 10:40:27"
[1] "Illinois is 88.1% complete."
[1] "Completed Illinois @ 2025-05-14 10:40:27"
[1] "Illinois is 88.2% complete."
[1] "Completed Illinois @ 2025-05-14 10:40:27"
[1] "Illinois is 88.4% complete."
[1] "Completed Illinois @ 2025-05-14 10:40:27"
[1] "Illinois is 88.5% complete."
[1] "Completed Illinois @ 2025-05-14 10:40:27"
[1] "Illinois is 88.6% complete."
[1] "Completed Illinois @ 2025-05-14 10:40:27"
[1] "Illinois is 88.8% complete."
[1] "Completed Illinois @ 2025-05-14 10:40:27"
[1] "Illinois is 88.9% complete."
[1] "Completed Illinois @ 2025-05-14 10:40:27"
[1] "Illinois is 89.1% complete."
[1] "Completed Illinois @ 2025-05-14 10:40:27"
[1] "Illinois is 89.2% complete."
[1] "Completed Illinois @ 2025-05-14 10:40:28"
[1] "Illinois is 89.3% complete."
[1] "Completed Illinois @ 2025-05-14 10:40:28"
[1] "Illinois is 89.5% complete."
[1] "Completed Illinois @ 2025-05-14 10:40:28"
[1] "Illinois is 89.6% complete."
[1] "Completed Illinois @ 2025-05-14 10:40:28"
[1] "Illinois is 89.7% complete."
[1] "Completed Illinois @ 2025-05-14 10:40:28"
[1] "Illinois is 89.9% complete."
[1] "Completed Illinois @ 2025-05-14 10:40:28"
[1] "Illinois is 90% complete."
[1] "Completed Illinois @ 2025-05-14 10:40:28"
[1] "Illinois is 90.2% complete."
[1] "Completed Illinois @ 2025-05-14 10:40:28"
[1] "Illinois is 90.3% complete."
[1] "Completed Illinois @ 2025-05-14 10:40:28"
[1] "Illinois is 90.4% complete."
[1] "Completed Illinois @ 2025-05-14 10:40:29"
[1] "Illinois is 90.6% complete."
[1] "Completed Illinois @ 2025-05-14 10:40:29"
[1] "Illinois is 90.7% complete."
[1] "Completed Illinois @ 2025-05-14 10:40:29"
[1] "Illinois is 90.8% complete."
[1] "Completed Illinois @ 2025-05-14 10:40:29"
[1] "Illinois is 91% complete."
[1] "Completed Illinois @ 2025-05-14 10:40:30"
[1] "Illinois is 91.1% complete."
[1] "Completed Illinois @ 2025-05-14 10:40:30"
[1] "Illinois is 91.2% complete."
[1] "Completed Illinois @ 2025-05-14 10:40:30"
[1] "Illinois is 91.4% complete."
[1] "Completed Illinois @ 2025-05-14 10:40:30"
[1] "Illinois is 91.5% complete."
[1] "Completed Illinois @ 2025-05-14 10:40:30"
[1] "Illinois is 91.7% complete."
[1] "Completed Illinois @ 2025-05-14 10:40:30"
[1] "Illinois is 91.8% complete."
[1] "Completed Illinois @ 2025-05-14 10:40:30"
[1] "Illinois is 91.9% complete."
[1] "Completed Illinois @ 2025-05-14 10:40:30"
[1] "Illinois is 92.1% complete."
[1] "Completed Illinois @ 2025-05-14 10:40:31"
[1] "Illinois is 92.2% complete."
[1] "Completed Illinois @ 2025-05-14 10:40:31"
[1] "Illinois is 92.3% complete."
[1] "Completed Illinois @ 2025-05-14 10:40:31"
[1] "Illinois is 92.5% complete."
[1] "Completed Illinois @ 2025-05-14 10:40:31"
[1] "Illinois is 92.6% complete."
[1] "Completed Illinois @ 2025-05-14 10:40:31"
[1] "Illinois is 92.7% complete."
[1] "Completed Illinois @ 2025-05-14 10:40:31"
[1] "Illinois is 92.9% complete."
[1] "Completed Illinois @ 2025-05-14 10:40:31"
[1] "Illinois is 93% complete."
[1] "Completed Illinois @ 2025-05-14 10:40:31"
[1] "Illinois is 93.2% complete."
[1] "Completed Illinois @ 2025-05-14 10:40:32"
[1] "Illinois is 93.3% complete."
[1] "Completed Illinois @ 2025-05-14 10:40:32"
[1] "Illinois is 93.4% complete."
[1] "Completed Illinois @ 2025-05-14 10:40:32"
[1] "Illinois is 93.6% complete."
[1] "Completed Illinois @ 2025-05-14 10:40:32"
[1] "Illinois is 93.7% complete."
[1] "Completed Illinois @ 2025-05-14 10:40:32"
[1] "Illinois is 93.8% complete."
[1] "Completed Illinois @ 2025-05-14 10:40:32"
[1] "Illinois is 94% complete."
[1] "Completed Illinois @ 2025-05-14 10:40:32"
[1] "Illinois is 94.1% complete."
[1] "Completed Illinois @ 2025-05-14 10:40:32"
[1] "Illinois is 94.3% complete."
[1] "Completed Illinois @ 2025-05-14 10:40:32"
[1] "Illinois is 94.4% complete."
[1] "Completed Illinois @ 2025-05-14 10:40:33"
[1] "Illinois is 94.5% complete."
[1] "Completed Illinois @ 2025-05-14 10:40:33"
[1] "Illinois is 94.7% complete."
[1] "Completed Illinois @ 2025-05-14 10:40:33"
[1] "Illinois is 94.8% complete."
[1] "Completed Illinois @ 2025-05-14 10:40:33"
[1] "Illinois is 94.9% complete."
[1] "Completed Illinois @ 2025-05-14 10:40:33"
[1] "Illinois is 95.1% complete."
[1] "Completed Illinois @ 2025-05-14 10:40:33"
[1] "Illinois is 95.2% complete."
[1] "Completed Illinois @ 2025-05-14 10:40:33"
[1] "Illinois is 95.3% complete."
[1] "Completed Illinois @ 2025-05-14 10:40:33"
[1] "Illinois is 95.5% complete."
[1] "Completed Illinois @ 2025-05-14 10:40:33"
[1] "Illinois is 95.6% complete."
[1] "Completed Illinois @ 2025-05-14 10:40:34"
[1] "Illinois is 95.8% complete."
[1] "Completed Illinois @ 2025-05-14 10:40:35"
[1] "Illinois is 95.9% complete."
[1] "Completed Illinois @ 2025-05-14 10:40:35"
[1] "Illinois is 96% complete."
[1] "Completed Illinois @ 2025-05-14 10:40:35"
[1] "Illinois is 96.2% complete."
[1] "Completed Illinois @ 2025-05-14 10:40:35"
[1] "Illinois is 96.3% complete."
[1] "Completed Illinois @ 2025-05-14 10:40:35"
[1] "Illinois is 96.4% complete."
[1] "Completed Illinois @ 2025-05-14 10:40:35"
[1] "Illinois is 96.6% complete."
[1] "Completed Illinois @ 2025-05-14 10:40:36"
[1] "Illinois is 96.7% complete."
[1] "Completed Illinois @ 2025-05-14 10:40:36"
[1] "Illinois is 96.9% complete."
[1] "Completed Illinois @ 2025-05-14 10:40:36"
[1] "Illinois is 97% complete."
[1] "Completed Illinois @ 2025-05-14 10:40:36"
[1] "Illinois is 97.1% complete."
[1] "Completed Illinois @ 2025-05-14 10:40:36"
[1] "Illinois is 97.3% complete."
[1] "Completed Illinois @ 2025-05-14 10:40:37"
[1] "Illinois is 97.4% complete."
[1] "Completed Illinois @ 2025-05-14 10:40:37"
[1] "Illinois is 97.5% complete."
[1] "Completed Illinois @ 2025-05-14 10:40:37"
[1] "Illinois is 97.7% complete."
[1] "Completed Illinois @ 2025-05-14 10:40:37"
[1] "Illinois is 97.8% complete."
[1] "Completed Illinois @ 2025-05-14 10:40:37"
[1] "Illinois is 97.9% complete."
[1] "Completed Illinois @ 2025-05-14 10:40:38"
[1] "Illinois is 98.1% complete."
[1] "Completed Illinois @ 2025-05-14 10:40:38"
[1] "Illinois is 98.2% complete."
[1] "Completed Illinois @ 2025-05-14 10:40:38"
[1] "Illinois is 98.4% complete."
[1] "Completed Illinois @ 2025-05-14 10:40:40"
[1] "Illinois is 98.5% complete."
[1] "Completed Illinois @ 2025-05-14 10:40:40"
[1] "Illinois is 98.6% complete."
[1] "Completed Illinois @ 2025-05-14 10:40:42"
[1] "Illinois is 98.8% complete."
[1] "Completed Illinois @ 2025-05-14 10:40:42"
[1] "Illinois is 98.9% complete."
[1] "Completed Illinois @ 2025-05-14 10:40:42"
[1] "Illinois is 99% complete."
[1] "Completed Illinois @ 2025-05-14 10:40:43"
[1] "Illinois is 99.2% complete."
[1] "Completed Illinois @ 2025-05-14 10:40:43"
[1] "Illinois is 99.3% complete."
[1] "Completed Illinois @ 2025-05-14 10:40:46"
[1] "Illinois is 99.5% complete."
[1] "Completed Illinois @ 2025-05-14 10:40:46"
[1] "Illinois is 99.6% complete."
[1] "Completed Illinois @ 2025-05-14 10:40:47"
[1] "Illinois is 99.7% complete."
[1] "Completed Illinois @ 2025-05-14 10:40:47"
[1] "Illinois is 99.9% complete."
[1] "Completed Illinois @ 2025-05-14 10:40:50"
[1] "Illinois is 100% complete."
[1] "Completed Illinois @ 2025-05-14 10:40:52"
Deleting layer `Pop' using driver `GPKG'
Writing layer `Pop' to data source 
  `/work/GRDVULN/sewershed/Model/Create_Boundaries/outputs/Pop_Delineated/FP_17.gpkg' using driver `GPKG'
Writing 731 features with 10 fields and geometry type Unknown (any).
[1] "SCRIPT COMPLETE @ 2025-05-14 10:41:21"
