[1] "Starting Indiana"
Reading layer `cb_2021_us_state_500k' from data source 
  `/work/GRDVULN/data/cb_2021_us_all_500k.gdb' using driver `OpenFileGDB'
Simple feature collection with 56 features and 9 fields
Geometry type: MULTIPOLYGON
Dimension:     XY
Bounding box:  xmin: -179.1489 ymin: -14.5487 xmax: 179.7785 ymax: 71.36516
Geodetic CRS:  NAD83
[1] "Building 500 systems"
[1] "Indiana is 0.2% complete."
[1] "Completed Indiana @ 2025-05-14 10:39:25"
[1] "Indiana is 0.4% complete."
[1] "Completed Indiana @ 2025-05-14 10:39:25"
[1] "Indiana is 0.6% complete."
[1] "Completed Indiana @ 2025-05-14 10:39:25"
[1] "Indiana is 0.8% complete."
[1] "Completed Indiana @ 2025-05-14 10:39:25"
[1] "Indiana is 1% complete."
[1] "Completed Indiana @ 2025-05-14 10:39:25"
[1] "Indiana is 1.2% complete."
[1] "Completed Indiana @ 2025-05-14 10:39:25"
[1] "Indiana is 1.4% complete."
[1] "Completed Indiana @ 2025-05-14 10:39:25"
[1] "Indiana is 1.6% complete."
[1] "Completed Indiana @ 2025-05-14 10:39:25"
[1] "Indiana is 1.8% complete."
[1] "Completed Indiana @ 2025-05-14 10:39:26"
[1] "Indiana is 2% complete."
[1] "Completed Indiana @ 2025-05-14 10:39:26"
[1] "Indiana is 2.2% complete."
[1] "Completed Indiana @ 2025-05-14 10:39:26"
[1] "Indiana is 2.4% complete."
[1] "Completed Indiana @ 2025-05-14 10:39:26"
[1] "Indiana is 2.6% complete."
[1] "Completed Indiana @ 2025-05-14 10:39:26"
[1] "Indiana is 2.8% complete."
[1] "Completed Indiana @ 2025-05-14 10:39:26"
[1] "Indiana is 3% complete."
[1] "Completed Indiana @ 2025-05-14 10:39:26"
[1] "Indiana is 3.2% complete."
[1] "Completed Indiana @ 2025-05-14 10:39:26"
[1] "Indiana is 3.4% complete."
[1] "Completed Indiana @ 2025-05-14 10:39:26"
[1] "Indiana is 3.6% complete."
[1] "Completed Indiana @ 2025-05-14 10:39:26"
[1] "Indiana is 3.8% complete."
[1] "Completed Indiana @ 2025-05-14 10:39:26"
[1] "Indiana is 4% complete."
[1] "Completed Indiana @ 2025-05-14 10:39:26"
[1] "Indiana is 4.2% complete."
[1] "Completed Indiana @ 2025-05-14 10:39:26"
[1] "Indiana is 4.4% complete."
[1] "Completed Indiana @ 2025-05-14 10:39:26"
[1] "Indiana is 4.6% complete."
[1] "Completed Indiana @ 2025-05-14 10:39:26"
[1] "Indiana is 4.8% complete."
[1] "Completed Indiana @ 2025-05-14 10:39:26"
[1] "Indiana is 5% complete."
[1] "Completed Indiana @ 2025-05-14 10:39:27"
[1] "Indiana is 5.2% complete."
[1] "Completed Indiana @ 2025-05-14 10:39:27"
[1] "Indiana is 5.4% complete."
[1] "Completed Indiana @ 2025-05-14 10:39:27"
[1] "Indiana is 5.6% complete."
[1] "Completed Indiana @ 2025-05-14 10:39:27"
[1] "Indiana is 5.8% complete."
[1] "Completed Indiana @ 2025-05-14 10:39:27"
[1] "Indiana is 6% complete."
[1] "Completed Indiana @ 2025-05-14 10:39:27"
[1] "Indiana is 6.2% complete."
[1] "Completed Indiana @ 2025-05-14 10:39:27"
[1] "Indiana is 6.4% complete."
[1] "Completed Indiana @ 2025-05-14 10:39:27"
[1] "Indiana is 6.6% complete."
[1] "Completed Indiana @ 2025-05-14 10:39:27"
[1] "Indiana is 6.8% complete."
[1] "Completed Indiana @ 2025-05-14 10:39:28"
[1] "Indiana is 7% complete."
[1] "Completed Indiana @ 2025-05-14 10:39:28"
[1] "Indiana is 7.2% complete."
[1] "Completed Indiana @ 2025-05-14 10:39:28"
[1] "Indiana is 7.4% complete."
[1] "Completed Indiana @ 2025-05-14 10:39:28"
[1] "Indiana is 7.6% complete."
[1] "Completed Indiana @ 2025-05-14 10:39:28"
[1] "Indiana is 7.8% complete."
[1] "Completed Indiana @ 2025-05-14 10:39:28"
[1] "Indiana is 8% complete."
[1] "Completed Indiana @ 2025-05-14 10:39:28"
[1] "Indiana is 8.2% complete."
[1] "Completed Indiana @ 2025-05-14 10:39:28"
[1] "Indiana is 8.4% complete."
[1] "Completed Indiana @ 2025-05-14 10:39:28"
[1] "Indiana is 8.6% complete."
[1] "Completed Indiana @ 2025-05-14 10:39:28"
[1] "Indiana is 8.8% complete."
[1] "Completed Indiana @ 2025-05-14 10:39:28"
[1] "Indiana is 9% complete."
[1] "Completed Indiana @ 2025-05-14 10:39:28"
[1] "Indiana is 9.2% complete."
[1] "Completed Indiana @ 2025-05-14 10:39:28"
[1] "Indiana is 9.4% complete."
[1] "Completed Indiana @ 2025-05-14 10:39:28"
[1] "Indiana is 9.6% complete."
[1] "Completed Indiana @ 2025-05-14 10:39:28"
[1] "Indiana is 9.8% complete."
[1] "Completed Indiana @ 2025-05-14 10:39:29"
[1] "Indiana is 10% complete."
[1] "Completed Indiana @ 2025-05-14 10:39:29"
[1] "Indiana is 10.2% complete."
[1] "Completed Indiana @ 2025-05-14 10:39:29"
[1] "Indiana is 10.4% complete."
[1] "Completed Indiana @ 2025-05-14 10:39:29"
[1] "Indiana is 10.6% complete."
[1] "Completed Indiana @ 2025-05-14 10:39:29"
[1] "Indiana is 10.8% complete."
[1] "Completed Indiana @ 2025-05-14 10:39:29"
[1] "Indiana is 11% complete."
[1] "Completed Indiana @ 2025-05-14 10:39:29"
[1] "Indiana is 11.2% complete."
[1] "Completed Indiana @ 2025-05-14 10:39:29"
[1] "Indiana is 11.4% complete."
[1] "Completed Indiana @ 2025-05-14 10:39:29"
[1] "Indiana is 11.6% complete."
[1] "Completed Indiana @ 2025-05-14 10:39:29"
[1] "Indiana is 11.8% complete."
[1] "Completed Indiana @ 2025-05-14 10:39:29"
[1] "Indiana is 12% complete."
[1] "Completed Indiana @ 2025-05-14 10:39:29"
[1] "Indiana is 12.2% complete."
[1] "Completed Indiana @ 2025-05-14 10:39:29"
[1] "Indiana is 12.4% complete."
[1] "Completed Indiana @ 2025-05-14 10:39:29"
[1] "Indiana is 12.6% complete."
[1] "Completed Indiana @ 2025-05-14 10:39:29"
[1] "Indiana is 12.8% complete."
[1] "Completed Indiana @ 2025-05-14 10:39:29"
[1] "Indiana is 13% complete."
[1] "Completed Indiana @ 2025-05-14 10:39:29"
[1] "Indiana is 13.2% complete."
[1] "Completed Indiana @ 2025-05-14 10:39:29"
[1] "Indiana is 13.4% complete."
[1] "Completed Indiana @ 2025-05-14 10:39:30"
[1] "Indiana is 13.6% complete."
[1] "Completed Indiana @ 2025-05-14 10:39:30"
[1] "Indiana is 13.8% complete."
[1] "Completed Indiana @ 2025-05-14 10:39:30"
[1] "Indiana is 14% complete."
[1] "Completed Indiana @ 2025-05-14 10:39:30"
[1] "Indiana is 14.2% complete."
[1] "Completed Indiana @ 2025-05-14 10:39:30"
[1] "Indiana is 14.4% complete."
[1] "Completed Indiana @ 2025-05-14 10:39:30"
[1] "Indiana is 14.6% complete."
[1] "Completed Indiana @ 2025-05-14 10:39:30"
[1] "Indiana is 14.8% complete."
[1] "Completed Indiana @ 2025-05-14 10:39:30"
[1] "Indiana is 15% complete."
[1] "Completed Indiana @ 2025-05-14 10:39:30"
[1] "Indiana is 15.2% complete."
[1] "Completed Indiana @ 2025-05-14 10:39:30"
[1] "Indiana is 15.4% complete."
[1] "Completed Indiana @ 2025-05-14 10:39:31"
[1] "Indiana is 15.6% complete."
[1] "Completed Indiana @ 2025-05-14 10:39:31"
[1] "Indiana is 15.8% complete."
[1] "Completed Indiana @ 2025-05-14 10:39:31"
[1] "Indiana is 16% complete."
[1] "Completed Indiana @ 2025-05-14 10:39:31"
[1] "Indiana is 16.2% complete."
[1] "Completed Indiana @ 2025-05-14 10:39:31"
[1] "Indiana is 16.4% complete."
[1] "Completed Indiana @ 2025-05-14 10:39:31"
[1] "Indiana is 16.6% complete."
[1] "Completed Indiana @ 2025-05-14 10:39:31"
[1] "Indiana is 16.8% complete."
[1] "Completed Indiana @ 2025-05-14 10:39:31"
[1] "Indiana is 17% complete."
[1] "Completed Indiana @ 2025-05-14 10:39:31"
[1] "Indiana is 17.2% complete."
[1] "Completed Indiana @ 2025-05-14 10:39:31"
[1] "Indiana is 17.4% complete."
[1] "Completed Indiana @ 2025-05-14 10:39:31"
[1] "Indiana is 17.6% complete."
[1] "Completed Indiana @ 2025-05-14 10:39:31"
[1] "Indiana is 17.8% complete."
[1] "Completed Indiana @ 2025-05-14 10:39:31"
[1] "Indiana is 18% complete."
[1] "Completed Indiana @ 2025-05-14 10:39:31"
[1] "Indiana is 18.2% complete."
[1] "Completed Indiana @ 2025-05-14 10:39:31"
[1] "Indiana is 18.4% complete."
[1] "Completed Indiana @ 2025-05-14 10:39:31"
[1] "Indiana is 18.6% complete."
[1] "Completed Indiana @ 2025-05-14 10:39:32"
[1] "Indiana is 18.8% complete."
[1] "Completed Indiana @ 2025-05-14 10:39:32"
[1] "Indiana is 19% complete."
[1] "Completed Indiana @ 2025-05-14 10:39:32"
[1] "Indiana is 19.2% complete."
[1] "Completed Indiana @ 2025-05-14 10:39:32"
[1] "Indiana is 19.4% complete."
[1] "Completed Indiana @ 2025-05-14 10:39:32"
[1] "Indiana is 19.6% complete."
[1] "Completed Indiana @ 2025-05-14 10:39:32"
[1] "Indiana is 19.8% complete."
[1] "Completed Indiana @ 2025-05-14 10:39:32"
[1] "Indiana is 20% complete."
[1] "Completed Indiana @ 2025-05-14 10:39:32"
[1] "Indiana is 20.2% complete."
[1] "Completed Indiana @ 2025-05-14 10:39:32"
[1] "Indiana is 20.4% complete."
[1] "Completed Indiana @ 2025-05-14 10:39:32"
[1] "Indiana is 20.6% complete."
[1] "Completed Indiana @ 2025-05-14 10:39:32"
[1] "Indiana is 20.8% complete."
[1] "Completed Indiana @ 2025-05-14 10:39:33"
[1] "Indiana is 21% complete."
[1] "Completed Indiana @ 2025-05-14 10:39:33"
[1] "Indiana is 21.2% complete."
[1] "Completed Indiana @ 2025-05-14 10:39:33"
[1] "Indiana is 21.4% complete."
[1] "Completed Indiana @ 2025-05-14 10:39:33"
[1] "Indiana is 21.6% complete."
[1] "Completed Indiana @ 2025-05-14 10:39:33"
[1] "Indiana is 21.8% complete."
[1] "Completed Indiana @ 2025-05-14 10:39:33"
[1] "Indiana is 22% complete."
[1] "Completed Indiana @ 2025-05-14 10:39:33"
[1] "Indiana is 22.2% complete."
[1] "Completed Indiana @ 2025-05-14 10:39:33"
[1] "Indiana is 22.4% complete."
[1] "Completed Indiana @ 2025-05-14 10:39:33"
[1] "Indiana is 22.6% complete."
[1] "Completed Indiana @ 2025-05-14 10:39:33"
[1] "Indiana is 22.8% complete."
[1] "Completed Indiana @ 2025-05-14 10:39:33"
[1] "Indiana is 23% complete."
[1] "Completed Indiana @ 2025-05-14 10:39:33"
[1] "Indiana is 23.2% complete."
[1] "Completed Indiana @ 2025-05-14 10:39:33"
[1] "Indiana is 23.4% complete."
[1] "Completed Indiana @ 2025-05-14 10:39:33"
[1] "Indiana is 23.6% complete."
[1] "Completed Indiana @ 2025-05-14 10:39:34"
[1] "Indiana is 23.8% complete."
[1] "Completed Indiana @ 2025-05-14 10:39:34"
[1] "Indiana is 24% complete."
[1] "Completed Indiana @ 2025-05-14 10:39:34"
[1] "Indiana is 24.2% complete."
[1] "Completed Indiana @ 2025-05-14 10:39:34"
[1] "Indiana is 24.4% complete."
[1] "Completed Indiana @ 2025-05-14 10:39:34"
[1] "Indiana is 24.6% complete."
[1] "Completed Indiana @ 2025-05-14 10:39:34"
[1] "Indiana is 24.8% complete."
[1] "Completed Indiana @ 2025-05-14 10:39:34"
[1] "Indiana is 25% complete."
[1] "Completed Indiana @ 2025-05-14 10:39:34"
[1] "Indiana is 25.2% complete."
[1] "Completed Indiana @ 2025-05-14 10:39:34"
[1] "Indiana is 25.4% complete."
[1] "Completed Indiana @ 2025-05-14 10:39:34"
[1] "Indiana is 25.6% complete."
[1] "Completed Indiana @ 2025-05-14 10:39:34"
[1] "Indiana is 25.8% complete."
[1] "Completed Indiana @ 2025-05-14 10:39:34"
[1] "Indiana is 26% complete."
[1] "Completed Indiana @ 2025-05-14 10:39:34"
[1] "Indiana is 26.2% complete."
[1] "Completed Indiana @ 2025-05-14 10:39:34"
[1] "Indiana is 26.4% complete."
[1] "Completed Indiana @ 2025-05-14 10:39:34"
[1] "Indiana is 26.6% complete."
[1] "Completed Indiana @ 2025-05-14 10:39:35"
[1] "Indiana is 26.8% complete."
[1] "Completed Indiana @ 2025-05-14 10:39:35"
[1] "Indiana is 27% complete."
[1] "Completed Indiana @ 2025-05-14 10:39:35"
[1] "Indiana is 27.2% complete."
[1] "Completed Indiana @ 2025-05-14 10:39:35"
[1] "Indiana is 27.4% complete."
[1] "Completed Indiana @ 2025-05-14 10:39:35"
[1] "Indiana is 27.6% complete."
[1] "Completed Indiana @ 2025-05-14 10:39:35"
[1] "Indiana is 27.8% complete."
[1] "Completed Indiana @ 2025-05-14 10:39:35"
[1] "Indiana is 28% complete."
[1] "Completed Indiana @ 2025-05-14 10:39:35"
[1] "Indiana is 28.2% complete."
[1] "Completed Indiana @ 2025-05-14 10:39:36"
[1] "Indiana is 28.4% complete."
[1] "Completed Indiana @ 2025-05-14 10:39:36"
[1] "Indiana is 28.6% complete."
[1] "Completed Indiana @ 2025-05-14 10:39:36"
[1] "Indiana is 28.8% complete."
[1] "Completed Indiana @ 2025-05-14 10:39:36"
[1] "Indiana is 29% complete."
[1] "Completed Indiana @ 2025-05-14 10:39:36"
[1] "Indiana is 29.2% complete."
[1] "Completed Indiana @ 2025-05-14 10:39:36"
[1] "Indiana is 29.4% complete."
[1] "Completed Indiana @ 2025-05-14 10:39:36"
[1] "Indiana is 29.6% complete."
[1] "Completed Indiana @ 2025-05-14 10:39:36"
[1] "Indiana is 29.8% complete."
[1] "Completed Indiana @ 2025-05-14 10:39:36"
[1] "Indiana is 30% complete."
[1] "Completed Indiana @ 2025-05-14 10:39:36"
[1] "Indiana is 30.2% complete."
[1] "Completed Indiana @ 2025-05-14 10:39:36"
[1] "Indiana is 30.4% complete."
[1] "Completed Indiana @ 2025-05-14 10:39:36"
[1] "Indiana is 30.6% complete."
[1] "Completed Indiana @ 2025-05-14 10:39:36"
[1] "Indiana is 30.8% complete."
[1] "Completed Indiana @ 2025-05-14 10:39:36"
[1] "Indiana is 31% complete."
[1] "Completed Indiana @ 2025-05-14 10:39:36"
[1] "Indiana is 31.2% complete."
[1] "Completed Indiana @ 2025-05-14 10:39:36"
[1] "Indiana is 31.4% complete."
[1] "Completed Indiana @ 2025-05-14 10:39:36"
[1] "Indiana is 31.6% complete."
[1] "Completed Indiana @ 2025-05-14 10:39:37"
[1] "Indiana is 31.8% complete."
[1] "Completed Indiana @ 2025-05-14 10:39:37"
[1] "Indiana is 32% complete."
[1] "Completed Indiana @ 2025-05-14 10:39:37"
[1] "Indiana is 32.2% complete."
[1] "Completed Indiana @ 2025-05-14 10:39:37"
[1] "Indiana is 32.4% complete."
[1] "Completed Indiana @ 2025-05-14 10:39:37"
[1] "Indiana is 32.6% complete."
[1] "Completed Indiana @ 2025-05-14 10:39:37"
[1] "Indiana is 32.8% complete."
[1] "Completed Indiana @ 2025-05-14 10:39:37"
[1] "Indiana is 33% complete."
[1] "Completed Indiana @ 2025-05-14 10:39:37"
[1] "Indiana is 33.2% complete."
[1] "Completed Indiana @ 2025-05-14 10:39:37"
[1] "Indiana is 33.4% complete."
[1] "Completed Indiana @ 2025-05-14 10:39:37"
[1] "Indiana is 33.6% complete."
[1] "Completed Indiana @ 2025-05-14 10:39:37"
[1] "Indiana is 33.8% complete."
[1] "Completed Indiana @ 2025-05-14 10:39:37"
[1] "Indiana is 34% complete."
[1] "Completed Indiana @ 2025-05-14 10:39:37"
[1] "Indiana is 34.2% complete."
[1] "Completed Indiana @ 2025-05-14 10:39:38"
[1] "Indiana is 34.4% complete."
[1] "Completed Indiana @ 2025-05-14 10:39:38"
[1] "Indiana is 34.6% complete."
[1] "Completed Indiana @ 2025-05-14 10:39:38"
[1] "Indiana is 34.8% complete."
[1] "Completed Indiana @ 2025-05-14 10:39:38"
[1] "Indiana is 35% complete."
[1] "Completed Indiana @ 2025-05-14 10:39:38"
[1] "Indiana is 35.2% complete."
[1] "Completed Indiana @ 2025-05-14 10:39:38"
[1] "Indiana is 35.4% complete."
[1] "Completed Indiana @ 2025-05-14 10:39:38"
[1] "Indiana is 35.6% complete."
[1] "Completed Indiana @ 2025-05-14 10:39:38"
[1] "Indiana is 35.8% complete."
[1] "Completed Indiana @ 2025-05-14 10:39:38"
[1] "Indiana is 36% complete."
[1] "Completed Indiana @ 2025-05-14 10:39:38"
[1] "Indiana is 36.2% complete."
[1] "Completed Indiana @ 2025-05-14 10:39:39"
[1] "Indiana is 36.4% complete."
[1] "Completed Indiana @ 2025-05-14 10:39:39"
[1] "Indiana is 36.6% complete."
[1] "Completed Indiana @ 2025-05-14 10:39:39"
[1] "Indiana is 36.8% complete."
[1] "Completed Indiana @ 2025-05-14 10:39:39"
[1] "Indiana is 37% complete."
[1] "Completed Indiana @ 2025-05-14 10:39:39"
[1] "Indiana is 37.2% complete."
[1] "Completed Indiana @ 2025-05-14 10:39:39"
[1] "Indiana is 37.4% complete."
[1] "Completed Indiana @ 2025-05-14 10:39:39"
[1] "Indiana is 37.6% complete."
[1] "Completed Indiana @ 2025-05-14 10:39:39"
[1] "Indiana is 37.8% complete."
[1] "Completed Indiana @ 2025-05-14 10:39:39"
[1] "Indiana is 38% complete."
[1] "Completed Indiana @ 2025-05-14 10:39:39"
[1] "Indiana is 38.2% complete."
[1] "Completed Indiana @ 2025-05-14 10:39:39"
[1] "Indiana is 38.4% complete."
[1] "Completed Indiana @ 2025-05-14 10:39:39"
[1] "Indiana is 38.6% complete."
[1] "Completed Indiana @ 2025-05-14 10:39:39"
[1] "Indiana is 38.8% complete."
[1] "Completed Indiana @ 2025-05-14 10:39:39"
[1] "Indiana is 39% complete."
[1] "Completed Indiana @ 2025-05-14 10:39:40"
[1] "Indiana is 39.2% complete."
[1] "Completed Indiana @ 2025-05-14 10:39:40"
[1] "Indiana is 39.4% complete."
[1] "Completed Indiana @ 2025-05-14 10:39:40"
[1] "Indiana is 39.6% complete."
[1] "Completed Indiana @ 2025-05-14 10:39:40"
[1] "Indiana is 39.8% complete."
[1] "Completed Indiana @ 2025-05-14 10:39:40"
[1] "Indiana is 40% complete."
[1] "Completed Indiana @ 2025-05-14 10:39:40"
[1] "Indiana is 40.2% complete."
[1] "Completed Indiana @ 2025-05-14 10:39:40"
[1] "Indiana is 40.4% complete."
[1] "Completed Indiana @ 2025-05-14 10:39:40"
[1] "Indiana is 40.6% complete."
[1] "Completed Indiana @ 2025-05-14 10:39:40"
[1] "Indiana is 40.8% complete."
[1] "Completed Indiana @ 2025-05-14 10:39:41"
[1] "Indiana is 41% complete."
[1] "Completed Indiana @ 2025-05-14 10:39:41"
[1] "Indiana is 41.2% complete."
[1] "Completed Indiana @ 2025-05-14 10:39:41"
[1] "Indiana is 41.4% complete."
[1] "Completed Indiana @ 2025-05-14 10:39:41"
[1] "Indiana is 41.6% complete."
[1] "Completed Indiana @ 2025-05-14 10:39:41"
[1] "Indiana is 41.8% complete."
[1] "Completed Indiana @ 2025-05-14 10:39:41"
[1] "Indiana is 42% complete."
[1] "Completed Indiana @ 2025-05-14 10:39:41"
[1] "Indiana is 42.2% complete."
[1] "Completed Indiana @ 2025-05-14 10:39:41"
[1] "Indiana is 42.4% complete."
[1] "Completed Indiana @ 2025-05-14 10:39:41"
[1] "Indiana is 42.6% complete."
[1] "Completed Indiana @ 2025-05-14 10:39:41"
[1] "Indiana is 42.8% complete."
[1] "Completed Indiana @ 2025-05-14 10:39:41"
[1] "Indiana is 43% complete."
[1] "Completed Indiana @ 2025-05-14 10:39:41"
[1] "Indiana is 43.2% complete."
[1] "Completed Indiana @ 2025-05-14 10:39:41"
[1] "Indiana is 43.4% complete."
[1] "Completed Indiana @ 2025-05-14 10:39:41"
[1] "Indiana is 43.6% complete."
[1] "Completed Indiana @ 2025-05-14 10:39:41"
[1] "Indiana is 43.8% complete."
[1] "Completed Indiana @ 2025-05-14 10:39:41"
[1] "Indiana is 44% complete."
[1] "Completed Indiana @ 2025-05-14 10:39:41"
[1] "Indiana is 44.2% complete."
[1] "Completed Indiana @ 2025-05-14 10:39:41"
[1] "Indiana is 44.4% complete."
[1] "Completed Indiana @ 2025-05-14 10:39:42"
[1] "Indiana is 44.6% complete."
[1] "Completed Indiana @ 2025-05-14 10:39:42"
[1] "Indiana is 44.8% complete."
[1] "Completed Indiana @ 2025-05-14 10:39:42"
[1] "Indiana is 45% complete."
[1] "Completed Indiana @ 2025-05-14 10:39:42"
[1] "Indiana is 45.2% complete."
[1] "Completed Indiana @ 2025-05-14 10:39:42"
[1] "Indiana is 45.4% complete."
[1] "Completed Indiana @ 2025-05-14 10:39:42"
[1] "Indiana is 45.6% complete."
[1] "Completed Indiana @ 2025-05-14 10:39:42"
[1] "Indiana is 45.8% complete."
[1] "Completed Indiana @ 2025-05-14 10:39:42"
[1] "Indiana is 46% complete."
[1] "Completed Indiana @ 2025-05-14 10:39:42"
[1] "Indiana is 46.2% complete."
[1] "Completed Indiana @ 2025-05-14 10:39:42"
[1] "Indiana is 46.4% complete."
[1] "Completed Indiana @ 2025-05-14 10:39:42"
[1] "Indiana is 46.6% complete."
[1] "Completed Indiana @ 2025-05-14 10:39:42"
[1] "Indiana is 46.8% complete."
[1] "Completed Indiana @ 2025-05-14 10:39:42"
[1] "Indiana is 47% complete."
[1] "Completed Indiana @ 2025-05-14 10:39:42"
[1] "Indiana is 47.2% complete."
[1] "Completed Indiana @ 2025-05-14 10:39:43"
[1] "Indiana is 47.4% complete."
[1] "Completed Indiana @ 2025-05-14 10:39:43"
[1] "Indiana is 47.6% complete."
[1] "Completed Indiana @ 2025-05-14 10:39:43"
[1] "Indiana is 47.8% complete."
[1] "Completed Indiana @ 2025-05-14 10:39:43"
[1] "Indiana is 48% complete."
[1] "Completed Indiana @ 2025-05-14 10:39:43"
[1] "Indiana is 48.2% complete."
[1] "Completed Indiana @ 2025-05-14 10:39:43"
[1] "Indiana is 48.4% complete."
[1] "Completed Indiana @ 2025-05-14 10:39:43"
[1] "Indiana is 48.6% complete."
[1] "Completed Indiana @ 2025-05-14 10:39:43"
[1] "Indiana is 48.8% complete."
[1] "Completed Indiana @ 2025-05-14 10:39:43"
[1] "Indiana is 49% complete."
[1] "Completed Indiana @ 2025-05-14 10:39:43"
[1] "Indiana is 49.2% complete."
[1] "Completed Indiana @ 2025-05-14 10:39:43"
[1] "Indiana is 49.4% complete."
[1] "Completed Indiana @ 2025-05-14 10:39:44"
[1] "Indiana is 49.6% complete."
[1] "Completed Indiana @ 2025-05-14 10:39:44"
[1] "Indiana is 49.8% complete."
[1] "Completed Indiana @ 2025-05-14 10:39:44"
[1] "Indiana is 50% complete."
[1] "Completed Indiana @ 2025-05-14 10:39:44"
[1] "Indiana is 50.2% complete."
[1] "Completed Indiana @ 2025-05-14 10:39:44"
[1] "Indiana is 50.4% complete."
[1] "Completed Indiana @ 2025-05-14 10:39:44"
[1] "Indiana is 50.6% complete."
[1] "Completed Indiana @ 2025-05-14 10:39:44"
[1] "Indiana is 50.8% complete."
[1] "Completed Indiana @ 2025-05-14 10:39:44"
[1] "Indiana is 51% complete."
[1] "Completed Indiana @ 2025-05-14 10:39:44"
[1] "Indiana is 51.2% complete."
[1] "Completed Indiana @ 2025-05-14 10:39:44"
[1] "Indiana is 51.4% complete."
[1] "Completed Indiana @ 2025-05-14 10:39:44"
[1] "Indiana is 51.6% complete."
[1] "Completed Indiana @ 2025-05-14 10:39:44"
[1] "Indiana is 51.8% complete."
[1] "Completed Indiana @ 2025-05-14 10:39:44"
[1] "Indiana is 52% complete."
[1] "Completed Indiana @ 2025-05-14 10:39:44"
[1] "Indiana is 52.2% complete."
[1] "Completed Indiana @ 2025-05-14 10:39:44"
[1] "Indiana is 52.4% complete."
[1] "Completed Indiana @ 2025-05-14 10:39:44"
[1] "Indiana is 52.6% complete."
[1] "Completed Indiana @ 2025-05-14 10:39:44"
[1] "Indiana is 52.8% complete."
[1] "Completed Indiana @ 2025-05-14 10:39:45"
[1] "Indiana is 53% complete."
[1] "Completed Indiana @ 2025-05-14 10:39:45"
[1] "Indiana is 53.2% complete."
[1] "Completed Indiana @ 2025-05-14 10:39:45"
[1] "Indiana is 53.4% complete."
[1] "Completed Indiana @ 2025-05-14 10:39:45"
[1] "Indiana is 53.6% complete."
[1] "Completed Indiana @ 2025-05-14 10:39:45"
[1] "Indiana is 53.8% complete."
[1] "Completed Indiana @ 2025-05-14 10:39:45"
[1] "Indiana is 54% complete."
[1] "Completed Indiana @ 2025-05-14 10:39:45"
[1] "Indiana is 54.2% complete."
[1] "Completed Indiana @ 2025-05-14 10:39:45"
[1] "Indiana is 54.4% complete."
[1] "Completed Indiana @ 2025-05-14 10:39:46"
[1] "Indiana is 54.6% complete."
[1] "Completed Indiana @ 2025-05-14 10:39:46"
[1] "Indiana is 54.8% complete."
[1] "Completed Indiana @ 2025-05-14 10:39:46"
[1] "Indiana is 55% complete."
[1] "Completed Indiana @ 2025-05-14 10:39:46"
[1] "Indiana is 55.2% complete."
[1] "Completed Indiana @ 2025-05-14 10:39:46"
[1] "Indiana is 55.4% complete."
[1] "Completed Indiana @ 2025-05-14 10:39:46"
[1] "Indiana is 55.6% complete."
[1] "Completed Indiana @ 2025-05-14 10:39:46"
[1] "Indiana is 55.8% complete."
[1] "Completed Indiana @ 2025-05-14 10:39:46"
[1] "Indiana is 56% complete."
[1] "Completed Indiana @ 2025-05-14 10:39:46"
[1] "Indiana is 56.2% complete."
[1] "Completed Indiana @ 2025-05-14 10:39:46"
[1] "Indiana is 56.4% complete."
[1] "Completed Indiana @ 2025-05-14 10:39:46"
[1] "Indiana is 56.6% complete."
[1] "Completed Indiana @ 2025-05-14 10:39:46"
[1] "Indiana is 56.8% complete."
[1] "Completed Indiana @ 2025-05-14 10:39:46"
[1] "Indiana is 57% complete."
[1] "Completed Indiana @ 2025-05-14 10:39:46"
[1] "Indiana is 57.2% complete."
[1] "Completed Indiana @ 2025-05-14 10:39:46"
[1] "Indiana is 57.4% complete."
[1] "Completed Indiana @ 2025-05-14 10:39:47"
[1] "Indiana is 57.6% complete."
[1] "Completed Indiana @ 2025-05-14 10:39:47"
[1] "Indiana is 57.8% complete."
[1] "Completed Indiana @ 2025-05-14 10:39:47"
[1] "Indiana is 58% complete."
[1] "Completed Indiana @ 2025-05-14 10:39:47"
[1] "Indiana is 58.2% complete."
[1] "Completed Indiana @ 2025-05-14 10:39:47"
[1] "Indiana is 58.4% complete."
[1] "Completed Indiana @ 2025-05-14 10:39:47"
[1] "Indiana is 58.6% complete."
[1] "Completed Indiana @ 2025-05-14 10:39:47"
[1] "Indiana is 58.8% complete."
[1] "Completed Indiana @ 2025-05-14 10:39:47"
[1] "Indiana is 59% complete."
[1] "Completed Indiana @ 2025-05-14 10:39:47"
[1] "Indiana is 59.2% complete."
[1] "Completed Indiana @ 2025-05-14 10:39:47"
[1] "Indiana is 59.4% complete."
[1] "Completed Indiana @ 2025-05-14 10:39:47"
[1] "Indiana is 59.6% complete."
[1] "Completed Indiana @ 2025-05-14 10:39:47"
[1] "Indiana is 59.8% complete."
[1] "Completed Indiana @ 2025-05-14 10:39:47"
[1] "Indiana is 60% complete."
[1] "Completed Indiana @ 2025-05-14 10:39:48"
[1] "Indiana is 60.2% complete."
[1] "Completed Indiana @ 2025-05-14 10:39:48"
[1] "Indiana is 60.4% complete."
[1] "Completed Indiana @ 2025-05-14 10:39:48"
[1] "Indiana is 60.6% complete."
[1] "Completed Indiana @ 2025-05-14 10:39:48"
[1] "Indiana is 60.8% complete."
[1] "Completed Indiana @ 2025-05-14 10:39:48"
[1] "Indiana is 61% complete."
[1] "Completed Indiana @ 2025-05-14 10:39:48"
[1] "Indiana is 61.2% complete."
[1] "Completed Indiana @ 2025-05-14 10:39:48"
[1] "Indiana is 61.4% complete."
[1] "Completed Indiana @ 2025-05-14 10:39:48"
[1] "Indiana is 61.6% complete."
[1] "Completed Indiana @ 2025-05-14 10:39:48"
[1] "Indiana is 61.8% complete."
[1] "Completed Indiana @ 2025-05-14 10:39:48"
[1] "Indiana is 62% complete."
[1] "Completed Indiana @ 2025-05-14 10:39:49"
[1] "Indiana is 62.2% complete."
[1] "Completed Indiana @ 2025-05-14 10:39:49"
[1] "Indiana is 62.4% complete."
[1] "Completed Indiana @ 2025-05-14 10:39:49"
[1] "Indiana is 62.6% complete."
[1] "Completed Indiana @ 2025-05-14 10:39:49"
[1] "Indiana is 62.8% complete."
[1] "Completed Indiana @ 2025-05-14 10:39:49"
[1] "Indiana is 63% complete."
[1] "Completed Indiana @ 2025-05-14 10:39:49"
[1] "Indiana is 63.2% complete."
[1] "Completed Indiana @ 2025-05-14 10:39:49"
[1] "Indiana is 63.4% complete."
[1] "Completed Indiana @ 2025-05-14 10:39:49"
[1] "Indiana is 63.6% complete."
[1] "Completed Indiana @ 2025-05-14 10:39:49"
[1] "Indiana is 63.8% complete."
[1] "Completed Indiana @ 2025-05-14 10:39:49"
[1] "Indiana is 64% complete."
[1] "Completed Indiana @ 2025-05-14 10:39:49"
[1] "Indiana is 64.2% complete."
[1] "Completed Indiana @ 2025-05-14 10:39:49"
[1] "Indiana is 64.4% complete."
[1] "Completed Indiana @ 2025-05-14 10:39:49"
[1] "Indiana is 64.6% complete."
[1] "Completed Indiana @ 2025-05-14 10:39:49"
[1] "Indiana is 64.8% complete."
[1] "Completed Indiana @ 2025-05-14 10:39:49"
[1] "Indiana is 65% complete."
[1] "Completed Indiana @ 2025-05-14 10:39:50"
[1] "Indiana is 65.2% complete."
[1] "Completed Indiana @ 2025-05-14 10:39:50"
[1] "Indiana is 65.4% complete."
[1] "Completed Indiana @ 2025-05-14 10:39:50"
[1] "Indiana is 65.6% complete."
[1] "Completed Indiana @ 2025-05-14 10:39:50"
[1] "Indiana is 65.8% complete."
[1] "Completed Indiana @ 2025-05-14 10:39:50"
[1] "Indiana is 66% complete."
[1] "Completed Indiana @ 2025-05-14 10:39:50"
[1] "Indiana is 66.2% complete."
[1] "Completed Indiana @ 2025-05-14 10:39:50"
[1] "Indiana is 66.4% complete."
[1] "Completed Indiana @ 2025-05-14 10:39:51"
[1] "Indiana is 66.6% complete."
[1] "Completed Indiana @ 2025-05-14 10:39:51"
[1] "Indiana is 66.8% complete."
[1] "Completed Indiana @ 2025-05-14 10:39:51"
[1] "Indiana is 67% complete."
[1] "Completed Indiana @ 2025-05-14 10:39:51"
[1] "Indiana is 67.2% complete."
[1] "Completed Indiana @ 2025-05-14 10:39:51"
[1] "Indiana is 67.4% complete."
[1] "Completed Indiana @ 2025-05-14 10:39:51"
[1] "Indiana is 67.6% complete."
[1] "Completed Indiana @ 2025-05-14 10:39:51"
[1] "Indiana is 67.8% complete."
[1] "Completed Indiana @ 2025-05-14 10:39:51"
[1] "Indiana is 68% complete."
[1] "Completed Indiana @ 2025-05-14 10:39:51"
[1] "Indiana is 68.2% complete."
[1] "Completed Indiana @ 2025-05-14 10:39:51"
[1] "Indiana is 68.4% complete."
[1] "Completed Indiana @ 2025-05-14 10:39:51"
[1] "Indiana is 68.6% complete."
[1] "Completed Indiana @ 2025-05-14 10:39:51"
[1] "Indiana is 68.8% complete."
[1] "Completed Indiana @ 2025-05-14 10:39:51"
[1] "Indiana is 69% complete."
[1] "Completed Indiana @ 2025-05-14 10:39:51"
[1] "Indiana is 69.2% complete."
[1] "Completed Indiana @ 2025-05-14 10:39:52"
[1] "Indiana is 69.4% complete."
[1] "Completed Indiana @ 2025-05-14 10:39:52"
[1] "Indiana is 69.6% complete."
[1] "Completed Indiana @ 2025-05-14 10:39:52"
[1] "Indiana is 69.8% complete."
[1] "Completed Indiana @ 2025-05-14 10:39:52"
[1] "Indiana is 70% complete."
[1] "Completed Indiana @ 2025-05-14 10:39:52"
[1] "Indiana is 70.2% complete."
[1] "Completed Indiana @ 2025-05-14 10:39:52"
[1] "Indiana is 70.4% complete."
[1] "Completed Indiana @ 2025-05-14 10:39:52"
[1] "Indiana is 70.6% complete."
[1] "Completed Indiana @ 2025-05-14 10:39:52"
[1] "Indiana is 70.8% complete."
[1] "Completed Indiana @ 2025-05-14 10:39:52"
[1] "Indiana is 71% complete."
[1] "Completed Indiana @ 2025-05-14 10:39:52"
[1] "Indiana is 71.2% complete."
[1] "Completed Indiana @ 2025-05-14 10:39:52"
[1] "Indiana is 71.4% complete."
[1] "Completed Indiana @ 2025-05-14 10:39:52"
[1] "Indiana is 71.6% complete."
[1] "Completed Indiana @ 2025-05-14 10:39:52"
[1] "Indiana is 71.8% complete."
[1] "Completed Indiana @ 2025-05-14 10:39:53"
[1] "Indiana is 72% complete."
[1] "Completed Indiana @ 2025-05-14 10:39:53"
[1] "Indiana is 72.2% complete."
[1] "Completed Indiana @ 2025-05-14 10:39:53"
[1] "Indiana is 72.4% complete."
[1] "Completed Indiana @ 2025-05-14 10:39:53"
[1] "Indiana is 72.6% complete."
[1] "Completed Indiana @ 2025-05-14 10:39:53"
[1] "Indiana is 72.8% complete."
[1] "Completed Indiana @ 2025-05-14 10:39:53"
[1] "Indiana is 73% complete."
[1] "Completed Indiana @ 2025-05-14 10:39:53"
[1] "Indiana is 73.2% complete."
[1] "Completed Indiana @ 2025-05-14 10:39:54"
[1] "Indiana is 73.4% complete."
[1] "Completed Indiana @ 2025-05-14 10:39:54"
[1] "Indiana is 73.6% complete."
[1] "Completed Indiana @ 2025-05-14 10:39:54"
[1] "Indiana is 73.8% complete."
[1] "Completed Indiana @ 2025-05-14 10:39:54"
[1] "Indiana is 74% complete."
[1] "Completed Indiana @ 2025-05-14 10:39:54"
[1] "Indiana is 74.2% complete."
[1] "Completed Indiana @ 2025-05-14 10:39:54"
[1] "Indiana is 74.4% complete."
[1] "Completed Indiana @ 2025-05-14 10:39:54"
[1] "Indiana is 74.6% complete."
[1] "Completed Indiana @ 2025-05-14 10:39:54"
[1] "Indiana is 74.8% complete."
[1] "Completed Indiana @ 2025-05-14 10:39:54"
[1] "Indiana is 75% complete."
[1] "Completed Indiana @ 2025-05-14 10:39:54"
[1] "Indiana is 75.2% complete."
[1] "Completed Indiana @ 2025-05-14 10:39:54"
[1] "Indiana is 75.4% complete."
[1] "Completed Indiana @ 2025-05-14 10:39:54"
[1] "Indiana is 75.6% complete."
[1] "Completed Indiana @ 2025-05-14 10:39:55"
[1] "Indiana is 75.8% complete."
[1] "Completed Indiana @ 2025-05-14 10:39:55"
[1] "Indiana is 76% complete."
[1] "Completed Indiana @ 2025-05-14 10:39:55"
[1] "Indiana is 76.2% complete."
[1] "Completed Indiana @ 2025-05-14 10:39:55"
[1] "Indiana is 76.4% complete."
[1] "Completed Indiana @ 2025-05-14 10:39:55"
[1] "Indiana is 76.6% complete."
[1] "Completed Indiana @ 2025-05-14 10:39:55"
[1] "Indiana is 76.8% complete."
[1] "Completed Indiana @ 2025-05-14 10:39:55"
[1] "Indiana is 77% complete."
[1] "Completed Indiana @ 2025-05-14 10:39:55"
[1] "Indiana is 77.2% complete."
[1] "Completed Indiana @ 2025-05-14 10:39:55"
[1] "Indiana is 77.4% complete."
[1] "Completed Indiana @ 2025-05-14 10:39:56"
[1] "Indiana is 77.6% complete."
[1] "Completed Indiana @ 2025-05-14 10:39:56"
[1] "Indiana is 77.8% complete."
[1] "Completed Indiana @ 2025-05-14 10:39:56"
[1] "Indiana is 78% complete."
[1] "Completed Indiana @ 2025-05-14 10:39:56"
[1] "Indiana is 78.2% complete."
[1] "Completed Indiana @ 2025-05-14 10:39:56"
[1] "Indiana is 78.4% complete."
[1] "Completed Indiana @ 2025-05-14 10:39:56"
[1] "Indiana is 78.6% complete."
[1] "Completed Indiana @ 2025-05-14 10:40:27"
[1] "Indiana is 78.8% complete."
[1] "Completed Indiana @ 2025-05-14 10:40:27"
[1] "Indiana is 79% complete."
[1] "Completed Indiana @ 2025-05-14 10:40:27"
[1] "Indiana is 79.2% complete."
[1] "Completed Indiana @ 2025-05-14 10:40:46"
[1] "Indiana is 79.4% complete."
[1] "Completed Indiana @ 2025-05-14 10:40:49"
[1] "Indiana is 79.6% complete."
[1] "Completed Indiana @ 2025-05-14 10:40:49"
[1] "Indiana is 79.8% complete."
[1] "Completed Indiana @ 2025-05-14 10:40:49"
[1] "Indiana is 80% complete."
[1] "Completed Indiana @ 2025-05-14 10:40:50"
[1] "Indiana is 80.2% complete."
[1] "Completed Indiana @ 2025-05-14 10:40:50"
[1] "Indiana is 80.4% complete."
[1] "Completed Indiana @ 2025-05-14 10:40:50"
[1] "Indiana is 80.6% complete."
[1] "Completed Indiana @ 2025-05-14 10:40:51"
[1] "Indiana is 80.8% complete."
[1] "Completed Indiana @ 2025-05-14 10:40:51"
[1] "Indiana is 81% complete."
[1] "Completed Indiana @ 2025-05-14 10:40:51"
[1] "Indiana is 81.2% complete."
[1] "Completed Indiana @ 2025-05-14 10:40:51"
[1] "Indiana is 81.4% complete."
[1] "Completed Indiana @ 2025-05-14 10:40:52"
[1] "Indiana is 81.6% complete."
[1] "Completed Indiana @ 2025-05-14 10:40:52"
[1] "Indiana is 81.8% complete."
[1] "Completed Indiana @ 2025-05-14 10:40:52"
[1] "Indiana is 82% complete."
[1] "Completed Indiana @ 2025-05-14 10:40:52"
[1] "Indiana is 82.2% complete."
[1] "Completed Indiana @ 2025-05-14 10:40:53"
[1] "Indiana is 82.4% complete."
[1] "Completed Indiana @ 2025-05-14 10:40:53"
[1] "Indiana is 82.6% complete."
[1] "Completed Indiana @ 2025-05-14 10:40:53"
[1] "Indiana is 82.8% complete."
[1] "Completed Indiana @ 2025-05-14 10:40:55"
[1] "Indiana is 83% complete."
[1] "Completed Indiana @ 2025-05-14 10:40:56"
[1] "Indiana is 83.2% complete."
[1] "Completed Indiana @ 2025-05-14 10:40:58"
[1] "Indiana is 83.4% complete."
[1] "Completed Indiana @ 2025-05-14 10:40:59"
[1] "Indiana is 83.6% complete."
[1] "Completed Indiana @ 2025-05-14 10:40:59"
[1] "Indiana is 83.8% complete."
[1] "Completed Indiana @ 2025-05-14 10:40:59"
[1] "Indiana is 84% complete."
[1] "Completed Indiana @ 2025-05-14 10:41:00"
[1] "Indiana is 84.2% complete."
[1] "Completed Indiana @ 2025-05-14 10:41:00"
[1] "Indiana is 84.4% complete."
[1] "Completed Indiana @ 2025-05-14 10:41:00"
[1] "Indiana is 84.6% complete."
[1] "Completed Indiana @ 2025-05-14 10:41:00"
[1] "Indiana is 84.8% complete."
[1] "Completed Indiana @ 2025-05-14 10:41:00"
[1] "Indiana is 85% complete."
[1] "Completed Indiana @ 2025-05-14 10:41:00"
[1] "Indiana is 85.2% complete."
[1] "Completed Indiana @ 2025-05-14 10:41:01"
[1] "Indiana is 85.4% complete."
[1] "Completed Indiana @ 2025-05-14 10:41:01"
[1] "Indiana is 85.6% complete."
[1] "Completed Indiana @ 2025-05-14 10:41:01"
[1] "Indiana is 85.8% complete."
[1] "Completed Indiana @ 2025-05-14 10:41:01"
[1] "Indiana is 86% complete."
[1] "Completed Indiana @ 2025-05-14 10:41:01"
[1] "Indiana is 86.2% complete."
[1] "Completed Indiana @ 2025-05-14 10:41:01"
[1] "Indiana is 86.4% complete."
[1] "Completed Indiana @ 2025-05-14 10:41:01"
[1] "Indiana is 86.6% complete."
[1] "Completed Indiana @ 2025-05-14 10:41:01"
[1] "Indiana is 86.8% complete."
[1] "Completed Indiana @ 2025-05-14 10:41:03"
[1] "Indiana is 87% complete."
[1] "Completed Indiana @ 2025-05-14 10:41:04"
[1] "Indiana is 87.2% complete."
[1] "Completed Indiana @ 2025-05-14 10:41:05"
[1] "Indiana is 87.4% complete."
[1] "Completed Indiana @ 2025-05-14 10:41:05"
[1] "Indiana is 87.6% complete."
[1] "Completed Indiana @ 2025-05-14 10:41:06"
[1] "Indiana is 87.8% complete."
[1] "Completed Indiana @ 2025-05-14 10:41:06"
[1] "Indiana is 88% complete."
[1] "Completed Indiana @ 2025-05-14 10:41:06"
[1] "Indiana is 88.2% complete."
[1] "Completed Indiana @ 2025-05-14 10:41:06"
[1] "Indiana is 88.4% complete."
[1] "Completed Indiana @ 2025-05-14 10:41:06"
[1] "Indiana is 88.6% complete."
[1] "Completed Indiana @ 2025-05-14 10:41:06"
[1] "Indiana is 88.8% complete."
[1] "Completed Indiana @ 2025-05-14 10:41:07"
[1] "Indiana is 89% complete."
[1] "Completed Indiana @ 2025-05-14 10:41:07"
[1] "Indiana is 89.2% complete."
[1] "Completed Indiana @ 2025-05-14 10:41:07"
[1] "Indiana is 89.4% complete."
[1] "Completed Indiana @ 2025-05-14 10:41:07"
[1] "Indiana is 89.6% complete."
[1] "Completed Indiana @ 2025-05-14 10:41:07"
[1] "Indiana is 89.8% complete."
[1] "Completed Indiana @ 2025-05-14 10:41:08"
[1] "Indiana is 90% complete."
[1] "Completed Indiana @ 2025-05-14 10:41:08"
[1] "Indiana is 90.2% complete."
[1] "Completed Indiana @ 2025-05-14 10:41:08"
[1] "Indiana is 90.4% complete."
[1] "Completed Indiana @ 2025-05-14 10:41:09"
[1] "Indiana is 90.6% complete."
[1] "Completed Indiana @ 2025-05-14 10:41:09"
[1] "Indiana is 90.8% complete."
[1] "Completed Indiana @ 2025-05-14 10:41:09"
[1] "Indiana is 91% complete."
[1] "Completed Indiana @ 2025-05-14 10:41:09"
[1] "Indiana is 91.2% complete."
[1] "Completed Indiana @ 2025-05-14 10:41:09"
[1] "Indiana is 91.4% complete."
[1] "Completed Indiana @ 2025-05-14 10:41:09"
[1] "Indiana is 91.6% complete."
[1] "Completed Indiana @ 2025-05-14 10:41:10"
[1] "Indiana is 91.8% complete."
[1] "Completed Indiana @ 2025-05-14 10:41:10"
[1] "Indiana is 92% complete."
[1] "Completed Indiana @ 2025-05-14 10:41:10"
[1] "Indiana is 92.2% complete."
[1] "Completed Indiana @ 2025-05-14 10:41:10"
[1] "Indiana is 92.4% complete."
[1] "Completed Indiana @ 2025-05-14 10:41:10"
[1] "Indiana is 92.6% complete."
[1] "Completed Indiana @ 2025-05-14 10:41:10"
[1] "Indiana is 92.8% complete."
[1] "Completed Indiana @ 2025-05-14 10:41:11"
[1] "Indiana is 93% complete."
[1] "Completed Indiana @ 2025-05-14 10:41:11"
[1] "Indiana is 93.2% complete."
[1] "Completed Indiana @ 2025-05-14 10:41:11"
[1] "Indiana is 93.4% complete."
[1] "Completed Indiana @ 2025-05-14 10:41:11"
[1] "Indiana is 93.6% complete."
[1] "Completed Indiana @ 2025-05-14 10:41:11"
[1] "Indiana is 93.8% complete."
[1] "Completed Indiana @ 2025-05-14 10:41:12"
[1] "Indiana is 94% complete."
[1] "Completed Indiana @ 2025-05-14 10:41:12"
[1] "Indiana is 94.2% complete."
[1] "Completed Indiana @ 2025-05-14 10:41:12"
[1] "Indiana is 94.4% complete."
[1] "Completed Indiana @ 2025-05-14 10:41:12"
[1] "Indiana is 94.6% complete."
[1] "Completed Indiana @ 2025-05-14 10:41:12"
[1] "Indiana is 94.8% complete."
[1] "Completed Indiana @ 2025-05-14 10:41:13"
[1] "Indiana is 95% complete."
[1] "Completed Indiana @ 2025-05-14 10:41:13"
[1] "Indiana is 95.2% complete."
[1] "Completed Indiana @ 2025-05-14 10:41:13"
[1] "Indiana is 95.4% complete."
[1] "Completed Indiana @ 2025-05-14 10:41:13"
[1] "Indiana is 95.6% complete."
[1] "Completed Indiana @ 2025-05-14 10:41:13"
[1] "Indiana is 95.8% complete."
[1] "Completed Indiana @ 2025-05-14 10:41:13"
[1] "Indiana is 96% complete."
[1] "Completed Indiana @ 2025-05-14 10:41:14"
[1] "Indiana is 96.2% complete."
[1] "Completed Indiana @ 2025-05-14 10:41:14"
[1] "Indiana is 96.4% complete."
[1] "Completed Indiana @ 2025-05-14 10:41:15"
[1] "Indiana is 96.6% complete."
[1] "Completed Indiana @ 2025-05-14 10:41:15"
[1] "Indiana is 96.8% complete."
[1] "Completed Indiana @ 2025-05-14 10:41:16"
[1] "Indiana is 97% complete."
[1] "Completed Indiana @ 2025-05-14 10:41:16"
[1] "Indiana is 97.2% complete."
[1] "Completed Indiana @ 2025-05-14 10:41:16"
[1] "Indiana is 97.4% complete."
[1] "Completed Indiana @ 2025-05-14 10:41:16"
[1] "Indiana is 97.6% complete."
[1] "Completed Indiana @ 2025-05-14 10:41:16"
[1] "Indiana is 97.8% complete."
[1] "Completed Indiana @ 2025-05-14 10:41:17"
[1] "Indiana is 98% complete."
[1] "Completed Indiana @ 2025-05-14 10:41:17"
[1] "Indiana is 98.2% complete."
[1] "Completed Indiana @ 2025-05-14 10:41:17"
[1] "Indiana is 98.4% complete."
[1] "Completed Indiana @ 2025-05-14 10:41:18"
[1] "Indiana is 98.6% complete."
[1] "Completed Indiana @ 2025-05-14 10:41:18"
[1] "Indiana is 98.8% complete."
[1] "Completed Indiana @ 2025-05-14 10:41:19"
[1] "Indiana is 99% complete."
[1] "Completed Indiana @ 2025-05-14 10:41:20"
[1] "Indiana is 99.2% complete."
[1] "Completed Indiana @ 2025-05-14 10:41:20"
[1] "Indiana is 99.4% complete."
[1] "Completed Indiana @ 2025-05-14 10:41:21"
[1] "Indiana is 99.6% complete."
[1] "Completed Indiana @ 2025-05-14 10:41:22"
[1] "Indiana is 99.8% complete."
[1] "Completed Indiana @ 2025-05-14 10:41:23"
[1] "Indiana is 100% complete."
[1] "Completed Indiana @ 2025-05-14 10:41:26"
Deleting layer `Pop' using driver `GPKG'
Writing layer `Pop' to data source 
  `/work/GRDVULN/sewershed/Model/Create_Boundaries/outputs/Pop_Delineated/FP_18.gpkg' using driver `GPKG'
Writing 500 features with 10 fields and geometry type Unknown (any).
[1] "SCRIPT COMPLETE @ 2025-05-14 10:41:41"
