[1] "Starting Kansas"
Reading layer `cb_2021_us_state_500k' from data source 
  `/work/GRDVULN/data/cb_2021_us_all_500k.gdb' using driver `OpenFileGDB'
Simple feature collection with 56 features and 9 fields
Geometry type: MULTIPOLYGON
Dimension:     XY
Bounding box:  xmin: -179.1489 ymin: -14.5487 xmax: 179.7785 ymax: 71.36516
Geodetic CRS:  NAD83
[1] "Building 554 systems"
[1] "Kansas is 0.2% complete."
[1] "Completed Kansas @ 2025-05-14 10:39:41"
[1] "Kansas is 0.4% complete."
[1] "Completed Kansas @ 2025-05-14 10:39:41"
[1] "Kansas is 0.5% complete."
[1] "Completed Kansas @ 2025-05-14 10:39:41"
[1] "Kansas is 0.7% complete."
[1] "Completed Kansas @ 2025-05-14 10:39:41"
[1] "Kansas is 0.9% complete."
[1] "Completed Kansas @ 2025-05-14 10:39:41"
[1] "Kansas is 1.1% complete."
[1] "Completed Kansas @ 2025-05-14 10:39:41"
[1] "Kansas is 1.3% complete."
[1] "Completed Kansas @ 2025-05-14 10:39:41"
[1] "Kansas is 1.4% complete."
[1] "Completed Kansas @ 2025-05-14 10:39:41"
[1] "Kansas is 1.6% complete."
[1] "Completed Kansas @ 2025-05-14 10:39:41"
[1] "Kansas is 1.8% complete."
[1] "Completed Kansas @ 2025-05-14 10:39:41"
[1] "Kansas is 2% complete."
[1] "Completed Kansas @ 2025-05-14 10:39:41"
[1] "Kansas is 2.2% complete."
[1] "Completed Kansas @ 2025-05-14 10:39:41"
[1] "Kansas is 2.3% complete."
[1] "Completed Kansas @ 2025-05-14 10:39:41"
[1] "Kansas is 2.5% complete."
[1] "Completed Kansas @ 2025-05-14 10:39:41"
[1] "Kansas is 2.7% complete."
[1] "Completed Kansas @ 2025-05-14 10:39:41"
[1] "Kansas is 2.9% complete."
[1] "Completed Kansas @ 2025-05-14 10:39:41"
[1] "Kansas is 3.1% complete."
[1] "Completed Kansas @ 2025-05-14 10:39:41"
[1] "Kansas is 3.2% complete."
[1] "Completed Kansas @ 2025-05-14 10:39:41"
[1] "Kansas is 3.4% complete."
[1] "Completed Kansas @ 2025-05-14 10:39:41"
[1] "Kansas is 3.6% complete."
[1] "Completed Kansas @ 2025-05-14 10:39:42"
[1] "Kansas is 3.8% complete."
[1] "Completed Kansas @ 2025-05-14 10:39:42"
[1] "Kansas is 4% complete."
[1] "Completed Kansas @ 2025-05-14 10:39:42"
[1] "Kansas is 4.2% complete."
[1] "Completed Kansas @ 2025-05-14 10:39:42"
[1] "Kansas is 4.3% complete."
[1] "Completed Kansas @ 2025-05-14 10:39:42"
[1] "Kansas is 4.5% complete."
[1] "Completed Kansas @ 2025-05-14 10:39:42"
[1] "Kansas is 4.7% complete."
[1] "Completed Kansas @ 2025-05-14 10:39:42"
[1] "Kansas is 4.9% complete."
[1] "Completed Kansas @ 2025-05-14 10:39:42"
[1] "Kansas is 5.1% complete."
[1] "Completed Kansas @ 2025-05-14 10:39:42"
[1] "Kansas is 5.2% complete."
[1] "Completed Kansas @ 2025-05-14 10:39:42"
[1] "Kansas is 5.4% complete."
[1] "Completed Kansas @ 2025-05-14 10:39:42"
[1] "Kansas is 5.6% complete."
[1] "Completed Kansas @ 2025-05-14 10:39:42"
[1] "Kansas is 5.8% complete."
[1] "Completed Kansas @ 2025-05-14 10:39:42"
[1] "Kansas is 6% complete."
[1] "Completed Kansas @ 2025-05-14 10:39:42"
[1] "Kansas is 6.1% complete."
[1] "Completed Kansas @ 2025-05-14 10:39:42"
[1] "Kansas is 6.3% complete."
[1] "Completed Kansas @ 2025-05-14 10:39:42"
[1] "Kansas is 6.5% complete."
[1] "Completed Kansas @ 2025-05-14 10:39:42"
[1] "Kansas is 6.7% complete."
[1] "Completed Kansas @ 2025-05-14 10:39:42"
[1] "Kansas is 6.9% complete."
[1] "Completed Kansas @ 2025-05-14 10:39:42"
[1] "Kansas is 7% complete."
[1] "Completed Kansas @ 2025-05-14 10:39:43"
[1] "Kansas is 7.2% complete."
[1] "Completed Kansas @ 2025-05-14 10:39:43"
[1] "Kansas is 7.4% complete."
[1] "Completed Kansas @ 2025-05-14 10:39:43"
[1] "Kansas is 7.6% complete."
[1] "Completed Kansas @ 2025-05-14 10:39:43"
[1] "Kansas is 7.8% complete."
[1] "Completed Kansas @ 2025-05-14 10:39:44"
[1] "Kansas is 7.9% complete."
[1] "Completed Kansas @ 2025-05-14 10:39:44"
[1] "Kansas is 8.1% complete."
[1] "Completed Kansas @ 2025-05-14 10:39:44"
[1] "Kansas is 8.3% complete."
[1] "Completed Kansas @ 2025-05-14 10:39:44"
[1] "Kansas is 8.5% complete."
[1] "Completed Kansas @ 2025-05-14 10:39:44"
[1] "Kansas is 8.7% complete."
[1] "Completed Kansas @ 2025-05-14 10:39:44"
[1] "Kansas is 8.8% complete."
[1] "Completed Kansas @ 2025-05-14 10:39:44"
[1] "Kansas is 9% complete."
[1] "Completed Kansas @ 2025-05-14 10:39:44"
[1] "Kansas is 9.2% complete."
[1] "Completed Kansas @ 2025-05-14 10:39:44"
[1] "Kansas is 9.4% complete."
[1] "Completed Kansas @ 2025-05-14 10:39:44"
[1] "Kansas is 9.6% complete."
[1] "Completed Kansas @ 2025-05-14 10:39:44"
[1] "Kansas is 9.7% complete."
[1] "Completed Kansas @ 2025-05-14 10:39:44"
[1] "Kansas is 9.9% complete."
[1] "Completed Kansas @ 2025-05-14 10:39:44"
[1] "Kansas is 10.1% complete."
[1] "Completed Kansas @ 2025-05-14 10:39:44"
[1] "Kansas is 10.3% complete."
[1] "Completed Kansas @ 2025-05-14 10:39:44"
[1] "Kansas is 10.5% complete."
[1] "Completed Kansas @ 2025-05-14 10:39:44"
[1] "Kansas is 10.6% complete."
[1] "Completed Kansas @ 2025-05-14 10:39:44"
[1] "Kansas is 10.8% complete."
[1] "Completed Kansas @ 2025-05-14 10:39:44"
[1] "Kansas is 11% complete."
[1] "Completed Kansas @ 2025-05-14 10:39:44"
[1] "Kansas is 11.2% complete."
[1] "Completed Kansas @ 2025-05-14 10:39:44"
[1] "Kansas is 11.4% complete."
[1] "Completed Kansas @ 2025-05-14 10:39:44"
[1] "Kansas is 11.6% complete."
[1] "Completed Kansas @ 2025-05-14 10:39:44"
[1] "Kansas is 11.7% complete."
[1] "Completed Kansas @ 2025-05-14 10:39:45"
[1] "Kansas is 11.9% complete."
[1] "Completed Kansas @ 2025-05-14 10:39:45"
[1] "Kansas is 12.1% complete."
[1] "Completed Kansas @ 2025-05-14 10:39:45"
[1] "Kansas is 12.3% complete."
[1] "Completed Kansas @ 2025-05-14 10:39:45"
[1] "Kansas is 12.5% complete."
[1] "Completed Kansas @ 2025-05-14 10:39:45"
[1] "Kansas is 12.6% complete."
[1] "Completed Kansas @ 2025-05-14 10:39:45"
[1] "Kansas is 12.8% complete."
[1] "Completed Kansas @ 2025-05-14 10:39:45"
[1] "Kansas is 13% complete."
[1] "Completed Kansas @ 2025-05-14 10:39:45"
[1] "Kansas is 13.2% complete."
[1] "Completed Kansas @ 2025-05-14 10:39:45"
[1] "Kansas is 13.4% complete."
[1] "Completed Kansas @ 2025-05-14 10:39:45"
[1] "Kansas is 13.5% complete."
[1] "Completed Kansas @ 2025-05-14 10:39:45"
[1] "Kansas is 13.7% complete."
[1] "Completed Kansas @ 2025-05-14 10:39:45"
[1] "Kansas is 13.9% complete."
[1] "Completed Kansas @ 2025-05-14 10:39:45"
[1] "Kansas is 14.1% complete."
[1] "Completed Kansas @ 2025-05-14 10:39:45"
[1] "Kansas is 14.3% complete."
[1] "Completed Kansas @ 2025-05-14 10:39:45"
[1] "Kansas is 14.4% complete."
[1] "Completed Kansas @ 2025-05-14 10:39:45"
[1] "Kansas is 14.6% complete."
[1] "Completed Kansas @ 2025-05-14 10:39:45"
[1] "Kansas is 14.8% complete."
[1] "Completed Kansas @ 2025-05-14 10:39:45"
[1] "Kansas is 15% complete."
[1] "Completed Kansas @ 2025-05-14 10:39:45"
[1] "Kansas is 15.2% complete."
[1] "Completed Kansas @ 2025-05-14 10:39:45"
[1] "Kansas is 15.3% complete."
[1] "Completed Kansas @ 2025-05-14 10:39:46"
[1] "Kansas is 15.5% complete."
[1] "Completed Kansas @ 2025-05-14 10:39:46"
[1] "Kansas is 15.7% complete."
[1] "Completed Kansas @ 2025-05-14 10:39:46"
[1] "Kansas is 15.9% complete."
[1] "Completed Kansas @ 2025-05-14 10:39:46"
[1] "Kansas is 16.1% complete."
[1] "Completed Kansas @ 2025-05-14 10:39:46"
[1] "Kansas is 16.2% complete."
[1] "Completed Kansas @ 2025-05-14 10:39:46"
[1] "Kansas is 16.4% complete."
[1] "Completed Kansas @ 2025-05-14 10:39:46"
[1] "Kansas is 16.6% complete."
[1] "Completed Kansas @ 2025-05-14 10:39:47"
[1] "Kansas is 16.8% complete."
[1] "Completed Kansas @ 2025-05-14 10:39:47"
[1] "Kansas is 17% complete."
[1] "Completed Kansas @ 2025-05-14 10:39:47"
[1] "Kansas is 17.1% complete."
[1] "Completed Kansas @ 2025-05-14 10:39:47"
[1] "Kansas is 17.3% complete."
[1] "Completed Kansas @ 2025-05-14 10:39:47"
[1] "Kansas is 17.5% complete."
[1] "Completed Kansas @ 2025-05-14 10:39:47"
[1] "Kansas is 17.7% complete."
[1] "Completed Kansas @ 2025-05-14 10:39:47"
[1] "Kansas is 17.9% complete."
[1] "Completed Kansas @ 2025-05-14 10:39:47"
[1] "Kansas is 18.1% complete."
[1] "Completed Kansas @ 2025-05-14 10:39:47"
[1] "Kansas is 18.2% complete."
[1] "Completed Kansas @ 2025-05-14 10:39:47"
[1] "Kansas is 18.4% complete."
[1] "Completed Kansas @ 2025-05-14 10:39:47"
[1] "Kansas is 18.6% complete."
[1] "Completed Kansas @ 2025-05-14 10:39:47"
[1] "Kansas is 18.8% complete."
[1] "Completed Kansas @ 2025-05-14 10:39:47"
[1] "Kansas is 19% complete."
[1] "Completed Kansas @ 2025-05-14 10:39:47"
[1] "Kansas is 19.1% complete."
[1] "Completed Kansas @ 2025-05-14 10:39:47"
[1] "Kansas is 19.3% complete."
[1] "Completed Kansas @ 2025-05-14 10:39:47"
[1] "Kansas is 19.5% complete."
[1] "Completed Kansas @ 2025-05-14 10:39:47"
[1] "Kansas is 19.7% complete."
[1] "Completed Kansas @ 2025-05-14 10:39:47"
[1] "Kansas is 19.9% complete."
[1] "Completed Kansas @ 2025-05-14 10:39:47"
[1] "Kansas is 20% complete."
[1] "Completed Kansas @ 2025-05-14 10:39:47"
[1] "Kansas is 20.2% complete."
[1] "Completed Kansas @ 2025-05-14 10:39:47"
[1] "Kansas is 20.4% complete."
[1] "Completed Kansas @ 2025-05-14 10:39:48"
[1] "Kansas is 20.6% complete."
[1] "Completed Kansas @ 2025-05-14 10:39:48"
[1] "Kansas is 20.8% complete."
[1] "Completed Kansas @ 2025-05-14 10:39:48"
[1] "Kansas is 20.9% complete."
[1] "Completed Kansas @ 2025-05-14 10:39:48"
[1] "Kansas is 21.1% complete."
[1] "Completed Kansas @ 2025-05-14 10:39:48"
[1] "Kansas is 21.3% complete."
[1] "Completed Kansas @ 2025-05-14 10:39:48"
[1] "Kansas is 21.5% complete."
[1] "Completed Kansas @ 2025-05-14 10:39:48"
[1] "Kansas is 21.7% complete."
[1] "Completed Kansas @ 2025-05-14 10:39:48"
[1] "Kansas is 21.8% complete."
[1] "Completed Kansas @ 2025-05-14 10:39:48"
[1] "Kansas is 22% complete."
[1] "Completed Kansas @ 2025-05-14 10:39:48"
[1] "Kansas is 22.2% complete."
[1] "Completed Kansas @ 2025-05-14 10:39:48"
[1] "Kansas is 22.4% complete."
[1] "Completed Kansas @ 2025-05-14 10:39:48"
[1] "Kansas is 22.6% complete."
[1] "Completed Kansas @ 2025-05-14 10:39:48"
[1] "Kansas is 22.7% complete."
[1] "Completed Kansas @ 2025-05-14 10:39:48"
[1] "Kansas is 22.9% complete."
[1] "Completed Kansas @ 2025-05-14 10:39:48"
[1] "Kansas is 23.1% complete."
[1] "Completed Kansas @ 2025-05-14 10:39:48"
[1] "Kansas is 23.3% complete."
[1] "Completed Kansas @ 2025-05-14 10:39:48"
[1] "Kansas is 23.5% complete."
[1] "Completed Kansas @ 2025-05-14 10:39:48"
[1] "Kansas is 23.6% complete."
[1] "Completed Kansas @ 2025-05-14 10:39:49"
[1] "Kansas is 23.8% complete."
[1] "Completed Kansas @ 2025-05-14 10:39:49"
[1] "Kansas is 24% complete."
[1] "Completed Kansas @ 2025-05-14 10:39:49"
[1] "Kansas is 24.2% complete."
[1] "Completed Kansas @ 2025-05-14 10:39:49"
[1] "Kansas is 24.4% complete."
[1] "Completed Kansas @ 2025-05-14 10:39:49"
[1] "Kansas is 24.5% complete."
[1] "Completed Kansas @ 2025-05-14 10:39:49"
[1] "Kansas is 24.7% complete."
[1] "Completed Kansas @ 2025-05-14 10:39:49"
[1] "Kansas is 24.9% complete."
[1] "Completed Kansas @ 2025-05-14 10:39:49"
[1] "Kansas is 25.1% complete."
[1] "Completed Kansas @ 2025-05-14 10:39:49"
[1] "Kansas is 25.3% complete."
[1] "Completed Kansas @ 2025-05-14 10:39:50"
[1] "Kansas is 25.5% complete."
[1] "Completed Kansas @ 2025-05-14 10:39:50"
[1] "Kansas is 25.6% complete."
[1] "Completed Kansas @ 2025-05-14 10:39:50"
[1] "Kansas is 25.8% complete."
[1] "Completed Kansas @ 2025-05-14 10:39:50"
[1] "Kansas is 26% complete."
[1] "Completed Kansas @ 2025-05-14 10:39:50"
[1] "Kansas is 26.2% complete."
[1] "Completed Kansas @ 2025-05-14 10:39:50"
[1] "Kansas is 26.4% complete."
[1] "Completed Kansas @ 2025-05-14 10:39:50"
[1] "Kansas is 26.5% complete."
[1] "Completed Kansas @ 2025-05-14 10:39:50"
[1] "Kansas is 26.7% complete."
[1] "Completed Kansas @ 2025-05-14 10:39:50"
[1] "Kansas is 26.9% complete."
[1] "Completed Kansas @ 2025-05-14 10:39:50"
[1] "Kansas is 27.1% complete."
[1] "Completed Kansas @ 2025-05-14 10:39:50"
[1] "Kansas is 27.3% complete."
[1] "Completed Kansas @ 2025-05-14 10:39:50"
[1] "Kansas is 27.4% complete."
[1] "Completed Kansas @ 2025-05-14 10:39:50"
[1] "Kansas is 27.6% complete."
[1] "Completed Kansas @ 2025-05-14 10:39:50"
[1] "Kansas is 27.8% complete."
[1] "Completed Kansas @ 2025-05-14 10:39:50"
[1] "Kansas is 28% complete."
[1] "Completed Kansas @ 2025-05-14 10:39:50"
[1] "Kansas is 28.2% complete."
[1] "Completed Kansas @ 2025-05-14 10:39:50"
[1] "Kansas is 28.3% complete."
[1] "Completed Kansas @ 2025-05-14 10:39:50"
[1] "Kansas is 28.5% complete."
[1] "Completed Kansas @ 2025-05-14 10:39:50"
[1] "Kansas is 28.7% complete."
[1] "Completed Kansas @ 2025-05-14 10:39:50"
[1] "Kansas is 28.9% complete."
[1] "Completed Kansas @ 2025-05-14 10:39:51"
[1] "Kansas is 29.1% complete."
[1] "Completed Kansas @ 2025-05-14 10:39:51"
[1] "Kansas is 29.2% complete."
[1] "Completed Kansas @ 2025-05-14 10:39:51"
[1] "Kansas is 29.4% complete."
[1] "Completed Kansas @ 2025-05-14 10:39:51"
[1] "Kansas is 29.6% complete."
[1] "Completed Kansas @ 2025-05-14 10:39:51"
[1] "Kansas is 29.8% complete."
[1] "Completed Kansas @ 2025-05-14 10:39:51"
[1] "Kansas is 30% complete."
[1] "Completed Kansas @ 2025-05-14 10:39:51"
[1] "Kansas is 30.1% complete."
[1] "Completed Kansas @ 2025-05-14 10:39:51"
[1] "Kansas is 30.3% complete."
[1] "Completed Kansas @ 2025-05-14 10:39:51"
[1] "Kansas is 30.5% complete."
[1] "Completed Kansas @ 2025-05-14 10:39:51"
[1] "Kansas is 30.7% complete."
[1] "Completed Kansas @ 2025-05-14 10:39:51"
[1] "Kansas is 30.9% complete."
[1] "Completed Kansas @ 2025-05-14 10:39:51"
[1] "Kansas is 31% complete."
[1] "Completed Kansas @ 2025-05-14 10:39:51"
[1] "Kansas is 31.2% complete."
[1] "Completed Kansas @ 2025-05-14 10:39:51"
[1] "Kansas is 31.4% complete."
[1] "Completed Kansas @ 2025-05-14 10:39:51"
[1] "Kansas is 31.6% complete."
[1] "Completed Kansas @ 2025-05-14 10:39:52"
[1] "Kansas is 31.8% complete."
[1] "Completed Kansas @ 2025-05-14 10:39:52"
[1] "Kansas is 31.9% complete."
[1] "Completed Kansas @ 2025-05-14 10:39:52"
[1] "Kansas is 32.1% complete."
[1] "Completed Kansas @ 2025-05-14 10:39:52"
[1] "Kansas is 32.3% complete."
[1] "Completed Kansas @ 2025-05-14 10:39:52"
[1] "Kansas is 32.5% complete."
[1] "Completed Kansas @ 2025-05-14 10:39:52"
[1] "Kansas is 32.7% complete."
[1] "Completed Kansas @ 2025-05-14 10:39:52"
[1] "Kansas is 32.9% complete."
[1] "Completed Kansas @ 2025-05-14 10:39:52"
[1] "Kansas is 33% complete."
[1] "Completed Kansas @ 2025-05-14 10:39:52"
[1] "Kansas is 33.2% complete."
[1] "Completed Kansas @ 2025-05-14 10:39:52"
[1] "Kansas is 33.4% complete."
[1] "Completed Kansas @ 2025-05-14 10:39:52"
[1] "Kansas is 33.6% complete."
[1] "Completed Kansas @ 2025-05-14 10:39:52"
[1] "Kansas is 33.8% complete."
[1] "Completed Kansas @ 2025-05-14 10:39:53"
[1] "Kansas is 33.9% complete."
[1] "Completed Kansas @ 2025-05-14 10:39:53"
[1] "Kansas is 34.1% complete."
[1] "Completed Kansas @ 2025-05-14 10:39:53"
[1] "Kansas is 34.3% complete."
[1] "Completed Kansas @ 2025-05-14 10:39:53"
[1] "Kansas is 34.5% complete."
[1] "Completed Kansas @ 2025-05-14 10:39:53"
[1] "Kansas is 34.7% complete."
[1] "Completed Kansas @ 2025-05-14 10:39:53"
[1] "Kansas is 34.8% complete."
[1] "Completed Kansas @ 2025-05-14 10:39:53"
[1] "Kansas is 35% complete."
[1] "Completed Kansas @ 2025-05-14 10:39:53"
[1] "Kansas is 35.2% complete."
[1] "Completed Kansas @ 2025-05-14 10:39:53"
[1] "Kansas is 35.4% complete."
[1] "Completed Kansas @ 2025-05-14 10:39:53"
[1] "Kansas is 35.6% complete."
[1] "Completed Kansas @ 2025-05-14 10:39:53"
[1] "Kansas is 35.7% complete."
[1] "Completed Kansas @ 2025-05-14 10:39:53"
[1] "Kansas is 35.9% complete."
[1] "Completed Kansas @ 2025-05-14 10:39:53"
[1] "Kansas is 36.1% complete."
[1] "Completed Kansas @ 2025-05-14 10:39:53"
[1] "Kansas is 36.3% complete."
[1] "Completed Kansas @ 2025-05-14 10:39:53"
[1] "Kansas is 36.5% complete."
[1] "Completed Kansas @ 2025-05-14 10:39:53"
[1] "Kansas is 36.6% complete."
[1] "Completed Kansas @ 2025-05-14 10:39:53"
[1] "Kansas is 36.8% complete."
[1] "Completed Kansas @ 2025-05-14 10:39:53"
[1] "Kansas is 37% complete."
[1] "Completed Kansas @ 2025-05-14 10:39:53"
[1] "Kansas is 37.2% complete."
[1] "Completed Kansas @ 2025-05-14 10:39:53"
[1] "Kansas is 37.4% complete."
[1] "Completed Kansas @ 2025-05-14 10:39:54"
[1] "Kansas is 37.5% complete."
[1] "Completed Kansas @ 2025-05-14 10:39:54"
[1] "Kansas is 37.7% complete."
[1] "Completed Kansas @ 2025-05-14 10:39:54"
[1] "Kansas is 37.9% complete."
[1] "Completed Kansas @ 2025-05-14 10:39:54"
[1] "Kansas is 38.1% complete."
[1] "Completed Kansas @ 2025-05-14 10:39:54"
[1] "Kansas is 38.3% complete."
[1] "Completed Kansas @ 2025-05-14 10:39:54"
[1] "Kansas is 38.4% complete."
[1] "Completed Kansas @ 2025-05-14 10:39:54"
[1] "Kansas is 38.6% complete."
[1] "Completed Kansas @ 2025-05-14 10:39:54"
[1] "Kansas is 38.8% complete."
[1] "Completed Kansas @ 2025-05-14 10:39:54"
[1] "Kansas is 39% complete."
[1] "Completed Kansas @ 2025-05-14 10:39:54"
[1] "Kansas is 39.2% complete."
[1] "Completed Kansas @ 2025-05-14 10:39:54"
[1] "Kansas is 39.4% complete."
[1] "Completed Kansas @ 2025-05-14 10:39:55"
[1] "Kansas is 39.5% complete."
[1] "Completed Kansas @ 2025-05-14 10:39:55"
[1] "Kansas is 39.7% complete."
[1] "Completed Kansas @ 2025-05-14 10:39:55"
[1] "Kansas is 39.9% complete."
[1] "Completed Kansas @ 2025-05-14 10:39:55"
[1] "Kansas is 40.1% complete."
[1] "Completed Kansas @ 2025-05-14 10:39:55"
[1] "Kansas is 40.3% complete."
[1] "Completed Kansas @ 2025-05-14 10:39:55"
[1] "Kansas is 40.4% complete."
[1] "Completed Kansas @ 2025-05-14 10:39:55"
[1] "Kansas is 40.6% complete."
[1] "Completed Kansas @ 2025-05-14 10:39:55"
[1] "Kansas is 40.8% complete."
[1] "Completed Kansas @ 2025-05-14 10:39:55"
[1] "Kansas is 41% complete."
[1] "Completed Kansas @ 2025-05-14 10:39:55"
[1] "Kansas is 41.2% complete."
[1] "Completed Kansas @ 2025-05-14 10:39:55"
[1] "Kansas is 41.3% complete."
[1] "Completed Kansas @ 2025-05-14 10:39:55"
[1] "Kansas is 41.5% complete."
[1] "Completed Kansas @ 2025-05-14 10:39:55"
[1] "Kansas is 41.7% complete."
[1] "Completed Kansas @ 2025-05-14 10:39:55"
[1] "Kansas is 41.9% complete."
[1] "Completed Kansas @ 2025-05-14 10:39:55"
[1] "Kansas is 42.1% complete."
[1] "Completed Kansas @ 2025-05-14 10:39:55"
[1] "Kansas is 42.2% complete."
[1] "Completed Kansas @ 2025-05-14 10:39:56"
[1] "Kansas is 42.4% complete."
[1] "Completed Kansas @ 2025-05-14 10:39:56"
[1] "Kansas is 42.6% complete."
[1] "Completed Kansas @ 2025-05-14 10:39:56"
[1] "Kansas is 42.8% complete."
[1] "Completed Kansas @ 2025-05-14 10:39:56"
[1] "Kansas is 43% complete."
[1] "Completed Kansas @ 2025-05-14 10:39:56"
[1] "Kansas is 43.1% complete."
[1] "Completed Kansas @ 2025-05-14 10:39:56"
[1] "Kansas is 43.3% complete."
[1] "Completed Kansas @ 2025-05-14 10:39:56"
[1] "Kansas is 43.5% complete."
[1] "Completed Kansas @ 2025-05-14 10:39:56"
[1] "Kansas is 43.7% complete."
[1] "Completed Kansas @ 2025-05-14 10:39:56"
[1] "Kansas is 43.9% complete."
[1] "Completed Kansas @ 2025-05-14 10:39:56"
[1] "Kansas is 44% complete."
[1] "Completed Kansas @ 2025-05-14 10:39:56"
[1] "Kansas is 44.2% complete."
[1] "Completed Kansas @ 2025-05-14 10:40:27"
[1] "Kansas is 44.4% complete."
[1] "Completed Kansas @ 2025-05-14 10:40:27"
[1] "Kansas is 44.6% complete."
[1] "Completed Kansas @ 2025-05-14 10:40:27"
[1] "Kansas is 44.8% complete."
[1] "Completed Kansas @ 2025-05-14 10:40:27"
[1] "Kansas is 44.9% complete."
[1] "Completed Kansas @ 2025-05-14 10:40:27"
[1] "Kansas is 45.1% complete."
[1] "Completed Kansas @ 2025-05-14 10:40:27"
[1] "Kansas is 45.3% complete."
[1] "Completed Kansas @ 2025-05-14 10:40:46"
[1] "Kansas is 45.5% complete."
[1] "Completed Kansas @ 2025-05-14 10:40:46"
[1] "Kansas is 45.7% complete."
[1] "Completed Kansas @ 2025-05-14 10:40:49"
[1] "Kansas is 45.8% complete."
[1] "Completed Kansas @ 2025-05-14 10:40:49"
[1] "Kansas is 46% complete."
[1] "Completed Kansas @ 2025-05-14 10:40:49"
[1] "Kansas is 46.2% complete."
[1] "Completed Kansas @ 2025-05-14 10:40:49"
[1] "Kansas is 46.4% complete."
[1] "Completed Kansas @ 2025-05-14 10:40:49"
[1] "Kansas is 46.6% complete."
[1] "Completed Kansas @ 2025-05-14 10:40:50"
[1] "Kansas is 46.8% complete."
[1] "Completed Kansas @ 2025-05-14 10:40:50"
[1] "Kansas is 46.9% complete."
[1] "Completed Kansas @ 2025-05-14 10:40:52"
[1] "Kansas is 47.1% complete."
[1] "Completed Kansas @ 2025-05-14 10:40:52"
[1] "Kansas is 47.3% complete."
[1] "Completed Kansas @ 2025-05-14 10:40:52"
[1] "Kansas is 47.5% complete."
[1] "Completed Kansas @ 2025-05-14 10:40:52"
[1] "Kansas is 47.7% complete."
[1] "Completed Kansas @ 2025-05-14 10:40:52"
[1] "Kansas is 47.8% complete."
[1] "Completed Kansas @ 2025-05-14 10:40:52"
[1] "Kansas is 48% complete."
[1] "Completed Kansas @ 2025-05-14 10:40:52"
[1] "Kansas is 48.2% complete."
[1] "Completed Kansas @ 2025-05-14 10:40:53"
[1] "Kansas is 48.4% complete."
[1] "Completed Kansas @ 2025-05-14 10:40:53"
[1] "Kansas is 48.6% complete."
[1] "Completed Kansas @ 2025-05-14 10:40:53"
[1] "Kansas is 48.7% complete."
[1] "Completed Kansas @ 2025-05-14 10:40:53"
[1] "Kansas is 48.9% complete."
[1] "Completed Kansas @ 2025-05-14 10:40:53"
[1] "Kansas is 49.1% complete."
[1] "Completed Kansas @ 2025-05-14 10:40:53"
[1] "Kansas is 49.3% complete."
[1] "Completed Kansas @ 2025-05-14 10:40:53"
[1] "Kansas is 49.5% complete."
[1] "Completed Kansas @ 2025-05-14 10:40:53"
[1] "Kansas is 49.6% complete."
[1] "Completed Kansas @ 2025-05-14 10:40:53"
[1] "Kansas is 49.8% complete."
[1] "Completed Kansas @ 2025-05-14 10:40:53"
[1] "Kansas is 50% complete."
[1] "Completed Kansas @ 2025-05-14 10:40:53"
[1] "Kansas is 50.2% complete."
[1] "Completed Kansas @ 2025-05-14 10:40:53"
[1] "Kansas is 50.4% complete."
[1] "Completed Kansas @ 2025-05-14 10:40:53"
[1] "Kansas is 50.5% complete."
[1] "Completed Kansas @ 2025-05-14 10:40:53"
[1] "Kansas is 50.7% complete."
[1] "Completed Kansas @ 2025-05-14 10:40:53"
[1] "Kansas is 50.9% complete."
[1] "Completed Kansas @ 2025-05-14 10:40:53"
[1] "Kansas is 51.1% complete."
[1] "Completed Kansas @ 2025-05-14 10:40:53"
[1] "Kansas is 51.3% complete."
[1] "Completed Kansas @ 2025-05-14 10:40:55"
[1] "Kansas is 51.4% complete."
[1] "Completed Kansas @ 2025-05-14 10:40:55"
[1] "Kansas is 51.6% complete."
[1] "Completed Kansas @ 2025-05-14 10:40:56"
[1] "Kansas is 51.8% complete."
[1] "Completed Kansas @ 2025-05-14 10:40:57"
[1] "Kansas is 52% complete."
[1] "Completed Kansas @ 2025-05-14 10:40:58"
[1] "Kansas is 52.2% complete."
[1] "Completed Kansas @ 2025-05-14 10:40:58"
[1] "Kansas is 52.3% complete."
[1] "Completed Kansas @ 2025-05-14 10:40:59"
[1] "Kansas is 52.5% complete."
[1] "Completed Kansas @ 2025-05-14 10:40:59"
[1] "Kansas is 52.7% complete."
[1] "Completed Kansas @ 2025-05-14 10:40:59"
[1] "Kansas is 52.9% complete."
[1] "Completed Kansas @ 2025-05-14 10:40:59"
[1] "Kansas is 53.1% complete."
[1] "Completed Kansas @ 2025-05-14 10:40:59"
[1] "Kansas is 53.2% complete."
[1] "Completed Kansas @ 2025-05-14 10:41:00"
[1] "Kansas is 53.4% complete."
[1] "Completed Kansas @ 2025-05-14 10:41:00"
[1] "Kansas is 53.6% complete."
[1] "Completed Kansas @ 2025-05-14 10:41:00"
[1] "Kansas is 53.8% complete."
[1] "Completed Kansas @ 2025-05-14 10:41:00"
[1] "Kansas is 54% complete."
[1] "Completed Kansas @ 2025-05-14 10:41:00"
[1] "Kansas is 54.2% complete."
[1] "Completed Kansas @ 2025-05-14 10:41:00"
[1] "Kansas is 54.3% complete."
[1] "Completed Kansas @ 2025-05-14 10:41:00"
[1] "Kansas is 54.5% complete."
[1] "Completed Kansas @ 2025-05-14 10:41:01"
[1] "Kansas is 54.7% complete."
[1] "Completed Kansas @ 2025-05-14 10:41:01"
[1] "Kansas is 54.9% complete."
[1] "Completed Kansas @ 2025-05-14 10:41:01"
[1] "Kansas is 55.1% complete."
[1] "Completed Kansas @ 2025-05-14 10:41:01"
[1] "Kansas is 55.2% complete."
[1] "Completed Kansas @ 2025-05-14 10:41:01"
[1] "Kansas is 55.4% complete."
[1] "Completed Kansas @ 2025-05-14 10:41:01"
[1] "Kansas is 55.6% complete."
[1] "Completed Kansas @ 2025-05-14 10:41:01"
[1] "Kansas is 55.8% complete."
[1] "Completed Kansas @ 2025-05-14 10:41:01"
[1] "Kansas is 56% complete."
[1] "Completed Kansas @ 2025-05-14 10:41:01"
[1] "Kansas is 56.1% complete."
[1] "Completed Kansas @ 2025-05-14 10:41:01"
[1] "Kansas is 56.3% complete."
[1] "Completed Kansas @ 2025-05-14 10:41:03"
[1] "Kansas is 56.5% complete."
[1] "Completed Kansas @ 2025-05-14 10:41:03"
[1] "Kansas is 56.7% complete."
[1] "Completed Kansas @ 2025-05-14 10:41:04"
[1] "Kansas is 56.9% complete."
[1] "Completed Kansas @ 2025-05-14 10:41:04"
[1] "Kansas is 57% complete."
[1] "Completed Kansas @ 2025-05-14 10:41:05"
[1] "Kansas is 57.2% complete."
[1] "Completed Kansas @ 2025-05-14 10:41:05"
[1] "Kansas is 57.4% complete."
[1] "Completed Kansas @ 2025-05-14 10:41:05"
[1] "Kansas is 57.6% complete."
[1] "Completed Kansas @ 2025-05-14 10:41:05"
[1] "Kansas is 57.8% complete."
[1] "Completed Kansas @ 2025-05-14 10:41:06"
[1] "Kansas is 57.9% complete."
[1] "Completed Kansas @ 2025-05-14 10:41:06"
[1] "Kansas is 58.1% complete."
[1] "Completed Kansas @ 2025-05-14 10:41:06"
[1] "Kansas is 58.3% complete."
[1] "Completed Kansas @ 2025-05-14 10:41:06"
[1] "Kansas is 58.5% complete."
[1] "Completed Kansas @ 2025-05-14 10:41:06"
[1] "Kansas is 58.7% complete."
[1] "Completed Kansas @ 2025-05-14 10:41:06"
[1] "Kansas is 58.8% complete."
[1] "Completed Kansas @ 2025-05-14 10:41:06"
[1] "Kansas is 59% complete."
[1] "Completed Kansas @ 2025-05-14 10:41:06"
[1] "Kansas is 59.2% complete."
[1] "Completed Kansas @ 2025-05-14 10:41:06"
[1] "Kansas is 59.4% complete."
[1] "Completed Kansas @ 2025-05-14 10:41:06"
[1] "Kansas is 59.6% complete."
[1] "Completed Kansas @ 2025-05-14 10:41:07"
[1] "Kansas is 59.7% complete."
[1] "Completed Kansas @ 2025-05-14 10:41:07"
[1] "Kansas is 59.9% complete."
[1] "Completed Kansas @ 2025-05-14 10:41:07"
[1] "Kansas is 60.1% complete."
[1] "Completed Kansas @ 2025-05-14 10:41:07"
[1] "Kansas is 60.3% complete."
[1] "Completed Kansas @ 2025-05-14 10:41:07"
[1] "Kansas is 60.5% complete."
[1] "Completed Kansas @ 2025-05-14 10:41:07"
[1] "Kansas is 60.6% complete."
[1] "Completed Kansas @ 2025-05-14 10:41:07"
[1] "Kansas is 60.8% complete."
[1] "Completed Kansas @ 2025-05-14 10:41:07"
[1] "Kansas is 61% complete."
[1] "Completed Kansas @ 2025-05-14 10:41:07"
[1] "Kansas is 61.2% complete."
[1] "Completed Kansas @ 2025-05-14 10:41:07"
[1] "Kansas is 61.4% complete."
[1] "Completed Kansas @ 2025-05-14 10:41:08"
[1] "Kansas is 61.6% complete."
[1] "Completed Kansas @ 2025-05-14 10:41:08"
[1] "Kansas is 61.7% complete."
[1] "Completed Kansas @ 2025-05-14 10:41:08"
[1] "Kansas is 61.9% complete."
[1] "Completed Kansas @ 2025-05-14 10:41:08"
[1] "Kansas is 62.1% complete."
[1] "Completed Kansas @ 2025-05-14 10:41:08"
[1] "Kansas is 62.3% complete."
[1] "Completed Kansas @ 2025-05-14 10:41:08"
[1] "Kansas is 62.5% complete."
[1] "Completed Kansas @ 2025-05-14 10:41:09"
[1] "Kansas is 62.6% complete."
[1] "Completed Kansas @ 2025-05-14 10:41:09"
[1] "Kansas is 62.8% complete."
[1] "Completed Kansas @ 2025-05-14 10:41:09"
[1] "Kansas is 63% complete."
[1] "Completed Kansas @ 2025-05-14 10:41:09"
[1] "Kansas is 63.2% complete."
[1] "Completed Kansas @ 2025-05-14 10:41:09"
[1] "Kansas is 63.4% complete."
[1] "Completed Kansas @ 2025-05-14 10:41:09"
[1] "Kansas is 63.5% complete."
[1] "Completed Kansas @ 2025-05-14 10:41:09"
[1] "Kansas is 63.7% complete."
[1] "Completed Kansas @ 2025-05-14 10:41:09"
[1] "Kansas is 63.9% complete."
[1] "Completed Kansas @ 2025-05-14 10:41:09"
[1] "Kansas is 64.1% complete."
[1] "Completed Kansas @ 2025-05-14 10:41:09"
[1] "Kansas is 64.3% complete."
[1] "Completed Kansas @ 2025-05-14 10:41:09"
[1] "Kansas is 64.4% complete."
[1] "Completed Kansas @ 2025-05-14 10:41:09"
[1] "Kansas is 64.6% complete."
[1] "Completed Kansas @ 2025-05-14 10:41:09"
[1] "Kansas is 64.8% complete."
[1] "Completed Kansas @ 2025-05-14 10:41:09"
[1] "Kansas is 65% complete."
[1] "Completed Kansas @ 2025-05-14 10:41:09"
[1] "Kansas is 65.2% complete."
[1] "Completed Kansas @ 2025-05-14 10:41:10"
[1] "Kansas is 65.3% complete."
[1] "Completed Kansas @ 2025-05-14 10:41:10"
[1] "Kansas is 65.5% complete."
[1] "Completed Kansas @ 2025-05-14 10:41:10"
[1] "Kansas is 65.7% complete."
[1] "Completed Kansas @ 2025-05-14 10:41:10"
[1] "Kansas is 65.9% complete."
[1] "Completed Kansas @ 2025-05-14 10:41:10"
[1] "Kansas is 66.1% complete."
[1] "Completed Kansas @ 2025-05-14 10:41:10"
[1] "Kansas is 66.2% complete."
[1] "Completed Kansas @ 2025-05-14 10:41:10"
[1] "Kansas is 66.4% complete."
[1] "Completed Kansas @ 2025-05-14 10:41:10"
[1] "Kansas is 66.6% complete."
[1] "Completed Kansas @ 2025-05-14 10:41:10"
[1] "Kansas is 66.8% complete."
[1] "Completed Kansas @ 2025-05-14 10:41:10"
[1] "Kansas is 67% complete."
[1] "Completed Kansas @ 2025-05-14 10:41:10"
[1] "Kansas is 67.1% complete."
[1] "Completed Kansas @ 2025-05-14 10:41:10"
[1] "Kansas is 67.3% complete."
[1] "Completed Kansas @ 2025-05-14 10:41:10"
[1] "Kansas is 67.5% complete."
[1] "Completed Kansas @ 2025-05-14 10:41:10"
[1] "Kansas is 67.7% complete."
[1] "Completed Kansas @ 2025-05-14 10:41:10"
[1] "Kansas is 67.9% complete."
[1] "Completed Kansas @ 2025-05-14 10:41:11"
[1] "Kansas is 68.1% complete."
[1] "Completed Kansas @ 2025-05-14 10:41:11"
[1] "Kansas is 68.2% complete."
[1] "Completed Kansas @ 2025-05-14 10:41:11"
[1] "Kansas is 68.4% complete."
[1] "Completed Kansas @ 2025-05-14 10:41:12"
[1] "Kansas is 68.6% complete."
[1] "Completed Kansas @ 2025-05-14 10:41:12"
[1] "Kansas is 68.8% complete."
[1] "Completed Kansas @ 2025-05-14 10:41:12"
[1] "Kansas is 69% complete."
[1] "Completed Kansas @ 2025-05-14 10:41:12"
[1] "Kansas is 69.1% complete."
[1] "Completed Kansas @ 2025-05-14 10:41:12"
[1] "Kansas is 69.3% complete."
[1] "Completed Kansas @ 2025-05-14 10:41:12"
[1] "Kansas is 69.5% complete."
[1] "Completed Kansas @ 2025-05-14 10:41:12"
[1] "Kansas is 69.7% complete."
[1] "Completed Kansas @ 2025-05-14 10:41:12"
[1] "Kansas is 69.9% complete."
[1] "Completed Kansas @ 2025-05-14 10:41:12"
[1] "Kansas is 70% complete."
[1] "Completed Kansas @ 2025-05-14 10:41:12"
[1] "Kansas is 70.2% complete."
[1] "Completed Kansas @ 2025-05-14 10:41:12"
[1] "Kansas is 70.4% complete."
[1] "Completed Kansas @ 2025-05-14 10:41:12"
[1] "Kansas is 70.6% complete."
[1] "Completed Kansas @ 2025-05-14 10:41:12"
[1] "Kansas is 70.8% complete."
[1] "Completed Kansas @ 2025-05-14 10:41:12"
[1] "Kansas is 70.9% complete."
[1] "Completed Kansas @ 2025-05-14 10:41:13"
[1] "Kansas is 71.1% complete."
[1] "Completed Kansas @ 2025-05-14 10:41:13"
[1] "Kansas is 71.3% complete."
[1] "Completed Kansas @ 2025-05-14 10:41:13"
[1] "Kansas is 71.5% complete."
[1] "Completed Kansas @ 2025-05-14 10:41:13"
[1] "Kansas is 71.7% complete."
[1] "Completed Kansas @ 2025-05-14 10:41:13"
[1] "Kansas is 71.8% complete."
[1] "Completed Kansas @ 2025-05-14 10:41:13"
[1] "Kansas is 72% complete."
[1] "Completed Kansas @ 2025-05-14 10:41:13"
[1] "Kansas is 72.2% complete."
[1] "Completed Kansas @ 2025-05-14 10:41:13"
[1] "Kansas is 72.4% complete."
[1] "Completed Kansas @ 2025-05-14 10:41:13"
[1] "Kansas is 72.6% complete."
[1] "Completed Kansas @ 2025-05-14 10:41:13"
[1] "Kansas is 72.7% complete."
[1] "Completed Kansas @ 2025-05-14 10:41:13"
[1] "Kansas is 72.9% complete."
[1] "Completed Kansas @ 2025-05-14 10:41:13"
[1] "Kansas is 73.1% complete."
[1] "Completed Kansas @ 2025-05-14 10:41:13"
[1] "Kansas is 73.3% complete."
[1] "Completed Kansas @ 2025-05-14 10:41:13"
[1] "Kansas is 73.5% complete."
[1] "Completed Kansas @ 2025-05-14 10:41:13"
[1] "Kansas is 73.6% complete."
[1] "Completed Kansas @ 2025-05-14 10:41:13"
[1] "Kansas is 73.8% complete."
[1] "Completed Kansas @ 2025-05-14 10:41:14"
[1] "Kansas is 74% complete."
[1] "Completed Kansas @ 2025-05-14 10:41:14"
[1] "Kansas is 74.2% complete."
[1] "Completed Kansas @ 2025-05-14 10:41:14"
[1] "Kansas is 74.4% complete."
[1] "Completed Kansas @ 2025-05-14 10:41:14"
[1] "Kansas is 74.5% complete."
[1] "Completed Kansas @ 2025-05-14 10:41:14"
[1] "Kansas is 74.7% complete."
[1] "Completed Kansas @ 2025-05-14 10:41:14"
[1] "Kansas is 74.9% complete."
[1] "Completed Kansas @ 2025-05-14 10:41:15"
[1] "Kansas is 75.1% complete."
[1] "Completed Kansas @ 2025-05-14 10:41:15"
[1] "Kansas is 75.3% complete."
[1] "Completed Kansas @ 2025-05-14 10:41:15"
[1] "Kansas is 75.5% complete."
[1] "Completed Kansas @ 2025-05-14 10:41:15"
[1] "Kansas is 75.6% complete."
[1] "Completed Kansas @ 2025-05-14 10:41:15"
[1] "Kansas is 75.8% complete."
[1] "Completed Kansas @ 2025-05-14 10:41:15"
[1] "Kansas is 76% complete."
[1] "Completed Kansas @ 2025-05-14 10:41:15"
[1] "Kansas is 76.2% complete."
[1] "Completed Kansas @ 2025-05-14 10:41:15"
[1] "Kansas is 76.4% complete."
[1] "Completed Kansas @ 2025-05-14 10:41:15"
[1] "Kansas is 76.5% complete."
[1] "Completed Kansas @ 2025-05-14 10:41:15"
[1] "Kansas is 76.7% complete."
[1] "Completed Kansas @ 2025-05-14 10:41:15"
[1] "Kansas is 76.9% complete."
[1] "Completed Kansas @ 2025-05-14 10:41:15"
[1] "Kansas is 77.1% complete."
[1] "Completed Kansas @ 2025-05-14 10:41:15"
[1] "Kansas is 77.3% complete."
[1] "Completed Kansas @ 2025-05-14 10:41:15"
[1] "Kansas is 77.4% complete."
[1] "Completed Kansas @ 2025-05-14 10:41:15"
[1] "Kansas is 77.6% complete."
[1] "Completed Kansas @ 2025-05-14 10:41:15"
[1] "Kansas is 77.8% complete."
[1] "Completed Kansas @ 2025-05-14 10:41:15"
[1] "Kansas is 78% complete."
[1] "Completed Kansas @ 2025-05-14 10:41:16"
[1] "Kansas is 78.2% complete."
[1] "Completed Kansas @ 2025-05-14 10:41:16"
[1] "Kansas is 78.3% complete."
[1] "Completed Kansas @ 2025-05-14 10:41:16"
[1] "Kansas is 78.5% complete."
[1] "Completed Kansas @ 2025-05-14 10:41:16"
[1] "Kansas is 78.7% complete."
[1] "Completed Kansas @ 2025-05-14 10:41:16"
[1] "Kansas is 78.9% complete."
[1] "Completed Kansas @ 2025-05-14 10:41:16"
[1] "Kansas is 79.1% complete."
[1] "Completed Kansas @ 2025-05-14 10:41:16"
[1] "Kansas is 79.2% complete."
[1] "Completed Kansas @ 2025-05-14 10:41:16"
[1] "Kansas is 79.4% complete."
[1] "Completed Kansas @ 2025-05-14 10:41:16"
[1] "Kansas is 79.6% complete."
[1] "Completed Kansas @ 2025-05-14 10:41:16"
[1] "Kansas is 79.8% complete."
[1] "Completed Kansas @ 2025-05-14 10:41:16"
[1] "Kansas is 80% complete."
[1] "Completed Kansas @ 2025-05-14 10:41:16"
[1] "Kansas is 80.1% complete."
[1] "Completed Kansas @ 2025-05-14 10:41:16"
[1] "Kansas is 80.3% complete."
[1] "Completed Kansas @ 2025-05-14 10:41:16"
[1] "Kansas is 80.5% complete."
[1] "Completed Kansas @ 2025-05-14 10:41:16"
[1] "Kansas is 80.7% complete."
[1] "Completed Kansas @ 2025-05-14 10:41:17"
[1] "Kansas is 80.9% complete."
[1] "Completed Kansas @ 2025-05-14 10:41:17"
[1] "Kansas is 81% complete."
[1] "Completed Kansas @ 2025-05-14 10:41:17"
[1] "Kansas is 81.2% complete."
[1] "Completed Kansas @ 2025-05-14 10:41:17"
[1] "Kansas is 81.4% complete."
[1] "Completed Kansas @ 2025-05-14 10:41:18"
[1] "Kansas is 81.6% complete."
[1] "Completed Kansas @ 2025-05-14 10:41:18"
[1] "Kansas is 81.8% complete."
[1] "Completed Kansas @ 2025-05-14 10:41:18"
[1] "Kansas is 81.9% complete."
[1] "Completed Kansas @ 2025-05-14 10:41:18"
[1] "Kansas is 82.1% complete."
[1] "Completed Kansas @ 2025-05-14 10:41:18"
[1] "Kansas is 82.3% complete."
[1] "Completed Kansas @ 2025-05-14 10:41:18"
[1] "Kansas is 82.5% complete."
[1] "Completed Kansas @ 2025-05-14 10:41:18"
[1] "Kansas is 82.7% complete."
[1] "Completed Kansas @ 2025-05-14 10:41:18"
[1] "Kansas is 82.9% complete."
[1] "Completed Kansas @ 2025-05-14 10:41:18"
[1] "Kansas is 83% complete."
[1] "Completed Kansas @ 2025-05-14 10:41:18"
[1] "Kansas is 83.2% complete."
[1] "Completed Kansas @ 2025-05-14 10:41:18"
[1] "Kansas is 83.4% complete."
[1] "Completed Kansas @ 2025-05-14 10:41:18"
[1] "Kansas is 83.6% complete."
[1] "Completed Kansas @ 2025-05-14 10:41:19"
[1] "Kansas is 83.8% complete."
[1] "Completed Kansas @ 2025-05-14 10:41:19"
[1] "Kansas is 83.9% complete."
[1] "Completed Kansas @ 2025-05-14 10:41:19"
[1] "Kansas is 84.1% complete."
[1] "Completed Kansas @ 2025-05-14 10:41:19"
[1] "Kansas is 84.3% complete."
[1] "Completed Kansas @ 2025-05-14 10:41:19"
[1] "Kansas is 84.5% complete."
[1] "Completed Kansas @ 2025-05-14 10:41:19"
[1] "Kansas is 84.7% complete."
[1] "Completed Kansas @ 2025-05-14 10:41:19"
[1] "Kansas is 84.8% complete."
[1] "Completed Kansas @ 2025-05-14 10:41:19"
[1] "Kansas is 85% complete."
[1] "Completed Kansas @ 2025-05-14 10:41:19"
[1] "Kansas is 85.2% complete."
[1] "Completed Kansas @ 2025-05-14 10:41:19"
[1] "Kansas is 85.4% complete."
[1] "Completed Kansas @ 2025-05-14 10:41:19"
[1] "Kansas is 85.6% complete."
[1] "Completed Kansas @ 2025-05-14 10:41:19"
[1] "Kansas is 85.7% complete."
[1] "Completed Kansas @ 2025-05-14 10:41:20"
[1] "Kansas is 85.9% complete."
[1] "Completed Kansas @ 2025-05-14 10:41:20"
[1] "Kansas is 86.1% complete."
[1] "Completed Kansas @ 2025-05-14 10:41:20"
[1] "Kansas is 86.3% complete."
[1] "Completed Kansas @ 2025-05-14 10:41:21"
[1] "Kansas is 86.5% complete."
[1] "Completed Kansas @ 2025-05-14 10:41:21"
[1] "Kansas is 86.6% complete."
[1] "Completed Kansas @ 2025-05-14 10:41:21"
[1] "Kansas is 86.8% complete."
[1] "Completed Kansas @ 2025-05-14 10:41:21"
[1] "Kansas is 87% complete."
[1] "Completed Kansas @ 2025-05-14 10:41:21"
[1] "Kansas is 87.2% complete."
[1] "Completed Kansas @ 2025-05-14 10:41:21"
[1] "Kansas is 87.4% complete."
[1] "Completed Kansas @ 2025-05-14 10:41:21"
[1] "Kansas is 87.5% complete."
[1] "Completed Kansas @ 2025-05-14 10:41:21"
[1] "Kansas is 87.7% complete."
[1] "Completed Kansas @ 2025-05-14 10:41:21"
[1] "Kansas is 87.9% complete."
[1] "Completed Kansas @ 2025-05-14 10:41:21"
[1] "Kansas is 88.1% complete."
[1] "Completed Kansas @ 2025-05-14 10:41:21"
[1] "Kansas is 88.3% complete."
[1] "Completed Kansas @ 2025-05-14 10:41:21"
[1] "Kansas is 88.4% complete."
[1] "Completed Kansas @ 2025-05-14 10:41:22"
[1] "Kansas is 88.6% complete."
[1] "Completed Kansas @ 2025-05-14 10:41:22"
[1] "Kansas is 88.8% complete."
[1] "Completed Kansas @ 2025-05-14 10:41:22"
[1] "Kansas is 89% complete."
[1] "Completed Kansas @ 2025-05-14 10:41:22"
[1] "Kansas is 89.2% complete."
[1] "Completed Kansas @ 2025-05-14 10:41:22"
[1] "Kansas is 89.4% complete."
[1] "Completed Kansas @ 2025-05-14 10:41:22"
[1] "Kansas is 89.5% complete."
[1] "Completed Kansas @ 2025-05-14 10:41:22"
[1] "Kansas is 89.7% complete."
[1] "Completed Kansas @ 2025-05-14 10:41:22"
[1] "Kansas is 89.9% complete."
[1] "Completed Kansas @ 2025-05-14 10:41:22"
[1] "Kansas is 90.1% complete."
[1] "Completed Kansas @ 2025-05-14 10:41:22"
[1] "Kansas is 90.3% complete."
[1] "Completed Kansas @ 2025-05-14 10:41:22"
[1] "Kansas is 90.4% complete."
[1] "Completed Kansas @ 2025-05-14 10:41:22"
[1] "Kansas is 90.6% complete."
[1] "Completed Kansas @ 2025-05-14 10:41:23"
[1] "Kansas is 90.8% complete."
[1] "Completed Kansas @ 2025-05-14 10:41:23"
[1] "Kansas is 91% complete."
[1] "Completed Kansas @ 2025-05-14 10:41:23"
[1] "Kansas is 91.2% complete."
[1] "Completed Kansas @ 2025-05-14 10:41:23"
[1] "Kansas is 91.3% complete."
[1] "Completed Kansas @ 2025-05-14 10:41:23"
[1] "Kansas is 91.5% complete."
[1] "Completed Kansas @ 2025-05-14 10:41:23"
[1] "Kansas is 91.7% complete."
[1] "Completed Kansas @ 2025-05-14 10:41:24"
[1] "Kansas is 91.9% complete."
[1] "Completed Kansas @ 2025-05-14 10:41:24"
[1] "Kansas is 92.1% complete."
[1] "Completed Kansas @ 2025-05-14 10:41:24"
[1] "Kansas is 92.2% complete."
[1] "Completed Kansas @ 2025-05-14 10:41:24"
[1] "Kansas is 92.4% complete."
[1] "Completed Kansas @ 2025-05-14 10:41:24"
[1] "Kansas is 92.6% complete."
[1] "Completed Kansas @ 2025-05-14 10:41:25"
[1] "Kansas is 92.8% complete."
[1] "Completed Kansas @ 2025-05-14 10:41:25"
[1] "Kansas is 93% complete."
[1] "Completed Kansas @ 2025-05-14 10:41:25"
[1] "Kansas is 93.1% complete."
[1] "Completed Kansas @ 2025-05-14 10:41:25"
[1] "Kansas is 93.3% complete."
[1] "Completed Kansas @ 2025-05-14 10:41:25"
[1] "Kansas is 93.5% complete."
[1] "Completed Kansas @ 2025-05-14 10:41:25"
[1] "Kansas is 93.7% complete."
[1] "Completed Kansas @ 2025-05-14 10:41:25"
[1] "Kansas is 93.9% complete."
[1] "Completed Kansas @ 2025-05-14 10:41:25"
[1] "Kansas is 94% complete."
[1] "Completed Kansas @ 2025-05-14 10:41:25"
[1] "Kansas is 94.2% complete."
[1] "Completed Kansas @ 2025-05-14 10:41:26"
[1] "Kansas is 94.4% complete."
[1] "Completed Kansas @ 2025-05-14 10:41:26"
[1] "Kansas is 94.6% complete."
[1] "Completed Kansas @ 2025-05-14 10:41:26"
[1] "Kansas is 94.8% complete."
[1] "Completed Kansas @ 2025-05-14 10:41:26"
[1] "Kansas is 94.9% complete."
[1] "Completed Kansas @ 2025-05-14 10:41:26"
[1] "Kansas is 95.1% complete."
[1] "Completed Kansas @ 2025-05-14 10:41:26"
[1] "Kansas is 95.3% complete."
[1] "Completed Kansas @ 2025-05-14 10:41:26"
[1] "Kansas is 95.5% complete."
[1] "Completed Kansas @ 2025-05-14 10:41:26"
[1] "Kansas is 95.7% complete."
[1] "Completed Kansas @ 2025-05-14 10:41:26"
[1] "Kansas is 95.8% complete."
[1] "Completed Kansas @ 2025-05-14 10:41:26"
[1] "Kansas is 96% complete."
[1] "Completed Kansas @ 2025-05-14 10:41:27"
[1] "Kansas is 96.2% complete."
[1] "Completed Kansas @ 2025-05-14 10:41:27"
[1] "Kansas is 96.4% complete."
[1] "Completed Kansas @ 2025-05-14 10:41:27"
[1] "Kansas is 96.6% complete."
[1] "Completed Kansas @ 2025-05-14 10:41:28"
[1] "Kansas is 96.8% complete."
[1] "Completed Kansas @ 2025-05-14 10:41:28"
[1] "Kansas is 96.9% complete."
[1] "Completed Kansas @ 2025-05-14 10:41:28"
[1] "Kansas is 97.1% complete."
[1] "Completed Kansas @ 2025-05-14 10:41:28"
[1] "Kansas is 97.3% complete."
[1] "Completed Kansas @ 2025-05-14 10:41:28"
[1] "Kansas is 97.5% complete."
[1] "Completed Kansas @ 2025-05-14 10:41:28"
[1] "Kansas is 97.7% complete."
[1] "Completed Kansas @ 2025-05-14 10:41:28"
[1] "Kansas is 97.8% complete."
[1] "Completed Kansas @ 2025-05-14 10:41:28"
[1] "Kansas is 98% complete."
[1] "Completed Kansas @ 2025-05-14 10:41:29"
[1] "Kansas is 98.2% complete."
[1] "Completed Kansas @ 2025-05-14 10:41:29"
[1] "Kansas is 98.4% complete."
[1] "Completed Kansas @ 2025-05-14 10:41:29"
[1] "Kansas is 98.6% complete."
[1] "Completed Kansas @ 2025-05-14 10:41:29"
[1] "Kansas is 98.7% complete."
[1] "Completed Kansas @ 2025-05-14 10:41:29"
[1] "Kansas is 98.9% complete."
[1] "Completed Kansas @ 2025-05-14 10:41:30"
[1] "Kansas is 99.1% complete."
[1] "Completed Kansas @ 2025-05-14 10:41:30"
[1] "Kansas is 99.3% complete."
[1] "Completed Kansas @ 2025-05-14 10:41:30"
[1] "Kansas is 99.5% complete."
[1] "Completed Kansas @ 2025-05-14 10:41:31"
[1] "Kansas is 99.6% complete."
[1] "Completed Kansas @ 2025-05-14 10:41:31"
[1] "Kansas is 99.8% complete."
[1] "Completed Kansas @ 2025-05-14 10:41:32"
[1] "Kansas is 100% complete."
[1] "Completed Kansas @ 2025-05-14 10:41:33"
Deleting layer `Pop' using driver `GPKG'
Writing layer `Pop' to data source 
  `/work/GRDVULN/sewershed/Model/Create_Boundaries/outputs/Pop_Delineated/FP_20.gpkg' using driver `GPKG'
Writing 554 features with 10 fields and geometry type Unknown (any).
[1] "SCRIPT COMPLETE @ 2025-05-14 10:41:45"
