[1] "Starting Kentucky"
Reading layer `cb_2021_us_state_500k' from data source 
  `/work/GRDVULN/data/cb_2021_us_all_500k.gdb' using driver `OpenFileGDB'
Simple feature collection with 56 features and 9 fields
Geometry type: MULTIPOLYGON
Dimension:     XY
Bounding box:  xmin: -179.1489 ymin: -14.5487 xmax: 179.7785 ymax: 71.36516
Geodetic CRS:  NAD83
[1] "Building 35 systems"
[1] "Kentucky is 2.9% complete."
[1] "Completed Kentucky @ 2025-05-14 10:38:48"
[1] "Kentucky is 5.7% complete."
[1] "Completed Kentucky @ 2025-05-14 10:38:48"
[1] "Kentucky is 8.6% complete."
[1] "Completed Kentucky @ 2025-05-14 10:38:48"
[1] "Kentucky is 11.4% complete."
[1] "Completed Kentucky @ 2025-05-14 10:38:48"
[1] "Kentucky is 14.3% complete."
[1] "Completed Kentucky @ 2025-05-14 10:38:48"
[1] "Kentucky is 17.1% complete."
[1] "Completed Kentucky @ 2025-05-14 10:38:48"
[1] "Kentucky is 20% complete."
[1] "Completed Kentucky @ 2025-05-14 10:38:48"
[1] "Kentucky is 22.9% complete."
[1] "Completed Kentucky @ 2025-05-14 10:38:48"
[1] "Kentucky is 25.7% complete."
[1] "Completed Kentucky @ 2025-05-14 10:38:48"
[1] "Kentucky is 28.6% complete."
[1] "Completed Kentucky @ 2025-05-14 10:38:48"
[1] "Kentucky is 31.4% complete."
[1] "Completed Kentucky @ 2025-05-14 10:38:48"
[1] "Kentucky is 34.3% complete."
[1] "Completed Kentucky @ 2025-05-14 10:38:48"
[1] "Kentucky is 37.1% complete."
[1] "Completed Kentucky @ 2025-05-14 10:38:48"
[1] "Kentucky is 40% complete."
[1] "Completed Kentucky @ 2025-05-14 10:38:48"
[1] "Kentucky is 42.9% complete."
[1] "Completed Kentucky @ 2025-05-14 10:38:48"
[1] "Kentucky is 45.7% complete."
[1] "Completed Kentucky @ 2025-05-14 10:38:48"
[1] "Kentucky is 48.6% complete."
[1] "Completed Kentucky @ 2025-05-14 10:38:49"
[1] "Kentucky is 51.4% complete."
[1] "Completed Kentucky @ 2025-05-14 10:38:49"
[1] "Kentucky is 54.3% complete."
[1] "Completed Kentucky @ 2025-05-14 10:38:49"
[1] "Kentucky is 57.1% complete."
[1] "Completed Kentucky @ 2025-05-14 10:38:49"
[1] "Kentucky is 60% complete."
[1] "Completed Kentucky @ 2025-05-14 10:38:49"
[1] "Kentucky is 62.9% complete."
[1] "Completed Kentucky @ 2025-05-14 10:38:49"
[1] "Kentucky is 65.7% complete."
[1] "Completed Kentucky @ 2025-05-14 10:38:49"
[1] "Kentucky is 68.6% complete."
[1] "Completed Kentucky @ 2025-05-14 10:38:50"
[1] "Kentucky is 71.4% complete."
[1] "Completed Kentucky @ 2025-05-14 10:38:50"
[1] "Kentucky is 74.3% complete."
[1] "Completed Kentucky @ 2025-05-14 10:38:50"
[1] "Kentucky is 77.1% complete."
[1] "Completed Kentucky @ 2025-05-14 10:38:50"
[1] "Kentucky is 80% complete."
[1] "Completed Kentucky @ 2025-05-14 10:38:50"
[1] "Kentucky is 82.9% complete."
[1] "Completed Kentucky @ 2025-05-14 10:38:51"
[1] "Kentucky is 85.7% complete."
[1] "Completed Kentucky @ 2025-05-14 10:38:51"
[1] "Kentucky is 88.6% complete."
[1] "Completed Kentucky @ 2025-05-14 10:38:51"
[1] "Kentucky is 91.4% complete."
[1] "Completed Kentucky @ 2025-05-14 10:38:52"
[1] "Kentucky is 94.3% complete."
[1] "Completed Kentucky @ 2025-05-14 10:38:52"
[1] "Kentucky is 97.1% complete."
[1] "Completed Kentucky @ 2025-05-14 10:38:52"
[1] "Kentucky is 100% complete."
[1] "Completed Kentucky @ 2025-05-14 10:38:54"
Deleting layer `Pop' using driver `GPKG'
Writing layer `Pop' to data source 
  `/work/GRDVULN/sewershed/Model/Create_Boundaries/outputs/Pop_Delineated/FP_21.gpkg' using driver `GPKG'
Writing 35 features with 10 fields and geometry type Unknown (any).
[1] "SCRIPT COMPLETE @ 2025-05-14 10:38:57"
