[1] "Starting Louisiana"
Reading layer `cb_2021_us_state_500k' from data source 
  `/work/GRDVULN/data/cb_2021_us_all_500k.gdb' using driver `OpenFileGDB'
Simple feature collection with 56 features and 9 fields
Geometry type: MULTIPOLYGON
Dimension:     XY
Bounding box:  xmin: -179.1489 ymin: -14.5487 xmax: 179.7785 ymax: 71.36516
Geodetic CRS:  NAD83
[1] "Building 328 systems"
[1] "Louisiana is 0.3% complete."
[1] "Completed Louisiana @ 2025-05-14 10:38:50"
[1] "Louisiana is 0.6% complete."
[1] "Completed Louisiana @ 2025-05-14 10:38:50"
[1] "Louisiana is 0.9% complete."
[1] "Completed Louisiana @ 2025-05-14 10:38:50"
[1] "Louisiana is 1.2% complete."
[1] "Completed Louisiana @ 2025-05-14 10:38:50"
[1] "Louisiana is 1.5% complete."
[1] "Completed Louisiana @ 2025-05-14 10:38:50"
[1] "Louisiana is 1.8% complete."
[1] "Completed Louisiana @ 2025-05-14 10:38:50"
[1] "Louisiana is 2.1% complete."
[1] "Completed Louisiana @ 2025-05-14 10:38:51"
[1] "Louisiana is 2.4% complete."
[1] "Completed Louisiana @ 2025-05-14 10:38:51"
[1] "Louisiana is 2.7% complete."
[1] "Completed Louisiana @ 2025-05-14 10:38:51"
[1] "Louisiana is 3% complete."
[1] "Completed Louisiana @ 2025-05-14 10:38:51"
[1] "Louisiana is 3.4% complete."
[1] "Completed Louisiana @ 2025-05-14 10:38:51"
[1] "Louisiana is 3.7% complete."
[1] "Completed Louisiana @ 2025-05-14 10:38:51"
[1] "Louisiana is 4% complete."
[1] "Completed Louisiana @ 2025-05-14 10:38:51"
[1] "Louisiana is 4.3% complete."
[1] "Completed Louisiana @ 2025-05-14 10:38:51"
[1] "Louisiana is 4.6% complete."
[1] "Completed Louisiana @ 2025-05-14 10:38:51"
[1] "Louisiana is 4.9% complete."
[1] "Completed Louisiana @ 2025-05-14 10:38:51"
[1] "Louisiana is 5.2% complete."
[1] "Completed Louisiana @ 2025-05-14 10:38:51"
[1] "Louisiana is 5.5% complete."
[1] "Completed Louisiana @ 2025-05-14 10:38:52"
[1] "Louisiana is 5.8% complete."
[1] "Completed Louisiana @ 2025-05-14 10:38:52"
[1] "Louisiana is 6.1% complete."
[1] "Completed Louisiana @ 2025-05-14 10:38:52"
[1] "Louisiana is 6.4% complete."
[1] "Completed Louisiana @ 2025-05-14 10:38:52"
[1] "Louisiana is 6.7% complete."
[1] "Completed Louisiana @ 2025-05-14 10:38:52"
[1] "Louisiana is 7% complete."
[1] "Completed Louisiana @ 2025-05-14 10:38:52"
[1] "Louisiana is 7.3% complete."
[1] "Completed Louisiana @ 2025-05-14 10:38:52"
[1] "Louisiana is 7.6% complete."
[1] "Completed Louisiana @ 2025-05-14 10:38:52"
[1] "Louisiana is 7.9% complete."
[1] "Completed Louisiana @ 2025-05-14 10:38:52"
[1] "Louisiana is 8.2% complete."
[1] "Completed Louisiana @ 2025-05-14 10:38:52"
[1] "Louisiana is 8.5% complete."
[1] "Completed Louisiana @ 2025-05-14 10:38:52"
[1] "Louisiana is 8.8% complete."
[1] "Completed Louisiana @ 2025-05-14 10:38:53"
[1] "Louisiana is 9.1% complete."
[1] "Completed Louisiana @ 2025-05-14 10:38:53"
[1] "Louisiana is 9.5% complete."
[1] "Completed Louisiana @ 2025-05-14 10:38:53"
[1] "Louisiana is 9.8% complete."
[1] "Completed Louisiana @ 2025-05-14 10:38:53"
[1] "Louisiana is 10.1% complete."
[1] "Completed Louisiana @ 2025-05-14 10:38:53"
[1] "Louisiana is 10.4% complete."
[1] "Completed Louisiana @ 2025-05-14 10:38:53"
[1] "Louisiana is 10.7% complete."
[1] "Completed Louisiana @ 2025-05-14 10:38:53"
[1] "Louisiana is 11% complete."
[1] "Completed Louisiana @ 2025-05-14 10:38:53"
[1] "Louisiana is 11.3% complete."
[1] "Completed Louisiana @ 2025-05-14 10:38:53"
[1] "Louisiana is 11.6% complete."
[1] "Completed Louisiana @ 2025-05-14 10:38:54"
[1] "Louisiana is 11.9% complete."
[1] "Completed Louisiana @ 2025-05-14 10:38:54"
[1] "Louisiana is 12.2% complete."
[1] "Completed Louisiana @ 2025-05-14 10:38:54"
[1] "Louisiana is 12.5% complete."
[1] "Completed Louisiana @ 2025-05-14 10:38:54"
[1] "Louisiana is 12.8% complete."
[1] "Completed Louisiana @ 2025-05-14 10:38:54"
[1] "Louisiana is 13.1% complete."
[1] "Completed Louisiana @ 2025-05-14 10:38:54"
[1] "Louisiana is 13.4% complete."
[1] "Completed Louisiana @ 2025-05-14 10:38:54"
[1] "Louisiana is 13.7% complete."
[1] "Completed Louisiana @ 2025-05-14 10:38:54"
[1] "Louisiana is 14% complete."
[1] "Completed Louisiana @ 2025-05-14 10:38:54"
[1] "Louisiana is 14.3% complete."
[1] "Completed Louisiana @ 2025-05-14 10:38:54"
[1] "Louisiana is 14.6% complete."
[1] "Completed Louisiana @ 2025-05-14 10:38:54"
[1] "Louisiana is 14.9% complete."
[1] "Completed Louisiana @ 2025-05-14 10:38:55"
[1] "Louisiana is 15.2% complete."
[1] "Completed Louisiana @ 2025-05-14 10:38:55"
[1] "Louisiana is 15.5% complete."
[1] "Completed Louisiana @ 2025-05-14 10:38:55"
[1] "Louisiana is 15.9% complete."
[1] "Completed Louisiana @ 2025-05-14 10:38:55"
[1] "Louisiana is 16.2% complete."
[1] "Completed Louisiana @ 2025-05-14 10:38:55"
[1] "Louisiana is 16.5% complete."
[1] "Completed Louisiana @ 2025-05-14 10:38:55"
[1] "Louisiana is 16.8% complete."
[1] "Completed Louisiana @ 2025-05-14 10:38:55"
[1] "Louisiana is 17.1% complete."
[1] "Completed Louisiana @ 2025-05-14 10:38:55"
[1] "Louisiana is 17.4% complete."
[1] "Completed Louisiana @ 2025-05-14 10:38:56"
[1] "Louisiana is 17.7% complete."
[1] "Completed Louisiana @ 2025-05-14 10:38:56"
[1] "Louisiana is 18% complete."
[1] "Completed Louisiana @ 2025-05-14 10:38:56"
[1] "Louisiana is 18.3% complete."
[1] "Completed Louisiana @ 2025-05-14 10:38:56"
[1] "Louisiana is 18.6% complete."
[1] "Completed Louisiana @ 2025-05-14 10:38:56"
[1] "Louisiana is 18.9% complete."
[1] "Completed Louisiana @ 2025-05-14 10:38:56"
[1] "Louisiana is 19.2% complete."
[1] "Completed Louisiana @ 2025-05-14 10:38:56"
[1] "Louisiana is 19.5% complete."
[1] "Completed Louisiana @ 2025-05-14 10:38:56"
[1] "Louisiana is 19.8% complete."
[1] "Completed Louisiana @ 2025-05-14 10:38:56"
[1] "Louisiana is 20.1% complete."
[1] "Completed Louisiana @ 2025-05-14 10:38:56"
[1] "Louisiana is 20.4% complete."
[1] "Completed Louisiana @ 2025-05-14 10:38:56"
[1] "Louisiana is 20.7% complete."
[1] "Completed Louisiana @ 2025-05-14 10:38:56"
[1] "Louisiana is 21% complete."
[1] "Completed Louisiana @ 2025-05-14 10:38:56"
[1] "Louisiana is 21.3% complete."
[1] "Completed Louisiana @ 2025-05-14 10:38:56"
[1] "Louisiana is 21.6% complete."
[1] "Completed Louisiana @ 2025-05-14 10:38:56"
[1] "Louisiana is 22% complete."
[1] "Completed Louisiana @ 2025-05-14 10:38:57"
[1] "Louisiana is 22.3% complete."
[1] "Completed Louisiana @ 2025-05-14 10:38:57"
[1] "Louisiana is 22.6% complete."
[1] "Completed Louisiana @ 2025-05-14 10:38:57"
[1] "Louisiana is 22.9% complete."
[1] "Completed Louisiana @ 2025-05-14 10:38:57"
[1] "Louisiana is 23.2% complete."
[1] "Completed Louisiana @ 2025-05-14 10:38:57"
[1] "Louisiana is 23.5% complete."
[1] "Completed Louisiana @ 2025-05-14 10:38:57"
[1] "Louisiana is 23.8% complete."
[1] "Completed Louisiana @ 2025-05-14 10:38:57"
[1] "Louisiana is 24.1% complete."
[1] "Completed Louisiana @ 2025-05-14 10:38:57"
[1] "Louisiana is 24.4% complete."
[1] "Completed Louisiana @ 2025-05-14 10:38:58"
[1] "Louisiana is 24.7% complete."
[1] "Completed Louisiana @ 2025-05-14 10:38:58"
[1] "Louisiana is 25% complete."
[1] "Completed Louisiana @ 2025-05-14 10:38:58"
[1] "Louisiana is 25.3% complete."
[1] "Completed Louisiana @ 2025-05-14 10:38:58"
[1] "Louisiana is 25.6% complete."
[1] "Completed Louisiana @ 2025-05-14 10:38:58"
[1] "Louisiana is 25.9% complete."
[1] "Completed Louisiana @ 2025-05-14 10:38:58"
[1] "Louisiana is 26.2% complete."
[1] "Completed Louisiana @ 2025-05-14 10:38:58"
[1] "Louisiana is 26.5% complete."
[1] "Completed Louisiana @ 2025-05-14 10:38:58"
[1] "Louisiana is 26.8% complete."
[1] "Completed Louisiana @ 2025-05-14 10:38:58"
[1] "Louisiana is 27.1% complete."
[1] "Completed Louisiana @ 2025-05-14 10:38:58"
[1] "Louisiana is 27.4% complete."
[1] "Completed Louisiana @ 2025-05-14 10:38:58"
[1] "Louisiana is 27.7% complete."
[1] "Completed Louisiana @ 2025-05-14 10:38:58"
[1] "Louisiana is 28% complete."
[1] "Completed Louisiana @ 2025-05-14 10:38:59"
[1] "Louisiana is 28.4% complete."
[1] "Completed Louisiana @ 2025-05-14 10:38:59"
[1] "Louisiana is 28.7% complete."
[1] "Completed Louisiana @ 2025-05-14 10:38:59"
[1] "Louisiana is 29% complete."
[1] "Completed Louisiana @ 2025-05-14 10:38:59"
[1] "Louisiana is 29.3% complete."
[1] "Completed Louisiana @ 2025-05-14 10:38:59"
[1] "Louisiana is 29.6% complete."
[1] "Completed Louisiana @ 2025-05-14 10:38:59"
[1] "Louisiana is 29.9% complete."
[1] "Completed Louisiana @ 2025-05-14 10:38:59"
[1] "Louisiana is 30.2% complete."
[1] "Completed Louisiana @ 2025-05-14 10:38:59"
[1] "Louisiana is 30.5% complete."
[1] "Completed Louisiana @ 2025-05-14 10:38:59"
[1] "Louisiana is 30.8% complete."
[1] "Completed Louisiana @ 2025-05-14 10:39:00"
[1] "Louisiana is 31.1% complete."
[1] "Completed Louisiana @ 2025-05-14 10:39:00"
[1] "Louisiana is 31.4% complete."
[1] "Completed Louisiana @ 2025-05-14 10:39:00"
[1] "Louisiana is 31.7% complete."
[1] "Completed Louisiana @ 2025-05-14 10:39:00"
[1] "Louisiana is 32% complete."
[1] "Completed Louisiana @ 2025-05-14 10:39:00"
[1] "Louisiana is 32.3% complete."
[1] "Completed Louisiana @ 2025-05-14 10:39:00"
[1] "Louisiana is 32.6% complete."
[1] "Completed Louisiana @ 2025-05-14 10:39:00"
[1] "Louisiana is 32.9% complete."
[1] "Completed Louisiana @ 2025-05-14 10:39:00"
[1] "Louisiana is 33.2% complete."
[1] "Completed Louisiana @ 2025-05-14 10:39:00"
[1] "Louisiana is 33.5% complete."
[1] "Completed Louisiana @ 2025-05-14 10:39:01"
[1] "Louisiana is 33.8% complete."
[1] "Completed Louisiana @ 2025-05-14 10:39:01"
[1] "Louisiana is 34.1% complete."
[1] "Completed Louisiana @ 2025-05-14 10:39:01"
[1] "Louisiana is 34.5% complete."
[1] "Completed Louisiana @ 2025-05-14 10:39:01"
[1] "Louisiana is 34.8% complete."
[1] "Completed Louisiana @ 2025-05-14 10:39:01"
[1] "Louisiana is 35.1% complete."
[1] "Completed Louisiana @ 2025-05-14 10:39:01"
[1] "Louisiana is 35.4% complete."
[1] "Completed Louisiana @ 2025-05-14 10:39:01"
[1] "Louisiana is 35.7% complete."
[1] "Completed Louisiana @ 2025-05-14 10:39:01"
[1] "Louisiana is 36% complete."
[1] "Completed Louisiana @ 2025-05-14 10:39:01"
[1] "Louisiana is 36.3% complete."
[1] "Completed Louisiana @ 2025-05-14 10:39:01"
[1] "Louisiana is 36.6% complete."
[1] "Completed Louisiana @ 2025-05-14 10:39:01"
[1] "Louisiana is 36.9% complete."
[1] "Completed Louisiana @ 2025-05-14 10:39:01"
[1] "Louisiana is 37.2% complete."
[1] "Completed Louisiana @ 2025-05-14 10:39:01"
[1] "Louisiana is 37.5% complete."
[1] "Completed Louisiana @ 2025-05-14 10:39:02"
[1] "Louisiana is 37.8% complete."
[1] "Completed Louisiana @ 2025-05-14 10:39:02"
[1] "Louisiana is 38.1% complete."
[1] "Completed Louisiana @ 2025-05-14 10:39:02"
[1] "Louisiana is 38.4% complete."
[1] "Completed Louisiana @ 2025-05-14 10:39:02"
[1] "Louisiana is 38.7% complete."
[1] "Completed Louisiana @ 2025-05-14 10:39:02"
[1] "Louisiana is 39% complete."
[1] "Completed Louisiana @ 2025-05-14 10:39:02"
[1] "Louisiana is 39.3% complete."
[1] "Completed Louisiana @ 2025-05-14 10:39:02"
[1] "Louisiana is 39.6% complete."
[1] "Completed Louisiana @ 2025-05-14 10:39:02"
[1] "Louisiana is 39.9% complete."
[1] "Completed Louisiana @ 2025-05-14 10:39:02"
[1] "Louisiana is 40.2% complete."
[1] "Completed Louisiana @ 2025-05-14 10:39:03"
[1] "Louisiana is 40.5% complete."
[1] "Completed Louisiana @ 2025-05-14 10:39:03"
[1] "Louisiana is 40.9% complete."
[1] "Completed Louisiana @ 2025-05-14 10:39:03"
[1] "Louisiana is 41.2% complete."
[1] "Completed Louisiana @ 2025-05-14 10:39:03"
[1] "Louisiana is 41.5% complete."
[1] "Completed Louisiana @ 2025-05-14 10:39:03"
[1] "Louisiana is 41.8% complete."
[1] "Completed Louisiana @ 2025-05-14 10:39:03"
[1] "Louisiana is 42.1% complete."
[1] "Completed Louisiana @ 2025-05-14 10:39:03"
[1] "Louisiana is 42.4% complete."
[1] "Completed Louisiana @ 2025-05-14 10:39:03"
[1] "Louisiana is 42.7% complete."
[1] "Completed Louisiana @ 2025-05-14 10:39:03"
[1] "Louisiana is 43% complete."
[1] "Completed Louisiana @ 2025-05-14 10:39:03"
[1] "Louisiana is 43.3% complete."
[1] "Completed Louisiana @ 2025-05-14 10:39:03"
[1] "Louisiana is 43.6% complete."
[1] "Completed Louisiana @ 2025-05-14 10:39:03"
[1] "Louisiana is 43.9% complete."
[1] "Completed Louisiana @ 2025-05-14 10:39:04"
[1] "Louisiana is 44.2% complete."
[1] "Completed Louisiana @ 2025-05-14 10:39:04"
[1] "Louisiana is 44.5% complete."
[1] "Completed Louisiana @ 2025-05-14 10:39:04"
[1] "Louisiana is 44.8% complete."
[1] "Completed Louisiana @ 2025-05-14 10:39:04"
[1] "Louisiana is 45.1% complete."
[1] "Completed Louisiana @ 2025-05-14 10:39:04"
[1] "Louisiana is 45.4% complete."
[1] "Completed Louisiana @ 2025-05-14 10:39:04"
[1] "Louisiana is 45.7% complete."
[1] "Completed Louisiana @ 2025-05-14 10:39:04"
[1] "Louisiana is 46% complete."
[1] "Completed Louisiana @ 2025-05-14 10:39:04"
[1] "Louisiana is 46.3% complete."
[1] "Completed Louisiana @ 2025-05-14 10:39:05"
[1] "Louisiana is 46.6% complete."
[1] "Completed Louisiana @ 2025-05-14 10:39:05"
[1] "Louisiana is 47% complete."
[1] "Completed Louisiana @ 2025-05-14 10:39:05"
[1] "Louisiana is 47.3% complete."
[1] "Completed Louisiana @ 2025-05-14 10:39:05"
[1] "Louisiana is 47.6% complete."
[1] "Completed Louisiana @ 2025-05-14 10:39:05"
[1] "Louisiana is 47.9% complete."
[1] "Completed Louisiana @ 2025-05-14 10:39:05"
[1] "Louisiana is 48.2% complete."
[1] "Completed Louisiana @ 2025-05-14 10:39:05"
[1] "Louisiana is 48.5% complete."
[1] "Completed Louisiana @ 2025-05-14 10:39:05"
[1] "Louisiana is 48.8% complete."
[1] "Completed Louisiana @ 2025-05-14 10:39:05"
[1] "Louisiana is 49.1% complete."
[1] "Completed Louisiana @ 2025-05-14 10:39:06"
[1] "Louisiana is 49.4% complete."
[1] "Completed Louisiana @ 2025-05-14 10:39:06"
[1] "Louisiana is 49.7% complete."
[1] "Completed Louisiana @ 2025-05-14 10:39:06"
[1] "Louisiana is 50% complete."
[1] "Completed Louisiana @ 2025-05-14 10:39:06"
[1] "Louisiana is 50.3% complete."
[1] "Completed Louisiana @ 2025-05-14 10:39:06"
[1] "Louisiana is 50.6% complete."
[1] "Completed Louisiana @ 2025-05-14 10:39:06"
[1] "Louisiana is 50.9% complete."
[1] "Completed Louisiana @ 2025-05-14 10:39:06"
[1] "Louisiana is 51.2% complete."
[1] "Completed Louisiana @ 2025-05-14 10:39:06"
[1] "Louisiana is 51.5% complete."
[1] "Completed Louisiana @ 2025-05-14 10:39:06"
[1] "Louisiana is 51.8% complete."
[1] "Completed Louisiana @ 2025-05-14 10:39:06"
[1] "Louisiana is 52.1% complete."
[1] "Completed Louisiana @ 2025-05-14 10:39:06"
[1] "Louisiana is 52.4% complete."
[1] "Completed Louisiana @ 2025-05-14 10:39:06"
[1] "Louisiana is 52.7% complete."
[1] "Completed Louisiana @ 2025-05-14 10:39:07"
[1] "Louisiana is 53% complete."
[1] "Completed Louisiana @ 2025-05-14 10:39:07"
[1] "Louisiana is 53.4% complete."
[1] "Completed Louisiana @ 2025-05-14 10:39:07"
[1] "Louisiana is 53.7% complete."
[1] "Completed Louisiana @ 2025-05-14 10:39:07"
[1] "Louisiana is 54% complete."
[1] "Completed Louisiana @ 2025-05-14 10:39:07"
[1] "Louisiana is 54.3% complete."
[1] "Completed Louisiana @ 2025-05-14 10:39:07"
[1] "Louisiana is 54.6% complete."
[1] "Completed Louisiana @ 2025-05-14 10:39:07"
[1] "Louisiana is 54.9% complete."
[1] "Completed Louisiana @ 2025-05-14 10:39:07"
[1] "Louisiana is 55.2% complete."
[1] "Completed Louisiana @ 2025-05-14 10:39:08"
[1] "Louisiana is 55.5% complete."
[1] "Completed Louisiana @ 2025-05-14 10:39:08"
[1] "Louisiana is 55.8% complete."
[1] "Completed Louisiana @ 2025-05-14 10:39:08"
[1] "Louisiana is 56.1% complete."
[1] "Completed Louisiana @ 2025-05-14 10:39:08"
[1] "Louisiana is 56.4% complete."
[1] "Completed Louisiana @ 2025-05-14 10:39:08"
[1] "Louisiana is 56.7% complete."
[1] "Completed Louisiana @ 2025-05-14 10:39:08"
[1] "Louisiana is 57% complete."
[1] "Completed Louisiana @ 2025-05-14 10:39:08"
[1] "Louisiana is 57.3% complete."
[1] "Completed Louisiana @ 2025-05-14 10:39:09"
[1] "Louisiana is 57.6% complete."
[1] "Completed Louisiana @ 2025-05-14 10:39:09"
[1] "Louisiana is 57.9% complete."
[1] "Completed Louisiana @ 2025-05-14 10:39:09"
[1] "Louisiana is 58.2% complete."
[1] "Completed Louisiana @ 2025-05-14 10:39:09"
[1] "Louisiana is 58.5% complete."
[1] "Completed Louisiana @ 2025-05-14 10:39:09"
[1] "Louisiana is 58.8% complete."
[1] "Completed Louisiana @ 2025-05-14 10:39:09"
[1] "Louisiana is 59.1% complete."
[1] "Completed Louisiana @ 2025-05-14 10:39:09"
[1] "Louisiana is 59.5% complete."
[1] "Completed Louisiana @ 2025-05-14 10:39:10"
[1] "Louisiana is 59.8% complete."
[1] "Completed Louisiana @ 2025-05-14 10:39:10"
[1] "Louisiana is 60.1% complete."
[1] "Completed Louisiana @ 2025-05-14 10:39:10"
[1] "Louisiana is 60.4% complete."
[1] "Completed Louisiana @ 2025-05-14 10:39:10"
[1] "Louisiana is 60.7% complete."
[1] "Completed Louisiana @ 2025-05-14 10:39:11"
[1] "Louisiana is 61% complete."
[1] "Completed Louisiana @ 2025-05-14 10:39:11"
[1] "Louisiana is 61.3% complete."
[1] "Completed Louisiana @ 2025-05-14 10:39:11"
[1] "Louisiana is 61.6% complete."
[1] "Completed Louisiana @ 2025-05-14 10:39:11"
[1] "Louisiana is 61.9% complete."
[1] "Completed Louisiana @ 2025-05-14 10:39:11"
[1] "Louisiana is 62.2% complete."
[1] "Completed Louisiana @ 2025-05-14 10:39:11"
[1] "Louisiana is 62.5% complete."
[1] "Completed Louisiana @ 2025-05-14 10:39:11"
[1] "Louisiana is 62.8% complete."
[1] "Completed Louisiana @ 2025-05-14 10:39:12"
[1] "Louisiana is 63.1% complete."
[1] "Completed Louisiana @ 2025-05-14 10:39:12"
[1] "Louisiana is 63.4% complete."
[1] "Completed Louisiana @ 2025-05-14 10:39:12"
[1] "Louisiana is 63.7% complete."
[1] "Completed Louisiana @ 2025-05-14 10:39:12"
[1] "Louisiana is 64% complete."
[1] "Completed Louisiana @ 2025-05-14 10:39:12"
[1] "Louisiana is 64.3% complete."
[1] "Completed Louisiana @ 2025-05-14 10:39:12"
[1] "Louisiana is 64.6% complete."
[1] "Completed Louisiana @ 2025-05-14 10:39:13"
[1] "Louisiana is 64.9% complete."
[1] "Completed Louisiana @ 2025-05-14 10:39:13"
[1] "Louisiana is 65.2% complete."
[1] "Completed Louisiana @ 2025-05-14 10:39:13"
[1] "Louisiana is 65.5% complete."
[1] "Completed Louisiana @ 2025-05-14 10:39:13"
[1] "Louisiana is 65.9% complete."
[1] "Completed Louisiana @ 2025-05-14 10:39:13"
[1] "Louisiana is 66.2% complete."
[1] "Completed Louisiana @ 2025-05-14 10:39:13"
[1] "Louisiana is 66.5% complete."
[1] "Completed Louisiana @ 2025-05-14 10:39:13"
[1] "Louisiana is 66.8% complete."
[1] "Completed Louisiana @ 2025-05-14 10:39:13"
[1] "Louisiana is 67.1% complete."
[1] "Completed Louisiana @ 2025-05-14 10:39:13"
[1] "Louisiana is 67.4% complete."
[1] "Completed Louisiana @ 2025-05-14 10:39:14"
[1] "Louisiana is 67.7% complete."
[1] "Completed Louisiana @ 2025-05-14 10:39:14"
[1] "Louisiana is 68% complete."
[1] "Completed Louisiana @ 2025-05-14 10:39:14"
[1] "Louisiana is 68.3% complete."
[1] "Completed Louisiana @ 2025-05-14 10:39:14"
[1] "Louisiana is 68.6% complete."
[1] "Completed Louisiana @ 2025-05-14 10:39:15"
[1] "Louisiana is 68.9% complete."
[1] "Completed Louisiana @ 2025-05-14 10:39:15"
[1] "Louisiana is 69.2% complete."
[1] "Completed Louisiana @ 2025-05-14 10:39:15"
[1] "Louisiana is 69.5% complete."
[1] "Completed Louisiana @ 2025-05-14 10:39:15"
[1] "Louisiana is 69.8% complete."
[1] "Completed Louisiana @ 2025-05-14 10:39:15"
[1] "Louisiana is 70.1% complete."
[1] "Completed Louisiana @ 2025-05-14 10:39:15"
[1] "Louisiana is 70.4% complete."
[1] "Completed Louisiana @ 2025-05-14 10:39:15"
[1] "Louisiana is 70.7% complete."
[1] "Completed Louisiana @ 2025-05-14 10:39:15"
[1] "Louisiana is 71% complete."
[1] "Completed Louisiana @ 2025-05-14 10:39:15"
[1] "Louisiana is 71.3% complete."
[1] "Completed Louisiana @ 2025-05-14 10:39:15"
[1] "Louisiana is 71.6% complete."
[1] "Completed Louisiana @ 2025-05-14 10:39:15"
[1] "Louisiana is 72% complete."
[1] "Completed Louisiana @ 2025-05-14 10:39:16"
[1] "Louisiana is 72.3% complete."
[1] "Completed Louisiana @ 2025-05-14 10:39:16"
[1] "Louisiana is 72.6% complete."
[1] "Completed Louisiana @ 2025-05-14 10:39:16"
[1] "Louisiana is 72.9% complete."
[1] "Completed Louisiana @ 2025-05-14 10:39:17"
[1] "Louisiana is 73.2% complete."
[1] "Completed Louisiana @ 2025-05-14 10:39:17"
[1] "Louisiana is 73.5% complete."
[1] "Completed Louisiana @ 2025-05-14 10:39:17"
[1] "Louisiana is 73.8% complete."
[1] "Completed Louisiana @ 2025-05-14 10:39:17"
[1] "Louisiana is 74.1% complete."
[1] "Completed Louisiana @ 2025-05-14 10:39:18"
[1] "Louisiana is 74.4% complete."
[1] "Completed Louisiana @ 2025-05-14 10:39:18"
[1] "Louisiana is 74.7% complete."
[1] "Completed Louisiana @ 2025-05-14 10:39:18"
[1] "Louisiana is 75% complete."
[1] "Completed Louisiana @ 2025-05-14 10:39:18"
[1] "Louisiana is 75.3% complete."
[1] "Completed Louisiana @ 2025-05-14 10:39:18"
[1] "Louisiana is 75.6% complete."
[1] "Completed Louisiana @ 2025-05-14 10:39:18"
[1] "Louisiana is 75.9% complete."
[1] "Completed Louisiana @ 2025-05-14 10:39:18"
[1] "Louisiana is 76.2% complete."
[1] "Completed Louisiana @ 2025-05-14 10:39:18"
[1] "Louisiana is 76.5% complete."
[1] "Completed Louisiana @ 2025-05-14 10:39:19"
[1] "Louisiana is 76.8% complete."
[1] "Completed Louisiana @ 2025-05-14 10:39:19"
[1] "Louisiana is 77.1% complete."
[1] "Completed Louisiana @ 2025-05-14 10:39:19"
[1] "Louisiana is 77.4% complete."
[1] "Completed Louisiana @ 2025-05-14 10:39:19"
[1] "Louisiana is 77.7% complete."
[1] "Completed Louisiana @ 2025-05-14 10:39:19"
[1] "Louisiana is 78% complete."
[1] "Completed Louisiana @ 2025-05-14 10:39:20"
[1] "Louisiana is 78.4% complete."
[1] "Completed Louisiana @ 2025-05-14 10:39:20"
[1] "Louisiana is 78.7% complete."
[1] "Completed Louisiana @ 2025-05-14 10:39:20"
[1] "Louisiana is 79% complete."
[1] "Completed Louisiana @ 2025-05-14 10:39:20"
[1] "Louisiana is 79.3% complete."
[1] "Completed Louisiana @ 2025-05-14 10:39:20"
[1] "Louisiana is 79.6% complete."
[1] "Completed Louisiana @ 2025-05-14 10:39:20"
[1] "Louisiana is 79.9% complete."
[1] "Completed Louisiana @ 2025-05-14 10:39:20"
[1] "Louisiana is 80.2% complete."
[1] "Completed Louisiana @ 2025-05-14 10:39:21"
[1] "Louisiana is 80.5% complete."
[1] "Completed Louisiana @ 2025-05-14 10:39:21"
[1] "Louisiana is 80.8% complete."
[1] "Completed Louisiana @ 2025-05-14 10:39:21"
[1] "Louisiana is 81.1% complete."
[1] "Completed Louisiana @ 2025-05-14 10:39:22"
[1] "Louisiana is 81.4% complete."
[1] "Completed Louisiana @ 2025-05-14 10:39:22"
[1] "Louisiana is 81.7% complete."
[1] "Completed Louisiana @ 2025-05-14 10:39:22"
[1] "Louisiana is 82% complete."
[1] "Completed Louisiana @ 2025-05-14 10:39:22"
[1] "Louisiana is 82.3% complete."
[1] "Completed Louisiana @ 2025-05-14 10:39:22"
[1] "Louisiana is 82.6% complete."
[1] "Completed Louisiana @ 2025-05-14 10:39:22"
[1] "Louisiana is 82.9% complete."
[1] "Completed Louisiana @ 2025-05-14 10:39:23"
[1] "Louisiana is 83.2% complete."
[1] "Completed Louisiana @ 2025-05-14 10:39:23"
[1] "Louisiana is 83.5% complete."
[1] "Completed Louisiana @ 2025-05-14 10:39:23"
[1] "Louisiana is 83.8% complete."
[1] "Completed Louisiana @ 2025-05-14 10:39:23"
[1] "Louisiana is 84.1% complete."
[1] "Completed Louisiana @ 2025-05-14 10:39:23"
[1] "Louisiana is 84.5% complete."
[1] "Completed Louisiana @ 2025-05-14 10:39:24"
[1] "Louisiana is 84.8% complete."
[1] "Completed Louisiana @ 2025-05-14 10:39:24"
[1] "Louisiana is 85.1% complete."
[1] "Completed Louisiana @ 2025-05-14 10:39:24"
[1] "Louisiana is 85.4% complete."
[1] "Completed Louisiana @ 2025-05-14 10:39:24"
[1] "Louisiana is 85.7% complete."
[1] "Completed Louisiana @ 2025-05-14 10:39:24"
[1] "Louisiana is 86% complete."
[1] "Completed Louisiana @ 2025-05-14 10:39:24"
[1] "Louisiana is 86.3% complete."
[1] "Completed Louisiana @ 2025-05-14 10:39:24"
[1] "Louisiana is 86.6% complete."
[1] "Completed Louisiana @ 2025-05-14 10:39:25"
[1] "Louisiana is 86.9% complete."
[1] "Completed Louisiana @ 2025-05-14 10:39:25"
[1] "Louisiana is 87.2% complete."
[1] "Completed Louisiana @ 2025-05-14 10:39:26"
[1] "Louisiana is 87.5% complete."
[1] "Completed Louisiana @ 2025-05-14 10:39:26"
[1] "Louisiana is 87.8% complete."
[1] "Completed Louisiana @ 2025-05-14 10:39:26"
[1] "Louisiana is 88.1% complete."
[1] "Completed Louisiana @ 2025-05-14 10:39:26"
[1] "Louisiana is 88.4% complete."
[1] "Completed Louisiana @ 2025-05-14 10:39:27"
[1] "Louisiana is 88.7% complete."
[1] "Completed Louisiana @ 2025-05-14 10:39:27"
[1] "Louisiana is 89% complete."
[1] "Completed Louisiana @ 2025-05-14 10:39:27"
[1] "Louisiana is 89.3% complete."
[1] "Completed Louisiana @ 2025-05-14 10:39:27"
[1] "Louisiana is 89.6% complete."
[1] "Completed Louisiana @ 2025-05-14 10:39:27"
[1] "Louisiana is 89.9% complete."
[1] "Completed Louisiana @ 2025-05-14 10:39:27"
[1] "Louisiana is 90.2% complete."
[1] "Completed Louisiana @ 2025-05-14 10:39:28"
[1] "Louisiana is 90.5% complete."
[1] "Completed Louisiana @ 2025-05-14 10:39:28"
[1] "Louisiana is 90.9% complete."
[1] "Completed Louisiana @ 2025-05-14 10:39:28"
[1] "Louisiana is 91.2% complete."
[1] "Completed Louisiana @ 2025-05-14 10:39:28"
[1] "Louisiana is 91.5% complete."
[1] "Completed Louisiana @ 2025-05-14 10:39:29"
[1] "Louisiana is 91.8% complete."
[1] "Completed Louisiana @ 2025-05-14 10:39:29"
[1] "Louisiana is 92.1% complete."
[1] "Completed Louisiana @ 2025-05-14 10:39:30"
[1] "Louisiana is 92.4% complete."
[1] "Completed Louisiana @ 2025-05-14 10:39:30"
[1] "Louisiana is 92.7% complete."
[1] "Completed Louisiana @ 2025-05-14 10:39:31"
[1] "Louisiana is 93% complete."
[1] "Completed Louisiana @ 2025-05-14 10:39:32"
[1] "Louisiana is 93.3% complete."
[1] "Completed Louisiana @ 2025-05-14 10:39:32"
[1] "Louisiana is 93.6% complete."
[1] "Completed Louisiana @ 2025-05-14 10:39:32"
[1] "Louisiana is 93.9% complete."
[1] "Completed Louisiana @ 2025-05-14 10:39:32"
[1] "Louisiana is 94.2% complete."
[1] "Completed Louisiana @ 2025-05-14 10:39:33"
[1] "Louisiana is 94.5% complete."
[1] "Completed Louisiana @ 2025-05-14 10:39:33"
[1] "Louisiana is 94.8% complete."
[1] "Completed Louisiana @ 2025-05-14 10:39:34"
[1] "Louisiana is 95.1% complete."
[1] "Completed Louisiana @ 2025-05-14 10:39:34"
[1] "Louisiana is 95.4% complete."
[1] "Completed Louisiana @ 2025-05-14 10:39:34"
[1] "Louisiana is 95.7% complete."
[1] "Completed Louisiana @ 2025-05-14 10:39:34"
[1] "Louisiana is 96% complete."
[1] "Completed Louisiana @ 2025-05-14 10:39:35"
[1] "Louisiana is 96.3% complete."
[1] "Completed Louisiana @ 2025-05-14 10:39:35"
[1] "Louisiana is 96.6% complete."
[1] "Completed Louisiana @ 2025-05-14 10:39:36"
[1] "Louisiana is 97% complete."
[1] "Completed Louisiana @ 2025-05-14 10:39:36"
[1] "Louisiana is 97.3% complete."
[1] "Completed Louisiana @ 2025-05-14 10:39:37"
[1] "Louisiana is 97.6% complete."
[1] "Completed Louisiana @ 2025-05-14 10:39:37"
[1] "Louisiana is 97.9% complete."
[1] "Completed Louisiana @ 2025-05-14 10:39:37"
[1] "Louisiana is 98.2% complete."
[1] "Completed Louisiana @ 2025-05-14 10:39:37"
[1] "Louisiana is 98.5% complete."
[1] "Completed Louisiana @ 2025-05-14 10:39:39"
[1] "Louisiana is 98.8% complete."
[1] "Completed Louisiana @ 2025-05-14 10:39:41"
[1] "Louisiana is 99.1% complete."
[1] "Completed Louisiana @ 2025-05-14 10:39:41"
[1] "Louisiana is 99.4% complete."
[1] "Completed Louisiana @ 2025-05-14 10:39:42"
[1] "Louisiana is 99.7% complete."
[1] "Completed Louisiana @ 2025-05-14 10:39:43"
[1] "Louisiana is 100% complete."
[1] "Completed Louisiana @ 2025-05-14 10:39:43"
Deleting layer `Pop' using driver `GPKG'
Writing layer `Pop' to data source 
  `/work/GRDVULN/sewershed/Model/Create_Boundaries/outputs/Pop_Delineated/FP_22.gpkg' using driver `GPKG'
Writing 328 features with 10 fields and geometry type Unknown (any).
[1] "SCRIPT COMPLETE @ 2025-05-14 10:41:09"
