[1] "Starting Maine"
Reading layer `cb_2021_us_state_500k' from data source 
  `/work/GRDVULN/data/cb_2021_us_all_500k.gdb' using driver `OpenFileGDB'
Simple feature collection with 56 features and 9 fields
Geometry type: MULTIPOLYGON
Dimension:     XY
Bounding box:  xmin: -179.1489 ymin: -14.5487 xmax: 179.7785 ymax: 71.36516
Geodetic CRS:  NAD83
[1] "Building 131 systems"
[1] "Maine is 0.8% complete."
[1] "Completed Maine @ 2025-05-14 10:38:15"
[1] "Maine is 1.5% complete."
[1] "Completed Maine @ 2025-05-14 10:38:15"
[1] "Maine is 2.3% complete."
[1] "Completed Maine @ 2025-05-14 10:38:15"
[1] "Maine is 3.1% complete."
[1] "Completed Maine @ 2025-05-14 10:38:15"
[1] "Maine is 3.8% complete."
[1] "Completed Maine @ 2025-05-14 10:38:15"
[1] "Maine is 4.6% complete."
[1] "Completed Maine @ 2025-05-14 10:38:16"
[1] "Maine is 5.3% complete."
[1] "Completed Maine @ 2025-05-14 10:38:16"
[1] "Maine is 6.1% complete."
[1] "Completed Maine @ 2025-05-14 10:38:16"
[1] "Maine is 6.9% complete."
[1] "Completed Maine @ 2025-05-14 10:38:16"
[1] "Maine is 7.6% complete."
[1] "Completed Maine @ 2025-05-14 10:38:16"
[1] "Maine is 8.4% complete."
[1] "Completed Maine @ 2025-05-14 10:38:16"
[1] "Maine is 9.2% complete."
[1] "Completed Maine @ 2025-05-14 10:38:16"
[1] "Maine is 9.9% complete."
[1] "Completed Maine @ 2025-05-14 10:38:16"
[1] "Maine is 10.7% complete."
[1] "Completed Maine @ 2025-05-14 10:38:16"
[1] "Maine is 11.5% complete."
[1] "Completed Maine @ 2025-05-14 10:38:16"
[1] "Maine is 12.2% complete."
[1] "Completed Maine @ 2025-05-14 10:38:16"
[1] "Maine is 13% complete."
[1] "Completed Maine @ 2025-05-14 10:38:16"
[1] "Maine is 13.7% complete."
[1] "Completed Maine @ 2025-05-14 10:38:16"
[1] "Maine is 14.5% complete."
[1] "Completed Maine @ 2025-05-14 10:38:16"
[1] "Maine is 15.3% complete."
[1] "Completed Maine @ 2025-05-14 10:38:16"
[1] "Maine is 16% complete."
[1] "Completed Maine @ 2025-05-14 10:38:17"
[1] "Maine is 16.8% complete."
[1] "Completed Maine @ 2025-05-14 10:38:17"
[1] "Maine is 17.6% complete."
[1] "Completed Maine @ 2025-05-14 10:38:17"
[1] "Maine is 18.3% complete."
[1] "Completed Maine @ 2025-05-14 10:38:17"
[1] "Maine is 19.1% complete."
[1] "Completed Maine @ 2025-05-14 10:38:17"
[1] "Maine is 19.8% complete."
[1] "Completed Maine @ 2025-05-14 10:38:17"
[1] "Maine is 20.6% complete."
[1] "Completed Maine @ 2025-05-14 10:38:17"
[1] "Maine is 21.4% complete."
[1] "Completed Maine @ 2025-05-14 10:38:17"
[1] "Maine is 22.1% complete."
[1] "Completed Maine @ 2025-05-14 10:38:17"
[1] "Maine is 22.9% complete."
[1] "Completed Maine @ 2025-05-14 10:38:17"
[1] "Maine is 23.7% complete."
[1] "Completed Maine @ 2025-05-14 10:38:17"
[1] "Maine is 24.4% complete."
[1] "Completed Maine @ 2025-05-14 10:38:17"
[1] "Maine is 25.2% complete."
[1] "Completed Maine @ 2025-05-14 10:38:17"
[1] "Maine is 26% complete."
[1] "Completed Maine @ 2025-05-14 10:38:18"
[1] "Maine is 26.7% complete."
[1] "Completed Maine @ 2025-05-14 10:38:18"
[1] "Maine is 27.5% complete."
[1] "Completed Maine @ 2025-05-14 10:38:18"
[1] "Maine is 28.2% complete."
[1] "Completed Maine @ 2025-05-14 10:38:18"
[1] "Maine is 29% complete."
[1] "Completed Maine @ 2025-05-14 10:38:18"
[1] "Maine is 29.8% complete."
[1] "Completed Maine @ 2025-05-14 10:38:18"
[1] "Maine is 30.5% complete."
[1] "Completed Maine @ 2025-05-14 10:38:18"
[1] "Maine is 31.3% complete."
[1] "Completed Maine @ 2025-05-14 10:38:18"
[1] "Maine is 32.1% complete."
[1] "Completed Maine @ 2025-05-14 10:38:18"
[1] "Maine is 32.8% complete."
[1] "Completed Maine @ 2025-05-14 10:38:19"
[1] "Maine is 33.6% complete."
[1] "Completed Maine @ 2025-05-14 10:38:19"
[1] "Maine is 34.4% complete."
[1] "Completed Maine @ 2025-05-14 10:38:19"
[1] "Maine is 35.1% complete."
[1] "Completed Maine @ 2025-05-14 10:38:19"
[1] "Maine is 35.9% complete."
[1] "Completed Maine @ 2025-05-14 10:38:19"
[1] "Maine is 36.6% complete."
[1] "Completed Maine @ 2025-05-14 10:38:19"
[1] "Maine is 37.4% complete."
[1] "Completed Maine @ 2025-05-14 10:38:19"
[1] "Maine is 38.2% complete."
[1] "Completed Maine @ 2025-05-14 10:38:19"
[1] "Maine is 38.9% complete."
[1] "Completed Maine @ 2025-05-14 10:38:19"
[1] "Maine is 39.7% complete."
[1] "Completed Maine @ 2025-05-14 10:38:19"
[1] "Maine is 40.5% complete."
[1] "Completed Maine @ 2025-05-14 10:38:19"
[1] "Maine is 41.2% complete."
[1] "Completed Maine @ 2025-05-14 10:38:19"
[1] "Maine is 42% complete."
[1] "Completed Maine @ 2025-05-14 10:38:19"
[1] "Maine is 42.7% complete."
[1] "Completed Maine @ 2025-05-14 10:38:19"
[1] "Maine is 43.5% complete."
[1] "Completed Maine @ 2025-05-14 10:38:19"
[1] "Maine is 44.3% complete."
[1] "Completed Maine @ 2025-05-14 10:38:20"
[1] "Maine is 45% complete."
[1] "Completed Maine @ 2025-05-14 10:38:20"
[1] "Maine is 45.8% complete."
[1] "Completed Maine @ 2025-05-14 10:38:20"
[1] "Maine is 46.6% complete."
[1] "Completed Maine @ 2025-05-14 10:38:20"
[1] "Maine is 47.3% complete."
[1] "Completed Maine @ 2025-05-14 10:38:20"
[1] "Maine is 48.1% complete."
[1] "Completed Maine @ 2025-05-14 10:38:20"
[1] "Maine is 48.9% complete."
[1] "Completed Maine @ 2025-05-14 10:38:20"
[1] "Maine is 49.6% complete."
[1] "Completed Maine @ 2025-05-14 10:38:20"
[1] "Maine is 50.4% complete."
[1] "Completed Maine @ 2025-05-14 10:38:20"
[1] "Maine is 51.1% complete."
[1] "Completed Maine @ 2025-05-14 10:38:20"
[1] "Maine is 51.9% complete."
[1] "Completed Maine @ 2025-05-14 10:38:20"
[1] "Maine is 52.7% complete."
[1] "Completed Maine @ 2025-05-14 10:38:20"
[1] "Maine is 53.4% complete."
[1] "Completed Maine @ 2025-05-14 10:38:20"
[1] "Maine is 54.2% complete."
[1] "Completed Maine @ 2025-05-14 10:38:20"
[1] "Maine is 55% complete."
[1] "Completed Maine @ 2025-05-14 10:38:21"
[1] "Maine is 55.7% complete."
[1] "Completed Maine @ 2025-05-14 10:38:21"
[1] "Maine is 56.5% complete."
[1] "Completed Maine @ 2025-05-14 10:38:21"
[1] "Maine is 57.3% complete."
[1] "Completed Maine @ 2025-05-14 10:38:21"
[1] "Maine is 58% complete."
[1] "Completed Maine @ 2025-05-14 10:38:21"
[1] "Maine is 58.8% complete."
[1] "Completed Maine @ 2025-05-14 10:38:21"
[1] "Maine is 59.5% complete."
[1] "Completed Maine @ 2025-05-14 10:38:21"
[1] "Maine is 60.3% complete."
[1] "Completed Maine @ 2025-05-14 10:38:21"
[1] "Maine is 61.1% complete."
[1] "Completed Maine @ 2025-05-14 10:38:21"
[1] "Maine is 61.8% complete."
[1] "Completed Maine @ 2025-05-14 10:38:21"
[1] "Maine is 62.6% complete."
[1] "Completed Maine @ 2025-05-14 10:38:21"
[1] "Maine is 63.4% complete."
[1] "Completed Maine @ 2025-05-14 10:38:21"
[1] "Maine is 64.1% complete."
[1] "Completed Maine @ 2025-05-14 10:38:22"
[1] "Maine is 64.9% complete."
[1] "Completed Maine @ 2025-05-14 10:38:22"
[1] "Maine is 65.6% complete."
[1] "Completed Maine @ 2025-05-14 10:38:22"
[1] "Maine is 66.4% complete."
[1] "Completed Maine @ 2025-05-14 10:38:22"
[1] "Maine is 67.2% complete."
[1] "Completed Maine @ 2025-05-14 10:38:22"
[1] "Maine is 67.9% complete."
[1] "Completed Maine @ 2025-05-14 10:38:22"
[1] "Maine is 68.7% complete."
[1] "Completed Maine @ 2025-05-14 10:38:22"
[1] "Maine is 69.5% complete."
[1] "Completed Maine @ 2025-05-14 10:38:22"
[1] "Maine is 70.2% complete."
[1] "Completed Maine @ 2025-05-14 10:38:22"
[1] "Maine is 71% complete."
[1] "Completed Maine @ 2025-05-14 10:38:22"
[1] "Maine is 71.8% complete."
[1] "Completed Maine @ 2025-05-14 10:38:22"
[1] "Maine is 72.5% complete."
[1] "Completed Maine @ 2025-05-14 10:38:22"
[1] "Maine is 73.3% complete."
[1] "Completed Maine @ 2025-05-14 10:38:23"
[1] "Maine is 74% complete."
[1] "Completed Maine @ 2025-05-14 10:38:23"
[1] "Maine is 74.8% complete."
[1] "Completed Maine @ 2025-05-14 10:38:23"
[1] "Maine is 75.6% complete."
[1] "Completed Maine @ 2025-05-14 10:38:23"
[1] "Maine is 76.3% complete."
[1] "Completed Maine @ 2025-05-14 10:38:23"
[1] "Maine is 77.1% complete."
[1] "Completed Maine @ 2025-05-14 10:38:23"
[1] "Maine is 77.9% complete."
[1] "Completed Maine @ 2025-05-14 10:38:23"
[1] "Maine is 78.6% complete."
[1] "Completed Maine @ 2025-05-14 10:38:23"
[1] "Maine is 79.4% complete."
[1] "Completed Maine @ 2025-05-14 10:38:23"
[1] "Maine is 80.2% complete."
[1] "Completed Maine @ 2025-05-14 10:38:23"
[1] "Maine is 80.9% complete."
[1] "Completed Maine @ 2025-05-14 10:38:23"
[1] "Maine is 81.7% complete."
[1] "Completed Maine @ 2025-05-14 10:38:24"
[1] "Maine is 82.4% complete."
[1] "Completed Maine @ 2025-05-14 10:38:24"
[1] "Maine is 83.2% complete."
[1] "Completed Maine @ 2025-05-14 10:38:24"
[1] "Maine is 84% complete."
[1] "Completed Maine @ 2025-05-14 10:38:24"
[1] "Maine is 84.7% complete."
[1] "Completed Maine @ 2025-05-14 10:38:24"
[1] "Maine is 85.5% complete."
[1] "Completed Maine @ 2025-05-14 10:38:24"
[1] "Maine is 86.3% complete."
[1] "Completed Maine @ 2025-05-14 10:38:25"
[1] "Maine is 87% complete."
[1] "Completed Maine @ 2025-05-14 10:38:25"
[1] "Maine is 87.8% complete."
[1] "Completed Maine @ 2025-05-14 10:38:25"
[1] "Maine is 88.5% complete."
[1] "Completed Maine @ 2025-05-14 10:38:25"
[1] "Maine is 89.3% complete."
[1] "Completed Maine @ 2025-05-14 10:38:25"
[1] "Maine is 90.1% complete."
[1] "Completed Maine @ 2025-05-14 10:38:25"
[1] "Maine is 90.8% complete."
[1] "Completed Maine @ 2025-05-14 10:38:25"
[1] "Maine is 91.6% complete."
[1] "Completed Maine @ 2025-05-14 10:38:25"
[1] "Maine is 92.4% complete."
[1] "Completed Maine @ 2025-05-14 10:38:25"
[1] "Maine is 93.1% complete."
[1] "Completed Maine @ 2025-05-14 10:38:26"
[1] "Maine is 93.9% complete."
[1] "Completed Maine @ 2025-05-14 10:38:26"
[1] "Maine is 94.7% complete."
[1] "Completed Maine @ 2025-05-14 10:38:26"
[1] "Maine is 95.4% complete."
[1] "Completed Maine @ 2025-05-14 10:38:26"
[1] "Maine is 96.2% complete."
[1] "Completed Maine @ 2025-05-14 10:38:26"
[1] "Maine is 96.9% complete."
[1] "Completed Maine @ 2025-05-14 10:38:26"
[1] "Maine is 97.7% complete."
[1] "Completed Maine @ 2025-05-14 10:38:26"
[1] "Maine is 98.5% complete."
[1] "Completed Maine @ 2025-05-14 10:38:27"
[1] "Maine is 99.2% complete."
[1] "Completed Maine @ 2025-05-14 10:38:27"
[1] "Maine is 100% complete."
[1] "Completed Maine @ 2025-05-14 10:38:27"
Deleting layer `Pop' using driver `GPKG'
Writing layer `Pop' to data source 
  `/work/GRDVULN/sewershed/Model/Create_Boundaries/outputs/Pop_Delineated/FP_23.gpkg' using driver `GPKG'
Writing 131 features with 10 fields and geometry type Unknown (any).
[1] "SCRIPT COMPLETE @ 2025-05-14 10:38:32"
