[1] "Starting Michigan"
Reading layer `cb_2021_us_state_500k' from data source 
  `/work/GRDVULN/data/cb_2021_us_all_500k.gdb' using driver `OpenFileGDB'
Simple feature collection with 56 features and 9 fields
Geometry type: MULTIPOLYGON
Dimension:     XY
Bounding box:  xmin: -179.1489 ymin: -14.5487 xmax: 179.7785 ymax: 71.36516
Geodetic CRS:  NAD83
[1] "Building 393 systems"
[1] "Michigan is 0.3% complete."
[1] "Completed Michigan @ 2025-05-14 10:39:20"
[1] "Michigan is 0.5% complete."
[1] "Completed Michigan @ 2025-05-14 10:39:20"
[1] "Michigan is 0.8% complete."
[1] "Completed Michigan @ 2025-05-14 10:39:20"
[1] "Michigan is 1% complete."
[1] "Completed Michigan @ 2025-05-14 10:39:20"
[1] "Michigan is 1.3% complete."
[1] "Completed Michigan @ 2025-05-14 10:39:20"
[1] "Michigan is 1.5% complete."
[1] "Completed Michigan @ 2025-05-14 10:39:20"
[1] "Michigan is 1.8% complete."
[1] "Completed Michigan @ 2025-05-14 10:39:20"
[1] "Michigan is 2% complete."
[1] "Completed Michigan @ 2025-05-14 10:39:20"
[1] "Michigan is 2.3% complete."
[1] "Completed Michigan @ 2025-05-14 10:39:20"
[1] "Michigan is 2.5% complete."
[1] "Completed Michigan @ 2025-05-14 10:39:20"
[1] "Michigan is 2.8% complete."
[1] "Completed Michigan @ 2025-05-14 10:39:20"
[1] "Michigan is 3.1% complete."
[1] "Completed Michigan @ 2025-05-14 10:39:21"
[1] "Michigan is 3.3% complete."
[1] "Completed Michigan @ 2025-05-14 10:39:21"
[1] "Michigan is 3.6% complete."
[1] "Completed Michigan @ 2025-05-14 10:39:21"
[1] "Michigan is 3.8% complete."
[1] "Completed Michigan @ 2025-05-14 10:39:21"
[1] "Michigan is 4.1% complete."
[1] "Completed Michigan @ 2025-05-14 10:39:21"
[1] "Michigan is 4.3% complete."
[1] "Completed Michigan @ 2025-05-14 10:39:21"
[1] "Michigan is 4.6% complete."
[1] "Completed Michigan @ 2025-05-14 10:39:21"
[1] "Michigan is 4.8% complete."
[1] "Completed Michigan @ 2025-05-14 10:39:22"
[1] "Michigan is 5.1% complete."
[1] "Completed Michigan @ 2025-05-14 10:39:22"
[1] "Michigan is 5.3% complete."
[1] "Completed Michigan @ 2025-05-14 10:39:22"
[1] "Michigan is 5.6% complete."
[1] "Completed Michigan @ 2025-05-14 10:39:22"
[1] "Michigan is 5.9% complete."
[1] "Completed Michigan @ 2025-05-14 10:39:22"
[1] "Michigan is 6.1% complete."
[1] "Completed Michigan @ 2025-05-14 10:39:22"
[1] "Michigan is 6.4% complete."
[1] "Completed Michigan @ 2025-05-14 10:39:22"
[1] "Michigan is 6.6% complete."
[1] "Completed Michigan @ 2025-05-14 10:39:22"
[1] "Michigan is 6.9% complete."
[1] "Completed Michigan @ 2025-05-14 10:39:22"
[1] "Michigan is 7.1% complete."
[1] "Completed Michigan @ 2025-05-14 10:39:22"
[1] "Michigan is 7.4% complete."
[1] "Completed Michigan @ 2025-05-14 10:39:22"
[1] "Michigan is 7.6% complete."
[1] "Completed Michigan @ 2025-05-14 10:39:22"
[1] "Michigan is 7.9% complete."
[1] "Completed Michigan @ 2025-05-14 10:39:22"
[1] "Michigan is 8.1% complete."
[1] "Completed Michigan @ 2025-05-14 10:39:22"
[1] "Michigan is 8.4% complete."
[1] "Completed Michigan @ 2025-05-14 10:39:22"
[1] "Michigan is 8.7% complete."
[1] "Completed Michigan @ 2025-05-14 10:39:23"
[1] "Michigan is 8.9% complete."
[1] "Completed Michigan @ 2025-05-14 10:39:23"
[1] "Michigan is 9.2% complete."
[1] "Completed Michigan @ 2025-05-14 10:39:23"
[1] "Michigan is 9.4% complete."
[1] "Completed Michigan @ 2025-05-14 10:39:23"
[1] "Michigan is 9.7% complete."
[1] "Completed Michigan @ 2025-05-14 10:39:23"
[1] "Michigan is 9.9% complete."
[1] "Completed Michigan @ 2025-05-14 10:39:23"
[1] "Michigan is 10.2% complete."
[1] "Completed Michigan @ 2025-05-14 10:39:23"
[1] "Michigan is 10.4% complete."
[1] "Completed Michigan @ 2025-05-14 10:39:23"
[1] "Michigan is 10.7% complete."
[1] "Completed Michigan @ 2025-05-14 10:39:23"
[1] "Michigan is 10.9% complete."
[1] "Completed Michigan @ 2025-05-14 10:39:24"
[1] "Michigan is 11.2% complete."
[1] "Completed Michigan @ 2025-05-14 10:39:24"
[1] "Michigan is 11.5% complete."
[1] "Completed Michigan @ 2025-05-14 10:39:24"
[1] "Michigan is 11.7% complete."
[1] "Completed Michigan @ 2025-05-14 10:39:24"
[1] "Michigan is 12% complete."
[1] "Completed Michigan @ 2025-05-14 10:39:24"
[1] "Michigan is 12.2% complete."
[1] "Completed Michigan @ 2025-05-14 10:39:24"
[1] "Michigan is 12.5% complete."
[1] "Completed Michigan @ 2025-05-14 10:39:24"
[1] "Michigan is 12.7% complete."
[1] "Completed Michigan @ 2025-05-14 10:39:24"
[1] "Michigan is 13% complete."
[1] "Completed Michigan @ 2025-05-14 10:39:24"
[1] "Michigan is 13.2% complete."
[1] "Completed Michigan @ 2025-05-14 10:39:24"
[1] "Michigan is 13.5% complete."
[1] "Completed Michigan @ 2025-05-14 10:39:24"
[1] "Michigan is 13.7% complete."
[1] "Completed Michigan @ 2025-05-14 10:39:24"
[1] "Michigan is 14% complete."
[1] "Completed Michigan @ 2025-05-14 10:39:25"
[1] "Michigan is 14.2% complete."
[1] "Completed Michigan @ 2025-05-14 10:39:25"
[1] "Michigan is 14.5% complete."
[1] "Completed Michigan @ 2025-05-14 10:39:25"
[1] "Michigan is 14.8% complete."
[1] "Completed Michigan @ 2025-05-14 10:39:25"
[1] "Michigan is 15% complete."
[1] "Completed Michigan @ 2025-05-14 10:39:25"
[1] "Michigan is 15.3% complete."
[1] "Completed Michigan @ 2025-05-14 10:39:25"
[1] "Michigan is 15.5% complete."
[1] "Completed Michigan @ 2025-05-14 10:39:25"
[1] "Michigan is 15.8% complete."
[1] "Completed Michigan @ 2025-05-14 10:39:25"
[1] "Michigan is 16% complete."
[1] "Completed Michigan @ 2025-05-14 10:39:25"
[1] "Michigan is 16.3% complete."
[1] "Completed Michigan @ 2025-05-14 10:39:25"
[1] "Michigan is 16.5% complete."
[1] "Completed Michigan @ 2025-05-14 10:39:25"
[1] "Michigan is 16.8% complete."
[1] "Completed Michigan @ 2025-05-14 10:39:25"
[1] "Michigan is 17% complete."
[1] "Completed Michigan @ 2025-05-14 10:39:25"
[1] "Michigan is 17.3% complete."
[1] "Completed Michigan @ 2025-05-14 10:39:25"
[1] "Michigan is 17.6% complete."
[1] "Completed Michigan @ 2025-05-14 10:39:26"
[1] "Michigan is 17.8% complete."
[1] "Completed Michigan @ 2025-05-14 10:39:26"
[1] "Michigan is 18.1% complete."
[1] "Completed Michigan @ 2025-05-14 10:39:26"
[1] "Michigan is 18.3% complete."
[1] "Completed Michigan @ 2025-05-14 10:39:27"
[1] "Michigan is 18.6% complete."
[1] "Completed Michigan @ 2025-05-14 10:39:27"
[1] "Michigan is 18.8% complete."
[1] "Completed Michigan @ 2025-05-14 10:39:27"
[1] "Michigan is 19.1% complete."
[1] "Completed Michigan @ 2025-05-14 10:39:27"
[1] "Michigan is 19.3% complete."
[1] "Completed Michigan @ 2025-05-14 10:39:27"
[1] "Michigan is 19.6% complete."
[1] "Completed Michigan @ 2025-05-14 10:39:27"
[1] "Michigan is 19.8% complete."
[1] "Completed Michigan @ 2025-05-14 10:39:27"
[1] "Michigan is 20.1% complete."
[1] "Completed Michigan @ 2025-05-14 10:39:27"
[1] "Michigan is 20.4% complete."
[1] "Completed Michigan @ 2025-05-14 10:39:27"
[1] "Michigan is 20.6% complete."
[1] "Completed Michigan @ 2025-05-14 10:39:27"
[1] "Michigan is 20.9% complete."
[1] "Completed Michigan @ 2025-05-14 10:39:28"
[1] "Michigan is 21.1% complete."
[1] "Completed Michigan @ 2025-05-14 10:39:28"
[1] "Michigan is 21.4% complete."
[1] "Completed Michigan @ 2025-05-14 10:39:28"
[1] "Michigan is 21.6% complete."
[1] "Completed Michigan @ 2025-05-14 10:39:28"
[1] "Michigan is 21.9% complete."
[1] "Completed Michigan @ 2025-05-14 10:39:28"
[1] "Michigan is 22.1% complete."
[1] "Completed Michigan @ 2025-05-14 10:39:28"
[1] "Michigan is 22.4% complete."
[1] "Completed Michigan @ 2025-05-14 10:39:28"
[1] "Michigan is 22.6% complete."
[1] "Completed Michigan @ 2025-05-14 10:39:28"
[1] "Michigan is 22.9% complete."
[1] "Completed Michigan @ 2025-05-14 10:39:28"
[1] "Michigan is 23.2% complete."
[1] "Completed Michigan @ 2025-05-14 10:39:28"
[1] "Michigan is 23.4% complete."
[1] "Completed Michigan @ 2025-05-14 10:39:28"
[1] "Michigan is 23.7% complete."
[1] "Completed Michigan @ 2025-05-14 10:39:28"
[1] "Michigan is 23.9% complete."
[1] "Completed Michigan @ 2025-05-14 10:39:29"
[1] "Michigan is 24.2% complete."
[1] "Completed Michigan @ 2025-05-14 10:39:29"
[1] "Michigan is 24.4% complete."
[1] "Completed Michigan @ 2025-05-14 10:39:29"
[1] "Michigan is 24.7% complete."
[1] "Completed Michigan @ 2025-05-14 10:39:29"
[1] "Michigan is 24.9% complete."
[1] "Completed Michigan @ 2025-05-14 10:39:29"
[1] "Michigan is 25.2% complete."
[1] "Completed Michigan @ 2025-05-14 10:39:29"
[1] "Michigan is 25.4% complete."
[1] "Completed Michigan @ 2025-05-14 10:39:29"
[1] "Michigan is 25.7% complete."
[1] "Completed Michigan @ 2025-05-14 10:39:29"
[1] "Michigan is 26% complete."
[1] "Completed Michigan @ 2025-05-14 10:39:29"
[1] "Michigan is 26.2% complete."
[1] "Completed Michigan @ 2025-05-14 10:39:29"
[1] "Michigan is 26.5% complete."
[1] "Completed Michigan @ 2025-05-14 10:39:29"
[1] "Michigan is 26.7% complete."
[1] "Completed Michigan @ 2025-05-14 10:39:29"
[1] "Michigan is 27% complete."
[1] "Completed Michigan @ 2025-05-14 10:39:30"
[1] "Michigan is 27.2% complete."
[1] "Completed Michigan @ 2025-05-14 10:39:30"
[1] "Michigan is 27.5% complete."
[1] "Completed Michigan @ 2025-05-14 10:39:30"
[1] "Michigan is 27.7% complete."
[1] "Completed Michigan @ 2025-05-14 10:39:30"
[1] "Michigan is 28% complete."
[1] "Completed Michigan @ 2025-05-14 10:39:30"
[1] "Michigan is 28.2% complete."
[1] "Completed Michigan @ 2025-05-14 10:39:30"
[1] "Michigan is 28.5% complete."
[1] "Completed Michigan @ 2025-05-14 10:39:30"
[1] "Michigan is 28.8% complete."
[1] "Completed Michigan @ 2025-05-14 10:39:30"
[1] "Michigan is 29% complete."
[1] "Completed Michigan @ 2025-05-14 10:39:30"
[1] "Michigan is 29.3% complete."
[1] "Completed Michigan @ 2025-05-14 10:39:30"
[1] "Michigan is 29.5% complete."
[1] "Completed Michigan @ 2025-05-14 10:39:30"
[1] "Michigan is 29.8% complete."
[1] "Completed Michigan @ 2025-05-14 10:39:30"
[1] "Michigan is 30% complete."
[1] "Completed Michigan @ 2025-05-14 10:39:31"
[1] "Michigan is 30.3% complete."
[1] "Completed Michigan @ 2025-05-14 10:39:31"
[1] "Michigan is 30.5% complete."
[1] "Completed Michigan @ 2025-05-14 10:39:31"
[1] "Michigan is 30.8% complete."
[1] "Completed Michigan @ 2025-05-14 10:39:31"
[1] "Michigan is 31% complete."
[1] "Completed Michigan @ 2025-05-14 10:39:31"
[1] "Michigan is 31.3% complete."
[1] "Completed Michigan @ 2025-05-14 10:39:31"
[1] "Michigan is 31.6% complete."
[1] "Completed Michigan @ 2025-05-14 10:39:31"
[1] "Michigan is 31.8% complete."
[1] "Completed Michigan @ 2025-05-14 10:39:31"
[1] "Michigan is 32.1% complete."
[1] "Completed Michigan @ 2025-05-14 10:39:31"
[1] "Michigan is 32.3% complete."
[1] "Completed Michigan @ 2025-05-14 10:39:31"
[1] "Michigan is 32.6% complete."
[1] "Completed Michigan @ 2025-05-14 10:39:31"
[1] "Michigan is 32.8% complete."
[1] "Completed Michigan @ 2025-05-14 10:39:31"
[1] "Michigan is 33.1% complete."
[1] "Completed Michigan @ 2025-05-14 10:39:31"
[1] "Michigan is 33.3% complete."
[1] "Completed Michigan @ 2025-05-14 10:39:32"
[1] "Michigan is 33.6% complete."
[1] "Completed Michigan @ 2025-05-14 10:39:32"
[1] "Michigan is 33.8% complete."
[1] "Completed Michigan @ 2025-05-14 10:39:32"
[1] "Michigan is 34.1% complete."
[1] "Completed Michigan @ 2025-05-14 10:39:32"
[1] "Michigan is 34.4% complete."
[1] "Completed Michigan @ 2025-05-14 10:39:32"
[1] "Michigan is 34.6% complete."
[1] "Completed Michigan @ 2025-05-14 10:39:32"
[1] "Michigan is 34.9% complete."
[1] "Completed Michigan @ 2025-05-14 10:39:32"
[1] "Michigan is 35.1% complete."
[1] "Completed Michigan @ 2025-05-14 10:39:32"
[1] "Michigan is 35.4% complete."
[1] "Completed Michigan @ 2025-05-14 10:39:32"
[1] "Michigan is 35.6% complete."
[1] "Completed Michigan @ 2025-05-14 10:39:32"
[1] "Michigan is 35.9% complete."
[1] "Completed Michigan @ 2025-05-14 10:39:32"
[1] "Michigan is 36.1% complete."
[1] "Completed Michigan @ 2025-05-14 10:39:32"
[1] "Michigan is 36.4% complete."
[1] "Completed Michigan @ 2025-05-14 10:39:33"
[1] "Michigan is 36.6% complete."
[1] "Completed Michigan @ 2025-05-14 10:39:33"
[1] "Michigan is 36.9% complete."
[1] "Completed Michigan @ 2025-05-14 10:39:33"
[1] "Michigan is 37.2% complete."
[1] "Completed Michigan @ 2025-05-14 10:39:33"
[1] "Michigan is 37.4% complete."
[1] "Completed Michigan @ 2025-05-14 10:39:33"
[1] "Michigan is 37.7% complete."
[1] "Completed Michigan @ 2025-05-14 10:39:33"
[1] "Michigan is 37.9% complete."
[1] "Completed Michigan @ 2025-05-14 10:39:33"
[1] "Michigan is 38.2% complete."
[1] "Completed Michigan @ 2025-05-14 10:39:33"
[1] "Michigan is 38.4% complete."
[1] "Completed Michigan @ 2025-05-14 10:39:33"
[1] "Michigan is 38.7% complete."
[1] "Completed Michigan @ 2025-05-14 10:39:33"
[1] "Michigan is 38.9% complete."
[1] "Completed Michigan @ 2025-05-14 10:39:33"
[1] "Michigan is 39.2% complete."
[1] "Completed Michigan @ 2025-05-14 10:39:33"
[1] "Michigan is 39.4% complete."
[1] "Completed Michigan @ 2025-05-14 10:39:33"
[1] "Michigan is 39.7% complete."
[1] "Completed Michigan @ 2025-05-14 10:39:34"
[1] "Michigan is 39.9% complete."
[1] "Completed Michigan @ 2025-05-14 10:39:34"
[1] "Michigan is 40.2% complete."
[1] "Completed Michigan @ 2025-05-14 10:39:34"
[1] "Michigan is 40.5% complete."
[1] "Completed Michigan @ 2025-05-14 10:39:34"
[1] "Michigan is 40.7% complete."
[1] "Completed Michigan @ 2025-05-14 10:39:34"
[1] "Michigan is 41% complete."
[1] "Completed Michigan @ 2025-05-14 10:39:34"
[1] "Michigan is 41.2% complete."
[1] "Completed Michigan @ 2025-05-14 10:39:34"
[1] "Michigan is 41.5% complete."
[1] "Completed Michigan @ 2025-05-14 10:39:34"
[1] "Michigan is 41.7% complete."
[1] "Completed Michigan @ 2025-05-14 10:39:34"
[1] "Michigan is 42% complete."
[1] "Completed Michigan @ 2025-05-14 10:39:34"
[1] "Michigan is 42.2% complete."
[1] "Completed Michigan @ 2025-05-14 10:39:34"
[1] "Michigan is 42.5% complete."
[1] "Completed Michigan @ 2025-05-14 10:39:35"
[1] "Michigan is 42.7% complete."
[1] "Completed Michigan @ 2025-05-14 10:39:35"
[1] "Michigan is 43% complete."
[1] "Completed Michigan @ 2025-05-14 10:39:35"
[1] "Michigan is 43.3% complete."
[1] "Completed Michigan @ 2025-05-14 10:39:35"
[1] "Michigan is 43.5% complete."
[1] "Completed Michigan @ 2025-05-14 10:39:35"
[1] "Michigan is 43.8% complete."
[1] "Completed Michigan @ 2025-05-14 10:39:35"
[1] "Michigan is 44% complete."
[1] "Completed Michigan @ 2025-05-14 10:39:35"
[1] "Michigan is 44.3% complete."
[1] "Completed Michigan @ 2025-05-14 10:39:35"
[1] "Michigan is 44.5% complete."
[1] "Completed Michigan @ 2025-05-14 10:39:35"
[1] "Michigan is 44.8% complete."
[1] "Completed Michigan @ 2025-05-14 10:39:35"
[1] "Michigan is 45% complete."
[1] "Completed Michigan @ 2025-05-14 10:39:35"
[1] "Michigan is 45.3% complete."
[1] "Completed Michigan @ 2025-05-14 10:39:35"
[1] "Michigan is 45.5% complete."
[1] "Completed Michigan @ 2025-05-14 10:39:36"
[1] "Michigan is 45.8% complete."
[1] "Completed Michigan @ 2025-05-14 10:39:36"
[1] "Michigan is 46.1% complete."
[1] "Completed Michigan @ 2025-05-14 10:39:36"
[1] "Michigan is 46.3% complete."
[1] "Completed Michigan @ 2025-05-14 10:39:36"
[1] "Michigan is 46.6% complete."
[1] "Completed Michigan @ 2025-05-14 10:39:36"
[1] "Michigan is 46.8% complete."
[1] "Completed Michigan @ 2025-05-14 10:39:36"
[1] "Michigan is 47.1% complete."
[1] "Completed Michigan @ 2025-05-14 10:39:36"
[1] "Michigan is 47.3% complete."
[1] "Completed Michigan @ 2025-05-14 10:39:36"
[1] "Michigan is 47.6% complete."
[1] "Completed Michigan @ 2025-05-14 10:39:36"
[1] "Michigan is 47.8% complete."
[1] "Completed Michigan @ 2025-05-14 10:39:36"
[1] "Michigan is 48.1% complete."
[1] "Completed Michigan @ 2025-05-14 10:39:36"
[1] "Michigan is 48.3% complete."
[1] "Completed Michigan @ 2025-05-14 10:39:37"
[1] "Michigan is 48.6% complete."
[1] "Completed Michigan @ 2025-05-14 10:39:37"
[1] "Michigan is 48.9% complete."
[1] "Completed Michigan @ 2025-05-14 10:39:37"
[1] "Michigan is 49.1% complete."
[1] "Completed Michigan @ 2025-05-14 10:39:37"
[1] "Michigan is 49.4% complete."
[1] "Completed Michigan @ 2025-05-14 10:39:37"
[1] "Michigan is 49.6% complete."
[1] "Completed Michigan @ 2025-05-14 10:39:37"
[1] "Michigan is 49.9% complete."
[1] "Completed Michigan @ 2025-05-14 10:39:37"
[1] "Michigan is 50.1% complete."
[1] "Completed Michigan @ 2025-05-14 10:39:37"
[1] "Michigan is 50.4% complete."
[1] "Completed Michigan @ 2025-05-14 10:39:37"
[1] "Michigan is 50.6% complete."
[1] "Completed Michigan @ 2025-05-14 10:39:37"
[1] "Michigan is 50.9% complete."
[1] "Completed Michigan @ 2025-05-14 10:39:37"
[1] "Michigan is 51.1% complete."
[1] "Completed Michigan @ 2025-05-14 10:39:37"
[1] "Michigan is 51.4% complete."
[1] "Completed Michigan @ 2025-05-14 10:39:38"
[1] "Michigan is 51.7% complete."
[1] "Completed Michigan @ 2025-05-14 10:39:38"
[1] "Michigan is 51.9% complete."
[1] "Completed Michigan @ 2025-05-14 10:39:38"
[1] "Michigan is 52.2% complete."
[1] "Completed Michigan @ 2025-05-14 10:39:38"
[1] "Michigan is 52.4% complete."
[1] "Completed Michigan @ 2025-05-14 10:39:38"
[1] "Michigan is 52.7% complete."
[1] "Completed Michigan @ 2025-05-14 10:39:38"
[1] "Michigan is 52.9% complete."
[1] "Completed Michigan @ 2025-05-14 10:39:38"
[1] "Michigan is 53.2% complete."
[1] "Completed Michigan @ 2025-05-14 10:39:38"
[1] "Michigan is 53.4% complete."
[1] "Completed Michigan @ 2025-05-14 10:39:38"
[1] "Michigan is 53.7% complete."
[1] "Completed Michigan @ 2025-05-14 10:39:38"
[1] "Michigan is 53.9% complete."
[1] "Completed Michigan @ 2025-05-14 10:39:38"
[1] "Michigan is 54.2% complete."
[1] "Completed Michigan @ 2025-05-14 10:39:39"
[1] "Michigan is 54.5% complete."
[1] "Completed Michigan @ 2025-05-14 10:39:39"
[1] "Michigan is 54.7% complete."
[1] "Completed Michigan @ 2025-05-14 10:39:39"
[1] "Michigan is 55% complete."
[1] "Completed Michigan @ 2025-05-14 10:39:39"
[1] "Michigan is 55.2% complete."
[1] "Completed Michigan @ 2025-05-14 10:39:39"
[1] "Michigan is 55.5% complete."
[1] "Completed Michigan @ 2025-05-14 10:39:39"
[1] "Michigan is 55.7% complete."
[1] "Completed Michigan @ 2025-05-14 10:39:39"
[1] "Michigan is 56% complete."
[1] "Completed Michigan @ 2025-05-14 10:39:39"
[1] "Michigan is 56.2% complete."
[1] "Completed Michigan @ 2025-05-14 10:39:39"
[1] "Michigan is 56.5% complete."
[1] "Completed Michigan @ 2025-05-14 10:39:39"
[1] "Michigan is 56.7% complete."
[1] "Completed Michigan @ 2025-05-14 10:39:39"
[1] "Michigan is 57% complete."
[1] "Completed Michigan @ 2025-05-14 10:39:40"
[1] "Michigan is 57.3% complete."
[1] "Completed Michigan @ 2025-05-14 10:39:40"
[1] "Michigan is 57.5% complete."
[1] "Completed Michigan @ 2025-05-14 10:39:40"
[1] "Michigan is 57.8% complete."
[1] "Completed Michigan @ 2025-05-14 10:39:40"
[1] "Michigan is 58% complete."
[1] "Completed Michigan @ 2025-05-14 10:39:40"
[1] "Michigan is 58.3% complete."
[1] "Completed Michigan @ 2025-05-14 10:39:40"
[1] "Michigan is 58.5% complete."
[1] "Completed Michigan @ 2025-05-14 10:39:40"
[1] "Michigan is 58.8% complete."
[1] "Completed Michigan @ 2025-05-14 10:39:40"
[1] "Michigan is 59% complete."
[1] "Completed Michigan @ 2025-05-14 10:39:40"
[1] "Michigan is 59.3% complete."
[1] "Completed Michigan @ 2025-05-14 10:39:40"
[1] "Michigan is 59.5% complete."
[1] "Completed Michigan @ 2025-05-14 10:39:40"
[1] "Michigan is 59.8% complete."
[1] "Completed Michigan @ 2025-05-14 10:39:41"
[1] "Michigan is 60.1% complete."
[1] "Completed Michigan @ 2025-05-14 10:39:41"
[1] "Michigan is 60.3% complete."
[1] "Completed Michigan @ 2025-05-14 10:39:41"
[1] "Michigan is 60.6% complete."
[1] "Completed Michigan @ 2025-05-14 10:39:41"
[1] "Michigan is 60.8% complete."
[1] "Completed Michigan @ 2025-05-14 10:39:41"
[1] "Michigan is 61.1% complete."
[1] "Completed Michigan @ 2025-05-14 10:39:41"
[1] "Michigan is 61.3% complete."
[1] "Completed Michigan @ 2025-05-14 10:39:41"
[1] "Michigan is 61.6% complete."
[1] "Completed Michigan @ 2025-05-14 10:39:41"
[1] "Michigan is 61.8% complete."
[1] "Completed Michigan @ 2025-05-14 10:39:41"
[1] "Michigan is 62.1% complete."
[1] "Completed Michigan @ 2025-05-14 10:39:41"
[1] "Michigan is 62.3% complete."
[1] "Completed Michigan @ 2025-05-14 10:39:41"
[1] "Michigan is 62.6% complete."
[1] "Completed Michigan @ 2025-05-14 10:39:42"
[1] "Michigan is 62.8% complete."
[1] "Completed Michigan @ 2025-05-14 10:39:42"
[1] "Michigan is 63.1% complete."
[1] "Completed Michigan @ 2025-05-14 10:39:42"
[1] "Michigan is 63.4% complete."
[1] "Completed Michigan @ 2025-05-14 10:39:42"
[1] "Michigan is 63.6% complete."
[1] "Completed Michigan @ 2025-05-14 10:39:42"
[1] "Michigan is 63.9% complete."
[1] "Completed Michigan @ 2025-05-14 10:39:42"
[1] "Michigan is 64.1% complete."
[1] "Completed Michigan @ 2025-05-14 10:39:42"
[1] "Michigan is 64.4% complete."
[1] "Completed Michigan @ 2025-05-14 10:39:42"
[1] "Michigan is 64.6% complete."
[1] "Completed Michigan @ 2025-05-14 10:39:42"
[1] "Michigan is 64.9% complete."
[1] "Completed Michigan @ 2025-05-14 10:39:42"
[1] "Michigan is 65.1% complete."
[1] "Completed Michigan @ 2025-05-14 10:39:42"
[1] "Michigan is 65.4% complete."
[1] "Completed Michigan @ 2025-05-14 10:39:43"
[1] "Michigan is 65.6% complete."
[1] "Completed Michigan @ 2025-05-14 10:39:43"
[1] "Michigan is 65.9% complete."
[1] "Completed Michigan @ 2025-05-14 10:39:43"
[1] "Michigan is 66.2% complete."
[1] "Completed Michigan @ 2025-05-14 10:39:43"
[1] "Michigan is 66.4% complete."
[1] "Completed Michigan @ 2025-05-14 10:39:43"
[1] "Michigan is 66.7% complete."
[1] "Completed Michigan @ 2025-05-14 10:39:43"
[1] "Michigan is 66.9% complete."
[1] "Completed Michigan @ 2025-05-14 10:39:43"
[1] "Michigan is 67.2% complete."
[1] "Completed Michigan @ 2025-05-14 10:39:43"
[1] "Michigan is 67.4% complete."
[1] "Completed Michigan @ 2025-05-14 10:39:43"
[1] "Michigan is 67.7% complete."
[1] "Completed Michigan @ 2025-05-14 10:39:43"
[1] "Michigan is 67.9% complete."
[1] "Completed Michigan @ 2025-05-14 10:39:43"
[1] "Michigan is 68.2% complete."
[1] "Completed Michigan @ 2025-05-14 10:39:44"
[1] "Michigan is 68.4% complete."
[1] "Completed Michigan @ 2025-05-14 10:39:44"
[1] "Michigan is 68.7% complete."
[1] "Completed Michigan @ 2025-05-14 10:39:44"
[1] "Michigan is 69% complete."
[1] "Completed Michigan @ 2025-05-14 10:39:44"
[1] "Michigan is 69.2% complete."
[1] "Completed Michigan @ 2025-05-14 10:39:44"
[1] "Michigan is 69.5% complete."
[1] "Completed Michigan @ 2025-05-14 10:39:44"
[1] "Michigan is 69.7% complete."
[1] "Completed Michigan @ 2025-05-14 10:39:44"
[1] "Michigan is 70% complete."
[1] "Completed Michigan @ 2025-05-14 10:39:44"
[1] "Michigan is 70.2% complete."
[1] "Completed Michigan @ 2025-05-14 10:39:44"
[1] "Michigan is 70.5% complete."
[1] "Completed Michigan @ 2025-05-14 10:39:44"
[1] "Michigan is 70.7% complete."
[1] "Completed Michigan @ 2025-05-14 10:39:44"
[1] "Michigan is 71% complete."
[1] "Completed Michigan @ 2025-05-14 10:39:44"
[1] "Michigan is 71.2% complete."
[1] "Completed Michigan @ 2025-05-14 10:39:45"
[1] "Michigan is 71.5% complete."
[1] "Completed Michigan @ 2025-05-14 10:39:45"
[1] "Michigan is 71.8% complete."
[1] "Completed Michigan @ 2025-05-14 10:39:45"
[1] "Michigan is 72% complete."
[1] "Completed Michigan @ 2025-05-14 10:39:45"
[1] "Michigan is 72.3% complete."
[1] "Completed Michigan @ 2025-05-14 10:39:45"
[1] "Michigan is 72.5% complete."
[1] "Completed Michigan @ 2025-05-14 10:39:45"
[1] "Michigan is 72.8% complete."
[1] "Completed Michigan @ 2025-05-14 10:39:45"
[1] "Michigan is 73% complete."
[1] "Completed Michigan @ 2025-05-14 10:39:45"
[1] "Michigan is 73.3% complete."
[1] "Completed Michigan @ 2025-05-14 10:39:46"
[1] "Michigan is 73.5% complete."
[1] "Completed Michigan @ 2025-05-14 10:39:46"
[1] "Michigan is 73.8% complete."
[1] "Completed Michigan @ 2025-05-14 10:39:46"
[1] "Michigan is 74% complete."
[1] "Completed Michigan @ 2025-05-14 10:39:46"
[1] "Michigan is 74.3% complete."
[1] "Completed Michigan @ 2025-05-14 10:39:46"
[1] "Michigan is 74.6% complete."
[1] "Completed Michigan @ 2025-05-14 10:39:46"
[1] "Michigan is 74.8% complete."
[1] "Completed Michigan @ 2025-05-14 10:39:46"
[1] "Michigan is 75.1% complete."
[1] "Completed Michigan @ 2025-05-14 10:39:46"
[1] "Michigan is 75.3% complete."
[1] "Completed Michigan @ 2025-05-14 10:39:46"
[1] "Michigan is 75.6% complete."
[1] "Completed Michigan @ 2025-05-14 10:39:47"
[1] "Michigan is 75.8% complete."
[1] "Completed Michigan @ 2025-05-14 10:39:47"
[1] "Michigan is 76.1% complete."
[1] "Completed Michigan @ 2025-05-14 10:39:47"
[1] "Michigan is 76.3% complete."
[1] "Completed Michigan @ 2025-05-14 10:39:47"
[1] "Michigan is 76.6% complete."
[1] "Completed Michigan @ 2025-05-14 10:39:47"
[1] "Michigan is 76.8% complete."
[1] "Completed Michigan @ 2025-05-14 10:39:47"
[1] "Michigan is 77.1% complete."
[1] "Completed Michigan @ 2025-05-14 10:39:47"
[1] "Michigan is 77.4% complete."
[1] "Completed Michigan @ 2025-05-14 10:39:47"
[1] "Michigan is 77.6% complete."
[1] "Completed Michigan @ 2025-05-14 10:39:48"
[1] "Michigan is 77.9% complete."
[1] "Completed Michigan @ 2025-05-14 10:39:48"
[1] "Michigan is 78.1% complete."
[1] "Completed Michigan @ 2025-05-14 10:39:48"
[1] "Michigan is 78.4% complete."
[1] "Completed Michigan @ 2025-05-14 10:39:48"
[1] "Michigan is 78.6% complete."
[1] "Completed Michigan @ 2025-05-14 10:39:48"
[1] "Michigan is 78.9% complete."
[1] "Completed Michigan @ 2025-05-14 10:39:48"
[1] "Michigan is 79.1% complete."
[1] "Completed Michigan @ 2025-05-14 10:39:48"
[1] "Michigan is 79.4% complete."
[1] "Completed Michigan @ 2025-05-14 10:39:48"
[1] "Michigan is 79.6% complete."
[1] "Completed Michigan @ 2025-05-14 10:39:48"
[1] "Michigan is 79.9% complete."
[1] "Completed Michigan @ 2025-05-14 10:39:48"
[1] "Michigan is 80.2% complete."
[1] "Completed Michigan @ 2025-05-14 10:39:49"
[1] "Michigan is 80.4% complete."
[1] "Completed Michigan @ 2025-05-14 10:39:49"
[1] "Michigan is 80.7% complete."
[1] "Completed Michigan @ 2025-05-14 10:39:49"
[1] "Michigan is 80.9% complete."
[1] "Completed Michigan @ 2025-05-14 10:39:49"
[1] "Michigan is 81.2% complete."
[1] "Completed Michigan @ 2025-05-14 10:39:49"
[1] "Michigan is 81.4% complete."
[1] "Completed Michigan @ 2025-05-14 10:39:49"
[1] "Michigan is 81.7% complete."
[1] "Completed Michigan @ 2025-05-14 10:39:49"
[1] "Michigan is 81.9% complete."
[1] "Completed Michigan @ 2025-05-14 10:39:49"
[1] "Michigan is 82.2% complete."
[1] "Completed Michigan @ 2025-05-14 10:39:50"
[1] "Michigan is 82.4% complete."
[1] "Completed Michigan @ 2025-05-14 10:39:50"
[1] "Michigan is 82.7% complete."
[1] "Completed Michigan @ 2025-05-14 10:39:50"
[1] "Michigan is 83% complete."
[1] "Completed Michigan @ 2025-05-14 10:39:50"
[1] "Michigan is 83.2% complete."
[1] "Completed Michigan @ 2025-05-14 10:39:50"
[1] "Michigan is 83.5% complete."
[1] "Completed Michigan @ 2025-05-14 10:39:50"
[1] "Michigan is 83.7% complete."
[1] "Completed Michigan @ 2025-05-14 10:39:50"
[1] "Michigan is 84% complete."
[1] "Completed Michigan @ 2025-05-14 10:39:50"
[1] "Michigan is 84.2% complete."
[1] "Completed Michigan @ 2025-05-14 10:39:50"
[1] "Michigan is 84.5% complete."
[1] "Completed Michigan @ 2025-05-14 10:39:50"
[1] "Michigan is 84.7% complete."
[1] "Completed Michigan @ 2025-05-14 10:39:51"
[1] "Michigan is 85% complete."
[1] "Completed Michigan @ 2025-05-14 10:39:51"
[1] "Michigan is 85.2% complete."
[1] "Completed Michigan @ 2025-05-14 10:39:51"
[1] "Michigan is 85.5% complete."
[1] "Completed Michigan @ 2025-05-14 10:39:51"
[1] "Michigan is 85.8% complete."
[1] "Completed Michigan @ 2025-05-14 10:39:51"
[1] "Michigan is 86% complete."
[1] "Completed Michigan @ 2025-05-14 10:39:51"
[1] "Michigan is 86.3% complete."
[1] "Completed Michigan @ 2025-05-14 10:39:51"
[1] "Michigan is 86.5% complete."
[1] "Completed Michigan @ 2025-05-14 10:39:51"
[1] "Michigan is 86.8% complete."
[1] "Completed Michigan @ 2025-05-14 10:39:52"
[1] "Michigan is 87% complete."
[1] "Completed Michigan @ 2025-05-14 10:39:52"
[1] "Michigan is 87.3% complete."
[1] "Completed Michigan @ 2025-05-14 10:39:52"
[1] "Michigan is 87.5% complete."
[1] "Completed Michigan @ 2025-05-14 10:39:52"
[1] "Michigan is 87.8% complete."
[1] "Completed Michigan @ 2025-05-14 10:39:52"
[1] "Michigan is 88% complete."
[1] "Completed Michigan @ 2025-05-14 10:39:52"
[1] "Michigan is 88.3% complete."
[1] "Completed Michigan @ 2025-05-14 10:39:52"
[1] "Michigan is 88.5% complete."
[1] "Completed Michigan @ 2025-05-14 10:39:53"
[1] "Michigan is 88.8% complete."
[1] "Completed Michigan @ 2025-05-14 10:39:53"
[1] "Michigan is 89.1% complete."
[1] "Completed Michigan @ 2025-05-14 10:39:53"
[1] "Michigan is 89.3% complete."
[1] "Completed Michigan @ 2025-05-14 10:39:53"
[1] "Michigan is 89.6% complete."
[1] "Completed Michigan @ 2025-05-14 10:39:53"
[1] "Michigan is 89.8% complete."
[1] "Completed Michigan @ 2025-05-14 10:39:53"
[1] "Michigan is 90.1% complete."
[1] "Completed Michigan @ 2025-05-14 10:39:53"
[1] "Michigan is 90.3% complete."
[1] "Completed Michigan @ 2025-05-14 10:39:54"
[1] "Michigan is 90.6% complete."
[1] "Completed Michigan @ 2025-05-14 10:39:54"
[1] "Michigan is 90.8% complete."
[1] "Completed Michigan @ 2025-05-14 10:39:54"
[1] "Michigan is 91.1% complete."
[1] "Completed Michigan @ 2025-05-14 10:39:54"
[1] "Michigan is 91.3% complete."
[1] "Completed Michigan @ 2025-05-14 10:39:54"
[1] "Michigan is 91.6% complete."
[1] "Completed Michigan @ 2025-05-14 10:39:54"
[1] "Michigan is 91.9% complete."
[1] "Completed Michigan @ 2025-05-14 10:39:54"
[1] "Michigan is 92.1% complete."
[1] "Completed Michigan @ 2025-05-14 10:39:55"
[1] "Michigan is 92.4% complete."
[1] "Completed Michigan @ 2025-05-14 10:39:55"
[1] "Michigan is 92.6% complete."
[1] "Completed Michigan @ 2025-05-14 10:39:55"
[1] "Michigan is 92.9% complete."
[1] "Completed Michigan @ 2025-05-14 10:39:55"
[1] "Michigan is 93.1% complete."
[1] "Completed Michigan @ 2025-05-14 10:39:55"
[1] "Michigan is 93.4% complete."
[1] "Completed Michigan @ 2025-05-14 10:39:55"
[1] "Michigan is 93.6% complete."
[1] "Completed Michigan @ 2025-05-14 10:39:56"
[1] "Michigan is 93.9% complete."
[1] "Completed Michigan @ 2025-05-14 10:39:56"
[1] "Michigan is 94.1% complete."
[1] "Completed Michigan @ 2025-05-14 10:39:56"
[1] "Michigan is 94.4% complete."
[1] "Completed Michigan @ 2025-05-14 10:40:27"
[1] "Michigan is 94.7% complete."
[1] "Completed Michigan @ 2025-05-14 10:40:28"
[1] "Michigan is 94.9% complete."
[1] "Completed Michigan @ 2025-05-14 10:40:50"
[1] "Michigan is 95.2% complete."
[1] "Completed Michigan @ 2025-05-14 10:40:51"
[1] "Michigan is 95.4% complete."
[1] "Completed Michigan @ 2025-05-14 10:40:51"
[1] "Michigan is 95.7% complete."
[1] "Completed Michigan @ 2025-05-14 10:40:52"
[1] "Michigan is 95.9% complete."
[1] "Completed Michigan @ 2025-05-14 10:40:52"
[1] "Michigan is 96.2% complete."
[1] "Completed Michigan @ 2025-05-14 10:40:53"
[1] "Michigan is 96.4% complete."
[1] "Completed Michigan @ 2025-05-14 10:40:53"
[1] "Michigan is 96.7% complete."
[1] "Completed Michigan @ 2025-05-14 10:40:53"
[1] "Michigan is 96.9% complete."
[1] "Completed Michigan @ 2025-05-14 10:40:56"
[1] "Michigan is 97.2% complete."
[1] "Completed Michigan @ 2025-05-14 10:40:58"
[1] "Michigan is 97.5% complete."
[1] "Completed Michigan @ 2025-05-14 10:41:00"
[1] "Michigan is 97.7% complete."
[1] "Completed Michigan @ 2025-05-14 10:41:00"
[1] "Michigan is 98% complete."
[1] "Completed Michigan @ 2025-05-14 10:41:01"
[1] "Michigan is 98.2% complete."
[1] "Completed Michigan @ 2025-05-14 10:41:01"
[1] "Michigan is 98.5% complete."
[1] "Completed Michigan @ 2025-05-14 10:41:05"
[1] "Michigan is 98.7% complete."
[1] "Completed Michigan @ 2025-05-14 10:41:06"
[1] "Michigan is 99% complete."
[1] "Completed Michigan @ 2025-05-14 10:41:07"
[1] "Michigan is 99.2% complete."
[1] "Completed Michigan @ 2025-05-14 10:41:07"
[1] "Michigan is 99.5% complete."
[1] "Completed Michigan @ 2025-05-14 10:41:09"
[1] "Michigan is 99.7% complete."
[1] "Completed Michigan @ 2025-05-14 10:41:09"
[1] "Michigan is 100% complete."
[1] "Completed Michigan @ 2025-05-14 10:41:10"
Deleting layer `Pop' using driver `GPKG'
Writing layer `Pop' to data source 
  `/work/GRDVULN/sewershed/Model/Create_Boundaries/outputs/Pop_Delineated/FP_26.gpkg' using driver `GPKG'
Writing 392 features with 10 fields and geometry type Unknown (any).
[1] "SCRIPT COMPLETE @ 2025-05-14 10:41:26"
