[1] "Starting Minnesota"
Reading layer `cb_2021_us_state_500k' from data source 
  `/work/GRDVULN/data/cb_2021_us_all_500k.gdb' using driver `OpenFileGDB'
Simple feature collection with 56 features and 9 fields
Geometry type: MULTIPOLYGON
Dimension:     XY
Bounding box:  xmin: -179.1489 ymin: -14.5487 xmax: 179.7785 ymax: 71.36516
Geodetic CRS:  NAD83
[1] "Building 531 systems"
[1] "Minnesota is 0.2% complete."
[1] "Completed Minnesota @ 2025-05-14 10:38:46"
[1] "Minnesota is 0.4% complete."
[1] "Completed Minnesota @ 2025-05-14 10:38:46"
[1] "Minnesota is 0.6% complete."
[1] "Completed Minnesota @ 2025-05-14 10:38:47"
[1] "Minnesota is 0.8% complete."
[1] "Completed Minnesota @ 2025-05-14 10:38:47"
[1] "Minnesota is 0.9% complete."
[1] "Completed Minnesota @ 2025-05-14 10:38:47"
[1] "Minnesota is 1.1% complete."
[1] "Completed Minnesota @ 2025-05-14 10:38:47"
[1] "Minnesota is 1.3% complete."
[1] "Completed Minnesota @ 2025-05-14 10:38:47"
[1] "Minnesota is 1.5% complete."
[1] "Completed Minnesota @ 2025-05-14 10:38:47"
[1] "Minnesota is 1.7% complete."
[1] "Completed Minnesota @ 2025-05-14 10:38:47"
[1] "Minnesota is 1.9% complete."
[1] "Completed Minnesota @ 2025-05-14 10:38:47"
[1] "Minnesota is 2.1% complete."
[1] "Completed Minnesota @ 2025-05-14 10:38:47"
[1] "Minnesota is 2.3% complete."
[1] "Completed Minnesota @ 2025-05-14 10:38:47"
[1] "Minnesota is 2.4% complete."
[1] "Completed Minnesota @ 2025-05-14 10:38:47"
[1] "Minnesota is 2.6% complete."
[1] "Completed Minnesota @ 2025-05-14 10:38:47"
[1] "Minnesota is 2.8% complete."
[1] "Completed Minnesota @ 2025-05-14 10:38:47"
[1] "Minnesota is 3% complete."
[1] "Completed Minnesota @ 2025-05-14 10:38:47"
[1] "Minnesota is 3.2% complete."
[1] "Completed Minnesota @ 2025-05-14 10:38:47"
[1] "Minnesota is 3.4% complete."
[1] "Completed Minnesota @ 2025-05-14 10:38:47"
[1] "Minnesota is 3.6% complete."
[1] "Completed Minnesota @ 2025-05-14 10:38:47"
[1] "Minnesota is 3.8% complete."
[1] "Completed Minnesota @ 2025-05-14 10:38:47"
[1] "Minnesota is 4% complete."
[1] "Completed Minnesota @ 2025-05-14 10:38:48"
[1] "Minnesota is 4.1% complete."
[1] "Completed Minnesota @ 2025-05-14 10:38:48"
[1] "Minnesota is 4.3% complete."
[1] "Completed Minnesota @ 2025-05-14 10:38:48"
[1] "Minnesota is 4.5% complete."
[1] "Completed Minnesota @ 2025-05-14 10:38:48"
[1] "Minnesota is 4.7% complete."
[1] "Completed Minnesota @ 2025-05-14 10:38:48"
[1] "Minnesota is 4.9% complete."
[1] "Completed Minnesota @ 2025-05-14 10:38:48"
[1] "Minnesota is 5.1% complete."
[1] "Completed Minnesota @ 2025-05-14 10:38:49"
[1] "Minnesota is 5.3% complete."
[1] "Completed Minnesota @ 2025-05-14 10:38:49"
[1] "Minnesota is 5.5% complete."
[1] "Completed Minnesota @ 2025-05-14 10:38:49"
[1] "Minnesota is 5.6% complete."
[1] "Completed Minnesota @ 2025-05-14 10:38:49"
[1] "Minnesota is 5.8% complete."
[1] "Completed Minnesota @ 2025-05-14 10:38:49"
[1] "Minnesota is 6% complete."
[1] "Completed Minnesota @ 2025-05-14 10:38:49"
[1] "Minnesota is 6.2% complete."
[1] "Completed Minnesota @ 2025-05-14 10:38:49"
[1] "Minnesota is 6.4% complete."
[1] "Completed Minnesota @ 2025-05-14 10:38:49"
[1] "Minnesota is 6.6% complete."
[1] "Completed Minnesota @ 2025-05-14 10:38:49"
[1] "Minnesota is 6.8% complete."
[1] "Completed Minnesota @ 2025-05-14 10:38:49"
[1] "Minnesota is 7% complete."
[1] "Completed Minnesota @ 2025-05-14 10:38:49"
[1] "Minnesota is 7.2% complete."
[1] "Completed Minnesota @ 2025-05-14 10:38:49"
[1] "Minnesota is 7.3% complete."
[1] "Completed Minnesota @ 2025-05-14 10:38:49"
[1] "Minnesota is 7.5% complete."
[1] "Completed Minnesota @ 2025-05-14 10:38:49"
[1] "Minnesota is 7.7% complete."
[1] "Completed Minnesota @ 2025-05-14 10:38:49"
[1] "Minnesota is 7.9% complete."
[1] "Completed Minnesota @ 2025-05-14 10:38:49"
[1] "Minnesota is 8.1% complete."
[1] "Completed Minnesota @ 2025-05-14 10:38:50"
[1] "Minnesota is 8.3% complete."
[1] "Completed Minnesota @ 2025-05-14 10:38:50"
[1] "Minnesota is 8.5% complete."
[1] "Completed Minnesota @ 2025-05-14 10:38:50"
[1] "Minnesota is 8.7% complete."
[1] "Completed Minnesota @ 2025-05-14 10:38:50"
[1] "Minnesota is 8.9% complete."
[1] "Completed Minnesota @ 2025-05-14 10:38:50"
[1] "Minnesota is 9% complete."
[1] "Completed Minnesota @ 2025-05-14 10:38:50"
[1] "Minnesota is 9.2% complete."
[1] "Completed Minnesota @ 2025-05-14 10:38:50"
[1] "Minnesota is 9.4% complete."
[1] "Completed Minnesota @ 2025-05-14 10:38:50"
[1] "Minnesota is 9.6% complete."
[1] "Completed Minnesota @ 2025-05-14 10:38:50"
[1] "Minnesota is 9.8% complete."
[1] "Completed Minnesota @ 2025-05-14 10:38:50"
[1] "Minnesota is 10% complete."
[1] "Completed Minnesota @ 2025-05-14 10:38:50"
[1] "Minnesota is 10.2% complete."
[1] "Completed Minnesota @ 2025-05-14 10:38:50"
[1] "Minnesota is 10.4% complete."
[1] "Completed Minnesota @ 2025-05-14 10:38:51"
[1] "Minnesota is 10.5% complete."
[1] "Completed Minnesota @ 2025-05-14 10:38:51"
[1] "Minnesota is 10.7% complete."
[1] "Completed Minnesota @ 2025-05-14 10:38:51"
[1] "Minnesota is 10.9% complete."
[1] "Completed Minnesota @ 2025-05-14 10:38:51"
[1] "Minnesota is 11.1% complete."
[1] "Completed Minnesota @ 2025-05-14 10:38:51"
[1] "Minnesota is 11.3% complete."
[1] "Completed Minnesota @ 2025-05-14 10:38:51"
[1] "Minnesota is 11.5% complete."
[1] "Completed Minnesota @ 2025-05-14 10:38:51"
[1] "Minnesota is 11.7% complete."
[1] "Completed Minnesota @ 2025-05-14 10:38:51"
[1] "Minnesota is 11.9% complete."
[1] "Completed Minnesota @ 2025-05-14 10:38:51"
[1] "Minnesota is 12.1% complete."
[1] "Completed Minnesota @ 2025-05-14 10:38:51"
[1] "Minnesota is 12.2% complete."
[1] "Completed Minnesota @ 2025-05-14 10:38:51"
[1] "Minnesota is 12.4% complete."
[1] "Completed Minnesota @ 2025-05-14 10:38:51"
[1] "Minnesota is 12.6% complete."
[1] "Completed Minnesota @ 2025-05-14 10:38:51"
[1] "Minnesota is 12.8% complete."
[1] "Completed Minnesota @ 2025-05-14 10:38:51"
[1] "Minnesota is 13% complete."
[1] "Completed Minnesota @ 2025-05-14 10:38:51"
[1] "Minnesota is 13.2% complete."
[1] "Completed Minnesota @ 2025-05-14 10:38:51"
[1] "Minnesota is 13.4% complete."
[1] "Completed Minnesota @ 2025-05-14 10:38:52"
[1] "Minnesota is 13.6% complete."
[1] "Completed Minnesota @ 2025-05-14 10:38:52"
[1] "Minnesota is 13.7% complete."
[1] "Completed Minnesota @ 2025-05-14 10:38:52"
[1] "Minnesota is 13.9% complete."
[1] "Completed Minnesota @ 2025-05-14 10:38:52"
[1] "Minnesota is 14.1% complete."
[1] "Completed Minnesota @ 2025-05-14 10:38:52"
[1] "Minnesota is 14.3% complete."
[1] "Completed Minnesota @ 2025-05-14 10:38:52"
[1] "Minnesota is 14.5% complete."
[1] "Completed Minnesota @ 2025-05-14 10:38:52"
[1] "Minnesota is 14.7% complete."
[1] "Completed Minnesota @ 2025-05-14 10:38:52"
[1] "Minnesota is 14.9% complete."
[1] "Completed Minnesota @ 2025-05-14 10:38:52"
[1] "Minnesota is 15.1% complete."
[1] "Completed Minnesota @ 2025-05-14 10:38:52"
[1] "Minnesota is 15.3% complete."
[1] "Completed Minnesota @ 2025-05-14 10:38:52"
[1] "Minnesota is 15.4% complete."
[1] "Completed Minnesota @ 2025-05-14 10:38:52"
[1] "Minnesota is 15.6% complete."
[1] "Completed Minnesota @ 2025-05-14 10:38:53"
[1] "Minnesota is 15.8% complete."
[1] "Completed Minnesota @ 2025-05-14 10:38:53"
[1] "Minnesota is 16% complete."
[1] "Completed Minnesota @ 2025-05-14 10:38:53"
[1] "Minnesota is 16.2% complete."
[1] "Completed Minnesota @ 2025-05-14 10:38:53"
[1] "Minnesota is 16.4% complete."
[1] "Completed Minnesota @ 2025-05-14 10:38:53"
[1] "Minnesota is 16.6% complete."
[1] "Completed Minnesota @ 2025-05-14 10:38:53"
[1] "Minnesota is 16.8% complete."
[1] "Completed Minnesota @ 2025-05-14 10:38:53"
[1] "Minnesota is 16.9% complete."
[1] "Completed Minnesota @ 2025-05-14 10:38:53"
[1] "Minnesota is 17.1% complete."
[1] "Completed Minnesota @ 2025-05-14 10:38:53"
[1] "Minnesota is 17.3% complete."
[1] "Completed Minnesota @ 2025-05-14 10:38:53"
[1] "Minnesota is 17.5% complete."
[1] "Completed Minnesota @ 2025-05-14 10:38:53"
[1] "Minnesota is 17.7% complete."
[1] "Completed Minnesota @ 2025-05-14 10:38:53"
[1] "Minnesota is 17.9% complete."
[1] "Completed Minnesota @ 2025-05-14 10:38:53"
[1] "Minnesota is 18.1% complete."
[1] "Completed Minnesota @ 2025-05-14 10:38:53"
[1] "Minnesota is 18.3% complete."
[1] "Completed Minnesota @ 2025-05-14 10:38:53"
[1] "Minnesota is 18.5% complete."
[1] "Completed Minnesota @ 2025-05-14 10:38:53"
[1] "Minnesota is 18.6% complete."
[1] "Completed Minnesota @ 2025-05-14 10:38:54"
[1] "Minnesota is 18.8% complete."
[1] "Completed Minnesota @ 2025-05-14 10:38:54"
[1] "Minnesota is 19% complete."
[1] "Completed Minnesota @ 2025-05-14 10:38:54"
[1] "Minnesota is 19.2% complete."
[1] "Completed Minnesota @ 2025-05-14 10:38:54"
[1] "Minnesota is 19.4% complete."
[1] "Completed Minnesota @ 2025-05-14 10:38:54"
[1] "Minnesota is 19.6% complete."
[1] "Completed Minnesota @ 2025-05-14 10:38:54"
[1] "Minnesota is 19.8% complete."
[1] "Completed Minnesota @ 2025-05-14 10:38:54"
[1] "Minnesota is 20% complete."
[1] "Completed Minnesota @ 2025-05-14 10:38:54"
[1] "Minnesota is 20.2% complete."
[1] "Completed Minnesota @ 2025-05-14 10:38:54"
[1] "Minnesota is 20.3% complete."
[1] "Completed Minnesota @ 2025-05-14 10:38:54"
[1] "Minnesota is 20.5% complete."
[1] "Completed Minnesota @ 2025-05-14 10:38:54"
[1] "Minnesota is 20.7% complete."
[1] "Completed Minnesota @ 2025-05-14 10:38:55"
[1] "Minnesota is 20.9% complete."
[1] "Completed Minnesota @ 2025-05-14 10:38:55"
[1] "Minnesota is 21.1% complete."
[1] "Completed Minnesota @ 2025-05-14 10:38:55"
[1] "Minnesota is 21.3% complete."
[1] "Completed Minnesota @ 2025-05-14 10:38:55"
[1] "Minnesota is 21.5% complete."
[1] "Completed Minnesota @ 2025-05-14 10:38:55"
[1] "Minnesota is 21.7% complete."
[1] "Completed Minnesota @ 2025-05-14 10:38:55"
[1] "Minnesota is 21.8% complete."
[1] "Completed Minnesota @ 2025-05-14 10:38:55"
[1] "Minnesota is 22% complete."
[1] "Completed Minnesota @ 2025-05-14 10:38:55"
[1] "Minnesota is 22.2% complete."
[1] "Completed Minnesota @ 2025-05-14 10:38:55"
[1] "Minnesota is 22.4% complete."
[1] "Completed Minnesota @ 2025-05-14 10:38:55"
[1] "Minnesota is 22.6% complete."
[1] "Completed Minnesota @ 2025-05-14 10:38:55"
[1] "Minnesota is 22.8% complete."
[1] "Completed Minnesota @ 2025-05-14 10:38:55"
[1] "Minnesota is 23% complete."
[1] "Completed Minnesota @ 2025-05-14 10:38:55"
[1] "Minnesota is 23.2% complete."
[1] "Completed Minnesota @ 2025-05-14 10:38:55"
[1] "Minnesota is 23.4% complete."
[1] "Completed Minnesota @ 2025-05-14 10:38:55"
[1] "Minnesota is 23.5% complete."
[1] "Completed Minnesota @ 2025-05-14 10:38:55"
[1] "Minnesota is 23.7% complete."
[1] "Completed Minnesota @ 2025-05-14 10:38:55"
[1] "Minnesota is 23.9% complete."
[1] "Completed Minnesota @ 2025-05-14 10:38:55"
[1] "Minnesota is 24.1% complete."
[1] "Completed Minnesota @ 2025-05-14 10:38:56"
[1] "Minnesota is 24.3% complete."
[1] "Completed Minnesota @ 2025-05-14 10:38:56"
[1] "Minnesota is 24.5% complete."
[1] "Completed Minnesota @ 2025-05-14 10:38:56"
[1] "Minnesota is 24.7% complete."
[1] "Completed Minnesota @ 2025-05-14 10:38:56"
[1] "Minnesota is 24.9% complete."
[1] "Completed Minnesota @ 2025-05-14 10:38:56"
[1] "Minnesota is 25% complete."
[1] "Completed Minnesota @ 2025-05-14 10:38:56"
[1] "Minnesota is 25.2% complete."
[1] "Completed Minnesota @ 2025-05-14 10:38:56"
[1] "Minnesota is 25.4% complete."
[1] "Completed Minnesota @ 2025-05-14 10:38:56"
[1] "Minnesota is 25.6% complete."
[1] "Completed Minnesota @ 2025-05-14 10:38:56"
[1] "Minnesota is 25.8% complete."
[1] "Completed Minnesota @ 2025-05-14 10:38:56"
[1] "Minnesota is 26% complete."
[1] "Completed Minnesota @ 2025-05-14 10:38:57"
[1] "Minnesota is 26.2% complete."
[1] "Completed Minnesota @ 2025-05-14 10:38:57"
[1] "Minnesota is 26.4% complete."
[1] "Completed Minnesota @ 2025-05-14 10:38:57"
[1] "Minnesota is 26.6% complete."
[1] "Completed Minnesota @ 2025-05-14 10:38:57"
[1] "Minnesota is 26.7% complete."
[1] "Completed Minnesota @ 2025-05-14 10:38:57"
[1] "Minnesota is 26.9% complete."
[1] "Completed Minnesota @ 2025-05-14 10:38:57"
[1] "Minnesota is 27.1% complete."
[1] "Completed Minnesota @ 2025-05-14 10:38:57"
[1] "Minnesota is 27.3% complete."
[1] "Completed Minnesota @ 2025-05-14 10:38:57"
[1] "Minnesota is 27.5% complete."
[1] "Completed Minnesota @ 2025-05-14 10:38:57"
[1] "Minnesota is 27.7% complete."
[1] "Completed Minnesota @ 2025-05-14 10:38:57"
[1] "Minnesota is 27.9% complete."
[1] "Completed Minnesota @ 2025-05-14 10:38:57"
[1] "Minnesota is 28.1% complete."
[1] "Completed Minnesota @ 2025-05-14 10:38:57"
[1] "Minnesota is 28.2% complete."
[1] "Completed Minnesota @ 2025-05-14 10:38:57"
[1] "Minnesota is 28.4% complete."
[1] "Completed Minnesota @ 2025-05-14 10:38:57"
[1] "Minnesota is 28.6% complete."
[1] "Completed Minnesota @ 2025-05-14 10:38:57"
[1] "Minnesota is 28.8% complete."
[1] "Completed Minnesota @ 2025-05-14 10:38:57"
[1] "Minnesota is 29% complete."
[1] "Completed Minnesota @ 2025-05-14 10:38:57"
[1] "Minnesota is 29.2% complete."
[1] "Completed Minnesota @ 2025-05-14 10:38:57"
[1] "Minnesota is 29.4% complete."
[1] "Completed Minnesota @ 2025-05-14 10:38:57"
[1] "Minnesota is 29.6% complete."
[1] "Completed Minnesota @ 2025-05-14 10:38:57"
[1] "Minnesota is 29.8% complete."
[1] "Completed Minnesota @ 2025-05-14 10:38:58"
[1] "Minnesota is 29.9% complete."
[1] "Completed Minnesota @ 2025-05-14 10:38:58"
[1] "Minnesota is 30.1% complete."
[1] "Completed Minnesota @ 2025-05-14 10:38:58"
[1] "Minnesota is 30.3% complete."
[1] "Completed Minnesota @ 2025-05-14 10:38:58"
[1] "Minnesota is 30.5% complete."
[1] "Completed Minnesota @ 2025-05-14 10:38:58"
[1] "Minnesota is 30.7% complete."
[1] "Completed Minnesota @ 2025-05-14 10:38:58"
[1] "Minnesota is 30.9% complete."
[1] "Completed Minnesota @ 2025-05-14 10:38:58"
[1] "Minnesota is 31.1% complete."
[1] "Completed Minnesota @ 2025-05-14 10:38:58"
[1] "Minnesota is 31.3% complete."
[1] "Completed Minnesota @ 2025-05-14 10:38:58"
[1] "Minnesota is 31.5% complete."
[1] "Completed Minnesota @ 2025-05-14 10:38:58"
[1] "Minnesota is 31.6% complete."
[1] "Completed Minnesota @ 2025-05-14 10:38:59"
[1] "Minnesota is 31.8% complete."
[1] "Completed Minnesota @ 2025-05-14 10:38:59"
[1] "Minnesota is 32% complete."
[1] "Completed Minnesota @ 2025-05-14 10:38:59"
[1] "Minnesota is 32.2% complete."
[1] "Completed Minnesota @ 2025-05-14 10:38:59"
[1] "Minnesota is 32.4% complete."
[1] "Completed Minnesota @ 2025-05-14 10:38:59"
[1] "Minnesota is 32.6% complete."
[1] "Completed Minnesota @ 2025-05-14 10:38:59"
[1] "Minnesota is 32.8% complete."
[1] "Completed Minnesota @ 2025-05-14 10:38:59"
[1] "Minnesota is 33% complete."
[1] "Completed Minnesota @ 2025-05-14 10:38:59"
[1] "Minnesota is 33.1% complete."
[1] "Completed Minnesota @ 2025-05-14 10:38:59"
[1] "Minnesota is 33.3% complete."
[1] "Completed Minnesota @ 2025-05-14 10:38:59"
[1] "Minnesota is 33.5% complete."
[1] "Completed Minnesota @ 2025-05-14 10:38:59"
[1] "Minnesota is 33.7% complete."
[1] "Completed Minnesota @ 2025-05-14 10:38:59"
[1] "Minnesota is 33.9% complete."
[1] "Completed Minnesota @ 2025-05-14 10:38:59"
[1] "Minnesota is 34.1% complete."
[1] "Completed Minnesota @ 2025-05-14 10:38:59"
[1] "Minnesota is 34.3% complete."
[1] "Completed Minnesota @ 2025-05-14 10:38:59"
[1] "Minnesota is 34.5% complete."
[1] "Completed Minnesota @ 2025-05-14 10:38:59"
[1] "Minnesota is 34.7% complete."
[1] "Completed Minnesota @ 2025-05-14 10:38:59"
[1] "Minnesota is 34.8% complete."
[1] "Completed Minnesota @ 2025-05-14 10:38:59"
[1] "Minnesota is 35% complete."
[1] "Completed Minnesota @ 2025-05-14 10:38:59"
[1] "Minnesota is 35.2% complete."
[1] "Completed Minnesota @ 2025-05-14 10:39:00"
[1] "Minnesota is 35.4% complete."
[1] "Completed Minnesota @ 2025-05-14 10:39:00"
[1] "Minnesota is 35.6% complete."
[1] "Completed Minnesota @ 2025-05-14 10:39:00"
[1] "Minnesota is 35.8% complete."
[1] "Completed Minnesota @ 2025-05-14 10:39:00"
[1] "Minnesota is 36% complete."
[1] "Completed Minnesota @ 2025-05-14 10:39:00"
[1] "Minnesota is 36.2% complete."
[1] "Completed Minnesota @ 2025-05-14 10:39:00"
[1] "Minnesota is 36.3% complete."
[1] "Completed Minnesota @ 2025-05-14 10:39:00"
[1] "Minnesota is 36.5% complete."
[1] "Completed Minnesota @ 2025-05-14 10:39:00"
[1] "Minnesota is 36.7% complete."
[1] "Completed Minnesota @ 2025-05-14 10:39:00"
[1] "Minnesota is 36.9% complete."
[1] "Completed Minnesota @ 2025-05-14 10:39:01"
[1] "Minnesota is 37.1% complete."
[1] "Completed Minnesota @ 2025-05-14 10:39:01"
[1] "Minnesota is 37.3% complete."
[1] "Completed Minnesota @ 2025-05-14 10:39:01"
[1] "Minnesota is 37.5% complete."
[1] "Completed Minnesota @ 2025-05-14 10:39:01"
[1] "Minnesota is 37.7% complete."
[1] "Completed Minnesota @ 2025-05-14 10:39:01"
[1] "Minnesota is 37.9% complete."
[1] "Completed Minnesota @ 2025-05-14 10:39:01"
[1] "Minnesota is 38% complete."
[1] "Completed Minnesota @ 2025-05-14 10:39:01"
[1] "Minnesota is 38.2% complete."
[1] "Completed Minnesota @ 2025-05-14 10:39:01"
[1] "Minnesota is 38.4% complete."
[1] "Completed Minnesota @ 2025-05-14 10:39:01"
[1] "Minnesota is 38.6% complete."
[1] "Completed Minnesota @ 2025-05-14 10:39:01"
[1] "Minnesota is 38.8% complete."
[1] "Completed Minnesota @ 2025-05-14 10:39:01"
[1] "Minnesota is 39% complete."
[1] "Completed Minnesota @ 2025-05-14 10:39:01"
[1] "Minnesota is 39.2% complete."
[1] "Completed Minnesota @ 2025-05-14 10:39:01"
[1] "Minnesota is 39.4% complete."
[1] "Completed Minnesota @ 2025-05-14 10:39:01"
[1] "Minnesota is 39.5% complete."
[1] "Completed Minnesota @ 2025-05-14 10:39:01"
[1] "Minnesota is 39.7% complete."
[1] "Completed Minnesota @ 2025-05-14 10:39:01"
[1] "Minnesota is 39.9% complete."
[1] "Completed Minnesota @ 2025-05-14 10:39:01"
[1] "Minnesota is 40.1% complete."
[1] "Completed Minnesota @ 2025-05-14 10:39:01"
[1] "Minnesota is 40.3% complete."
[1] "Completed Minnesota @ 2025-05-14 10:39:01"
[1] "Minnesota is 40.5% complete."
[1] "Completed Minnesota @ 2025-05-14 10:39:01"
[1] "Minnesota is 40.7% complete."
[1] "Completed Minnesota @ 2025-05-14 10:39:02"
[1] "Minnesota is 40.9% complete."
[1] "Completed Minnesota @ 2025-05-14 10:39:02"
[1] "Minnesota is 41.1% complete."
[1] "Completed Minnesota @ 2025-05-14 10:39:02"
[1] "Minnesota is 41.2% complete."
[1] "Completed Minnesota @ 2025-05-14 10:39:02"
[1] "Minnesota is 41.4% complete."
[1] "Completed Minnesota @ 2025-05-14 10:39:02"
[1] "Minnesota is 41.6% complete."
[1] "Completed Minnesota @ 2025-05-14 10:39:02"
[1] "Minnesota is 41.8% complete."
[1] "Completed Minnesota @ 2025-05-14 10:39:02"
[1] "Minnesota is 42% complete."
[1] "Completed Minnesota @ 2025-05-14 10:39:02"
[1] "Minnesota is 42.2% complete."
[1] "Completed Minnesota @ 2025-05-14 10:39:03"
[1] "Minnesota is 42.4% complete."
[1] "Completed Minnesota @ 2025-05-14 10:39:03"
[1] "Minnesota is 42.6% complete."
[1] "Completed Minnesota @ 2025-05-14 10:39:03"
[1] "Minnesota is 42.7% complete."
[1] "Completed Minnesota @ 2025-05-14 10:39:03"
[1] "Minnesota is 42.9% complete."
[1] "Completed Minnesota @ 2025-05-14 10:39:03"
[1] "Minnesota is 43.1% complete."
[1] "Completed Minnesota @ 2025-05-14 10:39:03"
[1] "Minnesota is 43.3% complete."
[1] "Completed Minnesota @ 2025-05-14 10:39:03"
[1] "Minnesota is 43.5% complete."
[1] "Completed Minnesota @ 2025-05-14 10:39:03"
[1] "Minnesota is 43.7% complete."
[1] "Completed Minnesota @ 2025-05-14 10:39:03"
[1] "Minnesota is 43.9% complete."
[1] "Completed Minnesota @ 2025-05-14 10:39:03"
[1] "Minnesota is 44.1% complete."
[1] "Completed Minnesota @ 2025-05-14 10:39:03"
[1] "Minnesota is 44.3% complete."
[1] "Completed Minnesota @ 2025-05-14 10:39:03"
[1] "Minnesota is 44.4% complete."
[1] "Completed Minnesota @ 2025-05-14 10:39:03"
[1] "Minnesota is 44.6% complete."
[1] "Completed Minnesota @ 2025-05-14 10:39:03"
[1] "Minnesota is 44.8% complete."
[1] "Completed Minnesota @ 2025-05-14 10:39:03"
[1] "Minnesota is 45% complete."
[1] "Completed Minnesota @ 2025-05-14 10:39:03"
[1] "Minnesota is 45.2% complete."
[1] "Completed Minnesota @ 2025-05-14 10:39:03"
[1] "Minnesota is 45.4% complete."
[1] "Completed Minnesota @ 2025-05-14 10:39:04"
[1] "Minnesota is 45.6% complete."
[1] "Completed Minnesota @ 2025-05-14 10:39:04"
[1] "Minnesota is 45.8% complete."
[1] "Completed Minnesota @ 2025-05-14 10:39:04"
[1] "Minnesota is 46% complete."
[1] "Completed Minnesota @ 2025-05-14 10:39:04"
[1] "Minnesota is 46.1% complete."
[1] "Completed Minnesota @ 2025-05-14 10:39:04"
[1] "Minnesota is 46.3% complete."
[1] "Completed Minnesota @ 2025-05-14 10:39:04"
[1] "Minnesota is 46.5% complete."
[1] "Completed Minnesota @ 2025-05-14 10:39:04"
[1] "Minnesota is 46.7% complete."
[1] "Completed Minnesota @ 2025-05-14 10:39:04"
[1] "Minnesota is 46.9% complete."
[1] "Completed Minnesota @ 2025-05-14 10:39:04"
[1] "Minnesota is 47.1% complete."
[1] "Completed Minnesota @ 2025-05-14 10:39:05"
[1] "Minnesota is 47.3% complete."
[1] "Completed Minnesota @ 2025-05-14 10:39:05"
[1] "Minnesota is 47.5% complete."
[1] "Completed Minnesota @ 2025-05-14 10:39:05"
[1] "Minnesota is 47.6% complete."
[1] "Completed Minnesota @ 2025-05-14 10:39:05"
[1] "Minnesota is 47.8% complete."
[1] "Completed Minnesota @ 2025-05-14 10:39:05"
[1] "Minnesota is 48% complete."
[1] "Completed Minnesota @ 2025-05-14 10:39:05"
[1] "Minnesota is 48.2% complete."
[1] "Completed Minnesota @ 2025-05-14 10:39:05"
[1] "Minnesota is 48.4% complete."
[1] "Completed Minnesota @ 2025-05-14 10:39:05"
[1] "Minnesota is 48.6% complete."
[1] "Completed Minnesota @ 2025-05-14 10:39:05"
[1] "Minnesota is 48.8% complete."
[1] "Completed Minnesota @ 2025-05-14 10:39:05"
[1] "Minnesota is 49% complete."
[1] "Completed Minnesota @ 2025-05-14 10:39:05"
[1] "Minnesota is 49.2% complete."
[1] "Completed Minnesota @ 2025-05-14 10:39:05"
[1] "Minnesota is 49.3% complete."
[1] "Completed Minnesota @ 2025-05-14 10:39:05"
[1] "Minnesota is 49.5% complete."
[1] "Completed Minnesota @ 2025-05-14 10:39:05"
[1] "Minnesota is 49.7% complete."
[1] "Completed Minnesota @ 2025-05-14 10:39:05"
[1] "Minnesota is 49.9% complete."
[1] "Completed Minnesota @ 2025-05-14 10:39:05"
[1] "Minnesota is 50.1% complete."
[1] "Completed Minnesota @ 2025-05-14 10:39:05"
[1] "Minnesota is 50.3% complete."
[1] "Completed Minnesota @ 2025-05-14 10:39:06"
[1] "Minnesota is 50.5% complete."
[1] "Completed Minnesota @ 2025-05-14 10:39:06"
[1] "Minnesota is 50.7% complete."
[1] "Completed Minnesota @ 2025-05-14 10:39:06"
[1] "Minnesota is 50.8% complete."
[1] "Completed Minnesota @ 2025-05-14 10:39:06"
[1] "Minnesota is 51% complete."
[1] "Completed Minnesota @ 2025-05-14 10:39:06"
[1] "Minnesota is 51.2% complete."
[1] "Completed Minnesota @ 2025-05-14 10:39:06"
[1] "Minnesota is 51.4% complete."
[1] "Completed Minnesota @ 2025-05-14 10:39:06"
[1] "Minnesota is 51.6% complete."
[1] "Completed Minnesota @ 2025-05-14 10:39:06"
[1] "Minnesota is 51.8% complete."
[1] "Completed Minnesota @ 2025-05-14 10:39:06"
[1] "Minnesota is 52% complete."
[1] "Completed Minnesota @ 2025-05-14 10:39:06"
[1] "Minnesota is 52.2% complete."
[1] "Completed Minnesota @ 2025-05-14 10:39:07"
[1] "Minnesota is 52.4% complete."
[1] "Completed Minnesota @ 2025-05-14 10:39:07"
[1] "Minnesota is 52.5% complete."
[1] "Completed Minnesota @ 2025-05-14 10:39:07"
[1] "Minnesota is 52.7% complete."
[1] "Completed Minnesota @ 2025-05-14 10:39:07"
[1] "Minnesota is 52.9% complete."
[1] "Completed Minnesota @ 2025-05-14 10:39:07"
[1] "Minnesota is 53.1% complete."
[1] "Completed Minnesota @ 2025-05-14 10:39:07"
[1] "Minnesota is 53.3% complete."
[1] "Completed Minnesota @ 2025-05-14 10:39:07"
[1] "Minnesota is 53.5% complete."
[1] "Completed Minnesota @ 2025-05-14 10:39:07"
[1] "Minnesota is 53.7% complete."
[1] "Completed Minnesota @ 2025-05-14 10:39:07"
[1] "Minnesota is 53.9% complete."
[1] "Completed Minnesota @ 2025-05-14 10:39:07"
[1] "Minnesota is 54% complete."
[1] "Completed Minnesota @ 2025-05-14 10:39:07"
[1] "Minnesota is 54.2% complete."
[1] "Completed Minnesota @ 2025-05-14 10:39:07"
[1] "Minnesota is 54.4% complete."
[1] "Completed Minnesota @ 2025-05-14 10:39:07"
[1] "Minnesota is 54.6% complete."
[1] "Completed Minnesota @ 2025-05-14 10:39:08"
[1] "Minnesota is 54.8% complete."
[1] "Completed Minnesota @ 2025-05-14 10:39:08"
[1] "Minnesota is 55% complete."
[1] "Completed Minnesota @ 2025-05-14 10:39:08"
[1] "Minnesota is 55.2% complete."
[1] "Completed Minnesota @ 2025-05-14 10:39:08"
[1] "Minnesota is 55.4% complete."
[1] "Completed Minnesota @ 2025-05-14 10:39:08"
[1] "Minnesota is 55.6% complete."
[1] "Completed Minnesota @ 2025-05-14 10:39:08"
[1] "Minnesota is 55.7% complete."
[1] "Completed Minnesota @ 2025-05-14 10:39:08"
[1] "Minnesota is 55.9% complete."
[1] "Completed Minnesota @ 2025-05-14 10:39:09"
[1] "Minnesota is 56.1% complete."
[1] "Completed Minnesota @ 2025-05-14 10:39:09"
[1] "Minnesota is 56.3% complete."
[1] "Completed Minnesota @ 2025-05-14 10:39:09"
[1] "Minnesota is 56.5% complete."
[1] "Completed Minnesota @ 2025-05-14 10:39:09"
[1] "Minnesota is 56.7% complete."
[1] "Completed Minnesota @ 2025-05-14 10:39:09"
[1] "Minnesota is 56.9% complete."
[1] "Completed Minnesota @ 2025-05-14 10:39:09"
[1] "Minnesota is 57.1% complete."
[1] "Completed Minnesota @ 2025-05-14 10:39:09"
[1] "Minnesota is 57.3% complete."
[1] "Completed Minnesota @ 2025-05-14 10:39:09"
[1] "Minnesota is 57.4% complete."
[1] "Completed Minnesota @ 2025-05-14 10:39:09"
[1] "Minnesota is 57.6% complete."
[1] "Completed Minnesota @ 2025-05-14 10:39:09"
[1] "Minnesota is 57.8% complete."
[1] "Completed Minnesota @ 2025-05-14 10:39:09"
[1] "Minnesota is 58% complete."
[1] "Completed Minnesota @ 2025-05-14 10:39:09"
[1] "Minnesota is 58.2% complete."
[1] "Completed Minnesota @ 2025-05-14 10:39:09"
[1] "Minnesota is 58.4% complete."
[1] "Completed Minnesota @ 2025-05-14 10:39:09"
[1] "Minnesota is 58.6% complete."
[1] "Completed Minnesota @ 2025-05-14 10:39:09"
[1] "Minnesota is 58.8% complete."
[1] "Completed Minnesota @ 2025-05-14 10:39:10"
[1] "Minnesota is 58.9% complete."
[1] "Completed Minnesota @ 2025-05-14 10:39:10"
[1] "Minnesota is 59.1% complete."
[1] "Completed Minnesota @ 2025-05-14 10:39:10"
[1] "Minnesota is 59.3% complete."
[1] "Completed Minnesota @ 2025-05-14 10:39:10"
[1] "Minnesota is 59.5% complete."
[1] "Completed Minnesota @ 2025-05-14 10:39:10"
[1] "Minnesota is 59.7% complete."
[1] "Completed Minnesota @ 2025-05-14 10:39:10"
[1] "Minnesota is 59.9% complete."
[1] "Completed Minnesota @ 2025-05-14 10:39:11"
[1] "Minnesota is 60.1% complete."
[1] "Completed Minnesota @ 2025-05-14 10:39:11"
[1] "Minnesota is 60.3% complete."
[1] "Completed Minnesota @ 2025-05-14 10:39:11"
[1] "Minnesota is 60.5% complete."
[1] "Completed Minnesota @ 2025-05-14 10:39:11"
[1] "Minnesota is 60.6% complete."
[1] "Completed Minnesota @ 2025-05-14 10:39:11"
[1] "Minnesota is 60.8% complete."
[1] "Completed Minnesota @ 2025-05-14 10:39:11"
[1] "Minnesota is 61% complete."
[1] "Completed Minnesota @ 2025-05-14 10:39:11"
[1] "Minnesota is 61.2% complete."
[1] "Completed Minnesota @ 2025-05-14 10:39:11"
[1] "Minnesota is 61.4% complete."
[1] "Completed Minnesota @ 2025-05-14 10:39:11"
[1] "Minnesota is 61.6% complete."
[1] "Completed Minnesota @ 2025-05-14 10:39:11"
[1] "Minnesota is 61.8% complete."
[1] "Completed Minnesota @ 2025-05-14 10:39:11"
[1] "Minnesota is 62% complete."
[1] "Completed Minnesota @ 2025-05-14 10:39:11"
[1] "Minnesota is 62.1% complete."
[1] "Completed Minnesota @ 2025-05-14 10:39:11"
[1] "Minnesota is 62.3% complete."
[1] "Completed Minnesota @ 2025-05-14 10:39:12"
[1] "Minnesota is 62.5% complete."
[1] "Completed Minnesota @ 2025-05-14 10:39:12"
[1] "Minnesota is 62.7% complete."
[1] "Completed Minnesota @ 2025-05-14 10:39:12"
[1] "Minnesota is 62.9% complete."
[1] "Completed Minnesota @ 2025-05-14 10:39:12"
[1] "Minnesota is 63.1% complete."
[1] "Completed Minnesota @ 2025-05-14 10:39:12"
[1] "Minnesota is 63.3% complete."
[1] "Completed Minnesota @ 2025-05-14 10:39:12"
[1] "Minnesota is 63.5% complete."
[1] "Completed Minnesota @ 2025-05-14 10:39:12"
[1] "Minnesota is 63.7% complete."
[1] "Completed Minnesota @ 2025-05-14 10:39:13"
[1] "Minnesota is 63.8% complete."
[1] "Completed Minnesota @ 2025-05-14 10:39:13"
[1] "Minnesota is 64% complete."
[1] "Completed Minnesota @ 2025-05-14 10:39:13"
[1] "Minnesota is 64.2% complete."
[1] "Completed Minnesota @ 2025-05-14 10:39:13"
[1] "Minnesota is 64.4% complete."
[1] "Completed Minnesota @ 2025-05-14 10:39:13"
[1] "Minnesota is 64.6% complete."
[1] "Completed Minnesota @ 2025-05-14 10:39:13"
[1] "Minnesota is 64.8% complete."
[1] "Completed Minnesota @ 2025-05-14 10:39:13"
[1] "Minnesota is 65% complete."
[1] "Completed Minnesota @ 2025-05-14 10:39:13"
[1] "Minnesota is 65.2% complete."
[1] "Completed Minnesota @ 2025-05-14 10:39:13"
[1] "Minnesota is 65.3% complete."
[1] "Completed Minnesota @ 2025-05-14 10:39:13"
[1] "Minnesota is 65.5% complete."
[1] "Completed Minnesota @ 2025-05-14 10:39:13"
[1] "Minnesota is 65.7% complete."
[1] "Completed Minnesota @ 2025-05-14 10:39:13"
[1] "Minnesota is 65.9% complete."
[1] "Completed Minnesota @ 2025-05-14 10:39:13"
[1] "Minnesota is 66.1% complete."
[1] "Completed Minnesota @ 2025-05-14 10:39:13"
[1] "Minnesota is 66.3% complete."
[1] "Completed Minnesota @ 2025-05-14 10:39:13"
[1] "Minnesota is 66.5% complete."
[1] "Completed Minnesota @ 2025-05-14 10:39:13"
[1] "Minnesota is 66.7% complete."
[1] "Completed Minnesota @ 2025-05-14 10:39:13"
[1] "Minnesota is 66.9% complete."
[1] "Completed Minnesota @ 2025-05-14 10:39:14"
[1] "Minnesota is 67% complete."
[1] "Completed Minnesota @ 2025-05-14 10:39:14"
[1] "Minnesota is 67.2% complete."
[1] "Completed Minnesota @ 2025-05-14 10:39:14"
[1] "Minnesota is 67.4% complete."
[1] "Completed Minnesota @ 2025-05-14 10:39:14"
[1] "Minnesota is 67.6% complete."
[1] "Completed Minnesota @ 2025-05-14 10:39:14"
[1] "Minnesota is 67.8% complete."
[1] "Completed Minnesota @ 2025-05-14 10:39:14"
[1] "Minnesota is 68% complete."
[1] "Completed Minnesota @ 2025-05-14 10:39:15"
[1] "Minnesota is 68.2% complete."
[1] "Completed Minnesota @ 2025-05-14 10:39:15"
[1] "Minnesota is 68.4% complete."
[1] "Completed Minnesota @ 2025-05-14 10:39:15"
[1] "Minnesota is 68.5% complete."
[1] "Completed Minnesota @ 2025-05-14 10:39:15"
[1] "Minnesota is 68.7% complete."
[1] "Completed Minnesota @ 2025-05-14 10:39:15"
[1] "Minnesota is 68.9% complete."
[1] "Completed Minnesota @ 2025-05-14 10:39:15"
[1] "Minnesota is 69.1% complete."
[1] "Completed Minnesota @ 2025-05-14 10:39:15"
[1] "Minnesota is 69.3% complete."
[1] "Completed Minnesota @ 2025-05-14 10:39:15"
[1] "Minnesota is 69.5% complete."
[1] "Completed Minnesota @ 2025-05-14 10:39:15"
[1] "Minnesota is 69.7% complete."
[1] "Completed Minnesota @ 2025-05-14 10:39:15"
[1] "Minnesota is 69.9% complete."
[1] "Completed Minnesota @ 2025-05-14 10:39:15"
[1] "Minnesota is 70.1% complete."
[1] "Completed Minnesota @ 2025-05-14 10:39:15"
[1] "Minnesota is 70.2% complete."
[1] "Completed Minnesota @ 2025-05-14 10:39:15"
[1] "Minnesota is 70.4% complete."
[1] "Completed Minnesota @ 2025-05-14 10:39:15"
[1] "Minnesota is 70.6% complete."
[1] "Completed Minnesota @ 2025-05-14 10:39:15"
[1] "Minnesota is 70.8% complete."
[1] "Completed Minnesota @ 2025-05-14 10:39:16"
[1] "Minnesota is 71% complete."
[1] "Completed Minnesota @ 2025-05-14 10:39:16"
[1] "Minnesota is 71.2% complete."
[1] "Completed Minnesota @ 2025-05-14 10:39:16"
[1] "Minnesota is 71.4% complete."
[1] "Completed Minnesota @ 2025-05-14 10:39:16"
[1] "Minnesota is 71.6% complete."
[1] "Completed Minnesota @ 2025-05-14 10:39:16"
[1] "Minnesota is 71.8% complete."
[1] "Completed Minnesota @ 2025-05-14 10:39:16"
[1] "Minnesota is 71.9% complete."
[1] "Completed Minnesota @ 2025-05-14 10:39:16"
[1] "Minnesota is 72.1% complete."
[1] "Completed Minnesota @ 2025-05-14 10:39:17"
[1] "Minnesota is 72.3% complete."
[1] "Completed Minnesota @ 2025-05-14 10:39:17"
[1] "Minnesota is 72.5% complete."
[1] "Completed Minnesota @ 2025-05-14 10:39:17"
[1] "Minnesota is 72.7% complete."
[1] "Completed Minnesota @ 2025-05-14 10:39:17"
[1] "Minnesota is 72.9% complete."
[1] "Completed Minnesota @ 2025-05-14 10:39:17"
[1] "Minnesota is 73.1% complete."
[1] "Completed Minnesota @ 2025-05-14 10:39:17"
[1] "Minnesota is 73.3% complete."
[1] "Completed Minnesota @ 2025-05-14 10:39:17"
[1] "Minnesota is 73.4% complete."
[1] "Completed Minnesota @ 2025-05-14 10:39:17"
[1] "Minnesota is 73.6% complete."
[1] "Completed Minnesota @ 2025-05-14 10:39:17"
[1] "Minnesota is 73.8% complete."
[1] "Completed Minnesota @ 2025-05-14 10:39:17"
[1] "Minnesota is 74% complete."
[1] "Completed Minnesota @ 2025-05-14 10:39:17"
[1] "Minnesota is 74.2% complete."
[1] "Completed Minnesota @ 2025-05-14 10:39:17"
[1] "Minnesota is 74.4% complete."
[1] "Completed Minnesota @ 2025-05-14 10:39:17"
[1] "Minnesota is 74.6% complete."
[1] "Completed Minnesota @ 2025-05-14 10:39:17"
[1] "Minnesota is 74.8% complete."
[1] "Completed Minnesota @ 2025-05-14 10:39:18"
[1] "Minnesota is 75% complete."
[1] "Completed Minnesota @ 2025-05-14 10:39:18"
[1] "Minnesota is 75.1% complete."
[1] "Completed Minnesota @ 2025-05-14 10:39:18"
[1] "Minnesota is 75.3% complete."
[1] "Completed Minnesota @ 2025-05-14 10:39:18"
[1] "Minnesota is 75.5% complete."
[1] "Completed Minnesota @ 2025-05-14 10:39:18"
[1] "Minnesota is 75.7% complete."
[1] "Completed Minnesota @ 2025-05-14 10:39:18"
[1] "Minnesota is 75.9% complete."
[1] "Completed Minnesota @ 2025-05-14 10:39:18"
[1] "Minnesota is 76.1% complete."
[1] "Completed Minnesota @ 2025-05-14 10:39:19"
[1] "Minnesota is 76.3% complete."
[1] "Completed Minnesota @ 2025-05-14 10:39:19"
[1] "Minnesota is 76.5% complete."
[1] "Completed Minnesota @ 2025-05-14 10:39:19"
[1] "Minnesota is 76.6% complete."
[1] "Completed Minnesota @ 2025-05-14 10:39:19"
[1] "Minnesota is 76.8% complete."
[1] "Completed Minnesota @ 2025-05-14 10:39:19"
[1] "Minnesota is 77% complete."
[1] "Completed Minnesota @ 2025-05-14 10:39:19"
[1] "Minnesota is 77.2% complete."
[1] "Completed Minnesota @ 2025-05-14 10:39:19"
[1] "Minnesota is 77.4% complete."
[1] "Completed Minnesota @ 2025-05-14 10:39:19"
[1] "Minnesota is 77.6% complete."
[1] "Completed Minnesota @ 2025-05-14 10:39:19"
[1] "Minnesota is 77.8% complete."
[1] "Completed Minnesota @ 2025-05-14 10:39:20"
[1] "Minnesota is 78% complete."
[1] "Completed Minnesota @ 2025-05-14 10:39:20"
[1] "Minnesota is 78.2% complete."
[1] "Completed Minnesota @ 2025-05-14 10:39:20"
[1] "Minnesota is 78.3% complete."
[1] "Completed Minnesota @ 2025-05-14 10:39:20"
[1] "Minnesota is 78.5% complete."
[1] "Completed Minnesota @ 2025-05-14 10:39:20"
[1] "Minnesota is 78.7% complete."
[1] "Completed Minnesota @ 2025-05-14 10:39:20"
[1] "Minnesota is 78.9% complete."
[1] "Completed Minnesota @ 2025-05-14 10:39:20"
[1] "Minnesota is 79.1% complete."
[1] "Completed Minnesota @ 2025-05-14 10:39:20"
[1] "Minnesota is 79.3% complete."
[1] "Completed Minnesota @ 2025-05-14 10:39:20"
[1] "Minnesota is 79.5% complete."
[1] "Completed Minnesota @ 2025-05-14 10:39:21"
[1] "Minnesota is 79.7% complete."
[1] "Completed Minnesota @ 2025-05-14 10:39:21"
[1] "Minnesota is 79.8% complete."
[1] "Completed Minnesota @ 2025-05-14 10:39:21"
[1] "Minnesota is 80% complete."
[1] "Completed Minnesota @ 2025-05-14 10:39:21"
[1] "Minnesota is 80.2% complete."
[1] "Completed Minnesota @ 2025-05-14 10:39:21"
[1] "Minnesota is 80.4% complete."
[1] "Completed Minnesota @ 2025-05-14 10:39:21"
[1] "Minnesota is 80.6% complete."
[1] "Completed Minnesota @ 2025-05-14 10:39:21"
[1] "Minnesota is 80.8% complete."
[1] "Completed Minnesota @ 2025-05-14 10:39:21"
[1] "Minnesota is 81% complete."
[1] "Completed Minnesota @ 2025-05-14 10:39:22"
[1] "Minnesota is 81.2% complete."
[1] "Completed Minnesota @ 2025-05-14 10:39:22"
[1] "Minnesota is 81.4% complete."
[1] "Completed Minnesota @ 2025-05-14 10:39:22"
[1] "Minnesota is 81.5% complete."
[1] "Completed Minnesota @ 2025-05-14 10:39:22"
[1] "Minnesota is 81.7% complete."
[1] "Completed Minnesota @ 2025-05-14 10:39:22"
[1] "Minnesota is 81.9% complete."
[1] "Completed Minnesota @ 2025-05-14 10:39:22"
[1] "Minnesota is 82.1% complete."
[1] "Completed Minnesota @ 2025-05-14 10:39:22"
[1] "Minnesota is 82.3% complete."
[1] "Completed Minnesota @ 2025-05-14 10:39:22"
[1] "Minnesota is 82.5% complete."
[1] "Completed Minnesota @ 2025-05-14 10:39:22"
[1] "Minnesota is 82.7% complete."
[1] "Completed Minnesota @ 2025-05-14 10:39:22"
[1] "Minnesota is 82.9% complete."
[1] "Completed Minnesota @ 2025-05-14 10:39:22"
[1] "Minnesota is 83.1% complete."
[1] "Completed Minnesota @ 2025-05-14 10:39:23"
[1] "Minnesota is 83.2% complete."
[1] "Completed Minnesota @ 2025-05-14 10:39:23"
[1] "Minnesota is 83.4% complete."
[1] "Completed Minnesota @ 2025-05-14 10:39:23"
[1] "Minnesota is 83.6% complete."
[1] "Completed Minnesota @ 2025-05-14 10:39:23"
[1] "Minnesota is 83.8% complete."
[1] "Completed Minnesota @ 2025-05-14 10:39:23"
[1] "Minnesota is 84% complete."
[1] "Completed Minnesota @ 2025-05-14 10:39:23"
[1] "Minnesota is 84.2% complete."
[1] "Completed Minnesota @ 2025-05-14 10:39:24"
[1] "Minnesota is 84.4% complete."
[1] "Completed Minnesota @ 2025-05-14 10:39:24"
[1] "Minnesota is 84.6% complete."
[1] "Completed Minnesota @ 2025-05-14 10:39:24"
[1] "Minnesota is 84.7% complete."
[1] "Completed Minnesota @ 2025-05-14 10:39:24"
[1] "Minnesota is 84.9% complete."
[1] "Completed Minnesota @ 2025-05-14 10:39:24"
[1] "Minnesota is 85.1% complete."
[1] "Completed Minnesota @ 2025-05-14 10:39:24"
[1] "Minnesota is 85.3% complete."
[1] "Completed Minnesota @ 2025-05-14 10:39:24"
[1] "Minnesota is 85.5% complete."
[1] "Completed Minnesota @ 2025-05-14 10:39:24"
[1] "Minnesota is 85.7% complete."
[1] "Completed Minnesota @ 2025-05-14 10:39:24"
[1] "Minnesota is 85.9% complete."
[1] "Completed Minnesota @ 2025-05-14 10:39:24"
[1] "Minnesota is 86.1% complete."
[1] "Completed Minnesota @ 2025-05-14 10:39:24"
[1] "Minnesota is 86.3% complete."
[1] "Completed Minnesota @ 2025-05-14 10:39:24"
[1] "Minnesota is 86.4% complete."
[1] "Completed Minnesota @ 2025-05-14 10:39:24"
[1] "Minnesota is 86.6% complete."
[1] "Completed Minnesota @ 2025-05-14 10:39:25"
[1] "Minnesota is 86.8% complete."
[1] "Completed Minnesota @ 2025-05-14 10:39:25"
[1] "Minnesota is 87% complete."
[1] "Completed Minnesota @ 2025-05-14 10:39:25"
[1] "Minnesota is 87.2% complete."
[1] "Completed Minnesota @ 2025-05-14 10:39:25"
[1] "Minnesota is 87.4% complete."
[1] "Completed Minnesota @ 2025-05-14 10:39:25"
[1] "Minnesota is 87.6% complete."
[1] "Completed Minnesota @ 2025-05-14 10:39:25"
[1] "Minnesota is 87.8% complete."
[1] "Completed Minnesota @ 2025-05-14 10:39:26"
[1] "Minnesota is 87.9% complete."
[1] "Completed Minnesota @ 2025-05-14 10:39:26"
[1] "Minnesota is 88.1% complete."
[1] "Completed Minnesota @ 2025-05-14 10:39:26"
[1] "Minnesota is 88.3% complete."
[1] "Completed Minnesota @ 2025-05-14 10:39:26"
[1] "Minnesota is 88.5% complete."
[1] "Completed Minnesota @ 2025-05-14 10:39:26"
[1] "Minnesota is 88.7% complete."
[1] "Completed Minnesota @ 2025-05-14 10:39:26"
[1] "Minnesota is 88.9% complete."
[1] "Completed Minnesota @ 2025-05-14 10:39:26"
[1] "Minnesota is 89.1% complete."
[1] "Completed Minnesota @ 2025-05-14 10:39:26"
[1] "Minnesota is 89.3% complete."
[1] "Completed Minnesota @ 2025-05-14 10:39:26"
[1] "Minnesota is 89.5% complete."
[1] "Completed Minnesota @ 2025-05-14 10:39:27"
[1] "Minnesota is 89.6% complete."
[1] "Completed Minnesota @ 2025-05-14 10:39:27"
[1] "Minnesota is 89.8% complete."
[1] "Completed Minnesota @ 2025-05-14 10:39:27"
[1] "Minnesota is 90% complete."
[1] "Completed Minnesota @ 2025-05-14 10:39:27"
[1] "Minnesota is 90.2% complete."
[1] "Completed Minnesota @ 2025-05-14 10:39:27"
[1] "Minnesota is 90.4% complete."
[1] "Completed Minnesota @ 2025-05-14 10:39:27"
[1] "Minnesota is 90.6% complete."
[1] "Completed Minnesota @ 2025-05-14 10:39:27"
[1] "Minnesota is 90.8% complete."
[1] "Completed Minnesota @ 2025-05-14 10:39:28"
[1] "Minnesota is 91% complete."
[1] "Completed Minnesota @ 2025-05-14 10:39:28"
[1] "Minnesota is 91.1% complete."
[1] "Completed Minnesota @ 2025-05-14 10:39:28"
[1] "Minnesota is 91.3% complete."
[1] "Completed Minnesota @ 2025-05-14 10:39:28"
[1] "Minnesota is 91.5% complete."
[1] "Completed Minnesota @ 2025-05-14 10:39:28"
[1] "Minnesota is 91.7% complete."
[1] "Completed Minnesota @ 2025-05-14 10:39:28"
[1] "Minnesota is 91.9% complete."
[1] "Completed Minnesota @ 2025-05-14 10:39:28"
[1] "Minnesota is 92.1% complete."
[1] "Completed Minnesota @ 2025-05-14 10:39:28"
[1] "Minnesota is 92.3% complete."
[1] "Completed Minnesota @ 2025-05-14 10:39:28"
[1] "Minnesota is 92.5% complete."
[1] "Completed Minnesota @ 2025-05-14 10:39:28"
[1] "Minnesota is 92.7% complete."
[1] "Completed Minnesota @ 2025-05-14 10:39:28"
[1] "Minnesota is 92.8% complete."
[1] "Completed Minnesota @ 2025-05-14 10:39:29"
[1] "Minnesota is 93% complete."
[1] "Completed Minnesota @ 2025-05-14 10:39:29"
[1] "Minnesota is 93.2% complete."
[1] "Completed Minnesota @ 2025-05-14 10:39:29"
[1] "Minnesota is 93.4% complete."
[1] "Completed Minnesota @ 2025-05-14 10:39:29"
[1] "Minnesota is 93.6% complete."
[1] "Completed Minnesota @ 2025-05-14 10:39:29"
[1] "Minnesota is 93.8% complete."
[1] "Completed Minnesota @ 2025-05-14 10:39:30"
[1] "Minnesota is 94% complete."
[1] "Completed Minnesota @ 2025-05-14 10:39:30"
[1] "Minnesota is 94.2% complete."
[1] "Completed Minnesota @ 2025-05-14 10:39:30"
[1] "Minnesota is 94.4% complete."
[1] "Completed Minnesota @ 2025-05-14 10:39:30"
[1] "Minnesota is 94.5% complete."
[1] "Completed Minnesota @ 2025-05-14 10:39:30"
[1] "Minnesota is 94.7% complete."
[1] "Completed Minnesota @ 2025-05-14 10:39:30"
[1] "Minnesota is 94.9% complete."
[1] "Completed Minnesota @ 2025-05-14 10:39:30"
[1] "Minnesota is 95.1% complete."
[1] "Completed Minnesota @ 2025-05-14 10:39:31"
[1] "Minnesota is 95.3% complete."
[1] "Completed Minnesota @ 2025-05-14 10:39:31"
[1] "Minnesota is 95.5% complete."
[1] "Completed Minnesota @ 2025-05-14 10:39:31"
[1] "Minnesota is 95.7% complete."
[1] "Completed Minnesota @ 2025-05-14 10:39:31"
[1] "Minnesota is 95.9% complete."
[1] "Completed Minnesota @ 2025-05-14 10:39:31"
[1] "Minnesota is 96% complete."
[1] "Completed Minnesota @ 2025-05-14 10:39:32"
[1] "Minnesota is 96.2% complete."
[1] "Completed Minnesota @ 2025-05-14 10:39:32"
[1] "Minnesota is 96.4% complete."
[1] "Completed Minnesota @ 2025-05-14 10:39:32"
[1] "Minnesota is 96.6% complete."
[1] "Completed Minnesota @ 2025-05-14 10:39:32"
[1] "Minnesota is 96.8% complete."
[1] "Completed Minnesota @ 2025-05-14 10:39:33"
[1] "Minnesota is 97% complete."
[1] "Completed Minnesota @ 2025-05-14 10:39:33"
[1] "Minnesota is 97.2% complete."
[1] "Completed Minnesota @ 2025-05-14 10:39:33"
[1] "Minnesota is 97.4% complete."
[1] "Completed Minnesota @ 2025-05-14 10:39:33"
[1] "Minnesota is 97.6% complete."
[1] "Completed Minnesota @ 2025-05-14 10:39:33"
[1] "Minnesota is 97.7% complete."
[1] "Completed Minnesota @ 2025-05-14 10:39:33"
[1] "Minnesota is 97.9% complete."
[1] "Completed Minnesota @ 2025-05-14 10:39:33"
[1] "Minnesota is 98.1% complete."
[1] "Completed Minnesota @ 2025-05-14 10:39:33"
[1] "Minnesota is 98.3% complete."
[1] "Completed Minnesota @ 2025-05-14 10:39:33"
[1] "Minnesota is 98.5% complete."
[1] "Completed Minnesota @ 2025-05-14 10:39:34"
[1] "Minnesota is 98.7% complete."
[1] "Completed Minnesota @ 2025-05-14 10:39:34"
[1] "Minnesota is 98.9% complete."
[1] "Completed Minnesota @ 2025-05-14 10:39:34"
[1] "Minnesota is 99.1% complete."
[1] "Completed Minnesota @ 2025-05-14 10:39:35"
[1] "Minnesota is 99.2% complete."
[1] "Completed Minnesota @ 2025-05-14 10:39:35"
[1] "Minnesota is 99.4% complete."
[1] "Completed Minnesota @ 2025-05-14 10:39:35"
[1] "Minnesota is 99.6% complete."
[1] "Completed Minnesota @ 2025-05-14 10:39:36"
[1] "Minnesota is 99.8% complete."
[1] "Completed Minnesota @ 2025-05-14 10:39:37"
[1] "Minnesota is 100% complete."
[1] "Completed Minnesota @ 2025-05-14 10:39:37"
Deleting layer `Pop' using driver `GPKG'
Writing layer `Pop' to data source 
  `/work/GRDVULN/sewershed/Model/Create_Boundaries/outputs/Pop_Delineated/FP_27.gpkg' using driver `GPKG'
Writing 531 features with 10 fields and geometry type Unknown (any).
[1] "SCRIPT COMPLETE @ 2025-05-14 10:39:51"
