[1] "Starting Mississippi"
Reading layer `cb_2021_us_state_500k' from data source 
  `/work/GRDVULN/data/cb_2021_us_all_500k.gdb' using driver `OpenFileGDB'
Simple feature collection with 56 features and 9 fields
Geometry type: MULTIPOLYGON
Dimension:     XY
Bounding box:  xmin: -179.1489 ymin: -14.5487 xmax: 179.7785 ymax: 71.36516
Geodetic CRS:  NAD83
[1] "Building 260 systems"
[1] "Mississippi is 0.4% complete."
[1] "Completed Mississippi @ 2025-05-14 10:37:50"
[1] "Mississippi is 0.8% complete."
[1] "Completed Mississippi @ 2025-05-14 10:37:50"
[1] "Mississippi is 1.2% complete."
[1] "Completed Mississippi @ 2025-05-14 10:37:50"
[1] "Mississippi is 1.5% complete."
[1] "Completed Mississippi @ 2025-05-14 10:37:50"
[1] "Mississippi is 1.9% complete."
[1] "Completed Mississippi @ 2025-05-14 10:37:50"
[1] "Mississippi is 2.3% complete."
[1] "Completed Mississippi @ 2025-05-14 10:37:50"
[1] "Mississippi is 2.7% complete."
[1] "Completed Mississippi @ 2025-05-14 10:37:50"
[1] "Mississippi is 3.1% complete."
[1] "Completed Mississippi @ 2025-05-14 10:37:50"
[1] "Mississippi is 3.5% complete."
[1] "Completed Mississippi @ 2025-05-14 10:37:50"
[1] "Mississippi is 3.8% complete."
[1] "Completed Mississippi @ 2025-05-14 10:37:50"
[1] "Mississippi is 4.2% complete."
[1] "Completed Mississippi @ 2025-05-14 10:37:50"
[1] "Mississippi is 4.6% complete."
[1] "Completed Mississippi @ 2025-05-14 10:37:50"
[1] "Mississippi is 5% complete."
[1] "Completed Mississippi @ 2025-05-14 10:37:50"
[1] "Mississippi is 5.4% complete."
[1] "Completed Mississippi @ 2025-05-14 10:37:50"
[1] "Mississippi is 5.8% complete."
[1] "Completed Mississippi @ 2025-05-14 10:37:50"
[1] "Mississippi is 6.2% complete."
[1] "Completed Mississippi @ 2025-05-14 10:37:50"
[1] "Mississippi is 6.5% complete."
[1] "Completed Mississippi @ 2025-05-14 10:37:51"
[1] "Mississippi is 6.9% complete."
[1] "Completed Mississippi @ 2025-05-14 10:37:51"
[1] "Mississippi is 7.3% complete."
[1] "Completed Mississippi @ 2025-05-14 10:37:51"
[1] "Mississippi is 7.7% complete."
[1] "Completed Mississippi @ 2025-05-14 10:37:51"
[1] "Mississippi is 8.1% complete."
[1] "Completed Mississippi @ 2025-05-14 10:37:51"
[1] "Mississippi is 8.5% complete."
[1] "Completed Mississippi @ 2025-05-14 10:37:51"
[1] "Mississippi is 8.8% complete."
[1] "Completed Mississippi @ 2025-05-14 10:37:51"
[1] "Mississippi is 9.2% complete."
[1] "Completed Mississippi @ 2025-05-14 10:37:51"
[1] "Mississippi is 9.6% complete."
[1] "Completed Mississippi @ 2025-05-14 10:37:51"
[1] "Mississippi is 10% complete."
[1] "Completed Mississippi @ 2025-05-14 10:37:51"
[1] "Mississippi is 10.4% complete."
[1] "Completed Mississippi @ 2025-05-14 10:37:51"
[1] "Mississippi is 10.8% complete."
[1] "Completed Mississippi @ 2025-05-14 10:37:51"
[1] "Mississippi is 11.2% complete."
[1] "Completed Mississippi @ 2025-05-14 10:37:52"
[1] "Mississippi is 11.5% complete."
[1] "Completed Mississippi @ 2025-05-14 10:37:52"
[1] "Mississippi is 11.9% complete."
[1] "Completed Mississippi @ 2025-05-14 10:37:52"
[1] "Mississippi is 12.3% complete."
[1] "Completed Mississippi @ 2025-05-14 10:37:52"
[1] "Mississippi is 12.7% complete."
[1] "Completed Mississippi @ 2025-05-14 10:37:52"
[1] "Mississippi is 13.1% complete."
[1] "Completed Mississippi @ 2025-05-14 10:37:52"
[1] "Mississippi is 13.5% complete."
[1] "Completed Mississippi @ 2025-05-14 10:37:52"
[1] "Mississippi is 13.8% complete."
[1] "Completed Mississippi @ 2025-05-14 10:37:52"
[1] "Mississippi is 14.2% complete."
[1] "Completed Mississippi @ 2025-05-14 10:37:52"
[1] "Mississippi is 14.6% complete."
[1] "Completed Mississippi @ 2025-05-14 10:37:52"
[1] "Mississippi is 15% complete."
[1] "Completed Mississippi @ 2025-05-14 10:37:52"
[1] "Mississippi is 15.4% complete."
[1] "Completed Mississippi @ 2025-05-14 10:37:52"
[1] "Mississippi is 15.8% complete."
[1] "Completed Mississippi @ 2025-05-14 10:37:52"
[1] "Mississippi is 16.2% complete."
[1] "Completed Mississippi @ 2025-05-14 10:37:52"
[1] "Mississippi is 16.5% complete."
[1] "Completed Mississippi @ 2025-05-14 10:37:52"
[1] "Mississippi is 16.9% complete."
[1] "Completed Mississippi @ 2025-05-14 10:37:52"
[1] "Mississippi is 17.3% complete."
[1] "Completed Mississippi @ 2025-05-14 10:37:53"
[1] "Mississippi is 17.7% complete."
[1] "Completed Mississippi @ 2025-05-14 10:37:53"
[1] "Mississippi is 18.1% complete."
[1] "Completed Mississippi @ 2025-05-14 10:37:53"
[1] "Mississippi is 18.5% complete."
[1] "Completed Mississippi @ 2025-05-14 10:37:53"
[1] "Mississippi is 18.8% complete."
[1] "Completed Mississippi @ 2025-05-14 10:37:53"
[1] "Mississippi is 19.2% complete."
[1] "Completed Mississippi @ 2025-05-14 10:37:53"
[1] "Mississippi is 19.6% complete."
[1] "Completed Mississippi @ 2025-05-14 10:37:53"
[1] "Mississippi is 20% complete."
[1] "Completed Mississippi @ 2025-05-14 10:37:53"
[1] "Mississippi is 20.4% complete."
[1] "Completed Mississippi @ 2025-05-14 10:37:53"
[1] "Mississippi is 20.8% complete."
[1] "Completed Mississippi @ 2025-05-14 10:37:53"
[1] "Mississippi is 21.2% complete."
[1] "Completed Mississippi @ 2025-05-14 10:37:53"
[1] "Mississippi is 21.5% complete."
[1] "Completed Mississippi @ 2025-05-14 10:37:53"
[1] "Mississippi is 21.9% complete."
[1] "Completed Mississippi @ 2025-05-14 10:37:53"
[1] "Mississippi is 22.3% complete."
[1] "Completed Mississippi @ 2025-05-14 10:37:53"
[1] "Mississippi is 22.7% complete."
[1] "Completed Mississippi @ 2025-05-14 10:37:53"
[1] "Mississippi is 23.1% complete."
[1] "Completed Mississippi @ 2025-05-14 10:37:53"
[1] "Mississippi is 23.5% complete."
[1] "Completed Mississippi @ 2025-05-14 10:37:53"
[1] "Mississippi is 23.8% complete."
[1] "Completed Mississippi @ 2025-05-14 10:37:54"
[1] "Mississippi is 24.2% complete."
[1] "Completed Mississippi @ 2025-05-14 10:37:54"
[1] "Mississippi is 24.6% complete."
[1] "Completed Mississippi @ 2025-05-14 10:37:54"
[1] "Mississippi is 25% complete."
[1] "Completed Mississippi @ 2025-05-14 10:37:54"
[1] "Mississippi is 25.4% complete."
[1] "Completed Mississippi @ 2025-05-14 10:37:54"
[1] "Mississippi is 25.8% complete."
[1] "Completed Mississippi @ 2025-05-14 10:37:54"
[1] "Mississippi is 26.2% complete."
[1] "Completed Mississippi @ 2025-05-14 10:37:55"
[1] "Mississippi is 26.5% complete."
[1] "Completed Mississippi @ 2025-05-14 10:37:55"
[1] "Mississippi is 26.9% complete."
[1] "Completed Mississippi @ 2025-05-14 10:37:55"
[1] "Mississippi is 27.3% complete."
[1] "Completed Mississippi @ 2025-05-14 10:37:55"
[1] "Mississippi is 27.7% complete."
[1] "Completed Mississippi @ 2025-05-14 10:37:55"
[1] "Mississippi is 28.1% complete."
[1] "Completed Mississippi @ 2025-05-14 10:37:55"
[1] "Mississippi is 28.5% complete."
[1] "Completed Mississippi @ 2025-05-14 10:37:55"
[1] "Mississippi is 28.8% complete."
[1] "Completed Mississippi @ 2025-05-14 10:37:55"
[1] "Mississippi is 29.2% complete."
[1] "Completed Mississippi @ 2025-05-14 10:37:55"
[1] "Mississippi is 29.6% complete."
[1] "Completed Mississippi @ 2025-05-14 10:37:55"
[1] "Mississippi is 30% complete."
[1] "Completed Mississippi @ 2025-05-14 10:37:55"
[1] "Mississippi is 30.4% complete."
[1] "Completed Mississippi @ 2025-05-14 10:37:55"
[1] "Mississippi is 30.8% complete."
[1] "Completed Mississippi @ 2025-05-14 10:37:55"
[1] "Mississippi is 31.2% complete."
[1] "Completed Mississippi @ 2025-05-14 10:37:55"
[1] "Mississippi is 31.5% complete."
[1] "Completed Mississippi @ 2025-05-14 10:37:55"
[1] "Mississippi is 31.9% complete."
[1] "Completed Mississippi @ 2025-05-14 10:37:56"
[1] "Mississippi is 32.3% complete."
[1] "Completed Mississippi @ 2025-05-14 10:37:56"
[1] "Mississippi is 32.7% complete."
[1] "Completed Mississippi @ 2025-05-14 10:37:56"
[1] "Mississippi is 33.1% complete."
[1] "Completed Mississippi @ 2025-05-14 10:37:56"
[1] "Mississippi is 33.5% complete."
[1] "Completed Mississippi @ 2025-05-14 10:37:56"
[1] "Mississippi is 33.8% complete."
[1] "Completed Mississippi @ 2025-05-14 10:37:56"
[1] "Mississippi is 34.2% complete."
[1] "Completed Mississippi @ 2025-05-14 10:37:56"
[1] "Mississippi is 34.6% complete."
[1] "Completed Mississippi @ 2025-05-14 10:37:56"
[1] "Mississippi is 35% complete."
[1] "Completed Mississippi @ 2025-05-14 10:37:56"
[1] "Mississippi is 35.4% complete."
[1] "Completed Mississippi @ 2025-05-14 10:37:56"
[1] "Mississippi is 35.8% complete."
[1] "Completed Mississippi @ 2025-05-14 10:37:56"
[1] "Mississippi is 36.2% complete."
[1] "Completed Mississippi @ 2025-05-14 10:37:56"
[1] "Mississippi is 36.5% complete."
[1] "Completed Mississippi @ 2025-05-14 10:37:56"
[1] "Mississippi is 36.9% complete."
[1] "Completed Mississippi @ 2025-05-14 10:37:56"
[1] "Mississippi is 37.3% complete."
[1] "Completed Mississippi @ 2025-05-14 10:37:56"
[1] "Mississippi is 37.7% complete."
[1] "Completed Mississippi @ 2025-05-14 10:37:56"
[1] "Mississippi is 38.1% complete."
[1] "Completed Mississippi @ 2025-05-14 10:38:15"
[1] "Mississippi is 38.5% complete."
[1] "Completed Mississippi @ 2025-05-14 10:38:15"
[1] "Mississippi is 38.8% complete."
[1] "Completed Mississippi @ 2025-05-14 10:38:15"
[1] "Mississippi is 39.2% complete."
[1] "Completed Mississippi @ 2025-05-14 10:38:15"
[1] "Mississippi is 39.6% complete."
[1] "Completed Mississippi @ 2025-05-14 10:38:15"
[1] "Mississippi is 40% complete."
[1] "Completed Mississippi @ 2025-05-14 10:38:15"
[1] "Mississippi is 40.4% complete."
[1] "Completed Mississippi @ 2025-05-14 10:38:15"
[1] "Mississippi is 40.8% complete."
[1] "Completed Mississippi @ 2025-05-14 10:38:15"
[1] "Mississippi is 41.2% complete."
[1] "Completed Mississippi @ 2025-05-14 10:38:15"
[1] "Mississippi is 41.5% complete."
[1] "Completed Mississippi @ 2025-05-14 10:38:15"
[1] "Mississippi is 41.9% complete."
[1] "Completed Mississippi @ 2025-05-14 10:38:16"
[1] "Mississippi is 42.3% complete."
[1] "Completed Mississippi @ 2025-05-14 10:38:16"
[1] "Mississippi is 42.7% complete."
[1] "Completed Mississippi @ 2025-05-14 10:38:16"
[1] "Mississippi is 43.1% complete."
[1] "Completed Mississippi @ 2025-05-14 10:38:16"
[1] "Mississippi is 43.5% complete."
[1] "Completed Mississippi @ 2025-05-14 10:38:16"
[1] "Mississippi is 43.8% complete."
[1] "Completed Mississippi @ 2025-05-14 10:38:16"
[1] "Mississippi is 44.2% complete."
[1] "Completed Mississippi @ 2025-05-14 10:38:16"
[1] "Mississippi is 44.6% complete."
[1] "Completed Mississippi @ 2025-05-14 10:38:16"
[1] "Mississippi is 45% complete."
[1] "Completed Mississippi @ 2025-05-14 10:38:16"
[1] "Mississippi is 45.4% complete."
[1] "Completed Mississippi @ 2025-05-14 10:38:16"
[1] "Mississippi is 45.8% complete."
[1] "Completed Mississippi @ 2025-05-14 10:38:16"
[1] "Mississippi is 46.2% complete."
[1] "Completed Mississippi @ 2025-05-14 10:38:16"
[1] "Mississippi is 46.5% complete."
[1] "Completed Mississippi @ 2025-05-14 10:38:16"
[1] "Mississippi is 46.9% complete."
[1] "Completed Mississippi @ 2025-05-14 10:38:16"
[1] "Mississippi is 47.3% complete."
[1] "Completed Mississippi @ 2025-05-14 10:38:16"
[1] "Mississippi is 47.7% complete."
[1] "Completed Mississippi @ 2025-05-14 10:38:16"
[1] "Mississippi is 48.1% complete."
[1] "Completed Mississippi @ 2025-05-14 10:38:16"
[1] "Mississippi is 48.5% complete."
[1] "Completed Mississippi @ 2025-05-14 10:38:17"
[1] "Mississippi is 48.8% complete."
[1] "Completed Mississippi @ 2025-05-14 10:38:17"
[1] "Mississippi is 49.2% complete."
[1] "Completed Mississippi @ 2025-05-14 10:38:17"
[1] "Mississippi is 49.6% complete."
[1] "Completed Mississippi @ 2025-05-14 10:38:17"
[1] "Mississippi is 50% complete."
[1] "Completed Mississippi @ 2025-05-14 10:38:17"
[1] "Mississippi is 50.4% complete."
[1] "Completed Mississippi @ 2025-05-14 10:38:17"
[1] "Mississippi is 50.8% complete."
[1] "Completed Mississippi @ 2025-05-14 10:38:17"
[1] "Mississippi is 51.2% complete."
[1] "Completed Mississippi @ 2025-05-14 10:38:17"
[1] "Mississippi is 51.5% complete."
[1] "Completed Mississippi @ 2025-05-14 10:38:17"
[1] "Mississippi is 51.9% complete."
[1] "Completed Mississippi @ 2025-05-14 10:38:17"
[1] "Mississippi is 52.3% complete."
[1] "Completed Mississippi @ 2025-05-14 10:38:17"
[1] "Mississippi is 52.7% complete."
[1] "Completed Mississippi @ 2025-05-14 10:38:17"
[1] "Mississippi is 53.1% complete."
[1] "Completed Mississippi @ 2025-05-14 10:38:17"
[1] "Mississippi is 53.5% complete."
[1] "Completed Mississippi @ 2025-05-14 10:38:17"
[1] "Mississippi is 53.8% complete."
[1] "Completed Mississippi @ 2025-05-14 10:38:17"
[1] "Mississippi is 54.2% complete."
[1] "Completed Mississippi @ 2025-05-14 10:38:17"
[1] "Mississippi is 54.6% complete."
[1] "Completed Mississippi @ 2025-05-14 10:38:17"
[1] "Mississippi is 55% complete."
[1] "Completed Mississippi @ 2025-05-14 10:38:17"
[1] "Mississippi is 55.4% complete."
[1] "Completed Mississippi @ 2025-05-14 10:38:17"
[1] "Mississippi is 55.8% complete."
[1] "Completed Mississippi @ 2025-05-14 10:38:18"
[1] "Mississippi is 56.2% complete."
[1] "Completed Mississippi @ 2025-05-14 10:38:18"
[1] "Mississippi is 56.5% complete."
[1] "Completed Mississippi @ 2025-05-14 10:38:18"
[1] "Mississippi is 56.9% complete."
[1] "Completed Mississippi @ 2025-05-14 10:38:18"
[1] "Mississippi is 57.3% complete."
[1] "Completed Mississippi @ 2025-05-14 10:38:18"
[1] "Mississippi is 57.7% complete."
[1] "Completed Mississippi @ 2025-05-14 10:38:18"
[1] "Mississippi is 58.1% complete."
[1] "Completed Mississippi @ 2025-05-14 10:38:18"
[1] "Mississippi is 58.5% complete."
[1] "Completed Mississippi @ 2025-05-14 10:38:18"
[1] "Mississippi is 58.8% complete."
[1] "Completed Mississippi @ 2025-05-14 10:38:18"
[1] "Mississippi is 59.2% complete."
[1] "Completed Mississippi @ 2025-05-14 10:38:18"
[1] "Mississippi is 59.6% complete."
[1] "Completed Mississippi @ 2025-05-14 10:38:18"
[1] "Mississippi is 60% complete."
[1] "Completed Mississippi @ 2025-05-14 10:38:18"
[1] "Mississippi is 60.4% complete."
[1] "Completed Mississippi @ 2025-05-14 10:38:18"
[1] "Mississippi is 60.8% complete."
[1] "Completed Mississippi @ 2025-05-14 10:38:18"
[1] "Mississippi is 61.2% complete."
[1] "Completed Mississippi @ 2025-05-14 10:38:18"
[1] "Mississippi is 61.5% complete."
[1] "Completed Mississippi @ 2025-05-14 10:38:18"
[1] "Mississippi is 61.9% complete."
[1] "Completed Mississippi @ 2025-05-14 10:38:18"
[1] "Mississippi is 62.3% complete."
[1] "Completed Mississippi @ 2025-05-14 10:38:18"
[1] "Mississippi is 62.7% complete."
[1] "Completed Mississippi @ 2025-05-14 10:38:18"
[1] "Mississippi is 63.1% complete."
[1] "Completed Mississippi @ 2025-05-14 10:38:18"
[1] "Mississippi is 63.5% complete."
[1] "Completed Mississippi @ 2025-05-14 10:38:18"
[1] "Mississippi is 63.8% complete."
[1] "Completed Mississippi @ 2025-05-14 10:38:19"
[1] "Mississippi is 64.2% complete."
[1] "Completed Mississippi @ 2025-05-14 10:38:19"
[1] "Mississippi is 64.6% complete."
[1] "Completed Mississippi @ 2025-05-14 10:38:19"
[1] "Mississippi is 65% complete."
[1] "Completed Mississippi @ 2025-05-14 10:38:19"
[1] "Mississippi is 65.4% complete."
[1] "Completed Mississippi @ 2025-05-14 10:38:19"
[1] "Mississippi is 65.8% complete."
[1] "Completed Mississippi @ 2025-05-14 10:38:19"
[1] "Mississippi is 66.2% complete."
[1] "Completed Mississippi @ 2025-05-14 10:38:19"
[1] "Mississippi is 66.5% complete."
[1] "Completed Mississippi @ 2025-05-14 10:38:19"
[1] "Mississippi is 66.9% complete."
[1] "Completed Mississippi @ 2025-05-14 10:38:19"
[1] "Mississippi is 67.3% complete."
[1] "Completed Mississippi @ 2025-05-14 10:38:19"
[1] "Mississippi is 67.7% complete."
[1] "Completed Mississippi @ 2025-05-14 10:38:19"
[1] "Mississippi is 68.1% complete."
[1] "Completed Mississippi @ 2025-05-14 10:38:19"
[1] "Mississippi is 68.5% complete."
[1] "Completed Mississippi @ 2025-05-14 10:38:19"
[1] "Mississippi is 68.8% complete."
[1] "Completed Mississippi @ 2025-05-14 10:38:19"
[1] "Mississippi is 69.2% complete."
[1] "Completed Mississippi @ 2025-05-14 10:38:19"
[1] "Mississippi is 69.6% complete."
[1] "Completed Mississippi @ 2025-05-14 10:38:20"
[1] "Mississippi is 70% complete."
[1] "Completed Mississippi @ 2025-05-14 10:38:20"
[1] "Mississippi is 70.4% complete."
[1] "Completed Mississippi @ 2025-05-14 10:38:20"
[1] "Mississippi is 70.8% complete."
[1] "Completed Mississippi @ 2025-05-14 10:38:20"
[1] "Mississippi is 71.2% complete."
[1] "Completed Mississippi @ 2025-05-14 10:38:20"
[1] "Mississippi is 71.5% complete."
[1] "Completed Mississippi @ 2025-05-14 10:38:20"
[1] "Mississippi is 71.9% complete."
[1] "Completed Mississippi @ 2025-05-14 10:38:20"
[1] "Mississippi is 72.3% complete."
[1] "Completed Mississippi @ 2025-05-14 10:38:20"
[1] "Mississippi is 72.7% complete."
[1] "Completed Mississippi @ 2025-05-14 10:38:20"
[1] "Mississippi is 73.1% complete."
[1] "Completed Mississippi @ 2025-05-14 10:38:20"
[1] "Mississippi is 73.5% complete."
[1] "Completed Mississippi @ 2025-05-14 10:38:20"
[1] "Mississippi is 73.8% complete."
[1] "Completed Mississippi @ 2025-05-14 10:38:20"
[1] "Mississippi is 74.2% complete."
[1] "Completed Mississippi @ 2025-05-14 10:38:20"
[1] "Mississippi is 74.6% complete."
[1] "Completed Mississippi @ 2025-05-14 10:38:20"
[1] "Mississippi is 75% complete."
[1] "Completed Mississippi @ 2025-05-14 10:38:20"
[1] "Mississippi is 75.4% complete."
[1] "Completed Mississippi @ 2025-05-14 10:38:20"
[1] "Mississippi is 75.8% complete."
[1] "Completed Mississippi @ 2025-05-14 10:38:20"
[1] "Mississippi is 76.2% complete."
[1] "Completed Mississippi @ 2025-05-14 10:38:20"
[1] "Mississippi is 76.5% complete."
[1] "Completed Mississippi @ 2025-05-14 10:38:21"
[1] "Mississippi is 76.9% complete."
[1] "Completed Mississippi @ 2025-05-14 10:38:21"
[1] "Mississippi is 77.3% complete."
[1] "Completed Mississippi @ 2025-05-14 10:38:21"
[1] "Mississippi is 77.7% complete."
[1] "Completed Mississippi @ 2025-05-14 10:38:21"
[1] "Mississippi is 78.1% complete."
[1] "Completed Mississippi @ 2025-05-14 10:38:21"
[1] "Mississippi is 78.5% complete."
[1] "Completed Mississippi @ 2025-05-14 10:38:21"
[1] "Mississippi is 78.8% complete."
[1] "Completed Mississippi @ 2025-05-14 10:38:21"
[1] "Mississippi is 79.2% complete."
[1] "Completed Mississippi @ 2025-05-14 10:38:21"
[1] "Mississippi is 79.6% complete."
[1] "Completed Mississippi @ 2025-05-14 10:38:21"
[1] "Mississippi is 80% complete."
[1] "Completed Mississippi @ 2025-05-14 10:38:21"
[1] "Mississippi is 80.4% complete."
[1] "Completed Mississippi @ 2025-05-14 10:38:21"
[1] "Mississippi is 80.8% complete."
[1] "Completed Mississippi @ 2025-05-14 10:38:21"
[1] "Mississippi is 81.2% complete."
[1] "Completed Mississippi @ 2025-05-14 10:38:21"
[1] "Mississippi is 81.5% complete."
[1] "Completed Mississippi @ 2025-05-14 10:38:21"
[1] "Mississippi is 81.9% complete."
[1] "Completed Mississippi @ 2025-05-14 10:38:21"
[1] "Mississippi is 82.3% complete."
[1] "Completed Mississippi @ 2025-05-14 10:38:21"
[1] "Mississippi is 82.7% complete."
[1] "Completed Mississippi @ 2025-05-14 10:38:22"
[1] "Mississippi is 83.1% complete."
[1] "Completed Mississippi @ 2025-05-14 10:38:22"
[1] "Mississippi is 83.5% complete."
[1] "Completed Mississippi @ 2025-05-14 10:38:22"
[1] "Mississippi is 83.8% complete."
[1] "Completed Mississippi @ 2025-05-14 10:38:22"
[1] "Mississippi is 84.2% complete."
[1] "Completed Mississippi @ 2025-05-14 10:38:22"
[1] "Mississippi is 84.6% complete."
[1] "Completed Mississippi @ 2025-05-14 10:38:22"
[1] "Mississippi is 85% complete."
[1] "Completed Mississippi @ 2025-05-14 10:38:22"
[1] "Mississippi is 85.4% complete."
[1] "Completed Mississippi @ 2025-05-14 10:38:22"
[1] "Mississippi is 85.8% complete."
[1] "Completed Mississippi @ 2025-05-14 10:38:22"
[1] "Mississippi is 86.2% complete."
[1] "Completed Mississippi @ 2025-05-14 10:38:22"
[1] "Mississippi is 86.5% complete."
[1] "Completed Mississippi @ 2025-05-14 10:38:22"
[1] "Mississippi is 86.9% complete."
[1] "Completed Mississippi @ 2025-05-14 10:38:22"
[1] "Mississippi is 87.3% complete."
[1] "Completed Mississippi @ 2025-05-14 10:38:22"
[1] "Mississippi is 87.7% complete."
[1] "Completed Mississippi @ 2025-05-14 10:38:22"
[1] "Mississippi is 88.1% complete."
[1] "Completed Mississippi @ 2025-05-14 10:38:22"
[1] "Mississippi is 88.5% complete."
[1] "Completed Mississippi @ 2025-05-14 10:38:22"
[1] "Mississippi is 88.8% complete."
[1] "Completed Mississippi @ 2025-05-14 10:38:23"
[1] "Mississippi is 89.2% complete."
[1] "Completed Mississippi @ 2025-05-14 10:38:23"
[1] "Mississippi is 89.6% complete."
[1] "Completed Mississippi @ 2025-05-14 10:38:23"
[1] "Mississippi is 90% complete."
[1] "Completed Mississippi @ 2025-05-14 10:38:23"
[1] "Mississippi is 90.4% complete."
[1] "Completed Mississippi @ 2025-05-14 10:38:23"
[1] "Mississippi is 90.8% complete."
[1] "Completed Mississippi @ 2025-05-14 10:38:23"
[1] "Mississippi is 91.2% complete."
[1] "Completed Mississippi @ 2025-05-14 10:38:23"
[1] "Mississippi is 91.5% complete."
[1] "Completed Mississippi @ 2025-05-14 10:38:23"
[1] "Mississippi is 91.9% complete."
[1] "Completed Mississippi @ 2025-05-14 10:38:23"
[1] "Mississippi is 92.3% complete."
[1] "Completed Mississippi @ 2025-05-14 10:38:23"
[1] "Mississippi is 92.7% complete."
[1] "Completed Mississippi @ 2025-05-14 10:38:23"
[1] "Mississippi is 93.1% complete."
[1] "Completed Mississippi @ 2025-05-14 10:38:23"
[1] "Mississippi is 93.5% complete."
[1] "Completed Mississippi @ 2025-05-14 10:38:23"
[1] "Mississippi is 93.8% complete."
[1] "Completed Mississippi @ 2025-05-14 10:38:23"
[1] "Mississippi is 94.2% complete."
[1] "Completed Mississippi @ 2025-05-14 10:38:24"
[1] "Mississippi is 94.6% complete."
[1] "Completed Mississippi @ 2025-05-14 10:38:24"
[1] "Mississippi is 95% complete."
[1] "Completed Mississippi @ 2025-05-14 10:38:24"
[1] "Mississippi is 95.4% complete."
[1] "Completed Mississippi @ 2025-05-14 10:38:24"
[1] "Mississippi is 95.8% complete."
[1] "Completed Mississippi @ 2025-05-14 10:38:24"
[1] "Mississippi is 96.2% complete."
[1] "Completed Mississippi @ 2025-05-14 10:38:24"
[1] "Mississippi is 96.5% complete."
[1] "Completed Mississippi @ 2025-05-14 10:38:24"
[1] "Mississippi is 96.9% complete."
[1] "Completed Mississippi @ 2025-05-14 10:38:25"
[1] "Mississippi is 97.3% complete."
[1] "Completed Mississippi @ 2025-05-14 10:38:25"
[1] "Mississippi is 97.7% complete."
[1] "Completed Mississippi @ 2025-05-14 10:38:25"
[1] "Mississippi is 98.1% complete."
[1] "Completed Mississippi @ 2025-05-14 10:38:25"
[1] "Mississippi is 98.5% complete."
[1] "Completed Mississippi @ 2025-05-14 10:38:25"
[1] "Mississippi is 98.8% complete."
[1] "Completed Mississippi @ 2025-05-14 10:38:25"
[1] "Mississippi is 99.2% complete."
[1] "Completed Mississippi @ 2025-05-14 10:38:25"
[1] "Mississippi is 99.6% complete."
[1] "Completed Mississippi @ 2025-05-14 10:38:26"
[1] "Mississippi is 100% complete."
[1] "Completed Mississippi @ 2025-05-14 10:38:27"
Deleting layer `Pop' using driver `GPKG'
Writing layer `Pop' to data source 
  `/work/GRDVULN/sewershed/Model/Create_Boundaries/outputs/Pop_Delineated/FP_28.gpkg' using driver `GPKG'
Writing 260 features with 10 fields and geometry type Unknown (any).
[1] "SCRIPT COMPLETE @ 2025-05-14 10:38:33"
