[1] "Starting Missouri"
Reading layer `cb_2021_us_state_500k' from data source 
  `/work/GRDVULN/data/cb_2021_us_all_500k.gdb' using driver `OpenFileGDB'
Simple feature collection with 56 features and 9 fields
Geometry type: MULTIPOLYGON
Dimension:     XY
Bounding box:  xmin: -179.1489 ymin: -14.5487 xmax: 179.7785 ymax: 71.36516
Geodetic CRS:  NAD83
[1] "Building 742 systems"
[1] "Missouri is 0.1% complete."
[1] "Completed Missouri @ 2025-05-14 10:40:49"
[1] "Missouri is 0.3% complete."
[1] "Completed Missouri @ 2025-05-14 10:40:49"
[1] "Missouri is 0.4% complete."
[1] "Completed Missouri @ 2025-05-14 10:40:49"
[1] "Missouri is 0.5% complete."
[1] "Completed Missouri @ 2025-05-14 10:40:49"
[1] "Missouri is 0.7% complete."
[1] "Completed Missouri @ 2025-05-14 10:40:50"
[1] "Missouri is 0.8% complete."
[1] "Completed Missouri @ 2025-05-14 10:40:50"
[1] "Missouri is 0.9% complete."
[1] "Completed Missouri @ 2025-05-14 10:40:50"
[1] "Missouri is 1.1% complete."
[1] "Completed Missouri @ 2025-05-14 10:40:50"
[1] "Missouri is 1.2% complete."
[1] "Completed Missouri @ 2025-05-14 10:40:51"
[1] "Missouri is 1.3% complete."
[1] "Completed Missouri @ 2025-05-14 10:40:51"
[1] "Missouri is 1.5% complete."
[1] "Completed Missouri @ 2025-05-14 10:40:51"
[1] "Missouri is 1.6% complete."
[1] "Completed Missouri @ 2025-05-14 10:40:51"
[1] "Missouri is 1.8% complete."
[1] "Completed Missouri @ 2025-05-14 10:40:51"
[1] "Missouri is 1.9% complete."
[1] "Completed Missouri @ 2025-05-14 10:40:51"
[1] "Missouri is 2% complete."
[1] "Completed Missouri @ 2025-05-14 10:40:51"
[1] "Missouri is 2.2% complete."
[1] "Completed Missouri @ 2025-05-14 10:40:52"
[1] "Missouri is 2.3% complete."
[1] "Completed Missouri @ 2025-05-14 10:40:52"
[1] "Missouri is 2.4% complete."
[1] "Completed Missouri @ 2025-05-14 10:40:52"
[1] "Missouri is 2.6% complete."
[1] "Completed Missouri @ 2025-05-14 10:40:52"
[1] "Missouri is 2.7% complete."
[1] "Completed Missouri @ 2025-05-14 10:40:52"
[1] "Missouri is 2.8% complete."
[1] "Completed Missouri @ 2025-05-14 10:40:52"
[1] "Missouri is 3% complete."
[1] "Completed Missouri @ 2025-05-14 10:40:53"
[1] "Missouri is 3.1% complete."
[1] "Completed Missouri @ 2025-05-14 10:40:53"
[1] "Missouri is 3.2% complete."
[1] "Completed Missouri @ 2025-05-14 10:40:53"
[1] "Missouri is 3.4% complete."
[1] "Completed Missouri @ 2025-05-14 10:40:53"
[1] "Missouri is 3.5% complete."
[1] "Completed Missouri @ 2025-05-14 10:40:53"
[1] "Missouri is 3.6% complete."
[1] "Completed Missouri @ 2025-05-14 10:40:53"
[1] "Missouri is 3.8% complete."
[1] "Completed Missouri @ 2025-05-14 10:40:53"
[1] "Missouri is 3.9% complete."
[1] "Completed Missouri @ 2025-05-14 10:40:53"
[1] "Missouri is 4% complete."
[1] "Completed Missouri @ 2025-05-14 10:40:53"
[1] "Missouri is 4.2% complete."
[1] "Completed Missouri @ 2025-05-14 10:40:53"
[1] "Missouri is 4.3% complete."
[1] "Completed Missouri @ 2025-05-14 10:40:53"
[1] "Missouri is 4.4% complete."
[1] "Completed Missouri @ 2025-05-14 10:40:53"
[1] "Missouri is 4.6% complete."
[1] "Completed Missouri @ 2025-05-14 10:40:53"
[1] "Missouri is 4.7% complete."
[1] "Completed Missouri @ 2025-05-14 10:40:53"
[1] "Missouri is 4.9% complete."
[1] "Completed Missouri @ 2025-05-14 10:40:53"
[1] "Missouri is 5% complete."
[1] "Completed Missouri @ 2025-05-14 10:40:55"
[1] "Missouri is 5.1% complete."
[1] "Completed Missouri @ 2025-05-14 10:40:55"
[1] "Missouri is 5.3% complete."
[1] "Completed Missouri @ 2025-05-14 10:40:56"
[1] "Missouri is 5.4% complete."
[1] "Completed Missouri @ 2025-05-14 10:40:57"
[1] "Missouri is 5.5% complete."
[1] "Completed Missouri @ 2025-05-14 10:40:58"
[1] "Missouri is 5.7% complete."
[1] "Completed Missouri @ 2025-05-14 10:40:59"
[1] "Missouri is 5.8% complete."
[1] "Completed Missouri @ 2025-05-14 10:40:59"
[1] "Missouri is 5.9% complete."
[1] "Completed Missouri @ 2025-05-14 10:40:59"
[1] "Missouri is 6.1% complete."
[1] "Completed Missouri @ 2025-05-14 10:40:59"
[1] "Missouri is 6.2% complete."
[1] "Completed Missouri @ 2025-05-14 10:40:59"
[1] "Missouri is 6.3% complete."
[1] "Completed Missouri @ 2025-05-14 10:41:00"
[1] "Missouri is 6.5% complete."
[1] "Completed Missouri @ 2025-05-14 10:41:00"
[1] "Missouri is 6.6% complete."
[1] "Completed Missouri @ 2025-05-14 10:41:00"
[1] "Missouri is 6.7% complete."
[1] "Completed Missouri @ 2025-05-14 10:41:00"
[1] "Missouri is 6.9% complete."
[1] "Completed Missouri @ 2025-05-14 10:41:01"
[1] "Missouri is 7% complete."
[1] "Completed Missouri @ 2025-05-14 10:41:01"
[1] "Missouri is 7.1% complete."
[1] "Completed Missouri @ 2025-05-14 10:41:01"
[1] "Missouri is 7.3% complete."
[1] "Completed Missouri @ 2025-05-14 10:41:01"
[1] "Missouri is 7.4% complete."
[1] "Completed Missouri @ 2025-05-14 10:41:01"
[1] "Missouri is 7.5% complete."
[1] "Completed Missouri @ 2025-05-14 10:41:01"
[1] "Missouri is 7.7% complete."
[1] "Completed Missouri @ 2025-05-14 10:41:01"
[1] "Missouri is 7.8% complete."
[1] "Completed Missouri @ 2025-05-14 10:41:01"
[1] "Missouri is 8% complete."
[1] "Completed Missouri @ 2025-05-14 10:41:03"
[1] "Missouri is 8.1% complete."
[1] "Completed Missouri @ 2025-05-14 10:41:03"
[1] "Missouri is 8.2% complete."
[1] "Completed Missouri @ 2025-05-14 10:41:04"
[1] "Missouri is 8.4% complete."
[1] "Completed Missouri @ 2025-05-14 10:41:04"
[1] "Missouri is 8.5% complete."
[1] "Completed Missouri @ 2025-05-14 10:41:04"
[1] "Missouri is 8.6% complete."
[1] "Completed Missouri @ 2025-05-14 10:41:05"
[1] "Missouri is 8.8% complete."
[1] "Completed Missouri @ 2025-05-14 10:41:05"
[1] "Missouri is 8.9% complete."
[1] "Completed Missouri @ 2025-05-14 10:41:05"
[1] "Missouri is 9% complete."
[1] "Completed Missouri @ 2025-05-14 10:41:06"
[1] "Missouri is 9.2% complete."
[1] "Completed Missouri @ 2025-05-14 10:41:06"
[1] "Missouri is 9.3% complete."
[1] "Completed Missouri @ 2025-05-14 10:41:06"
[1] "Missouri is 9.4% complete."
[1] "Completed Missouri @ 2025-05-14 10:41:06"
[1] "Missouri is 9.6% complete."
[1] "Completed Missouri @ 2025-05-14 10:41:06"
[1] "Missouri is 9.7% complete."
[1] "Completed Missouri @ 2025-05-14 10:41:06"
[1] "Missouri is 9.8% complete."
[1] "Completed Missouri @ 2025-05-14 10:41:06"
[1] "Missouri is 10% complete."
[1] "Completed Missouri @ 2025-05-14 10:41:06"
[1] "Missouri is 10.1% complete."
[1] "Completed Missouri @ 2025-05-14 10:41:06"
[1] "Missouri is 10.2% complete."
[1] "Completed Missouri @ 2025-05-14 10:41:06"
[1] "Missouri is 10.4% complete."
[1] "Completed Missouri @ 2025-05-14 10:41:06"
[1] "Missouri is 10.5% complete."
[1] "Completed Missouri @ 2025-05-14 10:41:06"
[1] "Missouri is 10.6% complete."
[1] "Completed Missouri @ 2025-05-14 10:41:06"
[1] "Missouri is 10.8% complete."
[1] "Completed Missouri @ 2025-05-14 10:41:07"
[1] "Missouri is 10.9% complete."
[1] "Completed Missouri @ 2025-05-14 10:41:07"
[1] "Missouri is 11.1% complete."
[1] "Completed Missouri @ 2025-05-14 10:41:07"
[1] "Missouri is 11.2% complete."
[1] "Completed Missouri @ 2025-05-14 10:41:07"
[1] "Missouri is 11.3% complete."
[1] "Completed Missouri @ 2025-05-14 10:41:07"
[1] "Missouri is 11.5% complete."
[1] "Completed Missouri @ 2025-05-14 10:41:07"
[1] "Missouri is 11.6% complete."
[1] "Completed Missouri @ 2025-05-14 10:41:07"
[1] "Missouri is 11.7% complete."
[1] "Completed Missouri @ 2025-05-14 10:41:07"
[1] "Missouri is 11.9% complete."
[1] "Completed Missouri @ 2025-05-14 10:41:07"
[1] "Missouri is 12% complete."
[1] "Completed Missouri @ 2025-05-14 10:41:07"
[1] "Missouri is 12.1% complete."
[1] "Completed Missouri @ 2025-05-14 10:41:07"
[1] "Missouri is 12.3% complete."
[1] "Completed Missouri @ 2025-05-14 10:41:07"
[1] "Missouri is 12.4% complete."
[1] "Completed Missouri @ 2025-05-14 10:41:07"
[1] "Missouri is 12.5% complete."
[1] "Completed Missouri @ 2025-05-14 10:41:07"
[1] "Missouri is 12.7% complete."
[1] "Completed Missouri @ 2025-05-14 10:41:07"
[1] "Missouri is 12.8% complete."
[1] "Completed Missouri @ 2025-05-14 10:41:07"
[1] "Missouri is 12.9% complete."
[1] "Completed Missouri @ 2025-05-14 10:41:07"
[1] "Missouri is 13.1% complete."
[1] "Completed Missouri @ 2025-05-14 10:41:08"
[1] "Missouri is 13.2% complete."
[1] "Completed Missouri @ 2025-05-14 10:41:08"
[1] "Missouri is 13.3% complete."
[1] "Completed Missouri @ 2025-05-14 10:41:08"
[1] "Missouri is 13.5% complete."
[1] "Completed Missouri @ 2025-05-14 10:41:08"
[1] "Missouri is 13.6% complete."
[1] "Completed Missouri @ 2025-05-14 10:41:08"
[1] "Missouri is 13.7% complete."
[1] "Completed Missouri @ 2025-05-14 10:41:08"
[1] "Missouri is 13.9% complete."
[1] "Completed Missouri @ 2025-05-14 10:41:10"
[1] "Missouri is 14% complete."
[1] "Completed Missouri @ 2025-05-14 10:41:10"
[1] "Missouri is 14.2% complete."
[1] "Completed Missouri @ 2025-05-14 10:41:10"
[1] "Missouri is 14.3% complete."
[1] "Completed Missouri @ 2025-05-14 10:41:10"
[1] "Missouri is 14.4% complete."
[1] "Completed Missouri @ 2025-05-14 10:41:10"
[1] "Missouri is 14.6% complete."
[1] "Completed Missouri @ 2025-05-14 10:41:10"
[1] "Missouri is 14.7% complete."
[1] "Completed Missouri @ 2025-05-14 10:41:10"
[1] "Missouri is 14.8% complete."
[1] "Completed Missouri @ 2025-05-14 10:41:10"
[1] "Missouri is 15% complete."
[1] "Completed Missouri @ 2025-05-14 10:41:10"
[1] "Missouri is 15.1% complete."
[1] "Completed Missouri @ 2025-05-14 10:41:10"
[1] "Missouri is 15.2% complete."
[1] "Completed Missouri @ 2025-05-14 10:41:10"
[1] "Missouri is 15.4% complete."
[1] "Completed Missouri @ 2025-05-14 10:41:10"
[1] "Missouri is 15.5% complete."
[1] "Completed Missouri @ 2025-05-14 10:41:10"
[1] "Missouri is 15.6% complete."
[1] "Completed Missouri @ 2025-05-14 10:41:10"
[1] "Missouri is 15.8% complete."
[1] "Completed Missouri @ 2025-05-14 10:41:10"
[1] "Missouri is 15.9% complete."
[1] "Completed Missouri @ 2025-05-14 10:41:11"
[1] "Missouri is 16% complete."
[1] "Completed Missouri @ 2025-05-14 10:41:11"
[1] "Missouri is 16.2% complete."
[1] "Completed Missouri @ 2025-05-14 10:41:11"
[1] "Missouri is 16.3% complete."
[1] "Completed Missouri @ 2025-05-14 10:41:11"
[1] "Missouri is 16.4% complete."
[1] "Completed Missouri @ 2025-05-14 10:41:11"
[1] "Missouri is 16.6% complete."
[1] "Completed Missouri @ 2025-05-14 10:41:11"
[1] "Missouri is 16.7% complete."
[1] "Completed Missouri @ 2025-05-14 10:41:11"
[1] "Missouri is 16.8% complete."
[1] "Completed Missouri @ 2025-05-14 10:41:11"
[1] "Missouri is 17% complete."
[1] "Completed Missouri @ 2025-05-14 10:41:11"
[1] "Missouri is 17.1% complete."
[1] "Completed Missouri @ 2025-05-14 10:41:11"
[1] "Missouri is 17.3% complete."
[1] "Completed Missouri @ 2025-05-14 10:41:11"
[1] "Missouri is 17.4% complete."
[1] "Completed Missouri @ 2025-05-14 10:41:11"
[1] "Missouri is 17.5% complete."
[1] "Completed Missouri @ 2025-05-14 10:41:11"
[1] "Missouri is 17.7% complete."
[1] "Completed Missouri @ 2025-05-14 10:41:11"
[1] "Missouri is 17.8% complete."
[1] "Completed Missouri @ 2025-05-14 10:41:11"
[1] "Missouri is 17.9% complete."
[1] "Completed Missouri @ 2025-05-14 10:41:11"
[1] "Missouri is 18.1% complete."
[1] "Completed Missouri @ 2025-05-14 10:41:11"
[1] "Missouri is 18.2% complete."
[1] "Completed Missouri @ 2025-05-14 10:41:11"
[1] "Missouri is 18.3% complete."
[1] "Completed Missouri @ 2025-05-14 10:41:11"
[1] "Missouri is 18.5% complete."
[1] "Completed Missouri @ 2025-05-14 10:41:11"
[1] "Missouri is 18.6% complete."
[1] "Completed Missouri @ 2025-05-14 10:41:11"
[1] "Missouri is 18.7% complete."
[1] "Completed Missouri @ 2025-05-14 10:41:12"
[1] "Missouri is 18.9% complete."
[1] "Completed Missouri @ 2025-05-14 10:41:12"
[1] "Missouri is 19% complete."
[1] "Completed Missouri @ 2025-05-14 10:41:12"
[1] "Missouri is 19.1% complete."
[1] "Completed Missouri @ 2025-05-14 10:41:12"
[1] "Missouri is 19.3% complete."
[1] "Completed Missouri @ 2025-05-14 10:41:12"
[1] "Missouri is 19.4% complete."
[1] "Completed Missouri @ 2025-05-14 10:41:12"
[1] "Missouri is 19.5% complete."
[1] "Completed Missouri @ 2025-05-14 10:41:12"
[1] "Missouri is 19.7% complete."
[1] "Completed Missouri @ 2025-05-14 10:41:12"
[1] "Missouri is 19.8% complete."
[1] "Completed Missouri @ 2025-05-14 10:41:12"
[1] "Missouri is 19.9% complete."
[1] "Completed Missouri @ 2025-05-14 10:41:12"
[1] "Missouri is 20.1% complete."
[1] "Completed Missouri @ 2025-05-14 10:41:12"
[1] "Missouri is 20.2% complete."
[1] "Completed Missouri @ 2025-05-14 10:41:12"
[1] "Missouri is 20.4% complete."
[1] "Completed Missouri @ 2025-05-14 10:41:12"
[1] "Missouri is 20.5% complete."
[1] "Completed Missouri @ 2025-05-14 10:41:12"
[1] "Missouri is 20.6% complete."
[1] "Completed Missouri @ 2025-05-14 10:41:12"
[1] "Missouri is 20.8% complete."
[1] "Completed Missouri @ 2025-05-14 10:41:12"
[1] "Missouri is 20.9% complete."
[1] "Completed Missouri @ 2025-05-14 10:41:12"
[1] "Missouri is 21% complete."
[1] "Completed Missouri @ 2025-05-14 10:41:12"
[1] "Missouri is 21.2% complete."
[1] "Completed Missouri @ 2025-05-14 10:41:13"
[1] "Missouri is 21.3% complete."
[1] "Completed Missouri @ 2025-05-14 10:41:13"
[1] "Missouri is 21.4% complete."
[1] "Completed Missouri @ 2025-05-14 10:41:13"
[1] "Missouri is 21.6% complete."
[1] "Completed Missouri @ 2025-05-14 10:41:13"
[1] "Missouri is 21.7% complete."
[1] "Completed Missouri @ 2025-05-14 10:41:13"
[1] "Missouri is 21.8% complete."
[1] "Completed Missouri @ 2025-05-14 10:41:13"
[1] "Missouri is 22% complete."
[1] "Completed Missouri @ 2025-05-14 10:41:13"
[1] "Missouri is 22.1% complete."
[1] "Completed Missouri @ 2025-05-14 10:41:13"
[1] "Missouri is 22.2% complete."
[1] "Completed Missouri @ 2025-05-14 10:41:13"
[1] "Missouri is 22.4% complete."
[1] "Completed Missouri @ 2025-05-14 10:41:13"
[1] "Missouri is 22.5% complete."
[1] "Completed Missouri @ 2025-05-14 10:41:13"
[1] "Missouri is 22.6% complete."
[1] "Completed Missouri @ 2025-05-14 10:41:13"
[1] "Missouri is 22.8% complete."
[1] "Completed Missouri @ 2025-05-14 10:41:13"
[1] "Missouri is 22.9% complete."
[1] "Completed Missouri @ 2025-05-14 10:41:13"
[1] "Missouri is 23% complete."
[1] "Completed Missouri @ 2025-05-14 10:41:13"
[1] "Missouri is 23.2% complete."
[1] "Completed Missouri @ 2025-05-14 10:41:13"
[1] "Missouri is 23.3% complete."
[1] "Completed Missouri @ 2025-05-14 10:41:13"
[1] "Missouri is 23.5% complete."
[1] "Completed Missouri @ 2025-05-14 10:41:13"
[1] "Missouri is 23.6% complete."
[1] "Completed Missouri @ 2025-05-14 10:41:13"
[1] "Missouri is 23.7% complete."
[1] "Completed Missouri @ 2025-05-14 10:41:13"
[1] "Missouri is 23.9% complete."
[1] "Completed Missouri @ 2025-05-14 10:41:13"
[1] "Missouri is 24% complete."
[1] "Completed Missouri @ 2025-05-14 10:41:13"
[1] "Missouri is 24.1% complete."
[1] "Completed Missouri @ 2025-05-14 10:41:13"
[1] "Missouri is 24.3% complete."
[1] "Completed Missouri @ 2025-05-14 10:41:14"
[1] "Missouri is 24.4% complete."
[1] "Completed Missouri @ 2025-05-14 10:41:14"
[1] "Missouri is 24.5% complete."
[1] "Completed Missouri @ 2025-05-14 10:41:14"
[1] "Missouri is 24.7% complete."
[1] "Completed Missouri @ 2025-05-14 10:41:14"
[1] "Missouri is 24.8% complete."
[1] "Completed Missouri @ 2025-05-14 10:41:14"
[1] "Missouri is 24.9% complete."
[1] "Completed Missouri @ 2025-05-14 10:41:14"
[1] "Missouri is 25.1% complete."
[1] "Completed Missouri @ 2025-05-14 10:41:14"
[1] "Missouri is 25.2% complete."
[1] "Completed Missouri @ 2025-05-14 10:41:14"
[1] "Missouri is 25.3% complete."
[1] "Completed Missouri @ 2025-05-14 10:41:14"
[1] "Missouri is 25.5% complete."
[1] "Completed Missouri @ 2025-05-14 10:41:14"
[1] "Missouri is 25.6% complete."
[1] "Completed Missouri @ 2025-05-14 10:41:14"
[1] "Missouri is 25.7% complete."
[1] "Completed Missouri @ 2025-05-14 10:41:14"
[1] "Missouri is 25.9% complete."
[1] "Completed Missouri @ 2025-05-14 10:41:14"
[1] "Missouri is 26% complete."
[1] "Completed Missouri @ 2025-05-14 10:41:14"
[1] "Missouri is 26.1% complete."
[1] "Completed Missouri @ 2025-05-14 10:41:14"
[1] "Missouri is 26.3% complete."
[1] "Completed Missouri @ 2025-05-14 10:41:14"
[1] "Missouri is 26.4% complete."
[1] "Completed Missouri @ 2025-05-14 10:41:14"
[1] "Missouri is 26.5% complete."
[1] "Completed Missouri @ 2025-05-14 10:41:14"
[1] "Missouri is 26.7% complete."
[1] "Completed Missouri @ 2025-05-14 10:41:14"
[1] "Missouri is 26.8% complete."
[1] "Completed Missouri @ 2025-05-14 10:41:14"
[1] "Missouri is 27% complete."
[1] "Completed Missouri @ 2025-05-14 10:41:14"
[1] "Missouri is 27.1% complete."
[1] "Completed Missouri @ 2025-05-14 10:41:14"
[1] "Missouri is 27.2% complete."
[1] "Completed Missouri @ 2025-05-14 10:41:15"
[1] "Missouri is 27.4% complete."
[1] "Completed Missouri @ 2025-05-14 10:41:15"
[1] "Missouri is 27.5% complete."
[1] "Completed Missouri @ 2025-05-14 10:41:15"
[1] "Missouri is 27.6% complete."
[1] "Completed Missouri @ 2025-05-14 10:41:15"
[1] "Missouri is 27.8% complete."
[1] "Completed Missouri @ 2025-05-14 10:41:15"
[1] "Missouri is 27.9% complete."
[1] "Completed Missouri @ 2025-05-14 10:41:15"
[1] "Missouri is 28% complete."
[1] "Completed Missouri @ 2025-05-14 10:41:15"
[1] "Missouri is 28.2% complete."
[1] "Completed Missouri @ 2025-05-14 10:41:15"
[1] "Missouri is 28.3% complete."
[1] "Completed Missouri @ 2025-05-14 10:41:15"
[1] "Missouri is 28.4% complete."
[1] "Completed Missouri @ 2025-05-14 10:41:15"
[1] "Missouri is 28.6% complete."
[1] "Completed Missouri @ 2025-05-14 10:41:15"
[1] "Missouri is 28.7% complete."
[1] "Completed Missouri @ 2025-05-14 10:41:15"
[1] "Missouri is 28.8% complete."
[1] "Completed Missouri @ 2025-05-14 10:41:15"
[1] "Missouri is 29% complete."
[1] "Completed Missouri @ 2025-05-14 10:41:15"
[1] "Missouri is 29.1% complete."
[1] "Completed Missouri @ 2025-05-14 10:41:15"
[1] "Missouri is 29.2% complete."
[1] "Completed Missouri @ 2025-05-14 10:41:15"
[1] "Missouri is 29.4% complete."
[1] "Completed Missouri @ 2025-05-14 10:41:16"
[1] "Missouri is 29.5% complete."
[1] "Completed Missouri @ 2025-05-14 10:41:16"
[1] "Missouri is 29.6% complete."
[1] "Completed Missouri @ 2025-05-14 10:41:16"
[1] "Missouri is 29.8% complete."
[1] "Completed Missouri @ 2025-05-14 10:41:16"
[1] "Missouri is 29.9% complete."
[1] "Completed Missouri @ 2025-05-14 10:41:16"
[1] "Missouri is 30.1% complete."
[1] "Completed Missouri @ 2025-05-14 10:41:16"
[1] "Missouri is 30.2% complete."
[1] "Completed Missouri @ 2025-05-14 10:41:16"
[1] "Missouri is 30.3% complete."
[1] "Completed Missouri @ 2025-05-14 10:41:16"
[1] "Missouri is 30.5% complete."
[1] "Completed Missouri @ 2025-05-14 10:41:16"
[1] "Missouri is 30.6% complete."
[1] "Completed Missouri @ 2025-05-14 10:41:16"
[1] "Missouri is 30.7% complete."
[1] "Completed Missouri @ 2025-05-14 10:41:16"
[1] "Missouri is 30.9% complete."
[1] "Completed Missouri @ 2025-05-14 10:41:16"
[1] "Missouri is 31% complete."
[1] "Completed Missouri @ 2025-05-14 10:41:16"
[1] "Missouri is 31.1% complete."
[1] "Completed Missouri @ 2025-05-14 10:41:16"
[1] "Missouri is 31.3% complete."
[1] "Completed Missouri @ 2025-05-14 10:41:16"
[1] "Missouri is 31.4% complete."
[1] "Completed Missouri @ 2025-05-14 10:41:16"
[1] "Missouri is 31.5% complete."
[1] "Completed Missouri @ 2025-05-14 10:41:16"
[1] "Missouri is 31.7% complete."
[1] "Completed Missouri @ 2025-05-14 10:41:16"
[1] "Missouri is 31.8% complete."
[1] "Completed Missouri @ 2025-05-14 10:41:16"
[1] "Missouri is 31.9% complete."
[1] "Completed Missouri @ 2025-05-14 10:41:16"
[1] "Missouri is 32.1% complete."
[1] "Completed Missouri @ 2025-05-14 10:41:16"
[1] "Missouri is 32.2% complete."
[1] "Completed Missouri @ 2025-05-14 10:41:16"
[1] "Missouri is 32.3% complete."
[1] "Completed Missouri @ 2025-05-14 10:41:17"
[1] "Missouri is 32.5% complete."
[1] "Completed Missouri @ 2025-05-14 10:41:17"
[1] "Missouri is 32.6% complete."
[1] "Completed Missouri @ 2025-05-14 10:41:17"
[1] "Missouri is 32.7% complete."
[1] "Completed Missouri @ 2025-05-14 10:41:17"
[1] "Missouri is 32.9% complete."
[1] "Completed Missouri @ 2025-05-14 10:41:17"
[1] "Missouri is 33% complete."
[1] "Completed Missouri @ 2025-05-14 10:41:17"
[1] "Missouri is 33.2% complete."
[1] "Completed Missouri @ 2025-05-14 10:41:17"
[1] "Missouri is 33.3% complete."
[1] "Completed Missouri @ 2025-05-14 10:41:17"
[1] "Missouri is 33.4% complete."
[1] "Completed Missouri @ 2025-05-14 10:41:17"
[1] "Missouri is 33.6% complete."
[1] "Completed Missouri @ 2025-05-14 10:41:17"
[1] "Missouri is 33.7% complete."
[1] "Completed Missouri @ 2025-05-14 10:41:17"
[1] "Missouri is 33.8% complete."
[1] "Completed Missouri @ 2025-05-14 10:41:17"
[1] "Missouri is 34% complete."
[1] "Completed Missouri @ 2025-05-14 10:41:17"
[1] "Missouri is 34.1% complete."
[1] "Completed Missouri @ 2025-05-14 10:41:17"
[1] "Missouri is 34.2% complete."
[1] "Completed Missouri @ 2025-05-14 10:41:17"
[1] "Missouri is 34.4% complete."
[1] "Completed Missouri @ 2025-05-14 10:41:17"
[1] "Missouri is 34.5% complete."
[1] "Completed Missouri @ 2025-05-14 10:41:17"
[1] "Missouri is 34.6% complete."
[1] "Completed Missouri @ 2025-05-14 10:41:17"
[1] "Missouri is 34.8% complete."
[1] "Completed Missouri @ 2025-05-14 10:41:18"
[1] "Missouri is 34.9% complete."
[1] "Completed Missouri @ 2025-05-14 10:41:18"
[1] "Missouri is 35% complete."
[1] "Completed Missouri @ 2025-05-14 10:41:18"
[1] "Missouri is 35.2% complete."
[1] "Completed Missouri @ 2025-05-14 10:41:18"
[1] "Missouri is 35.3% complete."
[1] "Completed Missouri @ 2025-05-14 10:41:18"
[1] "Missouri is 35.4% complete."
[1] "Completed Missouri @ 2025-05-14 10:41:18"
[1] "Missouri is 35.6% complete."
[1] "Completed Missouri @ 2025-05-14 10:41:18"
[1] "Missouri is 35.7% complete."
[1] "Completed Missouri @ 2025-05-14 10:41:18"
[1] "Missouri is 35.8% complete."
[1] "Completed Missouri @ 2025-05-14 10:41:18"
[1] "Missouri is 36% complete."
[1] "Completed Missouri @ 2025-05-14 10:41:18"
[1] "Missouri is 36.1% complete."
[1] "Completed Missouri @ 2025-05-14 10:41:18"
[1] "Missouri is 36.3% complete."
[1] "Completed Missouri @ 2025-05-14 10:41:18"
[1] "Missouri is 36.4% complete."
[1] "Completed Missouri @ 2025-05-14 10:41:18"
[1] "Missouri is 36.5% complete."
[1] "Completed Missouri @ 2025-05-14 10:41:18"
[1] "Missouri is 36.7% complete."
[1] "Completed Missouri @ 2025-05-14 10:41:18"
[1] "Missouri is 36.8% complete."
[1] "Completed Missouri @ 2025-05-14 10:41:18"
[1] "Missouri is 36.9% complete."
[1] "Completed Missouri @ 2025-05-14 10:41:18"
[1] "Missouri is 37.1% complete."
[1] "Completed Missouri @ 2025-05-14 10:41:18"
[1] "Missouri is 37.2% complete."
[1] "Completed Missouri @ 2025-05-14 10:41:18"
[1] "Missouri is 37.3% complete."
[1] "Completed Missouri @ 2025-05-14 10:41:18"
[1] "Missouri is 37.5% complete."
[1] "Completed Missouri @ 2025-05-14 10:41:18"
[1] "Missouri is 37.6% complete."
[1] "Completed Missouri @ 2025-05-14 10:41:19"
[1] "Missouri is 37.7% complete."
[1] "Completed Missouri @ 2025-05-14 10:41:19"
[1] "Missouri is 37.9% complete."
[1] "Completed Missouri @ 2025-05-14 10:41:19"
[1] "Missouri is 38% complete."
[1] "Completed Missouri @ 2025-05-14 10:41:19"
[1] "Missouri is 38.1% complete."
[1] "Completed Missouri @ 2025-05-14 10:41:19"
[1] "Missouri is 38.3% complete."
[1] "Completed Missouri @ 2025-05-14 10:41:19"
[1] "Missouri is 38.4% complete."
[1] "Completed Missouri @ 2025-05-14 10:41:19"
[1] "Missouri is 38.5% complete."
[1] "Completed Missouri @ 2025-05-14 10:41:19"
[1] "Missouri is 38.7% complete."
[1] "Completed Missouri @ 2025-05-14 10:41:19"
[1] "Missouri is 38.8% complete."
[1] "Completed Missouri @ 2025-05-14 10:41:19"
[1] "Missouri is 38.9% complete."
[1] "Completed Missouri @ 2025-05-14 10:41:19"
[1] "Missouri is 39.1% complete."
[1] "Completed Missouri @ 2025-05-14 10:41:19"
[1] "Missouri is 39.2% complete."
[1] "Completed Missouri @ 2025-05-14 10:41:19"
[1] "Missouri is 39.4% complete."
[1] "Completed Missouri @ 2025-05-14 10:41:19"
[1] "Missouri is 39.5% complete."
[1] "Completed Missouri @ 2025-05-14 10:41:19"
[1] "Missouri is 39.6% complete."
[1] "Completed Missouri @ 2025-05-14 10:41:19"
[1] "Missouri is 39.8% complete."
[1] "Completed Missouri @ 2025-05-14 10:41:19"
[1] "Missouri is 39.9% complete."
[1] "Completed Missouri @ 2025-05-14 10:41:19"
[1] "Missouri is 40% complete."
[1] "Completed Missouri @ 2025-05-14 10:41:19"
[1] "Missouri is 40.2% complete."
[1] "Completed Missouri @ 2025-05-14 10:41:19"
[1] "Missouri is 40.3% complete."
[1] "Completed Missouri @ 2025-05-14 10:41:19"
[1] "Missouri is 40.4% complete."
[1] "Completed Missouri @ 2025-05-14 10:41:20"
[1] "Missouri is 40.6% complete."
[1] "Completed Missouri @ 2025-05-14 10:41:20"
[1] "Missouri is 40.7% complete."
[1] "Completed Missouri @ 2025-05-14 10:41:20"
[1] "Missouri is 40.8% complete."
[1] "Completed Missouri @ 2025-05-14 10:41:20"
[1] "Missouri is 41% complete."
[1] "Completed Missouri @ 2025-05-14 10:41:20"
[1] "Missouri is 41.1% complete."
[1] "Completed Missouri @ 2025-05-14 10:41:20"
[1] "Missouri is 41.2% complete."
[1] "Completed Missouri @ 2025-05-14 10:41:20"
[1] "Missouri is 41.4% complete."
[1] "Completed Missouri @ 2025-05-14 10:41:20"
[1] "Missouri is 41.5% complete."
[1] "Completed Missouri @ 2025-05-14 10:41:20"
[1] "Missouri is 41.6% complete."
[1] "Completed Missouri @ 2025-05-14 10:41:20"
[1] "Missouri is 41.8% complete."
[1] "Completed Missouri @ 2025-05-14 10:41:20"
[1] "Missouri is 41.9% complete."
[1] "Completed Missouri @ 2025-05-14 10:41:20"
[1] "Missouri is 42% complete."
[1] "Completed Missouri @ 2025-05-14 10:41:20"
[1] "Missouri is 42.2% complete."
[1] "Completed Missouri @ 2025-05-14 10:41:20"
[1] "Missouri is 42.3% complete."
[1] "Completed Missouri @ 2025-05-14 10:41:20"
[1] "Missouri is 42.5% complete."
[1] "Completed Missouri @ 2025-05-14 10:41:20"
[1] "Missouri is 42.6% complete."
[1] "Completed Missouri @ 2025-05-14 10:41:20"
[1] "Missouri is 42.7% complete."
[1] "Completed Missouri @ 2025-05-14 10:41:21"
[1] "Missouri is 42.9% complete."
[1] "Completed Missouri @ 2025-05-14 10:41:21"
[1] "Missouri is 43% complete."
[1] "Completed Missouri @ 2025-05-14 10:41:21"
[1] "Missouri is 43.1% complete."
[1] "Completed Missouri @ 2025-05-14 10:41:21"
[1] "Missouri is 43.3% complete."
[1] "Completed Missouri @ 2025-05-14 10:41:21"
[1] "Missouri is 43.4% complete."
[1] "Completed Missouri @ 2025-05-14 10:41:21"
[1] "Missouri is 43.5% complete."
[1] "Completed Missouri @ 2025-05-14 10:41:21"
[1] "Missouri is 43.7% complete."
[1] "Completed Missouri @ 2025-05-14 10:41:21"
[1] "Missouri is 43.8% complete."
[1] "Completed Missouri @ 2025-05-14 10:41:21"
[1] "Missouri is 43.9% complete."
[1] "Completed Missouri @ 2025-05-14 10:41:21"
[1] "Missouri is 44.1% complete."
[1] "Completed Missouri @ 2025-05-14 10:41:21"
[1] "Missouri is 44.2% complete."
[1] "Completed Missouri @ 2025-05-14 10:41:21"
[1] "Missouri is 44.3% complete."
[1] "Completed Missouri @ 2025-05-14 10:41:21"
[1] "Missouri is 44.5% complete."
[1] "Completed Missouri @ 2025-05-14 10:41:21"
[1] "Missouri is 44.6% complete."
[1] "Completed Missouri @ 2025-05-14 10:41:21"
[1] "Missouri is 44.7% complete."
[1] "Completed Missouri @ 2025-05-14 10:41:21"
[1] "Missouri is 44.9% complete."
[1] "Completed Missouri @ 2025-05-14 10:41:21"
[1] "Missouri is 45% complete."
[1] "Completed Missouri @ 2025-05-14 10:41:21"
[1] "Missouri is 45.1% complete."
[1] "Completed Missouri @ 2025-05-14 10:41:21"
[1] "Missouri is 45.3% complete."
[1] "Completed Missouri @ 2025-05-14 10:41:21"
[1] "Missouri is 45.4% complete."
[1] "Completed Missouri @ 2025-05-14 10:41:21"
[1] "Missouri is 45.6% complete."
[1] "Completed Missouri @ 2025-05-14 10:41:22"
[1] "Missouri is 45.7% complete."
[1] "Completed Missouri @ 2025-05-14 10:41:22"
[1] "Missouri is 45.8% complete."
[1] "Completed Missouri @ 2025-05-14 10:41:22"
[1] "Missouri is 46% complete."
[1] "Completed Missouri @ 2025-05-14 10:41:22"
[1] "Missouri is 46.1% complete."
[1] "Completed Missouri @ 2025-05-14 10:41:22"
[1] "Missouri is 46.2% complete."
[1] "Completed Missouri @ 2025-05-14 10:41:22"
[1] "Missouri is 46.4% complete."
[1] "Completed Missouri @ 2025-05-14 10:41:22"
[1] "Missouri is 46.5% complete."
[1] "Completed Missouri @ 2025-05-14 10:41:22"
[1] "Missouri is 46.6% complete."
[1] "Completed Missouri @ 2025-05-14 10:41:22"
[1] "Missouri is 46.8% complete."
[1] "Completed Missouri @ 2025-05-14 10:41:22"
[1] "Missouri is 46.9% complete."
[1] "Completed Missouri @ 2025-05-14 10:41:22"
[1] "Missouri is 47% complete."
[1] "Completed Missouri @ 2025-05-14 10:41:22"
[1] "Missouri is 47.2% complete."
[1] "Completed Missouri @ 2025-05-14 10:41:22"
[1] "Missouri is 47.3% complete."
[1] "Completed Missouri @ 2025-05-14 10:41:22"
[1] "Missouri is 47.4% complete."
[1] "Completed Missouri @ 2025-05-14 10:41:22"
[1] "Missouri is 47.6% complete."
[1] "Completed Missouri @ 2025-05-14 10:41:22"
[1] "Missouri is 47.7% complete."
[1] "Completed Missouri @ 2025-05-14 10:41:22"
[1] "Missouri is 47.8% complete."
[1] "Completed Missouri @ 2025-05-14 10:41:22"
[1] "Missouri is 48% complete."
[1] "Completed Missouri @ 2025-05-14 10:41:22"
[1] "Missouri is 48.1% complete."
[1] "Completed Missouri @ 2025-05-14 10:41:22"
[1] "Missouri is 48.2% complete."
[1] "Completed Missouri @ 2025-05-14 10:41:23"
[1] "Missouri is 48.4% complete."
[1] "Completed Missouri @ 2025-05-14 10:41:23"
[1] "Missouri is 48.5% complete."
[1] "Completed Missouri @ 2025-05-14 10:41:23"
[1] "Missouri is 48.7% complete."
[1] "Completed Missouri @ 2025-05-14 10:41:23"
[1] "Missouri is 48.8% complete."
[1] "Completed Missouri @ 2025-05-14 10:41:23"
[1] "Missouri is 48.9% complete."
[1] "Completed Missouri @ 2025-05-14 10:41:23"
[1] "Missouri is 49.1% complete."
[1] "Completed Missouri @ 2025-05-14 10:41:23"
[1] "Missouri is 49.2% complete."
[1] "Completed Missouri @ 2025-05-14 10:41:23"
[1] "Missouri is 49.3% complete."
[1] "Completed Missouri @ 2025-05-14 10:41:23"
[1] "Missouri is 49.5% complete."
[1] "Completed Missouri @ 2025-05-14 10:41:23"
[1] "Missouri is 49.6% complete."
[1] "Completed Missouri @ 2025-05-14 10:41:23"
[1] "Missouri is 49.7% complete."
[1] "Completed Missouri @ 2025-05-14 10:41:23"
[1] "Missouri is 49.9% complete."
[1] "Completed Missouri @ 2025-05-14 10:41:23"
[1] "Missouri is 50% complete."
[1] "Completed Missouri @ 2025-05-14 10:41:23"
[1] "Missouri is 50.1% complete."
[1] "Completed Missouri @ 2025-05-14 10:41:23"
[1] "Missouri is 50.3% complete."
[1] "Completed Missouri @ 2025-05-14 10:41:23"
[1] "Missouri is 50.4% complete."
[1] "Completed Missouri @ 2025-05-14 10:41:23"
[1] "Missouri is 50.5% complete."
[1] "Completed Missouri @ 2025-05-14 10:41:23"
[1] "Missouri is 50.7% complete."
[1] "Completed Missouri @ 2025-05-14 10:41:23"
[1] "Missouri is 50.8% complete."
[1] "Completed Missouri @ 2025-05-14 10:41:23"
[1] "Missouri is 50.9% complete."
[1] "Completed Missouri @ 2025-05-14 10:41:24"
[1] "Missouri is 51.1% complete."
[1] "Completed Missouri @ 2025-05-14 10:41:24"
[1] "Missouri is 51.2% complete."
[1] "Completed Missouri @ 2025-05-14 10:41:24"
[1] "Missouri is 51.3% complete."
[1] "Completed Missouri @ 2025-05-14 10:41:24"
[1] "Missouri is 51.5% complete."
[1] "Completed Missouri @ 2025-05-14 10:41:24"
[1] "Missouri is 51.6% complete."
[1] "Completed Missouri @ 2025-05-14 10:41:24"
[1] "Missouri is 51.8% complete."
[1] "Completed Missouri @ 2025-05-14 10:41:24"
[1] "Missouri is 51.9% complete."
[1] "Completed Missouri @ 2025-05-14 10:41:24"
[1] "Missouri is 52% complete."
[1] "Completed Missouri @ 2025-05-14 10:41:24"
[1] "Missouri is 52.2% complete."
[1] "Completed Missouri @ 2025-05-14 10:41:24"
[1] "Missouri is 52.3% complete."
[1] "Completed Missouri @ 2025-05-14 10:41:24"
[1] "Missouri is 52.4% complete."
[1] "Completed Missouri @ 2025-05-14 10:41:24"
[1] "Missouri is 52.6% complete."
[1] "Completed Missouri @ 2025-05-14 10:41:24"
[1] "Missouri is 52.7% complete."
[1] "Completed Missouri @ 2025-05-14 10:41:24"
[1] "Missouri is 52.8% complete."
[1] "Completed Missouri @ 2025-05-14 10:41:24"
[1] "Missouri is 53% complete."
[1] "Completed Missouri @ 2025-05-14 10:41:24"
[1] "Missouri is 53.1% complete."
[1] "Completed Missouri @ 2025-05-14 10:41:24"
[1] "Missouri is 53.2% complete."
[1] "Completed Missouri @ 2025-05-14 10:41:25"
[1] "Missouri is 53.4% complete."
[1] "Completed Missouri @ 2025-05-14 10:41:25"
[1] "Missouri is 53.5% complete."
[1] "Completed Missouri @ 2025-05-14 10:41:25"
[1] "Missouri is 53.6% complete."
[1] "Completed Missouri @ 2025-05-14 10:41:25"
[1] "Missouri is 53.8% complete."
[1] "Completed Missouri @ 2025-05-14 10:41:25"
[1] "Missouri is 53.9% complete."
[1] "Completed Missouri @ 2025-05-14 10:41:25"
[1] "Missouri is 54% complete."
[1] "Completed Missouri @ 2025-05-14 10:41:25"
[1] "Missouri is 54.2% complete."
[1] "Completed Missouri @ 2025-05-14 10:41:25"
[1] "Missouri is 54.3% complete."
[1] "Completed Missouri @ 2025-05-14 10:41:25"
[1] "Missouri is 54.4% complete."
[1] "Completed Missouri @ 2025-05-14 10:41:25"
[1] "Missouri is 54.6% complete."
[1] "Completed Missouri @ 2025-05-14 10:41:25"
[1] "Missouri is 54.7% complete."
[1] "Completed Missouri @ 2025-05-14 10:41:25"
[1] "Missouri is 54.9% complete."
[1] "Completed Missouri @ 2025-05-14 10:41:25"
[1] "Missouri is 55% complete."
[1] "Completed Missouri @ 2025-05-14 10:41:25"
[1] "Missouri is 55.1% complete."
[1] "Completed Missouri @ 2025-05-14 10:41:25"
[1] "Missouri is 55.3% complete."
[1] "Completed Missouri @ 2025-05-14 10:41:26"
[1] "Missouri is 55.4% complete."
[1] "Completed Missouri @ 2025-05-14 10:41:26"
[1] "Missouri is 55.5% complete."
[1] "Completed Missouri @ 2025-05-14 10:41:26"
[1] "Missouri is 55.7% complete."
[1] "Completed Missouri @ 2025-05-14 10:41:26"
[1] "Missouri is 55.8% complete."
[1] "Completed Missouri @ 2025-05-14 10:41:26"
[1] "Missouri is 55.9% complete."
[1] "Completed Missouri @ 2025-05-14 10:41:26"
[1] "Missouri is 56.1% complete."
[1] "Completed Missouri @ 2025-05-14 10:41:26"
[1] "Missouri is 56.2% complete."
[1] "Completed Missouri @ 2025-05-14 10:41:26"
[1] "Missouri is 56.3% complete."
[1] "Completed Missouri @ 2025-05-14 10:41:26"
[1] "Missouri is 56.5% complete."
[1] "Completed Missouri @ 2025-05-14 10:41:26"
[1] "Missouri is 56.6% complete."
[1] "Completed Missouri @ 2025-05-14 10:41:26"
[1] "Missouri is 56.7% complete."
[1] "Completed Missouri @ 2025-05-14 10:41:26"
[1] "Missouri is 56.9% complete."
[1] "Completed Missouri @ 2025-05-14 10:41:26"
[1] "Missouri is 57% complete."
[1] "Completed Missouri @ 2025-05-14 10:41:26"
[1] "Missouri is 57.1% complete."
[1] "Completed Missouri @ 2025-05-14 10:41:26"
[1] "Missouri is 57.3% complete."
[1] "Completed Missouri @ 2025-05-14 10:41:26"
[1] "Missouri is 57.4% complete."
[1] "Completed Missouri @ 2025-05-14 10:41:26"
[1] "Missouri is 57.5% complete."
[1] "Completed Missouri @ 2025-05-14 10:41:26"
[1] "Missouri is 57.7% complete."
[1] "Completed Missouri @ 2025-05-14 10:41:26"
[1] "Missouri is 57.8% complete."
[1] "Completed Missouri @ 2025-05-14 10:41:27"
[1] "Missouri is 58% complete."
[1] "Completed Missouri @ 2025-05-14 10:41:27"
[1] "Missouri is 58.1% complete."
[1] "Completed Missouri @ 2025-05-14 10:41:27"
[1] "Missouri is 58.2% complete."
[1] "Completed Missouri @ 2025-05-14 10:41:27"
[1] "Missouri is 58.4% complete."
[1] "Completed Missouri @ 2025-05-14 10:41:27"
[1] "Missouri is 58.5% complete."
[1] "Completed Missouri @ 2025-05-14 10:41:27"
[1] "Missouri is 58.6% complete."
[1] "Completed Missouri @ 2025-05-14 10:41:27"
[1] "Missouri is 58.8% complete."
[1] "Completed Missouri @ 2025-05-14 10:41:27"
[1] "Missouri is 58.9% complete."
[1] "Completed Missouri @ 2025-05-14 10:41:27"
[1] "Missouri is 59% complete."
[1] "Completed Missouri @ 2025-05-14 10:41:27"
[1] "Missouri is 59.2% complete."
[1] "Completed Missouri @ 2025-05-14 10:41:27"
[1] "Missouri is 59.3% complete."
[1] "Completed Missouri @ 2025-05-14 10:41:27"
[1] "Missouri is 59.4% complete."
[1] "Completed Missouri @ 2025-05-14 10:41:27"
[1] "Missouri is 59.6% complete."
[1] "Completed Missouri @ 2025-05-14 10:41:27"
[1] "Missouri is 59.7% complete."
[1] "Completed Missouri @ 2025-05-14 10:41:27"
[1] "Missouri is 59.8% complete."
[1] "Completed Missouri @ 2025-05-14 10:41:27"
[1] "Missouri is 60% complete."
[1] "Completed Missouri @ 2025-05-14 10:41:27"
[1] "Missouri is 60.1% complete."
[1] "Completed Missouri @ 2025-05-14 10:41:28"
[1] "Missouri is 60.2% complete."
[1] "Completed Missouri @ 2025-05-14 10:41:28"
[1] "Missouri is 60.4% complete."
[1] "Completed Missouri @ 2025-05-14 10:41:28"
[1] "Missouri is 60.5% complete."
[1] "Completed Missouri @ 2025-05-14 10:41:28"
[1] "Missouri is 60.6% complete."
[1] "Completed Missouri @ 2025-05-14 10:41:28"
[1] "Missouri is 60.8% complete."
[1] "Completed Missouri @ 2025-05-14 10:41:28"
[1] "Missouri is 60.9% complete."
[1] "Completed Missouri @ 2025-05-14 10:41:28"
[1] "Missouri is 61.1% complete."
[1] "Completed Missouri @ 2025-05-14 10:41:28"
[1] "Missouri is 61.2% complete."
[1] "Completed Missouri @ 2025-05-14 10:41:28"
[1] "Missouri is 61.3% complete."
[1] "Completed Missouri @ 2025-05-14 10:41:28"
[1] "Missouri is 61.5% complete."
[1] "Completed Missouri @ 2025-05-14 10:41:28"
[1] "Missouri is 61.6% complete."
[1] "Completed Missouri @ 2025-05-14 10:41:28"
[1] "Missouri is 61.7% complete."
[1] "Completed Missouri @ 2025-05-14 10:41:28"
[1] "Missouri is 61.9% complete."
[1] "Completed Missouri @ 2025-05-14 10:41:28"
[1] "Missouri is 62% complete."
[1] "Completed Missouri @ 2025-05-14 10:41:28"
[1] "Missouri is 62.1% complete."
[1] "Completed Missouri @ 2025-05-14 10:41:28"
[1] "Missouri is 62.3% complete."
[1] "Completed Missouri @ 2025-05-14 10:41:29"
[1] "Missouri is 62.4% complete."
[1] "Completed Missouri @ 2025-05-14 10:41:29"
[1] "Missouri is 62.5% complete."
[1] "Completed Missouri @ 2025-05-14 10:41:29"
[1] "Missouri is 62.7% complete."
[1] "Completed Missouri @ 2025-05-14 10:41:29"
[1] "Missouri is 62.8% complete."
[1] "Completed Missouri @ 2025-05-14 10:41:29"
[1] "Missouri is 62.9% complete."
[1] "Completed Missouri @ 2025-05-14 10:41:29"
[1] "Missouri is 63.1% complete."
[1] "Completed Missouri @ 2025-05-14 10:41:29"
[1] "Missouri is 63.2% complete."
[1] "Completed Missouri @ 2025-05-14 10:41:29"
[1] "Missouri is 63.3% complete."
[1] "Completed Missouri @ 2025-05-14 10:41:29"
[1] "Missouri is 63.5% complete."
[1] "Completed Missouri @ 2025-05-14 10:41:29"
[1] "Missouri is 63.6% complete."
[1] "Completed Missouri @ 2025-05-14 10:41:29"
[1] "Missouri is 63.7% complete."
[1] "Completed Missouri @ 2025-05-14 10:41:29"
[1] "Missouri is 63.9% complete."
[1] "Completed Missouri @ 2025-05-14 10:41:29"
[1] "Missouri is 64% complete."
[1] "Completed Missouri @ 2025-05-14 10:41:29"
[1] "Missouri is 64.2% complete."
[1] "Completed Missouri @ 2025-05-14 10:41:29"
[1] "Missouri is 64.3% complete."
[1] "Completed Missouri @ 2025-05-14 10:41:29"
[1] "Missouri is 64.4% complete."
[1] "Completed Missouri @ 2025-05-14 10:41:29"
[1] "Missouri is 64.6% complete."
[1] "Completed Missouri @ 2025-05-14 10:41:29"
[1] "Missouri is 64.7% complete."
[1] "Completed Missouri @ 2025-05-14 10:41:29"
[1] "Missouri is 64.8% complete."
[1] "Completed Missouri @ 2025-05-14 10:41:30"
[1] "Missouri is 65% complete."
[1] "Completed Missouri @ 2025-05-14 10:41:30"
[1] "Missouri is 65.1% complete."
[1] "Completed Missouri @ 2025-05-14 10:41:30"
[1] "Missouri is 65.2% complete."
[1] "Completed Missouri @ 2025-05-14 10:41:30"
[1] "Missouri is 65.4% complete."
[1] "Completed Missouri @ 2025-05-14 10:41:30"
[1] "Missouri is 65.5% complete."
[1] "Completed Missouri @ 2025-05-14 10:41:30"
[1] "Missouri is 65.6% complete."
[1] "Completed Missouri @ 2025-05-14 10:41:30"
[1] "Missouri is 65.8% complete."
[1] "Completed Missouri @ 2025-05-14 10:41:30"
[1] "Missouri is 65.9% complete."
[1] "Completed Missouri @ 2025-05-14 10:41:30"
[1] "Missouri is 66% complete."
[1] "Completed Missouri @ 2025-05-14 10:41:30"
[1] "Missouri is 66.2% complete."
[1] "Completed Missouri @ 2025-05-14 10:41:30"
[1] "Missouri is 66.3% complete."
[1] "Completed Missouri @ 2025-05-14 10:41:30"
[1] "Missouri is 66.4% complete."
[1] "Completed Missouri @ 2025-05-14 10:41:30"
[1] "Missouri is 66.6% complete."
[1] "Completed Missouri @ 2025-05-14 10:41:31"
[1] "Missouri is 66.7% complete."
[1] "Completed Missouri @ 2025-05-14 10:41:31"
[1] "Missouri is 66.8% complete."
[1] "Completed Missouri @ 2025-05-14 10:41:31"
[1] "Missouri is 67% complete."
[1] "Completed Missouri @ 2025-05-14 10:41:31"
[1] "Missouri is 67.1% complete."
[1] "Completed Missouri @ 2025-05-14 10:41:31"
[1] "Missouri is 67.3% complete."
[1] "Completed Missouri @ 2025-05-14 10:41:31"
[1] "Missouri is 67.4% complete."
[1] "Completed Missouri @ 2025-05-14 10:41:31"
[1] "Missouri is 67.5% complete."
[1] "Completed Missouri @ 2025-05-14 10:41:31"
[1] "Missouri is 67.7% complete."
[1] "Completed Missouri @ 2025-05-14 10:41:31"
[1] "Missouri is 67.8% complete."
[1] "Completed Missouri @ 2025-05-14 10:41:31"
[1] "Missouri is 67.9% complete."
[1] "Completed Missouri @ 2025-05-14 10:41:31"
[1] "Missouri is 68.1% complete."
[1] "Completed Missouri @ 2025-05-14 10:41:31"
[1] "Missouri is 68.2% complete."
[1] "Completed Missouri @ 2025-05-14 10:41:31"
[1] "Missouri is 68.3% complete."
[1] "Completed Missouri @ 2025-05-14 10:41:31"
[1] "Missouri is 68.5% complete."
[1] "Completed Missouri @ 2025-05-14 10:41:31"
[1] "Missouri is 68.6% complete."
[1] "Completed Missouri @ 2025-05-14 10:41:31"
[1] "Missouri is 68.7% complete."
[1] "Completed Missouri @ 2025-05-14 10:41:31"
[1] "Missouri is 68.9% complete."
[1] "Completed Missouri @ 2025-05-14 10:41:32"
[1] "Missouri is 69% complete."
[1] "Completed Missouri @ 2025-05-14 10:41:32"
[1] "Missouri is 69.1% complete."
[1] "Completed Missouri @ 2025-05-14 10:41:32"
[1] "Missouri is 69.3% complete."
[1] "Completed Missouri @ 2025-05-14 10:41:32"
[1] "Missouri is 69.4% complete."
[1] "Completed Missouri @ 2025-05-14 10:41:32"
[1] "Missouri is 69.5% complete."
[1] "Completed Missouri @ 2025-05-14 10:41:32"
[1] "Missouri is 69.7% complete."
[1] "Completed Missouri @ 2025-05-14 10:41:32"
[1] "Missouri is 69.8% complete."
[1] "Completed Missouri @ 2025-05-14 10:41:32"
[1] "Missouri is 69.9% complete."
[1] "Completed Missouri @ 2025-05-14 10:41:32"
[1] "Missouri is 70.1% complete."
[1] "Completed Missouri @ 2025-05-14 10:41:32"
[1] "Missouri is 70.2% complete."
[1] "Completed Missouri @ 2025-05-14 10:41:32"
[1] "Missouri is 70.4% complete."
[1] "Completed Missouri @ 2025-05-14 10:41:32"
[1] "Missouri is 70.5% complete."
[1] "Completed Missouri @ 2025-05-14 10:41:32"
[1] "Missouri is 70.6% complete."
[1] "Completed Missouri @ 2025-05-14 10:41:32"
[1] "Missouri is 70.8% complete."
[1] "Completed Missouri @ 2025-05-14 10:41:32"
[1] "Missouri is 70.9% complete."
[1] "Completed Missouri @ 2025-05-14 10:41:32"
[1] "Missouri is 71% complete."
[1] "Completed Missouri @ 2025-05-14 10:41:33"
[1] "Missouri is 71.2% complete."
[1] "Completed Missouri @ 2025-05-14 10:41:33"
[1] "Missouri is 71.3% complete."
[1] "Completed Missouri @ 2025-05-14 10:41:33"
[1] "Missouri is 71.4% complete."
[1] "Completed Missouri @ 2025-05-14 10:41:33"
[1] "Missouri is 71.6% complete."
[1] "Completed Missouri @ 2025-05-14 10:41:33"
[1] "Missouri is 71.7% complete."
[1] "Completed Missouri @ 2025-05-14 10:41:33"
[1] "Missouri is 71.8% complete."
[1] "Completed Missouri @ 2025-05-14 10:41:33"
[1] "Missouri is 72% complete."
[1] "Completed Missouri @ 2025-05-14 10:41:33"
[1] "Missouri is 72.1% complete."
[1] "Completed Missouri @ 2025-05-14 10:41:33"
[1] "Missouri is 72.2% complete."
[1] "Completed Missouri @ 2025-05-14 10:41:33"
[1] "Missouri is 72.4% complete."
[1] "Completed Missouri @ 2025-05-14 10:41:33"
[1] "Missouri is 72.5% complete."
[1] "Completed Missouri @ 2025-05-14 10:41:33"
[1] "Missouri is 72.6% complete."
[1] "Completed Missouri @ 2025-05-14 10:41:33"
[1] "Missouri is 72.8% complete."
[1] "Completed Missouri @ 2025-05-14 10:41:33"
[1] "Missouri is 72.9% complete."
[1] "Completed Missouri @ 2025-05-14 10:41:33"
[1] "Missouri is 73% complete."
[1] "Completed Missouri @ 2025-05-14 10:41:33"
[1] "Missouri is 73.2% complete."
[1] "Completed Missouri @ 2025-05-14 10:41:33"
[1] "Missouri is 73.3% complete."
[1] "Completed Missouri @ 2025-05-14 10:41:34"
[1] "Missouri is 73.5% complete."
[1] "Completed Missouri @ 2025-05-14 10:41:34"
[1] "Missouri is 73.6% complete."
[1] "Completed Missouri @ 2025-05-14 10:41:34"
[1] "Missouri is 73.7% complete."
[1] "Completed Missouri @ 2025-05-14 10:41:34"
[1] "Missouri is 73.9% complete."
[1] "Completed Missouri @ 2025-05-14 10:41:34"
[1] "Missouri is 74% complete."
[1] "Completed Missouri @ 2025-05-14 10:41:34"
[1] "Missouri is 74.1% complete."
[1] "Completed Missouri @ 2025-05-14 10:41:34"
[1] "Missouri is 74.3% complete."
[1] "Completed Missouri @ 2025-05-14 10:41:34"
[1] "Missouri is 74.4% complete."
[1] "Completed Missouri @ 2025-05-14 10:41:34"
[1] "Missouri is 74.5% complete."
[1] "Completed Missouri @ 2025-05-14 10:41:34"
[1] "Missouri is 74.7% complete."
[1] "Completed Missouri @ 2025-05-14 10:41:34"
[1] "Missouri is 74.8% complete."
[1] "Completed Missouri @ 2025-05-14 10:41:34"
[1] "Missouri is 74.9% complete."
[1] "Completed Missouri @ 2025-05-14 10:41:34"
[1] "Missouri is 75.1% complete."
[1] "Completed Missouri @ 2025-05-14 10:41:34"
[1] "Missouri is 75.2% complete."
[1] "Completed Missouri @ 2025-05-14 10:41:34"
[1] "Missouri is 75.3% complete."
[1] "Completed Missouri @ 2025-05-14 10:41:34"
[1] "Missouri is 75.5% complete."
[1] "Completed Missouri @ 2025-05-14 10:41:34"
[1] "Missouri is 75.6% complete."
[1] "Completed Missouri @ 2025-05-14 10:41:34"
[1] "Missouri is 75.7% complete."
[1] "Completed Missouri @ 2025-05-14 10:41:35"
[1] "Missouri is 75.9% complete."
[1] "Completed Missouri @ 2025-05-14 10:41:35"
[1] "Missouri is 76% complete."
[1] "Completed Missouri @ 2025-05-14 10:41:35"
[1] "Missouri is 76.1% complete."
[1] "Completed Missouri @ 2025-05-14 10:41:35"
[1] "Missouri is 76.3% complete."
[1] "Completed Missouri @ 2025-05-14 10:41:35"
[1] "Missouri is 76.4% complete."
[1] "Completed Missouri @ 2025-05-14 10:41:35"
[1] "Missouri is 76.5% complete."
[1] "Completed Missouri @ 2025-05-14 10:41:35"
[1] "Missouri is 76.7% complete."
[1] "Completed Missouri @ 2025-05-14 10:41:35"
[1] "Missouri is 76.8% complete."
[1] "Completed Missouri @ 2025-05-14 10:41:35"
[1] "Missouri is 77% complete."
[1] "Completed Missouri @ 2025-05-14 10:41:35"
[1] "Missouri is 77.1% complete."
[1] "Completed Missouri @ 2025-05-14 10:41:35"
[1] "Missouri is 77.2% complete."
[1] "Completed Missouri @ 2025-05-14 10:41:35"
[1] "Missouri is 77.4% complete."
[1] "Completed Missouri @ 2025-05-14 10:41:35"
[1] "Missouri is 77.5% complete."
[1] "Completed Missouri @ 2025-05-14 10:41:35"
[1] "Missouri is 77.6% complete."
[1] "Completed Missouri @ 2025-05-14 10:41:35"
[1] "Missouri is 77.8% complete."
[1] "Completed Missouri @ 2025-05-14 10:41:35"
[1] "Missouri is 77.9% complete."
[1] "Completed Missouri @ 2025-05-14 10:41:35"
[1] "Missouri is 78% complete."
[1] "Completed Missouri @ 2025-05-14 10:41:36"
[1] "Missouri is 78.2% complete."
[1] "Completed Missouri @ 2025-05-14 10:41:36"
[1] "Missouri is 78.3% complete."
[1] "Completed Missouri @ 2025-05-14 10:41:36"
[1] "Missouri is 78.4% complete."
[1] "Completed Missouri @ 2025-05-14 10:41:36"
[1] "Missouri is 78.6% complete."
[1] "Completed Missouri @ 2025-05-14 10:41:36"
[1] "Missouri is 78.7% complete."
[1] "Completed Missouri @ 2025-05-14 10:41:36"
[1] "Missouri is 78.8% complete."
[1] "Completed Missouri @ 2025-05-14 10:41:36"
[1] "Missouri is 79% complete."
[1] "Completed Missouri @ 2025-05-14 10:41:36"
[1] "Missouri is 79.1% complete."
[1] "Completed Missouri @ 2025-05-14 10:41:36"
[1] "Missouri is 79.2% complete."
[1] "Completed Missouri @ 2025-05-14 10:41:36"
[1] "Missouri is 79.4% complete."
[1] "Completed Missouri @ 2025-05-14 10:41:36"
[1] "Missouri is 79.5% complete."
[1] "Completed Missouri @ 2025-05-14 10:41:36"
[1] "Missouri is 79.6% complete."
[1] "Completed Missouri @ 2025-05-14 10:41:36"
[1] "Missouri is 79.8% complete."
[1] "Completed Missouri @ 2025-05-14 10:41:36"
[1] "Missouri is 79.9% complete."
[1] "Completed Missouri @ 2025-05-14 10:41:36"
[1] "Missouri is 80.1% complete."
[1] "Completed Missouri @ 2025-05-14 10:41:36"
[1] "Missouri is 80.2% complete."
[1] "Completed Missouri @ 2025-05-14 10:41:36"
[1] "Missouri is 80.3% complete."
[1] "Completed Missouri @ 2025-05-14 10:41:36"
[1] "Missouri is 80.5% complete."
[1] "Completed Missouri @ 2025-05-14 10:41:37"
[1] "Missouri is 80.6% complete."
[1] "Completed Missouri @ 2025-05-14 10:41:37"
[1] "Missouri is 80.7% complete."
[1] "Completed Missouri @ 2025-05-14 10:41:37"
[1] "Missouri is 80.9% complete."
[1] "Completed Missouri @ 2025-05-14 10:41:37"
[1] "Missouri is 81% complete."
[1] "Completed Missouri @ 2025-05-14 10:41:37"
[1] "Missouri is 81.1% complete."
[1] "Completed Missouri @ 2025-05-14 10:41:37"
[1] "Missouri is 81.3% complete."
[1] "Completed Missouri @ 2025-05-14 10:41:37"
[1] "Missouri is 81.4% complete."
[1] "Completed Missouri @ 2025-05-14 10:41:37"
[1] "Missouri is 81.5% complete."
[1] "Completed Missouri @ 2025-05-14 10:41:37"
[1] "Missouri is 81.7% complete."
[1] "Completed Missouri @ 2025-05-14 10:41:37"
[1] "Missouri is 81.8% complete."
[1] "Completed Missouri @ 2025-05-14 10:41:37"
[1] "Missouri is 81.9% complete."
[1] "Completed Missouri @ 2025-05-14 10:41:37"
[1] "Missouri is 82.1% complete."
[1] "Completed Missouri @ 2025-05-14 10:41:37"
[1] "Missouri is 82.2% complete."
[1] "Completed Missouri @ 2025-05-14 10:41:37"
[1] "Missouri is 82.3% complete."
[1] "Completed Missouri @ 2025-05-14 10:41:37"
[1] "Missouri is 82.5% complete."
[1] "Completed Missouri @ 2025-05-14 10:41:37"
[1] "Missouri is 82.6% complete."
[1] "Completed Missouri @ 2025-05-14 10:41:37"
[1] "Missouri is 82.7% complete."
[1] "Completed Missouri @ 2025-05-14 10:41:38"
[1] "Missouri is 82.9% complete."
[1] "Completed Missouri @ 2025-05-14 10:41:38"
[1] "Missouri is 83% complete."
[1] "Completed Missouri @ 2025-05-14 10:41:38"
[1] "Missouri is 83.2% complete."
[1] "Completed Missouri @ 2025-05-14 10:41:38"
[1] "Missouri is 83.3% complete."
[1] "Completed Missouri @ 2025-05-14 10:41:38"
[1] "Missouri is 83.4% complete."
[1] "Completed Missouri @ 2025-05-14 10:41:38"
[1] "Missouri is 83.6% complete."
[1] "Completed Missouri @ 2025-05-14 10:41:38"
[1] "Missouri is 83.7% complete."
[1] "Completed Missouri @ 2025-05-14 10:41:38"
[1] "Missouri is 83.8% complete."
[1] "Completed Missouri @ 2025-05-14 10:41:38"
[1] "Missouri is 84% complete."
[1] "Completed Missouri @ 2025-05-14 10:41:38"
[1] "Missouri is 84.1% complete."
[1] "Completed Missouri @ 2025-05-14 10:41:38"
[1] "Missouri is 84.2% complete."
[1] "Completed Missouri @ 2025-05-14 10:41:38"
[1] "Missouri is 84.4% complete."
[1] "Completed Missouri @ 2025-05-14 10:41:38"
[1] "Missouri is 84.5% complete."
[1] "Completed Missouri @ 2025-05-14 10:41:39"
[1] "Missouri is 84.6% complete."
[1] "Completed Missouri @ 2025-05-14 10:41:39"
[1] "Missouri is 84.8% complete."
[1] "Completed Missouri @ 2025-05-14 10:41:39"
[1] "Missouri is 84.9% complete."
[1] "Completed Missouri @ 2025-05-14 10:41:39"
[1] "Missouri is 85% complete."
[1] "Completed Missouri @ 2025-05-14 10:41:39"
[1] "Missouri is 85.2% complete."
[1] "Completed Missouri @ 2025-05-14 10:41:39"
[1] "Missouri is 85.3% complete."
[1] "Completed Missouri @ 2025-05-14 10:41:39"
[1] "Missouri is 85.4% complete."
[1] "Completed Missouri @ 2025-05-14 10:41:39"
[1] "Missouri is 85.6% complete."
[1] "Completed Missouri @ 2025-05-14 10:41:39"
[1] "Missouri is 85.7% complete."
[1] "Completed Missouri @ 2025-05-14 10:41:39"
[1] "Missouri is 85.8% complete."
[1] "Completed Missouri @ 2025-05-14 10:41:39"
[1] "Missouri is 86% complete."
[1] "Completed Missouri @ 2025-05-14 10:41:39"
[1] "Missouri is 86.1% complete."
[1] "Completed Missouri @ 2025-05-14 10:41:39"
[1] "Missouri is 86.3% complete."
[1] "Completed Missouri @ 2025-05-14 10:41:39"
[1] "Missouri is 86.4% complete."
[1] "Completed Missouri @ 2025-05-14 10:41:40"
[1] "Missouri is 86.5% complete."
[1] "Completed Missouri @ 2025-05-14 10:41:40"
[1] "Missouri is 86.7% complete."
[1] "Completed Missouri @ 2025-05-14 10:41:40"
[1] "Missouri is 86.8% complete."
[1] "Completed Missouri @ 2025-05-14 10:41:40"
[1] "Missouri is 86.9% complete."
[1] "Completed Missouri @ 2025-05-14 10:41:40"
[1] "Missouri is 87.1% complete."
[1] "Completed Missouri @ 2025-05-14 10:41:40"
[1] "Missouri is 87.2% complete."
[1] "Completed Missouri @ 2025-05-14 10:41:40"
[1] "Missouri is 87.3% complete."
[1] "Completed Missouri @ 2025-05-14 10:41:40"
[1] "Missouri is 87.5% complete."
[1] "Completed Missouri @ 2025-05-14 10:41:40"
[1] "Missouri is 87.6% complete."
[1] "Completed Missouri @ 2025-05-14 10:41:40"
[1] "Missouri is 87.7% complete."
[1] "Completed Missouri @ 2025-05-14 10:41:40"
[1] "Missouri is 87.9% complete."
[1] "Completed Missouri @ 2025-05-14 10:41:40"
[1] "Missouri is 88% complete."
[1] "Completed Missouri @ 2025-05-14 10:41:40"
[1] "Missouri is 88.1% complete."
[1] "Completed Missouri @ 2025-05-14 10:41:40"
[1] "Missouri is 88.3% complete."
[1] "Completed Missouri @ 2025-05-14 10:41:41"
[1] "Missouri is 88.4% complete."
[1] "Completed Missouri @ 2025-05-14 10:41:41"
[1] "Missouri is 88.5% complete."
[1] "Completed Missouri @ 2025-05-14 10:41:41"
[1] "Missouri is 88.7% complete."
[1] "Completed Missouri @ 2025-05-14 10:41:41"
[1] "Missouri is 88.8% complete."
[1] "Completed Missouri @ 2025-05-14 10:41:41"
[1] "Missouri is 88.9% complete."
[1] "Completed Missouri @ 2025-05-14 10:41:41"
[1] "Missouri is 89.1% complete."
[1] "Completed Missouri @ 2025-05-14 10:41:41"
[1] "Missouri is 89.2% complete."
[1] "Completed Missouri @ 2025-05-14 10:41:41"
[1] "Missouri is 89.4% complete."
[1] "Completed Missouri @ 2025-05-14 10:41:41"
[1] "Missouri is 89.5% complete."
[1] "Completed Missouri @ 2025-05-14 10:41:41"
[1] "Missouri is 89.6% complete."
[1] "Completed Missouri @ 2025-05-14 10:41:41"
[1] "Missouri is 89.8% complete."
[1] "Completed Missouri @ 2025-05-14 10:41:41"
[1] "Missouri is 89.9% complete."
[1] "Completed Missouri @ 2025-05-14 10:41:41"
[1] "Missouri is 90% complete."
[1] "Completed Missouri @ 2025-05-14 10:41:41"
[1] "Missouri is 90.2% complete."
[1] "Completed Missouri @ 2025-05-14 10:41:42"
[1] "Missouri is 90.3% complete."
[1] "Completed Missouri @ 2025-05-14 10:41:42"
[1] "Missouri is 90.4% complete."
[1] "Completed Missouri @ 2025-05-14 10:41:42"
[1] "Missouri is 90.6% complete."
[1] "Completed Missouri @ 2025-05-14 10:41:42"
[1] "Missouri is 90.7% complete."
[1] "Completed Missouri @ 2025-05-14 10:41:42"
[1] "Missouri is 90.8% complete."
[1] "Completed Missouri @ 2025-05-14 10:41:42"
[1] "Missouri is 91% complete."
[1] "Completed Missouri @ 2025-05-14 10:41:42"
[1] "Missouri is 91.1% complete."
[1] "Completed Missouri @ 2025-05-14 10:41:42"
[1] "Missouri is 91.2% complete."
[1] "Completed Missouri @ 2025-05-14 10:41:42"
[1] "Missouri is 91.4% complete."
[1] "Completed Missouri @ 2025-05-14 10:41:42"
[1] "Missouri is 91.5% complete."
[1] "Completed Missouri @ 2025-05-14 10:41:42"
[1] "Missouri is 91.6% complete."
[1] "Completed Missouri @ 2025-05-14 10:41:42"
[1] "Missouri is 91.8% complete."
[1] "Completed Missouri @ 2025-05-14 10:41:42"
[1] "Missouri is 91.9% complete."
[1] "Completed Missouri @ 2025-05-14 10:41:43"
[1] "Missouri is 92% complete."
[1] "Completed Missouri @ 2025-05-14 10:41:43"
[1] "Missouri is 92.2% complete."
[1] "Completed Missouri @ 2025-05-14 10:41:43"
[1] "Missouri is 92.3% complete."
[1] "Completed Missouri @ 2025-05-14 10:41:43"
[1] "Missouri is 92.5% complete."
[1] "Completed Missouri @ 2025-05-14 10:41:43"
[1] "Missouri is 92.6% complete."
[1] "Completed Missouri @ 2025-05-14 10:41:43"
[1] "Missouri is 92.7% complete."
[1] "Completed Missouri @ 2025-05-14 10:41:43"
[1] "Missouri is 92.9% complete."
[1] "Completed Missouri @ 2025-05-14 10:41:43"
[1] "Missouri is 93% complete."
[1] "Completed Missouri @ 2025-05-14 10:41:43"
[1] "Missouri is 93.1% complete."
[1] "Completed Missouri @ 2025-05-14 10:41:43"
[1] "Missouri is 93.3% complete."
[1] "Completed Missouri @ 2025-05-14 10:41:43"
[1] "Missouri is 93.4% complete."
[1] "Completed Missouri @ 2025-05-14 10:41:43"
[1] "Missouri is 93.5% complete."
[1] "Completed Missouri @ 2025-05-14 10:41:44"
[1] "Missouri is 93.7% complete."
[1] "Completed Missouri @ 2025-05-14 10:41:44"
[1] "Missouri is 93.8% complete."
[1] "Completed Missouri @ 2025-05-14 10:41:44"
[1] "Missouri is 93.9% complete."
[1] "Completed Missouri @ 2025-05-14 10:41:44"
[1] "Missouri is 94.1% complete."
[1] "Completed Missouri @ 2025-05-14 10:41:44"
[1] "Missouri is 94.2% complete."
[1] "Completed Missouri @ 2025-05-14 10:41:44"
[1] "Missouri is 94.3% complete."
[1] "Completed Missouri @ 2025-05-14 10:41:44"
[1] "Missouri is 94.5% complete."
[1] "Completed Missouri @ 2025-05-14 10:41:44"
[1] "Missouri is 94.6% complete."
[1] "Completed Missouri @ 2025-05-14 10:41:44"
[1] "Missouri is 94.7% complete."
[1] "Completed Missouri @ 2025-05-14 10:41:44"
[1] "Missouri is 94.9% complete."
[1] "Completed Missouri @ 2025-05-14 10:41:44"
[1] "Missouri is 95% complete."
[1] "Completed Missouri @ 2025-05-14 10:41:44"
[1] "Missouri is 95.1% complete."
[1] "Completed Missouri @ 2025-05-14 10:41:45"
[1] "Missouri is 95.3% complete."
[1] "Completed Missouri @ 2025-05-14 10:41:45"
[1] "Missouri is 95.4% complete."
[1] "Completed Missouri @ 2025-05-14 10:41:45"
[1] "Missouri is 95.6% complete."
[1] "Completed Missouri @ 2025-05-14 10:41:45"
[1] "Missouri is 95.7% complete."
[1] "Completed Missouri @ 2025-05-14 10:41:45"
[1] "Missouri is 95.8% complete."
[1] "Completed Missouri @ 2025-05-14 10:41:45"
[1] "Missouri is 96% complete."
[1] "Completed Missouri @ 2025-05-14 10:41:45"
[1] "Missouri is 96.1% complete."
[1] "Completed Missouri @ 2025-05-14 10:41:45"
[1] "Missouri is 96.2% complete."
[1] "Completed Missouri @ 2025-05-14 10:41:45"
[1] "Missouri is 96.4% complete."
[1] "Completed Missouri @ 2025-05-14 10:41:45"
[1] "Missouri is 96.5% complete."
[1] "Completed Missouri @ 2025-05-14 10:41:45"
[1] "Missouri is 96.6% complete."
[1] "Completed Missouri @ 2025-05-14 10:41:45"
[1] "Missouri is 96.8% complete."
[1] "Completed Missouri @ 2025-05-14 10:41:46"
[1] "Missouri is 96.9% complete."
[1] "Completed Missouri @ 2025-05-14 10:41:46"
[1] "Missouri is 97% complete."
[1] "Completed Missouri @ 2025-05-14 10:41:46"
[1] "Missouri is 97.2% complete."
[1] "Completed Missouri @ 2025-05-14 10:41:46"
[1] "Missouri is 97.3% complete."
[1] "Completed Missouri @ 2025-05-14 10:41:46"
[1] "Missouri is 97.4% complete."
[1] "Completed Missouri @ 2025-05-14 10:41:46"
[1] "Missouri is 97.6% complete."
[1] "Completed Missouri @ 2025-05-14 10:41:46"
[1] "Missouri is 97.7% complete."
[1] "Completed Missouri @ 2025-05-14 10:41:46"
[1] "Missouri is 97.8% complete."
[1] "Completed Missouri @ 2025-05-14 10:41:46"
[1] "Missouri is 98% complete."
[1] "Completed Missouri @ 2025-05-14 10:41:47"
[1] "Missouri is 98.1% complete."
[1] "Completed Missouri @ 2025-05-14 10:41:47"
[1] "Missouri is 98.2% complete."
[1] "Completed Missouri @ 2025-05-14 10:41:47"
[1] "Missouri is 98.4% complete."
[1] "Completed Missouri @ 2025-05-14 10:41:47"
[1] "Missouri is 98.5% complete."
[1] "Completed Missouri @ 2025-05-14 10:41:47"
[1] "Missouri is 98.7% complete."
[1] "Completed Missouri @ 2025-05-14 10:41:47"
[1] "Missouri is 98.8% complete."
[1] "Completed Missouri @ 2025-05-14 10:41:47"
[1] "Missouri is 98.9% complete."
[1] "Completed Missouri @ 2025-05-14 10:41:47"
[1] "Missouri is 99.1% complete."
[1] "Completed Missouri @ 2025-05-14 10:41:47"
[1] "Missouri is 99.2% complete."
[1] "Completed Missouri @ 2025-05-14 10:41:48"
[1] "Missouri is 99.3% complete."
[1] "Completed Missouri @ 2025-05-14 10:41:48"
[1] "Missouri is 99.5% complete."
[1] "Completed Missouri @ 2025-05-14 10:41:48"
[1] "Missouri is 99.6% complete."
[1] "Completed Missouri @ 2025-05-14 10:41:48"
[1] "Missouri is 99.7% complete."
[1] "Completed Missouri @ 2025-05-14 10:41:48"
[1] "Missouri is 99.9% complete."
[1] "Completed Missouri @ 2025-05-14 10:41:49"
[1] "Missouri is 100% complete."
[1] "Completed Missouri @ 2025-05-14 10:41:49"
Deleting layer `Pop' using driver `GPKG'
Writing layer `Pop' to data source 
  `/work/GRDVULN/sewershed/Model/Create_Boundaries/outputs/Pop_Delineated/FP_29.gpkg' using driver `GPKG'
Writing 740 features with 10 fields and geometry type Unknown (any).
[1] "SCRIPT COMPLETE @ 2025-05-14 10:41:59"
