[1] "Starting Montana"
Reading layer `cb_2021_us_state_500k' from data source 
  `/work/GRDVULN/data/cb_2021_us_all_500k.gdb' using driver `OpenFileGDB'
Simple feature collection with 56 features and 9 fields
Geometry type: MULTIPOLYGON
Dimension:     XY
Bounding box:  xmin: -179.1489 ymin: -14.5487 xmax: 179.7785 ymax: 71.36516
Geodetic CRS:  NAD83
[1] "Building 123 systems"
[1] "Montana is 0.8% complete."
[1] "Completed Montana @ 2025-05-14 10:38:39"
[1] "Montana is 1.6% complete."
[1] "Completed Montana @ 2025-05-14 10:38:39"
[1] "Montana is 2.4% complete."
[1] "Completed Montana @ 2025-05-14 10:38:39"
[1] "Montana is 3.3% complete."
[1] "Completed Montana @ 2025-05-14 10:38:39"
[1] "Montana is 4.1% complete."
[1] "Completed Montana @ 2025-05-14 10:38:39"
[1] "Montana is 4.9% complete."
[1] "Completed Montana @ 2025-05-14 10:38:39"
[1] "Montana is 5.7% complete."
[1] "Completed Montana @ 2025-05-14 10:38:39"
[1] "Montana is 6.5% complete."
[1] "Completed Montana @ 2025-05-14 10:38:39"
[1] "Montana is 7.3% complete."
[1] "Completed Montana @ 2025-05-14 10:38:39"
[1] "Montana is 8.1% complete."
[1] "Completed Montana @ 2025-05-14 10:38:39"
[1] "Montana is 8.9% complete."
[1] "Completed Montana @ 2025-05-14 10:38:39"
[1] "Montana is 9.8% complete."
[1] "Completed Montana @ 2025-05-14 10:38:40"
[1] "Montana is 10.6% complete."
[1] "Completed Montana @ 2025-05-14 10:38:40"
[1] "Montana is 11.4% complete."
[1] "Completed Montana @ 2025-05-14 10:38:40"
[1] "Montana is 12.2% complete."
[1] "Completed Montana @ 2025-05-14 10:38:40"
[1] "Montana is 13% complete."
[1] "Completed Montana @ 2025-05-14 10:38:40"
[1] "Montana is 13.8% complete."
[1] "Completed Montana @ 2025-05-14 10:38:40"
[1] "Montana is 14.6% complete."
[1] "Completed Montana @ 2025-05-14 10:38:40"
[1] "Montana is 15.4% complete."
[1] "Completed Montana @ 2025-05-14 10:38:40"
[1] "Montana is 16.3% complete."
[1] "Completed Montana @ 2025-05-14 10:38:40"
[1] "Montana is 17.1% complete."
[1] "Completed Montana @ 2025-05-14 10:38:40"
[1] "Montana is 17.9% complete."
[1] "Completed Montana @ 2025-05-14 10:38:40"
[1] "Montana is 18.7% complete."
[1] "Completed Montana @ 2025-05-14 10:38:41"
[1] "Montana is 19.5% complete."
[1] "Completed Montana @ 2025-05-14 10:38:41"
[1] "Montana is 20.3% complete."
[1] "Completed Montana @ 2025-05-14 10:38:41"
[1] "Montana is 21.1% complete."
[1] "Completed Montana @ 2025-05-14 10:38:41"
[1] "Montana is 22% complete."
[1] "Completed Montana @ 2025-05-14 10:38:41"
[1] "Montana is 22.8% complete."
[1] "Completed Montana @ 2025-05-14 10:38:41"
[1] "Montana is 23.6% complete."
[1] "Completed Montana @ 2025-05-14 10:38:41"
[1] "Montana is 24.4% complete."
[1] "Completed Montana @ 2025-05-14 10:38:41"
[1] "Montana is 25.2% complete."
[1] "Completed Montana @ 2025-05-14 10:38:41"
[1] "Montana is 26% complete."
[1] "Completed Montana @ 2025-05-14 10:38:41"
[1] "Montana is 26.8% complete."
[1] "Completed Montana @ 2025-05-14 10:38:41"
[1] "Montana is 27.6% complete."
[1] "Completed Montana @ 2025-05-14 10:38:41"
[1] "Montana is 28.5% complete."
[1] "Completed Montana @ 2025-05-14 10:38:41"
[1] "Montana is 29.3% complete."
[1] "Completed Montana @ 2025-05-14 10:38:41"
[1] "Montana is 30.1% complete."
[1] "Completed Montana @ 2025-05-14 10:38:41"
[1] "Montana is 30.9% complete."
[1] "Completed Montana @ 2025-05-14 10:38:41"
[1] "Montana is 31.7% complete."
[1] "Completed Montana @ 2025-05-14 10:38:41"
[1] "Montana is 32.5% complete."
[1] "Completed Montana @ 2025-05-14 10:38:42"
[1] "Montana is 33.3% complete."
[1] "Completed Montana @ 2025-05-14 10:38:42"
[1] "Montana is 34.1% complete."
[1] "Completed Montana @ 2025-05-14 10:38:42"
[1] "Montana is 35% complete."
[1] "Completed Montana @ 2025-05-14 10:38:42"
[1] "Montana is 35.8% complete."
[1] "Completed Montana @ 2025-05-14 10:38:42"
[1] "Montana is 36.6% complete."
[1] "Completed Montana @ 2025-05-14 10:38:42"
[1] "Montana is 37.4% complete."
[1] "Completed Montana @ 2025-05-14 10:38:42"
[1] "Montana is 38.2% complete."
[1] "Completed Montana @ 2025-05-14 10:38:42"
[1] "Montana is 39% complete."
[1] "Completed Montana @ 2025-05-14 10:38:42"
[1] "Montana is 39.8% complete."
[1] "Completed Montana @ 2025-05-14 10:38:42"
[1] "Montana is 40.7% complete."
[1] "Completed Montana @ 2025-05-14 10:38:42"
[1] "Montana is 41.5% complete."
[1] "Completed Montana @ 2025-05-14 10:38:42"
[1] "Montana is 42.3% complete."
[1] "Completed Montana @ 2025-05-14 10:38:42"
[1] "Montana is 43.1% complete."
[1] "Completed Montana @ 2025-05-14 10:38:42"
[1] "Montana is 43.9% complete."
[1] "Completed Montana @ 2025-05-14 10:38:42"
[1] "Montana is 44.7% complete."
[1] "Completed Montana @ 2025-05-14 10:38:42"
[1] "Montana is 45.5% complete."
[1] "Completed Montana @ 2025-05-14 10:38:43"
[1] "Montana is 46.3% complete."
[1] "Completed Montana @ 2025-05-14 10:38:43"
[1] "Montana is 47.2% complete."
[1] "Completed Montana @ 2025-05-14 10:38:43"
[1] "Montana is 48% complete."
[1] "Completed Montana @ 2025-05-14 10:38:43"
[1] "Montana is 48.8% complete."
[1] "Completed Montana @ 2025-05-14 10:38:43"
[1] "Montana is 49.6% complete."
[1] "Completed Montana @ 2025-05-14 10:38:43"
[1] "Montana is 50.4% complete."
[1] "Completed Montana @ 2025-05-14 10:38:43"
[1] "Montana is 51.2% complete."
[1] "Completed Montana @ 2025-05-14 10:38:44"
[1] "Montana is 52% complete."
[1] "Completed Montana @ 2025-05-14 10:38:44"
[1] "Montana is 52.8% complete."
[1] "Completed Montana @ 2025-05-14 10:38:44"
[1] "Montana is 53.7% complete."
[1] "Completed Montana @ 2025-05-14 10:38:44"
[1] "Montana is 54.5% complete."
[1] "Completed Montana @ 2025-05-14 10:38:44"
[1] "Montana is 55.3% complete."
[1] "Completed Montana @ 2025-05-14 10:38:44"
[1] "Montana is 56.1% complete."
[1] "Completed Montana @ 2025-05-14 10:38:44"
[1] "Montana is 56.9% complete."
[1] "Completed Montana @ 2025-05-14 10:38:44"
[1] "Montana is 57.7% complete."
[1] "Completed Montana @ 2025-05-14 10:38:44"
[1] "Montana is 58.5% complete."
[1] "Completed Montana @ 2025-05-14 10:38:44"
[1] "Montana is 59.3% complete."
[1] "Completed Montana @ 2025-05-14 10:38:44"
[1] "Montana is 60.2% complete."
[1] "Completed Montana @ 2025-05-14 10:38:45"
[1] "Montana is 61% complete."
[1] "Completed Montana @ 2025-05-14 10:38:45"
[1] "Montana is 61.8% complete."
[1] "Completed Montana @ 2025-05-14 10:38:45"
[1] "Montana is 62.6% complete."
[1] "Completed Montana @ 2025-05-14 10:38:45"
[1] "Montana is 63.4% complete."
[1] "Completed Montana @ 2025-05-14 10:38:45"
[1] "Montana is 64.2% complete."
[1] "Completed Montana @ 2025-05-14 10:38:45"
[1] "Montana is 65% complete."
[1] "Completed Montana @ 2025-05-14 10:38:45"
[1] "Montana is 65.9% complete."
[1] "Completed Montana @ 2025-05-14 10:38:45"
[1] "Montana is 66.7% complete."
[1] "Completed Montana @ 2025-05-14 10:38:45"
[1] "Montana is 67.5% complete."
[1] "Completed Montana @ 2025-05-14 10:38:45"
[1] "Montana is 68.3% complete."
[1] "Completed Montana @ 2025-05-14 10:38:46"
[1] "Montana is 69.1% complete."
[1] "Completed Montana @ 2025-05-14 10:38:46"
[1] "Montana is 69.9% complete."
[1] "Completed Montana @ 2025-05-14 10:38:46"
[1] "Montana is 70.7% complete."
[1] "Completed Montana @ 2025-05-14 10:38:46"
[1] "Montana is 71.5% complete."
[1] "Completed Montana @ 2025-05-14 10:38:46"
[1] "Montana is 72.4% complete."
[1] "Completed Montana @ 2025-05-14 10:38:46"
[1] "Montana is 73.2% complete."
[1] "Completed Montana @ 2025-05-14 10:38:46"
[1] "Montana is 74% complete."
[1] "Completed Montana @ 2025-05-14 10:38:46"
[1] "Montana is 74.8% complete."
[1] "Completed Montana @ 2025-05-14 10:38:46"
[1] "Montana is 75.6% complete."
[1] "Completed Montana @ 2025-05-14 10:38:46"
[1] "Montana is 76.4% complete."
[1] "Completed Montana @ 2025-05-14 10:38:46"
[1] "Montana is 77.2% complete."
[1] "Completed Montana @ 2025-05-14 10:38:46"
[1] "Montana is 78% complete."
[1] "Completed Montana @ 2025-05-14 10:38:46"
[1] "Montana is 78.9% complete."
[1] "Completed Montana @ 2025-05-14 10:38:46"
[1] "Montana is 79.7% complete."
[1] "Completed Montana @ 2025-05-14 10:38:47"
[1] "Montana is 80.5% complete."
[1] "Completed Montana @ 2025-05-14 10:38:47"
[1] "Montana is 81.3% complete."
[1] "Completed Montana @ 2025-05-14 10:38:47"
[1] "Montana is 82.1% complete."
[1] "Completed Montana @ 2025-05-14 10:38:47"
[1] "Montana is 82.9% complete."
[1] "Completed Montana @ 2025-05-14 10:38:47"
[1] "Montana is 83.7% complete."
[1] "Completed Montana @ 2025-05-14 10:38:47"
[1] "Montana is 84.6% complete."
[1] "Completed Montana @ 2025-05-14 10:38:47"
[1] "Montana is 85.4% complete."
[1] "Completed Montana @ 2025-05-14 10:38:47"
[1] "Montana is 86.2% complete."
[1] "Completed Montana @ 2025-05-14 10:38:47"
[1] "Montana is 87% complete."
[1] "Completed Montana @ 2025-05-14 10:38:47"
[1] "Montana is 87.8% complete."
[1] "Completed Montana @ 2025-05-14 10:38:47"
[1] "Montana is 88.6% complete."
[1] "Completed Montana @ 2025-05-14 10:38:47"
[1] "Montana is 89.4% complete."
[1] "Completed Montana @ 2025-05-14 10:38:48"
[1] "Montana is 90.2% complete."
[1] "Completed Montana @ 2025-05-14 10:38:48"
[1] "Montana is 91.1% complete."
[1] "Completed Montana @ 2025-05-14 10:38:48"
[1] "Montana is 91.9% complete."
[1] "Completed Montana @ 2025-05-14 10:38:49"
[1] "Montana is 92.7% complete."
[1] "Completed Montana @ 2025-05-14 10:38:49"
[1] "Montana is 93.5% complete."
[1] "Completed Montana @ 2025-05-14 10:38:49"
[1] "Montana is 94.3% complete."
[1] "Completed Montana @ 2025-05-14 10:38:49"
[1] "Montana is 95.1% complete."
[1] "Completed Montana @ 2025-05-14 10:38:49"
[1] "Montana is 95.9% complete."
[1] "Completed Montana @ 2025-05-14 10:38:49"
[1] "Montana is 96.7% complete."
[1] "Completed Montana @ 2025-05-14 10:38:49"
[1] "Montana is 97.6% complete."
[1] "Completed Montana @ 2025-05-14 10:38:50"
[1] "Montana is 98.4% complete."
[1] "Completed Montana @ 2025-05-14 10:38:50"
[1] "Montana is 99.2% complete."
[1] "Completed Montana @ 2025-05-14 10:38:50"
[1] "Montana is 100% complete."
[1] "Completed Montana @ 2025-05-14 10:38:51"
Deleting layer `Pop' using driver `GPKG'
Writing layer `Pop' to data source 
  `/work/GRDVULN/sewershed/Model/Create_Boundaries/outputs/Pop_Delineated/FP_30.gpkg' using driver `GPKG'
Writing 123 features with 10 fields and geometry type Unknown (any).
[1] "SCRIPT COMPLETE @ 2025-05-14 10:38:56"
