[1] "Starting Nebraska"
Reading layer `cb_2021_us_state_500k' from data source 
  `/work/GRDVULN/data/cb_2021_us_all_500k.gdb' using driver `OpenFileGDB'
Simple feature collection with 56 features and 9 fields
Geometry type: MULTIPOLYGON
Dimension:     XY
Bounding box:  xmin: -179.1489 ymin: -14.5487 xmax: 179.7785 ymax: 71.36516
Geodetic CRS:  NAD83
[1] "Building 417 systems"
[1] "Nebraska is 0.2% complete."
[1] "Completed Nebraska @ 2025-05-14 10:39:38"
[1] "Nebraska is 0.5% complete."
[1] "Completed Nebraska @ 2025-05-14 10:39:38"
[1] "Nebraska is 0.7% complete."
[1] "Completed Nebraska @ 2025-05-14 10:39:38"
[1] "Nebraska is 1% complete."
[1] "Completed Nebraska @ 2025-05-14 10:39:38"
[1] "Nebraska is 1.2% complete."
[1] "Completed Nebraska @ 2025-05-14 10:39:38"
[1] "Nebraska is 1.4% complete."
[1] "Completed Nebraska @ 2025-05-14 10:39:38"
[1] "Nebraska is 1.7% complete."
[1] "Completed Nebraska @ 2025-05-14 10:39:38"
[1] "Nebraska is 1.9% complete."
[1] "Completed Nebraska @ 2025-05-14 10:39:38"
[1] "Nebraska is 2.2% complete."
[1] "Completed Nebraska @ 2025-05-14 10:39:38"
[1] "Nebraska is 2.4% complete."
[1] "Completed Nebraska @ 2025-05-14 10:39:38"
[1] "Nebraska is 2.6% complete."
[1] "Completed Nebraska @ 2025-05-14 10:39:39"
[1] "Nebraska is 2.9% complete."
[1] "Completed Nebraska @ 2025-05-14 10:39:39"
[1] "Nebraska is 3.1% complete."
[1] "Completed Nebraska @ 2025-05-14 10:39:39"
[1] "Nebraska is 3.4% complete."
[1] "Completed Nebraska @ 2025-05-14 10:39:39"
[1] "Nebraska is 3.6% complete."
[1] "Completed Nebraska @ 2025-05-14 10:39:39"
[1] "Nebraska is 3.8% complete."
[1] "Completed Nebraska @ 2025-05-14 10:39:39"
[1] "Nebraska is 4.1% complete."
[1] "Completed Nebraska @ 2025-05-14 10:39:39"
[1] "Nebraska is 4.3% complete."
[1] "Completed Nebraska @ 2025-05-14 10:39:39"
[1] "Nebraska is 4.6% complete."
[1] "Completed Nebraska @ 2025-05-14 10:39:39"
[1] "Nebraska is 4.8% complete."
[1] "Completed Nebraska @ 2025-05-14 10:39:39"
[1] "Nebraska is 5% complete."
[1] "Completed Nebraska @ 2025-05-14 10:39:39"
[1] "Nebraska is 5.3% complete."
[1] "Completed Nebraska @ 2025-05-14 10:39:39"
[1] "Nebraska is 5.5% complete."
[1] "Completed Nebraska @ 2025-05-14 10:39:39"
[1] "Nebraska is 5.8% complete."
[1] "Completed Nebraska @ 2025-05-14 10:39:39"
[1] "Nebraska is 6% complete."
[1] "Completed Nebraska @ 2025-05-14 10:39:39"
[1] "Nebraska is 6.2% complete."
[1] "Completed Nebraska @ 2025-05-14 10:39:40"
[1] "Nebraska is 6.5% complete."
[1] "Completed Nebraska @ 2025-05-14 10:39:40"
[1] "Nebraska is 6.7% complete."
[1] "Completed Nebraska @ 2025-05-14 10:39:40"
[1] "Nebraska is 7% complete."
[1] "Completed Nebraska @ 2025-05-14 10:39:40"
[1] "Nebraska is 7.2% complete."
[1] "Completed Nebraska @ 2025-05-14 10:39:40"
[1] "Nebraska is 7.4% complete."
[1] "Completed Nebraska @ 2025-05-14 10:39:40"
[1] "Nebraska is 7.7% complete."
[1] "Completed Nebraska @ 2025-05-14 10:39:40"
[1] "Nebraska is 7.9% complete."
[1] "Completed Nebraska @ 2025-05-14 10:39:40"
[1] "Nebraska is 8.2% complete."
[1] "Completed Nebraska @ 2025-05-14 10:39:40"
[1] "Nebraska is 8.4% complete."
[1] "Completed Nebraska @ 2025-05-14 10:39:40"
[1] "Nebraska is 8.6% complete."
[1] "Completed Nebraska @ 2025-05-14 10:39:40"
[1] "Nebraska is 8.9% complete."
[1] "Completed Nebraska @ 2025-05-14 10:39:40"
[1] "Nebraska is 9.1% complete."
[1] "Completed Nebraska @ 2025-05-14 10:39:40"
[1] "Nebraska is 9.4% complete."
[1] "Completed Nebraska @ 2025-05-14 10:39:40"
[1] "Nebraska is 9.6% complete."
[1] "Completed Nebraska @ 2025-05-14 10:39:40"
[1] "Nebraska is 9.8% complete."
[1] "Completed Nebraska @ 2025-05-14 10:39:41"
[1] "Nebraska is 10.1% complete."
[1] "Completed Nebraska @ 2025-05-14 10:39:41"
[1] "Nebraska is 10.3% complete."
[1] "Completed Nebraska @ 2025-05-14 10:39:41"
[1] "Nebraska is 10.6% complete."
[1] "Completed Nebraska @ 2025-05-14 10:39:41"
[1] "Nebraska is 10.8% complete."
[1] "Completed Nebraska @ 2025-05-14 10:39:41"
[1] "Nebraska is 11% complete."
[1] "Completed Nebraska @ 2025-05-14 10:39:41"
[1] "Nebraska is 11.3% complete."
[1] "Completed Nebraska @ 2025-05-14 10:39:41"
[1] "Nebraska is 11.5% complete."
[1] "Completed Nebraska @ 2025-05-14 10:39:41"
[1] "Nebraska is 11.8% complete."
[1] "Completed Nebraska @ 2025-05-14 10:39:41"
[1] "Nebraska is 12% complete."
[1] "Completed Nebraska @ 2025-05-14 10:39:41"
[1] "Nebraska is 12.2% complete."
[1] "Completed Nebraska @ 2025-05-14 10:39:41"
[1] "Nebraska is 12.5% complete."
[1] "Completed Nebraska @ 2025-05-14 10:39:41"
[1] "Nebraska is 12.7% complete."
[1] "Completed Nebraska @ 2025-05-14 10:39:41"
[1] "Nebraska is 12.9% complete."
[1] "Completed Nebraska @ 2025-05-14 10:39:42"
[1] "Nebraska is 13.2% complete."
[1] "Completed Nebraska @ 2025-05-14 10:39:42"
[1] "Nebraska is 13.4% complete."
[1] "Completed Nebraska @ 2025-05-14 10:39:42"
[1] "Nebraska is 13.7% complete."
[1] "Completed Nebraska @ 2025-05-14 10:39:42"
[1] "Nebraska is 13.9% complete."
[1] "Completed Nebraska @ 2025-05-14 10:39:42"
[1] "Nebraska is 14.1% complete."
[1] "Completed Nebraska @ 2025-05-14 10:39:42"
[1] "Nebraska is 14.4% complete."
[1] "Completed Nebraska @ 2025-05-14 10:39:42"
[1] "Nebraska is 14.6% complete."
[1] "Completed Nebraska @ 2025-05-14 10:39:42"
[1] "Nebraska is 14.9% complete."
[1] "Completed Nebraska @ 2025-05-14 10:39:42"
[1] "Nebraska is 15.1% complete."
[1] "Completed Nebraska @ 2025-05-14 10:39:42"
[1] "Nebraska is 15.3% complete."
[1] "Completed Nebraska @ 2025-05-14 10:39:42"
[1] "Nebraska is 15.6% complete."
[1] "Completed Nebraska @ 2025-05-14 10:39:42"
[1] "Nebraska is 15.8% complete."
[1] "Completed Nebraska @ 2025-05-14 10:39:42"
[1] "Nebraska is 16.1% complete."
[1] "Completed Nebraska @ 2025-05-14 10:39:42"
[1] "Nebraska is 16.3% complete."
[1] "Completed Nebraska @ 2025-05-14 10:39:42"
[1] "Nebraska is 16.5% complete."
[1] "Completed Nebraska @ 2025-05-14 10:39:42"
[1] "Nebraska is 16.8% complete."
[1] "Completed Nebraska @ 2025-05-14 10:39:42"
[1] "Nebraska is 17% complete."
[1] "Completed Nebraska @ 2025-05-14 10:39:43"
[1] "Nebraska is 17.3% complete."
[1] "Completed Nebraska @ 2025-05-14 10:39:43"
[1] "Nebraska is 17.5% complete."
[1] "Completed Nebraska @ 2025-05-14 10:39:43"
[1] "Nebraska is 17.7% complete."
[1] "Completed Nebraska @ 2025-05-14 10:39:43"
[1] "Nebraska is 18% complete."
[1] "Completed Nebraska @ 2025-05-14 10:39:43"
[1] "Nebraska is 18.2% complete."
[1] "Completed Nebraska @ 2025-05-14 10:39:43"
[1] "Nebraska is 18.5% complete."
[1] "Completed Nebraska @ 2025-05-14 10:39:43"
[1] "Nebraska is 18.7% complete."
[1] "Completed Nebraska @ 2025-05-14 10:39:43"
[1] "Nebraska is 18.9% complete."
[1] "Completed Nebraska @ 2025-05-14 10:39:43"
[1] "Nebraska is 19.2% complete."
[1] "Completed Nebraska @ 2025-05-14 10:39:43"
[1] "Nebraska is 19.4% complete."
[1] "Completed Nebraska @ 2025-05-14 10:39:43"
[1] "Nebraska is 19.7% complete."
[1] "Completed Nebraska @ 2025-05-14 10:39:44"
[1] "Nebraska is 19.9% complete."
[1] "Completed Nebraska @ 2025-05-14 10:39:44"
[1] "Nebraska is 20.1% complete."
[1] "Completed Nebraska @ 2025-05-14 10:39:44"
[1] "Nebraska is 20.4% complete."
[1] "Completed Nebraska @ 2025-05-14 10:39:44"
[1] "Nebraska is 20.6% complete."
[1] "Completed Nebraska @ 2025-05-14 10:39:44"
[1] "Nebraska is 20.9% complete."
[1] "Completed Nebraska @ 2025-05-14 10:39:44"
[1] "Nebraska is 21.1% complete."
[1] "Completed Nebraska @ 2025-05-14 10:39:44"
[1] "Nebraska is 21.3% complete."
[1] "Completed Nebraska @ 2025-05-14 10:39:44"
[1] "Nebraska is 21.6% complete."
[1] "Completed Nebraska @ 2025-05-14 10:39:44"
[1] "Nebraska is 21.8% complete."
[1] "Completed Nebraska @ 2025-05-14 10:39:44"
[1] "Nebraska is 22.1% complete."
[1] "Completed Nebraska @ 2025-05-14 10:39:44"
[1] "Nebraska is 22.3% complete."
[1] "Completed Nebraska @ 2025-05-14 10:39:44"
[1] "Nebraska is 22.5% complete."
[1] "Completed Nebraska @ 2025-05-14 10:39:44"
[1] "Nebraska is 22.8% complete."
[1] "Completed Nebraska @ 2025-05-14 10:39:44"
[1] "Nebraska is 23% complete."
[1] "Completed Nebraska @ 2025-05-14 10:39:44"
[1] "Nebraska is 23.3% complete."
[1] "Completed Nebraska @ 2025-05-14 10:39:44"
[1] "Nebraska is 23.5% complete."
[1] "Completed Nebraska @ 2025-05-14 10:39:44"
[1] "Nebraska is 23.7% complete."
[1] "Completed Nebraska @ 2025-05-14 10:39:44"
[1] "Nebraska is 24% complete."
[1] "Completed Nebraska @ 2025-05-14 10:39:44"
[1] "Nebraska is 24.2% complete."
[1] "Completed Nebraska @ 2025-05-14 10:39:44"
[1] "Nebraska is 24.5% complete."
[1] "Completed Nebraska @ 2025-05-14 10:39:45"
[1] "Nebraska is 24.7% complete."
[1] "Completed Nebraska @ 2025-05-14 10:39:45"
[1] "Nebraska is 24.9% complete."
[1] "Completed Nebraska @ 2025-05-14 10:39:45"
[1] "Nebraska is 25.2% complete."
[1] "Completed Nebraska @ 2025-05-14 10:39:45"
[1] "Nebraska is 25.4% complete."
[1] "Completed Nebraska @ 2025-05-14 10:39:45"
[1] "Nebraska is 25.7% complete."
[1] "Completed Nebraska @ 2025-05-14 10:39:45"
[1] "Nebraska is 25.9% complete."
[1] "Completed Nebraska @ 2025-05-14 10:39:45"
[1] "Nebraska is 26.1% complete."
[1] "Completed Nebraska @ 2025-05-14 10:39:45"
[1] "Nebraska is 26.4% complete."
[1] "Completed Nebraska @ 2025-05-14 10:39:45"
[1] "Nebraska is 26.6% complete."
[1] "Completed Nebraska @ 2025-05-14 10:39:45"
[1] "Nebraska is 26.9% complete."
[1] "Completed Nebraska @ 2025-05-14 10:39:45"
[1] "Nebraska is 27.1% complete."
[1] "Completed Nebraska @ 2025-05-14 10:39:45"
[1] "Nebraska is 27.3% complete."
[1] "Completed Nebraska @ 2025-05-14 10:39:46"
[1] "Nebraska is 27.6% complete."
[1] "Completed Nebraska @ 2025-05-14 10:39:46"
[1] "Nebraska is 27.8% complete."
[1] "Completed Nebraska @ 2025-05-14 10:39:46"
[1] "Nebraska is 28.1% complete."
[1] "Completed Nebraska @ 2025-05-14 10:39:46"
[1] "Nebraska is 28.3% complete."
[1] "Completed Nebraska @ 2025-05-14 10:39:46"
[1] "Nebraska is 28.5% complete."
[1] "Completed Nebraska @ 2025-05-14 10:39:46"
[1] "Nebraska is 28.8% complete."
[1] "Completed Nebraska @ 2025-05-14 10:39:46"
[1] "Nebraska is 29% complete."
[1] "Completed Nebraska @ 2025-05-14 10:39:46"
[1] "Nebraska is 29.3% complete."
[1] "Completed Nebraska @ 2025-05-14 10:39:46"
[1] "Nebraska is 29.5% complete."
[1] "Completed Nebraska @ 2025-05-14 10:39:46"
[1] "Nebraska is 29.7% complete."
[1] "Completed Nebraska @ 2025-05-14 10:39:46"
[1] "Nebraska is 30% complete."
[1] "Completed Nebraska @ 2025-05-14 10:39:46"
[1] "Nebraska is 30.2% complete."
[1] "Completed Nebraska @ 2025-05-14 10:39:46"
[1] "Nebraska is 30.5% complete."
[1] "Completed Nebraska @ 2025-05-14 10:39:46"
[1] "Nebraska is 30.7% complete."
[1] "Completed Nebraska @ 2025-05-14 10:39:46"
[1] "Nebraska is 30.9% complete."
[1] "Completed Nebraska @ 2025-05-14 10:39:46"
[1] "Nebraska is 31.2% complete."
[1] "Completed Nebraska @ 2025-05-14 10:39:46"
[1] "Nebraska is 31.4% complete."
[1] "Completed Nebraska @ 2025-05-14 10:39:46"
[1] "Nebraska is 31.7% complete."
[1] "Completed Nebraska @ 2025-05-14 10:39:46"
[1] "Nebraska is 31.9% complete."
[1] "Completed Nebraska @ 2025-05-14 10:39:46"
[1] "Nebraska is 32.1% complete."
[1] "Completed Nebraska @ 2025-05-14 10:39:46"
[1] "Nebraska is 32.4% complete."
[1] "Completed Nebraska @ 2025-05-14 10:39:46"
[1] "Nebraska is 32.6% complete."
[1] "Completed Nebraska @ 2025-05-14 10:39:47"
[1] "Nebraska is 32.9% complete."
[1] "Completed Nebraska @ 2025-05-14 10:39:47"
[1] "Nebraska is 33.1% complete."
[1] "Completed Nebraska @ 2025-05-14 10:39:47"
[1] "Nebraska is 33.3% complete."
[1] "Completed Nebraska @ 2025-05-14 10:39:47"
[1] "Nebraska is 33.6% complete."
[1] "Completed Nebraska @ 2025-05-14 10:39:47"
[1] "Nebraska is 33.8% complete."
[1] "Completed Nebraska @ 2025-05-14 10:39:47"
[1] "Nebraska is 34.1% complete."
[1] "Completed Nebraska @ 2025-05-14 10:39:47"
[1] "Nebraska is 34.3% complete."
[1] "Completed Nebraska @ 2025-05-14 10:39:47"
[1] "Nebraska is 34.5% complete."
[1] "Completed Nebraska @ 2025-05-14 10:39:47"
[1] "Nebraska is 34.8% complete."
[1] "Completed Nebraska @ 2025-05-14 10:39:47"
[1] "Nebraska is 35% complete."
[1] "Completed Nebraska @ 2025-05-14 10:39:48"
[1] "Nebraska is 35.3% complete."
[1] "Completed Nebraska @ 2025-05-14 10:39:48"
[1] "Nebraska is 35.5% complete."
[1] "Completed Nebraska @ 2025-05-14 10:39:48"
[1] "Nebraska is 35.7% complete."
[1] "Completed Nebraska @ 2025-05-14 10:39:48"
[1] "Nebraska is 36% complete."
[1] "Completed Nebraska @ 2025-05-14 10:39:48"
[1] "Nebraska is 36.2% complete."
[1] "Completed Nebraska @ 2025-05-14 10:39:48"
[1] "Nebraska is 36.5% complete."
[1] "Completed Nebraska @ 2025-05-14 10:39:48"
[1] "Nebraska is 36.7% complete."
[1] "Completed Nebraska @ 2025-05-14 10:39:48"
[1] "Nebraska is 36.9% complete."
[1] "Completed Nebraska @ 2025-05-14 10:39:48"
[1] "Nebraska is 37.2% complete."
[1] "Completed Nebraska @ 2025-05-14 10:39:48"
[1] "Nebraska is 37.4% complete."
[1] "Completed Nebraska @ 2025-05-14 10:39:48"
[1] "Nebraska is 37.6% complete."
[1] "Completed Nebraska @ 2025-05-14 10:39:48"
[1] "Nebraska is 37.9% complete."
[1] "Completed Nebraska @ 2025-05-14 10:39:48"
[1] "Nebraska is 38.1% complete."
[1] "Completed Nebraska @ 2025-05-14 10:39:48"
[1] "Nebraska is 38.4% complete."
[1] "Completed Nebraska @ 2025-05-14 10:39:48"
[1] "Nebraska is 38.6% complete."
[1] "Completed Nebraska @ 2025-05-14 10:39:48"
[1] "Nebraska is 38.8% complete."
[1] "Completed Nebraska @ 2025-05-14 10:39:48"
[1] "Nebraska is 39.1% complete."
[1] "Completed Nebraska @ 2025-05-14 10:39:48"
[1] "Nebraska is 39.3% complete."
[1] "Completed Nebraska @ 2025-05-14 10:39:48"
[1] "Nebraska is 39.6% complete."
[1] "Completed Nebraska @ 2025-05-14 10:39:49"
[1] "Nebraska is 39.8% complete."
[1] "Completed Nebraska @ 2025-05-14 10:39:49"
[1] "Nebraska is 40% complete."
[1] "Completed Nebraska @ 2025-05-14 10:39:49"
[1] "Nebraska is 40.3% complete."
[1] "Completed Nebraska @ 2025-05-14 10:39:49"
[1] "Nebraska is 40.5% complete."
[1] "Completed Nebraska @ 2025-05-14 10:39:49"
[1] "Nebraska is 40.8% complete."
[1] "Completed Nebraska @ 2025-05-14 10:39:49"
[1] "Nebraska is 41% complete."
[1] "Completed Nebraska @ 2025-05-14 10:39:49"
[1] "Nebraska is 41.2% complete."
[1] "Completed Nebraska @ 2025-05-14 10:39:49"
[1] "Nebraska is 41.5% complete."
[1] "Completed Nebraska @ 2025-05-14 10:39:50"
[1] "Nebraska is 41.7% complete."
[1] "Completed Nebraska @ 2025-05-14 10:39:50"
[1] "Nebraska is 42% complete."
[1] "Completed Nebraska @ 2025-05-14 10:39:50"
[1] "Nebraska is 42.2% complete."
[1] "Completed Nebraska @ 2025-05-14 10:39:50"
[1] "Nebraska is 42.4% complete."
[1] "Completed Nebraska @ 2025-05-14 10:39:50"
[1] "Nebraska is 42.7% complete."
[1] "Completed Nebraska @ 2025-05-14 10:39:50"
[1] "Nebraska is 42.9% complete."
[1] "Completed Nebraska @ 2025-05-14 10:39:50"
[1] "Nebraska is 43.2% complete."
[1] "Completed Nebraska @ 2025-05-14 10:39:50"
[1] "Nebraska is 43.4% complete."
[1] "Completed Nebraska @ 2025-05-14 10:39:50"
[1] "Nebraska is 43.6% complete."
[1] "Completed Nebraska @ 2025-05-14 10:39:50"
[1] "Nebraska is 43.9% complete."
[1] "Completed Nebraska @ 2025-05-14 10:39:50"
[1] "Nebraska is 44.1% complete."
[1] "Completed Nebraska @ 2025-05-14 10:39:50"
[1] "Nebraska is 44.4% complete."
[1] "Completed Nebraska @ 2025-05-14 10:39:50"
[1] "Nebraska is 44.6% complete."
[1] "Completed Nebraska @ 2025-05-14 10:39:50"
[1] "Nebraska is 44.8% complete."
[1] "Completed Nebraska @ 2025-05-14 10:39:51"
[1] "Nebraska is 45.1% complete."
[1] "Completed Nebraska @ 2025-05-14 10:39:51"
[1] "Nebraska is 45.3% complete."
[1] "Completed Nebraska @ 2025-05-14 10:39:51"
[1] "Nebraska is 45.6% complete."
[1] "Completed Nebraska @ 2025-05-14 10:39:51"
[1] "Nebraska is 45.8% complete."
[1] "Completed Nebraska @ 2025-05-14 10:39:51"
[1] "Nebraska is 46% complete."
[1] "Completed Nebraska @ 2025-05-14 10:39:51"
[1] "Nebraska is 46.3% complete."
[1] "Completed Nebraska @ 2025-05-14 10:39:51"
[1] "Nebraska is 46.5% complete."
[1] "Completed Nebraska @ 2025-05-14 10:39:51"
[1] "Nebraska is 46.8% complete."
[1] "Completed Nebraska @ 2025-05-14 10:39:51"
[1] "Nebraska is 47% complete."
[1] "Completed Nebraska @ 2025-05-14 10:39:51"
[1] "Nebraska is 47.2% complete."
[1] "Completed Nebraska @ 2025-05-14 10:39:51"
[1] "Nebraska is 47.5% complete."
[1] "Completed Nebraska @ 2025-05-14 10:39:51"
[1] "Nebraska is 47.7% complete."
[1] "Completed Nebraska @ 2025-05-14 10:39:52"
[1] "Nebraska is 48% complete."
[1] "Completed Nebraska @ 2025-05-14 10:39:52"
[1] "Nebraska is 48.2% complete."
[1] "Completed Nebraska @ 2025-05-14 10:39:52"
[1] "Nebraska is 48.4% complete."
[1] "Completed Nebraska @ 2025-05-14 10:39:52"
[1] "Nebraska is 48.7% complete."
[1] "Completed Nebraska @ 2025-05-14 10:39:52"
[1] "Nebraska is 48.9% complete."
[1] "Completed Nebraska @ 2025-05-14 10:39:52"
[1] "Nebraska is 49.2% complete."
[1] "Completed Nebraska @ 2025-05-14 10:39:52"
[1] "Nebraska is 49.4% complete."
[1] "Completed Nebraska @ 2025-05-14 10:39:52"
[1] "Nebraska is 49.6% complete."
[1] "Completed Nebraska @ 2025-05-14 10:39:52"
[1] "Nebraska is 49.9% complete."
[1] "Completed Nebraska @ 2025-05-14 10:39:52"
[1] "Nebraska is 50.1% complete."
[1] "Completed Nebraska @ 2025-05-14 10:39:52"
[1] "Nebraska is 50.4% complete."
[1] "Completed Nebraska @ 2025-05-14 10:39:52"
[1] "Nebraska is 50.6% complete."
[1] "Completed Nebraska @ 2025-05-14 10:39:52"
[1] "Nebraska is 50.8% complete."
[1] "Completed Nebraska @ 2025-05-14 10:39:52"
[1] "Nebraska is 51.1% complete."
[1] "Completed Nebraska @ 2025-05-14 10:39:53"
[1] "Nebraska is 51.3% complete."
[1] "Completed Nebraska @ 2025-05-14 10:39:53"
[1] "Nebraska is 51.6% complete."
[1] "Completed Nebraska @ 2025-05-14 10:39:53"
[1] "Nebraska is 51.8% complete."
[1] "Completed Nebraska @ 2025-05-14 10:39:53"
[1] "Nebraska is 52% complete."
[1] "Completed Nebraska @ 2025-05-14 10:39:53"
[1] "Nebraska is 52.3% complete."
[1] "Completed Nebraska @ 2025-05-14 10:39:53"
[1] "Nebraska is 52.5% complete."
[1] "Completed Nebraska @ 2025-05-14 10:39:53"
[1] "Nebraska is 52.8% complete."
[1] "Completed Nebraska @ 2025-05-14 10:39:53"
[1] "Nebraska is 53% complete."
[1] "Completed Nebraska @ 2025-05-14 10:39:53"
[1] "Nebraska is 53.2% complete."
[1] "Completed Nebraska @ 2025-05-14 10:39:53"
[1] "Nebraska is 53.5% complete."
[1] "Completed Nebraska @ 2025-05-14 10:39:53"
[1] "Nebraska is 53.7% complete."
[1] "Completed Nebraska @ 2025-05-14 10:39:53"
[1] "Nebraska is 54% complete."
[1] "Completed Nebraska @ 2025-05-14 10:39:53"
[1] "Nebraska is 54.2% complete."
[1] "Completed Nebraska @ 2025-05-14 10:39:54"
[1] "Nebraska is 54.4% complete."
[1] "Completed Nebraska @ 2025-05-14 10:39:54"
[1] "Nebraska is 54.7% complete."
[1] "Completed Nebraska @ 2025-05-14 10:39:54"
[1] "Nebraska is 54.9% complete."
[1] "Completed Nebraska @ 2025-05-14 10:39:54"
[1] "Nebraska is 55.2% complete."
[1] "Completed Nebraska @ 2025-05-14 10:39:54"
[1] "Nebraska is 55.4% complete."
[1] "Completed Nebraska @ 2025-05-14 10:39:54"
[1] "Nebraska is 55.6% complete."
[1] "Completed Nebraska @ 2025-05-14 10:39:54"
[1] "Nebraska is 55.9% complete."
[1] "Completed Nebraska @ 2025-05-14 10:39:54"
[1] "Nebraska is 56.1% complete."
[1] "Completed Nebraska @ 2025-05-14 10:39:54"
[1] "Nebraska is 56.4% complete."
[1] "Completed Nebraska @ 2025-05-14 10:39:54"
[1] "Nebraska is 56.6% complete."
[1] "Completed Nebraska @ 2025-05-14 10:39:54"
[1] "Nebraska is 56.8% complete."
[1] "Completed Nebraska @ 2025-05-14 10:39:54"
[1] "Nebraska is 57.1% complete."
[1] "Completed Nebraska @ 2025-05-14 10:39:55"
[1] "Nebraska is 57.3% complete."
[1] "Completed Nebraska @ 2025-05-14 10:39:55"
[1] "Nebraska is 57.6% complete."
[1] "Completed Nebraska @ 2025-05-14 10:39:55"
[1] "Nebraska is 57.8% complete."
[1] "Completed Nebraska @ 2025-05-14 10:39:55"
[1] "Nebraska is 58% complete."
[1] "Completed Nebraska @ 2025-05-14 10:39:55"
[1] "Nebraska is 58.3% complete."
[1] "Completed Nebraska @ 2025-05-14 10:39:55"
[1] "Nebraska is 58.5% complete."
[1] "Completed Nebraska @ 2025-05-14 10:39:55"
[1] "Nebraska is 58.8% complete."
[1] "Completed Nebraska @ 2025-05-14 10:39:55"
[1] "Nebraska is 59% complete."
[1] "Completed Nebraska @ 2025-05-14 10:39:55"
[1] "Nebraska is 59.2% complete."
[1] "Completed Nebraska @ 2025-05-14 10:39:55"
[1] "Nebraska is 59.5% complete."
[1] "Completed Nebraska @ 2025-05-14 10:39:55"
[1] "Nebraska is 59.7% complete."
[1] "Completed Nebraska @ 2025-05-14 10:39:55"
[1] "Nebraska is 60% complete."
[1] "Completed Nebraska @ 2025-05-14 10:39:55"
[1] "Nebraska is 60.2% complete."
[1] "Completed Nebraska @ 2025-05-14 10:39:56"
[1] "Nebraska is 60.4% complete."
[1] "Completed Nebraska @ 2025-05-14 10:39:56"
[1] "Nebraska is 60.7% complete."
[1] "Completed Nebraska @ 2025-05-14 10:39:56"
[1] "Nebraska is 60.9% complete."
[1] "Completed Nebraska @ 2025-05-14 10:39:56"
[1] "Nebraska is 61.2% complete."
[1] "Completed Nebraska @ 2025-05-14 10:39:56"
[1] "Nebraska is 61.4% complete."
[1] "Completed Nebraska @ 2025-05-14 10:39:56"
[1] "Nebraska is 61.6% complete."
[1] "Completed Nebraska @ 2025-05-14 10:39:56"
[1] "Nebraska is 61.9% complete."
[1] "Completed Nebraska @ 2025-05-14 10:39:56"
[1] "Nebraska is 62.1% complete."
[1] "Completed Nebraska @ 2025-05-14 10:40:27"
[1] "Nebraska is 62.4% complete."
[1] "Completed Nebraska @ 2025-05-14 10:40:27"
[1] "Nebraska is 62.6% complete."
[1] "Completed Nebraska @ 2025-05-14 10:40:46"
[1] "Nebraska is 62.8% complete."
[1] "Completed Nebraska @ 2025-05-14 10:40:46"
[1] "Nebraska is 63.1% complete."
[1] "Completed Nebraska @ 2025-05-14 10:40:49"
[1] "Nebraska is 63.3% complete."
[1] "Completed Nebraska @ 2025-05-14 10:40:49"
[1] "Nebraska is 63.5% complete."
[1] "Completed Nebraska @ 2025-05-14 10:40:49"
[1] "Nebraska is 63.8% complete."
[1] "Completed Nebraska @ 2025-05-14 10:40:50"
[1] "Nebraska is 64% complete."
[1] "Completed Nebraska @ 2025-05-14 10:40:50"
[1] "Nebraska is 64.3% complete."
[1] "Completed Nebraska @ 2025-05-14 10:40:50"
[1] "Nebraska is 64.5% complete."
[1] "Completed Nebraska @ 2025-05-14 10:40:50"
[1] "Nebraska is 64.7% complete."
[1] "Completed Nebraska @ 2025-05-14 10:40:50"
[1] "Nebraska is 65% complete."
[1] "Completed Nebraska @ 2025-05-14 10:40:51"
[1] "Nebraska is 65.2% complete."
[1] "Completed Nebraska @ 2025-05-14 10:40:51"
[1] "Nebraska is 65.5% complete."
[1] "Completed Nebraska @ 2025-05-14 10:40:51"
[1] "Nebraska is 65.7% complete."
[1] "Completed Nebraska @ 2025-05-14 10:40:51"
[1] "Nebraska is 65.9% complete."
[1] "Completed Nebraska @ 2025-05-14 10:40:51"
[1] "Nebraska is 66.2% complete."
[1] "Completed Nebraska @ 2025-05-14 10:40:51"
[1] "Nebraska is 66.4% complete."
[1] "Completed Nebraska @ 2025-05-14 10:40:52"
[1] "Nebraska is 66.7% complete."
[1] "Completed Nebraska @ 2025-05-14 10:40:52"
[1] "Nebraska is 66.9% complete."
[1] "Completed Nebraska @ 2025-05-14 10:40:52"
[1] "Nebraska is 67.1% complete."
[1] "Completed Nebraska @ 2025-05-14 10:40:52"
[1] "Nebraska is 67.4% complete."
[1] "Completed Nebraska @ 2025-05-14 10:40:52"
[1] "Nebraska is 67.6% complete."
[1] "Completed Nebraska @ 2025-05-14 10:40:53"
[1] "Nebraska is 67.9% complete."
[1] "Completed Nebraska @ 2025-05-14 10:40:53"
[1] "Nebraska is 68.1% complete."
[1] "Completed Nebraska @ 2025-05-14 10:40:53"
[1] "Nebraska is 68.3% complete."
[1] "Completed Nebraska @ 2025-05-14 10:40:53"
[1] "Nebraska is 68.6% complete."
[1] "Completed Nebraska @ 2025-05-14 10:40:53"
[1] "Nebraska is 68.8% complete."
[1] "Completed Nebraska @ 2025-05-14 10:40:53"
[1] "Nebraska is 69.1% complete."
[1] "Completed Nebraska @ 2025-05-14 10:40:53"
[1] "Nebraska is 69.3% complete."
[1] "Completed Nebraska @ 2025-05-14 10:40:55"
[1] "Nebraska is 69.5% complete."
[1] "Completed Nebraska @ 2025-05-14 10:40:56"
[1] "Nebraska is 69.8% complete."
[1] "Completed Nebraska @ 2025-05-14 10:40:58"
[1] "Nebraska is 70% complete."
[1] "Completed Nebraska @ 2025-05-14 10:40:59"
[1] "Nebraska is 70.3% complete."
[1] "Completed Nebraska @ 2025-05-14 10:40:59"
[1] "Nebraska is 70.5% complete."
[1] "Completed Nebraska @ 2025-05-14 10:40:59"
[1] "Nebraska is 70.7% complete."
[1] "Completed Nebraska @ 2025-05-14 10:40:59"
[1] "Nebraska is 71% complete."
[1] "Completed Nebraska @ 2025-05-14 10:41:00"
[1] "Nebraska is 71.2% complete."
[1] "Completed Nebraska @ 2025-05-14 10:41:00"
[1] "Nebraska is 71.5% complete."
[1] "Completed Nebraska @ 2025-05-14 10:41:00"
[1] "Nebraska is 71.7% complete."
[1] "Completed Nebraska @ 2025-05-14 10:41:00"
[1] "Nebraska is 71.9% complete."
[1] "Completed Nebraska @ 2025-05-14 10:41:00"
[1] "Nebraska is 72.2% complete."
[1] "Completed Nebraska @ 2025-05-14 10:41:01"
[1] "Nebraska is 72.4% complete."
[1] "Completed Nebraska @ 2025-05-14 10:41:01"
[1] "Nebraska is 72.7% complete."
[1] "Completed Nebraska @ 2025-05-14 10:41:01"
[1] "Nebraska is 72.9% complete."
[1] "Completed Nebraska @ 2025-05-14 10:41:01"
[1] "Nebraska is 73.1% complete."
[1] "Completed Nebraska @ 2025-05-14 10:41:01"
[1] "Nebraska is 73.4% complete."
[1] "Completed Nebraska @ 2025-05-14 10:41:01"
[1] "Nebraska is 73.6% complete."
[1] "Completed Nebraska @ 2025-05-14 10:41:03"
[1] "Nebraska is 73.9% complete."
[1] "Completed Nebraska @ 2025-05-14 10:41:04"
[1] "Nebraska is 74.1% complete."
[1] "Completed Nebraska @ 2025-05-14 10:41:05"
[1] "Nebraska is 74.3% complete."
[1] "Completed Nebraska @ 2025-05-14 10:41:05"
[1] "Nebraska is 74.6% complete."
[1] "Completed Nebraska @ 2025-05-14 10:41:05"
[1] "Nebraska is 74.8% complete."
[1] "Completed Nebraska @ 2025-05-14 10:41:06"
[1] "Nebraska is 75.1% complete."
[1] "Completed Nebraska @ 2025-05-14 10:41:06"
[1] "Nebraska is 75.3% complete."
[1] "Completed Nebraska @ 2025-05-14 10:41:06"
[1] "Nebraska is 75.5% complete."
[1] "Completed Nebraska @ 2025-05-14 10:41:06"
[1] "Nebraska is 75.8% complete."
[1] "Completed Nebraska @ 2025-05-14 10:41:06"
[1] "Nebraska is 76% complete."
[1] "Completed Nebraska @ 2025-05-14 10:41:06"
[1] "Nebraska is 76.3% complete."
[1] "Completed Nebraska @ 2025-05-14 10:41:07"
[1] "Nebraska is 76.5% complete."
[1] "Completed Nebraska @ 2025-05-14 10:41:07"
[1] "Nebraska is 76.7% complete."
[1] "Completed Nebraska @ 2025-05-14 10:41:07"
[1] "Nebraska is 77% complete."
[1] "Completed Nebraska @ 2025-05-14 10:41:07"
[1] "Nebraska is 77.2% complete."
[1] "Completed Nebraska @ 2025-05-14 10:41:07"
[1] "Nebraska is 77.5% complete."
[1] "Completed Nebraska @ 2025-05-14 10:41:08"
[1] "Nebraska is 77.7% complete."
[1] "Completed Nebraska @ 2025-05-14 10:41:08"
[1] "Nebraska is 77.9% complete."
[1] "Completed Nebraska @ 2025-05-14 10:41:08"
[1] "Nebraska is 78.2% complete."
[1] "Completed Nebraska @ 2025-05-14 10:41:08"
[1] "Nebraska is 78.4% complete."
[1] "Completed Nebraska @ 2025-05-14 10:41:08"
[1] "Nebraska is 78.7% complete."
[1] "Completed Nebraska @ 2025-05-14 10:41:08"
[1] "Nebraska is 78.9% complete."
[1] "Completed Nebraska @ 2025-05-14 10:41:09"
[1] "Nebraska is 79.1% complete."
[1] "Completed Nebraska @ 2025-05-14 10:41:09"
[1] "Nebraska is 79.4% complete."
[1] "Completed Nebraska @ 2025-05-14 10:41:09"
[1] "Nebraska is 79.6% complete."
[1] "Completed Nebraska @ 2025-05-14 10:41:09"
[1] "Nebraska is 79.9% complete."
[1] "Completed Nebraska @ 2025-05-14 10:41:09"
[1] "Nebraska is 80.1% complete."
[1] "Completed Nebraska @ 2025-05-14 10:41:09"
[1] "Nebraska is 80.3% complete."
[1] "Completed Nebraska @ 2025-05-14 10:41:09"
[1] "Nebraska is 80.6% complete."
[1] "Completed Nebraska @ 2025-05-14 10:41:09"
[1] "Nebraska is 80.8% complete."
[1] "Completed Nebraska @ 2025-05-14 10:41:09"
[1] "Nebraska is 81.1% complete."
[1] "Completed Nebraska @ 2025-05-14 10:41:10"
[1] "Nebraska is 81.3% complete."
[1] "Completed Nebraska @ 2025-05-14 10:41:10"
[1] "Nebraska is 81.5% complete."
[1] "Completed Nebraska @ 2025-05-14 10:41:10"
[1] "Nebraska is 81.8% complete."
[1] "Completed Nebraska @ 2025-05-14 10:41:10"
[1] "Nebraska is 82% complete."
[1] "Completed Nebraska @ 2025-05-14 10:41:10"
[1] "Nebraska is 82.3% complete."
[1] "Completed Nebraska @ 2025-05-14 10:41:10"
[1] "Nebraska is 82.5% complete."
[1] "Completed Nebraska @ 2025-05-14 10:41:11"
[1] "Nebraska is 82.7% complete."
[1] "Completed Nebraska @ 2025-05-14 10:41:11"
[1] "Nebraska is 83% complete."
[1] "Completed Nebraska @ 2025-05-14 10:41:11"
[1] "Nebraska is 83.2% complete."
[1] "Completed Nebraska @ 2025-05-14 10:41:11"
[1] "Nebraska is 83.5% complete."
[1] "Completed Nebraska @ 2025-05-14 10:41:11"
[1] "Nebraska is 83.7% complete."
[1] "Completed Nebraska @ 2025-05-14 10:41:11"
[1] "Nebraska is 83.9% complete."
[1] "Completed Nebraska @ 2025-05-14 10:41:11"
[1] "Nebraska is 84.2% complete."
[1] "Completed Nebraska @ 2025-05-14 10:41:11"
[1] "Nebraska is 84.4% complete."
[1] "Completed Nebraska @ 2025-05-14 10:41:11"
[1] "Nebraska is 84.7% complete."
[1] "Completed Nebraska @ 2025-05-14 10:41:11"
[1] "Nebraska is 84.9% complete."
[1] "Completed Nebraska @ 2025-05-14 10:41:11"
[1] "Nebraska is 85.1% complete."
[1] "Completed Nebraska @ 2025-05-14 10:41:11"
[1] "Nebraska is 85.4% complete."
[1] "Completed Nebraska @ 2025-05-14 10:41:12"
[1] "Nebraska is 85.6% complete."
[1] "Completed Nebraska @ 2025-05-14 10:41:12"
[1] "Nebraska is 85.9% complete."
[1] "Completed Nebraska @ 2025-05-14 10:41:12"
[1] "Nebraska is 86.1% complete."
[1] "Completed Nebraska @ 2025-05-14 10:41:12"
[1] "Nebraska is 86.3% complete."
[1] "Completed Nebraska @ 2025-05-14 10:41:12"
[1] "Nebraska is 86.6% complete."
[1] "Completed Nebraska @ 2025-05-14 10:41:12"
[1] "Nebraska is 86.8% complete."
[1] "Completed Nebraska @ 2025-05-14 10:41:12"
[1] "Nebraska is 87.1% complete."
[1] "Completed Nebraska @ 2025-05-14 10:41:13"
[1] "Nebraska is 87.3% complete."
[1] "Completed Nebraska @ 2025-05-14 10:41:13"
[1] "Nebraska is 87.5% complete."
[1] "Completed Nebraska @ 2025-05-14 10:41:13"
[1] "Nebraska is 87.8% complete."
[1] "Completed Nebraska @ 2025-05-14 10:41:13"
[1] "Nebraska is 88% complete."
[1] "Completed Nebraska @ 2025-05-14 10:41:13"
[1] "Nebraska is 88.2% complete."
[1] "Completed Nebraska @ 2025-05-14 10:41:13"
[1] "Nebraska is 88.5% complete."
[1] "Completed Nebraska @ 2025-05-14 10:41:13"
[1] "Nebraska is 88.7% complete."
[1] "Completed Nebraska @ 2025-05-14 10:41:13"
[1] "Nebraska is 89% complete."
[1] "Completed Nebraska @ 2025-05-14 10:41:14"
[1] "Nebraska is 89.2% complete."
[1] "Completed Nebraska @ 2025-05-14 10:41:14"
[1] "Nebraska is 89.4% complete."
[1] "Completed Nebraska @ 2025-05-14 10:41:14"
[1] "Nebraska is 89.7% complete."
[1] "Completed Nebraska @ 2025-05-14 10:41:14"
[1] "Nebraska is 89.9% complete."
[1] "Completed Nebraska @ 2025-05-14 10:41:14"
[1] "Nebraska is 90.2% complete."
[1] "Completed Nebraska @ 2025-05-14 10:41:14"
[1] "Nebraska is 90.4% complete."
[1] "Completed Nebraska @ 2025-05-14 10:41:14"
[1] "Nebraska is 90.6% complete."
[1] "Completed Nebraska @ 2025-05-14 10:41:14"
[1] "Nebraska is 90.9% complete."
[1] "Completed Nebraska @ 2025-05-14 10:41:14"
[1] "Nebraska is 91.1% complete."
[1] "Completed Nebraska @ 2025-05-14 10:41:14"
[1] "Nebraska is 91.4% complete."
[1] "Completed Nebraska @ 2025-05-14 10:41:14"
[1] "Nebraska is 91.6% complete."
[1] "Completed Nebraska @ 2025-05-14 10:41:15"
[1] "Nebraska is 91.8% complete."
[1] "Completed Nebraska @ 2025-05-14 10:41:15"
[1] "Nebraska is 92.1% complete."
[1] "Completed Nebraska @ 2025-05-14 10:41:15"
[1] "Nebraska is 92.3% complete."
[1] "Completed Nebraska @ 2025-05-14 10:41:15"
[1] "Nebraska is 92.6% complete."
[1] "Completed Nebraska @ 2025-05-14 10:41:15"
[1] "Nebraska is 92.8% complete."
[1] "Completed Nebraska @ 2025-05-14 10:41:16"
[1] "Nebraska is 93% complete."
[1] "Completed Nebraska @ 2025-05-14 10:41:16"
[1] "Nebraska is 93.3% complete."
[1] "Completed Nebraska @ 2025-05-14 10:41:16"
[1] "Nebraska is 93.5% complete."
[1] "Completed Nebraska @ 2025-05-14 10:41:16"
[1] "Nebraska is 93.8% complete."
[1] "Completed Nebraska @ 2025-05-14 10:41:16"
[1] "Nebraska is 94% complete."
[1] "Completed Nebraska @ 2025-05-14 10:41:16"
[1] "Nebraska is 94.2% complete."
[1] "Completed Nebraska @ 2025-05-14 10:41:16"
[1] "Nebraska is 94.5% complete."
[1] "Completed Nebraska @ 2025-05-14 10:41:17"
[1] "Nebraska is 94.7% complete."
[1] "Completed Nebraska @ 2025-05-14 10:41:17"
[1] "Nebraska is 95% complete."
[1] "Completed Nebraska @ 2025-05-14 10:41:17"
[1] "Nebraska is 95.2% complete."
[1] "Completed Nebraska @ 2025-05-14 10:41:18"
[1] "Nebraska is 95.4% complete."
[1] "Completed Nebraska @ 2025-05-14 10:41:18"
[1] "Nebraska is 95.7% complete."
[1] "Completed Nebraska @ 2025-05-14 10:41:18"
[1] "Nebraska is 95.9% complete."
[1] "Completed Nebraska @ 2025-05-14 10:41:18"
[1] "Nebraska is 96.2% complete."
[1] "Completed Nebraska @ 2025-05-14 10:41:18"
[1] "Nebraska is 96.4% complete."
[1] "Completed Nebraska @ 2025-05-14 10:41:18"
[1] "Nebraska is 96.6% complete."
[1] "Completed Nebraska @ 2025-05-14 10:41:18"
[1] "Nebraska is 96.9% complete."
[1] "Completed Nebraska @ 2025-05-14 10:41:19"
[1] "Nebraska is 97.1% complete."
[1] "Completed Nebraska @ 2025-05-14 10:41:19"
[1] "Nebraska is 97.4% complete."
[1] "Completed Nebraska @ 2025-05-14 10:41:19"
[1] "Nebraska is 97.6% complete."
[1] "Completed Nebraska @ 2025-05-14 10:41:19"
[1] "Nebraska is 97.8% complete."
[1] "Completed Nebraska @ 2025-05-14 10:41:19"
[1] "Nebraska is 98.1% complete."
[1] "Completed Nebraska @ 2025-05-14 10:41:20"
[1] "Nebraska is 98.3% complete."
[1] "Completed Nebraska @ 2025-05-14 10:41:20"
[1] "Nebraska is 98.6% complete."
[1] "Completed Nebraska @ 2025-05-14 10:41:20"
[1] "Nebraska is 98.8% complete."
[1] "Completed Nebraska @ 2025-05-14 10:41:21"
[1] "Nebraska is 99% complete."
[1] "Completed Nebraska @ 2025-05-14 10:41:21"
[1] "Nebraska is 99.3% complete."
[1] "Completed Nebraska @ 2025-05-14 10:41:21"
[1] "Nebraska is 99.5% complete."
[1] "Completed Nebraska @ 2025-05-14 10:41:22"
[1] "Nebraska is 99.8% complete."
[1] "Completed Nebraska @ 2025-05-14 10:41:22"
[1] "Nebraska is 100% complete."
[1] "Completed Nebraska @ 2025-05-14 10:41:24"
Deleting layer `Pop' using driver `GPKG'
Writing layer `Pop' to data source 
  `/work/GRDVULN/sewershed/Model/Create_Boundaries/outputs/Pop_Delineated/FP_31.gpkg' using driver `GPKG'
Writing 417 features with 10 fields and geometry type Unknown (any).
[1] "SCRIPT COMPLETE @ 2025-05-14 10:41:37"
