[1] "Starting Nevada"
Reading layer `cb_2021_us_state_500k' from data source 
  `/work/GRDVULN/data/cb_2021_us_all_500k.gdb' using driver `OpenFileGDB'
Simple feature collection with 56 features and 9 fields
Geometry type: MULTIPOLYGON
Dimension:     XY
Bounding box:  xmin: -179.1489 ymin: -14.5487 xmax: 179.7785 ymax: 71.36516
Geodetic CRS:  NAD83
[1] "Building 48 systems"
[1] "Nevada is 2.1% complete."
[1] "Completed Nevada @ 2025-05-14 10:35:20"
[1] "Nevada is 4.2% complete."
[1] "Completed Nevada @ 2025-05-14 10:35:20"
[1] "Nevada is 6.2% complete."
[1] "Completed Nevada @ 2025-05-14 10:35:20"
[1] "Nevada is 8.3% complete."
[1] "Completed Nevada @ 2025-05-14 10:35:20"
[1] "Nevada is 10.4% complete."
[1] "Completed Nevada @ 2025-05-14 10:35:20"
[1] "Nevada is 12.5% complete."
[1] "Completed Nevada @ 2025-05-14 10:35:20"
[1] "Nevada is 14.6% complete."
[1] "Completed Nevada @ 2025-05-14 10:35:20"
[1] "Nevada is 16.7% complete."
[1] "Completed Nevada @ 2025-05-14 10:35:20"
[1] "Nevada is 18.8% complete."
[1] "Completed Nevada @ 2025-05-14 10:35:21"
[1] "Nevada is 20.8% complete."
[1] "Completed Nevada @ 2025-05-14 10:35:21"
[1] "Nevada is 22.9% complete."
[1] "Completed Nevada @ 2025-05-14 10:35:21"
[1] "Nevada is 25% complete."
[1] "Completed Nevada @ 2025-05-14 10:35:21"
[1] "Nevada is 27.1% complete."
[1] "Completed Nevada @ 2025-05-14 10:35:21"
[1] "Nevada is 29.2% complete."
[1] "Completed Nevada @ 2025-05-14 10:35:21"
[1] "Nevada is 31.2% complete."
[1] "Completed Nevada @ 2025-05-14 10:35:21"
[1] "Nevada is 33.3% complete."
[1] "Completed Nevada @ 2025-05-14 10:35:21"
[1] "Nevada is 35.4% complete."
[1] "Completed Nevada @ 2025-05-14 10:35:22"
[1] "Nevada is 37.5% complete."
[1] "Completed Nevada @ 2025-05-14 10:35:22"
[1] "Nevada is 39.6% complete."
[1] "Completed Nevada @ 2025-05-14 10:35:22"
[1] "Nevada is 41.7% complete."
[1] "Completed Nevada @ 2025-05-14 10:35:22"
[1] "Nevada is 43.8% complete."
[1] "Completed Nevada @ 2025-05-14 10:35:22"
[1] "Nevada is 45.8% complete."
[1] "Completed Nevada @ 2025-05-14 10:35:22"
[1] "Nevada is 47.9% complete."
[1] "Completed Nevada @ 2025-05-14 10:35:22"
[1] "Nevada is 50% complete."
[1] "Completed Nevada @ 2025-05-14 10:35:22"
[1] "Nevada is 52.1% complete."
[1] "Completed Nevada @ 2025-05-14 10:35:23"
[1] "Nevada is 54.2% complete."
[1] "Completed Nevada @ 2025-05-14 10:35:23"
[1] "Nevada is 56.2% complete."
[1] "Completed Nevada @ 2025-05-14 10:35:23"
[1] "Nevada is 58.3% complete."
[1] "Completed Nevada @ 2025-05-14 10:35:23"
[1] "Nevada is 60.4% complete."
[1] "Completed Nevada @ 2025-05-14 10:35:23"
[1] "Nevada is 62.5% complete."
[1] "Completed Nevada @ 2025-05-14 10:35:24"
[1] "Nevada is 64.6% complete."
[1] "Completed Nevada @ 2025-05-14 10:35:24"
[1] "Nevada is 66.7% complete."
[1] "Completed Nevada @ 2025-05-14 10:35:24"
[1] "Nevada is 68.8% complete."
[1] "Completed Nevada @ 2025-05-14 10:35:24"
[1] "Nevada is 70.8% complete."
[1] "Completed Nevada @ 2025-05-14 10:35:24"
[1] "Nevada is 72.9% complete."
[1] "Completed Nevada @ 2025-05-14 10:35:24"
[1] "Nevada is 75% complete."
[1] "Completed Nevada @ 2025-05-14 10:35:24"
[1] "Nevada is 77.1% complete."
[1] "Completed Nevada @ 2025-05-14 10:35:25"
[1] "Nevada is 79.2% complete."
[1] "Completed Nevada @ 2025-05-14 10:35:25"
[1] "Nevada is 81.2% complete."
[1] "Completed Nevada @ 2025-05-14 10:35:25"
[1] "Nevada is 83.3% complete."
[1] "Completed Nevada @ 2025-05-14 10:36:49"
[1] "Nevada is 85.4% complete."
[1] "Completed Nevada @ 2025-05-14 10:37:13"
[1] "Nevada is 87.5% complete."
[1] "Completed Nevada @ 2025-05-14 10:37:17"
[1] "Nevada is 89.6% complete."
[1] "Completed Nevada @ 2025-05-14 10:37:20"
[1] "Nevada is 91.7% complete."
[1] "Completed Nevada @ 2025-05-14 10:37:22"
[1] "Nevada is 93.8% complete."
[1] "Completed Nevada @ 2025-05-14 10:37:23"
[1] "Nevada is 95.8% complete."
[1] "Completed Nevada @ 2025-05-14 10:37:24"
[1] "Nevada is 97.9% complete."
[1] "Completed Nevada @ 2025-05-14 10:37:25"
[1] "Nevada is 100% complete."
[1] "Completed Nevada @ 2025-05-14 10:37:25"
Deleting layer `Pop' using driver `GPKG'
Writing layer `Pop' to data source 
  `/work/GRDVULN/sewershed/Model/Create_Boundaries/outputs/Pop_Delineated/FP_32.gpkg' using driver `GPKG'
Writing 48 features with 10 fields and geometry type Unknown (any).
[1] "SCRIPT COMPLETE @ 2025-05-14 10:37:32"
