[1] "Starting New Mexico"
Reading layer `cb_2021_us_state_500k' from data source 
  `/work/GRDVULN/data/cb_2021_us_all_500k.gdb' using driver `OpenFileGDB'
Simple feature collection with 56 features and 9 fields
Geometry type: MULTIPOLYGON
Dimension:     XY
Bounding box:  xmin: -179.1489 ymin: -14.5487 xmax: 179.7785 ymax: 71.36516
Geodetic CRS:  NAD83
[1] "Building 118 systems"
[1] "New Mexico is 0.8% complete."
[1] "Completed New Mexico @ 2025-05-14 10:37:17"
[1] "New Mexico is 1.7% complete."
[1] "Completed New Mexico @ 2025-05-14 10:37:18"
[1] "New Mexico is 2.5% complete."
[1] "Completed New Mexico @ 2025-05-14 10:37:20"
[1] "New Mexico is 3.4% complete."
[1] "Completed New Mexico @ 2025-05-14 10:37:22"
[1] "New Mexico is 4.2% complete."
[1] "Completed New Mexico @ 2025-05-14 10:37:23"
[1] "New Mexico is 5.1% complete."
[1] "Completed New Mexico @ 2025-05-14 10:37:23"
[1] "New Mexico is 5.9% complete."
[1] "Completed New Mexico @ 2025-05-14 10:37:23"
[1] "New Mexico is 6.8% complete."
[1] "Completed New Mexico @ 2025-05-14 10:37:23"
[1] "New Mexico is 7.6% complete."
[1] "Completed New Mexico @ 2025-05-14 10:37:23"
[1] "New Mexico is 8.5% complete."
[1] "Completed New Mexico @ 2025-05-14 10:37:23"
[1] "New Mexico is 9.3% complete."
[1] "Completed New Mexico @ 2025-05-14 10:37:24"
[1] "New Mexico is 10.2% complete."
[1] "Completed New Mexico @ 2025-05-14 10:37:24"
[1] "New Mexico is 11% complete."
[1] "Completed New Mexico @ 2025-05-14 10:37:24"
[1] "New Mexico is 11.9% complete."
[1] "Completed New Mexico @ 2025-05-14 10:37:24"
[1] "New Mexico is 12.7% complete."
[1] "Completed New Mexico @ 2025-05-14 10:37:24"
[1] "New Mexico is 13.6% complete."
[1] "Completed New Mexico @ 2025-05-14 10:37:24"
[1] "New Mexico is 14.4% complete."
[1] "Completed New Mexico @ 2025-05-14 10:37:24"
[1] "New Mexico is 15.3% complete."
[1] "Completed New Mexico @ 2025-05-14 10:37:24"
[1] "New Mexico is 16.1% complete."
[1] "Completed New Mexico @ 2025-05-14 10:37:24"
[1] "New Mexico is 16.9% complete."
[1] "Completed New Mexico @ 2025-05-14 10:37:24"
[1] "New Mexico is 17.8% complete."
[1] "Completed New Mexico @ 2025-05-14 10:37:24"
[1] "New Mexico is 18.6% complete."
[1] "Completed New Mexico @ 2025-05-14 10:37:24"
[1] "New Mexico is 19.5% complete."
[1] "Completed New Mexico @ 2025-05-14 10:37:24"
[1] "New Mexico is 20.3% complete."
[1] "Completed New Mexico @ 2025-05-14 10:37:25"
[1] "New Mexico is 21.2% complete."
[1] "Completed New Mexico @ 2025-05-14 10:37:25"
[1] "New Mexico is 22% complete."
[1] "Completed New Mexico @ 2025-05-14 10:37:25"
[1] "New Mexico is 22.9% complete."
[1] "Completed New Mexico @ 2025-05-14 10:37:25"
[1] "New Mexico is 23.7% complete."
[1] "Completed New Mexico @ 2025-05-14 10:37:25"
[1] "New Mexico is 24.6% complete."
[1] "Completed New Mexico @ 2025-05-14 10:37:25"
[1] "New Mexico is 25.4% complete."
[1] "Completed New Mexico @ 2025-05-14 10:37:25"
[1] "New Mexico is 26.3% complete."
[1] "Completed New Mexico @ 2025-05-14 10:37:25"
[1] "New Mexico is 27.1% complete."
[1] "Completed New Mexico @ 2025-05-14 10:37:26"
[1] "New Mexico is 28% complete."
[1] "Completed New Mexico @ 2025-05-14 10:37:26"
[1] "New Mexico is 28.8% complete."
[1] "Completed New Mexico @ 2025-05-14 10:37:26"
[1] "New Mexico is 29.7% complete."
[1] "Completed New Mexico @ 2025-05-14 10:37:26"
[1] "New Mexico is 30.5% complete."
[1] "Completed New Mexico @ 2025-05-14 10:37:27"
[1] "New Mexico is 31.4% complete."
[1] "Completed New Mexico @ 2025-05-14 10:37:27"
[1] "New Mexico is 32.2% complete."
[1] "Completed New Mexico @ 2025-05-14 10:37:27"
[1] "New Mexico is 33.1% complete."
[1] "Completed New Mexico @ 2025-05-14 10:37:27"
[1] "New Mexico is 33.9% complete."
[1] "Completed New Mexico @ 2025-05-14 10:37:27"
[1] "New Mexico is 34.7% complete."
[1] "Completed New Mexico @ 2025-05-14 10:37:27"
[1] "New Mexico is 35.6% complete."
[1] "Completed New Mexico @ 2025-05-14 10:37:27"
[1] "New Mexico is 36.4% complete."
[1] "Completed New Mexico @ 2025-05-14 10:37:27"
[1] "New Mexico is 37.3% complete."
[1] "Completed New Mexico @ 2025-05-14 10:37:27"
[1] "New Mexico is 38.1% complete."
[1] "Completed New Mexico @ 2025-05-14 10:37:27"
[1] "New Mexico is 39% complete."
[1] "Completed New Mexico @ 2025-05-14 10:37:28"
[1] "New Mexico is 39.8% complete."
[1] "Completed New Mexico @ 2025-05-14 10:37:28"
[1] "New Mexico is 40.7% complete."
[1] "Completed New Mexico @ 2025-05-14 10:37:28"
[1] "New Mexico is 41.5% complete."
[1] "Completed New Mexico @ 2025-05-14 10:37:28"
[1] "New Mexico is 42.4% complete."
[1] "Completed New Mexico @ 2025-05-14 10:37:28"
[1] "New Mexico is 43.2% complete."
[1] "Completed New Mexico @ 2025-05-14 10:37:28"
[1] "New Mexico is 44.1% complete."
[1] "Completed New Mexico @ 2025-05-14 10:37:28"
[1] "New Mexico is 44.9% complete."
[1] "Completed New Mexico @ 2025-05-14 10:37:28"
[1] "New Mexico is 45.8% complete."
[1] "Completed New Mexico @ 2025-05-14 10:37:28"
[1] "New Mexico is 46.6% complete."
[1] "Completed New Mexico @ 2025-05-14 10:37:28"
[1] "New Mexico is 47.5% complete."
[1] "Completed New Mexico @ 2025-05-14 10:37:28"
[1] "New Mexico is 48.3% complete."
[1] "Completed New Mexico @ 2025-05-14 10:37:29"
[1] "New Mexico is 49.2% complete."
[1] "Completed New Mexico @ 2025-05-14 10:37:29"
[1] "New Mexico is 50% complete."
[1] "Completed New Mexico @ 2025-05-14 10:37:29"
[1] "New Mexico is 50.8% complete."
[1] "Completed New Mexico @ 2025-05-14 10:37:29"
[1] "New Mexico is 51.7% complete."
[1] "Completed New Mexico @ 2025-05-14 10:37:29"
[1] "New Mexico is 52.5% complete."
[1] "Completed New Mexico @ 2025-05-14 10:37:29"
[1] "New Mexico is 53.4% complete."
[1] "Completed New Mexico @ 2025-05-14 10:37:29"
[1] "New Mexico is 54.2% complete."
[1] "Completed New Mexico @ 2025-05-14 10:37:29"
[1] "New Mexico is 55.1% complete."
[1] "Completed New Mexico @ 2025-05-14 10:37:29"
[1] "New Mexico is 55.9% complete."
[1] "Completed New Mexico @ 2025-05-14 10:37:29"
[1] "New Mexico is 56.8% complete."
[1] "Completed New Mexico @ 2025-05-14 10:37:30"
[1] "New Mexico is 57.6% complete."
[1] "Completed New Mexico @ 2025-05-14 10:37:30"
[1] "New Mexico is 58.5% complete."
[1] "Completed New Mexico @ 2025-05-14 10:37:30"
[1] "New Mexico is 59.3% complete."
[1] "Completed New Mexico @ 2025-05-14 10:37:30"
[1] "New Mexico is 60.2% complete."
[1] "Completed New Mexico @ 2025-05-14 10:37:31"
[1] "New Mexico is 61% complete."
[1] "Completed New Mexico @ 2025-05-14 10:37:31"
[1] "New Mexico is 61.9% complete."
[1] "Completed New Mexico @ 2025-05-14 10:37:31"
[1] "New Mexico is 62.7% complete."
[1] "Completed New Mexico @ 2025-05-14 10:37:31"
[1] "New Mexico is 63.6% complete."
[1] "Completed New Mexico @ 2025-05-14 10:37:31"
[1] "New Mexico is 64.4% complete."
[1] "Completed New Mexico @ 2025-05-14 10:37:31"
[1] "New Mexico is 65.3% complete."
[1] "Completed New Mexico @ 2025-05-14 10:37:31"
[1] "New Mexico is 66.1% complete."
[1] "Completed New Mexico @ 2025-05-14 10:37:32"
[1] "New Mexico is 66.9% complete."
[1] "Completed New Mexico @ 2025-05-14 10:37:32"
[1] "New Mexico is 67.8% complete."
[1] "Completed New Mexico @ 2025-05-14 10:37:32"
[1] "New Mexico is 68.6% complete."
[1] "Completed New Mexico @ 2025-05-14 10:37:32"
[1] "New Mexico is 69.5% complete."
[1] "Completed New Mexico @ 2025-05-14 10:37:32"
[1] "New Mexico is 70.3% complete."
[1] "Completed New Mexico @ 2025-05-14 10:37:32"
[1] "New Mexico is 71.2% complete."
[1] "Completed New Mexico @ 2025-05-14 10:37:32"
[1] "New Mexico is 72% complete."
[1] "Completed New Mexico @ 2025-05-14 10:37:33"
[1] "New Mexico is 72.9% complete."
[1] "Completed New Mexico @ 2025-05-14 10:37:33"
[1] "New Mexico is 73.7% complete."
[1] "Completed New Mexico @ 2025-05-14 10:37:33"
[1] "New Mexico is 74.6% complete."
[1] "Completed New Mexico @ 2025-05-14 10:37:33"
[1] "New Mexico is 75.4% complete."
[1] "Completed New Mexico @ 2025-05-14 10:37:33"
[1] "New Mexico is 76.3% complete."
[1] "Completed New Mexico @ 2025-05-14 10:37:33"
[1] "New Mexico is 77.1% complete."
[1] "Completed New Mexico @ 2025-05-14 10:37:33"
[1] "New Mexico is 78% complete."
[1] "Completed New Mexico @ 2025-05-14 10:37:33"
[1] "New Mexico is 78.8% complete."
[1] "Completed New Mexico @ 2025-05-14 10:37:33"
[1] "New Mexico is 79.7% complete."
[1] "Completed New Mexico @ 2025-05-14 10:37:34"
[1] "New Mexico is 80.5% complete."
[1] "Completed New Mexico @ 2025-05-14 10:37:34"
[1] "New Mexico is 81.4% complete."
[1] "Completed New Mexico @ 2025-05-14 10:37:34"
[1] "New Mexico is 82.2% complete."
[1] "Completed New Mexico @ 2025-05-14 10:37:34"
[1] "New Mexico is 83.1% complete."
[1] "Completed New Mexico @ 2025-05-14 10:37:35"
[1] "New Mexico is 83.9% complete."
[1] "Completed New Mexico @ 2025-05-14 10:37:35"
[1] "New Mexico is 84.7% complete."
[1] "Completed New Mexico @ 2025-05-14 10:37:35"
[1] "New Mexico is 85.6% complete."
[1] "Completed New Mexico @ 2025-05-14 10:37:35"
[1] "New Mexico is 86.4% complete."
[1] "Completed New Mexico @ 2025-05-14 10:37:35"
[1] "New Mexico is 87.3% complete."
[1] "Completed New Mexico @ 2025-05-14 10:37:36"
[1] "New Mexico is 88.1% complete."
[1] "Completed New Mexico @ 2025-05-14 10:37:36"
[1] "New Mexico is 89% complete."
[1] "Completed New Mexico @ 2025-05-14 10:37:36"
[1] "New Mexico is 89.8% complete."
[1] "Completed New Mexico @ 2025-05-14 10:37:36"
[1] "New Mexico is 90.7% complete."
[1] "Completed New Mexico @ 2025-05-14 10:37:36"
[1] "New Mexico is 91.5% complete."
[1] "Completed New Mexico @ 2025-05-14 10:37:36"
[1] "New Mexico is 92.4% complete."
[1] "Completed New Mexico @ 2025-05-14 10:37:37"
[1] "New Mexico is 93.2% complete."
[1] "Completed New Mexico @ 2025-05-14 10:37:37"
[1] "New Mexico is 94.1% complete."
[1] "Completed New Mexico @ 2025-05-14 10:37:37"
[1] "New Mexico is 94.9% complete."
[1] "Completed New Mexico @ 2025-05-14 10:37:38"
[1] "New Mexico is 95.8% complete."
[1] "Completed New Mexico @ 2025-05-14 10:37:38"
[1] "New Mexico is 96.6% complete."
[1] "Completed New Mexico @ 2025-05-14 10:37:38"
[1] "New Mexico is 97.5% complete."
[1] "Completed New Mexico @ 2025-05-14 10:37:38"
[1] "New Mexico is 98.3% complete."
[1] "Completed New Mexico @ 2025-05-14 10:37:39"
[1] "New Mexico is 99.2% complete."
[1] "Completed New Mexico @ 2025-05-14 10:37:40"
[1] "New Mexico is 100% complete."
[1] "Completed New Mexico @ 2025-05-14 10:37:41"
Deleting layer `Pop' using driver `GPKG'
Writing layer `Pop' to data source 
  `/work/GRDVULN/sewershed/Model/Create_Boundaries/outputs/Pop_Delineated/FP_35.gpkg' using driver `GPKG'
Writing 118 features with 10 fields and geometry type Unknown (any).
[1] "SCRIPT COMPLETE @ 2025-05-14 10:37:51"
