[1] "Starting New York"
Reading layer `cb_2021_us_state_500k' from data source 
  `/work/GRDVULN/data/cb_2021_us_all_500k.gdb' using driver `OpenFileGDB'
Simple feature collection with 56 features and 9 fields
Geometry type: MULTIPOLYGON
Dimension:     XY
Bounding box:  xmin: -179.1489 ymin: -14.5487 xmax: 179.7785 ymax: 71.36516
Geodetic CRS:  NAD83
[1] "Building 21 systems"
[1] "New York is 4.8% complete."
[1] "Completed New York @ 2025-05-14 10:38:56"
[1] "New York is 9.5% complete."
[1] "Completed New York @ 2025-05-14 10:38:56"
[1] "New York is 14.3% complete."
[1] "Completed New York @ 2025-05-14 10:38:57"
[1] "New York is 19% complete."
[1] "Completed New York @ 2025-05-14 10:38:57"
[1] "New York is 23.8% complete."
[1] "Completed New York @ 2025-05-14 10:38:57"
[1] "New York is 28.6% complete."
[1] "Completed New York @ 2025-05-14 10:38:57"
[1] "New York is 33.3% complete."
[1] "Completed New York @ 2025-05-14 10:38:57"
[1] "New York is 38.1% complete."
[1] "Completed New York @ 2025-05-14 10:38:57"
[1] "New York is 42.9% complete."
[1] "Completed New York @ 2025-05-14 10:38:57"
[1] "New York is 47.6% complete."
[1] "Completed New York @ 2025-05-14 10:38:57"
[1] "New York is 52.4% complete."
[1] "Completed New York @ 2025-05-14 10:38:57"
[1] "New York is 57.1% complete."
[1] "Completed New York @ 2025-05-14 10:38:57"
[1] "New York is 61.9% complete."
[1] "Completed New York @ 2025-05-14 10:38:57"
[1] "New York is 66.7% complete."
[1] "Completed New York @ 2025-05-14 10:38:57"
[1] "New York is 71.4% complete."
[1] "Completed New York @ 2025-05-14 10:38:57"
[1] "New York is 76.2% complete."
[1] "Completed New York @ 2025-05-14 10:38:57"
[1] "New York is 81% complete."
[1] "Completed New York @ 2025-05-14 10:38:57"
[1] "New York is 85.7% complete."
[1] "Completed New York @ 2025-05-14 10:38:57"
[1] "New York is 90.5% complete."
[1] "Completed New York @ 2025-05-14 10:38:58"
[1] "New York is 95.2% complete."
[1] "Completed New York @ 2025-05-14 10:38:58"
[1] "New York is 100% complete."
[1] "Completed New York @ 2025-05-14 10:38:58"
Deleting layer `Pop' using driver `GPKG'
Writing layer `Pop' to data source 
  `/work/GRDVULN/sewershed/Model/Create_Boundaries/outputs/Pop_Delineated/FP_36.gpkg' using driver `GPKG'
Writing 21 features with 10 fields and geometry type Unknown (any).
[1] "SCRIPT COMPLETE @ 2025-05-14 10:38:58"
