[1] "Starting North Carolina"
Reading layer `cb_2021_us_state_500k' from data source 
  `/work/GRDVULN/data/cb_2021_us_all_500k.gdb' using driver `OpenFileGDB'
Simple feature collection with 56 features and 9 fields
Geometry type: MULTIPOLYGON
Dimension:     XY
Bounding box:  xmin: -179.1489 ymin: -14.5487 xmax: 179.7785 ymax: 71.36516
Geodetic CRS:  NAD83
[1] "Building 95 systems"
[1] "North Carolina is 1.1% complete."
[1] "Completed North Carolina @ 2025-05-14 10:38:21"
[1] "North Carolina is 2.1% complete."
[1] "Completed North Carolina @ 2025-05-14 10:38:21"
[1] "North Carolina is 3.2% complete."
[1] "Completed North Carolina @ 2025-05-14 10:38:21"
[1] "North Carolina is 4.2% complete."
[1] "Completed North Carolina @ 2025-05-14 10:38:22"
[1] "North Carolina is 5.3% complete."
[1] "Completed North Carolina @ 2025-05-14 10:38:22"
[1] "North Carolina is 6.3% complete."
[1] "Completed North Carolina @ 2025-05-14 10:38:22"
[1] "North Carolina is 7.4% complete."
[1] "Completed North Carolina @ 2025-05-14 10:38:22"
[1] "North Carolina is 8.4% complete."
[1] "Completed North Carolina @ 2025-05-14 10:38:22"
[1] "North Carolina is 9.5% complete."
[1] "Completed North Carolina @ 2025-05-14 10:38:22"
[1] "North Carolina is 10.5% complete."
[1] "Completed North Carolina @ 2025-05-14 10:38:22"
[1] "North Carolina is 11.6% complete."
[1] "Completed North Carolina @ 2025-05-14 10:38:22"
[1] "North Carolina is 12.6% complete."
[1] "Completed North Carolina @ 2025-05-14 10:38:22"
[1] "North Carolina is 13.7% complete."
[1] "Completed North Carolina @ 2025-05-14 10:38:22"
[1] "North Carolina is 14.7% complete."
[1] "Completed North Carolina @ 2025-05-14 10:38:22"
[1] "North Carolina is 15.8% complete."
[1] "Completed North Carolina @ 2025-05-14 10:38:22"
[1] "North Carolina is 16.8% complete."
[1] "Completed North Carolina @ 2025-05-14 10:38:22"
[1] "North Carolina is 17.9% complete."
[1] "Completed North Carolina @ 2025-05-14 10:38:22"
[1] "North Carolina is 18.9% complete."
[1] "Completed North Carolina @ 2025-05-14 10:38:22"
[1] "North Carolina is 20% complete."
[1] "Completed North Carolina @ 2025-05-14 10:38:23"
[1] "North Carolina is 21.1% complete."
[1] "Completed North Carolina @ 2025-05-14 10:38:23"
[1] "North Carolina is 22.1% complete."
[1] "Completed North Carolina @ 2025-05-14 10:38:23"
[1] "North Carolina is 23.2% complete."
[1] "Completed North Carolina @ 2025-05-14 10:38:23"
[1] "North Carolina is 24.2% complete."
[1] "Completed North Carolina @ 2025-05-14 10:38:23"
[1] "North Carolina is 25.3% complete."
[1] "Completed North Carolina @ 2025-05-14 10:38:23"
[1] "North Carolina is 26.3% complete."
[1] "Completed North Carolina @ 2025-05-14 10:38:23"
[1] "North Carolina is 27.4% complete."
[1] "Completed North Carolina @ 2025-05-14 10:38:23"
[1] "North Carolina is 28.4% complete."
[1] "Completed North Carolina @ 2025-05-14 10:38:23"
[1] "North Carolina is 29.5% complete."
[1] "Completed North Carolina @ 2025-05-14 10:38:23"
[1] "North Carolina is 30.5% complete."
[1] "Completed North Carolina @ 2025-05-14 10:38:23"
[1] "North Carolina is 31.6% complete."
[1] "Completed North Carolina @ 2025-05-14 10:38:24"
[1] "North Carolina is 32.6% complete."
[1] "Completed North Carolina @ 2025-05-14 10:38:24"
[1] "North Carolina is 33.7% complete."
[1] "Completed North Carolina @ 2025-05-14 10:38:24"
[1] "North Carolina is 34.7% complete."
[1] "Completed North Carolina @ 2025-05-14 10:38:24"
[1] "North Carolina is 35.8% complete."
[1] "Completed North Carolina @ 2025-05-14 10:38:24"
[1] "North Carolina is 36.8% complete."
[1] "Completed North Carolina @ 2025-05-14 10:38:24"
[1] "North Carolina is 37.9% complete."
[1] "Completed North Carolina @ 2025-05-14 10:38:24"
[1] "North Carolina is 38.9% complete."
[1] "Completed North Carolina @ 2025-05-14 10:38:24"
[1] "North Carolina is 40% complete."
[1] "Completed North Carolina @ 2025-05-14 10:38:24"
[1] "North Carolina is 41.1% complete."
[1] "Completed North Carolina @ 2025-05-14 10:38:24"
[1] "North Carolina is 42.1% complete."
[1] "Completed North Carolina @ 2025-05-14 10:38:25"
[1] "North Carolina is 43.2% complete."
[1] "Completed North Carolina @ 2025-05-14 10:38:25"
[1] "North Carolina is 44.2% complete."
[1] "Completed North Carolina @ 2025-05-14 10:38:25"
[1] "North Carolina is 45.3% complete."
[1] "Completed North Carolina @ 2025-05-14 10:38:25"
[1] "North Carolina is 46.3% complete."
[1] "Completed North Carolina @ 2025-05-14 10:38:25"
[1] "North Carolina is 47.4% complete."
[1] "Completed North Carolina @ 2025-05-14 10:38:25"
[1] "North Carolina is 48.4% complete."
[1] "Completed North Carolina @ 2025-05-14 10:38:25"
[1] "North Carolina is 49.5% complete."
[1] "Completed North Carolina @ 2025-05-14 10:38:25"
[1] "North Carolina is 50.5% complete."
[1] "Completed North Carolina @ 2025-05-14 10:38:25"
[1] "North Carolina is 51.6% complete."
[1] "Completed North Carolina @ 2025-05-14 10:38:25"
[1] "North Carolina is 52.6% complete."
[1] "Completed North Carolina @ 2025-05-14 10:38:25"
[1] "North Carolina is 53.7% complete."
[1] "Completed North Carolina @ 2025-05-14 10:38:25"
[1] "North Carolina is 54.7% complete."
[1] "Completed North Carolina @ 2025-05-14 10:38:26"
[1] "North Carolina is 55.8% complete."
[1] "Completed North Carolina @ 2025-05-14 10:38:26"
[1] "North Carolina is 56.8% complete."
[1] "Completed North Carolina @ 2025-05-14 10:38:26"
[1] "North Carolina is 57.9% complete."
[1] "Completed North Carolina @ 2025-05-14 10:38:26"
[1] "North Carolina is 58.9% complete."
[1] "Completed North Carolina @ 2025-05-14 10:38:26"
[1] "North Carolina is 60% complete."
[1] "Completed North Carolina @ 2025-05-14 10:38:26"
[1] "North Carolina is 61.1% complete."
[1] "Completed North Carolina @ 2025-05-14 10:38:27"
[1] "North Carolina is 62.1% complete."
[1] "Completed North Carolina @ 2025-05-14 10:38:27"
[1] "North Carolina is 63.2% complete."
[1] "Completed North Carolina @ 2025-05-14 10:38:27"
[1] "North Carolina is 64.2% complete."
[1] "Completed North Carolina @ 2025-05-14 10:38:27"
[1] "North Carolina is 65.3% complete."
[1] "Completed North Carolina @ 2025-05-14 10:38:27"
[1] "North Carolina is 66.3% complete."
[1] "Completed North Carolina @ 2025-05-14 10:38:27"
[1] "North Carolina is 67.4% complete."
[1] "Completed North Carolina @ 2025-05-14 10:38:27"
[1] "North Carolina is 68.4% complete."
[1] "Completed North Carolina @ 2025-05-14 10:38:28"
[1] "North Carolina is 69.5% complete."
[1] "Completed North Carolina @ 2025-05-14 10:38:28"
[1] "North Carolina is 70.5% complete."
[1] "Completed North Carolina @ 2025-05-14 10:38:28"
[1] "North Carolina is 71.6% complete."
[1] "Completed North Carolina @ 2025-05-14 10:38:28"
[1] "North Carolina is 72.6% complete."
[1] "Completed North Carolina @ 2025-05-14 10:38:28"
[1] "North Carolina is 73.7% complete."
[1] "Completed North Carolina @ 2025-05-14 10:38:29"
[1] "North Carolina is 74.7% complete."
[1] "Completed North Carolina @ 2025-05-14 10:38:29"
[1] "North Carolina is 75.8% complete."
[1] "Completed North Carolina @ 2025-05-14 10:38:29"
[1] "North Carolina is 76.8% complete."
[1] "Completed North Carolina @ 2025-05-14 10:38:29"
[1] "North Carolina is 77.9% complete."
[1] "Completed North Carolina @ 2025-05-14 10:38:29"
[1] "North Carolina is 78.9% complete."
[1] "Completed North Carolina @ 2025-05-14 10:38:29"
[1] "North Carolina is 80% complete."
[1] "Completed North Carolina @ 2025-05-14 10:38:30"
[1] "North Carolina is 81.1% complete."
[1] "Completed North Carolina @ 2025-05-14 10:38:30"
[1] "North Carolina is 82.1% complete."
[1] "Completed North Carolina @ 2025-05-14 10:38:30"
[1] "North Carolina is 83.2% complete."
[1] "Completed North Carolina @ 2025-05-14 10:38:31"
[1] "North Carolina is 84.2% complete."
[1] "Completed North Carolina @ 2025-05-14 10:38:31"
[1] "North Carolina is 85.3% complete."
[1] "Completed North Carolina @ 2025-05-14 10:38:32"
[1] "North Carolina is 86.3% complete."
[1] "Completed North Carolina @ 2025-05-14 10:38:32"
[1] "North Carolina is 87.4% complete."
[1] "Completed North Carolina @ 2025-05-14 10:38:33"
[1] "North Carolina is 88.4% complete."
[1] "Completed North Carolina @ 2025-05-14 10:38:33"
[1] "North Carolina is 89.5% complete."
[1] "Completed North Carolina @ 2025-05-14 10:38:34"
[1] "North Carolina is 90.5% complete."
[1] "Completed North Carolina @ 2025-05-14 10:38:34"
[1] "North Carolina is 91.6% complete."
[1] "Completed North Carolina @ 2025-05-14 10:38:34"
[1] "North Carolina is 92.6% complete."
[1] "Completed North Carolina @ 2025-05-14 10:38:35"
[1] "North Carolina is 93.7% complete."
[1] "Completed North Carolina @ 2025-05-14 10:38:36"
[1] "North Carolina is 94.7% complete."
[1] "Completed North Carolina @ 2025-05-14 10:38:37"
[1] "North Carolina is 95.8% complete."
[1] "Completed North Carolina @ 2025-05-14 10:38:37"
[1] "North Carolina is 96.8% complete."
[1] "Completed North Carolina @ 2025-05-14 10:38:38"
[1] "North Carolina is 97.9% complete."
[1] "Completed North Carolina @ 2025-05-14 10:38:38"
[1] "North Carolina is 98.9% complete."
[1] "Completed North Carolina @ 2025-05-14 10:38:41"
[1] "North Carolina is 100% complete."
[1] "Completed North Carolina @ 2025-05-14 10:38:42"
Deleting layer `Pop' using driver `GPKG'
Writing layer `Pop' to data source 
  `/work/GRDVULN/sewershed/Model/Create_Boundaries/outputs/Pop_Delineated/FP_37.gpkg' using driver `GPKG'
Writing 95 features with 10 fields and geometry type Unknown (any).
[1] "SCRIPT COMPLETE @ 2025-05-14 10:38:53"
