[1] "Starting North Dakota"
Reading layer `cb_2021_us_state_500k' from data source 
  `/work/GRDVULN/data/cb_2021_us_all_500k.gdb' using driver `OpenFileGDB'
Simple feature collection with 56 features and 9 fields
Geometry type: MULTIPOLYGON
Dimension:     XY
Bounding box:  xmin: -179.1489 ymin: -14.5487 xmax: 179.7785 ymax: 71.36516
Geodetic CRS:  NAD83
[1] "Building 266 systems"
[1] "North Dakota is 0.4% complete."
[1] "Completed North Dakota @ 2025-05-14 10:37:53"
[1] "North Dakota is 0.8% complete."
[1] "Completed North Dakota @ 2025-05-14 10:37:53"
[1] "North Dakota is 1.1% complete."
[1] "Completed North Dakota @ 2025-05-14 10:37:53"
[1] "North Dakota is 1.5% complete."
[1] "Completed North Dakota @ 2025-05-14 10:37:53"
[1] "North Dakota is 1.9% complete."
[1] "Completed North Dakota @ 2025-05-14 10:37:53"
[1] "North Dakota is 2.3% complete."
[1] "Completed North Dakota @ 2025-05-14 10:37:53"
[1] "North Dakota is 2.6% complete."
[1] "Completed North Dakota @ 2025-05-14 10:37:53"
[1] "North Dakota is 3% complete."
[1] "Completed North Dakota @ 2025-05-14 10:37:53"
[1] "North Dakota is 3.4% complete."
[1] "Completed North Dakota @ 2025-05-14 10:37:53"
[1] "North Dakota is 3.8% complete."
[1] "Completed North Dakota @ 2025-05-14 10:37:53"
[1] "North Dakota is 4.1% complete."
[1] "Completed North Dakota @ 2025-05-14 10:37:53"
[1] "North Dakota is 4.5% complete."
[1] "Completed North Dakota @ 2025-05-14 10:37:53"
[1] "North Dakota is 4.9% complete."
[1] "Completed North Dakota @ 2025-05-14 10:37:53"
[1] "North Dakota is 5.3% complete."
[1] "Completed North Dakota @ 2025-05-14 10:37:53"
[1] "North Dakota is 5.6% complete."
[1] "Completed North Dakota @ 2025-05-14 10:37:53"
[1] "North Dakota is 6% complete."
[1] "Completed North Dakota @ 2025-05-14 10:37:53"
[1] "North Dakota is 6.4% complete."
[1] "Completed North Dakota @ 2025-05-14 10:37:53"
[1] "North Dakota is 6.8% complete."
[1] "Completed North Dakota @ 2025-05-14 10:37:54"
[1] "North Dakota is 7.1% complete."
[1] "Completed North Dakota @ 2025-05-14 10:37:54"
[1] "North Dakota is 7.5% complete."
[1] "Completed North Dakota @ 2025-05-14 10:37:54"
[1] "North Dakota is 7.9% complete."
[1] "Completed North Dakota @ 2025-05-14 10:37:54"
[1] "North Dakota is 8.3% complete."
[1] "Completed North Dakota @ 2025-05-14 10:37:54"
[1] "North Dakota is 8.6% complete."
[1] "Completed North Dakota @ 2025-05-14 10:37:54"
[1] "North Dakota is 9% complete."
[1] "Completed North Dakota @ 2025-05-14 10:37:54"
[1] "North Dakota is 9.4% complete."
[1] "Completed North Dakota @ 2025-05-14 10:37:54"
[1] "North Dakota is 9.8% complete."
[1] "Completed North Dakota @ 2025-05-14 10:37:54"
[1] "North Dakota is 10.2% complete."
[1] "Completed North Dakota @ 2025-05-14 10:37:54"
[1] "North Dakota is 10.5% complete."
[1] "Completed North Dakota @ 2025-05-14 10:37:54"
[1] "North Dakota is 10.9% complete."
[1] "Completed North Dakota @ 2025-05-14 10:37:54"
[1] "North Dakota is 11.3% complete."
[1] "Completed North Dakota @ 2025-05-14 10:37:54"
[1] "North Dakota is 11.7% complete."
[1] "Completed North Dakota @ 2025-05-14 10:37:55"
[1] "North Dakota is 12% complete."
[1] "Completed North Dakota @ 2025-05-14 10:37:55"
[1] "North Dakota is 12.4% complete."
[1] "Completed North Dakota @ 2025-05-14 10:37:55"
[1] "North Dakota is 12.8% complete."
[1] "Completed North Dakota @ 2025-05-14 10:37:55"
[1] "North Dakota is 13.2% complete."
[1] "Completed North Dakota @ 2025-05-14 10:37:55"
[1] "North Dakota is 13.5% complete."
[1] "Completed North Dakota @ 2025-05-14 10:37:55"
[1] "North Dakota is 13.9% complete."
[1] "Completed North Dakota @ 2025-05-14 10:37:55"
[1] "North Dakota is 14.3% complete."
[1] "Completed North Dakota @ 2025-05-14 10:37:55"
[1] "North Dakota is 14.7% complete."
[1] "Completed North Dakota @ 2025-05-14 10:37:55"
[1] "North Dakota is 15% complete."
[1] "Completed North Dakota @ 2025-05-14 10:37:55"
[1] "North Dakota is 15.4% complete."
[1] "Completed North Dakota @ 2025-05-14 10:37:55"
[1] "North Dakota is 15.8% complete."
[1] "Completed North Dakota @ 2025-05-14 10:37:55"
[1] "North Dakota is 16.2% complete."
[1] "Completed North Dakota @ 2025-05-14 10:37:55"
[1] "North Dakota is 16.5% complete."
[1] "Completed North Dakota @ 2025-05-14 10:37:55"
[1] "North Dakota is 16.9% complete."
[1] "Completed North Dakota @ 2025-05-14 10:37:56"
[1] "North Dakota is 17.3% complete."
[1] "Completed North Dakota @ 2025-05-14 10:37:56"
[1] "North Dakota is 17.7% complete."
[1] "Completed North Dakota @ 2025-05-14 10:37:56"
[1] "North Dakota is 18% complete."
[1] "Completed North Dakota @ 2025-05-14 10:37:56"
[1] "North Dakota is 18.4% complete."
[1] "Completed North Dakota @ 2025-05-14 10:37:56"
[1] "North Dakota is 18.8% complete."
[1] "Completed North Dakota @ 2025-05-14 10:37:56"
[1] "North Dakota is 19.2% complete."
[1] "Completed North Dakota @ 2025-05-14 10:37:56"
[1] "North Dakota is 19.5% complete."
[1] "Completed North Dakota @ 2025-05-14 10:37:56"
[1] "North Dakota is 19.9% complete."
[1] "Completed North Dakota @ 2025-05-14 10:37:56"
[1] "North Dakota is 20.3% complete."
[1] "Completed North Dakota @ 2025-05-14 10:37:56"
[1] "North Dakota is 20.7% complete."
[1] "Completed North Dakota @ 2025-05-14 10:37:56"
[1] "North Dakota is 21.1% complete."
[1] "Completed North Dakota @ 2025-05-14 10:37:56"
[1] "North Dakota is 21.4% complete."
[1] "Completed North Dakota @ 2025-05-14 10:37:56"
[1] "North Dakota is 21.8% complete."
[1] "Completed North Dakota @ 2025-05-14 10:37:56"
[1] "North Dakota is 22.2% complete."
[1] "Completed North Dakota @ 2025-05-14 10:37:56"
[1] "North Dakota is 22.6% complete."
[1] "Completed North Dakota @ 2025-05-14 10:37:56"
[1] "North Dakota is 22.9% complete."
[1] "Completed North Dakota @ 2025-05-14 10:37:56"
[1] "North Dakota is 23.3% complete."
[1] "Completed North Dakota @ 2025-05-14 10:37:56"
[1] "North Dakota is 23.7% complete."
[1] "Completed North Dakota @ 2025-05-14 10:37:56"
[1] "North Dakota is 24.1% complete."
[1] "Completed North Dakota @ 2025-05-14 10:37:56"
[1] "North Dakota is 24.4% complete."
[1] "Completed North Dakota @ 2025-05-14 10:37:56"
[1] "North Dakota is 24.8% complete."
[1] "Completed North Dakota @ 2025-05-14 10:37:56"
[1] "North Dakota is 25.2% complete."
[1] "Completed North Dakota @ 2025-05-14 10:37:56"
[1] "North Dakota is 25.6% complete."
[1] "Completed North Dakota @ 2025-05-14 10:37:57"
[1] "North Dakota is 25.9% complete."
[1] "Completed North Dakota @ 2025-05-14 10:37:57"
[1] "North Dakota is 26.3% complete."
[1] "Completed North Dakota @ 2025-05-14 10:37:57"
[1] "North Dakota is 26.7% complete."
[1] "Completed North Dakota @ 2025-05-14 10:37:57"
[1] "North Dakota is 27.1% complete."
[1] "Completed North Dakota @ 2025-05-14 10:37:57"
[1] "North Dakota is 27.4% complete."
[1] "Completed North Dakota @ 2025-05-14 10:37:58"
[1] "North Dakota is 27.8% complete."
[1] "Completed North Dakota @ 2025-05-14 10:37:58"
[1] "North Dakota is 28.2% complete."
[1] "Completed North Dakota @ 2025-05-14 10:37:58"
[1] "North Dakota is 28.6% complete."
[1] "Completed North Dakota @ 2025-05-14 10:37:58"
[1] "North Dakota is 28.9% complete."
[1] "Completed North Dakota @ 2025-05-14 10:37:58"
[1] "North Dakota is 29.3% complete."
[1] "Completed North Dakota @ 2025-05-14 10:37:58"
[1] "North Dakota is 29.7% complete."
[1] "Completed North Dakota @ 2025-05-14 10:37:58"
[1] "North Dakota is 30.1% complete."
[1] "Completed North Dakota @ 2025-05-14 10:37:58"
[1] "North Dakota is 30.5% complete."
[1] "Completed North Dakota @ 2025-05-14 10:37:58"
[1] "North Dakota is 30.8% complete."
[1] "Completed North Dakota @ 2025-05-14 10:37:58"
[1] "North Dakota is 31.2% complete."
[1] "Completed North Dakota @ 2025-05-14 10:37:58"
[1] "North Dakota is 31.6% complete."
[1] "Completed North Dakota @ 2025-05-14 10:37:58"
[1] "North Dakota is 32% complete."
[1] "Completed North Dakota @ 2025-05-14 10:37:58"
[1] "North Dakota is 32.3% complete."
[1] "Completed North Dakota @ 2025-05-14 10:37:58"
[1] "North Dakota is 32.7% complete."
[1] "Completed North Dakota @ 2025-05-14 10:37:58"
[1] "North Dakota is 33.1% complete."
[1] "Completed North Dakota @ 2025-05-14 10:37:58"
[1] "North Dakota is 33.5% complete."
[1] "Completed North Dakota @ 2025-05-14 10:37:58"
[1] "North Dakota is 33.8% complete."
[1] "Completed North Dakota @ 2025-05-14 10:37:58"
[1] "North Dakota is 34.2% complete."
[1] "Completed North Dakota @ 2025-05-14 10:37:58"
[1] "North Dakota is 34.6% complete."
[1] "Completed North Dakota @ 2025-05-14 10:37:58"
[1] "North Dakota is 35% complete."
[1] "Completed North Dakota @ 2025-05-14 10:37:58"
[1] "North Dakota is 35.3% complete."
[1] "Completed North Dakota @ 2025-05-14 10:37:58"
[1] "North Dakota is 35.7% complete."
[1] "Completed North Dakota @ 2025-05-14 10:37:58"
[1] "North Dakota is 36.1% complete."
[1] "Completed North Dakota @ 2025-05-14 10:37:58"
[1] "North Dakota is 36.5% complete."
[1] "Completed North Dakota @ 2025-05-14 10:37:59"
[1] "North Dakota is 36.8% complete."
[1] "Completed North Dakota @ 2025-05-14 10:37:59"
[1] "North Dakota is 37.2% complete."
[1] "Completed North Dakota @ 2025-05-14 10:37:59"
[1] "North Dakota is 37.6% complete."
[1] "Completed North Dakota @ 2025-05-14 10:37:59"
[1] "North Dakota is 38% complete."
[1] "Completed North Dakota @ 2025-05-14 10:37:59"
[1] "North Dakota is 38.3% complete."
[1] "Completed North Dakota @ 2025-05-14 10:37:59"
[1] "North Dakota is 38.7% complete."
[1] "Completed North Dakota @ 2025-05-14 10:37:59"
[1] "North Dakota is 39.1% complete."
[1] "Completed North Dakota @ 2025-05-14 10:37:59"
[1] "North Dakota is 39.5% complete."
[1] "Completed North Dakota @ 2025-05-14 10:37:59"
[1] "North Dakota is 39.8% complete."
[1] "Completed North Dakota @ 2025-05-14 10:37:59"
[1] "North Dakota is 40.2% complete."
[1] "Completed North Dakota @ 2025-05-14 10:37:59"
[1] "North Dakota is 40.6% complete."
[1] "Completed North Dakota @ 2025-05-14 10:37:59"
[1] "North Dakota is 41% complete."
[1] "Completed North Dakota @ 2025-05-14 10:37:59"
[1] "North Dakota is 41.4% complete."
[1] "Completed North Dakota @ 2025-05-14 10:37:59"
[1] "North Dakota is 41.7% complete."
[1] "Completed North Dakota @ 2025-05-14 10:37:59"
[1] "North Dakota is 42.1% complete."
[1] "Completed North Dakota @ 2025-05-14 10:37:59"
[1] "North Dakota is 42.5% complete."
[1] "Completed North Dakota @ 2025-05-14 10:37:59"
[1] "North Dakota is 42.9% complete."
[1] "Completed North Dakota @ 2025-05-14 10:37:59"
[1] "North Dakota is 43.2% complete."
[1] "Completed North Dakota @ 2025-05-14 10:37:59"
[1] "North Dakota is 43.6% complete."
[1] "Completed North Dakota @ 2025-05-14 10:37:59"
[1] "North Dakota is 44% complete."
[1] "Completed North Dakota @ 2025-05-14 10:37:59"
[1] "North Dakota is 44.4% complete."
[1] "Completed North Dakota @ 2025-05-14 10:37:59"
[1] "North Dakota is 44.7% complete."
[1] "Completed North Dakota @ 2025-05-14 10:38:00"
[1] "North Dakota is 45.1% complete."
[1] "Completed North Dakota @ 2025-05-14 10:38:00"
[1] "North Dakota is 45.5% complete."
[1] "Completed North Dakota @ 2025-05-14 10:38:00"
[1] "North Dakota is 45.9% complete."
[1] "Completed North Dakota @ 2025-05-14 10:38:00"
[1] "North Dakota is 46.2% complete."
[1] "Completed North Dakota @ 2025-05-14 10:38:00"
[1] "North Dakota is 46.6% complete."
[1] "Completed North Dakota @ 2025-05-14 10:38:00"
[1] "North Dakota is 47% complete."
[1] "Completed North Dakota @ 2025-05-14 10:38:00"
[1] "North Dakota is 47.4% complete."
[1] "Completed North Dakota @ 2025-05-14 10:38:00"
[1] "North Dakota is 47.7% complete."
[1] "Completed North Dakota @ 2025-05-14 10:38:00"
[1] "North Dakota is 48.1% complete."
[1] "Completed North Dakota @ 2025-05-14 10:38:00"
[1] "North Dakota is 48.5% complete."
[1] "Completed North Dakota @ 2025-05-14 10:38:00"
[1] "North Dakota is 48.9% complete."
[1] "Completed North Dakota @ 2025-05-14 10:38:00"
[1] "North Dakota is 49.2% complete."
[1] "Completed North Dakota @ 2025-05-14 10:38:00"
[1] "North Dakota is 49.6% complete."
[1] "Completed North Dakota @ 2025-05-14 10:38:00"
[1] "North Dakota is 50% complete."
[1] "Completed North Dakota @ 2025-05-14 10:38:00"
[1] "North Dakota is 50.4% complete."
[1] "Completed North Dakota @ 2025-05-14 10:38:00"
[1] "North Dakota is 50.8% complete."
[1] "Completed North Dakota @ 2025-05-14 10:38:00"
[1] "North Dakota is 51.1% complete."
[1] "Completed North Dakota @ 2025-05-14 10:38:00"
[1] "North Dakota is 51.5% complete."
[1] "Completed North Dakota @ 2025-05-14 10:38:00"
[1] "North Dakota is 51.9% complete."
[1] "Completed North Dakota @ 2025-05-14 10:38:00"
[1] "North Dakota is 52.3% complete."
[1] "Completed North Dakota @ 2025-05-14 10:38:00"
[1] "North Dakota is 52.6% complete."
[1] "Completed North Dakota @ 2025-05-14 10:38:01"
[1] "North Dakota is 53% complete."
[1] "Completed North Dakota @ 2025-05-14 10:38:01"
[1] "North Dakota is 53.4% complete."
[1] "Completed North Dakota @ 2025-05-14 10:38:01"
[1] "North Dakota is 53.8% complete."
[1] "Completed North Dakota @ 2025-05-14 10:38:01"
[1] "North Dakota is 54.1% complete."
[1] "Completed North Dakota @ 2025-05-14 10:38:01"
[1] "North Dakota is 54.5% complete."
[1] "Completed North Dakota @ 2025-05-14 10:38:01"
[1] "North Dakota is 54.9% complete."
[1] "Completed North Dakota @ 2025-05-14 10:38:01"
[1] "North Dakota is 55.3% complete."
[1] "Completed North Dakota @ 2025-05-14 10:38:01"
[1] "North Dakota is 55.6% complete."
[1] "Completed North Dakota @ 2025-05-14 10:38:01"
[1] "North Dakota is 56% complete."
[1] "Completed North Dakota @ 2025-05-14 10:38:01"
[1] "North Dakota is 56.4% complete."
[1] "Completed North Dakota @ 2025-05-14 10:38:01"
[1] "North Dakota is 56.8% complete."
[1] "Completed North Dakota @ 2025-05-14 10:38:01"
[1] "North Dakota is 57.1% complete."
[1] "Completed North Dakota @ 2025-05-14 10:38:01"
[1] "North Dakota is 57.5% complete."
[1] "Completed North Dakota @ 2025-05-14 10:38:01"
[1] "North Dakota is 57.9% complete."
[1] "Completed North Dakota @ 2025-05-14 10:38:01"
[1] "North Dakota is 58.3% complete."
[1] "Completed North Dakota @ 2025-05-14 10:38:01"
[1] "North Dakota is 58.6% complete."
[1] "Completed North Dakota @ 2025-05-14 10:38:01"
[1] "North Dakota is 59% complete."
[1] "Completed North Dakota @ 2025-05-14 10:38:01"
[1] "North Dakota is 59.4% complete."
[1] "Completed North Dakota @ 2025-05-14 10:38:01"
[1] "North Dakota is 59.8% complete."
[1] "Completed North Dakota @ 2025-05-14 10:38:01"
[1] "North Dakota is 60.2% complete."
[1] "Completed North Dakota @ 2025-05-14 10:38:02"
[1] "North Dakota is 60.5% complete."
[1] "Completed North Dakota @ 2025-05-14 10:38:02"
[1] "North Dakota is 60.9% complete."
[1] "Completed North Dakota @ 2025-05-14 10:38:02"
[1] "North Dakota is 61.3% complete."
[1] "Completed North Dakota @ 2025-05-14 10:38:02"
[1] "North Dakota is 61.7% complete."
[1] "Completed North Dakota @ 2025-05-14 10:38:02"
[1] "North Dakota is 62% complete."
[1] "Completed North Dakota @ 2025-05-14 10:38:02"
[1] "North Dakota is 62.4% complete."
[1] "Completed North Dakota @ 2025-05-14 10:38:02"
[1] "North Dakota is 62.8% complete."
[1] "Completed North Dakota @ 2025-05-14 10:38:02"
[1] "North Dakota is 63.2% complete."
[1] "Completed North Dakota @ 2025-05-14 10:38:02"
[1] "North Dakota is 63.5% complete."
[1] "Completed North Dakota @ 2025-05-14 10:38:02"
[1] "North Dakota is 63.9% complete."
[1] "Completed North Dakota @ 2025-05-14 10:38:02"
[1] "North Dakota is 64.3% complete."
[1] "Completed North Dakota @ 2025-05-14 10:38:02"
[1] "North Dakota is 64.7% complete."
[1] "Completed North Dakota @ 2025-05-14 10:38:02"
[1] "North Dakota is 65% complete."
[1] "Completed North Dakota @ 2025-05-14 10:38:02"
[1] "North Dakota is 65.4% complete."
[1] "Completed North Dakota @ 2025-05-14 10:38:02"
[1] "North Dakota is 65.8% complete."
[1] "Completed North Dakota @ 2025-05-14 10:38:02"
[1] "North Dakota is 66.2% complete."
[1] "Completed North Dakota @ 2025-05-14 10:38:02"
[1] "North Dakota is 66.5% complete."
[1] "Completed North Dakota @ 2025-05-14 10:38:02"
[1] "North Dakota is 66.9% complete."
[1] "Completed North Dakota @ 2025-05-14 10:38:02"
[1] "North Dakota is 67.3% complete."
[1] "Completed North Dakota @ 2025-05-14 10:38:02"
[1] "North Dakota is 67.7% complete."
[1] "Completed North Dakota @ 2025-05-14 10:38:03"
[1] "North Dakota is 68% complete."
[1] "Completed North Dakota @ 2025-05-14 10:38:03"
[1] "North Dakota is 68.4% complete."
[1] "Completed North Dakota @ 2025-05-14 10:38:03"
[1] "North Dakota is 68.8% complete."
[1] "Completed North Dakota @ 2025-05-14 10:38:03"
[1] "North Dakota is 69.2% complete."
[1] "Completed North Dakota @ 2025-05-14 10:38:03"
[1] "North Dakota is 69.5% complete."
[1] "Completed North Dakota @ 2025-05-14 10:38:03"
[1] "North Dakota is 69.9% complete."
[1] "Completed North Dakota @ 2025-05-14 10:38:03"
[1] "North Dakota is 70.3% complete."
[1] "Completed North Dakota @ 2025-05-14 10:38:03"
[1] "North Dakota is 70.7% complete."
[1] "Completed North Dakota @ 2025-05-14 10:38:03"
[1] "North Dakota is 71.1% complete."
[1] "Completed North Dakota @ 2025-05-14 10:38:03"
[1] "North Dakota is 71.4% complete."
[1] "Completed North Dakota @ 2025-05-14 10:38:03"
[1] "North Dakota is 71.8% complete."
[1] "Completed North Dakota @ 2025-05-14 10:38:03"
[1] "North Dakota is 72.2% complete."
[1] "Completed North Dakota @ 2025-05-14 10:38:03"
[1] "North Dakota is 72.6% complete."
[1] "Completed North Dakota @ 2025-05-14 10:38:03"
[1] "North Dakota is 72.9% complete."
[1] "Completed North Dakota @ 2025-05-14 10:38:03"
[1] "North Dakota is 73.3% complete."
[1] "Completed North Dakota @ 2025-05-14 10:38:03"
[1] "North Dakota is 73.7% complete."
[1] "Completed North Dakota @ 2025-05-14 10:38:04"
[1] "North Dakota is 74.1% complete."
[1] "Completed North Dakota @ 2025-05-14 10:38:04"
[1] "North Dakota is 74.4% complete."
[1] "Completed North Dakota @ 2025-05-14 10:38:04"
[1] "North Dakota is 74.8% complete."
[1] "Completed North Dakota @ 2025-05-14 10:38:04"
[1] "North Dakota is 75.2% complete."
[1] "Completed North Dakota @ 2025-05-14 10:38:04"
[1] "North Dakota is 75.6% complete."
[1] "Completed North Dakota @ 2025-05-14 10:38:04"
[1] "North Dakota is 75.9% complete."
[1] "Completed North Dakota @ 2025-05-14 10:38:04"
[1] "North Dakota is 76.3% complete."
[1] "Completed North Dakota @ 2025-05-14 10:38:04"
[1] "North Dakota is 76.7% complete."
[1] "Completed North Dakota @ 2025-05-14 10:38:04"
[1] "North Dakota is 77.1% complete."
[1] "Completed North Dakota @ 2025-05-14 10:38:04"
[1] "North Dakota is 77.4% complete."
[1] "Completed North Dakota @ 2025-05-14 10:38:04"
[1] "North Dakota is 77.8% complete."
[1] "Completed North Dakota @ 2025-05-14 10:38:04"
[1] "North Dakota is 78.2% complete."
[1] "Completed North Dakota @ 2025-05-14 10:38:04"
[1] "North Dakota is 78.6% complete."
[1] "Completed North Dakota @ 2025-05-14 10:38:04"
[1] "North Dakota is 78.9% complete."
[1] "Completed North Dakota @ 2025-05-14 10:38:04"
[1] "North Dakota is 79.3% complete."
[1] "Completed North Dakota @ 2025-05-14 10:38:04"
[1] "North Dakota is 79.7% complete."
[1] "Completed North Dakota @ 2025-05-14 10:38:05"
[1] "North Dakota is 80.1% complete."
[1] "Completed North Dakota @ 2025-05-14 10:38:05"
[1] "North Dakota is 80.5% complete."
[1] "Completed North Dakota @ 2025-05-14 10:38:05"
[1] "North Dakota is 80.8% complete."
[1] "Completed North Dakota @ 2025-05-14 10:38:05"
[1] "North Dakota is 81.2% complete."
[1] "Completed North Dakota @ 2025-05-14 10:38:05"
[1] "North Dakota is 81.6% complete."
[1] "Completed North Dakota @ 2025-05-14 10:38:05"
[1] "North Dakota is 82% complete."
[1] "Completed North Dakota @ 2025-05-14 10:38:05"
[1] "North Dakota is 82.3% complete."
[1] "Completed North Dakota @ 2025-05-14 10:38:05"
[1] "North Dakota is 82.7% complete."
[1] "Completed North Dakota @ 2025-05-14 10:38:05"
[1] "North Dakota is 83.1% complete."
[1] "Completed North Dakota @ 2025-05-14 10:38:05"
[1] "North Dakota is 83.5% complete."
[1] "Completed North Dakota @ 2025-05-14 10:38:05"
[1] "North Dakota is 83.8% complete."
[1] "Completed North Dakota @ 2025-05-14 10:38:05"
[1] "North Dakota is 84.2% complete."
[1] "Completed North Dakota @ 2025-05-14 10:38:05"
[1] "North Dakota is 84.6% complete."
[1] "Completed North Dakota @ 2025-05-14 10:38:05"
[1] "North Dakota is 85% complete."
[1] "Completed North Dakota @ 2025-05-14 10:38:06"
[1] "North Dakota is 85.3% complete."
[1] "Completed North Dakota @ 2025-05-14 10:38:06"
[1] "North Dakota is 85.7% complete."
[1] "Completed North Dakota @ 2025-05-14 10:38:06"
[1] "North Dakota is 86.1% complete."
[1] "Completed North Dakota @ 2025-05-14 10:38:06"
[1] "North Dakota is 86.5% complete."
[1] "Completed North Dakota @ 2025-05-14 10:38:06"
[1] "North Dakota is 86.8% complete."
[1] "Completed North Dakota @ 2025-05-14 10:38:06"
[1] "North Dakota is 87.2% complete."
[1] "Completed North Dakota @ 2025-05-14 10:38:06"
[1] "North Dakota is 87.6% complete."
[1] "Completed North Dakota @ 2025-05-14 10:38:06"
[1] "North Dakota is 88% complete."
[1] "Completed North Dakota @ 2025-05-14 10:38:06"
[1] "North Dakota is 88.3% complete."
[1] "Completed North Dakota @ 2025-05-14 10:38:06"
[1] "North Dakota is 88.7% complete."
[1] "Completed North Dakota @ 2025-05-14 10:38:06"
[1] "North Dakota is 89.1% complete."
[1] "Completed North Dakota @ 2025-05-14 10:38:06"
[1] "North Dakota is 89.5% complete."
[1] "Completed North Dakota @ 2025-05-14 10:38:06"
[1] "North Dakota is 89.8% complete."
[1] "Completed North Dakota @ 2025-05-14 10:38:06"
[1] "North Dakota is 90.2% complete."
[1] "Completed North Dakota @ 2025-05-14 10:38:06"
[1] "North Dakota is 90.6% complete."
[1] "Completed North Dakota @ 2025-05-14 10:38:06"
[1] "North Dakota is 91% complete."
[1] "Completed North Dakota @ 2025-05-14 10:38:06"
[1] "North Dakota is 91.4% complete."
[1] "Completed North Dakota @ 2025-05-14 10:38:07"
[1] "North Dakota is 91.7% complete."
[1] "Completed North Dakota @ 2025-05-14 10:38:07"
[1] "North Dakota is 92.1% complete."
[1] "Completed North Dakota @ 2025-05-14 10:38:07"
[1] "North Dakota is 92.5% complete."
[1] "Completed North Dakota @ 2025-05-14 10:38:07"
[1] "North Dakota is 92.9% complete."
[1] "Completed North Dakota @ 2025-05-14 10:38:07"
[1] "North Dakota is 93.2% complete."
[1] "Completed North Dakota @ 2025-05-14 10:38:07"
[1] "North Dakota is 93.6% complete."
[1] "Completed North Dakota @ 2025-05-14 10:38:07"
[1] "North Dakota is 94% complete."
[1] "Completed North Dakota @ 2025-05-14 10:38:07"
[1] "North Dakota is 94.4% complete."
[1] "Completed North Dakota @ 2025-05-14 10:38:08"
[1] "North Dakota is 94.7% complete."
[1] "Completed North Dakota @ 2025-05-14 10:38:08"
[1] "North Dakota is 95.1% complete."
[1] "Completed North Dakota @ 2025-05-14 10:38:08"
[1] "North Dakota is 95.5% complete."
[1] "Completed North Dakota @ 2025-05-14 10:38:08"
[1] "North Dakota is 95.9% complete."
[1] "Completed North Dakota @ 2025-05-14 10:38:08"
[1] "North Dakota is 96.2% complete."
[1] "Completed North Dakota @ 2025-05-14 10:38:08"
[1] "North Dakota is 96.6% complete."
[1] "Completed North Dakota @ 2025-05-14 10:38:08"
[1] "North Dakota is 97% complete."
[1] "Completed North Dakota @ 2025-05-14 10:38:09"
[1] "North Dakota is 97.4% complete."
[1] "Completed North Dakota @ 2025-05-14 10:38:09"
[1] "North Dakota is 97.7% complete."
[1] "Completed North Dakota @ 2025-05-14 10:38:09"
[1] "North Dakota is 98.1% complete."
[1] "Completed North Dakota @ 2025-05-14 10:38:09"
[1] "North Dakota is 98.5% complete."
[1] "Completed North Dakota @ 2025-05-14 10:38:09"
[1] "North Dakota is 98.9% complete."
[1] "Completed North Dakota @ 2025-05-14 10:38:09"
[1] "North Dakota is 99.2% complete."
[1] "Completed North Dakota @ 2025-05-14 10:38:10"
[1] "North Dakota is 99.6% complete."
[1] "Completed North Dakota @ 2025-05-14 10:38:10"
[1] "North Dakota is 100% complete."
[1] "Completed North Dakota @ 2025-05-14 10:38:11"
Deleting layer `Pop' using driver `GPKG'
Writing layer `Pop' to data source 
  `/work/GRDVULN/sewershed/Model/Create_Boundaries/outputs/Pop_Delineated/FP_38.gpkg' using driver `GPKG'
Writing 266 features with 10 fields and geometry type Unknown (any).
[1] "SCRIPT COMPLETE @ 2025-05-14 10:38:20"
