[1] "Starting Ohio"
Reading layer `cb_2021_us_state_500k' from data source 
  `/work/GRDVULN/data/cb_2021_us_all_500k.gdb' using driver `OpenFileGDB'
Simple feature collection with 56 features and 9 fields
Geometry type: MULTIPOLYGON
Dimension:     XY
Bounding box:  xmin: -179.1489 ymin: -14.5487 xmax: 179.7785 ymax: 71.36516
Geodetic CRS:  NAD83
[1] "Building 733 systems"
[1] "Ohio is 0.1% complete."
[1] "Completed Ohio @ 2025-05-14 10:39:33"
[1] "Ohio is 0.3% complete."
[1] "Completed Ohio @ 2025-05-14 10:39:33"
[1] "Ohio is 0.4% complete."
[1] "Completed Ohio @ 2025-05-14 10:39:33"
[1] "Ohio is 0.5% complete."
[1] "Completed Ohio @ 2025-05-14 10:39:33"
[1] "Ohio is 0.7% complete."
[1] "Completed Ohio @ 2025-05-14 10:39:33"
[1] "Ohio is 0.8% complete."
[1] "Completed Ohio @ 2025-05-14 10:39:33"
[1] "Ohio is 1% complete."
[1] "Completed Ohio @ 2025-05-14 10:39:33"
[1] "Ohio is 1.1% complete."
[1] "Completed Ohio @ 2025-05-14 10:39:33"
[1] "Ohio is 1.2% complete."
[1] "Completed Ohio @ 2025-05-14 10:39:33"
[1] "Ohio is 1.4% complete."
[1] "Completed Ohio @ 2025-05-14 10:39:34"
[1] "Ohio is 1.5% complete."
[1] "Completed Ohio @ 2025-05-14 10:39:34"
[1] "Ohio is 1.6% complete."
[1] "Completed Ohio @ 2025-05-14 10:39:34"
[1] "Ohio is 1.8% complete."
[1] "Completed Ohio @ 2025-05-14 10:39:34"
[1] "Ohio is 1.9% complete."
[1] "Completed Ohio @ 2025-05-14 10:39:34"
[1] "Ohio is 2% complete."
[1] "Completed Ohio @ 2025-05-14 10:39:34"
[1] "Ohio is 2.2% complete."
[1] "Completed Ohio @ 2025-05-14 10:39:34"
[1] "Ohio is 2.3% complete."
[1] "Completed Ohio @ 2025-05-14 10:39:34"
[1] "Ohio is 2.5% complete."
[1] "Completed Ohio @ 2025-05-14 10:39:34"
[1] "Ohio is 2.6% complete."
[1] "Completed Ohio @ 2025-05-14 10:39:34"
[1] "Ohio is 2.7% complete."
[1] "Completed Ohio @ 2025-05-14 10:39:34"
[1] "Ohio is 2.9% complete."
[1] "Completed Ohio @ 2025-05-14 10:39:34"
[1] "Ohio is 3% complete."
[1] "Completed Ohio @ 2025-05-14 10:39:34"
[1] "Ohio is 3.1% complete."
[1] "Completed Ohio @ 2025-05-14 10:39:34"
[1] "Ohio is 3.3% complete."
[1] "Completed Ohio @ 2025-05-14 10:39:34"
[1] "Ohio is 3.4% complete."
[1] "Completed Ohio @ 2025-05-14 10:39:34"
[1] "Ohio is 3.5% complete."
[1] "Completed Ohio @ 2025-05-14 10:39:34"
[1] "Ohio is 3.7% complete."
[1] "Completed Ohio @ 2025-05-14 10:39:34"
[1] "Ohio is 3.8% complete."
[1] "Completed Ohio @ 2025-05-14 10:39:34"
[1] "Ohio is 4% complete."
[1] "Completed Ohio @ 2025-05-14 10:39:34"
[1] "Ohio is 4.1% complete."
[1] "Completed Ohio @ 2025-05-14 10:39:35"
[1] "Ohio is 4.2% complete."
[1] "Completed Ohio @ 2025-05-14 10:39:35"
[1] "Ohio is 4.4% complete."
[1] "Completed Ohio @ 2025-05-14 10:39:35"
[1] "Ohio is 4.5% complete."
[1] "Completed Ohio @ 2025-05-14 10:39:35"
[1] "Ohio is 4.6% complete."
[1] "Completed Ohio @ 2025-05-14 10:39:35"
[1] "Ohio is 4.8% complete."
[1] "Completed Ohio @ 2025-05-14 10:39:35"
[1] "Ohio is 4.9% complete."
[1] "Completed Ohio @ 2025-05-14 10:39:35"
[1] "Ohio is 5% complete."
[1] "Completed Ohio @ 2025-05-14 10:39:35"
[1] "Ohio is 5.2% complete."
[1] "Completed Ohio @ 2025-05-14 10:39:35"
[1] "Ohio is 5.3% complete."
[1] "Completed Ohio @ 2025-05-14 10:39:35"
[1] "Ohio is 5.5% complete."
[1] "Completed Ohio @ 2025-05-14 10:39:35"
[1] "Ohio is 5.6% complete."
[1] "Completed Ohio @ 2025-05-14 10:39:35"
[1] "Ohio is 5.7% complete."
[1] "Completed Ohio @ 2025-05-14 10:39:35"
[1] "Ohio is 5.9% complete."
[1] "Completed Ohio @ 2025-05-14 10:39:35"
[1] "Ohio is 6% complete."
[1] "Completed Ohio @ 2025-05-14 10:39:35"
[1] "Ohio is 6.1% complete."
[1] "Completed Ohio @ 2025-05-14 10:39:35"
[1] "Ohio is 6.3% complete."
[1] "Completed Ohio @ 2025-05-14 10:39:35"
[1] "Ohio is 6.4% complete."
[1] "Completed Ohio @ 2025-05-14 10:39:35"
[1] "Ohio is 6.5% complete."
[1] "Completed Ohio @ 2025-05-14 10:39:35"
[1] "Ohio is 6.7% complete."
[1] "Completed Ohio @ 2025-05-14 10:39:35"
[1] "Ohio is 6.8% complete."
[1] "Completed Ohio @ 2025-05-14 10:39:36"
[1] "Ohio is 7% complete."
[1] "Completed Ohio @ 2025-05-14 10:39:36"
[1] "Ohio is 7.1% complete."
[1] "Completed Ohio @ 2025-05-14 10:39:36"
[1] "Ohio is 7.2% complete."
[1] "Completed Ohio @ 2025-05-14 10:39:36"
[1] "Ohio is 7.4% complete."
[1] "Completed Ohio @ 2025-05-14 10:39:36"
[1] "Ohio is 7.5% complete."
[1] "Completed Ohio @ 2025-05-14 10:39:36"
[1] "Ohio is 7.6% complete."
[1] "Completed Ohio @ 2025-05-14 10:39:36"
[1] "Ohio is 7.8% complete."
[1] "Completed Ohio @ 2025-05-14 10:39:36"
[1] "Ohio is 7.9% complete."
[1] "Completed Ohio @ 2025-05-14 10:39:36"
[1] "Ohio is 8% complete."
[1] "Completed Ohio @ 2025-05-14 10:39:36"
[1] "Ohio is 8.2% complete."
[1] "Completed Ohio @ 2025-05-14 10:39:36"
[1] "Ohio is 8.3% complete."
[1] "Completed Ohio @ 2025-05-14 10:39:36"
[1] "Ohio is 8.5% complete."
[1] "Completed Ohio @ 2025-05-14 10:39:36"
[1] "Ohio is 8.6% complete."
[1] "Completed Ohio @ 2025-05-14 10:39:36"
[1] "Ohio is 8.7% complete."
[1] "Completed Ohio @ 2025-05-14 10:39:36"
[1] "Ohio is 8.9% complete."
[1] "Completed Ohio @ 2025-05-14 10:39:36"
[1] "Ohio is 9% complete."
[1] "Completed Ohio @ 2025-05-14 10:39:36"
[1] "Ohio is 9.1% complete."
[1] "Completed Ohio @ 2025-05-14 10:39:36"
[1] "Ohio is 9.3% complete."
[1] "Completed Ohio @ 2025-05-14 10:39:36"
[1] "Ohio is 9.4% complete."
[1] "Completed Ohio @ 2025-05-14 10:39:36"
[1] "Ohio is 9.5% complete."
[1] "Completed Ohio @ 2025-05-14 10:39:37"
[1] "Ohio is 9.7% complete."
[1] "Completed Ohio @ 2025-05-14 10:39:37"
[1] "Ohio is 9.8% complete."
[1] "Completed Ohio @ 2025-05-14 10:39:37"
[1] "Ohio is 10% complete."
[1] "Completed Ohio @ 2025-05-14 10:39:37"
[1] "Ohio is 10.1% complete."
[1] "Completed Ohio @ 2025-05-14 10:39:38"
[1] "Ohio is 10.2% complete."
[1] "Completed Ohio @ 2025-05-14 10:39:38"
[1] "Ohio is 10.4% complete."
[1] "Completed Ohio @ 2025-05-14 10:39:38"
[1] "Ohio is 10.5% complete."
[1] "Completed Ohio @ 2025-05-14 10:39:38"
[1] "Ohio is 10.6% complete."
[1] "Completed Ohio @ 2025-05-14 10:39:38"
[1] "Ohio is 10.8% complete."
[1] "Completed Ohio @ 2025-05-14 10:39:38"
[1] "Ohio is 10.9% complete."
[1] "Completed Ohio @ 2025-05-14 10:39:38"
[1] "Ohio is 11.1% complete."
[1] "Completed Ohio @ 2025-05-14 10:39:38"
[1] "Ohio is 11.2% complete."
[1] "Completed Ohio @ 2025-05-14 10:39:38"
[1] "Ohio is 11.3% complete."
[1] "Completed Ohio @ 2025-05-14 10:39:38"
[1] "Ohio is 11.5% complete."
[1] "Completed Ohio @ 2025-05-14 10:39:38"
[1] "Ohio is 11.6% complete."
[1] "Completed Ohio @ 2025-05-14 10:39:38"
[1] "Ohio is 11.7% complete."
[1] "Completed Ohio @ 2025-05-14 10:39:38"
[1] "Ohio is 11.9% complete."
[1] "Completed Ohio @ 2025-05-14 10:39:38"
[1] "Ohio is 12% complete."
[1] "Completed Ohio @ 2025-05-14 10:39:38"
[1] "Ohio is 12.1% complete."
[1] "Completed Ohio @ 2025-05-14 10:39:38"
[1] "Ohio is 12.3% complete."
[1] "Completed Ohio @ 2025-05-14 10:39:38"
[1] "Ohio is 12.4% complete."
[1] "Completed Ohio @ 2025-05-14 10:39:38"
[1] "Ohio is 12.6% complete."
[1] "Completed Ohio @ 2025-05-14 10:39:38"
[1] "Ohio is 12.7% complete."
[1] "Completed Ohio @ 2025-05-14 10:39:38"
[1] "Ohio is 12.8% complete."
[1] "Completed Ohio @ 2025-05-14 10:39:38"
[1] "Ohio is 13% complete."
[1] "Completed Ohio @ 2025-05-14 10:39:38"
[1] "Ohio is 13.1% complete."
[1] "Completed Ohio @ 2025-05-14 10:39:38"
[1] "Ohio is 13.2% complete."
[1] "Completed Ohio @ 2025-05-14 10:39:39"
[1] "Ohio is 13.4% complete."
[1] "Completed Ohio @ 2025-05-14 10:39:39"
[1] "Ohio is 13.5% complete."
[1] "Completed Ohio @ 2025-05-14 10:39:39"
[1] "Ohio is 13.6% complete."
[1] "Completed Ohio @ 2025-05-14 10:39:39"
[1] "Ohio is 13.8% complete."
[1] "Completed Ohio @ 2025-05-14 10:39:39"
[1] "Ohio is 13.9% complete."
[1] "Completed Ohio @ 2025-05-14 10:39:39"
[1] "Ohio is 14.1% complete."
[1] "Completed Ohio @ 2025-05-14 10:39:39"
[1] "Ohio is 14.2% complete."
[1] "Completed Ohio @ 2025-05-14 10:39:39"
[1] "Ohio is 14.3% complete."
[1] "Completed Ohio @ 2025-05-14 10:39:39"
[1] "Ohio is 14.5% complete."
[1] "Completed Ohio @ 2025-05-14 10:39:39"
[1] "Ohio is 14.6% complete."
[1] "Completed Ohio @ 2025-05-14 10:39:39"
[1] "Ohio is 14.7% complete."
[1] "Completed Ohio @ 2025-05-14 10:39:39"
[1] "Ohio is 14.9% complete."
[1] "Completed Ohio @ 2025-05-14 10:39:39"
[1] "Ohio is 15% complete."
[1] "Completed Ohio @ 2025-05-14 10:39:39"
[1] "Ohio is 15.1% complete."
[1] "Completed Ohio @ 2025-05-14 10:39:39"
[1] "Ohio is 15.3% complete."
[1] "Completed Ohio @ 2025-05-14 10:39:39"
[1] "Ohio is 15.4% complete."
[1] "Completed Ohio @ 2025-05-14 10:39:39"
[1] "Ohio is 15.6% complete."
[1] "Completed Ohio @ 2025-05-14 10:39:39"
[1] "Ohio is 15.7% complete."
[1] "Completed Ohio @ 2025-05-14 10:39:39"
[1] "Ohio is 15.8% complete."
[1] "Completed Ohio @ 2025-05-14 10:39:39"
[1] "Ohio is 16% complete."
[1] "Completed Ohio @ 2025-05-14 10:39:39"
[1] "Ohio is 16.1% complete."
[1] "Completed Ohio @ 2025-05-14 10:39:39"
[1] "Ohio is 16.2% complete."
[1] "Completed Ohio @ 2025-05-14 10:39:39"
[1] "Ohio is 16.4% complete."
[1] "Completed Ohio @ 2025-05-14 10:39:40"
[1] "Ohio is 16.5% complete."
[1] "Completed Ohio @ 2025-05-14 10:39:40"
[1] "Ohio is 16.6% complete."
[1] "Completed Ohio @ 2025-05-14 10:39:40"
[1] "Ohio is 16.8% complete."
[1] "Completed Ohio @ 2025-05-14 10:39:40"
[1] "Ohio is 16.9% complete."
[1] "Completed Ohio @ 2025-05-14 10:39:40"
[1] "Ohio is 17.1% complete."
[1] "Completed Ohio @ 2025-05-14 10:39:40"
[1] "Ohio is 17.2% complete."
[1] "Completed Ohio @ 2025-05-14 10:39:40"
[1] "Ohio is 17.3% complete."
[1] "Completed Ohio @ 2025-05-14 10:39:40"
[1] "Ohio is 17.5% complete."
[1] "Completed Ohio @ 2025-05-14 10:39:40"
[1] "Ohio is 17.6% complete."
[1] "Completed Ohio @ 2025-05-14 10:39:40"
[1] "Ohio is 17.7% complete."
[1] "Completed Ohio @ 2025-05-14 10:39:40"
[1] "Ohio is 17.9% complete."
[1] "Completed Ohio @ 2025-05-14 10:39:40"
[1] "Ohio is 18% complete."
[1] "Completed Ohio @ 2025-05-14 10:39:40"
[1] "Ohio is 18.1% complete."
[1] "Completed Ohio @ 2025-05-14 10:39:40"
[1] "Ohio is 18.3% complete."
[1] "Completed Ohio @ 2025-05-14 10:39:40"
[1] "Ohio is 18.4% complete."
[1] "Completed Ohio @ 2025-05-14 10:39:40"
[1] "Ohio is 18.6% complete."
[1] "Completed Ohio @ 2025-05-14 10:39:40"
[1] "Ohio is 18.7% complete."
[1] "Completed Ohio @ 2025-05-14 10:39:40"
[1] "Ohio is 18.8% complete."
[1] "Completed Ohio @ 2025-05-14 10:39:40"
[1] "Ohio is 19% complete."
[1] "Completed Ohio @ 2025-05-14 10:39:40"
[1] "Ohio is 19.1% complete."
[1] "Completed Ohio @ 2025-05-14 10:39:40"
[1] "Ohio is 19.2% complete."
[1] "Completed Ohio @ 2025-05-14 10:39:40"
[1] "Ohio is 19.4% complete."
[1] "Completed Ohio @ 2025-05-14 10:39:40"
[1] "Ohio is 19.5% complete."
[1] "Completed Ohio @ 2025-05-14 10:39:41"
[1] "Ohio is 19.6% complete."
[1] "Completed Ohio @ 2025-05-14 10:39:41"
[1] "Ohio is 19.8% complete."
[1] "Completed Ohio @ 2025-05-14 10:39:41"
[1] "Ohio is 19.9% complete."
[1] "Completed Ohio @ 2025-05-14 10:39:41"
[1] "Ohio is 20.1% complete."
[1] "Completed Ohio @ 2025-05-14 10:39:41"
[1] "Ohio is 20.2% complete."
[1] "Completed Ohio @ 2025-05-14 10:39:42"
[1] "Ohio is 20.3% complete."
[1] "Completed Ohio @ 2025-05-14 10:39:42"
[1] "Ohio is 20.5% complete."
[1] "Completed Ohio @ 2025-05-14 10:39:42"
[1] "Ohio is 20.6% complete."
[1] "Completed Ohio @ 2025-05-14 10:39:42"
[1] "Ohio is 20.7% complete."
[1] "Completed Ohio @ 2025-05-14 10:39:42"
[1] "Ohio is 20.9% complete."
[1] "Completed Ohio @ 2025-05-14 10:39:42"
[1] "Ohio is 21% complete."
[1] "Completed Ohio @ 2025-05-14 10:39:42"
[1] "Ohio is 21.1% complete."
[1] "Completed Ohio @ 2025-05-14 10:39:42"
[1] "Ohio is 21.3% complete."
[1] "Completed Ohio @ 2025-05-14 10:39:42"
[1] "Ohio is 21.4% complete."
[1] "Completed Ohio @ 2025-05-14 10:39:42"
[1] "Ohio is 21.6% complete."
[1] "Completed Ohio @ 2025-05-14 10:39:42"
[1] "Ohio is 21.7% complete."
[1] "Completed Ohio @ 2025-05-14 10:39:42"
[1] "Ohio is 21.8% complete."
[1] "Completed Ohio @ 2025-05-14 10:39:42"
[1] "Ohio is 22% complete."
[1] "Completed Ohio @ 2025-05-14 10:39:42"
[1] "Ohio is 22.1% complete."
[1] "Completed Ohio @ 2025-05-14 10:39:42"
[1] "Ohio is 22.2% complete."
[1] "Completed Ohio @ 2025-05-14 10:39:42"
[1] "Ohio is 22.4% complete."
[1] "Completed Ohio @ 2025-05-14 10:39:42"
[1] "Ohio is 22.5% complete."
[1] "Completed Ohio @ 2025-05-14 10:39:42"
[1] "Ohio is 22.6% complete."
[1] "Completed Ohio @ 2025-05-14 10:39:42"
[1] "Ohio is 22.8% complete."
[1] "Completed Ohio @ 2025-05-14 10:39:43"
[1] "Ohio is 22.9% complete."
[1] "Completed Ohio @ 2025-05-14 10:39:43"
[1] "Ohio is 23.1% complete."
[1] "Completed Ohio @ 2025-05-14 10:39:43"
[1] "Ohio is 23.2% complete."
[1] "Completed Ohio @ 2025-05-14 10:39:43"
[1] "Ohio is 23.3% complete."
[1] "Completed Ohio @ 2025-05-14 10:39:43"
[1] "Ohio is 23.5% complete."
[1] "Completed Ohio @ 2025-05-14 10:39:43"
[1] "Ohio is 23.6% complete."
[1] "Completed Ohio @ 2025-05-14 10:39:43"
[1] "Ohio is 23.7% complete."
[1] "Completed Ohio @ 2025-05-14 10:39:43"
[1] "Ohio is 23.9% complete."
[1] "Completed Ohio @ 2025-05-14 10:39:43"
[1] "Ohio is 24% complete."
[1] "Completed Ohio @ 2025-05-14 10:39:43"
[1] "Ohio is 24.1% complete."
[1] "Completed Ohio @ 2025-05-14 10:39:43"
[1] "Ohio is 24.3% complete."
[1] "Completed Ohio @ 2025-05-14 10:39:43"
[1] "Ohio is 24.4% complete."
[1] "Completed Ohio @ 2025-05-14 10:39:43"
[1] "Ohio is 24.6% complete."
[1] "Completed Ohio @ 2025-05-14 10:39:43"
[1] "Ohio is 24.7% complete."
[1] "Completed Ohio @ 2025-05-14 10:39:43"
[1] "Ohio is 24.8% complete."
[1] "Completed Ohio @ 2025-05-14 10:39:43"
[1] "Ohio is 25% complete."
[1] "Completed Ohio @ 2025-05-14 10:39:43"
[1] "Ohio is 25.1% complete."
[1] "Completed Ohio @ 2025-05-14 10:39:43"
[1] "Ohio is 25.2% complete."
[1] "Completed Ohio @ 2025-05-14 10:39:43"
[1] "Ohio is 25.4% complete."
[1] "Completed Ohio @ 2025-05-14 10:39:43"
[1] "Ohio is 25.5% complete."
[1] "Completed Ohio @ 2025-05-14 10:39:43"
[1] "Ohio is 25.6% complete."
[1] "Completed Ohio @ 2025-05-14 10:39:43"
[1] "Ohio is 25.8% complete."
[1] "Completed Ohio @ 2025-05-14 10:39:43"
[1] "Ohio is 25.9% complete."
[1] "Completed Ohio @ 2025-05-14 10:39:44"
[1] "Ohio is 26.1% complete."
[1] "Completed Ohio @ 2025-05-14 10:39:44"
[1] "Ohio is 26.2% complete."
[1] "Completed Ohio @ 2025-05-14 10:39:44"
[1] "Ohio is 26.3% complete."
[1] "Completed Ohio @ 2025-05-14 10:39:44"
[1] "Ohio is 26.5% complete."
[1] "Completed Ohio @ 2025-05-14 10:39:44"
[1] "Ohio is 26.6% complete."
[1] "Completed Ohio @ 2025-05-14 10:39:44"
[1] "Ohio is 26.7% complete."
[1] "Completed Ohio @ 2025-05-14 10:39:44"
[1] "Ohio is 26.9% complete."
[1] "Completed Ohio @ 2025-05-14 10:39:44"
[1] "Ohio is 27% complete."
[1] "Completed Ohio @ 2025-05-14 10:39:44"
[1] "Ohio is 27.1% complete."
[1] "Completed Ohio @ 2025-05-14 10:39:44"
[1] "Ohio is 27.3% complete."
[1] "Completed Ohio @ 2025-05-14 10:39:44"
[1] "Ohio is 27.4% complete."
[1] "Completed Ohio @ 2025-05-14 10:39:44"
[1] "Ohio is 27.6% complete."
[1] "Completed Ohio @ 2025-05-14 10:39:44"
[1] "Ohio is 27.7% complete."
[1] "Completed Ohio @ 2025-05-14 10:39:44"
[1] "Ohio is 27.8% complete."
[1] "Completed Ohio @ 2025-05-14 10:39:44"
[1] "Ohio is 28% complete."
[1] "Completed Ohio @ 2025-05-14 10:39:44"
[1] "Ohio is 28.1% complete."
[1] "Completed Ohio @ 2025-05-14 10:39:44"
[1] "Ohio is 28.2% complete."
[1] "Completed Ohio @ 2025-05-14 10:39:44"
[1] "Ohio is 28.4% complete."
[1] "Completed Ohio @ 2025-05-14 10:39:44"
[1] "Ohio is 28.5% complete."
[1] "Completed Ohio @ 2025-05-14 10:39:44"
[1] "Ohio is 28.6% complete."
[1] "Completed Ohio @ 2025-05-14 10:39:44"
[1] "Ohio is 28.8% complete."
[1] "Completed Ohio @ 2025-05-14 10:39:44"
[1] "Ohio is 28.9% complete."
[1] "Completed Ohio @ 2025-05-14 10:39:45"
[1] "Ohio is 29.1% complete."
[1] "Completed Ohio @ 2025-05-14 10:39:45"
[1] "Ohio is 29.2% complete."
[1] "Completed Ohio @ 2025-05-14 10:39:45"
[1] "Ohio is 29.3% complete."
[1] "Completed Ohio @ 2025-05-14 10:39:45"
[1] "Ohio is 29.5% complete."
[1] "Completed Ohio @ 2025-05-14 10:39:45"
[1] "Ohio is 29.6% complete."
[1] "Completed Ohio @ 2025-05-14 10:39:45"
[1] "Ohio is 29.7% complete."
[1] "Completed Ohio @ 2025-05-14 10:39:45"
[1] "Ohio is 29.9% complete."
[1] "Completed Ohio @ 2025-05-14 10:39:45"
[1] "Ohio is 30% complete."
[1] "Completed Ohio @ 2025-05-14 10:39:45"
[1] "Ohio is 30.2% complete."
[1] "Completed Ohio @ 2025-05-14 10:39:47"
[1] "Ohio is 30.3% complete."
[1] "Completed Ohio @ 2025-05-14 10:39:47"
[1] "Ohio is 30.4% complete."
[1] "Completed Ohio @ 2025-05-14 10:39:47"
[1] "Ohio is 30.6% complete."
[1] "Completed Ohio @ 2025-05-14 10:39:47"
[1] "Ohio is 30.7% complete."
[1] "Completed Ohio @ 2025-05-14 10:39:47"
[1] "Ohio is 30.8% complete."
[1] "Completed Ohio @ 2025-05-14 10:39:47"
[1] "Ohio is 31% complete."
[1] "Completed Ohio @ 2025-05-14 10:39:47"
[1] "Ohio is 31.1% complete."
[1] "Completed Ohio @ 2025-05-14 10:39:47"
[1] "Ohio is 31.2% complete."
[1] "Completed Ohio @ 2025-05-14 10:39:47"
[1] "Ohio is 31.4% complete."
[1] "Completed Ohio @ 2025-05-14 10:39:47"
[1] "Ohio is 31.5% complete."
[1] "Completed Ohio @ 2025-05-14 10:39:47"
[1] "Ohio is 31.7% complete."
[1] "Completed Ohio @ 2025-05-14 10:39:47"
[1] "Ohio is 31.8% complete."
[1] "Completed Ohio @ 2025-05-14 10:39:47"
[1] "Ohio is 31.9% complete."
[1] "Completed Ohio @ 2025-05-14 10:39:47"
[1] "Ohio is 32.1% complete."
[1] "Completed Ohio @ 2025-05-14 10:39:47"
[1] "Ohio is 32.2% complete."
[1] "Completed Ohio @ 2025-05-14 10:39:47"
[1] "Ohio is 32.3% complete."
[1] "Completed Ohio @ 2025-05-14 10:39:47"
[1] "Ohio is 32.5% complete."
[1] "Completed Ohio @ 2025-05-14 10:39:47"
[1] "Ohio is 32.6% complete."
[1] "Completed Ohio @ 2025-05-14 10:39:47"
[1] "Ohio is 32.7% complete."
[1] "Completed Ohio @ 2025-05-14 10:39:47"
[1] "Ohio is 32.9% complete."
[1] "Completed Ohio @ 2025-05-14 10:39:47"
[1] "Ohio is 33% complete."
[1] "Completed Ohio @ 2025-05-14 10:39:48"
[1] "Ohio is 33.2% complete."
[1] "Completed Ohio @ 2025-05-14 10:39:48"
[1] "Ohio is 33.3% complete."
[1] "Completed Ohio @ 2025-05-14 10:39:48"
[1] "Ohio is 33.4% complete."
[1] "Completed Ohio @ 2025-05-14 10:39:48"
[1] "Ohio is 33.6% complete."
[1] "Completed Ohio @ 2025-05-14 10:39:48"
[1] "Ohio is 33.7% complete."
[1] "Completed Ohio @ 2025-05-14 10:39:48"
[1] "Ohio is 33.8% complete."
[1] "Completed Ohio @ 2025-05-14 10:39:48"
[1] "Ohio is 34% complete."
[1] "Completed Ohio @ 2025-05-14 10:39:48"
[1] "Ohio is 34.1% complete."
[1] "Completed Ohio @ 2025-05-14 10:39:48"
[1] "Ohio is 34.2% complete."
[1] "Completed Ohio @ 2025-05-14 10:39:48"
[1] "Ohio is 34.4% complete."
[1] "Completed Ohio @ 2025-05-14 10:39:48"
[1] "Ohio is 34.5% complete."
[1] "Completed Ohio @ 2025-05-14 10:39:48"
[1] "Ohio is 34.7% complete."
[1] "Completed Ohio @ 2025-05-14 10:39:48"
[1] "Ohio is 34.8% complete."
[1] "Completed Ohio @ 2025-05-14 10:39:48"
[1] "Ohio is 34.9% complete."
[1] "Completed Ohio @ 2025-05-14 10:39:48"
[1] "Ohio is 35.1% complete."
[1] "Completed Ohio @ 2025-05-14 10:39:48"
[1] "Ohio is 35.2% complete."
[1] "Completed Ohio @ 2025-05-14 10:39:48"
[1] "Ohio is 35.3% complete."
[1] "Completed Ohio @ 2025-05-14 10:39:48"
[1] "Ohio is 35.5% complete."
[1] "Completed Ohio @ 2025-05-14 10:39:48"
[1] "Ohio is 35.6% complete."
[1] "Completed Ohio @ 2025-05-14 10:39:48"
[1] "Ohio is 35.7% complete."
[1] "Completed Ohio @ 2025-05-14 10:39:48"
[1] "Ohio is 35.9% complete."
[1] "Completed Ohio @ 2025-05-14 10:39:49"
[1] "Ohio is 36% complete."
[1] "Completed Ohio @ 2025-05-14 10:39:49"
[1] "Ohio is 36.2% complete."
[1] "Completed Ohio @ 2025-05-14 10:39:49"
[1] "Ohio is 36.3% complete."
[1] "Completed Ohio @ 2025-05-14 10:39:49"
[1] "Ohio is 36.4% complete."
[1] "Completed Ohio @ 2025-05-14 10:39:49"
[1] "Ohio is 36.6% complete."
[1] "Completed Ohio @ 2025-05-14 10:39:49"
[1] "Ohio is 36.7% complete."
[1] "Completed Ohio @ 2025-05-14 10:39:49"
[1] "Ohio is 36.8% complete."
[1] "Completed Ohio @ 2025-05-14 10:39:49"
[1] "Ohio is 37% complete."
[1] "Completed Ohio @ 2025-05-14 10:39:49"
[1] "Ohio is 37.1% complete."
[1] "Completed Ohio @ 2025-05-14 10:39:49"
[1] "Ohio is 37.2% complete."
[1] "Completed Ohio @ 2025-05-14 10:39:49"
[1] "Ohio is 37.4% complete."
[1] "Completed Ohio @ 2025-05-14 10:39:49"
[1] "Ohio is 37.5% complete."
[1] "Completed Ohio @ 2025-05-14 10:39:49"
[1] "Ohio is 37.7% complete."
[1] "Completed Ohio @ 2025-05-14 10:39:49"
[1] "Ohio is 37.8% complete."
[1] "Completed Ohio @ 2025-05-14 10:39:49"
[1] "Ohio is 37.9% complete."
[1] "Completed Ohio @ 2025-05-14 10:39:49"
[1] "Ohio is 38.1% complete."
[1] "Completed Ohio @ 2025-05-14 10:39:49"
[1] "Ohio is 38.2% complete."
[1] "Completed Ohio @ 2025-05-14 10:39:49"
[1] "Ohio is 38.3% complete."
[1] "Completed Ohio @ 2025-05-14 10:39:49"
[1] "Ohio is 38.5% complete."
[1] "Completed Ohio @ 2025-05-14 10:39:49"
[1] "Ohio is 38.6% complete."
[1] "Completed Ohio @ 2025-05-14 10:39:49"
[1] "Ohio is 38.7% complete."
[1] "Completed Ohio @ 2025-05-14 10:39:49"
[1] "Ohio is 38.9% complete."
[1] "Completed Ohio @ 2025-05-14 10:39:50"
[1] "Ohio is 39% complete."
[1] "Completed Ohio @ 2025-05-14 10:39:50"
[1] "Ohio is 39.2% complete."
[1] "Completed Ohio @ 2025-05-14 10:39:50"
[1] "Ohio is 39.3% complete."
[1] "Completed Ohio @ 2025-05-14 10:39:50"
[1] "Ohio is 39.4% complete."
[1] "Completed Ohio @ 2025-05-14 10:39:50"
[1] "Ohio is 39.6% complete."
[1] "Completed Ohio @ 2025-05-14 10:39:50"
[1] "Ohio is 39.7% complete."
[1] "Completed Ohio @ 2025-05-14 10:39:50"
[1] "Ohio is 39.8% complete."
[1] "Completed Ohio @ 2025-05-14 10:39:50"
[1] "Ohio is 40% complete."
[1] "Completed Ohio @ 2025-05-14 10:39:50"
[1] "Ohio is 40.1% complete."
[1] "Completed Ohio @ 2025-05-14 10:39:50"
[1] "Ohio is 40.2% complete."
[1] "Completed Ohio @ 2025-05-14 10:39:50"
[1] "Ohio is 40.4% complete."
[1] "Completed Ohio @ 2025-05-14 10:39:50"
[1] "Ohio is 40.5% complete."
[1] "Completed Ohio @ 2025-05-14 10:39:50"
[1] "Ohio is 40.7% complete."
[1] "Completed Ohio @ 2025-05-14 10:39:50"
[1] "Ohio is 40.8% complete."
[1] "Completed Ohio @ 2025-05-14 10:39:50"
[1] "Ohio is 40.9% complete."
[1] "Completed Ohio @ 2025-05-14 10:39:50"
[1] "Ohio is 41.1% complete."
[1] "Completed Ohio @ 2025-05-14 10:39:50"
[1] "Ohio is 41.2% complete."
[1] "Completed Ohio @ 2025-05-14 10:39:50"
[1] "Ohio is 41.3% complete."
[1] "Completed Ohio @ 2025-05-14 10:39:50"
[1] "Ohio is 41.5% complete."
[1] "Completed Ohio @ 2025-05-14 10:39:51"
[1] "Ohio is 41.6% complete."
[1] "Completed Ohio @ 2025-05-14 10:39:51"
[1] "Ohio is 41.7% complete."
[1] "Completed Ohio @ 2025-05-14 10:39:51"
[1] "Ohio is 41.9% complete."
[1] "Completed Ohio @ 2025-05-14 10:39:51"
[1] "Ohio is 42% complete."
[1] "Completed Ohio @ 2025-05-14 10:39:51"
[1] "Ohio is 42.2% complete."
[1] "Completed Ohio @ 2025-05-14 10:39:51"
[1] "Ohio is 42.3% complete."
[1] "Completed Ohio @ 2025-05-14 10:39:51"
[1] "Ohio is 42.4% complete."
[1] "Completed Ohio @ 2025-05-14 10:39:51"
[1] "Ohio is 42.6% complete."
[1] "Completed Ohio @ 2025-05-14 10:39:51"
[1] "Ohio is 42.7% complete."
[1] "Completed Ohio @ 2025-05-14 10:39:51"
[1] "Ohio is 42.8% complete."
[1] "Completed Ohio @ 2025-05-14 10:39:51"
[1] "Ohio is 43% complete."
[1] "Completed Ohio @ 2025-05-14 10:39:51"
[1] "Ohio is 43.1% complete."
[1] "Completed Ohio @ 2025-05-14 10:39:51"
[1] "Ohio is 43.2% complete."
[1] "Completed Ohio @ 2025-05-14 10:39:51"
[1] "Ohio is 43.4% complete."
[1] "Completed Ohio @ 2025-05-14 10:39:51"
[1] "Ohio is 43.5% complete."
[1] "Completed Ohio @ 2025-05-14 10:39:51"
[1] "Ohio is 43.7% complete."
[1] "Completed Ohio @ 2025-05-14 10:39:51"
[1] "Ohio is 43.8% complete."
[1] "Completed Ohio @ 2025-05-14 10:39:52"
[1] "Ohio is 43.9% complete."
[1] "Completed Ohio @ 2025-05-14 10:39:52"
[1] "Ohio is 44.1% complete."
[1] "Completed Ohio @ 2025-05-14 10:39:52"
[1] "Ohio is 44.2% complete."
[1] "Completed Ohio @ 2025-05-14 10:39:52"
[1] "Ohio is 44.3% complete."
[1] "Completed Ohio @ 2025-05-14 10:39:52"
[1] "Ohio is 44.5% complete."
[1] "Completed Ohio @ 2025-05-14 10:39:52"
[1] "Ohio is 44.6% complete."
[1] "Completed Ohio @ 2025-05-14 10:39:52"
[1] "Ohio is 44.7% complete."
[1] "Completed Ohio @ 2025-05-14 10:39:52"
[1] "Ohio is 44.9% complete."
[1] "Completed Ohio @ 2025-05-14 10:39:52"
[1] "Ohio is 45% complete."
[1] "Completed Ohio @ 2025-05-14 10:39:52"
[1] "Ohio is 45.2% complete."
[1] "Completed Ohio @ 2025-05-14 10:39:52"
[1] "Ohio is 45.3% complete."
[1] "Completed Ohio @ 2025-05-14 10:39:52"
[1] "Ohio is 45.4% complete."
[1] "Completed Ohio @ 2025-05-14 10:39:52"
[1] "Ohio is 45.6% complete."
[1] "Completed Ohio @ 2025-05-14 10:39:52"
[1] "Ohio is 45.7% complete."
[1] "Completed Ohio @ 2025-05-14 10:39:52"
[1] "Ohio is 45.8% complete."
[1] "Completed Ohio @ 2025-05-14 10:39:52"
[1] "Ohio is 46% complete."
[1] "Completed Ohio @ 2025-05-14 10:39:52"
[1] "Ohio is 46.1% complete."
[1] "Completed Ohio @ 2025-05-14 10:39:53"
[1] "Ohio is 46.2% complete."
[1] "Completed Ohio @ 2025-05-14 10:39:53"
[1] "Ohio is 46.4% complete."
[1] "Completed Ohio @ 2025-05-14 10:39:53"
[1] "Ohio is 46.5% complete."
[1] "Completed Ohio @ 2025-05-14 10:39:53"
[1] "Ohio is 46.7% complete."
[1] "Completed Ohio @ 2025-05-14 10:39:53"
[1] "Ohio is 46.8% complete."
[1] "Completed Ohio @ 2025-05-14 10:39:53"
[1] "Ohio is 46.9% complete."
[1] "Completed Ohio @ 2025-05-14 10:39:53"
[1] "Ohio is 47.1% complete."
[1] "Completed Ohio @ 2025-05-14 10:39:53"
[1] "Ohio is 47.2% complete."
[1] "Completed Ohio @ 2025-05-14 10:39:53"
[1] "Ohio is 47.3% complete."
[1] "Completed Ohio @ 2025-05-14 10:39:53"
[1] "Ohio is 47.5% complete."
[1] "Completed Ohio @ 2025-05-14 10:39:53"
[1] "Ohio is 47.6% complete."
[1] "Completed Ohio @ 2025-05-14 10:39:53"
[1] "Ohio is 47.7% complete."
[1] "Completed Ohio @ 2025-05-14 10:39:53"
[1] "Ohio is 47.9% complete."
[1] "Completed Ohio @ 2025-05-14 10:39:53"
[1] "Ohio is 48% complete."
[1] "Completed Ohio @ 2025-05-14 10:39:53"
[1] "Ohio is 48.2% complete."
[1] "Completed Ohio @ 2025-05-14 10:39:53"
[1] "Ohio is 48.3% complete."
[1] "Completed Ohio @ 2025-05-14 10:39:53"
[1] "Ohio is 48.4% complete."
[1] "Completed Ohio @ 2025-05-14 10:39:53"
[1] "Ohio is 48.6% complete."
[1] "Completed Ohio @ 2025-05-14 10:39:53"
[1] "Ohio is 48.7% complete."
[1] "Completed Ohio @ 2025-05-14 10:39:53"
[1] "Ohio is 48.8% complete."
[1] "Completed Ohio @ 2025-05-14 10:39:53"
[1] "Ohio is 49% complete."
[1] "Completed Ohio @ 2025-05-14 10:39:54"
[1] "Ohio is 49.1% complete."
[1] "Completed Ohio @ 2025-05-14 10:39:54"
[1] "Ohio is 49.2% complete."
[1] "Completed Ohio @ 2025-05-14 10:39:54"
[1] "Ohio is 49.4% complete."
[1] "Completed Ohio @ 2025-05-14 10:39:54"
[1] "Ohio is 49.5% complete."
[1] "Completed Ohio @ 2025-05-14 10:39:54"
[1] "Ohio is 49.7% complete."
[1] "Completed Ohio @ 2025-05-14 10:39:54"
[1] "Ohio is 49.8% complete."
[1] "Completed Ohio @ 2025-05-14 10:39:54"
[1] "Ohio is 49.9% complete."
[1] "Completed Ohio @ 2025-05-14 10:39:54"
[1] "Ohio is 50.1% complete."
[1] "Completed Ohio @ 2025-05-14 10:39:54"
[1] "Ohio is 50.2% complete."
[1] "Completed Ohio @ 2025-05-14 10:39:54"
[1] "Ohio is 50.3% complete."
[1] "Completed Ohio @ 2025-05-14 10:39:54"
[1] "Ohio is 50.5% complete."
[1] "Completed Ohio @ 2025-05-14 10:39:54"
[1] "Ohio is 50.6% complete."
[1] "Completed Ohio @ 2025-05-14 10:39:54"
[1] "Ohio is 50.8% complete."
[1] "Completed Ohio @ 2025-05-14 10:39:54"
[1] "Ohio is 50.9% complete."
[1] "Completed Ohio @ 2025-05-14 10:39:54"
[1] "Ohio is 51% complete."
[1] "Completed Ohio @ 2025-05-14 10:39:54"
[1] "Ohio is 51.2% complete."
[1] "Completed Ohio @ 2025-05-14 10:39:54"
[1] "Ohio is 51.3% complete."
[1] "Completed Ohio @ 2025-05-14 10:39:54"
[1] "Ohio is 51.4% complete."
[1] "Completed Ohio @ 2025-05-14 10:39:54"
[1] "Ohio is 51.6% complete."
[1] "Completed Ohio @ 2025-05-14 10:39:54"
[1] "Ohio is 51.7% complete."
[1] "Completed Ohio @ 2025-05-14 10:39:54"
[1] "Ohio is 51.8% complete."
[1] "Completed Ohio @ 2025-05-14 10:39:54"
[1] "Ohio is 52% complete."
[1] "Completed Ohio @ 2025-05-14 10:39:55"
[1] "Ohio is 52.1% complete."
[1] "Completed Ohio @ 2025-05-14 10:39:55"
[1] "Ohio is 52.3% complete."
[1] "Completed Ohio @ 2025-05-14 10:39:55"
[1] "Ohio is 52.4% complete."
[1] "Completed Ohio @ 2025-05-14 10:39:55"
[1] "Ohio is 52.5% complete."
[1] "Completed Ohio @ 2025-05-14 10:39:55"
[1] "Ohio is 52.7% complete."
[1] "Completed Ohio @ 2025-05-14 10:39:55"
[1] "Ohio is 52.8% complete."
[1] "Completed Ohio @ 2025-05-14 10:39:55"
[1] "Ohio is 52.9% complete."
[1] "Completed Ohio @ 2025-05-14 10:39:55"
[1] "Ohio is 53.1% complete."
[1] "Completed Ohio @ 2025-05-14 10:39:55"
[1] "Ohio is 53.2% complete."
[1] "Completed Ohio @ 2025-05-14 10:39:55"
[1] "Ohio is 53.3% complete."
[1] "Completed Ohio @ 2025-05-14 10:39:55"
[1] "Ohio is 53.5% complete."
[1] "Completed Ohio @ 2025-05-14 10:39:55"
[1] "Ohio is 53.6% complete."
[1] "Completed Ohio @ 2025-05-14 10:39:55"
[1] "Ohio is 53.8% complete."
[1] "Completed Ohio @ 2025-05-14 10:39:55"
[1] "Ohio is 53.9% complete."
[1] "Completed Ohio @ 2025-05-14 10:39:55"
[1] "Ohio is 54% complete."
[1] "Completed Ohio @ 2025-05-14 10:39:55"
[1] "Ohio is 54.2% complete."
[1] "Completed Ohio @ 2025-05-14 10:39:55"
[1] "Ohio is 54.3% complete."
[1] "Completed Ohio @ 2025-05-14 10:39:55"
[1] "Ohio is 54.4% complete."
[1] "Completed Ohio @ 2025-05-14 10:39:55"
[1] "Ohio is 54.6% complete."
[1] "Completed Ohio @ 2025-05-14 10:39:55"
[1] "Ohio is 54.7% complete."
[1] "Completed Ohio @ 2025-05-14 10:39:56"
[1] "Ohio is 54.8% complete."
[1] "Completed Ohio @ 2025-05-14 10:39:56"
[1] "Ohio is 55% complete."
[1] "Completed Ohio @ 2025-05-14 10:39:56"
[1] "Ohio is 55.1% complete."
[1] "Completed Ohio @ 2025-05-14 10:39:56"
[1] "Ohio is 55.3% complete."
[1] "Completed Ohio @ 2025-05-14 10:39:56"
[1] "Ohio is 55.4% complete."
[1] "Completed Ohio @ 2025-05-14 10:39:56"
[1] "Ohio is 55.5% complete."
[1] "Completed Ohio @ 2025-05-14 10:39:56"
[1] "Ohio is 55.7% complete."
[1] "Completed Ohio @ 2025-05-14 10:39:56"
[1] "Ohio is 55.8% complete."
[1] "Completed Ohio @ 2025-05-14 10:39:56"
[1] "Ohio is 55.9% complete."
[1] "Completed Ohio @ 2025-05-14 10:39:56"
[1] "Ohio is 56.1% complete."
[1] "Completed Ohio @ 2025-05-14 10:39:56"
[1] "Ohio is 56.2% complete."
[1] "Completed Ohio @ 2025-05-14 10:39:56"
[1] "Ohio is 56.3% complete."
[1] "Completed Ohio @ 2025-05-14 10:39:56"
[1] "Ohio is 56.5% complete."
[1] "Completed Ohio @ 2025-05-14 10:39:56"
[1] "Ohio is 56.6% complete."
[1] "Completed Ohio @ 2025-05-14 10:39:56"
[1] "Ohio is 56.8% complete."
[1] "Completed Ohio @ 2025-05-14 10:39:56"
[1] "Ohio is 56.9% complete."
[1] "Completed Ohio @ 2025-05-14 10:39:56"
[1] "Ohio is 57% complete."
[1] "Completed Ohio @ 2025-05-14 10:39:56"
[1] "Ohio is 57.2% complete."
[1] "Completed Ohio @ 2025-05-14 10:39:56"
[1] "Ohio is 57.3% complete."
[1] "Completed Ohio @ 2025-05-14 10:39:57"
[1] "Ohio is 57.4% complete."
[1] "Completed Ohio @ 2025-05-14 10:39:57"
[1] "Ohio is 57.6% complete."
[1] "Completed Ohio @ 2025-05-14 10:39:57"
[1] "Ohio is 57.7% complete."
[1] "Completed Ohio @ 2025-05-14 10:39:57"
[1] "Ohio is 57.8% complete."
[1] "Completed Ohio @ 2025-05-14 10:39:57"
[1] "Ohio is 58% complete."
[1] "Completed Ohio @ 2025-05-14 10:39:57"
[1] "Ohio is 58.1% complete."
[1] "Completed Ohio @ 2025-05-14 10:39:57"
[1] "Ohio is 58.3% complete."
[1] "Completed Ohio @ 2025-05-14 10:39:57"
[1] "Ohio is 58.4% complete."
[1] "Completed Ohio @ 2025-05-14 10:39:57"
[1] "Ohio is 58.5% complete."
[1] "Completed Ohio @ 2025-05-14 10:39:57"
[1] "Ohio is 58.7% complete."
[1] "Completed Ohio @ 2025-05-14 10:39:57"
[1] "Ohio is 58.8% complete."
[1] "Completed Ohio @ 2025-05-14 10:39:57"
[1] "Ohio is 58.9% complete."
[1] "Completed Ohio @ 2025-05-14 10:39:57"
[1] "Ohio is 59.1% complete."
[1] "Completed Ohio @ 2025-05-14 10:39:57"
[1] "Ohio is 59.2% complete."
[1] "Completed Ohio @ 2025-05-14 10:39:57"
[1] "Ohio is 59.3% complete."
[1] "Completed Ohio @ 2025-05-14 10:39:57"
[1] "Ohio is 59.5% complete."
[1] "Completed Ohio @ 2025-05-14 10:39:57"
[1] "Ohio is 59.6% complete."
[1] "Completed Ohio @ 2025-05-14 10:39:58"
[1] "Ohio is 59.8% complete."
[1] "Completed Ohio @ 2025-05-14 10:39:58"
[1] "Ohio is 59.9% complete."
[1] "Completed Ohio @ 2025-05-14 10:39:58"
[1] "Ohio is 60% complete."
[1] "Completed Ohio @ 2025-05-14 10:39:58"
[1] "Ohio is 60.2% complete."
[1] "Completed Ohio @ 2025-05-14 10:39:58"
[1] "Ohio is 60.3% complete."
[1] "Completed Ohio @ 2025-05-14 10:39:58"
[1] "Ohio is 60.4% complete."
[1] "Completed Ohio @ 2025-05-14 10:39:58"
[1] "Ohio is 60.6% complete."
[1] "Completed Ohio @ 2025-05-14 10:39:58"
[1] "Ohio is 60.7% complete."
[1] "Completed Ohio @ 2025-05-14 10:39:58"
[1] "Ohio is 60.8% complete."
[1] "Completed Ohio @ 2025-05-14 10:39:58"
[1] "Ohio is 61% complete."
[1] "Completed Ohio @ 2025-05-14 10:39:58"
[1] "Ohio is 61.1% complete."
[1] "Completed Ohio @ 2025-05-14 10:39:58"
[1] "Ohio is 61.3% complete."
[1] "Completed Ohio @ 2025-05-14 10:39:58"
[1] "Ohio is 61.4% complete."
[1] "Completed Ohio @ 2025-05-14 10:39:58"
[1] "Ohio is 61.5% complete."
[1] "Completed Ohio @ 2025-05-14 10:39:58"
[1] "Ohio is 61.7% complete."
[1] "Completed Ohio @ 2025-05-14 10:39:58"
[1] "Ohio is 61.8% complete."
[1] "Completed Ohio @ 2025-05-14 10:39:58"
[1] "Ohio is 61.9% complete."
[1] "Completed Ohio @ 2025-05-14 10:39:58"
[1] "Ohio is 62.1% complete."
[1] "Completed Ohio @ 2025-05-14 10:39:58"
[1] "Ohio is 62.2% complete."
[1] "Completed Ohio @ 2025-05-14 10:39:59"
[1] "Ohio is 62.3% complete."
[1] "Completed Ohio @ 2025-05-14 10:39:59"
[1] "Ohio is 62.5% complete."
[1] "Completed Ohio @ 2025-05-14 10:39:59"
[1] "Ohio is 62.6% complete."
[1] "Completed Ohio @ 2025-05-14 10:39:59"
[1] "Ohio is 62.8% complete."
[1] "Completed Ohio @ 2025-05-14 10:39:59"
[1] "Ohio is 62.9% complete."
[1] "Completed Ohio @ 2025-05-14 10:39:59"
[1] "Ohio is 63% complete."
[1] "Completed Ohio @ 2025-05-14 10:39:59"
[1] "Ohio is 63.2% complete."
[1] "Completed Ohio @ 2025-05-14 10:39:59"
[1] "Ohio is 63.3% complete."
[1] "Completed Ohio @ 2025-05-14 10:39:59"
[1] "Ohio is 63.4% complete."
[1] "Completed Ohio @ 2025-05-14 10:39:59"
[1] "Ohio is 63.6% complete."
[1] "Completed Ohio @ 2025-05-14 10:39:59"
[1] "Ohio is 63.7% complete."
[1] "Completed Ohio @ 2025-05-14 10:39:59"
[1] "Ohio is 63.8% complete."
[1] "Completed Ohio @ 2025-05-14 10:39:59"
[1] "Ohio is 64% complete."
[1] "Completed Ohio @ 2025-05-14 10:39:59"
[1] "Ohio is 64.1% complete."
[1] "Completed Ohio @ 2025-05-14 10:39:59"
[1] "Ohio is 64.3% complete."
[1] "Completed Ohio @ 2025-05-14 10:39:59"
[1] "Ohio is 64.4% complete."
[1] "Completed Ohio @ 2025-05-14 10:39:59"
[1] "Ohio is 64.5% complete."
[1] "Completed Ohio @ 2025-05-14 10:39:59"
[1] "Ohio is 64.7% complete."
[1] "Completed Ohio @ 2025-05-14 10:40:00"
[1] "Ohio is 64.8% complete."
[1] "Completed Ohio @ 2025-05-14 10:40:00"
[1] "Ohio is 64.9% complete."
[1] "Completed Ohio @ 2025-05-14 10:40:00"
[1] "Ohio is 65.1% complete."
[1] "Completed Ohio @ 2025-05-14 10:40:00"
[1] "Ohio is 65.2% complete."
[1] "Completed Ohio @ 2025-05-14 10:40:00"
[1] "Ohio is 65.3% complete."
[1] "Completed Ohio @ 2025-05-14 10:40:00"
[1] "Ohio is 65.5% complete."
[1] "Completed Ohio @ 2025-05-14 10:40:00"
[1] "Ohio is 65.6% complete."
[1] "Completed Ohio @ 2025-05-14 10:40:00"
[1] "Ohio is 65.8% complete."
[1] "Completed Ohio @ 2025-05-14 10:40:00"
[1] "Ohio is 65.9% complete."
[1] "Completed Ohio @ 2025-05-14 10:40:00"
[1] "Ohio is 66% complete."
[1] "Completed Ohio @ 2025-05-14 10:40:00"
[1] "Ohio is 66.2% complete."
[1] "Completed Ohio @ 2025-05-14 10:40:00"
[1] "Ohio is 66.3% complete."
[1] "Completed Ohio @ 2025-05-14 10:40:00"
[1] "Ohio is 66.4% complete."
[1] "Completed Ohio @ 2025-05-14 10:40:00"
[1] "Ohio is 66.6% complete."
[1] "Completed Ohio @ 2025-05-14 10:40:00"
[1] "Ohio is 66.7% complete."
[1] "Completed Ohio @ 2025-05-14 10:40:00"
[1] "Ohio is 66.8% complete."
[1] "Completed Ohio @ 2025-05-14 10:40:00"
[1] "Ohio is 67% complete."
[1] "Completed Ohio @ 2025-05-14 10:40:00"
[1] "Ohio is 67.1% complete."
[1] "Completed Ohio @ 2025-05-14 10:40:01"
[1] "Ohio is 67.3% complete."
[1] "Completed Ohio @ 2025-05-14 10:40:01"
[1] "Ohio is 67.4% complete."
[1] "Completed Ohio @ 2025-05-14 10:40:01"
[1] "Ohio is 67.5% complete."
[1] "Completed Ohio @ 2025-05-14 10:40:01"
[1] "Ohio is 67.7% complete."
[1] "Completed Ohio @ 2025-05-14 10:40:01"
[1] "Ohio is 67.8% complete."
[1] "Completed Ohio @ 2025-05-14 10:40:01"
[1] "Ohio is 67.9% complete."
[1] "Completed Ohio @ 2025-05-14 10:40:01"
[1] "Ohio is 68.1% complete."
[1] "Completed Ohio @ 2025-05-14 10:40:01"
[1] "Ohio is 68.2% complete."
[1] "Completed Ohio @ 2025-05-14 10:40:01"
[1] "Ohio is 68.3% complete."
[1] "Completed Ohio @ 2025-05-14 10:40:01"
[1] "Ohio is 68.5% complete."
[1] "Completed Ohio @ 2025-05-14 10:40:01"
[1] "Ohio is 68.6% complete."
[1] "Completed Ohio @ 2025-05-14 10:40:01"
[1] "Ohio is 68.8% complete."
[1] "Completed Ohio @ 2025-05-14 10:40:01"
[1] "Ohio is 68.9% complete."
[1] "Completed Ohio @ 2025-05-14 10:40:01"
[1] "Ohio is 69% complete."
[1] "Completed Ohio @ 2025-05-14 10:40:01"
[1] "Ohio is 69.2% complete."
[1] "Completed Ohio @ 2025-05-14 10:40:01"
[1] "Ohio is 69.3% complete."
[1] "Completed Ohio @ 2025-05-14 10:40:01"
[1] "Ohio is 69.4% complete."
[1] "Completed Ohio @ 2025-05-14 10:40:01"
[1] "Ohio is 69.6% complete."
[1] "Completed Ohio @ 2025-05-14 10:40:02"
[1] "Ohio is 69.7% complete."
[1] "Completed Ohio @ 2025-05-14 10:40:02"
[1] "Ohio is 69.8% complete."
[1] "Completed Ohio @ 2025-05-14 10:40:02"
[1] "Ohio is 70% complete."
[1] "Completed Ohio @ 2025-05-14 10:40:02"
[1] "Ohio is 70.1% complete."
[1] "Completed Ohio @ 2025-05-14 10:40:02"
[1] "Ohio is 70.3% complete."
[1] "Completed Ohio @ 2025-05-14 10:40:02"
[1] "Ohio is 70.4% complete."
[1] "Completed Ohio @ 2025-05-14 10:40:02"
[1] "Ohio is 70.5% complete."
[1] "Completed Ohio @ 2025-05-14 10:40:02"
[1] "Ohio is 70.7% complete."
[1] "Completed Ohio @ 2025-05-14 10:40:02"
[1] "Ohio is 70.8% complete."
[1] "Completed Ohio @ 2025-05-14 10:40:02"
[1] "Ohio is 70.9% complete."
[1] "Completed Ohio @ 2025-05-14 10:40:02"
[1] "Ohio is 71.1% complete."
[1] "Completed Ohio @ 2025-05-14 10:40:02"
[1] "Ohio is 71.2% complete."
[1] "Completed Ohio @ 2025-05-14 10:40:02"
[1] "Ohio is 71.4% complete."
[1] "Completed Ohio @ 2025-05-14 10:40:02"
[1] "Ohio is 71.5% complete."
[1] "Completed Ohio @ 2025-05-14 10:40:02"
[1] "Ohio is 71.6% complete."
[1] "Completed Ohio @ 2025-05-14 10:40:02"
[1] "Ohio is 71.8% complete."
[1] "Completed Ohio @ 2025-05-14 10:40:02"
[1] "Ohio is 71.9% complete."
[1] "Completed Ohio @ 2025-05-14 10:40:03"
[1] "Ohio is 72% complete."
[1] "Completed Ohio @ 2025-05-14 10:40:03"
[1] "Ohio is 72.2% complete."
[1] "Completed Ohio @ 2025-05-14 10:40:03"
[1] "Ohio is 72.3% complete."
[1] "Completed Ohio @ 2025-05-14 10:40:03"
[1] "Ohio is 72.4% complete."
[1] "Completed Ohio @ 2025-05-14 10:40:03"
[1] "Ohio is 72.6% complete."
[1] "Completed Ohio @ 2025-05-14 10:40:03"
[1] "Ohio is 72.7% complete."
[1] "Completed Ohio @ 2025-05-14 10:40:03"
[1] "Ohio is 72.9% complete."
[1] "Completed Ohio @ 2025-05-14 10:40:03"
[1] "Ohio is 73% complete."
[1] "Completed Ohio @ 2025-05-14 10:40:03"
[1] "Ohio is 73.1% complete."
[1] "Completed Ohio @ 2025-05-14 10:40:03"
[1] "Ohio is 73.3% complete."
[1] "Completed Ohio @ 2025-05-14 10:40:03"
[1] "Ohio is 73.4% complete."
[1] "Completed Ohio @ 2025-05-14 10:40:03"
[1] "Ohio is 73.5% complete."
[1] "Completed Ohio @ 2025-05-14 10:40:03"
[1] "Ohio is 73.7% complete."
[1] "Completed Ohio @ 2025-05-14 10:40:03"
[1] "Ohio is 73.8% complete."
[1] "Completed Ohio @ 2025-05-14 10:40:03"
[1] "Ohio is 73.9% complete."
[1] "Completed Ohio @ 2025-05-14 10:40:04"
[1] "Ohio is 74.1% complete."
[1] "Completed Ohio @ 2025-05-14 10:40:04"
[1] "Ohio is 74.2% complete."
[1] "Completed Ohio @ 2025-05-14 10:40:04"
[1] "Ohio is 74.4% complete."
[1] "Completed Ohio @ 2025-05-14 10:40:04"
[1] "Ohio is 74.5% complete."
[1] "Completed Ohio @ 2025-05-14 10:40:04"
[1] "Ohio is 74.6% complete."
[1] "Completed Ohio @ 2025-05-14 10:40:04"
[1] "Ohio is 74.8% complete."
[1] "Completed Ohio @ 2025-05-14 10:40:04"
[1] "Ohio is 74.9% complete."
[1] "Completed Ohio @ 2025-05-14 10:40:04"
[1] "Ohio is 75% complete."
[1] "Completed Ohio @ 2025-05-14 10:40:04"
[1] "Ohio is 75.2% complete."
[1] "Completed Ohio @ 2025-05-14 10:40:04"
[1] "Ohio is 75.3% complete."
[1] "Completed Ohio @ 2025-05-14 10:40:04"
[1] "Ohio is 75.4% complete."
[1] "Completed Ohio @ 2025-05-14 10:40:04"
[1] "Ohio is 75.6% complete."
[1] "Completed Ohio @ 2025-05-14 10:40:04"
[1] "Ohio is 75.7% complete."
[1] "Completed Ohio @ 2025-05-14 10:40:04"
[1] "Ohio is 75.9% complete."
[1] "Completed Ohio @ 2025-05-14 10:40:04"
[1] "Ohio is 76% complete."
[1] "Completed Ohio @ 2025-05-14 10:40:04"
[1] "Ohio is 76.1% complete."
[1] "Completed Ohio @ 2025-05-14 10:40:04"
[1] "Ohio is 76.3% complete."
[1] "Completed Ohio @ 2025-05-14 10:40:04"
[1] "Ohio is 76.4% complete."
[1] "Completed Ohio @ 2025-05-14 10:40:05"
[1] "Ohio is 76.5% complete."
[1] "Completed Ohio @ 2025-05-14 10:40:05"
[1] "Ohio is 76.7% complete."
[1] "Completed Ohio @ 2025-05-14 10:40:05"
[1] "Ohio is 76.8% complete."
[1] "Completed Ohio @ 2025-05-14 10:40:05"
[1] "Ohio is 76.9% complete."
[1] "Completed Ohio @ 2025-05-14 10:40:05"
[1] "Ohio is 77.1% complete."
[1] "Completed Ohio @ 2025-05-14 10:40:05"
[1] "Ohio is 77.2% complete."
[1] "Completed Ohio @ 2025-05-14 10:40:05"
[1] "Ohio is 77.4% complete."
[1] "Completed Ohio @ 2025-05-14 10:40:05"
[1] "Ohio is 77.5% complete."
[1] "Completed Ohio @ 2025-05-14 10:40:05"
[1] "Ohio is 77.6% complete."
[1] "Completed Ohio @ 2025-05-14 10:40:05"
[1] "Ohio is 77.8% complete."
[1] "Completed Ohio @ 2025-05-14 10:40:05"
[1] "Ohio is 77.9% complete."
[1] "Completed Ohio @ 2025-05-14 10:40:05"
[1] "Ohio is 78% complete."
[1] "Completed Ohio @ 2025-05-14 10:40:05"
[1] "Ohio is 78.2% complete."
[1] "Completed Ohio @ 2025-05-14 10:40:05"
[1] "Ohio is 78.3% complete."
[1] "Completed Ohio @ 2025-05-14 10:40:05"
[1] "Ohio is 78.4% complete."
[1] "Completed Ohio @ 2025-05-14 10:40:05"
[1] "Ohio is 78.6% complete."
[1] "Completed Ohio @ 2025-05-14 10:40:05"
[1] "Ohio is 78.7% complete."
[1] "Completed Ohio @ 2025-05-14 10:40:05"
[1] "Ohio is 78.9% complete."
[1] "Completed Ohio @ 2025-05-14 10:40:06"
[1] "Ohio is 79% complete."
[1] "Completed Ohio @ 2025-05-14 10:40:06"
[1] "Ohio is 79.1% complete."
[1] "Completed Ohio @ 2025-05-14 10:40:06"
[1] "Ohio is 79.3% complete."
[1] "Completed Ohio @ 2025-05-14 10:40:06"
[1] "Ohio is 79.4% complete."
[1] "Completed Ohio @ 2025-05-14 10:40:06"
[1] "Ohio is 79.5% complete."
[1] "Completed Ohio @ 2025-05-14 10:40:06"
[1] "Ohio is 79.7% complete."
[1] "Completed Ohio @ 2025-05-14 10:40:06"
[1] "Ohio is 79.8% complete."
[1] "Completed Ohio @ 2025-05-14 10:40:06"
[1] "Ohio is 79.9% complete."
[1] "Completed Ohio @ 2025-05-14 10:40:06"
[1] "Ohio is 80.1% complete."
[1] "Completed Ohio @ 2025-05-14 10:40:06"
[1] "Ohio is 80.2% complete."
[1] "Completed Ohio @ 2025-05-14 10:40:06"
[1] "Ohio is 80.4% complete."
[1] "Completed Ohio @ 2025-05-14 10:40:06"
[1] "Ohio is 80.5% complete."
[1] "Completed Ohio @ 2025-05-14 10:40:06"
[1] "Ohio is 80.6% complete."
[1] "Completed Ohio @ 2025-05-14 10:40:06"
[1] "Ohio is 80.8% complete."
[1] "Completed Ohio @ 2025-05-14 10:40:06"
[1] "Ohio is 80.9% complete."
[1] "Completed Ohio @ 2025-05-14 10:40:07"
[1] "Ohio is 81% complete."
[1] "Completed Ohio @ 2025-05-14 10:40:07"
[1] "Ohio is 81.2% complete."
[1] "Completed Ohio @ 2025-05-14 10:40:07"
[1] "Ohio is 81.3% complete."
[1] "Completed Ohio @ 2025-05-14 10:40:07"
[1] "Ohio is 81.4% complete."
[1] "Completed Ohio @ 2025-05-14 10:40:07"
[1] "Ohio is 81.6% complete."
[1] "Completed Ohio @ 2025-05-14 10:40:07"
[1] "Ohio is 81.7% complete."
[1] "Completed Ohio @ 2025-05-14 10:40:07"
[1] "Ohio is 81.9% complete."
[1] "Completed Ohio @ 2025-05-14 10:40:07"
[1] "Ohio is 82% complete."
[1] "Completed Ohio @ 2025-05-14 10:40:07"
[1] "Ohio is 82.1% complete."
[1] "Completed Ohio @ 2025-05-14 10:40:07"
[1] "Ohio is 82.3% complete."
[1] "Completed Ohio @ 2025-05-14 10:40:07"
[1] "Ohio is 82.4% complete."
[1] "Completed Ohio @ 2025-05-14 10:40:07"
[1] "Ohio is 82.5% complete."
[1] "Completed Ohio @ 2025-05-14 10:40:07"
[1] "Ohio is 82.7% complete."
[1] "Completed Ohio @ 2025-05-14 10:40:08"
[1] "Ohio is 82.8% complete."
[1] "Completed Ohio @ 2025-05-14 10:40:08"
[1] "Ohio is 82.9% complete."
[1] "Completed Ohio @ 2025-05-14 10:40:08"
[1] "Ohio is 83.1% complete."
[1] "Completed Ohio @ 2025-05-14 10:40:08"
[1] "Ohio is 83.2% complete."
[1] "Completed Ohio @ 2025-05-14 10:40:08"
[1] "Ohio is 83.4% complete."
[1] "Completed Ohio @ 2025-05-14 10:40:08"
[1] "Ohio is 83.5% complete."
[1] "Completed Ohio @ 2025-05-14 10:40:08"
[1] "Ohio is 83.6% complete."
[1] "Completed Ohio @ 2025-05-14 10:40:08"
[1] "Ohio is 83.8% complete."
[1] "Completed Ohio @ 2025-05-14 10:40:08"
[1] "Ohio is 83.9% complete."
[1] "Completed Ohio @ 2025-05-14 10:40:08"
[1] "Ohio is 84% complete."
[1] "Completed Ohio @ 2025-05-14 10:40:08"
[1] "Ohio is 84.2% complete."
[1] "Completed Ohio @ 2025-05-14 10:40:08"
[1] "Ohio is 84.3% complete."
[1] "Completed Ohio @ 2025-05-14 10:40:08"
[1] "Ohio is 84.4% complete."
[1] "Completed Ohio @ 2025-05-14 10:40:08"
[1] "Ohio is 84.6% complete."
[1] "Completed Ohio @ 2025-05-14 10:40:09"
[1] "Ohio is 84.7% complete."
[1] "Completed Ohio @ 2025-05-14 10:40:09"
[1] "Ohio is 84.9% complete."
[1] "Completed Ohio @ 2025-05-14 10:40:09"
[1] "Ohio is 85% complete."
[1] "Completed Ohio @ 2025-05-14 10:40:09"
[1] "Ohio is 85.1% complete."
[1] "Completed Ohio @ 2025-05-14 10:40:09"
[1] "Ohio is 85.3% complete."
[1] "Completed Ohio @ 2025-05-14 10:40:09"
[1] "Ohio is 85.4% complete."
[1] "Completed Ohio @ 2025-05-14 10:40:09"
[1] "Ohio is 85.5% complete."
[1] "Completed Ohio @ 2025-05-14 10:40:09"
[1] "Ohio is 85.7% complete."
[1] "Completed Ohio @ 2025-05-14 10:40:09"
[1] "Ohio is 85.8% complete."
[1] "Completed Ohio @ 2025-05-14 10:40:09"
[1] "Ohio is 85.9% complete."
[1] "Completed Ohio @ 2025-05-14 10:40:09"
[1] "Ohio is 86.1% complete."
[1] "Completed Ohio @ 2025-05-14 10:40:09"
[1] "Ohio is 86.2% complete."
[1] "Completed Ohio @ 2025-05-14 10:40:10"
[1] "Ohio is 86.4% complete."
[1] "Completed Ohio @ 2025-05-14 10:40:10"
[1] "Ohio is 86.5% complete."
[1] "Completed Ohio @ 2025-05-14 10:40:10"
[1] "Ohio is 86.6% complete."
[1] "Completed Ohio @ 2025-05-14 10:40:10"
[1] "Ohio is 86.8% complete."
[1] "Completed Ohio @ 2025-05-14 10:40:10"
[1] "Ohio is 86.9% complete."
[1] "Completed Ohio @ 2025-05-14 10:40:10"
[1] "Ohio is 87% complete."
[1] "Completed Ohio @ 2025-05-14 10:40:10"
[1] "Ohio is 87.2% complete."
[1] "Completed Ohio @ 2025-05-14 10:40:10"
[1] "Ohio is 87.3% complete."
[1] "Completed Ohio @ 2025-05-14 10:40:10"
[1] "Ohio is 87.4% complete."
[1] "Completed Ohio @ 2025-05-14 10:40:10"
[1] "Ohio is 87.6% complete."
[1] "Completed Ohio @ 2025-05-14 10:40:10"
[1] "Ohio is 87.7% complete."
[1] "Completed Ohio @ 2025-05-14 10:40:10"
[1] "Ohio is 87.9% complete."
[1] "Completed Ohio @ 2025-05-14 10:40:11"
[1] "Ohio is 88% complete."
[1] "Completed Ohio @ 2025-05-14 10:40:11"
[1] "Ohio is 88.1% complete."
[1] "Completed Ohio @ 2025-05-14 10:40:11"
[1] "Ohio is 88.3% complete."
[1] "Completed Ohio @ 2025-05-14 10:40:11"
[1] "Ohio is 88.4% complete."
[1] "Completed Ohio @ 2025-05-14 10:40:11"
[1] "Ohio is 88.5% complete."
[1] "Completed Ohio @ 2025-05-14 10:40:11"
[1] "Ohio is 88.7% complete."
[1] "Completed Ohio @ 2025-05-14 10:40:11"
[1] "Ohio is 88.8% complete."
[1] "Completed Ohio @ 2025-05-14 10:40:11"
[1] "Ohio is 88.9% complete."
[1] "Completed Ohio @ 2025-05-14 10:40:11"
[1] "Ohio is 89.1% complete."
[1] "Completed Ohio @ 2025-05-14 10:40:11"
[1] "Ohio is 89.2% complete."
[1] "Completed Ohio @ 2025-05-14 10:40:11"
[1] "Ohio is 89.4% complete."
[1] "Completed Ohio @ 2025-05-14 10:40:11"
[1] "Ohio is 89.5% complete."
[1] "Completed Ohio @ 2025-05-14 10:40:12"
[1] "Ohio is 89.6% complete."
[1] "Completed Ohio @ 2025-05-14 10:40:12"
[1] "Ohio is 89.8% complete."
[1] "Completed Ohio @ 2025-05-14 10:40:12"
[1] "Ohio is 89.9% complete."
[1] "Completed Ohio @ 2025-05-14 10:40:12"
[1] "Ohio is 90% complete."
[1] "Completed Ohio @ 2025-05-14 10:40:12"
[1] "Ohio is 90.2% complete."
[1] "Completed Ohio @ 2025-05-14 10:40:12"
[1] "Ohio is 90.3% complete."
[1] "Completed Ohio @ 2025-05-14 10:40:12"
[1] "Ohio is 90.5% complete."
[1] "Completed Ohio @ 2025-05-14 10:40:12"
[1] "Ohio is 90.6% complete."
[1] "Completed Ohio @ 2025-05-14 10:40:12"
[1] "Ohio is 90.7% complete."
[1] "Completed Ohio @ 2025-05-14 10:40:12"
[1] "Ohio is 90.9% complete."
[1] "Completed Ohio @ 2025-05-14 10:40:12"
[1] "Ohio is 91% complete."
[1] "Completed Ohio @ 2025-05-14 10:40:12"
[1] "Ohio is 91.1% complete."
[1] "Completed Ohio @ 2025-05-14 10:40:13"
[1] "Ohio is 91.3% complete."
[1] "Completed Ohio @ 2025-05-14 10:40:13"
[1] "Ohio is 91.4% complete."
[1] "Completed Ohio @ 2025-05-14 10:40:13"
[1] "Ohio is 91.5% complete."
[1] "Completed Ohio @ 2025-05-14 10:40:13"
[1] "Ohio is 91.7% complete."
[1] "Completed Ohio @ 2025-05-14 10:40:13"
[1] "Ohio is 91.8% complete."
[1] "Completed Ohio @ 2025-05-14 10:40:13"
[1] "Ohio is 92% complete."
[1] "Completed Ohio @ 2025-05-14 10:40:13"
[1] "Ohio is 92.1% complete."
[1] "Completed Ohio @ 2025-05-14 10:40:13"
[1] "Ohio is 92.2% complete."
[1] "Completed Ohio @ 2025-05-14 10:40:13"
[1] "Ohio is 92.4% complete."
[1] "Completed Ohio @ 2025-05-14 10:40:13"
[1] "Ohio is 92.5% complete."
[1] "Completed Ohio @ 2025-05-14 10:40:13"
[1] "Ohio is 92.6% complete."
[1] "Completed Ohio @ 2025-05-14 10:40:13"
[1] "Ohio is 92.8% complete."
[1] "Completed Ohio @ 2025-05-14 10:40:14"
[1] "Ohio is 92.9% complete."
[1] "Completed Ohio @ 2025-05-14 10:40:14"
[1] "Ohio is 93% complete."
[1] "Completed Ohio @ 2025-05-14 10:40:14"
[1] "Ohio is 93.2% complete."
[1] "Completed Ohio @ 2025-05-14 10:40:14"
[1] "Ohio is 93.3% complete."
[1] "Completed Ohio @ 2025-05-14 10:40:14"
[1] "Ohio is 93.5% complete."
[1] "Completed Ohio @ 2025-05-14 10:40:14"
[1] "Ohio is 93.6% complete."
[1] "Completed Ohio @ 2025-05-14 10:40:14"
[1] "Ohio is 93.7% complete."
[1] "Completed Ohio @ 2025-05-14 10:40:14"
[1] "Ohio is 93.9% complete."
[1] "Completed Ohio @ 2025-05-14 10:40:14"
[1] "Ohio is 94% complete."
[1] "Completed Ohio @ 2025-05-14 10:40:14"
[1] "Ohio is 94.1% complete."
[1] "Completed Ohio @ 2025-05-14 10:40:14"
[1] "Ohio is 94.3% complete."
[1] "Completed Ohio @ 2025-05-14 10:40:15"
[1] "Ohio is 94.4% complete."
[1] "Completed Ohio @ 2025-05-14 10:40:15"
[1] "Ohio is 94.5% complete."
[1] "Completed Ohio @ 2025-05-14 10:40:15"
[1] "Ohio is 94.7% complete."
[1] "Completed Ohio @ 2025-05-14 10:40:15"
[1] "Ohio is 94.8% complete."
[1] "Completed Ohio @ 2025-05-14 10:40:15"
[1] "Ohio is 95% complete."
[1] "Completed Ohio @ 2025-05-14 10:40:15"
[1] "Ohio is 95.1% complete."
[1] "Completed Ohio @ 2025-05-14 10:40:15"
[1] "Ohio is 95.2% complete."
[1] "Completed Ohio @ 2025-05-14 10:40:15"
[1] "Ohio is 95.4% complete."
[1] "Completed Ohio @ 2025-05-14 10:40:15"
[1] "Ohio is 95.5% complete."
[1] "Completed Ohio @ 2025-05-14 10:40:15"
[1] "Ohio is 95.6% complete."
[1] "Completed Ohio @ 2025-05-14 10:40:15"
[1] "Ohio is 95.8% complete."
[1] "Completed Ohio @ 2025-05-14 10:40:16"
[1] "Ohio is 95.9% complete."
[1] "Completed Ohio @ 2025-05-14 10:40:16"
[1] "Ohio is 96% complete."
[1] "Completed Ohio @ 2025-05-14 10:40:16"
[1] "Ohio is 96.2% complete."
[1] "Completed Ohio @ 2025-05-14 10:40:16"
[1] "Ohio is 96.3% complete."
[1] "Completed Ohio @ 2025-05-14 10:40:16"
[1] "Ohio is 96.5% complete."
[1] "Completed Ohio @ 2025-05-14 10:40:16"
[1] "Ohio is 96.6% complete."
[1] "Completed Ohio @ 2025-05-14 10:40:16"
[1] "Ohio is 96.7% complete."
[1] "Completed Ohio @ 2025-05-14 10:40:16"
[1] "Ohio is 96.9% complete."
[1] "Completed Ohio @ 2025-05-14 10:40:16"
[1] "Ohio is 97% complete."
[1] "Completed Ohio @ 2025-05-14 10:40:17"
[1] "Ohio is 97.1% complete."
[1] "Completed Ohio @ 2025-05-14 10:40:17"
[1] "Ohio is 97.3% complete."
[1] "Completed Ohio @ 2025-05-14 10:40:17"
[1] "Ohio is 97.4% complete."
[1] "Completed Ohio @ 2025-05-14 10:40:17"
[1] "Ohio is 97.5% complete."
[1] "Completed Ohio @ 2025-05-14 10:40:17"
[1] "Ohio is 97.7% complete."
[1] "Completed Ohio @ 2025-05-14 10:40:17"
[1] "Ohio is 97.8% complete."
[1] "Completed Ohio @ 2025-05-14 10:40:17"
[1] "Ohio is 98% complete."
[1] "Completed Ohio @ 2025-05-14 10:40:18"
[1] "Ohio is 98.1% complete."
[1] "Completed Ohio @ 2025-05-14 10:40:18"
[1] "Ohio is 98.2% complete."
[1] "Completed Ohio @ 2025-05-14 10:40:18"
[1] "Ohio is 98.4% complete."
[1] "Completed Ohio @ 2025-05-14 10:40:18"
[1] "Ohio is 98.5% complete."
[1] "Completed Ohio @ 2025-05-14 10:40:18"
[1] "Ohio is 98.6% complete."
[1] "Completed Ohio @ 2025-05-14 10:40:18"
[1] "Ohio is 98.8% complete."
[1] "Completed Ohio @ 2025-05-14 10:40:18"
[1] "Ohio is 98.9% complete."
[1] "Completed Ohio @ 2025-05-14 10:40:19"
[1] "Ohio is 99% complete."
[1] "Completed Ohio @ 2025-05-14 10:40:19"
[1] "Ohio is 99.2% complete."
[1] "Completed Ohio @ 2025-05-14 10:40:19"
[1] "Ohio is 99.3% complete."
[1] "Completed Ohio @ 2025-05-14 10:40:19"
[1] "Ohio is 99.5% complete."
[1] "Completed Ohio @ 2025-05-14 10:40:19"
[1] "Ohio is 99.6% complete."
[1] "Completed Ohio @ 2025-05-14 10:40:19"
[1] "Ohio is 99.7% complete."
[1] "Completed Ohio @ 2025-05-14 10:40:20"
[1] "Ohio is 99.9% complete."
[1] "Completed Ohio @ 2025-05-14 10:40:20"
[1] "Ohio is 100% complete."
[1] "Completed Ohio @ 2025-05-14 10:40:20"
Deleting layer `Pop' using driver `GPKG'
Writing layer `Pop' to data source 
  `/work/GRDVULN/sewershed/Model/Create_Boundaries/outputs/Pop_Delineated/FP_39.gpkg' using driver `GPKG'
Writing 732 features with 10 fields and geometry type Unknown (any).
[1] "SCRIPT COMPLETE @ 2025-05-14 10:40:31"
