[1] "Starting Oklahoma"
Reading layer `cb_2021_us_state_500k' from data source 
  `/work/GRDVULN/data/cb_2021_us_all_500k.gdb' using driver `OpenFileGDB'
Simple feature collection with 56 features and 9 fields
Geometry type: MULTIPOLYGON
Dimension:     XY
Bounding box:  xmin: -179.1489 ymin: -14.5487 xmax: 179.7785 ymax: 71.36516
Geodetic CRS:  NAD83
[1] "Building 474 systems"
[1] "Oklahoma is 0.2% complete."
[1] "Completed Oklahoma @ 2025-05-14 10:38:22"
[1] "Oklahoma is 0.4% complete."
[1] "Completed Oklahoma @ 2025-05-14 10:38:22"
[1] "Oklahoma is 0.6% complete."
[1] "Completed Oklahoma @ 2025-05-14 10:38:23"
[1] "Oklahoma is 0.8% complete."
[1] "Completed Oklahoma @ 2025-05-14 10:38:23"
[1] "Oklahoma is 1.1% complete."
[1] "Completed Oklahoma @ 2025-05-14 10:38:23"
[1] "Oklahoma is 1.3% complete."
[1] "Completed Oklahoma @ 2025-05-14 10:38:23"
[1] "Oklahoma is 1.5% complete."
[1] "Completed Oklahoma @ 2025-05-14 10:38:23"
[1] "Oklahoma is 1.7% complete."
[1] "Completed Oklahoma @ 2025-05-14 10:38:23"
[1] "Oklahoma is 1.9% complete."
[1] "Completed Oklahoma @ 2025-05-14 10:38:23"
[1] "Oklahoma is 2.1% complete."
[1] "Completed Oklahoma @ 2025-05-14 10:38:23"
[1] "Oklahoma is 2.3% complete."
[1] "Completed Oklahoma @ 2025-05-14 10:38:23"
[1] "Oklahoma is 2.5% complete."
[1] "Completed Oklahoma @ 2025-05-14 10:38:23"
[1] "Oklahoma is 2.7% complete."
[1] "Completed Oklahoma @ 2025-05-14 10:38:23"
[1] "Oklahoma is 3% complete."
[1] "Completed Oklahoma @ 2025-05-14 10:38:23"
[1] "Oklahoma is 3.2% complete."
[1] "Completed Oklahoma @ 2025-05-14 10:38:23"
[1] "Oklahoma is 3.4% complete."
[1] "Completed Oklahoma @ 2025-05-14 10:38:23"
[1] "Oklahoma is 3.6% complete."
[1] "Completed Oklahoma @ 2025-05-14 10:38:23"
[1] "Oklahoma is 3.8% complete."
[1] "Completed Oklahoma @ 2025-05-14 10:38:23"
[1] "Oklahoma is 4% complete."
[1] "Completed Oklahoma @ 2025-05-14 10:38:23"
[1] "Oklahoma is 4.2% complete."
[1] "Completed Oklahoma @ 2025-05-14 10:38:23"
[1] "Oklahoma is 4.4% complete."
[1] "Completed Oklahoma @ 2025-05-14 10:38:24"
[1] "Oklahoma is 4.6% complete."
[1] "Completed Oklahoma @ 2025-05-14 10:38:24"
[1] "Oklahoma is 4.9% complete."
[1] "Completed Oklahoma @ 2025-05-14 10:38:24"
[1] "Oklahoma is 5.1% complete."
[1] "Completed Oklahoma @ 2025-05-14 10:38:24"
[1] "Oklahoma is 5.3% complete."
[1] "Completed Oklahoma @ 2025-05-14 10:38:24"
[1] "Oklahoma is 5.5% complete."
[1] "Completed Oklahoma @ 2025-05-14 10:38:24"
[1] "Oklahoma is 5.7% complete."
[1] "Completed Oklahoma @ 2025-05-14 10:38:24"
[1] "Oklahoma is 5.9% complete."
[1] "Completed Oklahoma @ 2025-05-14 10:38:24"
[1] "Oklahoma is 6.1% complete."
[1] "Completed Oklahoma @ 2025-05-14 10:38:24"
[1] "Oklahoma is 6.3% complete."
[1] "Completed Oklahoma @ 2025-05-14 10:38:25"
[1] "Oklahoma is 6.5% complete."
[1] "Completed Oklahoma @ 2025-05-14 10:38:25"
[1] "Oklahoma is 6.8% complete."
[1] "Completed Oklahoma @ 2025-05-14 10:38:25"
[1] "Oklahoma is 7% complete."
[1] "Completed Oklahoma @ 2025-05-14 10:38:25"
[1] "Oklahoma is 7.2% complete."
[1] "Completed Oklahoma @ 2025-05-14 10:38:25"
[1] "Oklahoma is 7.4% complete."
[1] "Completed Oklahoma @ 2025-05-14 10:38:25"
[1] "Oklahoma is 7.6% complete."
[1] "Completed Oklahoma @ 2025-05-14 10:38:25"
[1] "Oklahoma is 7.8% complete."
[1] "Completed Oklahoma @ 2025-05-14 10:38:25"
[1] "Oklahoma is 8% complete."
[1] "Completed Oklahoma @ 2025-05-14 10:38:25"
[1] "Oklahoma is 8.2% complete."
[1] "Completed Oklahoma @ 2025-05-14 10:38:25"
[1] "Oklahoma is 8.4% complete."
[1] "Completed Oklahoma @ 2025-05-14 10:38:25"
[1] "Oklahoma is 8.6% complete."
[1] "Completed Oklahoma @ 2025-05-14 10:38:25"
[1] "Oklahoma is 8.9% complete."
[1] "Completed Oklahoma @ 2025-05-14 10:38:25"
[1] "Oklahoma is 9.1% complete."
[1] "Completed Oklahoma @ 2025-05-14 10:38:25"
[1] "Oklahoma is 9.3% complete."
[1] "Completed Oklahoma @ 2025-05-14 10:38:25"
[1] "Oklahoma is 9.5% complete."
[1] "Completed Oklahoma @ 2025-05-14 10:38:25"
[1] "Oklahoma is 9.7% complete."
[1] "Completed Oklahoma @ 2025-05-14 10:38:25"
[1] "Oklahoma is 9.9% complete."
[1] "Completed Oklahoma @ 2025-05-14 10:38:25"
[1] "Oklahoma is 10.1% complete."
[1] "Completed Oklahoma @ 2025-05-14 10:38:25"
[1] "Oklahoma is 10.3% complete."
[1] "Completed Oklahoma @ 2025-05-14 10:38:25"
[1] "Oklahoma is 10.5% complete."
[1] "Completed Oklahoma @ 2025-05-14 10:38:26"
[1] "Oklahoma is 10.8% complete."
[1] "Completed Oklahoma @ 2025-05-14 10:38:26"
[1] "Oklahoma is 11% complete."
[1] "Completed Oklahoma @ 2025-05-14 10:38:26"
[1] "Oklahoma is 11.2% complete."
[1] "Completed Oklahoma @ 2025-05-14 10:38:26"
[1] "Oklahoma is 11.4% complete."
[1] "Completed Oklahoma @ 2025-05-14 10:38:26"
[1] "Oklahoma is 11.6% complete."
[1] "Completed Oklahoma @ 2025-05-14 10:38:26"
[1] "Oklahoma is 11.8% complete."
[1] "Completed Oklahoma @ 2025-05-14 10:38:26"
[1] "Oklahoma is 12% complete."
[1] "Completed Oklahoma @ 2025-05-14 10:38:26"
[1] "Oklahoma is 12.2% complete."
[1] "Completed Oklahoma @ 2025-05-14 10:38:26"
[1] "Oklahoma is 12.4% complete."
[1] "Completed Oklahoma @ 2025-05-14 10:38:26"
[1] "Oklahoma is 12.7% complete."
[1] "Completed Oklahoma @ 2025-05-14 10:38:26"
[1] "Oklahoma is 12.9% complete."
[1] "Completed Oklahoma @ 2025-05-14 10:38:27"
[1] "Oklahoma is 13.1% complete."
[1] "Completed Oklahoma @ 2025-05-14 10:38:27"
[1] "Oklahoma is 13.3% complete."
[1] "Completed Oklahoma @ 2025-05-14 10:38:27"
[1] "Oklahoma is 13.5% complete."
[1] "Completed Oklahoma @ 2025-05-14 10:38:27"
[1] "Oklahoma is 13.7% complete."
[1] "Completed Oklahoma @ 2025-05-14 10:38:27"
[1] "Oklahoma is 13.9% complete."
[1] "Completed Oklahoma @ 2025-05-14 10:38:27"
[1] "Oklahoma is 14.1% complete."
[1] "Completed Oklahoma @ 2025-05-14 10:38:27"
[1] "Oklahoma is 14.3% complete."
[1] "Completed Oklahoma @ 2025-05-14 10:38:27"
[1] "Oklahoma is 14.6% complete."
[1] "Completed Oklahoma @ 2025-05-14 10:38:27"
[1] "Oklahoma is 14.8% complete."
[1] "Completed Oklahoma @ 2025-05-14 10:38:27"
[1] "Oklahoma is 15% complete."
[1] "Completed Oklahoma @ 2025-05-14 10:38:27"
[1] "Oklahoma is 15.2% complete."
[1] "Completed Oklahoma @ 2025-05-14 10:38:27"
[1] "Oklahoma is 15.4% complete."
[1] "Completed Oklahoma @ 2025-05-14 10:38:27"
[1] "Oklahoma is 15.6% complete."
[1] "Completed Oklahoma @ 2025-05-14 10:38:27"
[1] "Oklahoma is 15.8% complete."
[1] "Completed Oklahoma @ 2025-05-14 10:38:27"
[1] "Oklahoma is 16% complete."
[1] "Completed Oklahoma @ 2025-05-14 10:38:27"
[1] "Oklahoma is 16.2% complete."
[1] "Completed Oklahoma @ 2025-05-14 10:38:27"
[1] "Oklahoma is 16.5% complete."
[1] "Completed Oklahoma @ 2025-05-14 10:38:27"
[1] "Oklahoma is 16.7% complete."
[1] "Completed Oklahoma @ 2025-05-14 10:38:28"
[1] "Oklahoma is 16.9% complete."
[1] "Completed Oklahoma @ 2025-05-14 10:38:28"
[1] "Oklahoma is 17.1% complete."
[1] "Completed Oklahoma @ 2025-05-14 10:38:28"
[1] "Oklahoma is 17.3% complete."
[1] "Completed Oklahoma @ 2025-05-14 10:38:28"
[1] "Oklahoma is 17.5% complete."
[1] "Completed Oklahoma @ 2025-05-14 10:38:28"
[1] "Oklahoma is 17.7% complete."
[1] "Completed Oklahoma @ 2025-05-14 10:38:28"
[1] "Oklahoma is 17.9% complete."
[1] "Completed Oklahoma @ 2025-05-14 10:38:28"
[1] "Oklahoma is 18.1% complete."
[1] "Completed Oklahoma @ 2025-05-14 10:38:28"
[1] "Oklahoma is 18.4% complete."
[1] "Completed Oklahoma @ 2025-05-14 10:38:28"
[1] "Oklahoma is 18.6% complete."
[1] "Completed Oklahoma @ 2025-05-14 10:38:28"
[1] "Oklahoma is 18.8% complete."
[1] "Completed Oklahoma @ 2025-05-14 10:38:28"
[1] "Oklahoma is 19% complete."
[1] "Completed Oklahoma @ 2025-05-14 10:38:28"
[1] "Oklahoma is 19.2% complete."
[1] "Completed Oklahoma @ 2025-05-14 10:38:28"
[1] "Oklahoma is 19.4% complete."
[1] "Completed Oklahoma @ 2025-05-14 10:38:29"
[1] "Oklahoma is 19.6% complete."
[1] "Completed Oklahoma @ 2025-05-14 10:38:29"
[1] "Oklahoma is 19.8% complete."
[1] "Completed Oklahoma @ 2025-05-14 10:38:29"
[1] "Oklahoma is 20% complete."
[1] "Completed Oklahoma @ 2025-05-14 10:38:29"
[1] "Oklahoma is 20.3% complete."
[1] "Completed Oklahoma @ 2025-05-14 10:38:29"
[1] "Oklahoma is 20.5% complete."
[1] "Completed Oklahoma @ 2025-05-14 10:38:29"
[1] "Oklahoma is 20.7% complete."
[1] "Completed Oklahoma @ 2025-05-14 10:38:29"
[1] "Oklahoma is 20.9% complete."
[1] "Completed Oklahoma @ 2025-05-14 10:38:29"
[1] "Oklahoma is 21.1% complete."
[1] "Completed Oklahoma @ 2025-05-14 10:38:29"
[1] "Oklahoma is 21.3% complete."
[1] "Completed Oklahoma @ 2025-05-14 10:38:29"
[1] "Oklahoma is 21.5% complete."
[1] "Completed Oklahoma @ 2025-05-14 10:38:29"
[1] "Oklahoma is 21.7% complete."
[1] "Completed Oklahoma @ 2025-05-14 10:38:29"
[1] "Oklahoma is 21.9% complete."
[1] "Completed Oklahoma @ 2025-05-14 10:38:30"
[1] "Oklahoma is 22.2% complete."
[1] "Completed Oklahoma @ 2025-05-14 10:38:30"
[1] "Oklahoma is 22.4% complete."
[1] "Completed Oklahoma @ 2025-05-14 10:38:30"
[1] "Oklahoma is 22.6% complete."
[1] "Completed Oklahoma @ 2025-05-14 10:38:30"
[1] "Oklahoma is 22.8% complete."
[1] "Completed Oklahoma @ 2025-05-14 10:38:30"
[1] "Oklahoma is 23% complete."
[1] "Completed Oklahoma @ 2025-05-14 10:38:30"
[1] "Oklahoma is 23.2% complete."
[1] "Completed Oklahoma @ 2025-05-14 10:38:30"
[1] "Oklahoma is 23.4% complete."
[1] "Completed Oklahoma @ 2025-05-14 10:38:30"
[1] "Oklahoma is 23.6% complete."
[1] "Completed Oklahoma @ 2025-05-14 10:38:30"
[1] "Oklahoma is 23.8% complete."
[1] "Completed Oklahoma @ 2025-05-14 10:38:30"
[1] "Oklahoma is 24.1% complete."
[1] "Completed Oklahoma @ 2025-05-14 10:38:30"
[1] "Oklahoma is 24.3% complete."
[1] "Completed Oklahoma @ 2025-05-14 10:38:30"
[1] "Oklahoma is 24.5% complete."
[1] "Completed Oklahoma @ 2025-05-14 10:38:30"
[1] "Oklahoma is 24.7% complete."
[1] "Completed Oklahoma @ 2025-05-14 10:38:30"
[1] "Oklahoma is 24.9% complete."
[1] "Completed Oklahoma @ 2025-05-14 10:38:30"
[1] "Oklahoma is 25.1% complete."
[1] "Completed Oklahoma @ 2025-05-14 10:38:30"
[1] "Oklahoma is 25.3% complete."
[1] "Completed Oklahoma @ 2025-05-14 10:38:30"
[1] "Oklahoma is 25.5% complete."
[1] "Completed Oklahoma @ 2025-05-14 10:38:30"
[1] "Oklahoma is 25.7% complete."
[1] "Completed Oklahoma @ 2025-05-14 10:38:31"
[1] "Oklahoma is 25.9% complete."
[1] "Completed Oklahoma @ 2025-05-14 10:38:31"
[1] "Oklahoma is 26.2% complete."
[1] "Completed Oklahoma @ 2025-05-14 10:38:31"
[1] "Oklahoma is 26.4% complete."
[1] "Completed Oklahoma @ 2025-05-14 10:38:31"
[1] "Oklahoma is 26.6% complete."
[1] "Completed Oklahoma @ 2025-05-14 10:38:31"
[1] "Oklahoma is 26.8% complete."
[1] "Completed Oklahoma @ 2025-05-14 10:38:31"
[1] "Oklahoma is 27% complete."
[1] "Completed Oklahoma @ 2025-05-14 10:38:31"
[1] "Oklahoma is 27.2% complete."
[1] "Completed Oklahoma @ 2025-05-14 10:38:31"
[1] "Oklahoma is 27.4% complete."
[1] "Completed Oklahoma @ 2025-05-14 10:38:31"
[1] "Oklahoma is 27.6% complete."
[1] "Completed Oklahoma @ 2025-05-14 10:38:31"
[1] "Oklahoma is 27.8% complete."
[1] "Completed Oklahoma @ 2025-05-14 10:38:31"
[1] "Oklahoma is 28.1% complete."
[1] "Completed Oklahoma @ 2025-05-14 10:38:32"
[1] "Oklahoma is 28.3% complete."
[1] "Completed Oklahoma @ 2025-05-14 10:38:32"
[1] "Oklahoma is 28.5% complete."
[1] "Completed Oklahoma @ 2025-05-14 10:38:32"
[1] "Oklahoma is 28.7% complete."
[1] "Completed Oklahoma @ 2025-05-14 10:38:32"
[1] "Oklahoma is 28.9% complete."
[1] "Completed Oklahoma @ 2025-05-14 10:38:32"
[1] "Oklahoma is 29.1% complete."
[1] "Completed Oklahoma @ 2025-05-14 10:38:32"
[1] "Oklahoma is 29.3% complete."
[1] "Completed Oklahoma @ 2025-05-14 10:38:32"
[1] "Oklahoma is 29.5% complete."
[1] "Completed Oklahoma @ 2025-05-14 10:38:32"
[1] "Oklahoma is 29.7% complete."
[1] "Completed Oklahoma @ 2025-05-14 10:38:32"
[1] "Oklahoma is 30% complete."
[1] "Completed Oklahoma @ 2025-05-14 10:38:32"
[1] "Oklahoma is 30.2% complete."
[1] "Completed Oklahoma @ 2025-05-14 10:38:32"
[1] "Oklahoma is 30.4% complete."
[1] "Completed Oklahoma @ 2025-05-14 10:38:32"
[1] "Oklahoma is 30.6% complete."
[1] "Completed Oklahoma @ 2025-05-14 10:38:32"
[1] "Oklahoma is 30.8% complete."
[1] "Completed Oklahoma @ 2025-05-14 10:38:32"
[1] "Oklahoma is 31% complete."
[1] "Completed Oklahoma @ 2025-05-14 10:38:32"
[1] "Oklahoma is 31.2% complete."
[1] "Completed Oklahoma @ 2025-05-14 10:38:32"
[1] "Oklahoma is 31.4% complete."
[1] "Completed Oklahoma @ 2025-05-14 10:38:32"
[1] "Oklahoma is 31.6% complete."
[1] "Completed Oklahoma @ 2025-05-14 10:38:32"
[1] "Oklahoma is 31.9% complete."
[1] "Completed Oklahoma @ 2025-05-14 10:38:32"
[1] "Oklahoma is 32.1% complete."
[1] "Completed Oklahoma @ 2025-05-14 10:38:33"
[1] "Oklahoma is 32.3% complete."
[1] "Completed Oklahoma @ 2025-05-14 10:38:33"
[1] "Oklahoma is 32.5% complete."
[1] "Completed Oklahoma @ 2025-05-14 10:38:33"
[1] "Oklahoma is 32.7% complete."
[1] "Completed Oklahoma @ 2025-05-14 10:38:33"
[1] "Oklahoma is 32.9% complete."
[1] "Completed Oklahoma @ 2025-05-14 10:38:33"
[1] "Oklahoma is 33.1% complete."
[1] "Completed Oklahoma @ 2025-05-14 10:38:33"
[1] "Oklahoma is 33.3% complete."
[1] "Completed Oklahoma @ 2025-05-14 10:38:33"
[1] "Oklahoma is 33.5% complete."
[1] "Completed Oklahoma @ 2025-05-14 10:38:33"
[1] "Oklahoma is 33.8% complete."
[1] "Completed Oklahoma @ 2025-05-14 10:38:34"
[1] "Oklahoma is 34% complete."
[1] "Completed Oklahoma @ 2025-05-14 10:38:34"
[1] "Oklahoma is 34.2% complete."
[1] "Completed Oklahoma @ 2025-05-14 10:38:34"
[1] "Oklahoma is 34.4% complete."
[1] "Completed Oklahoma @ 2025-05-14 10:38:34"
[1] "Oklahoma is 34.6% complete."
[1] "Completed Oklahoma @ 2025-05-14 10:38:34"
[1] "Oklahoma is 34.8% complete."
[1] "Completed Oklahoma @ 2025-05-14 10:38:34"
[1] "Oklahoma is 35% complete."
[1] "Completed Oklahoma @ 2025-05-14 10:38:34"
[1] "Oklahoma is 35.2% complete."
[1] "Completed Oklahoma @ 2025-05-14 10:38:34"
[1] "Oklahoma is 35.4% complete."
[1] "Completed Oklahoma @ 2025-05-14 10:38:34"
[1] "Oklahoma is 35.7% complete."
[1] "Completed Oklahoma @ 2025-05-14 10:38:34"
[1] "Oklahoma is 35.9% complete."
[1] "Completed Oklahoma @ 2025-05-14 10:38:34"
[1] "Oklahoma is 36.1% complete."
[1] "Completed Oklahoma @ 2025-05-14 10:38:34"
[1] "Oklahoma is 36.3% complete."
[1] "Completed Oklahoma @ 2025-05-14 10:38:34"
[1] "Oklahoma is 36.5% complete."
[1] "Completed Oklahoma @ 2025-05-14 10:38:34"
[1] "Oklahoma is 36.7% complete."
[1] "Completed Oklahoma @ 2025-05-14 10:38:34"
[1] "Oklahoma is 36.9% complete."
[1] "Completed Oklahoma @ 2025-05-14 10:38:34"
[1] "Oklahoma is 37.1% complete."
[1] "Completed Oklahoma @ 2025-05-14 10:38:34"
[1] "Oklahoma is 37.3% complete."
[1] "Completed Oklahoma @ 2025-05-14 10:38:34"
[1] "Oklahoma is 37.6% complete."
[1] "Completed Oklahoma @ 2025-05-14 10:38:34"
[1] "Oklahoma is 37.8% complete."
[1] "Completed Oklahoma @ 2025-05-14 10:38:35"
[1] "Oklahoma is 38% complete."
[1] "Completed Oklahoma @ 2025-05-14 10:38:35"
[1] "Oklahoma is 38.2% complete."
[1] "Completed Oklahoma @ 2025-05-14 10:38:35"
[1] "Oklahoma is 38.4% complete."
[1] "Completed Oklahoma @ 2025-05-14 10:38:35"
[1] "Oklahoma is 38.6% complete."
[1] "Completed Oklahoma @ 2025-05-14 10:38:35"
[1] "Oklahoma is 38.8% complete."
[1] "Completed Oklahoma @ 2025-05-14 10:38:35"
[1] "Oklahoma is 39% complete."
[1] "Completed Oklahoma @ 2025-05-14 10:38:35"
[1] "Oklahoma is 39.2% complete."
[1] "Completed Oklahoma @ 2025-05-14 10:38:35"
[1] "Oklahoma is 39.5% complete."
[1] "Completed Oklahoma @ 2025-05-14 10:38:35"
[1] "Oklahoma is 39.7% complete."
[1] "Completed Oklahoma @ 2025-05-14 10:38:36"
[1] "Oklahoma is 39.9% complete."
[1] "Completed Oklahoma @ 2025-05-14 10:38:36"
[1] "Oklahoma is 40.1% complete."
[1] "Completed Oklahoma @ 2025-05-14 10:38:36"
[1] "Oklahoma is 40.3% complete."
[1] "Completed Oklahoma @ 2025-05-14 10:38:36"
[1] "Oklahoma is 40.5% complete."
[1] "Completed Oklahoma @ 2025-05-14 10:38:36"
[1] "Oklahoma is 40.7% complete."
[1] "Completed Oklahoma @ 2025-05-14 10:38:36"
[1] "Oklahoma is 40.9% complete."
[1] "Completed Oklahoma @ 2025-05-14 10:38:36"
[1] "Oklahoma is 41.1% complete."
[1] "Completed Oklahoma @ 2025-05-14 10:38:36"
[1] "Oklahoma is 41.4% complete."
[1] "Completed Oklahoma @ 2025-05-14 10:38:36"
[1] "Oklahoma is 41.6% complete."
[1] "Completed Oklahoma @ 2025-05-14 10:38:36"
[1] "Oklahoma is 41.8% complete."
[1] "Completed Oklahoma @ 2025-05-14 10:38:36"
[1] "Oklahoma is 42% complete."
[1] "Completed Oklahoma @ 2025-05-14 10:38:36"
[1] "Oklahoma is 42.2% complete."
[1] "Completed Oklahoma @ 2025-05-14 10:38:36"
[1] "Oklahoma is 42.4% complete."
[1] "Completed Oklahoma @ 2025-05-14 10:38:36"
[1] "Oklahoma is 42.6% complete."
[1] "Completed Oklahoma @ 2025-05-14 10:38:37"
[1] "Oklahoma is 42.8% complete."
[1] "Completed Oklahoma @ 2025-05-14 10:38:37"
[1] "Oklahoma is 43% complete."
[1] "Completed Oklahoma @ 2025-05-14 10:38:37"
[1] "Oklahoma is 43.2% complete."
[1] "Completed Oklahoma @ 2025-05-14 10:38:37"
[1] "Oklahoma is 43.5% complete."
[1] "Completed Oklahoma @ 2025-05-14 10:38:37"
[1] "Oklahoma is 43.7% complete."
[1] "Completed Oklahoma @ 2025-05-14 10:38:37"
[1] "Oklahoma is 43.9% complete."
[1] "Completed Oklahoma @ 2025-05-14 10:38:37"
[1] "Oklahoma is 44.1% complete."
[1] "Completed Oklahoma @ 2025-05-14 10:38:38"
[1] "Oklahoma is 44.3% complete."
[1] "Completed Oklahoma @ 2025-05-14 10:38:38"
[1] "Oklahoma is 44.5% complete."
[1] "Completed Oklahoma @ 2025-05-14 10:38:38"
[1] "Oklahoma is 44.7% complete."
[1] "Completed Oklahoma @ 2025-05-14 10:38:38"
[1] "Oklahoma is 44.9% complete."
[1] "Completed Oklahoma @ 2025-05-14 10:38:38"
[1] "Oklahoma is 45.1% complete."
[1] "Completed Oklahoma @ 2025-05-14 10:38:38"
[1] "Oklahoma is 45.4% complete."
[1] "Completed Oklahoma @ 2025-05-14 10:38:38"
[1] "Oklahoma is 45.6% complete."
[1] "Completed Oklahoma @ 2025-05-14 10:38:38"
[1] "Oklahoma is 45.8% complete."
[1] "Completed Oklahoma @ 2025-05-14 10:38:38"
[1] "Oklahoma is 46% complete."
[1] "Completed Oklahoma @ 2025-05-14 10:38:38"
[1] "Oklahoma is 46.2% complete."
[1] "Completed Oklahoma @ 2025-05-14 10:38:38"
[1] "Oklahoma is 46.4% complete."
[1] "Completed Oklahoma @ 2025-05-14 10:38:38"
[1] "Oklahoma is 46.6% complete."
[1] "Completed Oklahoma @ 2025-05-14 10:38:38"
[1] "Oklahoma is 46.8% complete."
[1] "Completed Oklahoma @ 2025-05-14 10:38:38"
[1] "Oklahoma is 47% complete."
[1] "Completed Oklahoma @ 2025-05-14 10:38:39"
[1] "Oklahoma is 47.3% complete."
[1] "Completed Oklahoma @ 2025-05-14 10:38:39"
[1] "Oklahoma is 47.5% complete."
[1] "Completed Oklahoma @ 2025-05-14 10:38:39"
[1] "Oklahoma is 47.7% complete."
[1] "Completed Oklahoma @ 2025-05-14 10:38:39"
[1] "Oklahoma is 47.9% complete."
[1] "Completed Oklahoma @ 2025-05-14 10:38:39"
[1] "Oklahoma is 48.1% complete."
[1] "Completed Oklahoma @ 2025-05-14 10:38:39"
[1] "Oklahoma is 48.3% complete."
[1] "Completed Oklahoma @ 2025-05-14 10:38:39"
[1] "Oklahoma is 48.5% complete."
[1] "Completed Oklahoma @ 2025-05-14 10:38:39"
[1] "Oklahoma is 48.7% complete."
[1] "Completed Oklahoma @ 2025-05-14 10:38:40"
[1] "Oklahoma is 48.9% complete."
[1] "Completed Oklahoma @ 2025-05-14 10:38:40"
[1] "Oklahoma is 49.2% complete."
[1] "Completed Oklahoma @ 2025-05-14 10:38:40"
[1] "Oklahoma is 49.4% complete."
[1] "Completed Oklahoma @ 2025-05-14 10:38:40"
[1] "Oklahoma is 49.6% complete."
[1] "Completed Oklahoma @ 2025-05-14 10:38:40"
[1] "Oklahoma is 49.8% complete."
[1] "Completed Oklahoma @ 2025-05-14 10:38:40"
[1] "Oklahoma is 50% complete."
[1] "Completed Oklahoma @ 2025-05-14 10:38:40"
[1] "Oklahoma is 50.2% complete."
[1] "Completed Oklahoma @ 2025-05-14 10:38:40"
[1] "Oklahoma is 50.4% complete."
[1] "Completed Oklahoma @ 2025-05-14 10:38:40"
[1] "Oklahoma is 50.6% complete."
[1] "Completed Oklahoma @ 2025-05-14 10:38:40"
[1] "Oklahoma is 50.8% complete."
[1] "Completed Oklahoma @ 2025-05-14 10:38:40"
[1] "Oklahoma is 51.1% complete."
[1] "Completed Oklahoma @ 2025-05-14 10:38:40"
[1] "Oklahoma is 51.3% complete."
[1] "Completed Oklahoma @ 2025-05-14 10:38:41"
[1] "Oklahoma is 51.5% complete."
[1] "Completed Oklahoma @ 2025-05-14 10:38:41"
[1] "Oklahoma is 51.7% complete."
[1] "Completed Oklahoma @ 2025-05-14 10:38:41"
[1] "Oklahoma is 51.9% complete."
[1] "Completed Oklahoma @ 2025-05-14 10:38:41"
[1] "Oklahoma is 52.1% complete."
[1] "Completed Oklahoma @ 2025-05-14 10:38:41"
[1] "Oklahoma is 52.3% complete."
[1] "Completed Oklahoma @ 2025-05-14 10:38:41"
[1] "Oklahoma is 52.5% complete."
[1] "Completed Oklahoma @ 2025-05-14 10:38:41"
[1] "Oklahoma is 52.7% complete."
[1] "Completed Oklahoma @ 2025-05-14 10:38:41"
[1] "Oklahoma is 53% complete."
[1] "Completed Oklahoma @ 2025-05-14 10:38:41"
[1] "Oklahoma is 53.2% complete."
[1] "Completed Oklahoma @ 2025-05-14 10:38:41"
[1] "Oklahoma is 53.4% complete."
[1] "Completed Oklahoma @ 2025-05-14 10:38:42"
[1] "Oklahoma is 53.6% complete."
[1] "Completed Oklahoma @ 2025-05-14 10:38:42"
[1] "Oklahoma is 53.8% complete."
[1] "Completed Oklahoma @ 2025-05-14 10:38:42"
[1] "Oklahoma is 54% complete."
[1] "Completed Oklahoma @ 2025-05-14 10:38:42"
[1] "Oklahoma is 54.2% complete."
[1] "Completed Oklahoma @ 2025-05-14 10:38:42"
[1] "Oklahoma is 54.4% complete."
[1] "Completed Oklahoma @ 2025-05-14 10:38:42"
[1] "Oklahoma is 54.6% complete."
[1] "Completed Oklahoma @ 2025-05-14 10:38:42"
[1] "Oklahoma is 54.9% complete."
[1] "Completed Oklahoma @ 2025-05-14 10:38:42"
[1] "Oklahoma is 55.1% complete."
[1] "Completed Oklahoma @ 2025-05-14 10:38:42"
[1] "Oklahoma is 55.3% complete."
[1] "Completed Oklahoma @ 2025-05-14 10:38:42"
[1] "Oklahoma is 55.5% complete."
[1] "Completed Oklahoma @ 2025-05-14 10:38:42"
[1] "Oklahoma is 55.7% complete."
[1] "Completed Oklahoma @ 2025-05-14 10:38:43"
[1] "Oklahoma is 55.9% complete."
[1] "Completed Oklahoma @ 2025-05-14 10:38:43"
[1] "Oklahoma is 56.1% complete."
[1] "Completed Oklahoma @ 2025-05-14 10:38:43"
[1] "Oklahoma is 56.3% complete."
[1] "Completed Oklahoma @ 2025-05-14 10:38:43"
[1] "Oklahoma is 56.5% complete."
[1] "Completed Oklahoma @ 2025-05-14 10:38:43"
[1] "Oklahoma is 56.8% complete."
[1] "Completed Oklahoma @ 2025-05-14 10:38:43"
[1] "Oklahoma is 57% complete."
[1] "Completed Oklahoma @ 2025-05-14 10:38:43"
[1] "Oklahoma is 57.2% complete."
[1] "Completed Oklahoma @ 2025-05-14 10:38:43"
[1] "Oklahoma is 57.4% complete."
[1] "Completed Oklahoma @ 2025-05-14 10:38:43"
[1] "Oklahoma is 57.6% complete."
[1] "Completed Oklahoma @ 2025-05-14 10:38:44"
[1] "Oklahoma is 57.8% complete."
[1] "Completed Oklahoma @ 2025-05-14 10:38:44"
[1] "Oklahoma is 58% complete."
[1] "Completed Oklahoma @ 2025-05-14 10:38:44"
[1] "Oklahoma is 58.2% complete."
[1] "Completed Oklahoma @ 2025-05-14 10:38:44"
[1] "Oklahoma is 58.4% complete."
[1] "Completed Oklahoma @ 2025-05-14 10:38:44"
[1] "Oklahoma is 58.6% complete."
[1] "Completed Oklahoma @ 2025-05-14 10:38:44"
[1] "Oklahoma is 58.9% complete."
[1] "Completed Oklahoma @ 2025-05-14 10:38:44"
[1] "Oklahoma is 59.1% complete."
[1] "Completed Oklahoma @ 2025-05-14 10:38:44"
[1] "Oklahoma is 59.3% complete."
[1] "Completed Oklahoma @ 2025-05-14 10:38:44"
[1] "Oklahoma is 59.5% complete."
[1] "Completed Oklahoma @ 2025-05-14 10:38:44"
[1] "Oklahoma is 59.7% complete."
[1] "Completed Oklahoma @ 2025-05-14 10:38:45"
[1] "Oklahoma is 59.9% complete."
[1] "Completed Oklahoma @ 2025-05-14 10:38:45"
[1] "Oklahoma is 60.1% complete."
[1] "Completed Oklahoma @ 2025-05-14 10:38:45"
[1] "Oklahoma is 60.3% complete."
[1] "Completed Oklahoma @ 2025-05-14 10:38:45"
[1] "Oklahoma is 60.5% complete."
[1] "Completed Oklahoma @ 2025-05-14 10:38:45"
[1] "Oklahoma is 60.8% complete."
[1] "Completed Oklahoma @ 2025-05-14 10:38:45"
[1] "Oklahoma is 61% complete."
[1] "Completed Oklahoma @ 2025-05-14 10:38:45"
[1] "Oklahoma is 61.2% complete."
[1] "Completed Oklahoma @ 2025-05-14 10:38:45"
[1] "Oklahoma is 61.4% complete."
[1] "Completed Oklahoma @ 2025-05-14 10:38:45"
[1] "Oklahoma is 61.6% complete."
[1] "Completed Oklahoma @ 2025-05-14 10:38:46"
[1] "Oklahoma is 61.8% complete."
[1] "Completed Oklahoma @ 2025-05-14 10:38:46"
[1] "Oklahoma is 62% complete."
[1] "Completed Oklahoma @ 2025-05-14 10:38:46"
[1] "Oklahoma is 62.2% complete."
[1] "Completed Oklahoma @ 2025-05-14 10:38:46"
[1] "Oklahoma is 62.4% complete."
[1] "Completed Oklahoma @ 2025-05-14 10:38:46"
[1] "Oklahoma is 62.7% complete."
[1] "Completed Oklahoma @ 2025-05-14 10:38:46"
[1] "Oklahoma is 62.9% complete."
[1] "Completed Oklahoma @ 2025-05-14 10:38:46"
[1] "Oklahoma is 63.1% complete."
[1] "Completed Oklahoma @ 2025-05-14 10:38:46"
[1] "Oklahoma is 63.3% complete."
[1] "Completed Oklahoma @ 2025-05-14 10:38:46"
[1] "Oklahoma is 63.5% complete."
[1] "Completed Oklahoma @ 2025-05-14 10:38:46"
[1] "Oklahoma is 63.7% complete."
[1] "Completed Oklahoma @ 2025-05-14 10:38:46"
[1] "Oklahoma is 63.9% complete."
[1] "Completed Oklahoma @ 2025-05-14 10:38:46"
[1] "Oklahoma is 64.1% complete."
[1] "Completed Oklahoma @ 2025-05-14 10:38:47"
[1] "Oklahoma is 64.3% complete."
[1] "Completed Oklahoma @ 2025-05-14 10:38:47"
[1] "Oklahoma is 64.6% complete."
[1] "Completed Oklahoma @ 2025-05-14 10:38:47"
[1] "Oklahoma is 64.8% complete."
[1] "Completed Oklahoma @ 2025-05-14 10:38:47"
[1] "Oklahoma is 65% complete."
[1] "Completed Oklahoma @ 2025-05-14 10:38:47"
[1] "Oklahoma is 65.2% complete."
[1] "Completed Oklahoma @ 2025-05-14 10:38:47"
[1] "Oklahoma is 65.4% complete."
[1] "Completed Oklahoma @ 2025-05-14 10:38:47"
[1] "Oklahoma is 65.6% complete."
[1] "Completed Oklahoma @ 2025-05-14 10:38:47"
[1] "Oklahoma is 65.8% complete."
[1] "Completed Oklahoma @ 2025-05-14 10:38:47"
[1] "Oklahoma is 66% complete."
[1] "Completed Oklahoma @ 2025-05-14 10:38:48"
[1] "Oklahoma is 66.2% complete."
[1] "Completed Oklahoma @ 2025-05-14 10:38:48"
[1] "Oklahoma is 66.5% complete."
[1] "Completed Oklahoma @ 2025-05-14 10:38:48"
[1] "Oklahoma is 66.7% complete."
[1] "Completed Oklahoma @ 2025-05-14 10:38:48"
[1] "Oklahoma is 66.9% complete."
[1] "Completed Oklahoma @ 2025-05-14 10:38:48"
[1] "Oklahoma is 67.1% complete."
[1] "Completed Oklahoma @ 2025-05-14 10:38:48"
[1] "Oklahoma is 67.3% complete."
[1] "Completed Oklahoma @ 2025-05-14 10:38:48"
[1] "Oklahoma is 67.5% complete."
[1] "Completed Oklahoma @ 2025-05-14 10:38:48"
[1] "Oklahoma is 67.7% complete."
[1] "Completed Oklahoma @ 2025-05-14 10:38:49"
[1] "Oklahoma is 67.9% complete."
[1] "Completed Oklahoma @ 2025-05-14 10:38:49"
[1] "Oklahoma is 68.1% complete."
[1] "Completed Oklahoma @ 2025-05-14 10:38:49"
[1] "Oklahoma is 68.4% complete."
[1] "Completed Oklahoma @ 2025-05-14 10:38:49"
[1] "Oklahoma is 68.6% complete."
[1] "Completed Oklahoma @ 2025-05-14 10:38:49"
[1] "Oklahoma is 68.8% complete."
[1] "Completed Oklahoma @ 2025-05-14 10:38:49"
[1] "Oklahoma is 69% complete."
[1] "Completed Oklahoma @ 2025-05-14 10:38:49"
[1] "Oklahoma is 69.2% complete."
[1] "Completed Oklahoma @ 2025-05-14 10:38:49"
[1] "Oklahoma is 69.4% complete."
[1] "Completed Oklahoma @ 2025-05-14 10:38:49"
[1] "Oklahoma is 69.6% complete."
[1] "Completed Oklahoma @ 2025-05-14 10:38:49"
[1] "Oklahoma is 69.8% complete."
[1] "Completed Oklahoma @ 2025-05-14 10:38:50"
[1] "Oklahoma is 70% complete."
[1] "Completed Oklahoma @ 2025-05-14 10:38:50"
[1] "Oklahoma is 70.3% complete."
[1] "Completed Oklahoma @ 2025-05-14 10:38:50"
[1] "Oklahoma is 70.5% complete."
[1] "Completed Oklahoma @ 2025-05-14 10:38:50"
[1] "Oklahoma is 70.7% complete."
[1] "Completed Oklahoma @ 2025-05-14 10:38:50"
[1] "Oklahoma is 70.9% complete."
[1] "Completed Oklahoma @ 2025-05-14 10:38:50"
[1] "Oklahoma is 71.1% complete."
[1] "Completed Oklahoma @ 2025-05-14 10:38:50"
[1] "Oklahoma is 71.3% complete."
[1] "Completed Oklahoma @ 2025-05-14 10:38:50"
[1] "Oklahoma is 71.5% complete."
[1] "Completed Oklahoma @ 2025-05-14 10:38:50"
[1] "Oklahoma is 71.7% complete."
[1] "Completed Oklahoma @ 2025-05-14 10:38:50"
[1] "Oklahoma is 71.9% complete."
[1] "Completed Oklahoma @ 2025-05-14 10:38:51"
[1] "Oklahoma is 72.2% complete."
[1] "Completed Oklahoma @ 2025-05-14 10:38:51"
[1] "Oklahoma is 72.4% complete."
[1] "Completed Oklahoma @ 2025-05-14 10:38:51"
[1] "Oklahoma is 72.6% complete."
[1] "Completed Oklahoma @ 2025-05-14 10:38:51"
[1] "Oklahoma is 72.8% complete."
[1] "Completed Oklahoma @ 2025-05-14 10:38:51"
[1] "Oklahoma is 73% complete."
[1] "Completed Oklahoma @ 2025-05-14 10:38:51"
[1] "Oklahoma is 73.2% complete."
[1] "Completed Oklahoma @ 2025-05-14 10:38:51"
[1] "Oklahoma is 73.4% complete."
[1] "Completed Oklahoma @ 2025-05-14 10:38:51"
[1] "Oklahoma is 73.6% complete."
[1] "Completed Oklahoma @ 2025-05-14 10:38:51"
[1] "Oklahoma is 73.8% complete."
[1] "Completed Oklahoma @ 2025-05-14 10:38:52"
[1] "Oklahoma is 74.1% complete."
[1] "Completed Oklahoma @ 2025-05-14 10:38:52"
[1] "Oklahoma is 74.3% complete."
[1] "Completed Oklahoma @ 2025-05-14 10:38:52"
[1] "Oklahoma is 74.5% complete."
[1] "Completed Oklahoma @ 2025-05-14 10:38:52"
[1] "Oklahoma is 74.7% complete."
[1] "Completed Oklahoma @ 2025-05-14 10:38:52"
[1] "Oklahoma is 74.9% complete."
[1] "Completed Oklahoma @ 2025-05-14 10:38:52"
[1] "Oklahoma is 75.1% complete."
[1] "Completed Oklahoma @ 2025-05-14 10:38:52"
[1] "Oklahoma is 75.3% complete."
[1] "Completed Oklahoma @ 2025-05-14 10:38:53"
[1] "Oklahoma is 75.5% complete."
[1] "Completed Oklahoma @ 2025-05-14 10:38:53"
[1] "Oklahoma is 75.7% complete."
[1] "Completed Oklahoma @ 2025-05-14 10:38:53"
[1] "Oklahoma is 75.9% complete."
[1] "Completed Oklahoma @ 2025-05-14 10:38:53"
[1] "Oklahoma is 76.2% complete."
[1] "Completed Oklahoma @ 2025-05-14 10:38:53"
[1] "Oklahoma is 76.4% complete."
[1] "Completed Oklahoma @ 2025-05-14 10:38:53"
[1] "Oklahoma is 76.6% complete."
[1] "Completed Oklahoma @ 2025-05-14 10:38:54"
[1] "Oklahoma is 76.8% complete."
[1] "Completed Oklahoma @ 2025-05-14 10:38:54"
[1] "Oklahoma is 77% complete."
[1] "Completed Oklahoma @ 2025-05-14 10:38:54"
[1] "Oklahoma is 77.2% complete."
[1] "Completed Oklahoma @ 2025-05-14 10:38:54"
[1] "Oklahoma is 77.4% complete."
[1] "Completed Oklahoma @ 2025-05-14 10:38:54"
[1] "Oklahoma is 77.6% complete."
[1] "Completed Oklahoma @ 2025-05-14 10:38:54"
[1] "Oklahoma is 77.8% complete."
[1] "Completed Oklahoma @ 2025-05-14 10:38:54"
[1] "Oklahoma is 78.1% complete."
[1] "Completed Oklahoma @ 2025-05-14 10:38:54"
[1] "Oklahoma is 78.3% complete."
[1] "Completed Oklahoma @ 2025-05-14 10:38:54"
[1] "Oklahoma is 78.5% complete."
[1] "Completed Oklahoma @ 2025-05-14 10:38:54"
[1] "Oklahoma is 78.7% complete."
[1] "Completed Oklahoma @ 2025-05-14 10:38:55"
[1] "Oklahoma is 78.9% complete."
[1] "Completed Oklahoma @ 2025-05-14 10:38:55"
[1] "Oklahoma is 79.1% complete."
[1] "Completed Oklahoma @ 2025-05-14 10:38:55"
[1] "Oklahoma is 79.3% complete."
[1] "Completed Oklahoma @ 2025-05-14 10:38:55"
[1] "Oklahoma is 79.5% complete."
[1] "Completed Oklahoma @ 2025-05-14 10:38:56"
[1] "Oklahoma is 79.7% complete."
[1] "Completed Oklahoma @ 2025-05-14 10:38:56"
[1] "Oklahoma is 80% complete."
[1] "Completed Oklahoma @ 2025-05-14 10:38:56"
[1] "Oklahoma is 80.2% complete."
[1] "Completed Oklahoma @ 2025-05-14 10:38:56"
[1] "Oklahoma is 80.4% complete."
[1] "Completed Oklahoma @ 2025-05-14 10:38:56"
[1] "Oklahoma is 80.6% complete."
[1] "Completed Oklahoma @ 2025-05-14 10:38:56"
[1] "Oklahoma is 80.8% complete."
[1] "Completed Oklahoma @ 2025-05-14 10:38:56"
[1] "Oklahoma is 81% complete."
[1] "Completed Oklahoma @ 2025-05-14 10:38:56"
[1] "Oklahoma is 81.2% complete."
[1] "Completed Oklahoma @ 2025-05-14 10:38:56"
[1] "Oklahoma is 81.4% complete."
[1] "Completed Oklahoma @ 2025-05-14 10:38:56"
[1] "Oklahoma is 81.6% complete."
[1] "Completed Oklahoma @ 2025-05-14 10:38:57"
[1] "Oklahoma is 81.9% complete."
[1] "Completed Oklahoma @ 2025-05-14 10:38:57"
[1] "Oklahoma is 82.1% complete."
[1] "Completed Oklahoma @ 2025-05-14 10:38:57"
[1] "Oklahoma is 82.3% complete."
[1] "Completed Oklahoma @ 2025-05-14 10:38:57"
[1] "Oklahoma is 82.5% complete."
[1] "Completed Oklahoma @ 2025-05-14 10:38:58"
[1] "Oklahoma is 82.7% complete."
[1] "Completed Oklahoma @ 2025-05-14 10:38:58"
[1] "Oklahoma is 82.9% complete."
[1] "Completed Oklahoma @ 2025-05-14 10:38:58"
[1] "Oklahoma is 83.1% complete."
[1] "Completed Oklahoma @ 2025-05-14 10:38:58"
[1] "Oklahoma is 83.3% complete."
[1] "Completed Oklahoma @ 2025-05-14 10:38:58"
[1] "Oklahoma is 83.5% complete."
[1] "Completed Oklahoma @ 2025-05-14 10:38:58"
[1] "Oklahoma is 83.8% complete."
[1] "Completed Oklahoma @ 2025-05-14 10:38:58"
[1] "Oklahoma is 84% complete."
[1] "Completed Oklahoma @ 2025-05-14 10:38:58"
[1] "Oklahoma is 84.2% complete."
[1] "Completed Oklahoma @ 2025-05-14 10:38:58"
[1] "Oklahoma is 84.4% complete."
[1] "Completed Oklahoma @ 2025-05-14 10:38:59"
[1] "Oklahoma is 84.6% complete."
[1] "Completed Oklahoma @ 2025-05-14 10:38:59"
[1] "Oklahoma is 84.8% complete."
[1] "Completed Oklahoma @ 2025-05-14 10:38:59"
[1] "Oklahoma is 85% complete."
[1] "Completed Oklahoma @ 2025-05-14 10:38:59"
[1] "Oklahoma is 85.2% complete."
[1] "Completed Oklahoma @ 2025-05-14 10:38:59"
[1] "Oklahoma is 85.4% complete."
[1] "Completed Oklahoma @ 2025-05-14 10:39:00"
[1] "Oklahoma is 85.7% complete."
[1] "Completed Oklahoma @ 2025-05-14 10:39:00"
[1] "Oklahoma is 85.9% complete."
[1] "Completed Oklahoma @ 2025-05-14 10:39:00"
[1] "Oklahoma is 86.1% complete."
[1] "Completed Oklahoma @ 2025-05-14 10:39:00"
[1] "Oklahoma is 86.3% complete."
[1] "Completed Oklahoma @ 2025-05-14 10:39:00"
[1] "Oklahoma is 86.5% complete."
[1] "Completed Oklahoma @ 2025-05-14 10:39:00"
[1] "Oklahoma is 86.7% complete."
[1] "Completed Oklahoma @ 2025-05-14 10:39:00"
[1] "Oklahoma is 86.9% complete."
[1] "Completed Oklahoma @ 2025-05-14 10:39:01"
[1] "Oklahoma is 87.1% complete."
[1] "Completed Oklahoma @ 2025-05-14 10:39:01"
[1] "Oklahoma is 87.3% complete."
[1] "Completed Oklahoma @ 2025-05-14 10:39:01"
[1] "Oklahoma is 87.6% complete."
[1] "Completed Oklahoma @ 2025-05-14 10:39:01"
[1] "Oklahoma is 87.8% complete."
[1] "Completed Oklahoma @ 2025-05-14 10:39:02"
[1] "Oklahoma is 88% complete."
[1] "Completed Oklahoma @ 2025-05-14 10:39:02"
[1] "Oklahoma is 88.2% complete."
[1] "Completed Oklahoma @ 2025-05-14 10:39:02"
[1] "Oklahoma is 88.4% complete."
[1] "Completed Oklahoma @ 2025-05-14 10:39:02"
[1] "Oklahoma is 88.6% complete."
[1] "Completed Oklahoma @ 2025-05-14 10:39:02"
[1] "Oklahoma is 88.8% complete."
[1] "Completed Oklahoma @ 2025-05-14 10:39:02"
[1] "Oklahoma is 89% complete."
[1] "Completed Oklahoma @ 2025-05-14 10:39:03"
[1] "Oklahoma is 89.2% complete."
[1] "Completed Oklahoma @ 2025-05-14 10:39:03"
[1] "Oklahoma is 89.5% complete."
[1] "Completed Oklahoma @ 2025-05-14 10:39:03"
[1] "Oklahoma is 89.7% complete."
[1] "Completed Oklahoma @ 2025-05-14 10:39:03"
[1] "Oklahoma is 89.9% complete."
[1] "Completed Oklahoma @ 2025-05-14 10:39:03"
[1] "Oklahoma is 90.1% complete."
[1] "Completed Oklahoma @ 2025-05-14 10:39:03"
[1] "Oklahoma is 90.3% complete."
[1] "Completed Oklahoma @ 2025-05-14 10:39:03"
[1] "Oklahoma is 90.5% complete."
[1] "Completed Oklahoma @ 2025-05-14 10:39:04"
[1] "Oklahoma is 90.7% complete."
[1] "Completed Oklahoma @ 2025-05-14 10:39:04"
[1] "Oklahoma is 90.9% complete."
[1] "Completed Oklahoma @ 2025-05-14 10:39:04"
[1] "Oklahoma is 91.1% complete."
[1] "Completed Oklahoma @ 2025-05-14 10:39:04"
[1] "Oklahoma is 91.4% complete."
[1] "Completed Oklahoma @ 2025-05-14 10:39:04"
[1] "Oklahoma is 91.6% complete."
[1] "Completed Oklahoma @ 2025-05-14 10:39:05"
[1] "Oklahoma is 91.8% complete."
[1] "Completed Oklahoma @ 2025-05-14 10:39:05"
[1] "Oklahoma is 92% complete."
[1] "Completed Oklahoma @ 2025-05-14 10:39:05"
[1] "Oklahoma is 92.2% complete."
[1] "Completed Oklahoma @ 2025-05-14 10:39:05"
[1] "Oklahoma is 92.4% complete."
[1] "Completed Oklahoma @ 2025-05-14 10:39:05"
[1] "Oklahoma is 92.6% complete."
[1] "Completed Oklahoma @ 2025-05-14 10:39:05"
[1] "Oklahoma is 92.8% complete."
[1] "Completed Oklahoma @ 2025-05-14 10:39:05"
[1] "Oklahoma is 93% complete."
[1] "Completed Oklahoma @ 2025-05-14 10:39:06"
[1] "Oklahoma is 93.2% complete."
[1] "Completed Oklahoma @ 2025-05-14 10:39:06"
[1] "Oklahoma is 93.5% complete."
[1] "Completed Oklahoma @ 2025-05-14 10:39:06"
[1] "Oklahoma is 93.7% complete."
[1] "Completed Oklahoma @ 2025-05-14 10:39:07"
[1] "Oklahoma is 93.9% complete."
[1] "Completed Oklahoma @ 2025-05-14 10:39:07"
[1] "Oklahoma is 94.1% complete."
[1] "Completed Oklahoma @ 2025-05-14 10:39:07"
[1] "Oklahoma is 94.3% complete."
[1] "Completed Oklahoma @ 2025-05-14 10:39:07"
[1] "Oklahoma is 94.5% complete."
[1] "Completed Oklahoma @ 2025-05-14 10:39:07"
[1] "Oklahoma is 94.7% complete."
[1] "Completed Oklahoma @ 2025-05-14 10:39:07"
[1] "Oklahoma is 94.9% complete."
[1] "Completed Oklahoma @ 2025-05-14 10:39:07"
[1] "Oklahoma is 95.1% complete."
[1] "Completed Oklahoma @ 2025-05-14 10:39:07"
[1] "Oklahoma is 95.4% complete."
[1] "Completed Oklahoma @ 2025-05-14 10:39:08"
[1] "Oklahoma is 95.6% complete."
[1] "Completed Oklahoma @ 2025-05-14 10:39:08"
[1] "Oklahoma is 95.8% complete."
[1] "Completed Oklahoma @ 2025-05-14 10:39:08"
[1] "Oklahoma is 96% complete."
[1] "Completed Oklahoma @ 2025-05-14 10:39:08"
[1] "Oklahoma is 96.2% complete."
[1] "Completed Oklahoma @ 2025-05-14 10:39:09"
[1] "Oklahoma is 96.4% complete."
[1] "Completed Oklahoma @ 2025-05-14 10:39:09"
[1] "Oklahoma is 96.6% complete."
[1] "Completed Oklahoma @ 2025-05-14 10:39:09"
[1] "Oklahoma is 96.8% complete."
[1] "Completed Oklahoma @ 2025-05-14 10:39:10"
[1] "Oklahoma is 97% complete."
[1] "Completed Oklahoma @ 2025-05-14 10:39:10"
[1] "Oklahoma is 97.3% complete."
[1] "Completed Oklahoma @ 2025-05-14 10:39:10"
[1] "Oklahoma is 97.5% complete."
[1] "Completed Oklahoma @ 2025-05-14 10:39:11"
[1] "Oklahoma is 97.7% complete."
[1] "Completed Oklahoma @ 2025-05-14 10:39:11"
[1] "Oklahoma is 97.9% complete."
[1] "Completed Oklahoma @ 2025-05-14 10:39:11"
[1] "Oklahoma is 98.1% complete."
[1] "Completed Oklahoma @ 2025-05-14 10:39:12"
[1] "Oklahoma is 98.3% complete."
[1] "Completed Oklahoma @ 2025-05-14 10:39:12"
[1] "Oklahoma is 98.5% complete."
[1] "Completed Oklahoma @ 2025-05-14 10:39:13"
[1] "Oklahoma is 98.7% complete."
[1] "Completed Oklahoma @ 2025-05-14 10:39:14"
[1] "Oklahoma is 98.9% complete."
[1] "Completed Oklahoma @ 2025-05-14 10:39:14"
[1] "Oklahoma is 99.2% complete."
[1] "Completed Oklahoma @ 2025-05-14 10:39:15"
[1] "Oklahoma is 99.4% complete."
[1] "Completed Oklahoma @ 2025-05-14 10:39:16"
[1] "Oklahoma is 99.6% complete."
[1] "Completed Oklahoma @ 2025-05-14 10:39:16"
[1] "Oklahoma is 99.8% complete."
[1] "Completed Oklahoma @ 2025-05-14 10:39:17"
[1] "Oklahoma is 100% complete."
[1] "Completed Oklahoma @ 2025-05-14 10:39:19"
Deleting layer `Pop' using driver `GPKG'
Writing layer `Pop' to data source 
  `/work/GRDVULN/sewershed/Model/Create_Boundaries/outputs/Pop_Delineated/FP_40.gpkg' using driver `GPKG'
Writing 474 features with 10 fields and geometry type Unknown (any).
[1] "SCRIPT COMPLETE @ 2025-05-14 10:39:42"
