[1] "Starting Oregon"
Reading layer `cb_2021_us_state_500k' from data source 
  `/work/GRDVULN/data/cb_2021_us_all_500k.gdb' using driver `OpenFileGDB'
Simple feature collection with 56 features and 9 fields
Geometry type: MULTIPOLYGON
Dimension:     XY
Bounding box:  xmin: -179.1489 ymin: -14.5487 xmax: 179.7785 ymax: 71.36516
Geodetic CRS:  NAD83
[1] "Building 201 systems"
[1] "Oregon is 0.5% complete."
[1] "Completed Oregon @ 2025-05-14 10:37:55"
[1] "Oregon is 1% complete."
[1] "Completed Oregon @ 2025-05-14 10:37:55"
[1] "Oregon is 1.5% complete."
[1] "Completed Oregon @ 2025-05-14 10:37:55"
[1] "Oregon is 2% complete."
[1] "Completed Oregon @ 2025-05-14 10:37:56"
[1] "Oregon is 2.5% complete."
[1] "Completed Oregon @ 2025-05-14 10:37:56"
[1] "Oregon is 3% complete."
[1] "Completed Oregon @ 2025-05-14 10:37:56"
[1] "Oregon is 3.5% complete."
[1] "Completed Oregon @ 2025-05-14 10:37:56"
[1] "Oregon is 4% complete."
[1] "Completed Oregon @ 2025-05-14 10:37:56"
[1] "Oregon is 4.5% complete."
[1] "Completed Oregon @ 2025-05-14 10:37:56"
[1] "Oregon is 5% complete."
[1] "Completed Oregon @ 2025-05-14 10:37:57"
[1] "Oregon is 5.5% complete."
[1] "Completed Oregon @ 2025-05-14 10:37:57"
[1] "Oregon is 6% complete."
[1] "Completed Oregon @ 2025-05-14 10:37:57"
[1] "Oregon is 6.5% complete."
[1] "Completed Oregon @ 2025-05-14 10:37:57"
[1] "Oregon is 7% complete."
[1] "Completed Oregon @ 2025-05-14 10:37:57"
[1] "Oregon is 7.5% complete."
[1] "Completed Oregon @ 2025-05-14 10:37:57"
[1] "Oregon is 8% complete."
[1] "Completed Oregon @ 2025-05-14 10:37:57"
[1] "Oregon is 8.5% complete."
[1] "Completed Oregon @ 2025-05-14 10:37:57"
[1] "Oregon is 9% complete."
[1] "Completed Oregon @ 2025-05-14 10:37:57"
[1] "Oregon is 9.5% complete."
[1] "Completed Oregon @ 2025-05-14 10:37:57"
[1] "Oregon is 10% complete."
[1] "Completed Oregon @ 2025-05-14 10:37:57"
[1] "Oregon is 10.4% complete."
[1] "Completed Oregon @ 2025-05-14 10:37:57"
[1] "Oregon is 10.9% complete."
[1] "Completed Oregon @ 2025-05-14 10:37:57"
[1] "Oregon is 11.4% complete."
[1] "Completed Oregon @ 2025-05-14 10:37:57"
[1] "Oregon is 11.9% complete."
[1] "Completed Oregon @ 2025-05-14 10:37:57"
[1] "Oregon is 12.4% complete."
[1] "Completed Oregon @ 2025-05-14 10:37:57"
[1] "Oregon is 12.9% complete."
[1] "Completed Oregon @ 2025-05-14 10:37:57"
[1] "Oregon is 13.4% complete."
[1] "Completed Oregon @ 2025-05-14 10:37:57"
[1] "Oregon is 13.9% complete."
[1] "Completed Oregon @ 2025-05-14 10:37:57"
[1] "Oregon is 14.4% complete."
[1] "Completed Oregon @ 2025-05-14 10:37:58"
[1] "Oregon is 14.9% complete."
[1] "Completed Oregon @ 2025-05-14 10:37:58"
[1] "Oregon is 15.4% complete."
[1] "Completed Oregon @ 2025-05-14 10:37:58"
[1] "Oregon is 15.9% complete."
[1] "Completed Oregon @ 2025-05-14 10:37:58"
[1] "Oregon is 16.4% complete."
[1] "Completed Oregon @ 2025-05-14 10:37:58"
[1] "Oregon is 16.9% complete."
[1] "Completed Oregon @ 2025-05-14 10:37:58"
[1] "Oregon is 17.4% complete."
[1] "Completed Oregon @ 2025-05-14 10:37:58"
[1] "Oregon is 17.9% complete."
[1] "Completed Oregon @ 2025-05-14 10:37:58"
[1] "Oregon is 18.4% complete."
[1] "Completed Oregon @ 2025-05-14 10:37:58"
[1] "Oregon is 18.9% complete."
[1] "Completed Oregon @ 2025-05-14 10:37:58"
[1] "Oregon is 19.4% complete."
[1] "Completed Oregon @ 2025-05-14 10:37:58"
[1] "Oregon is 19.9% complete."
[1] "Completed Oregon @ 2025-05-14 10:37:58"
[1] "Oregon is 20.4% complete."
[1] "Completed Oregon @ 2025-05-14 10:37:58"
[1] "Oregon is 20.9% complete."
[1] "Completed Oregon @ 2025-05-14 10:37:58"
[1] "Oregon is 21.4% complete."
[1] "Completed Oregon @ 2025-05-14 10:37:58"
[1] "Oregon is 21.9% complete."
[1] "Completed Oregon @ 2025-05-14 10:37:58"
[1] "Oregon is 22.4% complete."
[1] "Completed Oregon @ 2025-05-14 10:37:58"
[1] "Oregon is 22.9% complete."
[1] "Completed Oregon @ 2025-05-14 10:37:58"
[1] "Oregon is 23.4% complete."
[1] "Completed Oregon @ 2025-05-14 10:37:58"
[1] "Oregon is 23.9% complete."
[1] "Completed Oregon @ 2025-05-14 10:37:59"
[1] "Oregon is 24.4% complete."
[1] "Completed Oregon @ 2025-05-14 10:37:59"
[1] "Oregon is 24.9% complete."
[1] "Completed Oregon @ 2025-05-14 10:37:59"
[1] "Oregon is 25.4% complete."
[1] "Completed Oregon @ 2025-05-14 10:37:59"
[1] "Oregon is 25.9% complete."
[1] "Completed Oregon @ 2025-05-14 10:37:59"
[1] "Oregon is 26.4% complete."
[1] "Completed Oregon @ 2025-05-14 10:37:59"
[1] "Oregon is 26.9% complete."
[1] "Completed Oregon @ 2025-05-14 10:37:59"
[1] "Oregon is 27.4% complete."
[1] "Completed Oregon @ 2025-05-14 10:37:59"
[1] "Oregon is 27.9% complete."
[1] "Completed Oregon @ 2025-05-14 10:37:59"
[1] "Oregon is 28.4% complete."
[1] "Completed Oregon @ 2025-05-14 10:37:59"
[1] "Oregon is 28.9% complete."
[1] "Completed Oregon @ 2025-05-14 10:37:59"
[1] "Oregon is 29.4% complete."
[1] "Completed Oregon @ 2025-05-14 10:37:59"
[1] "Oregon is 29.9% complete."
[1] "Completed Oregon @ 2025-05-14 10:37:59"
[1] "Oregon is 30.3% complete."
[1] "Completed Oregon @ 2025-05-14 10:37:59"
[1] "Oregon is 30.8% complete."
[1] "Completed Oregon @ 2025-05-14 10:37:59"
[1] "Oregon is 31.3% complete."
[1] "Completed Oregon @ 2025-05-14 10:38:00"
[1] "Oregon is 31.8% complete."
[1] "Completed Oregon @ 2025-05-14 10:38:00"
[1] "Oregon is 32.3% complete."
[1] "Completed Oregon @ 2025-05-14 10:38:00"
[1] "Oregon is 32.8% complete."
[1] "Completed Oregon @ 2025-05-14 10:38:00"
[1] "Oregon is 33.3% complete."
[1] "Completed Oregon @ 2025-05-14 10:38:00"
[1] "Oregon is 33.8% complete."
[1] "Completed Oregon @ 2025-05-14 10:38:00"
[1] "Oregon is 34.3% complete."
[1] "Completed Oregon @ 2025-05-14 10:38:00"
[1] "Oregon is 34.8% complete."
[1] "Completed Oregon @ 2025-05-14 10:38:00"
[1] "Oregon is 35.3% complete."
[1] "Completed Oregon @ 2025-05-14 10:38:00"
[1] "Oregon is 35.8% complete."
[1] "Completed Oregon @ 2025-05-14 10:38:00"
[1] "Oregon is 36.3% complete."
[1] "Completed Oregon @ 2025-05-14 10:38:00"
[1] "Oregon is 36.8% complete."
[1] "Completed Oregon @ 2025-05-14 10:38:00"
[1] "Oregon is 37.3% complete."
[1] "Completed Oregon @ 2025-05-14 10:38:00"
[1] "Oregon is 37.8% complete."
[1] "Completed Oregon @ 2025-05-14 10:38:00"
[1] "Oregon is 38.3% complete."
[1] "Completed Oregon @ 2025-05-14 10:38:00"
[1] "Oregon is 38.8% complete."
[1] "Completed Oregon @ 2025-05-14 10:38:00"
[1] "Oregon is 39.3% complete."
[1] "Completed Oregon @ 2025-05-14 10:38:00"
[1] "Oregon is 39.8% complete."
[1] "Completed Oregon @ 2025-05-14 10:38:00"
[1] "Oregon is 40.3% complete."
[1] "Completed Oregon @ 2025-05-14 10:38:01"
[1] "Oregon is 40.8% complete."
[1] "Completed Oregon @ 2025-05-14 10:38:01"
[1] "Oregon is 41.3% complete."
[1] "Completed Oregon @ 2025-05-14 10:38:01"
[1] "Oregon is 41.8% complete."
[1] "Completed Oregon @ 2025-05-14 10:38:01"
[1] "Oregon is 42.3% complete."
[1] "Completed Oregon @ 2025-05-14 10:38:01"
[1] "Oregon is 42.8% complete."
[1] "Completed Oregon @ 2025-05-14 10:38:01"
[1] "Oregon is 43.3% complete."
[1] "Completed Oregon @ 2025-05-14 10:38:01"
[1] "Oregon is 43.8% complete."
[1] "Completed Oregon @ 2025-05-14 10:38:01"
[1] "Oregon is 44.3% complete."
[1] "Completed Oregon @ 2025-05-14 10:38:01"
[1] "Oregon is 44.8% complete."
[1] "Completed Oregon @ 2025-05-14 10:38:01"
[1] "Oregon is 45.3% complete."
[1] "Completed Oregon @ 2025-05-14 10:38:01"
[1] "Oregon is 45.8% complete."
[1] "Completed Oregon @ 2025-05-14 10:38:01"
[1] "Oregon is 46.3% complete."
[1] "Completed Oregon @ 2025-05-14 10:38:01"
[1] "Oregon is 46.8% complete."
[1] "Completed Oregon @ 2025-05-14 10:38:01"
[1] "Oregon is 47.3% complete."
[1] "Completed Oregon @ 2025-05-14 10:38:01"
[1] "Oregon is 47.8% complete."
[1] "Completed Oregon @ 2025-05-14 10:38:02"
[1] "Oregon is 48.3% complete."
[1] "Completed Oregon @ 2025-05-14 10:38:02"
[1] "Oregon is 48.8% complete."
[1] "Completed Oregon @ 2025-05-14 10:38:02"
[1] "Oregon is 49.3% complete."
[1] "Completed Oregon @ 2025-05-14 10:38:02"
[1] "Oregon is 49.8% complete."
[1] "Completed Oregon @ 2025-05-14 10:38:02"
[1] "Oregon is 50.2% complete."
[1] "Completed Oregon @ 2025-05-14 10:38:02"
[1] "Oregon is 50.7% complete."
[1] "Completed Oregon @ 2025-05-14 10:38:02"
[1] "Oregon is 51.2% complete."
[1] "Completed Oregon @ 2025-05-14 10:38:02"
[1] "Oregon is 51.7% complete."
[1] "Completed Oregon @ 2025-05-14 10:38:02"
[1] "Oregon is 52.2% complete."
[1] "Completed Oregon @ 2025-05-14 10:38:02"
[1] "Oregon is 52.7% complete."
[1] "Completed Oregon @ 2025-05-14 10:38:02"
[1] "Oregon is 53.2% complete."
[1] "Completed Oregon @ 2025-05-14 10:38:02"
[1] "Oregon is 53.7% complete."
[1] "Completed Oregon @ 2025-05-14 10:38:02"
[1] "Oregon is 54.2% complete."
[1] "Completed Oregon @ 2025-05-14 10:38:02"
[1] "Oregon is 54.7% complete."
[1] "Completed Oregon @ 2025-05-14 10:38:02"
[1] "Oregon is 55.2% complete."
[1] "Completed Oregon @ 2025-05-14 10:38:02"
[1] "Oregon is 55.7% complete."
[1] "Completed Oregon @ 2025-05-14 10:38:03"
[1] "Oregon is 56.2% complete."
[1] "Completed Oregon @ 2025-05-14 10:38:03"
[1] "Oregon is 56.7% complete."
[1] "Completed Oregon @ 2025-05-14 10:38:03"
[1] "Oregon is 57.2% complete."
[1] "Completed Oregon @ 2025-05-14 10:38:03"
[1] "Oregon is 57.7% complete."
[1] "Completed Oregon @ 2025-05-14 10:38:03"
[1] "Oregon is 58.2% complete."
[1] "Completed Oregon @ 2025-05-14 10:38:03"
[1] "Oregon is 58.7% complete."
[1] "Completed Oregon @ 2025-05-14 10:38:03"
[1] "Oregon is 59.2% complete."
[1] "Completed Oregon @ 2025-05-14 10:38:03"
[1] "Oregon is 59.7% complete."
[1] "Completed Oregon @ 2025-05-14 10:38:03"
[1] "Oregon is 60.2% complete."
[1] "Completed Oregon @ 2025-05-14 10:38:03"
[1] "Oregon is 60.7% complete."
[1] "Completed Oregon @ 2025-05-14 10:38:03"
[1] "Oregon is 61.2% complete."
[1] "Completed Oregon @ 2025-05-14 10:38:03"
[1] "Oregon is 61.7% complete."
[1] "Completed Oregon @ 2025-05-14 10:38:04"
[1] "Oregon is 62.2% complete."
[1] "Completed Oregon @ 2025-05-14 10:38:04"
[1] "Oregon is 62.7% complete."
[1] "Completed Oregon @ 2025-05-14 10:38:04"
[1] "Oregon is 63.2% complete."
[1] "Completed Oregon @ 2025-05-14 10:38:04"
[1] "Oregon is 63.7% complete."
[1] "Completed Oregon @ 2025-05-14 10:38:04"
[1] "Oregon is 64.2% complete."
[1] "Completed Oregon @ 2025-05-14 10:38:04"
[1] "Oregon is 64.7% complete."
[1] "Completed Oregon @ 2025-05-14 10:38:04"
[1] "Oregon is 65.2% complete."
[1] "Completed Oregon @ 2025-05-14 10:38:04"
[1] "Oregon is 65.7% complete."
[1] "Completed Oregon @ 2025-05-14 10:38:04"
[1] "Oregon is 66.2% complete."
[1] "Completed Oregon @ 2025-05-14 10:38:04"
[1] "Oregon is 66.7% complete."
[1] "Completed Oregon @ 2025-05-14 10:38:04"
[1] "Oregon is 67.2% complete."
[1] "Completed Oregon @ 2025-05-14 10:38:04"
[1] "Oregon is 67.7% complete."
[1] "Completed Oregon @ 2025-05-14 10:38:04"
[1] "Oregon is 68.2% complete."
[1] "Completed Oregon @ 2025-05-14 10:38:04"
[1] "Oregon is 68.7% complete."
[1] "Completed Oregon @ 2025-05-14 10:38:04"
[1] "Oregon is 69.2% complete."
[1] "Completed Oregon @ 2025-05-14 10:38:05"
[1] "Oregon is 69.7% complete."
[1] "Completed Oregon @ 2025-05-14 10:38:05"
[1] "Oregon is 70.1% complete."
[1] "Completed Oregon @ 2025-05-14 10:38:05"
[1] "Oregon is 70.6% complete."
[1] "Completed Oregon @ 2025-05-14 10:38:05"
[1] "Oregon is 71.1% complete."
[1] "Completed Oregon @ 2025-05-14 10:38:05"
[1] "Oregon is 71.6% complete."
[1] "Completed Oregon @ 2025-05-14 10:38:05"
[1] "Oregon is 72.1% complete."
[1] "Completed Oregon @ 2025-05-14 10:38:05"
[1] "Oregon is 72.6% complete."
[1] "Completed Oregon @ 2025-05-14 10:38:05"
[1] "Oregon is 73.1% complete."
[1] "Completed Oregon @ 2025-05-14 10:38:05"
[1] "Oregon is 73.6% complete."
[1] "Completed Oregon @ 2025-05-14 10:38:05"
[1] "Oregon is 74.1% complete."
[1] "Completed Oregon @ 2025-05-14 10:38:06"
[1] "Oregon is 74.6% complete."
[1] "Completed Oregon @ 2025-05-14 10:38:06"
[1] "Oregon is 75.1% complete."
[1] "Completed Oregon @ 2025-05-14 10:38:06"
[1] "Oregon is 75.6% complete."
[1] "Completed Oregon @ 2025-05-14 10:38:06"
[1] "Oregon is 76.1% complete."
[1] "Completed Oregon @ 2025-05-14 10:38:06"
[1] "Oregon is 76.6% complete."
[1] "Completed Oregon @ 2025-05-14 10:38:06"
[1] "Oregon is 77.1% complete."
[1] "Completed Oregon @ 2025-05-14 10:38:06"
[1] "Oregon is 77.6% complete."
[1] "Completed Oregon @ 2025-05-14 10:38:06"
[1] "Oregon is 78.1% complete."
[1] "Completed Oregon @ 2025-05-14 10:38:07"
[1] "Oregon is 78.6% complete."
[1] "Completed Oregon @ 2025-05-14 10:38:07"
[1] "Oregon is 79.1% complete."
[1] "Completed Oregon @ 2025-05-14 10:38:07"
[1] "Oregon is 79.6% complete."
[1] "Completed Oregon @ 2025-05-14 10:38:07"
[1] "Oregon is 80.1% complete."
[1] "Completed Oregon @ 2025-05-14 10:38:07"
[1] "Oregon is 80.6% complete."
[1] "Completed Oregon @ 2025-05-14 10:38:07"
[1] "Oregon is 81.1% complete."
[1] "Completed Oregon @ 2025-05-14 10:38:07"
[1] "Oregon is 81.6% complete."
[1] "Completed Oregon @ 2025-05-14 10:38:07"
[1] "Oregon is 82.1% complete."
[1] "Completed Oregon @ 2025-05-14 10:38:07"
[1] "Oregon is 82.6% complete."
[1] "Completed Oregon @ 2025-05-14 10:38:07"
[1] "Oregon is 83.1% complete."
[1] "Completed Oregon @ 2025-05-14 10:38:08"
[1] "Oregon is 83.6% complete."
[1] "Completed Oregon @ 2025-05-14 10:38:08"
[1] "Oregon is 84.1% complete."
[1] "Completed Oregon @ 2025-05-14 10:38:08"
[1] "Oregon is 84.6% complete."
[1] "Completed Oregon @ 2025-05-14 10:38:08"
[1] "Oregon is 85.1% complete."
[1] "Completed Oregon @ 2025-05-14 10:38:08"
[1] "Oregon is 85.6% complete."
[1] "Completed Oregon @ 2025-05-14 10:38:08"
[1] "Oregon is 86.1% complete."
[1] "Completed Oregon @ 2025-05-14 10:38:08"
[1] "Oregon is 86.6% complete."
[1] "Completed Oregon @ 2025-05-14 10:38:08"
[1] "Oregon is 87.1% complete."
[1] "Completed Oregon @ 2025-05-14 10:38:08"
[1] "Oregon is 87.6% complete."
[1] "Completed Oregon @ 2025-05-14 10:38:08"
[1] "Oregon is 88.1% complete."
[1] "Completed Oregon @ 2025-05-14 10:38:09"
[1] "Oregon is 88.6% complete."
[1] "Completed Oregon @ 2025-05-14 10:38:09"
[1] "Oregon is 89.1% complete."
[1] "Completed Oregon @ 2025-05-14 10:38:09"
[1] "Oregon is 89.6% complete."
[1] "Completed Oregon @ 2025-05-14 10:38:09"
[1] "Oregon is 90% complete."
[1] "Completed Oregon @ 2025-05-14 10:38:09"
[1] "Oregon is 90.5% complete."
[1] "Completed Oregon @ 2025-05-14 10:38:09"
[1] "Oregon is 91% complete."
[1] "Completed Oregon @ 2025-05-14 10:38:09"
[1] "Oregon is 91.5% complete."
[1] "Completed Oregon @ 2025-05-14 10:38:09"
[1] "Oregon is 92% complete."
[1] "Completed Oregon @ 2025-05-14 10:38:09"
[1] "Oregon is 92.5% complete."
[1] "Completed Oregon @ 2025-05-14 10:38:10"
[1] "Oregon is 93% complete."
[1] "Completed Oregon @ 2025-05-14 10:38:10"
[1] "Oregon is 93.5% complete."
[1] "Completed Oregon @ 2025-05-14 10:38:10"
[1] "Oregon is 94% complete."
[1] "Completed Oregon @ 2025-05-14 10:38:10"
[1] "Oregon is 94.5% complete."
[1] "Completed Oregon @ 2025-05-14 10:38:10"
[1] "Oregon is 95% complete."
[1] "Completed Oregon @ 2025-05-14 10:38:11"
[1] "Oregon is 95.5% complete."
[1] "Completed Oregon @ 2025-05-14 10:38:11"
[1] "Oregon is 96% complete."
[1] "Completed Oregon @ 2025-05-14 10:38:11"
[1] "Oregon is 96.5% complete."
[1] "Completed Oregon @ 2025-05-14 10:38:11"
[1] "Oregon is 97% complete."
[1] "Completed Oregon @ 2025-05-14 10:38:12"
[1] "Oregon is 97.5% complete."
[1] "Completed Oregon @ 2025-05-14 10:38:12"
[1] "Oregon is 98% complete."
[1] "Completed Oregon @ 2025-05-14 10:38:12"
[1] "Oregon is 98.5% complete."
[1] "Completed Oregon @ 2025-05-14 10:38:13"
[1] "Oregon is 99% complete."
[1] "Completed Oregon @ 2025-05-14 10:38:14"
[1] "Oregon is 99.5% complete."
[1] "Completed Oregon @ 2025-05-14 10:38:15"
[1] "Oregon is 100% complete."
[1] "Completed Oregon @ 2025-05-14 10:38:17"
Deleting layer `Pop' using driver `GPKG'
Writing layer `Pop' to data source 
  `/work/GRDVULN/sewershed/Model/Create_Boundaries/outputs/Pop_Delineated/FP_41.gpkg' using driver `GPKG'
Writing 200 features with 10 fields and geometry type Unknown (any).
[1] "SCRIPT COMPLETE @ 2025-05-14 10:38:26"
