[1] "Starting South Carolina"
Reading layer `cb_2021_us_state_500k' from data source 
  `/work/GRDVULN/data/cb_2021_us_all_500k.gdb' using driver `OpenFileGDB'
Simple feature collection with 56 features and 9 fields
Geometry type: MULTIPOLYGON
Dimension:     XY
Bounding box:  xmin: -179.1489 ymin: -14.5487 xmax: 179.7785 ymax: 71.36516
Geodetic CRS:  NAD83
[1] "Building 125 systems"
[1] "South Carolina is 0.8% complete."
[1] "Completed South Carolina @ 2025-05-14 10:37:40"
[1] "South Carolina is 1.6% complete."
[1] "Completed South Carolina @ 2025-05-14 10:37:40"
[1] "South Carolina is 2.4% complete."
[1] "Completed South Carolina @ 2025-05-14 10:37:40"
[1] "South Carolina is 3.2% complete."
[1] "Completed South Carolina @ 2025-05-14 10:37:40"
[1] "South Carolina is 4% complete."
[1] "Completed South Carolina @ 2025-05-14 10:37:40"
[1] "South Carolina is 4.8% complete."
[1] "Completed South Carolina @ 2025-05-14 10:37:40"
[1] "South Carolina is 5.6% complete."
[1] "Completed South Carolina @ 2025-05-14 10:37:40"
[1] "South Carolina is 6.4% complete."
[1] "Completed South Carolina @ 2025-05-14 10:37:40"
[1] "South Carolina is 7.2% complete."
[1] "Completed South Carolina @ 2025-05-14 10:37:40"
[1] "South Carolina is 8% complete."
[1] "Completed South Carolina @ 2025-05-14 10:37:41"
[1] "South Carolina is 8.8% complete."
[1] "Completed South Carolina @ 2025-05-14 10:37:41"
[1] "South Carolina is 9.6% complete."
[1] "Completed South Carolina @ 2025-05-14 10:37:41"
[1] "South Carolina is 10.4% complete."
[1] "Completed South Carolina @ 2025-05-14 10:37:41"
[1] "South Carolina is 11.2% complete."
[1] "Completed South Carolina @ 2025-05-14 10:37:41"
[1] "South Carolina is 12% complete."
[1] "Completed South Carolina @ 2025-05-14 10:37:41"
[1] "South Carolina is 12.8% complete."
[1] "Completed South Carolina @ 2025-05-14 10:37:41"
[1] "South Carolina is 13.6% complete."
[1] "Completed South Carolina @ 2025-05-14 10:37:41"
[1] "South Carolina is 14.4% complete."
[1] "Completed South Carolina @ 2025-05-14 10:37:41"
[1] "South Carolina is 15.2% complete."
[1] "Completed South Carolina @ 2025-05-14 10:37:41"
[1] "South Carolina is 16% complete."
[1] "Completed South Carolina @ 2025-05-14 10:37:41"
[1] "South Carolina is 16.8% complete."
[1] "Completed South Carolina @ 2025-05-14 10:37:41"
[1] "South Carolina is 17.6% complete."
[1] "Completed South Carolina @ 2025-05-14 10:37:41"
[1] "South Carolina is 18.4% complete."
[1] "Completed South Carolina @ 2025-05-14 10:37:41"
[1] "South Carolina is 19.2% complete."
[1] "Completed South Carolina @ 2025-05-14 10:37:41"
[1] "South Carolina is 20% complete."
[1] "Completed South Carolina @ 2025-05-14 10:37:42"
[1] "South Carolina is 20.8% complete."
[1] "Completed South Carolina @ 2025-05-14 10:37:42"
[1] "South Carolina is 21.6% complete."
[1] "Completed South Carolina @ 2025-05-14 10:37:42"
[1] "South Carolina is 22.4% complete."
[1] "Completed South Carolina @ 2025-05-14 10:37:42"
[1] "South Carolina is 23.2% complete."
[1] "Completed South Carolina @ 2025-05-14 10:37:42"
[1] "South Carolina is 24% complete."
[1] "Completed South Carolina @ 2025-05-14 10:37:42"
[1] "South Carolina is 24.8% complete."
[1] "Completed South Carolina @ 2025-05-14 10:37:42"
[1] "South Carolina is 25.6% complete."
[1] "Completed South Carolina @ 2025-05-14 10:37:42"
[1] "South Carolina is 26.4% complete."
[1] "Completed South Carolina @ 2025-05-14 10:37:42"
[1] "South Carolina is 27.2% complete."
[1] "Completed South Carolina @ 2025-05-14 10:37:42"
[1] "South Carolina is 28% complete."
[1] "Completed South Carolina @ 2025-05-14 10:37:42"
[1] "South Carolina is 28.8% complete."
[1] "Completed South Carolina @ 2025-05-14 10:37:42"
[1] "South Carolina is 29.6% complete."
[1] "Completed South Carolina @ 2025-05-14 10:37:42"
[1] "South Carolina is 30.4% complete."
[1] "Completed South Carolina @ 2025-05-14 10:37:42"
[1] "South Carolina is 31.2% complete."
[1] "Completed South Carolina @ 2025-05-14 10:37:42"
[1] "South Carolina is 32% complete."
[1] "Completed South Carolina @ 2025-05-14 10:37:42"
[1] "South Carolina is 32.8% complete."
[1] "Completed South Carolina @ 2025-05-14 10:37:43"
[1] "South Carolina is 33.6% complete."
[1] "Completed South Carolina @ 2025-05-14 10:37:43"
[1] "South Carolina is 34.4% complete."
[1] "Completed South Carolina @ 2025-05-14 10:37:43"
[1] "South Carolina is 35.2% complete."
[1] "Completed South Carolina @ 2025-05-14 10:37:43"
[1] "South Carolina is 36% complete."
[1] "Completed South Carolina @ 2025-05-14 10:37:43"
[1] "South Carolina is 36.8% complete."
[1] "Completed South Carolina @ 2025-05-14 10:37:43"
[1] "South Carolina is 37.6% complete."
[1] "Completed South Carolina @ 2025-05-14 10:37:43"
[1] "South Carolina is 38.4% complete."
[1] "Completed South Carolina @ 2025-05-14 10:37:43"
[1] "South Carolina is 39.2% complete."
[1] "Completed South Carolina @ 2025-05-14 10:37:43"
[1] "South Carolina is 40% complete."
[1] "Completed South Carolina @ 2025-05-14 10:37:43"
[1] "South Carolina is 40.8% complete."
[1] "Completed South Carolina @ 2025-05-14 10:37:43"
[1] "South Carolina is 41.6% complete."
[1] "Completed South Carolina @ 2025-05-14 10:37:43"
[1] "South Carolina is 42.4% complete."
[1] "Completed South Carolina @ 2025-05-14 10:37:43"
[1] "South Carolina is 43.2% complete."
[1] "Completed South Carolina @ 2025-05-14 10:37:43"
[1] "South Carolina is 44% complete."
[1] "Completed South Carolina @ 2025-05-14 10:37:44"
[1] "South Carolina is 44.8% complete."
[1] "Completed South Carolina @ 2025-05-14 10:37:44"
[1] "South Carolina is 45.6% complete."
[1] "Completed South Carolina @ 2025-05-14 10:37:44"
[1] "South Carolina is 46.4% complete."
[1] "Completed South Carolina @ 2025-05-14 10:37:44"
[1] "South Carolina is 47.2% complete."
[1] "Completed South Carolina @ 2025-05-14 10:37:44"
[1] "South Carolina is 48% complete."
[1] "Completed South Carolina @ 2025-05-14 10:37:44"
[1] "South Carolina is 48.8% complete."
[1] "Completed South Carolina @ 2025-05-14 10:37:44"
[1] "South Carolina is 49.6% complete."
[1] "Completed South Carolina @ 2025-05-14 10:37:44"
[1] "South Carolina is 50.4% complete."
[1] "Completed South Carolina @ 2025-05-14 10:37:44"
[1] "South Carolina is 51.2% complete."
[1] "Completed South Carolina @ 2025-05-14 10:37:44"
[1] "South Carolina is 52% complete."
[1] "Completed South Carolina @ 2025-05-14 10:37:44"
[1] "South Carolina is 52.8% complete."
[1] "Completed South Carolina @ 2025-05-14 10:37:44"
[1] "South Carolina is 53.6% complete."
[1] "Completed South Carolina @ 2025-05-14 10:37:44"
[1] "South Carolina is 54.4% complete."
[1] "Completed South Carolina @ 2025-05-14 10:37:45"
[1] "South Carolina is 55.2% complete."
[1] "Completed South Carolina @ 2025-05-14 10:37:45"
[1] "South Carolina is 56% complete."
[1] "Completed South Carolina @ 2025-05-14 10:37:45"
[1] "South Carolina is 56.8% complete."
[1] "Completed South Carolina @ 2025-05-14 10:37:45"
[1] "South Carolina is 57.6% complete."
[1] "Completed South Carolina @ 2025-05-14 10:37:45"
[1] "South Carolina is 58.4% complete."
[1] "Completed South Carolina @ 2025-05-14 10:37:45"
[1] "South Carolina is 59.2% complete."
[1] "Completed South Carolina @ 2025-05-14 10:37:45"
[1] "South Carolina is 60% complete."
[1] "Completed South Carolina @ 2025-05-14 10:37:45"
[1] "South Carolina is 60.8% complete."
[1] "Completed South Carolina @ 2025-05-14 10:37:45"
[1] "South Carolina is 61.6% complete."
[1] "Completed South Carolina @ 2025-05-14 10:37:45"
[1] "South Carolina is 62.4% complete."
[1] "Completed South Carolina @ 2025-05-14 10:37:45"
[1] "South Carolina is 63.2% complete."
[1] "Completed South Carolina @ 2025-05-14 10:37:45"
[1] "South Carolina is 64% complete."
[1] "Completed South Carolina @ 2025-05-14 10:37:45"
[1] "South Carolina is 64.8% complete."
[1] "Completed South Carolina @ 2025-05-14 10:37:45"
[1] "South Carolina is 65.6% complete."
[1] "Completed South Carolina @ 2025-05-14 10:37:46"
[1] "South Carolina is 66.4% complete."
[1] "Completed South Carolina @ 2025-05-14 10:37:46"
[1] "South Carolina is 67.2% complete."
[1] "Completed South Carolina @ 2025-05-14 10:37:46"
[1] "South Carolina is 68% complete."
[1] "Completed South Carolina @ 2025-05-14 10:37:46"
[1] "South Carolina is 68.8% complete."
[1] "Completed South Carolina @ 2025-05-14 10:37:46"
[1] "South Carolina is 69.6% complete."
[1] "Completed South Carolina @ 2025-05-14 10:37:46"
[1] "South Carolina is 70.4% complete."
[1] "Completed South Carolina @ 2025-05-14 10:37:47"
[1] "South Carolina is 71.2% complete."
[1] "Completed South Carolina @ 2025-05-14 10:37:47"
[1] "South Carolina is 72% complete."
[1] "Completed South Carolina @ 2025-05-14 10:37:47"
[1] "South Carolina is 72.8% complete."
[1] "Completed South Carolina @ 2025-05-14 10:37:47"
[1] "South Carolina is 73.6% complete."
[1] "Completed South Carolina @ 2025-05-14 10:37:47"
[1] "South Carolina is 74.4% complete."
[1] "Completed South Carolina @ 2025-05-14 10:37:47"
[1] "South Carolina is 75.2% complete."
[1] "Completed South Carolina @ 2025-05-14 10:37:47"
[1] "South Carolina is 76% complete."
[1] "Completed South Carolina @ 2025-05-14 10:37:47"
[1] "South Carolina is 76.8% complete."
[1] "Completed South Carolina @ 2025-05-14 10:37:47"
[1] "South Carolina is 77.6% complete."
[1] "Completed South Carolina @ 2025-05-14 10:37:47"
[1] "South Carolina is 78.4% complete."
[1] "Completed South Carolina @ 2025-05-14 10:37:47"
[1] "South Carolina is 79.2% complete."
[1] "Completed South Carolina @ 2025-05-14 10:37:47"
[1] "South Carolina is 80% complete."
[1] "Completed South Carolina @ 2025-05-14 10:37:48"
[1] "South Carolina is 80.8% complete."
[1] "Completed South Carolina @ 2025-05-14 10:37:48"
[1] "South Carolina is 81.6% complete."
[1] "Completed South Carolina @ 2025-05-14 10:37:48"
[1] "South Carolina is 82.4% complete."
[1] "Completed South Carolina @ 2025-05-14 10:37:48"
[1] "South Carolina is 83.2% complete."
[1] "Completed South Carolina @ 2025-05-14 10:37:48"
[1] "South Carolina is 84% complete."
[1] "Completed South Carolina @ 2025-05-14 10:37:48"
[1] "South Carolina is 84.8% complete."
[1] "Completed South Carolina @ 2025-05-14 10:37:48"
[1] "South Carolina is 85.6% complete."
[1] "Completed South Carolina @ 2025-05-14 10:37:48"
[1] "South Carolina is 86.4% complete."
[1] "Completed South Carolina @ 2025-05-14 10:37:49"
[1] "South Carolina is 87.2% complete."
[1] "Completed South Carolina @ 2025-05-14 10:37:49"
[1] "South Carolina is 88% complete."
[1] "Completed South Carolina @ 2025-05-14 10:37:49"
[1] "South Carolina is 88.8% complete."
[1] "Completed South Carolina @ 2025-05-14 10:37:49"
[1] "South Carolina is 89.6% complete."
[1] "Completed South Carolina @ 2025-05-14 10:37:50"
[1] "South Carolina is 90.4% complete."
[1] "Completed South Carolina @ 2025-05-14 10:37:50"
[1] "South Carolina is 91.2% complete."
[1] "Completed South Carolina @ 2025-05-14 10:37:50"
[1] "South Carolina is 92% complete."
[1] "Completed South Carolina @ 2025-05-14 10:37:50"
[1] "South Carolina is 92.8% complete."
[1] "Completed South Carolina @ 2025-05-14 10:37:50"
[1] "South Carolina is 93.6% complete."
[1] "Completed South Carolina @ 2025-05-14 10:37:50"
[1] "South Carolina is 94.4% complete."
[1] "Completed South Carolina @ 2025-05-14 10:37:50"
[1] "South Carolina is 95.2% complete."
[1] "Completed South Carolina @ 2025-05-14 10:37:50"
[1] "South Carolina is 96% complete."
[1] "Completed South Carolina @ 2025-05-14 10:37:50"
[1] "South Carolina is 96.8% complete."
[1] "Completed South Carolina @ 2025-05-14 10:37:51"
[1] "South Carolina is 97.6% complete."
[1] "Completed South Carolina @ 2025-05-14 10:37:51"
[1] "South Carolina is 98.4% complete."
[1] "Completed South Carolina @ 2025-05-14 10:37:52"
[1] "South Carolina is 99.2% complete."
[1] "Completed South Carolina @ 2025-05-14 10:37:52"
[1] "South Carolina is 100% complete."
[1] "Completed South Carolina @ 2025-05-14 10:37:53"
Deleting layer `Pop' using driver `GPKG'
Writing layer `Pop' to data source 
  `/work/GRDVULN/sewershed/Model/Create_Boundaries/outputs/Pop_Delineated/FP_45.gpkg' using driver `GPKG'
Writing 124 features with 10 fields and geometry type Unknown (any).
[1] "SCRIPT COMPLETE @ 2025-05-14 10:37:59"
