[1] "Starting South Dakota"
Reading layer `cb_2021_us_state_500k' from data source 
  `/work/GRDVULN/data/cb_2021_us_all_500k.gdb' using driver `OpenFileGDB'
Simple feature collection with 56 features and 9 fields
Geometry type: MULTIPOLYGON
Dimension:     XY
Bounding box:  xmin: -179.1489 ymin: -14.5487 xmax: 179.7785 ymax: 71.36516
Geodetic CRS:  NAD83
[1] "Building 236 systems"
[1] "South Dakota is 0.4% complete."
[1] "Completed South Dakota @ 2025-05-14 10:38:03"
[1] "South Dakota is 0.8% complete."
[1] "Completed South Dakota @ 2025-05-14 10:38:04"
[1] "South Dakota is 1.3% complete."
[1] "Completed South Dakota @ 2025-05-14 10:38:04"
[1] "South Dakota is 1.7% complete."
[1] "Completed South Dakota @ 2025-05-14 10:38:04"
[1] "South Dakota is 2.1% complete."
[1] "Completed South Dakota @ 2025-05-14 10:38:04"
[1] "South Dakota is 2.5% complete."
[1] "Completed South Dakota @ 2025-05-14 10:38:04"
[1] "South Dakota is 3% complete."
[1] "Completed South Dakota @ 2025-05-14 10:38:04"
[1] "South Dakota is 3.4% complete."
[1] "Completed South Dakota @ 2025-05-14 10:38:04"
[1] "South Dakota is 3.8% complete."
[1] "Completed South Dakota @ 2025-05-14 10:38:04"
[1] "South Dakota is 4.2% complete."
[1] "Completed South Dakota @ 2025-05-14 10:38:04"
[1] "South Dakota is 4.7% complete."
[1] "Completed South Dakota @ 2025-05-14 10:38:04"
[1] "South Dakota is 5.1% complete."
[1] "Completed South Dakota @ 2025-05-14 10:38:04"
[1] "South Dakota is 5.5% complete."
[1] "Completed South Dakota @ 2025-05-14 10:38:04"
[1] "South Dakota is 5.9% complete."
[1] "Completed South Dakota @ 2025-05-14 10:38:04"
[1] "South Dakota is 6.4% complete."
[1] "Completed South Dakota @ 2025-05-14 10:38:04"
[1] "South Dakota is 6.8% complete."
[1] "Completed South Dakota @ 2025-05-14 10:38:04"
[1] "South Dakota is 7.2% complete."
[1] "Completed South Dakota @ 2025-05-14 10:38:04"
[1] "South Dakota is 7.6% complete."
[1] "Completed South Dakota @ 2025-05-14 10:38:04"
[1] "South Dakota is 8.1% complete."
[1] "Completed South Dakota @ 2025-05-14 10:38:04"
[1] "South Dakota is 8.5% complete."
[1] "Completed South Dakota @ 2025-05-14 10:38:04"
[1] "South Dakota is 8.9% complete."
[1] "Completed South Dakota @ 2025-05-14 10:38:05"
[1] "South Dakota is 9.3% complete."
[1] "Completed South Dakota @ 2025-05-14 10:38:05"
[1] "South Dakota is 9.7% complete."
[1] "Completed South Dakota @ 2025-05-14 10:38:05"
[1] "South Dakota is 10.2% complete."
[1] "Completed South Dakota @ 2025-05-14 10:38:05"
[1] "South Dakota is 10.6% complete."
[1] "Completed South Dakota @ 2025-05-14 10:38:05"
[1] "South Dakota is 11% complete."
[1] "Completed South Dakota @ 2025-05-14 10:38:05"
[1] "South Dakota is 11.4% complete."
[1] "Completed South Dakota @ 2025-05-14 10:38:05"
[1] "South Dakota is 11.9% complete."
[1] "Completed South Dakota @ 2025-05-14 10:38:05"
[1] "South Dakota is 12.3% complete."
[1] "Completed South Dakota @ 2025-05-14 10:38:05"
[1] "South Dakota is 12.7% complete."
[1] "Completed South Dakota @ 2025-05-14 10:38:05"
[1] "South Dakota is 13.1% complete."
[1] "Completed South Dakota @ 2025-05-14 10:38:05"
[1] "South Dakota is 13.6% complete."
[1] "Completed South Dakota @ 2025-05-14 10:38:05"
[1] "South Dakota is 14% complete."
[1] "Completed South Dakota @ 2025-05-14 10:38:05"
[1] "South Dakota is 14.4% complete."
[1] "Completed South Dakota @ 2025-05-14 10:38:05"
[1] "South Dakota is 14.8% complete."
[1] "Completed South Dakota @ 2025-05-14 10:38:05"
[1] "South Dakota is 15.3% complete."
[1] "Completed South Dakota @ 2025-05-14 10:38:05"
[1] "South Dakota is 15.7% complete."
[1] "Completed South Dakota @ 2025-05-14 10:38:05"
[1] "South Dakota is 16.1% complete."
[1] "Completed South Dakota @ 2025-05-14 10:38:05"
[1] "South Dakota is 16.5% complete."
[1] "Completed South Dakota @ 2025-05-14 10:38:05"
[1] "South Dakota is 16.9% complete."
[1] "Completed South Dakota @ 2025-05-14 10:38:06"
[1] "South Dakota is 17.4% complete."
[1] "Completed South Dakota @ 2025-05-14 10:38:06"
[1] "South Dakota is 17.8% complete."
[1] "Completed South Dakota @ 2025-05-14 10:38:06"
[1] "South Dakota is 18.2% complete."
[1] "Completed South Dakota @ 2025-05-14 10:38:06"
[1] "South Dakota is 18.6% complete."
[1] "Completed South Dakota @ 2025-05-14 10:38:06"
[1] "South Dakota is 19.1% complete."
[1] "Completed South Dakota @ 2025-05-14 10:38:06"
[1] "South Dakota is 19.5% complete."
[1] "Completed South Dakota @ 2025-05-14 10:38:06"
[1] "South Dakota is 19.9% complete."
[1] "Completed South Dakota @ 2025-05-14 10:38:06"
[1] "South Dakota is 20.3% complete."
[1] "Completed South Dakota @ 2025-05-14 10:38:06"
[1] "South Dakota is 20.8% complete."
[1] "Completed South Dakota @ 2025-05-14 10:38:06"
[1] "South Dakota is 21.2% complete."
[1] "Completed South Dakota @ 2025-05-14 10:38:06"
[1] "South Dakota is 21.6% complete."
[1] "Completed South Dakota @ 2025-05-14 10:38:06"
[1] "South Dakota is 22% complete."
[1] "Completed South Dakota @ 2025-05-14 10:38:06"
[1] "South Dakota is 22.5% complete."
[1] "Completed South Dakota @ 2025-05-14 10:38:06"
[1] "South Dakota is 22.9% complete."
[1] "Completed South Dakota @ 2025-05-14 10:38:06"
[1] "South Dakota is 23.3% complete."
[1] "Completed South Dakota @ 2025-05-14 10:38:06"
[1] "South Dakota is 23.7% complete."
[1] "Completed South Dakota @ 2025-05-14 10:38:07"
[1] "South Dakota is 24.2% complete."
[1] "Completed South Dakota @ 2025-05-14 10:38:07"
[1] "South Dakota is 24.6% complete."
[1] "Completed South Dakota @ 2025-05-14 10:38:07"
[1] "South Dakota is 25% complete."
[1] "Completed South Dakota @ 2025-05-14 10:38:07"
[1] "South Dakota is 25.4% complete."
[1] "Completed South Dakota @ 2025-05-14 10:38:07"
[1] "South Dakota is 25.8% complete."
[1] "Completed South Dakota @ 2025-05-14 10:38:07"
[1] "South Dakota is 26.3% complete."
[1] "Completed South Dakota @ 2025-05-14 10:38:07"
[1] "South Dakota is 26.7% complete."
[1] "Completed South Dakota @ 2025-05-14 10:38:07"
[1] "South Dakota is 27.1% complete."
[1] "Completed South Dakota @ 2025-05-14 10:38:07"
[1] "South Dakota is 27.5% complete."
[1] "Completed South Dakota @ 2025-05-14 10:38:07"
[1] "South Dakota is 28% complete."
[1] "Completed South Dakota @ 2025-05-14 10:38:08"
[1] "South Dakota is 28.4% complete."
[1] "Completed South Dakota @ 2025-05-14 10:38:08"
[1] "South Dakota is 28.8% complete."
[1] "Completed South Dakota @ 2025-05-14 10:38:08"
[1] "South Dakota is 29.2% complete."
[1] "Completed South Dakota @ 2025-05-14 10:38:08"
[1] "South Dakota is 29.7% complete."
[1] "Completed South Dakota @ 2025-05-14 10:38:08"
[1] "South Dakota is 30.1% complete."
[1] "Completed South Dakota @ 2025-05-14 10:38:08"
[1] "South Dakota is 30.5% complete."
[1] "Completed South Dakota @ 2025-05-14 10:38:08"
[1] "South Dakota is 30.9% complete."
[1] "Completed South Dakota @ 2025-05-14 10:38:08"
[1] "South Dakota is 31.4% complete."
[1] "Completed South Dakota @ 2025-05-14 10:38:08"
[1] "South Dakota is 31.8% complete."
[1] "Completed South Dakota @ 2025-05-14 10:38:08"
[1] "South Dakota is 32.2% complete."
[1] "Completed South Dakota @ 2025-05-14 10:38:08"
[1] "South Dakota is 32.6% complete."
[1] "Completed South Dakota @ 2025-05-14 10:38:08"
[1] "South Dakota is 33.1% complete."
[1] "Completed South Dakota @ 2025-05-14 10:38:08"
[1] "South Dakota is 33.5% complete."
[1] "Completed South Dakota @ 2025-05-14 10:38:08"
[1] "South Dakota is 33.9% complete."
[1] "Completed South Dakota @ 2025-05-14 10:38:08"
[1] "South Dakota is 34.3% complete."
[1] "Completed South Dakota @ 2025-05-14 10:38:08"
[1] "South Dakota is 34.7% complete."
[1] "Completed South Dakota @ 2025-05-14 10:38:08"
[1] "South Dakota is 35.2% complete."
[1] "Completed South Dakota @ 2025-05-14 10:38:08"
[1] "South Dakota is 35.6% complete."
[1] "Completed South Dakota @ 2025-05-14 10:38:08"
[1] "South Dakota is 36% complete."
[1] "Completed South Dakota @ 2025-05-14 10:38:08"
[1] "South Dakota is 36.4% complete."
[1] "Completed South Dakota @ 2025-05-14 10:38:08"
[1] "South Dakota is 36.9% complete."
[1] "Completed South Dakota @ 2025-05-14 10:38:09"
[1] "South Dakota is 37.3% complete."
[1] "Completed South Dakota @ 2025-05-14 10:38:09"
[1] "South Dakota is 37.7% complete."
[1] "Completed South Dakota @ 2025-05-14 10:38:09"
[1] "South Dakota is 38.1% complete."
[1] "Completed South Dakota @ 2025-05-14 10:38:09"
[1] "South Dakota is 38.6% complete."
[1] "Completed South Dakota @ 2025-05-14 10:38:09"
[1] "South Dakota is 39% complete."
[1] "Completed South Dakota @ 2025-05-14 10:38:09"
[1] "South Dakota is 39.4% complete."
[1] "Completed South Dakota @ 2025-05-14 10:38:09"
[1] "South Dakota is 39.8% complete."
[1] "Completed South Dakota @ 2025-05-14 10:38:09"
[1] "South Dakota is 40.3% complete."
[1] "Completed South Dakota @ 2025-05-14 10:38:09"
[1] "South Dakota is 40.7% complete."
[1] "Completed South Dakota @ 2025-05-14 10:38:09"
[1] "South Dakota is 41.1% complete."
[1] "Completed South Dakota @ 2025-05-14 10:38:09"
[1] "South Dakota is 41.5% complete."
[1] "Completed South Dakota @ 2025-05-14 10:38:09"
[1] "South Dakota is 41.9% complete."
[1] "Completed South Dakota @ 2025-05-14 10:38:09"
[1] "South Dakota is 42.4% complete."
[1] "Completed South Dakota @ 2025-05-14 10:38:09"
[1] "South Dakota is 42.8% complete."
[1] "Completed South Dakota @ 2025-05-14 10:38:09"
[1] "South Dakota is 43.2% complete."
[1] "Completed South Dakota @ 2025-05-14 10:38:09"
[1] "South Dakota is 43.6% complete."
[1] "Completed South Dakota @ 2025-05-14 10:38:09"
[1] "South Dakota is 44.1% complete."
[1] "Completed South Dakota @ 2025-05-14 10:38:09"
[1] "South Dakota is 44.5% complete."
[1] "Completed South Dakota @ 2025-05-14 10:38:09"
[1] "South Dakota is 44.9% complete."
[1] "Completed South Dakota @ 2025-05-14 10:38:09"
[1] "South Dakota is 45.3% complete."
[1] "Completed South Dakota @ 2025-05-14 10:38:09"
[1] "South Dakota is 45.8% complete."
[1] "Completed South Dakota @ 2025-05-14 10:38:09"
[1] "South Dakota is 46.2% complete."
[1] "Completed South Dakota @ 2025-05-14 10:38:09"
[1] "South Dakota is 46.6% complete."
[1] "Completed South Dakota @ 2025-05-14 10:38:10"
[1] "South Dakota is 47% complete."
[1] "Completed South Dakota @ 2025-05-14 10:38:10"
[1] "South Dakota is 47.5% complete."
[1] "Completed South Dakota @ 2025-05-14 10:38:10"
[1] "South Dakota is 47.9% complete."
[1] "Completed South Dakota @ 2025-05-14 10:38:10"
[1] "South Dakota is 48.3% complete."
[1] "Completed South Dakota @ 2025-05-14 10:38:10"
[1] "South Dakota is 48.7% complete."
[1] "Completed South Dakota @ 2025-05-14 10:38:10"
[1] "South Dakota is 49.2% complete."
[1] "Completed South Dakota @ 2025-05-14 10:38:10"
[1] "South Dakota is 49.6% complete."
[1] "Completed South Dakota @ 2025-05-14 10:38:10"
[1] "South Dakota is 50% complete."
[1] "Completed South Dakota @ 2025-05-14 10:38:10"
[1] "South Dakota is 50.4% complete."
[1] "Completed South Dakota @ 2025-05-14 10:38:10"
[1] "South Dakota is 50.8% complete."
[1] "Completed South Dakota @ 2025-05-14 10:38:10"
[1] "South Dakota is 51.3% complete."
[1] "Completed South Dakota @ 2025-05-14 10:38:10"
[1] "South Dakota is 51.7% complete."
[1] "Completed South Dakota @ 2025-05-14 10:38:10"
[1] "South Dakota is 52.1% complete."
[1] "Completed South Dakota @ 2025-05-14 10:38:10"
[1] "South Dakota is 52.5% complete."
[1] "Completed South Dakota @ 2025-05-14 10:38:10"
[1] "South Dakota is 53% complete."
[1] "Completed South Dakota @ 2025-05-14 10:38:10"
[1] "South Dakota is 53.4% complete."
[1] "Completed South Dakota @ 2025-05-14 10:38:10"
[1] "South Dakota is 53.8% complete."
[1] "Completed South Dakota @ 2025-05-14 10:38:10"
[1] "South Dakota is 54.2% complete."
[1] "Completed South Dakota @ 2025-05-14 10:38:10"
[1] "South Dakota is 54.7% complete."
[1] "Completed South Dakota @ 2025-05-14 10:38:10"
[1] "South Dakota is 55.1% complete."
[1] "Completed South Dakota @ 2025-05-14 10:38:10"
[1] "South Dakota is 55.5% complete."
[1] "Completed South Dakota @ 2025-05-14 10:38:10"
[1] "South Dakota is 55.9% complete."
[1] "Completed South Dakota @ 2025-05-14 10:38:10"
[1] "South Dakota is 56.4% complete."
[1] "Completed South Dakota @ 2025-05-14 10:38:11"
[1] "South Dakota is 56.8% complete."
[1] "Completed South Dakota @ 2025-05-14 10:38:11"
[1] "South Dakota is 57.2% complete."
[1] "Completed South Dakota @ 2025-05-14 10:38:11"
[1] "South Dakota is 57.6% complete."
[1] "Completed South Dakota @ 2025-05-14 10:38:11"
[1] "South Dakota is 58.1% complete."
[1] "Completed South Dakota @ 2025-05-14 10:38:11"
[1] "South Dakota is 58.5% complete."
[1] "Completed South Dakota @ 2025-05-14 10:38:11"
[1] "South Dakota is 58.9% complete."
[1] "Completed South Dakota @ 2025-05-14 10:38:11"
[1] "South Dakota is 59.3% complete."
[1] "Completed South Dakota @ 2025-05-14 10:38:11"
[1] "South Dakota is 59.7% complete."
[1] "Completed South Dakota @ 2025-05-14 10:38:11"
[1] "South Dakota is 60.2% complete."
[1] "Completed South Dakota @ 2025-05-14 10:38:11"
[1] "South Dakota is 60.6% complete."
[1] "Completed South Dakota @ 2025-05-14 10:38:11"
[1] "South Dakota is 61% complete."
[1] "Completed South Dakota @ 2025-05-14 10:38:11"
[1] "South Dakota is 61.4% complete."
[1] "Completed South Dakota @ 2025-05-14 10:38:11"
[1] "South Dakota is 61.9% complete."
[1] "Completed South Dakota @ 2025-05-14 10:38:11"
[1] "South Dakota is 62.3% complete."
[1] "Completed South Dakota @ 2025-05-14 10:38:11"
[1] "South Dakota is 62.7% complete."
[1] "Completed South Dakota @ 2025-05-14 10:38:11"
[1] "South Dakota is 63.1% complete."
[1] "Completed South Dakota @ 2025-05-14 10:38:11"
[1] "South Dakota is 63.6% complete."
[1] "Completed South Dakota @ 2025-05-14 10:38:11"
[1] "South Dakota is 64% complete."
[1] "Completed South Dakota @ 2025-05-14 10:38:11"
[1] "South Dakota is 64.4% complete."
[1] "Completed South Dakota @ 2025-05-14 10:38:12"
[1] "South Dakota is 64.8% complete."
[1] "Completed South Dakota @ 2025-05-14 10:38:12"
[1] "South Dakota is 65.3% complete."
[1] "Completed South Dakota @ 2025-05-14 10:38:12"
[1] "South Dakota is 65.7% complete."
[1] "Completed South Dakota @ 2025-05-14 10:38:12"
[1] "South Dakota is 66.1% complete."
[1] "Completed South Dakota @ 2025-05-14 10:38:12"
[1] "South Dakota is 66.5% complete."
[1] "Completed South Dakota @ 2025-05-14 10:38:12"
[1] "South Dakota is 66.9% complete."
[1] "Completed South Dakota @ 2025-05-14 10:38:12"
[1] "South Dakota is 67.4% complete."
[1] "Completed South Dakota @ 2025-05-14 10:38:12"
[1] "South Dakota is 67.8% complete."
[1] "Completed South Dakota @ 2025-05-14 10:38:12"
[1] "South Dakota is 68.2% complete."
[1] "Completed South Dakota @ 2025-05-14 10:38:12"
[1] "South Dakota is 68.6% complete."
[1] "Completed South Dakota @ 2025-05-14 10:38:12"
[1] "South Dakota is 69.1% complete."
[1] "Completed South Dakota @ 2025-05-14 10:38:12"
[1] "South Dakota is 69.5% complete."
[1] "Completed South Dakota @ 2025-05-14 10:38:12"
[1] "South Dakota is 69.9% complete."
[1] "Completed South Dakota @ 2025-05-14 10:38:12"
[1] "South Dakota is 70.3% complete."
[1] "Completed South Dakota @ 2025-05-14 10:38:12"
[1] "South Dakota is 70.8% complete."
[1] "Completed South Dakota @ 2025-05-14 10:38:12"
[1] "South Dakota is 71.2% complete."
[1] "Completed South Dakota @ 2025-05-14 10:38:12"
[1] "South Dakota is 71.6% complete."
[1] "Completed South Dakota @ 2025-05-14 10:38:12"
[1] "South Dakota is 72% complete."
[1] "Completed South Dakota @ 2025-05-14 10:38:13"
[1] "South Dakota is 72.5% complete."
[1] "Completed South Dakota @ 2025-05-14 10:38:13"
[1] "South Dakota is 72.9% complete."
[1] "Completed South Dakota @ 2025-05-14 10:38:13"
[1] "South Dakota is 73.3% complete."
[1] "Completed South Dakota @ 2025-05-14 10:38:13"
[1] "South Dakota is 73.7% complete."
[1] "Completed South Dakota @ 2025-05-14 10:38:13"
[1] "South Dakota is 74.2% complete."
[1] "Completed South Dakota @ 2025-05-14 10:38:13"
[1] "South Dakota is 74.6% complete."
[1] "Completed South Dakota @ 2025-05-14 10:38:13"
[1] "South Dakota is 75% complete."
[1] "Completed South Dakota @ 2025-05-14 10:38:13"
[1] "South Dakota is 75.4% complete."
[1] "Completed South Dakota @ 2025-05-14 10:38:13"
[1] "South Dakota is 75.8% complete."
[1] "Completed South Dakota @ 2025-05-14 10:38:13"
[1] "South Dakota is 76.3% complete."
[1] "Completed South Dakota @ 2025-05-14 10:38:13"
[1] "South Dakota is 76.7% complete."
[1] "Completed South Dakota @ 2025-05-14 10:38:13"
[1] "South Dakota is 77.1% complete."
[1] "Completed South Dakota @ 2025-05-14 10:38:13"
[1] "South Dakota is 77.5% complete."
[1] "Completed South Dakota @ 2025-05-14 10:38:13"
[1] "South Dakota is 78% complete."
[1] "Completed South Dakota @ 2025-05-14 10:38:14"
[1] "South Dakota is 78.4% complete."
[1] "Completed South Dakota @ 2025-05-14 10:38:14"
[1] "South Dakota is 78.8% complete."
[1] "Completed South Dakota @ 2025-05-14 10:38:14"
[1] "South Dakota is 79.2% complete."
[1] "Completed South Dakota @ 2025-05-14 10:38:14"
[1] "South Dakota is 79.7% complete."
[1] "Completed South Dakota @ 2025-05-14 10:38:14"
[1] "South Dakota is 80.1% complete."
[1] "Completed South Dakota @ 2025-05-14 10:38:14"
[1] "South Dakota is 80.5% complete."
[1] "Completed South Dakota @ 2025-05-14 10:38:14"
[1] "South Dakota is 80.9% complete."
[1] "Completed South Dakota @ 2025-05-14 10:38:14"
[1] "South Dakota is 81.4% complete."
[1] "Completed South Dakota @ 2025-05-14 10:38:14"
[1] "South Dakota is 81.8% complete."
[1] "Completed South Dakota @ 2025-05-14 10:38:14"
[1] "South Dakota is 82.2% complete."
[1] "Completed South Dakota @ 2025-05-14 10:38:14"
[1] "South Dakota is 82.6% complete."
[1] "Completed South Dakota @ 2025-05-14 10:38:14"
[1] "South Dakota is 83.1% complete."
[1] "Completed South Dakota @ 2025-05-14 10:38:14"
[1] "South Dakota is 83.5% complete."
[1] "Completed South Dakota @ 2025-05-14 10:38:14"
[1] "South Dakota is 83.9% complete."
[1] "Completed South Dakota @ 2025-05-14 10:38:14"
[1] "South Dakota is 84.3% complete."
[1] "Completed South Dakota @ 2025-05-14 10:38:14"
[1] "South Dakota is 84.7% complete."
[1] "Completed South Dakota @ 2025-05-14 10:38:14"
[1] "South Dakota is 85.2% complete."
[1] "Completed South Dakota @ 2025-05-14 10:38:15"
[1] "South Dakota is 85.6% complete."
[1] "Completed South Dakota @ 2025-05-14 10:38:15"
[1] "South Dakota is 86% complete."
[1] "Completed South Dakota @ 2025-05-14 10:38:15"
[1] "South Dakota is 86.4% complete."
[1] "Completed South Dakota @ 2025-05-14 10:38:15"
[1] "South Dakota is 86.9% complete."
[1] "Completed South Dakota @ 2025-05-14 10:38:15"
[1] "South Dakota is 87.3% complete."
[1] "Completed South Dakota @ 2025-05-14 10:38:15"
[1] "South Dakota is 87.7% complete."
[1] "Completed South Dakota @ 2025-05-14 10:38:15"
[1] "South Dakota is 88.1% complete."
[1] "Completed South Dakota @ 2025-05-14 10:38:15"
[1] "South Dakota is 88.6% complete."
[1] "Completed South Dakota @ 2025-05-14 10:38:15"
[1] "South Dakota is 89% complete."
[1] "Completed South Dakota @ 2025-05-14 10:38:15"
[1] "South Dakota is 89.4% complete."
[1] "Completed South Dakota @ 2025-05-14 10:38:15"
[1] "South Dakota is 89.8% complete."
[1] "Completed South Dakota @ 2025-05-14 10:38:15"
[1] "South Dakota is 90.3% complete."
[1] "Completed South Dakota @ 2025-05-14 10:38:16"
[1] "South Dakota is 90.7% complete."
[1] "Completed South Dakota @ 2025-05-14 10:38:16"
[1] "South Dakota is 91.1% complete."
[1] "Completed South Dakota @ 2025-05-14 10:38:16"
[1] "South Dakota is 91.5% complete."
[1] "Completed South Dakota @ 2025-05-14 10:38:16"
[1] "South Dakota is 91.9% complete."
[1] "Completed South Dakota @ 2025-05-14 10:38:16"
[1] "South Dakota is 92.4% complete."
[1] "Completed South Dakota @ 2025-05-14 10:38:16"
[1] "South Dakota is 92.8% complete."
[1] "Completed South Dakota @ 2025-05-14 10:38:16"
[1] "South Dakota is 93.2% complete."
[1] "Completed South Dakota @ 2025-05-14 10:38:16"
[1] "South Dakota is 93.6% complete."
[1] "Completed South Dakota @ 2025-05-14 10:38:16"
[1] "South Dakota is 94.1% complete."
[1] "Completed South Dakota @ 2025-05-14 10:38:16"
[1] "South Dakota is 94.5% complete."
[1] "Completed South Dakota @ 2025-05-14 10:38:16"
[1] "South Dakota is 94.9% complete."
[1] "Completed South Dakota @ 2025-05-14 10:38:16"
[1] "South Dakota is 95.3% complete."
[1] "Completed South Dakota @ 2025-05-14 10:38:17"
[1] "South Dakota is 95.8% complete."
[1] "Completed South Dakota @ 2025-05-14 10:38:17"
[1] "South Dakota is 96.2% complete."
[1] "Completed South Dakota @ 2025-05-14 10:38:17"
[1] "South Dakota is 96.6% complete."
[1] "Completed South Dakota @ 2025-05-14 10:38:17"
[1] "South Dakota is 97% complete."
[1] "Completed South Dakota @ 2025-05-14 10:38:17"
[1] "South Dakota is 97.5% complete."
[1] "Completed South Dakota @ 2025-05-14 10:38:17"
[1] "South Dakota is 97.9% complete."
[1] "Completed South Dakota @ 2025-05-14 10:38:17"
[1] "South Dakota is 98.3% complete."
[1] "Completed South Dakota @ 2025-05-14 10:38:17"
[1] "South Dakota is 98.7% complete."
[1] "Completed South Dakota @ 2025-05-14 10:38:17"
[1] "South Dakota is 99.2% complete."
[1] "Completed South Dakota @ 2025-05-14 10:38:18"
[1] "South Dakota is 99.6% complete."
[1] "Completed South Dakota @ 2025-05-14 10:38:18"
[1] "South Dakota is 100% complete."
[1] "Completed South Dakota @ 2025-05-14 10:38:19"
Deleting layer `Pop' using driver `GPKG'
Writing layer `Pop' to data source 
  `/work/GRDVULN/sewershed/Model/Create_Boundaries/outputs/Pop_Delineated/FP_46.gpkg' using driver `GPKG'
Writing 231 features with 10 fields and geometry type Unknown (any).
[1] "SCRIPT COMPLETE @ 2025-05-14 10:38:23"
