[1] "Starting Tennessee"
Reading layer `cb_2021_us_state_500k' from data source 
  `/work/GRDVULN/data/cb_2021_us_all_500k.gdb' using driver `OpenFileGDB'
Simple feature collection with 56 features and 9 fields
Geometry type: MULTIPOLYGON
Dimension:     XY
Bounding box:  xmin: -179.1489 ymin: -14.5487 xmax: 179.7785 ymax: 71.36516
Geodetic CRS:  NAD83
[1] "Building 252 systems"
[1] "Tennessee is 0.4% complete."
[1] "Completed Tennessee @ 2025-05-14 10:37:16"
[1] "Tennessee is 0.8% complete."
[1] "Completed Tennessee @ 2025-05-14 10:37:16"
[1] "Tennessee is 1.2% complete."
[1] "Completed Tennessee @ 2025-05-14 10:37:16"
[1] "Tennessee is 1.6% complete."
[1] "Completed Tennessee @ 2025-05-14 10:37:16"
[1] "Tennessee is 2% complete."
[1] "Completed Tennessee @ 2025-05-14 10:37:17"
[1] "Tennessee is 2.4% complete."
[1] "Completed Tennessee @ 2025-05-14 10:37:17"
[1] "Tennessee is 2.8% complete."
[1] "Completed Tennessee @ 2025-05-14 10:37:17"
[1] "Tennessee is 3.2% complete."
[1] "Completed Tennessee @ 2025-05-14 10:37:17"
[1] "Tennessee is 3.6% complete."
[1] "Completed Tennessee @ 2025-05-14 10:37:17"
[1] "Tennessee is 4% complete."
[1] "Completed Tennessee @ 2025-05-14 10:37:17"
[1] "Tennessee is 4.4% complete."
[1] "Completed Tennessee @ 2025-05-14 10:37:17"
[1] "Tennessee is 4.8% complete."
[1] "Completed Tennessee @ 2025-05-14 10:37:17"
[1] "Tennessee is 5.2% complete."
[1] "Completed Tennessee @ 2025-05-14 10:37:17"
[1] "Tennessee is 5.6% complete."
[1] "Completed Tennessee @ 2025-05-14 10:37:17"
[1] "Tennessee is 6% complete."
[1] "Completed Tennessee @ 2025-05-14 10:37:18"
[1] "Tennessee is 6.3% complete."
[1] "Completed Tennessee @ 2025-05-14 10:37:18"
[1] "Tennessee is 6.7% complete."
[1] "Completed Tennessee @ 2025-05-14 10:37:18"
[1] "Tennessee is 7.1% complete."
[1] "Completed Tennessee @ 2025-05-14 10:37:19"
[1] "Tennessee is 7.5% complete."
[1] "Completed Tennessee @ 2025-05-14 10:37:19"
[1] "Tennessee is 7.9% complete."
[1] "Completed Tennessee @ 2025-05-14 10:37:19"
[1] "Tennessee is 8.3% complete."
[1] "Completed Tennessee @ 2025-05-14 10:37:19"
[1] "Tennessee is 8.7% complete."
[1] "Completed Tennessee @ 2025-05-14 10:37:19"
[1] "Tennessee is 9.1% complete."
[1] "Completed Tennessee @ 2025-05-14 10:37:19"
[1] "Tennessee is 9.5% complete."
[1] "Completed Tennessee @ 2025-05-14 10:37:19"
[1] "Tennessee is 9.9% complete."
[1] "Completed Tennessee @ 2025-05-14 10:37:19"
[1] "Tennessee is 10.3% complete."
[1] "Completed Tennessee @ 2025-05-14 10:37:19"
[1] "Tennessee is 10.7% complete."
[1] "Completed Tennessee @ 2025-05-14 10:37:19"
[1] "Tennessee is 11.1% complete."
[1] "Completed Tennessee @ 2025-05-14 10:37:19"
[1] "Tennessee is 11.5% complete."
[1] "Completed Tennessee @ 2025-05-14 10:37:19"
[1] "Tennessee is 11.9% complete."
[1] "Completed Tennessee @ 2025-05-14 10:37:20"
[1] "Tennessee is 12.3% complete."
[1] "Completed Tennessee @ 2025-05-14 10:37:20"
[1] "Tennessee is 12.7% complete."
[1] "Completed Tennessee @ 2025-05-14 10:37:20"
[1] "Tennessee is 13.1% complete."
[1] "Completed Tennessee @ 2025-05-14 10:37:20"
[1] "Tennessee is 13.5% complete."
[1] "Completed Tennessee @ 2025-05-14 10:37:20"
[1] "Tennessee is 13.9% complete."
[1] "Completed Tennessee @ 2025-05-14 10:37:20"
[1] "Tennessee is 14.3% complete."
[1] "Completed Tennessee @ 2025-05-14 10:37:20"
[1] "Tennessee is 14.7% complete."
[1] "Completed Tennessee @ 2025-05-14 10:37:20"
[1] "Tennessee is 15.1% complete."
[1] "Completed Tennessee @ 2025-05-14 10:37:20"
[1] "Tennessee is 15.5% complete."
[1] "Completed Tennessee @ 2025-05-14 10:37:20"
[1] "Tennessee is 15.9% complete."
[1] "Completed Tennessee @ 2025-05-14 10:37:21"
[1] "Tennessee is 16.3% complete."
[1] "Completed Tennessee @ 2025-05-14 10:37:21"
[1] "Tennessee is 16.7% complete."
[1] "Completed Tennessee @ 2025-05-14 10:37:21"
[1] "Tennessee is 17.1% complete."
[1] "Completed Tennessee @ 2025-05-14 10:37:21"
[1] "Tennessee is 17.5% complete."
[1] "Completed Tennessee @ 2025-05-14 10:37:21"
[1] "Tennessee is 17.9% complete."
[1] "Completed Tennessee @ 2025-05-14 10:37:21"
[1] "Tennessee is 18.3% complete."
[1] "Completed Tennessee @ 2025-05-14 10:37:21"
[1] "Tennessee is 18.7% complete."
[1] "Completed Tennessee @ 2025-05-14 10:37:21"
[1] "Tennessee is 19% complete."
[1] "Completed Tennessee @ 2025-05-14 10:37:21"
[1] "Tennessee is 19.4% complete."
[1] "Completed Tennessee @ 2025-05-14 10:37:21"
[1] "Tennessee is 19.8% complete."
[1] "Completed Tennessee @ 2025-05-14 10:37:22"
[1] "Tennessee is 20.2% complete."
[1] "Completed Tennessee @ 2025-05-14 10:37:22"
[1] "Tennessee is 20.6% complete."
[1] "Completed Tennessee @ 2025-05-14 10:37:22"
[1] "Tennessee is 21% complete."
[1] "Completed Tennessee @ 2025-05-14 10:37:22"
[1] "Tennessee is 21.4% complete."
[1] "Completed Tennessee @ 2025-05-14 10:37:22"
[1] "Tennessee is 21.8% complete."
[1] "Completed Tennessee @ 2025-05-14 10:37:22"
[1] "Tennessee is 22.2% complete."
[1] "Completed Tennessee @ 2025-05-14 10:37:22"
[1] "Tennessee is 22.6% complete."
[1] "Completed Tennessee @ 2025-05-14 10:37:22"
[1] "Tennessee is 23% complete."
[1] "Completed Tennessee @ 2025-05-14 10:37:22"
[1] "Tennessee is 23.4% complete."
[1] "Completed Tennessee @ 2025-05-14 10:37:22"
[1] "Tennessee is 23.8% complete."
[1] "Completed Tennessee @ 2025-05-14 10:37:22"
[1] "Tennessee is 24.2% complete."
[1] "Completed Tennessee @ 2025-05-14 10:37:22"
[1] "Tennessee is 24.6% complete."
[1] "Completed Tennessee @ 2025-05-14 10:37:22"
[1] "Tennessee is 25% complete."
[1] "Completed Tennessee @ 2025-05-14 10:37:23"
[1] "Tennessee is 25.4% complete."
[1] "Completed Tennessee @ 2025-05-14 10:37:23"
[1] "Tennessee is 25.8% complete."
[1] "Completed Tennessee @ 2025-05-14 10:37:23"
[1] "Tennessee is 26.2% complete."
[1] "Completed Tennessee @ 2025-05-14 10:37:23"
[1] "Tennessee is 26.6% complete."
[1] "Completed Tennessee @ 2025-05-14 10:37:23"
[1] "Tennessee is 27% complete."
[1] "Completed Tennessee @ 2025-05-14 10:37:23"
[1] "Tennessee is 27.4% complete."
[1] "Completed Tennessee @ 2025-05-14 10:37:23"
[1] "Tennessee is 27.8% complete."
[1] "Completed Tennessee @ 2025-05-14 10:37:23"
[1] "Tennessee is 28.2% complete."
[1] "Completed Tennessee @ 2025-05-14 10:37:23"
[1] "Tennessee is 28.6% complete."
[1] "Completed Tennessee @ 2025-05-14 10:37:23"
[1] "Tennessee is 29% complete."
[1] "Completed Tennessee @ 2025-05-14 10:37:23"
[1] "Tennessee is 29.4% complete."
[1] "Completed Tennessee @ 2025-05-14 10:37:24"
[1] "Tennessee is 29.8% complete."
[1] "Completed Tennessee @ 2025-05-14 10:37:24"
[1] "Tennessee is 30.2% complete."
[1] "Completed Tennessee @ 2025-05-14 10:37:24"
[1] "Tennessee is 30.6% complete."
[1] "Completed Tennessee @ 2025-05-14 10:37:24"
[1] "Tennessee is 31% complete."
[1] "Completed Tennessee @ 2025-05-14 10:37:25"
[1] "Tennessee is 31.3% complete."
[1] "Completed Tennessee @ 2025-05-14 10:37:25"
[1] "Tennessee is 31.7% complete."
[1] "Completed Tennessee @ 2025-05-14 10:37:25"
[1] "Tennessee is 32.1% complete."
[1] "Completed Tennessee @ 2025-05-14 10:37:25"
[1] "Tennessee is 32.5% complete."
[1] "Completed Tennessee @ 2025-05-14 10:37:25"
[1] "Tennessee is 32.9% complete."
[1] "Completed Tennessee @ 2025-05-14 10:37:25"
[1] "Tennessee is 33.3% complete."
[1] "Completed Tennessee @ 2025-05-14 10:37:25"
[1] "Tennessee is 33.7% complete."
[1] "Completed Tennessee @ 2025-05-14 10:37:25"
[1] "Tennessee is 34.1% complete."
[1] "Completed Tennessee @ 2025-05-14 10:37:25"
[1] "Tennessee is 34.5% complete."
[1] "Completed Tennessee @ 2025-05-14 10:37:25"
[1] "Tennessee is 34.9% complete."
[1] "Completed Tennessee @ 2025-05-14 10:37:25"
[1] "Tennessee is 35.3% complete."
[1] "Completed Tennessee @ 2025-05-14 10:37:25"
[1] "Tennessee is 35.7% complete."
[1] "Completed Tennessee @ 2025-05-14 10:37:26"
[1] "Tennessee is 36.1% complete."
[1] "Completed Tennessee @ 2025-05-14 10:37:26"
[1] "Tennessee is 36.5% complete."
[1] "Completed Tennessee @ 2025-05-14 10:37:26"
[1] "Tennessee is 36.9% complete."
[1] "Completed Tennessee @ 2025-05-14 10:37:26"
[1] "Tennessee is 37.3% complete."
[1] "Completed Tennessee @ 2025-05-14 10:37:26"
[1] "Tennessee is 37.7% complete."
[1] "Completed Tennessee @ 2025-05-14 10:37:26"
[1] "Tennessee is 38.1% complete."
[1] "Completed Tennessee @ 2025-05-14 10:37:26"
[1] "Tennessee is 38.5% complete."
[1] "Completed Tennessee @ 2025-05-14 10:37:26"
[1] "Tennessee is 38.9% complete."
[1] "Completed Tennessee @ 2025-05-14 10:37:26"
[1] "Tennessee is 39.3% complete."
[1] "Completed Tennessee @ 2025-05-14 10:37:27"
[1] "Tennessee is 39.7% complete."
[1] "Completed Tennessee @ 2025-05-14 10:37:27"
[1] "Tennessee is 40.1% complete."
[1] "Completed Tennessee @ 2025-05-14 10:37:27"
[1] "Tennessee is 40.5% complete."
[1] "Completed Tennessee @ 2025-05-14 10:37:27"
[1] "Tennessee is 40.9% complete."
[1] "Completed Tennessee @ 2025-05-14 10:37:27"
[1] "Tennessee is 41.3% complete."
[1] "Completed Tennessee @ 2025-05-14 10:37:27"
[1] "Tennessee is 41.7% complete."
[1] "Completed Tennessee @ 2025-05-14 10:37:27"
[1] "Tennessee is 42.1% complete."
[1] "Completed Tennessee @ 2025-05-14 10:37:27"
[1] "Tennessee is 42.5% complete."
[1] "Completed Tennessee @ 2025-05-14 10:37:27"
[1] "Tennessee is 42.9% complete."
[1] "Completed Tennessee @ 2025-05-14 10:37:27"
[1] "Tennessee is 43.3% complete."
[1] "Completed Tennessee @ 2025-05-14 10:37:28"
[1] "Tennessee is 43.7% complete."
[1] "Completed Tennessee @ 2025-05-14 10:37:28"
[1] "Tennessee is 44% complete."
[1] "Completed Tennessee @ 2025-05-14 10:37:28"
[1] "Tennessee is 44.4% complete."
[1] "Completed Tennessee @ 2025-05-14 10:37:28"
[1] "Tennessee is 44.8% complete."
[1] "Completed Tennessee @ 2025-05-14 10:37:28"
[1] "Tennessee is 45.2% complete."
[1] "Completed Tennessee @ 2025-05-14 10:37:28"
[1] "Tennessee is 45.6% complete."
[1] "Completed Tennessee @ 2025-05-14 10:37:28"
[1] "Tennessee is 46% complete."
[1] "Completed Tennessee @ 2025-05-14 10:37:28"
[1] "Tennessee is 46.4% complete."
[1] "Completed Tennessee @ 2025-05-14 10:37:28"
[1] "Tennessee is 46.8% complete."
[1] "Completed Tennessee @ 2025-05-14 10:37:28"
[1] "Tennessee is 47.2% complete."
[1] "Completed Tennessee @ 2025-05-14 10:37:29"
[1] "Tennessee is 47.6% complete."
[1] "Completed Tennessee @ 2025-05-14 10:37:29"
[1] "Tennessee is 48% complete."
[1] "Completed Tennessee @ 2025-05-14 10:37:29"
[1] "Tennessee is 48.4% complete."
[1] "Completed Tennessee @ 2025-05-14 10:37:29"
[1] "Tennessee is 48.8% complete."
[1] "Completed Tennessee @ 2025-05-14 10:37:29"
[1] "Tennessee is 49.2% complete."
[1] "Completed Tennessee @ 2025-05-14 10:37:29"
[1] "Tennessee is 49.6% complete."
[1] "Completed Tennessee @ 2025-05-14 10:37:29"
[1] "Tennessee is 50% complete."
[1] "Completed Tennessee @ 2025-05-14 10:37:29"
[1] "Tennessee is 50.4% complete."
[1] "Completed Tennessee @ 2025-05-14 10:37:29"
[1] "Tennessee is 50.8% complete."
[1] "Completed Tennessee @ 2025-05-14 10:37:29"
[1] "Tennessee is 51.2% complete."
[1] "Completed Tennessee @ 2025-05-14 10:37:29"
[1] "Tennessee is 51.6% complete."
[1] "Completed Tennessee @ 2025-05-14 10:37:30"
[1] "Tennessee is 52% complete."
[1] "Completed Tennessee @ 2025-05-14 10:37:30"
[1] "Tennessee is 52.4% complete."
[1] "Completed Tennessee @ 2025-05-14 10:37:30"
[1] "Tennessee is 52.8% complete."
[1] "Completed Tennessee @ 2025-05-14 10:37:30"
[1] "Tennessee is 53.2% complete."
[1] "Completed Tennessee @ 2025-05-14 10:37:30"
[1] "Tennessee is 53.6% complete."
[1] "Completed Tennessee @ 2025-05-14 10:37:30"
[1] "Tennessee is 54% complete."
[1] "Completed Tennessee @ 2025-05-14 10:37:30"
[1] "Tennessee is 54.4% complete."
[1] "Completed Tennessee @ 2025-05-14 10:37:30"
[1] "Tennessee is 54.8% complete."
[1] "Completed Tennessee @ 2025-05-14 10:37:30"
[1] "Tennessee is 55.2% complete."
[1] "Completed Tennessee @ 2025-05-14 10:37:31"
[1] "Tennessee is 55.6% complete."
[1] "Completed Tennessee @ 2025-05-14 10:37:31"
[1] "Tennessee is 56% complete."
[1] "Completed Tennessee @ 2025-05-14 10:37:31"
[1] "Tennessee is 56.3% complete."
[1] "Completed Tennessee @ 2025-05-14 10:37:31"
[1] "Tennessee is 56.7% complete."
[1] "Completed Tennessee @ 2025-05-14 10:37:31"
[1] "Tennessee is 57.1% complete."
[1] "Completed Tennessee @ 2025-05-14 10:37:31"
[1] "Tennessee is 57.5% complete."
[1] "Completed Tennessee @ 2025-05-14 10:37:31"
[1] "Tennessee is 57.9% complete."
[1] "Completed Tennessee @ 2025-05-14 10:37:31"
[1] "Tennessee is 58.3% complete."
[1] "Completed Tennessee @ 2025-05-14 10:37:31"
[1] "Tennessee is 58.7% complete."
[1] "Completed Tennessee @ 2025-05-14 10:37:31"
[1] "Tennessee is 59.1% complete."
[1] "Completed Tennessee @ 2025-05-14 10:37:32"
[1] "Tennessee is 59.5% complete."
[1] "Completed Tennessee @ 2025-05-14 10:37:32"
[1] "Tennessee is 59.9% complete."
[1] "Completed Tennessee @ 2025-05-14 10:37:32"
[1] "Tennessee is 60.3% complete."
[1] "Completed Tennessee @ 2025-05-14 10:37:32"
[1] "Tennessee is 60.7% complete."
[1] "Completed Tennessee @ 2025-05-14 10:37:32"
[1] "Tennessee is 61.1% complete."
[1] "Completed Tennessee @ 2025-05-14 10:37:32"
[1] "Tennessee is 61.5% complete."
[1] "Completed Tennessee @ 2025-05-14 10:37:32"
[1] "Tennessee is 61.9% complete."
[1] "Completed Tennessee @ 2025-05-14 10:37:32"
[1] "Tennessee is 62.3% complete."
[1] "Completed Tennessee @ 2025-05-14 10:37:32"
[1] "Tennessee is 62.7% complete."
[1] "Completed Tennessee @ 2025-05-14 10:37:33"
[1] "Tennessee is 63.1% complete."
[1] "Completed Tennessee @ 2025-05-14 10:37:33"
[1] "Tennessee is 63.5% complete."
[1] "Completed Tennessee @ 2025-05-14 10:37:33"
[1] "Tennessee is 63.9% complete."
[1] "Completed Tennessee @ 2025-05-14 10:37:33"
[1] "Tennessee is 64.3% complete."
[1] "Completed Tennessee @ 2025-05-14 10:37:33"
[1] "Tennessee is 64.7% complete."
[1] "Completed Tennessee @ 2025-05-14 10:37:33"
[1] "Tennessee is 65.1% complete."
[1] "Completed Tennessee @ 2025-05-14 10:37:33"
[1] "Tennessee is 65.5% complete."
[1] "Completed Tennessee @ 2025-05-14 10:37:33"
[1] "Tennessee is 65.9% complete."
[1] "Completed Tennessee @ 2025-05-14 10:37:34"
[1] "Tennessee is 66.3% complete."
[1] "Completed Tennessee @ 2025-05-14 10:37:34"
[1] "Tennessee is 66.7% complete."
[1] "Completed Tennessee @ 2025-05-14 10:37:34"
[1] "Tennessee is 67.1% complete."
[1] "Completed Tennessee @ 2025-05-14 10:37:34"
[1] "Tennessee is 67.5% complete."
[1] "Completed Tennessee @ 2025-05-14 10:37:34"
[1] "Tennessee is 67.9% complete."
[1] "Completed Tennessee @ 2025-05-14 10:37:34"
[1] "Tennessee is 68.3% complete."
[1] "Completed Tennessee @ 2025-05-14 10:37:34"
[1] "Tennessee is 68.7% complete."
[1] "Completed Tennessee @ 2025-05-14 10:37:35"
[1] "Tennessee is 69% complete."
[1] "Completed Tennessee @ 2025-05-14 10:37:35"
[1] "Tennessee is 69.4% complete."
[1] "Completed Tennessee @ 2025-05-14 10:37:35"
[1] "Tennessee is 69.8% complete."
[1] "Completed Tennessee @ 2025-05-14 10:37:35"
[1] "Tennessee is 70.2% complete."
[1] "Completed Tennessee @ 2025-05-14 10:37:35"
[1] "Tennessee is 70.6% complete."
[1] "Completed Tennessee @ 2025-05-14 10:37:35"
[1] "Tennessee is 71% complete."
[1] "Completed Tennessee @ 2025-05-14 10:37:35"
[1] "Tennessee is 71.4% complete."
[1] "Completed Tennessee @ 2025-05-14 10:37:35"
[1] "Tennessee is 71.8% complete."
[1] "Completed Tennessee @ 2025-05-14 10:37:36"
[1] "Tennessee is 72.2% complete."
[1] "Completed Tennessee @ 2025-05-14 10:37:36"
[1] "Tennessee is 72.6% complete."
[1] "Completed Tennessee @ 2025-05-14 10:37:36"
[1] "Tennessee is 73% complete."
[1] "Completed Tennessee @ 2025-05-14 10:37:36"
[1] "Tennessee is 73.4% complete."
[1] "Completed Tennessee @ 2025-05-14 10:37:36"
[1] "Tennessee is 73.8% complete."
[1] "Completed Tennessee @ 2025-05-14 10:37:36"
[1] "Tennessee is 74.2% complete."
[1] "Completed Tennessee @ 2025-05-14 10:37:36"
[1] "Tennessee is 74.6% complete."
[1] "Completed Tennessee @ 2025-05-14 10:37:37"
[1] "Tennessee is 75% complete."
[1] "Completed Tennessee @ 2025-05-14 10:37:37"
[1] "Tennessee is 75.4% complete."
[1] "Completed Tennessee @ 2025-05-14 10:37:37"
[1] "Tennessee is 75.8% complete."
[1] "Completed Tennessee @ 2025-05-14 10:37:37"
[1] "Tennessee is 76.2% complete."
[1] "Completed Tennessee @ 2025-05-14 10:37:37"
[1] "Tennessee is 76.6% complete."
[1] "Completed Tennessee @ 2025-05-14 10:37:37"
[1] "Tennessee is 77% complete."
[1] "Completed Tennessee @ 2025-05-14 10:37:38"
[1] "Tennessee is 77.4% complete."
[1] "Completed Tennessee @ 2025-05-14 10:37:38"
[1] "Tennessee is 77.8% complete."
[1] "Completed Tennessee @ 2025-05-14 10:37:38"
[1] "Tennessee is 78.2% complete."
[1] "Completed Tennessee @ 2025-05-14 10:37:38"
[1] "Tennessee is 78.6% complete."
[1] "Completed Tennessee @ 2025-05-14 10:37:38"
[1] "Tennessee is 79% complete."
[1] "Completed Tennessee @ 2025-05-14 10:37:38"
[1] "Tennessee is 79.4% complete."
[1] "Completed Tennessee @ 2025-05-14 10:37:38"
[1] "Tennessee is 79.8% complete."
[1] "Completed Tennessee @ 2025-05-14 10:37:38"
[1] "Tennessee is 80.2% complete."
[1] "Completed Tennessee @ 2025-05-14 10:37:39"
[1] "Tennessee is 80.6% complete."
[1] "Completed Tennessee @ 2025-05-14 10:37:39"
[1] "Tennessee is 81% complete."
[1] "Completed Tennessee @ 2025-05-14 10:37:39"
[1] "Tennessee is 81.3% complete."
[1] "Completed Tennessee @ 2025-05-14 10:37:39"
[1] "Tennessee is 81.7% complete."
[1] "Completed Tennessee @ 2025-05-14 10:37:39"
[1] "Tennessee is 82.1% complete."
[1] "Completed Tennessee @ 2025-05-14 10:37:39"
[1] "Tennessee is 82.5% complete."
[1] "Completed Tennessee @ 2025-05-14 10:37:40"
[1] "Tennessee is 82.9% complete."
[1] "Completed Tennessee @ 2025-05-14 10:37:40"
[1] "Tennessee is 83.3% complete."
[1] "Completed Tennessee @ 2025-05-14 10:37:40"
[1] "Tennessee is 83.7% complete."
[1] "Completed Tennessee @ 2025-05-14 10:37:40"
[1] "Tennessee is 84.1% complete."
[1] "Completed Tennessee @ 2025-05-14 10:37:40"
[1] "Tennessee is 84.5% complete."
[1] "Completed Tennessee @ 2025-05-14 10:37:40"
[1] "Tennessee is 84.9% complete."
[1] "Completed Tennessee @ 2025-05-14 10:37:41"
[1] "Tennessee is 85.3% complete."
[1] "Completed Tennessee @ 2025-05-14 10:37:41"
[1] "Tennessee is 85.7% complete."
[1] "Completed Tennessee @ 2025-05-14 10:37:41"
[1] "Tennessee is 86.1% complete."
[1] "Completed Tennessee @ 2025-05-14 10:37:42"
[1] "Tennessee is 86.5% complete."
[1] "Completed Tennessee @ 2025-05-14 10:37:42"
[1] "Tennessee is 86.9% complete."
[1] "Completed Tennessee @ 2025-05-14 10:37:42"
[1] "Tennessee is 87.3% complete."
[1] "Completed Tennessee @ 2025-05-14 10:37:42"
[1] "Tennessee is 87.7% complete."
[1] "Completed Tennessee @ 2025-05-14 10:37:42"
[1] "Tennessee is 88.1% complete."
[1] "Completed Tennessee @ 2025-05-14 10:37:42"
[1] "Tennessee is 88.5% complete."
[1] "Completed Tennessee @ 2025-05-14 10:37:42"
[1] "Tennessee is 88.9% complete."
[1] "Completed Tennessee @ 2025-05-14 10:37:43"
[1] "Tennessee is 89.3% complete."
[1] "Completed Tennessee @ 2025-05-14 10:37:43"
[1] "Tennessee is 89.7% complete."
[1] "Completed Tennessee @ 2025-05-14 10:37:43"
[1] "Tennessee is 90.1% complete."
[1] "Completed Tennessee @ 2025-05-14 10:37:44"
[1] "Tennessee is 90.5% complete."
[1] "Completed Tennessee @ 2025-05-14 10:37:44"
[1] "Tennessee is 90.9% complete."
[1] "Completed Tennessee @ 2025-05-14 10:37:44"
[1] "Tennessee is 91.3% complete."
[1] "Completed Tennessee @ 2025-05-14 10:37:45"
[1] "Tennessee is 91.7% complete."
[1] "Completed Tennessee @ 2025-05-14 10:37:45"
[1] "Tennessee is 92.1% complete."
[1] "Completed Tennessee @ 2025-05-14 10:37:45"
[1] "Tennessee is 92.5% complete."
[1] "Completed Tennessee @ 2025-05-14 10:37:45"
[1] "Tennessee is 92.9% complete."
[1] "Completed Tennessee @ 2025-05-14 10:37:46"
[1] "Tennessee is 93.3% complete."
[1] "Completed Tennessee @ 2025-05-14 10:37:46"
[1] "Tennessee is 93.7% complete."
[1] "Completed Tennessee @ 2025-05-14 10:37:47"
[1] "Tennessee is 94% complete."
[1] "Completed Tennessee @ 2025-05-14 10:37:47"
[1] "Tennessee is 94.4% complete."
[1] "Completed Tennessee @ 2025-05-14 10:37:47"
[1] "Tennessee is 94.8% complete."
[1] "Completed Tennessee @ 2025-05-14 10:37:47"
[1] "Tennessee is 95.2% complete."
[1] "Completed Tennessee @ 2025-05-14 10:37:47"
[1] "Tennessee is 95.6% complete."
[1] "Completed Tennessee @ 2025-05-14 10:37:48"
[1] "Tennessee is 96% complete."
[1] "Completed Tennessee @ 2025-05-14 10:37:48"
[1] "Tennessee is 96.4% complete."
[1] "Completed Tennessee @ 2025-05-14 10:37:49"
[1] "Tennessee is 96.8% complete."
[1] "Completed Tennessee @ 2025-05-14 10:37:49"
[1] "Tennessee is 97.2% complete."
[1] "Completed Tennessee @ 2025-05-14 10:37:50"
[1] "Tennessee is 97.6% complete."
[1] "Completed Tennessee @ 2025-05-14 10:37:51"
[1] "Tennessee is 98% complete."
[1] "Completed Tennessee @ 2025-05-14 10:37:52"
[1] "Tennessee is 98.4% complete."
[1] "Completed Tennessee @ 2025-05-14 10:37:53"
[1] "Tennessee is 98.8% complete."
[1] "Completed Tennessee @ 2025-05-14 10:37:54"
[1] "Tennessee is 99.2% complete."
[1] "Completed Tennessee @ 2025-05-14 10:37:56"
[1] "Tennessee is 99.6% complete."
[1] "Completed Tennessee @ 2025-05-14 10:37:57"
[1] "Tennessee is 100% complete."
[1] "Completed Tennessee @ 2025-05-14 10:38:02"
Deleting layer `Pop' using driver `GPKG'
Writing layer `Pop' to data source 
  `/work/GRDVULN/sewershed/Model/Create_Boundaries/outputs/Pop_Delineated/FP_47.gpkg' using driver `GPKG'
Writing 252 features with 10 fields and geometry type Unknown (any).
[1] "SCRIPT COMPLETE @ 2025-05-14 10:38:20"
