[1] "Starting Virginia"
Reading layer `cb_2021_us_state_500k' from data source 
  `/work/GRDVULN/data/cb_2021_us_all_500k.gdb' using driver `OpenFileGDB'
Simple feature collection with 56 features and 9 fields
Geometry type: MULTIPOLYGON
Dimension:     XY
Bounding box:  xmin: -179.1489 ymin: -14.5487 xmax: 179.7785 ymax: 71.36516
Geodetic CRS:  NAD83
[1] "Building 215 systems"
[1] "Virginia is 0.5% complete."
[1] "Completed Virginia @ 2025-05-14 10:37:49"
[1] "Virginia is 0.9% complete."
[1] "Completed Virginia @ 2025-05-14 10:37:49"
[1] "Virginia is 1.4% complete."
[1] "Completed Virginia @ 2025-05-14 10:37:49"
[1] "Virginia is 1.9% complete."
[1] "Completed Virginia @ 2025-05-14 10:37:50"
[1] "Virginia is 2.3% complete."
[1] "Completed Virginia @ 2025-05-14 10:37:50"
[1] "Virginia is 2.8% complete."
[1] "Completed Virginia @ 2025-05-14 10:37:50"
[1] "Virginia is 3.3% complete."
[1] "Completed Virginia @ 2025-05-14 10:37:50"
[1] "Virginia is 3.7% complete."
[1] "Completed Virginia @ 2025-05-14 10:37:50"
[1] "Virginia is 4.2% complete."
[1] "Completed Virginia @ 2025-05-14 10:37:50"
[1] "Virginia is 4.7% complete."
[1] "Completed Virginia @ 2025-05-14 10:37:50"
[1] "Virginia is 5.1% complete."
[1] "Completed Virginia @ 2025-05-14 10:37:50"
[1] "Virginia is 5.6% complete."
[1] "Completed Virginia @ 2025-05-14 10:37:50"
[1] "Virginia is 6% complete."
[1] "Completed Virginia @ 2025-05-14 10:37:50"
[1] "Virginia is 6.5% complete."
[1] "Completed Virginia @ 2025-05-14 10:37:50"
[1] "Virginia is 7% complete."
[1] "Completed Virginia @ 2025-05-14 10:37:51"
[1] "Virginia is 7.4% complete."
[1] "Completed Virginia @ 2025-05-14 10:37:51"
[1] "Virginia is 7.9% complete."
[1] "Completed Virginia @ 2025-05-14 10:37:51"
[1] "Virginia is 8.4% complete."
[1] "Completed Virginia @ 2025-05-14 10:37:51"
[1] "Virginia is 8.8% complete."
[1] "Completed Virginia @ 2025-05-14 10:37:51"
[1] "Virginia is 9.3% complete."
[1] "Completed Virginia @ 2025-05-14 10:37:51"
[1] "Virginia is 9.8% complete."
[1] "Completed Virginia @ 2025-05-14 10:37:51"
[1] "Virginia is 10.2% complete."
[1] "Completed Virginia @ 2025-05-14 10:37:51"
[1] "Virginia is 10.7% complete."
[1] "Completed Virginia @ 2025-05-14 10:37:51"
[1] "Virginia is 11.2% complete."
[1] "Completed Virginia @ 2025-05-14 10:37:51"
[1] "Virginia is 11.6% complete."
[1] "Completed Virginia @ 2025-05-14 10:37:51"
[1] "Virginia is 12.1% complete."
[1] "Completed Virginia @ 2025-05-14 10:37:51"
[1] "Virginia is 12.6% complete."
[1] "Completed Virginia @ 2025-05-14 10:37:51"
[1] "Virginia is 13% complete."
[1] "Completed Virginia @ 2025-05-14 10:37:51"
[1] "Virginia is 13.5% complete."
[1] "Completed Virginia @ 2025-05-14 10:37:51"
[1] "Virginia is 14% complete."
[1] "Completed Virginia @ 2025-05-14 10:37:52"
[1] "Virginia is 14.4% complete."
[1] "Completed Virginia @ 2025-05-14 10:37:52"
[1] "Virginia is 14.9% complete."
[1] "Completed Virginia @ 2025-05-14 10:37:52"
[1] "Virginia is 15.3% complete."
[1] "Completed Virginia @ 2025-05-14 10:37:52"
[1] "Virginia is 15.8% complete."
[1] "Completed Virginia @ 2025-05-14 10:37:52"
[1] "Virginia is 16.3% complete."
[1] "Completed Virginia @ 2025-05-14 10:37:52"
[1] "Virginia is 16.7% complete."
[1] "Completed Virginia @ 2025-05-14 10:37:52"
[1] "Virginia is 17.2% complete."
[1] "Completed Virginia @ 2025-05-14 10:37:52"
[1] "Virginia is 17.7% complete."
[1] "Completed Virginia @ 2025-05-14 10:37:52"
[1] "Virginia is 18.1% complete."
[1] "Completed Virginia @ 2025-05-14 10:37:52"
[1] "Virginia is 18.6% complete."
[1] "Completed Virginia @ 2025-05-14 10:37:52"
[1] "Virginia is 19.1% complete."
[1] "Completed Virginia @ 2025-05-14 10:37:52"
[1] "Virginia is 19.5% complete."
[1] "Completed Virginia @ 2025-05-14 10:37:52"
[1] "Virginia is 20% complete."
[1] "Completed Virginia @ 2025-05-14 10:37:53"
[1] "Virginia is 20.5% complete."
[1] "Completed Virginia @ 2025-05-14 10:37:53"
[1] "Virginia is 20.9% complete."
[1] "Completed Virginia @ 2025-05-14 10:37:53"
[1] "Virginia is 21.4% complete."
[1] "Completed Virginia @ 2025-05-14 10:37:53"
[1] "Virginia is 21.9% complete."
[1] "Completed Virginia @ 2025-05-14 10:37:53"
[1] "Virginia is 22.3% complete."
[1] "Completed Virginia @ 2025-05-14 10:37:53"
[1] "Virginia is 22.8% complete."
[1] "Completed Virginia @ 2025-05-14 10:37:53"
[1] "Virginia is 23.3% complete."
[1] "Completed Virginia @ 2025-05-14 10:37:53"
[1] "Virginia is 23.7% complete."
[1] "Completed Virginia @ 2025-05-14 10:37:53"
[1] "Virginia is 24.2% complete."
[1] "Completed Virginia @ 2025-05-14 10:37:53"
[1] "Virginia is 24.7% complete."
[1] "Completed Virginia @ 2025-05-14 10:37:53"
[1] "Virginia is 25.1% complete."
[1] "Completed Virginia @ 2025-05-14 10:37:53"
[1] "Virginia is 25.6% complete."
[1] "Completed Virginia @ 2025-05-14 10:37:53"
[1] "Virginia is 26% complete."
[1] "Completed Virginia @ 2025-05-14 10:37:53"
[1] "Virginia is 26.5% complete."
[1] "Completed Virginia @ 2025-05-14 10:37:53"
[1] "Virginia is 27% complete."
[1] "Completed Virginia @ 2025-05-14 10:37:54"
[1] "Virginia is 27.4% complete."
[1] "Completed Virginia @ 2025-05-14 10:37:54"
[1] "Virginia is 27.9% complete."
[1] "Completed Virginia @ 2025-05-14 10:37:54"
[1] "Virginia is 28.4% complete."
[1] "Completed Virginia @ 2025-05-14 10:37:54"
[1] "Virginia is 28.8% complete."
[1] "Completed Virginia @ 2025-05-14 10:37:54"
[1] "Virginia is 29.3% complete."
[1] "Completed Virginia @ 2025-05-14 10:37:54"
[1] "Virginia is 29.8% complete."
[1] "Completed Virginia @ 2025-05-14 10:37:54"
[1] "Virginia is 30.2% complete."
[1] "Completed Virginia @ 2025-05-14 10:37:54"
[1] "Virginia is 30.7% complete."
[1] "Completed Virginia @ 2025-05-14 10:37:54"
[1] "Virginia is 31.2% complete."
[1] "Completed Virginia @ 2025-05-14 10:37:54"
[1] "Virginia is 31.6% complete."
[1] "Completed Virginia @ 2025-05-14 10:37:54"
[1] "Virginia is 32.1% complete."
[1] "Completed Virginia @ 2025-05-14 10:37:54"
[1] "Virginia is 32.6% complete."
[1] "Completed Virginia @ 2025-05-14 10:37:55"
[1] "Virginia is 33% complete."
[1] "Completed Virginia @ 2025-05-14 10:37:55"
[1] "Virginia is 33.5% complete."
[1] "Completed Virginia @ 2025-05-14 10:37:55"
[1] "Virginia is 34% complete."
[1] "Completed Virginia @ 2025-05-14 10:37:55"
[1] "Virginia is 34.4% complete."
[1] "Completed Virginia @ 2025-05-14 10:37:55"
[1] "Virginia is 34.9% complete."
[1] "Completed Virginia @ 2025-05-14 10:37:55"
[1] "Virginia is 35.3% complete."
[1] "Completed Virginia @ 2025-05-14 10:37:55"
[1] "Virginia is 35.8% complete."
[1] "Completed Virginia @ 2025-05-14 10:37:55"
[1] "Virginia is 36.3% complete."
[1] "Completed Virginia @ 2025-05-14 10:37:55"
[1] "Virginia is 36.7% complete."
[1] "Completed Virginia @ 2025-05-14 10:37:55"
[1] "Virginia is 37.2% complete."
[1] "Completed Virginia @ 2025-05-14 10:37:55"
[1] "Virginia is 37.7% complete."
[1] "Completed Virginia @ 2025-05-14 10:37:55"
[1] "Virginia is 38.1% complete."
[1] "Completed Virginia @ 2025-05-14 10:37:55"
[1] "Virginia is 38.6% complete."
[1] "Completed Virginia @ 2025-05-14 10:37:55"
[1] "Virginia is 39.1% complete."
[1] "Completed Virginia @ 2025-05-14 10:37:55"
[1] "Virginia is 39.5% complete."
[1] "Completed Virginia @ 2025-05-14 10:37:56"
[1] "Virginia is 40% complete."
[1] "Completed Virginia @ 2025-05-14 10:37:56"
[1] "Virginia is 40.5% complete."
[1] "Completed Virginia @ 2025-05-14 10:37:56"
[1] "Virginia is 40.9% complete."
[1] "Completed Virginia @ 2025-05-14 10:37:56"
[1] "Virginia is 41.4% complete."
[1] "Completed Virginia @ 2025-05-14 10:37:56"
[1] "Virginia is 41.9% complete."
[1] "Completed Virginia @ 2025-05-14 10:37:56"
[1] "Virginia is 42.3% complete."
[1] "Completed Virginia @ 2025-05-14 10:37:56"
[1] "Virginia is 42.8% complete."
[1] "Completed Virginia @ 2025-05-14 10:37:56"
[1] "Virginia is 43.3% complete."
[1] "Completed Virginia @ 2025-05-14 10:37:56"
[1] "Virginia is 43.7% complete."
[1] "Completed Virginia @ 2025-05-14 10:37:56"
[1] "Virginia is 44.2% complete."
[1] "Completed Virginia @ 2025-05-14 10:37:56"
[1] "Virginia is 44.7% complete."
[1] "Completed Virginia @ 2025-05-14 10:37:57"
[1] "Virginia is 45.1% complete."
[1] "Completed Virginia @ 2025-05-14 10:37:57"
[1] "Virginia is 45.6% complete."
[1] "Completed Virginia @ 2025-05-14 10:37:57"
[1] "Virginia is 46% complete."
[1] "Completed Virginia @ 2025-05-14 10:37:57"
[1] "Virginia is 46.5% complete."
[1] "Completed Virginia @ 2025-05-14 10:37:57"
[1] "Virginia is 47% complete."
[1] "Completed Virginia @ 2025-05-14 10:37:57"
[1] "Virginia is 47.4% complete."
[1] "Completed Virginia @ 2025-05-14 10:37:57"
[1] "Virginia is 47.9% complete."
[1] "Completed Virginia @ 2025-05-14 10:37:57"
[1] "Virginia is 48.4% complete."
[1] "Completed Virginia @ 2025-05-14 10:37:57"
[1] "Virginia is 48.8% complete."
[1] "Completed Virginia @ 2025-05-14 10:37:57"
[1] "Virginia is 49.3% complete."
[1] "Completed Virginia @ 2025-05-14 10:37:57"
[1] "Virginia is 49.8% complete."
[1] "Completed Virginia @ 2025-05-14 10:37:57"
[1] "Virginia is 50.2% complete."
[1] "Completed Virginia @ 2025-05-14 10:37:57"
[1] "Virginia is 50.7% complete."
[1] "Completed Virginia @ 2025-05-14 10:37:58"
[1] "Virginia is 51.2% complete."
[1] "Completed Virginia @ 2025-05-14 10:37:58"
[1] "Virginia is 51.6% complete."
[1] "Completed Virginia @ 2025-05-14 10:37:58"
[1] "Virginia is 52.1% complete."
[1] "Completed Virginia @ 2025-05-14 10:37:58"
[1] "Virginia is 52.6% complete."
[1] "Completed Virginia @ 2025-05-14 10:37:58"
[1] "Virginia is 53% complete."
[1] "Completed Virginia @ 2025-05-14 10:37:58"
[1] "Virginia is 53.5% complete."
[1] "Completed Virginia @ 2025-05-14 10:37:58"
[1] "Virginia is 54% complete."
[1] "Completed Virginia @ 2025-05-14 10:37:58"
[1] "Virginia is 54.4% complete."
[1] "Completed Virginia @ 2025-05-14 10:37:58"
[1] "Virginia is 54.9% complete."
[1] "Completed Virginia @ 2025-05-14 10:37:58"
[1] "Virginia is 55.3% complete."
[1] "Completed Virginia @ 2025-05-14 10:37:59"
[1] "Virginia is 55.8% complete."
[1] "Completed Virginia @ 2025-05-14 10:37:59"
[1] "Virginia is 56.3% complete."
[1] "Completed Virginia @ 2025-05-14 10:37:59"
[1] "Virginia is 56.7% complete."
[1] "Completed Virginia @ 2025-05-14 10:37:59"
[1] "Virginia is 57.2% complete."
[1] "Completed Virginia @ 2025-05-14 10:37:59"
[1] "Virginia is 57.7% complete."
[1] "Completed Virginia @ 2025-05-14 10:37:59"
[1] "Virginia is 58.1% complete."
[1] "Completed Virginia @ 2025-05-14 10:37:59"
[1] "Virginia is 58.6% complete."
[1] "Completed Virginia @ 2025-05-14 10:37:59"
[1] "Virginia is 59.1% complete."
[1] "Completed Virginia @ 2025-05-14 10:37:59"
[1] "Virginia is 59.5% complete."
[1] "Completed Virginia @ 2025-05-14 10:37:59"
[1] "Virginia is 60% complete."
[1] "Completed Virginia @ 2025-05-14 10:37:59"
[1] "Virginia is 60.5% complete."
[1] "Completed Virginia @ 2025-05-14 10:37:59"
[1] "Virginia is 60.9% complete."
[1] "Completed Virginia @ 2025-05-14 10:38:00"
[1] "Virginia is 61.4% complete."
[1] "Completed Virginia @ 2025-05-14 10:38:00"
[1] "Virginia is 61.9% complete."
[1] "Completed Virginia @ 2025-05-14 10:38:00"
[1] "Virginia is 62.3% complete."
[1] "Completed Virginia @ 2025-05-14 10:38:00"
[1] "Virginia is 62.8% complete."
[1] "Completed Virginia @ 2025-05-14 10:38:00"
[1] "Virginia is 63.3% complete."
[1] "Completed Virginia @ 2025-05-14 10:38:00"
[1] "Virginia is 63.7% complete."
[1] "Completed Virginia @ 2025-05-14 10:38:00"
[1] "Virginia is 64.2% complete."
[1] "Completed Virginia @ 2025-05-14 10:38:00"
[1] "Virginia is 64.7% complete."
[1] "Completed Virginia @ 2025-05-14 10:38:00"
[1] "Virginia is 65.1% complete."
[1] "Completed Virginia @ 2025-05-14 10:38:00"
[1] "Virginia is 65.6% complete."
[1] "Completed Virginia @ 2025-05-14 10:38:00"
[1] "Virginia is 66% complete."
[1] "Completed Virginia @ 2025-05-14 10:38:00"
[1] "Virginia is 66.5% complete."
[1] "Completed Virginia @ 2025-05-14 10:38:01"
[1] "Virginia is 67% complete."
[1] "Completed Virginia @ 2025-05-14 10:38:01"
[1] "Virginia is 67.4% complete."
[1] "Completed Virginia @ 2025-05-14 10:38:01"
[1] "Virginia is 67.9% complete."
[1] "Completed Virginia @ 2025-05-14 10:38:01"
[1] "Virginia is 68.4% complete."
[1] "Completed Virginia @ 2025-05-14 10:38:01"
[1] "Virginia is 68.8% complete."
[1] "Completed Virginia @ 2025-05-14 10:38:01"
[1] "Virginia is 69.3% complete."
[1] "Completed Virginia @ 2025-05-14 10:38:01"
[1] "Virginia is 69.8% complete."
[1] "Completed Virginia @ 2025-05-14 10:38:01"
[1] "Virginia is 70.2% complete."
[1] "Completed Virginia @ 2025-05-14 10:38:01"
[1] "Virginia is 70.7% complete."
[1] "Completed Virginia @ 2025-05-14 10:38:01"
[1] "Virginia is 71.2% complete."
[1] "Completed Virginia @ 2025-05-14 10:38:01"
[1] "Virginia is 71.6% complete."
[1] "Completed Virginia @ 2025-05-14 10:38:01"
[1] "Virginia is 72.1% complete."
[1] "Completed Virginia @ 2025-05-14 10:38:02"
[1] "Virginia is 72.6% complete."
[1] "Completed Virginia @ 2025-05-14 10:38:02"
[1] "Virginia is 73% complete."
[1] "Completed Virginia @ 2025-05-14 10:38:02"
[1] "Virginia is 73.5% complete."
[1] "Completed Virginia @ 2025-05-14 10:38:02"
[1] "Virginia is 74% complete."
[1] "Completed Virginia @ 2025-05-14 10:38:02"
[1] "Virginia is 74.4% complete."
[1] "Completed Virginia @ 2025-05-14 10:38:02"
[1] "Virginia is 74.9% complete."
[1] "Completed Virginia @ 2025-05-14 10:38:02"
[1] "Virginia is 75.3% complete."
[1] "Completed Virginia @ 2025-05-14 10:38:02"
[1] "Virginia is 75.8% complete."
[1] "Completed Virginia @ 2025-05-14 10:38:02"
[1] "Virginia is 76.3% complete."
[1] "Completed Virginia @ 2025-05-14 10:38:03"
[1] "Virginia is 76.7% complete."
[1] "Completed Virginia @ 2025-05-14 10:38:03"
[1] "Virginia is 77.2% complete."
[1] "Completed Virginia @ 2025-05-14 10:38:03"
[1] "Virginia is 77.7% complete."
[1] "Completed Virginia @ 2025-05-14 10:38:03"
[1] "Virginia is 78.1% complete."
[1] "Completed Virginia @ 2025-05-14 10:38:03"
[1] "Virginia is 78.6% complete."
[1] "Completed Virginia @ 2025-05-14 10:38:03"
[1] "Virginia is 79.1% complete."
[1] "Completed Virginia @ 2025-05-14 10:38:03"
[1] "Virginia is 79.5% complete."
[1] "Completed Virginia @ 2025-05-14 10:38:03"
[1] "Virginia is 80% complete."
[1] "Completed Virginia @ 2025-05-14 10:38:03"
[1] "Virginia is 80.5% complete."
[1] "Completed Virginia @ 2025-05-14 10:38:04"
[1] "Virginia is 80.9% complete."
[1] "Completed Virginia @ 2025-05-14 10:38:04"
[1] "Virginia is 81.4% complete."
[1] "Completed Virginia @ 2025-05-14 10:38:04"
[1] "Virginia is 81.9% complete."
[1] "Completed Virginia @ 2025-05-14 10:38:04"
[1] "Virginia is 82.3% complete."
[1] "Completed Virginia @ 2025-05-14 10:38:04"
[1] "Virginia is 82.8% complete."
[1] "Completed Virginia @ 2025-05-14 10:38:04"
[1] "Virginia is 83.3% complete."
[1] "Completed Virginia @ 2025-05-14 10:38:05"
[1] "Virginia is 83.7% complete."
[1] "Completed Virginia @ 2025-05-14 10:38:05"
[1] "Virginia is 84.2% complete."
[1] "Completed Virginia @ 2025-05-14 10:38:05"
[1] "Virginia is 84.7% complete."
[1] "Completed Virginia @ 2025-05-14 10:38:05"
[1] "Virginia is 85.1% complete."
[1] "Completed Virginia @ 2025-05-14 10:38:05"
[1] "Virginia is 85.6% complete."
[1] "Completed Virginia @ 2025-05-14 10:38:05"
[1] "Virginia is 86% complete."
[1] "Completed Virginia @ 2025-05-14 10:38:05"
[1] "Virginia is 86.5% complete."
[1] "Completed Virginia @ 2025-05-14 10:38:05"
[1] "Virginia is 87% complete."
[1] "Completed Virginia @ 2025-05-14 10:38:05"
[1] "Virginia is 87.4% complete."
[1] "Completed Virginia @ 2025-05-14 10:38:06"
[1] "Virginia is 87.9% complete."
[1] "Completed Virginia @ 2025-05-14 10:38:06"
[1] "Virginia is 88.4% complete."
[1] "Completed Virginia @ 2025-05-14 10:38:06"
[1] "Virginia is 88.8% complete."
[1] "Completed Virginia @ 2025-05-14 10:38:06"
[1] "Virginia is 89.3% complete."
[1] "Completed Virginia @ 2025-05-14 10:38:07"
[1] "Virginia is 89.8% complete."
[1] "Completed Virginia @ 2025-05-14 10:38:07"
[1] "Virginia is 90.2% complete."
[1] "Completed Virginia @ 2025-05-14 10:38:07"
[1] "Virginia is 90.7% complete."
[1] "Completed Virginia @ 2025-05-14 10:38:08"
[1] "Virginia is 91.2% complete."
[1] "Completed Virginia @ 2025-05-14 10:38:08"
[1] "Virginia is 91.6% complete."
[1] "Completed Virginia @ 2025-05-14 10:38:08"
[1] "Virginia is 92.1% complete."
[1] "Completed Virginia @ 2025-05-14 10:38:08"
[1] "Virginia is 92.6% complete."
[1] "Completed Virginia @ 2025-05-14 10:38:09"
[1] "Virginia is 93% complete."
[1] "Completed Virginia @ 2025-05-14 10:38:09"
[1] "Virginia is 93.5% complete."
[1] "Completed Virginia @ 2025-05-14 10:38:09"
[1] "Virginia is 94% complete."
[1] "Completed Virginia @ 2025-05-14 10:38:10"
[1] "Virginia is 94.4% complete."
[1] "Completed Virginia @ 2025-05-14 10:38:10"
[1] "Virginia is 94.9% complete."
[1] "Completed Virginia @ 2025-05-14 10:38:10"
[1] "Virginia is 95.3% complete."
[1] "Completed Virginia @ 2025-05-14 10:38:12"
[1] "Virginia is 95.8% complete."
[1] "Completed Virginia @ 2025-05-14 10:38:12"
[1] "Virginia is 96.3% complete."
[1] "Completed Virginia @ 2025-05-14 10:38:13"
[1] "Virginia is 96.7% complete."
[1] "Completed Virginia @ 2025-05-14 10:38:14"
[1] "Virginia is 97.2% complete."
[1] "Completed Virginia @ 2025-05-14 10:38:14"
[1] "Virginia is 97.7% complete."
[1] "Completed Virginia @ 2025-05-14 10:38:15"
[1] "Virginia is 98.1% complete."
[1] "Completed Virginia @ 2025-05-14 10:38:15"
[1] "Virginia is 98.6% complete."
[1] "Completed Virginia @ 2025-05-14 10:38:16"
[1] "Virginia is 99.1% complete."
[1] "Completed Virginia @ 2025-05-14 10:38:18"
[1] "Virginia is 99.5% complete."
[1] "Completed Virginia @ 2025-05-14 10:38:19"
[1] "Virginia is 100% complete."
[1] "Completed Virginia @ 2025-05-14 10:38:20"
Deleting layer `Pop' using driver `GPKG'
Writing layer `Pop' to data source 
  `/work/GRDVULN/sewershed/Model/Create_Boundaries/outputs/Pop_Delineated/FP_51.gpkg' using driver `GPKG'
Writing 215 features with 10 fields and geometry type Unknown (any).
[1] "SCRIPT COMPLETE @ 2025-05-14 10:38:32"
