[1] "Starting Washington"
Reading layer `cb_2021_us_state_500k' from data source 
  `/work/GRDVULN/data/cb_2021_us_all_500k.gdb' using driver `OpenFileGDB'
Simple feature collection with 56 features and 9 fields
Geometry type: MULTIPOLYGON
Dimension:     XY
Bounding box:  xmin: -179.1489 ymin: -14.5487 xmax: 179.7785 ymax: 71.36516
Geodetic CRS:  NAD83
[1] "Building 214 systems"
[1] "Washington is 0.5% complete."
[1] "Completed Washington @ 2025-05-14 10:38:00"
[1] "Washington is 0.9% complete."
[1] "Completed Washington @ 2025-05-14 10:38:00"
[1] "Washington is 1.4% complete."
[1] "Completed Washington @ 2025-05-14 10:38:00"
[1] "Washington is 1.9% complete."
[1] "Completed Washington @ 2025-05-14 10:38:00"
[1] "Washington is 2.3% complete."
[1] "Completed Washington @ 2025-05-14 10:38:00"
[1] "Washington is 2.8% complete."
[1] "Completed Washington @ 2025-05-14 10:38:00"
[1] "Washington is 3.3% complete."
[1] "Completed Washington @ 2025-05-14 10:38:00"
[1] "Washington is 3.7% complete."
[1] "Completed Washington @ 2025-05-14 10:38:00"
[1] "Washington is 4.2% complete."
[1] "Completed Washington @ 2025-05-14 10:38:00"
[1] "Washington is 4.7% complete."
[1] "Completed Washington @ 2025-05-14 10:38:00"
[1] "Washington is 5.1% complete."
[1] "Completed Washington @ 2025-05-14 10:38:00"
[1] "Washington is 5.6% complete."
[1] "Completed Washington @ 2025-05-14 10:38:00"
[1] "Washington is 6.1% complete."
[1] "Completed Washington @ 2025-05-14 10:38:00"
[1] "Washington is 6.5% complete."
[1] "Completed Washington @ 2025-05-14 10:38:01"
[1] "Washington is 7% complete."
[1] "Completed Washington @ 2025-05-14 10:38:01"
[1] "Washington is 7.5% complete."
[1] "Completed Washington @ 2025-05-14 10:38:01"
[1] "Washington is 7.9% complete."
[1] "Completed Washington @ 2025-05-14 10:38:01"
[1] "Washington is 8.4% complete."
[1] "Completed Washington @ 2025-05-14 10:38:01"
[1] "Washington is 8.9% complete."
[1] "Completed Washington @ 2025-05-14 10:38:01"
[1] "Washington is 9.3% complete."
[1] "Completed Washington @ 2025-05-14 10:38:01"
[1] "Washington is 9.8% complete."
[1] "Completed Washington @ 2025-05-14 10:38:01"
[1] "Washington is 10.3% complete."
[1] "Completed Washington @ 2025-05-14 10:38:01"
[1] "Washington is 10.7% complete."
[1] "Completed Washington @ 2025-05-14 10:38:01"
[1] "Washington is 11.2% complete."
[1] "Completed Washington @ 2025-05-14 10:38:01"
[1] "Washington is 11.7% complete."
[1] "Completed Washington @ 2025-05-14 10:38:01"
[1] "Washington is 12.1% complete."
[1] "Completed Washington @ 2025-05-14 10:38:02"
[1] "Washington is 12.6% complete."
[1] "Completed Washington @ 2025-05-14 10:38:02"
[1] "Washington is 13.1% complete."
[1] "Completed Washington @ 2025-05-14 10:38:02"
[1] "Washington is 13.6% complete."
[1] "Completed Washington @ 2025-05-14 10:38:02"
[1] "Washington is 14% complete."
[1] "Completed Washington @ 2025-05-14 10:38:02"
[1] "Washington is 14.5% complete."
[1] "Completed Washington @ 2025-05-14 10:38:02"
[1] "Washington is 15% complete."
[1] "Completed Washington @ 2025-05-14 10:38:02"
[1] "Washington is 15.4% complete."
[1] "Completed Washington @ 2025-05-14 10:38:02"
[1] "Washington is 15.9% complete."
[1] "Completed Washington @ 2025-05-14 10:38:02"
[1] "Washington is 16.4% complete."
[1] "Completed Washington @ 2025-05-14 10:38:02"
[1] "Washington is 16.8% complete."
[1] "Completed Washington @ 2025-05-14 10:38:02"
[1] "Washington is 17.3% complete."
[1] "Completed Washington @ 2025-05-14 10:38:02"
[1] "Washington is 17.8% complete."
[1] "Completed Washington @ 2025-05-14 10:38:02"
[1] "Washington is 18.2% complete."
[1] "Completed Washington @ 2025-05-14 10:38:02"
[1] "Washington is 18.7% complete."
[1] "Completed Washington @ 2025-05-14 10:38:02"
[1] "Washington is 19.2% complete."
[1] "Completed Washington @ 2025-05-14 10:38:02"
[1] "Washington is 19.6% complete."
[1] "Completed Washington @ 2025-05-14 10:38:03"
[1] "Washington is 20.1% complete."
[1] "Completed Washington @ 2025-05-14 10:38:03"
[1] "Washington is 20.6% complete."
[1] "Completed Washington @ 2025-05-14 10:38:03"
[1] "Washington is 21% complete."
[1] "Completed Washington @ 2025-05-14 10:38:03"
[1] "Washington is 21.5% complete."
[1] "Completed Washington @ 2025-05-14 10:38:03"
[1] "Washington is 22% complete."
[1] "Completed Washington @ 2025-05-14 10:38:03"
[1] "Washington is 22.4% complete."
[1] "Completed Washington @ 2025-05-14 10:38:03"
[1] "Washington is 22.9% complete."
[1] "Completed Washington @ 2025-05-14 10:38:03"
[1] "Washington is 23.4% complete."
[1] "Completed Washington @ 2025-05-14 10:38:03"
[1] "Washington is 23.8% complete."
[1] "Completed Washington @ 2025-05-14 10:38:03"
[1] "Washington is 24.3% complete."
[1] "Completed Washington @ 2025-05-14 10:38:03"
[1] "Washington is 24.8% complete."
[1] "Completed Washington @ 2025-05-14 10:38:03"
[1] "Washington is 25.2% complete."
[1] "Completed Washington @ 2025-05-14 10:38:03"
[1] "Washington is 25.7% complete."
[1] "Completed Washington @ 2025-05-14 10:38:03"
[1] "Washington is 26.2% complete."
[1] "Completed Washington @ 2025-05-14 10:38:04"
[1] "Washington is 26.6% complete."
[1] "Completed Washington @ 2025-05-14 10:38:04"
[1] "Washington is 27.1% complete."
[1] "Completed Washington @ 2025-05-14 10:38:04"
[1] "Washington is 27.6% complete."
[1] "Completed Washington @ 2025-05-14 10:38:04"
[1] "Washington is 28% complete."
[1] "Completed Washington @ 2025-05-14 10:38:04"
[1] "Washington is 28.5% complete."
[1] "Completed Washington @ 2025-05-14 10:38:04"
[1] "Washington is 29% complete."
[1] "Completed Washington @ 2025-05-14 10:38:04"
[1] "Washington is 29.4% complete."
[1] "Completed Washington @ 2025-05-14 10:38:04"
[1] "Washington is 29.9% complete."
[1] "Completed Washington @ 2025-05-14 10:38:04"
[1] "Washington is 30.4% complete."
[1] "Completed Washington @ 2025-05-14 10:38:04"
[1] "Washington is 30.8% complete."
[1] "Completed Washington @ 2025-05-14 10:38:04"
[1] "Washington is 31.3% complete."
[1] "Completed Washington @ 2025-05-14 10:38:04"
[1] "Washington is 31.8% complete."
[1] "Completed Washington @ 2025-05-14 10:38:05"
[1] "Washington is 32.2% complete."
[1] "Completed Washington @ 2025-05-14 10:38:05"
[1] "Washington is 32.7% complete."
[1] "Completed Washington @ 2025-05-14 10:38:05"
[1] "Washington is 33.2% complete."
[1] "Completed Washington @ 2025-05-14 10:38:05"
[1] "Washington is 33.6% complete."
[1] "Completed Washington @ 2025-05-14 10:38:05"
[1] "Washington is 34.1% complete."
[1] "Completed Washington @ 2025-05-14 10:38:05"
[1] "Washington is 34.6% complete."
[1] "Completed Washington @ 2025-05-14 10:38:05"
[1] "Washington is 35% complete."
[1] "Completed Washington @ 2025-05-14 10:38:05"
[1] "Washington is 35.5% complete."
[1] "Completed Washington @ 2025-05-14 10:38:05"
[1] "Washington is 36% complete."
[1] "Completed Washington @ 2025-05-14 10:38:05"
[1] "Washington is 36.4% complete."
[1] "Completed Washington @ 2025-05-14 10:38:05"
[1] "Washington is 36.9% complete."
[1] "Completed Washington @ 2025-05-14 10:38:05"
[1] "Washington is 37.4% complete."
[1] "Completed Washington @ 2025-05-14 10:38:05"
[1] "Washington is 37.9% complete."
[1] "Completed Washington @ 2025-05-14 10:38:05"
[1] "Washington is 38.3% complete."
[1] "Completed Washington @ 2025-05-14 10:38:05"
[1] "Washington is 38.8% complete."
[1] "Completed Washington @ 2025-05-14 10:38:06"
[1] "Washington is 39.3% complete."
[1] "Completed Washington @ 2025-05-14 10:38:06"
[1] "Washington is 39.7% complete."
[1] "Completed Washington @ 2025-05-14 10:38:06"
[1] "Washington is 40.2% complete."
[1] "Completed Washington @ 2025-05-14 10:38:06"
[1] "Washington is 40.7% complete."
[1] "Completed Washington @ 2025-05-14 10:38:06"
[1] "Washington is 41.1% complete."
[1] "Completed Washington @ 2025-05-14 10:38:06"
[1] "Washington is 41.6% complete."
[1] "Completed Washington @ 2025-05-14 10:38:06"
[1] "Washington is 42.1% complete."
[1] "Completed Washington @ 2025-05-14 10:38:06"
[1] "Washington is 42.5% complete."
[1] "Completed Washington @ 2025-05-14 10:38:06"
[1] "Washington is 43% complete."
[1] "Completed Washington @ 2025-05-14 10:38:06"
[1] "Washington is 43.5% complete."
[1] "Completed Washington @ 2025-05-14 10:38:06"
[1] "Washington is 43.9% complete."
[1] "Completed Washington @ 2025-05-14 10:38:06"
[1] "Washington is 44.4% complete."
[1] "Completed Washington @ 2025-05-14 10:38:06"
[1] "Washington is 44.9% complete."
[1] "Completed Washington @ 2025-05-14 10:38:06"
[1] "Washington is 45.3% complete."
[1] "Completed Washington @ 2025-05-14 10:38:07"
[1] "Washington is 45.8% complete."
[1] "Completed Washington @ 2025-05-14 10:38:07"
[1] "Washington is 46.3% complete."
[1] "Completed Washington @ 2025-05-14 10:38:07"
[1] "Washington is 46.7% complete."
[1] "Completed Washington @ 2025-05-14 10:38:07"
[1] "Washington is 47.2% complete."
[1] "Completed Washington @ 2025-05-14 10:38:07"
[1] "Washington is 47.7% complete."
[1] "Completed Washington @ 2025-05-14 10:38:07"
[1] "Washington is 48.1% complete."
[1] "Completed Washington @ 2025-05-14 10:38:07"
[1] "Washington is 48.6% complete."
[1] "Completed Washington @ 2025-05-14 10:38:07"
[1] "Washington is 49.1% complete."
[1] "Completed Washington @ 2025-05-14 10:38:07"
[1] "Washington is 49.5% complete."
[1] "Completed Washington @ 2025-05-14 10:38:08"
[1] "Washington is 50% complete."
[1] "Completed Washington @ 2025-05-14 10:38:08"
[1] "Washington is 50.5% complete."
[1] "Completed Washington @ 2025-05-14 10:38:08"
[1] "Washington is 50.9% complete."
[1] "Completed Washington @ 2025-05-14 10:38:08"
[1] "Washington is 51.4% complete."
[1] "Completed Washington @ 2025-05-14 10:38:08"
[1] "Washington is 51.9% complete."
[1] "Completed Washington @ 2025-05-14 10:38:08"
[1] "Washington is 52.3% complete."
[1] "Completed Washington @ 2025-05-14 10:38:08"
[1] "Washington is 52.8% complete."
[1] "Completed Washington @ 2025-05-14 10:38:08"
[1] "Washington is 53.3% complete."
[1] "Completed Washington @ 2025-05-14 10:38:08"
[1] "Washington is 53.7% complete."
[1] "Completed Washington @ 2025-05-14 10:38:08"
[1] "Washington is 54.2% complete."
[1] "Completed Washington @ 2025-05-14 10:38:08"
[1] "Washington is 54.7% complete."
[1] "Completed Washington @ 2025-05-14 10:38:08"
[1] "Washington is 55.1% complete."
[1] "Completed Washington @ 2025-05-14 10:38:08"
[1] "Washington is 55.6% complete."
[1] "Completed Washington @ 2025-05-14 10:38:08"
[1] "Washington is 56.1% complete."
[1] "Completed Washington @ 2025-05-14 10:38:09"
[1] "Washington is 56.5% complete."
[1] "Completed Washington @ 2025-05-14 10:38:09"
[1] "Washington is 57% complete."
[1] "Completed Washington @ 2025-05-14 10:38:09"
[1] "Washington is 57.5% complete."
[1] "Completed Washington @ 2025-05-14 10:38:09"
[1] "Washington is 57.9% complete."
[1] "Completed Washington @ 2025-05-14 10:38:09"
[1] "Washington is 58.4% complete."
[1] "Completed Washington @ 2025-05-14 10:38:09"
[1] "Washington is 58.9% complete."
[1] "Completed Washington @ 2025-05-14 10:38:09"
[1] "Washington is 59.3% complete."
[1] "Completed Washington @ 2025-05-14 10:38:09"
[1] "Washington is 59.8% complete."
[1] "Completed Washington @ 2025-05-14 10:38:09"
[1] "Washington is 60.3% complete."
[1] "Completed Washington @ 2025-05-14 10:38:10"
[1] "Washington is 60.7% complete."
[1] "Completed Washington @ 2025-05-14 10:38:10"
[1] "Washington is 61.2% complete."
[1] "Completed Washington @ 2025-05-14 10:38:10"
[1] "Washington is 61.7% complete."
[1] "Completed Washington @ 2025-05-14 10:38:10"
[1] "Washington is 62.1% complete."
[1] "Completed Washington @ 2025-05-14 10:38:10"
[1] "Washington is 62.6% complete."
[1] "Completed Washington @ 2025-05-14 10:38:10"
[1] "Washington is 63.1% complete."
[1] "Completed Washington @ 2025-05-14 10:38:11"
[1] "Washington is 63.6% complete."
[1] "Completed Washington @ 2025-05-14 10:38:11"
[1] "Washington is 64% complete."
[1] "Completed Washington @ 2025-05-14 10:38:11"
[1] "Washington is 64.5% complete."
[1] "Completed Washington @ 2025-05-14 10:38:11"
[1] "Washington is 65% complete."
[1] "Completed Washington @ 2025-05-14 10:38:11"
[1] "Washington is 65.4% complete."
[1] "Completed Washington @ 2025-05-14 10:38:11"
[1] "Washington is 65.9% complete."
[1] "Completed Washington @ 2025-05-14 10:38:11"
[1] "Washington is 66.4% complete."
[1] "Completed Washington @ 2025-05-14 10:38:11"
[1] "Washington is 66.8% complete."
[1] "Completed Washington @ 2025-05-14 10:38:11"
[1] "Washington is 67.3% complete."
[1] "Completed Washington @ 2025-05-14 10:38:11"
[1] "Washington is 67.8% complete."
[1] "Completed Washington @ 2025-05-14 10:38:11"
[1] "Washington is 68.2% complete."
[1] "Completed Washington @ 2025-05-14 10:38:11"
[1] "Washington is 68.7% complete."
[1] "Completed Washington @ 2025-05-14 10:38:11"
[1] "Washington is 69.2% complete."
[1] "Completed Washington @ 2025-05-14 10:38:11"
[1] "Washington is 69.6% complete."
[1] "Completed Washington @ 2025-05-14 10:38:12"
[1] "Washington is 70.1% complete."
[1] "Completed Washington @ 2025-05-14 10:38:12"
[1] "Washington is 70.6% complete."
[1] "Completed Washington @ 2025-05-14 10:38:12"
[1] "Washington is 71% complete."
[1] "Completed Washington @ 2025-05-14 10:38:12"
[1] "Washington is 71.5% complete."
[1] "Completed Washington @ 2025-05-14 10:38:12"
[1] "Washington is 72% complete."
[1] "Completed Washington @ 2025-05-14 10:38:12"
[1] "Washington is 72.4% complete."
[1] "Completed Washington @ 2025-05-14 10:38:12"
[1] "Washington is 72.9% complete."
[1] "Completed Washington @ 2025-05-14 10:38:12"
[1] "Washington is 73.4% complete."
[1] "Completed Washington @ 2025-05-14 10:38:12"
[1] "Washington is 73.8% complete."
[1] "Completed Washington @ 2025-05-14 10:38:13"
[1] "Washington is 74.3% complete."
[1] "Completed Washington @ 2025-05-14 10:38:13"
[1] "Washington is 74.8% complete."
[1] "Completed Washington @ 2025-05-14 10:38:13"
[1] "Washington is 75.2% complete."
[1] "Completed Washington @ 2025-05-14 10:38:13"
[1] "Washington is 75.7% complete."
[1] "Completed Washington @ 2025-05-14 10:38:13"
[1] "Washington is 76.2% complete."
[1] "Completed Washington @ 2025-05-14 10:38:13"
[1] "Washington is 76.6% complete."
[1] "Completed Washington @ 2025-05-14 10:38:13"
[1] "Washington is 77.1% complete."
[1] "Completed Washington @ 2025-05-14 10:38:13"
[1] "Washington is 77.6% complete."
[1] "Completed Washington @ 2025-05-14 10:38:14"
[1] "Washington is 78% complete."
[1] "Completed Washington @ 2025-05-14 10:38:14"
[1] "Washington is 78.5% complete."
[1] "Completed Washington @ 2025-05-14 10:38:14"
[1] "Washington is 79% complete."
[1] "Completed Washington @ 2025-05-14 10:38:14"
[1] "Washington is 79.4% complete."
[1] "Completed Washington @ 2025-05-14 10:38:14"
[1] "Washington is 79.9% complete."
[1] "Completed Washington @ 2025-05-14 10:38:14"
[1] "Washington is 80.4% complete."
[1] "Completed Washington @ 2025-05-14 10:38:14"
[1] "Washington is 80.8% complete."
[1] "Completed Washington @ 2025-05-14 10:38:14"
[1] "Washington is 81.3% complete."
[1] "Completed Washington @ 2025-05-14 10:38:14"
[1] "Washington is 81.8% complete."
[1] "Completed Washington @ 2025-05-14 10:38:15"
[1] "Washington is 82.2% complete."
[1] "Completed Washington @ 2025-05-14 10:38:15"
[1] "Washington is 82.7% complete."
[1] "Completed Washington @ 2025-05-14 10:38:15"
[1] "Washington is 83.2% complete."
[1] "Completed Washington @ 2025-05-14 10:38:15"
[1] "Washington is 83.6% complete."
[1] "Completed Washington @ 2025-05-14 10:38:15"
[1] "Washington is 84.1% complete."
[1] "Completed Washington @ 2025-05-14 10:38:15"
[1] "Washington is 84.6% complete."
[1] "Completed Washington @ 2025-05-14 10:38:15"
[1] "Washington is 85% complete."
[1] "Completed Washington @ 2025-05-14 10:38:16"
[1] "Washington is 85.5% complete."
[1] "Completed Washington @ 2025-05-14 10:38:16"
[1] "Washington is 86% complete."
[1] "Completed Washington @ 2025-05-14 10:38:16"
[1] "Washington is 86.4% complete."
[1] "Completed Washington @ 2025-05-14 10:38:16"
[1] "Washington is 86.9% complete."
[1] "Completed Washington @ 2025-05-14 10:38:16"
[1] "Washington is 87.4% complete."
[1] "Completed Washington @ 2025-05-14 10:38:16"
[1] "Washington is 87.9% complete."
[1] "Completed Washington @ 2025-05-14 10:38:16"
[1] "Washington is 88.3% complete."
[1] "Completed Washington @ 2025-05-14 10:38:16"
[1] "Washington is 88.8% complete."
[1] "Completed Washington @ 2025-05-14 10:38:16"
[1] "Washington is 89.3% complete."
[1] "Completed Washington @ 2025-05-14 10:38:17"
[1] "Washington is 89.7% complete."
[1] "Completed Washington @ 2025-05-14 10:38:17"
[1] "Washington is 90.2% complete."
[1] "Completed Washington @ 2025-05-14 10:38:17"
[1] "Washington is 90.7% complete."
[1] "Completed Washington @ 2025-05-14 10:38:17"
[1] "Washington is 91.1% complete."
[1] "Completed Washington @ 2025-05-14 10:38:17"
[1] "Washington is 91.6% complete."
[1] "Completed Washington @ 2025-05-14 10:38:17"
[1] "Washington is 92.1% complete."
[1] "Completed Washington @ 2025-05-14 10:38:17"
[1] "Washington is 92.5% complete."
[1] "Completed Washington @ 2025-05-14 10:38:18"
[1] "Washington is 93% complete."
[1] "Completed Washington @ 2025-05-14 10:38:18"
[1] "Washington is 93.5% complete."
[1] "Completed Washington @ 2025-05-14 10:38:18"
[1] "Washington is 93.9% complete."
[1] "Completed Washington @ 2025-05-14 10:38:18"
[1] "Washington is 94.4% complete."
[1] "Completed Washington @ 2025-05-14 10:38:18"
[1] "Washington is 94.9% complete."
[1] "Completed Washington @ 2025-05-14 10:38:18"
[1] "Washington is 95.3% complete."
[1] "Completed Washington @ 2025-05-14 10:38:18"
[1] "Washington is 95.8% complete."
[1] "Completed Washington @ 2025-05-14 10:38:19"
[1] "Washington is 96.3% complete."
[1] "Completed Washington @ 2025-05-14 10:38:19"
[1] "Washington is 96.7% complete."
[1] "Completed Washington @ 2025-05-14 10:38:19"
[1] "Washington is 97.2% complete."
[1] "Completed Washington @ 2025-05-14 10:38:19"
[1] "Washington is 97.7% complete."
[1] "Completed Washington @ 2025-05-14 10:38:19"
[1] "Washington is 98.1% complete."
[1] "Completed Washington @ 2025-05-14 10:38:19"
[1] "Washington is 98.6% complete."
[1] "Completed Washington @ 2025-05-14 10:38:19"
[1] "Washington is 99.1% complete."
[1] "Completed Washington @ 2025-05-14 10:38:20"
[1] "Washington is 99.5% complete."
[1] "Completed Washington @ 2025-05-14 10:38:21"
[1] "Washington is 100% complete."
[1] "Completed Washington @ 2025-05-14 10:38:21"
Deleting layer `Pop' using driver `GPKG'
Writing layer `Pop' to data source 
  `/work/GRDVULN/sewershed/Model/Create_Boundaries/outputs/Pop_Delineated/FP_53.gpkg' using driver `GPKG'
Writing 213 features with 10 fields and geometry type Unknown (any).
[1] "SCRIPT COMPLETE @ 2025-05-14 10:38:27"
