[1] "Starting West Virginia"
Reading layer `cb_2021_us_state_500k' from data source 
  `/work/GRDVULN/data/cb_2021_us_all_500k.gdb' using driver `OpenFileGDB'
Simple feature collection with 56 features and 9 fields
Geometry type: MULTIPOLYGON
Dimension:     XY
Bounding box:  xmin: -179.1489 ymin: -14.5487 xmax: 179.7785 ymax: 71.36516
Geodetic CRS:  NAD83
[1] "Building 110 systems"
[1] "West Virginia is 0.9% complete."
[1] "Completed West Virginia @ 2025-05-14 10:38:10"
[1] "West Virginia is 1.8% complete."
[1] "Completed West Virginia @ 2025-05-14 10:38:10"
[1] "West Virginia is 2.7% complete."
[1] "Completed West Virginia @ 2025-05-14 10:38:10"
[1] "West Virginia is 3.6% complete."
[1] "Completed West Virginia @ 2025-05-14 10:38:10"
[1] "West Virginia is 4.5% complete."
[1] "Completed West Virginia @ 2025-05-14 10:38:10"
[1] "West Virginia is 5.5% complete."
[1] "Completed West Virginia @ 2025-05-14 10:38:10"
[1] "West Virginia is 6.4% complete."
[1] "Completed West Virginia @ 2025-05-14 10:38:10"
[1] "West Virginia is 7.3% complete."
[1] "Completed West Virginia @ 2025-05-14 10:38:10"
[1] "West Virginia is 8.2% complete."
[1] "Completed West Virginia @ 2025-05-14 10:38:11"
[1] "West Virginia is 9.1% complete."
[1] "Completed West Virginia @ 2025-05-14 10:38:11"
[1] "West Virginia is 10% complete."
[1] "Completed West Virginia @ 2025-05-14 10:38:11"
[1] "West Virginia is 10.9% complete."
[1] "Completed West Virginia @ 2025-05-14 10:38:11"
[1] "West Virginia is 11.8% complete."
[1] "Completed West Virginia @ 2025-05-14 10:38:11"
[1] "West Virginia is 12.7% complete."
[1] "Completed West Virginia @ 2025-05-14 10:38:11"
[1] "West Virginia is 13.6% complete."
[1] "Completed West Virginia @ 2025-05-14 10:38:11"
[1] "West Virginia is 14.5% complete."
[1] "Completed West Virginia @ 2025-05-14 10:38:11"
[1] "West Virginia is 15.5% complete."
[1] "Completed West Virginia @ 2025-05-14 10:38:11"
[1] "West Virginia is 16.4% complete."
[1] "Completed West Virginia @ 2025-05-14 10:38:11"
[1] "West Virginia is 17.3% complete."
[1] "Completed West Virginia @ 2025-05-14 10:38:11"
[1] "West Virginia is 18.2% complete."
[1] "Completed West Virginia @ 2025-05-14 10:38:11"
[1] "West Virginia is 19.1% complete."
[1] "Completed West Virginia @ 2025-05-14 10:38:11"
[1] "West Virginia is 20% complete."
[1] "Completed West Virginia @ 2025-05-14 10:38:11"
[1] "West Virginia is 20.9% complete."
[1] "Completed West Virginia @ 2025-05-14 10:38:11"
[1] "West Virginia is 21.8% complete."
[1] "Completed West Virginia @ 2025-05-14 10:38:11"
[1] "West Virginia is 22.7% complete."
[1] "Completed West Virginia @ 2025-05-14 10:38:12"
[1] "West Virginia is 23.6% complete."
[1] "Completed West Virginia @ 2025-05-14 10:38:12"
[1] "West Virginia is 24.5% complete."
[1] "Completed West Virginia @ 2025-05-14 10:38:12"
[1] "West Virginia is 25.5% complete."
[1] "Completed West Virginia @ 2025-05-14 10:38:12"
[1] "West Virginia is 26.4% complete."
[1] "Completed West Virginia @ 2025-05-14 10:38:12"
[1] "West Virginia is 27.3% complete."
[1] "Completed West Virginia @ 2025-05-14 10:38:12"
[1] "West Virginia is 28.2% complete."
[1] "Completed West Virginia @ 2025-05-14 10:38:12"
[1] "West Virginia is 29.1% complete."
[1] "Completed West Virginia @ 2025-05-14 10:38:12"
[1] "West Virginia is 30% complete."
[1] "Completed West Virginia @ 2025-05-14 10:38:12"
[1] "West Virginia is 30.9% complete."
[1] "Completed West Virginia @ 2025-05-14 10:38:12"
[1] "West Virginia is 31.8% complete."
[1] "Completed West Virginia @ 2025-05-14 10:38:12"
[1] "West Virginia is 32.7% complete."
[1] "Completed West Virginia @ 2025-05-14 10:38:12"
[1] "West Virginia is 33.6% complete."
[1] "Completed West Virginia @ 2025-05-14 10:38:12"
[1] "West Virginia is 34.5% complete."
[1] "Completed West Virginia @ 2025-05-14 10:38:12"
[1] "West Virginia is 35.5% complete."
[1] "Completed West Virginia @ 2025-05-14 10:38:13"
[1] "West Virginia is 36.4% complete."
[1] "Completed West Virginia @ 2025-05-14 10:38:13"
[1] "West Virginia is 37.3% complete."
[1] "Completed West Virginia @ 2025-05-14 10:38:13"
[1] "West Virginia is 38.2% complete."
[1] "Completed West Virginia @ 2025-05-14 10:38:13"
[1] "West Virginia is 39.1% complete."
[1] "Completed West Virginia @ 2025-05-14 10:38:13"
[1] "West Virginia is 40% complete."
[1] "Completed West Virginia @ 2025-05-14 10:38:13"
[1] "West Virginia is 40.9% complete."
[1] "Completed West Virginia @ 2025-05-14 10:38:13"
[1] "West Virginia is 41.8% complete."
[1] "Completed West Virginia @ 2025-05-14 10:38:13"
[1] "West Virginia is 42.7% complete."
[1] "Completed West Virginia @ 2025-05-14 10:38:13"
[1] "West Virginia is 43.6% complete."
[1] "Completed West Virginia @ 2025-05-14 10:38:13"
[1] "West Virginia is 44.5% complete."
[1] "Completed West Virginia @ 2025-05-14 10:38:13"
[1] "West Virginia is 45.5% complete."
[1] "Completed West Virginia @ 2025-05-14 10:38:13"
[1] "West Virginia is 46.4% complete."
[1] "Completed West Virginia @ 2025-05-14 10:38:14"
[1] "West Virginia is 47.3% complete."
[1] "Completed West Virginia @ 2025-05-14 10:38:14"
[1] "West Virginia is 48.2% complete."
[1] "Completed West Virginia @ 2025-05-14 10:38:14"
[1] "West Virginia is 49.1% complete."
[1] "Completed West Virginia @ 2025-05-14 10:38:14"
[1] "West Virginia is 50% complete."
[1] "Completed West Virginia @ 2025-05-14 10:38:14"
[1] "West Virginia is 50.9% complete."
[1] "Completed West Virginia @ 2025-05-14 10:38:14"
[1] "West Virginia is 51.8% complete."
[1] "Completed West Virginia @ 2025-05-14 10:38:14"
[1] "West Virginia is 52.7% complete."
[1] "Completed West Virginia @ 2025-05-14 10:38:14"
[1] "West Virginia is 53.6% complete."
[1] "Completed West Virginia @ 2025-05-14 10:38:14"
[1] "West Virginia is 54.5% complete."
[1] "Completed West Virginia @ 2025-05-14 10:38:14"
[1] "West Virginia is 55.5% complete."
[1] "Completed West Virginia @ 2025-05-14 10:38:14"
[1] "West Virginia is 56.4% complete."
[1] "Completed West Virginia @ 2025-05-14 10:38:14"
[1] "West Virginia is 57.3% complete."
[1] "Completed West Virginia @ 2025-05-14 10:38:14"
[1] "West Virginia is 58.2% complete."
[1] "Completed West Virginia @ 2025-05-14 10:38:15"
[1] "West Virginia is 59.1% complete."
[1] "Completed West Virginia @ 2025-05-14 10:38:15"
[1] "West Virginia is 60% complete."
[1] "Completed West Virginia @ 2025-05-14 10:38:15"
[1] "West Virginia is 60.9% complete."
[1] "Completed West Virginia @ 2025-05-14 10:38:15"
[1] "West Virginia is 61.8% complete."
[1] "Completed West Virginia @ 2025-05-14 10:38:15"
[1] "West Virginia is 62.7% complete."
[1] "Completed West Virginia @ 2025-05-14 10:38:15"
[1] "West Virginia is 63.6% complete."
[1] "Completed West Virginia @ 2025-05-14 10:38:15"
[1] "West Virginia is 64.5% complete."
[1] "Completed West Virginia @ 2025-05-14 10:38:15"
[1] "West Virginia is 65.5% complete."
[1] "Completed West Virginia @ 2025-05-14 10:38:15"
[1] "West Virginia is 66.4% complete."
[1] "Completed West Virginia @ 2025-05-14 10:38:15"
[1] "West Virginia is 67.3% complete."
[1] "Completed West Virginia @ 2025-05-14 10:38:15"
[1] "West Virginia is 68.2% complete."
[1] "Completed West Virginia @ 2025-05-14 10:38:15"
[1] "West Virginia is 69.1% complete."
[1] "Completed West Virginia @ 2025-05-14 10:38:15"
[1] "West Virginia is 70% complete."
[1] "Completed West Virginia @ 2025-05-14 10:38:15"
[1] "West Virginia is 70.9% complete."
[1] "Completed West Virginia @ 2025-05-14 10:38:15"
[1] "West Virginia is 71.8% complete."
[1] "Completed West Virginia @ 2025-05-14 10:38:15"
[1] "West Virginia is 72.7% complete."
[1] "Completed West Virginia @ 2025-05-14 10:38:16"
[1] "West Virginia is 73.6% complete."
[1] "Completed West Virginia @ 2025-05-14 10:38:16"
[1] "West Virginia is 74.5% complete."
[1] "Completed West Virginia @ 2025-05-14 10:38:16"
[1] "West Virginia is 75.5% complete."
[1] "Completed West Virginia @ 2025-05-14 10:38:16"
[1] "West Virginia is 76.4% complete."
[1] "Completed West Virginia @ 2025-05-14 10:38:16"
[1] "West Virginia is 77.3% complete."
[1] "Completed West Virginia @ 2025-05-14 10:38:16"
[1] "West Virginia is 78.2% complete."
[1] "Completed West Virginia @ 2025-05-14 10:38:16"
[1] "West Virginia is 79.1% complete."
[1] "Completed West Virginia @ 2025-05-14 10:38:16"
[1] "West Virginia is 80% complete."
[1] "Completed West Virginia @ 2025-05-14 10:38:16"
[1] "West Virginia is 80.9% complete."
[1] "Completed West Virginia @ 2025-05-14 10:38:16"
[1] "West Virginia is 81.8% complete."
[1] "Completed West Virginia @ 2025-05-14 10:38:16"
[1] "West Virginia is 82.7% complete."
[1] "Completed West Virginia @ 2025-05-14 10:38:16"
[1] "West Virginia is 83.6% complete."
[1] "Completed West Virginia @ 2025-05-14 10:38:17"
[1] "West Virginia is 84.5% complete."
[1] "Completed West Virginia @ 2025-05-14 10:38:17"
[1] "West Virginia is 85.5% complete."
[1] "Completed West Virginia @ 2025-05-14 10:38:17"
[1] "West Virginia is 86.4% complete."
[1] "Completed West Virginia @ 2025-05-14 10:38:17"
[1] "West Virginia is 87.3% complete."
[1] "Completed West Virginia @ 2025-05-14 10:38:17"
[1] "West Virginia is 88.2% complete."
[1] "Completed West Virginia @ 2025-05-14 10:38:17"
[1] "West Virginia is 89.1% complete."
[1] "Completed West Virginia @ 2025-05-14 10:38:17"
[1] "West Virginia is 90% complete."
[1] "Completed West Virginia @ 2025-05-14 10:38:17"
[1] "West Virginia is 90.9% complete."
[1] "Completed West Virginia @ 2025-05-14 10:38:17"
[1] "West Virginia is 91.8% complete."
[1] "Completed West Virginia @ 2025-05-14 10:38:18"
[1] "West Virginia is 92.7% complete."
[1] "Completed West Virginia @ 2025-05-14 10:38:18"
[1] "West Virginia is 93.6% complete."
[1] "Completed West Virginia @ 2025-05-14 10:38:18"
[1] "West Virginia is 94.5% complete."
[1] "Completed West Virginia @ 2025-05-14 10:38:18"
[1] "West Virginia is 95.5% complete."
[1] "Completed West Virginia @ 2025-05-14 10:38:18"
[1] "West Virginia is 96.4% complete."
[1] "Completed West Virginia @ 2025-05-14 10:38:18"
[1] "West Virginia is 97.3% complete."
[1] "Completed West Virginia @ 2025-05-14 10:38:18"
[1] "West Virginia is 98.2% complete."
[1] "Completed West Virginia @ 2025-05-14 10:38:19"
[1] "West Virginia is 99.1% complete."
[1] "Completed West Virginia @ 2025-05-14 10:38:19"
[1] "West Virginia is 100% complete."
[1] "Completed West Virginia @ 2025-05-14 10:38:19"
Deleting layer `Pop' using driver `GPKG'
Writing layer `Pop' to data source 
  `/work/GRDVULN/sewershed/Model/Create_Boundaries/outputs/Pop_Delineated/FP_54.gpkg' using driver `GPKG'
Writing 105 features with 10 fields and geometry type Unknown (any).
[1] "SCRIPT COMPLETE @ 2025-05-14 10:38:22"
