[1] "Starting Wisconsin"
Reading layer `cb_2021_us_state_500k' from data source 
  `/work/GRDVULN/data/cb_2021_us_all_500k.gdb' using driver `OpenFileGDB'
Simple feature collection with 56 features and 9 fields
Geometry type: MULTIPOLYGON
Dimension:     XY
Bounding box:  xmin: -179.1489 ymin: -14.5487 xmax: 179.7785 ymax: 71.36516
Geodetic CRS:  NAD83
[1] "Building 518 systems"
[1] "Wisconsin is 0.2% complete."
[1] "Completed Wisconsin @ 2025-05-14 10:38:50"
[1] "Wisconsin is 0.4% complete."
[1] "Completed Wisconsin @ 2025-05-14 10:38:50"
[1] "Wisconsin is 0.6% complete."
[1] "Completed Wisconsin @ 2025-05-14 10:38:51"
[1] "Wisconsin is 0.8% complete."
[1] "Completed Wisconsin @ 2025-05-14 10:38:51"
[1] "Wisconsin is 1% complete."
[1] "Completed Wisconsin @ 2025-05-14 10:38:51"
[1] "Wisconsin is 1.2% complete."
[1] "Completed Wisconsin @ 2025-05-14 10:38:51"
[1] "Wisconsin is 1.4% complete."
[1] "Completed Wisconsin @ 2025-05-14 10:38:51"
[1] "Wisconsin is 1.5% complete."
[1] "Completed Wisconsin @ 2025-05-14 10:38:51"
[1] "Wisconsin is 1.7% complete."
[1] "Completed Wisconsin @ 2025-05-14 10:38:51"
[1] "Wisconsin is 1.9% complete."
[1] "Completed Wisconsin @ 2025-05-14 10:38:51"
[1] "Wisconsin is 2.1% complete."
[1] "Completed Wisconsin @ 2025-05-14 10:38:51"
[1] "Wisconsin is 2.3% complete."
[1] "Completed Wisconsin @ 2025-05-14 10:38:51"
[1] "Wisconsin is 2.5% complete."
[1] "Completed Wisconsin @ 2025-05-14 10:38:51"
[1] "Wisconsin is 2.7% complete."
[1] "Completed Wisconsin @ 2025-05-14 10:38:51"
[1] "Wisconsin is 2.9% complete."
[1] "Completed Wisconsin @ 2025-05-14 10:38:51"
[1] "Wisconsin is 3.1% complete."
[1] "Completed Wisconsin @ 2025-05-14 10:38:51"
[1] "Wisconsin is 3.3% complete."
[1] "Completed Wisconsin @ 2025-05-14 10:38:51"
[1] "Wisconsin is 3.5% complete."
[1] "Completed Wisconsin @ 2025-05-14 10:38:51"
[1] "Wisconsin is 3.7% complete."
[1] "Completed Wisconsin @ 2025-05-14 10:38:51"
[1] "Wisconsin is 3.9% complete."
[1] "Completed Wisconsin @ 2025-05-14 10:38:51"
[1] "Wisconsin is 4.1% complete."
[1] "Completed Wisconsin @ 2025-05-14 10:38:52"
[1] "Wisconsin is 4.2% complete."
[1] "Completed Wisconsin @ 2025-05-14 10:38:52"
[1] "Wisconsin is 4.4% complete."
[1] "Completed Wisconsin @ 2025-05-14 10:38:52"
[1] "Wisconsin is 4.6% complete."
[1] "Completed Wisconsin @ 2025-05-14 10:38:52"
[1] "Wisconsin is 4.8% complete."
[1] "Completed Wisconsin @ 2025-05-14 10:38:52"
[1] "Wisconsin is 5% complete."
[1] "Completed Wisconsin @ 2025-05-14 10:38:52"
[1] "Wisconsin is 5.2% complete."
[1] "Completed Wisconsin @ 2025-05-14 10:38:52"
[1] "Wisconsin is 5.4% complete."
[1] "Completed Wisconsin @ 2025-05-14 10:38:52"
[1] "Wisconsin is 5.6% complete."
[1] "Completed Wisconsin @ 2025-05-14 10:38:52"
[1] "Wisconsin is 5.8% complete."
[1] "Completed Wisconsin @ 2025-05-14 10:38:52"
[1] "Wisconsin is 6% complete."
[1] "Completed Wisconsin @ 2025-05-14 10:38:52"
[1] "Wisconsin is 6.2% complete."
[1] "Completed Wisconsin @ 2025-05-14 10:38:52"
[1] "Wisconsin is 6.4% complete."
[1] "Completed Wisconsin @ 2025-05-14 10:38:52"
[1] "Wisconsin is 6.6% complete."
[1] "Completed Wisconsin @ 2025-05-14 10:38:52"
[1] "Wisconsin is 6.8% complete."
[1] "Completed Wisconsin @ 2025-05-14 10:38:52"
[1] "Wisconsin is 6.9% complete."
[1] "Completed Wisconsin @ 2025-05-14 10:38:52"
[1] "Wisconsin is 7.1% complete."
[1] "Completed Wisconsin @ 2025-05-14 10:38:52"
[1] "Wisconsin is 7.3% complete."
[1] "Completed Wisconsin @ 2025-05-14 10:38:52"
[1] "Wisconsin is 7.5% complete."
[1] "Completed Wisconsin @ 2025-05-14 10:38:53"
[1] "Wisconsin is 7.7% complete."
[1] "Completed Wisconsin @ 2025-05-14 10:38:53"
[1] "Wisconsin is 7.9% complete."
[1] "Completed Wisconsin @ 2025-05-14 10:38:53"
[1] "Wisconsin is 8.1% complete."
[1] "Completed Wisconsin @ 2025-05-14 10:38:53"
[1] "Wisconsin is 8.3% complete."
[1] "Completed Wisconsin @ 2025-05-14 10:38:53"
[1] "Wisconsin is 8.5% complete."
[1] "Completed Wisconsin @ 2025-05-14 10:38:53"
[1] "Wisconsin is 8.7% complete."
[1] "Completed Wisconsin @ 2025-05-14 10:38:53"
[1] "Wisconsin is 8.9% complete."
[1] "Completed Wisconsin @ 2025-05-14 10:38:53"
[1] "Wisconsin is 9.1% complete."
[1] "Completed Wisconsin @ 2025-05-14 10:38:53"
[1] "Wisconsin is 9.3% complete."
[1] "Completed Wisconsin @ 2025-05-14 10:38:53"
[1] "Wisconsin is 9.5% complete."
[1] "Completed Wisconsin @ 2025-05-14 10:38:53"
[1] "Wisconsin is 9.7% complete."
[1] "Completed Wisconsin @ 2025-05-14 10:38:54"
[1] "Wisconsin is 9.8% complete."
[1] "Completed Wisconsin @ 2025-05-14 10:38:54"
[1] "Wisconsin is 10% complete."
[1] "Completed Wisconsin @ 2025-05-14 10:38:54"
[1] "Wisconsin is 10.2% complete."
[1] "Completed Wisconsin @ 2025-05-14 10:38:54"
[1] "Wisconsin is 10.4% complete."
[1] "Completed Wisconsin @ 2025-05-14 10:38:54"
[1] "Wisconsin is 10.6% complete."
[1] "Completed Wisconsin @ 2025-05-14 10:38:54"
[1] "Wisconsin is 10.8% complete."
[1] "Completed Wisconsin @ 2025-05-14 10:38:54"
[1] "Wisconsin is 11% complete."
[1] "Completed Wisconsin @ 2025-05-14 10:38:54"
[1] "Wisconsin is 11.2% complete."
[1] "Completed Wisconsin @ 2025-05-14 10:38:54"
[1] "Wisconsin is 11.4% complete."
[1] "Completed Wisconsin @ 2025-05-14 10:38:54"
[1] "Wisconsin is 11.6% complete."
[1] "Completed Wisconsin @ 2025-05-14 10:38:54"
[1] "Wisconsin is 11.8% complete."
[1] "Completed Wisconsin @ 2025-05-14 10:38:54"
[1] "Wisconsin is 12% complete."
[1] "Completed Wisconsin @ 2025-05-14 10:38:54"
[1] "Wisconsin is 12.2% complete."
[1] "Completed Wisconsin @ 2025-05-14 10:38:54"
[1] "Wisconsin is 12.4% complete."
[1] "Completed Wisconsin @ 2025-05-14 10:38:55"
[1] "Wisconsin is 12.5% complete."
[1] "Completed Wisconsin @ 2025-05-14 10:38:55"
[1] "Wisconsin is 12.7% complete."
[1] "Completed Wisconsin @ 2025-05-14 10:38:55"
[1] "Wisconsin is 12.9% complete."
[1] "Completed Wisconsin @ 2025-05-14 10:38:55"
[1] "Wisconsin is 13.1% complete."
[1] "Completed Wisconsin @ 2025-05-14 10:38:55"
[1] "Wisconsin is 13.3% complete."
[1] "Completed Wisconsin @ 2025-05-14 10:38:55"
[1] "Wisconsin is 13.5% complete."
[1] "Completed Wisconsin @ 2025-05-14 10:38:55"
[1] "Wisconsin is 13.7% complete."
[1] "Completed Wisconsin @ 2025-05-14 10:38:55"
[1] "Wisconsin is 13.9% complete."
[1] "Completed Wisconsin @ 2025-05-14 10:38:55"
[1] "Wisconsin is 14.1% complete."
[1] "Completed Wisconsin @ 2025-05-14 10:38:55"
[1] "Wisconsin is 14.3% complete."
[1] "Completed Wisconsin @ 2025-05-14 10:38:55"
[1] "Wisconsin is 14.5% complete."
[1] "Completed Wisconsin @ 2025-05-14 10:38:55"
[1] "Wisconsin is 14.7% complete."
[1] "Completed Wisconsin @ 2025-05-14 10:38:55"
[1] "Wisconsin is 14.9% complete."
[1] "Completed Wisconsin @ 2025-05-14 10:38:55"
[1] "Wisconsin is 15.1% complete."
[1] "Completed Wisconsin @ 2025-05-14 10:38:55"
[1] "Wisconsin is 15.3% complete."
[1] "Completed Wisconsin @ 2025-05-14 10:38:55"
[1] "Wisconsin is 15.4% complete."
[1] "Completed Wisconsin @ 2025-05-14 10:38:55"
[1] "Wisconsin is 15.6% complete."
[1] "Completed Wisconsin @ 2025-05-14 10:38:55"
[1] "Wisconsin is 15.8% complete."
[1] "Completed Wisconsin @ 2025-05-14 10:38:55"
[1] "Wisconsin is 16% complete."
[1] "Completed Wisconsin @ 2025-05-14 10:38:55"
[1] "Wisconsin is 16.2% complete."
[1] "Completed Wisconsin @ 2025-05-14 10:38:56"
[1] "Wisconsin is 16.4% complete."
[1] "Completed Wisconsin @ 2025-05-14 10:38:56"
[1] "Wisconsin is 16.6% complete."
[1] "Completed Wisconsin @ 2025-05-14 10:38:56"
[1] "Wisconsin is 16.8% complete."
[1] "Completed Wisconsin @ 2025-05-14 10:38:56"
[1] "Wisconsin is 17% complete."
[1] "Completed Wisconsin @ 2025-05-14 10:38:56"
[1] "Wisconsin is 17.2% complete."
[1] "Completed Wisconsin @ 2025-05-14 10:38:56"
[1] "Wisconsin is 17.4% complete."
[1] "Completed Wisconsin @ 2025-05-14 10:38:56"
[1] "Wisconsin is 17.6% complete."
[1] "Completed Wisconsin @ 2025-05-14 10:38:56"
[1] "Wisconsin is 17.8% complete."
[1] "Completed Wisconsin @ 2025-05-14 10:38:56"
[1] "Wisconsin is 18% complete."
[1] "Completed Wisconsin @ 2025-05-14 10:38:56"
[1] "Wisconsin is 18.1% complete."
[1] "Completed Wisconsin @ 2025-05-14 10:38:56"
[1] "Wisconsin is 18.3% complete."
[1] "Completed Wisconsin @ 2025-05-14 10:38:56"
[1] "Wisconsin is 18.5% complete."
[1] "Completed Wisconsin @ 2025-05-14 10:38:56"
[1] "Wisconsin is 18.7% complete."
[1] "Completed Wisconsin @ 2025-05-14 10:38:56"
[1] "Wisconsin is 18.9% complete."
[1] "Completed Wisconsin @ 2025-05-14 10:38:56"
[1] "Wisconsin is 19.1% complete."
[1] "Completed Wisconsin @ 2025-05-14 10:38:56"
[1] "Wisconsin is 19.3% complete."
[1] "Completed Wisconsin @ 2025-05-14 10:38:56"
[1] "Wisconsin is 19.5% complete."
[1] "Completed Wisconsin @ 2025-05-14 10:38:56"
[1] "Wisconsin is 19.7% complete."
[1] "Completed Wisconsin @ 2025-05-14 10:38:56"
[1] "Wisconsin is 19.9% complete."
[1] "Completed Wisconsin @ 2025-05-14 10:38:57"
[1] "Wisconsin is 20.1% complete."
[1] "Completed Wisconsin @ 2025-05-14 10:38:57"
[1] "Wisconsin is 20.3% complete."
[1] "Completed Wisconsin @ 2025-05-14 10:38:57"
[1] "Wisconsin is 20.5% complete."
[1] "Completed Wisconsin @ 2025-05-14 10:38:57"
[1] "Wisconsin is 20.7% complete."
[1] "Completed Wisconsin @ 2025-05-14 10:38:58"
[1] "Wisconsin is 20.8% complete."
[1] "Completed Wisconsin @ 2025-05-14 10:38:58"
[1] "Wisconsin is 21% complete."
[1] "Completed Wisconsin @ 2025-05-14 10:38:58"
[1] "Wisconsin is 21.2% complete."
[1] "Completed Wisconsin @ 2025-05-14 10:38:58"
[1] "Wisconsin is 21.4% complete."
[1] "Completed Wisconsin @ 2025-05-14 10:38:58"
[1] "Wisconsin is 21.6% complete."
[1] "Completed Wisconsin @ 2025-05-14 10:38:58"
[1] "Wisconsin is 21.8% complete."
[1] "Completed Wisconsin @ 2025-05-14 10:38:58"
[1] "Wisconsin is 22% complete."
[1] "Completed Wisconsin @ 2025-05-14 10:38:58"
[1] "Wisconsin is 22.2% complete."
[1] "Completed Wisconsin @ 2025-05-14 10:38:58"
[1] "Wisconsin is 22.4% complete."
[1] "Completed Wisconsin @ 2025-05-14 10:38:58"
[1] "Wisconsin is 22.6% complete."
[1] "Completed Wisconsin @ 2025-05-14 10:38:58"
[1] "Wisconsin is 22.8% complete."
[1] "Completed Wisconsin @ 2025-05-14 10:38:58"
[1] "Wisconsin is 23% complete."
[1] "Completed Wisconsin @ 2025-05-14 10:38:58"
[1] "Wisconsin is 23.2% complete."
[1] "Completed Wisconsin @ 2025-05-14 10:38:58"
[1] "Wisconsin is 23.4% complete."
[1] "Completed Wisconsin @ 2025-05-14 10:38:58"
[1] "Wisconsin is 23.6% complete."
[1] "Completed Wisconsin @ 2025-05-14 10:38:58"
[1] "Wisconsin is 23.7% complete."
[1] "Completed Wisconsin @ 2025-05-14 10:38:58"
[1] "Wisconsin is 23.9% complete."
[1] "Completed Wisconsin @ 2025-05-14 10:38:58"
[1] "Wisconsin is 24.1% complete."
[1] "Completed Wisconsin @ 2025-05-14 10:38:59"
[1] "Wisconsin is 24.3% complete."
[1] "Completed Wisconsin @ 2025-05-14 10:38:59"
[1] "Wisconsin is 24.5% complete."
[1] "Completed Wisconsin @ 2025-05-14 10:38:59"
[1] "Wisconsin is 24.7% complete."
[1] "Completed Wisconsin @ 2025-05-14 10:38:59"
[1] "Wisconsin is 24.9% complete."
[1] "Completed Wisconsin @ 2025-05-14 10:38:59"
[1] "Wisconsin is 25.1% complete."
[1] "Completed Wisconsin @ 2025-05-14 10:38:59"
[1] "Wisconsin is 25.3% complete."
[1] "Completed Wisconsin @ 2025-05-14 10:38:59"
[1] "Wisconsin is 25.5% complete."
[1] "Completed Wisconsin @ 2025-05-14 10:38:59"
[1] "Wisconsin is 25.7% complete."
[1] "Completed Wisconsin @ 2025-05-14 10:38:59"
[1] "Wisconsin is 25.9% complete."
[1] "Completed Wisconsin @ 2025-05-14 10:38:59"
[1] "Wisconsin is 26.1% complete."
[1] "Completed Wisconsin @ 2025-05-14 10:38:59"
[1] "Wisconsin is 26.3% complete."
[1] "Completed Wisconsin @ 2025-05-14 10:38:59"
[1] "Wisconsin is 26.4% complete."
[1] "Completed Wisconsin @ 2025-05-14 10:38:59"
[1] "Wisconsin is 26.6% complete."
[1] "Completed Wisconsin @ 2025-05-14 10:38:59"
[1] "Wisconsin is 26.8% complete."
[1] "Completed Wisconsin @ 2025-05-14 10:38:59"
[1] "Wisconsin is 27% complete."
[1] "Completed Wisconsin @ 2025-05-14 10:38:59"
[1] "Wisconsin is 27.2% complete."
[1] "Completed Wisconsin @ 2025-05-14 10:38:59"
[1] "Wisconsin is 27.4% complete."
[1] "Completed Wisconsin @ 2025-05-14 10:38:59"
[1] "Wisconsin is 27.6% complete."
[1] "Completed Wisconsin @ 2025-05-14 10:38:59"
[1] "Wisconsin is 27.8% complete."
[1] "Completed Wisconsin @ 2025-05-14 10:39:00"
[1] "Wisconsin is 28% complete."
[1] "Completed Wisconsin @ 2025-05-14 10:39:00"
[1] "Wisconsin is 28.2% complete."
[1] "Completed Wisconsin @ 2025-05-14 10:39:00"
[1] "Wisconsin is 28.4% complete."
[1] "Completed Wisconsin @ 2025-05-14 10:39:00"
[1] "Wisconsin is 28.6% complete."
[1] "Completed Wisconsin @ 2025-05-14 10:39:00"
[1] "Wisconsin is 28.8% complete."
[1] "Completed Wisconsin @ 2025-05-14 10:39:00"
[1] "Wisconsin is 29% complete."
[1] "Completed Wisconsin @ 2025-05-14 10:39:00"
[1] "Wisconsin is 29.2% complete."
[1] "Completed Wisconsin @ 2025-05-14 10:39:00"
[1] "Wisconsin is 29.3% complete."
[1] "Completed Wisconsin @ 2025-05-14 10:39:00"
[1] "Wisconsin is 29.5% complete."
[1] "Completed Wisconsin @ 2025-05-14 10:39:00"
[1] "Wisconsin is 29.7% complete."
[1] "Completed Wisconsin @ 2025-05-14 10:39:00"
[1] "Wisconsin is 29.9% complete."
[1] "Completed Wisconsin @ 2025-05-14 10:39:00"
[1] "Wisconsin is 30.1% complete."
[1] "Completed Wisconsin @ 2025-05-14 10:39:00"
[1] "Wisconsin is 30.3% complete."
[1] "Completed Wisconsin @ 2025-05-14 10:39:00"
[1] "Wisconsin is 30.5% complete."
[1] "Completed Wisconsin @ 2025-05-14 10:39:00"
[1] "Wisconsin is 30.7% complete."
[1] "Completed Wisconsin @ 2025-05-14 10:39:00"
[1] "Wisconsin is 30.9% complete."
[1] "Completed Wisconsin @ 2025-05-14 10:39:00"
[1] "Wisconsin is 31.1% complete."
[1] "Completed Wisconsin @ 2025-05-14 10:39:00"
[1] "Wisconsin is 31.3% complete."
[1] "Completed Wisconsin @ 2025-05-14 10:39:00"
[1] "Wisconsin is 31.5% complete."
[1] "Completed Wisconsin @ 2025-05-14 10:39:02"
[1] "Wisconsin is 31.7% complete."
[1] "Completed Wisconsin @ 2025-05-14 10:39:02"
[1] "Wisconsin is 31.9% complete."
[1] "Completed Wisconsin @ 2025-05-14 10:39:02"
[1] "Wisconsin is 32% complete."
[1] "Completed Wisconsin @ 2025-05-14 10:39:02"
[1] "Wisconsin is 32.2% complete."
[1] "Completed Wisconsin @ 2025-05-14 10:39:02"
[1] "Wisconsin is 32.4% complete."
[1] "Completed Wisconsin @ 2025-05-14 10:39:02"
[1] "Wisconsin is 32.6% complete."
[1] "Completed Wisconsin @ 2025-05-14 10:39:02"
[1] "Wisconsin is 32.8% complete."
[1] "Completed Wisconsin @ 2025-05-14 10:39:02"
[1] "Wisconsin is 33% complete."
[1] "Completed Wisconsin @ 2025-05-14 10:39:02"
[1] "Wisconsin is 33.2% complete."
[1] "Completed Wisconsin @ 2025-05-14 10:39:02"
[1] "Wisconsin is 33.4% complete."
[1] "Completed Wisconsin @ 2025-05-14 10:39:02"
[1] "Wisconsin is 33.6% complete."
[1] "Completed Wisconsin @ 2025-05-14 10:39:03"
[1] "Wisconsin is 33.8% complete."
[1] "Completed Wisconsin @ 2025-05-14 10:39:03"
[1] "Wisconsin is 34% complete."
[1] "Completed Wisconsin @ 2025-05-14 10:39:03"
[1] "Wisconsin is 34.2% complete."
[1] "Completed Wisconsin @ 2025-05-14 10:39:03"
[1] "Wisconsin is 34.4% complete."
[1] "Completed Wisconsin @ 2025-05-14 10:39:03"
[1] "Wisconsin is 34.6% complete."
[1] "Completed Wisconsin @ 2025-05-14 10:39:03"
[1] "Wisconsin is 34.7% complete."
[1] "Completed Wisconsin @ 2025-05-14 10:39:03"
[1] "Wisconsin is 34.9% complete."
[1] "Completed Wisconsin @ 2025-05-14 10:39:03"
[1] "Wisconsin is 35.1% complete."
[1] "Completed Wisconsin @ 2025-05-14 10:39:03"
[1] "Wisconsin is 35.3% complete."
[1] "Completed Wisconsin @ 2025-05-14 10:39:03"
[1] "Wisconsin is 35.5% complete."
[1] "Completed Wisconsin @ 2025-05-14 10:39:03"
[1] "Wisconsin is 35.7% complete."
[1] "Completed Wisconsin @ 2025-05-14 10:39:03"
[1] "Wisconsin is 35.9% complete."
[1] "Completed Wisconsin @ 2025-05-14 10:39:03"
[1] "Wisconsin is 36.1% complete."
[1] "Completed Wisconsin @ 2025-05-14 10:39:03"
[1] "Wisconsin is 36.3% complete."
[1] "Completed Wisconsin @ 2025-05-14 10:39:03"
[1] "Wisconsin is 36.5% complete."
[1] "Completed Wisconsin @ 2025-05-14 10:39:03"
[1] "Wisconsin is 36.7% complete."
[1] "Completed Wisconsin @ 2025-05-14 10:39:03"
[1] "Wisconsin is 36.9% complete."
[1] "Completed Wisconsin @ 2025-05-14 10:39:04"
[1] "Wisconsin is 37.1% complete."
[1] "Completed Wisconsin @ 2025-05-14 10:39:04"
[1] "Wisconsin is 37.3% complete."
[1] "Completed Wisconsin @ 2025-05-14 10:39:04"
[1] "Wisconsin is 37.5% complete."
[1] "Completed Wisconsin @ 2025-05-14 10:39:04"
[1] "Wisconsin is 37.6% complete."
[1] "Completed Wisconsin @ 2025-05-14 10:39:04"
[1] "Wisconsin is 37.8% complete."
[1] "Completed Wisconsin @ 2025-05-14 10:39:04"
[1] "Wisconsin is 38% complete."
[1] "Completed Wisconsin @ 2025-05-14 10:39:04"
[1] "Wisconsin is 38.2% complete."
[1] "Completed Wisconsin @ 2025-05-14 10:39:04"
[1] "Wisconsin is 38.4% complete."
[1] "Completed Wisconsin @ 2025-05-14 10:39:04"
[1] "Wisconsin is 38.6% complete."
[1] "Completed Wisconsin @ 2025-05-14 10:39:04"
[1] "Wisconsin is 38.8% complete."
[1] "Completed Wisconsin @ 2025-05-14 10:39:04"
[1] "Wisconsin is 39% complete."
[1] "Completed Wisconsin @ 2025-05-14 10:39:04"
[1] "Wisconsin is 39.2% complete."
[1] "Completed Wisconsin @ 2025-05-14 10:39:04"
[1] "Wisconsin is 39.4% complete."
[1] "Completed Wisconsin @ 2025-05-14 10:39:04"
[1] "Wisconsin is 39.6% complete."
[1] "Completed Wisconsin @ 2025-05-14 10:39:04"
[1] "Wisconsin is 39.8% complete."
[1] "Completed Wisconsin @ 2025-05-14 10:39:04"
[1] "Wisconsin is 40% complete."
[1] "Completed Wisconsin @ 2025-05-14 10:39:04"
[1] "Wisconsin is 40.2% complete."
[1] "Completed Wisconsin @ 2025-05-14 10:39:04"
[1] "Wisconsin is 40.3% complete."
[1] "Completed Wisconsin @ 2025-05-14 10:39:05"
[1] "Wisconsin is 40.5% complete."
[1] "Completed Wisconsin @ 2025-05-14 10:39:05"
[1] "Wisconsin is 40.7% complete."
[1] "Completed Wisconsin @ 2025-05-14 10:39:05"
[1] "Wisconsin is 40.9% complete."
[1] "Completed Wisconsin @ 2025-05-14 10:39:05"
[1] "Wisconsin is 41.1% complete."
[1] "Completed Wisconsin @ 2025-05-14 10:39:05"
[1] "Wisconsin is 41.3% complete."
[1] "Completed Wisconsin @ 2025-05-14 10:39:05"
[1] "Wisconsin is 41.5% complete."
[1] "Completed Wisconsin @ 2025-05-14 10:39:05"
[1] "Wisconsin is 41.7% complete."
[1] "Completed Wisconsin @ 2025-05-14 10:39:05"
[1] "Wisconsin is 41.9% complete."
[1] "Completed Wisconsin @ 2025-05-14 10:39:05"
[1] "Wisconsin is 42.1% complete."
[1] "Completed Wisconsin @ 2025-05-14 10:39:05"
[1] "Wisconsin is 42.3% complete."
[1] "Completed Wisconsin @ 2025-05-14 10:39:05"
[1] "Wisconsin is 42.5% complete."
[1] "Completed Wisconsin @ 2025-05-14 10:39:05"
[1] "Wisconsin is 42.7% complete."
[1] "Completed Wisconsin @ 2025-05-14 10:39:05"
[1] "Wisconsin is 42.9% complete."
[1] "Completed Wisconsin @ 2025-05-14 10:39:05"
[1] "Wisconsin is 43.1% complete."
[1] "Completed Wisconsin @ 2025-05-14 10:39:05"
[1] "Wisconsin is 43.2% complete."
[1] "Completed Wisconsin @ 2025-05-14 10:39:05"
[1] "Wisconsin is 43.4% complete."
[1] "Completed Wisconsin @ 2025-05-14 10:39:05"
[1] "Wisconsin is 43.6% complete."
[1] "Completed Wisconsin @ 2025-05-14 10:39:06"
[1] "Wisconsin is 43.8% complete."
[1] "Completed Wisconsin @ 2025-05-14 10:39:06"
[1] "Wisconsin is 44% complete."
[1] "Completed Wisconsin @ 2025-05-14 10:39:06"
[1] "Wisconsin is 44.2% complete."
[1] "Completed Wisconsin @ 2025-05-14 10:39:06"
[1] "Wisconsin is 44.4% complete."
[1] "Completed Wisconsin @ 2025-05-14 10:39:06"
[1] "Wisconsin is 44.6% complete."
[1] "Completed Wisconsin @ 2025-05-14 10:39:06"
[1] "Wisconsin is 44.8% complete."
[1] "Completed Wisconsin @ 2025-05-14 10:39:06"
[1] "Wisconsin is 45% complete."
[1] "Completed Wisconsin @ 2025-05-14 10:39:06"
[1] "Wisconsin is 45.2% complete."
[1] "Completed Wisconsin @ 2025-05-14 10:39:06"
[1] "Wisconsin is 45.4% complete."
[1] "Completed Wisconsin @ 2025-05-14 10:39:06"
[1] "Wisconsin is 45.6% complete."
[1] "Completed Wisconsin @ 2025-05-14 10:39:06"
[1] "Wisconsin is 45.8% complete."
[1] "Completed Wisconsin @ 2025-05-14 10:39:06"
[1] "Wisconsin is 45.9% complete."
[1] "Completed Wisconsin @ 2025-05-14 10:39:06"
[1] "Wisconsin is 46.1% complete."
[1] "Completed Wisconsin @ 2025-05-14 10:39:06"
[1] "Wisconsin is 46.3% complete."
[1] "Completed Wisconsin @ 2025-05-14 10:39:06"
[1] "Wisconsin is 46.5% complete."
[1] "Completed Wisconsin @ 2025-05-14 10:39:07"
[1] "Wisconsin is 46.7% complete."
[1] "Completed Wisconsin @ 2025-05-14 10:39:07"
[1] "Wisconsin is 46.9% complete."
[1] "Completed Wisconsin @ 2025-05-14 10:39:07"
[1] "Wisconsin is 47.1% complete."
[1] "Completed Wisconsin @ 2025-05-14 10:39:07"
[1] "Wisconsin is 47.3% complete."
[1] "Completed Wisconsin @ 2025-05-14 10:39:07"
[1] "Wisconsin is 47.5% complete."
[1] "Completed Wisconsin @ 2025-05-14 10:39:07"
[1] "Wisconsin is 47.7% complete."
[1] "Completed Wisconsin @ 2025-05-14 10:39:07"
[1] "Wisconsin is 47.9% complete."
[1] "Completed Wisconsin @ 2025-05-14 10:39:07"
[1] "Wisconsin is 48.1% complete."
[1] "Completed Wisconsin @ 2025-05-14 10:39:07"
[1] "Wisconsin is 48.3% complete."
[1] "Completed Wisconsin @ 2025-05-14 10:39:07"
[1] "Wisconsin is 48.5% complete."
[1] "Completed Wisconsin @ 2025-05-14 10:39:07"
[1] "Wisconsin is 48.6% complete."
[1] "Completed Wisconsin @ 2025-05-14 10:39:07"
[1] "Wisconsin is 48.8% complete."
[1] "Completed Wisconsin @ 2025-05-14 10:39:07"
[1] "Wisconsin is 49% complete."
[1] "Completed Wisconsin @ 2025-05-14 10:39:07"
[1] "Wisconsin is 49.2% complete."
[1] "Completed Wisconsin @ 2025-05-14 10:39:08"
[1] "Wisconsin is 49.4% complete."
[1] "Completed Wisconsin @ 2025-05-14 10:39:08"
[1] "Wisconsin is 49.6% complete."
[1] "Completed Wisconsin @ 2025-05-14 10:39:08"
[1] "Wisconsin is 49.8% complete."
[1] "Completed Wisconsin @ 2025-05-14 10:39:08"
[1] "Wisconsin is 50% complete."
[1] "Completed Wisconsin @ 2025-05-14 10:39:08"
[1] "Wisconsin is 50.2% complete."
[1] "Completed Wisconsin @ 2025-05-14 10:39:08"
[1] "Wisconsin is 50.4% complete."
[1] "Completed Wisconsin @ 2025-05-14 10:39:08"
[1] "Wisconsin is 50.6% complete."
[1] "Completed Wisconsin @ 2025-05-14 10:39:08"
[1] "Wisconsin is 50.8% complete."
[1] "Completed Wisconsin @ 2025-05-14 10:39:08"
[1] "Wisconsin is 51% complete."
[1] "Completed Wisconsin @ 2025-05-14 10:39:08"
[1] "Wisconsin is 51.2% complete."
[1] "Completed Wisconsin @ 2025-05-14 10:39:08"
[1] "Wisconsin is 51.4% complete."
[1] "Completed Wisconsin @ 2025-05-14 10:39:08"
[1] "Wisconsin is 51.5% complete."
[1] "Completed Wisconsin @ 2025-05-14 10:39:08"
[1] "Wisconsin is 51.7% complete."
[1] "Completed Wisconsin @ 2025-05-14 10:39:08"
[1] "Wisconsin is 51.9% complete."
[1] "Completed Wisconsin @ 2025-05-14 10:39:08"
[1] "Wisconsin is 52.1% complete."
[1] "Completed Wisconsin @ 2025-05-14 10:39:08"
[1] "Wisconsin is 52.3% complete."
[1] "Completed Wisconsin @ 2025-05-14 10:39:09"
[1] "Wisconsin is 52.5% complete."
[1] "Completed Wisconsin @ 2025-05-14 10:39:09"
[1] "Wisconsin is 52.7% complete."
[1] "Completed Wisconsin @ 2025-05-14 10:39:09"
[1] "Wisconsin is 52.9% complete."
[1] "Completed Wisconsin @ 2025-05-14 10:39:09"
[1] "Wisconsin is 53.1% complete."
[1] "Completed Wisconsin @ 2025-05-14 10:39:09"
[1] "Wisconsin is 53.3% complete."
[1] "Completed Wisconsin @ 2025-05-14 10:39:09"
[1] "Wisconsin is 53.5% complete."
[1] "Completed Wisconsin @ 2025-05-14 10:39:09"
[1] "Wisconsin is 53.7% complete."
[1] "Completed Wisconsin @ 2025-05-14 10:39:09"
[1] "Wisconsin is 53.9% complete."
[1] "Completed Wisconsin @ 2025-05-14 10:39:09"
[1] "Wisconsin is 54.1% complete."
[1] "Completed Wisconsin @ 2025-05-14 10:39:09"
[1] "Wisconsin is 54.2% complete."
[1] "Completed Wisconsin @ 2025-05-14 10:39:09"
[1] "Wisconsin is 54.4% complete."
[1] "Completed Wisconsin @ 2025-05-14 10:39:09"
[1] "Wisconsin is 54.6% complete."
[1] "Completed Wisconsin @ 2025-05-14 10:39:09"
[1] "Wisconsin is 54.8% complete."
[1] "Completed Wisconsin @ 2025-05-14 10:39:09"
[1] "Wisconsin is 55% complete."
[1] "Completed Wisconsin @ 2025-05-14 10:39:09"
[1] "Wisconsin is 55.2% complete."
[1] "Completed Wisconsin @ 2025-05-14 10:39:09"
[1] "Wisconsin is 55.4% complete."
[1] "Completed Wisconsin @ 2025-05-14 10:39:09"
[1] "Wisconsin is 55.6% complete."
[1] "Completed Wisconsin @ 2025-05-14 10:39:10"
[1] "Wisconsin is 55.8% complete."
[1] "Completed Wisconsin @ 2025-05-14 10:39:10"
[1] "Wisconsin is 56% complete."
[1] "Completed Wisconsin @ 2025-05-14 10:39:10"
[1] "Wisconsin is 56.2% complete."
[1] "Completed Wisconsin @ 2025-05-14 10:39:10"
[1] "Wisconsin is 56.4% complete."
[1] "Completed Wisconsin @ 2025-05-14 10:39:10"
[1] "Wisconsin is 56.6% complete."
[1] "Completed Wisconsin @ 2025-05-14 10:39:10"
[1] "Wisconsin is 56.8% complete."
[1] "Completed Wisconsin @ 2025-05-14 10:39:10"
[1] "Wisconsin is 56.9% complete."
[1] "Completed Wisconsin @ 2025-05-14 10:39:10"
[1] "Wisconsin is 57.1% complete."
[1] "Completed Wisconsin @ 2025-05-14 10:39:10"
[1] "Wisconsin is 57.3% complete."
[1] "Completed Wisconsin @ 2025-05-14 10:39:10"
[1] "Wisconsin is 57.5% complete."
[1] "Completed Wisconsin @ 2025-05-14 10:39:10"
[1] "Wisconsin is 57.7% complete."
[1] "Completed Wisconsin @ 2025-05-14 10:39:10"
[1] "Wisconsin is 57.9% complete."
[1] "Completed Wisconsin @ 2025-05-14 10:39:10"
[1] "Wisconsin is 58.1% complete."
[1] "Completed Wisconsin @ 2025-05-14 10:39:10"
[1] "Wisconsin is 58.3% complete."
[1] "Completed Wisconsin @ 2025-05-14 10:39:10"
[1] "Wisconsin is 58.5% complete."
[1] "Completed Wisconsin @ 2025-05-14 10:39:10"
[1] "Wisconsin is 58.7% complete."
[1] "Completed Wisconsin @ 2025-05-14 10:39:10"
[1] "Wisconsin is 58.9% complete."
[1] "Completed Wisconsin @ 2025-05-14 10:39:11"
[1] "Wisconsin is 59.1% complete."
[1] "Completed Wisconsin @ 2025-05-14 10:39:11"
[1] "Wisconsin is 59.3% complete."
[1] "Completed Wisconsin @ 2025-05-14 10:39:11"
[1] "Wisconsin is 59.5% complete."
[1] "Completed Wisconsin @ 2025-05-14 10:39:11"
[1] "Wisconsin is 59.7% complete."
[1] "Completed Wisconsin @ 2025-05-14 10:39:11"
[1] "Wisconsin is 59.8% complete."
[1] "Completed Wisconsin @ 2025-05-14 10:39:11"
[1] "Wisconsin is 60% complete."
[1] "Completed Wisconsin @ 2025-05-14 10:39:11"
[1] "Wisconsin is 60.2% complete."
[1] "Completed Wisconsin @ 2025-05-14 10:39:11"
[1] "Wisconsin is 60.4% complete."
[1] "Completed Wisconsin @ 2025-05-14 10:39:11"
[1] "Wisconsin is 60.6% complete."
[1] "Completed Wisconsin @ 2025-05-14 10:39:11"
[1] "Wisconsin is 60.8% complete."
[1] "Completed Wisconsin @ 2025-05-14 10:39:11"
[1] "Wisconsin is 61% complete."
[1] "Completed Wisconsin @ 2025-05-14 10:39:11"
[1] "Wisconsin is 61.2% complete."
[1] "Completed Wisconsin @ 2025-05-14 10:39:11"
[1] "Wisconsin is 61.4% complete."
[1] "Completed Wisconsin @ 2025-05-14 10:39:12"
[1] "Wisconsin is 61.6% complete."
[1] "Completed Wisconsin @ 2025-05-14 10:39:12"
[1] "Wisconsin is 61.8% complete."
[1] "Completed Wisconsin @ 2025-05-14 10:39:12"
[1] "Wisconsin is 62% complete."
[1] "Completed Wisconsin @ 2025-05-14 10:39:12"
[1] "Wisconsin is 62.2% complete."
[1] "Completed Wisconsin @ 2025-05-14 10:39:12"
[1] "Wisconsin is 62.4% complete."
[1] "Completed Wisconsin @ 2025-05-14 10:39:12"
[1] "Wisconsin is 62.5% complete."
[1] "Completed Wisconsin @ 2025-05-14 10:39:12"
[1] "Wisconsin is 62.7% complete."
[1] "Completed Wisconsin @ 2025-05-14 10:39:12"
[1] "Wisconsin is 62.9% complete."
[1] "Completed Wisconsin @ 2025-05-14 10:39:12"
[1] "Wisconsin is 63.1% complete."
[1] "Completed Wisconsin @ 2025-05-14 10:39:12"
[1] "Wisconsin is 63.3% complete."
[1] "Completed Wisconsin @ 2025-05-14 10:39:12"
[1] "Wisconsin is 63.5% complete."
[1] "Completed Wisconsin @ 2025-05-14 10:39:12"
[1] "Wisconsin is 63.7% complete."
[1] "Completed Wisconsin @ 2025-05-14 10:39:12"
[1] "Wisconsin is 63.9% complete."
[1] "Completed Wisconsin @ 2025-05-14 10:39:12"
[1] "Wisconsin is 64.1% complete."
[1] "Completed Wisconsin @ 2025-05-14 10:39:12"
[1] "Wisconsin is 64.3% complete."
[1] "Completed Wisconsin @ 2025-05-14 10:39:12"
[1] "Wisconsin is 64.5% complete."
[1] "Completed Wisconsin @ 2025-05-14 10:39:12"
[1] "Wisconsin is 64.7% complete."
[1] "Completed Wisconsin @ 2025-05-14 10:39:13"
[1] "Wisconsin is 64.9% complete."
[1] "Completed Wisconsin @ 2025-05-14 10:39:13"
[1] "Wisconsin is 65.1% complete."
[1] "Completed Wisconsin @ 2025-05-14 10:39:13"
[1] "Wisconsin is 65.3% complete."
[1] "Completed Wisconsin @ 2025-05-14 10:39:13"
[1] "Wisconsin is 65.4% complete."
[1] "Completed Wisconsin @ 2025-05-14 10:39:13"
[1] "Wisconsin is 65.6% complete."
[1] "Completed Wisconsin @ 2025-05-14 10:39:13"
[1] "Wisconsin is 65.8% complete."
[1] "Completed Wisconsin @ 2025-05-14 10:39:13"
[1] "Wisconsin is 66% complete."
[1] "Completed Wisconsin @ 2025-05-14 10:39:13"
[1] "Wisconsin is 66.2% complete."
[1] "Completed Wisconsin @ 2025-05-14 10:39:13"
[1] "Wisconsin is 66.4% complete."
[1] "Completed Wisconsin @ 2025-05-14 10:39:13"
[1] "Wisconsin is 66.6% complete."
[1] "Completed Wisconsin @ 2025-05-14 10:39:13"
[1] "Wisconsin is 66.8% complete."
[1] "Completed Wisconsin @ 2025-05-14 10:39:13"
[1] "Wisconsin is 67% complete."
[1] "Completed Wisconsin @ 2025-05-14 10:39:13"
[1] "Wisconsin is 67.2% complete."
[1] "Completed Wisconsin @ 2025-05-14 10:39:13"
[1] "Wisconsin is 67.4% complete."
[1] "Completed Wisconsin @ 2025-05-14 10:39:13"
[1] "Wisconsin is 67.6% complete."
[1] "Completed Wisconsin @ 2025-05-14 10:39:13"
[1] "Wisconsin is 67.8% complete."
[1] "Completed Wisconsin @ 2025-05-14 10:39:13"
[1] "Wisconsin is 68% complete."
[1] "Completed Wisconsin @ 2025-05-14 10:39:14"
[1] "Wisconsin is 68.1% complete."
[1] "Completed Wisconsin @ 2025-05-14 10:39:14"
[1] "Wisconsin is 68.3% complete."
[1] "Completed Wisconsin @ 2025-05-14 10:39:14"
[1] "Wisconsin is 68.5% complete."
[1] "Completed Wisconsin @ 2025-05-14 10:39:14"
[1] "Wisconsin is 68.7% complete."
[1] "Completed Wisconsin @ 2025-05-14 10:39:14"
[1] "Wisconsin is 68.9% complete."
[1] "Completed Wisconsin @ 2025-05-14 10:39:14"
[1] "Wisconsin is 69.1% complete."
[1] "Completed Wisconsin @ 2025-05-14 10:39:14"
[1] "Wisconsin is 69.3% complete."
[1] "Completed Wisconsin @ 2025-05-14 10:39:14"
[1] "Wisconsin is 69.5% complete."
[1] "Completed Wisconsin @ 2025-05-14 10:39:14"
[1] "Wisconsin is 69.7% complete."
[1] "Completed Wisconsin @ 2025-05-14 10:39:14"
[1] "Wisconsin is 69.9% complete."
[1] "Completed Wisconsin @ 2025-05-14 10:39:14"
[1] "Wisconsin is 70.1% complete."
[1] "Completed Wisconsin @ 2025-05-14 10:39:14"
[1] "Wisconsin is 70.3% complete."
[1] "Completed Wisconsin @ 2025-05-14 10:39:14"
[1] "Wisconsin is 70.5% complete."
[1] "Completed Wisconsin @ 2025-05-14 10:39:14"
[1] "Wisconsin is 70.7% complete."
[1] "Completed Wisconsin @ 2025-05-14 10:39:14"
[1] "Wisconsin is 70.8% complete."
[1] "Completed Wisconsin @ 2025-05-14 10:39:15"
[1] "Wisconsin is 71% complete."
[1] "Completed Wisconsin @ 2025-05-14 10:39:15"
[1] "Wisconsin is 71.2% complete."
[1] "Completed Wisconsin @ 2025-05-14 10:39:15"
[1] "Wisconsin is 71.4% complete."
[1] "Completed Wisconsin @ 2025-05-14 10:39:15"
[1] "Wisconsin is 71.6% complete."
[1] "Completed Wisconsin @ 2025-05-14 10:39:15"
[1] "Wisconsin is 71.8% complete."
[1] "Completed Wisconsin @ 2025-05-14 10:39:15"
[1] "Wisconsin is 72% complete."
[1] "Completed Wisconsin @ 2025-05-14 10:39:15"
[1] "Wisconsin is 72.2% complete."
[1] "Completed Wisconsin @ 2025-05-14 10:39:15"
[1] "Wisconsin is 72.4% complete."
[1] "Completed Wisconsin @ 2025-05-14 10:39:15"
[1] "Wisconsin is 72.6% complete."
[1] "Completed Wisconsin @ 2025-05-14 10:39:15"
[1] "Wisconsin is 72.8% complete."
[1] "Completed Wisconsin @ 2025-05-14 10:39:15"
[1] "Wisconsin is 73% complete."
[1] "Completed Wisconsin @ 2025-05-14 10:39:15"
[1] "Wisconsin is 73.2% complete."
[1] "Completed Wisconsin @ 2025-05-14 10:39:15"
[1] "Wisconsin is 73.4% complete."
[1] "Completed Wisconsin @ 2025-05-14 10:39:15"
[1] "Wisconsin is 73.6% complete."
[1] "Completed Wisconsin @ 2025-05-14 10:39:15"
[1] "Wisconsin is 73.7% complete."
[1] "Completed Wisconsin @ 2025-05-14 10:39:15"
[1] "Wisconsin is 73.9% complete."
[1] "Completed Wisconsin @ 2025-05-14 10:39:15"
[1] "Wisconsin is 74.1% complete."
[1] "Completed Wisconsin @ 2025-05-14 10:39:16"
[1] "Wisconsin is 74.3% complete."
[1] "Completed Wisconsin @ 2025-05-14 10:39:16"
[1] "Wisconsin is 74.5% complete."
[1] "Completed Wisconsin @ 2025-05-14 10:39:16"
[1] "Wisconsin is 74.7% complete."
[1] "Completed Wisconsin @ 2025-05-14 10:39:16"
[1] "Wisconsin is 74.9% complete."
[1] "Completed Wisconsin @ 2025-05-14 10:39:16"
[1] "Wisconsin is 75.1% complete."
[1] "Completed Wisconsin @ 2025-05-14 10:39:16"
[1] "Wisconsin is 75.3% complete."
[1] "Completed Wisconsin @ 2025-05-14 10:39:16"
[1] "Wisconsin is 75.5% complete."
[1] "Completed Wisconsin @ 2025-05-14 10:39:16"
[1] "Wisconsin is 75.7% complete."
[1] "Completed Wisconsin @ 2025-05-14 10:39:16"
[1] "Wisconsin is 75.9% complete."
[1] "Completed Wisconsin @ 2025-05-14 10:39:16"
[1] "Wisconsin is 76.1% complete."
[1] "Completed Wisconsin @ 2025-05-14 10:39:16"
[1] "Wisconsin is 76.3% complete."
[1] "Completed Wisconsin @ 2025-05-14 10:39:16"
[1] "Wisconsin is 76.4% complete."
[1] "Completed Wisconsin @ 2025-05-14 10:39:16"
[1] "Wisconsin is 76.6% complete."
[1] "Completed Wisconsin @ 2025-05-14 10:39:17"
[1] "Wisconsin is 76.8% complete."
[1] "Completed Wisconsin @ 2025-05-14 10:39:17"
[1] "Wisconsin is 77% complete."
[1] "Completed Wisconsin @ 2025-05-14 10:39:17"
[1] "Wisconsin is 77.2% complete."
[1] "Completed Wisconsin @ 2025-05-14 10:39:17"
[1] "Wisconsin is 77.4% complete."
[1] "Completed Wisconsin @ 2025-05-14 10:39:17"
[1] "Wisconsin is 77.6% complete."
[1] "Completed Wisconsin @ 2025-05-14 10:39:17"
[1] "Wisconsin is 77.8% complete."
[1] "Completed Wisconsin @ 2025-05-14 10:39:17"
[1] "Wisconsin is 78% complete."
[1] "Completed Wisconsin @ 2025-05-14 10:39:17"
[1] "Wisconsin is 78.2% complete."
[1] "Completed Wisconsin @ 2025-05-14 10:39:17"
[1] "Wisconsin is 78.4% complete."
[1] "Completed Wisconsin @ 2025-05-14 10:39:17"
[1] "Wisconsin is 78.6% complete."
[1] "Completed Wisconsin @ 2025-05-14 10:39:17"
[1] "Wisconsin is 78.8% complete."
[1] "Completed Wisconsin @ 2025-05-14 10:39:17"
[1] "Wisconsin is 79% complete."
[1] "Completed Wisconsin @ 2025-05-14 10:39:17"
[1] "Wisconsin is 79.2% complete."
[1] "Completed Wisconsin @ 2025-05-14 10:39:17"
[1] "Wisconsin is 79.3% complete."
[1] "Completed Wisconsin @ 2025-05-14 10:39:18"
[1] "Wisconsin is 79.5% complete."
[1] "Completed Wisconsin @ 2025-05-14 10:39:18"
[1] "Wisconsin is 79.7% complete."
[1] "Completed Wisconsin @ 2025-05-14 10:39:18"
[1] "Wisconsin is 79.9% complete."
[1] "Completed Wisconsin @ 2025-05-14 10:39:18"
[1] "Wisconsin is 80.1% complete."
[1] "Completed Wisconsin @ 2025-05-14 10:39:18"
[1] "Wisconsin is 80.3% complete."
[1] "Completed Wisconsin @ 2025-05-14 10:39:18"
[1] "Wisconsin is 80.5% complete."
[1] "Completed Wisconsin @ 2025-05-14 10:39:18"
[1] "Wisconsin is 80.7% complete."
[1] "Completed Wisconsin @ 2025-05-14 10:39:18"
[1] "Wisconsin is 80.9% complete."
[1] "Completed Wisconsin @ 2025-05-14 10:39:18"
[1] "Wisconsin is 81.1% complete."
[1] "Completed Wisconsin @ 2025-05-14 10:39:18"
[1] "Wisconsin is 81.3% complete."
[1] "Completed Wisconsin @ 2025-05-14 10:39:18"
[1] "Wisconsin is 81.5% complete."
[1] "Completed Wisconsin @ 2025-05-14 10:39:18"
[1] "Wisconsin is 81.7% complete."
[1] "Completed Wisconsin @ 2025-05-14 10:39:18"
[1] "Wisconsin is 81.9% complete."
[1] "Completed Wisconsin @ 2025-05-14 10:39:19"
[1] "Wisconsin is 82% complete."
[1] "Completed Wisconsin @ 2025-05-14 10:39:19"
[1] "Wisconsin is 82.2% complete."
[1] "Completed Wisconsin @ 2025-05-14 10:39:19"
[1] "Wisconsin is 82.4% complete."
[1] "Completed Wisconsin @ 2025-05-14 10:39:19"
[1] "Wisconsin is 82.6% complete."
[1] "Completed Wisconsin @ 2025-05-14 10:39:19"
[1] "Wisconsin is 82.8% complete."
[1] "Completed Wisconsin @ 2025-05-14 10:39:19"
[1] "Wisconsin is 83% complete."
[1] "Completed Wisconsin @ 2025-05-14 10:39:19"
[1] "Wisconsin is 83.2% complete."
[1] "Completed Wisconsin @ 2025-05-14 10:39:19"
[1] "Wisconsin is 83.4% complete."
[1] "Completed Wisconsin @ 2025-05-14 10:39:19"
[1] "Wisconsin is 83.6% complete."
[1] "Completed Wisconsin @ 2025-05-14 10:39:19"
[1] "Wisconsin is 83.8% complete."
[1] "Completed Wisconsin @ 2025-05-14 10:39:19"
[1] "Wisconsin is 84% complete."
[1] "Completed Wisconsin @ 2025-05-14 10:39:19"
[1] "Wisconsin is 84.2% complete."
[1] "Completed Wisconsin @ 2025-05-14 10:39:19"
[1] "Wisconsin is 84.4% complete."
[1] "Completed Wisconsin @ 2025-05-14 10:39:19"
[1] "Wisconsin is 84.6% complete."
[1] "Completed Wisconsin @ 2025-05-14 10:39:20"
[1] "Wisconsin is 84.7% complete."
[1] "Completed Wisconsin @ 2025-05-14 10:39:20"
[1] "Wisconsin is 84.9% complete."
[1] "Completed Wisconsin @ 2025-05-14 10:39:20"
[1] "Wisconsin is 85.1% complete."
[1] "Completed Wisconsin @ 2025-05-14 10:39:20"
[1] "Wisconsin is 85.3% complete."
[1] "Completed Wisconsin @ 2025-05-14 10:39:20"
[1] "Wisconsin is 85.5% complete."
[1] "Completed Wisconsin @ 2025-05-14 10:39:20"
[1] "Wisconsin is 85.7% complete."
[1] "Completed Wisconsin @ 2025-05-14 10:39:20"
[1] "Wisconsin is 85.9% complete."
[1] "Completed Wisconsin @ 2025-05-14 10:39:20"
[1] "Wisconsin is 86.1% complete."
[1] "Completed Wisconsin @ 2025-05-14 10:39:20"
[1] "Wisconsin is 86.3% complete."
[1] "Completed Wisconsin @ 2025-05-14 10:39:20"
[1] "Wisconsin is 86.5% complete."
[1] "Completed Wisconsin @ 2025-05-14 10:39:20"
[1] "Wisconsin is 86.7% complete."
[1] "Completed Wisconsin @ 2025-05-14 10:39:20"
[1] "Wisconsin is 86.9% complete."
[1] "Completed Wisconsin @ 2025-05-14 10:39:20"
[1] "Wisconsin is 87.1% complete."
[1] "Completed Wisconsin @ 2025-05-14 10:39:20"
[1] "Wisconsin is 87.3% complete."
[1] "Completed Wisconsin @ 2025-05-14 10:39:20"
[1] "Wisconsin is 87.5% complete."
[1] "Completed Wisconsin @ 2025-05-14 10:39:21"
[1] "Wisconsin is 87.6% complete."
[1] "Completed Wisconsin @ 2025-05-14 10:39:21"
[1] "Wisconsin is 87.8% complete."
[1] "Completed Wisconsin @ 2025-05-14 10:39:21"
[1] "Wisconsin is 88% complete."
[1] "Completed Wisconsin @ 2025-05-14 10:39:21"
[1] "Wisconsin is 88.2% complete."
[1] "Completed Wisconsin @ 2025-05-14 10:39:21"
[1] "Wisconsin is 88.4% complete."
[1] "Completed Wisconsin @ 2025-05-14 10:39:21"
[1] "Wisconsin is 88.6% complete."
[1] "Completed Wisconsin @ 2025-05-14 10:39:21"
[1] "Wisconsin is 88.8% complete."
[1] "Completed Wisconsin @ 2025-05-14 10:39:21"
[1] "Wisconsin is 89% complete."
[1] "Completed Wisconsin @ 2025-05-14 10:39:21"
[1] "Wisconsin is 89.2% complete."
[1] "Completed Wisconsin @ 2025-05-14 10:39:21"
[1] "Wisconsin is 89.4% complete."
[1] "Completed Wisconsin @ 2025-05-14 10:39:22"
[1] "Wisconsin is 89.6% complete."
[1] "Completed Wisconsin @ 2025-05-14 10:39:22"
[1] "Wisconsin is 89.8% complete."
[1] "Completed Wisconsin @ 2025-05-14 10:39:22"
[1] "Wisconsin is 90% complete."
[1] "Completed Wisconsin @ 2025-05-14 10:39:22"
[1] "Wisconsin is 90.2% complete."
[1] "Completed Wisconsin @ 2025-05-14 10:39:22"
[1] "Wisconsin is 90.3% complete."
[1] "Completed Wisconsin @ 2025-05-14 10:39:22"
[1] "Wisconsin is 90.5% complete."
[1] "Completed Wisconsin @ 2025-05-14 10:39:22"
[1] "Wisconsin is 90.7% complete."
[1] "Completed Wisconsin @ 2025-05-14 10:39:22"
[1] "Wisconsin is 90.9% complete."
[1] "Completed Wisconsin @ 2025-05-14 10:39:22"
[1] "Wisconsin is 91.1% complete."
[1] "Completed Wisconsin @ 2025-05-14 10:39:22"
[1] "Wisconsin is 91.3% complete."
[1] "Completed Wisconsin @ 2025-05-14 10:39:23"
[1] "Wisconsin is 91.5% complete."
[1] "Completed Wisconsin @ 2025-05-14 10:39:23"
[1] "Wisconsin is 91.7% complete."
[1] "Completed Wisconsin @ 2025-05-14 10:39:23"
[1] "Wisconsin is 91.9% complete."
[1] "Completed Wisconsin @ 2025-05-14 10:39:23"
[1] "Wisconsin is 92.1% complete."
[1] "Completed Wisconsin @ 2025-05-14 10:39:23"
[1] "Wisconsin is 92.3% complete."
[1] "Completed Wisconsin @ 2025-05-14 10:39:23"
[1] "Wisconsin is 92.5% complete."
[1] "Completed Wisconsin @ 2025-05-14 10:39:23"
[1] "Wisconsin is 92.7% complete."
[1] "Completed Wisconsin @ 2025-05-14 10:39:23"
[1] "Wisconsin is 92.9% complete."
[1] "Completed Wisconsin @ 2025-05-14 10:39:23"
[1] "Wisconsin is 93.1% complete."
[1] "Completed Wisconsin @ 2025-05-14 10:39:24"
[1] "Wisconsin is 93.2% complete."
[1] "Completed Wisconsin @ 2025-05-14 10:39:24"
[1] "Wisconsin is 93.4% complete."
[1] "Completed Wisconsin @ 2025-05-14 10:39:24"
[1] "Wisconsin is 93.6% complete."
[1] "Completed Wisconsin @ 2025-05-14 10:39:24"
[1] "Wisconsin is 93.8% complete."
[1] "Completed Wisconsin @ 2025-05-14 10:39:24"
[1] "Wisconsin is 94% complete."
[1] "Completed Wisconsin @ 2025-05-14 10:39:24"
[1] "Wisconsin is 94.2% complete."
[1] "Completed Wisconsin @ 2025-05-14 10:39:24"
[1] "Wisconsin is 94.4% complete."
[1] "Completed Wisconsin @ 2025-05-14 10:39:24"
[1] "Wisconsin is 94.6% complete."
[1] "Completed Wisconsin @ 2025-05-14 10:39:24"
[1] "Wisconsin is 94.8% complete."
[1] "Completed Wisconsin @ 2025-05-14 10:39:24"
[1] "Wisconsin is 95% complete."
[1] "Completed Wisconsin @ 2025-05-14 10:39:25"
[1] "Wisconsin is 95.2% complete."
[1] "Completed Wisconsin @ 2025-05-14 10:39:25"
[1] "Wisconsin is 95.4% complete."
[1] "Completed Wisconsin @ 2025-05-14 10:39:25"
[1] "Wisconsin is 95.6% complete."
[1] "Completed Wisconsin @ 2025-05-14 10:39:25"
[1] "Wisconsin is 95.8% complete."
[1] "Completed Wisconsin @ 2025-05-14 10:39:25"
[1] "Wisconsin is 95.9% complete."
[1] "Completed Wisconsin @ 2025-05-14 10:39:25"
[1] "Wisconsin is 96.1% complete."
[1] "Completed Wisconsin @ 2025-05-14 10:39:25"
[1] "Wisconsin is 96.3% complete."
[1] "Completed Wisconsin @ 2025-05-14 10:39:25"
[1] "Wisconsin is 96.5% complete."
[1] "Completed Wisconsin @ 2025-05-14 10:39:25"
[1] "Wisconsin is 96.7% complete."
[1] "Completed Wisconsin @ 2025-05-14 10:39:25"
[1] "Wisconsin is 96.9% complete."
[1] "Completed Wisconsin @ 2025-05-14 10:39:26"
[1] "Wisconsin is 97.1% complete."
[1] "Completed Wisconsin @ 2025-05-14 10:39:26"
[1] "Wisconsin is 97.3% complete."
[1] "Completed Wisconsin @ 2025-05-14 10:39:26"
[1] "Wisconsin is 97.5% complete."
[1] "Completed Wisconsin @ 2025-05-14 10:39:26"
[1] "Wisconsin is 97.7% complete."
[1] "Completed Wisconsin @ 2025-05-14 10:39:26"
[1] "Wisconsin is 97.9% complete."
[1] "Completed Wisconsin @ 2025-05-14 10:39:27"
[1] "Wisconsin is 98.1% complete."
[1] "Completed Wisconsin @ 2025-05-14 10:39:27"
[1] "Wisconsin is 98.3% complete."
[1] "Completed Wisconsin @ 2025-05-14 10:39:27"
[1] "Wisconsin is 98.5% complete."
[1] "Completed Wisconsin @ 2025-05-14 10:39:27"
[1] "Wisconsin is 98.6% complete."
[1] "Completed Wisconsin @ 2025-05-14 10:39:27"
[1] "Wisconsin is 98.8% complete."
[1] "Completed Wisconsin @ 2025-05-14 10:39:27"
[1] "Wisconsin is 99% complete."
[1] "Completed Wisconsin @ 2025-05-14 10:39:28"
[1] "Wisconsin is 99.2% complete."
[1] "Completed Wisconsin @ 2025-05-14 10:39:28"
[1] "Wisconsin is 99.4% complete."
[1] "Completed Wisconsin @ 2025-05-14 10:39:28"
[1] "Wisconsin is 99.6% complete."
[1] "Completed Wisconsin @ 2025-05-14 10:39:29"
[1] "Wisconsin is 99.8% complete."
[1] "Completed Wisconsin @ 2025-05-14 10:39:30"
[1] "Wisconsin is 100% complete."
[1] "Completed Wisconsin @ 2025-05-14 10:39:31"
Deleting layer `Pop' using driver `GPKG'
Writing layer `Pop' to data source 
  `/work/GRDVULN/sewershed/Model/Create_Boundaries/outputs/Pop_Delineated/FP_55.gpkg' using driver `GPKG'
Writing 518 features with 10 fields and geometry type Unknown (any).
[1] "SCRIPT COMPLETE @ 2025-05-14 10:39:41"
