[1] "Starting Wyoming"
Reading layer `cb_2021_us_state_500k' from data source 
  `/work/GRDVULN/data/cb_2021_us_all_500k.gdb' using driver `OpenFileGDB'
Simple feature collection with 56 features and 9 fields
Geometry type: MULTIPOLYGON
Dimension:     XY
Bounding box:  xmin: -179.1489 ymin: -14.5487 xmax: 179.7785 ymax: 71.36516
Geodetic CRS:  NAD83
[1] "Building 95 systems"
[1] "Wyoming is 1.1% complete."
[1] "Completed Wyoming @ 2025-05-14 10:37:20"
[1] "Wyoming is 2.1% complete."
[1] "Completed Wyoming @ 2025-05-14 10:37:20"
[1] "Wyoming is 3.2% complete."
[1] "Completed Wyoming @ 2025-05-14 10:37:20"
[1] "Wyoming is 4.2% complete."
[1] "Completed Wyoming @ 2025-05-14 10:37:20"
[1] "Wyoming is 5.3% complete."
[1] "Completed Wyoming @ 2025-05-14 10:37:20"
[1] "Wyoming is 6.3% complete."
[1] "Completed Wyoming @ 2025-05-14 10:37:20"
[1] "Wyoming is 7.4% complete."
[1] "Completed Wyoming @ 2025-05-14 10:37:20"
[1] "Wyoming is 8.4% complete."
[1] "Completed Wyoming @ 2025-05-14 10:37:20"
[1] "Wyoming is 9.5% complete."
[1] "Completed Wyoming @ 2025-05-14 10:37:21"
[1] "Wyoming is 10.5% complete."
[1] "Completed Wyoming @ 2025-05-14 10:37:21"
[1] "Wyoming is 11.6% complete."
[1] "Completed Wyoming @ 2025-05-14 10:37:21"
[1] "Wyoming is 12.6% complete."
[1] "Completed Wyoming @ 2025-05-14 10:37:21"
[1] "Wyoming is 13.7% complete."
[1] "Completed Wyoming @ 2025-05-14 10:37:21"
[1] "Wyoming is 14.7% complete."
[1] "Completed Wyoming @ 2025-05-14 10:37:21"
[1] "Wyoming is 15.8% complete."
[1] "Completed Wyoming @ 2025-05-14 10:37:21"
[1] "Wyoming is 16.8% complete."
[1] "Completed Wyoming @ 2025-05-14 10:37:21"
[1] "Wyoming is 17.9% complete."
[1] "Completed Wyoming @ 2025-05-14 10:37:21"
[1] "Wyoming is 18.9% complete."
[1] "Completed Wyoming @ 2025-05-14 10:37:21"
[1] "Wyoming is 20% complete."
[1] "Completed Wyoming @ 2025-05-14 10:37:21"
[1] "Wyoming is 21.1% complete."
[1] "Completed Wyoming @ 2025-05-14 10:37:21"
[1] "Wyoming is 22.1% complete."
[1] "Completed Wyoming @ 2025-05-14 10:37:21"
[1] "Wyoming is 23.2% complete."
[1] "Completed Wyoming @ 2025-05-14 10:37:22"
[1] "Wyoming is 24.2% complete."
[1] "Completed Wyoming @ 2025-05-14 10:37:22"
[1] "Wyoming is 25.3% complete."
[1] "Completed Wyoming @ 2025-05-14 10:37:22"
[1] "Wyoming is 26.3% complete."
[1] "Completed Wyoming @ 2025-05-14 10:37:22"
[1] "Wyoming is 27.4% complete."
[1] "Completed Wyoming @ 2025-05-14 10:37:22"
[1] "Wyoming is 28.4% complete."
[1] "Completed Wyoming @ 2025-05-14 10:37:23"
[1] "Wyoming is 29.5% complete."
[1] "Completed Wyoming @ 2025-05-14 10:37:23"
[1] "Wyoming is 30.5% complete."
[1] "Completed Wyoming @ 2025-05-14 10:37:23"
[1] "Wyoming is 31.6% complete."
[1] "Completed Wyoming @ 2025-05-14 10:37:23"
[1] "Wyoming is 32.6% complete."
[1] "Completed Wyoming @ 2025-05-14 10:37:23"
[1] "Wyoming is 33.7% complete."
[1] "Completed Wyoming @ 2025-05-14 10:37:23"
[1] "Wyoming is 34.7% complete."
[1] "Completed Wyoming @ 2025-05-14 10:37:23"
[1] "Wyoming is 35.8% complete."
[1] "Completed Wyoming @ 2025-05-14 10:37:23"
[1] "Wyoming is 36.8% complete."
[1] "Completed Wyoming @ 2025-05-14 10:37:23"
[1] "Wyoming is 37.9% complete."
[1] "Completed Wyoming @ 2025-05-14 10:37:23"
[1] "Wyoming is 38.9% complete."
[1] "Completed Wyoming @ 2025-05-14 10:37:23"
[1] "Wyoming is 40% complete."
[1] "Completed Wyoming @ 2025-05-14 10:37:23"
[1] "Wyoming is 41.1% complete."
[1] "Completed Wyoming @ 2025-05-14 10:37:24"
[1] "Wyoming is 42.1% complete."
[1] "Completed Wyoming @ 2025-05-14 10:37:24"
[1] "Wyoming is 43.2% complete."
[1] "Completed Wyoming @ 2025-05-14 10:37:24"
[1] "Wyoming is 44.2% complete."
[1] "Completed Wyoming @ 2025-05-14 10:37:24"
[1] "Wyoming is 45.3% complete."
[1] "Completed Wyoming @ 2025-05-14 10:37:24"
[1] "Wyoming is 46.3% complete."
[1] "Completed Wyoming @ 2025-05-14 10:37:24"
[1] "Wyoming is 47.4% complete."
[1] "Completed Wyoming @ 2025-05-14 10:37:24"
[1] "Wyoming is 48.4% complete."
[1] "Completed Wyoming @ 2025-05-14 10:37:24"
[1] "Wyoming is 49.5% complete."
[1] "Completed Wyoming @ 2025-05-14 10:37:24"
[1] "Wyoming is 50.5% complete."
[1] "Completed Wyoming @ 2025-05-14 10:37:24"
[1] "Wyoming is 51.6% complete."
[1] "Completed Wyoming @ 2025-05-14 10:37:24"
[1] "Wyoming is 52.6% complete."
[1] "Completed Wyoming @ 2025-05-14 10:37:25"
[1] "Wyoming is 53.7% complete."
[1] "Completed Wyoming @ 2025-05-14 10:37:25"
[1] "Wyoming is 54.7% complete."
[1] "Completed Wyoming @ 2025-05-14 10:37:25"
[1] "Wyoming is 55.8% complete."
[1] "Completed Wyoming @ 2025-05-14 10:37:25"
[1] "Wyoming is 56.8% complete."
[1] "Completed Wyoming @ 2025-05-14 10:37:25"
[1] "Wyoming is 57.9% complete."
[1] "Completed Wyoming @ 2025-05-14 10:37:25"
[1] "Wyoming is 58.9% complete."
[1] "Completed Wyoming @ 2025-05-14 10:37:26"
[1] "Wyoming is 60% complete."
[1] "Completed Wyoming @ 2025-05-14 10:37:26"
[1] "Wyoming is 61.1% complete."
[1] "Completed Wyoming @ 2025-05-14 10:37:26"
[1] "Wyoming is 62.1% complete."
[1] "Completed Wyoming @ 2025-05-14 10:37:26"
[1] "Wyoming is 63.2% complete."
[1] "Completed Wyoming @ 2025-05-14 10:37:26"
[1] "Wyoming is 64.2% complete."
[1] "Completed Wyoming @ 2025-05-14 10:37:26"
[1] "Wyoming is 65.3% complete."
[1] "Completed Wyoming @ 2025-05-14 10:37:26"
[1] "Wyoming is 66.3% complete."
[1] "Completed Wyoming @ 2025-05-14 10:37:26"
[1] "Wyoming is 67.4% complete."
[1] "Completed Wyoming @ 2025-05-14 10:37:26"
[1] "Wyoming is 68.4% complete."
[1] "Completed Wyoming @ 2025-05-14 10:37:26"
[1] "Wyoming is 69.5% complete."
[1] "Completed Wyoming @ 2025-05-14 10:37:27"
[1] "Wyoming is 70.5% complete."
[1] "Completed Wyoming @ 2025-05-14 10:37:27"
[1] "Wyoming is 71.6% complete."
[1] "Completed Wyoming @ 2025-05-14 10:37:27"
[1] "Wyoming is 72.6% complete."
[1] "Completed Wyoming @ 2025-05-14 10:37:27"
[1] "Wyoming is 73.7% complete."
[1] "Completed Wyoming @ 2025-05-14 10:37:27"
[1] "Wyoming is 74.7% complete."
[1] "Completed Wyoming @ 2025-05-14 10:37:27"
[1] "Wyoming is 75.8% complete."
[1] "Completed Wyoming @ 2025-05-14 10:37:27"
[1] "Wyoming is 76.8% complete."
[1] "Completed Wyoming @ 2025-05-14 10:37:27"
[1] "Wyoming is 77.9% complete."
[1] "Completed Wyoming @ 2025-05-14 10:37:27"
[1] "Wyoming is 78.9% complete."
[1] "Completed Wyoming @ 2025-05-14 10:37:28"
[1] "Wyoming is 80% complete."
[1] "Completed Wyoming @ 2025-05-14 10:37:28"
[1] "Wyoming is 81.1% complete."
[1] "Completed Wyoming @ 2025-05-14 10:37:28"
[1] "Wyoming is 82.1% complete."
[1] "Completed Wyoming @ 2025-05-14 10:37:28"
[1] "Wyoming is 83.2% complete."
[1] "Completed Wyoming @ 2025-05-14 10:37:28"
[1] "Wyoming is 84.2% complete."
[1] "Completed Wyoming @ 2025-05-14 10:37:28"
[1] "Wyoming is 85.3% complete."
[1] "Completed Wyoming @ 2025-05-14 10:37:29"
[1] "Wyoming is 86.3% complete."
[1] "Completed Wyoming @ 2025-05-14 10:37:29"
[1] "Wyoming is 87.4% complete."
[1] "Completed Wyoming @ 2025-05-14 10:37:29"
[1] "Wyoming is 88.4% complete."
[1] "Completed Wyoming @ 2025-05-14 10:37:29"
[1] "Wyoming is 89.5% complete."
[1] "Completed Wyoming @ 2025-05-14 10:37:29"
[1] "Wyoming is 90.5% complete."
[1] "Completed Wyoming @ 2025-05-14 10:37:29"
[1] "Wyoming is 91.6% complete."
[1] "Completed Wyoming @ 2025-05-14 10:37:30"
[1] "Wyoming is 92.6% complete."
[1] "Completed Wyoming @ 2025-05-14 10:37:30"
[1] "Wyoming is 93.7% complete."
[1] "Completed Wyoming @ 2025-05-14 10:37:30"
[1] "Wyoming is 94.7% complete."
[1] "Completed Wyoming @ 2025-05-14 10:37:31"
[1] "Wyoming is 95.8% complete."
[1] "Completed Wyoming @ 2025-05-14 10:37:31"
[1] "Wyoming is 96.8% complete."
[1] "Completed Wyoming @ 2025-05-14 10:37:31"
[1] "Wyoming is 97.9% complete."
[1] "Completed Wyoming @ 2025-05-14 10:37:32"
[1] "Wyoming is 98.9% complete."
[1] "Completed Wyoming @ 2025-05-14 10:37:32"
[1] "Wyoming is 100% complete."
[1] "Completed Wyoming @ 2025-05-14 10:37:33"
Deleting layer `Pop' using driver `GPKG'
Writing layer `Pop' to data source 
  `/work/GRDVULN/sewershed/Model/Create_Boundaries/outputs/Pop_Delineated/FP_56.gpkg' using driver `GPKG'
Writing 95 features with 10 fields and geometry type Unknown (any).
[1] "SCRIPT COMPLETE @ 2025-05-14 10:37:40"
