[1] "Starting Alaska"
[1] "Ignoring hexagons already assigned to 0 Systems"
Reading layer `cb_2021_us_state_500k' from data source 
  `/work/GRDVULN/data/cb_2021_us_all_500k.gdb' using driver `OpenFileGDB'
Simple feature collection with 56 features and 9 fields
Geometry type: MULTIPOLYGON
Dimension:     XY
Bounding box:  xmin: -179.1489 ymin: -14.5487 xmax: 179.7785 ymax: 71.36516
Geodetic CRS:  NAD83
[1] "Building 15 systems"
[1] "Alaska is 6.7% complete."
[1] "Alaska is 13.3% complete."
[1] "Alaska is 20% complete."
[1] "Alaska is 26.7% complete."
[1] "Alaska is 33.3% complete."
[1] "Alaska is 40% complete."
[1] "Alaska is 46.7% complete."
[1] "Alaska is 53.3% complete."
[1] "Alaska is 60% complete."
[1] "Alaska is 66.7% complete."
[1] "Alaska is 73.3% complete."
[1] "Alaska is 80% complete."
[1] "Alaska is 86.7% complete."
[1] "Alaska is 93.3% complete."
[1] "Alaska is 100% complete."
[1] "Completed Alaska @ 2025-05-27 09:50:17"
Deleting layer `weighted' using driver `GPKG'
Writing layer `weighted' to data source 
  `/work/GRDVULN/sewershed/Model/Create_Boundaries/outputs/Weighted/FP_02.gpkg' using driver `GPKG'
Writing 14 features with 10 fields and geometry type Unknown (any).
[1] "SCRIPT COMPLETE @ 2025-05-27 09:50:17"
