[1] "Starting Arizona"
[1] "Ignoring hexagons already assigned to 6 Systems"
Reading layer `cb_2021_us_state_500k' from data source 
  `/work/GRDVULN/data/cb_2021_us_all_500k.gdb' using driver `OpenFileGDB'
Simple feature collection with 56 features and 9 fields
Geometry type: MULTIPOLYGON
Dimension:     XY
Bounding box:  xmin: -179.1489 ymin: -14.5487 xmax: 179.7785 ymax: 71.36516
Geodetic CRS:  NAD83
[1] "Building 112 systems"
[1] "Arizona is 0.9% complete."
[1] "Arizona is 1.8% complete."
[1] "Arizona is 2.7% complete."
[1] "Arizona is 3.6% complete."
[1] "Arizona is 4.5% complete."
[1] "Arizona is 5.4% complete."
[1] "Arizona is 6.2% complete."
[1] "Arizona is 7.1% complete."
[1] "Arizona is 8% complete."
[1] "Arizona is 8.9% complete."
[1] "Arizona is 9.8% complete."
[1] "Arizona is 10.7% complete."
[1] "Arizona is 11.6% complete."
[1] "Arizona is 12.5% complete."
[1] "Arizona is 13.4% complete."
[1] "Arizona is 14.3% complete."
[1] "Arizona is 15.2% complete."
[1] "Arizona is 16.1% complete."
[1] "Arizona is 17% complete."
[1] "Arizona is 17.9% complete."
[1] "Arizona is 18.8% complete."
[1] "Arizona is 19.6% complete."
[1] "Arizona is 20.5% complete."
[1] "Arizona is 21.4% complete."
[1] "Arizona is 22.3% complete."
[1] "Arizona is 23.2% complete."
[1] "Arizona is 24.1% complete."
[1] "Arizona is 25% complete."
[1] "Arizona is 25.9% complete."
[1] "Arizona is 26.8% complete."
[1] "Arizona is 27.7% complete."
[1] "Arizona is 28.6% complete."
[1] "Arizona is 29.5% complete."
[1] "Arizona is 30.4% complete."
[1] "Arizona is 31.2% complete."
[1] "Arizona is 32.1% complete."
[1] "Arizona is 33% complete."
[1] "Arizona is 33.9% complete."
[1] "Arizona is 34.8% complete."
[1] "Arizona is 35.7% complete."
[1] "Arizona is 36.6% complete."
[1] "Arizona is 37.5% complete."
[1] "Arizona is 38.4% complete."
[1] "Arizona is 39.3% complete."
[1] "Arizona is 40.2% complete."
[1] "Arizona is 41.1% complete."
[1] "Arizona is 42% complete."
[1] "Arizona is 42.9% complete."
[1] "Arizona is 43.8% complete."
[1] "Arizona is 44.6% complete."
[1] "Arizona is 45.5% complete."
[1] "Arizona is 46.4% complete."
[1] "Arizona is 47.3% complete."
[1] "Arizona is 48.2% complete."
[1] "Arizona is 49.1% complete."
[1] "Arizona is 50% complete."
[1] "Arizona is 50.9% complete."
[1] "Arizona is 51.8% complete."
[1] "Arizona is 52.7% complete."
[1] "Arizona is 53.6% complete."
[1] "Arizona is 54.5% complete."
[1] "Arizona is 55.4% complete."
[1] "Arizona is 56.2% complete."
[1] "Arizona is 57.1% complete."
[1] "Arizona is 58% complete."
[1] "Arizona is 58.9% complete."
[1] "Arizona is 59.8% complete."
[1] "Arizona is 60.7% complete."
[1] "Arizona is 61.6% complete."
[1] "Arizona is 62.5% complete."
[1] "Arizona is 63.4% complete."
[1] "Arizona is 64.3% complete."
[1] "Arizona is 65.2% complete."
[1] "Arizona is 66.1% complete."
[1] "Arizona is 67% complete."
[1] "Arizona is 67.9% complete."
[1] "Arizona is 68.8% complete."
[1] "Arizona is 69.6% complete."
[1] "Arizona is 70.5% complete."
[1] "Arizona is 71.4% complete."
[1] "Arizona is 72.3% complete."
[1] "Arizona is 73.2% complete."
[1] "Arizona is 74.1% complete."
[1] "Arizona is 75% complete."
[1] "Arizona is 75.9% complete."
[1] "Arizona is 76.8% complete."
[1] "Arizona is 77.7% complete."
[1] "Arizona is 78.6% complete."
[1] "Arizona is 79.5% complete."
[1] "Arizona is 80.4% complete."
[1] "Arizona is 81.2% complete."
[1] "Arizona is 82.1% complete."
[1] "Arizona is 83% complete."
[1] "Arizona is 83.9% complete."
[1] "Arizona is 84.8% complete."
[1] "Arizona is 85.7% complete."
[1] "Arizona is 86.6% complete."
[1] "Arizona is 87.5% complete."
[1] "Arizona is 88.4% complete."
[1] "Arizona is 89.3% complete."
[1] "Arizona is 90.2% complete."
[1] "Arizona is 91.1% complete."
[1] "Arizona is 92% complete."
[1] "Arizona is 92.9% complete."
[1] "Arizona is 93.8% complete."
[1] "Arizona is 94.6% complete."
[1] "Arizona is 95.5% complete."
[1] "Arizona is 96.4% complete."
[1] "Arizona is 97.3% complete."
[1] "Arizona is 98.2% complete."
[1] "Arizona is 99.1% complete."
[1] "Arizona is 100% complete."
[1] "Completed Arizona @ 2025-05-27 09:51:16"
Deleting layer `weighted' using driver `GPKG'
Writing layer `weighted' to data source 
  `/work/GRDVULN/sewershed/Model/Create_Boundaries/outputs/Weighted/FP_04.gpkg' using driver `GPKG'
Writing 112 features with 10 fields and geometry type Unknown (any).
[1] "SCRIPT COMPLETE @ 2025-05-27 09:51:24"
