[1] "Starting Florida"
[1] "Ignoring hexagons already assigned to 152 Systems"
Reading layer `cb_2021_us_state_500k' from data source 
  `/work/GRDVULN/data/cb_2021_us_all_500k.gdb' using driver `OpenFileGDB'
Simple feature collection with 56 features and 9 fields
Geometry type: MULTIPOLYGON
Dimension:     XY
Bounding box:  xmin: -179.1489 ymin: -14.5487 xmax: 179.7785 ymax: 71.36516
Geodetic CRS:  NAD83
[1] "Building 219 systems"
[1] "Florida is 0.5% complete."
[1] "Florida is 0.9% complete."
[1] "Florida is 1.4% complete."
[1] "Florida is 1.8% complete."
[1] "Florida is 2.3% complete."
[1] "Florida is 2.7% complete."
[1] "Florida is 3.2% complete."
[1] "Florida is 3.7% complete."
[1] "Florida is 4.1% complete."
[1] "Florida is 4.6% complete."
[1] "Florida is 5% complete."
[1] "Florida is 5.5% complete."
[1] "Florida is 5.9% complete."
[1] "Florida is 6.4% complete."
[1] "Florida is 6.8% complete."
[1] "Florida is 7.3% complete."
[1] "Florida is 7.8% complete."
[1] "Florida is 8.2% complete."
[1] "Florida is 8.7% complete."
[1] "Florida is 9.1% complete."
[1] "Florida is 9.6% complete."
[1] "Florida is 10% complete."
[1] "Florida is 10.5% complete."
[1] "Florida is 11% complete."
[1] "Florida is 11.4% complete."
[1] "Florida is 11.9% complete."
[1] "Florida is 12.3% complete."
[1] "Florida is 12.8% complete."
[1] "Florida is 13.2% complete."
[1] "Florida is 13.7% complete."
[1] "Florida is 14.2% complete."
[1] "Florida is 14.6% complete."
[1] "Florida is 15.1% complete."
[1] "Florida is 15.5% complete."
[1] "Florida is 16% complete."
[1] "Florida is 16.4% complete."
[1] "Florida is 16.9% complete."
[1] "Florida is 17.4% complete."
[1] "Florida is 17.8% complete."
[1] "Florida is 18.3% complete."
[1] "Florida is 18.7% complete."
[1] "Florida is 19.2% complete."
[1] "Florida is 19.6% complete."
[1] "Florida is 20.1% complete."
[1] "Florida is 20.5% complete."
[1] "Florida is 21% complete."
[1] "Florida is 21.5% complete."
[1] "Florida is 21.9% complete."
[1] "Florida is 22.4% complete."
[1] "Florida is 22.8% complete."
[1] "Florida is 23.3% complete."
[1] "Florida is 23.7% complete."
[1] "Florida is 24.2% complete."
[1] "Florida is 24.7% complete."
[1] "Florida is 25.1% complete."
[1] "Florida is 25.6% complete."
[1] "Florida is 26% complete."
[1] "Florida is 26.5% complete."
[1] "Florida is 26.9% complete."
[1] "Florida is 27.4% complete."
[1] "Florida is 27.9% complete."
[1] "Florida is 28.3% complete."
[1] "Florida is 28.8% complete."
[1] "Florida is 29.2% complete."
[1] "Florida is 29.7% complete."
[1] "Florida is 30.1% complete."
[1] "Florida is 30.6% complete."
[1] "Florida is 31.1% complete."
[1] "Florida is 31.5% complete."
[1] "Florida is 32% complete."
[1] "Florida is 32.4% complete."
[1] "Florida is 32.9% complete."
[1] "Florida is 33.3% complete."
[1] "Florida is 33.8% complete."
[1] "Florida is 34.2% complete."
[1] "Florida is 34.7% complete."
[1] "Florida is 35.2% complete."
[1] "Florida is 35.6% complete."
[1] "Florida is 36.1% complete."
[1] "Florida is 36.5% complete."
[1] "Florida is 37% complete."
[1] "Florida is 37.4% complete."
[1] "Florida is 37.9% complete."
[1] "Florida is 38.4% complete."
[1] "Florida is 38.8% complete."
[1] "Florida is 39.3% complete."
[1] "Florida is 39.7% complete."
[1] "Florida is 40.2% complete."
[1] "Florida is 40.6% complete."
[1] "Florida is 41.1% complete."
[1] "Florida is 41.6% complete."
[1] "Florida is 42% complete."
[1] "Florida is 42.5% complete."
[1] "Florida is 42.9% complete."
[1] "Florida is 43.4% complete."
[1] "Florida is 43.8% complete."
[1] "Florida is 44.3% complete."
[1] "Florida is 44.7% complete."
[1] "Florida is 45.2% complete."
[1] "Florida is 45.7% complete."
[1] "Florida is 46.1% complete."
[1] "Florida is 46.6% complete."
[1] "Florida is 47% complete."
[1] "Florida is 47.5% complete."
[1] "Florida is 47.9% complete."
[1] "Florida is 48.4% complete."
[1] "Florida is 48.9% complete."
[1] "Florida is 49.3% complete."
[1] "Florida is 49.8% complete."
[1] "Florida is 50.2% complete."
[1] "Florida is 50.7% complete."
[1] "Florida is 51.1% complete."
[1] "Florida is 51.6% complete."
[1] "Florida is 52.1% complete."
[1] "Florida is 52.5% complete."
[1] "Florida is 53% complete."
[1] "Florida is 53.4% complete."
[1] "Florida is 53.9% complete."
[1] "Florida is 54.3% complete."
[1] "Florida is 54.8% complete."
[1] "Florida is 55.3% complete."
[1] "Florida is 55.7% complete."
[1] "Florida is 56.2% complete."
[1] "Florida is 56.6% complete."
[1] "Florida is 57.1% complete."
[1] "Florida is 57.5% complete."
[1] "Florida is 58% complete."
[1] "Florida is 58.4% complete."
[1] "Florida is 58.9% complete."
[1] "Florida is 59.4% complete."
[1] "Florida is 59.8% complete."
[1] "Florida is 60.3% complete."
[1] "Florida is 60.7% complete."
[1] "Florida is 61.2% complete."
[1] "Florida is 61.6% complete."
[1] "Florida is 62.1% complete."
[1] "Florida is 62.6% complete."
[1] "Florida is 63% complete."
[1] "Florida is 63.5% complete."
[1] "Florida is 63.9% complete."
[1] "Florida is 64.4% complete."
[1] "Florida is 64.8% complete."
[1] "Florida is 65.3% complete."
[1] "Florida is 65.8% complete."
[1] "Florida is 66.2% complete."
[1] "Florida is 66.7% complete."
[1] "Florida is 67.1% complete."
[1] "Florida is 67.6% complete."
[1] "Florida is 68% complete."
[1] "Florida is 68.5% complete."
[1] "Florida is 68.9% complete."
[1] "Florida is 69.4% complete."
[1] "Florida is 69.9% complete."
[1] "Florida is 70.3% complete."
[1] "Florida is 70.8% complete."
[1] "Florida is 71.2% complete."
[1] "Florida is 71.7% complete."
[1] "Florida is 72.1% complete."
[1] "Florida is 72.6% complete."
[1] "Florida is 73.1% complete."
[1] "Florida is 73.5% complete."
[1] "Florida is 74% complete."
[1] "Florida is 74.4% complete."
[1] "Florida is 74.9% complete."
[1] "Florida is 75.3% complete."
[1] "Florida is 75.8% complete."
[1] "Florida is 76.3% complete."
[1] "Florida is 76.7% complete."
[1] "Florida is 77.2% complete."
[1] "Florida is 77.6% complete."
[1] "Florida is 78.1% complete."
[1] "Florida is 78.5% complete."
[1] "Florida is 79% complete."
[1] "Florida is 79.5% complete."
[1] "Florida is 79.9% complete."
[1] "Florida is 80.4% complete."
[1] "Florida is 80.8% complete."
[1] "Florida is 81.3% complete."
[1] "Florida is 81.7% complete."
[1] "Florida is 82.2% complete."
[1] "Florida is 82.6% complete."
[1] "Florida is 83.1% complete."
[1] "Florida is 83.6% complete."
[1] "Florida is 84% complete."
[1] "Florida is 84.5% complete."
[1] "Florida is 84.9% complete."
[1] "Florida is 85.4% complete."
[1] "Florida is 85.8% complete."
[1] "Florida is 86.3% complete."
[1] "Florida is 86.8% complete."
[1] "Florida is 87.2% complete."
[1] "Florida is 87.7% complete."
[1] "Florida is 88.1% complete."
[1] "Florida is 88.6% complete."
[1] "Florida is 89% complete."
[1] "Florida is 89.5% complete."
[1] "Florida is 90% complete."
[1] "Florida is 90.4% complete."
[1] "Florida is 90.9% complete."
[1] "Florida is 91.3% complete."
[1] "Florida is 91.8% complete."
[1] "Florida is 92.2% complete."
[1] "Florida is 92.7% complete."
[1] "Florida is 93.2% complete."
[1] "Florida is 93.6% complete."
[1] "Florida is 94.1% complete."
[1] "Florida is 94.5% complete."
[1] "Florida is 95% complete."
[1] "Florida is 95.4% complete."
[1] "Florida is 95.9% complete."
[1] "Florida is 96.3% complete."
[1] "Florida is 96.8% complete."
[1] "Florida is 97.3% complete."
[1] "Florida is 97.7% complete."
[1] "Florida is 98.2% complete."
[1] "Florida is 98.6% complete."
[1] "Florida is 99.1% complete."
[1] "Florida is 99.5% complete."
[1] "Florida is 100% complete."
[1] "Completed Florida @ 2025-05-27 09:53:10"
Deleting layer `weighted' using driver `GPKG'
Writing layer `weighted' to data source 
  `/work/GRDVULN/sewershed/Model/Create_Boundaries/outputs/Weighted/FP_12.gpkg' using driver `GPKG'
Writing 219 features with 10 fields and geometry type Unknown (any).
[1] "SCRIPT COMPLETE @ 2025-05-27 09:53:34"
