[1] "Starting Georgia"
[1] "Ignoring hexagons already assigned to 16 Systems"
Reading layer `cb_2021_us_state_500k' from data source 
  `/work/GRDVULN/data/cb_2021_us_all_500k.gdb' using driver `OpenFileGDB'
Simple feature collection with 56 features and 9 fields
Geometry type: MULTIPOLYGON
Dimension:     XY
Bounding box:  xmin: -179.1489 ymin: -14.5487 xmax: 179.7785 ymax: 71.36516
Geodetic CRS:  NAD83
[1] "Building 415 systems"
[1] "Georgia is 0.2% complete."
[1] "Georgia is 0.5% complete."
[1] "Georgia is 0.7% complete."
[1] "Georgia is 1% complete."
[1] "Georgia is 1.2% complete."
[1] "Georgia is 1.4% complete."
[1] "Georgia is 1.7% complete."
[1] "Georgia is 1.9% complete."
[1] "Georgia is 2.2% complete."
[1] "Georgia is 2.4% complete."
[1] "Georgia is 2.7% complete."
[1] "Georgia is 2.9% complete."
[1] "Georgia is 3.1% complete."
[1] "Georgia is 3.4% complete."
[1] "Georgia is 3.6% complete."
[1] "Georgia is 3.9% complete."
[1] "Georgia is 4.1% complete."
[1] "Georgia is 4.3% complete."
[1] "Georgia is 4.6% complete."
[1] "Georgia is 4.8% complete."
[1] "Georgia is 5.1% complete."
[1] "Georgia is 5.3% complete."
[1] "Georgia is 5.5% complete."
[1] "Georgia is 5.8% complete."
[1] "Georgia is 6% complete."
[1] "Georgia is 6.3% complete."
[1] "Georgia is 6.5% complete."
[1] "Georgia is 6.7% complete."
[1] "Georgia is 7% complete."
[1] "Georgia is 7.2% complete."
[1] "Georgia is 7.5% complete."
[1] "Georgia is 7.7% complete."
[1] "Georgia is 8% complete."
[1] "Georgia is 8.2% complete."
[1] "Georgia is 8.4% complete."
[1] "Georgia is 8.7% complete."
[1] "Georgia is 8.9% complete."
[1] "Georgia is 9.2% complete."
[1] "Georgia is 9.4% complete."
[1] "Georgia is 9.6% complete."
[1] "Georgia is 9.9% complete."
[1] "Georgia is 10.1% complete."
[1] "Georgia is 10.4% complete."
[1] "Georgia is 10.6% complete."
[1] "Georgia is 10.8% complete."
[1] "Georgia is 11.1% complete."
[1] "Georgia is 11.3% complete."
[1] "Georgia is 11.6% complete."
[1] "Georgia is 11.8% complete."
[1] "Georgia is 12% complete."
[1] "Georgia is 12.3% complete."
[1] "Georgia is 12.5% complete."
[1] "Georgia is 12.8% complete."
[1] "Georgia is 13% complete."
[1] "Georgia is 13.3% complete."
[1] "Georgia is 13.5% complete."
[1] "Georgia is 13.7% complete."
[1] "Georgia is 14% complete."
[1] "Georgia is 14.2% complete."
[1] "Georgia is 14.5% complete."
[1] "Georgia is 14.7% complete."
[1] "Georgia is 14.9% complete."
[1] "Georgia is 15.2% complete."
[1] "Georgia is 15.4% complete."
[1] "Georgia is 15.7% complete."
[1] "Georgia is 15.9% complete."
[1] "Georgia is 16.1% complete."
[1] "Georgia is 16.4% complete."
[1] "Georgia is 16.6% complete."
[1] "Georgia is 16.9% complete."
[1] "Georgia is 17.1% complete."
[1] "Georgia is 17.3% complete."
[1] "Georgia is 17.6% complete."
[1] "Georgia is 17.8% complete."
[1] "Georgia is 18.1% complete."
[1] "Georgia is 18.3% complete."
[1] "Georgia is 18.6% complete."
[1] "Georgia is 18.8% complete."
[1] "Georgia is 19% complete."
[1] "Georgia is 19.3% complete."
[1] "Georgia is 19.5% complete."
[1] "Georgia is 19.8% complete."
[1] "Georgia is 20% complete."
[1] "Georgia is 20.2% complete."
[1] "Georgia is 20.5% complete."
[1] "Georgia is 20.7% complete."
[1] "Georgia is 21% complete."
[1] "Georgia is 21.2% complete."
[1] "Georgia is 21.4% complete."
[1] "Georgia is 21.7% complete."
[1] "Georgia is 21.9% complete."
[1] "Georgia is 22.2% complete."
[1] "Georgia is 22.4% complete."
[1] "Georgia is 22.7% complete."
[1] "Georgia is 22.9% complete."
[1] "Georgia is 23.1% complete."
[1] "Georgia is 23.4% complete."
[1] "Georgia is 23.6% complete."
[1] "Georgia is 23.9% complete."
[1] "Georgia is 24.1% complete."
[1] "Georgia is 24.3% complete."
[1] "Georgia is 24.6% complete."
[1] "Georgia is 24.8% complete."
[1] "Georgia is 25.1% complete."
[1] "Georgia is 25.3% complete."
[1] "Georgia is 25.5% complete."
[1] "Georgia is 25.8% complete."
[1] "Georgia is 26% complete."
[1] "Georgia is 26.3% complete."
[1] "Georgia is 26.5% complete."
[1] "Georgia is 26.7% complete."
[1] "Georgia is 27% complete."
[1] "Georgia is 27.2% complete."
[1] "Georgia is 27.5% complete."
[1] "Georgia is 27.7% complete."
[1] "Georgia is 28% complete."
[1] "Georgia is 28.2% complete."
[1] "Georgia is 28.4% complete."
[1] "Georgia is 28.7% complete."
[1] "Georgia is 28.9% complete."
[1] "Georgia is 29.2% complete."
[1] "Georgia is 29.4% complete."
[1] "Georgia is 29.6% complete."
[1] "Georgia is 29.9% complete."
[1] "Georgia is 30.1% complete."
[1] "Georgia is 30.4% complete."
[1] "Georgia is 30.6% complete."
[1] "Georgia is 30.8% complete."
[1] "Georgia is 31.1% complete."
[1] "Georgia is 31.3% complete."
[1] "Georgia is 31.6% complete."
[1] "Georgia is 31.8% complete."
[1] "Georgia is 32% complete."
[1] "Georgia is 32.3% complete."
[1] "Georgia is 32.5% complete."
[1] "Georgia is 32.8% complete."
[1] "Georgia is 33% complete."
[1] "Georgia is 33.3% complete."
[1] "Georgia is 33.5% complete."
[1] "Georgia is 33.7% complete."
[1] "Georgia is 34% complete."
[1] "Georgia is 34.2% complete."
[1] "Georgia is 34.5% complete."
[1] "Georgia is 34.7% complete."
[1] "Georgia is 34.9% complete."
[1] "Georgia is 35.2% complete."
[1] "Georgia is 35.4% complete."
[1] "Georgia is 35.7% complete."
[1] "Georgia is 35.9% complete."
[1] "Georgia is 36.1% complete."
[1] "Georgia is 36.4% complete."
[1] "Georgia is 36.6% complete."
[1] "Georgia is 36.9% complete."
[1] "Georgia is 37.1% complete."
[1] "Georgia is 37.3% complete."
[1] "Georgia is 37.6% complete."
[1] "Georgia is 37.8% complete."
[1] "Georgia is 38.1% complete."
[1] "Georgia is 38.3% complete."
[1] "Georgia is 38.6% complete."
[1] "Georgia is 38.8% complete."
[1] "Georgia is 39% complete."
[1] "Georgia is 39.3% complete."
[1] "Georgia is 39.5% complete."
[1] "Georgia is 39.8% complete."
[1] "Georgia is 40% complete."
[1] "Georgia is 40.2% complete."
[1] "Georgia is 40.5% complete."
[1] "Georgia is 40.7% complete."
[1] "Georgia is 41% complete."
[1] "Georgia is 41.2% complete."
[1] "Georgia is 41.4% complete."
[1] "Georgia is 41.7% complete."
[1] "Georgia is 41.9% complete."
[1] "Georgia is 42.2% complete."
[1] "Georgia is 42.4% complete."
[1] "Georgia is 42.7% complete."
[1] "Georgia is 42.9% complete."
[1] "Georgia is 43.1% complete."
[1] "Georgia is 43.4% complete."
[1] "Georgia is 43.6% complete."
[1] "Georgia is 43.9% complete."
[1] "Georgia is 44.1% complete."
[1] "Georgia is 44.3% complete."
[1] "Georgia is 44.6% complete."
[1] "Georgia is 44.8% complete."
[1] "Georgia is 45.1% complete."
[1] "Georgia is 45.3% complete."
[1] "Georgia is 45.5% complete."
[1] "Georgia is 45.8% complete."
[1] "Georgia is 46% complete."
[1] "Georgia is 46.3% complete."
[1] "Georgia is 46.5% complete."
[1] "Georgia is 46.7% complete."
[1] "Georgia is 47% complete."
[1] "Georgia is 47.2% complete."
[1] "Georgia is 47.5% complete."
[1] "Georgia is 47.7% complete."
[1] "Georgia is 48% complete."
[1] "Georgia is 48.2% complete."
[1] "Georgia is 48.4% complete."
[1] "Georgia is 48.7% complete."
[1] "Georgia is 48.9% complete."
[1] "Georgia is 49.2% complete."
[1] "Georgia is 49.4% complete."
[1] "Georgia is 49.6% complete."
[1] "Georgia is 49.9% complete."
[1] "Georgia is 50.1% complete."
[1] "Georgia is 50.4% complete."
[1] "Georgia is 50.6% complete."
[1] "Georgia is 50.8% complete."
[1] "Georgia is 51.1% complete."
[1] "Georgia is 51.3% complete."
[1] "Georgia is 51.6% complete."
[1] "Georgia is 51.8% complete."
[1] "Georgia is 52% complete."
[1] "Georgia is 52.3% complete."
[1] "Georgia is 52.5% complete."
[1] "Georgia is 52.8% complete."
[1] "Georgia is 53% complete."
[1] "Georgia is 53.3% complete."
[1] "Georgia is 53.5% complete."
[1] "Georgia is 53.7% complete."
[1] "Georgia is 54% complete."
[1] "Georgia is 54.2% complete."
[1] "Georgia is 54.5% complete."
[1] "Georgia is 54.7% complete."
[1] "Georgia is 54.9% complete."
[1] "Georgia is 55.2% complete."
[1] "Georgia is 55.4% complete."
[1] "Georgia is 55.7% complete."
[1] "Georgia is 55.9% complete."
[1] "Georgia is 56.1% complete."
[1] "Georgia is 56.4% complete."
[1] "Georgia is 56.6% complete."
[1] "Georgia is 56.9% complete."
[1] "Georgia is 57.1% complete."
[1] "Georgia is 57.3% complete."
[1] "Georgia is 57.6% complete."
[1] "Georgia is 57.8% complete."
[1] "Georgia is 58.1% complete."
[1] "Georgia is 58.3% complete."
[1] "Georgia is 58.6% complete."
[1] "Georgia is 58.8% complete."
[1] "Georgia is 59% complete."
[1] "Georgia is 59.3% complete."
[1] "Georgia is 59.5% complete."
[1] "Georgia is 59.8% complete."
[1] "Georgia is 60% complete."
[1] "Georgia is 60.2% complete."
[1] "Georgia is 60.5% complete."
[1] "Georgia is 60.7% complete."
[1] "Georgia is 61% complete."
[1] "Georgia is 61.2% complete."
[1] "Georgia is 61.4% complete."
[1] "Georgia is 61.7% complete."
[1] "Georgia is 61.9% complete."
[1] "Georgia is 62.2% complete."
[1] "Georgia is 62.4% complete."
[1] "Georgia is 62.7% complete."
[1] "Georgia is 62.9% complete."
[1] "Georgia is 63.1% complete."
[1] "Georgia is 63.4% complete."
[1] "Georgia is 63.6% complete."
[1] "Georgia is 63.9% complete."
[1] "Georgia is 64.1% complete."
[1] "Georgia is 64.3% complete."
[1] "Georgia is 64.6% complete."
[1] "Georgia is 64.8% complete."
[1] "Georgia is 65.1% complete."
[1] "Georgia is 65.3% complete."
[1] "Georgia is 65.5% complete."
[1] "Georgia is 65.8% complete."
[1] "Georgia is 66% complete."
[1] "Georgia is 66.3% complete."
[1] "Georgia is 66.5% complete."
[1] "Georgia is 66.7% complete."
[1] "Georgia is 67% complete."
[1] "Georgia is 67.2% complete."
[1] "Georgia is 67.5% complete."
[1] "Georgia is 67.7% complete."
[1] "Georgia is 68% complete."
[1] "Georgia is 68.2% complete."
[1] "Georgia is 68.4% complete."
[1] "Georgia is 68.7% complete."
[1] "Georgia is 68.9% complete."
[1] "Georgia is 69.2% complete."
[1] "Georgia is 69.4% complete."
[1] "Georgia is 69.6% complete."
[1] "Georgia is 69.9% complete."
[1] "Georgia is 70.1% complete."
[1] "Georgia is 70.4% complete."
[1] "Georgia is 70.6% complete."
[1] "Georgia is 70.8% complete."
[1] "Georgia is 71.1% complete."
[1] "Georgia is 71.3% complete."
[1] "Georgia is 71.6% complete."
[1] "Georgia is 71.8% complete."
[1] "Georgia is 72% complete."
[1] "Georgia is 72.3% complete."
[1] "Georgia is 72.5% complete."
[1] "Georgia is 72.8% complete."
[1] "Georgia is 73% complete."
[1] "Georgia is 73.3% complete."
[1] "Georgia is 73.5% complete."
[1] "Georgia is 73.7% complete."
[1] "Georgia is 74% complete."
[1] "Georgia is 74.2% complete."
[1] "Georgia is 74.5% complete."
[1] "Georgia is 74.7% complete."
[1] "Georgia is 74.9% complete."
[1] "Georgia is 75.2% complete."
[1] "Georgia is 75.4% complete."
[1] "Georgia is 75.7% complete."
[1] "Georgia is 75.9% complete."
[1] "Georgia is 76.1% complete."
[1] "Georgia is 76.4% complete."
[1] "Georgia is 76.6% complete."
[1] "Georgia is 76.9% complete."
[1] "Georgia is 77.1% complete."
[1] "Georgia is 77.3% complete."
[1] "Georgia is 77.6% complete."
[1] "Georgia is 77.8% complete."
[1] "Georgia is 78.1% complete."
[1] "Georgia is 78.3% complete."
[1] "Georgia is 78.6% complete."
[1] "Georgia is 78.8% complete."
[1] "Georgia is 79% complete."
[1] "Georgia is 79.3% complete."
[1] "Georgia is 79.5% complete."
[1] "Georgia is 79.8% complete."
[1] "Georgia is 80% complete."
[1] "Georgia is 80.2% complete."
[1] "Georgia is 80.5% complete."
[1] "Georgia is 80.7% complete."
[1] "Georgia is 81% complete."
[1] "Georgia is 81.2% complete."
[1] "Georgia is 81.4% complete."
[1] "Georgia is 81.7% complete."
[1] "Georgia is 81.9% complete."
[1] "Georgia is 82.2% complete."
[1] "Georgia is 82.4% complete."
[1] "Georgia is 82.7% complete."
[1] "Georgia is 82.9% complete."
[1] "Georgia is 83.1% complete."
[1] "Georgia is 83.4% complete."
[1] "Georgia is 83.6% complete."
[1] "Georgia is 83.9% complete."
[1] "Georgia is 84.1% complete."
[1] "Georgia is 84.3% complete."
[1] "Georgia is 84.6% complete."
[1] "Georgia is 84.8% complete."
[1] "Georgia is 85.1% complete."
[1] "Georgia is 85.3% complete."
[1] "Georgia is 85.5% complete."
[1] "Georgia is 85.8% complete."
[1] "Georgia is 86% complete."
[1] "Georgia is 86.3% complete."
[1] "Georgia is 86.5% complete."
[1] "Georgia is 86.7% complete."
[1] "Georgia is 87% complete."
[1] "Georgia is 87.2% complete."
[1] "Georgia is 87.5% complete."
[1] "Georgia is 87.7% complete."
[1] "Georgia is 88% complete."
[1] "Georgia is 88.2% complete."
[1] "Georgia is 88.4% complete."
[1] "Georgia is 88.7% complete."
[1] "Georgia is 88.9% complete."
[1] "Georgia is 89.2% complete."
[1] "Georgia is 89.4% complete."
[1] "Georgia is 89.6% complete."
[1] "Georgia is 89.9% complete."
[1] "Georgia is 90.1% complete."
[1] "Georgia is 90.4% complete."
[1] "Georgia is 90.6% complete."
[1] "Georgia is 90.8% complete."
[1] "Georgia is 91.1% complete."
[1] "Georgia is 91.3% complete."
[1] "Georgia is 91.6% complete."
[1] "Georgia is 91.8% complete."
[1] "Georgia is 92% complete."
[1] "Georgia is 92.3% complete."
[1] "Georgia is 92.5% complete."
[1] "Georgia is 92.8% complete."
[1] "Georgia is 93% complete."
[1] "Georgia is 93.3% complete."
[1] "Georgia is 93.5% complete."
[1] "Georgia is 93.7% complete."
[1] "Georgia is 94% complete."
[1] "Georgia is 94.2% complete."
[1] "Georgia is 94.5% complete."
[1] "Georgia is 94.7% complete."
[1] "Georgia is 94.9% complete."
[1] "Georgia is 95.2% complete."
[1] "Georgia is 95.4% complete."
[1] "Georgia is 95.7% complete."
[1] "Georgia is 95.9% complete."
[1] "Georgia is 96.1% complete."
[1] "Georgia is 96.4% complete."
[1] "Georgia is 96.6% complete."
[1] "Georgia is 96.9% complete."
[1] "Georgia is 97.1% complete."
[1] "Georgia is 97.3% complete."
[1] "Georgia is 97.6% complete."
[1] "Georgia is 97.8% complete."
[1] "Georgia is 98.1% complete."
[1] "Georgia is 98.3% complete."
[1] "Georgia is 98.6% complete."
[1] "Georgia is 98.8% complete."
[1] "Georgia is 99% complete."
[1] "Georgia is 99.3% complete."
[1] "Georgia is 99.5% complete."
[1] "Georgia is 99.8% complete."
[1] "Georgia is 100% complete."
[1] "Completed Georgia @ 2025-05-27 09:57:46"
Deleting layer `weighted' using driver `GPKG'
Writing layer `weighted' to data source 
  `/work/GRDVULN/sewershed/Model/Create_Boundaries/outputs/Weighted/FP_13.gpkg' using driver `GPKG'
Writing 415 features with 10 fields and geometry type Unknown (any).
[1] "SCRIPT COMPLETE @ 2025-05-27 09:58:22"
