[1] "Starting Idaho"
[1] "Ignoring hexagons already assigned to 0 Systems"
Reading layer `cb_2021_us_state_500k' from data source 
  `/work/GRDVULN/data/cb_2021_us_all_500k.gdb' using driver `OpenFileGDB'
Simple feature collection with 56 features and 9 fields
Geometry type: MULTIPOLYGON
Dimension:     XY
Bounding box:  xmin: -179.1489 ymin: -14.5487 xmax: 179.7785 ymax: 71.36516
Geodetic CRS:  NAD83
[1] "Building 182 systems"
[1] "Idaho is 0.5% complete."
[1] "Idaho is 1.1% complete."
[1] "Idaho is 1.6% complete."
[1] "Idaho is 2.2% complete."
[1] "Idaho is 2.7% complete."
[1] "Idaho is 3.3% complete."
[1] "Idaho is 3.8% complete."
[1] "Idaho is 4.4% complete."
[1] "Idaho is 4.9% complete."
[1] "Idaho is 5.5% complete."
[1] "Idaho is 6% complete."
[1] "Idaho is 6.6% complete."
[1] "Idaho is 7.1% complete."
[1] "Idaho is 7.7% complete."
[1] "Idaho is 8.2% complete."
[1] "Idaho is 8.8% complete."
[1] "Idaho is 9.3% complete."
[1] "Idaho is 9.9% complete."
[1] "Idaho is 10.4% complete."
[1] "Idaho is 11% complete."
[1] "Idaho is 11.5% complete."
[1] "Idaho is 12.1% complete."
[1] "Idaho is 12.6% complete."
[1] "Idaho is 13.2% complete."
[1] "Idaho is 13.7% complete."
[1] "Idaho is 14.3% complete."
[1] "Idaho is 14.8% complete."
[1] "Idaho is 15.4% complete."
[1] "Idaho is 15.9% complete."
[1] "Idaho is 16.5% complete."
[1] "Idaho is 17% complete."
[1] "Idaho is 17.6% complete."
[1] "Idaho is 18.1% complete."
[1] "Idaho is 18.7% complete."
[1] "Idaho is 19.2% complete."
[1] "Idaho is 19.8% complete."
[1] "Idaho is 20.3% complete."
[1] "Idaho is 20.9% complete."
[1] "Idaho is 21.4% complete."
[1] "Idaho is 22% complete."
[1] "Idaho is 22.5% complete."
[1] "Idaho is 23.1% complete."
[1] "Idaho is 23.6% complete."
[1] "Idaho is 24.2% complete."
[1] "Idaho is 24.7% complete."
[1] "Idaho is 25.3% complete."
[1] "Idaho is 25.8% complete."
[1] "Idaho is 26.4% complete."
[1] "Idaho is 26.9% complete."
[1] "Idaho is 27.5% complete."
[1] "Idaho is 28% complete."
[1] "Idaho is 28.6% complete."
[1] "Idaho is 29.1% complete."
[1] "Idaho is 29.7% complete."
[1] "Idaho is 30.2% complete."
[1] "Idaho is 30.8% complete."
[1] "Idaho is 31.3% complete."
[1] "Idaho is 31.9% complete."
[1] "Idaho is 32.4% complete."
[1] "Idaho is 33% complete."
[1] "Idaho is 33.5% complete."
[1] "Idaho is 34.1% complete."
[1] "Idaho is 34.6% complete."
[1] "Idaho is 35.2% complete."
[1] "Idaho is 35.7% complete."
[1] "Idaho is 36.3% complete."
[1] "Idaho is 36.8% complete."
[1] "Idaho is 37.4% complete."
[1] "Idaho is 37.9% complete."
[1] "Idaho is 38.5% complete."
[1] "Idaho is 39% complete."
[1] "Idaho is 39.6% complete."
[1] "Idaho is 40.1% complete."
[1] "Idaho is 40.7% complete."
[1] "Idaho is 41.2% complete."
[1] "Idaho is 41.8% complete."
[1] "Idaho is 42.3% complete."
[1] "Idaho is 42.9% complete."
[1] "Idaho is 43.4% complete."
[1] "Idaho is 44% complete."
[1] "Idaho is 44.5% complete."
[1] "Idaho is 45.1% complete."
[1] "Idaho is 45.6% complete."
[1] "Idaho is 46.2% complete."
[1] "Idaho is 46.7% complete."
[1] "Idaho is 47.3% complete."
[1] "Idaho is 47.8% complete."
[1] "Idaho is 48.4% complete."
[1] "Idaho is 48.9% complete."
[1] "Idaho is 49.5% complete."
[1] "Idaho is 50% complete."
[1] "Idaho is 50.5% complete."
[1] "Idaho is 51.1% complete."
[1] "Idaho is 51.6% complete."
[1] "Idaho is 52.2% complete."
[1] "Idaho is 52.7% complete."
[1] "Idaho is 53.3% complete."
[1] "Idaho is 53.8% complete."
[1] "Idaho is 54.4% complete."
[1] "Idaho is 54.9% complete."
[1] "Idaho is 55.5% complete."
[1] "Idaho is 56% complete."
[1] "Idaho is 56.6% complete."
[1] "Idaho is 57.1% complete."
[1] "Idaho is 57.7% complete."
[1] "Idaho is 58.2% complete."
[1] "Idaho is 58.8% complete."
[1] "Idaho is 59.3% complete."
[1] "Idaho is 59.9% complete."
[1] "Idaho is 60.4% complete."
[1] "Idaho is 61% complete."
[1] "Idaho is 61.5% complete."
[1] "Idaho is 62.1% complete."
[1] "Idaho is 62.6% complete."
[1] "Idaho is 63.2% complete."
[1] "Idaho is 63.7% complete."
[1] "Idaho is 64.3% complete."
[1] "Idaho is 64.8% complete."
[1] "Idaho is 65.4% complete."
[1] "Idaho is 65.9% complete."
[1] "Idaho is 66.5% complete."
[1] "Idaho is 67% complete."
[1] "Idaho is 67.6% complete."
[1] "Idaho is 68.1% complete."
[1] "Idaho is 68.7% complete."
[1] "Idaho is 69.2% complete."
[1] "Idaho is 69.8% complete."
[1] "Idaho is 70.3% complete."
[1] "Idaho is 70.9% complete."
[1] "Idaho is 71.4% complete."
[1] "Idaho is 72% complete."
[1] "Idaho is 72.5% complete."
[1] "Idaho is 73.1% complete."
[1] "Idaho is 73.6% complete."
[1] "Idaho is 74.2% complete."
[1] "Idaho is 74.7% complete."
[1] "Idaho is 75.3% complete."
[1] "Idaho is 75.8% complete."
[1] "Idaho is 76.4% complete."
[1] "Idaho is 76.9% complete."
[1] "Idaho is 77.5% complete."
[1] "Idaho is 78% complete."
[1] "Idaho is 78.6% complete."
[1] "Idaho is 79.1% complete."
[1] "Idaho is 79.7% complete."
[1] "Idaho is 80.2% complete."
[1] "Idaho is 80.8% complete."
[1] "Idaho is 81.3% complete."
[1] "Idaho is 81.9% complete."
[1] "Idaho is 82.4% complete."
[1] "Idaho is 83% complete."
[1] "Idaho is 83.5% complete."
[1] "Idaho is 84.1% complete."
[1] "Idaho is 84.6% complete."
[1] "Idaho is 85.2% complete."
[1] "Idaho is 85.7% complete."
[1] "Idaho is 86.3% complete."
[1] "Idaho is 86.8% complete."
[1] "Idaho is 87.4% complete."
[1] "Idaho is 87.9% complete."
[1] "Idaho is 88.5% complete."
[1] "Idaho is 89% complete."
[1] "Idaho is 89.6% complete."
[1] "Idaho is 90.1% complete."
[1] "Idaho is 90.7% complete."
[1] "Idaho is 91.2% complete."
[1] "Idaho is 91.8% complete."
[1] "Idaho is 92.3% complete."
[1] "Idaho is 92.9% complete."
[1] "Idaho is 93.4% complete."
[1] "Idaho is 94% complete."
[1] "Idaho is 94.5% complete."
[1] "Idaho is 95.1% complete."
[1] "Idaho is 95.6% complete."
[1] "Idaho is 96.2% complete."
[1] "Idaho is 96.7% complete."
[1] "Idaho is 97.3% complete."
[1] "Idaho is 97.8% complete."
[1] "Idaho is 98.4% complete."
[1] "Idaho is 98.9% complete."
[1] "Idaho is 99.5% complete."
[1] "Idaho is 100% complete."
[1] "Completed Idaho @ 2025-05-27 09:51:49"
Deleting layer `weighted' using driver `GPKG'
Writing layer `weighted' to data source 
  `/work/GRDVULN/sewershed/Model/Create_Boundaries/outputs/Weighted/FP_16.gpkg' using driver `GPKG'
Writing 182 features with 10 fields and geometry type Unknown (any).
[1] "SCRIPT COMPLETE @ 2025-05-27 09:51:57"
