[1] "Starting Illinois"
[1] "Ignoring hexagons already assigned to 37 Systems"
Reading layer `cb_2021_us_state_500k' from data source 
  `/work/GRDVULN/data/cb_2021_us_all_500k.gdb' using driver `OpenFileGDB'
Simple feature collection with 56 features and 9 fields
Geometry type: MULTIPOLYGON
Dimension:     XY
Bounding box:  xmin: -179.1489 ymin: -14.5487 xmax: 179.7785 ymax: 71.36516
Geodetic CRS:  NAD83
[1] "Building 732 systems"
[1] "Illinois is 0.1% complete."
[1] "Illinois is 0.3% complete."
[1] "Illinois is 0.4% complete."
[1] "Illinois is 0.5% complete."
[1] "Illinois is 0.7% complete."
[1] "Illinois is 0.8% complete."
[1] "Illinois is 1% complete."
[1] "Illinois is 1.1% complete."
[1] "Illinois is 1.2% complete."
[1] "Illinois is 1.4% complete."
[1] "Illinois is 1.5% complete."
[1] "Illinois is 1.6% complete."
[1] "Illinois is 1.8% complete."
[1] "Illinois is 1.9% complete."
[1] "Illinois is 2% complete."
[1] "Illinois is 2.2% complete."
[1] "Illinois is 2.3% complete."
[1] "Illinois is 2.5% complete."
[1] "Illinois is 2.6% complete."
[1] "Illinois is 2.7% complete."
[1] "Illinois is 2.9% complete."
[1] "Illinois is 3% complete."
[1] "Illinois is 3.1% complete."
[1] "Illinois is 3.3% complete."
[1] "Illinois is 3.4% complete."
[1] "Illinois is 3.6% complete."
[1] "Illinois is 3.7% complete."
[1] "Illinois is 3.8% complete."
[1] "Illinois is 4% complete."
[1] "Illinois is 4.1% complete."
[1] "Illinois is 4.2% complete."
[1] "Illinois is 4.4% complete."
[1] "Illinois is 4.5% complete."
[1] "Illinois is 4.6% complete."
[1] "Illinois is 4.8% complete."
[1] "Illinois is 4.9% complete."
[1] "Illinois is 5.1% complete."
[1] "Illinois is 5.2% complete."
[1] "Illinois is 5.3% complete."
[1] "Illinois is 5.5% complete."
[1] "Illinois is 5.6% complete."
[1] "Illinois is 5.7% complete."
[1] "Illinois is 5.9% complete."
[1] "Illinois is 6% complete."
[1] "Illinois is 6.1% complete."
[1] "Illinois is 6.3% complete."
[1] "Illinois is 6.4% complete."
[1] "Illinois is 6.6% complete."
[1] "Illinois is 6.7% complete."
[1] "Illinois is 6.8% complete."
[1] "Illinois is 7% complete."
[1] "Illinois is 7.1% complete."
[1] "Illinois is 7.2% complete."
[1] "Illinois is 7.4% complete."
[1] "Illinois is 7.5% complete."
[1] "Illinois is 7.7% complete."
[1] "Illinois is 7.8% complete."
[1] "Illinois is 7.9% complete."
[1] "Illinois is 8.1% complete."
[1] "Illinois is 8.2% complete."
[1] "Illinois is 8.3% complete."
[1] "Illinois is 8.5% complete."
[1] "Illinois is 8.6% complete."
[1] "Illinois is 8.7% complete."
[1] "Illinois is 8.9% complete."
[1] "Illinois is 9% complete."
[1] "Illinois is 9.2% complete."
[1] "Illinois is 9.3% complete."
[1] "Illinois is 9.4% complete."
[1] "Illinois is 9.6% complete."
[1] "Illinois is 9.7% complete."
[1] "Illinois is 9.8% complete."
[1] "Illinois is 10% complete."
[1] "Illinois is 10.1% complete."
[1] "Illinois is 10.2% complete."
[1] "Illinois is 10.4% complete."
[1] "Illinois is 10.5% complete."
[1] "Illinois is 10.7% complete."
[1] "Illinois is 10.8% complete."
[1] "Illinois is 10.9% complete."
[1] "Illinois is 11.1% complete."
[1] "Illinois is 11.2% complete."
[1] "Illinois is 11.3% complete."
[1] "Illinois is 11.5% complete."
[1] "Illinois is 11.6% complete."
[1] "Illinois is 11.7% complete."
[1] "Illinois is 11.9% complete."
[1] "Illinois is 12% complete."
[1] "Illinois is 12.2% complete."
[1] "Illinois is 12.3% complete."
[1] "Illinois is 12.4% complete."
[1] "Illinois is 12.6% complete."
[1] "Illinois is 12.7% complete."
[1] "Illinois is 12.8% complete."
[1] "Illinois is 13% complete."
[1] "Illinois is 13.1% complete."
[1] "Illinois is 13.3% complete."
[1] "Illinois is 13.4% complete."
[1] "Illinois is 13.5% complete."
[1] "Illinois is 13.7% complete."
[1] "Illinois is 13.8% complete."
[1] "Illinois is 13.9% complete."
[1] "Illinois is 14.1% complete."
[1] "Illinois is 14.2% complete."
[1] "Illinois is 14.3% complete."
[1] "Illinois is 14.5% complete."
[1] "Illinois is 14.6% complete."
[1] "Illinois is 14.8% complete."
[1] "Illinois is 14.9% complete."
[1] "Illinois is 15% complete."
[1] "Illinois is 15.2% complete."
[1] "Illinois is 15.3% complete."
[1] "Illinois is 15.4% complete."
[1] "Illinois is 15.6% complete."
[1] "Illinois is 15.7% complete."
[1] "Illinois is 15.8% complete."
[1] "Illinois is 16% complete."
[1] "Illinois is 16.1% complete."
[1] "Illinois is 16.3% complete."
[1] "Illinois is 16.4% complete."
[1] "Illinois is 16.5% complete."
[1] "Illinois is 16.7% complete."
[1] "Illinois is 16.8% complete."
[1] "Illinois is 16.9% complete."
[1] "Illinois is 17.1% complete."
[1] "Illinois is 17.2% complete."
[1] "Illinois is 17.3% complete."
[1] "Illinois is 17.5% complete."
[1] "Illinois is 17.6% complete."
[1] "Illinois is 17.8% complete."
[1] "Illinois is 17.9% complete."
[1] "Illinois is 18% complete."
[1] "Illinois is 18.2% complete."
[1] "Illinois is 18.3% complete."
[1] "Illinois is 18.4% complete."
[1] "Illinois is 18.6% complete."
[1] "Illinois is 18.7% complete."
[1] "Illinois is 18.9% complete."
[1] "Illinois is 19% complete."
[1] "Illinois is 19.1% complete."
[1] "Illinois is 19.3% complete."
[1] "Illinois is 19.4% complete."
[1] "Illinois is 19.5% complete."
[1] "Illinois is 19.7% complete."
[1] "Illinois is 19.8% complete."
[1] "Illinois is 19.9% complete."
[1] "Illinois is 20.1% complete."
[1] "Illinois is 20.2% complete."
[1] "Illinois is 20.4% complete."
[1] "Illinois is 20.5% complete."
[1] "Illinois is 20.6% complete."
[1] "Illinois is 20.8% complete."
[1] "Illinois is 20.9% complete."
[1] "Illinois is 21% complete."
[1] "Illinois is 21.2% complete."
[1] "Illinois is 21.3% complete."
[1] "Illinois is 21.4% complete."
[1] "Illinois is 21.6% complete."
[1] "Illinois is 21.7% complete."
[1] "Illinois is 21.9% complete."
[1] "Illinois is 22% complete."
[1] "Illinois is 22.1% complete."
[1] "Illinois is 22.3% complete."
[1] "Illinois is 22.4% complete."
[1] "Illinois is 22.5% complete."
[1] "Illinois is 22.7% complete."
[1] "Illinois is 22.8% complete."
[1] "Illinois is 23% complete."
[1] "Illinois is 23.1% complete."
[1] "Illinois is 23.2% complete."
[1] "Illinois is 23.4% complete."
[1] "Illinois is 23.5% complete."
[1] "Illinois is 23.6% complete."
[1] "Illinois is 23.8% complete."
[1] "Illinois is 23.9% complete."
[1] "Illinois is 24% complete."
[1] "Illinois is 24.2% complete."
[1] "Illinois is 24.3% complete."
[1] "Illinois is 24.5% complete."
[1] "Illinois is 24.6% complete."
[1] "Illinois is 24.7% complete."
[1] "Illinois is 24.9% complete."
[1] "Illinois is 25% complete."
[1] "Illinois is 25.1% complete."
[1] "Illinois is 25.3% complete."
[1] "Illinois is 25.4% complete."
[1] "Illinois is 25.5% complete."
[1] "Illinois is 25.7% complete."
[1] "Illinois is 25.8% complete."
[1] "Illinois is 26% complete."
[1] "Illinois is 26.1% complete."
[1] "Illinois is 26.2% complete."
[1] "Illinois is 26.4% complete."
[1] "Illinois is 26.5% complete."
[1] "Illinois is 26.6% complete."
[1] "Illinois is 26.8% complete."
[1] "Illinois is 26.9% complete."
[1] "Illinois is 27% complete."
[1] "Illinois is 27.2% complete."
[1] "Illinois is 27.3% complete."
[1] "Illinois is 27.5% complete."
[1] "Illinois is 27.6% complete."
[1] "Illinois is 27.7% complete."
[1] "Illinois is 27.9% complete."
[1] "Illinois is 28% complete."
[1] "Illinois is 28.1% complete."
[1] "Illinois is 28.3% complete."
[1] "Illinois is 28.4% complete."
[1] "Illinois is 28.6% complete."
[1] "Illinois is 28.7% complete."
[1] "Illinois is 28.8% complete."
[1] "Illinois is 29% complete."
[1] "Illinois is 29.1% complete."
[1] "Illinois is 29.2% complete."
[1] "Illinois is 29.4% complete."
[1] "Illinois is 29.5% complete."
[1] "Illinois is 29.6% complete."
[1] "Illinois is 29.8% complete."
[1] "Illinois is 29.9% complete."
[1] "Illinois is 30.1% complete."
[1] "Illinois is 30.2% complete."
[1] "Illinois is 30.3% complete."
[1] "Illinois is 30.5% complete."
[1] "Illinois is 30.6% complete."
[1] "Illinois is 30.7% complete."
[1] "Illinois is 30.9% complete."
[1] "Illinois is 31% complete."
[1] "Illinois is 31.1% complete."
[1] "Illinois is 31.3% complete."
[1] "Illinois is 31.4% complete."
[1] "Illinois is 31.6% complete."
[1] "Illinois is 31.7% complete."
[1] "Illinois is 31.8% complete."
[1] "Illinois is 32% complete."
[1] "Illinois is 32.1% complete."
[1] "Illinois is 32.2% complete."
[1] "Illinois is 32.4% complete."
[1] "Illinois is 32.5% complete."
[1] "Illinois is 32.7% complete."
[1] "Illinois is 32.8% complete."
[1] "Illinois is 32.9% complete."
[1] "Illinois is 33.1% complete."
[1] "Illinois is 33.2% complete."
[1] "Illinois is 33.3% complete."
[1] "Illinois is 33.5% complete."
[1] "Illinois is 33.6% complete."
[1] "Illinois is 33.7% complete."
[1] "Illinois is 33.9% complete."
[1] "Illinois is 34% complete."
[1] "Illinois is 34.2% complete."
[1] "Illinois is 34.3% complete."
[1] "Illinois is 34.4% complete."
[1] "Illinois is 34.6% complete."
[1] "Illinois is 34.7% complete."
[1] "Illinois is 34.8% complete."
[1] "Illinois is 35% complete."
[1] "Illinois is 35.1% complete."
[1] "Illinois is 35.2% complete."
[1] "Illinois is 35.4% complete."
[1] "Illinois is 35.5% complete."
[1] "Illinois is 35.7% complete."
[1] "Illinois is 35.8% complete."
[1] "Illinois is 35.9% complete."
[1] "Illinois is 36.1% complete."
[1] "Illinois is 36.2% complete."
[1] "Illinois is 36.3% complete."
[1] "Illinois is 36.5% complete."
[1] "Illinois is 36.6% complete."
[1] "Illinois is 36.7% complete."
[1] "Illinois is 36.9% complete."
[1] "Illinois is 37% complete."
[1] "Illinois is 37.2% complete."
[1] "Illinois is 37.3% complete."
[1] "Illinois is 37.4% complete."
[1] "Illinois is 37.6% complete."
[1] "Illinois is 37.7% complete."
[1] "Illinois is 37.8% complete."
[1] "Illinois is 38% complete."
[1] "Illinois is 38.1% complete."
[1] "Illinois is 38.3% complete."
[1] "Illinois is 38.4% complete."
[1] "Illinois is 38.5% complete."
[1] "Illinois is 38.7% complete."
[1] "Illinois is 38.8% complete."
[1] "Illinois is 38.9% complete."
[1] "Illinois is 39.1% complete."
[1] "Illinois is 39.2% complete."
[1] "Illinois is 39.3% complete."
[1] "Illinois is 39.5% complete."
[1] "Illinois is 39.6% complete."
[1] "Illinois is 39.8% complete."
[1] "Illinois is 39.9% complete."
[1] "Illinois is 40% complete."
[1] "Illinois is 40.2% complete."
[1] "Illinois is 40.3% complete."
[1] "Illinois is 40.4% complete."
[1] "Illinois is 40.6% complete."
[1] "Illinois is 40.7% complete."
[1] "Illinois is 40.8% complete."
[1] "Illinois is 41% complete."
[1] "Illinois is 41.1% complete."
[1] "Illinois is 41.3% complete."
[1] "Illinois is 41.4% complete."
[1] "Illinois is 41.5% complete."
[1] "Illinois is 41.7% complete."
[1] "Illinois is 41.8% complete."
[1] "Illinois is 41.9% complete."
[1] "Illinois is 42.1% complete."
[1] "Illinois is 42.2% complete."
[1] "Illinois is 42.3% complete."
[1] "Illinois is 42.5% complete."
[1] "Illinois is 42.6% complete."
[1] "Illinois is 42.8% complete."
[1] "Illinois is 42.9% complete."
[1] "Illinois is 43% complete."
[1] "Illinois is 43.2% complete."
[1] "Illinois is 43.3% complete."
[1] "Illinois is 43.4% complete."
[1] "Illinois is 43.6% complete."
[1] "Illinois is 43.7% complete."
[1] "Illinois is 43.9% complete."
[1] "Illinois is 44% complete."
[1] "Illinois is 44.1% complete."
[1] "Illinois is 44.3% complete."
[1] "Illinois is 44.4% complete."
[1] "Illinois is 44.5% complete."
[1] "Illinois is 44.7% complete."
[1] "Illinois is 44.8% complete."
[1] "Illinois is 44.9% complete."
[1] "Illinois is 45.1% complete."
[1] "Illinois is 45.2% complete."
[1] "Illinois is 45.4% complete."
[1] "Illinois is 45.5% complete."
[1] "Illinois is 45.6% complete."
[1] "Illinois is 45.8% complete."
[1] "Illinois is 45.9% complete."
[1] "Illinois is 46% complete."
[1] "Illinois is 46.2% complete."
[1] "Illinois is 46.3% complete."
[1] "Illinois is 46.4% complete."
[1] "Illinois is 46.6% complete."
[1] "Illinois is 46.7% complete."
[1] "Illinois is 46.9% complete."
[1] "Illinois is 47% complete."
[1] "Illinois is 47.1% complete."
[1] "Illinois is 47.3% complete."
[1] "Illinois is 47.4% complete."
[1] "Illinois is 47.5% complete."
[1] "Illinois is 47.7% complete."
[1] "Illinois is 47.8% complete."
[1] "Illinois is 48% complete."
[1] "Illinois is 48.1% complete."
[1] "Illinois is 48.2% complete."
[1] "Illinois is 48.4% complete."
[1] "Illinois is 48.5% complete."
[1] "Illinois is 48.6% complete."
[1] "Illinois is 48.8% complete."
[1] "Illinois is 48.9% complete."
[1] "Illinois is 49% complete."
[1] "Illinois is 49.2% complete."
[1] "Illinois is 49.3% complete."
[1] "Illinois is 49.5% complete."
[1] "Illinois is 49.6% complete."
[1] "Illinois is 49.7% complete."
[1] "Illinois is 49.9% complete."
[1] "Illinois is 50% complete."
[1] "Illinois is 50.1% complete."
[1] "Illinois is 50.3% complete."
[1] "Illinois is 50.4% complete."
[1] "Illinois is 50.5% complete."
[1] "Illinois is 50.7% complete."
[1] "Illinois is 50.8% complete."
[1] "Illinois is 51% complete."
[1] "Illinois is 51.1% complete."
[1] "Illinois is 51.2% complete."
[1] "Illinois is 51.4% complete."
[1] "Illinois is 51.5% complete."
[1] "Illinois is 51.6% complete."
[1] "Illinois is 51.8% complete."
[1] "Illinois is 51.9% complete."
[1] "Illinois is 52% complete."
[1] "Illinois is 52.2% complete."
[1] "Illinois is 52.3% complete."
[1] "Illinois is 52.5% complete."
[1] "Illinois is 52.6% complete."
[1] "Illinois is 52.7% complete."
[1] "Illinois is 52.9% complete."
[1] "Illinois is 53% complete."
[1] "Illinois is 53.1% complete."
[1] "Illinois is 53.3% complete."
[1] "Illinois is 53.4% complete."
[1] "Illinois is 53.6% complete."
[1] "Illinois is 53.7% complete."
[1] "Illinois is 53.8% complete."
[1] "Illinois is 54% complete."
[1] "Illinois is 54.1% complete."
[1] "Illinois is 54.2% complete."
[1] "Illinois is 54.4% complete."
[1] "Illinois is 54.5% complete."
[1] "Illinois is 54.6% complete."
[1] "Illinois is 54.8% complete."
[1] "Illinois is 54.9% complete."
[1] "Illinois is 55.1% complete."
[1] "Illinois is 55.2% complete."
[1] "Illinois is 55.3% complete."
[1] "Illinois is 55.5% complete."
[1] "Illinois is 55.6% complete."
[1] "Illinois is 55.7% complete."
[1] "Illinois is 55.9% complete."
[1] "Illinois is 56% complete."
[1] "Illinois is 56.1% complete."
[1] "Illinois is 56.3% complete."
[1] "Illinois is 56.4% complete."
[1] "Illinois is 56.6% complete."
[1] "Illinois is 56.7% complete."
[1] "Illinois is 56.8% complete."
[1] "Illinois is 57% complete."
[1] "Illinois is 57.1% complete."
[1] "Illinois is 57.2% complete."
[1] "Illinois is 57.4% complete."
[1] "Illinois is 57.5% complete."
[1] "Illinois is 57.7% complete."
[1] "Illinois is 57.8% complete."
[1] "Illinois is 57.9% complete."
[1] "Illinois is 58.1% complete."
[1] "Illinois is 58.2% complete."
[1] "Illinois is 58.3% complete."
[1] "Illinois is 58.5% complete."
[1] "Illinois is 58.6% complete."
[1] "Illinois is 58.7% complete."
[1] "Illinois is 58.9% complete."
[1] "Illinois is 59% complete."
[1] "Illinois is 59.2% complete."
[1] "Illinois is 59.3% complete."
[1] "Illinois is 59.4% complete."
[1] "Illinois is 59.6% complete."
[1] "Illinois is 59.7% complete."
[1] "Illinois is 59.8% complete."
[1] "Illinois is 60% complete."
[1] "Illinois is 60.1% complete."
[1] "Illinois is 60.2% complete."
[1] "Illinois is 60.4% complete."
[1] "Illinois is 60.5% complete."
[1] "Illinois is 60.7% complete."
[1] "Illinois is 60.8% complete."
[1] "Illinois is 60.9% complete."
[1] "Illinois is 61.1% complete."
[1] "Illinois is 61.2% complete."
[1] "Illinois is 61.3% complete."
[1] "Illinois is 61.5% complete."
[1] "Illinois is 61.6% complete."
[1] "Illinois is 61.7% complete."
[1] "Illinois is 61.9% complete."
[1] "Illinois is 62% complete."
[1] "Illinois is 62.2% complete."
[1] "Illinois is 62.3% complete."
[1] "Illinois is 62.4% complete."
[1] "Illinois is 62.6% complete."
[1] "Illinois is 62.7% complete."
[1] "Illinois is 62.8% complete."
[1] "Illinois is 63% complete."
[1] "Illinois is 63.1% complete."
[1] "Illinois is 63.3% complete."
[1] "Illinois is 63.4% complete."
[1] "Illinois is 63.5% complete."
[1] "Illinois is 63.7% complete."
[1] "Illinois is 63.8% complete."
[1] "Illinois is 63.9% complete."
[1] "Illinois is 64.1% complete."
[1] "Illinois is 64.2% complete."
[1] "Illinois is 64.3% complete."
[1] "Illinois is 64.5% complete."
[1] "Illinois is 64.6% complete."
[1] "Illinois is 64.8% complete."
[1] "Illinois is 64.9% complete."
[1] "Illinois is 65% complete."
[1] "Illinois is 65.2% complete."
[1] "Illinois is 65.3% complete."
[1] "Illinois is 65.4% complete."
[1] "Illinois is 65.6% complete."
[1] "Illinois is 65.7% complete."
[1] "Illinois is 65.8% complete."
[1] "Illinois is 66% complete."
[1] "Illinois is 66.1% complete."
[1] "Illinois is 66.3% complete."
[1] "Illinois is 66.4% complete."
[1] "Illinois is 66.5% complete."
[1] "Illinois is 66.7% complete."
[1] "Illinois is 66.8% complete."
[1] "Illinois is 66.9% complete."
[1] "Illinois is 67.1% complete."
[1] "Illinois is 67.2% complete."
[1] "Illinois is 67.3% complete."
[1] "Illinois is 67.5% complete."
[1] "Illinois is 67.6% complete."
[1] "Illinois is 67.8% complete."
[1] "Illinois is 67.9% complete."
[1] "Illinois is 68% complete."
[1] "Illinois is 68.2% complete."
[1] "Illinois is 68.3% complete."
[1] "Illinois is 68.4% complete."
[1] "Illinois is 68.6% complete."
[1] "Illinois is 68.7% complete."
[1] "Illinois is 68.9% complete."
[1] "Illinois is 69% complete."
[1] "Illinois is 69.1% complete."
[1] "Illinois is 69.3% complete."
[1] "Illinois is 69.4% complete."
[1] "Illinois is 69.5% complete."
[1] "Illinois is 69.7% complete."
[1] "Illinois is 69.8% complete."
[1] "Illinois is 69.9% complete."
[1] "Illinois is 70.1% complete."
[1] "Illinois is 70.2% complete."
[1] "Illinois is 70.4% complete."
[1] "Illinois is 70.5% complete."
[1] "Illinois is 70.6% complete."
[1] "Illinois is 70.8% complete."
[1] "Illinois is 70.9% complete."
[1] "Illinois is 71% complete."
[1] "Illinois is 71.2% complete."
[1] "Illinois is 71.3% complete."
[1] "Illinois is 71.4% complete."
[1] "Illinois is 71.6% complete."
[1] "Illinois is 71.7% complete."
[1] "Illinois is 71.9% complete."
[1] "Illinois is 72% complete."
[1] "Illinois is 72.1% complete."
[1] "Illinois is 72.3% complete."
[1] "Illinois is 72.4% complete."
[1] "Illinois is 72.5% complete."
[1] "Illinois is 72.7% complete."
[1] "Illinois is 72.8% complete."
[1] "Illinois is 73% complete."
[1] "Illinois is 73.1% complete."
[1] "Illinois is 73.2% complete."
[1] "Illinois is 73.4% complete."
[1] "Illinois is 73.5% complete."
[1] "Illinois is 73.6% complete."
[1] "Illinois is 73.8% complete."
[1] "Illinois is 73.9% complete."
[1] "Illinois is 74% complete."
[1] "Illinois is 74.2% complete."
[1] "Illinois is 74.3% complete."
[1] "Illinois is 74.5% complete."
[1] "Illinois is 74.6% complete."
[1] "Illinois is 74.7% complete."
[1] "Illinois is 74.9% complete."
[1] "Illinois is 75% complete."
[1] "Illinois is 75.1% complete."
[1] "Illinois is 75.3% complete."
[1] "Illinois is 75.4% complete."
[1] "Illinois is 75.5% complete."
[1] "Illinois is 75.7% complete."
[1] "Illinois is 75.8% complete."
[1] "Illinois is 76% complete."
[1] "Illinois is 76.1% complete."
[1] "Illinois is 76.2% complete."
[1] "Illinois is 76.4% complete."
[1] "Illinois is 76.5% complete."
[1] "Illinois is 76.6% complete."
[1] "Illinois is 76.8% complete."
[1] "Illinois is 76.9% complete."
[1] "Illinois is 77% complete."
[1] "Illinois is 77.2% complete."
[1] "Illinois is 77.3% complete."
[1] "Illinois is 77.5% complete."
[1] "Illinois is 77.6% complete."
[1] "Illinois is 77.7% complete."
[1] "Illinois is 77.9% complete."
[1] "Illinois is 78% complete."
[1] "Illinois is 78.1% complete."
[1] "Illinois is 78.3% complete."
[1] "Illinois is 78.4% complete."
[1] "Illinois is 78.6% complete."
[1] "Illinois is 78.7% complete."
[1] "Illinois is 78.8% complete."
[1] "Illinois is 79% complete."
[1] "Illinois is 79.1% complete."
[1] "Illinois is 79.2% complete."
[1] "Illinois is 79.4% complete."
[1] "Illinois is 79.5% complete."
[1] "Illinois is 79.6% complete."
[1] "Illinois is 79.8% complete."
[1] "Illinois is 79.9% complete."
[1] "Illinois is 80.1% complete."
[1] "Illinois is 80.2% complete."
[1] "Illinois is 80.3% complete."
[1] "Illinois is 80.5% complete."
[1] "Illinois is 80.6% complete."
[1] "Illinois is 80.7% complete."
[1] "Illinois is 80.9% complete."
[1] "Illinois is 81% complete."
[1] "Illinois is 81.1% complete."
[1] "Illinois is 81.3% complete."
[1] "Illinois is 81.4% complete."
[1] "Illinois is 81.6% complete."
[1] "Illinois is 81.7% complete."
[1] "Illinois is 81.8% complete."
[1] "Illinois is 82% complete."
[1] "Illinois is 82.1% complete."
[1] "Illinois is 82.2% complete."
[1] "Illinois is 82.4% complete."
[1] "Illinois is 82.5% complete."
[1] "Illinois is 82.7% complete."
[1] "Illinois is 82.8% complete."
[1] "Illinois is 82.9% complete."
[1] "Illinois is 83.1% complete."
[1] "Illinois is 83.2% complete."
[1] "Illinois is 83.3% complete."
[1] "Illinois is 83.5% complete."
[1] "Illinois is 83.6% complete."
[1] "Illinois is 83.7% complete."
[1] "Illinois is 83.9% complete."
[1] "Illinois is 84% complete."
[1] "Illinois is 84.2% complete."
[1] "Illinois is 84.3% complete."
[1] "Illinois is 84.4% complete."
[1] "Illinois is 84.6% complete."
[1] "Illinois is 84.7% complete."
[1] "Illinois is 84.8% complete."
[1] "Illinois is 85% complete."
[1] "Illinois is 85.1% complete."
[1] "Illinois is 85.2% complete."
[1] "Illinois is 85.4% complete."
[1] "Illinois is 85.5% complete."
[1] "Illinois is 85.7% complete."
[1] "Illinois is 85.8% complete."
[1] "Illinois is 85.9% complete."
[1] "Illinois is 86.1% complete."
[1] "Illinois is 86.2% complete."
[1] "Illinois is 86.3% complete."
[1] "Illinois is 86.5% complete."
[1] "Illinois is 86.6% complete."
[1] "Illinois is 86.7% complete."
[1] "Illinois is 86.9% complete."
[1] "Illinois is 87% complete."
[1] "Illinois is 87.2% complete."
[1] "Illinois is 87.3% complete."
[1] "Illinois is 87.4% complete."
[1] "Illinois is 87.6% complete."
[1] "Illinois is 87.7% complete."
[1] "Illinois is 87.8% complete."
[1] "Illinois is 88% complete."
[1] "Illinois is 88.1% complete."
[1] "Illinois is 88.3% complete."
[1] "Illinois is 88.4% complete."
[1] "Illinois is 88.5% complete."
[1] "Illinois is 88.7% complete."
[1] "Illinois is 88.8% complete."
[1] "Illinois is 88.9% complete."
[1] "Illinois is 89.1% complete."
[1] "Illinois is 89.2% complete."
[1] "Illinois is 89.3% complete."
[1] "Illinois is 89.5% complete."
[1] "Illinois is 89.6% complete."
[1] "Illinois is 89.8% complete."
[1] "Illinois is 89.9% complete."
[1] "Illinois is 90% complete."
[1] "Illinois is 90.2% complete."
[1] "Illinois is 90.3% complete."
[1] "Illinois is 90.4% complete."
[1] "Illinois is 90.6% complete."
[1] "Illinois is 90.7% complete."
[1] "Illinois is 90.8% complete."
[1] "Illinois is 91% complete."
[1] "Illinois is 91.1% complete."
[1] "Illinois is 91.3% complete."
[1] "Illinois is 91.4% complete."
[1] "Illinois is 91.5% complete."
[1] "Illinois is 91.7% complete."
[1] "Illinois is 91.8% complete."
[1] "Illinois is 91.9% complete."
[1] "Illinois is 92.1% complete."
[1] "Illinois is 92.2% complete."
[1] "Illinois is 92.3% complete."
[1] "Illinois is 92.5% complete."
[1] "Illinois is 92.6% complete."
[1] "Illinois is 92.8% complete."
[1] "Illinois is 92.9% complete."
[1] "Illinois is 93% complete."
[1] "Illinois is 93.2% complete."
[1] "Illinois is 93.3% complete."
[1] "Illinois is 93.4% complete."
[1] "Illinois is 93.6% complete."
[1] "Illinois is 93.7% complete."
[1] "Illinois is 93.9% complete."
[1] "Illinois is 94% complete."
[1] "Illinois is 94.1% complete."
[1] "Illinois is 94.3% complete."
[1] "Illinois is 94.4% complete."
[1] "Illinois is 94.5% complete."
[1] "Illinois is 94.7% complete."
[1] "Illinois is 94.8% complete."
[1] "Illinois is 94.9% complete."
[1] "Illinois is 95.1% complete."
[1] "Illinois is 95.2% complete."
[1] "Illinois is 95.4% complete."
[1] "Illinois is 95.5% complete."
[1] "Illinois is 95.6% complete."
[1] "Illinois is 95.8% complete."
[1] "Illinois is 95.9% complete."
[1] "Illinois is 96% complete."
[1] "Illinois is 96.2% complete."
[1] "Illinois is 96.3% complete."
[1] "Illinois is 96.4% complete."
[1] "Illinois is 96.6% complete."
[1] "Illinois is 96.7% complete."
[1] "Illinois is 96.9% complete."
[1] "Illinois is 97% complete."
[1] "Illinois is 97.1% complete."
[1] "Illinois is 97.3% complete."
[1] "Illinois is 97.4% complete."
[1] "Illinois is 97.5% complete."
[1] "Illinois is 97.7% complete."
[1] "Illinois is 97.8% complete."
[1] "Illinois is 98% complete."
[1] "Illinois is 98.1% complete."
[1] "Illinois is 98.2% complete."
[1] "Illinois is 98.4% complete."
[1] "Illinois is 98.5% complete."
[1] "Illinois is 98.6% complete."
[1] "Illinois is 98.8% complete."
[1] "Illinois is 98.9% complete."
[1] "Illinois is 99% complete."
[1] "Illinois is 99.2% complete."
[1] "Illinois is 99.3% complete."
[1] "Illinois is 99.5% complete."
[1] "Illinois is 99.6% complete."
[1] "Illinois is 99.7% complete."
[1] "Illinois is 99.9% complete."
[1] "Illinois is 100% complete."
[1] "Completed Illinois @ 2025-05-27 10:00:55"
Deleting layer `weighted' using driver `GPKG'
Writing layer `weighted' to data source 
  `/work/GRDVULN/sewershed/Model/Create_Boundaries/outputs/Weighted/FP_17.gpkg' using driver `GPKG'
Writing 732 features with 10 fields and geometry type Unknown (any).
[1] "SCRIPT COMPLETE @ 2025-05-27 10:01:23"
