[1] "Starting Indiana"
[1] "Ignoring hexagons already assigned to 0 Systems"
Reading layer `cb_2021_us_state_500k' from data source 
  `/work/GRDVULN/data/cb_2021_us_all_500k.gdb' using driver `OpenFileGDB'
Simple feature collection with 56 features and 9 fields
Geometry type: MULTIPOLYGON
Dimension:     XY
Bounding box:  xmin: -179.1489 ymin: -14.5487 xmax: 179.7785 ymax: 71.36516
Geodetic CRS:  NAD83
[1] "Building 504 systems"
[1] "Indiana is 0.2% complete."
[1] "Indiana is 0.4% complete."
[1] "Indiana is 0.6% complete."
[1] "Indiana is 0.8% complete."
[1] "Indiana is 1% complete."
[1] "Indiana is 1.2% complete."
[1] "Indiana is 1.4% complete."
[1] "Indiana is 1.6% complete."
[1] "Indiana is 1.8% complete."
[1] "Indiana is 2% complete."
[1] "Indiana is 2.2% complete."
[1] "Indiana is 2.4% complete."
[1] "Indiana is 2.6% complete."
[1] "Indiana is 2.8% complete."
[1] "Indiana is 3% complete."
[1] "Indiana is 3.2% complete."
[1] "Indiana is 3.4% complete."
[1] "Indiana is 3.6% complete."
[1] "Indiana is 3.8% complete."
[1] "Indiana is 4% complete."
[1] "Indiana is 4.2% complete."
[1] "Indiana is 4.4% complete."
[1] "Indiana is 4.6% complete."
[1] "Indiana is 4.8% complete."
[1] "Indiana is 5% complete."
[1] "Indiana is 5.2% complete."
[1] "Indiana is 5.4% complete."
[1] "Indiana is 5.6% complete."
[1] "Indiana is 5.8% complete."
[1] "Indiana is 6% complete."
[1] "Indiana is 6.2% complete."
[1] "Indiana is 6.3% complete."
[1] "Indiana is 6.5% complete."
[1] "Indiana is 6.7% complete."
[1] "Indiana is 6.9% complete."
[1] "Indiana is 7.1% complete."
[1] "Indiana is 7.3% complete."
[1] "Indiana is 7.5% complete."
[1] "Indiana is 7.7% complete."
[1] "Indiana is 7.9% complete."
[1] "Indiana is 8.1% complete."
[1] "Indiana is 8.3% complete."
[1] "Indiana is 8.5% complete."
[1] "Indiana is 8.7% complete."
[1] "Indiana is 8.9% complete."
[1] "Indiana is 9.1% complete."
[1] "Indiana is 9.3% complete."
[1] "Indiana is 9.5% complete."
[1] "Indiana is 9.7% complete."
[1] "Indiana is 9.9% complete."
[1] "Indiana is 10.1% complete."
[1] "Indiana is 10.3% complete."
[1] "Indiana is 10.5% complete."
[1] "Indiana is 10.7% complete."
[1] "Indiana is 10.9% complete."
[1] "Indiana is 11.1% complete."
[1] "Indiana is 11.3% complete."
[1] "Indiana is 11.5% complete."
[1] "Indiana is 11.7% complete."
[1] "Indiana is 11.9% complete."
[1] "Indiana is 12.1% complete."
[1] "Indiana is 12.3% complete."
[1] "Indiana is 12.5% complete."
[1] "Indiana is 12.7% complete."
[1] "Indiana is 12.9% complete."
[1] "Indiana is 13.1% complete."
[1] "Indiana is 13.3% complete."
[1] "Indiana is 13.5% complete."
[1] "Indiana is 13.7% complete."
[1] "Indiana is 13.9% complete."
[1] "Indiana is 14.1% complete."
[1] "Indiana is 14.3% complete."
[1] "Indiana is 14.5% complete."
[1] "Indiana is 14.7% complete."
[1] "Indiana is 14.9% complete."
[1] "Indiana is 15.1% complete."
[1] "Indiana is 15.3% complete."
[1] "Indiana is 15.5% complete."
[1] "Indiana is 15.7% complete."
[1] "Indiana is 15.9% complete."
[1] "Indiana is 16.1% complete."
[1] "Indiana is 16.3% complete."
[1] "Indiana is 16.5% complete."
[1] "Indiana is 16.7% complete."
[1] "Indiana is 16.9% complete."
[1] "Indiana is 17.1% complete."
[1] "Indiana is 17.3% complete."
[1] "Indiana is 17.5% complete."
[1] "Indiana is 17.7% complete."
[1] "Indiana is 17.9% complete."
[1] "Indiana is 18.1% complete."
[1] "Indiana is 18.3% complete."
[1] "Indiana is 18.5% complete."
[1] "Indiana is 18.7% complete."
[1] "Indiana is 18.8% complete."
[1] "Indiana is 19% complete."
[1] "Indiana is 19.2% complete."
[1] "Indiana is 19.4% complete."
[1] "Indiana is 19.6% complete."
[1] "Indiana is 19.8% complete."
[1] "Indiana is 20% complete."
[1] "Indiana is 20.2% complete."
[1] "Indiana is 20.4% complete."
[1] "Indiana is 20.6% complete."
[1] "Indiana is 20.8% complete."
[1] "Indiana is 21% complete."
[1] "Indiana is 21.2% complete."
[1] "Indiana is 21.4% complete."
[1] "Indiana is 21.6% complete."
[1] "Indiana is 21.8% complete."
[1] "Indiana is 22% complete."
[1] "Indiana is 22.2% complete."
[1] "Indiana is 22.4% complete."
[1] "Indiana is 22.6% complete."
[1] "Indiana is 22.8% complete."
[1] "Indiana is 23% complete."
[1] "Indiana is 23.2% complete."
[1] "Indiana is 23.4% complete."
[1] "Indiana is 23.6% complete."
[1] "Indiana is 23.8% complete."
[1] "Indiana is 24% complete."
[1] "Indiana is 24.2% complete."
[1] "Indiana is 24.4% complete."
[1] "Indiana is 24.6% complete."
[1] "Indiana is 24.8% complete."
[1] "Indiana is 25% complete."
[1] "Indiana is 25.2% complete."
[1] "Indiana is 25.4% complete."
[1] "Indiana is 25.6% complete."
[1] "Indiana is 25.8% complete."
[1] "Indiana is 26% complete."
[1] "Indiana is 26.2% complete."
[1] "Indiana is 26.4% complete."
[1] "Indiana is 26.6% complete."
[1] "Indiana is 26.8% complete."
[1] "Indiana is 27% complete."
[1] "Indiana is 27.2% complete."
[1] "Indiana is 27.4% complete."
[1] "Indiana is 27.6% complete."
[1] "Indiana is 27.8% complete."
[1] "Indiana is 28% complete."
[1] "Indiana is 28.2% complete."
[1] "Indiana is 28.4% complete."
[1] "Indiana is 28.6% complete."
[1] "Indiana is 28.8% complete."
[1] "Indiana is 29% complete."
[1] "Indiana is 29.2% complete."
[1] "Indiana is 29.4% complete."
[1] "Indiana is 29.6% complete."
[1] "Indiana is 29.8% complete."
[1] "Indiana is 30% complete."
[1] "Indiana is 30.2% complete."
[1] "Indiana is 30.4% complete."
[1] "Indiana is 30.6% complete."
[1] "Indiana is 30.8% complete."
[1] "Indiana is 31% complete."
[1] "Indiana is 31.2% complete."
[1] "Indiana is 31.3% complete."
[1] "Indiana is 31.5% complete."
[1] "Indiana is 31.7% complete."
[1] "Indiana is 31.9% complete."
[1] "Indiana is 32.1% complete."
[1] "Indiana is 32.3% complete."
[1] "Indiana is 32.5% complete."
[1] "Indiana is 32.7% complete."
[1] "Indiana is 32.9% complete."
[1] "Indiana is 33.1% complete."
[1] "Indiana is 33.3% complete."
[1] "Indiana is 33.5% complete."
[1] "Indiana is 33.7% complete."
[1] "Indiana is 33.9% complete."
[1] "Indiana is 34.1% complete."
[1] "Indiana is 34.3% complete."
[1] "Indiana is 34.5% complete."
[1] "Indiana is 34.7% complete."
[1] "Indiana is 34.9% complete."
[1] "Indiana is 35.1% complete."
[1] "Indiana is 35.3% complete."
[1] "Indiana is 35.5% complete."
[1] "Indiana is 35.7% complete."
[1] "Indiana is 35.9% complete."
[1] "Indiana is 36.1% complete."
[1] "Indiana is 36.3% complete."
[1] "Indiana is 36.5% complete."
[1] "Indiana is 36.7% complete."
[1] "Indiana is 36.9% complete."
[1] "Indiana is 37.1% complete."
[1] "Indiana is 37.3% complete."
[1] "Indiana is 37.5% complete."
[1] "Indiana is 37.7% complete."
[1] "Indiana is 37.9% complete."
[1] "Indiana is 38.1% complete."
[1] "Indiana is 38.3% complete."
[1] "Indiana is 38.5% complete."
[1] "Indiana is 38.7% complete."
[1] "Indiana is 38.9% complete."
[1] "Indiana is 39.1% complete."
[1] "Indiana is 39.3% complete."
[1] "Indiana is 39.5% complete."
[1] "Indiana is 39.7% complete."
[1] "Indiana is 39.9% complete."
[1] "Indiana is 40.1% complete."
[1] "Indiana is 40.3% complete."
[1] "Indiana is 40.5% complete."
[1] "Indiana is 40.7% complete."
[1] "Indiana is 40.9% complete."
[1] "Indiana is 41.1% complete."
[1] "Indiana is 41.3% complete."
[1] "Indiana is 41.5% complete."
[1] "Indiana is 41.7% complete."
[1] "Indiana is 41.9% complete."
[1] "Indiana is 42.1% complete."
[1] "Indiana is 42.3% complete."
[1] "Indiana is 42.5% complete."
[1] "Indiana is 42.7% complete."
[1] "Indiana is 42.9% complete."
[1] "Indiana is 43.1% complete."
[1] "Indiana is 43.3% complete."
[1] "Indiana is 43.5% complete."
[1] "Indiana is 43.7% complete."
[1] "Indiana is 43.8% complete."
[1] "Indiana is 44% complete."
[1] "Indiana is 44.2% complete."
[1] "Indiana is 44.4% complete."
[1] "Indiana is 44.6% complete."
[1] "Indiana is 44.8% complete."
[1] "Indiana is 45% complete."
[1] "Indiana is 45.2% complete."
[1] "Indiana is 45.4% complete."
[1] "Indiana is 45.6% complete."
[1] "Indiana is 45.8% complete."
[1] "Indiana is 46% complete."
[1] "Indiana is 46.2% complete."
[1] "Indiana is 46.4% complete."
[1] "Indiana is 46.6% complete."
[1] "Indiana is 46.8% complete."
[1] "Indiana is 47% complete."
[1] "Indiana is 47.2% complete."
[1] "Indiana is 47.4% complete."
[1] "Indiana is 47.6% complete."
[1] "Indiana is 47.8% complete."
[1] "Indiana is 48% complete."
[1] "Indiana is 48.2% complete."
[1] "Indiana is 48.4% complete."
[1] "Indiana is 48.6% complete."
[1] "Indiana is 48.8% complete."
[1] "Indiana is 49% complete."
[1] "Indiana is 49.2% complete."
[1] "Indiana is 49.4% complete."
[1] "Indiana is 49.6% complete."
[1] "Indiana is 49.8% complete."
[1] "Indiana is 50% complete."
[1] "Indiana is 50.2% complete."
[1] "Indiana is 50.4% complete."
[1] "Indiana is 50.6% complete."
[1] "Indiana is 50.8% complete."
[1] "Indiana is 51% complete."
[1] "Indiana is 51.2% complete."
[1] "Indiana is 51.4% complete."
[1] "Indiana is 51.6% complete."
[1] "Indiana is 51.8% complete."
[1] "Indiana is 52% complete."
[1] "Indiana is 52.2% complete."
[1] "Indiana is 52.4% complete."
[1] "Indiana is 52.6% complete."
[1] "Indiana is 52.8% complete."
[1] "Indiana is 53% complete."
[1] "Indiana is 53.2% complete."
[1] "Indiana is 53.4% complete."
[1] "Indiana is 53.6% complete."
[1] "Indiana is 53.8% complete."
[1] "Indiana is 54% complete."
[1] "Indiana is 54.2% complete."
[1] "Indiana is 54.4% complete."
[1] "Indiana is 54.6% complete."
[1] "Indiana is 54.8% complete."
[1] "Indiana is 55% complete."
[1] "Indiana is 55.2% complete."
[1] "Indiana is 55.4% complete."
[1] "Indiana is 55.6% complete."
[1] "Indiana is 55.8% complete."
[1] "Indiana is 56% complete."
[1] "Indiana is 56.2% complete."
[1] "Indiana is 56.3% complete."
[1] "Indiana is 56.5% complete."
[1] "Indiana is 56.7% complete."
[1] "Indiana is 56.9% complete."
[1] "Indiana is 57.1% complete."
[1] "Indiana is 57.3% complete."
[1] "Indiana is 57.5% complete."
[1] "Indiana is 57.7% complete."
[1] "Indiana is 57.9% complete."
[1] "Indiana is 58.1% complete."
[1] "Indiana is 58.3% complete."
[1] "Indiana is 58.5% complete."
[1] "Indiana is 58.7% complete."
[1] "Indiana is 58.9% complete."
[1] "Indiana is 59.1% complete."
[1] "Indiana is 59.3% complete."
[1] "Indiana is 59.5% complete."
[1] "Indiana is 59.7% complete."
[1] "Indiana is 59.9% complete."
[1] "Indiana is 60.1% complete."
[1] "Indiana is 60.3% complete."
[1] "Indiana is 60.5% complete."
[1] "Indiana is 60.7% complete."
[1] "Indiana is 60.9% complete."
[1] "Indiana is 61.1% complete."
[1] "Indiana is 61.3% complete."
[1] "Indiana is 61.5% complete."
[1] "Indiana is 61.7% complete."
[1] "Indiana is 61.9% complete."
[1] "Indiana is 62.1% complete."
[1] "Indiana is 62.3% complete."
[1] "Indiana is 62.5% complete."
[1] "Indiana is 62.7% complete."
[1] "Indiana is 62.9% complete."
[1] "Indiana is 63.1% complete."
[1] "Indiana is 63.3% complete."
[1] "Indiana is 63.5% complete."
[1] "Indiana is 63.7% complete."
[1] "Indiana is 63.9% complete."
[1] "Indiana is 64.1% complete."
[1] "Indiana is 64.3% complete."
[1] "Indiana is 64.5% complete."
[1] "Indiana is 64.7% complete."
[1] "Indiana is 64.9% complete."
[1] "Indiana is 65.1% complete."
[1] "Indiana is 65.3% complete."
[1] "Indiana is 65.5% complete."
[1] "Indiana is 65.7% complete."
[1] "Indiana is 65.9% complete."
[1] "Indiana is 66.1% complete."
[1] "Indiana is 66.3% complete."
[1] "Indiana is 66.5% complete."
[1] "Indiana is 66.7% complete."
[1] "Indiana is 66.9% complete."
[1] "Indiana is 67.1% complete."
[1] "Indiana is 67.3% complete."
[1] "Indiana is 67.5% complete."
[1] "Indiana is 67.7% complete."
[1] "Indiana is 67.9% complete."
[1] "Indiana is 68.1% complete."
[1] "Indiana is 68.3% complete."
[1] "Indiana is 68.5% complete."
[1] "Indiana is 68.7% complete."
[1] "Indiana is 68.8% complete."
[1] "Indiana is 69% complete."
[1] "Indiana is 69.2% complete."
[1] "Indiana is 69.4% complete."
[1] "Indiana is 69.6% complete."
[1] "Indiana is 69.8% complete."
[1] "Indiana is 70% complete."
[1] "Indiana is 70.2% complete."
[1] "Indiana is 70.4% complete."
[1] "Indiana is 70.6% complete."
[1] "Indiana is 70.8% complete."
[1] "Indiana is 71% complete."
[1] "Indiana is 71.2% complete."
[1] "Indiana is 71.4% complete."
[1] "Indiana is 71.6% complete."
[1] "Indiana is 71.8% complete."
[1] "Indiana is 72% complete."
[1] "Indiana is 72.2% complete."
[1] "Indiana is 72.4% complete."
[1] "Indiana is 72.6% complete."
[1] "Indiana is 72.8% complete."
[1] "Indiana is 73% complete."
[1] "Indiana is 73.2% complete."
[1] "Indiana is 73.4% complete."
[1] "Indiana is 73.6% complete."
[1] "Indiana is 73.8% complete."
[1] "Indiana is 74% complete."
[1] "Indiana is 74.2% complete."
[1] "Indiana is 74.4% complete."
[1] "Indiana is 74.6% complete."
[1] "Indiana is 74.8% complete."
[1] "Indiana is 75% complete."
[1] "Indiana is 75.2% complete."
[1] "Indiana is 75.4% complete."
[1] "Indiana is 75.6% complete."
[1] "Indiana is 75.8% complete."
[1] "Indiana is 76% complete."
[1] "Indiana is 76.2% complete."
[1] "Indiana is 76.4% complete."
[1] "Indiana is 76.6% complete."
[1] "Indiana is 76.8% complete."
[1] "Indiana is 77% complete."
[1] "Indiana is 77.2% complete."
[1] "Indiana is 77.4% complete."
[1] "Indiana is 77.6% complete."
[1] "Indiana is 77.8% complete."
[1] "Indiana is 78% complete."
[1] "Indiana is 78.2% complete."
[1] "Indiana is 78.4% complete."
[1] "Indiana is 78.6% complete."
[1] "Indiana is 78.8% complete."
[1] "Indiana is 79% complete."
[1] "Indiana is 79.2% complete."
[1] "Indiana is 79.4% complete."
[1] "Indiana is 79.6% complete."
[1] "Indiana is 79.8% complete."
[1] "Indiana is 80% complete."
[1] "Indiana is 80.2% complete."
[1] "Indiana is 80.4% complete."
[1] "Indiana is 80.6% complete."
[1] "Indiana is 80.8% complete."
[1] "Indiana is 81% complete."
[1] "Indiana is 81.2% complete."
[1] "Indiana is 81.3% complete."
[1] "Indiana is 81.5% complete."
[1] "Indiana is 81.7% complete."
[1] "Indiana is 81.9% complete."
[1] "Indiana is 82.1% complete."
[1] "Indiana is 82.3% complete."
[1] "Indiana is 82.5% complete."
[1] "Indiana is 82.7% complete."
[1] "Indiana is 82.9% complete."
[1] "Indiana is 83.1% complete."
[1] "Indiana is 83.3% complete."
[1] "Indiana is 83.5% complete."
[1] "Indiana is 83.7% complete."
[1] "Indiana is 83.9% complete."
[1] "Indiana is 84.1% complete."
[1] "Indiana is 84.3% complete."
[1] "Indiana is 84.5% complete."
[1] "Indiana is 84.7% complete."
[1] "Indiana is 84.9% complete."
[1] "Indiana is 85.1% complete."
[1] "Indiana is 85.3% complete."
[1] "Indiana is 85.5% complete."
[1] "Indiana is 85.7% complete."
[1] "Indiana is 85.9% complete."
[1] "Indiana is 86.1% complete."
[1] "Indiana is 86.3% complete."
[1] "Indiana is 86.5% complete."
[1] "Indiana is 86.7% complete."
[1] "Indiana is 86.9% complete."
[1] "Indiana is 87.1% complete."
[1] "Indiana is 87.3% complete."
[1] "Indiana is 87.5% complete."
[1] "Indiana is 87.7% complete."
[1] "Indiana is 87.9% complete."
[1] "Indiana is 88.1% complete."
[1] "Indiana is 88.3% complete."
[1] "Indiana is 88.5% complete."
[1] "Indiana is 88.7% complete."
[1] "Indiana is 88.9% complete."
[1] "Indiana is 89.1% complete."
[1] "Indiana is 89.3% complete."
[1] "Indiana is 89.5% complete."
[1] "Indiana is 89.7% complete."
[1] "Indiana is 89.9% complete."
[1] "Indiana is 90.1% complete."
[1] "Indiana is 90.3% complete."
[1] "Indiana is 90.5% complete."
[1] "Indiana is 90.7% complete."
[1] "Indiana is 90.9% complete."
[1] "Indiana is 91.1% complete."
[1] "Indiana is 91.3% complete."
[1] "Indiana is 91.5% complete."
[1] "Indiana is 91.7% complete."
[1] "Indiana is 91.9% complete."
[1] "Indiana is 92.1% complete."
[1] "Indiana is 92.3% complete."
[1] "Indiana is 92.5% complete."
[1] "Indiana is 92.7% complete."
[1] "Indiana is 92.9% complete."
[1] "Indiana is 93.1% complete."
[1] "Indiana is 93.3% complete."
[1] "Indiana is 93.5% complete."
[1] "Indiana is 93.7% complete."
[1] "Indiana is 93.8% complete."
[1] "Indiana is 94% complete."
[1] "Indiana is 94.2% complete."
[1] "Indiana is 94.4% complete."
[1] "Indiana is 94.6% complete."
[1] "Indiana is 94.8% complete."
[1] "Indiana is 95% complete."
[1] "Indiana is 95.2% complete."
[1] "Indiana is 95.4% complete."
[1] "Indiana is 95.6% complete."
[1] "Indiana is 95.8% complete."
[1] "Indiana is 96% complete."
[1] "Indiana is 96.2% complete."
[1] "Indiana is 96.4% complete."
[1] "Indiana is 96.6% complete."
[1] "Indiana is 96.8% complete."
[1] "Indiana is 97% complete."
[1] "Indiana is 97.2% complete."
[1] "Indiana is 97.4% complete."
[1] "Indiana is 97.6% complete."
[1] "Indiana is 97.8% complete."
[1] "Indiana is 98% complete."
[1] "Indiana is 98.2% complete."
[1] "Indiana is 98.4% complete."
[1] "Indiana is 98.6% complete."
[1] "Indiana is 98.8% complete."
[1] "Indiana is 99% complete."
[1] "Indiana is 99.2% complete."
[1] "Indiana is 99.4% complete."
[1] "Indiana is 99.6% complete."
[1] "Indiana is 99.8% complete."
[1] "Indiana is 100% complete."
[1] "Completed Indiana @ 2025-05-27 10:00:07"
Deleting layer `weighted' using driver `GPKG'
Writing layer `weighted' to data source 
  `/work/GRDVULN/sewershed/Model/Create_Boundaries/outputs/Weighted/FP_18.gpkg' using driver `GPKG'
Writing 504 features with 10 fields and geometry type Unknown (any).
[1] "SCRIPT COMPLETE @ 2025-05-27 10:00:29"
