[1] "Starting Kansas"
[1] "Ignoring hexagons already assigned to 8 Systems"
Reading layer `cb_2021_us_state_500k' from data source 
  `/work/GRDVULN/data/cb_2021_us_all_500k.gdb' using driver `OpenFileGDB'
Simple feature collection with 56 features and 9 fields
Geometry type: MULTIPOLYGON
Dimension:     XY
Bounding box:  xmin: -179.1489 ymin: -14.5487 xmax: 179.7785 ymax: 71.36516
Geodetic CRS:  NAD83
[1] "Building 611 systems"
[1] "Kansas is 0.2% complete."
[1] "Kansas is 0.3% complete."
[1] "Kansas is 0.5% complete."
[1] "Kansas is 0.7% complete."
[1] "Kansas is 0.8% complete."
[1] "Kansas is 1% complete."
[1] "Kansas is 1.1% complete."
[1] "Kansas is 1.3% complete."
[1] "Kansas is 1.5% complete."
[1] "Kansas is 1.6% complete."
[1] "Kansas is 1.8% complete."
[1] "Kansas is 2% complete."
[1] "Kansas is 2.1% complete."
[1] "Kansas is 2.3% complete."
[1] "Kansas is 2.5% complete."
[1] "Kansas is 2.6% complete."
[1] "Kansas is 2.8% complete."
[1] "Kansas is 2.9% complete."
[1] "Kansas is 3.1% complete."
[1] "Kansas is 3.3% complete."
[1] "Kansas is 3.4% complete."
[1] "Kansas is 3.6% complete."
[1] "Kansas is 3.8% complete."
[1] "Kansas is 3.9% complete."
[1] "Kansas is 4.1% complete."
[1] "Kansas is 4.3% complete."
[1] "Kansas is 4.4% complete."
[1] "Kansas is 4.6% complete."
[1] "Kansas is 4.7% complete."
[1] "Kansas is 4.9% complete."
[1] "Kansas is 5.1% complete."
[1] "Kansas is 5.2% complete."
[1] "Kansas is 5.4% complete."
[1] "Kansas is 5.6% complete."
[1] "Kansas is 5.7% complete."
[1] "Kansas is 5.9% complete."
[1] "Kansas is 6.1% complete."
[1] "Kansas is 6.2% complete."
[1] "Kansas is 6.4% complete."
[1] "Kansas is 6.5% complete."
[1] "Kansas is 6.7% complete."
[1] "Kansas is 6.9% complete."
[1] "Kansas is 7% complete."
[1] "Kansas is 7.2% complete."
[1] "Kansas is 7.4% complete."
[1] "Kansas is 7.5% complete."
[1] "Kansas is 7.7% complete."
[1] "Kansas is 7.9% complete."
[1] "Kansas is 8% complete."
[1] "Kansas is 8.2% complete."
[1] "Kansas is 8.3% complete."
[1] "Kansas is 8.5% complete."
[1] "Kansas is 8.7% complete."
[1] "Kansas is 8.8% complete."
[1] "Kansas is 9% complete."
[1] "Kansas is 9.2% complete."
[1] "Kansas is 9.3% complete."
[1] "Kansas is 9.5% complete."
[1] "Kansas is 9.7% complete."
[1] "Kansas is 9.8% complete."
[1] "Kansas is 10% complete."
[1] "Kansas is 10.1% complete."
[1] "Kansas is 10.3% complete."
[1] "Kansas is 10.5% complete."
[1] "Kansas is 10.6% complete."
[1] "Kansas is 10.8% complete."
[1] "Kansas is 11% complete."
[1] "Kansas is 11.1% complete."
[1] "Kansas is 11.3% complete."
[1] "Kansas is 11.5% complete."
[1] "Kansas is 11.6% complete."
[1] "Kansas is 11.8% complete."
[1] "Kansas is 11.9% complete."
[1] "Kansas is 12.1% complete."
[1] "Kansas is 12.3% complete."
[1] "Kansas is 12.4% complete."
[1] "Kansas is 12.6% complete."
[1] "Kansas is 12.8% complete."
[1] "Kansas is 12.9% complete."
[1] "Kansas is 13.1% complete."
[1] "Kansas is 13.3% complete."
[1] "Kansas is 13.4% complete."
[1] "Kansas is 13.6% complete."
[1] "Kansas is 13.7% complete."
[1] "Kansas is 13.9% complete."
[1] "Kansas is 14.1% complete."
[1] "Kansas is 14.2% complete."
[1] "Kansas is 14.4% complete."
[1] "Kansas is 14.6% complete."
[1] "Kansas is 14.7% complete."
[1] "Kansas is 14.9% complete."
[1] "Kansas is 15.1% complete."
[1] "Kansas is 15.2% complete."
[1] "Kansas is 15.4% complete."
[1] "Kansas is 15.5% complete."
[1] "Kansas is 15.7% complete."
[1] "Kansas is 15.9% complete."
[1] "Kansas is 16% complete."
[1] "Kansas is 16.2% complete."
[1] "Kansas is 16.4% complete."
[1] "Kansas is 16.5% complete."
[1] "Kansas is 16.7% complete."
[1] "Kansas is 16.9% complete."
[1] "Kansas is 17% complete."
[1] "Kansas is 17.2% complete."
[1] "Kansas is 17.3% complete."
[1] "Kansas is 17.5% complete."
[1] "Kansas is 17.7% complete."
[1] "Kansas is 17.8% complete."
[1] "Kansas is 18% complete."
[1] "Kansas is 18.2% complete."
[1] "Kansas is 18.3% complete."
[1] "Kansas is 18.5% complete."
[1] "Kansas is 18.7% complete."
[1] "Kansas is 18.8% complete."
[1] "Kansas is 19% complete."
[1] "Kansas is 19.1% complete."
[1] "Kansas is 19.3% complete."
[1] "Kansas is 19.5% complete."
[1] "Kansas is 19.6% complete."
[1] "Kansas is 19.8% complete."
[1] "Kansas is 20% complete."
[1] "Kansas is 20.1% complete."
[1] "Kansas is 20.3% complete."
[1] "Kansas is 20.5% complete."
[1] "Kansas is 20.6% complete."
[1] "Kansas is 20.8% complete."
[1] "Kansas is 20.9% complete."
[1] "Kansas is 21.1% complete."
[1] "Kansas is 21.3% complete."
[1] "Kansas is 21.4% complete."
[1] "Kansas is 21.6% complete."
[1] "Kansas is 21.8% complete."
[1] "Kansas is 21.9% complete."
[1] "Kansas is 22.1% complete."
[1] "Kansas is 22.3% complete."
[1] "Kansas is 22.4% complete."
[1] "Kansas is 22.6% complete."
[1] "Kansas is 22.7% complete."
[1] "Kansas is 22.9% complete."
[1] "Kansas is 23.1% complete."
[1] "Kansas is 23.2% complete."
[1] "Kansas is 23.4% complete."
[1] "Kansas is 23.6% complete."
[1] "Kansas is 23.7% complete."
[1] "Kansas is 23.9% complete."
[1] "Kansas is 24.1% complete."
[1] "Kansas is 24.2% complete."
[1] "Kansas is 24.4% complete."
[1] "Kansas is 24.5% complete."
[1] "Kansas is 24.7% complete."
[1] "Kansas is 24.9% complete."
[1] "Kansas is 25% complete."
[1] "Kansas is 25.2% complete."
[1] "Kansas is 25.4% complete."
[1] "Kansas is 25.5% complete."
[1] "Kansas is 25.7% complete."
[1] "Kansas is 25.9% complete."
[1] "Kansas is 26% complete."
[1] "Kansas is 26.2% complete."
[1] "Kansas is 26.4% complete."
[1] "Kansas is 26.5% complete."
[1] "Kansas is 26.7% complete."
[1] "Kansas is 26.8% complete."
[1] "Kansas is 27% complete."
[1] "Kansas is 27.2% complete."
[1] "Kansas is 27.3% complete."
[1] "Kansas is 27.5% complete."
[1] "Kansas is 27.7% complete."
[1] "Kansas is 27.8% complete."
[1] "Kansas is 28% complete."
[1] "Kansas is 28.2% complete."
[1] "Kansas is 28.3% complete."
[1] "Kansas is 28.5% complete."
[1] "Kansas is 28.6% complete."
[1] "Kansas is 28.8% complete."
[1] "Kansas is 29% complete."
[1] "Kansas is 29.1% complete."
[1] "Kansas is 29.3% complete."
[1] "Kansas is 29.5% complete."
[1] "Kansas is 29.6% complete."
[1] "Kansas is 29.8% complete."
[1] "Kansas is 30% complete."
[1] "Kansas is 30.1% complete."
[1] "Kansas is 30.3% complete."
[1] "Kansas is 30.4% complete."
[1] "Kansas is 30.6% complete."
[1] "Kansas is 30.8% complete."
[1] "Kansas is 30.9% complete."
[1] "Kansas is 31.1% complete."
[1] "Kansas is 31.3% complete."
[1] "Kansas is 31.4% complete."
[1] "Kansas is 31.6% complete."
[1] "Kansas is 31.8% complete."
[1] "Kansas is 31.9% complete."
[1] "Kansas is 32.1% complete."
[1] "Kansas is 32.2% complete."
[1] "Kansas is 32.4% complete."
[1] "Kansas is 32.6% complete."
[1] "Kansas is 32.7% complete."
[1] "Kansas is 32.9% complete."
[1] "Kansas is 33.1% complete."
[1] "Kansas is 33.2% complete."
[1] "Kansas is 33.4% complete."
[1] "Kansas is 33.6% complete."
[1] "Kansas is 33.7% complete."
[1] "Kansas is 33.9% complete."
[1] "Kansas is 34% complete."
[1] "Kansas is 34.2% complete."
[1] "Kansas is 34.4% complete."
[1] "Kansas is 34.5% complete."
[1] "Kansas is 34.7% complete."
[1] "Kansas is 34.9% complete."
[1] "Kansas is 35% complete."
[1] "Kansas is 35.2% complete."
[1] "Kansas is 35.4% complete."
[1] "Kansas is 35.5% complete."
[1] "Kansas is 35.7% complete."
[1] "Kansas is 35.8% complete."
[1] "Kansas is 36% complete."
[1] "Kansas is 36.2% complete."
[1] "Kansas is 36.3% complete."
[1] "Kansas is 36.5% complete."
[1] "Kansas is 36.7% complete."
[1] "Kansas is 36.8% complete."
[1] "Kansas is 37% complete."
[1] "Kansas is 37.2% complete."
[1] "Kansas is 37.3% complete."
[1] "Kansas is 37.5% complete."
[1] "Kansas is 37.6% complete."
[1] "Kansas is 37.8% complete."
[1] "Kansas is 38% complete."
[1] "Kansas is 38.1% complete."
[1] "Kansas is 38.3% complete."
[1] "Kansas is 38.5% complete."
[1] "Kansas is 38.6% complete."
[1] "Kansas is 38.8% complete."
[1] "Kansas is 39% complete."
[1] "Kansas is 39.1% complete."
[1] "Kansas is 39.3% complete."
[1] "Kansas is 39.4% complete."
[1] "Kansas is 39.6% complete."
[1] "Kansas is 39.8% complete."
[1] "Kansas is 39.9% complete."
[1] "Kansas is 40.1% complete."
[1] "Kansas is 40.3% complete."
[1] "Kansas is 40.4% complete."
[1] "Kansas is 40.6% complete."
[1] "Kansas is 40.8% complete."
[1] "Kansas is 40.9% complete."
[1] "Kansas is 41.1% complete."
[1] "Kansas is 41.2% complete."
[1] "Kansas is 41.4% complete."
[1] "Kansas is 41.6% complete."
[1] "Kansas is 41.7% complete."
[1] "Kansas is 41.9% complete."
[1] "Kansas is 42.1% complete."
[1] "Kansas is 42.2% complete."
[1] "Kansas is 42.4% complete."
[1] "Kansas is 42.6% complete."
[1] "Kansas is 42.7% complete."
[1] "Kansas is 42.9% complete."
[1] "Kansas is 43% complete."
[1] "Kansas is 43.2% complete."
[1] "Kansas is 43.4% complete."
[1] "Kansas is 43.5% complete."
[1] "Kansas is 43.7% complete."
[1] "Kansas is 43.9% complete."
[1] "Kansas is 44% complete."
[1] "Kansas is 44.2% complete."
[1] "Kansas is 44.4% complete."
[1] "Kansas is 44.5% complete."
[1] "Kansas is 44.7% complete."
[1] "Kansas is 44.8% complete."
[1] "Kansas is 45% complete."
[1] "Kansas is 45.2% complete."
[1] "Kansas is 45.3% complete."
[1] "Kansas is 45.5% complete."
[1] "Kansas is 45.7% complete."
[1] "Kansas is 45.8% complete."
[1] "Kansas is 46% complete."
[1] "Kansas is 46.2% complete."
[1] "Kansas is 46.3% complete."
[1] "Kansas is 46.5% complete."
[1] "Kansas is 46.6% complete."
[1] "Kansas is 46.8% complete."
[1] "Kansas is 47% complete."
[1] "Kansas is 47.1% complete."
[1] "Kansas is 47.3% complete."
[1] "Kansas is 47.5% complete."
[1] "Kansas is 47.6% complete."
[1] "Kansas is 47.8% complete."
[1] "Kansas is 48% complete."
[1] "Kansas is 48.1% complete."
[1] "Kansas is 48.3% complete."
[1] "Kansas is 48.4% complete."
[1] "Kansas is 48.6% complete."
[1] "Kansas is 48.8% complete."
[1] "Kansas is 48.9% complete."
[1] "Kansas is 49.1% complete."
[1] "Kansas is 49.3% complete."
[1] "Kansas is 49.4% complete."
[1] "Kansas is 49.6% complete."
[1] "Kansas is 49.8% complete."
[1] "Kansas is 49.9% complete."
[1] "Kansas is 50.1% complete."
[1] "Kansas is 50.2% complete."
[1] "Kansas is 50.4% complete."
[1] "Kansas is 50.6% complete."
[1] "Kansas is 50.7% complete."
[1] "Kansas is 50.9% complete."
[1] "Kansas is 51.1% complete."
[1] "Kansas is 51.2% complete."
[1] "Kansas is 51.4% complete."
[1] "Kansas is 51.6% complete."
[1] "Kansas is 51.7% complete."
[1] "Kansas is 51.9% complete."
[1] "Kansas is 52% complete."
[1] "Kansas is 52.2% complete."
[1] "Kansas is 52.4% complete."
[1] "Kansas is 52.5% complete."
[1] "Kansas is 52.7% complete."
[1] "Kansas is 52.9% complete."
[1] "Kansas is 53% complete."
[1] "Kansas is 53.2% complete."
[1] "Kansas is 53.4% complete."
[1] "Kansas is 53.5% complete."
[1] "Kansas is 53.7% complete."
[1] "Kansas is 53.8% complete."
[1] "Kansas is 54% complete."
[1] "Kansas is 54.2% complete."
[1] "Kansas is 54.3% complete."
[1] "Kansas is 54.5% complete."
[1] "Kansas is 54.7% complete."
[1] "Kansas is 54.8% complete."
[1] "Kansas is 55% complete."
[1] "Kansas is 55.2% complete."
[1] "Kansas is 55.3% complete."
[1] "Kansas is 55.5% complete."
[1] "Kansas is 55.6% complete."
[1] "Kansas is 55.8% complete."
[1] "Kansas is 56% complete."
[1] "Kansas is 56.1% complete."
[1] "Kansas is 56.3% complete."
[1] "Kansas is 56.5% complete."
[1] "Kansas is 56.6% complete."
[1] "Kansas is 56.8% complete."
[1] "Kansas is 57% complete."
[1] "Kansas is 57.1% complete."
[1] "Kansas is 57.3% complete."
[1] "Kansas is 57.4% complete."
[1] "Kansas is 57.6% complete."
[1] "Kansas is 57.8% complete."
[1] "Kansas is 57.9% complete."
[1] "Kansas is 58.1% complete."
[1] "Kansas is 58.3% complete."
[1] "Kansas is 58.4% complete."
[1] "Kansas is 58.6% complete."
[1] "Kansas is 58.8% complete."
[1] "Kansas is 58.9% complete."
[1] "Kansas is 59.1% complete."
[1] "Kansas is 59.2% complete."
[1] "Kansas is 59.4% complete."
[1] "Kansas is 59.6% complete."
[1] "Kansas is 59.7% complete."
[1] "Kansas is 59.9% complete."
[1] "Kansas is 60.1% complete."
[1] "Kansas is 60.2% complete."
[1] "Kansas is 60.4% complete."
[1] "Kansas is 60.6% complete."
[1] "Kansas is 60.7% complete."
[1] "Kansas is 60.9% complete."
[1] "Kansas is 61% complete."
[1] "Kansas is 61.2% complete."
[1] "Kansas is 61.4% complete."
[1] "Kansas is 61.5% complete."
[1] "Kansas is 61.7% complete."
[1] "Kansas is 61.9% complete."
[1] "Kansas is 62% complete."
[1] "Kansas is 62.2% complete."
[1] "Kansas is 62.4% complete."
[1] "Kansas is 62.5% complete."
[1] "Kansas is 62.7% complete."
[1] "Kansas is 62.8% complete."
[1] "Kansas is 63% complete."
[1] "Kansas is 63.2% complete."
[1] "Kansas is 63.3% complete."
[1] "Kansas is 63.5% complete."
[1] "Kansas is 63.7% complete."
[1] "Kansas is 63.8% complete."
[1] "Kansas is 64% complete."
[1] "Kansas is 64.2% complete."
[1] "Kansas is 64.3% complete."
[1] "Kansas is 64.5% complete."
[1] "Kansas is 64.6% complete."
[1] "Kansas is 64.8% complete."
[1] "Kansas is 65% complete."
[1] "Kansas is 65.1% complete."
[1] "Kansas is 65.3% complete."
[1] "Kansas is 65.5% complete."
[1] "Kansas is 65.6% complete."
[1] "Kansas is 65.8% complete."
[1] "Kansas is 66% complete."
[1] "Kansas is 66.1% complete."
[1] "Kansas is 66.3% complete."
[1] "Kansas is 66.4% complete."
[1] "Kansas is 66.6% complete."
[1] "Kansas is 66.8% complete."
[1] "Kansas is 66.9% complete."
[1] "Kansas is 67.1% complete."
[1] "Kansas is 67.3% complete."
[1] "Kansas is 67.4% complete."
[1] "Kansas is 67.6% complete."
[1] "Kansas is 67.8% complete."
[1] "Kansas is 67.9% complete."
[1] "Kansas is 68.1% complete."
[1] "Kansas is 68.2% complete."
[1] "Kansas is 68.4% complete."
[1] "Kansas is 68.6% complete."
[1] "Kansas is 68.7% complete."
[1] "Kansas is 68.9% complete."
[1] "Kansas is 69.1% complete."
[1] "Kansas is 69.2% complete."
[1] "Kansas is 69.4% complete."
[1] "Kansas is 69.6% complete."
[1] "Kansas is 69.7% complete."
[1] "Kansas is 69.9% complete."
[1] "Kansas is 70% complete."
[1] "Kansas is 70.2% complete."
[1] "Kansas is 70.4% complete."
[1] "Kansas is 70.5% complete."
[1] "Kansas is 70.7% complete."
[1] "Kansas is 70.9% complete."
[1] "Kansas is 71% complete."
[1] "Kansas is 71.2% complete."
[1] "Kansas is 71.4% complete."
[1] "Kansas is 71.5% complete."
[1] "Kansas is 71.7% complete."
[1] "Kansas is 71.8% complete."
[1] "Kansas is 72% complete."
[1] "Kansas is 72.2% complete."
[1] "Kansas is 72.3% complete."
[1] "Kansas is 72.5% complete."
[1] "Kansas is 72.7% complete."
[1] "Kansas is 72.8% complete."
[1] "Kansas is 73% complete."
[1] "Kansas is 73.2% complete."
[1] "Kansas is 73.3% complete."
[1] "Kansas is 73.5% complete."
[1] "Kansas is 73.6% complete."
[1] "Kansas is 73.8% complete."
[1] "Kansas is 74% complete."
[1] "Kansas is 74.1% complete."
[1] "Kansas is 74.3% complete."
[1] "Kansas is 74.5% complete."
[1] "Kansas is 74.6% complete."
[1] "Kansas is 74.8% complete."
[1] "Kansas is 75% complete."
[1] "Kansas is 75.1% complete."
[1] "Kansas is 75.3% complete."
[1] "Kansas is 75.5% complete."
[1] "Kansas is 75.6% complete."
[1] "Kansas is 75.8% complete."
[1] "Kansas is 75.9% complete."
[1] "Kansas is 76.1% complete."
[1] "Kansas is 76.3% complete."
[1] "Kansas is 76.4% complete."
[1] "Kansas is 76.6% complete."
[1] "Kansas is 76.8% complete."
[1] "Kansas is 76.9% complete."
[1] "Kansas is 77.1% complete."
[1] "Kansas is 77.3% complete."
[1] "Kansas is 77.4% complete."
[1] "Kansas is 77.6% complete."
[1] "Kansas is 77.7% complete."
[1] "Kansas is 77.9% complete."
[1] "Kansas is 78.1% complete."
[1] "Kansas is 78.2% complete."
[1] "Kansas is 78.4% complete."
[1] "Kansas is 78.6% complete."
[1] "Kansas is 78.7% complete."
[1] "Kansas is 78.9% complete."
[1] "Kansas is 79.1% complete."
[1] "Kansas is 79.2% complete."
[1] "Kansas is 79.4% complete."
[1] "Kansas is 79.5% complete."
[1] "Kansas is 79.7% complete."
[1] "Kansas is 79.9% complete."
[1] "Kansas is 80% complete."
[1] "Kansas is 80.2% complete."
[1] "Kansas is 80.4% complete."
[1] "Kansas is 80.5% complete."
[1] "Kansas is 80.7% complete."
[1] "Kansas is 80.9% complete."
[1] "Kansas is 81% complete."
[1] "Kansas is 81.2% complete."
[1] "Kansas is 81.3% complete."
[1] "Kansas is 81.5% complete."
[1] "Kansas is 81.7% complete."
[1] "Kansas is 81.8% complete."
[1] "Kansas is 82% complete."
[1] "Kansas is 82.2% complete."
[1] "Kansas is 82.3% complete."
[1] "Kansas is 82.5% complete."
[1] "Kansas is 82.7% complete."
[1] "Kansas is 82.8% complete."
[1] "Kansas is 83% complete."
[1] "Kansas is 83.1% complete."
[1] "Kansas is 83.3% complete."
[1] "Kansas is 83.5% complete."
[1] "Kansas is 83.6% complete."
[1] "Kansas is 83.8% complete."
[1] "Kansas is 84% complete."
[1] "Kansas is 84.1% complete."
[1] "Kansas is 84.3% complete."
[1] "Kansas is 84.5% complete."
[1] "Kansas is 84.6% complete."
[1] "Kansas is 84.8% complete."
[1] "Kansas is 84.9% complete."
[1] "Kansas is 85.1% complete."
[1] "Kansas is 85.3% complete."
[1] "Kansas is 85.4% complete."
[1] "Kansas is 85.6% complete."
[1] "Kansas is 85.8% complete."
[1] "Kansas is 85.9% complete."
[1] "Kansas is 86.1% complete."
[1] "Kansas is 86.3% complete."
[1] "Kansas is 86.4% complete."
[1] "Kansas is 86.6% complete."
[1] "Kansas is 86.7% complete."
[1] "Kansas is 86.9% complete."
[1] "Kansas is 87.1% complete."
[1] "Kansas is 87.2% complete."
[1] "Kansas is 87.4% complete."
[1] "Kansas is 87.6% complete."
[1] "Kansas is 87.7% complete."
[1] "Kansas is 87.9% complete."
[1] "Kansas is 88.1% complete."
[1] "Kansas is 88.2% complete."
[1] "Kansas is 88.4% complete."
[1] "Kansas is 88.5% complete."
[1] "Kansas is 88.7% complete."
[1] "Kansas is 88.9% complete."
[1] "Kansas is 89% complete."
[1] "Kansas is 89.2% complete."
[1] "Kansas is 89.4% complete."
[1] "Kansas is 89.5% complete."
[1] "Kansas is 89.7% complete."
[1] "Kansas is 89.9% complete."
[1] "Kansas is 90% complete."
[1] "Kansas is 90.2% complete."
[1] "Kansas is 90.3% complete."
[1] "Kansas is 90.5% complete."
[1] "Kansas is 90.7% complete."
[1] "Kansas is 90.8% complete."
[1] "Kansas is 91% complete."
[1] "Kansas is 91.2% complete."
[1] "Kansas is 91.3% complete."
[1] "Kansas is 91.5% complete."
[1] "Kansas is 91.7% complete."
[1] "Kansas is 91.8% complete."
[1] "Kansas is 92% complete."
[1] "Kansas is 92.1% complete."
[1] "Kansas is 92.3% complete."
[1] "Kansas is 92.5% complete."
[1] "Kansas is 92.6% complete."
[1] "Kansas is 92.8% complete."
[1] "Kansas is 93% complete."
[1] "Kansas is 93.1% complete."
[1] "Kansas is 93.3% complete."
[1] "Kansas is 93.5% complete."
[1] "Kansas is 93.6% complete."
[1] "Kansas is 93.8% complete."
[1] "Kansas is 93.9% complete."
[1] "Kansas is 94.1% complete."
[1] "Kansas is 94.3% complete."
[1] "Kansas is 94.4% complete."
[1] "Kansas is 94.6% complete."
[1] "Kansas is 94.8% complete."
[1] "Kansas is 94.9% complete."
[1] "Kansas is 95.1% complete."
[1] "Kansas is 95.3% complete."
[1] "Kansas is 95.4% complete."
[1] "Kansas is 95.6% complete."
[1] "Kansas is 95.7% complete."
[1] "Kansas is 95.9% complete."
[1] "Kansas is 96.1% complete."
[1] "Kansas is 96.2% complete."
[1] "Kansas is 96.4% complete."
[1] "Kansas is 96.6% complete."
[1] "Kansas is 96.7% complete."
[1] "Kansas is 96.9% complete."
[1] "Kansas is 97.1% complete."
[1] "Kansas is 97.2% complete."
[1] "Kansas is 97.4% complete."
[1] "Kansas is 97.5% complete."
[1] "Kansas is 97.7% complete."
[1] "Kansas is 97.9% complete."
[1] "Kansas is 98% complete."
[1] "Kansas is 98.2% complete."
[1] "Kansas is 98.4% complete."
[1] "Kansas is 98.5% complete."
[1] "Kansas is 98.7% complete."
[1] "Kansas is 98.9% complete."
[1] "Kansas is 99% complete."
[1] "Kansas is 99.2% complete."
[1] "Kansas is 99.3% complete."
[1] "Kansas is 99.5% complete."
[1] "Kansas is 99.7% complete."
[1] "Kansas is 99.8% complete."
[1] "Kansas is 100% complete."
[1] "Completed Kansas @ 2025-05-27 09:55:55"
Deleting layer `weighted' using driver `GPKG'
Writing layer `weighted' to data source 
  `/work/GRDVULN/sewershed/Model/Create_Boundaries/outputs/Weighted/FP_20.gpkg' using driver `GPKG'
Writing 611 features with 10 fields and geometry type Unknown (any).
[1] "SCRIPT COMPLETE @ 2025-05-27 09:56:09"
