[1] "Starting Maine"
[1] "Ignoring hexagons already assigned to 0 Systems"
Reading layer `cb_2021_us_state_500k' from data source 
  `/work/GRDVULN/data/cb_2021_us_all_500k.gdb' using driver `OpenFileGDB'
Simple feature collection with 56 features and 9 fields
Geometry type: MULTIPOLYGON
Dimension:     XY
Bounding box:  xmin: -179.1489 ymin: -14.5487 xmax: 179.7785 ymax: 71.36516
Geodetic CRS:  NAD83
[1] "Building 132 systems"
[1] "Maine is 0.8% complete."
[1] "Maine is 1.5% complete."
[1] "Maine is 2.3% complete."
[1] "Maine is 3% complete."
[1] "Maine is 3.8% complete."
[1] "Maine is 4.5% complete."
[1] "Maine is 5.3% complete."
[1] "Maine is 6.1% complete."
[1] "Maine is 6.8% complete."
[1] "Maine is 7.6% complete."
[1] "Maine is 8.3% complete."
[1] "Maine is 9.1% complete."
[1] "Maine is 9.8% complete."
[1] "Maine is 10.6% complete."
[1] "Maine is 11.4% complete."
[1] "Maine is 12.1% complete."
[1] "Maine is 12.9% complete."
[1] "Maine is 13.6% complete."
[1] "Maine is 14.4% complete."
[1] "Maine is 15.2% complete."
[1] "Maine is 15.9% complete."
[1] "Maine is 16.7% complete."
[1] "Maine is 17.4% complete."
[1] "Maine is 18.2% complete."
[1] "Maine is 18.9% complete."
[1] "Maine is 19.7% complete."
[1] "Maine is 20.5% complete."
[1] "Maine is 21.2% complete."
[1] "Maine is 22% complete."
[1] "Maine is 22.7% complete."
[1] "Maine is 23.5% complete."
[1] "Maine is 24.2% complete."
[1] "Maine is 25% complete."
[1] "Maine is 25.8% complete."
[1] "Maine is 26.5% complete."
[1] "Maine is 27.3% complete."
[1] "Maine is 28% complete."
[1] "Maine is 28.8% complete."
[1] "Maine is 29.5% complete."
[1] "Maine is 30.3% complete."
[1] "Maine is 31.1% complete."
[1] "Maine is 31.8% complete."
[1] "Maine is 32.6% complete."
[1] "Maine is 33.3% complete."
[1] "Maine is 34.1% complete."
[1] "Maine is 34.8% complete."
[1] "Maine is 35.6% complete."
[1] "Maine is 36.4% complete."
[1] "Maine is 37.1% complete."
[1] "Maine is 37.9% complete."
[1] "Maine is 38.6% complete."
[1] "Maine is 39.4% complete."
[1] "Maine is 40.2% complete."
[1] "Maine is 40.9% complete."
[1] "Maine is 41.7% complete."
[1] "Maine is 42.4% complete."
[1] "Maine is 43.2% complete."
[1] "Maine is 43.9% complete."
[1] "Maine is 44.7% complete."
[1] "Maine is 45.5% complete."
[1] "Maine is 46.2% complete."
[1] "Maine is 47% complete."
[1] "Maine is 47.7% complete."
[1] "Maine is 48.5% complete."
[1] "Maine is 49.2% complete."
[1] "Maine is 50% complete."
[1] "Maine is 50.8% complete."
[1] "Maine is 51.5% complete."
[1] "Maine is 52.3% complete."
[1] "Maine is 53% complete."
[1] "Maine is 53.8% complete."
[1] "Maine is 54.5% complete."
[1] "Maine is 55.3% complete."
[1] "Maine is 56.1% complete."
[1] "Maine is 56.8% complete."
[1] "Maine is 57.6% complete."
[1] "Maine is 58.3% complete."
[1] "Maine is 59.1% complete."
[1] "Maine is 59.8% complete."
[1] "Maine is 60.6% complete."
[1] "Maine is 61.4% complete."
[1] "Maine is 62.1% complete."
[1] "Maine is 62.9% complete."
[1] "Maine is 63.6% complete."
[1] "Maine is 64.4% complete."
[1] "Maine is 65.2% complete."
[1] "Maine is 65.9% complete."
[1] "Maine is 66.7% complete."
[1] "Maine is 67.4% complete."
[1] "Maine is 68.2% complete."
[1] "Maine is 68.9% complete."
[1] "Maine is 69.7% complete."
[1] "Maine is 70.5% complete."
[1] "Maine is 71.2% complete."
[1] "Maine is 72% complete."
[1] "Maine is 72.7% complete."
[1] "Maine is 73.5% complete."
[1] "Maine is 74.2% complete."
[1] "Maine is 75% complete."
[1] "Maine is 75.8% complete."
[1] "Maine is 76.5% complete."
[1] "Maine is 77.3% complete."
[1] "Maine is 78% complete."
[1] "Maine is 78.8% complete."
[1] "Maine is 79.5% complete."
[1] "Maine is 80.3% complete."
[1] "Maine is 81.1% complete."
[1] "Maine is 81.8% complete."
[1] "Maine is 82.6% complete."
[1] "Maine is 83.3% complete."
[1] "Maine is 84.1% complete."
[1] "Maine is 84.8% complete."
[1] "Maine is 85.6% complete."
[1] "Maine is 86.4% complete."
[1] "Maine is 87.1% complete."
[1] "Maine is 87.9% complete."
[1] "Maine is 88.6% complete."
[1] "Maine is 89.4% complete."
[1] "Maine is 90.2% complete."
[1] "Maine is 90.9% complete."
[1] "Maine is 91.7% complete."
[1] "Maine is 92.4% complete."
[1] "Maine is 93.2% complete."
[1] "Maine is 93.9% complete."
[1] "Maine is 94.7% complete."
[1] "Maine is 95.5% complete."
[1] "Maine is 96.2% complete."
[1] "Maine is 97% complete."
[1] "Maine is 97.7% complete."
[1] "Maine is 98.5% complete."
[1] "Maine is 99.2% complete."
[1] "Maine is 100% complete."
[1] "Completed Maine @ 2025-05-27 09:52:09"
Deleting layer `weighted' using driver `GPKG'
Writing layer `weighted' to data source 
  `/work/GRDVULN/sewershed/Model/Create_Boundaries/outputs/Weighted/FP_23.gpkg' using driver `GPKG'
Writing 132 features with 10 fields and geometry type Unknown (any).
[1] "SCRIPT COMPLETE @ 2025-05-27 09:52:15"
