[1] "Starting Massachusetts"
[1] "Ignoring hexagons already assigned to 123 Systems"
Reading layer `cb_2021_us_state_500k' from data source 
  `/work/GRDVULN/data/cb_2021_us_all_500k.gdb' using driver `OpenFileGDB'
Simple feature collection with 56 features and 9 fields
Geometry type: MULTIPOLYGON
Dimension:     XY
Bounding box:  xmin: -179.1489 ymin: -14.5487 xmax: 179.7785 ymax: 71.36516
Geodetic CRS:  NAD83
[1] "Building 4 systems"
[1] "Massachusetts is 25% complete."
[1] "Massachusetts is 50% complete."
[1] "Massachusetts is 75% complete."
[1] "Massachusetts is 100% complete."
[1] "Completed Massachusetts @ 2025-05-27 09:50:59"
Deleting layer `weighted' using driver `GPKG'
Writing layer `weighted' to data source 
  `/work/GRDVULN/sewershed/Model/Create_Boundaries/outputs/Weighted/FP_25.gpkg' using driver `GPKG'
Writing 4 features with 10 fields and geometry type Unknown (any).
[1] "SCRIPT COMPLETE @ 2025-05-27 09:50:59"
