[1] "Starting Minnesota"
[1] "Ignoring hexagons already assigned to 9 Systems"
Reading layer `cb_2021_us_state_500k' from data source 
  `/work/GRDVULN/data/cb_2021_us_all_500k.gdb' using driver `OpenFileGDB'
Simple feature collection with 56 features and 9 fields
Geometry type: MULTIPOLYGON
Dimension:     XY
Bounding box:  xmin: -179.1489 ymin: -14.5487 xmax: 179.7785 ymax: 71.36516
Geodetic CRS:  NAD83
[1] "Building 538 systems"
[1] "Minnesota is 0.2% complete."
[1] "Minnesota is 0.4% complete."
[1] "Minnesota is 0.6% complete."
[1] "Minnesota is 0.7% complete."
[1] "Minnesota is 0.9% complete."
[1] "Minnesota is 1.1% complete."
[1] "Minnesota is 1.3% complete."
[1] "Minnesota is 1.5% complete."
[1] "Minnesota is 1.7% complete."
[1] "Minnesota is 1.9% complete."
[1] "Minnesota is 2% complete."
[1] "Minnesota is 2.2% complete."
[1] "Minnesota is 2.4% complete."
[1] "Minnesota is 2.6% complete."
[1] "Minnesota is 2.8% complete."
[1] "Minnesota is 3% complete."
[1] "Minnesota is 3.2% complete."
[1] "Minnesota is 3.3% complete."
[1] "Minnesota is 3.5% complete."
[1] "Minnesota is 3.7% complete."
[1] "Minnesota is 3.9% complete."
[1] "Minnesota is 4.1% complete."
[1] "Minnesota is 4.3% complete."
[1] "Minnesota is 4.5% complete."
[1] "Minnesota is 4.6% complete."
[1] "Minnesota is 4.8% complete."
[1] "Minnesota is 5% complete."
[1] "Minnesota is 5.2% complete."
[1] "Minnesota is 5.4% complete."
[1] "Minnesota is 5.6% complete."
[1] "Minnesota is 5.8% complete."
[1] "Minnesota is 5.9% complete."
[1] "Minnesota is 6.1% complete."
[1] "Minnesota is 6.3% complete."
[1] "Minnesota is 6.5% complete."
[1] "Minnesota is 6.7% complete."
[1] "Minnesota is 6.9% complete."
[1] "Minnesota is 7.1% complete."
[1] "Minnesota is 7.2% complete."
[1] "Minnesota is 7.4% complete."
[1] "Minnesota is 7.6% complete."
[1] "Minnesota is 7.8% complete."
[1] "Minnesota is 8% complete."
[1] "Minnesota is 8.2% complete."
[1] "Minnesota is 8.4% complete."
[1] "Minnesota is 8.6% complete."
[1] "Minnesota is 8.7% complete."
[1] "Minnesota is 8.9% complete."
[1] "Minnesota is 9.1% complete."
[1] "Minnesota is 9.3% complete."
[1] "Minnesota is 9.5% complete."
[1] "Minnesota is 9.7% complete."
[1] "Minnesota is 9.9% complete."
[1] "Minnesota is 10% complete."
[1] "Minnesota is 10.2% complete."
[1] "Minnesota is 10.4% complete."
[1] "Minnesota is 10.6% complete."
[1] "Minnesota is 10.8% complete."
[1] "Minnesota is 11% complete."
[1] "Minnesota is 11.2% complete."
[1] "Minnesota is 11.3% complete."
[1] "Minnesota is 11.5% complete."
[1] "Minnesota is 11.7% complete."
[1] "Minnesota is 11.9% complete."
[1] "Minnesota is 12.1% complete."
[1] "Minnesota is 12.3% complete."
[1] "Minnesota is 12.5% complete."
[1] "Minnesota is 12.6% complete."
[1] "Minnesota is 12.8% complete."
[1] "Minnesota is 13% complete."
[1] "Minnesota is 13.2% complete."
[1] "Minnesota is 13.4% complete."
[1] "Minnesota is 13.6% complete."
[1] "Minnesota is 13.8% complete."
[1] "Minnesota is 13.9% complete."
[1] "Minnesota is 14.1% complete."
[1] "Minnesota is 14.3% complete."
[1] "Minnesota is 14.5% complete."
[1] "Minnesota is 14.7% complete."
[1] "Minnesota is 14.9% complete."
[1] "Minnesota is 15.1% complete."
[1] "Minnesota is 15.2% complete."
[1] "Minnesota is 15.4% complete."
[1] "Minnesota is 15.6% complete."
[1] "Minnesota is 15.8% complete."
[1] "Minnesota is 16% complete."
[1] "Minnesota is 16.2% complete."
[1] "Minnesota is 16.4% complete."
[1] "Minnesota is 16.5% complete."
[1] "Minnesota is 16.7% complete."
[1] "Minnesota is 16.9% complete."
[1] "Minnesota is 17.1% complete."
[1] "Minnesota is 17.3% complete."
[1] "Minnesota is 17.5% complete."
[1] "Minnesota is 17.7% complete."
[1] "Minnesota is 17.8% complete."
[1] "Minnesota is 18% complete."
[1] "Minnesota is 18.2% complete."
[1] "Minnesota is 18.4% complete."
[1] "Minnesota is 18.6% complete."
[1] "Minnesota is 18.8% complete."
[1] "Minnesota is 19% complete."
[1] "Minnesota is 19.1% complete."
[1] "Minnesota is 19.3% complete."
[1] "Minnesota is 19.5% complete."
[1] "Minnesota is 19.7% complete."
[1] "Minnesota is 19.9% complete."
[1] "Minnesota is 20.1% complete."
[1] "Minnesota is 20.3% complete."
[1] "Minnesota is 20.4% complete."
[1] "Minnesota is 20.6% complete."
[1] "Minnesota is 20.8% complete."
[1] "Minnesota is 21% complete."
[1] "Minnesota is 21.2% complete."
[1] "Minnesota is 21.4% complete."
[1] "Minnesota is 21.6% complete."
[1] "Minnesota is 21.7% complete."
[1] "Minnesota is 21.9% complete."
[1] "Minnesota is 22.1% complete."
[1] "Minnesota is 22.3% complete."
[1] "Minnesota is 22.5% complete."
[1] "Minnesota is 22.7% complete."
[1] "Minnesota is 22.9% complete."
[1] "Minnesota is 23% complete."
[1] "Minnesota is 23.2% complete."
[1] "Minnesota is 23.4% complete."
[1] "Minnesota is 23.6% complete."
[1] "Minnesota is 23.8% complete."
[1] "Minnesota is 24% complete."
[1] "Minnesota is 24.2% complete."
[1] "Minnesota is 24.3% complete."
[1] "Minnesota is 24.5% complete."
[1] "Minnesota is 24.7% complete."
[1] "Minnesota is 24.9% complete."
[1] "Minnesota is 25.1% complete."
[1] "Minnesota is 25.3% complete."
[1] "Minnesota is 25.5% complete."
[1] "Minnesota is 25.7% complete."
[1] "Minnesota is 25.8% complete."
[1] "Minnesota is 26% complete."
[1] "Minnesota is 26.2% complete."
[1] "Minnesota is 26.4% complete."
[1] "Minnesota is 26.6% complete."
[1] "Minnesota is 26.8% complete."
[1] "Minnesota is 27% complete."
[1] "Minnesota is 27.1% complete."
[1] "Minnesota is 27.3% complete."
[1] "Minnesota is 27.5% complete."
[1] "Minnesota is 27.7% complete."
[1] "Minnesota is 27.9% complete."
[1] "Minnesota is 28.1% complete."
[1] "Minnesota is 28.3% complete."
[1] "Minnesota is 28.4% complete."
[1] "Minnesota is 28.6% complete."
[1] "Minnesota is 28.8% complete."
[1] "Minnesota is 29% complete."
[1] "Minnesota is 29.2% complete."
[1] "Minnesota is 29.4% complete."
[1] "Minnesota is 29.6% complete."
[1] "Minnesota is 29.7% complete."
[1] "Minnesota is 29.9% complete."
[1] "Minnesota is 30.1% complete."
[1] "Minnesota is 30.3% complete."
[1] "Minnesota is 30.5% complete."
[1] "Minnesota is 30.7% complete."
[1] "Minnesota is 30.9% complete."
[1] "Minnesota is 31% complete."
[1] "Minnesota is 31.2% complete."
[1] "Minnesota is 31.4% complete."
[1] "Minnesota is 31.6% complete."
[1] "Minnesota is 31.8% complete."
[1] "Minnesota is 32% complete."
[1] "Minnesota is 32.2% complete."
[1] "Minnesota is 32.3% complete."
[1] "Minnesota is 32.5% complete."
[1] "Minnesota is 32.7% complete."
[1] "Minnesota is 32.9% complete."
[1] "Minnesota is 33.1% complete."
[1] "Minnesota is 33.3% complete."
[1] "Minnesota is 33.5% complete."
[1] "Minnesota is 33.6% complete."
[1] "Minnesota is 33.8% complete."
[1] "Minnesota is 34% complete."
[1] "Minnesota is 34.2% complete."
[1] "Minnesota is 34.4% complete."
[1] "Minnesota is 34.6% complete."
[1] "Minnesota is 34.8% complete."
[1] "Minnesota is 34.9% complete."
[1] "Minnesota is 35.1% complete."
[1] "Minnesota is 35.3% complete."
[1] "Minnesota is 35.5% complete."
[1] "Minnesota is 35.7% complete."
[1] "Minnesota is 35.9% complete."
[1] "Minnesota is 36.1% complete."
[1] "Minnesota is 36.2% complete."
[1] "Minnesota is 36.4% complete."
[1] "Minnesota is 36.6% complete."
[1] "Minnesota is 36.8% complete."
[1] "Minnesota is 37% complete."
[1] "Minnesota is 37.2% complete."
[1] "Minnesota is 37.4% complete."
[1] "Minnesota is 37.5% complete."
[1] "Minnesota is 37.7% complete."
[1] "Minnesota is 37.9% complete."
[1] "Minnesota is 38.1% complete."
[1] "Minnesota is 38.3% complete."
[1] "Minnesota is 38.5% complete."
[1] "Minnesota is 38.7% complete."
[1] "Minnesota is 38.8% complete."
[1] "Minnesota is 39% complete."
[1] "Minnesota is 39.2% complete."
[1] "Minnesota is 39.4% complete."
[1] "Minnesota is 39.6% complete."
[1] "Minnesota is 39.8% complete."
[1] "Minnesota is 40% complete."
[1] "Minnesota is 40.1% complete."
[1] "Minnesota is 40.3% complete."
[1] "Minnesota is 40.5% complete."
[1] "Minnesota is 40.7% complete."
[1] "Minnesota is 40.9% complete."
[1] "Minnesota is 41.1% complete."
[1] "Minnesota is 41.3% complete."
[1] "Minnesota is 41.4% complete."
[1] "Minnesota is 41.6% complete."
[1] "Minnesota is 41.8% complete."
[1] "Minnesota is 42% complete."
[1] "Minnesota is 42.2% complete."
[1] "Minnesota is 42.4% complete."
[1] "Minnesota is 42.6% complete."
[1] "Minnesota is 42.8% complete."
[1] "Minnesota is 42.9% complete."
[1] "Minnesota is 43.1% complete."
[1] "Minnesota is 43.3% complete."
[1] "Minnesota is 43.5% complete."
[1] "Minnesota is 43.7% complete."
[1] "Minnesota is 43.9% complete."
[1] "Minnesota is 44.1% complete."
[1] "Minnesota is 44.2% complete."
[1] "Minnesota is 44.4% complete."
[1] "Minnesota is 44.6% complete."
[1] "Minnesota is 44.8% complete."
[1] "Minnesota is 45% complete."
[1] "Minnesota is 45.2% complete."
[1] "Minnesota is 45.4% complete."
[1] "Minnesota is 45.5% complete."
[1] "Minnesota is 45.7% complete."
[1] "Minnesota is 45.9% complete."
[1] "Minnesota is 46.1% complete."
[1] "Minnesota is 46.3% complete."
[1] "Minnesota is 46.5% complete."
[1] "Minnesota is 46.7% complete."
[1] "Minnesota is 46.8% complete."
[1] "Minnesota is 47% complete."
[1] "Minnesota is 47.2% complete."
[1] "Minnesota is 47.4% complete."
[1] "Minnesota is 47.6% complete."
[1] "Minnesota is 47.8% complete."
[1] "Minnesota is 48% complete."
[1] "Minnesota is 48.1% complete."
[1] "Minnesota is 48.3% complete."
[1] "Minnesota is 48.5% complete."
[1] "Minnesota is 48.7% complete."
[1] "Minnesota is 48.9% complete."
[1] "Minnesota is 49.1% complete."
[1] "Minnesota is 49.3% complete."
[1] "Minnesota is 49.4% complete."
[1] "Minnesota is 49.6% complete."
[1] "Minnesota is 49.8% complete."
[1] "Minnesota is 50% complete."
[1] "Minnesota is 50.2% complete."
[1] "Minnesota is 50.4% complete."
[1] "Minnesota is 50.6% complete."
[1] "Minnesota is 50.7% complete."
[1] "Minnesota is 50.9% complete."
[1] "Minnesota is 51.1% complete."
[1] "Minnesota is 51.3% complete."
[1] "Minnesota is 51.5% complete."
[1] "Minnesota is 51.7% complete."
[1] "Minnesota is 51.9% complete."
[1] "Minnesota is 52% complete."
[1] "Minnesota is 52.2% complete."
[1] "Minnesota is 52.4% complete."
[1] "Minnesota is 52.6% complete."
[1] "Minnesota is 52.8% complete."
[1] "Minnesota is 53% complete."
[1] "Minnesota is 53.2% complete."
[1] "Minnesota is 53.3% complete."
[1] "Minnesota is 53.5% complete."
[1] "Minnesota is 53.7% complete."
[1] "Minnesota is 53.9% complete."
[1] "Minnesota is 54.1% complete."
[1] "Minnesota is 54.3% complete."
[1] "Minnesota is 54.5% complete."
[1] "Minnesota is 54.6% complete."
[1] "Minnesota is 54.8% complete."
[1] "Minnesota is 55% complete."
[1] "Minnesota is 55.2% complete."
[1] "Minnesota is 55.4% complete."
[1] "Minnesota is 55.6% complete."
[1] "Minnesota is 55.8% complete."
[1] "Minnesota is 55.9% complete."
[1] "Minnesota is 56.1% complete."
[1] "Minnesota is 56.3% complete."
[1] "Minnesota is 56.5% complete."
[1] "Minnesota is 56.7% complete."
[1] "Minnesota is 56.9% complete."
[1] "Minnesota is 57.1% complete."
[1] "Minnesota is 57.2% complete."
[1] "Minnesota is 57.4% complete."
[1] "Minnesota is 57.6% complete."
[1] "Minnesota is 57.8% complete."
[1] "Minnesota is 58% complete."
[1] "Minnesota is 58.2% complete."
[1] "Minnesota is 58.4% complete."
[1] "Minnesota is 58.6% complete."
[1] "Minnesota is 58.7% complete."
[1] "Minnesota is 58.9% complete."
[1] "Minnesota is 59.1% complete."
[1] "Minnesota is 59.3% complete."
[1] "Minnesota is 59.5% complete."
[1] "Minnesota is 59.7% complete."
[1] "Minnesota is 59.9% complete."
[1] "Minnesota is 60% complete."
[1] "Minnesota is 60.2% complete."
[1] "Minnesota is 60.4% complete."
[1] "Minnesota is 60.6% complete."
[1] "Minnesota is 60.8% complete."
[1] "Minnesota is 61% complete."
[1] "Minnesota is 61.2% complete."
[1] "Minnesota is 61.3% complete."
[1] "Minnesota is 61.5% complete."
[1] "Minnesota is 61.7% complete."
[1] "Minnesota is 61.9% complete."
[1] "Minnesota is 62.1% complete."
[1] "Minnesota is 62.3% complete."
[1] "Minnesota is 62.5% complete."
[1] "Minnesota is 62.6% complete."
[1] "Minnesota is 62.8% complete."
[1] "Minnesota is 63% complete."
[1] "Minnesota is 63.2% complete."
[1] "Minnesota is 63.4% complete."
[1] "Minnesota is 63.6% complete."
[1] "Minnesota is 63.8% complete."
[1] "Minnesota is 63.9% complete."
[1] "Minnesota is 64.1% complete."
[1] "Minnesota is 64.3% complete."
[1] "Minnesota is 64.5% complete."
[1] "Minnesota is 64.7% complete."
[1] "Minnesota is 64.9% complete."
[1] "Minnesota is 65.1% complete."
[1] "Minnesota is 65.2% complete."
[1] "Minnesota is 65.4% complete."
[1] "Minnesota is 65.6% complete."
[1] "Minnesota is 65.8% complete."
[1] "Minnesota is 66% complete."
[1] "Minnesota is 66.2% complete."
[1] "Minnesota is 66.4% complete."
[1] "Minnesota is 66.5% complete."
[1] "Minnesota is 66.7% complete."
[1] "Minnesota is 66.9% complete."
[1] "Minnesota is 67.1% complete."
[1] "Minnesota is 67.3% complete."
[1] "Minnesota is 67.5% complete."
[1] "Minnesota is 67.7% complete."
[1] "Minnesota is 67.8% complete."
[1] "Minnesota is 68% complete."
[1] "Minnesota is 68.2% complete."
[1] "Minnesota is 68.4% complete."
[1] "Minnesota is 68.6% complete."
[1] "Minnesota is 68.8% complete."
[1] "Minnesota is 69% complete."
[1] "Minnesota is 69.1% complete."
[1] "Minnesota is 69.3% complete."
[1] "Minnesota is 69.5% complete."
[1] "Minnesota is 69.7% complete."
[1] "Minnesota is 69.9% complete."
[1] "Minnesota is 70.1% complete."
[1] "Minnesota is 70.3% complete."
[1] "Minnesota is 70.4% complete."
[1] "Minnesota is 70.6% complete."
[1] "Minnesota is 70.8% complete."
[1] "Minnesota is 71% complete."
[1] "Minnesota is 71.2% complete."
[1] "Minnesota is 71.4% complete."
[1] "Minnesota is 71.6% complete."
[1] "Minnesota is 71.7% complete."
[1] "Minnesota is 71.9% complete."
[1] "Minnesota is 72.1% complete."
[1] "Minnesota is 72.3% complete."
[1] "Minnesota is 72.5% complete."
[1] "Minnesota is 72.7% complete."
[1] "Minnesota is 72.9% complete."
[1] "Minnesota is 73% complete."
[1] "Minnesota is 73.2% complete."
[1] "Minnesota is 73.4% complete."
[1] "Minnesota is 73.6% complete."
[1] "Minnesota is 73.8% complete."
[1] "Minnesota is 74% complete."
[1] "Minnesota is 74.2% complete."
[1] "Minnesota is 74.3% complete."
[1] "Minnesota is 74.5% complete."
[1] "Minnesota is 74.7% complete."
[1] "Minnesota is 74.9% complete."
[1] "Minnesota is 75.1% complete."
[1] "Minnesota is 75.3% complete."
[1] "Minnesota is 75.5% complete."
[1] "Minnesota is 75.7% complete."
[1] "Minnesota is 75.8% complete."
[1] "Minnesota is 76% complete."
[1] "Minnesota is 76.2% complete."
[1] "Minnesota is 76.4% complete."
[1] "Minnesota is 76.6% complete."
[1] "Minnesota is 76.8% complete."
[1] "Minnesota is 77% complete."
[1] "Minnesota is 77.1% complete."
[1] "Minnesota is 77.3% complete."
[1] "Minnesota is 77.5% complete."
[1] "Minnesota is 77.7% complete."
[1] "Minnesota is 77.9% complete."
[1] "Minnesota is 78.1% complete."
[1] "Minnesota is 78.3% complete."
[1] "Minnesota is 78.4% complete."
[1] "Minnesota is 78.6% complete."
[1] "Minnesota is 78.8% complete."
[1] "Minnesota is 79% complete."
[1] "Minnesota is 79.2% complete."
[1] "Minnesota is 79.4% complete."
[1] "Minnesota is 79.6% complete."
[1] "Minnesota is 79.7% complete."
[1] "Minnesota is 79.9% complete."
[1] "Minnesota is 80.1% complete."
[1] "Minnesota is 80.3% complete."
[1] "Minnesota is 80.5% complete."
[1] "Minnesota is 80.7% complete."
[1] "Minnesota is 80.9% complete."
[1] "Minnesota is 81% complete."
[1] "Minnesota is 81.2% complete."
[1] "Minnesota is 81.4% complete."
[1] "Minnesota is 81.6% complete."
[1] "Minnesota is 81.8% complete."
[1] "Minnesota is 82% complete."
[1] "Minnesota is 82.2% complete."
[1] "Minnesota is 82.3% complete."
[1] "Minnesota is 82.5% complete."
[1] "Minnesota is 82.7% complete."
[1] "Minnesota is 82.9% complete."
[1] "Minnesota is 83.1% complete."
[1] "Minnesota is 83.3% complete."
[1] "Minnesota is 83.5% complete."
[1] "Minnesota is 83.6% complete."
[1] "Minnesota is 83.8% complete."
[1] "Minnesota is 84% complete."
[1] "Minnesota is 84.2% complete."
[1] "Minnesota is 84.4% complete."
[1] "Minnesota is 84.6% complete."
[1] "Minnesota is 84.8% complete."
[1] "Minnesota is 84.9% complete."
[1] "Minnesota is 85.1% complete."
[1] "Minnesota is 85.3% complete."
[1] "Minnesota is 85.5% complete."
[1] "Minnesota is 85.7% complete."
[1] "Minnesota is 85.9% complete."
[1] "Minnesota is 86.1% complete."
[1] "Minnesota is 86.2% complete."
[1] "Minnesota is 86.4% complete."
[1] "Minnesota is 86.6% complete."
[1] "Minnesota is 86.8% complete."
[1] "Minnesota is 87% complete."
[1] "Minnesota is 87.2% complete."
[1] "Minnesota is 87.4% complete."
[1] "Minnesota is 87.5% complete."
[1] "Minnesota is 87.7% complete."
[1] "Minnesota is 87.9% complete."
[1] "Minnesota is 88.1% complete."
[1] "Minnesota is 88.3% complete."
[1] "Minnesota is 88.5% complete."
[1] "Minnesota is 88.7% complete."
[1] "Minnesota is 88.8% complete."
[1] "Minnesota is 89% complete."
[1] "Minnesota is 89.2% complete."
[1] "Minnesota is 89.4% complete."
[1] "Minnesota is 89.6% complete."
[1] "Minnesota is 89.8% complete."
[1] "Minnesota is 90% complete."
[1] "Minnesota is 90.1% complete."
[1] "Minnesota is 90.3% complete."
[1] "Minnesota is 90.5% complete."
[1] "Minnesota is 90.7% complete."
[1] "Minnesota is 90.9% complete."
[1] "Minnesota is 91.1% complete."
[1] "Minnesota is 91.3% complete."
[1] "Minnesota is 91.4% complete."
[1] "Minnesota is 91.6% complete."
[1] "Minnesota is 91.8% complete."
[1] "Minnesota is 92% complete."
[1] "Minnesota is 92.2% complete."
[1] "Minnesota is 92.4% complete."
[1] "Minnesota is 92.6% complete."
[1] "Minnesota is 92.8% complete."
[1] "Minnesota is 92.9% complete."
[1] "Minnesota is 93.1% complete."
[1] "Minnesota is 93.3% complete."
[1] "Minnesota is 93.5% complete."
[1] "Minnesota is 93.7% complete."
[1] "Minnesota is 93.9% complete."
[1] "Minnesota is 94.1% complete."
[1] "Minnesota is 94.2% complete."
[1] "Minnesota is 94.4% complete."
[1] "Minnesota is 94.6% complete."
[1] "Minnesota is 94.8% complete."
[1] "Minnesota is 95% complete."
[1] "Minnesota is 95.2% complete."
[1] "Minnesota is 95.4% complete."
[1] "Minnesota is 95.5% complete."
[1] "Minnesota is 95.7% complete."
[1] "Minnesota is 95.9% complete."
[1] "Minnesota is 96.1% complete."
[1] "Minnesota is 96.3% complete."
[1] "Minnesota is 96.5% complete."
[1] "Minnesota is 96.7% complete."
[1] "Minnesota is 96.8% complete."
[1] "Minnesota is 97% complete."
[1] "Minnesota is 97.2% complete."
[1] "Minnesota is 97.4% complete."
[1] "Minnesota is 97.6% complete."
[1] "Minnesota is 97.8% complete."
[1] "Minnesota is 98% complete."
[1] "Minnesota is 98.1% complete."
[1] "Minnesota is 98.3% complete."
[1] "Minnesota is 98.5% complete."
[1] "Minnesota is 98.7% complete."
[1] "Minnesota is 98.9% complete."
[1] "Minnesota is 99.1% complete."
[1] "Minnesota is 99.3% complete."
[1] "Minnesota is 99.4% complete."
[1] "Minnesota is 99.6% complete."
[1] "Minnesota is 99.8% complete."
[1] "Minnesota is 100% complete."
[1] "Completed Minnesota @ 2025-05-27 09:56:09"
Deleting layer `weighted' using driver `GPKG'
Writing layer `weighted' to data source 
  `/work/GRDVULN/sewershed/Model/Create_Boundaries/outputs/Weighted/FP_27.gpkg' using driver `GPKG'
Writing 538 features with 10 fields and geometry type Unknown (any).
[1] "SCRIPT COMPLETE @ 2025-05-27 09:56:25"
