[1] "Starting Mississippi"
[1] "Ignoring hexagons already assigned to 13 Systems"
Reading layer `cb_2021_us_state_500k' from data source 
  `/work/GRDVULN/data/cb_2021_us_all_500k.gdb' using driver `OpenFileGDB'
Simple feature collection with 56 features and 9 fields
Geometry type: MULTIPOLYGON
Dimension:     XY
Bounding box:  xmin: -179.1489 ymin: -14.5487 xmax: 179.7785 ymax: 71.36516
Geodetic CRS:  NAD83
[1] "Building 264 systems"
[1] "Mississippi is 0.4% complete."
[1] "Mississippi is 0.8% complete."
[1] "Mississippi is 1.1% complete."
[1] "Mississippi is 1.5% complete."
[1] "Mississippi is 1.9% complete."
[1] "Mississippi is 2.3% complete."
[1] "Mississippi is 2.7% complete."
[1] "Mississippi is 3% complete."
[1] "Mississippi is 3.4% complete."
[1] "Mississippi is 3.8% complete."
[1] "Mississippi is 4.2% complete."
[1] "Mississippi is 4.5% complete."
[1] "Mississippi is 4.9% complete."
[1] "Mississippi is 5.3% complete."
[1] "Mississippi is 5.7% complete."
[1] "Mississippi is 6.1% complete."
[1] "Mississippi is 6.4% complete."
[1] "Mississippi is 6.8% complete."
[1] "Mississippi is 7.2% complete."
[1] "Mississippi is 7.6% complete."
[1] "Mississippi is 8% complete."
[1] "Mississippi is 8.3% complete."
[1] "Mississippi is 8.7% complete."
[1] "Mississippi is 9.1% complete."
[1] "Mississippi is 9.5% complete."
[1] "Mississippi is 9.8% complete."
[1] "Mississippi is 10.2% complete."
[1] "Mississippi is 10.6% complete."
[1] "Mississippi is 11% complete."
[1] "Mississippi is 11.4% complete."
[1] "Mississippi is 11.7% complete."
[1] "Mississippi is 12.1% complete."
[1] "Mississippi is 12.5% complete."
[1] "Mississippi is 12.9% complete."
[1] "Mississippi is 13.3% complete."
[1] "Mississippi is 13.6% complete."
[1] "Mississippi is 14% complete."
[1] "Mississippi is 14.4% complete."
[1] "Mississippi is 14.8% complete."
[1] "Mississippi is 15.2% complete."
[1] "Mississippi is 15.5% complete."
[1] "Mississippi is 15.9% complete."
[1] "Mississippi is 16.3% complete."
[1] "Mississippi is 16.7% complete."
[1] "Mississippi is 17% complete."
[1] "Mississippi is 17.4% complete."
[1] "Mississippi is 17.8% complete."
[1] "Mississippi is 18.2% complete."
[1] "Mississippi is 18.6% complete."
[1] "Mississippi is 18.9% complete."
[1] "Mississippi is 19.3% complete."
[1] "Mississippi is 19.7% complete."
[1] "Mississippi is 20.1% complete."
[1] "Mississippi is 20.5% complete."
[1] "Mississippi is 20.8% complete."
[1] "Mississippi is 21.2% complete."
[1] "Mississippi is 21.6% complete."
[1] "Mississippi is 22% complete."
[1] "Mississippi is 22.3% complete."
[1] "Mississippi is 22.7% complete."
[1] "Mississippi is 23.1% complete."
[1] "Mississippi is 23.5% complete."
[1] "Mississippi is 23.9% complete."
[1] "Mississippi is 24.2% complete."
[1] "Mississippi is 24.6% complete."
[1] "Mississippi is 25% complete."
[1] "Mississippi is 25.4% complete."
[1] "Mississippi is 25.8% complete."
[1] "Mississippi is 26.1% complete."
[1] "Mississippi is 26.5% complete."
[1] "Mississippi is 26.9% complete."
[1] "Mississippi is 27.3% complete."
[1] "Mississippi is 27.7% complete."
[1] "Mississippi is 28% complete."
[1] "Mississippi is 28.4% complete."
[1] "Mississippi is 28.8% complete."
[1] "Mississippi is 29.2% complete."
[1] "Mississippi is 29.5% complete."
[1] "Mississippi is 29.9% complete."
[1] "Mississippi is 30.3% complete."
[1] "Mississippi is 30.7% complete."
[1] "Mississippi is 31.1% complete."
[1] "Mississippi is 31.4% complete."
[1] "Mississippi is 31.8% complete."
[1] "Mississippi is 32.2% complete."
[1] "Mississippi is 32.6% complete."
[1] "Mississippi is 33% complete."
[1] "Mississippi is 33.3% complete."
[1] "Mississippi is 33.7% complete."
[1] "Mississippi is 34.1% complete."
[1] "Mississippi is 34.5% complete."
[1] "Mississippi is 34.8% complete."
[1] "Mississippi is 35.2% complete."
[1] "Mississippi is 35.6% complete."
[1] "Mississippi is 36% complete."
[1] "Mississippi is 36.4% complete."
[1] "Mississippi is 36.7% complete."
[1] "Mississippi is 37.1% complete."
[1] "Mississippi is 37.5% complete."
[1] "Mississippi is 37.9% complete."
[1] "Mississippi is 38.3% complete."
[1] "Mississippi is 38.6% complete."
[1] "Mississippi is 39% complete."
[1] "Mississippi is 39.4% complete."
[1] "Mississippi is 39.8% complete."
[1] "Mississippi is 40.2% complete."
[1] "Mississippi is 40.5% complete."
[1] "Mississippi is 40.9% complete."
[1] "Mississippi is 41.3% complete."
[1] "Mississippi is 41.7% complete."
[1] "Mississippi is 42% complete."
[1] "Mississippi is 42.4% complete."
[1] "Mississippi is 42.8% complete."
[1] "Mississippi is 43.2% complete."
[1] "Mississippi is 43.6% complete."
[1] "Mississippi is 43.9% complete."
[1] "Mississippi is 44.3% complete."
[1] "Mississippi is 44.7% complete."
[1] "Mississippi is 45.1% complete."
[1] "Mississippi is 45.5% complete."
[1] "Mississippi is 45.8% complete."
[1] "Mississippi is 46.2% complete."
[1] "Mississippi is 46.6% complete."
[1] "Mississippi is 47% complete."
[1] "Mississippi is 47.3% complete."
[1] "Mississippi is 47.7% complete."
[1] "Mississippi is 48.1% complete."
[1] "Mississippi is 48.5% complete."
[1] "Mississippi is 48.9% complete."
[1] "Mississippi is 49.2% complete."
[1] "Mississippi is 49.6% complete."
[1] "Mississippi is 50% complete."
[1] "Mississippi is 50.4% complete."
[1] "Mississippi is 50.8% complete."
[1] "Mississippi is 51.1% complete."
[1] "Mississippi is 51.5% complete."
[1] "Mississippi is 51.9% complete."
[1] "Mississippi is 52.3% complete."
[1] "Mississippi is 52.7% complete."
[1] "Mississippi is 53% complete."
[1] "Mississippi is 53.4% complete."
[1] "Mississippi is 53.8% complete."
[1] "Mississippi is 54.2% complete."
[1] "Mississippi is 54.5% complete."
[1] "Mississippi is 54.9% complete."
[1] "Mississippi is 55.3% complete."
[1] "Mississippi is 55.7% complete."
[1] "Mississippi is 56.1% complete."
[1] "Mississippi is 56.4% complete."
[1] "Mississippi is 56.8% complete."
[1] "Mississippi is 57.2% complete."
[1] "Mississippi is 57.6% complete."
[1] "Mississippi is 58% complete."
[1] "Mississippi is 58.3% complete."
[1] "Mississippi is 58.7% complete."
[1] "Mississippi is 59.1% complete."
[1] "Mississippi is 59.5% complete."
[1] "Mississippi is 59.8% complete."
[1] "Mississippi is 60.2% complete."
[1] "Mississippi is 60.6% complete."
[1] "Mississippi is 61% complete."
[1] "Mississippi is 61.4% complete."
[1] "Mississippi is 61.7% complete."
[1] "Mississippi is 62.1% complete."
[1] "Mississippi is 62.5% complete."
[1] "Mississippi is 62.9% complete."
[1] "Mississippi is 63.3% complete."
[1] "Mississippi is 63.6% complete."
[1] "Mississippi is 64% complete."
[1] "Mississippi is 64.4% complete."
[1] "Mississippi is 64.8% complete."
[1] "Mississippi is 65.2% complete."
[1] "Mississippi is 65.5% complete."
[1] "Mississippi is 65.9% complete."
[1] "Mississippi is 66.3% complete."
[1] "Mississippi is 66.7% complete."
[1] "Mississippi is 67% complete."
[1] "Mississippi is 67.4% complete."
[1] "Mississippi is 67.8% complete."
[1] "Mississippi is 68.2% complete."
[1] "Mississippi is 68.6% complete."
[1] "Mississippi is 68.9% complete."
[1] "Mississippi is 69.3% complete."
[1] "Mississippi is 69.7% complete."
[1] "Mississippi is 70.1% complete."
[1] "Mississippi is 70.5% complete."
[1] "Mississippi is 70.8% complete."
[1] "Mississippi is 71.2% complete."
[1] "Mississippi is 71.6% complete."
[1] "Mississippi is 72% complete."
[1] "Mississippi is 72.3% complete."
[1] "Mississippi is 72.7% complete."
[1] "Mississippi is 73.1% complete."
[1] "Mississippi is 73.5% complete."
[1] "Mississippi is 73.9% complete."
[1] "Mississippi is 74.2% complete."
[1] "Mississippi is 74.6% complete."
[1] "Mississippi is 75% complete."
[1] "Mississippi is 75.4% complete."
[1] "Mississippi is 75.8% complete."
[1] "Mississippi is 76.1% complete."
[1] "Mississippi is 76.5% complete."
[1] "Mississippi is 76.9% complete."
[1] "Mississippi is 77.3% complete."
[1] "Mississippi is 77.7% complete."
[1] "Mississippi is 78% complete."
[1] "Mississippi is 78.4% complete."
[1] "Mississippi is 78.8% complete."
[1] "Mississippi is 79.2% complete."
[1] "Mississippi is 79.5% complete."
[1] "Mississippi is 79.9% complete."
[1] "Mississippi is 80.3% complete."
[1] "Mississippi is 80.7% complete."
[1] "Mississippi is 81.1% complete."
[1] "Mississippi is 81.4% complete."
[1] "Mississippi is 81.8% complete."
[1] "Mississippi is 82.2% complete."
[1] "Mississippi is 82.6% complete."
[1] "Mississippi is 83% complete."
[1] "Mississippi is 83.3% complete."
[1] "Mississippi is 83.7% complete."
[1] "Mississippi is 84.1% complete."
[1] "Mississippi is 84.5% complete."
[1] "Mississippi is 84.8% complete."
[1] "Mississippi is 85.2% complete."
[1] "Mississippi is 85.6% complete."
[1] "Mississippi is 86% complete."
[1] "Mississippi is 86.4% complete."
[1] "Mississippi is 86.7% complete."
[1] "Mississippi is 87.1% complete."
[1] "Mississippi is 87.5% complete."
[1] "Mississippi is 87.9% complete."
[1] "Mississippi is 88.3% complete."
[1] "Mississippi is 88.6% complete."
[1] "Mississippi is 89% complete."
[1] "Mississippi is 89.4% complete."
[1] "Mississippi is 89.8% complete."
[1] "Mississippi is 90.2% complete."
[1] "Mississippi is 90.5% complete."
[1] "Mississippi is 90.9% complete."
[1] "Mississippi is 91.3% complete."
[1] "Mississippi is 91.7% complete."
[1] "Mississippi is 92% complete."
[1] "Mississippi is 92.4% complete."
[1] "Mississippi is 92.8% complete."
[1] "Mississippi is 93.2% complete."
[1] "Mississippi is 93.6% complete."
[1] "Mississippi is 93.9% complete."
[1] "Mississippi is 94.3% complete."
[1] "Mississippi is 94.7% complete."
[1] "Mississippi is 95.1% complete."
[1] "Mississippi is 95.5% complete."
[1] "Mississippi is 95.8% complete."
[1] "Mississippi is 96.2% complete."
[1] "Mississippi is 96.6% complete."
[1] "Mississippi is 97% complete."
[1] "Mississippi is 97.3% complete."
[1] "Mississippi is 97.7% complete."
[1] "Mississippi is 98.1% complete."
[1] "Mississippi is 98.5% complete."
[1] "Mississippi is 98.9% complete."
[1] "Mississippi is 99.2% complete."
[1] "Mississippi is 99.6% complete."
[1] "Mississippi is 100% complete."
[1] "Completed Mississippi @ 2025-05-27 09:53:50"
Deleting layer `weighted' using driver `GPKG'
Writing layer `weighted' to data source 
  `/work/GRDVULN/sewershed/Model/Create_Boundaries/outputs/Weighted/FP_28.gpkg' using driver `GPKG'
Writing 264 features with 10 fields and geometry type Unknown (any).
[1] "SCRIPT COMPLETE @ 2025-05-27 09:54:06"
