[1] "Starting Montana"
[1] "Ignoring hexagons already assigned to 10 Systems"
Reading layer `cb_2021_us_state_500k' from data source 
  `/work/GRDVULN/data/cb_2021_us_all_500k.gdb' using driver `OpenFileGDB'
Simple feature collection with 56 features and 9 fields
Geometry type: MULTIPOLYGON
Dimension:     XY
Bounding box:  xmin: -179.1489 ymin: -14.5487 xmax: 179.7785 ymax: 71.36516
Geodetic CRS:  NAD83
[1] "Building 156 systems"
[1] "Montana is 0.6% complete."
[1] "Montana is 1.3% complete."
[1] "Montana is 1.9% complete."
[1] "Montana is 2.6% complete."
[1] "Montana is 3.2% complete."
[1] "Montana is 3.8% complete."
[1] "Montana is 4.5% complete."
[1] "Montana is 5.1% complete."
[1] "Montana is 5.8% complete."
[1] "Montana is 6.4% complete."
[1] "Montana is 7.1% complete."
[1] "Montana is 7.7% complete."
[1] "Montana is 8.3% complete."
[1] "Montana is 9% complete."
[1] "Montana is 9.6% complete."
[1] "Montana is 10.3% complete."
[1] "Montana is 10.9% complete."
[1] "Montana is 11.5% complete."
[1] "Montana is 12.2% complete."
[1] "Montana is 12.8% complete."
[1] "Montana is 13.5% complete."
[1] "Montana is 14.1% complete."
[1] "Montana is 14.7% complete."
[1] "Montana is 15.4% complete."
[1] "Montana is 16% complete."
[1] "Montana is 16.7% complete."
[1] "Montana is 17.3% complete."
[1] "Montana is 17.9% complete."
[1] "Montana is 18.6% complete."
[1] "Montana is 19.2% complete."
[1] "Montana is 19.9% complete."
[1] "Montana is 20.5% complete."
[1] "Montana is 21.2% complete."
[1] "Montana is 21.8% complete."
[1] "Montana is 22.4% complete."
[1] "Montana is 23.1% complete."
[1] "Montana is 23.7% complete."
[1] "Montana is 24.4% complete."
[1] "Montana is 25% complete."
[1] "Montana is 25.6% complete."
[1] "Montana is 26.3% complete."
[1] "Montana is 26.9% complete."
[1] "Montana is 27.6% complete."
[1] "Montana is 28.2% complete."
[1] "Montana is 28.8% complete."
[1] "Montana is 29.5% complete."
[1] "Montana is 30.1% complete."
[1] "Montana is 30.8% complete."
[1] "Montana is 31.4% complete."
[1] "Montana is 32.1% complete."
[1] "Montana is 32.7% complete."
[1] "Montana is 33.3% complete."
[1] "Montana is 34% complete."
[1] "Montana is 34.6% complete."
[1] "Montana is 35.3% complete."
[1] "Montana is 35.9% complete."
[1] "Montana is 36.5% complete."
[1] "Montana is 37.2% complete."
[1] "Montana is 37.8% complete."
[1] "Montana is 38.5% complete."
[1] "Montana is 39.1% complete."
[1] "Montana is 39.7% complete."
[1] "Montana is 40.4% complete."
[1] "Montana is 41% complete."
[1] "Montana is 41.7% complete."
[1] "Montana is 42.3% complete."
[1] "Montana is 42.9% complete."
[1] "Montana is 43.6% complete."
[1] "Montana is 44.2% complete."
[1] "Montana is 44.9% complete."
[1] "Montana is 45.5% complete."
[1] "Montana is 46.2% complete."
[1] "Montana is 46.8% complete."
[1] "Montana is 47.4% complete."
[1] "Montana is 48.1% complete."
[1] "Montana is 48.7% complete."
[1] "Montana is 49.4% complete."
[1] "Montana is 50% complete."
[1] "Montana is 50.6% complete."
[1] "Montana is 51.3% complete."
[1] "Montana is 51.9% complete."
[1] "Montana is 52.6% complete."
[1] "Montana is 53.2% complete."
[1] "Montana is 53.8% complete."
[1] "Montana is 54.5% complete."
[1] "Montana is 55.1% complete."
[1] "Montana is 55.8% complete."
[1] "Montana is 56.4% complete."
[1] "Montana is 57.1% complete."
[1] "Montana is 57.7% complete."
[1] "Montana is 58.3% complete."
[1] "Montana is 59% complete."
[1] "Montana is 59.6% complete."
[1] "Montana is 60.3% complete."
[1] "Montana is 60.9% complete."
[1] "Montana is 61.5% complete."
[1] "Montana is 62.2% complete."
[1] "Montana is 62.8% complete."
[1] "Montana is 63.5% complete."
[1] "Montana is 64.1% complete."
[1] "Montana is 64.7% complete."
[1] "Montana is 65.4% complete."
[1] "Montana is 66% complete."
[1] "Montana is 66.7% complete."
[1] "Montana is 67.3% complete."
[1] "Montana is 67.9% complete."
[1] "Montana is 68.6% complete."
[1] "Montana is 69.2% complete."
[1] "Montana is 69.9% complete."
[1] "Montana is 70.5% complete."
[1] "Montana is 71.2% complete."
[1] "Montana is 71.8% complete."
[1] "Montana is 72.4% complete."
[1] "Montana is 73.1% complete."
[1] "Montana is 73.7% complete."
[1] "Montana is 74.4% complete."
[1] "Montana is 75% complete."
[1] "Montana is 75.6% complete."
[1] "Montana is 76.3% complete."
[1] "Montana is 76.9% complete."
[1] "Montana is 77.6% complete."
[1] "Montana is 78.2% complete."
[1] "Montana is 78.8% complete."
[1] "Montana is 79.5% complete."
[1] "Montana is 80.1% complete."
[1] "Montana is 80.8% complete."
[1] "Montana is 81.4% complete."
[1] "Montana is 82.1% complete."
[1] "Montana is 82.7% complete."
[1] "Montana is 83.3% complete."
[1] "Montana is 84% complete."
[1] "Montana is 84.6% complete."
[1] "Montana is 85.3% complete."
[1] "Montana is 85.9% complete."
[1] "Montana is 86.5% complete."
[1] "Montana is 87.2% complete."
[1] "Montana is 87.8% complete."
[1] "Montana is 88.5% complete."
[1] "Montana is 89.1% complete."
[1] "Montana is 89.7% complete."
[1] "Montana is 90.4% complete."
[1] "Montana is 91% complete."
[1] "Montana is 91.7% complete."
[1] "Montana is 92.3% complete."
[1] "Montana is 92.9% complete."
[1] "Montana is 93.6% complete."
[1] "Montana is 94.2% complete."
[1] "Montana is 94.9% complete."
[1] "Montana is 95.5% complete."
[1] "Montana is 96.2% complete."
[1] "Montana is 96.8% complete."
[1] "Montana is 97.4% complete."
[1] "Montana is 98.1% complete."
[1] "Montana is 98.7% complete."
[1] "Montana is 99.4% complete."
[1] "Montana is 100% complete."
[1] "Completed Montana @ 2025-05-27 09:51:33"
Deleting layer `weighted' using driver `GPKG'
Writing layer `weighted' to data source 
  `/work/GRDVULN/sewershed/Model/Create_Boundaries/outputs/Weighted/FP_30.gpkg' using driver `GPKG'
Writing 156 features with 10 fields and geometry type Unknown (any).
[1] "SCRIPT COMPLETE @ 2025-05-27 09:51:37"
