[1] "Starting Nebraska"
[1] "Ignoring hexagons already assigned to 0 Systems"
Reading layer `cb_2021_us_state_500k' from data source 
  `/work/GRDVULN/data/cb_2021_us_all_500k.gdb' using driver `OpenFileGDB'
Simple feature collection with 56 features and 9 fields
Geometry type: MULTIPOLYGON
Dimension:     XY
Bounding box:  xmin: -179.1489 ymin: -14.5487 xmax: 179.7785 ymax: 71.36516
Geodetic CRS:  NAD83
[1] "Building 467 systems"
[1] "Nebraska is 0.2% complete."
[1] "Nebraska is 0.4% complete."
[1] "Nebraska is 0.6% complete."
[1] "Nebraska is 0.9% complete."
[1] "Nebraska is 1.1% complete."
[1] "Nebraska is 1.3% complete."
[1] "Nebraska is 1.5% complete."
[1] "Nebraska is 1.7% complete."
[1] "Nebraska is 1.9% complete."
[1] "Nebraska is 2.1% complete."
[1] "Nebraska is 2.4% complete."
[1] "Nebraska is 2.6% complete."
[1] "Nebraska is 2.8% complete."
[1] "Nebraska is 3% complete."
[1] "Nebraska is 3.2% complete."
[1] "Nebraska is 3.4% complete."
[1] "Nebraska is 3.6% complete."
[1] "Nebraska is 3.9% complete."
[1] "Nebraska is 4.1% complete."
[1] "Nebraska is 4.3% complete."
[1] "Nebraska is 4.5% complete."
[1] "Nebraska is 4.7% complete."
[1] "Nebraska is 4.9% complete."
[1] "Nebraska is 5.1% complete."
[1] "Nebraska is 5.4% complete."
[1] "Nebraska is 5.6% complete."
[1] "Nebraska is 5.8% complete."
[1] "Nebraska is 6% complete."
[1] "Nebraska is 6.2% complete."
[1] "Nebraska is 6.4% complete."
[1] "Nebraska is 6.6% complete."
[1] "Nebraska is 6.9% complete."
[1] "Nebraska is 7.1% complete."
[1] "Nebraska is 7.3% complete."
[1] "Nebraska is 7.5% complete."
[1] "Nebraska is 7.7% complete."
[1] "Nebraska is 7.9% complete."
[1] "Nebraska is 8.1% complete."
[1] "Nebraska is 8.4% complete."
[1] "Nebraska is 8.6% complete."
[1] "Nebraska is 8.8% complete."
[1] "Nebraska is 9% complete."
[1] "Nebraska is 9.2% complete."
[1] "Nebraska is 9.4% complete."
[1] "Nebraska is 9.6% complete."
[1] "Nebraska is 9.9% complete."
[1] "Nebraska is 10.1% complete."
[1] "Nebraska is 10.3% complete."
[1] "Nebraska is 10.5% complete."
[1] "Nebraska is 10.7% complete."
[1] "Nebraska is 10.9% complete."
[1] "Nebraska is 11.1% complete."
[1] "Nebraska is 11.3% complete."
[1] "Nebraska is 11.6% complete."
[1] "Nebraska is 11.8% complete."
[1] "Nebraska is 12% complete."
[1] "Nebraska is 12.2% complete."
[1] "Nebraska is 12.4% complete."
[1] "Nebraska is 12.6% complete."
[1] "Nebraska is 12.8% complete."
[1] "Nebraska is 13.1% complete."
[1] "Nebraska is 13.3% complete."
[1] "Nebraska is 13.5% complete."
[1] "Nebraska is 13.7% complete."
[1] "Nebraska is 13.9% complete."
[1] "Nebraska is 14.1% complete."
[1] "Nebraska is 14.3% complete."
[1] "Nebraska is 14.6% complete."
[1] "Nebraska is 14.8% complete."
[1] "Nebraska is 15% complete."
[1] "Nebraska is 15.2% complete."
[1] "Nebraska is 15.4% complete."
[1] "Nebraska is 15.6% complete."
[1] "Nebraska is 15.8% complete."
[1] "Nebraska is 16.1% complete."
[1] "Nebraska is 16.3% complete."
[1] "Nebraska is 16.5% complete."
[1] "Nebraska is 16.7% complete."
[1] "Nebraska is 16.9% complete."
[1] "Nebraska is 17.1% complete."
[1] "Nebraska is 17.3% complete."
[1] "Nebraska is 17.6% complete."
[1] "Nebraska is 17.8% complete."
[1] "Nebraska is 18% complete."
[1] "Nebraska is 18.2% complete."
[1] "Nebraska is 18.4% complete."
[1] "Nebraska is 18.6% complete."
[1] "Nebraska is 18.8% complete."
[1] "Nebraska is 19.1% complete."
[1] "Nebraska is 19.3% complete."
[1] "Nebraska is 19.5% complete."
[1] "Nebraska is 19.7% complete."
[1] "Nebraska is 19.9% complete."
[1] "Nebraska is 20.1% complete."
[1] "Nebraska is 20.3% complete."
[1] "Nebraska is 20.6% complete."
[1] "Nebraska is 20.8% complete."
[1] "Nebraska is 21% complete."
[1] "Nebraska is 21.2% complete."
[1] "Nebraska is 21.4% complete."
[1] "Nebraska is 21.6% complete."
[1] "Nebraska is 21.8% complete."
[1] "Nebraska is 22.1% complete."
[1] "Nebraska is 22.3% complete."
[1] "Nebraska is 22.5% complete."
[1] "Nebraska is 22.7% complete."
[1] "Nebraska is 22.9% complete."
[1] "Nebraska is 23.1% complete."
[1] "Nebraska is 23.3% complete."
[1] "Nebraska is 23.6% complete."
[1] "Nebraska is 23.8% complete."
[1] "Nebraska is 24% complete."
[1] "Nebraska is 24.2% complete."
[1] "Nebraska is 24.4% complete."
[1] "Nebraska is 24.6% complete."
[1] "Nebraska is 24.8% complete."
[1] "Nebraska is 25.1% complete."
[1] "Nebraska is 25.3% complete."
[1] "Nebraska is 25.5% complete."
[1] "Nebraska is 25.7% complete."
[1] "Nebraska is 25.9% complete."
[1] "Nebraska is 26.1% complete."
[1] "Nebraska is 26.3% complete."
[1] "Nebraska is 26.6% complete."
[1] "Nebraska is 26.8% complete."
[1] "Nebraska is 27% complete."
[1] "Nebraska is 27.2% complete."
[1] "Nebraska is 27.4% complete."
[1] "Nebraska is 27.6% complete."
[1] "Nebraska is 27.8% complete."
[1] "Nebraska is 28.1% complete."
[1] "Nebraska is 28.3% complete."
[1] "Nebraska is 28.5% complete."
[1] "Nebraska is 28.7% complete."
[1] "Nebraska is 28.9% complete."
[1] "Nebraska is 29.1% complete."
[1] "Nebraska is 29.3% complete."
[1] "Nebraska is 29.6% complete."
[1] "Nebraska is 29.8% complete."
[1] "Nebraska is 30% complete."
[1] "Nebraska is 30.2% complete."
[1] "Nebraska is 30.4% complete."
[1] "Nebraska is 30.6% complete."
[1] "Nebraska is 30.8% complete."
[1] "Nebraska is 31% complete."
[1] "Nebraska is 31.3% complete."
[1] "Nebraska is 31.5% complete."
[1] "Nebraska is 31.7% complete."
[1] "Nebraska is 31.9% complete."
[1] "Nebraska is 32.1% complete."
[1] "Nebraska is 32.3% complete."
[1] "Nebraska is 32.5% complete."
[1] "Nebraska is 32.8% complete."
[1] "Nebraska is 33% complete."
[1] "Nebraska is 33.2% complete."
[1] "Nebraska is 33.4% complete."
[1] "Nebraska is 33.6% complete."
[1] "Nebraska is 33.8% complete."
[1] "Nebraska is 34% complete."
[1] "Nebraska is 34.3% complete."
[1] "Nebraska is 34.5% complete."
[1] "Nebraska is 34.7% complete."
[1] "Nebraska is 34.9% complete."
[1] "Nebraska is 35.1% complete."
[1] "Nebraska is 35.3% complete."
[1] "Nebraska is 35.5% complete."
[1] "Nebraska is 35.8% complete."
[1] "Nebraska is 36% complete."
[1] "Nebraska is 36.2% complete."
[1] "Nebraska is 36.4% complete."
[1] "Nebraska is 36.6% complete."
[1] "Nebraska is 36.8% complete."
[1] "Nebraska is 37% complete."
[1] "Nebraska is 37.3% complete."
[1] "Nebraska is 37.5% complete."
[1] "Nebraska is 37.7% complete."
[1] "Nebraska is 37.9% complete."
[1] "Nebraska is 38.1% complete."
[1] "Nebraska is 38.3% complete."
[1] "Nebraska is 38.5% complete."
[1] "Nebraska is 38.8% complete."
[1] "Nebraska is 39% complete."
[1] "Nebraska is 39.2% complete."
[1] "Nebraska is 39.4% complete."
[1] "Nebraska is 39.6% complete."
[1] "Nebraska is 39.8% complete."
[1] "Nebraska is 40% complete."
[1] "Nebraska is 40.3% complete."
[1] "Nebraska is 40.5% complete."
[1] "Nebraska is 40.7% complete."
[1] "Nebraska is 40.9% complete."
[1] "Nebraska is 41.1% complete."
[1] "Nebraska is 41.3% complete."
[1] "Nebraska is 41.5% complete."
[1] "Nebraska is 41.8% complete."
[1] "Nebraska is 42% complete."
[1] "Nebraska is 42.2% complete."
[1] "Nebraska is 42.4% complete."
[1] "Nebraska is 42.6% complete."
[1] "Nebraska is 42.8% complete."
[1] "Nebraska is 43% complete."
[1] "Nebraska is 43.3% complete."
[1] "Nebraska is 43.5% complete."
[1] "Nebraska is 43.7% complete."
[1] "Nebraska is 43.9% complete."
[1] "Nebraska is 44.1% complete."
[1] "Nebraska is 44.3% complete."
[1] "Nebraska is 44.5% complete."
[1] "Nebraska is 44.8% complete."
[1] "Nebraska is 45% complete."
[1] "Nebraska is 45.2% complete."
[1] "Nebraska is 45.4% complete."
[1] "Nebraska is 45.6% complete."
[1] "Nebraska is 45.8% complete."
[1] "Nebraska is 46% complete."
[1] "Nebraska is 46.3% complete."
[1] "Nebraska is 46.5% complete."
[1] "Nebraska is 46.7% complete."
[1] "Nebraska is 46.9% complete."
[1] "Nebraska is 47.1% complete."
[1] "Nebraska is 47.3% complete."
[1] "Nebraska is 47.5% complete."
[1] "Nebraska is 47.8% complete."
[1] "Nebraska is 48% complete."
[1] "Nebraska is 48.2% complete."
[1] "Nebraska is 48.4% complete."
[1] "Nebraska is 48.6% complete."
[1] "Nebraska is 48.8% complete."
[1] "Nebraska is 49% complete."
[1] "Nebraska is 49.3% complete."
[1] "Nebraska is 49.5% complete."
[1] "Nebraska is 49.7% complete."
[1] "Nebraska is 49.9% complete."
[1] "Nebraska is 50.1% complete."
[1] "Nebraska is 50.3% complete."
[1] "Nebraska is 50.5% complete."
[1] "Nebraska is 50.7% complete."
[1] "Nebraska is 51% complete."
[1] "Nebraska is 51.2% complete."
[1] "Nebraska is 51.4% complete."
[1] "Nebraska is 51.6% complete."
[1] "Nebraska is 51.8% complete."
[1] "Nebraska is 52% complete."
[1] "Nebraska is 52.2% complete."
[1] "Nebraska is 52.5% complete."
[1] "Nebraska is 52.7% complete."
[1] "Nebraska is 52.9% complete."
[1] "Nebraska is 53.1% complete."
[1] "Nebraska is 53.3% complete."
[1] "Nebraska is 53.5% complete."
[1] "Nebraska is 53.7% complete."
[1] "Nebraska is 54% complete."
[1] "Nebraska is 54.2% complete."
[1] "Nebraska is 54.4% complete."
[1] "Nebraska is 54.6% complete."
[1] "Nebraska is 54.8% complete."
[1] "Nebraska is 55% complete."
[1] "Nebraska is 55.2% complete."
[1] "Nebraska is 55.5% complete."
[1] "Nebraska is 55.7% complete."
[1] "Nebraska is 55.9% complete."
[1] "Nebraska is 56.1% complete."
[1] "Nebraska is 56.3% complete."
[1] "Nebraska is 56.5% complete."
[1] "Nebraska is 56.7% complete."
[1] "Nebraska is 57% complete."
[1] "Nebraska is 57.2% complete."
[1] "Nebraska is 57.4% complete."
[1] "Nebraska is 57.6% complete."
[1] "Nebraska is 57.8% complete."
[1] "Nebraska is 58% complete."
[1] "Nebraska is 58.2% complete."
[1] "Nebraska is 58.5% complete."
[1] "Nebraska is 58.7% complete."
[1] "Nebraska is 58.9% complete."
[1] "Nebraska is 59.1% complete."
[1] "Nebraska is 59.3% complete."
[1] "Nebraska is 59.5% complete."
[1] "Nebraska is 59.7% complete."
[1] "Nebraska is 60% complete."
[1] "Nebraska is 60.2% complete."
[1] "Nebraska is 60.4% complete."
[1] "Nebraska is 60.6% complete."
[1] "Nebraska is 60.8% complete."
[1] "Nebraska is 61% complete."
[1] "Nebraska is 61.2% complete."
[1] "Nebraska is 61.5% complete."
[1] "Nebraska is 61.7% complete."
[1] "Nebraska is 61.9% complete."
[1] "Nebraska is 62.1% complete."
[1] "Nebraska is 62.3% complete."
[1] "Nebraska is 62.5% complete."
[1] "Nebraska is 62.7% complete."
[1] "Nebraska is 63% complete."
[1] "Nebraska is 63.2% complete."
[1] "Nebraska is 63.4% complete."
[1] "Nebraska is 63.6% complete."
[1] "Nebraska is 63.8% complete."
[1] "Nebraska is 64% complete."
[1] "Nebraska is 64.2% complete."
[1] "Nebraska is 64.5% complete."
[1] "Nebraska is 64.7% complete."
[1] "Nebraska is 64.9% complete."
[1] "Nebraska is 65.1% complete."
[1] "Nebraska is 65.3% complete."
[1] "Nebraska is 65.5% complete."
[1] "Nebraska is 65.7% complete."
[1] "Nebraska is 66% complete."
[1] "Nebraska is 66.2% complete."
[1] "Nebraska is 66.4% complete."
[1] "Nebraska is 66.6% complete."
[1] "Nebraska is 66.8% complete."
[1] "Nebraska is 67% complete."
[1] "Nebraska is 67.2% complete."
[1] "Nebraska is 67.5% complete."
[1] "Nebraska is 67.7% complete."
[1] "Nebraska is 67.9% complete."
[1] "Nebraska is 68.1% complete."
[1] "Nebraska is 68.3% complete."
[1] "Nebraska is 68.5% complete."
[1] "Nebraska is 68.7% complete."
[1] "Nebraska is 69% complete."
[1] "Nebraska is 69.2% complete."
[1] "Nebraska is 69.4% complete."
[1] "Nebraska is 69.6% complete."
[1] "Nebraska is 69.8% complete."
[1] "Nebraska is 70% complete."
[1] "Nebraska is 70.2% complete."
[1] "Nebraska is 70.4% complete."
[1] "Nebraska is 70.7% complete."
[1] "Nebraska is 70.9% complete."
[1] "Nebraska is 71.1% complete."
[1] "Nebraska is 71.3% complete."
[1] "Nebraska is 71.5% complete."
[1] "Nebraska is 71.7% complete."
[1] "Nebraska is 71.9% complete."
[1] "Nebraska is 72.2% complete."
[1] "Nebraska is 72.4% complete."
[1] "Nebraska is 72.6% complete."
[1] "Nebraska is 72.8% complete."
[1] "Nebraska is 73% complete."
[1] "Nebraska is 73.2% complete."
[1] "Nebraska is 73.4% complete."
[1] "Nebraska is 73.7% complete."
[1] "Nebraska is 73.9% complete."
[1] "Nebraska is 74.1% complete."
[1] "Nebraska is 74.3% complete."
[1] "Nebraska is 74.5% complete."
[1] "Nebraska is 74.7% complete."
[1] "Nebraska is 74.9% complete."
[1] "Nebraska is 75.2% complete."
[1] "Nebraska is 75.4% complete."
[1] "Nebraska is 75.6% complete."
[1] "Nebraska is 75.8% complete."
[1] "Nebraska is 76% complete."
[1] "Nebraska is 76.2% complete."
[1] "Nebraska is 76.4% complete."
[1] "Nebraska is 76.7% complete."
[1] "Nebraska is 76.9% complete."
[1] "Nebraska is 77.1% complete."
[1] "Nebraska is 77.3% complete."
[1] "Nebraska is 77.5% complete."
[1] "Nebraska is 77.7% complete."
[1] "Nebraska is 77.9% complete."
[1] "Nebraska is 78.2% complete."
[1] "Nebraska is 78.4% complete."
[1] "Nebraska is 78.6% complete."
[1] "Nebraska is 78.8% complete."
[1] "Nebraska is 79% complete."
[1] "Nebraska is 79.2% complete."
[1] "Nebraska is 79.4% complete."
[1] "Nebraska is 79.7% complete."
[1] "Nebraska is 79.9% complete."
[1] "Nebraska is 80.1% complete."
[1] "Nebraska is 80.3% complete."
[1] "Nebraska is 80.5% complete."
[1] "Nebraska is 80.7% complete."
[1] "Nebraska is 80.9% complete."
[1] "Nebraska is 81.2% complete."
[1] "Nebraska is 81.4% complete."
[1] "Nebraska is 81.6% complete."
[1] "Nebraska is 81.8% complete."
[1] "Nebraska is 82% complete."
[1] "Nebraska is 82.2% complete."
[1] "Nebraska is 82.4% complete."
[1] "Nebraska is 82.7% complete."
[1] "Nebraska is 82.9% complete."
[1] "Nebraska is 83.1% complete."
[1] "Nebraska is 83.3% complete."
[1] "Nebraska is 83.5% complete."
[1] "Nebraska is 83.7% complete."
[1] "Nebraska is 83.9% complete."
[1] "Nebraska is 84.2% complete."
[1] "Nebraska is 84.4% complete."
[1] "Nebraska is 84.6% complete."
[1] "Nebraska is 84.8% complete."
[1] "Nebraska is 85% complete."
[1] "Nebraska is 85.2% complete."
[1] "Nebraska is 85.4% complete."
[1] "Nebraska is 85.7% complete."
[1] "Nebraska is 85.9% complete."
[1] "Nebraska is 86.1% complete."
[1] "Nebraska is 86.3% complete."
[1] "Nebraska is 86.5% complete."
[1] "Nebraska is 86.7% complete."
[1] "Nebraska is 86.9% complete."
[1] "Nebraska is 87.2% complete."
[1] "Nebraska is 87.4% complete."
[1] "Nebraska is 87.6% complete."
[1] "Nebraska is 87.8% complete."
[1] "Nebraska is 88% complete."
[1] "Nebraska is 88.2% complete."
[1] "Nebraska is 88.4% complete."
[1] "Nebraska is 88.7% complete."
[1] "Nebraska is 88.9% complete."
[1] "Nebraska is 89.1% complete."
[1] "Nebraska is 89.3% complete."
[1] "Nebraska is 89.5% complete."
[1] "Nebraska is 89.7% complete."
[1] "Nebraska is 89.9% complete."
[1] "Nebraska is 90.1% complete."
[1] "Nebraska is 90.4% complete."
[1] "Nebraska is 90.6% complete."
[1] "Nebraska is 90.8% complete."
[1] "Nebraska is 91% complete."
[1] "Nebraska is 91.2% complete."
[1] "Nebraska is 91.4% complete."
[1] "Nebraska is 91.6% complete."
[1] "Nebraska is 91.9% complete."
[1] "Nebraska is 92.1% complete."
[1] "Nebraska is 92.3% complete."
[1] "Nebraska is 92.5% complete."
[1] "Nebraska is 92.7% complete."
[1] "Nebraska is 92.9% complete."
[1] "Nebraska is 93.1% complete."
[1] "Nebraska is 93.4% complete."
[1] "Nebraska is 93.6% complete."
[1] "Nebraska is 93.8% complete."
[1] "Nebraska is 94% complete."
[1] "Nebraska is 94.2% complete."
[1] "Nebraska is 94.4% complete."
[1] "Nebraska is 94.6% complete."
[1] "Nebraska is 94.9% complete."
[1] "Nebraska is 95.1% complete."
[1] "Nebraska is 95.3% complete."
[1] "Nebraska is 95.5% complete."
[1] "Nebraska is 95.7% complete."
[1] "Nebraska is 95.9% complete."
[1] "Nebraska is 96.1% complete."
[1] "Nebraska is 96.4% complete."
[1] "Nebraska is 96.6% complete."
[1] "Nebraska is 96.8% complete."
[1] "Nebraska is 97% complete."
[1] "Nebraska is 97.2% complete."
[1] "Nebraska is 97.4% complete."
[1] "Nebraska is 97.6% complete."
[1] "Nebraska is 97.9% complete."
[1] "Nebraska is 98.1% complete."
[1] "Nebraska is 98.3% complete."
[1] "Nebraska is 98.5% complete."
[1] "Nebraska is 98.7% complete."
[1] "Nebraska is 98.9% complete."
[1] "Nebraska is 99.1% complete."
[1] "Nebraska is 99.4% complete."
[1] "Nebraska is 99.6% complete."
[1] "Nebraska is 99.8% complete."
[1] "Nebraska is 100% complete."
[1] "Completed Nebraska @ 2025-05-27 09:54:17"
Deleting layer `weighted' using driver `GPKG'
Writing layer `weighted' to data source 
  `/work/GRDVULN/sewershed/Model/Create_Boundaries/outputs/Weighted/FP_31.gpkg' using driver `GPKG'
Writing 467 features with 10 fields and geometry type Unknown (any).
[1] "SCRIPT COMPLETE @ 2025-05-27 09:54:27"
