[1] "Starting Nevada"
[1] "Ignoring hexagons already assigned to 3 Systems"
Reading layer `cb_2021_us_state_500k' from data source 
  `/work/GRDVULN/data/cb_2021_us_all_500k.gdb' using driver `OpenFileGDB'
Simple feature collection with 56 features and 9 fields
Geometry type: MULTIPOLYGON
Dimension:     XY
Bounding box:  xmin: -179.1489 ymin: -14.5487 xmax: 179.7785 ymax: 71.36516
Geodetic CRS:  NAD83
[1] "Building 54 systems"
[1] "Nevada is 1.9% complete."
[1] "Nevada is 3.7% complete."
[1] "Nevada is 5.6% complete."
[1] "Nevada is 7.4% complete."
[1] "Nevada is 9.3% complete."
[1] "Nevada is 11.1% complete."
[1] "Nevada is 13% complete."
[1] "Nevada is 14.8% complete."
[1] "Nevada is 16.7% complete."
[1] "Nevada is 18.5% complete."
[1] "Nevada is 20.4% complete."
[1] "Nevada is 22.2% complete."
[1] "Nevada is 24.1% complete."
[1] "Nevada is 25.9% complete."
[1] "Nevada is 27.8% complete."
[1] "Nevada is 29.6% complete."
[1] "Nevada is 31.5% complete."
[1] "Nevada is 33.3% complete."
[1] "Nevada is 35.2% complete."
[1] "Nevada is 37% complete."
[1] "Nevada is 38.9% complete."
[1] "Nevada is 40.7% complete."
[1] "Nevada is 42.6% complete."
[1] "Nevada is 44.4% complete."
[1] "Nevada is 46.3% complete."
[1] "Nevada is 48.1% complete."
[1] "Nevada is 50% complete."
[1] "Nevada is 51.9% complete."
[1] "Nevada is 53.7% complete."
[1] "Nevada is 55.6% complete."
[1] "Nevada is 57.4% complete."
[1] "Nevada is 59.3% complete."
[1] "Nevada is 61.1% complete."
[1] "Nevada is 63% complete."
[1] "Nevada is 64.8% complete."
[1] "Nevada is 66.7% complete."
[1] "Nevada is 68.5% complete."
[1] "Nevada is 70.4% complete."
[1] "Nevada is 72.2% complete."
[1] "Nevada is 74.1% complete."
[1] "Nevada is 75.9% complete."
[1] "Nevada is 77.8% complete."
[1] "Nevada is 79.6% complete."
[1] "Nevada is 81.5% complete."
[1] "Nevada is 83.3% complete."
[1] "Nevada is 85.2% complete."
[1] "Nevada is 87% complete."
[1] "Nevada is 88.9% complete."
[1] "Nevada is 90.7% complete."
[1] "Nevada is 92.6% complete."
[1] "Nevada is 94.4% complete."
[1] "Nevada is 96.3% complete."
[1] "Nevada is 98.1% complete."
[1] "Nevada is 100% complete."
[1] "Completed Nevada @ 2025-05-27 09:51:12"
Deleting layer `weighted' using driver `GPKG'
Writing layer `weighted' to data source 
  `/work/GRDVULN/sewershed/Model/Create_Boundaries/outputs/Weighted/FP_32.gpkg' using driver `GPKG'
Writing 54 features with 10 fields and geometry type Unknown (any).
[1] "SCRIPT COMPLETE @ 2025-05-27 09:51:15"
