[1] "Starting New Hampshire"
[1] "Ignoring hexagons already assigned to 61 Systems"
Reading layer `cb_2021_us_state_500k' from data source 
  `/work/GRDVULN/data/cb_2021_us_all_500k.gdb' using driver `OpenFileGDB'
Simple feature collection with 56 features and 9 fields
Geometry type: MULTIPOLYGON
Dimension:     XY
Bounding box:  xmin: -179.1489 ymin: -14.5487 xmax: 179.7785 ymax: 71.36516
Geodetic CRS:  NAD83
[1] "Building 19 systems"
[1] "New Hampshire is 5.3% complete."
[1] "New Hampshire is 10.5% complete."
[1] "New Hampshire is 15.8% complete."
[1] "New Hampshire is 21.1% complete."
[1] "New Hampshire is 26.3% complete."
[1] "New Hampshire is 31.6% complete."
[1] "New Hampshire is 36.8% complete."
[1] "New Hampshire is 42.1% complete."
[1] "New Hampshire is 47.4% complete."
[1] "New Hampshire is 52.6% complete."
[1] "New Hampshire is 57.9% complete."
[1] "New Hampshire is 63.2% complete."
[1] "New Hampshire is 68.4% complete."
[1] "New Hampshire is 73.7% complete."
[1] "New Hampshire is 78.9% complete."
[1] "New Hampshire is 84.2% complete."
[1] "New Hampshire is 89.5% complete."
[1] "New Hampshire is 94.7% complete."
[1] "New Hampshire is 100% complete."
[1] "Completed New Hampshire @ 2025-05-27 09:51:08"
Deleting layer `weighted' using driver `GPKG'
Writing layer `weighted' to data source 
  `/work/GRDVULN/sewershed/Model/Create_Boundaries/outputs/Weighted/FP_33.gpkg' using driver `GPKG'
Writing 19 features with 10 fields and geometry type Multi Polygon.
[1] "SCRIPT COMPLETE @ 2025-05-27 09:51:10"
