[1] "Starting New Mexico"
[1] "Ignoring hexagons already assigned to 2 Systems"
Reading layer `cb_2021_us_state_500k' from data source 
  `/work/GRDVULN/data/cb_2021_us_all_500k.gdb' using driver `OpenFileGDB'
Simple feature collection with 56 features and 9 fields
Geometry type: MULTIPOLYGON
Dimension:     XY
Bounding box:  xmin: -179.1489 ymin: -14.5487 xmax: 179.7785 ymax: 71.36516
Geodetic CRS:  NAD83
[1] "Building 125 systems"
[1] "New Mexico is 0.8% complete."
[1] "New Mexico is 1.6% complete."
[1] "New Mexico is 2.4% complete."
[1] "New Mexico is 3.2% complete."
[1] "New Mexico is 4% complete."
[1] "New Mexico is 4.8% complete."
[1] "New Mexico is 5.6% complete."
[1] "New Mexico is 6.4% complete."
[1] "New Mexico is 7.2% complete."
[1] "New Mexico is 8% complete."
[1] "New Mexico is 8.8% complete."
[1] "New Mexico is 9.6% complete."
[1] "New Mexico is 10.4% complete."
[1] "New Mexico is 11.2% complete."
[1] "New Mexico is 12% complete."
[1] "New Mexico is 12.8% complete."
[1] "New Mexico is 13.6% complete."
[1] "New Mexico is 14.4% complete."
[1] "New Mexico is 15.2% complete."
[1] "New Mexico is 16% complete."
[1] "New Mexico is 16.8% complete."
[1] "New Mexico is 17.6% complete."
[1] "New Mexico is 18.4% complete."
[1] "New Mexico is 19.2% complete."
[1] "New Mexico is 20% complete."
[1] "New Mexico is 20.8% complete."
[1] "New Mexico is 21.6% complete."
[1] "New Mexico is 22.4% complete."
[1] "New Mexico is 23.2% complete."
[1] "New Mexico is 24% complete."
[1] "New Mexico is 24.8% complete."
[1] "New Mexico is 25.6% complete."
[1] "New Mexico is 26.4% complete."
[1] "New Mexico is 27.2% complete."
[1] "New Mexico is 28% complete."
[1] "New Mexico is 28.8% complete."
[1] "New Mexico is 29.6% complete."
[1] "New Mexico is 30.4% complete."
[1] "New Mexico is 31.2% complete."
[1] "New Mexico is 32% complete."
[1] "New Mexico is 32.8% complete."
[1] "New Mexico is 33.6% complete."
[1] "New Mexico is 34.4% complete."
[1] "New Mexico is 35.2% complete."
[1] "New Mexico is 36% complete."
[1] "New Mexico is 36.8% complete."
[1] "New Mexico is 37.6% complete."
[1] "New Mexico is 38.4% complete."
[1] "New Mexico is 39.2% complete."
[1] "New Mexico is 40% complete."
[1] "New Mexico is 40.8% complete."
[1] "New Mexico is 41.6% complete."
[1] "New Mexico is 42.4% complete."
[1] "New Mexico is 43.2% complete."
[1] "New Mexico is 44% complete."
[1] "New Mexico is 44.8% complete."
[1] "New Mexico is 45.6% complete."
[1] "New Mexico is 46.4% complete."
[1] "New Mexico is 47.2% complete."
[1] "New Mexico is 48% complete."
[1] "New Mexico is 48.8% complete."
[1] "New Mexico is 49.6% complete."
[1] "New Mexico is 50.4% complete."
[1] "New Mexico is 51.2% complete."
[1] "New Mexico is 52% complete."
[1] "New Mexico is 52.8% complete."
[1] "New Mexico is 53.6% complete."
[1] "New Mexico is 54.4% complete."
[1] "New Mexico is 55.2% complete."
[1] "New Mexico is 56% complete."
[1] "New Mexico is 56.8% complete."
[1] "New Mexico is 57.6% complete."
[1] "New Mexico is 58.4% complete."
[1] "New Mexico is 59.2% complete."
[1] "New Mexico is 60% complete."
[1] "New Mexico is 60.8% complete."
[1] "New Mexico is 61.6% complete."
[1] "New Mexico is 62.4% complete."
[1] "New Mexico is 63.2% complete."
[1] "New Mexico is 64% complete."
[1] "New Mexico is 64.8% complete."
[1] "New Mexico is 65.6% complete."
[1] "New Mexico is 66.4% complete."
[1] "New Mexico is 67.2% complete."
[1] "New Mexico is 68% complete."
[1] "New Mexico is 68.8% complete."
[1] "New Mexico is 69.6% complete."
[1] "New Mexico is 70.4% complete."
[1] "New Mexico is 71.2% complete."
[1] "New Mexico is 72% complete."
[1] "New Mexico is 72.8% complete."
[1] "New Mexico is 73.6% complete."
[1] "New Mexico is 74.4% complete."
[1] "New Mexico is 75.2% complete."
[1] "New Mexico is 76% complete."
[1] "New Mexico is 76.8% complete."
[1] "New Mexico is 77.6% complete."
[1] "New Mexico is 78.4% complete."
[1] "New Mexico is 79.2% complete."
[1] "New Mexico is 80% complete."
[1] "New Mexico is 80.8% complete."
[1] "New Mexico is 81.6% complete."
[1] "New Mexico is 82.4% complete."
[1] "New Mexico is 83.2% complete."
[1] "New Mexico is 84% complete."
[1] "New Mexico is 84.8% complete."
[1] "New Mexico is 85.6% complete."
[1] "New Mexico is 86.4% complete."
[1] "New Mexico is 87.2% complete."
[1] "New Mexico is 88% complete."
[1] "New Mexico is 88.8% complete."
[1] "New Mexico is 89.6% complete."
[1] "New Mexico is 90.4% complete."
[1] "New Mexico is 91.2% complete."
[1] "New Mexico is 92% complete."
[1] "New Mexico is 92.8% complete."
[1] "New Mexico is 93.6% complete."
[1] "New Mexico is 94.4% complete."
[1] "New Mexico is 95.2% complete."
[1] "New Mexico is 96% complete."
[1] "New Mexico is 96.8% complete."
[1] "New Mexico is 97.6% complete."
[1] "New Mexico is 98.4% complete."
[1] "New Mexico is 99.2% complete."
[1] "New Mexico is 100% complete."
[1] "Completed New Mexico @ 2025-05-27 09:52:17"
Deleting layer `weighted' using driver `GPKG'
Writing layer `weighted' to data source 
  `/work/GRDVULN/sewershed/Model/Create_Boundaries/outputs/Weighted/FP_35.gpkg' using driver `GPKG'
Writing 125 features with 10 fields and geometry type Unknown (any).
[1] "SCRIPT COMPLETE @ 2025-05-27 09:52:23"
