[1] "Starting North Carolina"
[1] "Ignoring hexagons already assigned to 225 Systems"
Reading layer `cb_2021_us_state_500k' from data source 
  `/work/GRDVULN/data/cb_2021_us_all_500k.gdb' using driver `OpenFileGDB'
Simple feature collection with 56 features and 9 fields
Geometry type: MULTIPOLYGON
Dimension:     XY
Bounding box:  xmin: -179.1489 ymin: -14.5487 xmax: 179.7785 ymax: 71.36516
Geodetic CRS:  NAD83
[1] "Building 98 systems"
[1] "North Carolina is 1% complete."
[1] "North Carolina is 2% complete."
[1] "North Carolina is 3.1% complete."
[1] "North Carolina is 4.1% complete."
[1] "North Carolina is 5.1% complete."
[1] "North Carolina is 6.1% complete."
[1] "North Carolina is 7.1% complete."
[1] "North Carolina is 8.2% complete."
[1] "North Carolina is 9.2% complete."
[1] "North Carolina is 10.2% complete."
[1] "North Carolina is 11.2% complete."
[1] "North Carolina is 12.2% complete."
[1] "North Carolina is 13.3% complete."
[1] "North Carolina is 14.3% complete."
[1] "North Carolina is 15.3% complete."
[1] "North Carolina is 16.3% complete."
[1] "North Carolina is 17.3% complete."
[1] "North Carolina is 18.4% complete."
[1] "North Carolina is 19.4% complete."
[1] "North Carolina is 20.4% complete."
[1] "North Carolina is 21.4% complete."
[1] "North Carolina is 22.4% complete."
[1] "North Carolina is 23.5% complete."
[1] "North Carolina is 24.5% complete."
[1] "North Carolina is 25.5% complete."
[1] "North Carolina is 26.5% complete."
[1] "North Carolina is 27.6% complete."
[1] "North Carolina is 28.6% complete."
[1] "North Carolina is 29.6% complete."
[1] "North Carolina is 30.6% complete."
[1] "North Carolina is 31.6% complete."
[1] "North Carolina is 32.7% complete."
[1] "North Carolina is 33.7% complete."
[1] "North Carolina is 34.7% complete."
[1] "North Carolina is 35.7% complete."
[1] "North Carolina is 36.7% complete."
[1] "North Carolina is 37.8% complete."
[1] "North Carolina is 38.8% complete."
[1] "North Carolina is 39.8% complete."
[1] "North Carolina is 40.8% complete."
[1] "North Carolina is 41.8% complete."
[1] "North Carolina is 42.9% complete."
[1] "North Carolina is 43.9% complete."
[1] "North Carolina is 44.9% complete."
[1] "North Carolina is 45.9% complete."
[1] "North Carolina is 46.9% complete."
[1] "North Carolina is 48% complete."
[1] "North Carolina is 49% complete."
[1] "North Carolina is 50% complete."
[1] "North Carolina is 51% complete."
[1] "North Carolina is 52% complete."
[1] "North Carolina is 53.1% complete."
[1] "North Carolina is 54.1% complete."
[1] "North Carolina is 55.1% complete."
[1] "North Carolina is 56.1% complete."
[1] "North Carolina is 57.1% complete."
[1] "North Carolina is 58.2% complete."
[1] "North Carolina is 59.2% complete."
[1] "North Carolina is 60.2% complete."
[1] "North Carolina is 61.2% complete."
[1] "North Carolina is 62.2% complete."
[1] "North Carolina is 63.3% complete."
[1] "North Carolina is 64.3% complete."
[1] "North Carolina is 65.3% complete."
[1] "North Carolina is 66.3% complete."
[1] "North Carolina is 67.3% complete."
[1] "North Carolina is 68.4% complete."
[1] "North Carolina is 69.4% complete."
[1] "North Carolina is 70.4% complete."
[1] "North Carolina is 71.4% complete."
[1] "North Carolina is 72.4% complete."
[1] "North Carolina is 73.5% complete."
[1] "North Carolina is 74.5% complete."
[1] "North Carolina is 75.5% complete."
[1] "North Carolina is 76.5% complete."
[1] "North Carolina is 77.6% complete."
[1] "North Carolina is 78.6% complete."
[1] "North Carolina is 79.6% complete."
[1] "North Carolina is 80.6% complete."
[1] "North Carolina is 81.6% complete."
[1] "North Carolina is 82.7% complete."
[1] "North Carolina is 83.7% complete."
[1] "North Carolina is 84.7% complete."
[1] "North Carolina is 85.7% complete."
[1] "North Carolina is 86.7% complete."
[1] "North Carolina is 87.8% complete."
[1] "North Carolina is 88.8% complete."
[1] "North Carolina is 89.8% complete."
[1] "North Carolina is 90.8% complete."
[1] "North Carolina is 91.8% complete."
[1] "North Carolina is 92.9% complete."
[1] "North Carolina is 93.9% complete."
[1] "North Carolina is 94.9% complete."
[1] "North Carolina is 95.9% complete."
[1] "North Carolina is 96.9% complete."
[1] "North Carolina is 98% complete."
[1] "North Carolina is 99% complete."
[1] "North Carolina is 100% complete."
[1] "Completed North Carolina @ 2025-05-27 09:53:45"
Deleting layer `weighted' using driver `GPKG'
Writing layer `weighted' to data source 
  `/work/GRDVULN/sewershed/Model/Create_Boundaries/outputs/Weighted/FP_37.gpkg' using driver `GPKG'
Writing 98 features with 10 fields and geometry type Unknown (any).
[1] "SCRIPT COMPLETE @ 2025-05-27 09:54:09"
