[1] "Starting North Dakota"
[1] "Ignoring hexagons already assigned to 1 Systems"
Reading layer `cb_2021_us_state_500k' from data source 
  `/work/GRDVULN/data/cb_2021_us_all_500k.gdb' using driver `OpenFileGDB'
Simple feature collection with 56 features and 9 fields
Geometry type: MULTIPOLYGON
Dimension:     XY
Bounding box:  xmin: -179.1489 ymin: -14.5487 xmax: 179.7785 ymax: 71.36516
Geodetic CRS:  NAD83
[1] "Building 280 systems"
[1] "North Dakota is 0.4% complete."
[1] "North Dakota is 0.7% complete."
[1] "North Dakota is 1.1% complete."
[1] "North Dakota is 1.4% complete."
[1] "North Dakota is 1.8% complete."
[1] "North Dakota is 2.1% complete."
[1] "North Dakota is 2.5% complete."
[1] "North Dakota is 2.9% complete."
[1] "North Dakota is 3.2% complete."
[1] "North Dakota is 3.6% complete."
[1] "North Dakota is 3.9% complete."
[1] "North Dakota is 4.3% complete."
[1] "North Dakota is 4.6% complete."
[1] "North Dakota is 5% complete."
[1] "North Dakota is 5.4% complete."
[1] "North Dakota is 5.7% complete."
[1] "North Dakota is 6.1% complete."
[1] "North Dakota is 6.4% complete."
[1] "North Dakota is 6.8% complete."
[1] "North Dakota is 7.1% complete."
[1] "North Dakota is 7.5% complete."
[1] "North Dakota is 7.9% complete."
[1] "North Dakota is 8.2% complete."
[1] "North Dakota is 8.6% complete."
[1] "North Dakota is 8.9% complete."
[1] "North Dakota is 9.3% complete."
[1] "North Dakota is 9.6% complete."
[1] "North Dakota is 10% complete."
[1] "North Dakota is 10.4% complete."
[1] "North Dakota is 10.7% complete."
[1] "North Dakota is 11.1% complete."
[1] "North Dakota is 11.4% complete."
[1] "North Dakota is 11.8% complete."
[1] "North Dakota is 12.1% complete."
[1] "North Dakota is 12.5% complete."
[1] "North Dakota is 12.9% complete."
[1] "North Dakota is 13.2% complete."
[1] "North Dakota is 13.6% complete."
[1] "North Dakota is 13.9% complete."
[1] "North Dakota is 14.3% complete."
[1] "North Dakota is 14.6% complete."
[1] "North Dakota is 15% complete."
[1] "North Dakota is 15.4% complete."
[1] "North Dakota is 15.7% complete."
[1] "North Dakota is 16.1% complete."
[1] "North Dakota is 16.4% complete."
[1] "North Dakota is 16.8% complete."
[1] "North Dakota is 17.1% complete."
[1] "North Dakota is 17.5% complete."
[1] "North Dakota is 17.9% complete."
[1] "North Dakota is 18.2% complete."
[1] "North Dakota is 18.6% complete."
[1] "North Dakota is 18.9% complete."
[1] "North Dakota is 19.3% complete."
[1] "North Dakota is 19.6% complete."
[1] "North Dakota is 20% complete."
[1] "North Dakota is 20.4% complete."
[1] "North Dakota is 20.7% complete."
[1] "North Dakota is 21.1% complete."
[1] "North Dakota is 21.4% complete."
[1] "North Dakota is 21.8% complete."
[1] "North Dakota is 22.1% complete."
[1] "North Dakota is 22.5% complete."
[1] "North Dakota is 22.9% complete."
[1] "North Dakota is 23.2% complete."
[1] "North Dakota is 23.6% complete."
[1] "North Dakota is 23.9% complete."
[1] "North Dakota is 24.3% complete."
[1] "North Dakota is 24.6% complete."
[1] "North Dakota is 25% complete."
[1] "North Dakota is 25.4% complete."
[1] "North Dakota is 25.7% complete."
[1] "North Dakota is 26.1% complete."
[1] "North Dakota is 26.4% complete."
[1] "North Dakota is 26.8% complete."
[1] "North Dakota is 27.1% complete."
[1] "North Dakota is 27.5% complete."
[1] "North Dakota is 27.9% complete."
[1] "North Dakota is 28.2% complete."
[1] "North Dakota is 28.6% complete."
[1] "North Dakota is 28.9% complete."
[1] "North Dakota is 29.3% complete."
[1] "North Dakota is 29.6% complete."
[1] "North Dakota is 30% complete."
[1] "North Dakota is 30.4% complete."
[1] "North Dakota is 30.7% complete."
[1] "North Dakota is 31.1% complete."
[1] "North Dakota is 31.4% complete."
[1] "North Dakota is 31.8% complete."
[1] "North Dakota is 32.1% complete."
[1] "North Dakota is 32.5% complete."
[1] "North Dakota is 32.9% complete."
[1] "North Dakota is 33.2% complete."
[1] "North Dakota is 33.6% complete."
[1] "North Dakota is 33.9% complete."
[1] "North Dakota is 34.3% complete."
[1] "North Dakota is 34.6% complete."
[1] "North Dakota is 35% complete."
[1] "North Dakota is 35.4% complete."
[1] "North Dakota is 35.7% complete."
[1] "North Dakota is 36.1% complete."
[1] "North Dakota is 36.4% complete."
[1] "North Dakota is 36.8% complete."
[1] "North Dakota is 37.1% complete."
[1] "North Dakota is 37.5% complete."
[1] "North Dakota is 37.9% complete."
[1] "North Dakota is 38.2% complete."
[1] "North Dakota is 38.6% complete."
[1] "North Dakota is 38.9% complete."
[1] "North Dakota is 39.3% complete."
[1] "North Dakota is 39.6% complete."
[1] "North Dakota is 40% complete."
[1] "North Dakota is 40.4% complete."
[1] "North Dakota is 40.7% complete."
[1] "North Dakota is 41.1% complete."
[1] "North Dakota is 41.4% complete."
[1] "North Dakota is 41.8% complete."
[1] "North Dakota is 42.1% complete."
[1] "North Dakota is 42.5% complete."
[1] "North Dakota is 42.9% complete."
[1] "North Dakota is 43.2% complete."
[1] "North Dakota is 43.6% complete."
[1] "North Dakota is 43.9% complete."
[1] "North Dakota is 44.3% complete."
[1] "North Dakota is 44.6% complete."
[1] "North Dakota is 45% complete."
[1] "North Dakota is 45.4% complete."
[1] "North Dakota is 45.7% complete."
[1] "North Dakota is 46.1% complete."
[1] "North Dakota is 46.4% complete."
[1] "North Dakota is 46.8% complete."
[1] "North Dakota is 47.1% complete."
[1] "North Dakota is 47.5% complete."
[1] "North Dakota is 47.9% complete."
[1] "North Dakota is 48.2% complete."
[1] "North Dakota is 48.6% complete."
[1] "North Dakota is 48.9% complete."
[1] "North Dakota is 49.3% complete."
[1] "North Dakota is 49.6% complete."
[1] "North Dakota is 50% complete."
[1] "North Dakota is 50.4% complete."
[1] "North Dakota is 50.7% complete."
[1] "North Dakota is 51.1% complete."
[1] "North Dakota is 51.4% complete."
[1] "North Dakota is 51.8% complete."
[1] "North Dakota is 52.1% complete."
[1] "North Dakota is 52.5% complete."
[1] "North Dakota is 52.9% complete."
[1] "North Dakota is 53.2% complete."
[1] "North Dakota is 53.6% complete."
[1] "North Dakota is 53.9% complete."
[1] "North Dakota is 54.3% complete."
[1] "North Dakota is 54.6% complete."
[1] "North Dakota is 55% complete."
[1] "North Dakota is 55.4% complete."
[1] "North Dakota is 55.7% complete."
[1] "North Dakota is 56.1% complete."
[1] "North Dakota is 56.4% complete."
[1] "North Dakota is 56.8% complete."
[1] "North Dakota is 57.1% complete."
[1] "North Dakota is 57.5% complete."
[1] "North Dakota is 57.9% complete."
[1] "North Dakota is 58.2% complete."
[1] "North Dakota is 58.6% complete."
[1] "North Dakota is 58.9% complete."
[1] "North Dakota is 59.3% complete."
[1] "North Dakota is 59.6% complete."
[1] "North Dakota is 60% complete."
[1] "North Dakota is 60.4% complete."
[1] "North Dakota is 60.7% complete."
[1] "North Dakota is 61.1% complete."
[1] "North Dakota is 61.4% complete."
[1] "North Dakota is 61.8% complete."
[1] "North Dakota is 62.1% complete."
[1] "North Dakota is 62.5% complete."
[1] "North Dakota is 62.9% complete."
[1] "North Dakota is 63.2% complete."
[1] "North Dakota is 63.6% complete."
[1] "North Dakota is 63.9% complete."
[1] "North Dakota is 64.3% complete."
[1] "North Dakota is 64.6% complete."
[1] "North Dakota is 65% complete."
[1] "North Dakota is 65.4% complete."
[1] "North Dakota is 65.7% complete."
[1] "North Dakota is 66.1% complete."
[1] "North Dakota is 66.4% complete."
[1] "North Dakota is 66.8% complete."
[1] "North Dakota is 67.1% complete."
[1] "North Dakota is 67.5% complete."
[1] "North Dakota is 67.9% complete."
[1] "North Dakota is 68.2% complete."
[1] "North Dakota is 68.6% complete."
[1] "North Dakota is 68.9% complete."
[1] "North Dakota is 69.3% complete."
[1] "North Dakota is 69.6% complete."
[1] "North Dakota is 70% complete."
[1] "North Dakota is 70.4% complete."
[1] "North Dakota is 70.7% complete."
[1] "North Dakota is 71.1% complete."
[1] "North Dakota is 71.4% complete."
[1] "North Dakota is 71.8% complete."
[1] "North Dakota is 72.1% complete."
[1] "North Dakota is 72.5% complete."
[1] "North Dakota is 72.9% complete."
[1] "North Dakota is 73.2% complete."
[1] "North Dakota is 73.6% complete."
[1] "North Dakota is 73.9% complete."
[1] "North Dakota is 74.3% complete."
[1] "North Dakota is 74.6% complete."
[1] "North Dakota is 75% complete."
[1] "North Dakota is 75.4% complete."
[1] "North Dakota is 75.7% complete."
[1] "North Dakota is 76.1% complete."
[1] "North Dakota is 76.4% complete."
[1] "North Dakota is 76.8% complete."
[1] "North Dakota is 77.1% complete."
[1] "North Dakota is 77.5% complete."
[1] "North Dakota is 77.9% complete."
[1] "North Dakota is 78.2% complete."
[1] "North Dakota is 78.6% complete."
[1] "North Dakota is 78.9% complete."
[1] "North Dakota is 79.3% complete."
[1] "North Dakota is 79.6% complete."
[1] "North Dakota is 80% complete."
[1] "North Dakota is 80.4% complete."
[1] "North Dakota is 80.7% complete."
[1] "North Dakota is 81.1% complete."
[1] "North Dakota is 81.4% complete."
[1] "North Dakota is 81.8% complete."
[1] "North Dakota is 82.1% complete."
[1] "North Dakota is 82.5% complete."
[1] "North Dakota is 82.9% complete."
[1] "North Dakota is 83.2% complete."
[1] "North Dakota is 83.6% complete."
[1] "North Dakota is 83.9% complete."
[1] "North Dakota is 84.3% complete."
[1] "North Dakota is 84.6% complete."
[1] "North Dakota is 85% complete."
[1] "North Dakota is 85.4% complete."
[1] "North Dakota is 85.7% complete."
[1] "North Dakota is 86.1% complete."
[1] "North Dakota is 86.4% complete."
[1] "North Dakota is 86.8% complete."
[1] "North Dakota is 87.1% complete."
[1] "North Dakota is 87.5% complete."
[1] "North Dakota is 87.9% complete."
[1] "North Dakota is 88.2% complete."
[1] "North Dakota is 88.6% complete."
[1] "North Dakota is 88.9% complete."
[1] "North Dakota is 89.3% complete."
[1] "North Dakota is 89.6% complete."
[1] "North Dakota is 90% complete."
[1] "North Dakota is 90.4% complete."
[1] "North Dakota is 90.7% complete."
[1] "North Dakota is 91.1% complete."
[1] "North Dakota is 91.4% complete."
[1] "North Dakota is 91.8% complete."
[1] "North Dakota is 92.1% complete."
[1] "North Dakota is 92.5% complete."
[1] "North Dakota is 92.9% complete."
[1] "North Dakota is 93.2% complete."
[1] "North Dakota is 93.6% complete."
[1] "North Dakota is 93.9% complete."
[1] "North Dakota is 94.3% complete."
[1] "North Dakota is 94.6% complete."
[1] "North Dakota is 95% complete."
[1] "North Dakota is 95.4% complete."
[1] "North Dakota is 95.7% complete."
[1] "North Dakota is 96.1% complete."
[1] "North Dakota is 96.4% complete."
[1] "North Dakota is 96.8% complete."
[1] "North Dakota is 97.1% complete."
[1] "North Dakota is 97.5% complete."
[1] "North Dakota is 97.9% complete."
[1] "North Dakota is 98.2% complete."
[1] "North Dakota is 98.6% complete."
[1] "North Dakota is 98.9% complete."
[1] "North Dakota is 99.3% complete."
[1] "North Dakota is 99.6% complete."
[1] "North Dakota is 100% complete."
[1] "Completed North Dakota @ 2025-05-27 09:52:44"
Deleting layer `weighted' using driver `GPKG'
Writing layer `weighted' to data source 
  `/work/GRDVULN/sewershed/Model/Create_Boundaries/outputs/Weighted/FP_38.gpkg' using driver `GPKG'
Writing 280 features with 10 fields and geometry type Unknown (any).
[1] "SCRIPT COMPLETE @ 2025-05-27 09:52:50"
