[1] "Starting Oklahoma"
[1] "Ignoring hexagons already assigned to 0 Systems"
Reading layer `cb_2021_us_state_500k' from data source 
  `/work/GRDVULN/data/cb_2021_us_all_500k.gdb' using driver `OpenFileGDB'
Simple feature collection with 56 features and 9 fields
Geometry type: MULTIPOLYGON
Dimension:     XY
Bounding box:  xmin: -179.1489 ymin: -14.5487 xmax: 179.7785 ymax: 71.36516
Geodetic CRS:  NAD83
[1] "Building 484 systems"
[1] "Oklahoma is 0.2% complete."
[1] "Oklahoma is 0.4% complete."
[1] "Oklahoma is 0.6% complete."
[1] "Oklahoma is 0.8% complete."
[1] "Oklahoma is 1% complete."
[1] "Oklahoma is 1.2% complete."
[1] "Oklahoma is 1.4% complete."
[1] "Oklahoma is 1.7% complete."
[1] "Oklahoma is 1.9% complete."
[1] "Oklahoma is 2.1% complete."
[1] "Oklahoma is 2.3% complete."
[1] "Oklahoma is 2.5% complete."
[1] "Oklahoma is 2.7% complete."
[1] "Oklahoma is 2.9% complete."
[1] "Oklahoma is 3.1% complete."
[1] "Oklahoma is 3.3% complete."
[1] "Oklahoma is 3.5% complete."
[1] "Oklahoma is 3.7% complete."
[1] "Oklahoma is 3.9% complete."
[1] "Oklahoma is 4.1% complete."
[1] "Oklahoma is 4.3% complete."
[1] "Oklahoma is 4.5% complete."
[1] "Oklahoma is 4.8% complete."
[1] "Oklahoma is 5% complete."
[1] "Oklahoma is 5.2% complete."
[1] "Oklahoma is 5.4% complete."
[1] "Oklahoma is 5.6% complete."
[1] "Oklahoma is 5.8% complete."
[1] "Oklahoma is 6% complete."
[1] "Oklahoma is 6.2% complete."
[1] "Oklahoma is 6.4% complete."
[1] "Oklahoma is 6.6% complete."
[1] "Oklahoma is 6.8% complete."
[1] "Oklahoma is 7% complete."
[1] "Oklahoma is 7.2% complete."
[1] "Oklahoma is 7.4% complete."
[1] "Oklahoma is 7.6% complete."
[1] "Oklahoma is 7.9% complete."
[1] "Oklahoma is 8.1% complete."
[1] "Oklahoma is 8.3% complete."
[1] "Oklahoma is 8.5% complete."
[1] "Oklahoma is 8.7% complete."
[1] "Oklahoma is 8.9% complete."
[1] "Oklahoma is 9.1% complete."
[1] "Oklahoma is 9.3% complete."
[1] "Oklahoma is 9.5% complete."
[1] "Oklahoma is 9.7% complete."
[1] "Oklahoma is 9.9% complete."
[1] "Oklahoma is 10.1% complete."
[1] "Oklahoma is 10.3% complete."
[1] "Oklahoma is 10.5% complete."
[1] "Oklahoma is 10.7% complete."
[1] "Oklahoma is 11% complete."
[1] "Oklahoma is 11.2% complete."
[1] "Oklahoma is 11.4% complete."
[1] "Oklahoma is 11.6% complete."
[1] "Oklahoma is 11.8% complete."
[1] "Oklahoma is 12% complete."
[1] "Oklahoma is 12.2% complete."
[1] "Oklahoma is 12.4% complete."
[1] "Oklahoma is 12.6% complete."
[1] "Oklahoma is 12.8% complete."
[1] "Oklahoma is 13% complete."
[1] "Oklahoma is 13.2% complete."
[1] "Oklahoma is 13.4% complete."
[1] "Oklahoma is 13.6% complete."
[1] "Oklahoma is 13.8% complete."
[1] "Oklahoma is 14% complete."
[1] "Oklahoma is 14.3% complete."
[1] "Oklahoma is 14.5% complete."
[1] "Oklahoma is 14.7% complete."
[1] "Oklahoma is 14.9% complete."
[1] "Oklahoma is 15.1% complete."
[1] "Oklahoma is 15.3% complete."
[1] "Oklahoma is 15.5% complete."
[1] "Oklahoma is 15.7% complete."
[1] "Oklahoma is 15.9% complete."
[1] "Oklahoma is 16.1% complete."
[1] "Oklahoma is 16.3% complete."
[1] "Oklahoma is 16.5% complete."
[1] "Oklahoma is 16.7% complete."
[1] "Oklahoma is 16.9% complete."
[1] "Oklahoma is 17.1% complete."
[1] "Oklahoma is 17.4% complete."
[1] "Oklahoma is 17.6% complete."
[1] "Oklahoma is 17.8% complete."
[1] "Oklahoma is 18% complete."
[1] "Oklahoma is 18.2% complete."
[1] "Oklahoma is 18.4% complete."
[1] "Oklahoma is 18.6% complete."
[1] "Oklahoma is 18.8% complete."
[1] "Oklahoma is 19% complete."
[1] "Oklahoma is 19.2% complete."
[1] "Oklahoma is 19.4% complete."
[1] "Oklahoma is 19.6% complete."
[1] "Oklahoma is 19.8% complete."
[1] "Oklahoma is 20% complete."
[1] "Oklahoma is 20.2% complete."
[1] "Oklahoma is 20.5% complete."
[1] "Oklahoma is 20.7% complete."
[1] "Oklahoma is 20.9% complete."
[1] "Oklahoma is 21.1% complete."
[1] "Oklahoma is 21.3% complete."
[1] "Oklahoma is 21.5% complete."
[1] "Oklahoma is 21.7% complete."
[1] "Oklahoma is 21.9% complete."
[1] "Oklahoma is 22.1% complete."
[1] "Oklahoma is 22.3% complete."
[1] "Oklahoma is 22.5% complete."
[1] "Oklahoma is 22.7% complete."
[1] "Oklahoma is 22.9% complete."
[1] "Oklahoma is 23.1% complete."
[1] "Oklahoma is 23.3% complete."
[1] "Oklahoma is 23.6% complete."
[1] "Oklahoma is 23.8% complete."
[1] "Oklahoma is 24% complete."
[1] "Oklahoma is 24.2% complete."
[1] "Oklahoma is 24.4% complete."
[1] "Oklahoma is 24.6% complete."
[1] "Oklahoma is 24.8% complete."
[1] "Oklahoma is 25% complete."
[1] "Oklahoma is 25.2% complete."
[1] "Oklahoma is 25.4% complete."
[1] "Oklahoma is 25.6% complete."
[1] "Oklahoma is 25.8% complete."
[1] "Oklahoma is 26% complete."
[1] "Oklahoma is 26.2% complete."
[1] "Oklahoma is 26.4% complete."
[1] "Oklahoma is 26.7% complete."
[1] "Oklahoma is 26.9% complete."
[1] "Oklahoma is 27.1% complete."
[1] "Oklahoma is 27.3% complete."
[1] "Oklahoma is 27.5% complete."
[1] "Oklahoma is 27.7% complete."
[1] "Oklahoma is 27.9% complete."
[1] "Oklahoma is 28.1% complete."
[1] "Oklahoma is 28.3% complete."
[1] "Oklahoma is 28.5% complete."
[1] "Oklahoma is 28.7% complete."
[1] "Oklahoma is 28.9% complete."
[1] "Oklahoma is 29.1% complete."
[1] "Oklahoma is 29.3% complete."
[1] "Oklahoma is 29.5% complete."
[1] "Oklahoma is 29.8% complete."
[1] "Oklahoma is 30% complete."
[1] "Oklahoma is 30.2% complete."
[1] "Oklahoma is 30.4% complete."
[1] "Oklahoma is 30.6% complete."
[1] "Oklahoma is 30.8% complete."
[1] "Oklahoma is 31% complete."
[1] "Oklahoma is 31.2% complete."
[1] "Oklahoma is 31.4% complete."
[1] "Oklahoma is 31.6% complete."
[1] "Oklahoma is 31.8% complete."
[1] "Oklahoma is 32% complete."
[1] "Oklahoma is 32.2% complete."
[1] "Oklahoma is 32.4% complete."
[1] "Oklahoma is 32.6% complete."
[1] "Oklahoma is 32.9% complete."
[1] "Oklahoma is 33.1% complete."
[1] "Oklahoma is 33.3% complete."
[1] "Oklahoma is 33.5% complete."
[1] "Oklahoma is 33.7% complete."
[1] "Oklahoma is 33.9% complete."
[1] "Oklahoma is 34.1% complete."
[1] "Oklahoma is 34.3% complete."
[1] "Oklahoma is 34.5% complete."
[1] "Oklahoma is 34.7% complete."
[1] "Oklahoma is 34.9% complete."
[1] "Oklahoma is 35.1% complete."
[1] "Oklahoma is 35.3% complete."
[1] "Oklahoma is 35.5% complete."
[1] "Oklahoma is 35.7% complete."
[1] "Oklahoma is 36% complete."
[1] "Oklahoma is 36.2% complete."
[1] "Oklahoma is 36.4% complete."
[1] "Oklahoma is 36.6% complete."
[1] "Oklahoma is 36.8% complete."
[1] "Oklahoma is 37% complete."
[1] "Oklahoma is 37.2% complete."
[1] "Oklahoma is 37.4% complete."
[1] "Oklahoma is 37.6% complete."
[1] "Oklahoma is 37.8% complete."
[1] "Oklahoma is 38% complete."
[1] "Oklahoma is 38.2% complete."
[1] "Oklahoma is 38.4% complete."
[1] "Oklahoma is 38.6% complete."
[1] "Oklahoma is 38.8% complete."
[1] "Oklahoma is 39% complete."
[1] "Oklahoma is 39.3% complete."
[1] "Oklahoma is 39.5% complete."
[1] "Oklahoma is 39.7% complete."
[1] "Oklahoma is 39.9% complete."
[1] "Oklahoma is 40.1% complete."
[1] "Oklahoma is 40.3% complete."
[1] "Oklahoma is 40.5% complete."
[1] "Oklahoma is 40.7% complete."
[1] "Oklahoma is 40.9% complete."
[1] "Oklahoma is 41.1% complete."
[1] "Oklahoma is 41.3% complete."
[1] "Oklahoma is 41.5% complete."
[1] "Oklahoma is 41.7% complete."
[1] "Oklahoma is 41.9% complete."
[1] "Oklahoma is 42.1% complete."
[1] "Oklahoma is 42.4% complete."
[1] "Oklahoma is 42.6% complete."
[1] "Oklahoma is 42.8% complete."
[1] "Oklahoma is 43% complete."
[1] "Oklahoma is 43.2% complete."
[1] "Oklahoma is 43.4% complete."
[1] "Oklahoma is 43.6% complete."
[1] "Oklahoma is 43.8% complete."
[1] "Oklahoma is 44% complete."
[1] "Oklahoma is 44.2% complete."
[1] "Oklahoma is 44.4% complete."
[1] "Oklahoma is 44.6% complete."
[1] "Oklahoma is 44.8% complete."
[1] "Oklahoma is 45% complete."
[1] "Oklahoma is 45.2% complete."
[1] "Oklahoma is 45.5% complete."
[1] "Oklahoma is 45.7% complete."
[1] "Oklahoma is 45.9% complete."
[1] "Oklahoma is 46.1% complete."
[1] "Oklahoma is 46.3% complete."
[1] "Oklahoma is 46.5% complete."
[1] "Oklahoma is 46.7% complete."
[1] "Oklahoma is 46.9% complete."
[1] "Oklahoma is 47.1% complete."
[1] "Oklahoma is 47.3% complete."
[1] "Oklahoma is 47.5% complete."
[1] "Oklahoma is 47.7% complete."
[1] "Oklahoma is 47.9% complete."
[1] "Oklahoma is 48.1% complete."
[1] "Oklahoma is 48.3% complete."
[1] "Oklahoma is 48.6% complete."
[1] "Oklahoma is 48.8% complete."
[1] "Oklahoma is 49% complete."
[1] "Oklahoma is 49.2% complete."
[1] "Oklahoma is 49.4% complete."
[1] "Oklahoma is 49.6% complete."
[1] "Oklahoma is 49.8% complete."
[1] "Oklahoma is 50% complete."
[1] "Oklahoma is 50.2% complete."
[1] "Oklahoma is 50.4% complete."
[1] "Oklahoma is 50.6% complete."
[1] "Oklahoma is 50.8% complete."
[1] "Oklahoma is 51% complete."
[1] "Oklahoma is 51.2% complete."
[1] "Oklahoma is 51.4% complete."
[1] "Oklahoma is 51.7% complete."
[1] "Oklahoma is 51.9% complete."
[1] "Oklahoma is 52.1% complete."
[1] "Oklahoma is 52.3% complete."
[1] "Oklahoma is 52.5% complete."
[1] "Oklahoma is 52.7% complete."
[1] "Oklahoma is 52.9% complete."
[1] "Oklahoma is 53.1% complete."
[1] "Oklahoma is 53.3% complete."
[1] "Oklahoma is 53.5% complete."
[1] "Oklahoma is 53.7% complete."
[1] "Oklahoma is 53.9% complete."
[1] "Oklahoma is 54.1% complete."
[1] "Oklahoma is 54.3% complete."
[1] "Oklahoma is 54.5% complete."
[1] "Oklahoma is 54.8% complete."
[1] "Oklahoma is 55% complete."
[1] "Oklahoma is 55.2% complete."
[1] "Oklahoma is 55.4% complete."
[1] "Oklahoma is 55.6% complete."
[1] "Oklahoma is 55.8% complete."
[1] "Oklahoma is 56% complete."
[1] "Oklahoma is 56.2% complete."
[1] "Oklahoma is 56.4% complete."
[1] "Oklahoma is 56.6% complete."
[1] "Oklahoma is 56.8% complete."
[1] "Oklahoma is 57% complete."
[1] "Oklahoma is 57.2% complete."
[1] "Oklahoma is 57.4% complete."
[1] "Oklahoma is 57.6% complete."
[1] "Oklahoma is 57.9% complete."
[1] "Oklahoma is 58.1% complete."
[1] "Oklahoma is 58.3% complete."
[1] "Oklahoma is 58.5% complete."
[1] "Oklahoma is 58.7% complete."
[1] "Oklahoma is 58.9% complete."
[1] "Oklahoma is 59.1% complete."
[1] "Oklahoma is 59.3% complete."
[1] "Oklahoma is 59.5% complete."
[1] "Oklahoma is 59.7% complete."
[1] "Oklahoma is 59.9% complete."
[1] "Oklahoma is 60.1% complete."
[1] "Oklahoma is 60.3% complete."
[1] "Oklahoma is 60.5% complete."
[1] "Oklahoma is 60.7% complete."
[1] "Oklahoma is 61% complete."
[1] "Oklahoma is 61.2% complete."
[1] "Oklahoma is 61.4% complete."
[1] "Oklahoma is 61.6% complete."
[1] "Oklahoma is 61.8% complete."
[1] "Oklahoma is 62% complete."
[1] "Oklahoma is 62.2% complete."
[1] "Oklahoma is 62.4% complete."
[1] "Oklahoma is 62.6% complete."
[1] "Oklahoma is 62.8% complete."
[1] "Oklahoma is 63% complete."
[1] "Oklahoma is 63.2% complete."
[1] "Oklahoma is 63.4% complete."
[1] "Oklahoma is 63.6% complete."
[1] "Oklahoma is 63.8% complete."
[1] "Oklahoma is 64% complete."
[1] "Oklahoma is 64.3% complete."
[1] "Oklahoma is 64.5% complete."
[1] "Oklahoma is 64.7% complete."
[1] "Oklahoma is 64.9% complete."
[1] "Oklahoma is 65.1% complete."
[1] "Oklahoma is 65.3% complete."
[1] "Oklahoma is 65.5% complete."
[1] "Oklahoma is 65.7% complete."
[1] "Oklahoma is 65.9% complete."
[1] "Oklahoma is 66.1% complete."
[1] "Oklahoma is 66.3% complete."
[1] "Oklahoma is 66.5% complete."
[1] "Oklahoma is 66.7% complete."
[1] "Oklahoma is 66.9% complete."
[1] "Oklahoma is 67.1% complete."
[1] "Oklahoma is 67.4% complete."
[1] "Oklahoma is 67.6% complete."
[1] "Oklahoma is 67.8% complete."
[1] "Oklahoma is 68% complete."
[1] "Oklahoma is 68.2% complete."
[1] "Oklahoma is 68.4% complete."
[1] "Oklahoma is 68.6% complete."
[1] "Oklahoma is 68.8% complete."
[1] "Oklahoma is 69% complete."
[1] "Oklahoma is 69.2% complete."
[1] "Oklahoma is 69.4% complete."
[1] "Oklahoma is 69.6% complete."
[1] "Oklahoma is 69.8% complete."
[1] "Oklahoma is 70% complete."
[1] "Oklahoma is 70.2% complete."
[1] "Oklahoma is 70.5% complete."
[1] "Oklahoma is 70.7% complete."
[1] "Oklahoma is 70.9% complete."
[1] "Oklahoma is 71.1% complete."
[1] "Oklahoma is 71.3% complete."
[1] "Oklahoma is 71.5% complete."
[1] "Oklahoma is 71.7% complete."
[1] "Oklahoma is 71.9% complete."
[1] "Oklahoma is 72.1% complete."
[1] "Oklahoma is 72.3% complete."
[1] "Oklahoma is 72.5% complete."
[1] "Oklahoma is 72.7% complete."
[1] "Oklahoma is 72.9% complete."
[1] "Oklahoma is 73.1% complete."
[1] "Oklahoma is 73.3% complete."
[1] "Oklahoma is 73.6% complete."
[1] "Oklahoma is 73.8% complete."
[1] "Oklahoma is 74% complete."
[1] "Oklahoma is 74.2% complete."
[1] "Oklahoma is 74.4% complete."
[1] "Oklahoma is 74.6% complete."
[1] "Oklahoma is 74.8% complete."
[1] "Oklahoma is 75% complete."
[1] "Oklahoma is 75.2% complete."
[1] "Oklahoma is 75.4% complete."
[1] "Oklahoma is 75.6% complete."
[1] "Oklahoma is 75.8% complete."
[1] "Oklahoma is 76% complete."
[1] "Oklahoma is 76.2% complete."
[1] "Oklahoma is 76.4% complete."
[1] "Oklahoma is 76.7% complete."
[1] "Oklahoma is 76.9% complete."
[1] "Oklahoma is 77.1% complete."
[1] "Oklahoma is 77.3% complete."
[1] "Oklahoma is 77.5% complete."
[1] "Oklahoma is 77.7% complete."
[1] "Oklahoma is 77.9% complete."
[1] "Oklahoma is 78.1% complete."
[1] "Oklahoma is 78.3% complete."
[1] "Oklahoma is 78.5% complete."
[1] "Oklahoma is 78.7% complete."
[1] "Oklahoma is 78.9% complete."
[1] "Oklahoma is 79.1% complete."
[1] "Oklahoma is 79.3% complete."
[1] "Oklahoma is 79.5% complete."
[1] "Oklahoma is 79.8% complete."
[1] "Oklahoma is 80% complete."
[1] "Oklahoma is 80.2% complete."
[1] "Oklahoma is 80.4% complete."
[1] "Oklahoma is 80.6% complete."
[1] "Oklahoma is 80.8% complete."
[1] "Oklahoma is 81% complete."
[1] "Oklahoma is 81.2% complete."
[1] "Oklahoma is 81.4% complete."
[1] "Oklahoma is 81.6% complete."
[1] "Oklahoma is 81.8% complete."
[1] "Oklahoma is 82% complete."
[1] "Oklahoma is 82.2% complete."
[1] "Oklahoma is 82.4% complete."
[1] "Oklahoma is 82.6% complete."
[1] "Oklahoma is 82.9% complete."
[1] "Oklahoma is 83.1% complete."
[1] "Oklahoma is 83.3% complete."
[1] "Oklahoma is 83.5% complete."
[1] "Oklahoma is 83.7% complete."
[1] "Oklahoma is 83.9% complete."
[1] "Oklahoma is 84.1% complete."
[1] "Oklahoma is 84.3% complete."
[1] "Oklahoma is 84.5% complete."
[1] "Oklahoma is 84.7% complete."
[1] "Oklahoma is 84.9% complete."
[1] "Oklahoma is 85.1% complete."
[1] "Oklahoma is 85.3% complete."
[1] "Oklahoma is 85.5% complete."
[1] "Oklahoma is 85.7% complete."
[1] "Oklahoma is 86% complete."
[1] "Oklahoma is 86.2% complete."
[1] "Oklahoma is 86.4% complete."
[1] "Oklahoma is 86.6% complete."
[1] "Oklahoma is 86.8% complete."
[1] "Oklahoma is 87% complete."
[1] "Oklahoma is 87.2% complete."
[1] "Oklahoma is 87.4% complete."
[1] "Oklahoma is 87.6% complete."
[1] "Oklahoma is 87.8% complete."
[1] "Oklahoma is 88% complete."
[1] "Oklahoma is 88.2% complete."
[1] "Oklahoma is 88.4% complete."
[1] "Oklahoma is 88.6% complete."
[1] "Oklahoma is 88.8% complete."
[1] "Oklahoma is 89% complete."
[1] "Oklahoma is 89.3% complete."
[1] "Oklahoma is 89.5% complete."
[1] "Oklahoma is 89.7% complete."
[1] "Oklahoma is 89.9% complete."
[1] "Oklahoma is 90.1% complete."
[1] "Oklahoma is 90.3% complete."
[1] "Oklahoma is 90.5% complete."
[1] "Oklahoma is 90.7% complete."
[1] "Oklahoma is 90.9% complete."
[1] "Oklahoma is 91.1% complete."
[1] "Oklahoma is 91.3% complete."
[1] "Oklahoma is 91.5% complete."
[1] "Oklahoma is 91.7% complete."
[1] "Oklahoma is 91.9% complete."
[1] "Oklahoma is 92.1% complete."
[1] "Oklahoma is 92.4% complete."
[1] "Oklahoma is 92.6% complete."
[1] "Oklahoma is 92.8% complete."
[1] "Oklahoma is 93% complete."
[1] "Oklahoma is 93.2% complete."
[1] "Oklahoma is 93.4% complete."
[1] "Oklahoma is 93.6% complete."
[1] "Oklahoma is 93.8% complete."
[1] "Oklahoma is 94% complete."
[1] "Oklahoma is 94.2% complete."
[1] "Oklahoma is 94.4% complete."
[1] "Oklahoma is 94.6% complete."
[1] "Oklahoma is 94.8% complete."
[1] "Oklahoma is 95% complete."
[1] "Oklahoma is 95.2% complete."
[1] "Oklahoma is 95.5% complete."
[1] "Oklahoma is 95.7% complete."
[1] "Oklahoma is 95.9% complete."
[1] "Oklahoma is 96.1% complete."
[1] "Oklahoma is 96.3% complete."
[1] "Oklahoma is 96.5% complete."
[1] "Oklahoma is 96.7% complete."
[1] "Oklahoma is 96.9% complete."
[1] "Oklahoma is 97.1% complete."
[1] "Oklahoma is 97.3% complete."
[1] "Oklahoma is 97.5% complete."
[1] "Oklahoma is 97.7% complete."
[1] "Oklahoma is 97.9% complete."
[1] "Oklahoma is 98.1% complete."
[1] "Oklahoma is 98.3% complete."
[1] "Oklahoma is 98.6% complete."
[1] "Oklahoma is 98.8% complete."
[1] "Oklahoma is 99% complete."
[1] "Oklahoma is 99.2% complete."
[1] "Oklahoma is 99.4% complete."
[1] "Oklahoma is 99.6% complete."
[1] "Oklahoma is 99.8% complete."
[1] "Oklahoma is 100% complete."
[1] "Completed Oklahoma @ 2025-05-27 09:57:30"
Deleting layer `weighted' using driver `GPKG'
Writing layer `weighted' to data source 
  `/work/GRDVULN/sewershed/Model/Create_Boundaries/outputs/Weighted/FP_40.gpkg' using driver `GPKG'
Writing 484 features with 10 fields and geometry type Unknown (any).
[1] "SCRIPT COMPLETE @ 2025-05-27 09:57:51"
