[1] "Starting Oregon"
[1] "Ignoring hexagons already assigned to 5 Systems"
Reading layer `cb_2021_us_state_500k' from data source 
  `/work/GRDVULN/data/cb_2021_us_all_500k.gdb' using driver `OpenFileGDB'
Simple feature collection with 56 features and 9 fields
Geometry type: MULTIPOLYGON
Dimension:     XY
Bounding box:  xmin: -179.1489 ymin: -14.5487 xmax: 179.7785 ymax: 71.36516
Geodetic CRS:  NAD83
[1] "Building 212 systems"
[1] "Oregon is 0.5% complete."
[1] "Oregon is 0.9% complete."
[1] "Oregon is 1.4% complete."
[1] "Oregon is 1.9% complete."
[1] "Oregon is 2.4% complete."
[1] "Oregon is 2.8% complete."
[1] "Oregon is 3.3% complete."
[1] "Oregon is 3.8% complete."
[1] "Oregon is 4.2% complete."
[1] "Oregon is 4.7% complete."
[1] "Oregon is 5.2% complete."
[1] "Oregon is 5.7% complete."
[1] "Oregon is 6.1% complete."
[1] "Oregon is 6.6% complete."
[1] "Oregon is 7.1% complete."
[1] "Oregon is 7.5% complete."
[1] "Oregon is 8% complete."
[1] "Oregon is 8.5% complete."
[1] "Oregon is 9% complete."
[1] "Oregon is 9.4% complete."
[1] "Oregon is 9.9% complete."
[1] "Oregon is 10.4% complete."
[1] "Oregon is 10.8% complete."
[1] "Oregon is 11.3% complete."
[1] "Oregon is 11.8% complete."
[1] "Oregon is 12.3% complete."
[1] "Oregon is 12.7% complete."
[1] "Oregon is 13.2% complete."
[1] "Oregon is 13.7% complete."
[1] "Oregon is 14.2% complete."
[1] "Oregon is 14.6% complete."
[1] "Oregon is 15.1% complete."
[1] "Oregon is 15.6% complete."
[1] "Oregon is 16% complete."
[1] "Oregon is 16.5% complete."
[1] "Oregon is 17% complete."
[1] "Oregon is 17.5% complete."
[1] "Oregon is 17.9% complete."
[1] "Oregon is 18.4% complete."
[1] "Oregon is 18.9% complete."
[1] "Oregon is 19.3% complete."
[1] "Oregon is 19.8% complete."
[1] "Oregon is 20.3% complete."
[1] "Oregon is 20.8% complete."
[1] "Oregon is 21.2% complete."
[1] "Oregon is 21.7% complete."
[1] "Oregon is 22.2% complete."
[1] "Oregon is 22.6% complete."
[1] "Oregon is 23.1% complete."
[1] "Oregon is 23.6% complete."
[1] "Oregon is 24.1% complete."
[1] "Oregon is 24.5% complete."
[1] "Oregon is 25% complete."
[1] "Oregon is 25.5% complete."
[1] "Oregon is 25.9% complete."
[1] "Oregon is 26.4% complete."
[1] "Oregon is 26.9% complete."
[1] "Oregon is 27.4% complete."
[1] "Oregon is 27.8% complete."
[1] "Oregon is 28.3% complete."
[1] "Oregon is 28.8% complete."
[1] "Oregon is 29.2% complete."
[1] "Oregon is 29.7% complete."
[1] "Oregon is 30.2% complete."
[1] "Oregon is 30.7% complete."
[1] "Oregon is 31.1% complete."
[1] "Oregon is 31.6% complete."
[1] "Oregon is 32.1% complete."
[1] "Oregon is 32.5% complete."
[1] "Oregon is 33% complete."
[1] "Oregon is 33.5% complete."
[1] "Oregon is 34% complete."
[1] "Oregon is 34.4% complete."
[1] "Oregon is 34.9% complete."
[1] "Oregon is 35.4% complete."
[1] "Oregon is 35.8% complete."
[1] "Oregon is 36.3% complete."
[1] "Oregon is 36.8% complete."
[1] "Oregon is 37.3% complete."
[1] "Oregon is 37.7% complete."
[1] "Oregon is 38.2% complete."
[1] "Oregon is 38.7% complete."
[1] "Oregon is 39.2% complete."
[1] "Oregon is 39.6% complete."
[1] "Oregon is 40.1% complete."
[1] "Oregon is 40.6% complete."
[1] "Oregon is 41% complete."
[1] "Oregon is 41.5% complete."
[1] "Oregon is 42% complete."
[1] "Oregon is 42.5% complete."
[1] "Oregon is 42.9% complete."
[1] "Oregon is 43.4% complete."
[1] "Oregon is 43.9% complete."
[1] "Oregon is 44.3% complete."
[1] "Oregon is 44.8% complete."
[1] "Oregon is 45.3% complete."
[1] "Oregon is 45.8% complete."
[1] "Oregon is 46.2% complete."
[1] "Oregon is 46.7% complete."
[1] "Oregon is 47.2% complete."
[1] "Oregon is 47.6% complete."
[1] "Oregon is 48.1% complete."
[1] "Oregon is 48.6% complete."
[1] "Oregon is 49.1% complete."
[1] "Oregon is 49.5% complete."
[1] "Oregon is 50% complete."
[1] "Oregon is 50.5% complete."
[1] "Oregon is 50.9% complete."
[1] "Oregon is 51.4% complete."
[1] "Oregon is 51.9% complete."
[1] "Oregon is 52.4% complete."
[1] "Oregon is 52.8% complete."
[1] "Oregon is 53.3% complete."
[1] "Oregon is 53.8% complete."
[1] "Oregon is 54.2% complete."
[1] "Oregon is 54.7% complete."
[1] "Oregon is 55.2% complete."
[1] "Oregon is 55.7% complete."
[1] "Oregon is 56.1% complete."
[1] "Oregon is 56.6% complete."
[1] "Oregon is 57.1% complete."
[1] "Oregon is 57.5% complete."
[1] "Oregon is 58% complete."
[1] "Oregon is 58.5% complete."
[1] "Oregon is 59% complete."
[1] "Oregon is 59.4% complete."
[1] "Oregon is 59.9% complete."
[1] "Oregon is 60.4% complete."
[1] "Oregon is 60.8% complete."
[1] "Oregon is 61.3% complete."
[1] "Oregon is 61.8% complete."
[1] "Oregon is 62.3% complete."
[1] "Oregon is 62.7% complete."
[1] "Oregon is 63.2% complete."
[1] "Oregon is 63.7% complete."
[1] "Oregon is 64.2% complete."
[1] "Oregon is 64.6% complete."
[1] "Oregon is 65.1% complete."
[1] "Oregon is 65.6% complete."
[1] "Oregon is 66% complete."
[1] "Oregon is 66.5% complete."
[1] "Oregon is 67% complete."
[1] "Oregon is 67.5% complete."
[1] "Oregon is 67.9% complete."
[1] "Oregon is 68.4% complete."
[1] "Oregon is 68.9% complete."
[1] "Oregon is 69.3% complete."
[1] "Oregon is 69.8% complete."
[1] "Oregon is 70.3% complete."
[1] "Oregon is 70.8% complete."
[1] "Oregon is 71.2% complete."
[1] "Oregon is 71.7% complete."
[1] "Oregon is 72.2% complete."
[1] "Oregon is 72.6% complete."
[1] "Oregon is 73.1% complete."
[1] "Oregon is 73.6% complete."
[1] "Oregon is 74.1% complete."
[1] "Oregon is 74.5% complete."
[1] "Oregon is 75% complete."
[1] "Oregon is 75.5% complete."
[1] "Oregon is 75.9% complete."
[1] "Oregon is 76.4% complete."
[1] "Oregon is 76.9% complete."
[1] "Oregon is 77.4% complete."
[1] "Oregon is 77.8% complete."
[1] "Oregon is 78.3% complete."
[1] "Oregon is 78.8% complete."
[1] "Oregon is 79.2% complete."
[1] "Oregon is 79.7% complete."
[1] "Oregon is 80.2% complete."
[1] "Oregon is 80.7% complete."
[1] "Oregon is 81.1% complete."
[1] "Oregon is 81.6% complete."
[1] "Oregon is 82.1% complete."
[1] "Oregon is 82.5% complete."
[1] "Oregon is 83% complete."
[1] "Oregon is 83.5% complete."
[1] "Oregon is 84% complete."
[1] "Oregon is 84.4% complete."
[1] "Oregon is 84.9% complete."
[1] "Oregon is 85.4% complete."
[1] "Oregon is 85.8% complete."
[1] "Oregon is 86.3% complete."
[1] "Oregon is 86.8% complete."
[1] "Oregon is 87.3% complete."
[1] "Oregon is 87.7% complete."
[1] "Oregon is 88.2% complete."
[1] "Oregon is 88.7% complete."
[1] "Oregon is 89.2% complete."
[1] "Oregon is 89.6% complete."
[1] "Oregon is 90.1% complete."
[1] "Oregon is 90.6% complete."
[1] "Oregon is 91% complete."
[1] "Oregon is 91.5% complete."
[1] "Oregon is 92% complete."
[1] "Oregon is 92.5% complete."
[1] "Oregon is 92.9% complete."
[1] "Oregon is 93.4% complete."
[1] "Oregon is 93.9% complete."
[1] "Oregon is 94.3% complete."
[1] "Oregon is 94.8% complete."
[1] "Oregon is 95.3% complete."
[1] "Oregon is 95.8% complete."
[1] "Oregon is 96.2% complete."
[1] "Oregon is 96.7% complete."
[1] "Oregon is 97.2% complete."
[1] "Oregon is 97.6% complete."
[1] "Oregon is 98.1% complete."
[1] "Oregon is 98.6% complete."
[1] "Oregon is 99.1% complete."
[1] "Oregon is 99.5% complete."
[1] "Oregon is 100% complete."
[1] "Completed Oregon @ 2025-05-27 09:53:31"
Deleting layer `weighted' using driver `GPKG'
Writing layer `weighted' to data source 
  `/work/GRDVULN/sewershed/Model/Create_Boundaries/outputs/Weighted/FP_41.gpkg' using driver `GPKG'
Writing 212 features with 10 fields and geometry type Unknown (any).
[1] "SCRIPT COMPLETE @ 2025-05-27 09:53:42"
