[1] "Starting South Dakota"
[1] "Ignoring hexagons already assigned to 0 Systems"
Reading layer `cb_2021_us_state_500k' from data source 
  `/work/GRDVULN/data/cb_2021_us_all_500k.gdb' using driver `OpenFileGDB'
Simple feature collection with 56 features and 9 fields
Geometry type: MULTIPOLYGON
Dimension:     XY
Bounding box:  xmin: -179.1489 ymin: -14.5487 xmax: 179.7785 ymax: 71.36516
Geodetic CRS:  NAD83
[1] "Building 284 systems"
[1] "South Dakota is 0.4% complete."
[1] "South Dakota is 0.7% complete."
[1] "South Dakota is 1.1% complete."
[1] "South Dakota is 1.4% complete."
[1] "South Dakota is 1.8% complete."
[1] "South Dakota is 2.1% complete."
[1] "South Dakota is 2.5% complete."
[1] "South Dakota is 2.8% complete."
[1] "South Dakota is 3.2% complete."
[1] "South Dakota is 3.5% complete."
[1] "South Dakota is 3.9% complete."
[1] "South Dakota is 4.2% complete."
[1] "South Dakota is 4.6% complete."
[1] "South Dakota is 4.9% complete."
[1] "South Dakota is 5.3% complete."
[1] "South Dakota is 5.6% complete."
[1] "South Dakota is 6% complete."
[1] "South Dakota is 6.3% complete."
[1] "South Dakota is 6.7% complete."
[1] "South Dakota is 7% complete."
[1] "South Dakota is 7.4% complete."
[1] "South Dakota is 7.7% complete."
[1] "South Dakota is 8.1% complete."
[1] "South Dakota is 8.5% complete."
[1] "South Dakota is 8.8% complete."
[1] "South Dakota is 9.2% complete."
[1] "South Dakota is 9.5% complete."
[1] "South Dakota is 9.9% complete."
[1] "South Dakota is 10.2% complete."
[1] "South Dakota is 10.6% complete."
[1] "South Dakota is 10.9% complete."
[1] "South Dakota is 11.3% complete."
[1] "South Dakota is 11.6% complete."
[1] "South Dakota is 12% complete."
[1] "South Dakota is 12.3% complete."
[1] "South Dakota is 12.7% complete."
[1] "South Dakota is 13% complete."
[1] "South Dakota is 13.4% complete."
[1] "South Dakota is 13.7% complete."
[1] "South Dakota is 14.1% complete."
[1] "South Dakota is 14.4% complete."
[1] "South Dakota is 14.8% complete."
[1] "South Dakota is 15.1% complete."
[1] "South Dakota is 15.5% complete."
[1] "South Dakota is 15.8% complete."
[1] "South Dakota is 16.2% complete."
[1] "South Dakota is 16.5% complete."
[1] "South Dakota is 16.9% complete."
[1] "South Dakota is 17.3% complete."
[1] "South Dakota is 17.6% complete."
[1] "South Dakota is 18% complete."
[1] "South Dakota is 18.3% complete."
[1] "South Dakota is 18.7% complete."
[1] "South Dakota is 19% complete."
[1] "South Dakota is 19.4% complete."
[1] "South Dakota is 19.7% complete."
[1] "South Dakota is 20.1% complete."
[1] "South Dakota is 20.4% complete."
[1] "South Dakota is 20.8% complete."
[1] "South Dakota is 21.1% complete."
[1] "South Dakota is 21.5% complete."
[1] "South Dakota is 21.8% complete."
[1] "South Dakota is 22.2% complete."
[1] "South Dakota is 22.5% complete."
[1] "South Dakota is 22.9% complete."
[1] "South Dakota is 23.2% complete."
[1] "South Dakota is 23.6% complete."
[1] "South Dakota is 23.9% complete."
[1] "South Dakota is 24.3% complete."
[1] "South Dakota is 24.6% complete."
[1] "South Dakota is 25% complete."
[1] "South Dakota is 25.4% complete."
[1] "South Dakota is 25.7% complete."
[1] "South Dakota is 26.1% complete."
[1] "South Dakota is 26.4% complete."
[1] "South Dakota is 26.8% complete."
[1] "South Dakota is 27.1% complete."
[1] "South Dakota is 27.5% complete."
[1] "South Dakota is 27.8% complete."
[1] "South Dakota is 28.2% complete."
[1] "South Dakota is 28.5% complete."
[1] "South Dakota is 28.9% complete."
[1] "South Dakota is 29.2% complete."
[1] "South Dakota is 29.6% complete."
[1] "South Dakota is 29.9% complete."
[1] "South Dakota is 30.3% complete."
[1] "South Dakota is 30.6% complete."
[1] "South Dakota is 31% complete."
[1] "South Dakota is 31.3% complete."
[1] "South Dakota is 31.7% complete."
[1] "South Dakota is 32% complete."
[1] "South Dakota is 32.4% complete."
[1] "South Dakota is 32.7% complete."
[1] "South Dakota is 33.1% complete."
[1] "South Dakota is 33.5% complete."
[1] "South Dakota is 33.8% complete."
[1] "South Dakota is 34.2% complete."
[1] "South Dakota is 34.5% complete."
[1] "South Dakota is 34.9% complete."
[1] "South Dakota is 35.2% complete."
[1] "South Dakota is 35.6% complete."
[1] "South Dakota is 35.9% complete."
[1] "South Dakota is 36.3% complete."
[1] "South Dakota is 36.6% complete."
[1] "South Dakota is 37% complete."
[1] "South Dakota is 37.3% complete."
[1] "South Dakota is 37.7% complete."
[1] "South Dakota is 38% complete."
[1] "South Dakota is 38.4% complete."
[1] "South Dakota is 38.7% complete."
[1] "South Dakota is 39.1% complete."
[1] "South Dakota is 39.4% complete."
[1] "South Dakota is 39.8% complete."
[1] "South Dakota is 40.1% complete."
[1] "South Dakota is 40.5% complete."
[1] "South Dakota is 40.8% complete."
[1] "South Dakota is 41.2% complete."
[1] "South Dakota is 41.5% complete."
[1] "South Dakota is 41.9% complete."
[1] "South Dakota is 42.3% complete."
[1] "South Dakota is 42.6% complete."
[1] "South Dakota is 43% complete."
[1] "South Dakota is 43.3% complete."
[1] "South Dakota is 43.7% complete."
[1] "South Dakota is 44% complete."
[1] "South Dakota is 44.4% complete."
[1] "South Dakota is 44.7% complete."
[1] "South Dakota is 45.1% complete."
[1] "South Dakota is 45.4% complete."
[1] "South Dakota is 45.8% complete."
[1] "South Dakota is 46.1% complete."
[1] "South Dakota is 46.5% complete."
[1] "South Dakota is 46.8% complete."
[1] "South Dakota is 47.2% complete."
[1] "South Dakota is 47.5% complete."
[1] "South Dakota is 47.9% complete."
[1] "South Dakota is 48.2% complete."
[1] "South Dakota is 48.6% complete."
[1] "South Dakota is 48.9% complete."
[1] "South Dakota is 49.3% complete."
[1] "South Dakota is 49.6% complete."
[1] "South Dakota is 50% complete."
[1] "South Dakota is 50.4% complete."
[1] "South Dakota is 50.7% complete."
[1] "South Dakota is 51.1% complete."
[1] "South Dakota is 51.4% complete."
[1] "South Dakota is 51.8% complete."
[1] "South Dakota is 52.1% complete."
[1] "South Dakota is 52.5% complete."
[1] "South Dakota is 52.8% complete."
[1] "South Dakota is 53.2% complete."
[1] "South Dakota is 53.5% complete."
[1] "South Dakota is 53.9% complete."
[1] "South Dakota is 54.2% complete."
[1] "South Dakota is 54.6% complete."
[1] "South Dakota is 54.9% complete."
[1] "South Dakota is 55.3% complete."
[1] "South Dakota is 55.6% complete."
[1] "South Dakota is 56% complete."
[1] "South Dakota is 56.3% complete."
[1] "South Dakota is 56.7% complete."
[1] "South Dakota is 57% complete."
[1] "South Dakota is 57.4% complete."
[1] "South Dakota is 57.7% complete."
[1] "South Dakota is 58.1% complete."
[1] "South Dakota is 58.5% complete."
[1] "South Dakota is 58.8% complete."
[1] "South Dakota is 59.2% complete."
[1] "South Dakota is 59.5% complete."
[1] "South Dakota is 59.9% complete."
[1] "South Dakota is 60.2% complete."
[1] "South Dakota is 60.6% complete."
[1] "South Dakota is 60.9% complete."
[1] "South Dakota is 61.3% complete."
[1] "South Dakota is 61.6% complete."
[1] "South Dakota is 62% complete."
[1] "South Dakota is 62.3% complete."
[1] "South Dakota is 62.7% complete."
[1] "South Dakota is 63% complete."
[1] "South Dakota is 63.4% complete."
[1] "South Dakota is 63.7% complete."
[1] "South Dakota is 64.1% complete."
[1] "South Dakota is 64.4% complete."
[1] "South Dakota is 64.8% complete."
[1] "South Dakota is 65.1% complete."
[1] "South Dakota is 65.5% complete."
[1] "South Dakota is 65.8% complete."
[1] "South Dakota is 66.2% complete."
[1] "South Dakota is 66.5% complete."
[1] "South Dakota is 66.9% complete."
[1] "South Dakota is 67.3% complete."
[1] "South Dakota is 67.6% complete."
[1] "South Dakota is 68% complete."
[1] "South Dakota is 68.3% complete."
[1] "South Dakota is 68.7% complete."
[1] "South Dakota is 69% complete."
[1] "South Dakota is 69.4% complete."
[1] "South Dakota is 69.7% complete."
[1] "South Dakota is 70.1% complete."
[1] "South Dakota is 70.4% complete."
[1] "South Dakota is 70.8% complete."
[1] "South Dakota is 71.1% complete."
[1] "South Dakota is 71.5% complete."
[1] "South Dakota is 71.8% complete."
[1] "South Dakota is 72.2% complete."
[1] "South Dakota is 72.5% complete."
[1] "South Dakota is 72.9% complete."
[1] "South Dakota is 73.2% complete."
[1] "South Dakota is 73.6% complete."
[1] "South Dakota is 73.9% complete."
[1] "South Dakota is 74.3% complete."
[1] "South Dakota is 74.6% complete."
[1] "South Dakota is 75% complete."
[1] "South Dakota is 75.4% complete."
[1] "South Dakota is 75.7% complete."
[1] "South Dakota is 76.1% complete."
[1] "South Dakota is 76.4% complete."
[1] "South Dakota is 76.8% complete."
[1] "South Dakota is 77.1% complete."
[1] "South Dakota is 77.5% complete."
[1] "South Dakota is 77.8% complete."
[1] "South Dakota is 78.2% complete."
[1] "South Dakota is 78.5% complete."
[1] "South Dakota is 78.9% complete."
[1] "South Dakota is 79.2% complete."
[1] "South Dakota is 79.6% complete."
[1] "South Dakota is 79.9% complete."
[1] "South Dakota is 80.3% complete."
[1] "South Dakota is 80.6% complete."
[1] "South Dakota is 81% complete."
[1] "South Dakota is 81.3% complete."
[1] "South Dakota is 81.7% complete."
[1] "South Dakota is 82% complete."
[1] "South Dakota is 82.4% complete."
[1] "South Dakota is 82.7% complete."
[1] "South Dakota is 83.1% complete."
[1] "South Dakota is 83.5% complete."
[1] "South Dakota is 83.8% complete."
[1] "South Dakota is 84.2% complete."
[1] "South Dakota is 84.5% complete."
[1] "South Dakota is 84.9% complete."
[1] "South Dakota is 85.2% complete."
[1] "South Dakota is 85.6% complete."
[1] "South Dakota is 85.9% complete."
[1] "South Dakota is 86.3% complete."
[1] "South Dakota is 86.6% complete."
[1] "South Dakota is 87% complete."
[1] "South Dakota is 87.3% complete."
[1] "South Dakota is 87.7% complete."
[1] "South Dakota is 88% complete."
[1] "South Dakota is 88.4% complete."
[1] "South Dakota is 88.7% complete."
[1] "South Dakota is 89.1% complete."
[1] "South Dakota is 89.4% complete."
[1] "South Dakota is 89.8% complete."
[1] "South Dakota is 90.1% complete."
[1] "South Dakota is 90.5% complete."
[1] "South Dakota is 90.8% complete."
[1] "South Dakota is 91.2% complete."
[1] "South Dakota is 91.5% complete."
[1] "South Dakota is 91.9% complete."
[1] "South Dakota is 92.3% complete."
[1] "South Dakota is 92.6% complete."
[1] "South Dakota is 93% complete."
[1] "South Dakota is 93.3% complete."
[1] "South Dakota is 93.7% complete."
[1] "South Dakota is 94% complete."
[1] "South Dakota is 94.4% complete."
[1] "South Dakota is 94.7% complete."
[1] "South Dakota is 95.1% complete."
[1] "South Dakota is 95.4% complete."
[1] "South Dakota is 95.8% complete."
[1] "South Dakota is 96.1% complete."
[1] "South Dakota is 96.5% complete."
[1] "South Dakota is 96.8% complete."
[1] "South Dakota is 97.2% complete."
[1] "South Dakota is 97.5% complete."
[1] "South Dakota is 97.9% complete."
[1] "South Dakota is 98.2% complete."
[1] "South Dakota is 98.6% complete."
[1] "South Dakota is 98.9% complete."
[1] "South Dakota is 99.3% complete."
[1] "South Dakota is 99.6% complete."
[1] "South Dakota is 100% complete."
[1] "Completed South Dakota @ 2025-05-27 09:53:11"
Deleting layer `weighted' using driver `GPKG'
Writing layer `weighted' to data source 
  `/work/GRDVULN/sewershed/Model/Create_Boundaries/outputs/Weighted/FP_46.gpkg' using driver `GPKG'
Writing 284 features with 10 fields and geometry type Unknown (any).
[1] "SCRIPT COMPLETE @ 2025-05-27 09:53:22"
