[1] "Starting Tennessee"
[1] "Ignoring hexagons already assigned to 0 Systems"
Reading layer `cb_2021_us_state_500k' from data source 
  `/work/GRDVULN/data/cb_2021_us_all_500k.gdb' using driver `OpenFileGDB'
Simple feature collection with 56 features and 9 fields
Geometry type: MULTIPOLYGON
Dimension:     XY
Bounding box:  xmin: -179.1489 ymin: -14.5487 xmax: 179.7785 ymax: 71.36516
Geodetic CRS:  NAD83
[1] "Building 253 systems"
[1] "Tennessee is 0.4% complete."
[1] "Tennessee is 0.8% complete."
[1] "Tennessee is 1.2% complete."
[1] "Tennessee is 1.6% complete."
[1] "Tennessee is 2% complete."
[1] "Tennessee is 2.4% complete."
[1] "Tennessee is 2.8% complete."
[1] "Tennessee is 3.2% complete."
[1] "Tennessee is 3.6% complete."
[1] "Tennessee is 4% complete."
[1] "Tennessee is 4.3% complete."
[1] "Tennessee is 4.7% complete."
[1] "Tennessee is 5.1% complete."
[1] "Tennessee is 5.5% complete."
[1] "Tennessee is 5.9% complete."
[1] "Tennessee is 6.3% complete."
[1] "Tennessee is 6.7% complete."
[1] "Tennessee is 7.1% complete."
[1] "Tennessee is 7.5% complete."
[1] "Tennessee is 7.9% complete."
[1] "Tennessee is 8.3% complete."
[1] "Tennessee is 8.7% complete."
[1] "Tennessee is 9.1% complete."
[1] "Tennessee is 9.5% complete."
[1] "Tennessee is 9.9% complete."
[1] "Tennessee is 10.3% complete."
[1] "Tennessee is 10.7% complete."
[1] "Tennessee is 11.1% complete."
[1] "Tennessee is 11.5% complete."
[1] "Tennessee is 11.9% complete."
[1] "Tennessee is 12.3% complete."
[1] "Tennessee is 12.6% complete."
[1] "Tennessee is 13% complete."
[1] "Tennessee is 13.4% complete."
[1] "Tennessee is 13.8% complete."
[1] "Tennessee is 14.2% complete."
[1] "Tennessee is 14.6% complete."
[1] "Tennessee is 15% complete."
[1] "Tennessee is 15.4% complete."
[1] "Tennessee is 15.8% complete."
[1] "Tennessee is 16.2% complete."
[1] "Tennessee is 16.6% complete."
[1] "Tennessee is 17% complete."
[1] "Tennessee is 17.4% complete."
[1] "Tennessee is 17.8% complete."
[1] "Tennessee is 18.2% complete."
[1] "Tennessee is 18.6% complete."
[1] "Tennessee is 19% complete."
[1] "Tennessee is 19.4% complete."
[1] "Tennessee is 19.8% complete."
[1] "Tennessee is 20.2% complete."
[1] "Tennessee is 20.6% complete."
[1] "Tennessee is 20.9% complete."
[1] "Tennessee is 21.3% complete."
[1] "Tennessee is 21.7% complete."
[1] "Tennessee is 22.1% complete."
[1] "Tennessee is 22.5% complete."
[1] "Tennessee is 22.9% complete."
[1] "Tennessee is 23.3% complete."
[1] "Tennessee is 23.7% complete."
[1] "Tennessee is 24.1% complete."
[1] "Tennessee is 24.5% complete."
[1] "Tennessee is 24.9% complete."
[1] "Tennessee is 25.3% complete."
[1] "Tennessee is 25.7% complete."
[1] "Tennessee is 26.1% complete."
[1] "Tennessee is 26.5% complete."
[1] "Tennessee is 26.9% complete."
[1] "Tennessee is 27.3% complete."
[1] "Tennessee is 27.7% complete."
[1] "Tennessee is 28.1% complete."
[1] "Tennessee is 28.5% complete."
[1] "Tennessee is 28.9% complete."
[1] "Tennessee is 29.2% complete."
[1] "Tennessee is 29.6% complete."
[1] "Tennessee is 30% complete."
[1] "Tennessee is 30.4% complete."
[1] "Tennessee is 30.8% complete."
[1] "Tennessee is 31.2% complete."
[1] "Tennessee is 31.6% complete."
[1] "Tennessee is 32% complete."
[1] "Tennessee is 32.4% complete."
[1] "Tennessee is 32.8% complete."
[1] "Tennessee is 33.2% complete."
[1] "Tennessee is 33.6% complete."
[1] "Tennessee is 34% complete."
[1] "Tennessee is 34.4% complete."
[1] "Tennessee is 34.8% complete."
[1] "Tennessee is 35.2% complete."
[1] "Tennessee is 35.6% complete."
[1] "Tennessee is 36% complete."
[1] "Tennessee is 36.4% complete."
[1] "Tennessee is 36.8% complete."
[1] "Tennessee is 37.2% complete."
[1] "Tennessee is 37.5% complete."
[1] "Tennessee is 37.9% complete."
[1] "Tennessee is 38.3% complete."
[1] "Tennessee is 38.7% complete."
[1] "Tennessee is 39.1% complete."
[1] "Tennessee is 39.5% complete."
[1] "Tennessee is 39.9% complete."
[1] "Tennessee is 40.3% complete."
[1] "Tennessee is 40.7% complete."
[1] "Tennessee is 41.1% complete."
[1] "Tennessee is 41.5% complete."
[1] "Tennessee is 41.9% complete."
[1] "Tennessee is 42.3% complete."
[1] "Tennessee is 42.7% complete."
[1] "Tennessee is 43.1% complete."
[1] "Tennessee is 43.5% complete."
[1] "Tennessee is 43.9% complete."
[1] "Tennessee is 44.3% complete."
[1] "Tennessee is 44.7% complete."
[1] "Tennessee is 45.1% complete."
[1] "Tennessee is 45.5% complete."
[1] "Tennessee is 45.8% complete."
[1] "Tennessee is 46.2% complete."
[1] "Tennessee is 46.6% complete."
[1] "Tennessee is 47% complete."
[1] "Tennessee is 47.4% complete."
[1] "Tennessee is 47.8% complete."
[1] "Tennessee is 48.2% complete."
[1] "Tennessee is 48.6% complete."
[1] "Tennessee is 49% complete."
[1] "Tennessee is 49.4% complete."
[1] "Tennessee is 49.8% complete."
[1] "Tennessee is 50.2% complete."
[1] "Tennessee is 50.6% complete."
[1] "Tennessee is 51% complete."
[1] "Tennessee is 51.4% complete."
[1] "Tennessee is 51.8% complete."
[1] "Tennessee is 52.2% complete."
[1] "Tennessee is 52.6% complete."
[1] "Tennessee is 53% complete."
[1] "Tennessee is 53.4% complete."
[1] "Tennessee is 53.8% complete."
[1] "Tennessee is 54.2% complete."
[1] "Tennessee is 54.5% complete."
[1] "Tennessee is 54.9% complete."
[1] "Tennessee is 55.3% complete."
[1] "Tennessee is 55.7% complete."
[1] "Tennessee is 56.1% complete."
[1] "Tennessee is 56.5% complete."
[1] "Tennessee is 56.9% complete."
[1] "Tennessee is 57.3% complete."
[1] "Tennessee is 57.7% complete."
[1] "Tennessee is 58.1% complete."
[1] "Tennessee is 58.5% complete."
[1] "Tennessee is 58.9% complete."
[1] "Tennessee is 59.3% complete."
[1] "Tennessee is 59.7% complete."
[1] "Tennessee is 60.1% complete."
[1] "Tennessee is 60.5% complete."
[1] "Tennessee is 60.9% complete."
[1] "Tennessee is 61.3% complete."
[1] "Tennessee is 61.7% complete."
[1] "Tennessee is 62.1% complete."
[1] "Tennessee is 62.5% complete."
[1] "Tennessee is 62.8% complete."
[1] "Tennessee is 63.2% complete."
[1] "Tennessee is 63.6% complete."
[1] "Tennessee is 64% complete."
[1] "Tennessee is 64.4% complete."
[1] "Tennessee is 64.8% complete."
[1] "Tennessee is 65.2% complete."
[1] "Tennessee is 65.6% complete."
[1] "Tennessee is 66% complete."
[1] "Tennessee is 66.4% complete."
[1] "Tennessee is 66.8% complete."
[1] "Tennessee is 67.2% complete."
[1] "Tennessee is 67.6% complete."
[1] "Tennessee is 68% complete."
[1] "Tennessee is 68.4% complete."
[1] "Tennessee is 68.8% complete."
[1] "Tennessee is 69.2% complete."
[1] "Tennessee is 69.6% complete."
[1] "Tennessee is 70% complete."
[1] "Tennessee is 70.4% complete."
[1] "Tennessee is 70.8% complete."
[1] "Tennessee is 71.1% complete."
[1] "Tennessee is 71.5% complete."
[1] "Tennessee is 71.9% complete."
[1] "Tennessee is 72.3% complete."
[1] "Tennessee is 72.7% complete."
[1] "Tennessee is 73.1% complete."
[1] "Tennessee is 73.5% complete."
[1] "Tennessee is 73.9% complete."
[1] "Tennessee is 74.3% complete."
[1] "Tennessee is 74.7% complete."
[1] "Tennessee is 75.1% complete."
[1] "Tennessee is 75.5% complete."
[1] "Tennessee is 75.9% complete."
[1] "Tennessee is 76.3% complete."
[1] "Tennessee is 76.7% complete."
[1] "Tennessee is 77.1% complete."
[1] "Tennessee is 77.5% complete."
[1] "Tennessee is 77.9% complete."
[1] "Tennessee is 78.3% complete."
[1] "Tennessee is 78.7% complete."
[1] "Tennessee is 79.1% complete."
[1] "Tennessee is 79.4% complete."
[1] "Tennessee is 79.8% complete."
[1] "Tennessee is 80.2% complete."
[1] "Tennessee is 80.6% complete."
[1] "Tennessee is 81% complete."
[1] "Tennessee is 81.4% complete."
[1] "Tennessee is 81.8% complete."
[1] "Tennessee is 82.2% complete."
[1] "Tennessee is 82.6% complete."
[1] "Tennessee is 83% complete."
[1] "Tennessee is 83.4% complete."
[1] "Tennessee is 83.8% complete."
[1] "Tennessee is 84.2% complete."
[1] "Tennessee is 84.6% complete."
[1] "Tennessee is 85% complete."
[1] "Tennessee is 85.4% complete."
[1] "Tennessee is 85.8% complete."
[1] "Tennessee is 86.2% complete."
[1] "Tennessee is 86.6% complete."
[1] "Tennessee is 87% complete."
[1] "Tennessee is 87.4% complete."
[1] "Tennessee is 87.7% complete."
[1] "Tennessee is 88.1% complete."
[1] "Tennessee is 88.5% complete."
[1] "Tennessee is 88.9% complete."
[1] "Tennessee is 89.3% complete."
[1] "Tennessee is 89.7% complete."
[1] "Tennessee is 90.1% complete."
[1] "Tennessee is 90.5% complete."
[1] "Tennessee is 90.9% complete."
[1] "Tennessee is 91.3% complete."
[1] "Tennessee is 91.7% complete."
[1] "Tennessee is 92.1% complete."
[1] "Tennessee is 92.5% complete."
[1] "Tennessee is 92.9% complete."
[1] "Tennessee is 93.3% complete."
[1] "Tennessee is 93.7% complete."
[1] "Tennessee is 94.1% complete."
[1] "Tennessee is 94.5% complete."
[1] "Tennessee is 94.9% complete."
[1] "Tennessee is 95.3% complete."
[1] "Tennessee is 95.7% complete."
[1] "Tennessee is 96% complete."
[1] "Tennessee is 96.4% complete."
[1] "Tennessee is 96.8% complete."
[1] "Tennessee is 97.2% complete."
[1] "Tennessee is 97.6% complete."
[1] "Tennessee is 98% complete."
[1] "Tennessee is 98.4% complete."
[1] "Tennessee is 98.8% complete."
[1] "Tennessee is 99.2% complete."
[1] "Tennessee is 99.6% complete."
[1] "Tennessee is 100% complete."
[1] "Completed Tennessee @ 2025-05-27 09:55:44"
Deleting layer `weighted' using driver `GPKG'
Writing layer `weighted' to data source 
  `/work/GRDVULN/sewershed/Model/Create_Boundaries/outputs/Weighted/FP_47.gpkg' using driver `GPKG'
Writing 253 features with 10 fields and geometry type Unknown (any).
[1] "SCRIPT COMPLETE @ 2025-05-27 09:56:07"
