[1] "Starting Virginia"
[1] "Ignoring hexagons already assigned to 9 Systems"
Reading layer `cb_2021_us_state_500k' from data source 
  `/work/GRDVULN/data/cb_2021_us_all_500k.gdb' using driver `OpenFileGDB'
Simple feature collection with 56 features and 9 fields
Geometry type: MULTIPOLYGON
Dimension:     XY
Bounding box:  xmin: -179.1489 ymin: -14.5487 xmax: 179.7785 ymax: 71.36516
Geodetic CRS:  NAD83
[1] "Building 217 systems"
[1] "Virginia is 0.5% complete."
[1] "Virginia is 0.9% complete."
[1] "Virginia is 1.4% complete."
[1] "Virginia is 1.8% complete."
[1] "Virginia is 2.3% complete."
[1] "Virginia is 2.8% complete."
[1] "Virginia is 3.2% complete."
[1] "Virginia is 3.7% complete."
[1] "Virginia is 4.1% complete."
[1] "Virginia is 4.6% complete."
[1] "Virginia is 5.1% complete."
[1] "Virginia is 5.5% complete."
[1] "Virginia is 6% complete."
[1] "Virginia is 6.5% complete."
[1] "Virginia is 6.9% complete."
[1] "Virginia is 7.4% complete."
[1] "Virginia is 7.8% complete."
[1] "Virginia is 8.3% complete."
[1] "Virginia is 8.8% complete."
[1] "Virginia is 9.2% complete."
[1] "Virginia is 9.7% complete."
[1] "Virginia is 10.1% complete."
[1] "Virginia is 10.6% complete."
[1] "Virginia is 11.1% complete."
[1] "Virginia is 11.5% complete."
[1] "Virginia is 12% complete."
[1] "Virginia is 12.4% complete."
[1] "Virginia is 12.9% complete."
[1] "Virginia is 13.4% complete."
[1] "Virginia is 13.8% complete."
[1] "Virginia is 14.3% complete."
[1] "Virginia is 14.7% complete."
[1] "Virginia is 15.2% complete."
[1] "Virginia is 15.7% complete."
[1] "Virginia is 16.1% complete."
[1] "Virginia is 16.6% complete."
[1] "Virginia is 17.1% complete."
[1] "Virginia is 17.5% complete."
[1] "Virginia is 18% complete."
[1] "Virginia is 18.4% complete."
[1] "Virginia is 18.9% complete."
[1] "Virginia is 19.4% complete."
[1] "Virginia is 19.8% complete."
[1] "Virginia is 20.3% complete."
[1] "Virginia is 20.7% complete."
[1] "Virginia is 21.2% complete."
[1] "Virginia is 21.7% complete."
[1] "Virginia is 22.1% complete."
[1] "Virginia is 22.6% complete."
[1] "Virginia is 23% complete."
[1] "Virginia is 23.5% complete."
[1] "Virginia is 24% complete."
[1] "Virginia is 24.4% complete."
[1] "Virginia is 24.9% complete."
[1] "Virginia is 25.3% complete."
[1] "Virginia is 25.8% complete."
[1] "Virginia is 26.3% complete."
[1] "Virginia is 26.7% complete."
[1] "Virginia is 27.2% complete."
[1] "Virginia is 27.6% complete."
[1] "Virginia is 28.1% complete."
[1] "Virginia is 28.6% complete."
[1] "Virginia is 29% complete."
[1] "Virginia is 29.5% complete."
[1] "Virginia is 30% complete."
[1] "Virginia is 30.4% complete."
[1] "Virginia is 30.9% complete."
[1] "Virginia is 31.3% complete."
[1] "Virginia is 31.8% complete."
[1] "Virginia is 32.3% complete."
[1] "Virginia is 32.7% complete."
[1] "Virginia is 33.2% complete."
[1] "Virginia is 33.6% complete."
[1] "Virginia is 34.1% complete."
[1] "Virginia is 34.6% complete."
[1] "Virginia is 35% complete."
[1] "Virginia is 35.5% complete."
[1] "Virginia is 35.9% complete."
[1] "Virginia is 36.4% complete."
[1] "Virginia is 36.9% complete."
[1] "Virginia is 37.3% complete."
[1] "Virginia is 37.8% complete."
[1] "Virginia is 38.2% complete."
[1] "Virginia is 38.7% complete."
[1] "Virginia is 39.2% complete."
[1] "Virginia is 39.6% complete."
[1] "Virginia is 40.1% complete."
[1] "Virginia is 40.6% complete."
[1] "Virginia is 41% complete."
[1] "Virginia is 41.5% complete."
[1] "Virginia is 41.9% complete."
[1] "Virginia is 42.4% complete."
[1] "Virginia is 42.9% complete."
[1] "Virginia is 43.3% complete."
[1] "Virginia is 43.8% complete."
[1] "Virginia is 44.2% complete."
[1] "Virginia is 44.7% complete."
[1] "Virginia is 45.2% complete."
[1] "Virginia is 45.6% complete."
[1] "Virginia is 46.1% complete."
[1] "Virginia is 46.5% complete."
[1] "Virginia is 47% complete."
[1] "Virginia is 47.5% complete."
[1] "Virginia is 47.9% complete."
[1] "Virginia is 48.4% complete."
[1] "Virginia is 48.8% complete."
[1] "Virginia is 49.3% complete."
[1] "Virginia is 49.8% complete."
[1] "Virginia is 50.2% complete."
[1] "Virginia is 50.7% complete."
[1] "Virginia is 51.2% complete."
[1] "Virginia is 51.6% complete."
[1] "Virginia is 52.1% complete."
[1] "Virginia is 52.5% complete."
[1] "Virginia is 53% complete."
[1] "Virginia is 53.5% complete."
[1] "Virginia is 53.9% complete."
[1] "Virginia is 54.4% complete."
[1] "Virginia is 54.8% complete."
[1] "Virginia is 55.3% complete."
[1] "Virginia is 55.8% complete."
[1] "Virginia is 56.2% complete."
[1] "Virginia is 56.7% complete."
[1] "Virginia is 57.1% complete."
[1] "Virginia is 57.6% complete."
[1] "Virginia is 58.1% complete."
[1] "Virginia is 58.5% complete."
[1] "Virginia is 59% complete."
[1] "Virginia is 59.4% complete."
[1] "Virginia is 59.9% complete."
[1] "Virginia is 60.4% complete."
[1] "Virginia is 60.8% complete."
[1] "Virginia is 61.3% complete."
[1] "Virginia is 61.8% complete."
[1] "Virginia is 62.2% complete."
[1] "Virginia is 62.7% complete."
[1] "Virginia is 63.1% complete."
[1] "Virginia is 63.6% complete."
[1] "Virginia is 64.1% complete."
[1] "Virginia is 64.5% complete."
[1] "Virginia is 65% complete."
[1] "Virginia is 65.4% complete."
[1] "Virginia is 65.9% complete."
[1] "Virginia is 66.4% complete."
[1] "Virginia is 66.8% complete."
[1] "Virginia is 67.3% complete."
[1] "Virginia is 67.7% complete."
[1] "Virginia is 68.2% complete."
[1] "Virginia is 68.7% complete."
[1] "Virginia is 69.1% complete."
[1] "Virginia is 69.6% complete."
[1] "Virginia is 70% complete."
[1] "Virginia is 70.5% complete."
[1] "Virginia is 71% complete."
[1] "Virginia is 71.4% complete."
[1] "Virginia is 71.9% complete."
[1] "Virginia is 72.4% complete."
[1] "Virginia is 72.8% complete."
[1] "Virginia is 73.3% complete."
[1] "Virginia is 73.7% complete."
[1] "Virginia is 74.2% complete."
[1] "Virginia is 74.7% complete."
[1] "Virginia is 75.1% complete."
[1] "Virginia is 75.6% complete."
[1] "Virginia is 76% complete."
[1] "Virginia is 76.5% complete."
[1] "Virginia is 77% complete."
[1] "Virginia is 77.4% complete."
[1] "Virginia is 77.9% complete."
[1] "Virginia is 78.3% complete."
[1] "Virginia is 78.8% complete."
[1] "Virginia is 79.3% complete."
[1] "Virginia is 79.7% complete."
[1] "Virginia is 80.2% complete."
[1] "Virginia is 80.6% complete."
[1] "Virginia is 81.1% complete."
[1] "Virginia is 81.6% complete."
[1] "Virginia is 82% complete."
[1] "Virginia is 82.5% complete."
[1] "Virginia is 82.9% complete."
[1] "Virginia is 83.4% complete."
[1] "Virginia is 83.9% complete."
[1] "Virginia is 84.3% complete."
[1] "Virginia is 84.8% complete."
[1] "Virginia is 85.3% complete."
[1] "Virginia is 85.7% complete."
[1] "Virginia is 86.2% complete."
[1] "Virginia is 86.6% complete."
[1] "Virginia is 87.1% complete."
[1] "Virginia is 87.6% complete."
[1] "Virginia is 88% complete."
[1] "Virginia is 88.5% complete."
[1] "Virginia is 88.9% complete."
[1] "Virginia is 89.4% complete."
[1] "Virginia is 89.9% complete."
[1] "Virginia is 90.3% complete."
[1] "Virginia is 90.8% complete."
[1] "Virginia is 91.2% complete."
[1] "Virginia is 91.7% complete."
[1] "Virginia is 92.2% complete."
[1] "Virginia is 92.6% complete."
[1] "Virginia is 93.1% complete."
[1] "Virginia is 93.5% complete."
[1] "Virginia is 94% complete."
[1] "Virginia is 94.5% complete."
[1] "Virginia is 94.9% complete."
[1] "Virginia is 95.4% complete."
[1] "Virginia is 95.9% complete."
[1] "Virginia is 96.3% complete."
[1] "Virginia is 96.8% complete."
[1] "Virginia is 97.2% complete."
[1] "Virginia is 97.7% complete."
[1] "Virginia is 98.2% complete."
[1] "Virginia is 98.6% complete."
[1] "Virginia is 99.1% complete."
[1] "Virginia is 99.5% complete."
[1] "Virginia is 100% complete."
[1] "Completed Virginia @ 2025-05-27 09:54:56"
Deleting layer `weighted' using driver `GPKG'
Writing layer `weighted' to data source 
  `/work/GRDVULN/sewershed/Model/Create_Boundaries/outputs/Weighted/FP_51.gpkg' using driver `GPKG'
Writing 217 features with 10 fields and geometry type Unknown (any).
[1] "SCRIPT COMPLETE @ 2025-05-27 09:55:20"
