[1] "Starting Washington"
[1] "Ignoring hexagons already assigned to 42 Systems"
Reading layer `cb_2021_us_state_500k' from data source 
  `/work/GRDVULN/data/cb_2021_us_all_500k.gdb' using driver `OpenFileGDB'
Simple feature collection with 56 features and 9 fields
Geometry type: MULTIPOLYGON
Dimension:     XY
Bounding box:  xmin: -179.1489 ymin: -14.5487 xmax: 179.7785 ymax: 71.36516
Geodetic CRS:  NAD83
[1] "Building 221 systems"
[1] "Washington is 0.5% complete."
[1] "Washington is 0.9% complete."
[1] "Washington is 1.4% complete."
[1] "Washington is 1.8% complete."
[1] "Washington is 2.3% complete."
[1] "Washington is 2.7% complete."
[1] "Washington is 3.2% complete."
[1] "Washington is 3.6% complete."
[1] "Washington is 4.1% complete."
[1] "Washington is 4.5% complete."
[1] "Washington is 5% complete."
[1] "Washington is 5.4% complete."
[1] "Washington is 5.9% complete."
[1] "Washington is 6.3% complete."
[1] "Washington is 6.8% complete."
[1] "Washington is 7.2% complete."
[1] "Washington is 7.7% complete."
[1] "Washington is 8.1% complete."
[1] "Washington is 8.6% complete."
[1] "Washington is 9% complete."
[1] "Washington is 9.5% complete."
[1] "Washington is 10% complete."
[1] "Washington is 10.4% complete."
[1] "Washington is 10.9% complete."
[1] "Washington is 11.3% complete."
[1] "Washington is 11.8% complete."
[1] "Washington is 12.2% complete."
[1] "Washington is 12.7% complete."
[1] "Washington is 13.1% complete."
[1] "Washington is 13.6% complete."
[1] "Washington is 14% complete."
[1] "Washington is 14.5% complete."
[1] "Washington is 14.9% complete."
[1] "Washington is 15.4% complete."
[1] "Washington is 15.8% complete."
[1] "Washington is 16.3% complete."
[1] "Washington is 16.7% complete."
[1] "Washington is 17.2% complete."
[1] "Washington is 17.6% complete."
[1] "Washington is 18.1% complete."
[1] "Washington is 18.6% complete."
[1] "Washington is 19% complete."
[1] "Washington is 19.5% complete."
[1] "Washington is 19.9% complete."
[1] "Washington is 20.4% complete."
[1] "Washington is 20.8% complete."
[1] "Washington is 21.3% complete."
[1] "Washington is 21.7% complete."
[1] "Washington is 22.2% complete."
[1] "Washington is 22.6% complete."
[1] "Washington is 23.1% complete."
[1] "Washington is 23.5% complete."
[1] "Washington is 24% complete."
[1] "Washington is 24.4% complete."
[1] "Washington is 24.9% complete."
[1] "Washington is 25.3% complete."
[1] "Washington is 25.8% complete."
[1] "Washington is 26.2% complete."
[1] "Washington is 26.7% complete."
[1] "Washington is 27.1% complete."
[1] "Washington is 27.6% complete."
[1] "Washington is 28.1% complete."
[1] "Washington is 28.5% complete."
[1] "Washington is 29% complete."
[1] "Washington is 29.4% complete."
[1] "Washington is 29.9% complete."
[1] "Washington is 30.3% complete."
[1] "Washington is 30.8% complete."
[1] "Washington is 31.2% complete."
[1] "Washington is 31.7% complete."
[1] "Washington is 32.1% complete."
[1] "Washington is 32.6% complete."
[1] "Washington is 33% complete."
[1] "Washington is 33.5% complete."
[1] "Washington is 33.9% complete."
[1] "Washington is 34.4% complete."
[1] "Washington is 34.8% complete."
[1] "Washington is 35.3% complete."
[1] "Washington is 35.7% complete."
[1] "Washington is 36.2% complete."
[1] "Washington is 36.7% complete."
[1] "Washington is 37.1% complete."
[1] "Washington is 37.6% complete."
[1] "Washington is 38% complete."
[1] "Washington is 38.5% complete."
[1] "Washington is 38.9% complete."
[1] "Washington is 39.4% complete."
[1] "Washington is 39.8% complete."
[1] "Washington is 40.3% complete."
[1] "Washington is 40.7% complete."
[1] "Washington is 41.2% complete."
[1] "Washington is 41.6% complete."
[1] "Washington is 42.1% complete."
[1] "Washington is 42.5% complete."
[1] "Washington is 43% complete."
[1] "Washington is 43.4% complete."
[1] "Washington is 43.9% complete."
[1] "Washington is 44.3% complete."
[1] "Washington is 44.8% complete."
[1] "Washington is 45.2% complete."
[1] "Washington is 45.7% complete."
[1] "Washington is 46.2% complete."
[1] "Washington is 46.6% complete."
[1] "Washington is 47.1% complete."
[1] "Washington is 47.5% complete."
[1] "Washington is 48% complete."
[1] "Washington is 48.4% complete."
[1] "Washington is 48.9% complete."
[1] "Washington is 49.3% complete."
[1] "Washington is 49.8% complete."
[1] "Washington is 50.2% complete."
[1] "Washington is 50.7% complete."
[1] "Washington is 51.1% complete."
[1] "Washington is 51.6% complete."
[1] "Washington is 52% complete."
[1] "Washington is 52.5% complete."
[1] "Washington is 52.9% complete."
[1] "Washington is 53.4% complete."
[1] "Washington is 53.8% complete."
[1] "Washington is 54.3% complete."
[1] "Washington is 54.8% complete."
[1] "Washington is 55.2% complete."
[1] "Washington is 55.7% complete."
[1] "Washington is 56.1% complete."
[1] "Washington is 56.6% complete."
[1] "Washington is 57% complete."
[1] "Washington is 57.5% complete."
[1] "Washington is 57.9% complete."
[1] "Washington is 58.4% complete."
[1] "Washington is 58.8% complete."
[1] "Washington is 59.3% complete."
[1] "Washington is 59.7% complete."
[1] "Washington is 60.2% complete."
[1] "Washington is 60.6% complete."
[1] "Washington is 61.1% complete."
[1] "Washington is 61.5% complete."
[1] "Washington is 62% complete."
[1] "Washington is 62.4% complete."
[1] "Washington is 62.9% complete."
[1] "Washington is 63.3% complete."
[1] "Washington is 63.8% complete."
[1] "Washington is 64.3% complete."
[1] "Washington is 64.7% complete."
[1] "Washington is 65.2% complete."
[1] "Washington is 65.6% complete."
[1] "Washington is 66.1% complete."
[1] "Washington is 66.5% complete."
[1] "Washington is 67% complete."
[1] "Washington is 67.4% complete."
[1] "Washington is 67.9% complete."
[1] "Washington is 68.3% complete."
[1] "Washington is 68.8% complete."
[1] "Washington is 69.2% complete."
[1] "Washington is 69.7% complete."
[1] "Washington is 70.1% complete."
[1] "Washington is 70.6% complete."
[1] "Washington is 71% complete."
[1] "Washington is 71.5% complete."
[1] "Washington is 71.9% complete."
[1] "Washington is 72.4% complete."
[1] "Washington is 72.9% complete."
[1] "Washington is 73.3% complete."
[1] "Washington is 73.8% complete."
[1] "Washington is 74.2% complete."
[1] "Washington is 74.7% complete."
[1] "Washington is 75.1% complete."
[1] "Washington is 75.6% complete."
[1] "Washington is 76% complete."
[1] "Washington is 76.5% complete."
[1] "Washington is 76.9% complete."
[1] "Washington is 77.4% complete."
[1] "Washington is 77.8% complete."
[1] "Washington is 78.3% complete."
[1] "Washington is 78.7% complete."
[1] "Washington is 79.2% complete."
[1] "Washington is 79.6% complete."
[1] "Washington is 80.1% complete."
[1] "Washington is 80.5% complete."
[1] "Washington is 81% complete."
[1] "Washington is 81.4% complete."
[1] "Washington is 81.9% complete."
[1] "Washington is 82.4% complete."
[1] "Washington is 82.8% complete."
[1] "Washington is 83.3% complete."
[1] "Washington is 83.7% complete."
[1] "Washington is 84.2% complete."
[1] "Washington is 84.6% complete."
[1] "Washington is 85.1% complete."
[1] "Washington is 85.5% complete."
[1] "Washington is 86% complete."
[1] "Washington is 86.4% complete."
[1] "Washington is 86.9% complete."
[1] "Washington is 87.3% complete."
[1] "Washington is 87.8% complete."
[1] "Washington is 88.2% complete."
[1] "Washington is 88.7% complete."
[1] "Washington is 89.1% complete."
[1] "Washington is 89.6% complete."
[1] "Washington is 90% complete."
[1] "Washington is 90.5% complete."
[1] "Washington is 91% complete."
[1] "Washington is 91.4% complete."
[1] "Washington is 91.9% complete."
[1] "Washington is 92.3% complete."
[1] "Washington is 92.8% complete."
[1] "Washington is 93.2% complete."
[1] "Washington is 93.7% complete."
[1] "Washington is 94.1% complete."
[1] "Washington is 94.6% complete."
[1] "Washington is 95% complete."
[1] "Washington is 95.5% complete."
[1] "Washington is 95.9% complete."
[1] "Washington is 96.4% complete."
[1] "Washington is 96.8% complete."
[1] "Washington is 97.3% complete."
[1] "Washington is 97.7% complete."
[1] "Washington is 98.2% complete."
[1] "Washington is 98.6% complete."
[1] "Washington is 99.1% complete."
[1] "Washington is 99.5% complete."
[1] "Washington is 100% complete."
[1] "Completed Washington @ 2025-05-27 09:53:09"
Deleting layer `weighted' using driver `GPKG'
Writing layer `weighted' to data source 
  `/work/GRDVULN/sewershed/Model/Create_Boundaries/outputs/Weighted/FP_53.gpkg' using driver `GPKG'
Writing 221 features with 10 fields and geometry type Unknown (any).
[1] "SCRIPT COMPLETE @ 2025-05-27 09:53:17"
