[1] "Starting West Virginia"
[1] "Ignoring hexagons already assigned to 164 Systems"
Reading layer `cb_2021_us_state_500k' from data source 
  `/work/GRDVULN/data/cb_2021_us_all_500k.gdb' using driver `OpenFileGDB'
Simple feature collection with 56 features and 9 fields
Geometry type: MULTIPOLYGON
Dimension:     XY
Bounding box:  xmin: -179.1489 ymin: -14.5487 xmax: 179.7785 ymax: 71.36516
Geodetic CRS:  NAD83
[1] "Building 133 systems"
[1] "West Virginia is 0.8% complete."
[1] "West Virginia is 1.5% complete."
[1] "West Virginia is 2.3% complete."
[1] "West Virginia is 3% complete."
[1] "West Virginia is 3.8% complete."
[1] "West Virginia is 4.5% complete."
[1] "West Virginia is 5.3% complete."
[1] "West Virginia is 6% complete."
[1] "West Virginia is 6.8% complete."
[1] "West Virginia is 7.5% complete."
[1] "West Virginia is 8.3% complete."
[1] "West Virginia is 9% complete."
[1] "West Virginia is 9.8% complete."
[1] "West Virginia is 10.5% complete."
[1] "West Virginia is 11.3% complete."
[1] "West Virginia is 12% complete."
[1] "West Virginia is 12.8% complete."
[1] "West Virginia is 13.5% complete."
[1] "West Virginia is 14.3% complete."
[1] "West Virginia is 15% complete."
[1] "West Virginia is 15.8% complete."
[1] "West Virginia is 16.5% complete."
[1] "West Virginia is 17.3% complete."
[1] "West Virginia is 18% complete."
[1] "West Virginia is 18.8% complete."
[1] "West Virginia is 19.5% complete."
[1] "West Virginia is 20.3% complete."
[1] "West Virginia is 21.1% complete."
[1] "West Virginia is 21.8% complete."
[1] "West Virginia is 22.6% complete."
[1] "West Virginia is 23.3% complete."
[1] "West Virginia is 24.1% complete."
[1] "West Virginia is 24.8% complete."
[1] "West Virginia is 25.6% complete."
[1] "West Virginia is 26.3% complete."
[1] "West Virginia is 27.1% complete."
[1] "West Virginia is 27.8% complete."
[1] "West Virginia is 28.6% complete."
[1] "West Virginia is 29.3% complete."
[1] "West Virginia is 30.1% complete."
[1] "West Virginia is 30.8% complete."
[1] "West Virginia is 31.6% complete."
[1] "West Virginia is 32.3% complete."
[1] "West Virginia is 33.1% complete."
[1] "West Virginia is 33.8% complete."
[1] "West Virginia is 34.6% complete."
[1] "West Virginia is 35.3% complete."
[1] "West Virginia is 36.1% complete."
[1] "West Virginia is 36.8% complete."
[1] "West Virginia is 37.6% complete."
[1] "West Virginia is 38.3% complete."
[1] "West Virginia is 39.1% complete."
[1] "West Virginia is 39.8% complete."
[1] "West Virginia is 40.6% complete."
[1] "West Virginia is 41.4% complete."
[1] "West Virginia is 42.1% complete."
[1] "West Virginia is 42.9% complete."
[1] "West Virginia is 43.6% complete."
[1] "West Virginia is 44.4% complete."
[1] "West Virginia is 45.1% complete."
[1] "West Virginia is 45.9% complete."
[1] "West Virginia is 46.6% complete."
[1] "West Virginia is 47.4% complete."
[1] "West Virginia is 48.1% complete."
[1] "West Virginia is 48.9% complete."
[1] "West Virginia is 49.6% complete."
[1] "West Virginia is 50.4% complete."
[1] "West Virginia is 51.1% complete."
[1] "West Virginia is 51.9% complete."
[1] "West Virginia is 52.6% complete."
[1] "West Virginia is 53.4% complete."
[1] "West Virginia is 54.1% complete."
[1] "West Virginia is 54.9% complete."
[1] "West Virginia is 55.6% complete."
[1] "West Virginia is 56.4% complete."
[1] "West Virginia is 57.1% complete."
[1] "West Virginia is 57.9% complete."
[1] "West Virginia is 58.6% complete."
[1] "West Virginia is 59.4% complete."
[1] "West Virginia is 60.2% complete."
[1] "West Virginia is 60.9% complete."
[1] "West Virginia is 61.7% complete."
[1] "West Virginia is 62.4% complete."
[1] "West Virginia is 63.2% complete."
[1] "West Virginia is 63.9% complete."
[1] "West Virginia is 64.7% complete."
[1] "West Virginia is 65.4% complete."
[1] "West Virginia is 66.2% complete."
[1] "West Virginia is 66.9% complete."
[1] "West Virginia is 67.7% complete."
[1] "West Virginia is 68.4% complete."
[1] "West Virginia is 69.2% complete."
[1] "West Virginia is 69.9% complete."
[1] "West Virginia is 70.7% complete."
[1] "West Virginia is 71.4% complete."
[1] "West Virginia is 72.2% complete."
[1] "West Virginia is 72.9% complete."
[1] "West Virginia is 73.7% complete."
[1] "West Virginia is 74.4% complete."
[1] "West Virginia is 75.2% complete."
[1] "West Virginia is 75.9% complete."
[1] "West Virginia is 76.7% complete."
[1] "West Virginia is 77.4% complete."
[1] "West Virginia is 78.2% complete."
[1] "West Virginia is 78.9% complete."
[1] "West Virginia is 79.7% complete."
[1] "West Virginia is 80.5% complete."
[1] "West Virginia is 81.2% complete."
[1] "West Virginia is 82% complete."
[1] "West Virginia is 82.7% complete."
[1] "West Virginia is 83.5% complete."
[1] "West Virginia is 84.2% complete."
[1] "West Virginia is 85% complete."
[1] "West Virginia is 85.7% complete."
[1] "West Virginia is 86.5% complete."
[1] "West Virginia is 87.2% complete."
[1] "West Virginia is 88% complete."
[1] "West Virginia is 88.7% complete."
[1] "West Virginia is 89.5% complete."
[1] "West Virginia is 90.2% complete."
[1] "West Virginia is 91% complete."
[1] "West Virginia is 91.7% complete."
[1] "West Virginia is 92.5% complete."
[1] "West Virginia is 93.2% complete."
[1] "West Virginia is 94% complete."
[1] "West Virginia is 94.7% complete."
[1] "West Virginia is 95.5% complete."
[1] "West Virginia is 96.2% complete."
[1] "West Virginia is 97% complete."
[1] "West Virginia is 97.7% complete."
[1] "West Virginia is 98.5% complete."
[1] "West Virginia is 99.2% complete."
[1] "West Virginia is 100% complete."
[1] "Completed West Virginia @ 2025-05-27 09:53:15"
Deleting layer `weighted' using driver `GPKG'
Writing layer `weighted' to data source 
  `/work/GRDVULN/sewershed/Model/Create_Boundaries/outputs/Weighted/FP_54.gpkg' using driver `GPKG'
Writing 133 features with 10 fields and geometry type Unknown (any).
[1] "SCRIPT COMPLETE @ 2025-05-27 09:53:23"
