[1] "Starting Wisconsin"
[1] "Ignoring hexagons already assigned to 72 Systems"
Reading layer `cb_2021_us_state_500k' from data source 
  `/work/GRDVULN/data/cb_2021_us_all_500k.gdb' using driver `OpenFileGDB'
Simple feature collection with 56 features and 9 fields
Geometry type: MULTIPOLYGON
Dimension:     XY
Bounding box:  xmin: -179.1489 ymin: -14.5487 xmax: 179.7785 ymax: 71.36516
Geodetic CRS:  NAD83
[1] "Building 524 systems"
[1] "Wisconsin is 0.2% complete."
[1] "Wisconsin is 0.4% complete."
[1] "Wisconsin is 0.6% complete."
[1] "Wisconsin is 0.8% complete."
[1] "Wisconsin is 1% complete."
[1] "Wisconsin is 1.1% complete."
[1] "Wisconsin is 1.3% complete."
[1] "Wisconsin is 1.5% complete."
[1] "Wisconsin is 1.7% complete."
[1] "Wisconsin is 1.9% complete."
[1] "Wisconsin is 2.1% complete."
[1] "Wisconsin is 2.3% complete."
[1] "Wisconsin is 2.5% complete."
[1] "Wisconsin is 2.7% complete."
[1] "Wisconsin is 2.9% complete."
[1] "Wisconsin is 3.1% complete."
[1] "Wisconsin is 3.2% complete."
[1] "Wisconsin is 3.4% complete."
[1] "Wisconsin is 3.6% complete."
[1] "Wisconsin is 3.8% complete."
[1] "Wisconsin is 4% complete."
[1] "Wisconsin is 4.2% complete."
[1] "Wisconsin is 4.4% complete."
[1] "Wisconsin is 4.6% complete."
[1] "Wisconsin is 4.8% complete."
[1] "Wisconsin is 5% complete."
[1] "Wisconsin is 5.2% complete."
[1] "Wisconsin is 5.3% complete."
[1] "Wisconsin is 5.5% complete."
[1] "Wisconsin is 5.7% complete."
[1] "Wisconsin is 5.9% complete."
[1] "Wisconsin is 6.1% complete."
[1] "Wisconsin is 6.3% complete."
[1] "Wisconsin is 6.5% complete."
[1] "Wisconsin is 6.7% complete."
[1] "Wisconsin is 6.9% complete."
[1] "Wisconsin is 7.1% complete."
[1] "Wisconsin is 7.3% complete."
[1] "Wisconsin is 7.4% complete."
[1] "Wisconsin is 7.6% complete."
[1] "Wisconsin is 7.8% complete."
[1] "Wisconsin is 8% complete."
[1] "Wisconsin is 8.2% complete."
[1] "Wisconsin is 8.4% complete."
[1] "Wisconsin is 8.6% complete."
[1] "Wisconsin is 8.8% complete."
[1] "Wisconsin is 9% complete."
[1] "Wisconsin is 9.2% complete."
[1] "Wisconsin is 9.4% complete."
[1] "Wisconsin is 9.5% complete."
[1] "Wisconsin is 9.7% complete."
[1] "Wisconsin is 9.9% complete."
[1] "Wisconsin is 10.1% complete."
[1] "Wisconsin is 10.3% complete."
[1] "Wisconsin is 10.5% complete."
[1] "Wisconsin is 10.7% complete."
[1] "Wisconsin is 10.9% complete."
[1] "Wisconsin is 11.1% complete."
[1] "Wisconsin is 11.3% complete."
[1] "Wisconsin is 11.5% complete."
[1] "Wisconsin is 11.6% complete."
[1] "Wisconsin is 11.8% complete."
[1] "Wisconsin is 12% complete."
[1] "Wisconsin is 12.2% complete."
[1] "Wisconsin is 12.4% complete."
[1] "Wisconsin is 12.6% complete."
[1] "Wisconsin is 12.8% complete."
[1] "Wisconsin is 13% complete."
[1] "Wisconsin is 13.2% complete."
[1] "Wisconsin is 13.4% complete."
[1] "Wisconsin is 13.5% complete."
[1] "Wisconsin is 13.7% complete."
[1] "Wisconsin is 13.9% complete."
[1] "Wisconsin is 14.1% complete."
[1] "Wisconsin is 14.3% complete."
[1] "Wisconsin is 14.5% complete."
[1] "Wisconsin is 14.7% complete."
[1] "Wisconsin is 14.9% complete."
[1] "Wisconsin is 15.1% complete."
[1] "Wisconsin is 15.3% complete."
[1] "Wisconsin is 15.5% complete."
[1] "Wisconsin is 15.6% complete."
[1] "Wisconsin is 15.8% complete."
[1] "Wisconsin is 16% complete."
[1] "Wisconsin is 16.2% complete."
[1] "Wisconsin is 16.4% complete."
[1] "Wisconsin is 16.6% complete."
[1] "Wisconsin is 16.8% complete."
[1] "Wisconsin is 17% complete."
[1] "Wisconsin is 17.2% complete."
[1] "Wisconsin is 17.4% complete."
[1] "Wisconsin is 17.6% complete."
[1] "Wisconsin is 17.7% complete."
[1] "Wisconsin is 17.9% complete."
[1] "Wisconsin is 18.1% complete."
[1] "Wisconsin is 18.3% complete."
[1] "Wisconsin is 18.5% complete."
[1] "Wisconsin is 18.7% complete."
[1] "Wisconsin is 18.9% complete."
[1] "Wisconsin is 19.1% complete."
[1] "Wisconsin is 19.3% complete."
[1] "Wisconsin is 19.5% complete."
[1] "Wisconsin is 19.7% complete."
[1] "Wisconsin is 19.8% complete."
[1] "Wisconsin is 20% complete."
[1] "Wisconsin is 20.2% complete."
[1] "Wisconsin is 20.4% complete."
[1] "Wisconsin is 20.6% complete."
[1] "Wisconsin is 20.8% complete."
[1] "Wisconsin is 21% complete."
[1] "Wisconsin is 21.2% complete."
[1] "Wisconsin is 21.4% complete."
[1] "Wisconsin is 21.6% complete."
[1] "Wisconsin is 21.8% complete."
[1] "Wisconsin is 21.9% complete."
[1] "Wisconsin is 22.1% complete."
[1] "Wisconsin is 22.3% complete."
[1] "Wisconsin is 22.5% complete."
[1] "Wisconsin is 22.7% complete."
[1] "Wisconsin is 22.9% complete."
[1] "Wisconsin is 23.1% complete."
[1] "Wisconsin is 23.3% complete."
[1] "Wisconsin is 23.5% complete."
[1] "Wisconsin is 23.7% complete."
[1] "Wisconsin is 23.9% complete."
[1] "Wisconsin is 24% complete."
[1] "Wisconsin is 24.2% complete."
[1] "Wisconsin is 24.4% complete."
[1] "Wisconsin is 24.6% complete."
[1] "Wisconsin is 24.8% complete."
[1] "Wisconsin is 25% complete."
[1] "Wisconsin is 25.2% complete."
[1] "Wisconsin is 25.4% complete."
[1] "Wisconsin is 25.6% complete."
[1] "Wisconsin is 25.8% complete."
[1] "Wisconsin is 26% complete."
[1] "Wisconsin is 26.1% complete."
[1] "Wisconsin is 26.3% complete."
[1] "Wisconsin is 26.5% complete."
[1] "Wisconsin is 26.7% complete."
[1] "Wisconsin is 26.9% complete."
[1] "Wisconsin is 27.1% complete."
[1] "Wisconsin is 27.3% complete."
[1] "Wisconsin is 27.5% complete."
[1] "Wisconsin is 27.7% complete."
[1] "Wisconsin is 27.9% complete."
[1] "Wisconsin is 28.1% complete."
[1] "Wisconsin is 28.2% complete."
[1] "Wisconsin is 28.4% complete."
[1] "Wisconsin is 28.6% complete."
[1] "Wisconsin is 28.8% complete."
[1] "Wisconsin is 29% complete."
[1] "Wisconsin is 29.2% complete."
[1] "Wisconsin is 29.4% complete."
[1] "Wisconsin is 29.6% complete."
[1] "Wisconsin is 29.8% complete."
[1] "Wisconsin is 30% complete."
[1] "Wisconsin is 30.2% complete."
[1] "Wisconsin is 30.3% complete."
[1] "Wisconsin is 30.5% complete."
[1] "Wisconsin is 30.7% complete."
[1] "Wisconsin is 30.9% complete."
[1] "Wisconsin is 31.1% complete."
[1] "Wisconsin is 31.3% complete."
[1] "Wisconsin is 31.5% complete."
[1] "Wisconsin is 31.7% complete."
[1] "Wisconsin is 31.9% complete."
[1] "Wisconsin is 32.1% complete."
[1] "Wisconsin is 32.3% complete."
[1] "Wisconsin is 32.4% complete."
[1] "Wisconsin is 32.6% complete."
[1] "Wisconsin is 32.8% complete."
[1] "Wisconsin is 33% complete."
[1] "Wisconsin is 33.2% complete."
[1] "Wisconsin is 33.4% complete."
[1] "Wisconsin is 33.6% complete."
[1] "Wisconsin is 33.8% complete."
[1] "Wisconsin is 34% complete."
[1] "Wisconsin is 34.2% complete."
[1] "Wisconsin is 34.4% complete."
[1] "Wisconsin is 34.5% complete."
[1] "Wisconsin is 34.7% complete."
[1] "Wisconsin is 34.9% complete."
[1] "Wisconsin is 35.1% complete."
[1] "Wisconsin is 35.3% complete."
[1] "Wisconsin is 35.5% complete."
[1] "Wisconsin is 35.7% complete."
[1] "Wisconsin is 35.9% complete."
[1] "Wisconsin is 36.1% complete."
[1] "Wisconsin is 36.3% complete."
[1] "Wisconsin is 36.5% complete."
[1] "Wisconsin is 36.6% complete."
[1] "Wisconsin is 36.8% complete."
[1] "Wisconsin is 37% complete."
[1] "Wisconsin is 37.2% complete."
[1] "Wisconsin is 37.4% complete."
[1] "Wisconsin is 37.6% complete."
[1] "Wisconsin is 37.8% complete."
[1] "Wisconsin is 38% complete."
[1] "Wisconsin is 38.2% complete."
[1] "Wisconsin is 38.4% complete."
[1] "Wisconsin is 38.5% complete."
[1] "Wisconsin is 38.7% complete."
[1] "Wisconsin is 38.9% complete."
[1] "Wisconsin is 39.1% complete."
[1] "Wisconsin is 39.3% complete."
[1] "Wisconsin is 39.5% complete."
[1] "Wisconsin is 39.7% complete."
[1] "Wisconsin is 39.9% complete."
[1] "Wisconsin is 40.1% complete."
[1] "Wisconsin is 40.3% complete."
[1] "Wisconsin is 40.5% complete."
[1] "Wisconsin is 40.6% complete."
[1] "Wisconsin is 40.8% complete."
[1] "Wisconsin is 41% complete."
[1] "Wisconsin is 41.2% complete."
[1] "Wisconsin is 41.4% complete."
[1] "Wisconsin is 41.6% complete."
[1] "Wisconsin is 41.8% complete."
[1] "Wisconsin is 42% complete."
[1] "Wisconsin is 42.2% complete."
[1] "Wisconsin is 42.4% complete."
[1] "Wisconsin is 42.6% complete."
[1] "Wisconsin is 42.7% complete."
[1] "Wisconsin is 42.9% complete."
[1] "Wisconsin is 43.1% complete."
[1] "Wisconsin is 43.3% complete."
[1] "Wisconsin is 43.5% complete."
[1] "Wisconsin is 43.7% complete."
[1] "Wisconsin is 43.9% complete."
[1] "Wisconsin is 44.1% complete."
[1] "Wisconsin is 44.3% complete."
[1] "Wisconsin is 44.5% complete."
[1] "Wisconsin is 44.7% complete."
[1] "Wisconsin is 44.8% complete."
[1] "Wisconsin is 45% complete."
[1] "Wisconsin is 45.2% complete."
[1] "Wisconsin is 45.4% complete."
[1] "Wisconsin is 45.6% complete."
[1] "Wisconsin is 45.8% complete."
[1] "Wisconsin is 46% complete."
[1] "Wisconsin is 46.2% complete."
[1] "Wisconsin is 46.4% complete."
[1] "Wisconsin is 46.6% complete."
[1] "Wisconsin is 46.8% complete."
[1] "Wisconsin is 46.9% complete."
[1] "Wisconsin is 47.1% complete."
[1] "Wisconsin is 47.3% complete."
[1] "Wisconsin is 47.5% complete."
[1] "Wisconsin is 47.7% complete."
[1] "Wisconsin is 47.9% complete."
[1] "Wisconsin is 48.1% complete."
[1] "Wisconsin is 48.3% complete."
[1] "Wisconsin is 48.5% complete."
[1] "Wisconsin is 48.7% complete."
[1] "Wisconsin is 48.9% complete."
[1] "Wisconsin is 49% complete."
[1] "Wisconsin is 49.2% complete."
[1] "Wisconsin is 49.4% complete."
[1] "Wisconsin is 49.6% complete."
[1] "Wisconsin is 49.8% complete."
[1] "Wisconsin is 50% complete."
[1] "Wisconsin is 50.2% complete."
[1] "Wisconsin is 50.4% complete."
[1] "Wisconsin is 50.6% complete."
[1] "Wisconsin is 50.8% complete."
[1] "Wisconsin is 51% complete."
[1] "Wisconsin is 51.1% complete."
[1] "Wisconsin is 51.3% complete."
[1] "Wisconsin is 51.5% complete."
[1] "Wisconsin is 51.7% complete."
[1] "Wisconsin is 51.9% complete."
[1] "Wisconsin is 52.1% complete."
[1] "Wisconsin is 52.3% complete."
[1] "Wisconsin is 52.5% complete."
[1] "Wisconsin is 52.7% complete."
[1] "Wisconsin is 52.9% complete."
[1] "Wisconsin is 53.1% complete."
[1] "Wisconsin is 53.2% complete."
[1] "Wisconsin is 53.4% complete."
[1] "Wisconsin is 53.6% complete."
[1] "Wisconsin is 53.8% complete."
[1] "Wisconsin is 54% complete."
[1] "Wisconsin is 54.2% complete."
[1] "Wisconsin is 54.4% complete."
[1] "Wisconsin is 54.6% complete."
[1] "Wisconsin is 54.8% complete."
[1] "Wisconsin is 55% complete."
[1] "Wisconsin is 55.2% complete."
[1] "Wisconsin is 55.3% complete."
[1] "Wisconsin is 55.5% complete."
[1] "Wisconsin is 55.7% complete."
[1] "Wisconsin is 55.9% complete."
[1] "Wisconsin is 56.1% complete."
[1] "Wisconsin is 56.3% complete."
[1] "Wisconsin is 56.5% complete."
[1] "Wisconsin is 56.7% complete."
[1] "Wisconsin is 56.9% complete."
[1] "Wisconsin is 57.1% complete."
[1] "Wisconsin is 57.3% complete."
[1] "Wisconsin is 57.4% complete."
[1] "Wisconsin is 57.6% complete."
[1] "Wisconsin is 57.8% complete."
[1] "Wisconsin is 58% complete."
[1] "Wisconsin is 58.2% complete."
[1] "Wisconsin is 58.4% complete."
[1] "Wisconsin is 58.6% complete."
[1] "Wisconsin is 58.8% complete."
[1] "Wisconsin is 59% complete."
[1] "Wisconsin is 59.2% complete."
[1] "Wisconsin is 59.4% complete."
[1] "Wisconsin is 59.5% complete."
[1] "Wisconsin is 59.7% complete."
[1] "Wisconsin is 59.9% complete."
[1] "Wisconsin is 60.1% complete."
[1] "Wisconsin is 60.3% complete."
[1] "Wisconsin is 60.5% complete."
[1] "Wisconsin is 60.7% complete."
[1] "Wisconsin is 60.9% complete."
[1] "Wisconsin is 61.1% complete."
[1] "Wisconsin is 61.3% complete."
[1] "Wisconsin is 61.5% complete."
[1] "Wisconsin is 61.6% complete."
[1] "Wisconsin is 61.8% complete."
[1] "Wisconsin is 62% complete."
[1] "Wisconsin is 62.2% complete."
[1] "Wisconsin is 62.4% complete."
[1] "Wisconsin is 62.6% complete."
[1] "Wisconsin is 62.8% complete."
[1] "Wisconsin is 63% complete."
[1] "Wisconsin is 63.2% complete."
[1] "Wisconsin is 63.4% complete."
[1] "Wisconsin is 63.5% complete."
[1] "Wisconsin is 63.7% complete."
[1] "Wisconsin is 63.9% complete."
[1] "Wisconsin is 64.1% complete."
[1] "Wisconsin is 64.3% complete."
[1] "Wisconsin is 64.5% complete."
[1] "Wisconsin is 64.7% complete."
[1] "Wisconsin is 64.9% complete."
[1] "Wisconsin is 65.1% complete."
[1] "Wisconsin is 65.3% complete."
[1] "Wisconsin is 65.5% complete."
[1] "Wisconsin is 65.6% complete."
[1] "Wisconsin is 65.8% complete."
[1] "Wisconsin is 66% complete."
[1] "Wisconsin is 66.2% complete."
[1] "Wisconsin is 66.4% complete."
[1] "Wisconsin is 66.6% complete."
[1] "Wisconsin is 66.8% complete."
[1] "Wisconsin is 67% complete."
[1] "Wisconsin is 67.2% complete."
[1] "Wisconsin is 67.4% complete."
[1] "Wisconsin is 67.6% complete."
[1] "Wisconsin is 67.7% complete."
[1] "Wisconsin is 67.9% complete."
[1] "Wisconsin is 68.1% complete."
[1] "Wisconsin is 68.3% complete."
[1] "Wisconsin is 68.5% complete."
[1] "Wisconsin is 68.7% complete."
[1] "Wisconsin is 68.9% complete."
[1] "Wisconsin is 69.1% complete."
[1] "Wisconsin is 69.3% complete."
[1] "Wisconsin is 69.5% complete."
[1] "Wisconsin is 69.7% complete."
[1] "Wisconsin is 69.8% complete."
[1] "Wisconsin is 70% complete."
[1] "Wisconsin is 70.2% complete."
[1] "Wisconsin is 70.4% complete."
[1] "Wisconsin is 70.6% complete."
[1] "Wisconsin is 70.8% complete."
[1] "Wisconsin is 71% complete."
[1] "Wisconsin is 71.2% complete."
[1] "Wisconsin is 71.4% complete."
[1] "Wisconsin is 71.6% complete."
[1] "Wisconsin is 71.8% complete."
[1] "Wisconsin is 71.9% complete."
[1] "Wisconsin is 72.1% complete."
[1] "Wisconsin is 72.3% complete."
[1] "Wisconsin is 72.5% complete."
[1] "Wisconsin is 72.7% complete."
[1] "Wisconsin is 72.9% complete."
[1] "Wisconsin is 73.1% complete."
[1] "Wisconsin is 73.3% complete."
[1] "Wisconsin is 73.5% complete."
[1] "Wisconsin is 73.7% complete."
[1] "Wisconsin is 73.9% complete."
[1] "Wisconsin is 74% complete."
[1] "Wisconsin is 74.2% complete."
[1] "Wisconsin is 74.4% complete."
[1] "Wisconsin is 74.6% complete."
[1] "Wisconsin is 74.8% complete."
[1] "Wisconsin is 75% complete."
[1] "Wisconsin is 75.2% complete."
[1] "Wisconsin is 75.4% complete."
[1] "Wisconsin is 75.6% complete."
[1] "Wisconsin is 75.8% complete."
[1] "Wisconsin is 76% complete."
[1] "Wisconsin is 76.1% complete."
[1] "Wisconsin is 76.3% complete."
[1] "Wisconsin is 76.5% complete."
[1] "Wisconsin is 76.7% complete."
[1] "Wisconsin is 76.9% complete."
[1] "Wisconsin is 77.1% complete."
[1] "Wisconsin is 77.3% complete."
[1] "Wisconsin is 77.5% complete."
[1] "Wisconsin is 77.7% complete."
[1] "Wisconsin is 77.9% complete."
[1] "Wisconsin is 78.1% complete."
[1] "Wisconsin is 78.2% complete."
[1] "Wisconsin is 78.4% complete."
[1] "Wisconsin is 78.6% complete."
[1] "Wisconsin is 78.8% complete."
[1] "Wisconsin is 79% complete."
[1] "Wisconsin is 79.2% complete."
[1] "Wisconsin is 79.4% complete."
[1] "Wisconsin is 79.6% complete."
[1] "Wisconsin is 79.8% complete."
[1] "Wisconsin is 80% complete."
[1] "Wisconsin is 80.2% complete."
[1] "Wisconsin is 80.3% complete."
[1] "Wisconsin is 80.5% complete."
[1] "Wisconsin is 80.7% complete."
[1] "Wisconsin is 80.9% complete."
[1] "Wisconsin is 81.1% complete."
[1] "Wisconsin is 81.3% complete."
[1] "Wisconsin is 81.5% complete."
[1] "Wisconsin is 81.7% complete."
[1] "Wisconsin is 81.9% complete."
[1] "Wisconsin is 82.1% complete."
[1] "Wisconsin is 82.3% complete."
[1] "Wisconsin is 82.4% complete."
[1] "Wisconsin is 82.6% complete."
[1] "Wisconsin is 82.8% complete."
[1] "Wisconsin is 83% complete."
[1] "Wisconsin is 83.2% complete."
[1] "Wisconsin is 83.4% complete."
[1] "Wisconsin is 83.6% complete."
[1] "Wisconsin is 83.8% complete."
[1] "Wisconsin is 84% complete."
[1] "Wisconsin is 84.2% complete."
[1] "Wisconsin is 84.4% complete."
[1] "Wisconsin is 84.5% complete."
[1] "Wisconsin is 84.7% complete."
[1] "Wisconsin is 84.9% complete."
[1] "Wisconsin is 85.1% complete."
[1] "Wisconsin is 85.3% complete."
[1] "Wisconsin is 85.5% complete."
[1] "Wisconsin is 85.7% complete."
[1] "Wisconsin is 85.9% complete."
[1] "Wisconsin is 86.1% complete."
[1] "Wisconsin is 86.3% complete."
[1] "Wisconsin is 86.5% complete."
[1] "Wisconsin is 86.6% complete."
[1] "Wisconsin is 86.8% complete."
[1] "Wisconsin is 87% complete."
[1] "Wisconsin is 87.2% complete."
[1] "Wisconsin is 87.4% complete."
[1] "Wisconsin is 87.6% complete."
[1] "Wisconsin is 87.8% complete."
[1] "Wisconsin is 88% complete."
[1] "Wisconsin is 88.2% complete."
[1] "Wisconsin is 88.4% complete."
[1] "Wisconsin is 88.5% complete."
[1] "Wisconsin is 88.7% complete."
[1] "Wisconsin is 88.9% complete."
[1] "Wisconsin is 89.1% complete."
[1] "Wisconsin is 89.3% complete."
[1] "Wisconsin is 89.5% complete."
[1] "Wisconsin is 89.7% complete."
[1] "Wisconsin is 89.9% complete."
[1] "Wisconsin is 90.1% complete."
[1] "Wisconsin is 90.3% complete."
[1] "Wisconsin is 90.5% complete."
[1] "Wisconsin is 90.6% complete."
[1] "Wisconsin is 90.8% complete."
[1] "Wisconsin is 91% complete."
[1] "Wisconsin is 91.2% complete."
[1] "Wisconsin is 91.4% complete."
[1] "Wisconsin is 91.6% complete."
[1] "Wisconsin is 91.8% complete."
[1] "Wisconsin is 92% complete."
[1] "Wisconsin is 92.2% complete."
[1] "Wisconsin is 92.4% complete."
[1] "Wisconsin is 92.6% complete."
[1] "Wisconsin is 92.7% complete."
[1] "Wisconsin is 92.9% complete."
[1] "Wisconsin is 93.1% complete."
[1] "Wisconsin is 93.3% complete."
[1] "Wisconsin is 93.5% complete."
[1] "Wisconsin is 93.7% complete."
[1] "Wisconsin is 93.9% complete."
[1] "Wisconsin is 94.1% complete."
[1] "Wisconsin is 94.3% complete."
[1] "Wisconsin is 94.5% complete."
[1] "Wisconsin is 94.7% complete."
[1] "Wisconsin is 94.8% complete."
[1] "Wisconsin is 95% complete."
[1] "Wisconsin is 95.2% complete."
[1] "Wisconsin is 95.4% complete."
[1] "Wisconsin is 95.6% complete."
[1] "Wisconsin is 95.8% complete."
[1] "Wisconsin is 96% complete."
[1] "Wisconsin is 96.2% complete."
[1] "Wisconsin is 96.4% complete."
[1] "Wisconsin is 96.6% complete."
[1] "Wisconsin is 96.8% complete."
[1] "Wisconsin is 96.9% complete."
[1] "Wisconsin is 97.1% complete."
[1] "Wisconsin is 97.3% complete."
[1] "Wisconsin is 97.5% complete."
[1] "Wisconsin is 97.7% complete."
[1] "Wisconsin is 97.9% complete."
[1] "Wisconsin is 98.1% complete."
[1] "Wisconsin is 98.3% complete."
[1] "Wisconsin is 98.5% complete."
[1] "Wisconsin is 98.7% complete."
[1] "Wisconsin is 98.9% complete."
[1] "Wisconsin is 99% complete."
[1] "Wisconsin is 99.2% complete."
[1] "Wisconsin is 99.4% complete."
[1] "Wisconsin is 99.6% complete."
[1] "Wisconsin is 99.8% complete."
[1] "Wisconsin is 100% complete."
[1] "Completed Wisconsin @ 2025-05-27 09:57:20"
Deleting layer `weighted' using driver `GPKG'
Writing layer `weighted' to data source 
  `/work/GRDVULN/sewershed/Model/Create_Boundaries/outputs/Weighted/FP_55.gpkg' using driver `GPKG'
Writing 524 features with 10 fields and geometry type Unknown (any).
[1] "SCRIPT COMPLETE @ 2025-05-27 09:57:34"
