[1] "Starting Wyoming"
[1] "Ignoring hexagons already assigned to 0 Systems"
Reading layer `cb_2021_us_state_500k' from data source 
  `/work/GRDVULN/data/cb_2021_us_all_500k.gdb' using driver `OpenFileGDB'
Simple feature collection with 56 features and 9 fields
Geometry type: MULTIPOLYGON
Dimension:     XY
Bounding box:  xmin: -179.1489 ymin: -14.5487 xmax: 179.7785 ymax: 71.36516
Geodetic CRS:  NAD83
[1] "Building 98 systems"
[1] "Wyoming is 1% complete."
[1] "Wyoming is 2% complete."
[1] "Wyoming is 3.1% complete."
[1] "Wyoming is 4.1% complete."
[1] "Wyoming is 5.1% complete."
[1] "Wyoming is 6.1% complete."
[1] "Wyoming is 7.1% complete."
[1] "Wyoming is 8.2% complete."
[1] "Wyoming is 9.2% complete."
[1] "Wyoming is 10.2% complete."
[1] "Wyoming is 11.2% complete."
[1] "Wyoming is 12.2% complete."
[1] "Wyoming is 13.3% complete."
[1] "Wyoming is 14.3% complete."
[1] "Wyoming is 15.3% complete."
[1] "Wyoming is 16.3% complete."
[1] "Wyoming is 17.3% complete."
[1] "Wyoming is 18.4% complete."
[1] "Wyoming is 19.4% complete."
[1] "Wyoming is 20.4% complete."
[1] "Wyoming is 21.4% complete."
[1] "Wyoming is 22.4% complete."
[1] "Wyoming is 23.5% complete."
[1] "Wyoming is 24.5% complete."
[1] "Wyoming is 25.5% complete."
[1] "Wyoming is 26.5% complete."
[1] "Wyoming is 27.6% complete."
[1] "Wyoming is 28.6% complete."
[1] "Wyoming is 29.6% complete."
[1] "Wyoming is 30.6% complete."
[1] "Wyoming is 31.6% complete."
[1] "Wyoming is 32.7% complete."
[1] "Wyoming is 33.7% complete."
[1] "Wyoming is 34.7% complete."
[1] "Wyoming is 35.7% complete."
[1] "Wyoming is 36.7% complete."
[1] "Wyoming is 37.8% complete."
[1] "Wyoming is 38.8% complete."
[1] "Wyoming is 39.8% complete."
[1] "Wyoming is 40.8% complete."
[1] "Wyoming is 41.8% complete."
[1] "Wyoming is 42.9% complete."
[1] "Wyoming is 43.9% complete."
[1] "Wyoming is 44.9% complete."
[1] "Wyoming is 45.9% complete."
[1] "Wyoming is 46.9% complete."
[1] "Wyoming is 48% complete."
[1] "Wyoming is 49% complete."
[1] "Wyoming is 50% complete."
[1] "Wyoming is 51% complete."
[1] "Wyoming is 52% complete."
[1] "Wyoming is 53.1% complete."
[1] "Wyoming is 54.1% complete."
[1] "Wyoming is 55.1% complete."
[1] "Wyoming is 56.1% complete."
[1] "Wyoming is 57.1% complete."
[1] "Wyoming is 58.2% complete."
[1] "Wyoming is 59.2% complete."
[1] "Wyoming is 60.2% complete."
[1] "Wyoming is 61.2% complete."
[1] "Wyoming is 62.2% complete."
[1] "Wyoming is 63.3% complete."
[1] "Wyoming is 64.3% complete."
[1] "Wyoming is 65.3% complete."
[1] "Wyoming is 66.3% complete."
[1] "Wyoming is 67.3% complete."
[1] "Wyoming is 68.4% complete."
[1] "Wyoming is 69.4% complete."
[1] "Wyoming is 70.4% complete."
[1] "Wyoming is 71.4% complete."
[1] "Wyoming is 72.4% complete."
[1] "Wyoming is 73.5% complete."
[1] "Wyoming is 74.5% complete."
[1] "Wyoming is 75.5% complete."
[1] "Wyoming is 76.5% complete."
[1] "Wyoming is 77.6% complete."
[1] "Wyoming is 78.6% complete."
[1] "Wyoming is 79.6% complete."
[1] "Wyoming is 80.6% complete."
[1] "Wyoming is 81.6% complete."
[1] "Wyoming is 82.7% complete."
[1] "Wyoming is 83.7% complete."
[1] "Wyoming is 84.7% complete."
[1] "Wyoming is 85.7% complete."
[1] "Wyoming is 86.7% complete."
[1] "Wyoming is 87.8% complete."
[1] "Wyoming is 88.8% complete."
[1] "Wyoming is 89.8% complete."
[1] "Wyoming is 90.8% complete."
[1] "Wyoming is 91.8% complete."
[1] "Wyoming is 92.9% complete."
[1] "Wyoming is 93.9% complete."
[1] "Wyoming is 94.9% complete."
[1] "Wyoming is 95.9% complete."
[1] "Wyoming is 96.9% complete."
[1] "Wyoming is 98% complete."
[1] "Wyoming is 99% complete."
[1] "Wyoming is 100% complete."
[1] "Completed Wyoming @ 2025-05-27 09:51:40"
Deleting layer `weighted' using driver `GPKG'
Writing layer `weighted' to data source 
  `/work/GRDVULN/sewershed/Model/Create_Boundaries/outputs/Weighted/FP_56.gpkg' using driver `GPKG'
Writing 98 features with 10 fields and geometry type Unknown (any).
[1] "SCRIPT COMPLETE @ 2025-05-27 09:51:43"
