
Due to MODULEPATH changes, the following have been reloaded:
  1) netcdf/4.9.2     2) udunits/2.2.28

The following have been reloaded with a version change:
  1) R/4.3.0 => R/4.4.2             4) hdf5/1.10.8 => hdf5/1.14.5
  2) gdal/3.6.4 => gdal/3.7.3       5) intel/21.4 => intel/24.2
  3) geos/3.11.2 => geos/3.12.0     6) proj/9.2.0 => proj/9.3.0


Attaching package: ‘dplyr’

The following objects are masked from ‘package:stats’:

    filter, lag

The following objects are masked from ‘package:base’:

    intersect, setdiff, setequal, union


Attaching package: ‘xgboost’

The following object is masked from ‘package:dplyr’:

    slice

Loading required package: ggplot2
Loading required package: lattice
Loading required package: ParamHelpers

Attaching package: ‘mlr’

The following object is masked from ‘package:caret’:

    train

Warning message:
One or more parsing issues, call `problems()` on your data frame for details,
e.g.:
  dat <- vroom(...)
  problems(dat) 
Warning message:
One or more parsing issues, call `problems()` on your data frame for details,
e.g.:
  dat <- vroom(...)
  problems(dat) 
Starting parallelization in mode=socket with cpus=118.
[Tune] Started tuning learner classif.xgboost for parameter set:
                     Type len Def          Constr Req Tunable Trafo
booster          discrete   -   - gbtree,gblinear   -    TRUE     -
max_depth         integer   -   -         3 to 10   -    TRUE     -
min_child_weight  numeric   -   -         1 to 10   -    TRUE     -
subsample         numeric   -   -        0.5 to 1   -    TRUE     -
colsample_bytree  numeric   -   -        0.5 to 1   -    TRUE     -
With control class: TuneControlRandom
Imputation value: -0
Exporting objects to slaves for mode socket: .mlr.slave.options
Mapping in parallel: mode = socket; level = mlr.tuneParams; cpus = 118; elements = 10.
[Tune] Result: booster=gbtree; max_depth=7; min_child_weight=9.33; subsample=0.994; colsample_bytree=0.966 : acc.test.mean=0.9658550
