[1] "Loading Sub Counties @ 2025-02-24 12:12:28"
Reading layer `cb_2021_us_cousub_500k' from data source 
  `/work/GRDVULN/data/cb_2021_us_all_500k.gdb' using driver `OpenFileGDB'
Simple feature collection with 36501 features and 14 fields
Geometry type: MULTIPOLYGON
Dimension:     XY
Bounding box:  xmin: -179.1489 ymin: -14.5487 xmax: 179.7785 ymax: 71.36516
Geodetic CRS:  NAD83
[1] "Finding Hexagons for 1706 Sub Counties @ 2025-02-24 12:12:31"
[1] "5.9% Complete @ 2025-02-24 12:12:35"
[1] "11.7% Complete @ 2025-02-24 12:12:40"
[1] "17.6% Complete @ 2025-02-24 12:12:46"
[1] "23.4% Complete @ 2025-02-24 12:12:53"
[1] "29.3% Complete @ 2025-02-24 12:13:00"
[1] "35.2% Complete @ 2025-02-24 12:13:09"
[1] "41% Complete @ 2025-02-24 12:13:19"
[1] "46.9% Complete @ 2025-02-24 12:13:30"
[1] "52.8% Complete @ 2025-02-24 12:13:40"
[1] "58.6% Complete @ 2025-02-24 12:13:54"
[1] "64.5% Complete @ 2025-02-24 12:14:08"
[1] "70.3% Complete @ 2025-02-24 12:14:23"
[1] "76.2% Complete @ 2025-02-24 12:14:39"
[1] "82.1% Complete @ 2025-02-24 12:14:56"
[1] "87.9% Complete @ 2025-02-24 12:15:13"
[1] "93.8% Complete @ 2025-02-24 12:15:32"
[1] "99.6% Complete @ 2025-02-24 12:15:51"
[1] "SCRIPT COMPLETE @ 2025-02-24 12:15:53"
