[1] "Loading Sub Counties @ 2025-02-24 12:12:36"
Reading layer `cb_2021_us_cousub_500k' from data source 
  `/work/GRDVULN/data/cb_2021_us_all_500k.gdb' using driver `OpenFileGDB'
Simple feature collection with 36501 features and 14 fields
Geometry type: MULTIPOLYGON
Dimension:     XY
Bounding box:  xmin: -179.1489 ymin: -14.5487 xmax: 179.7785 ymax: 71.36516
Geodetic CRS:  NAD83
[1] "Finding Hexagons for 1662 Sub Counties @ 2025-02-24 12:12:39"
[1] "6% Complete @ 2025-02-24 12:12:43"
[1] "12% Complete @ 2025-02-24 12:12:48"
[1] "18.1% Complete @ 2025-02-24 12:12:54"
[1] "24.1% Complete @ 2025-02-24 12:13:01"
[1] "30.1% Complete @ 2025-02-24 12:13:08"
[1] "36.1% Complete @ 2025-02-24 12:13:17"
[1] "42.1% Complete @ 2025-02-24 12:13:26"
[1] "48.1% Complete @ 2025-02-24 12:13:36"
[1] "54.2% Complete @ 2025-02-24 12:13:47"
[1] "60.2% Complete @ 2025-02-24 12:13:59"
[1] "66.2% Complete @ 2025-02-24 12:14:13"
[1] "72.2% Complete @ 2025-02-24 12:14:29"
[1] "78.2% Complete @ 2025-02-24 12:14:44"
[1] "84.2% Complete @ 2025-02-24 12:15:01"
[1] "90.3% Complete @ 2025-02-24 12:15:19"
[1] "96.3% Complete @ 2025-02-24 12:15:37"
[1] "SCRIPT COMPLETE @ 2025-02-24 12:15:50"
