[1] "Loading Sub Counties @ 2025-02-24 13:38:44"
Reading layer `cb_2021_us_cousub_500k' from data source 
  `/work/GRDVULN/data/cb_2021_us_all_500k.gdb' using driver `OpenFileGDB'
Simple feature collection with 36501 features and 14 fields
Geometry type: MULTIPOLYGON
Dimension:     XY
Bounding box:  xmin: -179.1489 ymin: -14.5487 xmax: 179.7785 ymax: 71.36516
Geodetic CRS:  NAD83
[1] "Finding Hexagons for 2759 Sub Counties @ 2025-02-24 13:38:47"
[1] "3.6% Complete @ 2025-02-24 13:38:52"
[1] "7.2% Complete @ 2025-02-24 13:38:57"
[1] "10.9% Complete @ 2025-02-24 13:39:03"
[1] "14.5% Complete @ 2025-02-24 13:39:09"
[1] "18.1% Complete @ 2025-02-24 13:39:16"
[1] "21.7% Complete @ 2025-02-24 13:39:23"
[1] "25.4% Complete @ 2025-02-24 13:39:31"
[1] "29% Complete @ 2025-02-24 13:39:40"
[1] "32.6% Complete @ 2025-02-24 13:39:49"
[1] "36.2% Complete @ 2025-02-24 13:39:59"
[1] "39.9% Complete @ 2025-02-24 13:40:09"
[1] "43.5% Complete @ 2025-02-24 13:40:21"
[1] "47.1% Complete @ 2025-02-24 13:40:36"
[1] "50.7% Complete @ 2025-02-24 13:40:50"
[1] "54.4% Complete @ 2025-02-24 13:41:05"
[1] "58% Complete @ 2025-02-24 13:41:20"
[1] "61.6% Complete @ 2025-02-24 13:41:36"
[1] "65.2% Complete @ 2025-02-24 13:41:54"
[1] "68.9% Complete @ 2025-02-24 13:42:14"
[1] "72.5% Complete @ 2025-02-24 13:42:33"
[1] "76.1% Complete @ 2025-02-24 13:42:53"
[1] "79.7% Complete @ 2025-02-24 13:43:15"
[1] "83.4% Complete @ 2025-02-24 13:43:38"
[1] "87% Complete @ 2025-02-24 13:44:00"
[1] "90.6% Complete @ 2025-02-24 13:44:24"
[1] "94.2% Complete @ 2025-02-24 13:44:49"
[1] "97.9% Complete @ 2025-02-24 13:45:14"
[1] "SCRIPT COMPLETE @ 2025-02-24 13:45:31"
