[1] "Loading Sub Counties @ 2025-02-24 12:14:42"
Reading layer `cb_2021_us_cousub_500k' from data source 
  `/work/GRDVULN/data/cb_2021_us_all_500k.gdb' using driver `OpenFileGDB'
Simple feature collection with 36501 features and 14 fields
Geometry type: MULTIPOLYGON
Dimension:     XY
Bounding box:  xmin: -179.1489 ymin: -14.5487 xmax: 179.7785 ymax: 71.36516
Geodetic CRS:  NAD83
[1] "Finding Hexagons for 1394 Sub Counties @ 2025-02-24 12:14:45"
[1] "7.2% Complete @ 2025-02-24 12:14:50"
[1] "14.3% Complete @ 2025-02-24 12:14:58"
[1] "21.5% Complete @ 2025-02-24 12:15:06"
[1] "28.7% Complete @ 2025-02-24 12:15:15"
[1] "35.9% Complete @ 2025-02-24 12:15:28"
[1] "43% Complete @ 2025-02-24 12:15:41"
[1] "50.2% Complete @ 2025-02-24 12:15:56"
[1] "57.4% Complete @ 2025-02-24 12:16:12"
[1] "64.6% Complete @ 2025-02-24 12:16:29"
[1] "71.7% Complete @ 2025-02-24 12:16:48"
[1] "78.9% Complete @ 2025-02-24 12:17:08"
[1] "86.1% Complete @ 2025-02-24 12:17:30"
[1] "93.3% Complete @ 2025-02-24 12:17:53"
[1] "SCRIPT COMPLETE @ 2025-02-24 12:18:20"
