[1] "Loading Sub Counties @ 2025-02-24 12:15:36"
Reading layer `cb_2021_us_cousub_500k' from data source 
  `/work/GRDVULN/data/cb_2021_us_all_500k.gdb' using driver `OpenFileGDB'
Simple feature collection with 36501 features and 14 fields
Geometry type: MULTIPOLYGON
Dimension:     XY
Bounding box:  xmin: -179.1489 ymin: -14.5487 xmax: 179.7785 ymax: 71.36516
Geodetic CRS:  NAD83
[1] "Finding Hexagons for 1014 Sub Counties @ 2025-02-24 12:15:38"
[1] "9.9% Complete @ 2025-02-24 12:15:46"
[1] "19.7% Complete @ 2025-02-24 12:15:54"
[1] "29.6% Complete @ 2025-02-24 12:16:04"
[1] "39.4% Complete @ 2025-02-24 12:16:15"
[1] "49.3% Complete @ 2025-02-24 12:16:27"
[1] "59.2% Complete @ 2025-02-24 12:16:41"
[1] "69% Complete @ 2025-02-24 12:16:57"
[1] "78.9% Complete @ 2025-02-24 12:17:12"
[1] "88.8% Complete @ 2025-02-24 12:17:29"
[1] "98.6% Complete @ 2025-02-24 12:17:47"
[1] "SCRIPT COMPLETE @ 2025-02-24 12:17:50"
