[1] "Loading Sub Counties @ 2025-02-24 12:15:45"
Reading layer `cb_2021_us_cousub_500k' from data source 
  `/work/GRDVULN/data/cb_2021_us_all_500k.gdb' using driver `OpenFileGDB'
Simple feature collection with 36501 features and 14 fields
Geometry type: MULTIPOLYGON
Dimension:     XY
Bounding box:  xmin: -179.1489 ymin: -14.5487 xmax: 179.7785 ymax: 71.36516
Geodetic CRS:  NAD83
[1] "Finding Hexagons for 1041 Sub Counties @ 2025-02-24 12:15:47"
[1] "9.6% Complete @ 2025-02-24 12:15:58"
[1] "19.2% Complete @ 2025-02-24 12:16:07"
[1] "28.8% Complete @ 2025-02-24 12:16:19"
[1] "38.4% Complete @ 2025-02-24 12:16:31"
[1] "48% Complete @ 2025-02-24 12:16:45"
[1] "57.6% Complete @ 2025-02-24 12:16:59"
[1] "67.2% Complete @ 2025-02-24 12:17:14"
[1] "76.8% Complete @ 2025-02-24 12:17:31"
[1] "86.5% Complete @ 2025-02-24 12:17:50"
[1] "96.1% Complete @ 2025-02-24 12:18:10"
[1] "SCRIPT COMPLETE @ 2025-02-24 12:18:19"
