[1] "Loading Sub Counties @ 2025-02-24 13:39:08"
Reading layer `cb_2021_us_cousub_500k' from data source 
  `/work/GRDVULN/data/cb_2021_us_all_500k.gdb' using driver `OpenFileGDB'
Simple feature collection with 36501 features and 14 fields
Geometry type: MULTIPOLYGON
Dimension:     XY
Bounding box:  xmin: -179.1489 ymin: -14.5487 xmax: 179.7785 ymax: 71.36516
Geodetic CRS:  NAD83
[1] "Finding Hexagons for 1761 Sub Counties @ 2025-02-24 13:39:10"
[1] "5.7% Complete @ 2025-02-24 13:39:14"
[1] "11.4% Complete @ 2025-02-24 13:39:20"
[1] "17% Complete @ 2025-02-24 13:39:25"
[1] "22.7% Complete @ 2025-02-24 13:39:30"
[1] "28.4% Complete @ 2025-02-24 13:39:38"
[1] "34.1% Complete @ 2025-02-24 13:39:47"
[1] "39.8% Complete @ 2025-02-24 13:39:55"
[1] "45.4% Complete @ 2025-02-24 13:40:06"
[1] "51.1% Complete @ 2025-02-24 13:40:18"
[1] "56.8% Complete @ 2025-02-24 13:40:31"
[1] "62.5% Complete @ 2025-02-24 13:40:45"
[1] "68.1% Complete @ 2025-02-24 13:40:59"
[1] "73.8% Complete @ 2025-02-24 13:41:16"
[1] "79.5% Complete @ 2025-02-24 13:41:35"
[1] "85.2% Complete @ 2025-02-24 13:41:55"
[1] "90.9% Complete @ 2025-02-24 13:42:15"
[1] "96.5% Complete @ 2025-02-24 13:42:36"
[1] "SCRIPT COMPLETE @ 2025-02-24 13:42:50"
