[1] "Loading Sub Counties @ 2025-02-24 12:16:28"
Reading layer `cb_2021_us_cousub_500k' from data source 
  `/work/GRDVULN/data/cb_2021_us_all_500k.gdb' using driver `OpenFileGDB'
Simple feature collection with 36501 features and 14 fields
Geometry type: MULTIPOLYGON
Dimension:     XY
Bounding box:  xmin: -179.1489 ymin: -14.5487 xmax: 179.7785 ymax: 71.36516
Geodetic CRS:  NAD83
[1] "Finding Hexagons for 1331 Sub Counties @ 2025-02-24 12:16:30"
[1] "7.5% Complete @ 2025-02-24 12:16:37"
[1] "15% Complete @ 2025-02-24 12:16:43"
[1] "22.5% Complete @ 2025-02-24 12:16:52"
[1] "30.1% Complete @ 2025-02-24 12:17:02"
[1] "37.6% Complete @ 2025-02-24 12:17:13"
[1] "45.1% Complete @ 2025-02-24 12:17:24"
[1] "52.6% Complete @ 2025-02-24 12:17:36"
[1] "60.1% Complete @ 2025-02-24 12:17:53"
[1] "67.6% Complete @ 2025-02-24 12:18:08"
[1] "75.1% Complete @ 2025-02-24 12:18:30"
[1] "82.6% Complete @ 2025-02-24 12:18:50"
[1] "90.2% Complete @ 2025-02-24 12:19:14"
[1] "97.7% Complete @ 2025-02-24 12:19:42"
[1] "SCRIPT COMPLETE @ 2025-02-24 12:19:51"
