[1] "Loading Sub Counties @ 2025-02-24 13:39:27"
Reading layer `cb_2021_us_cousub_500k' from data source 
  `/work/GRDVULN/data/cb_2021_us_all_500k.gdb' using driver `OpenFileGDB'
Simple feature collection with 36501 features and 14 fields
Geometry type: MULTIPOLYGON
Dimension:     XY
Bounding box:  xmin: -179.1489 ymin: -14.5487 xmax: 179.7785 ymax: 71.36516
Geodetic CRS:  NAD83
[1] "Finding Hexagons for 1910 Sub Counties @ 2025-02-24 13:39:30"
[1] "5.2% Complete @ 2025-02-24 13:39:34"
[1] "10.5% Complete @ 2025-02-24 13:39:38"
[1] "15.7% Complete @ 2025-02-24 13:39:43"
[1] "20.9% Complete @ 2025-02-24 13:39:49"
[1] "26.2% Complete @ 2025-02-24 13:39:55"
[1] "31.4% Complete @ 2025-02-24 13:40:02"
[1] "36.6% Complete @ 2025-02-24 13:40:09"
[1] "41.9% Complete @ 2025-02-24 13:40:18"
[1] "47.1% Complete @ 2025-02-24 13:40:27"
[1] "52.4% Complete @ 2025-02-24 13:40:37"
[1] "57.6% Complete @ 2025-02-24 13:40:47"
[1] "62.8% Complete @ 2025-02-24 13:40:58"
[1] "68.1% Complete @ 2025-02-24 13:41:11"
[1] "73.3% Complete @ 2025-02-24 13:41:24"
[1] "78.5% Complete @ 2025-02-24 13:41:38"
[1] "83.8% Complete @ 2025-02-24 13:41:54"
[1] "89% Complete @ 2025-02-24 13:42:10"
[1] "94.2% Complete @ 2025-02-24 13:42:26"
[1] "99.5% Complete @ 2025-02-24 13:42:42"
[1] "SCRIPT COMPLETE @ 2025-02-24 13:42:44"
