
Due to MODULEPATH changes, the following have been reloaded:
  1) netcdf/4.9.2     2) udunits/2.2.28

The following have been reloaded with a version change:
  1) R/4.3.0 => R/4.4.2             4) hdf5/1.10.8 => hdf5/1.14.5
  2) gdal/3.6.4 => gdal/3.7.3       5) intel/21.4 => intel/24.2
  3) geos/3.11.2 => geos/3.12.0     6) proj/9.2.0 => proj/9.3.0


Attaching package: ‘dplyr’

The following objects are masked from ‘package:stats’:

    filter, lag

The following objects are masked from ‘package:base’:

    intersect, setdiff, setequal, union

Rows: 3120517 Columns: 4
── Column specification ────────────────────────────────────────────────────────
Delimiter: "\t"
chr (1): h3_index
dbl (2): distance, Near_CWNS
lgl (1): IS_EP

ℹ Use `spec()` to retrieve the full column specification for this data.
ℹ Specify the column types or set `show_col_types = FALSE` to quiet this message.
Rows: 8132968 Columns: 15
── Column specification ────────────────────────────────────────────────────────
Delimiter: ","
chr  (3): GISJOIN, STATE, COUNTY
dbl (12): YEAR, HU_1990, HU_2000, HU_2010, HU_2020, Pop_2020, AREALAND, AREA...

ℹ Use `spec()` to retrieve the full column specification for this data.
ℹ Specify the column types or set `show_col_types = FALSE` to quiet this message.
Rows: 288385 Columns: 8
── Column specification ────────────────────────────────────────────────────────
Delimiter: ","
chr (2): GISJOIN, h3_index
dbl (6): Population, THU, Urban_Pop, Block_Buildings, O_Buildings, weight

ℹ Use `spec()` to retrieve the full column specification for this data.
ℹ Specify the column types or set `show_col_types = FALSE` to quiet this message.
Joining with `by = join_by(GISJOIN)`
Rows: 3730077 Columns: 6
── Column specification ────────────────────────────────────────────────────────
Delimiter: ","
chr (1): h3_index
dbl (5): height, confidence, Area_m, X, Y

ℹ Use `spec()` to retrieve the full column specification for this data.
ℹ Specify the column types or set `show_col_types = FALSE` to quiet this message.
Rows: 425694 Columns: 4
── Column specification ────────────────────────────────────────────────────────
Delimiter: ","
chr (1): h3_index
dbl (3): NLCD, Imprv_Mean, Imprv_Med

ℹ Use `spec()` to retrieve the full column specification for this data.
ℹ Specify the column types or set `show_col_types = FALSE` to quiet this message.
Rows: 425694 Columns: 2
── Column specification ────────────────────────────────────────────────────────
Delimiter: ","
chr (1): h3_index
dbl (1): elevation_m

ℹ Use `spec()` to retrieve the full column specification for this data.
ℹ Specify the column types or set `show_col_types = FALSE` to quiet this message.
