[1] "Script Start @ 2025-06-18 09:52:29"
[1] "0 previously delineated systems for state: 01"
[1] "Assigning hexagons to 310 systems @ 2025-06-18 09:53:27"
[1] "6.5% Complete @ 2025-06-18 09:53:45"
[1] "12.9% Complete @ 2025-06-18 09:53:51"
[1] "19.4% Complete @ 2025-06-18 09:53:58"
[1] "25.8% Complete @ 2025-06-18 09:54:06"
[1] "32.3% Complete @ 2025-06-18 09:54:12"
[1] "38.7% Complete @ 2025-06-18 09:54:19"
[1] "45.2% Complete @ 2025-06-18 09:54:26"
[1] "51.6% Complete @ 2025-06-18 09:54:33"
[1] "58.1% Complete @ 2025-06-18 09:54:40"
[1] "64.5% Complete @ 2025-06-18 09:54:47"
[1] "71% Complete @ 2025-06-18 09:54:54"
[1] "77.4% Complete @ 2025-06-18 09:55:00"
[1] "83.9% Complete @ 2025-06-18 09:55:07"
[1] "90.3% Complete @ 2025-06-18 09:55:14"
[1] "96.8% Complete @ 2025-06-18 09:55:22"
[1] "Failed to find boundaries for 0 Systems"
[1] "Saving outputs @ 2025-06-18 09:55:28"
Deleting layer `sewersheds' using driver `GPKG'
Writing layer `sewersheds' to data source 
  `/work/GRDVULN/sewershed/Model/Create_Boundaries/outputs/Max_Prob/Boundaries/FP_01.gpkg' using driver `GPKG'
Writing 310 features with 6 fields and geometry type Unknown (any).
[1] "Script Complete @ 2025-06-18 09:55:36"
