[1] "Script Start @ 2025-06-18 09:52:29"
[1] "1 previously delineated systems for state: 05"
[1] "Assigning hexagons to 382 systems @ 2025-06-18 09:53:14"
[1] "5.2% Complete @ 2025-06-18 09:53:25"
[1] "10.5% Complete @ 2025-06-18 09:53:40"
[1] "15.7% Complete @ 2025-06-18 09:53:48"
[1] "20.9% Complete @ 2025-06-18 09:53:54"
[1] "26.2% Complete @ 2025-06-18 09:54:00"
[1] "31.4% Complete @ 2025-06-18 09:54:05"
[1] "36.6% Complete @ 2025-06-18 09:54:11"
[1] "41.9% Complete @ 2025-06-18 09:54:17"
[1] "47.1% Complete @ 2025-06-18 09:54:23"
[1] "52.4% Complete @ 2025-06-18 09:54:29"
[1] "57.6% Complete @ 2025-06-18 09:54:35"
[1] "62.8% Complete @ 2025-06-18 09:54:41"
[1] "68.1% Complete @ 2025-06-18 09:54:47"
[1] "73.3% Complete @ 2025-06-18 09:54:53"
[1] "78.5% Complete @ 2025-06-18 09:54:59"
[1] "83.8% Complete @ 2025-06-18 09:55:05"
[1] "89% Complete @ 2025-06-18 09:55:11"
[1] "94.2% Complete @ 2025-06-18 09:55:17"
[1] "99.5% Complete @ 2025-06-18 09:55:24"
[1] "Failed to find boundaries for 0 Systems"
[1] "Saving outputs @ 2025-06-18 09:55:25"
Deleting layer `sewersheds' using driver `GPKG'
Writing layer `sewersheds' to data source 
  `/work/GRDVULN/sewershed/Model/Create_Boundaries/outputs/Max_Prob/Boundaries/FP_05.gpkg' using driver `GPKG'
Writing 382 features with 6 fields and geometry type Unknown (any).
[1] "Script Complete @ 2025-06-18 09:55:29"
