[1] "Script Start @ 2025-06-18 09:52:31"
[1] "26 previously delineated systems for state: 06"
[1] "Assigning hexagons to 474 systems @ 2025-06-18 09:53:37"
[1] "4.2% Complete @ 2025-06-18 09:53:46"
[1] "8.4% Complete @ 2025-06-18 09:53:54"
[1] "12.7% Complete @ 2025-06-18 09:54:02"
[1] "16.9% Complete @ 2025-06-18 09:54:09"
[1] "21.1% Complete @ 2025-06-18 09:54:16"
[1] "25.3% Complete @ 2025-06-18 09:54:24"
[1] "29.5% Complete @ 2025-06-18 09:54:31"
[1] "33.8% Complete @ 2025-06-18 09:54:39"
[1] "38% Complete @ 2025-06-18 09:54:46"
[1] "42.2% Complete @ 2025-06-18 09:54:53"
[1] "46.4% Complete @ 2025-06-18 09:55:00"
[1] "50.6% Complete @ 2025-06-18 09:55:08"
[1] "54.9% Complete @ 2025-06-18 09:55:15"
[1] "59.1% Complete @ 2025-06-18 09:55:22"
[1] "63.3% Complete @ 2025-06-18 09:55:30"
[1] "67.5% Complete @ 2025-06-18 09:55:36"
[1] "71.7% Complete @ 2025-06-18 09:55:43"
[1] "75.9% Complete @ 2025-06-18 09:55:50"
[1] "80.2% Complete @ 2025-06-18 09:55:58"
[1] "84.4% Complete @ 2025-06-18 09:56:06"
[1] "88.6% Complete @ 2025-06-18 09:56:14"
[1] "92.8% Complete @ 2025-06-18 09:56:22"
[1] "97% Complete @ 2025-06-18 09:56:33"
[1] "Failed to find boundaries for 1 Systems"
[1] "Saving outputs @ 2025-06-18 09:56:50"
Deleting layer `sewersheds' using driver `GPKG'
Writing layer `sewersheds' to data source 
  `/work/GRDVULN/sewershed/Model/Create_Boundaries/outputs/Max_Prob/Boundaries/FP_06.gpkg' using driver `GPKG'
Writing 473 features with 6 fields and geometry type Unknown (any).
[1] "Script Complete @ 2025-06-18 09:57:04"
