[1] "Script Start @ 2025-06-18 09:52:45"
[1] "152 previously delineated systems for state: 12"
[1] "Assigning hexagons to 219 systems @ 2025-06-18 09:53:39"
[1] "9.1% Complete @ 2025-06-18 09:53:45"
[1] "18.3% Complete @ 2025-06-18 09:53:50"
[1] "27.4% Complete @ 2025-06-18 09:53:53"
[1] "36.5% Complete @ 2025-06-18 09:53:58"
[1] "45.7% Complete @ 2025-06-18 09:54:02"
[1] "54.8% Complete @ 2025-06-18 09:54:07"
[1] "63.9% Complete @ 2025-06-18 09:54:12"
[1] "73.1% Complete @ 2025-06-18 09:54:16"
[1] "82.2% Complete @ 2025-06-18 09:54:22"
[1] "91.3% Complete @ 2025-06-18 09:54:28"
[1] "Failed to find boundaries for 0 Systems"
[1] "Saving outputs @ 2025-06-18 09:54:36"
Deleting layer `sewersheds' using driver `GPKG'
Writing layer `sewersheds' to data source 
  `/work/GRDVULN/sewershed/Model/Create_Boundaries/outputs/Max_Prob/Boundaries/FP_12.gpkg' using driver `GPKG'
Writing 219 features with 6 fields and geometry type Unknown (any).
[1] "Script Complete @ 2025-06-18 09:54:44"
