[1] "Script Start @ 2025-06-18 09:52:45"
[1] "16 previously delineated systems for state: 13"
[1] "Assigning hexagons to 415 systems @ 2025-06-18 09:53:54"
[1] "4.8% Complete @ 2025-06-18 09:54:04"
[1] "9.6% Complete @ 2025-06-18 09:54:12"
[1] "14.5% Complete @ 2025-06-18 09:54:22"
[1] "19.3% Complete @ 2025-06-18 09:54:31"
[1] "24.1% Complete @ 2025-06-18 09:54:40"
[1] "28.9% Complete @ 2025-06-18 09:54:49"
[1] "33.7% Complete @ 2025-06-18 09:54:58"
[1] "38.6% Complete @ 2025-06-18 09:55:06"
[1] "43.4% Complete @ 2025-06-18 09:55:16"
[1] "48.2% Complete @ 2025-06-18 09:55:24"
[1] "53% Complete @ 2025-06-18 09:55:33"
[1] "57.8% Complete @ 2025-06-18 09:55:41"
[1] "62.7% Complete @ 2025-06-18 09:55:49"
[1] "67.5% Complete @ 2025-06-18 09:55:57"
[1] "72.3% Complete @ 2025-06-18 09:56:06"
[1] "77.1% Complete @ 2025-06-18 09:56:15"
[1] "81.9% Complete @ 2025-06-18 09:56:23"
[1] "86.7% Complete @ 2025-06-18 09:56:32"
[1] "91.6% Complete @ 2025-06-18 09:56:42"
[1] "96.4% Complete @ 2025-06-18 09:56:52"
[1] "Failed to find boundaries for 9 Systems"
[1] "Saving outputs @ 2025-06-18 09:57:02"
Deleting layer `sewersheds' using driver `GPKG'
Writing layer `sewersheds' to data source 
  `/work/GRDVULN/sewershed/Model/Create_Boundaries/outputs/Max_Prob/Boundaries/FP_13.gpkg' using driver `GPKG'
Writing 406 features with 6 fields and geometry type Unknown (any).
[1] "Script Complete @ 2025-06-18 09:57:13"
