[1] "Script Start @ 2025-06-18 09:52:47"
[1] "37 previously delineated systems for state: 17"
[1] "Assigning hexagons to 732 systems @ 2025-06-18 09:54:11"
[1] "2.7% Complete @ 2025-06-18 09:54:23"
[1] "5.5% Complete @ 2025-06-18 09:54:35"
[1] "8.2% Complete @ 2025-06-18 09:54:46"
[1] "10.9% Complete @ 2025-06-18 09:54:57"
[1] "13.7% Complete @ 2025-06-18 09:55:07"
[1] "16.4% Complete @ 2025-06-18 09:55:18"
[1] "19.1% Complete @ 2025-06-18 09:55:28"
[1] "21.9% Complete @ 2025-06-18 09:55:39"
[1] "24.6% Complete @ 2025-06-18 09:55:49"
[1] "27.3% Complete @ 2025-06-18 09:55:59"
[1] "30.1% Complete @ 2025-06-18 09:56:09"
[1] "32.8% Complete @ 2025-06-18 09:56:20"
[1] "35.5% Complete @ 2025-06-18 09:56:30"
[1] "38.3% Complete @ 2025-06-18 09:56:40"
[1] "41% Complete @ 2025-06-18 09:56:50"
[1] "43.7% Complete @ 2025-06-18 09:57:01"
[1] "46.4% Complete @ 2025-06-18 09:57:11"
[1] "49.2% Complete @ 2025-06-18 09:57:20"
[1] "51.9% Complete @ 2025-06-18 09:57:30"
[1] "54.6% Complete @ 2025-06-18 09:57:39"
[1] "57.4% Complete @ 2025-06-18 09:57:48"
[1] "60.1% Complete @ 2025-06-18 09:57:58"
[1] "62.8% Complete @ 2025-06-18 09:58:07"
[1] "65.6% Complete @ 2025-06-18 09:58:17"
[1] "68.3% Complete @ 2025-06-18 09:58:27"
[1] "71% Complete @ 2025-06-18 09:58:36"
[1] "73.8% Complete @ 2025-06-18 09:58:45"
[1] "76.5% Complete @ 2025-06-18 09:58:55"
[1] "79.2% Complete @ 2025-06-18 09:59:04"
[1] "82% Complete @ 2025-06-18 09:59:13"
[1] "84.7% Complete @ 2025-06-18 09:59:22"
[1] "87.4% Complete @ 2025-06-18 09:59:31"
[1] "90.2% Complete @ 2025-06-18 09:59:39"
[1] "92.9% Complete @ 2025-06-18 09:59:49"
[1] "95.6% Complete @ 2025-06-18 09:59:57"
[1] "98.4% Complete @ 2025-06-18 10:00:07"
[1] "Failed to find boundaries for 3 Systems"
[1] "Saving outputs @ 2025-06-18 10:00:16"
Deleting layer `sewersheds' using driver `GPKG'
Writing layer `sewersheds' to data source 
  `/work/GRDVULN/sewershed/Model/Create_Boundaries/outputs/Max_Prob/Boundaries/FP_17.gpkg' using driver `GPKG'
Writing 729 features with 6 fields and geometry type Unknown (any).
[1] "Script Complete @ 2025-06-18 10:00:25"
