[1] "Script Start @ 2025-06-18 09:52:48"
[1] "0 previously delineated systems for state: 18"
[1] "Assigning hexagons to 504 systems @ 2025-06-18 09:53:59"
[1] "4% Complete @ 2025-06-18 09:54:11"
[1] "7.9% Complete @ 2025-06-18 09:54:22"
[1] "11.9% Complete @ 2025-06-18 09:54:32"
[1] "15.9% Complete @ 2025-06-18 09:54:44"
[1] "19.8% Complete @ 2025-06-18 09:54:54"
[1] "23.8% Complete @ 2025-06-18 09:55:05"
[1] "27.8% Complete @ 2025-06-18 09:55:15"
[1] "31.7% Complete @ 2025-06-18 09:55:25"
[1] "35.7% Complete @ 2025-06-18 09:55:35"
[1] "39.7% Complete @ 2025-06-18 09:55:44"
[1] "43.7% Complete @ 2025-06-18 09:55:53"
[1] "47.6% Complete @ 2025-06-18 09:56:03"
[1] "51.6% Complete @ 2025-06-18 09:56:12"
[1] "55.6% Complete @ 2025-06-18 09:56:21"
[1] "59.5% Complete @ 2025-06-18 09:56:30"
[1] "63.5% Complete @ 2025-06-18 09:56:39"
[1] "67.5% Complete @ 2025-06-18 09:56:47"
[1] "71.4% Complete @ 2025-06-18 09:56:56"
[1] "75.4% Complete @ 2025-06-18 09:57:05"
[1] "79.4% Complete @ 2025-06-18 09:57:13"
[1] "83.3% Complete @ 2025-06-18 09:57:21"
[1] "87.3% Complete @ 2025-06-18 09:57:31"
[1] "91.3% Complete @ 2025-06-18 09:57:39"
[1] "95.2% Complete @ 2025-06-18 09:57:47"
[1] "99.2% Complete @ 2025-06-18 09:57:58"
[1] "Failed to find boundaries for 1 Systems"
[1] "Saving outputs @ 2025-06-18 09:58:02"
Deleting layer `sewersheds' using driver `GPKG'
Writing layer `sewersheds' to data source 
  `/work/GRDVULN/sewershed/Model/Create_Boundaries/outputs/Max_Prob/Boundaries/FP_18.gpkg' using driver `GPKG'
Writing 503 features with 6 fields and geometry type Unknown (any).
[1] "Script Complete @ 2025-06-18 09:58:10"
