[1] "Script Start @ 2025-06-18 09:53:09"
[1] "2 previously delineated systems for state: 19"
[1] "Assigning hexagons to 777 systems @ 2025-06-18 09:54:08"
[1] "2.6% Complete @ 2025-06-18 09:54:19"
[1] "5.1% Complete @ 2025-06-18 09:54:27"
[1] "7.7% Complete @ 2025-06-18 09:54:36"
[1] "10.3% Complete @ 2025-06-18 09:54:44"
[1] "12.9% Complete @ 2025-06-18 09:54:52"
[1] "15.4% Complete @ 2025-06-18 09:55:00"
[1] "18% Complete @ 2025-06-18 09:55:08"
[1] "20.6% Complete @ 2025-06-18 09:55:17"
[1] "23.2% Complete @ 2025-06-18 09:55:24"
[1] "25.7% Complete @ 2025-06-18 09:55:32"
[1] "28.3% Complete @ 2025-06-18 09:55:40"
[1] "30.9% Complete @ 2025-06-18 09:55:48"
[1] "33.5% Complete @ 2025-06-18 09:55:56"
[1] "36% Complete @ 2025-06-18 09:56:04"
[1] "38.6% Complete @ 2025-06-18 09:56:11"
[1] "41.2% Complete @ 2025-06-18 09:56:19"
[1] "43.8% Complete @ 2025-06-18 09:56:26"
[1] "46.3% Complete @ 2025-06-18 09:56:35"
[1] "48.9% Complete @ 2025-06-18 09:56:43"
[1] "51.5% Complete @ 2025-06-18 09:56:50"
[1] "54.1% Complete @ 2025-06-18 09:56:57"
[1] "56.6% Complete @ 2025-06-18 09:57:05"
[1] "59.2% Complete @ 2025-06-18 09:57:12"
[1] "61.8% Complete @ 2025-06-18 09:57:19"
[1] "64.4% Complete @ 2025-06-18 09:57:27"
[1] "66.9% Complete @ 2025-06-18 09:57:34"
[1] "69.5% Complete @ 2025-06-18 09:57:41"
[1] "72.1% Complete @ 2025-06-18 09:57:48"
[1] "74.6% Complete @ 2025-06-18 09:57:55"
[1] "77.2% Complete @ 2025-06-18 09:58:02"
[1] "79.8% Complete @ 2025-06-18 09:58:09"
[1] "82.4% Complete @ 2025-06-18 09:58:16"
[1] "84.9% Complete @ 2025-06-18 09:58:24"
[1] "87.5% Complete @ 2025-06-18 09:58:31"
[1] "90.1% Complete @ 2025-06-18 09:58:38"
[1] "92.7% Complete @ 2025-06-18 09:58:45"
[1] "95.2% Complete @ 2025-06-18 09:58:53"
[1] "97.8% Complete @ 2025-06-18 09:59:00"
[1] "Failed to find boundaries for 1 Systems"
[1] "Saving outputs @ 2025-06-18 09:59:07"
Deleting layer `sewersheds' using driver `GPKG'
Writing layer `sewersheds' to data source 
  `/work/GRDVULN/sewershed/Model/Create_Boundaries/outputs/Max_Prob/Boundaries/FP_19.gpkg' using driver `GPKG'
Writing 776 features with 6 fields and geometry type Unknown (any).
[1] "Script Complete @ 2025-06-18 09:59:12"
