[1] "Script Start @ 2025-06-18 09:52:59"
[1] "8 previously delineated systems for state: 20"
[1] "Assigning hexagons to 611 systems @ 2025-06-18 09:54:01"
[1] "3.3% Complete @ 2025-06-18 09:54:08"
[1] "6.5% Complete @ 2025-06-18 09:54:15"
[1] "9.8% Complete @ 2025-06-18 09:54:22"
[1] "13.1% Complete @ 2025-06-18 09:54:29"
[1] "16.4% Complete @ 2025-06-18 09:54:35"
[1] "19.6% Complete @ 2025-06-18 09:54:42"
[1] "22.9% Complete @ 2025-06-18 09:54:48"
[1] "26.2% Complete @ 2025-06-18 09:54:55"
[1] "29.5% Complete @ 2025-06-18 09:55:02"
[1] "32.7% Complete @ 2025-06-18 09:55:08"
[1] "36% Complete @ 2025-06-18 09:55:14"
[1] "39.3% Complete @ 2025-06-18 09:55:20"
[1] "42.6% Complete @ 2025-06-18 09:55:26"
[1] "45.8% Complete @ 2025-06-18 09:55:32"
[1] "49.1% Complete @ 2025-06-18 09:55:39"
[1] "52.4% Complete @ 2025-06-18 09:55:45"
[1] "55.6% Complete @ 2025-06-18 09:55:51"
[1] "58.9% Complete @ 2025-06-18 09:55:57"
[1] "62.2% Complete @ 2025-06-18 09:56:03"
[1] "65.5% Complete @ 2025-06-18 09:56:09"
[1] "68.7% Complete @ 2025-06-18 09:56:15"
[1] "72% Complete @ 2025-06-18 09:56:20"
[1] "75.3% Complete @ 2025-06-18 09:56:26"
[1] "78.6% Complete @ 2025-06-18 09:56:32"
[1] "81.8% Complete @ 2025-06-18 09:56:37"
[1] "85.1% Complete @ 2025-06-18 09:56:42"
[1] "88.4% Complete @ 2025-06-18 09:56:48"
[1] "91.7% Complete @ 2025-06-18 09:56:54"
[1] "94.9% Complete @ 2025-06-18 09:57:00"
[1] "98.2% Complete @ 2025-06-18 09:57:07"
[1] "Failed to find boundaries for 5 Systems"
[1] "Saving outputs @ 2025-06-18 09:57:11"
Deleting layer `sewersheds' using driver `GPKG'
Writing layer `sewersheds' to data source 
  `/work/GRDVULN/sewershed/Model/Create_Boundaries/outputs/Max_Prob/Boundaries/FP_20.gpkg' using driver `GPKG'
Writing 606 features with 6 fields and geometry type Unknown (any).
[1] "Script Complete @ 2025-06-18 09:57:16"
