[1] "Script Start @ 2025-06-18 09:52:59"
[1] "0 previously delineated systems for state: 22"
[1] "Assigning hexagons to 328 systems @ 2025-06-18 09:53:34"
[1] "6.1% Complete @ 2025-06-18 09:53:42"
[1] "12.2% Complete @ 2025-06-18 09:53:59"
[1] "18.3% Complete @ 2025-06-18 09:54:03"
[1] "24.4% Complete @ 2025-06-18 09:54:08"
[1] "30.5% Complete @ 2025-06-18 09:54:13"
[1] "36.6% Complete @ 2025-06-18 09:54:19"
[1] "42.7% Complete @ 2025-06-18 09:54:23"
[1] "48.8% Complete @ 2025-06-18 09:54:27"
[1] "54.9% Complete @ 2025-06-18 09:54:31"
[1] "61% Complete @ 2025-06-18 09:54:36"
[1] "67.1% Complete @ 2025-06-18 09:54:40"
[1] "73.2% Complete @ 2025-06-18 09:54:44"
[1] "79.3% Complete @ 2025-06-18 09:54:49"
[1] "85.4% Complete @ 2025-06-18 09:54:54"
[1] "91.5% Complete @ 2025-06-18 09:54:59"
[1] "97.6% Complete @ 2025-06-18 09:55:04"
[1] "Failed to find boundaries for 5 Systems"
[1] "Saving outputs @ 2025-06-18 09:55:07"
Deleting layer `sewersheds' using driver `GPKG'
Writing layer `sewersheds' to data source 
  `/work/GRDVULN/sewershed/Model/Create_Boundaries/outputs/Max_Prob/Boundaries/FP_22.gpkg' using driver `GPKG'
Writing 323 features with 6 fields and geometry type Unknown (any).
[1] "Script Complete @ 2025-06-18 09:55:12"
