[1] "Script Start @ 2025-06-18 09:53:03"
[1] "1 previously delineated systems for state: 26"
[1] "Assigning hexagons to 393 systems @ 2025-06-18 09:53:55"
[1] "5.1% Complete @ 2025-06-18 09:54:07"
[1] "10.2% Complete @ 2025-06-18 09:54:15"
[1] "15.3% Complete @ 2025-06-18 09:54:24"
[1] "20.4% Complete @ 2025-06-18 09:54:31"
[1] "25.4% Complete @ 2025-06-18 09:54:39"
[1] "30.5% Complete @ 2025-06-18 09:54:47"
[1] "35.6% Complete @ 2025-06-18 09:54:55"
[1] "40.7% Complete @ 2025-06-18 09:55:02"
[1] "45.8% Complete @ 2025-06-18 09:55:10"
[1] "50.9% Complete @ 2025-06-18 09:55:17"
[1] "56% Complete @ 2025-06-18 09:55:24"
[1] "61.1% Complete @ 2025-06-18 09:55:32"
[1] "66.2% Complete @ 2025-06-18 09:55:39"
[1] "71.2% Complete @ 2025-06-18 09:55:47"
[1] "76.3% Complete @ 2025-06-18 09:55:54"
[1] "81.4% Complete @ 2025-06-18 09:56:02"
[1] "86.5% Complete @ 2025-06-18 09:56:09"
[1] "91.6% Complete @ 2025-06-18 09:56:16"
[1] "96.7% Complete @ 2025-06-18 09:56:25"
[1] "Failed to find boundaries for 1 Systems"
[1] "Saving outputs @ 2025-06-18 09:56:40"
Deleting layer `sewersheds' using driver `GPKG'
Writing layer `sewersheds' to data source 
  `/work/GRDVULN/sewershed/Model/Create_Boundaries/outputs/Max_Prob/Boundaries/FP_26.gpkg' using driver `GPKG'
Writing 392 features with 6 fields and geometry type Unknown (any).
[1] "Script Complete @ 2025-06-18 09:56:47"
