[1] "Script Start @ 2025-06-18 09:53:19"
[1] "9 previously delineated systems for state: 27"
[1] "Assigning hexagons to 538 systems @ 2025-06-18 09:54:12"
[1] "3.7% Complete @ 2025-06-18 09:54:21"
[1] "7.4% Complete @ 2025-06-18 09:54:27"
[1] "11.2% Complete @ 2025-06-18 09:54:33"
[1] "14.9% Complete @ 2025-06-18 09:54:39"
[1] "18.6% Complete @ 2025-06-18 09:54:45"
[1] "22.3% Complete @ 2025-06-18 09:54:52"
[1] "26% Complete @ 2025-06-18 09:54:58"
[1] "29.7% Complete @ 2025-06-18 09:55:04"
[1] "33.5% Complete @ 2025-06-18 09:55:10"
[1] "37.2% Complete @ 2025-06-18 09:55:15"
[1] "40.9% Complete @ 2025-06-18 09:55:21"
[1] "44.6% Complete @ 2025-06-18 09:55:27"
[1] "48.3% Complete @ 2025-06-18 09:55:32"
[1] "52% Complete @ 2025-06-18 09:55:38"
[1] "55.8% Complete @ 2025-06-18 09:55:44"
[1] "59.5% Complete @ 2025-06-18 09:55:49"
[1] "63.2% Complete @ 2025-06-18 09:55:55"
[1] "66.9% Complete @ 2025-06-18 09:56:01"
[1] "70.6% Complete @ 2025-06-18 09:56:06"
[1] "74.3% Complete @ 2025-06-18 09:56:11"
[1] "78.1% Complete @ 2025-06-18 09:56:17"
[1] "81.8% Complete @ 2025-06-18 09:56:22"
[1] "85.5% Complete @ 2025-06-18 09:56:28"
[1] "89.2% Complete @ 2025-06-18 09:56:33"
[1] "92.9% Complete @ 2025-06-18 09:56:39"
[1] "96.7% Complete @ 2025-06-18 09:56:45"
[1] "Failed to find boundaries for 2 Systems"
[1] "Saving outputs @ 2025-06-18 09:56:50"
Deleting layer `sewersheds' using driver `GPKG'
Writing layer `sewersheds' to data source 
  `/work/GRDVULN/sewershed/Model/Create_Boundaries/outputs/Max_Prob/Boundaries/FP_27.gpkg' using driver `GPKG'
Writing 536 features with 6 fields and geometry type Unknown (any).
[1] "Script Complete @ 2025-06-18 09:56:55"
