[1] "Script Start @ 2025-06-18 09:53:20"
[1] "100 previously delineated systems for state: 29"
[1] "Assigning hexagons to 764 systems @ 2025-06-18 09:54:51"
[1] "2.6% Complete @ 2025-06-18 09:55:04"
[1] "5.2% Complete @ 2025-06-18 09:55:15"
[1] "7.9% Complete @ 2025-06-18 09:55:26"
[1] "10.5% Complete @ 2025-06-18 09:55:37"
[1] "13.1% Complete @ 2025-06-18 09:55:47"
[1] "15.7% Complete @ 2025-06-18 09:55:57"
[1] "18.3% Complete @ 2025-06-18 09:56:07"
[1] "20.9% Complete @ 2025-06-18 09:56:17"
[1] "23.6% Complete @ 2025-06-18 09:56:26"
[1] "26.2% Complete @ 2025-06-18 09:56:36"
[1] "28.8% Complete @ 2025-06-18 09:56:46"
[1] "31.4% Complete @ 2025-06-18 09:56:56"
[1] "34% Complete @ 2025-06-18 09:57:08"
[1] "36.6% Complete @ 2025-06-18 09:57:17"
[1] "39.3% Complete @ 2025-06-18 09:57:27"
[1] "41.9% Complete @ 2025-06-18 09:57:37"
[1] "44.5% Complete @ 2025-06-18 09:57:47"
[1] "47.1% Complete @ 2025-06-18 09:57:57"
[1] "49.7% Complete @ 2025-06-18 09:58:06"
[1] "52.4% Complete @ 2025-06-18 09:58:16"
[1] "55% Complete @ 2025-06-18 09:58:25"
[1] "57.6% Complete @ 2025-06-18 09:58:35"
[1] "60.2% Complete @ 2025-06-18 09:58:44"
[1] "62.8% Complete @ 2025-06-18 09:58:55"
[1] "65.4% Complete @ 2025-06-18 09:59:04"
[1] "68.1% Complete @ 2025-06-18 09:59:13"
[1] "70.7% Complete @ 2025-06-18 09:59:22"
[1] "73.3% Complete @ 2025-06-18 09:59:33"
[1] "75.9% Complete @ 2025-06-18 09:59:42"
[1] "78.5% Complete @ 2025-06-18 09:59:52"
[1] "81.2% Complete @ 2025-06-18 10:00:01"
[1] "83.8% Complete @ 2025-06-18 10:00:11"
[1] "86.4% Complete @ 2025-06-18 10:00:21"
[1] "89% Complete @ 2025-06-18 10:00:31"
[1] "91.6% Complete @ 2025-06-18 10:00:40"
[1] "94.2% Complete @ 2025-06-18 10:00:50"
[1] "96.9% Complete @ 2025-06-18 10:01:00"
[1] "99.5% Complete @ 2025-06-18 10:01:11"
[1] "Failed to find boundaries for 5 Systems"
[1] "Saving outputs @ 2025-06-18 10:01:13"
Deleting layer `sewersheds' using driver `GPKG'
Writing layer `sewersheds' to data source 
  `/work/GRDVULN/sewershed/Model/Create_Boundaries/outputs/Max_Prob/Boundaries/FP_29.gpkg' using driver `GPKG'
Writing 759 features with 6 fields and geometry type Unknown (any).
[1] "Script Complete @ 2025-06-18 10:01:19"
