[1] "Script Start @ 2025-06-18 09:53:20"
[1] "0 previously delineated systems for state: 31"
[1] "Assigning hexagons to 467 systems @ 2025-06-18 09:53:57"
[1] "4.3% Complete @ 2025-06-18 09:54:04"
[1] "8.6% Complete @ 2025-06-18 09:54:08"
[1] "12.8% Complete @ 2025-06-18 09:54:13"
[1] "17.1% Complete @ 2025-06-18 09:54:18"
[1] "21.4% Complete @ 2025-06-18 09:54:22"
[1] "25.7% Complete @ 2025-06-18 09:54:26"
[1] "30% Complete @ 2025-06-18 09:54:30"
[1] "34.3% Complete @ 2025-06-18 09:54:34"
[1] "38.5% Complete @ 2025-06-18 09:54:38"
[1] "42.8% Complete @ 2025-06-18 09:54:42"
[1] "47.1% Complete @ 2025-06-18 09:54:46"
[1] "51.4% Complete @ 2025-06-18 09:54:51"
[1] "55.7% Complete @ 2025-06-18 09:54:55"
[1] "60% Complete @ 2025-06-18 09:55:00"
[1] "64.2% Complete @ 2025-06-18 09:55:03"
[1] "68.5% Complete @ 2025-06-18 09:55:07"
[1] "72.8% Complete @ 2025-06-18 09:55:11"
[1] "77.1% Complete @ 2025-06-18 09:55:15"
[1] "81.4% Complete @ 2025-06-18 09:55:19"
[1] "85.7% Complete @ 2025-06-18 09:55:23"
[1] "89.9% Complete @ 2025-06-18 09:55:27"
[1] "94.2% Complete @ 2025-06-18 09:55:31"
[1] "98.5% Complete @ 2025-06-18 09:55:35"
[1] "Failed to find boundaries for 0 Systems"
[1] "Saving outputs @ 2025-06-18 09:55:37"
Deleting layer `sewersheds' using driver `GPKG'
Writing layer `sewersheds' to data source 
  `/work/GRDVULN/sewershed/Model/Create_Boundaries/outputs/Max_Prob/Boundaries/FP_31.gpkg' using driver `GPKG'
Writing 467 features with 6 fields and geometry type Unknown (any).
[1] "Script Complete @ 2025-06-18 09:55:41"
