[1] "Script Start @ 2025-06-18 09:53:36"
[1] "50 previously delineated systems for state: 39"
[1] "Assigning hexagons to 769 systems @ 2025-06-18 09:55:26"
[1] "2.6% Complete @ 2025-06-18 09:55:44"
[1] "5.2% Complete @ 2025-06-18 09:56:01"
[1] "7.8% Complete @ 2025-06-18 09:56:18"
[1] "10.4% Complete @ 2025-06-18 09:56:33"
[1] "13% Complete @ 2025-06-18 09:56:49"
[1] "15.6% Complete @ 2025-06-18 09:57:06"
[1] "18.2% Complete @ 2025-06-18 09:57:22"
[1] "20.8% Complete @ 2025-06-18 09:57:39"
[1] "23.4% Complete @ 2025-06-18 09:57:54"
[1] "26% Complete @ 2025-06-18 09:58:09"
[1] "28.6% Complete @ 2025-06-18 09:58:23"
[1] "31.2% Complete @ 2025-06-18 09:58:37"
[1] "33.8% Complete @ 2025-06-18 09:58:52"
[1] "36.4% Complete @ 2025-06-18 09:59:07"
[1] "39% Complete @ 2025-06-18 09:59:22"
[1] "41.6% Complete @ 2025-06-18 09:59:36"
[1] "44.2% Complete @ 2025-06-18 09:59:51"
[1] "46.8% Complete @ 2025-06-18 10:00:06"
[1] "49.4% Complete @ 2025-06-18 10:00:21"
[1] "52% Complete @ 2025-06-18 10:00:36"
[1] "54.6% Complete @ 2025-06-18 10:00:50"
[1] "57.2% Complete @ 2025-06-18 10:01:05"
[1] "59.8% Complete @ 2025-06-18 10:01:19"
[1] "62.4% Complete @ 2025-06-18 10:01:33"
[1] "65% Complete @ 2025-06-18 10:01:46"
[1] "67.6% Complete @ 2025-06-18 10:02:00"
[1] "70.2% Complete @ 2025-06-18 10:02:13"
[1] "72.8% Complete @ 2025-06-18 10:02:26"
[1] "75.4% Complete @ 2025-06-18 10:02:40"
[1] "78% Complete @ 2025-06-18 10:02:53"
[1] "80.6% Complete @ 2025-06-18 10:03:07"
[1] "83.2% Complete @ 2025-06-18 10:03:21"
[1] "85.8% Complete @ 2025-06-18 10:03:34"
[1] "88.4% Complete @ 2025-06-18 10:03:47"
[1] "91% Complete @ 2025-06-18 10:04:01"
[1] "93.6% Complete @ 2025-06-18 10:04:16"
[1] "96.2% Complete @ 2025-06-18 10:04:30"
[1] "98.8% Complete @ 2025-06-18 10:04:44"
[1] "Failed to find boundaries for 11 Systems"
[1] "Saving outputs @ 2025-06-18 10:04:50"
Deleting layer `sewersheds' using driver `GPKG'
Writing layer `sewersheds' to data source 
  `/work/GRDVULN/sewershed/Model/Create_Boundaries/outputs/Max_Prob/Boundaries/FP_39.gpkg' using driver `GPKG'
Writing 758 features with 6 fields and geometry type Unknown (any).
[1] "Script Complete @ 2025-06-18 10:04:58"
