[1] "Script Start @ 2025-06-18 09:53:37"
[1] "0 previously delineated systems for state: 40"
[1] "Assigning hexagons to 484 systems @ 2025-06-18 09:54:52"
[1] "4.1% Complete @ 2025-06-18 09:54:59"
[1] "8.3% Complete @ 2025-06-18 09:55:05"
[1] "12.4% Complete @ 2025-06-18 09:55:11"
[1] "16.5% Complete @ 2025-06-18 09:55:19"
[1] "20.7% Complete @ 2025-06-18 09:55:25"
[1] "24.8% Complete @ 2025-06-18 09:55:31"
[1] "28.9% Complete @ 2025-06-18 09:55:37"
[1] "33.1% Complete @ 2025-06-18 09:55:42"
[1] "37.2% Complete @ 2025-06-18 09:55:48"
[1] "41.3% Complete @ 2025-06-18 09:55:54"
[1] "45.5% Complete @ 2025-06-18 09:56:00"
[1] "49.6% Complete @ 2025-06-18 09:56:06"
[1] "53.7% Complete @ 2025-06-18 09:56:12"
[1] "57.9% Complete @ 2025-06-18 09:56:18"
[1] "62% Complete @ 2025-06-18 09:56:23"
[1] "66.1% Complete @ 2025-06-18 09:56:30"
[1] "70.2% Complete @ 2025-06-18 09:56:36"
[1] "74.4% Complete @ 2025-06-18 09:56:41"
[1] "78.5% Complete @ 2025-06-18 09:56:47"
[1] "82.6% Complete @ 2025-06-18 09:56:53"
[1] "86.8% Complete @ 2025-06-18 09:57:00"
[1] "90.9% Complete @ 2025-06-18 09:57:06"
[1] "95% Complete @ 2025-06-18 09:57:12"
[1] "99.2% Complete @ 2025-06-18 09:57:19"
[1] "Failed to find boundaries for 4 Systems"
[1] "Saving outputs @ 2025-06-18 09:57:24"
Deleting layer `sewersheds' using driver `GPKG'
Writing layer `sewersheds' to data source 
  `/work/GRDVULN/sewershed/Model/Create_Boundaries/outputs/Max_Prob/Boundaries/FP_40.gpkg' using driver `GPKG'
Writing 480 features with 6 fields and geometry type Unknown (any).
[1] "Script Complete @ 2025-06-18 09:57:29"
