[1] "Script Start @ 2025-06-18 09:53:37"
[1] "5 previously delineated systems for state: 41"
[1] "Assigning hexagons to 212 systems @ 2025-06-18 09:54:28"
[1] "9.4% Complete @ 2025-06-18 09:54:32"
[1] "18.9% Complete @ 2025-06-18 09:54:35"
[1] "28.3% Complete @ 2025-06-18 09:54:38"
[1] "37.7% Complete @ 2025-06-18 09:54:41"
[1] "47.2% Complete @ 2025-06-18 09:54:44"
[1] "56.6% Complete @ 2025-06-18 09:54:47"
[1] "66% Complete @ 2025-06-18 09:54:49"
[1] "75.5% Complete @ 2025-06-18 09:54:52"
[1] "84.9% Complete @ 2025-06-18 09:54:56"
[1] "94.3% Complete @ 2025-06-18 09:54:59"
[1] "Failed to find boundaries for 0 Systems"
[1] "Saving outputs @ 2025-06-18 09:55:04"
Deleting layer `sewersheds' using driver `GPKG'
Writing layer `sewersheds' to data source 
  `/work/GRDVULN/sewershed/Model/Create_Boundaries/outputs/Max_Prob/Boundaries/FP_41.gpkg' using driver `GPKG'
Writing 212 features with 6 fields and geometry type Unknown (any).
[1] "Script Complete @ 2025-06-18 09:55:08"
