[1] "Script Start @ 2025-06-18 09:53:38"
[1] "39 previously delineated systems for state: 42"
[1] "Assigning hexagons to 808 systems @ 2025-06-18 09:55:45"
[1] "2.5% Complete @ 2025-06-18 09:56:05"
[1] "5% Complete @ 2025-06-18 09:56:23"
[1] "7.4% Complete @ 2025-06-18 09:56:43"
[1] "9.9% Complete @ 2025-06-18 09:57:01"
[1] "12.4% Complete @ 2025-06-18 09:57:19"
[1] "14.9% Complete @ 2025-06-18 09:57:36"
[1] "17.3% Complete @ 2025-06-18 09:57:54"
[1] "19.8% Complete @ 2025-06-18 09:58:11"
[1] "22.3% Complete @ 2025-06-18 09:58:27"
[1] "24.8% Complete @ 2025-06-18 09:58:44"
[1] "27.2% Complete @ 2025-06-18 09:59:02"
[1] "29.7% Complete @ 2025-06-18 09:59:20"
[1] "32.2% Complete @ 2025-06-18 09:59:36"
[1] "34.7% Complete @ 2025-06-18 09:59:54"
[1] "37.1% Complete @ 2025-06-18 10:00:10"
[1] "39.6% Complete @ 2025-06-18 10:00:28"
[1] "42.1% Complete @ 2025-06-18 10:00:45"
[1] "44.6% Complete @ 2025-06-18 10:01:03"
[1] "47% Complete @ 2025-06-18 10:01:20"
[1] "49.5% Complete @ 2025-06-18 10:01:37"
[1] "52% Complete @ 2025-06-18 10:01:54"
[1] "54.5% Complete @ 2025-06-18 10:02:11"
[1] "56.9% Complete @ 2025-06-18 10:02:29"
[1] "59.4% Complete @ 2025-06-18 10:02:45"
[1] "61.9% Complete @ 2025-06-18 10:03:03"
[1] "64.4% Complete @ 2025-06-18 10:03:19"
[1] "66.8% Complete @ 2025-06-18 10:03:35"
[1] "69.3% Complete @ 2025-06-18 10:03:52"
[1] "71.8% Complete @ 2025-06-18 10:04:10"
[1] "74.3% Complete @ 2025-06-18 10:04:26"
[1] "76.7% Complete @ 2025-06-18 10:04:43"
[1] "79.2% Complete @ 2025-06-18 10:05:00"
[1] "81.7% Complete @ 2025-06-18 10:05:17"
[1] "84.2% Complete @ 2025-06-18 10:05:33"
[1] "86.6% Complete @ 2025-06-18 10:05:50"
[1] "89.1% Complete @ 2025-06-18 10:06:07"
[1] "91.6% Complete @ 2025-06-18 10:06:24"
[1] "94.1% Complete @ 2025-06-18 10:06:41"
[1] "96.5% Complete @ 2025-06-18 10:06:59"
[1] "99% Complete @ 2025-06-18 10:07:18"
[1] "Failed to find boundaries for 9 Systems"
[1] "Saving outputs @ 2025-06-18 10:07:29"
Deleting layer `sewersheds' using driver `GPKG'
Writing layer `sewersheds' to data source 
  `/work/GRDVULN/sewershed/Model/Create_Boundaries/outputs/Max_Prob/Boundaries/FP_42.gpkg' using driver `GPKG'
Writing 799 features with 6 fields and geometry type Unknown (any).
[1] "Script Complete @ 2025-06-18 10:07:42"
