[1] "Script Start @ 2025-06-18 09:53:38"
[1] "0 previously delineated systems for state: 46"
[1] "Assigning hexagons to 284 systems @ 2025-06-18 09:54:27"
[1] "7% Complete @ 2025-06-18 09:54:30"
[1] "14.1% Complete @ 2025-06-18 09:54:33"
[1] "21.1% Complete @ 2025-06-18 09:54:35"
[1] "28.2% Complete @ 2025-06-18 09:54:37"
[1] "35.2% Complete @ 2025-06-18 09:54:40"
[1] "42.3% Complete @ 2025-06-18 09:54:42"
[1] "49.3% Complete @ 2025-06-18 09:54:45"
[1] "56.3% Complete @ 2025-06-18 09:54:47"
[1] "63.4% Complete @ 2025-06-18 09:54:50"
[1] "70.4% Complete @ 2025-06-18 09:54:52"
[1] "77.5% Complete @ 2025-06-18 09:54:54"
[1] "84.5% Complete @ 2025-06-18 09:54:57"
[1] "91.5% Complete @ 2025-06-18 09:55:00"
[1] "98.6% Complete @ 2025-06-18 09:55:03"
[1] "Failed to find boundaries for 1 Systems"
[1] "Saving outputs @ 2025-06-18 09:55:04"
Deleting layer `sewersheds' using driver `GPKG'
Writing layer `sewersheds' to data source 
  `/work/GRDVULN/sewershed/Model/Create_Boundaries/outputs/Max_Prob/Boundaries/FP_46.gpkg' using driver `GPKG'
Writing 283 features with 6 fields and geometry type Unknown (any).
[1] "Script Complete @ 2025-06-18 09:55:06"
