[1] "Script Start @ 2025-06-18 09:53:42"
[1] "0 previously delineated systems for state: 47"
[1] "Assigning hexagons to 253 systems @ 2025-06-18 09:54:25"
[1] "7.9% Complete @ 2025-06-18 09:54:33"
[1] "15.8% Complete @ 2025-06-18 09:54:40"
[1] "23.7% Complete @ 2025-06-18 09:54:46"
[1] "31.6% Complete @ 2025-06-18 09:54:54"
[1] "39.5% Complete @ 2025-06-18 09:55:00"
[1] "47.4% Complete @ 2025-06-18 09:55:06"
[1] "55.3% Complete @ 2025-06-18 09:55:12"
[1] "63.2% Complete @ 2025-06-18 09:55:18"
[1] "71.1% Complete @ 2025-06-18 09:55:24"
[1] "79.1% Complete @ 2025-06-18 09:55:31"
[1] "87% Complete @ 2025-06-18 09:55:38"
[1] "94.9% Complete @ 2025-06-18 09:55:45"
[1] "Failed to find boundaries for 1 Systems"
[1] "Saving outputs @ 2025-06-18 09:55:56"
Deleting layer `sewersheds' using driver `GPKG'
Writing layer `sewersheds' to data source 
  `/work/GRDVULN/sewershed/Model/Create_Boundaries/outputs/Max_Prob/Boundaries/FP_47.gpkg' using driver `GPKG'
Writing 252 features with 6 fields and geometry type Unknown (any).
[1] "Script Complete @ 2025-06-18 09:56:06"
