[1] "Script Start @ 2025-06-18 09:53:39"
[1] "468 previously delineated systems for state: 48"
[1] "Assigning hexagons to 936 systems @ 2025-06-18 09:56:06"
[1] "2.1% Complete @ 2025-06-18 09:56:23"
[1] "4.3% Complete @ 2025-06-18 09:56:39"
[1] "6.4% Complete @ 2025-06-18 09:56:55"
[1] "8.5% Complete @ 2025-06-18 09:57:10"
[1] "10.7% Complete @ 2025-06-18 09:57:25"
[1] "12.8% Complete @ 2025-06-18 09:57:41"
[1] "15% Complete @ 2025-06-18 09:57:57"
[1] "17.1% Complete @ 2025-06-18 09:58:13"
[1] "19.2% Complete @ 2025-06-18 09:58:28"
[1] "21.4% Complete @ 2025-06-18 09:58:43"
[1] "23.5% Complete @ 2025-06-18 09:58:59"
[1] "25.6% Complete @ 2025-06-18 09:59:14"
[1] "27.8% Complete @ 2025-06-18 09:59:30"
[1] "29.9% Complete @ 2025-06-18 09:59:45"
[1] "32.1% Complete @ 2025-06-18 10:00:01"
[1] "34.2% Complete @ 2025-06-18 10:00:16"
[1] "36.3% Complete @ 2025-06-18 10:00:32"
[1] "38.5% Complete @ 2025-06-18 10:00:47"
[1] "40.6% Complete @ 2025-06-18 10:01:04"
[1] "42.7% Complete @ 2025-06-18 10:01:18"
[1] "44.9% Complete @ 2025-06-18 10:01:34"
[1] "47% Complete @ 2025-06-18 10:01:51"
[1] "49.1% Complete @ 2025-06-18 10:02:06"
[1] "51.3% Complete @ 2025-06-18 10:02:22"
[1] "53.4% Complete @ 2025-06-18 10:02:38"
[1] "55.6% Complete @ 2025-06-18 10:02:54"
[1] "57.7% Complete @ 2025-06-18 10:03:09"
[1] "59.8% Complete @ 2025-06-18 10:03:24"
[1] "62% Complete @ 2025-06-18 10:03:40"
[1] "64.1% Complete @ 2025-06-18 10:03:57"
[1] "66.2% Complete @ 2025-06-18 10:04:11"
[1] "68.4% Complete @ 2025-06-18 10:04:26"
[1] "70.5% Complete @ 2025-06-18 10:04:44"
[1] "72.6% Complete @ 2025-06-18 10:05:00"
[1] "74.8% Complete @ 2025-06-18 10:05:13"
[1] "76.9% Complete @ 2025-06-18 10:05:29"
[1] "79.1% Complete @ 2025-06-18 10:05:44"
[1] "81.2% Complete @ 2025-06-18 10:06:01"
[1] "83.3% Complete @ 2025-06-18 10:06:15"
[1] "85.5% Complete @ 2025-06-18 10:06:30"
[1] "87.6% Complete @ 2025-06-18 10:06:45"
[1] "89.7% Complete @ 2025-06-18 10:07:00"
[1] "91.9% Complete @ 2025-06-18 10:07:15"
[1] "94% Complete @ 2025-06-18 10:07:30"
[1] "96.2% Complete @ 2025-06-18 10:07:46"
[1] "98.3% Complete @ 2025-06-18 10:08:04"
[1] "Failed to find boundaries for 9 Systems"
[1] "Saving outputs @ 2025-06-18 10:08:26"
Deleting layer `sewersheds' using driver `GPKG'
Writing layer `sewersheds' to data source 
  `/work/GRDVULN/sewershed/Model/Create_Boundaries/outputs/Max_Prob/Boundaries/FP_48.gpkg' using driver `GPKG'
Writing 927 features with 6 fields and geometry type Unknown (any).
[1] "Script Complete @ 2025-06-18 10:08:39"
