[1] "Script Start @ 2025-06-18 09:53:55"
[1] "9 previously delineated systems for state: 51"
[1] "Assigning hexagons to 217 systems @ 2025-06-18 09:54:21"
[1] "9.2% Complete @ 2025-06-18 09:54:28"
[1] "18.4% Complete @ 2025-06-18 09:54:34"
[1] "27.6% Complete @ 2025-06-18 09:54:39"
[1] "36.9% Complete @ 2025-06-18 09:54:45"
[1] "46.1% Complete @ 2025-06-18 09:54:51"
[1] "55.3% Complete @ 2025-06-18 09:54:56"
[1] "64.5% Complete @ 2025-06-18 09:55:01"
[1] "73.7% Complete @ 2025-06-18 09:55:07"
[1] "82.9% Complete @ 2025-06-18 09:55:12"
[1] "92.2% Complete @ 2025-06-18 09:55:19"
[1] "Failed to find boundaries for 2 Systems"
[1] "Saving outputs @ 2025-06-18 09:55:28"
Deleting layer `sewersheds' using driver `GPKG'
Writing layer `sewersheds' to data source 
  `/work/GRDVULN/sewershed/Model/Create_Boundaries/outputs/Max_Prob/Boundaries/FP_51.gpkg' using driver `GPKG'
Writing 215 features with 6 fields and geometry type Unknown (any).
[1] "Script Complete @ 2025-06-18 09:55:35"
