[1] "Script Start @ 2025-06-18 09:56:51"
[1] "72 previously delineated systems for state: 55"
[1] "Assigning hexagons to 524 systems @ 2025-06-18 09:57:44"
[1] "3.8% Complete @ 2025-06-18 09:57:53"
[1] "7.6% Complete @ 2025-06-18 09:58:01"
[1] "11.5% Complete @ 2025-06-18 09:58:08"
[1] "15.3% Complete @ 2025-06-18 09:58:16"
[1] "19.1% Complete @ 2025-06-18 09:58:24"
[1] "22.9% Complete @ 2025-06-18 09:58:32"
[1] "26.7% Complete @ 2025-06-18 09:58:40"
[1] "30.5% Complete @ 2025-06-18 09:58:48"
[1] "34.4% Complete @ 2025-06-18 09:58:55"
[1] "38.2% Complete @ 2025-06-18 09:59:03"
[1] "42% Complete @ 2025-06-18 09:59:11"
[1] "45.8% Complete @ 2025-06-18 09:59:18"
[1] "49.6% Complete @ 2025-06-18 09:59:26"
[1] "53.4% Complete @ 2025-06-18 09:59:34"
[1] "57.3% Complete @ 2025-06-18 09:59:42"
[1] "61.1% Complete @ 2025-06-18 09:59:50"
[1] "64.9% Complete @ 2025-06-18 09:59:57"
[1] "68.7% Complete @ 2025-06-18 10:00:05"
[1] "72.5% Complete @ 2025-06-18 10:00:12"
[1] "76.3% Complete @ 2025-06-18 10:00:20"
[1] "80.2% Complete @ 2025-06-18 10:00:28"
[1] "84% Complete @ 2025-06-18 10:00:35"
[1] "87.8% Complete @ 2025-06-18 10:00:43"
[1] "91.6% Complete @ 2025-06-18 10:00:50"
[1] "95.4% Complete @ 2025-06-18 10:00:58"
[1] "99.2% Complete @ 2025-06-18 10:01:06"
[1] "Failed to find boundaries for 0 Systems"
[1] "Saving outputs @ 2025-06-18 10:01:09"
Deleting layer `sewersheds' using driver `GPKG'
Writing layer `sewersheds' to data source 
  `/work/GRDVULN/sewershed/Model/Create_Boundaries/outputs/Max_Prob/Boundaries/FP_55.gpkg' using driver `GPKG'
Writing 524 features with 6 fields and geometry type Unknown (any).
[1] "Script Complete @ 2025-06-18 10:01:14"
