
Due to MODULEPATH changes, the following have been reloaded:
  1) netcdf/4.9.2     2) udunits/2.2.28

The following have been reloaded with a version change:
  1) R/4.3.0 => R/4.4.2             4) hdf5/1.10.8 => hdf5/1.14.5
  2) gdal/3.6.4 => gdal/3.7.3       5) intel/21.4 => intel/24.2
  3) geos/3.11.2 => geos/3.12.0     6) proj/9.2.0 => proj/9.3.0


Attaching package: ‘dplyr’

The following objects are masked from ‘package:stats’:

    filter, lag

The following objects are masked from ‘package:base’:

    intersect, setdiff, setequal, union


Attaching package: ‘xgboost’

The following object is masked from ‘package:dplyr’:

    slice

Loading required package: ggplot2
Loading required package: lattice
Loading required package: ParamHelpers

Attaching package: ‘mlr’

The following object is masked from ‘package:caret’:

    train

Linking to GEOS 3.12.0, GDAL 3.7.3, PROJ 9.3.0; sf_use_s2() is TRUE
Warning messages:
1: In CPL_write_ogr(obj, dsn, layer, driver, as.character(dataset_options),  :
  GDAL Error 1: sqlite3_exec(DELETE FROM gpkg_extensions WHERE lower(table_name)=lower('FP_44') AND lower(column_name)=lower('geom') AND extension_name='gpkg_rtree_index') failed: database is locked
2: In CPL_write_ogr(obj, dsn, layer, driver, as.character(dataset_options),  :
  GDAL Error 1: sqlite3_exec(DROP TABLE "rtree_FP_44_geom") failed: database is locked
3: In CPL_write_ogr(obj, dsn, layer, driver, as.character(dataset_options),  :
  GDAL Error 1: sqlite3_exec(DROP TRIGGER "rtree_FP_44_geom_insert";DROP TRIGGER IF EXISTS "rtree_FP_44_geom_update1";DROP TRIGGER "rtree_FP_44_geom_update2";DROP TRIGGER IF EXISTS "rtree_FP_44_geom_update3";DROP TRIGGER "rtree_FP_44_geom_update4";DROP TRIGGER IF EXISTS "rtree_FP_44_geom_update5";DROP TRIGGER IF EXISTS "rtree_FP_44_geom_update6";DROP TRIGGER IF EXISTS "rtree_FP_44_geom_update7";DROP TRIGGER "rtree_FP_44_geom_delete";) failed: database is locked
4: In CPL_write_ogr(obj, dsn, layer, driver, as.character(dataset_options),  :
  GDAL Error 1: sqlite3_exec(DELETE FROM gpkg_geometry_columns WHERE lower(table_name) = lower('FP_44')) failed: database is locked
