[1] "Starting at: 2025-04-25 12:44:14"
[1] "Loading Links at: 2025-04-25 12:44:26"
[1] "quadkeys to download: 46"
[1] "Downloading and Joining footprints to Hex @ 2025-04-25 12:44:26"
[1] "Downloading Footprints for link 1 @ 2025-04-25 12:44:25.988569"
[1] "File Downloaded... unzipping... 2025-04-25 12:44:30.709099"
[1] "Reading in data and making spatial... 2025-04-25 12:44:31.406731"
[1] "Retrieving coordinates... 2025-04-25 12:44:39.55373"
[1] "Retrieving H3 Indexes for Buildings... 2025-04-25 12:44:39.598604"
[1] "Deleting Footprints... 2025-04-25 12:44:39.813941"
[1] "1 Files Succesfully Downloaded --- 2025-04-25 12:44:40"
[1] "Downloading Footprints for link 2 @ 2025-04-25 12:44:39.818864"
[1] "File Downloaded... unzipping... 2025-04-25 12:44:41.074081"
[1] "Reading in data and making spatial... 2025-04-25 12:44:41.507779"
[1] "Retrieving coordinates... 2025-04-25 12:44:44.937723"
[1] "Retrieving H3 Indexes for Buildings... 2025-04-25 12:44:44.951111"
[1] "Deleting Footprints... 2025-04-25 12:44:45.799182"
[1] "2 Files Succesfully Downloaded --- 2025-04-25 12:44:46"
[1] "Downloading Footprints for link 3 @ 2025-04-25 12:44:45.802137"
[1] "File Downloaded... unzipping... 2025-04-25 12:44:47.166703"
[1] "Reading in data and making spatial... 2025-04-25 12:44:47.328566"
[1] "Retrieving coordinates... 2025-04-25 12:44:49.717006"
[1] "Retrieving H3 Indexes for Buildings... 2025-04-25 12:44:49.733949"
[1] "Deleting Footprints... 2025-04-25 12:44:49.941863"
[1] "3 Files Succesfully Downloaded --- 2025-04-25 12:44:50"
[1] "Downloading Footprints for link 4 @ 2025-04-25 12:44:49.946251"
[1] "File Downloaded... unzipping... 2025-04-25 12:44:51.232041"
[1] "Reading in data and making spatial... 2025-04-25 12:44:51.359191"
[1] "Retrieving coordinates... 2025-04-25 12:44:53.447815"
[1] "Retrieving H3 Indexes for Buildings... 2025-04-25 12:44:53.459926"
[1] "Deleting Footprints... 2025-04-25 12:44:53.542973"
[1] "4 Files Succesfully Downloaded --- 2025-04-25 12:44:54"
[1] "Downloading Footprints for link 5 @ 2025-04-25 12:44:53.546568"
[1] "File Downloaded... unzipping... 2025-04-25 12:44:54.807641"
[1] "Reading in data and making spatial... 2025-04-25 12:44:54.987512"
[1] "Retrieving coordinates... 2025-04-25 12:44:58.032311"
[1] "Retrieving H3 Indexes for Buildings... 2025-04-25 12:44:58.049381"
[1] "Deleting Footprints... 2025-04-25 12:44:58.158717"
[1] "5 Files Succesfully Downloaded --- 2025-04-25 12:44:58"
[1] "Downloading Footprints for link 6 @ 2025-04-25 12:44:58.161425"
[1] "File Downloaded... unzipping... 2025-04-25 12:44:59.121978"
[1] "Reading in data and making spatial... 2025-04-25 12:44:59.265581"
[1] "Retrieving coordinates... 2025-04-25 12:44:59.9526"
[1] "Retrieving H3 Indexes for Buildings... 2025-04-25 12:44:59.956182"
[1] "Deleting Footprints... 2025-04-25 12:45:00.003279"
[1] "6 Files Succesfully Downloaded --- 2025-04-25 12:45:00"
[1] "Downloading Footprints for link 7 @ 2025-04-25 12:45:00.005069"
[1] "File Downloaded... unzipping... 2025-04-25 12:45:01.104458"
[1] "Reading in data and making spatial... 2025-04-25 12:45:01.481895"
[1] "Retrieving coordinates... 2025-04-25 12:45:02.435251"
[1] "Retrieving H3 Indexes for Buildings... 2025-04-25 12:45:02.441212"
[1] "Deleting Footprints... 2025-04-25 12:45:02.585926"
[1] "7 Files Succesfully Downloaded --- 2025-04-25 12:45:03"
[1] "Downloading Footprints for link 8 @ 2025-04-25 12:45:02.58902"
[1] "File Downloaded... unzipping... 2025-04-25 12:45:03.73528"
[1] "Reading in data and making spatial... 2025-04-25 12:45:04.188882"
[1] "Retrieving coordinates... 2025-04-25 12:45:06.067347"
[1] "Retrieving H3 Indexes for Buildings... 2025-04-25 12:45:06.076108"
[1] "Deleting Footprints... 2025-04-25 12:45:06.156202"
[1] "8 Files Succesfully Downloaded --- 2025-04-25 12:45:06"
[1] "Downloading Footprints for link 9 @ 2025-04-25 12:45:06.15995"
[1] "File Downloaded... unzipping... 2025-04-25 12:45:07.242966"
[1] "Reading in data and making spatial... 2025-04-25 12:45:07.493795"
[1] "Retrieving coordinates... 2025-04-25 12:45:09.617205"
[1] "Retrieving H3 Indexes for Buildings... 2025-04-25 12:45:09.625945"
[1] "Deleting Footprints... 2025-04-25 12:45:09.700533"
[1] "9 Files Succesfully Downloaded --- 2025-04-25 12:45:10"
[1] "Downloading Footprints for link 10 @ 2025-04-25 12:45:09.70391"
[1] "File Downloaded... unzipping... 2025-04-25 12:45:11.115869"
[1] "Reading in data and making spatial... 2025-04-25 12:45:11.229087"
[1] "Retrieving coordinates... 2025-04-25 12:45:12.812189"
[1] "Retrieving H3 Indexes for Buildings... 2025-04-25 12:45:12.822831"
[1] "Deleting Footprints... 2025-04-25 12:45:13.022809"
[1] "10 Files Succesfully Downloaded --- 2025-04-25 12:45:13"
[1] "Downloading Footprints for link 11 @ 2025-04-25 12:45:13.026632"
[1] "File Downloaded... unzipping... 2025-04-25 12:45:14.348241"
[1] "Reading in data and making spatial... 2025-04-25 12:45:14.562263"
[1] "Retrieving coordinates... 2025-04-25 12:45:17.858447"
[1] "Retrieving H3 Indexes for Buildings... 2025-04-25 12:45:17.875291"
[1] "Deleting Footprints... 2025-04-25 12:45:18.225717"
[1] "11 Files Succesfully Downloaded --- 2025-04-25 12:45:18"
[1] "Downloading Footprints for link 12 @ 2025-04-25 12:45:18.229147"
[1] "File Downloaded... unzipping... 2025-04-25 12:45:19.5033"
[1] "Reading in data and making spatial... 2025-04-25 12:45:20.13481"
[1] "Retrieving coordinates... 2025-04-25 12:45:22.471081"
[1] "Retrieving H3 Indexes for Buildings... 2025-04-25 12:45:22.486545"
[1] "Deleting Footprints... 2025-04-25 12:45:22.608457"
[1] "12 Files Succesfully Downloaded --- 2025-04-25 12:45:23"
[1] "Downloading Footprints for link 13 @ 2025-04-25 12:45:22.611447"
[1] "File Downloaded... unzipping... 2025-04-25 12:45:24.127067"
[1] "Reading in data and making spatial... 2025-04-25 12:45:24.69793"
[1] "Retrieving coordinates... 2025-04-25 12:45:34.50018"
[1] "Retrieving H3 Indexes for Buildings... 2025-04-25 12:45:34.546964"
[1] "Deleting Footprints... 2025-04-25 12:45:34.851342"
[1] "13 Files Succesfully Downloaded --- 2025-04-25 12:45:35"
[1] "Downloading Footprints for link 14 @ 2025-04-25 12:45:34.85259"
[1] "File Downloaded... unzipping... 2025-04-25 12:45:39.2445"
[1] "Reading in data and making spatial... 2025-04-25 12:45:39.373652"
[1] "Retrieving coordinates... 2025-04-25 12:45:41.957651"
[1] "Retrieving H3 Indexes for Buildings... 2025-04-25 12:45:41.969312"
[1] "Deleting Footprints... 2025-04-25 12:45:42.19179"
[1] "14 Files Succesfully Downloaded --- 2025-04-25 12:45:42"
[1] "Downloading Footprints for link 15 @ 2025-04-25 12:45:42.194972"
[1] "File Downloaded... unzipping... 2025-04-25 12:45:43.41311"
[1] "Reading in data and making spatial... 2025-04-25 12:45:43.974058"
[1] "Retrieving coordinates... 2025-04-25 12:45:47.958626"
[1] "Retrieving H3 Indexes for Buildings... 2025-04-25 12:45:47.975077"
[1] "Deleting Footprints... 2025-04-25 12:45:48.14433"
[1] "15 Files Succesfully Downloaded --- 2025-04-25 12:45:48"
[1] "Downloading Footprints for link 16 @ 2025-04-25 12:45:48.147963"
[1] "File Downloaded... unzipping... 2025-04-25 12:45:49.758863"
[1] "Reading in data and making spatial... 2025-04-25 12:45:50.070074"
[1] "Retrieving coordinates... 2025-04-25 12:45:57.994766"
[1] "Retrieving H3 Indexes for Buildings... 2025-04-25 12:45:58.035228"
[1] "Deleting Footprints... 2025-04-25 12:45:58.284308"
[1] "16 Files Succesfully Downloaded --- 2025-04-25 12:45:58"
[1] "Downloading Footprints for link 17 @ 2025-04-25 12:45:58.288469"
[1] "File Downloaded... unzipping... 2025-04-25 12:46:00.795956"
[1] "Reading in data and making spatial... 2025-04-25 12:46:00.986171"
[1] "Retrieving coordinates... 2025-04-25 12:46:03.231684"
[1] "Retrieving H3 Indexes for Buildings... 2025-04-25 12:46:03.240442"
[1] "Deleting Footprints... 2025-04-25 12:46:03.349953"
[1] "17 Files Succesfully Downloaded --- 2025-04-25 12:46:03"
[1] "Downloading Footprints for link 18 @ 2025-04-25 12:46:03.353286"
[1] "File Downloaded... unzipping... 2025-04-25 12:46:06.884433"
[1] "Reading in data and making spatial... 2025-04-25 12:46:07.01759"
[1] "Retrieving coordinates... 2025-04-25 12:46:09.146716"
[1] "Retrieving H3 Indexes for Buildings... 2025-04-25 12:46:09.156487"
[1] "Deleting Footprints... 2025-04-25 12:46:09.269997"
[1] "18 Files Succesfully Downloaded --- 2025-04-25 12:46:09"
[1] "Downloading Footprints for link 19 @ 2025-04-25 12:46:09.27443"
[1] "File Downloaded... unzipping... 2025-04-25 12:46:10.120611"
[1] "Reading in data and making spatial... 2025-04-25 12:46:10.525142"
[1] "Retrieving coordinates... 2025-04-25 12:46:11.063771"
[1] "Retrieving H3 Indexes for Buildings... 2025-04-25 12:46:11.066909"
[1] "Deleting Footprints... 2025-04-25 12:46:11.159878"
[1] "19 Files Succesfully Downloaded --- 2025-04-25 12:46:11"
[1] "Downloading Footprints for link 20 @ 2025-04-25 12:46:11.161658"
[1] "File Downloaded... unzipping... 2025-04-25 12:46:12.039971"
[1] "Reading in data and making spatial... 2025-04-25 12:46:12.167094"
[1] "Retrieving coordinates... 2025-04-25 12:46:12.812932"
[1] "Retrieving H3 Indexes for Buildings... 2025-04-25 12:46:12.816669"
[1] "Deleting Footprints... 2025-04-25 12:46:12.904662"
[1] "20 Files Succesfully Downloaded --- 2025-04-25 12:46:13"
[1] "Downloading Footprints for link 21 @ 2025-04-25 12:46:12.90873"
[1] "File Downloaded... unzipping... 2025-04-25 12:46:13.826594"
[1] "Reading in data and making spatial... 2025-04-25 12:46:14.152147"
[1] "Retrieving coordinates... 2025-04-25 12:46:14.936841"
[1] "Retrieving H3 Indexes for Buildings... 2025-04-25 12:46:14.940896"
[1] "Deleting Footprints... 2025-04-25 12:46:15.030208"
[1] "21 Files Succesfully Downloaded --- 2025-04-25 12:46:15"
[1] "Downloading Footprints for link 22 @ 2025-04-25 12:46:15.032895"
[1] "File Downloaded... unzipping... 2025-04-25 12:46:16.270098"
[1] "Reading in data and making spatial... 2025-04-25 12:46:16.475976"
[1] "Retrieving coordinates... 2025-04-25 12:46:19.208216"
[1] "Retrieving H3 Indexes for Buildings... 2025-04-25 12:46:19.220077"
[1] "Deleting Footprints... 2025-04-25 12:46:19.353203"
[1] "22 Files Succesfully Downloaded --- 2025-04-25 12:46:19"
[1] "Downloading Footprints for link 23 @ 2025-04-25 12:46:19.356978"
[1] "File Downloaded... unzipping... 2025-04-25 12:46:22.15314"
[1] "Reading in data and making spatial... 2025-04-25 12:46:22.652532"
[1] "Retrieving coordinates... 2025-04-25 12:46:30.935503"
[1] "Retrieving H3 Indexes for Buildings... 2025-04-25 12:46:30.969092"
[1] "Deleting Footprints... 2025-04-25 12:46:31.205376"
[1] "23 Files Succesfully Downloaded --- 2025-04-25 12:46:31"
[1] "Downloading Footprints for link 24 @ 2025-04-25 12:46:31.208306"
[1] "File Downloaded... unzipping... 2025-04-25 12:46:32.353826"
[1] "Reading in data and making spatial... 2025-04-25 12:46:32.478543"
[1] "Retrieving coordinates... 2025-04-25 12:46:34.347733"
[1] "Retrieving H3 Indexes for Buildings... 2025-04-25 12:46:34.357242"
[1] "Deleting Footprints... 2025-04-25 12:46:34.61029"
[1] "24 Files Succesfully Downloaded --- 2025-04-25 12:46:35"
[1] "Downloading Footprints for link 25 @ 2025-04-25 12:46:34.61393"
[1] "File Downloaded... unzipping... 2025-04-25 12:46:35.856802"
[1] "Reading in data and making spatial... 2025-04-25 12:46:36.340662"
[1] "Retrieving coordinates... 2025-04-25 12:46:39.517533"
[1] "Retrieving H3 Indexes for Buildings... 2025-04-25 12:46:39.533425"
[1] "Deleting Footprints... 2025-04-25 12:46:39.706117"
[1] "25 Files Succesfully Downloaded --- 2025-04-25 12:46:40"
[1] "Downloading Footprints for link 26 @ 2025-04-25 12:46:39.708408"
[1] "File Downloaded... unzipping... 2025-04-25 12:46:40.782314"
[1] "Reading in data and making spatial... 2025-04-25 12:46:41.118933"
[1] "Retrieving coordinates... 2025-04-25 12:46:42.427612"
[1] "Retrieving H3 Indexes for Buildings... 2025-04-25 12:46:42.433391"
[1] "Deleting Footprints... 2025-04-25 12:46:42.888649"
[1] "26 Files Succesfully Downloaded --- 2025-04-25 12:46:43"
[1] "Downloading Footprints for link 27 @ 2025-04-25 12:46:42.892731"
[1] "File Downloaded... unzipping... 2025-04-25 12:46:43.808433"
[1] "Reading in data and making spatial... 2025-04-25 12:46:44.246655"
[1] "Retrieving coordinates... 2025-04-25 12:46:47.578951"
[1] "Retrieving H3 Indexes for Buildings... 2025-04-25 12:46:47.583266"
[1] "Deleting Footprints... 2025-04-25 12:46:47.687824"
[1] "27 Files Succesfully Downloaded --- 2025-04-25 12:46:48"
[1] "Downloading Footprints for link 28 @ 2025-04-25 12:46:47.690056"
[1] "File Downloaded... unzipping... 2025-04-25 12:46:48.697837"
[1] "Reading in data and making spatial... 2025-04-25 12:46:49.09794"
[1] "Retrieving coordinates... 2025-04-25 12:46:49.865731"
[1] "Retrieving H3 Indexes for Buildings... 2025-04-25 12:46:49.870589"
[1] "Deleting Footprints... 2025-04-25 12:46:50.165199"
[1] "28 Files Succesfully Downloaded --- 2025-04-25 12:46:50"
[1] "Downloading Footprints for link 29 @ 2025-04-25 12:46:50.168397"
[1] "File Downloaded... unzipping... 2025-04-25 12:46:51.189055"
[1] "Reading in data and making spatial... 2025-04-25 12:46:51.277959"
[1] "Retrieving coordinates... 2025-04-25 12:46:52.577141"
[1] "Retrieving H3 Indexes for Buildings... 2025-04-25 12:46:52.584288"
[1] "Deleting Footprints... 2025-04-25 12:46:52.993065"
[1] "29 Files Succesfully Downloaded --- 2025-04-25 12:46:53"
[1] "Downloading Footprints for link 30 @ 2025-04-25 12:46:52.997174"
[1] "File Downloaded... unzipping... 2025-04-25 12:46:54.32003"
[1] "Reading in data and making spatial... 2025-04-25 12:46:54.652998"
[1] "Retrieving coordinates... 2025-04-25 12:46:59.175336"
[1] "Retrieving H3 Indexes for Buildings... 2025-04-25 12:46:59.197636"
[1] "Deleting Footprints... 2025-04-25 12:46:59.408119"
[1] "30 Files Succesfully Downloaded --- 2025-04-25 12:46:59"
[1] "Downloading Footprints for link 31 @ 2025-04-25 12:46:59.411844"
[1] "File Downloaded... unzipping... 2025-04-25 12:47:01.276001"
[1] "Reading in data and making spatial... 2025-04-25 12:47:02.00542"
[1] "Retrieving coordinates... 2025-04-25 12:47:14.066968"
[1] "Retrieving H3 Indexes for Buildings... 2025-04-25 12:47:14.1293"
[1] "Deleting Footprints... 2025-04-25 12:47:15.146441"
[1] "31 Files Succesfully Downloaded --- 2025-04-25 12:47:15"
[1] "Downloading Footprints for link 32 @ 2025-04-25 12:47:15.149365"
[1] "File Downloaded... unzipping... 2025-04-25 12:47:16.289871"
[1] "Reading in data and making spatial... 2025-04-25 12:47:16.390066"
[1] "Retrieving coordinates... 2025-04-25 12:47:18.735967"
[1] "Retrieving H3 Indexes for Buildings... 2025-04-25 12:47:18.747003"
[1] "Deleting Footprints... 2025-04-25 12:47:18.906877"
[1] "32 Files Succesfully Downloaded --- 2025-04-25 12:47:19"
[1] "Downloading Footprints for link 33 @ 2025-04-25 12:47:18.91053"
[1] "File Downloaded... unzipping... 2025-04-25 12:47:20.008253"
[1] "Reading in data and making spatial... 2025-04-25 12:47:20.080652"
[1] "Retrieving coordinates... 2025-04-25 12:47:21.296272"
[1] "Retrieving H3 Indexes for Buildings... 2025-04-25 12:47:21.301874"
[1] "Deleting Footprints... 2025-04-25 12:47:21.81109"
[1] "33 Files Succesfully Downloaded --- 2025-04-25 12:47:22"
[1] "Downloading Footprints for link 34 @ 2025-04-25 12:47:21.813526"
[1] "File Downloaded... unzipping... 2025-04-25 12:47:22.939506"
[1] "Reading in data and making spatial... 2025-04-25 12:47:23.006332"
[1] "Retrieving coordinates... 2025-04-25 12:47:24.21336"
[1] "Retrieving H3 Indexes for Buildings... 2025-04-25 12:47:24.21839"
[1] "Deleting Footprints... 2025-04-25 12:47:24.351051"
[1] "34 Files Succesfully Downloaded --- 2025-04-25 12:47:24"
[1] "Downloading Footprints for link 35 @ 2025-04-25 12:47:24.35386"
[1] "File Downloaded... unzipping... 2025-04-25 12:47:27.244999"
[1] "Reading in data and making spatial... 2025-04-25 12:47:27.619854"
[1] "Retrieving coordinates... 2025-04-25 12:47:28.751461"
[1] "Retrieving H3 Indexes for Buildings... 2025-04-25 12:47:28.759462"
[1] "Deleting Footprints... 2025-04-25 12:47:29.046821"
[1] "35 Files Succesfully Downloaded --- 2025-04-25 12:47:29"
[1] "Downloading Footprints for link 36 @ 2025-04-25 12:47:29.051401"
[1] "File Downloaded... unzipping... 2025-04-25 12:47:33.690142"
[1] "Reading in data and making spatial... 2025-04-25 12:47:34.027385"
[1] "Retrieving coordinates... 2025-04-25 12:47:38.146665"
[1] "Retrieving H3 Indexes for Buildings... 2025-04-25 12:47:38.1711"
[1] "Deleting Footprints... 2025-04-25 12:47:39.030661"
[1] "36 Files Succesfully Downloaded --- 2025-04-25 12:47:39"
[1] "Downloading Footprints for link 37 @ 2025-04-25 12:47:39.033497"
[1] "File Downloaded... unzipping... 2025-04-25 12:47:40.377175"
[1] "Reading in data and making spatial... 2025-04-25 12:47:40.711574"
[1] "Retrieving coordinates... 2025-04-25 12:47:43.765489"
[1] "Retrieving H3 Indexes for Buildings... 2025-04-25 12:47:43.785123"
[1] "Deleting Footprints... 2025-04-25 12:47:44.857225"
[1] "37 Files Succesfully Downloaded --- 2025-04-25 12:47:45"
[1] "Downloading Footprints for link 38 @ 2025-04-25 12:47:44.859868"
[1] "File Downloaded... unzipping... 2025-04-25 12:47:45.921857"
[1] "Reading in data and making spatial... 2025-04-25 12:47:46.03845"
[1] "Retrieving coordinates... 2025-04-25 12:47:47.642801"
[1] "Retrieving H3 Indexes for Buildings... 2025-04-25 12:47:47.655111"
[1] "Deleting Footprints... 2025-04-25 12:47:48.613051"
[1] "38 Files Succesfully Downloaded --- 2025-04-25 12:47:49"
[1] "Downloading Footprints for link 39 @ 2025-04-25 12:47:48.615995"
[1] "File Downloaded... unzipping... 2025-04-25 12:47:49.977582"
[1] "Reading in data and making spatial... 2025-04-25 12:47:50.20994"
[1] "Retrieving coordinates... 2025-04-25 12:47:54.32038"
[1] "Retrieving H3 Indexes for Buildings... 2025-04-25 12:47:54.345268"
[1] "Deleting Footprints... 2025-04-25 12:47:55.026465"
[1] "39 Files Succesfully Downloaded --- 2025-04-25 12:47:55"
[1] "Downloading Footprints for link 40 @ 2025-04-25 12:47:55.029348"
[1] "File Downloaded... unzipping... 2025-04-25 12:47:56.198946"
[1] "Reading in data and making spatial... 2025-04-25 12:47:56.300164"
[1] "Retrieving coordinates... 2025-04-25 12:47:57.50506"
[1] "Retrieving H3 Indexes for Buildings... 2025-04-25 12:47:57.514894"
[1] "Deleting Footprints... 2025-04-25 12:47:57.982924"
[1] "40 Files Succesfully Downloaded --- 2025-04-25 12:47:58"
[1] "Downloading Footprints for link 41 @ 2025-04-25 12:47:57.985703"
[1] "File Downloaded... unzipping... 2025-04-25 12:47:59.17974"
[1] "Reading in data and making spatial... 2025-04-25 12:47:59.50452"
[1] "Retrieving coordinates... 2025-04-25 12:48:01.424024"
[1] "Retrieving H3 Indexes for Buildings... 2025-04-25 12:48:01.436331"
[1] "Deleting Footprints... 2025-04-25 12:48:02.297944"
[1] "41 Files Succesfully Downloaded --- 2025-04-25 12:48:02"
[1] "Downloading Footprints for link 42 @ 2025-04-25 12:48:02.300889"
[1] "File Downloaded... unzipping... 2025-04-25 12:48:03.565782"
[1] "Reading in data and making spatial... 2025-04-25 12:48:03.695357"
[1] "Retrieving coordinates... 2025-04-25 12:48:05.730803"
[1] "Retrieving H3 Indexes for Buildings... 2025-04-25 12:48:05.74431"
[1] "Deleting Footprints... 2025-04-25 12:48:06.412437"
[1] "42 Files Succesfully Downloaded --- 2025-04-25 12:48:06"
[1] "Downloading Footprints for link 43 @ 2025-04-25 12:48:06.415744"
[1] "File Downloaded... unzipping... 2025-04-25 12:48:07.853593"
[1] "Reading in data and making spatial... 2025-04-25 12:48:08.010067"
[1] "Retrieving coordinates... 2025-04-25 12:48:10.536804"
[1] "Retrieving H3 Indexes for Buildings... 2025-04-25 12:48:10.554357"
[1] "Deleting Footprints... 2025-04-25 12:48:11.670109"
[1] "43 Files Succesfully Downloaded --- 2025-04-25 12:48:12"
[1] "Downloading Footprints for link 44 @ 2025-04-25 12:48:11.674556"
[1] "File Downloaded... unzipping... 2025-04-25 12:48:12.756788"
[1] "Reading in data and making spatial... 2025-04-25 12:48:12.844448"
[1] "Retrieving coordinates... 2025-04-25 12:48:13.806"
[1] "Retrieving H3 Indexes for Buildings... 2025-04-25 12:48:13.813528"
[1] "Deleting Footprints... 2025-04-25 12:48:14.598899"
[1] "44 Files Succesfully Downloaded --- 2025-04-25 12:48:15"
[1] "Downloading Footprints for link 45 @ 2025-04-25 12:48:14.600585"
[1] "File Downloaded... unzipping... 2025-04-25 12:48:15.778908"
[1] "Reading in data and making spatial... 2025-04-25 12:48:16.089427"
[1] "Retrieving coordinates... 2025-04-25 12:48:17.436665"
[1] "Retrieving H3 Indexes for Buildings... 2025-04-25 12:48:17.446166"
[1] "Deleting Footprints... 2025-04-25 12:48:17.996465"
[1] "45 Files Succesfully Downloaded --- 2025-04-25 12:48:18"
[1] "Downloading Footprints for link 46 @ 2025-04-25 12:48:17.997918"
[1] "File Downloaded... unzipping... 2025-04-25 12:48:19.345366"
[1] "Reading in data and making spatial... 2025-04-25 12:48:19.61296"
[1] "Retrieving coordinates... 2025-04-25 12:48:23.104283"
[1] "Retrieving H3 Indexes for Buildings... 2025-04-25 12:48:23.125134"
[1] "Deleting Footprints... 2025-04-25 12:48:24.073673"
[1] "46 Files Succesfully Downloaded --- 2025-04-25 12:48:24"
[1] "SCRIPT COMPLETE @ 2025-04-25 12:48:26"
