[1] "Starting at: 2025-04-25 12:44:14"
[1] "Loading Links at: 2025-04-25 12:44:26"
[1] "quadkeys to download: 16"
[1] "Downloading and Joining footprints to Hex @ 2025-04-25 12:44:26"
[1] "Downloading Footprints for link 1 @ 2025-04-25 12:44:25.988773"
[1] "File Downloaded... unzipping... 2025-04-25 12:44:29.400692"
[1] "Reading in data and making spatial... 2025-04-25 12:44:29.431351"
[1] "Retrieving coordinates... 2025-04-25 12:44:29.68704"
[1] "Retrieving H3 Indexes for Buildings... 2025-04-25 12:44:29.687656"
[1] "Deleting Footprints... 2025-04-25 12:44:29.688721"
[1] "1 Files Succesfully Downloaded --- 2025-04-25 12:44:30"
[1] "Downloading Footprints for link 2 @ 2025-04-25 12:44:29.690073"
[1] "File Downloaded... unzipping... 2025-04-25 12:44:30.606158"
[1] "Reading in data and making spatial... 2025-04-25 12:44:30.648813"
[1] "Retrieving coordinates... 2025-04-25 12:44:31.00608"
[1] "Retrieving H3 Indexes for Buildings... 2025-04-25 12:44:32.101966"
[1] "Deleting Footprints... 2025-04-25 12:44:32.216752"
[1] "2 Files Succesfully Downloaded --- 2025-04-25 12:44:32"
[1] "Downloading Footprints for link 3 @ 2025-04-25 12:44:32.218158"
[1] "File Downloaded... unzipping... 2025-04-25 12:44:32.481229"
[1] "Reading in data and making spatial... 2025-04-25 12:44:32.504458"
[1] "Retrieving coordinates... 2025-04-25 12:44:32.521586"
[1] "Retrieving H3 Indexes for Buildings... 2025-04-25 12:44:32.522074"
[1] "Deleting Footprints... 2025-04-25 12:44:32.523014"
[1] "3 Files Succesfully Downloaded --- 2025-04-25 12:44:33"
[1] "Downloading Footprints for link 4 @ 2025-04-25 12:44:32.524061"
[1] "File Downloaded... unzipping... 2025-04-25 12:44:33.152302"
[1] "Reading in data and making spatial... 2025-04-25 12:44:33.186371"
[1] "Retrieving coordinates... 2025-04-25 12:44:33.396044"
[1] "Retrieving H3 Indexes for Buildings... 2025-04-25 12:44:33.398019"
[1] "Deleting Footprints... 2025-04-25 12:44:33.406458"
[1] "4 Files Succesfully Downloaded --- 2025-04-25 12:44:33"
[1] "Downloading Footprints for link 5 @ 2025-04-25 12:44:33.407615"
[1] "File Downloaded... unzipping... 2025-04-25 12:44:33.67524"
[1] "Reading in data and making spatial... 2025-04-25 12:44:33.695618"
[1] "Retrieving coordinates... 2025-04-25 12:44:33.707802"
[1] "Retrieving H3 Indexes for Buildings... 2025-04-25 12:44:33.708148"
[1] "Deleting Footprints... 2025-04-25 12:44:33.70927"
[1] "5 Files Succesfully Downloaded --- 2025-04-25 12:44:34"
[1] "Downloading Footprints for link 6 @ 2025-04-25 12:44:33.710021"
[1] "File Downloaded... unzipping... 2025-04-25 12:44:34.778348"
[1] "Reading in data and making spatial... 2025-04-25 12:44:34.852952"
[1] "Retrieving coordinates... 2025-04-25 12:44:36.170948"
[1] "Retrieving H3 Indexes for Buildings... 2025-04-25 12:44:36.181981"
[1] "Deleting Footprints... 2025-04-25 12:44:36.230442"
[1] "6 Files Succesfully Downloaded --- 2025-04-25 12:44:36"
[1] "Downloading Footprints for link 7 @ 2025-04-25 12:44:36.232144"
[1] "File Downloaded... unzipping... 2025-04-25 12:44:39.882181"
[1] "Reading in data and making spatial... 2025-04-25 12:44:39.918543"
[1] "Retrieving coordinates... 2025-04-25 12:44:40.181126"
[1] "Retrieving H3 Indexes for Buildings... 2025-04-25 12:44:40.183405"
[1] "Deleting Footprints... 2025-04-25 12:44:40.197894"
[1] "7 Files Succesfully Downloaded --- 2025-04-25 12:44:40"
[1] "Downloading Footprints for link 8 @ 2025-04-25 12:44:40.200733"
[1] "File Downloaded... unzipping... 2025-04-25 12:44:40.490694"
[1] "Reading in data and making spatial... 2025-04-25 12:44:40.514441"
[1] "Retrieving coordinates... 2025-04-25 12:44:40.532565"
[1] "Retrieving H3 Indexes for Buildings... 2025-04-25 12:44:40.532989"
[1] "Deleting Footprints... 2025-04-25 12:44:40.539191"
[1] "8 Files Succesfully Downloaded --- 2025-04-25 12:44:41"
[1] "Downloading Footprints for link 9 @ 2025-04-25 12:44:40.540483"
[1] "File Downloaded... unzipping... 2025-04-25 12:44:41.05253"
[1] "Reading in data and making spatial... 2025-04-25 12:44:41.084265"
[1] "Retrieving coordinates... 2025-04-25 12:44:41.150205"
[1] "Retrieving H3 Indexes for Buildings... 2025-04-25 12:44:41.151087"
[1] "Deleting Footprints... 2025-04-25 12:44:41.159067"
[1] "9 Files Succesfully Downloaded --- 2025-04-25 12:44:41"
[1] "Downloading Footprints for link 10 @ 2025-04-25 12:44:41.160684"
[1] "File Downloaded... unzipping... 2025-04-25 12:44:41.424469"
[1] "Reading in data and making spatial... 2025-04-25 12:44:41.449303"
[1] "Retrieving coordinates... 2025-04-25 12:44:41.46256"
[1] "Retrieving H3 Indexes for Buildings... 2025-04-25 12:44:41.462996"
[1] "Deleting Footprints... 2025-04-25 12:44:41.469081"
[1] "10 Files Succesfully Downloaded --- 2025-04-25 12:44:41"
[1] "Downloading Footprints for link 11 @ 2025-04-25 12:44:41.470083"
[1] "File Downloaded... unzipping... 2025-04-25 12:44:42.253884"
[1] "Reading in data and making spatial... 2025-04-25 12:44:42.607303"
[1] "Retrieving coordinates... 2025-04-25 12:44:42.985023"
[1] "Retrieving H3 Indexes for Buildings... 2025-04-25 12:44:42.987997"
[1] "Deleting Footprints... 2025-04-25 12:44:43.007443"
[1] "11 Files Succesfully Downloaded --- 2025-04-25 12:44:43"
[1] "Downloading Footprints for link 12 @ 2025-04-25 12:44:43.010621"
[1] "File Downloaded... unzipping... 2025-04-25 12:44:43.276281"
[1] "Reading in data and making spatial... 2025-04-25 12:44:43.30002"
[1] "Retrieving coordinates... 2025-04-25 12:44:43.314878"
[1] "Retrieving H3 Indexes for Buildings... 2025-04-25 12:44:43.315335"
[1] "Deleting Footprints... 2025-04-25 12:44:43.322743"
[1] "12 Files Succesfully Downloaded --- 2025-04-25 12:44:43"
[1] "Downloading Footprints for link 13 @ 2025-04-25 12:44:43.324323"
[1] "File Downloaded... unzipping... 2025-04-25 12:44:43.590531"
[1] "Reading in data and making spatial... 2025-04-25 12:44:43.614295"
[1] "Retrieving coordinates... 2025-04-25 12:44:43.630854"
[1] "Retrieving H3 Indexes for Buildings... 2025-04-25 12:44:43.631323"
[1] "Deleting Footprints... 2025-04-25 12:44:43.638819"
[1] "13 Files Succesfully Downloaded --- 2025-04-25 12:44:44"
[1] "Downloading Footprints for link 14 @ 2025-04-25 12:44:43.640806"
[1] "File Downloaded... unzipping... 2025-04-25 12:44:44.221643"
[1] "Reading in data and making spatial... 2025-04-25 12:44:44.254612"
[1] "Retrieving coordinates... 2025-04-25 12:44:44.423329"
[1] "Retrieving H3 Indexes for Buildings... 2025-04-25 12:44:44.424869"
[1] "Deleting Footprints... 2025-04-25 12:44:44.437604"
[1] "14 Files Succesfully Downloaded --- 2025-04-25 12:44:44"
[1] "Downloading Footprints for link 15 @ 2025-04-25 12:44:44.440754"
[1] "File Downloaded... unzipping... 2025-04-25 12:44:44.706433"
[1] "Reading in data and making spatial... 2025-04-25 12:44:44.730059"
[1] "Retrieving coordinates... 2025-04-25 12:44:44.747891"
[1] "Retrieving H3 Indexes for Buildings... 2025-04-25 12:44:44.748362"
[1] "Deleting Footprints... 2025-04-25 12:44:44.75621"
[1] "15 Files Succesfully Downloaded --- 2025-04-25 12:44:45"
[1] "Downloading Footprints for link 16 @ 2025-04-25 12:44:44.757875"
[1] "File Downloaded... unzipping... 2025-04-25 12:44:45.014375"
[1] "Reading in data and making spatial... 2025-04-25 12:44:45.137142"
[1] "Retrieving coordinates... 2025-04-25 12:44:45.148434"
[1] "Retrieving H3 Indexes for Buildings... 2025-04-25 12:44:45.148794"
[1] "Deleting Footprints... 2025-04-25 12:44:45.152914"
[1] "16 Files Succesfully Downloaded --- 2025-04-25 12:44:45"
[1] "SCRIPT COMPLETE @ 2025-04-25 12:44:46"
