[1] "Starting at: 2025-04-25 12:44:14"
[1] "Loading Links at: 2025-04-25 12:44:26"
[1] "quadkeys to download: 88"
[1] "Downloading and Joining footprints to Hex @ 2025-04-25 12:44:26"
[1] "Downloading Footprints for link 1 @ 2025-04-25 12:44:25.988538"
[1] "File Downloaded... unzipping... 2025-04-25 12:44:29.892137"
[1] "Reading in data and making spatial... 2025-04-25 12:44:29.935725"
[1] "Retrieving coordinates... 2025-04-25 12:44:30.188287"
[1] "Retrieving H3 Indexes for Buildings... 2025-04-25 12:44:31.196422"
[1] "Deleting Footprints... 2025-04-25 12:44:31.205183"
[1] "1 Files Succesfully Downloaded --- 2025-04-25 12:44:31"
[1] "Downloading Footprints for link 2 @ 2025-04-25 12:44:31.208156"
[1] "File Downloaded... unzipping... 2025-04-25 12:44:32.292521"
[1] "Reading in data and making spatial... 2025-04-25 12:44:32.441141"
[1] "Retrieving coordinates... 2025-04-25 12:44:33.468282"
[1] "Retrieving H3 Indexes for Buildings... 2025-04-25 12:44:33.476624"
[1] "Deleting Footprints... 2025-04-25 12:44:33.510648"
[1] "2 Files Succesfully Downloaded --- 2025-04-25 12:44:34"
[1] "Downloading Footprints for link 3 @ 2025-04-25 12:44:33.511533"
[1] "File Downloaded... unzipping... 2025-04-25 12:44:34.135954"
[1] "Reading in data and making spatial... 2025-04-25 12:44:34.165513"
[1] "Retrieving coordinates... 2025-04-25 12:44:34.253435"
[1] "Retrieving H3 Indexes for Buildings... 2025-04-25 12:44:34.25437"
[1] "Deleting Footprints... 2025-04-25 12:44:34.26035"
[1] "3 Files Succesfully Downloaded --- 2025-04-25 12:44:34"
[1] "Downloading Footprints for link 4 @ 2025-04-25 12:44:34.261714"
[1] "File Downloaded... unzipping... 2025-04-25 12:44:34.558234"
[1] "Reading in data and making spatial... 2025-04-25 12:44:34.581693"
[1] "Retrieving coordinates... 2025-04-25 12:44:34.595469"
[1] "Retrieving H3 Indexes for Buildings... 2025-04-25 12:44:34.595893"
[1] "Deleting Footprints... 2025-04-25 12:44:34.599498"
[1] "4 Files Succesfully Downloaded --- 2025-04-25 12:44:35"
[1] "Downloading Footprints for link 5 @ 2025-04-25 12:44:34.600509"
[1] "File Downloaded... unzipping... 2025-04-25 12:44:35.589654"
[1] "Reading in data and making spatial... 2025-04-25 12:44:35.663707"
[1] "Retrieving coordinates... 2025-04-25 12:44:36.753553"
[1] "Retrieving H3 Indexes for Buildings... 2025-04-25 12:44:36.761929"
[1] "Deleting Footprints... 2025-04-25 12:44:36.805164"
[1] "5 Files Succesfully Downloaded --- 2025-04-25 12:44:37"
[1] "Downloading Footprints for link 6 @ 2025-04-25 12:44:36.807085"
[1] "File Downloaded... unzipping... 2025-04-25 12:44:37.392378"
[1] "Reading in data and making spatial... 2025-04-25 12:44:37.4259"
[1] "Retrieving coordinates... 2025-04-25 12:44:37.501046"
[1] "Retrieving H3 Indexes for Buildings... 2025-04-25 12:44:37.501999"
[1] "Deleting Footprints... 2025-04-25 12:44:37.510634"
[1] "6 Files Succesfully Downloaded --- 2025-04-25 12:44:38"
[1] "Downloading Footprints for link 7 @ 2025-04-25 12:44:37.512394"
[1] "File Downloaded... unzipping... 2025-04-25 12:44:38.503135"
[1] "Reading in data and making spatial... 2025-04-25 12:44:38.708006"
[1] "Retrieving coordinates... 2025-04-25 12:44:39.055258"
[1] "Retrieving H3 Indexes for Buildings... 2025-04-25 12:44:39.057886"
[1] "Deleting Footprints... 2025-04-25 12:44:39.07522"
[1] "7 Files Succesfully Downloaded --- 2025-04-25 12:44:39"
[1] "Downloading Footprints for link 8 @ 2025-04-25 12:44:39.076771"
[1] "File Downloaded... unzipping... 2025-04-25 12:44:39.949464"
[1] "Reading in data and making spatial... 2025-04-25 12:44:39.995928"
[1] "Retrieving coordinates... 2025-04-25 12:44:40.298176"
[1] "Retrieving H3 Indexes for Buildings... 2025-04-25 12:44:40.300519"
[1] "Deleting Footprints... 2025-04-25 12:44:40.317596"
[1] "8 Files Succesfully Downloaded --- 2025-04-25 12:44:40"
[1] "Downloading Footprints for link 9 @ 2025-04-25 12:44:40.318404"
[1] "File Downloaded... unzipping... 2025-04-25 12:44:41.763138"
[1] "Reading in data and making spatial... 2025-04-25 12:44:42.158801"
[1] "Retrieving coordinates... 2025-04-25 12:44:45.906365"
[1] "Retrieving H3 Indexes for Buildings... 2025-04-25 12:44:45.935357"
[1] "Deleting Footprints... 2025-04-25 12:44:46.206187"
[1] "9 Files Succesfully Downloaded --- 2025-04-25 12:44:46"
[1] "Downloading Footprints for link 10 @ 2025-04-25 12:44:46.208359"
[1] "File Downloaded... unzipping... 2025-04-25 12:44:46.970174"
[1] "Reading in data and making spatial... 2025-04-25 12:44:47.118024"
[1] "Retrieving coordinates... 2025-04-25 12:44:47.42458"
[1] "Retrieving H3 Indexes for Buildings... 2025-04-25 12:44:47.426792"
[1] "Deleting Footprints... 2025-04-25 12:44:47.446557"
[1] "10 Files Succesfully Downloaded --- 2025-04-25 12:44:47"
[1] "Downloading Footprints for link 11 @ 2025-04-25 12:44:47.448599"
[1] "File Downloaded... unzipping... 2025-04-25 12:44:48.526929"
[1] "Reading in data and making spatial... 2025-04-25 12:44:48.764589"
[1] "Retrieving coordinates... 2025-04-25 12:44:49.991337"
[1] "Retrieving H3 Indexes for Buildings... 2025-04-25 12:44:49.998597"
[1] "Deleting Footprints... 2025-04-25 12:44:50.164328"
[1] "11 Files Succesfully Downloaded --- 2025-04-25 12:44:50"
[1] "Downloading Footprints for link 12 @ 2025-04-25 12:44:50.166558"
[1] "File Downloaded... unzipping... 2025-04-25 12:44:51.431375"
[1] "Reading in data and making spatial... 2025-04-25 12:44:51.613114"
[1] "Retrieving coordinates... 2025-04-25 12:44:53.463276"
[1] "Retrieving H3 Indexes for Buildings... 2025-04-25 12:44:53.473524"
[1] "Deleting Footprints... 2025-04-25 12:44:54.219171"
[1] "12 Files Succesfully Downloaded --- 2025-04-25 12:44:54"
[1] "Downloading Footprints for link 13 @ 2025-04-25 12:44:54.220863"
[1] "File Downloaded... unzipping... 2025-04-25 12:44:54.793248"
[1] "Reading in data and making spatial... 2025-04-25 12:44:54.824506"
[1] "Retrieving coordinates... 2025-04-25 12:44:54.891027"
[1] "Retrieving H3 Indexes for Buildings... 2025-04-25 12:44:54.891794"
[1] "Deleting Footprints... 2025-04-25 12:44:54.908099"
[1] "13 Files Succesfully Downloaded --- 2025-04-25 12:44:55"
[1] "Downloading Footprints for link 14 @ 2025-04-25 12:44:54.909954"
[1] "File Downloaded... unzipping... 2025-04-25 12:44:56.306827"
[1] "Reading in data and making spatial... 2025-04-25 12:44:56.434038"
[1] "Retrieving coordinates... 2025-04-25 12:44:58.098434"
[1] "Retrieving H3 Indexes for Buildings... 2025-04-25 12:44:58.108731"
[1] "Deleting Footprints... 2025-04-25 12:44:58.173439"
[1] "14 Files Succesfully Downloaded --- 2025-04-25 12:44:58"
[1] "Downloading Footprints for link 15 @ 2025-04-25 12:44:58.174308"
[1] "File Downloaded... unzipping... 2025-04-25 12:44:58.958818"
[1] "Reading in data and making spatial... 2025-04-25 12:44:58.994486"
[1] "Retrieving coordinates... 2025-04-25 12:44:59.197393"
[1] "Retrieving H3 Indexes for Buildings... 2025-04-25 12:44:59.199027"
[1] "Deleting Footprints... 2025-04-25 12:44:59.222769"
[1] "15 Files Succesfully Downloaded --- 2025-04-25 12:44:59"
[1] "Downloading Footprints for link 16 @ 2025-04-25 12:44:59.225152"
[1] "File Downloaded... unzipping... 2025-04-25 12:44:59.649295"
[1] "Reading in data and making spatial... 2025-04-25 12:44:59.671626"
[1] "Retrieving coordinates... 2025-04-25 12:44:59.705822"
[1] "Retrieving H3 Indexes for Buildings... 2025-04-25 12:44:59.706361"
[1] "Deleting Footprints... 2025-04-25 12:44:59.723516"
[1] "16 Files Succesfully Downloaded --- 2025-04-25 12:45:00"
[1] "Downloading Footprints for link 17 @ 2025-04-25 12:44:59.72516"
[1] "File Downloaded... unzipping... 2025-04-25 12:45:00.408063"
[1] "Reading in data and making spatial... 2025-04-25 12:45:00.438037"
[1] "Retrieving coordinates... 2025-04-25 12:45:00.572009"
[1] "Retrieving H3 Indexes for Buildings... 2025-04-25 12:45:00.57318"
[1] "Deleting Footprints... 2025-04-25 12:45:00.680939"
[1] "17 Files Succesfully Downloaded --- 2025-04-25 12:45:01"
[1] "Downloading Footprints for link 18 @ 2025-04-25 12:45:00.684812"
[1] "File Downloaded... unzipping... 2025-04-25 12:45:01.073292"
[1] "Reading in data and making spatial... 2025-04-25 12:45:01.102952"
[1] "Retrieving coordinates... 2025-04-25 12:45:01.155284"
[1] "Retrieving H3 Indexes for Buildings... 2025-04-25 12:45:01.155923"
[1] "Deleting Footprints... 2025-04-25 12:45:01.174519"
[1] "18 Files Succesfully Downloaded --- 2025-04-25 12:45:01"
[1] "Downloading Footprints for link 19 @ 2025-04-25 12:45:01.177683"
[1] "File Downloaded... unzipping... 2025-04-25 12:45:01.847595"
[1] "Reading in data and making spatial... 2025-04-25 12:45:01.880299"
[1] "Retrieving coordinates... 2025-04-25 12:45:02.042822"
[1] "Retrieving H3 Indexes for Buildings... 2025-04-25 12:45:02.044212"
[1] "Deleting Footprints... 2025-04-25 12:45:02.066685"
[1] "19 Files Succesfully Downloaded --- 2025-04-25 12:45:02"
[1] "Downloading Footprints for link 20 @ 2025-04-25 12:45:02.068366"
[1] "File Downloaded... unzipping... 2025-04-25 12:45:02.616867"
[1] "Reading in data and making spatial... 2025-04-25 12:45:02.642781"
[1] "Retrieving coordinates... 2025-04-25 12:45:02.720396"
[1] "Retrieving H3 Indexes for Buildings... 2025-04-25 12:45:02.721234"
[1] "Deleting Footprints... 2025-04-25 12:45:02.740906"
[1] "20 Files Succesfully Downloaded --- 2025-04-25 12:45:03"
[1] "Downloading Footprints for link 21 @ 2025-04-25 12:45:02.74259"
[1] "File Downloaded... unzipping... 2025-04-25 12:45:05.228935"
[1] "Reading in data and making spatial... 2025-04-25 12:45:06.618942"
[1] "Retrieving coordinates... 2025-04-25 12:45:24.75879"
[1] "Retrieving H3 Indexes for Buildings... 2025-04-25 12:45:24.85019"
[1] "Deleting Footprints... 2025-04-25 12:45:25.317142"
[1] "21 Files Succesfully Downloaded --- 2025-04-25 12:45:25"
[1] "Downloading Footprints for link 22 @ 2025-04-25 12:45:25.321059"
[1] "File Downloaded... unzipping... 2025-04-25 12:45:25.950737"
[1] "Reading in data and making spatial... 2025-04-25 12:45:25.980759"
[1] "Retrieving coordinates... 2025-04-25 12:45:26.126834"
[1] "Retrieving H3 Indexes for Buildings... 2025-04-25 12:45:26.128117"
[1] "Deleting Footprints... 2025-04-25 12:45:26.170516"
[1] "22 Files Succesfully Downloaded --- 2025-04-25 12:45:26"
[1] "Downloading Footprints for link 23 @ 2025-04-25 12:45:26.171822"
[1] "File Downloaded... unzipping... 2025-04-25 12:45:29.771784"
[1] "Reading in data and making spatial... 2025-04-25 12:45:29.803939"
[1] "Retrieving coordinates... 2025-04-25 12:45:29.916304"
[1] "Retrieving H3 Indexes for Buildings... 2025-04-25 12:45:29.917396"
[1] "Deleting Footprints... 2025-04-25 12:45:29.956062"
[1] "23 Files Succesfully Downloaded --- 2025-04-25 12:45:30"
[1] "Downloading Footprints for link 24 @ 2025-04-25 12:45:29.961279"
[1] "File Downloaded... unzipping... 2025-04-25 12:45:30.87128"
[1] "Reading in data and making spatial... 2025-04-25 12:45:30.945256"
[1] "Retrieving coordinates... 2025-04-25 12:45:31.544776"
[1] "Retrieving H3 Indexes for Buildings... 2025-04-25 12:45:31.547554"
[1] "Deleting Footprints... 2025-04-25 12:45:31.596102"
[1] "24 Files Succesfully Downloaded --- 2025-04-25 12:45:32"
[1] "Downloading Footprints for link 25 @ 2025-04-25 12:45:31.599927"
[1] "File Downloaded... unzipping... 2025-04-25 12:45:32.001086"
[1] "Reading in data and making spatial... 2025-04-25 12:45:32.026667"
[1] "Retrieving coordinates... 2025-04-25 12:45:32.064435"
[1] "Retrieving H3 Indexes for Buildings... 2025-04-25 12:45:32.065013"
[1] "Deleting Footprints... 2025-04-25 12:45:32.102475"
[1] "25 Files Succesfully Downloaded --- 2025-04-25 12:45:32"
[1] "Downloading Footprints for link 26 @ 2025-04-25 12:45:32.104514"
[1] "File Downloaded... unzipping... 2025-04-25 12:45:32.377077"
[1] "Reading in data and making spatial... 2025-04-25 12:45:32.401826"
[1] "Retrieving coordinates... 2025-04-25 12:45:32.417693"
[1] "Retrieving H3 Indexes for Buildings... 2025-04-25 12:45:32.418104"
[1] "Deleting Footprints... 2025-04-25 12:45:32.454131"
[1] "26 Files Succesfully Downloaded --- 2025-04-25 12:45:32"
[1] "Downloading Footprints for link 27 @ 2025-04-25 12:45:32.455756"
[1] "File Downloaded... unzipping... 2025-04-25 12:45:34.464246"
[1] "Reading in data and making spatial... 2025-04-25 12:45:34.487894"
[1] "Retrieving coordinates... 2025-04-25 12:45:34.503696"
[1] "Retrieving H3 Indexes for Buildings... 2025-04-25 12:45:34.504086"
[1] "Deleting Footprints... 2025-04-25 12:45:34.613927"
[1] "27 Files Succesfully Downloaded --- 2025-04-25 12:45:35"
[1] "Downloading Footprints for link 28 @ 2025-04-25 12:45:34.615872"
[1] "File Downloaded... unzipping... 2025-04-25 12:45:35.241574"
[1] "Reading in data and making spatial... 2025-04-25 12:45:35.269442"
[1] "Retrieving coordinates... 2025-04-25 12:45:35.365405"
[1] "Retrieving H3 Indexes for Buildings... 2025-04-25 12:45:35.366274"
[1] "Deleting Footprints... 2025-04-25 12:45:35.403859"
[1] "28 Files Succesfully Downloaded --- 2025-04-25 12:45:35"
[1] "Downloading Footprints for link 29 @ 2025-04-25 12:45:35.405413"
[1] "File Downloaded... unzipping... 2025-04-25 12:45:35.792943"
[1] "Reading in data and making spatial... 2025-04-25 12:45:35.816613"
[1] "Retrieving coordinates... 2025-04-25 12:45:35.850271"
[1] "Retrieving H3 Indexes for Buildings... 2025-04-25 12:45:35.850752"
[1] "Deleting Footprints... 2025-04-25 12:45:35.88757"
[1] "29 Files Succesfully Downloaded --- 2025-04-25 12:45:36"
[1] "Downloading Footprints for link 30 @ 2025-04-25 12:45:35.889134"
[1] "File Downloaded... unzipping... 2025-04-25 12:45:36.278447"
[1] "Reading in data and making spatial... 2025-04-25 12:45:36.388554"
[1] "Retrieving coordinates... 2025-04-25 12:45:36.419729"
[1] "Retrieving H3 Indexes for Buildings... 2025-04-25 12:45:36.420186"
[1] "Deleting Footprints... 2025-04-25 12:45:36.457154"
[1] "30 Files Succesfully Downloaded --- 2025-04-25 12:45:36"
[1] "Downloading Footprints for link 31 @ 2025-04-25 12:45:36.458751"
[1] "File Downloaded... unzipping... 2025-04-25 12:45:36.705146"
[1] "Reading in data and making spatial... 2025-04-25 12:45:36.727621"
[1] "Retrieving coordinates... 2025-04-25 12:45:36.739243"
[1] "Retrieving H3 Indexes for Buildings... 2025-04-25 12:45:36.739591"
[1] "Deleting Footprints... 2025-04-25 12:45:36.775599"
[1] "31 Files Succesfully Downloaded --- 2025-04-25 12:45:37"
[1] "Downloading Footprints for link 32 @ 2025-04-25 12:45:36.776811"
[1] "File Downloaded... unzipping... 2025-04-25 12:45:37.388176"
[1] "Reading in data and making spatial... 2025-04-25 12:45:37.482332"
[1] "Retrieving coordinates... 2025-04-25 12:45:37.584365"
[1] "Retrieving H3 Indexes for Buildings... 2025-04-25 12:45:37.585304"
[1] "Deleting Footprints... 2025-04-25 12:45:37.624176"
[1] "32 Files Succesfully Downloaded --- 2025-04-25 12:45:38"
[1] "Downloading Footprints for link 33 @ 2025-04-25 12:45:37.625862"
[1] "File Downloaded... unzipping... 2025-04-25 12:45:38.088809"
[1] "Reading in data and making spatial... 2025-04-25 12:45:38.115163"
[1] "Retrieving coordinates... 2025-04-25 12:45:38.181711"
[1] "Retrieving H3 Indexes for Buildings... 2025-04-25 12:45:38.182384"
[1] "Deleting Footprints... 2025-04-25 12:45:38.291061"
[1] "33 Files Succesfully Downloaded --- 2025-04-25 12:45:38"
[1] "Downloading Footprints for link 34 @ 2025-04-25 12:45:38.294368"
[1] "File Downloaded... unzipping... 2025-04-25 12:45:38.684412"
[1] "Reading in data and making spatial... 2025-04-25 12:45:38.780178"
[1] "Retrieving coordinates... 2025-04-25 12:45:38.811709"
[1] "Retrieving H3 Indexes for Buildings... 2025-04-25 12:45:38.812163"
[1] "Deleting Footprints... 2025-04-25 12:45:39.48608"
[1] "34 Files Succesfully Downloaded --- 2025-04-25 12:45:39"
[1] "Downloading Footprints for link 35 @ 2025-04-25 12:45:39.487931"
[1] "File Downloaded... unzipping... 2025-04-25 12:45:40.152388"
[1] "Reading in data and making spatial... 2025-04-25 12:45:40.181424"
[1] "Retrieving coordinates... 2025-04-25 12:45:40.296379"
[1] "Retrieving H3 Indexes for Buildings... 2025-04-25 12:45:40.297654"
[1] "Deleting Footprints... 2025-04-25 12:45:40.33791"
[1] "35 Files Succesfully Downloaded --- 2025-04-25 12:45:40"
[1] "Downloading Footprints for link 36 @ 2025-04-25 12:45:40.33954"
[1] "File Downloaded... unzipping... 2025-04-25 12:45:40.843075"
[1] "Reading in data and making spatial... 2025-04-25 12:45:40.870026"
[1] "Retrieving coordinates... 2025-04-25 12:45:40.915736"
[1] "Retrieving H3 Indexes for Buildings... 2025-04-25 12:45:40.916388"
[1] "Deleting Footprints... 2025-04-25 12:45:40.953258"
[1] "36 Files Succesfully Downloaded --- 2025-04-25 12:45:41"
[1] "Downloading Footprints for link 37 @ 2025-04-25 12:45:40.956081"
[1] "File Downloaded... unzipping... 2025-04-25 12:45:42.112802"
[1] "Reading in data and making spatial... 2025-04-25 12:45:42.219117"
[1] "Retrieving coordinates... 2025-04-25 12:45:43.654922"
[1] "Retrieving H3 Indexes for Buildings... 2025-04-25 12:45:43.662969"
[1] "Deleting Footprints... 2025-04-25 12:45:44.019647"
[1] "37 Files Succesfully Downloaded --- 2025-04-25 12:45:44"
[1] "Downloading Footprints for link 38 @ 2025-04-25 12:45:44.023257"
[1] "File Downloaded... unzipping... 2025-04-25 12:45:44.504915"
[1] "Reading in data and making spatial... 2025-04-25 12:45:44.532491"
[1] "Retrieving coordinates... 2025-04-25 12:45:44.576816"
[1] "Retrieving H3 Indexes for Buildings... 2025-04-25 12:45:44.577475"
[1] "Deleting Footprints... 2025-04-25 12:45:44.618721"
[1] "38 Files Succesfully Downloaded --- 2025-04-25 12:45:45"
[1] "Downloading Footprints for link 39 @ 2025-04-25 12:45:44.620674"
[1] "File Downloaded... unzipping... 2025-04-25 12:45:45.622898"
[1] "Reading in data and making spatial... 2025-04-25 12:45:45.73353"
[1] "Retrieving coordinates... 2025-04-25 12:45:46.221251"
[1] "Retrieving H3 Indexes for Buildings... 2025-04-25 12:45:46.224572"
[1] "Deleting Footprints... 2025-04-25 12:45:46.279985"
[1] "39 Files Succesfully Downloaded --- 2025-04-25 12:45:46"
[1] "Downloading Footprints for link 40 @ 2025-04-25 12:45:46.282878"
[1] "File Downloaded... unzipping... 2025-04-25 12:45:48.243364"
[1] "Reading in data and making spatial... 2025-04-25 12:45:48.3913"
[1] "Retrieving coordinates... 2025-04-25 12:45:48.81925"
[1] "Retrieving H3 Indexes for Buildings... 2025-04-25 12:45:48.822335"
[1] "Deleting Footprints... 2025-04-25 12:45:48.875542"
[1] "40 Files Succesfully Downloaded --- 2025-04-25 12:45:49"
[1] "Downloading Footprints for link 41 @ 2025-04-25 12:45:48.877368"
[1] "File Downloaded... unzipping... 2025-04-25 12:45:49.970895"
[1] "Reading in data and making spatial... 2025-04-25 12:45:50.043929"
[1] "Retrieving coordinates... 2025-04-25 12:45:51.109016"
[1] "Retrieving H3 Indexes for Buildings... 2025-04-25 12:45:51.114491"
[1] "Deleting Footprints... 2025-04-25 12:45:51.182267"
[1] "41 Files Succesfully Downloaded --- 2025-04-25 12:45:51"
[1] "Downloading Footprints for link 42 @ 2025-04-25 12:45:51.185126"
[1] "File Downloaded... unzipping... 2025-04-25 12:45:51.803528"
[1] "Reading in data and making spatial... 2025-04-25 12:45:51.835784"
[1] "Retrieving coordinates... 2025-04-25 12:45:51.945366"
[1] "Retrieving H3 Indexes for Buildings... 2025-04-25 12:45:51.946391"
[1] "Deleting Footprints... 2025-04-25 12:45:52.113904"
[1] "42 Files Succesfully Downloaded --- 2025-04-25 12:45:52"
[1] "Downloading Footprints for link 43 @ 2025-04-25 12:45:52.115707"
[1] "File Downloaded... unzipping... 2025-04-25 12:45:52.411606"
[1] "Reading in data and making spatial... 2025-04-25 12:45:52.440411"
[1] "Retrieving coordinates... 2025-04-25 12:45:52.456782"
[1] "Retrieving H3 Indexes for Buildings... 2025-04-25 12:45:52.457176"
[1] "Deleting Footprints... 2025-04-25 12:45:52.498741"
[1] "43 Files Succesfully Downloaded --- 2025-04-25 12:45:53"
[1] "Downloading Footprints for link 44 @ 2025-04-25 12:45:52.50055"
[1] "File Downloaded... unzipping... 2025-04-25 12:45:52.824477"
[1] "Reading in data and making spatial... 2025-04-25 12:45:52.848751"
[1] "Retrieving coordinates... 2025-04-25 12:45:52.880515"
[1] "Retrieving H3 Indexes for Buildings... 2025-04-25 12:45:52.881022"
[1] "Deleting Footprints... 2025-04-25 12:45:53.000824"
[1] "44 Files Succesfully Downloaded --- 2025-04-25 12:45:53"
[1] "Downloading Footprints for link 45 @ 2025-04-25 12:45:53.002084"
[1] "File Downloaded... unzipping... 2025-04-25 12:45:56.460007"
[1] "Reading in data and making spatial... 2025-04-25 12:45:58.746657"
[1] "Retrieving coordinates... 2025-04-25 12:46:36.822238"
[1] "Retrieving H3 Indexes for Buildings... 2025-04-25 12:46:37.013547"
[1] "Deleting Footprints... 2025-04-25 12:46:38.313819"
[1] "45 Files Succesfully Downloaded --- 2025-04-25 12:46:38"
[1] "Downloading Footprints for link 46 @ 2025-04-25 12:46:38.317202"
[1] "File Downloaded... unzipping... 2025-04-25 12:46:39.464979"
[1] "Reading in data and making spatial... 2025-04-25 12:46:40.061706"
[1] "Retrieving coordinates... 2025-04-25 12:46:42.803066"
[1] "Retrieving H3 Indexes for Buildings... 2025-04-25 12:46:42.809824"
[1] "Deleting Footprints... 2025-04-25 12:46:44.784952"
[1] "46 Files Succesfully Downloaded --- 2025-04-25 12:46:45"
[1] "Downloading Footprints for link 47 @ 2025-04-25 12:46:44.78808"
[1] "File Downloaded... unzipping... 2025-04-25 12:46:46.104064"
[1] "Reading in data and making spatial... 2025-04-25 12:46:47.8048"
[1] "Retrieving coordinates... 2025-04-25 12:46:50.734794"
[1] "Retrieving H3 Indexes for Buildings... 2025-04-25 12:46:50.750791"
[1] "Deleting Footprints... 2025-04-25 12:46:50.91225"
[1] "47 Files Succesfully Downloaded --- 2025-04-25 12:46:51"
[1] "Downloading Footprints for link 48 @ 2025-04-25 12:46:50.915223"
[1] "File Downloaded... unzipping... 2025-04-25 12:46:54.403366"
[1] "Reading in data and making spatial... 2025-04-25 12:46:54.531635"
[1] "Retrieving coordinates... 2025-04-25 12:46:56.292198"
[1] "Retrieving H3 Indexes for Buildings... 2025-04-25 12:46:56.302403"
[1] "Deleting Footprints... 2025-04-25 12:46:56.89622"
[1] "48 Files Succesfully Downloaded --- 2025-04-25 12:46:57"
[1] "Downloading Footprints for link 49 @ 2025-04-25 12:46:56.900706"
[1] "File Downloaded... unzipping... 2025-04-25 12:46:58.166815"
[1] "Reading in data and making spatial... 2025-04-25 12:46:58.375733"
[1] "Retrieving coordinates... 2025-04-25 12:47:01.264939"
[1] "Retrieving H3 Indexes for Buildings... 2025-04-25 12:47:01.282943"
[1] "Deleting Footprints... 2025-04-25 12:47:01.600074"
[1] "49 Files Succesfully Downloaded --- 2025-04-25 12:47:02"
[1] "Downloading Footprints for link 50 @ 2025-04-25 12:47:01.603475"
[1] "File Downloaded... unzipping... 2025-04-25 12:47:02.501029"
[1] "Reading in data and making spatial... 2025-04-25 12:47:02.555158"
[1] "Retrieving coordinates... 2025-04-25 12:47:02.873667"
[1] "Retrieving H3 Indexes for Buildings... 2025-04-25 12:47:02.875711"
[1] "Deleting Footprints... 2025-04-25 12:47:03.256428"
[1] "50 Files Succesfully Downloaded --- 2025-04-25 12:47:03"
[1] "Downloading Footprints for link 51 @ 2025-04-25 12:47:03.26239"
[1] "File Downloaded... unzipping... 2025-04-25 12:47:05.217778"
[1] "Reading in data and making spatial... 2025-04-25 12:47:05.778123"
[1] "Retrieving coordinates... 2025-04-25 12:47:16.803879"
[1] "Retrieving H3 Indexes for Buildings... 2025-04-25 12:47:16.866709"
[1] "Deleting Footprints... 2025-04-25 12:47:17.469373"
[1] "51 Files Succesfully Downloaded --- 2025-04-25 12:47:17"
[1] "Downloading Footprints for link 52 @ 2025-04-25 12:47:17.473603"
[1] "File Downloaded... unzipping... 2025-04-25 12:47:17.953554"
[1] "Reading in data and making spatial... 2025-04-25 12:47:17.977891"
[1] "Retrieving coordinates... 2025-04-25 12:47:18.017351"
[1] "Retrieving H3 Indexes for Buildings... 2025-04-25 12:47:18.017904"
[1] "Deleting Footprints... 2025-04-25 12:47:19.013259"
[1] "52 Files Succesfully Downloaded --- 2025-04-25 12:47:19"
[1] "Downloading Footprints for link 53 @ 2025-04-25 12:47:19.015671"
[1] "File Downloaded... unzipping... 2025-04-25 12:47:19.532862"
[1] "Reading in data and making spatial... 2025-04-25 12:47:19.558138"
[1] "Retrieving coordinates... 2025-04-25 12:47:19.595488"
[1] "Retrieving H3 Indexes for Buildings... 2025-04-25 12:47:19.596034"
[1] "Deleting Footprints... 2025-04-25 12:47:19.762099"
[1] "53 Files Succesfully Downloaded --- 2025-04-25 12:47:20"
[1] "Downloading Footprints for link 54 @ 2025-04-25 12:47:19.765111"
[1] "File Downloaded... unzipping... 2025-04-25 12:47:20.346927"
[1] "Reading in data and making spatial... 2025-04-25 12:47:20.373875"
[1] "Retrieving coordinates... 2025-04-25 12:47:20.440175"
[1] "Retrieving H3 Indexes for Buildings... 2025-04-25 12:47:20.440988"
[1] "Deleting Footprints... 2025-04-25 12:47:20.670787"
[1] "54 Files Succesfully Downloaded --- 2025-04-25 12:47:21"
[1] "Downloading Footprints for link 55 @ 2025-04-25 12:47:20.676018"
[1] "File Downloaded... unzipping... 2025-04-25 12:47:21.779561"
[1] "Reading in data and making spatial... 2025-04-25 12:47:21.969125"
[1] "Retrieving coordinates... 2025-04-25 12:47:23.228975"
[1] "Retrieving H3 Indexes for Buildings... 2025-04-25 12:47:23.235931"
[1] "Deleting Footprints... 2025-04-25 12:47:23.786361"
[1] "55 Files Succesfully Downloaded --- 2025-04-25 12:47:24"
[1] "Downloading Footprints for link 56 @ 2025-04-25 12:47:23.789045"
[1] "File Downloaded... unzipping... 2025-04-25 12:47:25.682374"
[1] "Reading in data and making spatial... 2025-04-25 12:47:26.224578"
[1] "Retrieving coordinates... 2025-04-25 12:47:37.615383"
[1] "Retrieving H3 Indexes for Buildings... 2025-04-25 12:47:37.674583"
[1] "Deleting Footprints... 2025-04-25 12:47:38.096578"
[1] "56 Files Succesfully Downloaded --- 2025-04-25 12:47:38"
[1] "Downloading Footprints for link 57 @ 2025-04-25 12:47:38.100752"
[1] "File Downloaded... unzipping... 2025-04-25 12:47:42.020891"
[1] "Reading in data and making spatial... 2025-04-25 12:47:42.198358"
[1] "Retrieving coordinates... 2025-04-25 12:47:42.938459"
[1] "Retrieving H3 Indexes for Buildings... 2025-04-25 12:47:42.942243"
[1] "Deleting Footprints... 2025-04-25 12:47:43.455399"
[1] "57 Files Succesfully Downloaded --- 2025-04-25 12:47:43"
[1] "Downloading Footprints for link 58 @ 2025-04-25 12:47:43.461988"
[1] "File Downloaded... unzipping... 2025-04-25 12:47:44.387271"
[1] "Reading in data and making spatial... 2025-04-25 12:47:44.498479"
[1] "Retrieving coordinates... 2025-04-25 12:47:45.476271"
[1] "Retrieving H3 Indexes for Buildings... 2025-04-25 12:47:45.480302"
[1] "Deleting Footprints... 2025-04-25 12:47:45.644657"
[1] "58 Files Succesfully Downloaded --- 2025-04-25 12:47:46"
[1] "Downloading Footprints for link 59 @ 2025-04-25 12:47:45.650017"
[1] "File Downloaded... unzipping... 2025-04-25 12:47:46.040571"
[1] "Reading in data and making spatial... 2025-04-25 12:47:46.066597"
[1] "Retrieving coordinates... 2025-04-25 12:47:46.104165"
[1] "Retrieving H3 Indexes for Buildings... 2025-04-25 12:47:46.104675"
[1] "Deleting Footprints... 2025-04-25 12:47:46.326252"
[1] "59 Files Succesfully Downloaded --- 2025-04-25 12:47:46"
[1] "Downloading Footprints for link 60 @ 2025-04-25 12:47:46.328706"
[1] "File Downloaded... unzipping... 2025-04-25 12:47:47.335637"
[1] "Reading in data and making spatial... 2025-04-25 12:47:47.512151"
[1] "Retrieving coordinates... 2025-04-25 12:47:48.822475"
[1] "Retrieving H3 Indexes for Buildings... 2025-04-25 12:47:48.828898"
[1] "Deleting Footprints... 2025-04-25 12:47:49.057404"
[1] "60 Files Succesfully Downloaded --- 2025-04-25 12:47:49"
[1] "Downloading Footprints for link 61 @ 2025-04-25 12:47:49.060243"
[1] "File Downloaded... unzipping... 2025-04-25 12:47:49.90443"
[1] "Reading in data and making spatial... 2025-04-25 12:47:49.961128"
[1] "Retrieving coordinates... 2025-04-25 12:47:50.235992"
[1] "Retrieving H3 Indexes for Buildings... 2025-04-25 12:47:50.23803"
[1] "Deleting Footprints... 2025-04-25 12:47:50.721443"
[1] "61 Files Succesfully Downloaded --- 2025-04-25 12:47:51"
[1] "Downloading Footprints for link 62 @ 2025-04-25 12:47:50.724677"
[1] "File Downloaded... unzipping... 2025-04-25 12:47:51.26788"
[1] "Reading in data and making spatial... 2025-04-25 12:47:51.296056"
[1] "Retrieving coordinates... 2025-04-25 12:47:51.381241"
[1] "Retrieving H3 Indexes for Buildings... 2025-04-25 12:47:51.382246"
[1] "Deleting Footprints... 2025-04-25 12:47:51.846596"
[1] "62 Files Succesfully Downloaded --- 2025-04-25 12:47:52"
[1] "Downloading Footprints for link 63 @ 2025-04-25 12:47:51.850257"
[1] "File Downloaded... unzipping... 2025-04-25 12:47:52.558648"
[1] "Reading in data and making spatial... 2025-04-25 12:47:52.590149"
[1] "Retrieving coordinates... 2025-04-25 12:47:52.717075"
[1] "Retrieving H3 Indexes for Buildings... 2025-04-25 12:47:52.718346"
[1] "Deleting Footprints... 2025-04-25 12:47:52.913096"
[1] "63 Files Succesfully Downloaded --- 2025-04-25 12:47:53"
[1] "Downloading Footprints for link 64 @ 2025-04-25 12:47:52.914873"
[1] "File Downloaded... unzipping... 2025-04-25 12:47:53.332932"
[1] "Reading in data and making spatial... 2025-04-25 12:47:53.358116"
[1] "Retrieving coordinates... 2025-04-25 12:47:53.386177"
[1] "Retrieving H3 Indexes for Buildings... 2025-04-25 12:47:53.386684"
[1] "Deleting Footprints... 2025-04-25 12:47:53.704827"
[1] "64 Files Succesfully Downloaded --- 2025-04-25 12:47:54"
[1] "Downloading Footprints for link 65 @ 2025-04-25 12:47:53.707897"
[1] "File Downloaded... unzipping... 2025-04-25 12:47:54.579143"
[1] "Reading in data and making spatial... 2025-04-25 12:47:54.631649"
[1] "Retrieving coordinates... 2025-04-25 12:47:54.97993"
[1] "Retrieving H3 Indexes for Buildings... 2025-04-25 12:47:54.983041"
[1] "Deleting Footprints... 2025-04-25 12:47:55.18632"
[1] "65 Files Succesfully Downloaded --- 2025-04-25 12:47:55"
[1] "Downloading Footprints for link 66 @ 2025-04-25 12:47:55.188811"
[1] "File Downloaded... unzipping... 2025-04-25 12:47:56.361958"
[1] "Reading in data and making spatial... 2025-04-25 12:47:56.489559"
[1] "Retrieving coordinates... 2025-04-25 12:47:57.597625"
[1] "Retrieving H3 Indexes for Buildings... 2025-04-25 12:47:57.604681"
[1] "Deleting Footprints... 2025-04-25 12:47:57.863023"
[1] "66 Files Succesfully Downloaded --- 2025-04-25 12:47:58"
[1] "Downloading Footprints for link 67 @ 2025-04-25 12:47:57.866663"
[1] "File Downloaded... unzipping... 2025-04-25 12:47:58.469955"
[1] "Reading in data and making spatial... 2025-04-25 12:47:58.497999"
[1] "Retrieving coordinates... 2025-04-25 12:47:58.56928"
[1] "Retrieving H3 Indexes for Buildings... 2025-04-25 12:47:58.570068"
[1] "Deleting Footprints... 2025-04-25 12:47:58.965952"
[1] "67 Files Succesfully Downloaded --- 2025-04-25 12:47:59"
[1] "Downloading Footprints for link 68 @ 2025-04-25 12:47:58.970151"
[1] "File Downloaded... unzipping... 2025-04-25 12:47:59.751455"
[1] "Reading in data and making spatial... 2025-04-25 12:47:59.789366"
[1] "Retrieving coordinates... 2025-04-25 12:47:59.995532"
[1] "Retrieving H3 Indexes for Buildings... 2025-04-25 12:47:59.997472"
[1] "Deleting Footprints... 2025-04-25 12:48:00.195671"
[1] "68 Files Succesfully Downloaded --- 2025-04-25 12:48:00"
[1] "Downloading Footprints for link 69 @ 2025-04-25 12:48:00.198396"
[1] "File Downloaded... unzipping... 2025-04-25 12:48:00.967561"
[1] "Reading in data and making spatial... 2025-04-25 12:48:01.022877"
[1] "Retrieving coordinates... 2025-04-25 12:48:01.50132"
[1] "Retrieving H3 Indexes for Buildings... 2025-04-25 12:48:01.503724"
[1] "Deleting Footprints... 2025-04-25 12:48:01.660712"
[1] "69 Files Succesfully Downloaded --- 2025-04-25 12:48:02"
[1] "Downloading Footprints for link 70 @ 2025-04-25 12:48:01.663548"
[1] "File Downloaded... unzipping... 2025-04-25 12:48:02.309322"
[1] "Reading in data and making spatial... 2025-04-25 12:48:02.34147"
[1] "Retrieving coordinates... 2025-04-25 12:48:02.499067"
[1] "Retrieving H3 Indexes for Buildings... 2025-04-25 12:48:02.50048"
[1] "Deleting Footprints... 2025-04-25 12:48:02.709412"
[1] "70 Files Succesfully Downloaded --- 2025-04-25 12:48:03"
[1] "Downloading Footprints for link 71 @ 2025-04-25 12:48:02.71124"
[1] "File Downloaded... unzipping... 2025-04-25 12:48:03.514028"
[1] "Reading in data and making spatial... 2025-04-25 12:48:03.657178"
[1] "Retrieving coordinates... 2025-04-25 12:48:04.129896"
[1] "Retrieving H3 Indexes for Buildings... 2025-04-25 12:48:04.132918"
[1] "Deleting Footprints... 2025-04-25 12:48:04.3816"
[1] "71 Files Succesfully Downloaded --- 2025-04-25 12:48:04"
[1] "Downloading Footprints for link 72 @ 2025-04-25 12:48:04.38475"
[1] "File Downloaded... unzipping... 2025-04-25 12:48:04.93465"
[1] "Reading in data and making spatial... 2025-04-25 12:48:05.041901"
[1] "Retrieving coordinates... 2025-04-25 12:48:05.112373"
[1] "Retrieving H3 Indexes for Buildings... 2025-04-25 12:48:05.113136"
[1] "Deleting Footprints... 2025-04-25 12:48:05.544938"
[1] "72 Files Succesfully Downloaded --- 2025-04-25 12:48:06"
[1] "Downloading Footprints for link 73 @ 2025-04-25 12:48:05.547174"
[1] "File Downloaded... unzipping... 2025-04-25 12:48:06.120023"
[1] "Reading in data and making spatial... 2025-04-25 12:48:06.146955"
[1] "Retrieving coordinates... 2025-04-25 12:48:06.226369"
[1] "Retrieving H3 Indexes for Buildings... 2025-04-25 12:48:06.227406"
[1] "Deleting Footprints... 2025-04-25 12:48:06.691929"
[1] "73 Files Succesfully Downloaded --- 2025-04-25 12:48:07"
[1] "Downloading Footprints for link 74 @ 2025-04-25 12:48:06.696338"
[1] "File Downloaded... unzipping... 2025-04-25 12:48:07.311633"
[1] "Reading in data and making spatial... 2025-04-25 12:48:07.340535"
[1] "Retrieving coordinates... 2025-04-25 12:48:07.471815"
[1] "Retrieving H3 Indexes for Buildings... 2025-04-25 12:48:07.473193"
[1] "Deleting Footprints... 2025-04-25 12:48:07.742288"
[1] "74 Files Succesfully Downloaded --- 2025-04-25 12:48:08"
[1] "Downloading Footprints for link 75 @ 2025-04-25 12:48:07.745116"
[1] "File Downloaded... unzipping... 2025-04-25 12:48:07.994601"
[1] "Reading in data and making spatial... 2025-04-25 12:48:08.197845"
[1] "Retrieving coordinates... 2025-04-25 12:48:08.214278"
[1] "Retrieving H3 Indexes for Buildings... 2025-04-25 12:48:08.214678"
[1] "Deleting Footprints... 2025-04-25 12:48:08.340576"
[1] "75 Files Succesfully Downloaded --- 2025-04-25 12:48:08"
[1] "Downloading Footprints for link 76 @ 2025-04-25 12:48:08.342659"
[1] "File Downloaded... unzipping... 2025-04-25 12:48:08.840107"
[1] "Reading in data and making spatial... 2025-04-25 12:48:08.865734"
[1] "Retrieving coordinates... 2025-04-25 12:48:08.910294"
[1] "Retrieving H3 Indexes for Buildings... 2025-04-25 12:48:08.910923"
[1] "Deleting Footprints... 2025-04-25 12:48:09.104754"
[1] "76 Files Succesfully Downloaded --- 2025-04-25 12:48:09"
[1] "Downloading Footprints for link 77 @ 2025-04-25 12:48:09.107792"
[1] "File Downloaded... unzipping... 2025-04-25 12:48:10.047383"
[1] "Reading in data and making spatial... 2025-04-25 12:48:10.148462"
[1] "Retrieving coordinates... 2025-04-25 12:48:10.969645"
[1] "Retrieving H3 Indexes for Buildings... 2025-04-25 12:48:10.975172"
[1] "Deleting Footprints... 2025-04-25 12:48:11.406805"
[1] "77 Files Succesfully Downloaded --- 2025-04-25 12:48:11"
[1] "Downloading Footprints for link 78 @ 2025-04-25 12:48:11.409822"
[1] "File Downloaded... unzipping... 2025-04-25 12:48:12.319034"
[1] "Reading in data and making spatial... 2025-04-25 12:48:12.379467"
[1] "Retrieving coordinates... 2025-04-25 12:48:12.741167"
[1] "Retrieving H3 Indexes for Buildings... 2025-04-25 12:48:12.743994"
[1] "Deleting Footprints... 2025-04-25 12:48:12.958775"
[1] "78 Files Succesfully Downloaded --- 2025-04-25 12:48:13"
[1] "Downloading Footprints for link 79 @ 2025-04-25 12:48:12.962112"
[1] "File Downloaded... unzipping... 2025-04-25 12:48:13.772679"
[1] "Reading in data and making spatial... 2025-04-25 12:48:13.885306"
[1] "Retrieving coordinates... 2025-04-25 12:48:14.09344"
[1] "Retrieving H3 Indexes for Buildings... 2025-04-25 12:48:14.095123"
[1] "Deleting Footprints... 2025-04-25 12:48:14.311172"
[1] "79 Files Succesfully Downloaded --- 2025-04-25 12:48:14"
[1] "Downloading Footprints for link 80 @ 2025-04-25 12:48:14.314541"
[1] "File Downloaded... unzipping... 2025-04-25 12:48:14.976423"
[1] "Reading in data and making spatial... 2025-04-25 12:48:15.007328"
[1] "Retrieving coordinates... 2025-04-25 12:48:15.12485"
[1] "Retrieving H3 Indexes for Buildings... 2025-04-25 12:48:15.126"
[1] "Deleting Footprints... 2025-04-25 12:48:15.676798"
[1] "80 Files Succesfully Downloaded --- 2025-04-25 12:48:16"
[1] "Downloading Footprints for link 81 @ 2025-04-25 12:48:15.680086"
[1] "File Downloaded... unzipping... 2025-04-25 12:48:16.346159"
[1] "Reading in data and making spatial... 2025-04-25 12:48:16.375757"
[1] "Retrieving coordinates... 2025-04-25 12:48:16.49037"
[1] "Retrieving H3 Indexes for Buildings... 2025-04-25 12:48:16.491658"
[1] "Deleting Footprints... 2025-04-25 12:48:16.892918"
[1] "81 Files Succesfully Downloaded --- 2025-04-25 12:48:17"
[1] "Downloading Footprints for link 82 @ 2025-04-25 12:48:16.897212"
[1] "File Downloaded... unzipping... 2025-04-25 12:48:17.448116"
[1] "Reading in data and making spatial... 2025-04-25 12:48:17.481079"
[1] "Retrieving coordinates... 2025-04-25 12:48:17.581489"
[1] "Retrieving H3 Indexes for Buildings... 2025-04-25 12:48:17.582609"
[1] "Deleting Footprints... 2025-04-25 12:48:17.862217"
[1] "82 Files Succesfully Downloaded --- 2025-04-25 12:48:18"
[1] "Downloading Footprints for link 83 @ 2025-04-25 12:48:17.864623"
[1] "File Downloaded... unzipping... 2025-04-25 12:48:18.225089"
[1] "Reading in data and making spatial... 2025-04-25 12:48:18.247655"
[1] "Retrieving coordinates... 2025-04-25 12:48:18.267375"
[1] "Retrieving H3 Indexes for Buildings... 2025-04-25 12:48:18.267782"
[1] "Deleting Footprints... 2025-04-25 12:48:18.590078"
[1] "83 Files Succesfully Downloaded --- 2025-04-25 12:48:19"
[1] "Downloading Footprints for link 84 @ 2025-04-25 12:48:18.594376"
[1] "File Downloaded... unzipping... 2025-04-25 12:48:19.315474"
[1] "Reading in data and making spatial... 2025-04-25 12:48:19.34811"
[1] "Retrieving coordinates... 2025-04-25 12:48:19.516306"
[1] "Retrieving H3 Indexes for Buildings... 2025-04-25 12:48:19.517885"
[1] "Deleting Footprints... 2025-04-25 12:48:19.722502"
[1] "84 Files Succesfully Downloaded --- 2025-04-25 12:48:20"
[1] "Downloading Footprints for link 85 @ 2025-04-25 12:48:19.72655"
[1] "File Downloaded... unzipping... 2025-04-25 12:48:20.341481"
[1] "Reading in data and making spatial... 2025-04-25 12:48:20.371075"
[1] "Retrieving coordinates... 2025-04-25 12:48:20.538128"
[1] "Retrieving H3 Indexes for Buildings... 2025-04-25 12:48:20.53914"
[1] "Deleting Footprints... 2025-04-25 12:48:20.752997"
[1] "85 Files Succesfully Downloaded --- 2025-04-25 12:48:21"
[1] "Downloading Footprints for link 86 @ 2025-04-25 12:48:20.756665"
[1] "File Downloaded... unzipping... 2025-04-25 12:48:21.341732"
[1] "Reading in data and making spatial... 2025-04-25 12:48:21.371479"
[1] "Retrieving coordinates... 2025-04-25 12:48:21.458047"
[1] "Retrieving H3 Indexes for Buildings... 2025-04-25 12:48:21.458949"
[1] "Deleting Footprints... 2025-04-25 12:48:21.789172"
[1] "86 Files Succesfully Downloaded --- 2025-04-25 12:48:22"
[1] "Downloading Footprints for link 87 @ 2025-04-25 12:48:21.792796"
[1] "File Downloaded... unzipping... 2025-04-25 12:48:22.577687"
[1] "Reading in data and making spatial... 2025-04-25 12:48:22.611621"
[1] "Retrieving coordinates... 2025-04-25 12:48:22.824146"
[1] "Retrieving H3 Indexes for Buildings... 2025-04-25 12:48:22.826319"
[1] "Deleting Footprints... 2025-04-25 12:48:23.037657"
[1] "87 Files Succesfully Downloaded --- 2025-04-25 12:48:23"
[1] "Downloading Footprints for link 88 @ 2025-04-25 12:48:23.041411"
[1] "File Downloaded... unzipping... 2025-04-25 12:48:23.766798"
[1] "Reading in data and making spatial... 2025-04-25 12:48:23.801886"
[1] "Retrieving coordinates... 2025-04-25 12:48:23.973224"
[1] "Retrieving H3 Indexes for Buildings... 2025-04-25 12:48:23.974783"
[1] "Deleting Footprints... 2025-04-25 12:48:24.264154"
[1] "88 Files Succesfully Downloaded --- 2025-04-25 12:48:24"
[1] "SCRIPT COMPLETE @ 2025-04-25 12:48:26"
