[1] "Starting at: 2025-04-25 12:44:20"
[1] "Loading Links at: 2025-04-25 12:44:40"
[1] "quadkeys to download: 46"
[1] "Downloading and Joining footprints to Hex @ 2025-04-25 12:44:40"
[1] "Downloading Footprints for link 1 @ 2025-04-25 12:44:39.669392"
[1] "File Downloaded... unzipping... 2025-04-25 12:44:40.786246"
[1] "Reading in data and making spatial... 2025-04-25 12:44:40.956321"
[1] "Retrieving coordinates... 2025-04-25 12:44:44.12048"
[1] "Retrieving H3 Indexes for Buildings... 2025-04-25 12:44:44.131136"
[1] "Deleting Footprints... 2025-04-25 12:44:44.186791"
[1] "1 Files Succesfully Downloaded --- 2025-04-25 12:44:44"
[1] "Downloading Footprints for link 2 @ 2025-04-25 12:44:44.188887"
[1] "File Downloaded... unzipping... 2025-04-25 12:44:45.25907"
[1] "Reading in data and making spatial... 2025-04-25 12:44:45.34599"
[1] "Retrieving coordinates... 2025-04-25 12:44:46.19576"
[1] "Retrieving H3 Indexes for Buildings... 2025-04-25 12:44:46.201526"
[1] "Deleting Footprints... 2025-04-25 12:44:46.236614"
[1] "2 Files Succesfully Downloaded --- 2025-04-25 12:44:46"
[1] "Downloading Footprints for link 3 @ 2025-04-25 12:44:46.240353"
[1] "File Downloaded... unzipping... 2025-04-25 12:44:47.533394"
[1] "Reading in data and making spatial... 2025-04-25 12:44:47.663345"
[1] "Retrieving coordinates... 2025-04-25 12:44:48.646118"
[1] "Retrieving H3 Indexes for Buildings... 2025-04-25 12:44:48.652844"
[1] "Deleting Footprints... 2025-04-25 12:44:48.694664"
[1] "3 Files Succesfully Downloaded --- 2025-04-25 12:44:49"
[1] "Downloading Footprints for link 4 @ 2025-04-25 12:44:48.696098"
[1] "File Downloaded... unzipping... 2025-04-25 12:44:49.768413"
[1] "Reading in data and making spatial... 2025-04-25 12:44:49.84596"
[1] "Retrieving coordinates... 2025-04-25 12:44:50.986427"
[1] "Retrieving H3 Indexes for Buildings... 2025-04-25 12:44:50.992142"
[1] "Deleting Footprints... 2025-04-25 12:44:51.028625"
[1] "4 Files Succesfully Downloaded --- 2025-04-25 12:44:51"
[1] "Downloading Footprints for link 5 @ 2025-04-25 12:44:51.02978"
[1] "File Downloaded... unzipping... 2025-04-25 12:44:51.862674"
[1] "Reading in data and making spatial... 2025-04-25 12:44:52.044523"
[1] "Retrieving coordinates... 2025-04-25 12:44:52.415766"
[1] "Retrieving H3 Indexes for Buildings... 2025-04-25 12:44:52.418233"
[1] "Deleting Footprints... 2025-04-25 12:44:52.43744"
[1] "5 Files Succesfully Downloaded --- 2025-04-25 12:44:52"
[1] "Downloading Footprints for link 6 @ 2025-04-25 12:44:52.439044"
[1] "File Downloaded... unzipping... 2025-04-25 12:44:53.67673"
[1] "Reading in data and making spatial... 2025-04-25 12:44:53.842503"
[1] "Retrieving coordinates... 2025-04-25 12:44:55.19914"
[1] "Retrieving H3 Indexes for Buildings... 2025-04-25 12:44:55.206966"
[1] "Deleting Footprints... 2025-04-25 12:44:55.267114"
[1] "6 Files Succesfully Downloaded --- 2025-04-25 12:44:55"
[1] "Downloading Footprints for link 7 @ 2025-04-25 12:44:55.270363"
[1] "File Downloaded... unzipping... 2025-04-25 12:44:57.092878"
[1] "Reading in data and making spatial... 2025-04-25 12:44:57.625012"
[1] "Retrieving coordinates... 2025-04-25 12:45:00.461286"
[1] "Retrieving H3 Indexes for Buildings... 2025-04-25 12:45:00.47771"
[1] "Deleting Footprints... 2025-04-25 12:45:00.588319"
[1] "7 Files Succesfully Downloaded --- 2025-04-25 12:45:01"
[1] "Downloading Footprints for link 8 @ 2025-04-25 12:45:00.590093"
[1] "File Downloaded... unzipping... 2025-04-25 12:45:02.054749"
[1] "Reading in data and making spatial... 2025-04-25 12:45:02.52772"
[1] "Retrieving coordinates... 2025-04-25 12:45:07.843464"
[1] "Retrieving H3 Indexes for Buildings... 2025-04-25 12:45:07.870193"
[1] "Deleting Footprints... 2025-04-25 12:45:08.041936"
[1] "8 Files Succesfully Downloaded --- 2025-04-25 12:45:08"
[1] "Downloading Footprints for link 9 @ 2025-04-25 12:45:08.045016"
[1] "File Downloaded... unzipping... 2025-04-25 12:45:10.980079"
[1] "Reading in data and making spatial... 2025-04-25 12:45:11.139709"
[1] "Retrieving coordinates... 2025-04-25 12:45:12.459696"
[1] "Retrieving H3 Indexes for Buildings... 2025-04-25 12:45:12.467481"
[1] "Deleting Footprints... 2025-04-25 12:45:12.535504"
[1] "9 Files Succesfully Downloaded --- 2025-04-25 12:45:13"
[1] "Downloading Footprints for link 10 @ 2025-04-25 12:45:12.537188"
[1] "File Downloaded... unzipping... 2025-04-25 12:45:13.624927"
[1] "Reading in data and making spatial... 2025-04-25 12:45:13.830392"
[1] "Retrieving coordinates... 2025-04-25 12:45:15.315685"
[1] "Retrieving H3 Indexes for Buildings... 2025-04-25 12:45:15.323493"
[1] "Deleting Footprints... 2025-04-25 12:45:15.393471"
[1] "10 Files Succesfully Downloaded --- 2025-04-25 12:45:15"
[1] "Downloading Footprints for link 11 @ 2025-04-25 12:45:15.394979"
[1] "File Downloaded... unzipping... 2025-04-25 12:45:16.451182"
[1] "Reading in data and making spatial... 2025-04-25 12:45:16.597637"
[1] "Retrieving coordinates... 2025-04-25 12:45:17.723462"
[1] "Retrieving H3 Indexes for Buildings... 2025-04-25 12:45:17.728871"
[1] "Deleting Footprints... 2025-04-25 12:45:17.785638"
[1] "11 Files Succesfully Downloaded --- 2025-04-25 12:45:18"
[1] "Downloading Footprints for link 12 @ 2025-04-25 12:45:17.786846"
[1] "File Downloaded... unzipping... 2025-04-25 12:45:18.774739"
[1] "Reading in data and making spatial... 2025-04-25 12:45:18.9025"
[1] "Retrieving coordinates... 2025-04-25 12:45:19.916172"
[1] "Retrieving H3 Indexes for Buildings... 2025-04-25 12:45:19.920838"
[1] "Deleting Footprints... 2025-04-25 12:45:20.475581"
[1] "12 Files Succesfully Downloaded --- 2025-04-25 12:45:20"
[1] "Downloading Footprints for link 13 @ 2025-04-25 12:45:20.47651"
[1] "File Downloaded... unzipping... 2025-04-25 12:45:21.512975"
[1] "Reading in data and making spatial... 2025-04-25 12:45:21.695543"
[1] "Retrieving coordinates... 2025-04-25 12:45:22.811197"
[1] "Retrieving H3 Indexes for Buildings... 2025-04-25 12:45:22.941661"
[1] "Deleting Footprints... 2025-04-25 12:45:23.006819"
[1] "13 Files Succesfully Downloaded --- 2025-04-25 12:45:23"
[1] "Downloading Footprints for link 14 @ 2025-04-25 12:45:23.007611"
[1] "File Downloaded... unzipping... 2025-04-25 12:45:24.191973"
[1] "Reading in data and making spatial... 2025-04-25 12:45:24.520823"
[1] "Retrieving coordinates... 2025-04-25 12:45:26.382256"
[1] "Retrieving H3 Indexes for Buildings... 2025-04-25 12:45:26.389724"
[1] "Deleting Footprints... 2025-04-25 12:45:26.456956"
[1] "14 Files Succesfully Downloaded --- 2025-04-25 12:45:26"
[1] "Downloading Footprints for link 15 @ 2025-04-25 12:45:26.460117"
[1] "File Downloaded... unzipping... 2025-04-25 12:45:30.274369"
[1] "Reading in data and making spatial... 2025-04-25 12:45:30.381143"
[1] "Retrieving coordinates... 2025-04-25 12:45:31.259518"
[1] "Retrieving H3 Indexes for Buildings... 2025-04-25 12:45:31.264924"
[1] "Deleting Footprints... 2025-04-25 12:45:31.322604"
[1] "15 Files Succesfully Downloaded --- 2025-04-25 12:45:31"
[1] "Downloading Footprints for link 16 @ 2025-04-25 12:45:31.326293"
[1] "File Downloaded... unzipping... 2025-04-25 12:45:35.34618"
[1] "Reading in data and making spatial... 2025-04-25 12:45:35.531758"
[1] "Retrieving coordinates... 2025-04-25 12:45:37.58082"
[1] "Retrieving H3 Indexes for Buildings... 2025-04-25 12:45:37.592935"
[1] "Deleting Footprints... 2025-04-25 12:45:37.839857"
[1] "16 Files Succesfully Downloaded --- 2025-04-25 12:45:38"
[1] "Downloading Footprints for link 17 @ 2025-04-25 12:45:37.842017"
[1] "File Downloaded... unzipping... 2025-04-25 12:45:39.284349"
[1] "Reading in data and making spatial... 2025-04-25 12:45:39.40077"
[1] "Retrieving coordinates... 2025-04-25 12:45:41.265918"
[1] "Retrieving H3 Indexes for Buildings... 2025-04-25 12:45:41.274545"
[1] "Deleting Footprints... 2025-04-25 12:45:41.359062"
[1] "17 Files Succesfully Downloaded --- 2025-04-25 12:45:41"
[1] "Downloading Footprints for link 18 @ 2025-04-25 12:45:41.361976"
[1] "File Downloaded... unzipping... 2025-04-25 12:45:42.354139"
[1] "Reading in data and making spatial... 2025-04-25 12:45:42.556504"
[1] "Retrieving coordinates... 2025-04-25 12:45:43.70256"
[1] "Retrieving H3 Indexes for Buildings... 2025-04-25 12:45:43.708421"
[1] "Deleting Footprints... 2025-04-25 12:45:44.25143"
[1] "18 Files Succesfully Downloaded --- 2025-04-25 12:45:44"
[1] "Downloading Footprints for link 19 @ 2025-04-25 12:45:44.253634"
[1] "File Downloaded... unzipping... 2025-04-25 12:45:45.265019"
[1] "Reading in data and making spatial... 2025-04-25 12:45:45.352376"
[1] "Retrieving coordinates... 2025-04-25 12:45:46.595454"
[1] "Retrieving H3 Indexes for Buildings... 2025-04-25 12:45:46.603101"
[1] "Deleting Footprints... 2025-04-25 12:45:46.683534"
[1] "19 Files Succesfully Downloaded --- 2025-04-25 12:45:47"
[1] "Downloading Footprints for link 20 @ 2025-04-25 12:45:46.686147"
[1] "File Downloaded... unzipping... 2025-04-25 12:45:47.672323"
[1] "Reading in data and making spatial... 2025-04-25 12:45:47.811572"
[1] "Retrieving coordinates... 2025-04-25 12:45:48.340786"
[1] "Retrieving H3 Indexes for Buildings... 2025-04-25 12:45:48.344056"
[1] "Deleting Footprints... 2025-04-25 12:45:48.398099"
[1] "20 Files Succesfully Downloaded --- 2025-04-25 12:45:48"
[1] "Downloading Footprints for link 21 @ 2025-04-25 12:45:48.399503"
[1] "File Downloaded... unzipping... 2025-04-25 12:45:49.31705"
[1] "Reading in data and making spatial... 2025-04-25 12:45:49.481138"
[1] "Retrieving coordinates... 2025-04-25 12:45:50.165816"
[1] "Retrieving H3 Indexes for Buildings... 2025-04-25 12:45:50.169848"
[1] "Deleting Footprints... 2025-04-25 12:45:50.374056"
[1] "21 Files Succesfully Downloaded --- 2025-04-25 12:45:50"
[1] "Downloading Footprints for link 22 @ 2025-04-25 12:45:50.376366"
[1] "File Downloaded... unzipping... 2025-04-25 12:45:51.351539"
[1] "Reading in data and making spatial... 2025-04-25 12:45:51.409723"
[1] "Retrieving coordinates... 2025-04-25 12:45:51.83562"
[1] "Retrieving H3 Indexes for Buildings... 2025-04-25 12:45:51.838536"
[1] "Deleting Footprints... 2025-04-25 12:45:51.896397"
[1] "22 Files Succesfully Downloaded --- 2025-04-25 12:45:52"
[1] "Downloading Footprints for link 23 @ 2025-04-25 12:45:51.898242"
[1] "File Downloaded... unzipping... 2025-04-25 12:45:53.060282"
[1] "Reading in data and making spatial... 2025-04-25 12:45:53.621544"
[1] "Retrieving coordinates... 2025-04-25 12:45:55.148211"
[1] "Retrieving H3 Indexes for Buildings... 2025-04-25 12:45:55.159893"
[1] "Deleting Footprints... 2025-04-25 12:45:55.265016"
[1] "23 Files Succesfully Downloaded --- 2025-04-25 12:45:55"
[1] "Downloading Footprints for link 24 @ 2025-04-25 12:45:55.266304"
[1] "File Downloaded... unzipping... 2025-04-25 12:45:56.429251"
[1] "Reading in data and making spatial... 2025-04-25 12:45:56.791769"
[1] "Retrieving coordinates... 2025-04-25 12:45:58.715047"
[1] "Retrieving H3 Indexes for Buildings... 2025-04-25 12:45:58.725682"
[1] "Deleting Footprints... 2025-04-25 12:45:58.833987"
[1] "24 Files Succesfully Downloaded --- 2025-04-25 12:45:59"
[1] "Downloading Footprints for link 25 @ 2025-04-25 12:45:58.835605"
[1] "File Downloaded... unzipping... 2025-04-25 12:46:00.711577"
[1] "Reading in data and making spatial... 2025-04-25 12:46:00.935607"
[1] "Retrieving coordinates... 2025-04-25 12:46:01.603418"
[1] "Retrieving H3 Indexes for Buildings... 2025-04-25 12:46:01.607234"
[1] "Deleting Footprints... 2025-04-25 12:46:01.840292"
[1] "25 Files Succesfully Downloaded --- 2025-04-25 12:46:02"
[1] "Downloading Footprints for link 26 @ 2025-04-25 12:46:01.841737"
[1] "File Downloaded... unzipping... 2025-04-25 12:46:03.025872"
[1] "Reading in data and making spatial... 2025-04-25 12:46:03.217537"
[1] "Retrieving coordinates... 2025-04-25 12:46:04.257819"
[1] "Retrieving H3 Indexes for Buildings... 2025-04-25 12:46:04.263123"
[1] "Deleting Footprints... 2025-04-25 12:46:04.335857"
[1] "26 Files Succesfully Downloaded --- 2025-04-25 12:46:04"
[1] "Downloading Footprints for link 27 @ 2025-04-25 12:46:04.338919"
[1] "File Downloaded... unzipping... 2025-04-25 12:46:05.322241"
[1] "Reading in data and making spatial... 2025-04-25 12:46:05.672998"
[1] "Retrieving coordinates... 2025-04-25 12:46:06.524365"
[1] "Retrieving H3 Indexes for Buildings... 2025-04-25 12:46:06.529307"
[1] "Deleting Footprints... 2025-04-25 12:46:06.614713"
[1] "27 Files Succesfully Downloaded --- 2025-04-25 12:46:07"
[1] "Downloading Footprints for link 28 @ 2025-04-25 12:46:06.619167"
[1] "File Downloaded... unzipping... 2025-04-25 12:46:07.931317"
[1] "Reading in data and making spatial... 2025-04-25 12:46:08.199158"
[1] "Retrieving coordinates... 2025-04-25 12:46:11.968335"
[1] "Retrieving H3 Indexes for Buildings... 2025-04-25 12:46:11.985264"
[1] "Deleting Footprints... 2025-04-25 12:46:12.136021"
[1] "28 Files Succesfully Downloaded --- 2025-04-25 12:46:12"
[1] "Downloading Footprints for link 29 @ 2025-04-25 12:46:12.139962"
[1] "File Downloaded... unzipping... 2025-04-25 12:46:13.798254"
[1] "Reading in data and making spatial... 2025-04-25 12:46:14.149044"
[1] "Retrieving coordinates... 2025-04-25 12:46:22.422576"
[1] "Retrieving H3 Indexes for Buildings... 2025-04-25 12:46:23.08326"
[1] "Deleting Footprints... 2025-04-25 12:46:23.365899"
[1] "29 Files Succesfully Downloaded --- 2025-04-25 12:46:23"
[1] "Downloading Footprints for link 30 @ 2025-04-25 12:46:23.367689"
[1] "File Downloaded... unzipping... 2025-04-25 12:46:24.344832"
[1] "Reading in data and making spatial... 2025-04-25 12:46:24.531694"
[1] "Retrieving coordinates... 2025-04-25 12:46:24.982104"
[1] "Retrieving H3 Indexes for Buildings... 2025-04-25 12:46:24.985716"
[1] "Deleting Footprints... 2025-04-25 12:46:25.173636"
[1] "30 Files Succesfully Downloaded --- 2025-04-25 12:46:25"
[1] "Downloading Footprints for link 31 @ 2025-04-25 12:46:25.177094"
[1] "File Downloaded... unzipping... 2025-04-25 12:46:29.191359"
[1] "Reading in data and making spatial... 2025-04-25 12:46:29.307139"
[1] "Retrieving coordinates... 2025-04-25 12:46:30.133816"
[1] "Retrieving H3 Indexes for Buildings... 2025-04-25 12:46:30.1385"
[1] "Deleting Footprints... 2025-04-25 12:46:30.589544"
[1] "31 Files Succesfully Downloaded --- 2025-04-25 12:46:31"
[1] "Downloading Footprints for link 32 @ 2025-04-25 12:46:30.592176"
[1] "File Downloaded... unzipping... 2025-04-25 12:46:31.763085"
[1] "Reading in data and making spatial... 2025-04-25 12:46:31.948384"
[1] "Retrieving coordinates... 2025-04-25 12:46:33.416022"
[1] "Retrieving H3 Indexes for Buildings... 2025-04-25 12:46:33.424878"
[1] "Deleting Footprints... 2025-04-25 12:46:33.645775"
[1] "32 Files Succesfully Downloaded --- 2025-04-25 12:46:34"
[1] "Downloading Footprints for link 33 @ 2025-04-25 12:46:33.649442"
[1] "File Downloaded... unzipping... 2025-04-25 12:46:34.979813"
[1] "Reading in data and making spatial... 2025-04-25 12:46:35.117249"
[1] "Retrieving coordinates... 2025-04-25 12:46:38.459808"
[1] "Retrieving H3 Indexes for Buildings... 2025-04-25 12:46:38.473602"
[1] "Deleting Footprints... 2025-04-25 12:46:38.621379"
[1] "33 Files Succesfully Downloaded --- 2025-04-25 12:46:39"
[1] "Downloading Footprints for link 34 @ 2025-04-25 12:46:38.625532"
[1] "File Downloaded... unzipping... 2025-04-25 12:46:39.734935"
[1] "Reading in data and making spatial... 2025-04-25 12:46:39.83349"
[1] "Retrieving coordinates... 2025-04-25 12:46:40.948178"
[1] "Retrieving H3 Indexes for Buildings... 2025-04-25 12:46:40.953263"
[1] "Deleting Footprints... 2025-04-25 12:46:41.170092"
[1] "34 Files Succesfully Downloaded --- 2025-04-25 12:46:41"
[1] "Downloading Footprints for link 35 @ 2025-04-25 12:46:41.173032"
[1] "File Downloaded... unzipping... 2025-04-25 12:46:42.236885"
[1] "Reading in data and making spatial... 2025-04-25 12:46:47.228103"
[1] "Retrieving coordinates... 2025-04-25 12:46:49.003832"
[1] "Retrieving H3 Indexes for Buildings... 2025-04-25 12:46:49.010733"
[1] "Deleting Footprints... 2025-04-25 12:46:49.404289"
[1] "35 Files Succesfully Downloaded --- 2025-04-25 12:46:49"
[1] "Downloading Footprints for link 36 @ 2025-04-25 12:46:49.407141"
[1] "File Downloaded... unzipping... 2025-04-25 12:46:50.37215"
[1] "Reading in data and making spatial... 2025-04-25 12:46:50.813458"
[1] "Retrieving coordinates... 2025-04-25 12:46:51.547106"
[1] "Retrieving H3 Indexes for Buildings... 2025-04-25 12:46:51.552101"
[1] "Deleting Footprints... 2025-04-25 12:46:51.645249"
[1] "36 Files Succesfully Downloaded --- 2025-04-25 12:46:52"
[1] "Downloading Footprints for link 37 @ 2025-04-25 12:46:51.649644"
[1] "File Downloaded... unzipping... 2025-04-25 12:46:52.824661"
[1] "Reading in data and making spatial... 2025-04-25 12:46:52.93053"
[1] "Retrieving coordinates... 2025-04-25 12:46:53.885658"
[1] "Retrieving H3 Indexes for Buildings... 2025-04-25 12:46:53.89005"
[1] "Deleting Footprints... 2025-04-25 12:46:54.096743"
[1] "37 Files Succesfully Downloaded --- 2025-04-25 12:46:54"
[1] "Downloading Footprints for link 38 @ 2025-04-25 12:46:54.100509"
[1] "File Downloaded... unzipping... 2025-04-25 12:46:55.056293"
[1] "Reading in data and making spatial... 2025-04-25 12:46:55.740554"
[1] "Retrieving coordinates... 2025-04-25 12:46:56.471725"
[1] "Retrieving H3 Indexes for Buildings... 2025-04-25 12:46:56.476565"
[1] "Deleting Footprints... 2025-04-25 12:46:56.574214"
[1] "38 Files Succesfully Downloaded --- 2025-04-25 12:46:57"
[1] "Downloading Footprints for link 39 @ 2025-04-25 12:46:56.576788"
[1] "File Downloaded... unzipping... 2025-04-25 12:46:57.367227"
[1] "Reading in data and making spatial... 2025-04-25 12:46:57.475078"
[1] "Retrieving coordinates... 2025-04-25 12:46:57.943621"
[1] "Retrieving H3 Indexes for Buildings... 2025-04-25 12:46:57.946269"
[1] "Deleting Footprints... 2025-04-25 12:46:58.158444"
[1] "39 Files Succesfully Downloaded --- 2025-04-25 12:46:58"
[1] "Downloading Footprints for link 40 @ 2025-04-25 12:46:58.161283"
[1] "File Downloaded... unzipping... 2025-04-25 12:46:59.05606"
[1] "Reading in data and making spatial... 2025-04-25 12:46:59.206546"
[1] "Retrieving coordinates... 2025-04-25 12:46:59.656229"
[1] "Retrieving H3 Indexes for Buildings... 2025-04-25 12:46:59.659522"
[1] "Deleting Footprints... 2025-04-25 12:47:00.040955"
[1] "40 Files Succesfully Downloaded --- 2025-04-25 12:47:00"
[1] "Downloading Footprints for link 41 @ 2025-04-25 12:47:00.04272"
[1] "File Downloaded... unzipping... 2025-04-25 12:47:01.0846"
[1] "Reading in data and making spatial... 2025-04-25 12:47:01.383708"
[1] "Retrieving coordinates... 2025-04-25 12:47:02.350006"
[1] "Retrieving H3 Indexes for Buildings... 2025-04-25 12:47:02.356421"
[1] "Deleting Footprints... 2025-04-25 12:47:02.573048"
[1] "41 Files Succesfully Downloaded --- 2025-04-25 12:47:03"
[1] "Downloading Footprints for link 42 @ 2025-04-25 12:47:02.726909"
[1] "File Downloaded... unzipping... 2025-04-25 12:47:04.235988"
[1] "Reading in data and making spatial... 2025-04-25 12:47:04.542951"
[1] "Retrieving coordinates... 2025-04-25 12:47:08.205427"
[1] "Retrieving H3 Indexes for Buildings... 2025-04-25 12:47:08.223274"
[1] "Deleting Footprints... 2025-04-25 12:47:08.393847"
[1] "42 Files Succesfully Downloaded --- 2025-04-25 12:47:09"
[1] "Downloading Footprints for link 43 @ 2025-04-25 12:47:08.546731"
[1] "File Downloaded... unzipping... 2025-04-25 12:47:09.558399"
[1] "Reading in data and making spatial... 2025-04-25 12:47:09.749859"
[1] "Retrieving coordinates... 2025-04-25 12:47:10.958141"
[1] "Retrieving H3 Indexes for Buildings... 2025-04-25 12:47:10.962537"
[1] "Deleting Footprints... 2025-04-25 12:47:11.623933"
[1] "43 Files Succesfully Downloaded --- 2025-04-25 12:47:12"
[1] "Downloading Footprints for link 44 @ 2025-04-25 12:47:11.62884"
[1] "File Downloaded... unzipping... 2025-04-25 12:47:14.898583"
[1] "Reading in data and making spatial... 2025-04-25 12:47:15.076159"
[1] "Retrieving coordinates... 2025-04-25 12:47:19.237484"
[1] "Retrieving H3 Indexes for Buildings... 2025-04-25 12:47:19.258979"
[1] "Deleting Footprints... 2025-04-25 12:47:19.445155"
[1] "44 Files Succesfully Downloaded --- 2025-04-25 12:47:19"
[1] "Downloading Footprints for link 45 @ 2025-04-25 12:47:19.449612"
[1] "File Downloaded... unzipping... 2025-04-25 12:47:20.294192"
[1] "Reading in data and making spatial... 2025-04-25 12:47:20.460905"
[1] "Retrieving coordinates... 2025-04-25 12:47:21.221925"
[1] "Retrieving H3 Indexes for Buildings... 2025-04-25 12:47:21.225747"
[1] "Deleting Footprints... 2025-04-25 12:47:21.751281"
[1] "45 Files Succesfully Downloaded --- 2025-04-25 12:47:22"
[1] "Downloading Footprints for link 46 @ 2025-04-25 12:47:21.754037"
[1] "File Downloaded... unzipping... 2025-04-25 12:47:22.745178"
[1] "Reading in data and making spatial... 2025-04-25 12:47:22.94881"
[1] "Retrieving coordinates... 2025-04-25 12:47:23.956558"
[1] "Retrieving H3 Indexes for Buildings... 2025-04-25 12:47:23.962477"
[1] "Deleting Footprints... 2025-04-25 12:47:24.469768"
[1] "46 Files Succesfully Downloaded --- 2025-04-25 12:47:24"
[1] "SCRIPT COMPLETE @ 2025-04-25 12:47:26"
