[1] "Starting at: 2025-04-25 12:44:20"
[1] "Loading Links at: 2025-04-25 12:44:40"
[1] "quadkeys to download: 139"
[1] "Downloading and Joining footprints to Hex @ 2025-04-25 12:44:40"
[1] "Downloading Footprints for link 1 @ 2025-04-25 12:44:39.698417"
[1] "File Downloaded... unzipping... 2025-04-25 12:44:39.968956"
[1] "Reading in data and making spatial... 2025-04-25 12:44:39.998546"
[1] "Retrieving coordinates... 2025-04-25 12:44:40.148583"
[1] "Retrieving H3 Indexes for Buildings... 2025-04-25 12:44:40.149168"
[1] "Deleting Footprints... 2025-04-25 12:44:40.150244"
[1] "1 Files Succesfully Downloaded --- 2025-04-25 12:44:40"
[1] "Downloading Footprints for link 2 @ 2025-04-25 12:44:40.151915"
[1] "File Downloaded... unzipping... 2025-04-25 12:44:40.413014"
[1] "Reading in data and making spatial... 2025-04-25 12:44:40.43595"
[1] "Retrieving coordinates... 2025-04-25 12:44:40.454274"
[1] "Retrieving H3 Indexes for Buildings... 2025-04-25 12:44:40.454713"
[1] "Deleting Footprints... 2025-04-25 12:44:40.45532"
[1] "2 Files Succesfully Downloaded --- 2025-04-25 12:44:40"
[1] "Downloading Footprints for link 3 @ 2025-04-25 12:44:40.456603"
[1] "File Downloaded... unzipping... 2025-04-25 12:44:40.73531"
[1] "Reading in data and making spatial... 2025-04-25 12:44:40.760151"
[1] "Retrieving coordinates... 2025-04-25 12:44:40.774214"
[1] "Retrieving H3 Indexes for Buildings... 2025-04-25 12:44:40.774707"
[1] "Deleting Footprints... 2025-04-25 12:44:40.77511"
[1] "3 Files Succesfully Downloaded --- 2025-04-25 12:44:41"
[1] "Downloading Footprints for link 4 @ 2025-04-25 12:44:40.776572"
[1] "File Downloaded... unzipping... 2025-04-25 12:44:41.600311"
[1] "Reading in data and making spatial... 2025-04-25 12:44:41.846117"
[1] "Retrieving coordinates... 2025-04-25 12:44:42.048635"
[1] "Retrieving H3 Indexes for Buildings... 2025-04-25 12:44:42.467588"
[1] "Deleting Footprints... 2025-04-25 12:44:42.475915"
[1] "4 Files Succesfully Downloaded --- 2025-04-25 12:44:42"
[1] "Downloading Footprints for link 5 @ 2025-04-25 12:44:42.476693"
[1] "File Downloaded... unzipping... 2025-04-25 12:44:43.47552"
[1] "Reading in data and making spatial... 2025-04-25 12:44:43.752037"
[1] "Retrieving coordinates... 2025-04-25 12:44:45.366994"
[1] "Retrieving H3 Indexes for Buildings... 2025-04-25 12:44:45.372556"
[1] "Deleting Footprints... 2025-04-25 12:44:45.401232"
[1] "5 Files Succesfully Downloaded --- 2025-04-25 12:44:45"
[1] "Downloading Footprints for link 6 @ 2025-04-25 12:44:45.404084"
[1] "File Downloaded... unzipping... 2025-04-25 12:44:46.172886"
[1] "Reading in data and making spatial... 2025-04-25 12:44:46.262993"
[1] "Retrieving coordinates... 2025-04-25 12:44:46.505935"
[1] "Retrieving H3 Indexes for Buildings... 2025-04-25 12:44:46.507867"
[1] "Deleting Footprints... 2025-04-25 12:44:46.518422"
[1] "6 Files Succesfully Downloaded --- 2025-04-25 12:44:47"
[1] "Downloading Footprints for link 7 @ 2025-04-25 12:44:46.519901"
[1] "File Downloaded... unzipping... 2025-04-25 12:44:47.418998"
[1] "Reading in data and making spatial... 2025-04-25 12:44:47.482851"
[1] "Retrieving coordinates... 2025-04-25 12:44:47.870391"
[1] "Retrieving H3 Indexes for Buildings... 2025-04-25 12:44:47.873293"
[1] "Deleting Footprints... 2025-04-25 12:44:47.890344"
[1] "7 Files Succesfully Downloaded --- 2025-04-25 12:44:48"
[1] "Downloading Footprints for link 8 @ 2025-04-25 12:44:47.891856"
[1] "File Downloaded... unzipping... 2025-04-25 12:44:49.119805"
[1] "Reading in data and making spatial... 2025-04-25 12:44:49.227694"
[1] "Retrieving coordinates... 2025-04-25 12:44:50.656506"
[1] "Retrieving H3 Indexes for Buildings... 2025-04-25 12:44:50.667351"
[1] "Deleting Footprints... 2025-04-25 12:44:50.72296"
[1] "8 Files Succesfully Downloaded --- 2025-04-25 12:44:51"
[1] "Downloading Footprints for link 9 @ 2025-04-25 12:44:50.725998"
[1] "File Downloaded... unzipping... 2025-04-25 12:44:51.491719"
[1] "Reading in data and making spatial... 2025-04-25 12:44:51.52916"
[1] "Retrieving coordinates... 2025-04-25 12:44:51.740291"
[1] "Retrieving H3 Indexes for Buildings... 2025-04-25 12:44:51.741951"
[1] "Deleting Footprints... 2025-04-25 12:44:51.757262"
[1] "9 Files Succesfully Downloaded --- 2025-04-25 12:44:52"
[1] "Downloading Footprints for link 10 @ 2025-04-25 12:44:51.758663"
[1] "File Downloaded... unzipping... 2025-04-25 12:44:53.195349"
[1] "Reading in data and making spatial... 2025-04-25 12:44:53.610415"
[1] "Retrieving coordinates... 2025-04-25 12:44:58.809122"
[1] "Retrieving H3 Indexes for Buildings... 2025-04-25 12:44:58.838089"
[1] "Deleting Footprints... 2025-04-25 12:44:59.004015"
[1] "10 Files Succesfully Downloaded --- 2025-04-25 12:44:59"
[1] "Downloading Footprints for link 11 @ 2025-04-25 12:44:59.006065"
[1] "File Downloaded... unzipping... 2025-04-25 12:44:59.278035"
[1] "Reading in data and making spatial... 2025-04-25 12:44:59.734185"
[1] "Retrieving coordinates... 2025-04-25 12:44:59.749322"
[1] "Retrieving H3 Indexes for Buildings... 2025-04-25 12:44:59.749854"
[1] "Deleting Footprints... 2025-04-25 12:44:59.761181"
[1] "11 Files Succesfully Downloaded --- 2025-04-25 12:45:00"
[1] "Downloading Footprints for link 12 @ 2025-04-25 12:44:59.762044"
[1] "File Downloaded... unzipping... 2025-04-25 12:45:00.444562"
[1] "Reading in data and making spatial... 2025-04-25 12:45:00.486886"
[1] "Retrieving coordinates... 2025-04-25 12:45:00.609582"
[1] "Retrieving H3 Indexes for Buildings... 2025-04-25 12:45:00.610547"
[1] "Deleting Footprints... 2025-04-25 12:45:00.624735"
[1] "12 Files Succesfully Downloaded --- 2025-04-25 12:45:01"
[1] "Downloading Footprints for link 13 @ 2025-04-25 12:45:00.625611"
[1] "File Downloaded... unzipping... 2025-04-25 12:45:01.21034"
[1] "Reading in data and making spatial... 2025-04-25 12:45:01.247272"
[1] "Retrieving coordinates... 2025-04-25 12:45:01.383622"
[1] "Retrieving H3 Indexes for Buildings... 2025-04-25 12:45:01.384645"
[1] "Deleting Footprints... 2025-04-25 12:45:01.399734"
[1] "13 Files Succesfully Downloaded --- 2025-04-25 12:45:01"
[1] "Downloading Footprints for link 14 @ 2025-04-25 12:45:01.402063"
[1] "File Downloaded... unzipping... 2025-04-25 12:45:02.620854"
[1] "Reading in data and making spatial... 2025-04-25 12:45:03.057514"
[1] "Retrieving coordinates... 2025-04-25 12:45:06.775144"
[1] "Retrieving H3 Indexes for Buildings... 2025-04-25 12:45:06.790964"
[1] "Deleting Footprints... 2025-04-25 12:45:06.883916"
[1] "14 Files Succesfully Downloaded --- 2025-04-25 12:45:07"
[1] "Downloading Footprints for link 15 @ 2025-04-25 12:45:06.885939"
[1] "File Downloaded... unzipping... 2025-04-25 12:45:12.545847"
[1] "Reading in data and making spatial... 2025-04-25 12:45:14.112816"
[1] "Retrieving coordinates... 2025-04-25 12:45:47.422317"
[1] "Retrieving H3 Indexes for Buildings... 2025-04-25 12:45:47.558845"
[1] "Deleting Footprints... 2025-04-25 12:45:48.29193"
[1] "15 Files Succesfully Downloaded --- 2025-04-25 12:45:48"
[1] "Downloading Footprints for link 16 @ 2025-04-25 12:45:48.295473"
[1] "File Downloaded... unzipping... 2025-04-25 12:45:50.398731"
[1] "Reading in data and making spatial... 2025-04-25 12:45:50.732837"
[1] "Retrieving coordinates... 2025-04-25 12:45:58.048826"
[1] "Retrieving H3 Indexes for Buildings... 2025-04-25 12:45:58.08145"
[1] "Deleting Footprints... 2025-04-25 12:45:58.302227"
[1] "16 Files Succesfully Downloaded --- 2025-04-25 12:45:58"
[1] "Downloading Footprints for link 17 @ 2025-04-25 12:45:58.305685"
[1] "File Downloaded... unzipping... 2025-04-25 12:45:59.060779"
[1] "Reading in data and making spatial... 2025-04-25 12:45:59.095191"
[1] "Retrieving coordinates... 2025-04-25 12:45:59.449714"
[1] "Retrieving H3 Indexes for Buildings... 2025-04-25 12:45:59.451381"
[1] "Deleting Footprints... 2025-04-25 12:45:59.512729"
[1] "17 Files Succesfully Downloaded --- 2025-04-25 12:46:00"
[1] "Downloading Footprints for link 18 @ 2025-04-25 12:45:59.514213"
[1] "File Downloaded... unzipping... 2025-04-25 12:46:00.598207"
[1] "Reading in data and making spatial... 2025-04-25 12:46:00.886127"
[1] "Retrieving coordinates... 2025-04-25 12:46:01.43336"
[1] "Retrieving H3 Indexes for Buildings... 2025-04-25 12:46:01.436197"
[1] "Deleting Footprints... 2025-04-25 12:46:01.51444"
[1] "18 Files Succesfully Downloaded --- 2025-04-25 12:46:02"
[1] "Downloading Footprints for link 19 @ 2025-04-25 12:46:01.515295"
[1] "File Downloaded... unzipping... 2025-04-25 12:46:03.064218"
[1] "Reading in data and making spatial... 2025-04-25 12:46:03.51382"
[1] "Retrieving coordinates... 2025-04-25 12:46:10.099694"
[1] "Retrieving H3 Indexes for Buildings... 2025-04-25 12:46:10.135622"
[1] "Deleting Footprints... 2025-04-25 12:46:10.372541"
[1] "19 Files Succesfully Downloaded --- 2025-04-25 12:46:10"
[1] "Downloading Footprints for link 20 @ 2025-04-25 12:46:10.374084"
[1] "File Downloaded... unzipping... 2025-04-25 12:46:11.167464"
[1] "Reading in data and making spatial... 2025-04-25 12:46:11.209849"
[1] "Retrieving coordinates... 2025-04-25 12:46:11.614084"
[1] "Retrieving H3 Indexes for Buildings... 2025-04-25 12:46:11.615983"
[1] "Deleting Footprints... 2025-04-25 12:46:11.685321"
[1] "20 Files Succesfully Downloaded --- 2025-04-25 12:46:12"
[1] "Downloading Footprints for link 21 @ 2025-04-25 12:46:11.687473"
[1] "File Downloaded... unzipping... 2025-04-25 12:46:12.796404"
[1] "Reading in data and making spatial... 2025-04-25 12:46:13.004184"
[1] "Retrieving coordinates... 2025-04-25 12:46:14.649814"
[1] "Retrieving H3 Indexes for Buildings... 2025-04-25 12:46:14.656663"
[1] "Deleting Footprints... 2025-04-25 12:46:14.751404"
[1] "21 Files Succesfully Downloaded --- 2025-04-25 12:46:15"
[1] "Downloading Footprints for link 22 @ 2025-04-25 12:46:14.755254"
[1] "File Downloaded... unzipping... 2025-04-25 12:46:15.232393"
[1] "Reading in data and making spatial... 2025-04-25 12:46:15.2628"
[1] "Retrieving coordinates... 2025-04-25 12:46:15.33668"
[1] "Retrieving H3 Indexes for Buildings... 2025-04-25 12:46:15.337435"
[1] "Deleting Footprints... 2025-04-25 12:46:15.485546"
[1] "22 Files Succesfully Downloaded --- 2025-04-25 12:46:15"
[1] "Downloading Footprints for link 23 @ 2025-04-25 12:46:15.487772"
[1] "File Downloaded... unzipping... 2025-04-25 12:46:18.143086"
[1] "Reading in data and making spatial... 2025-04-25 12:46:19.149357"
[1] "Retrieving coordinates... 2025-04-25 12:46:44.800799"
[1] "Retrieving H3 Indexes for Buildings... 2025-04-25 12:46:44.90594"
[1] "Deleting Footprints... 2025-04-25 12:46:45.510634"
[1] "23 Files Succesfully Downloaded --- 2025-04-25 12:46:46"
[1] "Downloading Footprints for link 24 @ 2025-04-25 12:46:45.51467"
[1] "File Downloaded... unzipping... 2025-04-25 12:46:46.273944"
[1] "Reading in data and making spatial... 2025-04-25 12:46:46.310519"
[1] "Retrieving coordinates... 2025-04-25 12:46:46.519362"
[1] "Retrieving H3 Indexes for Buildings... 2025-04-25 12:46:46.521013"
[1] "Deleting Footprints... 2025-04-25 12:46:46.621828"
[1] "24 Files Succesfully Downloaded --- 2025-04-25 12:46:47"
[1] "Downloading Footprints for link 25 @ 2025-04-25 12:46:46.624934"
[1] "File Downloaded... unzipping... 2025-04-25 12:46:47.085014"
[1] "Reading in data and making spatial... 2025-04-25 12:46:47.554578"
[1] "Retrieving coordinates... 2025-04-25 12:46:47.611355"
[1] "Retrieving H3 Indexes for Buildings... 2025-04-25 12:46:47.612072"
[1] "Deleting Footprints... 2025-04-25 12:46:47.695567"
[1] "25 Files Succesfully Downloaded --- 2025-04-25 12:46:48"
[1] "Downloading Footprints for link 26 @ 2025-04-25 12:46:47.699371"
[1] "File Downloaded... unzipping... 2025-04-25 12:46:48.213298"
[1] "Reading in data and making spatial... 2025-04-25 12:46:48.239683"
[1] "Retrieving coordinates... 2025-04-25 12:46:48.283934"
[1] "Retrieving H3 Indexes for Buildings... 2025-04-25 12:46:48.284549"
[1] "Deleting Footprints... 2025-04-25 12:46:48.440911"
[1] "26 Files Succesfully Downloaded --- 2025-04-25 12:46:48"
[1] "Downloading Footprints for link 27 @ 2025-04-25 12:46:48.444033"
[1] "File Downloaded... unzipping... 2025-04-25 12:46:49.515934"
[1] "Reading in data and making spatial... 2025-04-25 12:46:49.588662"
[1] "Retrieving coordinates... 2025-04-25 12:46:50.459929"
[1] "Retrieving H3 Indexes for Buildings... 2025-04-25 12:46:50.46539"
[1] "Deleting Footprints... 2025-04-25 12:46:50.831753"
[1] "27 Files Succesfully Downloaded --- 2025-04-25 12:46:51"
[1] "Downloading Footprints for link 28 @ 2025-04-25 12:46:50.833831"
[1] "File Downloaded... unzipping... 2025-04-25 12:46:54.018737"
[1] "Reading in data and making spatial... 2025-04-25 12:46:54.279081"
[1] "Retrieving coordinates... 2025-04-25 12:46:59.560415"
[1] "Retrieving H3 Indexes for Buildings... 2025-04-25 12:46:59.590935"
[1] "Deleting Footprints... 2025-04-25 12:46:59.818474"
[1] "28 Files Succesfully Downloaded --- 2025-04-25 12:47:00"
[1] "Downloading Footprints for link 29 @ 2025-04-25 12:46:59.822044"
[1] "File Downloaded... unzipping... 2025-04-25 12:47:00.778116"
[1] "Reading in data and making spatial... 2025-04-25 12:47:00.93979"
[1] "Retrieving coordinates... 2025-04-25 12:47:01.62427"
[1] "Retrieving H3 Indexes for Buildings... 2025-04-25 12:47:01.62934"
[1] "Deleting Footprints... 2025-04-25 12:47:02.567481"
[1] "29 Files Succesfully Downloaded --- 2025-04-25 12:47:03"
[1] "Downloading Footprints for link 30 @ 2025-04-25 12:47:02.571287"
[1] "File Downloaded... unzipping... 2025-04-25 12:47:03.95465"
[1] "Reading in data and making spatial... 2025-04-25 12:47:04.107841"
[1] "Retrieving coordinates... 2025-04-25 12:47:06.585393"
[1] "Retrieving H3 Indexes for Buildings... 2025-04-25 12:47:06.599574"
[1] "Deleting Footprints... 2025-04-25 12:47:07.067227"
[1] "30 Files Succesfully Downloaded --- 2025-04-25 12:47:07"
[1] "Downloading Footprints for link 31 @ 2025-04-25 12:47:07.070606"
[1] "File Downloaded... unzipping... 2025-04-25 12:47:08.675333"
[1] "Reading in data and making spatial... 2025-04-25 12:47:08.81697"
[1] "Retrieving coordinates... 2025-04-25 12:47:10.500091"
[1] "Retrieving H3 Indexes for Buildings... 2025-04-25 12:47:10.508203"
[1] "Deleting Footprints... 2025-04-25 12:47:10.643507"
[1] "31 Files Succesfully Downloaded --- 2025-04-25 12:47:11"
[1] "Downloading Footprints for link 32 @ 2025-04-25 12:47:10.64614"
[1] "File Downloaded... unzipping... 2025-04-25 12:47:10.895428"
[1] "Reading in data and making spatial... 2025-04-25 12:47:10.919655"
[1] "Retrieving coordinates... 2025-04-25 12:47:10.934624"
[1] "Retrieving H3 Indexes for Buildings... 2025-04-25 12:47:10.935053"
[1] "Deleting Footprints... 2025-04-25 12:47:11.104644"
[1] "32 Files Succesfully Downloaded --- 2025-04-25 12:47:11"
[1] "Downloading Footprints for link 33 @ 2025-04-25 12:47:11.10883"
[1] "File Downloaded... unzipping... 2025-04-25 12:47:12.405584"
[1] "Reading in data and making spatial... 2025-04-25 12:47:12.72555"
[1] "Retrieving coordinates... 2025-04-25 12:47:17.774851"
[1] "Retrieving H3 Indexes for Buildings... 2025-04-25 12:47:17.801125"
[1] "Deleting Footprints... 2025-04-25 12:47:18.020139"
[1] "33 Files Succesfully Downloaded --- 2025-04-25 12:47:18"
[1] "Downloading Footprints for link 34 @ 2025-04-25 12:47:18.023942"
[1] "File Downloaded... unzipping... 2025-04-25 12:47:19.020738"
[1] "Reading in data and making spatial... 2025-04-25 12:47:19.529825"
[1] "Retrieving coordinates... 2025-04-25 12:47:21.789562"
[1] "Retrieving H3 Indexes for Buildings... 2025-04-25 12:47:21.797652"
[1] "Deleting Footprints... 2025-04-25 12:47:22.588905"
[1] "34 Files Succesfully Downloaded --- 2025-04-25 12:47:23"
[1] "Downloading Footprints for link 35 @ 2025-04-25 12:47:22.591471"
[1] "File Downloaded... unzipping... 2025-04-25 12:47:23.701223"
[1] "Reading in data and making spatial... 2025-04-25 12:47:24.047466"
[1] "Retrieving coordinates... 2025-04-25 12:47:25.256008"
[1] "Retrieving H3 Indexes for Buildings... 2025-04-25 12:47:25.263026"
[1] "Deleting Footprints... 2025-04-25 12:47:25.857604"
[1] "35 Files Succesfully Downloaded --- 2025-04-25 12:47:26"
[1] "Downloading Footprints for link 36 @ 2025-04-25 12:47:25.861604"
[1] "File Downloaded... unzipping... 2025-04-25 12:47:27.132812"
[1] "Reading in data and making spatial... 2025-04-25 12:47:27.357353"
[1] "Retrieving coordinates... 2025-04-25 12:47:31.736821"
[1] "Retrieving H3 Indexes for Buildings... 2025-04-25 12:47:31.758259"
[1] "Deleting Footprints... 2025-04-25 12:47:31.975497"
[1] "36 Files Succesfully Downloaded --- 2025-04-25 12:47:32"
[1] "Downloading Footprints for link 37 @ 2025-04-25 12:47:31.977744"
[1] "File Downloaded... unzipping... 2025-04-25 12:47:33.154447"
[1] "Reading in data and making spatial... 2025-04-25 12:47:33.300585"
[1] "Retrieving coordinates... 2025-04-25 12:47:36.882886"
[1] "Retrieving H3 Indexes for Buildings... 2025-04-25 12:47:36.895318"
[1] "Deleting Footprints... 2025-04-25 12:47:37.077258"
[1] "37 Files Succesfully Downloaded --- 2025-04-25 12:47:37"
[1] "Downloading Footprints for link 38 @ 2025-04-25 12:47:37.079269"
[1] "File Downloaded... unzipping... 2025-04-25 12:47:37.836313"
[1] "Reading in data and making spatial... 2025-04-25 12:47:37.872823"
[1] "Retrieving coordinates... 2025-04-25 12:47:38.162086"
[1] "Retrieving H3 Indexes for Buildings... 2025-04-25 12:47:38.163574"
[1] "Deleting Footprints... 2025-04-25 12:47:38.363978"
[1] "38 Files Succesfully Downloaded --- 2025-04-25 12:47:38"
[1] "Downloading Footprints for link 39 @ 2025-04-25 12:47:38.366746"
[1] "File Downloaded... unzipping... 2025-04-25 12:47:40.080678"
[1] "Reading in data and making spatial... 2025-04-25 12:47:40.68768"
[1] "Retrieving coordinates... 2025-04-25 12:47:50.567421"
[1] "Retrieving H3 Indexes for Buildings... 2025-04-25 12:47:50.616693"
[1] "Deleting Footprints... 2025-04-25 12:47:51.839637"
[1] "39 Files Succesfully Downloaded --- 2025-04-25 12:47:52"
[1] "Downloading Footprints for link 40 @ 2025-04-25 12:47:51.841913"
[1] "File Downloaded... unzipping... 2025-04-25 12:47:52.830133"
[1] "Reading in data and making spatial... 2025-04-25 12:47:52.901193"
[1] "Retrieving coordinates... 2025-04-25 12:47:53.381284"
[1] "Retrieving H3 Indexes for Buildings... 2025-04-25 12:47:53.38465"
[1] "Deleting Footprints... 2025-04-25 12:47:54.117754"
[1] "40 Files Succesfully Downloaded --- 2025-04-25 12:47:54"
[1] "Downloading Footprints for link 41 @ 2025-04-25 12:47:54.120917"
[1] "File Downloaded... unzipping... 2025-04-25 12:47:56.542579"
[1] "Reading in data and making spatial... 2025-04-25 12:47:58.398556"
[1] "Retrieving coordinates... 2025-04-25 12:48:22.920649"
[1] "Retrieving H3 Indexes for Buildings... 2025-04-25 12:48:23.033196"
[1] "Deleting Footprints... 2025-04-25 12:48:24.012618"
[1] "41 Files Succesfully Downloaded --- 2025-04-25 12:48:24"
[1] "Downloading Footprints for link 42 @ 2025-04-25 12:48:24.016545"
[1] "File Downloaded... unzipping... 2025-04-25 12:48:25.758552"
[1] "Reading in data and making spatial... 2025-04-25 12:48:25.847047"
[1] "Retrieving coordinates... 2025-04-25 12:48:27.473681"
[1] "Retrieving H3 Indexes for Buildings... 2025-04-25 12:48:27.479989"
[1] "Deleting Footprints... 2025-04-25 12:48:28.138704"
[1] "42 Files Succesfully Downloaded --- 2025-04-25 12:48:28"
[1] "Downloading Footprints for link 43 @ 2025-04-25 12:48:28.140588"
[1] "File Downloaded... unzipping... 2025-04-25 12:48:29.073274"
[1] "Reading in data and making spatial... 2025-04-25 12:48:29.116467"
[1] "Retrieving coordinates... 2025-04-25 12:48:29.366049"
[1] "Retrieving H3 Indexes for Buildings... 2025-04-25 12:48:29.367571"
[1] "Deleting Footprints... 2025-04-25 12:48:30.39247"
[1] "43 Files Succesfully Downloaded --- 2025-04-25 12:48:30"
[1] "Downloading Footprints for link 44 @ 2025-04-25 12:48:30.394335"
[1] "File Downloaded... unzipping... 2025-04-25 12:48:30.811972"
[1] "Reading in data and making spatial... 2025-04-25 12:48:30.835036"
[1] "Retrieving coordinates... 2025-04-25 12:48:30.866537"
[1] "Retrieving H3 Indexes for Buildings... 2025-04-25 12:48:30.86701"
[1] "Deleting Footprints... 2025-04-25 12:48:31.105695"
[1] "44 Files Succesfully Downloaded --- 2025-04-25 12:48:31"
[1] "Downloading Footprints for link 45 @ 2025-04-25 12:48:31.11041"
[1] "File Downloaded... unzipping... 2025-04-25 12:48:32.118662"
[1] "Reading in data and making spatial... 2025-04-25 12:48:32.202547"
[1] "Retrieving coordinates... 2025-04-25 12:48:33.702276"
[1] "Retrieving H3 Indexes for Buildings... 2025-04-25 12:48:33.708965"
[1] "Deleting Footprints... 2025-04-25 12:48:33.890749"
[1] "45 Files Succesfully Downloaded --- 2025-04-25 12:48:34"
[1] "Downloading Footprints for link 46 @ 2025-04-25 12:48:33.894668"
[1] "File Downloaded... unzipping... 2025-04-25 12:48:34.463716"
[1] "Reading in data and making spatial... 2025-04-25 12:48:34.492356"
[1] "Retrieving coordinates... 2025-04-25 12:48:34.58564"
[1] "Retrieving H3 Indexes for Buildings... 2025-04-25 12:48:34.586566"
[1] "Deleting Footprints... 2025-04-25 12:48:34.843299"
[1] "46 Files Succesfully Downloaded --- 2025-04-25 12:48:35"
[1] "Downloading Footprints for link 47 @ 2025-04-25 12:48:34.846964"
[1] "File Downloaded... unzipping... 2025-04-25 12:48:36.760617"
[1] "Reading in data and making spatial... 2025-04-25 12:48:37.038006"
[1] "Retrieving coordinates... 2025-04-25 12:48:39.128285"
[1] "Retrieving H3 Indexes for Buildings... 2025-04-25 12:48:39.140386"
[1] "Deleting Footprints... 2025-04-25 12:48:39.736944"
[1] "47 Files Succesfully Downloaded --- 2025-04-25 12:48:40"
[1] "Downloading Footprints for link 48 @ 2025-04-25 12:48:39.740681"
[1] "File Downloaded... unzipping... 2025-04-25 12:48:41.278678"
[1] "Reading in data and making spatial... 2025-04-25 12:48:41.871445"
[1] "Retrieving coordinates... 2025-04-25 12:48:46.607437"
[1] "Retrieving H3 Indexes for Buildings... 2025-04-25 12:48:46.637582"
[1] "Deleting Footprints... 2025-04-25 12:48:47.089804"
[1] "48 Files Succesfully Downloaded --- 2025-04-25 12:48:47"
[1] "Downloading Footprints for link 49 @ 2025-04-25 12:48:47.092689"
[1] "File Downloaded... unzipping... 2025-04-25 12:48:48.181265"
[1] "Reading in data and making spatial... 2025-04-25 12:48:48.29293"
[1] "Retrieving coordinates... 2025-04-25 12:48:49.809633"
[1] "Retrieving H3 Indexes for Buildings... 2025-04-25 12:48:49.816134"
[1] "Deleting Footprints... 2025-04-25 12:48:50.4403"
[1] "49 Files Succesfully Downloaded --- 2025-04-25 12:48:50"
[1] "Downloading Footprints for link 50 @ 2025-04-25 12:48:50.442369"
[1] "File Downloaded... unzipping... 2025-04-25 12:48:51.904992"
[1] "Reading in data and making spatial... 2025-04-25 12:48:52.446537"
[1] "Retrieving coordinates... 2025-04-25 12:48:57.858768"
[1] "Retrieving H3 Indexes for Buildings... 2025-04-25 12:48:57.88937"
[1] "Deleting Footprints... 2025-04-25 12:48:58.637973"
[1] "50 Files Succesfully Downloaded --- 2025-04-25 12:48:59"
[1] "Downloading Footprints for link 51 @ 2025-04-25 12:48:58.641717"
[1] "File Downloaded... unzipping... 2025-04-25 12:48:59.979943"
[1] "Reading in data and making spatial... 2025-04-25 12:49:00.488759"
[1] "Retrieving coordinates... 2025-04-25 12:49:05.224355"
[1] "Retrieving H3 Indexes for Buildings... 2025-04-25 12:49:05.251526"
[1] "Deleting Footprints... 2025-04-25 12:49:05.996464"
[1] "51 Files Succesfully Downloaded --- 2025-04-25 12:49:06"
[1] "Downloading Footprints for link 52 @ 2025-04-25 12:49:06.000243"
[1] "File Downloaded... unzipping... 2025-04-25 12:49:06.620842"
[1] "Reading in data and making spatial... 2025-04-25 12:49:06.655648"
[1] "Retrieving coordinates... 2025-04-25 12:49:06.817052"
[1] "Retrieving H3 Indexes for Buildings... 2025-04-25 12:49:06.818711"
[1] "Deleting Footprints... 2025-04-25 12:49:07.370936"
[1] "52 Files Succesfully Downloaded --- 2025-04-25 12:49:07"
[1] "Downloading Footprints for link 53 @ 2025-04-25 12:49:07.378216"
[1] "File Downloaded... unzipping... 2025-04-25 12:49:08.54807"
[1] "Reading in data and making spatial... 2025-04-25 12:49:08.743711"
[1] "Retrieving coordinates... 2025-04-25 12:49:10.11803"
[1] "Retrieving H3 Indexes for Buildings... 2025-04-25 12:49:10.126419"
[1] "Deleting Footprints... 2025-04-25 12:49:10.733713"
[1] "53 Files Succesfully Downloaded --- 2025-04-25 12:49:11"
[1] "Downloading Footprints for link 54 @ 2025-04-25 12:49:10.736982"
[1] "File Downloaded... unzipping... 2025-04-25 12:49:11.469767"
[1] "Reading in data and making spatial... 2025-04-25 12:49:11.508057"
[1] "Retrieving coordinates... 2025-04-25 12:49:11.704856"
[1] "Retrieving H3 Indexes for Buildings... 2025-04-25 12:49:11.706602"
[1] "Deleting Footprints... 2025-04-25 12:49:12.314736"
[1] "54 Files Succesfully Downloaded --- 2025-04-25 12:49:12"
[1] "Downloading Footprints for link 55 @ 2025-04-25 12:49:12.318172"
[1] "File Downloaded... unzipping... 2025-04-25 12:49:12.948414"
[1] "Reading in data and making spatial... 2025-04-25 12:49:12.983124"
[1] "Retrieving coordinates... 2025-04-25 12:49:13.106409"
[1] "Retrieving H3 Indexes for Buildings... 2025-04-25 12:49:13.107702"
[1] "Deleting Footprints... 2025-04-25 12:49:13.66948"
[1] "55 Files Succesfully Downloaded --- 2025-04-25 12:49:14"
[1] "Downloading Footprints for link 56 @ 2025-04-25 12:49:13.67165"
[1] "File Downloaded... unzipping... 2025-04-25 12:49:14.727023"
[1] "Reading in data and making spatial... 2025-04-25 12:49:14.825724"
[1] "Retrieving coordinates... 2025-04-25 12:49:16.563795"
[1] "Retrieving H3 Indexes for Buildings... 2025-04-25 12:49:16.572613"
[1] "Deleting Footprints... 2025-04-25 12:49:17.235641"
[1] "56 Files Succesfully Downloaded --- 2025-04-25 12:49:17"
[1] "Downloading Footprints for link 57 @ 2025-04-25 12:49:17.23869"
[1] "File Downloaded... unzipping... 2025-04-25 12:49:18.060665"
[1] "Reading in data and making spatial... 2025-04-25 12:49:18.105525"
[1] "Retrieving coordinates... 2025-04-25 12:49:18.355645"
[1] "Retrieving H3 Indexes for Buildings... 2025-04-25 12:49:18.357764"
[1] "Deleting Footprints... 2025-04-25 12:49:18.941389"
[1] "57 Files Succesfully Downloaded --- 2025-04-25 12:49:19"
[1] "Downloading Footprints for link 58 @ 2025-04-25 12:49:18.945386"
[1] "File Downloaded... unzipping... 2025-04-25 12:49:20.360183"
[1] "Reading in data and making spatial... 2025-04-25 12:49:20.491143"
[1] "Retrieving coordinates... 2025-04-25 12:49:23.112732"
[1] "Retrieving H3 Indexes for Buildings... 2025-04-25 12:49:23.126036"
[1] "Deleting Footprints... 2025-04-25 12:49:23.380037"
[1] "58 Files Succesfully Downloaded --- 2025-04-25 12:49:23"
[1] "Downloading Footprints for link 59 @ 2025-04-25 12:49:23.382695"
[1] "File Downloaded... unzipping... 2025-04-25 12:49:24.627209"
[1] "Reading in data and making spatial... 2025-04-25 12:49:24.774801"
[1] "Retrieving coordinates... 2025-04-25 12:49:27.117934"
[1] "Retrieving H3 Indexes for Buildings... 2025-04-25 12:49:27.13061"
[1] "Deleting Footprints... 2025-04-25 12:49:28.099771"
[1] "59 Files Succesfully Downloaded --- 2025-04-25 12:49:28"
[1] "Downloading Footprints for link 60 @ 2025-04-25 12:49:28.103463"
[1] "File Downloaded... unzipping... 2025-04-25 12:49:28.620567"
[1] "Reading in data and making spatial... 2025-04-25 12:49:28.646342"
[1] "Retrieving coordinates... 2025-04-25 12:49:28.704067"
[1] "Retrieving H3 Indexes for Buildings... 2025-04-25 12:49:28.704762"
[1] "Deleting Footprints... 2025-04-25 12:49:29.28531"
[1] "60 Files Succesfully Downloaded --- 2025-04-25 12:49:29"
[1] "Downloading Footprints for link 61 @ 2025-04-25 12:49:29.287395"
[1] "File Downloaded... unzipping... 2025-04-25 12:49:30.452453"
[1] "Reading in data and making spatial... 2025-04-25 12:49:30.760092"
[1] "Retrieving coordinates... 2025-04-25 12:49:32.595758"
[1] "Retrieving H3 Indexes for Buildings... 2025-04-25 12:49:32.606771"
[1] "Deleting Footprints... 2025-04-25 12:49:33.458688"
[1] "61 Files Succesfully Downloaded --- 2025-04-25 12:49:33"
[1] "Downloading Footprints for link 62 @ 2025-04-25 12:49:33.460593"
[1] "File Downloaded... unzipping... 2025-04-25 12:49:33.70927"
[1] "Reading in data and making spatial... 2025-04-25 12:49:33.730892"
[1] "Retrieving coordinates... 2025-04-25 12:49:33.745373"
[1] "Retrieving H3 Indexes for Buildings... 2025-04-25 12:49:33.745781"
[1] "Deleting Footprints... 2025-04-25 12:49:34.303211"
[1] "62 Files Succesfully Downloaded --- 2025-04-25 12:49:34"
[1] "Downloading Footprints for link 63 @ 2025-04-25 12:49:34.304787"
[1] "File Downloaded... unzipping... 2025-04-25 12:49:35.047029"
[1] "Reading in data and making spatial... 2025-04-25 12:49:35.080885"
[1] "Retrieving coordinates... 2025-04-25 12:49:35.235106"
[1] "Retrieving H3 Indexes for Buildings... 2025-04-25 12:49:35.236581"
[1] "Deleting Footprints... 2025-04-25 12:49:35.719584"
[1] "63 Files Succesfully Downloaded --- 2025-04-25 12:49:36"
[1] "Downloading Footprints for link 64 @ 2025-04-25 12:49:35.723066"
[1] "File Downloaded... unzipping... 2025-04-25 12:49:39.746475"
[1] "Reading in data and making spatial... 2025-04-25 12:49:40.184819"
[1] "Retrieving coordinates... 2025-04-25 12:49:46.781345"
[1] "Retrieving H3 Indexes for Buildings... 2025-04-25 12:49:46.8331"
[1] "Deleting Footprints... 2025-04-25 12:49:48.22404"
[1] "64 Files Succesfully Downloaded --- 2025-04-25 12:49:48"
[1] "Downloading Footprints for link 65 @ 2025-04-25 12:49:48.226465"
[1] "File Downloaded... unzipping... 2025-04-25 12:49:48.842381"
[1] "Reading in data and making spatial... 2025-04-25 12:49:48.87317"
[1] "Retrieving coordinates... 2025-04-25 12:49:49.022303"
[1] "Retrieving H3 Indexes for Buildings... 2025-04-25 12:49:49.023771"
[1] "Deleting Footprints... 2025-04-25 12:49:49.790203"
[1] "65 Files Succesfully Downloaded --- 2025-04-25 12:49:50"
[1] "Downloading Footprints for link 66 @ 2025-04-25 12:49:49.793767"
[1] "File Downloaded... unzipping... 2025-04-25 12:49:56.791528"
[1] "Reading in data and making spatial... 2025-04-25 12:49:57.309901"
[1] "Retrieving coordinates... 2025-04-25 12:50:07.231093"
[1] "Retrieving H3 Indexes for Buildings... 2025-04-25 12:50:07.288132"
[1] "Deleting Footprints... 2025-04-25 12:50:09.298774"
[1] "66 Files Succesfully Downloaded --- 2025-04-25 12:50:09"
[1] "Downloading Footprints for link 67 @ 2025-04-25 12:50:09.301918"
[1] "File Downloaded... unzipping... 2025-04-25 12:50:10.246714"
[1] "Reading in data and making spatial... 2025-04-25 12:50:10.383439"
[1] "Retrieving coordinates... 2025-04-25 12:50:10.796267"
[1] "Retrieving H3 Indexes for Buildings... 2025-04-25 12:50:10.799439"
[1] "Deleting Footprints... 2025-04-25 12:50:11.507622"
[1] "67 Files Succesfully Downloaded --- 2025-04-25 12:50:12"
[1] "Downloading Footprints for link 68 @ 2025-04-25 12:50:11.511428"
[1] "File Downloaded... unzipping... 2025-04-25 12:50:12.61371"
[1] "Reading in data and making spatial... 2025-04-25 12:50:12.915431"
[1] "Retrieving coordinates... 2025-04-25 12:50:14.313219"
[1] "Retrieving H3 Indexes for Buildings... 2025-04-25 12:50:14.322415"
[1] "Deleting Footprints... 2025-04-25 12:50:15.006017"
[1] "68 Files Succesfully Downloaded --- 2025-04-25 12:50:15"
[1] "Downloading Footprints for link 69 @ 2025-04-25 12:50:15.009936"
[1] "File Downloaded... unzipping... 2025-04-25 12:50:15.698662"
[1] "Reading in data and making spatial... 2025-04-25 12:50:15.736202"
[1] "Retrieving coordinates... 2025-04-25 12:50:15.945881"
[1] "Retrieving H3 Indexes for Buildings... 2025-04-25 12:50:15.947763"
[1] "Deleting Footprints... 2025-04-25 12:50:16.608262"
[1] "69 Files Succesfully Downloaded --- 2025-04-25 12:50:17"
[1] "Downloading Footprints for link 70 @ 2025-04-25 12:50:16.61183"
[1] "File Downloaded... unzipping... 2025-04-25 12:50:17.724361"
[1] "Reading in data and making spatial... 2025-04-25 12:50:17.826378"
[1] "Retrieving coordinates... 2025-04-25 12:50:18.753313"
[1] "Retrieving H3 Indexes for Buildings... 2025-04-25 12:50:18.759145"
[1] "Deleting Footprints... 2025-04-25 12:50:19.475251"
[1] "70 Files Succesfully Downloaded --- 2025-04-25 12:50:19"
[1] "Downloading Footprints for link 71 @ 2025-04-25 12:50:19.477346"
[1] "File Downloaded... unzipping... 2025-04-25 12:50:20.096362"
[1] "Reading in data and making spatial... 2025-04-25 12:50:20.125798"
[1] "Retrieving coordinates... 2025-04-25 12:50:20.234509"
[1] "Retrieving H3 Indexes for Buildings... 2025-04-25 12:50:20.235603"
[1] "Deleting Footprints... 2025-04-25 12:50:20.878414"
[1] "71 Files Succesfully Downloaded --- 2025-04-25 12:50:21"
[1] "Downloading Footprints for link 72 @ 2025-04-25 12:50:20.881037"
[1] "File Downloaded... unzipping... 2025-04-25 12:50:22.257595"
[1] "Reading in data and making spatial... 2025-04-25 12:50:22.577077"
[1] "Retrieving coordinates... 2025-04-25 12:50:27.938152"
[1] "Retrieving H3 Indexes for Buildings... 2025-04-25 12:50:27.968029"
[1] "Deleting Footprints... 2025-04-25 12:50:28.550757"
[1] "72 Files Succesfully Downloaded --- 2025-04-25 12:50:29"
[1] "Downloading Footprints for link 73 @ 2025-04-25 12:50:28.554902"
[1] "File Downloaded... unzipping... 2025-04-25 12:50:29.488061"
[1] "Reading in data and making spatial... 2025-04-25 12:50:29.720701"
[1] "Retrieving coordinates... 2025-04-25 12:50:30.056333"
[1] "Retrieving H3 Indexes for Buildings... 2025-04-25 12:50:30.05859"
[1] "Deleting Footprints... 2025-04-25 12:50:31.310847"
[1] "73 Files Succesfully Downloaded --- 2025-04-25 12:50:31"
[1] "Downloading Footprints for link 74 @ 2025-04-25 12:50:31.313689"
[1] "File Downloaded... unzipping... 2025-04-25 12:50:32.108976"
[1] "Reading in data and making spatial... 2025-04-25 12:50:32.484548"
[1] "Retrieving coordinates... 2025-04-25 12:50:32.852814"
[1] "Retrieving H3 Indexes for Buildings... 2025-04-25 12:50:32.855902"
[1] "Deleting Footprints... 2025-04-25 12:50:33.337476"
[1] "74 Files Succesfully Downloaded --- 2025-04-25 12:50:33"
[1] "Downloading Footprints for link 75 @ 2025-04-25 12:50:33.340548"
[1] "File Downloaded... unzipping... 2025-04-25 12:50:50.625143"
[1] "Reading in data and making spatial... 2025-04-25 12:50:53.786443"
[1] "Retrieving coordinates... 2025-04-25 12:51:54.304683"
[1] "Retrieving H3 Indexes for Buildings... 2025-04-25 12:51:54.633063"
[1] "Deleting Footprints... 2025-04-25 12:51:56.795668"
[1] "75 Files Succesfully Downloaded --- 2025-04-25 12:51:57"
[1] "Downloading Footprints for link 76 @ 2025-04-25 12:51:56.800186"
[1] "File Downloaded... unzipping... 2025-04-25 12:51:57.999445"
[1] "Reading in data and making spatial... 2025-04-25 12:51:58.239194"
[1] "Retrieving coordinates... 2025-04-25 12:51:59.330857"
[1] "Retrieving H3 Indexes for Buildings... 2025-04-25 12:51:59.335633"
[1] "Deleting Footprints... 2025-04-25 12:52:03.451849"
[1] "76 Files Succesfully Downloaded --- 2025-04-25 12:52:03"
[1] "Downloading Footprints for link 77 @ 2025-04-25 12:52:03.455763"
[1] "File Downloaded... unzipping... 2025-04-25 12:52:04.016468"
[1] "Reading in data and making spatial... 2025-04-25 12:52:04.10279"
[1] "Retrieving coordinates... 2025-04-25 12:52:04.190852"
[1] "Retrieving H3 Indexes for Buildings... 2025-04-25 12:52:04.191772"
[1] "Deleting Footprints... 2025-04-25 12:52:04.469579"
[1] "77 Files Succesfully Downloaded --- 2025-04-25 12:52:04"
[1] "Downloading Footprints for link 78 @ 2025-04-25 12:52:04.471426"
[1] "File Downloaded... unzipping... 2025-04-25 12:52:04.952949"
[1] "Reading in data and making spatial... 2025-04-25 12:52:04.977452"
[1] "Retrieving coordinates... 2025-04-25 12:52:05.020117"
[1] "Retrieving H3 Indexes for Buildings... 2025-04-25 12:52:05.020693"
[1] "Deleting Footprints... 2025-04-25 12:52:05.424448"
[1] "78 Files Succesfully Downloaded --- 2025-04-25 12:52:05"
[1] "Downloading Footprints for link 79 @ 2025-04-25 12:52:05.428725"
[1] "File Downloaded... unzipping... 2025-04-25 12:52:07.242584"
[1] "Reading in data and making spatial... 2025-04-25 12:52:09.701476"
[1] "Retrieving coordinates... 2025-04-25 12:52:20.414227"
[1] "Retrieving H3 Indexes for Buildings... 2025-04-25 12:52:20.474188"
[1] "Deleting Footprints... 2025-04-25 12:52:23.157218"
[1] "79 Files Succesfully Downloaded --- 2025-04-25 12:52:23"
[1] "Downloading Footprints for link 80 @ 2025-04-25 12:52:23.166796"
[1] "File Downloaded... unzipping... 2025-04-25 12:52:27.142103"
[1] "Reading in data and making spatial... 2025-04-25 12:52:27.443214"
[1] "Retrieving coordinates... 2025-04-25 12:52:32.293089"
[1] "Retrieving H3 Indexes for Buildings... 2025-04-25 12:52:32.3247"
[1] "Deleting Footprints... 2025-04-25 12:52:32.984246"
[1] "80 Files Succesfully Downloaded --- 2025-04-25 12:52:33"
[1] "Downloading Footprints for link 81 @ 2025-04-25 12:52:32.994001"
[1] "File Downloaded... unzipping... 2025-04-25 12:52:33.747725"
[1] "Reading in data and making spatial... 2025-04-25 12:52:33.79049"
[1] "Retrieving coordinates... 2025-04-25 12:52:33.997553"
[1] "Retrieving H3 Indexes for Buildings... 2025-04-25 12:52:33.999031"
[1] "Deleting Footprints... 2025-04-25 12:52:34.461739"
[1] "81 Files Succesfully Downloaded --- 2025-04-25 12:52:34"
[1] "Downloading Footprints for link 82 @ 2025-04-25 12:52:34.465266"
[1] "File Downloaded... unzipping... 2025-04-25 12:52:36.494468"
[1] "Reading in data and making spatial... 2025-04-25 12:52:36.67305"
[1] "Retrieving coordinates... 2025-04-25 12:52:40.149552"
[1] "Retrieving H3 Indexes for Buildings... 2025-04-25 12:52:40.168689"
[1] "Deleting Footprints... 2025-04-25 12:52:40.560838"
[1] "82 Files Succesfully Downloaded --- 2025-04-25 12:52:41"
[1] "Downloading Footprints for link 83 @ 2025-04-25 12:52:40.565929"
[1] "File Downloaded... unzipping... 2025-04-25 12:52:41.324309"
[1] "Reading in data and making spatial... 2025-04-25 12:52:41.364266"
[1] "Retrieving coordinates... 2025-04-25 12:52:41.554606"
[1] "Retrieving H3 Indexes for Buildings... 2025-04-25 12:52:41.555857"
[1] "Deleting Footprints... 2025-04-25 12:52:42.095425"
[1] "83 Files Succesfully Downloaded --- 2025-04-25 12:52:42"
[1] "Downloading Footprints for link 84 @ 2025-04-25 12:52:42.098837"
[1] "File Downloaded... unzipping... 2025-04-25 12:52:46.667335"
[1] "Reading in data and making spatial... 2025-04-25 12:52:50.355323"
[1] "Retrieving coordinates... 2025-04-25 12:53:40.794979"
[1] "Retrieving H3 Indexes for Buildings... 2025-04-25 12:53:41.061722"
[1] "Deleting Footprints... 2025-04-25 12:53:45.645983"
[1] "84 Files Succesfully Downloaded --- 2025-04-25 12:53:46"
[1] "Downloading Footprints for link 85 @ 2025-04-25 12:53:45.650463"
[1] "File Downloaded... unzipping... 2025-04-25 12:53:46.65133"
[1] "Reading in data and making spatial... 2025-04-25 12:53:46.730893"
[1] "Retrieving coordinates... 2025-04-25 12:53:47.666614"
[1] "Retrieving H3 Indexes for Buildings... 2025-04-25 12:53:47.671469"
[1] "Deleting Footprints... 2025-04-25 12:53:48.662688"
[1] "85 Files Succesfully Downloaded --- 2025-04-25 12:53:49"
[1] "Downloading Footprints for link 86 @ 2025-04-25 12:53:48.697634"
[1] "File Downloaded... unzipping... 2025-04-25 12:53:52.353129"
[1] "Reading in data and making spatial... 2025-04-25 12:53:52.391812"
[1] "Retrieving coordinates... 2025-04-25 12:53:52.454307"
[1] "Retrieving H3 Indexes for Buildings... 2025-04-25 12:53:52.454981"
[1] "Deleting Footprints... 2025-04-25 12:53:53.667861"
[1] "86 Files Succesfully Downloaded --- 2025-04-25 12:53:54"
[1] "Downloading Footprints for link 87 @ 2025-04-25 12:53:53.672607"
[1] "File Downloaded... unzipping... 2025-04-25 12:53:54.169292"
[1] "Reading in data and making spatial... 2025-04-25 12:53:54.196231"
[1] "Retrieving coordinates... 2025-04-25 12:53:54.254025"
[1] "Retrieving H3 Indexes for Buildings... 2025-04-25 12:53:54.254739"
[1] "Deleting Footprints... 2025-04-25 12:53:54.683705"
[1] "87 Files Succesfully Downloaded --- 2025-04-25 12:53:55"
[1] "Downloading Footprints for link 88 @ 2025-04-25 12:53:54.687819"
[1] "File Downloaded... unzipping... 2025-04-25 12:53:56.021044"
[1] "Reading in data and making spatial... 2025-04-25 12:53:56.345556"
[1] "Retrieving coordinates... 2025-04-25 12:54:00.655265"
[1] "Retrieving H3 Indexes for Buildings... 2025-04-25 12:54:00.68246"
[1] "Deleting Footprints... 2025-04-25 12:54:02.058209"
[1] "88 Files Succesfully Downloaded --- 2025-04-25 12:54:02"
[1] "Downloading Footprints for link 89 @ 2025-04-25 12:54:02.061078"
[1] "File Downloaded... unzipping... 2025-04-25 12:54:02.907671"
[1] "Reading in data and making spatial... 2025-04-25 12:54:03.019863"
[1] "Retrieving coordinates... 2025-04-25 12:54:03.439744"
[1] "Retrieving H3 Indexes for Buildings... 2025-04-25 12:54:03.442979"
[1] "Deleting Footprints... 2025-04-25 12:54:03.959724"
[1] "89 Files Succesfully Downloaded --- 2025-04-25 12:54:04"
[1] "Downloading Footprints for link 90 @ 2025-04-25 12:54:03.962573"
[1] "File Downloaded... unzipping... 2025-04-25 12:54:04.580964"
[1] "Reading in data and making spatial... 2025-04-25 12:54:04.613155"
[1] "Retrieving coordinates... 2025-04-25 12:54:04.687784"
[1] "Retrieving H3 Indexes for Buildings... 2025-04-25 12:54:04.688577"
[1] "Deleting Footprints... 2025-04-25 12:54:05.625254"
[1] "90 Files Succesfully Downloaded --- 2025-04-25 12:54:06"
[1] "Downloading Footprints for link 91 @ 2025-04-25 12:54:05.627535"
[1] "File Downloaded... unzipping... 2025-04-25 12:54:07.039844"
[1] "Reading in data and making spatial... 2025-04-25 12:54:07.432824"
[1] "Retrieving coordinates... 2025-04-25 12:54:10.017215"
[1] "Retrieving H3 Indexes for Buildings... 2025-04-25 12:54:10.033417"
[1] "Deleting Footprints... 2025-04-25 12:54:10.909112"
[1] "91 Files Succesfully Downloaded --- 2025-04-25 12:54:11"
[1] "Downloading Footprints for link 92 @ 2025-04-25 12:54:10.91449"
[1] "File Downloaded... unzipping... 2025-04-25 12:54:11.573775"
[1] "Reading in data and making spatial... 2025-04-25 12:54:11.601988"
[1] "Retrieving coordinates... 2025-04-25 12:54:11.692679"
[1] "Retrieving H3 Indexes for Buildings... 2025-04-25 12:54:11.693674"
[1] "Deleting Footprints... 2025-04-25 12:54:12.343305"
[1] "92 Files Succesfully Downloaded --- 2025-04-25 12:54:12"
[1] "Downloading Footprints for link 93 @ 2025-04-25 12:54:12.345909"
[1] "File Downloaded... unzipping... 2025-04-25 12:54:12.606219"
[1] "Reading in data and making spatial... 2025-04-25 12:54:12.628285"
[1] "Retrieving coordinates... 2025-04-25 12:54:12.643078"
[1] "Retrieving H3 Indexes for Buildings... 2025-04-25 12:54:12.643524"
[1] "Deleting Footprints... 2025-04-25 12:54:13.14262"
[1] "93 Files Succesfully Downloaded --- 2025-04-25 12:54:13"
[1] "Downloading Footprints for link 94 @ 2025-04-25 12:54:13.147853"
[1] "File Downloaded... unzipping... 2025-04-25 12:54:13.840649"
[1] "Reading in data and making spatial... 2025-04-25 12:54:13.870734"
[1] "Retrieving coordinates... 2025-04-25 12:54:13.969424"
[1] "Retrieving H3 Indexes for Buildings... 2025-04-25 12:54:13.970613"
[1] "Deleting Footprints... 2025-04-25 12:54:14.612286"
[1] "94 Files Succesfully Downloaded --- 2025-04-25 12:54:15"
[1] "Downloading Footprints for link 95 @ 2025-04-25 12:54:14.615319"
[1] "File Downloaded... unzipping... 2025-04-25 12:54:15.43581"
[1] "Reading in data and making spatial... 2025-04-25 12:54:15.476443"
[1] "Retrieving coordinates... 2025-04-25 12:54:15.729877"
[1] "Retrieving H3 Indexes for Buildings... 2025-04-25 12:54:15.732077"
[1] "Deleting Footprints... 2025-04-25 12:54:16.603236"
[1] "95 Files Succesfully Downloaded --- 2025-04-25 12:54:17"
[1] "Downloading Footprints for link 96 @ 2025-04-25 12:54:16.606027"
[1] "File Downloaded... unzipping... 2025-04-25 12:54:17.083217"
[1] "Reading in data and making spatial... 2025-04-25 12:54:17.105419"
[1] "Retrieving coordinates... 2025-04-25 12:54:17.148416"
[1] "Retrieving H3 Indexes for Buildings... 2025-04-25 12:54:17.149008"
[1] "Deleting Footprints... 2025-04-25 12:54:17.641719"
[1] "96 Files Succesfully Downloaded --- 2025-04-25 12:54:18"
[1] "Downloading Footprints for link 97 @ 2025-04-25 12:54:17.645198"
[1] "File Downloaded... unzipping... 2025-04-25 12:54:20.708992"
[1] "Reading in data and making spatial... 2025-04-25 12:54:21.965261"
[1] "Retrieving coordinates... 2025-04-25 12:54:43.263927"
[1] "Retrieving H3 Indexes for Buildings... 2025-04-25 12:54:43.389122"
[1] "Deleting Footprints... 2025-04-25 12:54:46.879389"
[1] "97 Files Succesfully Downloaded --- 2025-04-25 12:54:47"
[1] "Downloading Footprints for link 98 @ 2025-04-25 12:54:46.881639"
[1] "File Downloaded... unzipping... 2025-04-25 12:54:47.215402"
[1] "Reading in data and making spatial... 2025-04-25 12:54:47.24217"
[1] "Retrieving coordinates... 2025-04-25 12:54:47.266454"
[1] "Retrieving H3 Indexes for Buildings... 2025-04-25 12:54:47.266868"
[1] "Deleting Footprints... 2025-04-25 12:54:47.916857"
[1] "98 Files Succesfully Downloaded --- 2025-04-25 12:54:48"
[1] "Downloading Footprints for link 99 @ 2025-04-25 12:54:47.920476"
[1] "File Downloaded... unzipping... 2025-04-25 12:54:48.277834"
[1] "Reading in data and making spatial... 2025-04-25 12:54:48.303015"
[1] "Retrieving coordinates... 2025-04-25 12:54:48.322459"
[1] "Retrieving H3 Indexes for Buildings... 2025-04-25 12:54:48.32288"
[1] "Deleting Footprints... 2025-04-25 12:54:49.067358"
[1] "99 Files Succesfully Downloaded --- 2025-04-25 12:54:49"
[1] "Downloading Footprints for link 100 @ 2025-04-25 12:54:49.08285"
[1] "File Downloaded... unzipping... 2025-04-25 12:54:51.011307"
[1] "Reading in data and making spatial... 2025-04-25 12:54:51.59313"
[1] "Retrieving coordinates... 2025-04-25 12:55:04.186777"
[1] "Retrieving H3 Indexes for Buildings... 2025-04-25 12:55:04.263178"
[1] "Deleting Footprints... 2025-04-25 12:55:05.092965"
[1] "100 Files Succesfully Downloaded --- 2025-04-25 12:55:05"
[1] "Downloading Footprints for link 101 @ 2025-04-25 12:55:05.096722"
[1] "File Downloaded... unzipping... 2025-04-25 12:55:05.904447"
[1] "Reading in data and making spatial... 2025-04-25 12:55:05.95723"
[1] "Retrieving coordinates... 2025-04-25 12:55:06.222643"
[1] "Retrieving H3 Indexes for Buildings... 2025-04-25 12:55:06.224523"
[1] "Deleting Footprints... 2025-04-25 12:55:07.436975"
[1] "101 Files Succesfully Downloaded --- 2025-04-25 12:55:07"
[1] "Downloading Footprints for link 102 @ 2025-04-25 12:55:07.440414"
[1] "File Downloaded... unzipping... 2025-04-25 12:55:07.964605"
[1] "Reading in data and making spatial... 2025-04-25 12:55:07.98821"
[1] "Retrieving coordinates... 2025-04-25 12:55:08.036144"
[1] "Retrieving H3 Indexes for Buildings... 2025-04-25 12:55:08.036805"
[1] "Deleting Footprints... 2025-04-25 12:55:08.936385"
[1] "102 Files Succesfully Downloaded --- 2025-04-25 12:55:09"
[1] "Downloading Footprints for link 103 @ 2025-04-25 12:55:08.940452"
[1] "File Downloaded... unzipping... 2025-04-25 12:55:09.915112"
[1] "Reading in data and making spatial... 2025-04-25 12:55:10.029784"
[1] "Retrieving coordinates... 2025-04-25 12:55:10.490751"
[1] "Retrieving H3 Indexes for Buildings... 2025-04-25 12:55:10.494354"
[1] "Deleting Footprints... 2025-04-25 12:55:11.195646"
[1] "103 Files Succesfully Downloaded --- 2025-04-25 12:55:11"
[1] "Downloading Footprints for link 104 @ 2025-04-25 12:55:11.199033"
[1] "File Downloaded... unzipping... 2025-04-25 12:55:11.676121"
[1] "Reading in data and making spatial... 2025-04-25 12:55:11.698789"
[1] "Retrieving coordinates... 2025-04-25 12:55:11.737391"
[1] "Retrieving H3 Indexes for Buildings... 2025-04-25 12:55:11.737969"
[1] "Deleting Footprints... 2025-04-25 12:55:12.77779"
[1] "104 Files Succesfully Downloaded --- 2025-04-25 12:55:13"
[1] "Downloading Footprints for link 105 @ 2025-04-25 12:55:12.781638"
[1] "File Downloaded... unzipping... 2025-04-25 12:55:15.288994"
[1] "Reading in data and making spatial... 2025-04-25 12:55:16.116685"
[1] "Retrieving coordinates... 2025-04-25 12:55:32.462604"
[1] "Retrieving H3 Indexes for Buildings... 2025-04-25 12:55:34.176172"
[1] "Deleting Footprints... 2025-04-25 12:55:35.218567"
[1] "105 Files Succesfully Downloaded --- 2025-04-25 12:55:35"
[1] "Downloading Footprints for link 106 @ 2025-04-25 12:55:35.220579"
[1] "File Downloaded... unzipping... 2025-04-25 12:55:36.182506"
[1] "Reading in data and making spatial... 2025-04-25 12:55:36.467336"
[1] "Retrieving coordinates... 2025-04-25 12:55:37.044253"
[1] "Retrieving H3 Indexes for Buildings... 2025-04-25 12:55:37.047768"
[1] "Deleting Footprints... 2025-04-25 12:55:38.1714"
[1] "106 Files Succesfully Downloaded --- 2025-04-25 12:55:38"
[1] "Downloading Footprints for link 107 @ 2025-04-25 12:55:38.17398"
[1] "File Downloaded... unzipping... 2025-04-25 12:55:38.602511"
[1] "Reading in data and making spatial... 2025-04-25 12:55:38.626745"
[1] "Retrieving coordinates... 2025-04-25 12:55:38.657981"
[1] "Retrieving H3 Indexes for Buildings... 2025-04-25 12:55:38.658508"
[1] "Deleting Footprints... 2025-04-25 12:55:39.603627"
[1] "107 Files Succesfully Downloaded --- 2025-04-25 12:55:40"
[1] "Downloading Footprints for link 108 @ 2025-04-25 12:55:39.60709"
[1] "File Downloaded... unzipping... 2025-04-25 12:55:40.995201"
[1] "Reading in data and making spatial... 2025-04-25 12:55:41.228523"
[1] "Retrieving coordinates... 2025-04-25 12:55:45.034449"
[1] "Retrieving H3 Indexes for Buildings... 2025-04-25 12:55:45.059143"
[1] "Deleting Footprints... 2025-04-25 12:55:46.29721"
[1] "108 Files Succesfully Downloaded --- 2025-04-25 12:55:46"
[1] "Downloading Footprints for link 109 @ 2025-04-25 12:55:46.323479"
[1] "File Downloaded... unzipping... 2025-04-25 12:55:47.650026"
[1] "Reading in data and making spatial... 2025-04-25 12:55:47.846709"
[1] "Retrieving coordinates... 2025-04-25 12:55:50.116508"
[1] "Retrieving H3 Indexes for Buildings... 2025-04-25 12:55:50.130709"
[1] "Deleting Footprints... 2025-04-25 12:55:51.386531"
[1] "109 Files Succesfully Downloaded --- 2025-04-25 12:55:51"
[1] "Downloading Footprints for link 110 @ 2025-04-25 12:55:51.389555"
[1] "File Downloaded... unzipping... 2025-04-25 12:55:51.729288"
[1] "Reading in data and making spatial... 2025-04-25 12:55:51.750544"
[1] "Retrieving coordinates... 2025-04-25 12:55:51.769598"
[1] "Retrieving H3 Indexes for Buildings... 2025-04-25 12:55:51.769968"
[1] "Deleting Footprints... 2025-04-25 12:55:52.719297"
[1] "110 Files Succesfully Downloaded --- 2025-04-25 12:55:53"
[1] "Downloading Footprints for link 111 @ 2025-04-25 12:55:52.723826"
[1] "File Downloaded... unzipping... 2025-04-25 12:55:53.513151"
[1] "Reading in data and making spatial... 2025-04-25 12:55:53.549708"
[1] "Retrieving coordinates... 2025-04-25 12:55:53.755378"
[1] "Retrieving H3 Indexes for Buildings... 2025-04-25 12:55:53.757219"
[1] "Deleting Footprints... 2025-04-25 12:55:54.831088"
[1] "111 Files Succesfully Downloaded --- 2025-04-25 12:55:55"
[1] "Downloading Footprints for link 112 @ 2025-04-25 12:55:54.833243"
[1] "File Downloaded... unzipping... 2025-04-25 12:55:57.248007"
[1] "Reading in data and making spatial... 2025-04-25 12:55:57.525609"
[1] "Retrieving coordinates... 2025-04-25 12:56:02.701018"
[1] "Retrieving H3 Indexes for Buildings... 2025-04-25 12:56:02.728986"
[1] "Deleting Footprints... 2025-04-25 12:56:03.525866"
[1] "112 Files Succesfully Downloaded --- 2025-04-25 12:56:04"
[1] "Downloading Footprints for link 113 @ 2025-04-25 12:56:03.531433"
[1] "File Downloaded... unzipping... 2025-04-25 12:56:04.583664"
[1] "Reading in data and making spatial... 2025-04-25 12:56:04.612659"
[1] "Retrieving coordinates... 2025-04-25 12:56:04.689712"
[1] "Retrieving H3 Indexes for Buildings... 2025-04-25 12:56:04.690416"
[1] "Deleting Footprints... 2025-04-25 12:56:06.03495"
[1] "113 Files Succesfully Downloaded --- 2025-04-25 12:56:06"
[1] "Downloading Footprints for link 114 @ 2025-04-25 12:56:06.039405"
[1] "File Downloaded... unzipping... 2025-04-25 12:56:06.385059"
[1] "Reading in data and making spatial... 2025-04-25 12:56:06.406313"
[1] "Retrieving coordinates... 2025-04-25 12:56:06.425471"
[1] "Retrieving H3 Indexes for Buildings... 2025-04-25 12:56:06.425845"
[1] "Deleting Footprints... 2025-04-25 12:56:07.31208"
[1] "114 Files Succesfully Downloaded --- 2025-04-25 12:56:07"
[1] "Downloading Footprints for link 115 @ 2025-04-25 12:56:07.31564"
[1] "File Downloaded... unzipping... 2025-04-25 12:56:07.727408"
[1] "Reading in data and making spatial... 2025-04-25 12:56:07.749578"
[1] "Retrieving coordinates... 2025-04-25 12:56:07.778317"
[1] "Retrieving H3 Indexes for Buildings... 2025-04-25 12:56:07.778811"
[1] "Deleting Footprints... 2025-04-25 12:56:08.720597"
[1] "115 Files Succesfully Downloaded --- 2025-04-25 12:56:09"
[1] "Downloading Footprints for link 116 @ 2025-04-25 12:56:08.721647"
[1] "File Downloaded... unzipping... 2025-04-25 12:56:09.372608"
[1] "Reading in data and making spatial... 2025-04-25 12:56:09.400429"
[1] "Retrieving coordinates... 2025-04-25 12:56:09.532921"
[1] "Retrieving H3 Indexes for Buildings... 2025-04-25 12:56:09.534363"
[1] "Deleting Footprints... 2025-04-25 12:56:10.371161"
[1] "116 Files Succesfully Downloaded --- 2025-04-25 12:56:10"
[1] "Downloading Footprints for link 117 @ 2025-04-25 12:56:10.376015"
[1] "File Downloaded... unzipping... 2025-04-25 12:56:10.877378"
[1] "Reading in data and making spatial... 2025-04-25 12:56:10.900338"
[1] "Retrieving coordinates... 2025-04-25 12:56:10.940838"
[1] "Retrieving H3 Indexes for Buildings... 2025-04-25 12:56:10.941407"
[1] "Deleting Footprints... 2025-04-25 12:56:11.860445"
[1] "117 Files Succesfully Downloaded --- 2025-04-25 12:56:12"
[1] "Downloading Footprints for link 118 @ 2025-04-25 12:56:11.865057"
[1] "File Downloaded... unzipping... 2025-04-25 12:56:12.505383"
[1] "Reading in data and making spatial... 2025-04-25 12:56:12.533227"
[1] "Retrieving coordinates... 2025-04-25 12:56:12.635582"
[1] "Retrieving H3 Indexes for Buildings... 2025-04-25 12:56:12.636729"
[1] "Deleting Footprints... 2025-04-25 12:56:13.482429"
[1] "118 Files Succesfully Downloaded --- 2025-04-25 12:56:13"
[1] "Downloading Footprints for link 119 @ 2025-04-25 12:56:13.485961"
[1] "File Downloaded... unzipping... 2025-04-25 12:56:13.968486"
[1] "Reading in data and making spatial... 2025-04-25 12:56:13.99375"
[1] "Retrieving coordinates... 2025-04-25 12:56:14.047558"
[1] "Retrieving H3 Indexes for Buildings... 2025-04-25 12:56:14.048328"
[1] "Deleting Footprints... 2025-04-25 12:56:15.005756"
[1] "119 Files Succesfully Downloaded --- 2025-04-25 12:56:15"
[1] "Downloading Footprints for link 120 @ 2025-04-25 12:56:15.010343"
[1] "File Downloaded... unzipping... 2025-04-25 12:56:15.391673"
[1] "Reading in data and making spatial... 2025-04-25 12:56:15.419373"
[1] "Retrieving coordinates... 2025-04-25 12:56:15.441316"
[1] "Retrieving H3 Indexes for Buildings... 2025-04-25 12:56:15.441768"
[1] "Deleting Footprints... 2025-04-25 12:56:16.363017"
[1] "120 Files Succesfully Downloaded --- 2025-04-25 12:56:16"
[1] "Downloading Footprints for link 121 @ 2025-04-25 12:56:16.36719"
[1] "File Downloaded... unzipping... 2025-04-25 12:56:16.640378"
[1] "Reading in data and making spatial... 2025-04-25 12:56:16.662793"
[1] "Retrieving coordinates... 2025-04-25 12:56:16.680622"
[1] "Retrieving H3 Indexes for Buildings... 2025-04-25 12:56:16.681041"
[1] "Deleting Footprints... 2025-04-25 12:56:17.624021"
[1] "121 Files Succesfully Downloaded --- 2025-04-25 12:56:18"
[1] "Downloading Footprints for link 122 @ 2025-04-25 12:56:17.625836"
[1] "File Downloaded... unzipping... 2025-04-25 12:56:18.429087"
[1] "Reading in data and making spatial... 2025-04-25 12:56:18.584606"
[1] "Retrieving coordinates... 2025-04-25 12:56:18.901831"
[1] "Retrieving H3 Indexes for Buildings... 2025-04-25 12:56:18.904538"
[1] "Deleting Footprints... 2025-04-25 12:56:19.751239"
[1] "122 Files Succesfully Downloaded --- 2025-04-25 12:56:20"
[1] "Downloading Footprints for link 123 @ 2025-04-25 12:56:19.753975"
[1] "File Downloaded... unzipping... 2025-04-25 12:56:20.915509"
[1] "Reading in data and making spatial... 2025-04-25 12:56:21.011459"
[1] "Retrieving coordinates... 2025-04-25 12:56:22.503619"
[1] "Retrieving H3 Indexes for Buildings... 2025-04-25 12:56:22.512902"
[1] "Deleting Footprints... 2025-04-25 12:56:23.52031"
[1] "123 Files Succesfully Downloaded --- 2025-04-25 12:56:24"
[1] "Downloading Footprints for link 124 @ 2025-04-25 12:56:23.523498"
[1] "File Downloaded... unzipping... 2025-04-25 12:56:24.725377"
[1] "Reading in data and making spatial... 2025-04-25 12:56:24.810784"
[1] "Retrieving coordinates... 2025-04-25 12:56:25.859669"
[1] "Retrieving H3 Indexes for Buildings... 2025-04-25 12:56:25.86642"
[1] "Deleting Footprints... 2025-04-25 12:56:26.79815"
[1] "124 Files Succesfully Downloaded --- 2025-04-25 12:56:27"
[1] "Downloading Footprints for link 125 @ 2025-04-25 12:56:26.800663"
[1] "File Downloaded... unzipping... 2025-04-25 12:56:27.452054"
[1] "Reading in data and making spatial... 2025-04-25 12:56:27.478305"
[1] "Retrieving coordinates... 2025-04-25 12:56:27.555415"
[1] "Retrieving H3 Indexes for Buildings... 2025-04-25 12:56:27.556295"
[1] "Deleting Footprints... 2025-04-25 12:56:28.600579"
[1] "125 Files Succesfully Downloaded --- 2025-04-25 12:56:29"
[1] "Downloading Footprints for link 126 @ 2025-04-25 12:56:28.603358"
[1] "File Downloaded... unzipping... 2025-04-25 12:56:28.947561"
[1] "Reading in data and making spatial... 2025-04-25 12:56:28.973708"
[1] "Retrieving coordinates... 2025-04-25 12:56:28.994768"
[1] "Retrieving H3 Indexes for Buildings... 2025-04-25 12:56:28.995228"
[1] "Deleting Footprints... 2025-04-25 12:56:29.979851"
[1] "126 Files Succesfully Downloaded --- 2025-04-25 12:56:30"
[1] "Downloading Footprints for link 127 @ 2025-04-25 12:56:30.006662"
[1] "File Downloaded... unzipping... 2025-04-25 12:56:30.287416"
[1] "Reading in data and making spatial... 2025-04-25 12:56:30.308068"
[1] "Retrieving coordinates... 2025-04-25 12:56:30.321077"
[1] "Retrieving H3 Indexes for Buildings... 2025-04-25 12:56:30.321445"
[1] "Deleting Footprints... 2025-04-25 12:56:31.269458"
[1] "127 Files Succesfully Downloaded --- 2025-04-25 12:56:31"
[1] "Downloading Footprints for link 128 @ 2025-04-25 12:56:31.27284"
[1] "File Downloaded... unzipping... 2025-04-25 12:56:31.844742"
[1] "Reading in data and making spatial... 2025-04-25 12:56:31.872528"
[1] "Retrieving coordinates... 2025-04-25 12:56:31.941418"
[1] "Retrieving H3 Indexes for Buildings... 2025-04-25 12:56:31.942231"
[1] "Deleting Footprints... 2025-04-25 12:56:32.920523"
[1] "128 Files Succesfully Downloaded --- 2025-04-25 12:56:33"
[1] "Downloading Footprints for link 129 @ 2025-04-25 12:56:32.924728"
[1] "File Downloaded... unzipping... 2025-04-25 12:56:34.155625"
[1] "Reading in data and making spatial... 2025-04-25 12:56:34.32883"
[1] "Retrieving coordinates... 2025-04-25 12:56:36.360615"
[1] "Retrieving H3 Indexes for Buildings... 2025-04-25 12:56:36.372312"
[1] "Deleting Footprints... 2025-04-25 12:56:37.596308"
[1] "129 Files Succesfully Downloaded --- 2025-04-25 12:56:38"
[1] "Downloading Footprints for link 130 @ 2025-04-25 12:56:37.597286"
[1] "File Downloaded... unzipping... 2025-04-25 12:56:37.865191"
[1] "Reading in data and making spatial... 2025-04-25 12:56:37.886672"
[1] "Retrieving coordinates... 2025-04-25 12:56:37.90373"
[1] "Retrieving H3 Indexes for Buildings... 2025-04-25 12:56:37.90413"
[1] "Deleting Footprints... 2025-04-25 12:56:38.762733"
[1] "130 Files Succesfully Downloaded --- 2025-04-25 12:56:39"
[1] "Downloading Footprints for link 131 @ 2025-04-25 12:56:38.765481"
[1] "File Downloaded... unzipping... 2025-04-25 12:56:40.041984"
[1] "Reading in data and making spatial... 2025-04-25 12:56:40.264505"
[1] "Retrieving coordinates... 2025-04-25 12:56:41.215113"
[1] "Retrieving H3 Indexes for Buildings... 2025-04-25 12:56:41.222561"
[1] "Deleting Footprints... 2025-04-25 12:56:42.359534"
[1] "131 Files Succesfully Downloaded --- 2025-04-25 12:56:42"
[1] "Downloading Footprints for link 132 @ 2025-04-25 12:56:42.363468"
[1] "File Downloaded... unzipping... 2025-04-25 12:56:42.969024"
[1] "Reading in data and making spatial... 2025-04-25 12:56:42.994755"
[1] "Retrieving coordinates... 2025-04-25 12:56:43.058169"
[1] "Retrieving H3 Indexes for Buildings... 2025-04-25 12:56:43.058924"
[1] "Deleting Footprints... 2025-04-25 12:56:44.017794"
[1] "132 Files Succesfully Downloaded --- 2025-04-25 12:56:44"
[1] "Downloading Footprints for link 133 @ 2025-04-25 12:56:44.02214"
[1] "File Downloaded... unzipping... 2025-04-25 12:56:44.909438"
[1] "Reading in data and making spatial... 2025-04-25 12:56:45.403079"
[1] "Retrieving coordinates... 2025-04-25 12:56:45.702272"
[1] "Retrieving H3 Indexes for Buildings... 2025-04-25 12:56:45.704846"
[1] "Deleting Footprints... 2025-04-25 12:56:46.617316"
[1] "133 Files Succesfully Downloaded --- 2025-04-25 12:56:47"
[1] "Downloading Footprints for link 134 @ 2025-04-25 12:56:46.620535"
[1] "File Downloaded... unzipping... 2025-04-25 12:56:47.491076"
[1] "Reading in data and making spatial... 2025-04-25 12:56:47.623641"
[1] "Retrieving coordinates... 2025-04-25 12:56:47.892071"
[1] "Retrieving H3 Indexes for Buildings... 2025-04-25 12:56:47.894329"
[1] "Deleting Footprints... 2025-04-25 12:56:48.900939"
[1] "134 Files Succesfully Downloaded --- 2025-04-25 12:56:49"
[1] "Downloading Footprints for link 135 @ 2025-04-25 12:56:48.903829"
[1] "File Downloaded... unzipping... 2025-04-25 12:56:50.465223"
[1] "Reading in data and making spatial... 2025-04-25 12:56:50.72919"
[1] "Retrieving coordinates... 2025-04-25 12:56:55.231581"
[1] "Retrieving H3 Indexes for Buildings... 2025-04-25 12:56:55.257416"
[1] "Deleting Footprints... 2025-04-25 12:56:56.425262"
[1] "135 Files Succesfully Downloaded --- 2025-04-25 12:56:56"
[1] "Downloading Footprints for link 136 @ 2025-04-25 12:56:56.428434"
[1] "File Downloaded... unzipping... 2025-04-25 12:56:57.413366"
[1] "Reading in data and making spatial... 2025-04-25 12:56:57.462135"
[1] "Retrieving coordinates... 2025-04-25 12:56:57.756813"
[1] "Retrieving H3 Indexes for Buildings... 2025-04-25 12:56:57.759338"
[1] "Deleting Footprints... 2025-04-25 12:56:58.53534"
[1] "136 Files Succesfully Downloaded --- 2025-04-25 12:56:59"
[1] "Downloading Footprints for link 137 @ 2025-04-25 12:56:58.53852"
[1] "File Downloaded... unzipping... 2025-04-25 12:56:59.69158"
[1] "Reading in data and making spatial... 2025-04-25 12:56:59.800591"
[1] "Retrieving coordinates... 2025-04-25 12:57:01.029245"
[1] "Retrieving H3 Indexes for Buildings... 2025-04-25 12:57:01.423385"
[1] "Deleting Footprints... 2025-04-25 12:57:01.915104"
[1] "137 Files Succesfully Downloaded --- 2025-04-25 12:57:02"
[1] "Downloading Footprints for link 138 @ 2025-04-25 12:57:01.919944"
[1] "File Downloaded... unzipping... 2025-04-25 12:57:02.264997"
[1] "Reading in data and making spatial... 2025-04-25 12:57:02.288203"
[1] "Retrieving coordinates... 2025-04-25 12:57:02.307608"
[1] "Retrieving H3 Indexes for Buildings... 2025-04-25 12:57:02.308034"
[1] "Deleting Footprints... 2025-04-25 12:57:03.432644"
[1] "138 Files Succesfully Downloaded --- 2025-04-25 12:57:03"
[1] "Downloading Footprints for link 139 @ 2025-04-25 12:57:03.43695"
[1] "File Downloaded... unzipping... 2025-04-25 12:57:03.788507"
[1] "Reading in data and making spatial... 2025-04-25 12:57:03.810817"
[1] "Retrieving coordinates... 2025-04-25 12:57:03.837624"
[1] "Retrieving H3 Indexes for Buildings... 2025-04-25 12:57:03.838155"
[1] "Deleting Footprints... 2025-04-25 12:57:04.819362"
[1] "139 Files Succesfully Downloaded --- 2025-04-25 12:57:05"
[1] "SCRIPT COMPLETE @ 2025-04-25 12:57:11"
