[1] "Starting at: 2025-04-25 12:44:20"
[1] "Loading Links at: 2025-04-25 12:44:40"
[1] "quadkeys to download: 99"
[1] "Downloading and Joining footprints to Hex @ 2025-04-25 12:44:40"
[1] "Downloading Footprints for link 1 @ 2025-04-25 12:44:39.669407"
[1] "File Downloaded... unzipping... 2025-04-25 12:44:40.431599"
[1] "Reading in data and making spatial... 2025-04-25 12:44:40.476264"
[1] "Retrieving coordinates... 2025-04-25 12:44:40.742307"
[1] "Retrieving H3 Indexes for Buildings... 2025-04-25 12:44:41.794441"
[1] "Deleting Footprints... 2025-04-25 12:44:41.804758"
[1] "1 Files Succesfully Downloaded --- 2025-04-25 12:44:42"
[1] "Downloading Footprints for link 2 @ 2025-04-25 12:44:41.808276"
[1] "File Downloaded... unzipping... 2025-04-25 12:44:42.337157"
[1] "Reading in data and making spatial... 2025-04-25 12:44:42.363055"
[1] "Retrieving coordinates... 2025-04-25 12:44:42.445148"
[1] "Retrieving H3 Indexes for Buildings... 2025-04-25 12:44:42.446158"
[1] "Deleting Footprints... 2025-04-25 12:44:42.44992"
[1] "2 Files Succesfully Downloaded --- 2025-04-25 12:44:42"
[1] "Downloading Footprints for link 3 @ 2025-04-25 12:44:42.451331"
[1] "File Downloaded... unzipping... 2025-04-25 12:44:42.800947"
[1] "Reading in data and making spatial... 2025-04-25 12:44:42.823449"
[1] "Retrieving coordinates... 2025-04-25 12:44:42.844055"
[1] "Retrieving H3 Indexes for Buildings... 2025-04-25 12:44:42.844511"
[1] "Deleting Footprints... 2025-04-25 12:44:42.845726"
[1] "3 Files Succesfully Downloaded --- 2025-04-25 12:44:43"
[1] "Downloading Footprints for link 4 @ 2025-04-25 12:44:42.846985"
[1] "File Downloaded... unzipping... 2025-04-25 12:44:43.106296"
[1] "Reading in data and making spatial... 2025-04-25 12:44:43.129156"
[1] "Retrieving coordinates... 2025-04-25 12:44:43.146167"
[1] "Retrieving H3 Indexes for Buildings... 2025-04-25 12:44:43.146597"
[1] "Deleting Footprints... 2025-04-25 12:44:43.147558"
[1] "4 Files Succesfully Downloaded --- 2025-04-25 12:44:43"
[1] "Downloading Footprints for link 5 @ 2025-04-25 12:44:43.148772"
[1] "File Downloaded... unzipping... 2025-04-25 12:44:43.720648"
[1] "Reading in data and making spatial... 2025-04-25 12:44:43.748195"
[1] "Retrieving coordinates... 2025-04-25 12:44:43.812388"
[1] "Retrieving H3 Indexes for Buildings... 2025-04-25 12:44:43.813149"
[1] "Deleting Footprints... 2025-04-25 12:44:43.816242"
[1] "5 Files Succesfully Downloaded --- 2025-04-25 12:44:44"
[1] "Downloading Footprints for link 6 @ 2025-04-25 12:44:43.81855"
[1] "File Downloaded... unzipping... 2025-04-25 12:44:44.216613"
[1] "Reading in data and making spatial... 2025-04-25 12:44:44.238953"
[1] "Retrieving coordinates... 2025-04-25 12:44:44.274494"
[1] "Retrieving H3 Indexes for Buildings... 2025-04-25 12:44:44.275059"
[1] "Deleting Footprints... 2025-04-25 12:44:44.277015"
[1] "6 Files Succesfully Downloaded --- 2025-04-25 12:44:44"
[1] "Downloading Footprints for link 7 @ 2025-04-25 12:44:44.277975"
[1] "File Downloaded... unzipping... 2025-04-25 12:44:45.082666"
[1] "Reading in data and making spatial... 2025-04-25 12:44:45.129458"
[1] "Retrieving coordinates... 2025-04-25 12:44:45.459912"
[1] "Retrieving H3 Indexes for Buildings... 2025-04-25 12:44:45.462919"
[1] "Deleting Footprints... 2025-04-25 12:44:45.476707"
[1] "7 Files Succesfully Downloaded --- 2025-04-25 12:44:45"
[1] "Downloading Footprints for link 8 @ 2025-04-25 12:44:45.47794"
[1] "File Downloaded... unzipping... 2025-04-25 12:44:45.886711"
[1] "Reading in data and making spatial... 2025-04-25 12:44:45.912869"
[1] "Retrieving coordinates... 2025-04-25 12:44:45.948341"
[1] "Retrieving H3 Indexes for Buildings... 2025-04-25 12:44:45.948928"
[1] "Deleting Footprints... 2025-04-25 12:44:45.952194"
[1] "8 Files Succesfully Downloaded --- 2025-04-25 12:44:46"
[1] "Downloading Footprints for link 9 @ 2025-04-25 12:44:45.954235"
[1] "File Downloaded... unzipping... 2025-04-25 12:44:46.747919"
[1] "Reading in data and making spatial... 2025-04-25 12:44:46.786412"
[1] "Retrieving coordinates... 2025-04-25 12:44:47.014754"
[1] "Retrieving H3 Indexes for Buildings... 2025-04-25 12:44:47.016611"
[1] "Deleting Footprints... 2025-04-25 12:44:47.02677"
[1] "9 Files Succesfully Downloaded --- 2025-04-25 12:44:47"
[1] "Downloading Footprints for link 10 @ 2025-04-25 12:44:47.028127"
[1] "File Downloaded... unzipping... 2025-04-25 12:44:47.535157"
[1] "Reading in data and making spatial... 2025-04-25 12:44:47.563212"
[1] "Retrieving coordinates... 2025-04-25 12:44:47.670254"
[1] "Retrieving H3 Indexes for Buildings... 2025-04-25 12:44:47.671395"
[1] "Deleting Footprints... 2025-04-25 12:44:47.678412"
[1] "10 Files Succesfully Downloaded --- 2025-04-25 12:44:48"
[1] "Downloading Footprints for link 11 @ 2025-04-25 12:44:47.680685"
[1] "File Downloaded... unzipping... 2025-04-25 12:44:48.320442"
[1] "Reading in data and making spatial... 2025-04-25 12:44:48.352048"
[1] "Retrieving coordinates... 2025-04-25 12:44:48.473819"
[1] "Retrieving H3 Indexes for Buildings... 2025-04-25 12:44:48.47504"
[1] "Deleting Footprints... 2025-04-25 12:44:48.482713"
[1] "11 Files Succesfully Downloaded --- 2025-04-25 12:44:48"
[1] "Downloading Footprints for link 12 @ 2025-04-25 12:44:48.483784"
[1] "File Downloaded... unzipping... 2025-04-25 12:44:49.232262"
[1] "Reading in data and making spatial... 2025-04-25 12:44:49.332894"
[1] "Retrieving coordinates... 2025-04-25 12:44:49.709583"
[1] "Retrieving H3 Indexes for Buildings... 2025-04-25 12:44:49.712862"
[1] "Deleting Footprints... 2025-04-25 12:44:49.731704"
[1] "12 Files Succesfully Downloaded --- 2025-04-25 12:44:50"
[1] "Downloading Footprints for link 13 @ 2025-04-25 12:44:49.733044"
[1] "File Downloaded... unzipping... 2025-04-25 12:44:51.027336"
[1] "Reading in data and making spatial... 2025-04-25 12:44:51.223448"
[1] "Retrieving coordinates... 2025-04-25 12:44:54.285482"
[1] "Retrieving H3 Indexes for Buildings... 2025-04-25 12:44:54.30515"
[1] "Deleting Footprints... 2025-04-25 12:44:54.416458"
[1] "13 Files Succesfully Downloaded --- 2025-04-25 12:44:54"
[1] "Downloading Footprints for link 14 @ 2025-04-25 12:44:54.420836"
[1] "File Downloaded... unzipping... 2025-04-25 12:44:55.498677"
[1] "Reading in data and making spatial... 2025-04-25 12:44:55.585347"
[1] "Retrieving coordinates... 2025-04-25 12:44:56.514291"
[1] "Retrieving H3 Indexes for Buildings... 2025-04-25 12:44:56.520881"
[1] "Deleting Footprints... 2025-04-25 12:44:56.568047"
[1] "14 Files Succesfully Downloaded --- 2025-04-25 12:44:57"
[1] "Downloading Footprints for link 15 @ 2025-04-25 12:44:56.57004"
[1] "File Downloaded... unzipping... 2025-04-25 12:44:57.469534"
[1] "Reading in data and making spatial... 2025-04-25 12:44:57.608038"
[1] "Retrieving coordinates... 2025-04-25 12:44:58.031906"
[1] "Retrieving H3 Indexes for Buildings... 2025-04-25 12:44:58.034968"
[1] "Deleting Footprints... 2025-04-25 12:44:58.221456"
[1] "15 Files Succesfully Downloaded --- 2025-04-25 12:44:58"
[1] "Downloading Footprints for link 16 @ 2025-04-25 12:44:58.224467"
[1] "File Downloaded... unzipping... 2025-04-25 12:44:59.130953"
[1] "Reading in data and making spatial... 2025-04-25 12:44:59.223106"
[1] "Retrieving coordinates... 2025-04-25 12:44:59.702461"
[1] "Retrieving H3 Indexes for Buildings... 2025-04-25 12:44:59.70547"
[1] "Deleting Footprints... 2025-04-25 12:44:59.730759"
[1] "16 Files Succesfully Downloaded --- 2025-04-25 12:45:00"
[1] "Downloading Footprints for link 17 @ 2025-04-25 12:44:59.7334"
[1] "File Downloaded... unzipping... 2025-04-25 12:45:00.195469"
[1] "Reading in data and making spatial... 2025-04-25 12:45:00.224757"
[1] "Retrieving coordinates... 2025-04-25 12:45:00.285188"
[1] "Retrieving H3 Indexes for Buildings... 2025-04-25 12:45:00.285879"
[1] "Deleting Footprints... 2025-04-25 12:45:00.30133"
[1] "17 Files Succesfully Downloaded --- 2025-04-25 12:45:00"
[1] "Downloading Footprints for link 18 @ 2025-04-25 12:45:00.303128"
[1] "File Downloaded... unzipping... 2025-04-25 12:45:00.943806"
[1] "Reading in data and making spatial... 2025-04-25 12:45:00.97769"
[1] "Retrieving coordinates... 2025-04-25 12:45:01.134577"
[1] "Retrieving H3 Indexes for Buildings... 2025-04-25 12:45:01.13591"
[1] "Deleting Footprints... 2025-04-25 12:45:01.156886"
[1] "18 Files Succesfully Downloaded --- 2025-04-25 12:45:01"
[1] "Downloading Footprints for link 19 @ 2025-04-25 12:45:01.158602"
[1] "File Downloaded... unzipping... 2025-04-25 12:45:01.946521"
[1] "Reading in data and making spatial... 2025-04-25 12:45:01.986407"
[1] "Retrieving coordinates... 2025-04-25 12:45:02.291353"
[1] "Retrieving H3 Indexes for Buildings... 2025-04-25 12:45:02.293443"
[1] "Deleting Footprints... 2025-04-25 12:45:02.319024"
[1] "19 Files Succesfully Downloaded --- 2025-04-25 12:45:02"
[1] "Downloading Footprints for link 20 @ 2025-04-25 12:45:02.321918"
[1] "File Downloaded... unzipping... 2025-04-25 12:45:03.410298"
[1] "Reading in data and making spatial... 2025-04-25 12:45:03.668212"
[1] "Retrieving coordinates... 2025-04-25 12:45:05.142929"
[1] "Retrieving H3 Indexes for Buildings... 2025-04-25 12:45:05.151706"
[1] "Deleting Footprints... 2025-04-25 12:45:05.212239"
[1] "20 Files Succesfully Downloaded --- 2025-04-25 12:45:05"
[1] "Downloading Footprints for link 21 @ 2025-04-25 12:45:05.215012"
[1] "File Downloaded... unzipping... 2025-04-25 12:45:05.898242"
[1] "Reading in data and making spatial... 2025-04-25 12:45:05.93187"
[1] "Retrieving coordinates... 2025-04-25 12:45:06.094911"
[1] "Retrieving H3 Indexes for Buildings... 2025-04-25 12:45:06.09624"
[1] "Deleting Footprints... 2025-04-25 12:45:06.243655"
[1] "21 Files Succesfully Downloaded --- 2025-04-25 12:45:06"
[1] "Downloading Footprints for link 22 @ 2025-04-25 12:45:06.248007"
[1] "File Downloaded... unzipping... 2025-04-25 12:45:06.908208"
[1] "Reading in data and making spatial... 2025-04-25 12:45:06.940891"
[1] "Retrieving coordinates... 2025-04-25 12:45:07.09421"
[1] "Retrieving H3 Indexes for Buildings... 2025-04-25 12:45:07.0955"
[1] "Deleting Footprints... 2025-04-25 12:45:07.112111"
[1] "22 Files Succesfully Downloaded --- 2025-04-25 12:45:07"
[1] "Downloading Footprints for link 23 @ 2025-04-25 12:45:07.11332"
[1] "File Downloaded... unzipping... 2025-04-25 12:45:10.569351"
[1] "Reading in data and making spatial... 2025-04-25 12:45:10.603328"
[1] "Retrieving coordinates... 2025-04-25 12:45:10.770894"
[1] "Retrieving H3 Indexes for Buildings... 2025-04-25 12:45:10.772237"
[1] "Deleting Footprints... 2025-04-25 12:45:10.790444"
[1] "23 Files Succesfully Downloaded --- 2025-04-25 12:45:11"
[1] "Downloading Footprints for link 24 @ 2025-04-25 12:45:10.792309"
[1] "File Downloaded... unzipping... 2025-04-25 12:45:11.363127"
[1] "Reading in data and making spatial... 2025-04-25 12:45:11.392623"
[1] "Retrieving coordinates... 2025-04-25 12:45:11.592307"
[1] "Retrieving H3 Indexes for Buildings... 2025-04-25 12:45:11.593184"
[1] "Deleting Footprints... 2025-04-25 12:45:11.60783"
[1] "24 Files Succesfully Downloaded --- 2025-04-25 12:45:12"
[1] "Downloading Footprints for link 25 @ 2025-04-25 12:45:11.609397"
[1] "File Downloaded... unzipping... 2025-04-25 12:45:12.325981"
[1] "Reading in data and making spatial... 2025-04-25 12:45:12.365649"
[1] "Retrieving coordinates... 2025-04-25 12:45:12.611427"
[1] "Retrieving H3 Indexes for Buildings... 2025-04-25 12:45:12.613127"
[1] "Deleting Footprints... 2025-04-25 12:45:12.634736"
[1] "25 Files Succesfully Downloaded --- 2025-04-25 12:45:13"
[1] "Downloading Footprints for link 26 @ 2025-04-25 12:45:12.635548"
[1] "File Downloaded... unzipping... 2025-04-25 12:45:13.068901"
[1] "Reading in data and making spatial... 2025-04-25 12:45:13.796679"
[1] "Retrieving coordinates... 2025-04-25 12:45:13.832405"
[1] "Retrieving H3 Indexes for Buildings... 2025-04-25 12:45:13.832934"
[1] "Deleting Footprints... 2025-04-25 12:45:13.846495"
[1] "26 Files Succesfully Downloaded --- 2025-04-25 12:45:14"
[1] "Downloading Footprints for link 27 @ 2025-04-25 12:45:13.849088"
[1] "File Downloaded... unzipping... 2025-04-25 12:45:14.275025"
[1] "Reading in data and making spatial... 2025-04-25 12:45:14.297662"
[1] "Retrieving coordinates... 2025-04-25 12:45:14.324025"
[1] "Retrieving H3 Indexes for Buildings... 2025-04-25 12:45:14.324522"
[1] "Deleting Footprints... 2025-04-25 12:45:14.337577"
[1] "27 Files Succesfully Downloaded --- 2025-04-25 12:45:14"
[1] "Downloading Footprints for link 28 @ 2025-04-25 12:45:14.338924"
[1] "File Downloaded... unzipping... 2025-04-25 12:45:14.94908"
[1] "Reading in data and making spatial... 2025-04-25 12:45:14.975694"
[1] "Retrieving coordinates... 2025-04-25 12:45:15.053203"
[1] "Retrieving H3 Indexes for Buildings... 2025-04-25 12:45:15.054102"
[1] "Deleting Footprints... 2025-04-25 12:45:15.069671"
[1] "28 Files Succesfully Downloaded --- 2025-04-25 12:45:15"
[1] "Downloading Footprints for link 29 @ 2025-04-25 12:45:15.071203"
[1] "File Downloaded... unzipping... 2025-04-25 12:45:15.621627"
[1] "Reading in data and making spatial... 2025-04-25 12:45:15.646111"
[1] "Retrieving coordinates... 2025-04-25 12:45:15.718086"
[1] "Retrieving H3 Indexes for Buildings... 2025-04-25 12:45:15.718956"
[1] "Deleting Footprints... 2025-04-25 12:45:15.734699"
[1] "29 Files Succesfully Downloaded --- 2025-04-25 12:45:16"
[1] "Downloading Footprints for link 30 @ 2025-04-25 12:45:15.735985"
[1] "File Downloaded... unzipping... 2025-04-25 12:45:16.712067"
[1] "Reading in data and making spatial... 2025-04-25 12:45:16.74326"
[1] "Retrieving coordinates... 2025-04-25 12:45:16.867411"
[1] "Retrieving H3 Indexes for Buildings... 2025-04-25 12:45:16.868757"
[1] "Deleting Footprints... 2025-04-25 12:45:16.886643"
[1] "30 Files Succesfully Downloaded --- 2025-04-25 12:45:17"
[1] "Downloading Footprints for link 31 @ 2025-04-25 12:45:16.888304"
[1] "File Downloaded... unzipping... 2025-04-25 12:45:17.456994"
[1] "Reading in data and making spatial... 2025-04-25 12:45:17.482654"
[1] "Retrieving coordinates... 2025-04-25 12:45:17.562676"
[1] "Retrieving H3 Indexes for Buildings... 2025-04-25 12:45:17.563656"
[1] "Deleting Footprints... 2025-04-25 12:45:17.579648"
[1] "31 Files Succesfully Downloaded --- 2025-04-25 12:45:18"
[1] "Downloading Footprints for link 32 @ 2025-04-25 12:45:17.580825"
[1] "File Downloaded... unzipping... 2025-04-25 12:45:18.234009"
[1] "Reading in data and making spatial... 2025-04-25 12:45:18.265353"
[1] "Retrieving coordinates... 2025-04-25 12:45:18.422088"
[1] "Retrieving H3 Indexes for Buildings... 2025-04-25 12:45:18.423625"
[1] "Deleting Footprints... 2025-04-25 12:45:18.443325"
[1] "32 Files Succesfully Downloaded --- 2025-04-25 12:45:18"
[1] "Downloading Footprints for link 33 @ 2025-04-25 12:45:18.446026"
[1] "File Downloaded... unzipping... 2025-04-25 12:45:18.786951"
[1] "Reading in data and making spatial... 2025-04-25 12:45:18.809273"
[1] "Retrieving coordinates... 2025-04-25 12:45:18.829893"
[1] "Retrieving H3 Indexes for Buildings... 2025-04-25 12:45:18.830333"
[1] "Deleting Footprints... 2025-04-25 12:45:18.844177"
[1] "33 Files Succesfully Downloaded --- 2025-04-25 12:45:19"
[1] "Downloading Footprints for link 34 @ 2025-04-25 12:45:18.845829"
[1] "File Downloaded... unzipping... 2025-04-25 12:45:19.094851"
[1] "Reading in data and making spatial... 2025-04-25 12:45:19.116764"
[1] "Retrieving coordinates... 2025-04-25 12:45:19.13176"
[1] "Retrieving H3 Indexes for Buildings... 2025-04-25 12:45:19.132189"
[1] "Deleting Footprints... 2025-04-25 12:45:19.145609"
[1] "34 Files Succesfully Downloaded --- 2025-04-25 12:45:19"
[1] "Downloading Footprints for link 35 @ 2025-04-25 12:45:19.147115"
[1] "File Downloaded... unzipping... 2025-04-25 12:45:19.968348"
[1] "Reading in data and making spatial... 2025-04-25 12:45:20.006195"
[1] "Retrieving coordinates... 2025-04-25 12:45:20.227207"
[1] "Retrieving H3 Indexes for Buildings... 2025-04-25 12:45:20.22909"
[1] "Deleting Footprints... 2025-04-25 12:45:20.318434"
[1] "35 Files Succesfully Downloaded --- 2025-04-25 12:45:20"
[1] "Downloading Footprints for link 36 @ 2025-04-25 12:45:20.32014"
[1] "File Downloaded... unzipping... 2025-04-25 12:45:21.268342"
[1] "Reading in data and making spatial... 2025-04-25 12:45:21.687381"
[1] "Retrieving coordinates... 2025-04-25 12:45:22.256544"
[1] "Retrieving H3 Indexes for Buildings... 2025-04-25 12:45:22.260854"
[1] "Deleting Footprints... 2025-04-25 12:45:22.297556"
[1] "36 Files Succesfully Downloaded --- 2025-04-25 12:45:22"
[1] "Downloading Footprints for link 37 @ 2025-04-25 12:45:22.298734"
[1] "File Downloaded... unzipping... 2025-04-25 12:45:22.831412"
[1] "Reading in data and making spatial... 2025-04-25 12:45:22.862377"
[1] "Retrieving coordinates... 2025-04-25 12:45:22.979935"
[1] "Retrieving H3 Indexes for Buildings... 2025-04-25 12:45:22.981177"
[1] "Deleting Footprints... 2025-04-25 12:45:23.000642"
[1] "37 Files Succesfully Downloaded --- 2025-04-25 12:45:23"
[1] "Downloading Footprints for link 38 @ 2025-04-25 12:45:23.00341"
[1] "File Downloaded... unzipping... 2025-04-25 12:45:23.322181"
[1] "Reading in data and making spatial... 2025-04-25 12:45:23.345037"
[1] "Retrieving coordinates... 2025-04-25 12:45:23.381354"
[1] "Retrieving H3 Indexes for Buildings... 2025-04-25 12:45:23.381933"
[1] "Deleting Footprints... 2025-04-25 12:45:23.397972"
[1] "38 Files Succesfully Downloaded --- 2025-04-25 12:45:23"
[1] "Downloading Footprints for link 39 @ 2025-04-25 12:45:23.399199"
[1] "File Downloaded... unzipping... 2025-04-25 12:45:24.696734"
[1] "Reading in data and making spatial... 2025-04-25 12:45:24.872072"
[1] "Retrieving coordinates... 2025-04-25 12:45:26.995947"
[1] "Retrieving H3 Indexes for Buildings... 2025-04-25 12:45:27.00867"
[1] "Deleting Footprints... 2025-04-25 12:45:27.093533"
[1] "39 Files Succesfully Downloaded --- 2025-04-25 12:45:27"
[1] "Downloading Footprints for link 40 @ 2025-04-25 12:45:27.09474"
[1] "File Downloaded... unzipping... 2025-04-25 12:45:27.414141"
[1] "Reading in data and making spatial... 2025-04-25 12:45:27.439099"
[1] "Retrieving coordinates... 2025-04-25 12:45:27.467215"
[1] "Retrieving H3 Indexes for Buildings... 2025-04-25 12:45:27.467704"
[1] "Deleting Footprints... 2025-04-25 12:45:27.485769"
[1] "40 Files Succesfully Downloaded --- 2025-04-25 12:45:27"
[1] "Downloading Footprints for link 41 @ 2025-04-25 12:45:27.486873"
[1] "File Downloaded... unzipping... 2025-04-25 12:45:29.784057"
[1] "Reading in data and making spatial... 2025-04-25 12:45:29.810097"
[1] "Retrieving coordinates... 2025-04-25 12:45:29.878436"
[1] "Retrieving H3 Indexes for Buildings... 2025-04-25 12:45:29.879207"
[1] "Deleting Footprints... 2025-04-25 12:45:29.898623"
[1] "41 Files Succesfully Downloaded --- 2025-04-25 12:45:30"
[1] "Downloading Footprints for link 42 @ 2025-04-25 12:45:29.900407"
[1] "File Downloaded... unzipping... 2025-04-25 12:45:30.887424"
[1] "Reading in data and making spatial... 2025-04-25 12:45:30.954238"
[1] "Retrieving coordinates... 2025-04-25 12:45:31.692079"
[1] "Retrieving H3 Indexes for Buildings... 2025-04-25 12:45:31.697038"
[1] "Deleting Footprints... 2025-04-25 12:45:31.847599"
[1] "42 Files Succesfully Downloaded --- 2025-04-25 12:45:32"
[1] "Downloading Footprints for link 43 @ 2025-04-25 12:45:31.851954"
[1] "File Downloaded... unzipping... 2025-04-25 12:45:32.596203"
[1] "Reading in data and making spatial... 2025-04-25 12:45:32.641228"
[1] "Retrieving coordinates... 2025-04-25 12:45:32.924534"
[1] "Retrieving H3 Indexes for Buildings... 2025-04-25 12:45:32.926675"
[1] "Deleting Footprints... 2025-04-25 12:45:32.955358"
[1] "43 Files Succesfully Downloaded --- 2025-04-25 12:45:33"
[1] "Downloading Footprints for link 44 @ 2025-04-25 12:45:32.958559"
[1] "File Downloaded... unzipping... 2025-04-25 12:45:35.282776"
[1] "Reading in data and making spatial... 2025-04-25 12:45:35.565632"
[1] "Retrieving coordinates... 2025-04-25 12:45:36.596482"
[1] "Retrieving H3 Indexes for Buildings... 2025-04-25 12:45:36.603381"
[1] "Deleting Footprints... 2025-04-25 12:45:36.783456"
[1] "44 Files Succesfully Downloaded --- 2025-04-25 12:45:37"
[1] "Downloading Footprints for link 45 @ 2025-04-25 12:45:36.787109"
[1] "File Downloaded... unzipping... 2025-04-25 12:45:37.622392"
[1] "Reading in data and making spatial... 2025-04-25 12:45:37.684169"
[1] "Retrieving coordinates... 2025-04-25 12:45:38.088221"
[1] "Retrieving H3 Indexes for Buildings... 2025-04-25 12:45:38.091138"
[1] "Deleting Footprints... 2025-04-25 12:45:38.128141"
[1] "45 Files Succesfully Downloaded --- 2025-04-25 12:45:38"
[1] "Downloading Footprints for link 46 @ 2025-04-25 12:45:38.130075"
[1] "File Downloaded... unzipping... 2025-04-25 12:45:38.965871"
[1] "Reading in data and making spatial... 2025-04-25 12:45:39.134473"
[1] "Retrieving coordinates... 2025-04-25 12:45:39.524729"
[1] "Retrieving H3 Indexes for Buildings... 2025-04-25 12:45:39.52745"
[1] "Deleting Footprints... 2025-04-25 12:45:39.765883"
[1] "46 Files Succesfully Downloaded --- 2025-04-25 12:45:40"
[1] "Downloading Footprints for link 47 @ 2025-04-25 12:45:39.769197"
[1] "File Downloaded... unzipping... 2025-04-25 12:45:40.433758"
[1] "Reading in data and making spatial... 2025-04-25 12:45:40.469496"
[1] "Retrieving coordinates... 2025-04-25 12:45:40.60568"
[1] "Retrieving H3 Indexes for Buildings... 2025-04-25 12:45:40.606782"
[1] "Deleting Footprints... 2025-04-25 12:45:40.633106"
[1] "47 Files Succesfully Downloaded --- 2025-04-25 12:45:41"
[1] "Downloading Footprints for link 48 @ 2025-04-25 12:45:40.63564"
[1] "File Downloaded... unzipping... 2025-04-25 12:45:41.440842"
[1] "Reading in data and making spatial... 2025-04-25 12:45:41.528372"
[1] "Retrieving coordinates... 2025-04-25 12:45:41.833998"
[1] "Retrieving H3 Indexes for Buildings... 2025-04-25 12:45:41.836356"
[1] "Deleting Footprints... 2025-04-25 12:45:41.870598"
[1] "48 Files Succesfully Downloaded --- 2025-04-25 12:45:42"
[1] "Downloading Footprints for link 49 @ 2025-04-25 12:45:41.871917"
[1] "File Downloaded... unzipping... 2025-04-25 12:45:42.403944"
[1] "Reading in data and making spatial... 2025-04-25 12:45:42.434282"
[1] "Retrieving coordinates... 2025-04-25 12:45:42.548363"
[1] "Retrieving H3 Indexes for Buildings... 2025-04-25 12:45:42.549382"
[1] "Deleting Footprints... 2025-04-25 12:45:42.698332"
[1] "49 Files Succesfully Downloaded --- 2025-04-25 12:45:43"
[1] "Downloading Footprints for link 50 @ 2025-04-25 12:45:42.701171"
[1] "File Downloaded... unzipping... 2025-04-25 12:45:43.518846"
[1] "Reading in data and making spatial... 2025-04-25 12:45:43.566054"
[1] "Retrieving coordinates... 2025-04-25 12:45:43.823964"
[1] "Retrieving H3 Indexes for Buildings... 2025-04-25 12:45:43.82572"
[1] "Deleting Footprints... 2025-04-25 12:45:43.857878"
[1] "50 Files Succesfully Downloaded --- 2025-04-25 12:45:44"
[1] "Downloading Footprints for link 51 @ 2025-04-25 12:45:43.859677"
[1] "File Downloaded... unzipping... 2025-04-25 12:45:44.773571"
[1] "Reading in data and making spatial... 2025-04-25 12:45:44.831155"
[1] "Retrieving coordinates... 2025-04-25 12:45:45.106555"
[1] "Retrieving H3 Indexes for Buildings... 2025-04-25 12:45:45.108636"
[1] "Deleting Footprints... 2025-04-25 12:45:45.254853"
[1] "51 Files Succesfully Downloaded --- 2025-04-25 12:45:45"
[1] "Downloading Footprints for link 52 @ 2025-04-25 12:45:45.257882"
[1] "File Downloaded... unzipping... 2025-04-25 12:45:46.170214"
[1] "Reading in data and making spatial... 2025-04-25 12:45:46.272002"
[1] "Retrieving coordinates... 2025-04-25 12:45:47.310078"
[1] "Retrieving H3 Indexes for Buildings... 2025-04-25 12:45:47.314198"
[1] "Deleting Footprints... 2025-04-25 12:45:47.359245"
[1] "52 Files Succesfully Downloaded --- 2025-04-25 12:45:47"
[1] "Downloading Footprints for link 53 @ 2025-04-25 12:45:47.380768"
[1] "File Downloaded... unzipping... 2025-04-25 12:45:47.921025"
[1] "Reading in data and making spatial... 2025-04-25 12:45:47.951093"
[1] "Retrieving coordinates... 2025-04-25 12:45:48.052742"
[1] "Retrieving H3 Indexes for Buildings... 2025-04-25 12:45:48.053854"
[1] "Deleting Footprints... 2025-04-25 12:45:48.08218"
[1] "53 Files Succesfully Downloaded --- 2025-04-25 12:45:48"
[1] "Downloading Footprints for link 54 @ 2025-04-25 12:45:48.084776"
[1] "File Downloaded... unzipping... 2025-04-25 12:45:48.827296"
[1] "Reading in data and making spatial... 2025-04-25 12:45:48.859478"
[1] "Retrieving coordinates... 2025-04-25 12:45:49.007545"
[1] "Retrieving H3 Indexes for Buildings... 2025-04-25 12:45:49.008881"
[1] "Deleting Footprints... 2025-04-25 12:45:49.040134"
[1] "54 Files Succesfully Downloaded --- 2025-04-25 12:45:49"
[1] "Downloading Footprints for link 55 @ 2025-04-25 12:45:49.043662"
[1] "File Downloaded... unzipping... 2025-04-25 12:45:49.473026"
[1] "Reading in data and making spatial... 2025-04-25 12:45:49.496461"
[1] "Retrieving coordinates... 2025-04-25 12:45:49.540556"
[1] "Retrieving H3 Indexes for Buildings... 2025-04-25 12:45:49.541141"
[1] "Deleting Footprints... 2025-04-25 12:45:49.56939"
[1] "55 Files Succesfully Downloaded --- 2025-04-25 12:45:50"
[1] "Downloading Footprints for link 56 @ 2025-04-25 12:45:49.571172"
[1] "File Downloaded... unzipping... 2025-04-25 12:45:50.266675"
[1] "Reading in data and making spatial... 2025-04-25 12:45:50.297769"
[1] "Retrieving coordinates... 2025-04-25 12:45:50.412036"
[1] "Retrieving H3 Indexes for Buildings... 2025-04-25 12:45:50.413061"
[1] "Deleting Footprints... 2025-04-25 12:45:50.513617"
[1] "56 Files Succesfully Downloaded --- 2025-04-25 12:45:51"
[1] "Downloading Footprints for link 57 @ 2025-04-25 12:45:50.517748"
[1] "File Downloaded... unzipping... 2025-04-25 12:45:51.338892"
[1] "Reading in data and making spatial... 2025-04-25 12:45:51.594045"
[1] "Retrieving coordinates... 2025-04-25 12:45:51.919942"
[1] "Retrieving H3 Indexes for Buildings... 2025-04-25 12:45:51.922248"
[1] "Deleting Footprints... 2025-04-25 12:45:51.959996"
[1] "57 Files Succesfully Downloaded --- 2025-04-25 12:45:52"
[1] "Downloading Footprints for link 58 @ 2025-04-25 12:45:51.960922"
[1] "File Downloaded... unzipping... 2025-04-25 12:45:53.063752"
[1] "Reading in data and making spatial... 2025-04-25 12:45:53.298888"
[1] "Retrieving coordinates... 2025-04-25 12:45:53.702461"
[1] "Retrieving H3 Indexes for Buildings... 2025-04-25 12:45:53.705238"
[1] "Deleting Footprints... 2025-04-25 12:45:53.748966"
[1] "58 Files Succesfully Downloaded --- 2025-04-25 12:45:54"
[1] "Downloading Footprints for link 59 @ 2025-04-25 12:45:53.751061"
[1] "File Downloaded... unzipping... 2025-04-25 12:45:54.524881"
[1] "Reading in data and making spatial... 2025-04-25 12:45:54.559274"
[1] "Retrieving coordinates... 2025-04-25 12:45:54.805192"
[1] "Retrieving H3 Indexes for Buildings... 2025-04-25 12:45:54.806627"
[1] "Deleting Footprints... 2025-04-25 12:45:54.838396"
[1] "59 Files Succesfully Downloaded --- 2025-04-25 12:45:55"
[1] "Downloading Footprints for link 60 @ 2025-04-25 12:45:54.84014"
[1] "File Downloaded... unzipping... 2025-04-25 12:45:55.89984"
[1] "Reading in data and making spatial... 2025-04-25 12:45:56.071769"
[1] "Retrieving coordinates... 2025-04-25 12:45:56.529021"
[1] "Retrieving H3 Indexes for Buildings... 2025-04-25 12:45:56.53234"
[1] "Deleting Footprints... 2025-04-25 12:45:56.576855"
[1] "60 Files Succesfully Downloaded --- 2025-04-25 12:45:57"
[1] "Downloading Footprints for link 61 @ 2025-04-25 12:45:56.578821"
[1] "File Downloaded... unzipping... 2025-04-25 12:45:57.301215"
[1] "Reading in data and making spatial... 2025-04-25 12:45:57.335365"
[1] "Retrieving coordinates... 2025-04-25 12:45:57.604756"
[1] "Retrieving H3 Indexes for Buildings... 2025-04-25 12:45:57.606336"
[1] "Deleting Footprints... 2025-04-25 12:45:57.640147"
[1] "61 Files Succesfully Downloaded --- 2025-04-25 12:45:58"
[1] "Downloading Footprints for link 62 @ 2025-04-25 12:45:57.641872"
[1] "File Downloaded... unzipping... 2025-04-25 12:46:00.554174"
[1] "Reading in data and making spatial... 2025-04-25 12:46:00.913149"
[1] "Retrieving coordinates... 2025-04-25 12:46:01.303275"
[1] "Retrieving H3 Indexes for Buildings... 2025-04-25 12:46:01.30631"
[1] "Deleting Footprints... 2025-04-25 12:46:01.43799"
[1] "62 Files Succesfully Downloaded --- 2025-04-25 12:46:01"
[1] "Downloading Footprints for link 63 @ 2025-04-25 12:46:01.440303"
[1] "File Downloaded... unzipping... 2025-04-25 12:46:02.261042"
[1] "Reading in data and making spatial... 2025-04-25 12:46:02.309273"
[1] "Retrieving coordinates... 2025-04-25 12:46:02.62759"
[1] "Retrieving H3 Indexes for Buildings... 2025-04-25 12:46:02.63028"
[1] "Deleting Footprints... 2025-04-25 12:46:02.795919"
[1] "63 Files Succesfully Downloaded --- 2025-04-25 12:46:03"
[1] "Downloading Footprints for link 64 @ 2025-04-25 12:46:02.797479"
[1] "File Downloaded... unzipping... 2025-04-25 12:46:06.870221"
[1] "Reading in data and making spatial... 2025-04-25 12:46:06.947825"
[1] "Retrieving coordinates... 2025-04-25 12:46:07.913315"
[1] "Retrieving H3 Indexes for Buildings... 2025-04-25 12:46:07.918318"
[1] "Deleting Footprints... 2025-04-25 12:46:07.973516"
[1] "64 Files Succesfully Downloaded --- 2025-04-25 12:46:08"
[1] "Downloading Footprints for link 65 @ 2025-04-25 12:46:07.975414"
[1] "File Downloaded... unzipping... 2025-04-25 12:46:09.031679"
[1] "Reading in data and making spatial... 2025-04-25 12:46:09.308556"
[1] "Retrieving coordinates... 2025-04-25 12:46:10.003789"
[1] "Retrieving H3 Indexes for Buildings... 2025-04-25 12:46:10.008487"
[1] "Deleting Footprints... 2025-04-25 12:46:10.203976"
[1] "65 Files Succesfully Downloaded --- 2025-04-25 12:46:10"
[1] "Downloading Footprints for link 66 @ 2025-04-25 12:46:10.206484"
[1] "File Downloaded... unzipping... 2025-04-25 12:46:10.998438"
[1] "Reading in data and making spatial... 2025-04-25 12:46:11.042068"
[1] "Retrieving coordinates... 2025-04-25 12:46:11.282475"
[1] "Retrieving H3 Indexes for Buildings... 2025-04-25 12:46:11.284387"
[1] "Deleting Footprints... 2025-04-25 12:46:11.427578"
[1] "66 Files Succesfully Downloaded --- 2025-04-25 12:46:11"
[1] "Downloading Footprints for link 67 @ 2025-04-25 12:46:11.431032"
[1] "File Downloaded... unzipping... 2025-04-25 12:46:12.281059"
[1] "Reading in data and making spatial... 2025-04-25 12:46:12.655293"
[1] "Retrieving coordinates... 2025-04-25 12:46:12.918369"
[1] "Retrieving H3 Indexes for Buildings... 2025-04-25 12:46:12.920532"
[1] "Deleting Footprints... 2025-04-25 12:46:12.961505"
[1] "67 Files Succesfully Downloaded --- 2025-04-25 12:46:13"
[1] "Downloading Footprints for link 68 @ 2025-04-25 12:46:12.963526"
[1] "File Downloaded... unzipping... 2025-04-25 12:46:14.128798"
[1] "Reading in data and making spatial... 2025-04-25 12:46:14.348047"
[1] "Retrieving coordinates... 2025-04-25 12:46:16.27465"
[1] "Retrieving H3 Indexes for Buildings... 2025-04-25 12:46:16.284835"
[1] "Deleting Footprints... 2025-04-25 12:46:16.371111"
[1] "68 Files Succesfully Downloaded --- 2025-04-25 12:46:16"
[1] "Downloading Footprints for link 69 @ 2025-04-25 12:46:16.373002"
[1] "File Downloaded... unzipping... 2025-04-25 12:46:18.190913"
[1] "Reading in data and making spatial... 2025-04-25 12:46:18.632796"
[1] "Retrieving coordinates... 2025-04-25 12:46:22.457657"
[1] "Retrieving H3 Indexes for Buildings... 2025-04-25 12:46:22.478286"
[1] "Deleting Footprints... 2025-04-25 12:46:22.745634"
[1] "69 Files Succesfully Downloaded --- 2025-04-25 12:46:23"
[1] "Downloading Footprints for link 70 @ 2025-04-25 12:46:22.749003"
[1] "File Downloaded... unzipping... 2025-04-25 12:46:25.616961"
[1] "Reading in data and making spatial... 2025-04-25 12:46:27.197518"
[1] "Retrieving coordinates... 2025-04-25 12:46:52.461674"
[1] "Retrieving H3 Indexes for Buildings... 2025-04-25 12:46:52.588392"
[1] "Deleting Footprints... 2025-04-25 12:46:53.32606"
[1] "70 Files Succesfully Downloaded --- 2025-04-25 12:46:53"
[1] "Downloading Footprints for link 71 @ 2025-04-25 12:46:53.328524"
[1] "File Downloaded... unzipping... 2025-04-25 12:46:55.196628"
[1] "Reading in data and making spatial... 2025-04-25 12:46:55.668052"
[1] "Retrieving coordinates... 2025-04-25 12:47:06.337768"
[1] "Retrieving H3 Indexes for Buildings... 2025-04-25 12:47:06.388449"
[1] "Deleting Footprints... 2025-04-25 12:47:07.120833"
[1] "71 Files Succesfully Downloaded --- 2025-04-25 12:47:07"
[1] "Downloading Footprints for link 72 @ 2025-04-25 12:47:07.124613"
[1] "File Downloaded... unzipping... 2025-04-25 12:47:07.857307"
[1] "Reading in data and making spatial... 2025-04-25 12:47:07.921227"
[1] "Retrieving coordinates... 2025-04-25 12:47:08.15063"
[1] "Retrieving H3 Indexes for Buildings... 2025-04-25 12:47:08.152501"
[1] "Deleting Footprints... 2025-04-25 12:47:08.232601"
[1] "72 Files Succesfully Downloaded --- 2025-04-25 12:47:08"
[1] "Downloading Footprints for link 73 @ 2025-04-25 12:47:08.234786"
[1] "File Downloaded... unzipping... 2025-04-25 12:47:09.403183"
[1] "Reading in data and making spatial... 2025-04-25 12:47:09.537707"
[1] "Retrieving coordinates... 2025-04-25 12:47:11.257857"
[1] "Retrieving H3 Indexes for Buildings... 2025-04-25 12:47:11.265315"
[1] "Deleting Footprints... 2025-04-25 12:47:11.509373"
[1] "73 Files Succesfully Downloaded --- 2025-04-25 12:47:12"
[1] "Downloading Footprints for link 74 @ 2025-04-25 12:47:11.512432"
[1] "File Downloaded... unzipping... 2025-04-25 12:47:12.727735"
[1] "Reading in data and making spatial... 2025-04-25 12:47:12.882961"
[1] "Retrieving coordinates... 2025-04-25 12:47:15.767828"
[1] "Retrieving H3 Indexes for Buildings... 2025-04-25 12:47:15.779668"
[1] "Deleting Footprints... 2025-04-25 12:47:15.921986"
[1] "74 Files Succesfully Downloaded --- 2025-04-25 12:47:16"
[1] "Downloading Footprints for link 75 @ 2025-04-25 12:47:15.925827"
[1] "File Downloaded... unzipping... 2025-04-25 12:47:17.218335"
[1] "Reading in data and making spatial... 2025-04-25 12:47:17.548274"
[1] "Retrieving coordinates... 2025-04-25 12:47:22.646417"
[1] "Retrieving H3 Indexes for Buildings... 2025-04-25 12:47:22.665925"
[1] "Deleting Footprints... 2025-04-25 12:47:22.860606"
[1] "75 Files Succesfully Downloaded --- 2025-04-25 12:47:23"
[1] "Downloading Footprints for link 76 @ 2025-04-25 12:47:22.863302"
[1] "File Downloaded... unzipping... 2025-04-25 12:47:24.473133"
[1] "Reading in data and making spatial... 2025-04-25 12:47:24.658677"
[1] "Retrieving coordinates... 2025-04-25 12:47:27.401193"
[1] "Retrieving H3 Indexes for Buildings... 2025-04-25 12:47:27.416673"
[1] "Deleting Footprints... 2025-04-25 12:47:27.594136"
[1] "76 Files Succesfully Downloaded --- 2025-04-25 12:47:28"
[1] "Downloading Footprints for link 77 @ 2025-04-25 12:47:27.596743"
[1] "File Downloaded... unzipping... 2025-04-25 12:47:28.760173"
[1] "Reading in data and making spatial... 2025-04-25 12:47:28.981182"
[1] "Retrieving coordinates... 2025-04-25 12:47:30.814687"
[1] "Retrieving H3 Indexes for Buildings... 2025-04-25 12:47:30.826249"
[1] "Deleting Footprints... 2025-04-25 12:47:31.812382"
[1] "77 Files Succesfully Downloaded --- 2025-04-25 12:47:32"
[1] "Downloading Footprints for link 78 @ 2025-04-25 12:47:31.815008"
[1] "File Downloaded... unzipping... 2025-04-25 12:47:32.167737"
[1] "Reading in data and making spatial... 2025-04-25 12:47:32.190696"
[1] "Retrieving coordinates... 2025-04-25 12:47:32.213509"
[1] "Retrieving H3 Indexes for Buildings... 2025-04-25 12:47:32.213975"
[1] "Deleting Footprints... 2025-04-25 12:47:32.302464"
[1] "78 Files Succesfully Downloaded --- 2025-04-25 12:47:32"
[1] "Downloading Footprints for link 79 @ 2025-04-25 12:47:32.304677"
[1] "File Downloaded... unzipping... 2025-04-25 12:47:33.243328"
[1] "Reading in data and making spatial... 2025-04-25 12:47:33.318054"
[1] "Retrieving coordinates... 2025-04-25 12:47:33.751565"
[1] "Retrieving H3 Indexes for Buildings... 2025-04-25 12:47:33.755099"
[1] "Deleting Footprints... 2025-04-25 12:47:33.955139"
[1] "79 Files Succesfully Downloaded --- 2025-04-25 12:47:34"
[1] "Downloading Footprints for link 80 @ 2025-04-25 12:47:33.959074"
[1] "File Downloaded... unzipping... 2025-04-25 12:47:34.388835"
[1] "Reading in data and making spatial... 2025-04-25 12:47:34.413833"
[1] "Retrieving coordinates... 2025-04-25 12:47:34.455154"
[1] "Retrieving H3 Indexes for Buildings... 2025-04-25 12:47:34.455754"
[1] "Deleting Footprints... 2025-04-25 12:47:34.726892"
[1] "80 Files Succesfully Downloaded --- 2025-04-25 12:47:35"
[1] "Downloading Footprints for link 81 @ 2025-04-25 12:47:34.730671"
[1] "File Downloaded... unzipping... 2025-04-25 12:47:35.378551"
[1] "Reading in data and making spatial... 2025-04-25 12:47:35.418251"
[1] "Retrieving coordinates... 2025-04-25 12:47:35.55054"
[1] "Retrieving H3 Indexes for Buildings... 2025-04-25 12:47:35.551773"
[1] "Deleting Footprints... 2025-04-25 12:47:36.079743"
[1] "81 Files Succesfully Downloaded --- 2025-04-25 12:47:36"
[1] "Downloading Footprints for link 82 @ 2025-04-25 12:47:36.082682"
[1] "File Downloaded... unzipping... 2025-04-25 12:47:36.566244"
[1] "Reading in data and making spatial... 2025-04-25 12:47:36.596611"
[1] "Retrieving coordinates... 2025-04-25 12:47:36.676066"
[1] "Retrieving H3 Indexes for Buildings... 2025-04-25 12:47:36.67698"
[1] "Deleting Footprints... 2025-04-25 12:47:36.769072"
[1] "82 Files Succesfully Downloaded --- 2025-04-25 12:47:37"
[1] "Downloading Footprints for link 83 @ 2025-04-25 12:47:36.770872"
[1] "File Downloaded... unzipping... 2025-04-25 12:47:37.68364"
[1] "Reading in data and making spatial... 2025-04-25 12:47:37.752352"
[1] "Retrieving coordinates... 2025-04-25 12:47:38.194118"
[1] "Retrieving H3 Indexes for Buildings... 2025-04-25 12:47:38.197644"
[1] "Deleting Footprints... 2025-04-25 12:47:38.405113"
[1] "83 Files Succesfully Downloaded --- 2025-04-25 12:47:38"
[1] "Downloading Footprints for link 84 @ 2025-04-25 12:47:38.407166"
[1] "File Downloaded... unzipping... 2025-04-25 12:47:38.823601"
[1] "Reading in data and making spatial... 2025-04-25 12:47:38.847571"
[1] "Retrieving coordinates... 2025-04-25 12:47:38.87902"
[1] "Retrieving H3 Indexes for Buildings... 2025-04-25 12:47:38.879533"
[1] "Deleting Footprints... 2025-04-25 12:47:39.145642"
[1] "84 Files Succesfully Downloaded --- 2025-04-25 12:47:39"
[1] "Downloading Footprints for link 85 @ 2025-04-25 12:47:39.14861"
[1] "File Downloaded... unzipping... 2025-04-25 12:47:39.777682"
[1] "Reading in data and making spatial... 2025-04-25 12:47:39.812113"
[1] "Retrieving coordinates... 2025-04-25 12:47:39.953453"
[1] "Retrieving H3 Indexes for Buildings... 2025-04-25 12:47:39.954755"
[1] "Deleting Footprints... 2025-04-25 12:47:40.295229"
[1] "85 Files Succesfully Downloaded --- 2025-04-25 12:47:40"
[1] "Downloading Footprints for link 86 @ 2025-04-25 12:47:40.298922"
[1] "File Downloaded... unzipping... 2025-04-25 12:47:40.793022"
[1] "Reading in data and making spatial... 2025-04-25 12:47:40.822441"
[1] "Retrieving coordinates... 2025-04-25 12:47:40.883452"
[1] "Retrieving H3 Indexes for Buildings... 2025-04-25 12:47:40.88423"
[1] "Deleting Footprints... 2025-04-25 12:47:40.976741"
[1] "86 Files Succesfully Downloaded --- 2025-04-25 12:47:41"
[1] "Downloading Footprints for link 87 @ 2025-04-25 12:47:40.979503"
[1] "File Downloaded... unzipping... 2025-04-25 12:47:41.629663"
[1] "Reading in data and making spatial... 2025-04-25 12:47:41.656987"
[1] "Retrieving coordinates... 2025-04-25 12:47:41.732198"
[1] "Retrieving H3 Indexes for Buildings... 2025-04-25 12:47:41.733058"
[1] "Deleting Footprints... 2025-04-25 12:47:41.907657"
[1] "87 Files Succesfully Downloaded --- 2025-04-25 12:47:42"
[1] "Downloading Footprints for link 88 @ 2025-04-25 12:47:41.910228"
[1] "File Downloaded... unzipping... 2025-04-25 12:47:42.469158"
[1] "Reading in data and making spatial... 2025-04-25 12:47:42.497907"
[1] "Retrieving coordinates... 2025-04-25 12:47:42.583879"
[1] "Retrieving H3 Indexes for Buildings... 2025-04-25 12:47:42.58483"
[1] "Deleting Footprints... 2025-04-25 12:47:42.855556"
[1] "88 Files Succesfully Downloaded --- 2025-04-25 12:47:43"
[1] "Downloading Footprints for link 89 @ 2025-04-25 12:47:42.857608"
[1] "File Downloaded... unzipping... 2025-04-25 12:47:43.602219"
[1] "Reading in data and making spatial... 2025-04-25 12:47:43.643018"
[1] "Retrieving coordinates... 2025-04-25 12:47:43.843749"
[1] "Retrieving H3 Indexes for Buildings... 2025-04-25 12:47:43.845585"
[1] "Deleting Footprints... 2025-04-25 12:47:43.944762"
[1] "89 Files Succesfully Downloaded --- 2025-04-25 12:47:44"
[1] "Downloading Footprints for link 90 @ 2025-04-25 12:47:43.94705"
[1] "File Downloaded... unzipping... 2025-04-25 12:47:44.797974"
[1] "Reading in data and making spatial... 2025-04-25 12:47:44.95091"
[1] "Retrieving coordinates... 2025-04-25 12:47:45.319152"
[1] "Retrieving H3 Indexes for Buildings... 2025-04-25 12:47:45.32207"
[1] "Deleting Footprints... 2025-04-25 12:47:45.833467"
[1] "90 Files Succesfully Downloaded --- 2025-04-25 12:47:46"
[1] "Downloading Footprints for link 91 @ 2025-04-25 12:47:45.83823"
[1] "File Downloaded... unzipping... 2025-04-25 12:47:46.468034"
[1] "Reading in data and making spatial... 2025-04-25 12:47:46.49702"
[1] "Retrieving coordinates... 2025-04-25 12:47:46.584815"
[1] "Retrieving H3 Indexes for Buildings... 2025-04-25 12:47:46.585789"
[1] "Deleting Footprints... 2025-04-25 12:47:46.680516"
[1] "91 Files Succesfully Downloaded --- 2025-04-25 12:47:47"
[1] "Downloading Footprints for link 92 @ 2025-04-25 12:47:46.682811"
[1] "File Downloaded... unzipping... 2025-04-25 12:47:47.335983"
[1] "Reading in data and making spatial... 2025-04-25 12:47:47.369429"
[1] "Retrieving coordinates... 2025-04-25 12:47:47.568166"
[1] "Retrieving H3 Indexes for Buildings... 2025-04-25 12:47:47.570014"
[1] "Deleting Footprints... 2025-04-25 12:47:47.763795"
[1] "92 Files Succesfully Downloaded --- 2025-04-25 12:47:48"
[1] "Downloading Footprints for link 93 @ 2025-04-25 12:47:47.767546"
[1] "File Downloaded... unzipping... 2025-04-25 12:47:48.273393"
[1] "Reading in data and making spatial... 2025-04-25 12:47:48.298986"
[1] "Retrieving coordinates... 2025-04-25 12:47:48.363494"
[1] "Retrieving H3 Indexes for Buildings... 2025-04-25 12:47:48.364234"
[1] "Deleting Footprints... 2025-04-25 12:47:48.749498"
[1] "93 Files Succesfully Downloaded --- 2025-04-25 12:47:49"
[1] "Downloading Footprints for link 94 @ 2025-04-25 12:47:48.75256"
[1] "File Downloaded... unzipping... 2025-04-25 12:47:49.412953"
[1] "Reading in data and making spatial... 2025-04-25 12:47:49.444828"
[1] "Retrieving coordinates... 2025-04-25 12:47:49.58925"
[1] "Retrieving H3 Indexes for Buildings... 2025-04-25 12:47:49.590764"
[1] "Deleting Footprints... 2025-04-25 12:47:49.687842"
[1] "94 Files Succesfully Downloaded --- 2025-04-25 12:47:50"
[1] "Downloading Footprints for link 95 @ 2025-04-25 12:47:49.690212"
[1] "File Downloaded... unzipping... 2025-04-25 12:47:50.247034"
[1] "Reading in data and making spatial... 2025-04-25 12:47:50.280283"
[1] "Retrieving coordinates... 2025-04-25 12:47:50.369542"
[1] "Retrieving H3 Indexes for Buildings... 2025-04-25 12:47:50.370518"
[1] "Deleting Footprints... 2025-04-25 12:47:50.549912"
[1] "95 Files Succesfully Downloaded --- 2025-04-25 12:47:51"
[1] "Downloading Footprints for link 96 @ 2025-04-25 12:47:50.552557"
[1] "File Downloaded... unzipping... 2025-04-25 12:47:51.123486"
[1] "Reading in data and making spatial... 2025-04-25 12:47:51.154215"
[1] "Retrieving coordinates... 2025-04-25 12:47:51.285716"
[1] "Retrieving H3 Indexes for Buildings... 2025-04-25 12:47:51.287063"
[1] "Deleting Footprints... 2025-04-25 12:47:51.615336"
[1] "96 Files Succesfully Downloaded --- 2025-04-25 12:47:52"
[1] "Downloading Footprints for link 97 @ 2025-04-25 12:47:51.618384"
[1] "File Downloaded... unzipping... 2025-04-25 12:47:52.283579"
[1] "Reading in data and making spatial... 2025-04-25 12:47:52.387491"
[1] "Retrieving coordinates... 2025-04-25 12:47:52.561563"
[1] "Retrieving H3 Indexes for Buildings... 2025-04-25 12:47:52.563266"
[1] "Deleting Footprints... 2025-04-25 12:47:52.667495"
[1] "97 Files Succesfully Downloaded --- 2025-04-25 12:47:53"
[1] "Downloading Footprints for link 98 @ 2025-04-25 12:47:52.671035"
[1] "File Downloaded... unzipping... 2025-04-25 12:47:53.373422"
[1] "Reading in data and making spatial... 2025-04-25 12:47:53.417585"
[1] "Retrieving coordinates... 2025-04-25 12:47:53.667385"
[1] "Retrieving H3 Indexes for Buildings... 2025-04-25 12:47:53.669592"
[1] "Deleting Footprints... 2025-04-25 12:47:53.870245"
[1] "98 Files Succesfully Downloaded --- 2025-04-25 12:47:54"
[1] "Downloading Footprints for link 99 @ 2025-04-25 12:47:53.874098"
[1] "File Downloaded... unzipping... 2025-04-25 12:47:54.633108"
[1] "Reading in data and making spatial... 2025-04-25 12:47:54.666921"
[1] "Retrieving coordinates... 2025-04-25 12:47:54.862778"
[1] "Retrieving H3 Indexes for Buildings... 2025-04-25 12:47:54.864479"
[1] "Deleting Footprints... 2025-04-25 12:47:55.154609"
[1] "99 Files Succesfully Downloaded --- 2025-04-25 12:47:55"
[1] "SCRIPT COMPLETE @ 2025-04-25 12:47:57"
