[1] "Starting at: 2025-04-25 12:44:19"
[1] "Loading Links at: 2025-04-25 12:44:30"
[1] "quadkeys to download: 9"
[1] "Downloading and Joining footprints to Hex @ 2025-04-25 12:44:30"
[1] "Downloading Footprints for link 1 @ 2025-04-25 12:44:30.059492"
[1] "File Downloaded... unzipping... 2025-04-25 12:44:31.398006"
[1] "Reading in data and making spatial... 2025-04-25 12:44:31.628981"
[1] "Retrieving coordinates... 2025-04-25 12:44:36.774268"
[1] "Retrieving H3 Indexes for Buildings... 2025-04-25 12:44:36.798198"
[1] "Deleting Footprints... 2025-04-25 12:44:36.899294"
[1] "1 Files Succesfully Downloaded --- 2025-04-25 12:44:37"
[1] "Downloading Footprints for link 2 @ 2025-04-25 12:44:36.903526"
[1] "File Downloaded... unzipping... 2025-04-25 12:44:38.81678"
[1] "Reading in data and making spatial... 2025-04-25 12:44:39.544025"
[1] "Retrieving coordinates... 2025-04-25 12:44:53.820099"
[1] "Retrieving H3 Indexes for Buildings... 2025-04-25 12:44:53.896366"
[1] "Deleting Footprints... 2025-04-25 12:44:54.291246"
[1] "2 Files Succesfully Downloaded --- 2025-04-25 12:44:54"
[1] "Downloading Footprints for link 3 @ 2025-04-25 12:44:54.295969"
[1] "File Downloaded... unzipping... 2025-04-25 12:44:57.498246"
[1] "Reading in data and making spatial... 2025-04-25 12:44:59.03685"
[1] "Retrieving coordinates... 2025-04-25 12:45:30.152587"
[1] "Retrieving H3 Indexes for Buildings... 2025-04-25 12:45:30.335291"
[1] "Deleting Footprints... 2025-04-25 12:45:31.187927"
[1] "3 Files Succesfully Downloaded --- 2025-04-25 12:45:31"
[1] "Downloading Footprints for link 4 @ 2025-04-25 12:45:31.191311"
[1] "File Downloaded... unzipping... 2025-04-25 12:45:38.351207"
[1] "Reading in data and making spatial... 2025-04-25 12:45:38.834342"
[1] "Retrieving coordinates... 2025-04-25 12:45:47.320511"
[1] "Retrieving H3 Indexes for Buildings... 2025-04-25 12:45:47.368299"
[1] "Deleting Footprints... 2025-04-25 12:45:47.661454"
[1] "4 Files Succesfully Downloaded --- 2025-04-25 12:45:48"
[1] "Downloading Footprints for link 5 @ 2025-04-25 12:45:47.665276"
[1] "File Downloaded... unzipping... 2025-04-25 12:45:50.340935"
[1] "Reading in data and making spatial... 2025-04-25 12:45:51.263891"
[1] "Retrieving coordinates... 2025-04-25 12:46:05.727724"
[1] "Retrieving H3 Indexes for Buildings... 2025-04-25 12:46:05.829741"
[1] "Deleting Footprints... 2025-04-25 12:46:06.75063"
[1] "5 Files Succesfully Downloaded --- 2025-04-25 12:46:07"
[1] "Downloading Footprints for link 6 @ 2025-04-25 12:46:06.75667"
[1] "File Downloaded... unzipping... 2025-04-25 12:46:08.077872"
[1] "Reading in data and making spatial... 2025-04-25 12:46:08.366382"
[1] "Retrieving coordinates... 2025-04-25 12:46:12.506925"
[1] "Retrieving H3 Indexes for Buildings... 2025-04-25 12:46:12.528892"
[1] "Deleting Footprints... 2025-04-25 12:46:12.764964"
[1] "6 Files Succesfully Downloaded --- 2025-04-25 12:46:13"
[1] "Downloading Footprints for link 7 @ 2025-04-25 12:46:12.769224"
[1] "File Downloaded... unzipping... 2025-04-25 12:46:14.293185"
[1] "Reading in data and making spatial... 2025-04-25 12:46:14.738927"
[1] "Retrieving coordinates... 2025-04-25 12:46:20.954812"
[1] "Retrieving H3 Indexes for Buildings... 2025-04-25 12:46:20.981528"
[1] "Deleting Footprints... 2025-04-25 12:46:21.194277"
[1] "7 Files Succesfully Downloaded --- 2025-04-25 12:46:21"
[1] "Downloading Footprints for link 8 @ 2025-04-25 12:46:21.198037"
[1] "File Downloaded... unzipping... 2025-04-25 12:46:22.539401"
[1] "Reading in data and making spatial... 2025-04-25 12:46:22.752343"
[1] "Retrieving coordinates... 2025-04-25 12:46:25.490327"
[1] "Retrieving H3 Indexes for Buildings... 2025-04-25 12:46:25.50722"
[1] "Deleting Footprints... 2025-04-25 12:46:25.833539"
[1] "8 Files Succesfully Downloaded --- 2025-04-25 12:46:26"
[1] "Downloading Footprints for link 9 @ 2025-04-25 12:46:25.838368"
[1] "File Downloaded... unzipping... 2025-04-25 12:46:29.865252"
[1] "Reading in data and making spatial... 2025-04-25 12:46:30.211856"
[1] "Retrieving coordinates... 2025-04-25 12:46:36.460103"
[1] "Retrieving H3 Indexes for Buildings... 2025-04-25 12:46:36.502852"
[1] "Deleting Footprints... 2025-04-25 12:46:36.800112"
[1] "9 Files Succesfully Downloaded --- 2025-04-25 12:46:37"
[1] "SCRIPT COMPLETE @ 2025-04-25 12:46:39"
