[1] "Starting at: 2025-04-25 12:44:19"
[1] "Loading Links at: 2025-04-25 12:44:30"
[1] "quadkeys to download: 5"
[1] "Downloading and Joining footprints to Hex @ 2025-04-25 12:44:30"
[1] "Downloading Footprints for link 1 @ 2025-04-25 12:44:30.039893"
[1] "File Downloaded... unzipping... 2025-04-25 12:44:35.124527"
[1] "Reading in data and making spatial... 2025-04-25 12:44:35.894187"
[1] "Retrieving coordinates... 2025-04-25 12:44:49.952632"
[1] "Retrieving H3 Indexes for Buildings... 2025-04-25 12:44:50.019927"
[1] "Deleting Footprints... 2025-04-25 12:44:50.351128"
[1] "1 Files Succesfully Downloaded --- 2025-04-25 12:44:50"
[1] "Downloading Footprints for link 2 @ 2025-04-25 12:44:50.3549"
[1] "File Downloaded... unzipping... 2025-04-25 12:44:51.536947"
[1] "Reading in data and making spatial... 2025-04-25 12:44:51.734263"
[1] "Retrieving coordinates... 2025-04-25 12:44:55.454175"
[1] "Retrieving H3 Indexes for Buildings... 2025-04-25 12:44:55.473338"
[1] "Deleting Footprints... 2025-04-25 12:44:55.597512"
[1] "2 Files Succesfully Downloaded --- 2025-04-25 12:44:56"
[1] "Downloading Footprints for link 3 @ 2025-04-25 12:44:55.601023"
[1] "File Downloaded... unzipping... 2025-04-25 12:44:57.397548"
[1] "Reading in data and making spatial... 2025-04-25 12:44:58.562157"
[1] "Retrieving coordinates... 2025-04-25 12:45:02.181229"
[1] "Retrieving H3 Indexes for Buildings... 2025-04-25 12:45:02.203644"
[1] "Deleting Footprints... 2025-04-25 12:45:02.344744"
[1] "3 Files Succesfully Downloaded --- 2025-04-25 12:45:02"
[1] "Downloading Footprints for link 4 @ 2025-04-25 12:45:02.348387"
[1] "File Downloaded... unzipping... 2025-04-25 12:45:03.679952"
[1] "Reading in data and making spatial... 2025-04-25 12:45:03.844522"
[1] "Retrieving coordinates... 2025-04-25 12:45:07.695551"
[1] "Retrieving H3 Indexes for Buildings... 2025-04-25 12:45:07.713419"
[1] "Deleting Footprints... 2025-04-25 12:45:07.82968"
[1] "4 Files Succesfully Downloaded --- 2025-04-25 12:45:08"
[1] "Downloading Footprints for link 5 @ 2025-04-25 12:45:07.83241"
[1] "File Downloaded... unzipping... 2025-04-25 12:45:11.72433"
[1] "Reading in data and making spatial... 2025-04-25 12:45:11.914416"
[1] "Retrieving coordinates... 2025-04-25 12:45:15.15489"
[1] "Retrieving H3 Indexes for Buildings... 2025-04-25 12:45:15.171694"
[1] "Deleting Footprints... 2025-04-25 12:45:15.297377"
[1] "5 Files Succesfully Downloaded --- 2025-04-25 12:45:15"
[1] "SCRIPT COMPLETE @ 2025-04-25 12:45:16"
