[1] "Starting at: 2025-04-25 12:45:40"
[1] "Loading Links at: 2025-04-25 12:45:51"
[1] "quadkeys to download: 56"
[1] "Downloading and Joining footprints to Hex @ 2025-04-25 12:45:51"
[1] "Downloading Footprints for link 1 @ 2025-04-25 12:45:51.325084"
[1] "File Downloaded... unzipping... 2025-04-25 12:45:54.761473"
[1] "Reading in data and making spatial... 2025-04-25 12:45:55.939187"
[1] "Retrieving coordinates... 2025-04-25 12:46:07.986741"
[1] "Retrieving H3 Indexes for Buildings... 2025-04-25 12:46:08.039949"
[1] "Deleting Footprints... 2025-04-25 12:46:08.322204"
[1] "1 Files Succesfully Downloaded --- 2025-04-25 12:46:08"
[1] "Downloading Footprints for link 2 @ 2025-04-25 12:46:08.324397"
[1] "File Downloaded... unzipping... 2025-04-25 12:46:08.987471"
[1] "Reading in data and making spatial... 2025-04-25 12:46:09.017661"
[1] "Retrieving coordinates... 2025-04-25 12:46:09.126859"
[1] "Retrieving H3 Indexes for Buildings... 2025-04-25 12:46:09.127824"
[1] "Deleting Footprints... 2025-04-25 12:46:09.147613"
[1] "2 Files Succesfully Downloaded --- 2025-04-25 12:46:09"
[1] "Downloading Footprints for link 3 @ 2025-04-25 12:46:09.151434"
[1] "File Downloaded... unzipping... 2025-04-25 12:46:10.712741"
[1] "Reading in data and making spatial... 2025-04-25 12:46:11.129526"
[1] "Retrieving coordinates... 2025-04-25 12:46:19.568314"
[1] "Retrieving H3 Indexes for Buildings... 2025-04-25 12:46:19.608578"
[1] "Deleting Footprints... 2025-04-25 12:46:19.834836"
[1] "3 Files Succesfully Downloaded --- 2025-04-25 12:46:20"
[1] "Downloading Footprints for link 4 @ 2025-04-25 12:46:19.837774"
[1] "File Downloaded... unzipping... 2025-04-25 12:46:22.876766"
[1] "Reading in data and making spatial... 2025-04-25 12:46:23.229739"
[1] "Retrieving coordinates... 2025-04-25 12:46:27.443415"
[1] "Retrieving H3 Indexes for Buildings... 2025-04-25 12:46:27.464474"
[1] "Deleting Footprints... 2025-04-25 12:46:27.610574"
[1] "4 Files Succesfully Downloaded --- 2025-04-25 12:46:28"
[1] "Downloading Footprints for link 5 @ 2025-04-25 12:46:27.614212"
[1] "File Downloaded... unzipping... 2025-04-25 12:46:29.165666"
[1] "Reading in data and making spatial... 2025-04-25 12:46:29.402838"
[1] "Retrieving coordinates... 2025-04-25 12:46:30.183504"
[1] "Retrieving H3 Indexes for Buildings... 2025-04-25 12:46:30.187423"
[1] "Deleting Footprints... 2025-04-25 12:46:30.231812"
[1] "5 Files Succesfully Downloaded --- 2025-04-25 12:46:30"
[1] "Downloading Footprints for link 6 @ 2025-04-25 12:46:30.252573"
[1] "File Downloaded... unzipping... 2025-04-25 12:46:31.374093"
[1] "Reading in data and making spatial... 2025-04-25 12:46:31.620155"
[1] "Retrieving coordinates... 2025-04-25 12:46:34.033277"
[1] "Retrieving H3 Indexes for Buildings... 2025-04-25 12:46:34.043772"
[1] "Deleting Footprints... 2025-04-25 12:46:34.322394"
[1] "6 Files Succesfully Downloaded --- 2025-04-25 12:46:34"
[1] "Downloading Footprints for link 7 @ 2025-04-25 12:46:34.325702"
[1] "File Downloaded... unzipping... 2025-04-25 12:46:35.482475"
[1] "Reading in data and making spatial... 2025-04-25 12:46:35.622325"
[1] "Retrieving coordinates... 2025-04-25 12:46:39.192793"
[1] "Retrieving H3 Indexes for Buildings... 2025-04-25 12:46:39.207994"
[1] "Deleting Footprints... 2025-04-25 12:46:39.325488"
[1] "7 Files Succesfully Downloaded --- 2025-04-25 12:46:39"
[1] "Downloading Footprints for link 8 @ 2025-04-25 12:46:39.328707"
[1] "File Downloaded... unzipping... 2025-04-25 12:46:40.20542"
[1] "Reading in data and making spatial... 2025-04-25 12:46:40.406934"
[1] "Retrieving coordinates... 2025-04-25 12:46:40.842186"
[1] "Retrieving H3 Indexes for Buildings... 2025-04-25 12:46:40.844952"
[1] "Deleting Footprints... 2025-04-25 12:46:40.896371"
[1] "8 Files Succesfully Downloaded --- 2025-04-25 12:46:41"
[1] "Downloading Footprints for link 9 @ 2025-04-25 12:46:40.900661"
[1] "File Downloaded... unzipping... 2025-04-25 12:46:42.128936"
[1] "Reading in data and making spatial... 2025-04-25 12:46:42.815896"
[1] "Retrieving coordinates... 2025-04-25 12:46:49.071336"
[1] "Retrieving H3 Indexes for Buildings... 2025-04-25 12:46:49.079529"
[1] "Deleting Footprints... 2025-04-25 12:46:49.160144"
[1] "9 Files Succesfully Downloaded --- 2025-04-25 12:46:49"
[1] "Downloading Footprints for link 10 @ 2025-04-25 12:46:49.162697"
[1] "File Downloaded... unzipping... 2025-04-25 12:46:49.626693"
[1] "Reading in data and making spatial... 2025-04-25 12:46:49.659231"
[1] "Retrieving coordinates... 2025-04-25 12:46:49.737989"
[1] "Retrieving H3 Indexes for Buildings... 2025-04-25 12:46:49.738779"
[1] "Deleting Footprints... 2025-04-25 12:46:49.775269"
[1] "10 Files Succesfully Downloaded --- 2025-04-25 12:46:50"
[1] "Downloading Footprints for link 11 @ 2025-04-25 12:46:49.779033"
[1] "File Downloaded... unzipping... 2025-04-25 12:46:51.332335"
[1] "Reading in data and making spatial... 2025-04-25 12:46:51.687625"
[1] "Retrieving coordinates... 2025-04-25 12:46:55.99709"
[1] "Retrieving H3 Indexes for Buildings... 2025-04-25 12:46:56.019186"
[1] "Deleting Footprints... 2025-04-25 12:46:56.163478"
[1] "11 Files Succesfully Downloaded --- 2025-04-25 12:46:56"
[1] "Downloading Footprints for link 12 @ 2025-04-25 12:46:56.165488"
[1] "File Downloaded... unzipping... 2025-04-25 12:47:05.203907"
[1] "Reading in data and making spatial... 2025-04-25 12:47:07.788684"
[1] "Retrieving coordinates... 2025-04-25 12:47:37.247468"
[1] "Retrieving H3 Indexes for Buildings... 2025-04-25 12:47:38.468312"
[1] "Deleting Footprints... 2025-04-25 12:47:39.321289"
[1] "12 Files Succesfully Downloaded --- 2025-04-25 12:47:39"
[1] "Downloading Footprints for link 13 @ 2025-04-25 12:47:39.325042"
[1] "File Downloaded... unzipping... 2025-04-25 12:47:42.265589"
[1] "Reading in data and making spatial... 2025-04-25 12:47:42.442691"
[1] "Retrieving coordinates... 2025-04-25 12:47:44.035572"
[1] "Retrieving H3 Indexes for Buildings... 2025-04-25 12:47:44.044327"
[1] "Deleting Footprints... 2025-04-25 12:47:44.460811"
[1] "13 Files Succesfully Downloaded --- 2025-04-25 12:47:44"
[1] "Downloading Footprints for link 14 @ 2025-04-25 12:47:44.462422"
[1] "File Downloaded... unzipping... 2025-04-25 12:47:45.45301"
[1] "Reading in data and making spatial... 2025-04-25 12:47:46.98967"
[1] "Retrieving coordinates... 2025-04-25 12:47:47.667966"
[1] "Retrieving H3 Indexes for Buildings... 2025-04-25 12:47:47.673478"
[1] "Deleting Footprints... 2025-04-25 12:47:47.771843"
[1] "14 Files Succesfully Downloaded --- 2025-04-25 12:47:48"
[1] "Downloading Footprints for link 15 @ 2025-04-25 12:47:47.776278"
[1] "File Downloaded... unzipping... 2025-04-25 12:47:49.274805"
[1] "Reading in data and making spatial... 2025-04-25 12:47:49.598439"
[1] "Retrieving coordinates... 2025-04-25 12:47:55.314341"
[1] "Retrieving H3 Indexes for Buildings... 2025-04-25 12:47:55.350276"
[1] "Deleting Footprints... 2025-04-25 12:47:55.839185"
[1] "15 Files Succesfully Downloaded --- 2025-04-25 12:47:56"
[1] "Downloading Footprints for link 16 @ 2025-04-25 12:47:55.841026"
[1] "File Downloaded... unzipping... 2025-04-25 12:47:56.919677"
[1] "Reading in data and making spatial... 2025-04-25 12:47:56.991856"
[1] "Retrieving coordinates... 2025-04-25 12:47:58.43886"
[1] "Retrieving H3 Indexes for Buildings... 2025-04-25 12:47:58.444312"
[1] "Deleting Footprints... 2025-04-25 12:47:58.556653"
[1] "16 Files Succesfully Downloaded --- 2025-04-25 12:47:59"
[1] "Downloading Footprints for link 17 @ 2025-04-25 12:47:58.559309"
[1] "File Downloaded... unzipping... 2025-04-25 12:47:59.95961"
[1] "Reading in data and making spatial... 2025-04-25 12:48:00.172013"
[1] "Retrieving coordinates... 2025-04-25 12:48:05.619951"
[1] "Retrieving H3 Indexes for Buildings... 2025-04-25 12:48:05.642582"
[1] "Deleting Footprints... 2025-04-25 12:48:05.851117"
[1] "17 Files Succesfully Downloaded --- 2025-04-25 12:48:06"
[1] "Downloading Footprints for link 18 @ 2025-04-25 12:48:05.853579"
[1] "File Downloaded... unzipping... 2025-04-25 12:48:07.072644"
[1] "Reading in data and making spatial... 2025-04-25 12:48:07.343042"
[1] "Retrieving coordinates... 2025-04-25 12:48:09.598904"
[1] "Retrieving H3 Indexes for Buildings... 2025-04-25 12:48:09.61144"
[1] "Deleting Footprints... 2025-04-25 12:48:09.781573"
[1] "18 Files Succesfully Downloaded --- 2025-04-25 12:48:10"
[1] "Downloading Footprints for link 19 @ 2025-04-25 12:48:09.7838"
[1] "File Downloaded... unzipping... 2025-04-25 12:48:11.619567"
[1] "Reading in data and making spatial... 2025-04-25 12:48:12.16229"
[1] "Retrieving coordinates... 2025-04-25 12:48:21.553785"
[1] "Retrieving H3 Indexes for Buildings... 2025-04-25 12:48:21.608044"
[1] "Deleting Footprints... 2025-04-25 12:48:22.144144"
[1] "19 Files Succesfully Downloaded --- 2025-04-25 12:48:22"
[1] "Downloading Footprints for link 20 @ 2025-04-25 12:48:22.147302"
[1] "File Downloaded... unzipping... 2025-04-25 12:48:23.2768"
[1] "Reading in data and making spatial... 2025-04-25 12:48:24.087124"
[1] "Retrieving coordinates... 2025-04-25 12:48:26.150013"
[1] "Retrieving H3 Indexes for Buildings... 2025-04-25 12:48:26.158188"
[1] "Deleting Footprints... 2025-04-25 12:48:26.298638"
[1] "20 Files Succesfully Downloaded --- 2025-04-25 12:48:26"
[1] "Downloading Footprints for link 21 @ 2025-04-25 12:48:26.301563"
[1] "File Downloaded... unzipping... 2025-04-25 12:48:27.739392"
[1] "Reading in data and making spatial... 2025-04-25 12:48:28.290209"
[1] "Retrieving coordinates... 2025-04-25 12:48:32.968256"
[1] "Retrieving H3 Indexes for Buildings... 2025-04-25 12:48:32.995156"
[1] "Deleting Footprints... 2025-04-25 12:48:33.24453"
[1] "21 Files Succesfully Downloaded --- 2025-04-25 12:48:33"
[1] "Downloading Footprints for link 22 @ 2025-04-25 12:48:33.247111"
[1] "File Downloaded... unzipping... 2025-04-25 12:48:39.657065"
[1] "Reading in data and making spatial... 2025-04-25 12:48:40.000057"
[1] "Retrieving coordinates... 2025-04-25 12:48:47.170894"
[1] "Retrieving H3 Indexes for Buildings... 2025-04-25 12:48:47.210647"
[1] "Deleting Footprints... 2025-04-25 12:48:47.684824"
[1] "22 Files Succesfully Downloaded --- 2025-04-25 12:48:48"
[1] "Downloading Footprints for link 23 @ 2025-04-25 12:48:47.68726"
[1] "File Downloaded... unzipping... 2025-04-25 12:48:50.568236"
[1] "Reading in data and making spatial... 2025-04-25 12:48:51.251263"
[1] "Retrieving coordinates... 2025-04-25 12:49:05.909162"
[1] "Retrieving H3 Indexes for Buildings... 2025-04-25 12:49:05.982076"
[1] "Deleting Footprints... 2025-04-25 12:49:06.751366"
[1] "23 Files Succesfully Downloaded --- 2025-04-25 12:49:07"
[1] "Downloading Footprints for link 24 @ 2025-04-25 12:49:06.755235"
[1] "File Downloaded... unzipping... 2025-04-25 12:49:08.377403"
[1] "Reading in data and making spatial... 2025-04-25 12:49:08.935351"
[1] "Retrieving coordinates... 2025-04-25 12:49:18.804403"
[1] "Retrieving H3 Indexes for Buildings... 2025-04-25 12:49:18.857948"
[1] "Deleting Footprints... 2025-04-25 12:49:20.711741"
[1] "24 Files Succesfully Downloaded --- 2025-04-25 12:49:21"
[1] "Downloading Footprints for link 25 @ 2025-04-25 12:49:20.714659"
[1] "File Downloaded... unzipping... 2025-04-25 12:49:21.878852"
[1] "Reading in data and making spatial... 2025-04-25 12:49:22.086635"
[1] "Retrieving coordinates... 2025-04-25 12:49:23.389707"
[1] "Retrieving H3 Indexes for Buildings... 2025-04-25 12:49:23.399133"
[1] "Deleting Footprints... 2025-04-25 12:49:24.061493"
[1] "25 Files Succesfully Downloaded --- 2025-04-25 12:49:24"
[1] "Downloading Footprints for link 26 @ 2025-04-25 12:49:24.064872"
[1] "File Downloaded... unzipping... 2025-04-25 12:49:25.566474"
[1] "Reading in data and making spatial... 2025-04-25 12:49:25.771228"
[1] "Retrieving coordinates... 2025-04-25 12:49:29.110945"
[1] "Retrieving H3 Indexes for Buildings... 2025-04-25 12:49:29.13172"
[1] "Deleting Footprints... 2025-04-25 12:49:30.083704"
[1] "26 Files Succesfully Downloaded --- 2025-04-25 12:49:30"
[1] "Downloading Footprints for link 27 @ 2025-04-25 12:49:30.087893"
[1] "File Downloaded... unzipping... 2025-04-25 12:49:31.31916"
[1] "Reading in data and making spatial... 2025-04-25 12:49:31.584463"
[1] "Retrieving coordinates... 2025-04-25 12:49:35.253806"
[1] "Retrieving H3 Indexes for Buildings... 2025-04-25 12:49:35.277834"
[1] "Deleting Footprints... 2025-04-25 12:49:35.941143"
[1] "27 Files Succesfully Downloaded --- 2025-04-25 12:49:36"
[1] "Downloading Footprints for link 28 @ 2025-04-25 12:49:35.942346"
[1] "File Downloaded... unzipping... 2025-04-25 12:49:37.822196"
[1] "Reading in data and making spatial... 2025-04-25 12:49:38.463745"
[1] "Retrieving coordinates... 2025-04-25 12:49:51.025479"
[1] "Retrieving H3 Indexes for Buildings... 2025-04-25 12:49:51.095752"
[1] "Deleting Footprints... 2025-04-25 12:49:53.464021"
[1] "28 Files Succesfully Downloaded --- 2025-04-25 12:49:53"
[1] "Downloading Footprints for link 29 @ 2025-04-25 12:49:53.468286"
[1] "File Downloaded... unzipping... 2025-04-25 12:49:56.069693"
[1] "Reading in data and making spatial... 2025-04-25 12:49:56.411384"
[1] "Retrieving coordinates... 2025-04-25 12:50:03.436412"
[1] "Retrieving H3 Indexes for Buildings... 2025-04-25 12:50:03.477014"
[1] "Deleting Footprints... 2025-04-25 12:50:04.271106"
[1] "29 Files Succesfully Downloaded --- 2025-04-25 12:50:04"
[1] "Downloading Footprints for link 30 @ 2025-04-25 12:50:04.273619"
[1] "File Downloaded... unzipping... 2025-04-25 12:50:07.288051"
[1] "Reading in data and making spatial... 2025-04-25 12:50:08.719043"
[1] "Retrieving coordinates... 2025-04-25 12:50:29.225317"
[1] "Retrieving H3 Indexes for Buildings... 2025-04-25 12:50:29.334032"
[1] "Deleting Footprints... 2025-04-25 12:50:30.376668"
[1] "30 Files Succesfully Downloaded --- 2025-04-25 12:50:30"
[1] "Downloading Footprints for link 31 @ 2025-04-25 12:50:30.381005"
[1] "File Downloaded... unzipping... 2025-04-25 12:50:32.582879"
[1] "Reading in data and making spatial... 2025-04-25 12:50:32.973612"
[1] "Retrieving coordinates... 2025-04-25 12:50:40.123151"
[1] "Retrieving H3 Indexes for Buildings... 2025-04-25 12:50:40.152355"
[1] "Deleting Footprints... 2025-04-25 12:50:40.509762"
[1] "31 Files Succesfully Downloaded --- 2025-04-25 12:50:41"
[1] "Downloading Footprints for link 32 @ 2025-04-25 12:50:40.512821"
[1] "File Downloaded... unzipping... 2025-04-25 12:50:41.728644"
[1] "Reading in data and making spatial... 2025-04-25 12:50:42.014629"
[1] "Retrieving coordinates... 2025-04-25 12:50:44.095892"
[1] "Retrieving H3 Indexes for Buildings... 2025-04-25 12:50:44.107694"
[1] "Deleting Footprints... 2025-04-25 12:50:45.430366"
[1] "32 Files Succesfully Downloaded --- 2025-04-25 12:50:45"
[1] "Downloading Footprints for link 33 @ 2025-04-25 12:50:45.433378"
[1] "File Downloaded... unzipping... 2025-04-25 12:50:45.781131"
[1] "Reading in data and making spatial... 2025-04-25 12:50:45.80582"
[1] "Retrieving coordinates... 2025-04-25 12:50:45.831462"
[1] "Retrieving H3 Indexes for Buildings... 2025-04-25 12:50:45.831896"
[1] "Deleting Footprints... 2025-04-25 12:50:46.583684"
[1] "33 Files Succesfully Downloaded --- 2025-04-25 12:50:47"
[1] "Downloading Footprints for link 34 @ 2025-04-25 12:50:46.586391"
[1] "File Downloaded... unzipping... 2025-04-25 12:50:49.228049"
[1] "Reading in data and making spatial... 2025-04-25 12:50:49.591057"
[1] "Retrieving coordinates... 2025-04-25 12:50:53.296748"
[1] "Retrieving H3 Indexes for Buildings... 2025-04-25 12:50:53.320493"
[1] "Deleting Footprints... 2025-04-25 12:50:54.207966"
[1] "34 Files Succesfully Downloaded --- 2025-04-25 12:50:54"
[1] "Downloading Footprints for link 35 @ 2025-04-25 12:50:54.211271"
[1] "File Downloaded... unzipping... 2025-04-25 12:50:55.00403"
[1] "Reading in data and making spatial... 2025-04-25 12:50:55.040661"
[1] "Retrieving coordinates... 2025-04-25 12:50:55.302063"
[1] "Retrieving H3 Indexes for Buildings... 2025-04-25 12:50:55.304621"
[1] "Deleting Footprints... 2025-04-25 12:50:55.736828"
[1] "35 Files Succesfully Downloaded --- 2025-04-25 12:50:56"
[1] "Downloading Footprints for link 36 @ 2025-04-25 12:50:55.739513"
[1] "File Downloaded... unzipping... 2025-04-25 12:50:56.810965"
[1] "Reading in data and making spatial... 2025-04-25 12:50:57.150065"
[1] "Retrieving coordinates... 2025-04-25 12:50:57.971631"
[1] "Retrieving H3 Indexes for Buildings... 2025-04-25 12:50:57.977671"
[1] "Deleting Footprints... 2025-04-25 12:50:58.219893"
[1] "36 Files Succesfully Downloaded --- 2025-04-25 12:50:58"
[1] "Downloading Footprints for link 37 @ 2025-04-25 12:50:58.223559"
[1] "File Downloaded... unzipping... 2025-04-25 12:50:59.209583"
[1] "Reading in data and making spatial... 2025-04-25 12:50:59.329776"
[1] "Retrieving coordinates... 2025-04-25 12:51:01.681232"
[1] "Retrieving H3 Indexes for Buildings... 2025-04-25 12:51:01.696888"
[1] "Deleting Footprints... 2025-04-25 12:51:02.471421"
[1] "37 Files Succesfully Downloaded --- 2025-04-25 12:51:02"
[1] "Downloading Footprints for link 38 @ 2025-04-25 12:51:02.475711"
[1] "File Downloaded... unzipping... 2025-04-25 12:51:03.31027"
[1] "Reading in data and making spatial... 2025-04-25 12:51:03.772508"
[1] "Retrieving coordinates... 2025-04-25 12:51:04.151966"
[1] "Retrieving H3 Indexes for Buildings... 2025-04-25 12:51:04.155369"
[1] "Deleting Footprints... 2025-04-25 12:51:04.39075"
[1] "38 Files Succesfully Downloaded --- 2025-04-25 12:51:04"
[1] "Downloading Footprints for link 39 @ 2025-04-25 12:51:04.39347"
[1] "File Downloaded... unzipping... 2025-04-25 12:51:05.77265"
[1] "Reading in data and making spatial... 2025-04-25 12:51:06.011667"
[1] "Retrieving coordinates... 2025-04-25 12:51:11.079403"
[1] "Retrieving H3 Indexes for Buildings... 2025-04-25 12:51:11.37705"
[1] "Deleting Footprints... 2025-04-25 12:51:12.799504"
[1] "39 Files Succesfully Downloaded --- 2025-04-25 12:51:13"
[1] "Downloading Footprints for link 40 @ 2025-04-25 12:51:12.802898"
[1] "File Downloaded... unzipping... 2025-04-25 12:51:13.075592"
[1] "Reading in data and making spatial... 2025-04-25 12:51:13.10187"
[1] "Retrieving coordinates... 2025-04-25 12:51:13.115768"
[1] "Retrieving H3 Indexes for Buildings... 2025-04-25 12:51:13.116219"
[1] "Deleting Footprints... 2025-04-25 12:51:13.81463"
[1] "40 Files Succesfully Downloaded --- 2025-04-25 12:51:14"
[1] "Downloading Footprints for link 41 @ 2025-04-25 12:51:13.817441"
[1] "File Downloaded... unzipping... 2025-04-25 12:51:15.430684"
[1] "Reading in data and making spatial... 2025-04-25 12:51:15.845299"
[1] "Retrieving coordinates... 2025-04-25 12:51:23.316706"
[1] "Retrieving H3 Indexes for Buildings... 2025-04-25 12:51:23.369482"
[1] "Deleting Footprints... 2025-04-25 12:51:24.352909"
[1] "41 Files Succesfully Downloaded --- 2025-04-25 12:51:24"
[1] "Downloading Footprints for link 42 @ 2025-04-25 12:51:24.363761"
[1] "File Downloaded... unzipping... 2025-04-25 12:51:25.145641"
[1] "Reading in data and making spatial... 2025-04-25 12:51:25.776304"
[1] "Retrieving coordinates... 2025-04-25 12:51:26.130254"
[1] "Retrieving H3 Indexes for Buildings... 2025-04-25 12:51:26.132593"
[1] "Deleting Footprints... 2025-04-25 12:51:26.937384"
[1] "42 Files Succesfully Downloaded --- 2025-04-25 12:51:27"
[1] "Downloading Footprints for link 43 @ 2025-04-25 12:51:26.940293"
[1] "File Downloaded... unzipping... 2025-04-25 12:51:28.606493"
[1] "Reading in data and making spatial... 2025-04-25 12:51:28.842932"
[1] "Retrieving coordinates... 2025-04-25 12:51:32.838974"
[1] "Retrieving H3 Indexes for Buildings... 2025-04-25 12:51:32.862317"
[1] "Deleting Footprints... 2025-04-25 12:51:33.765785"
[1] "43 Files Succesfully Downloaded --- 2025-04-25 12:51:34"
[1] "Downloading Footprints for link 44 @ 2025-04-25 12:51:33.770484"
[1] "File Downloaded... unzipping... 2025-04-25 12:51:34.525393"
[1] "Reading in data and making spatial... 2025-04-25 12:51:34.566036"
[1] "Retrieving coordinates... 2025-04-25 12:51:34.745211"
[1] "Retrieving H3 Indexes for Buildings... 2025-04-25 12:51:34.746313"
[1] "Deleting Footprints... 2025-04-25 12:51:35.785589"
[1] "44 Files Succesfully Downloaded --- 2025-04-25 12:51:36"
[1] "Downloading Footprints for link 45 @ 2025-04-25 12:51:35.790257"
[1] "File Downloaded... unzipping... 2025-04-25 12:51:38.209318"
[1] "Reading in data and making spatial... 2025-04-25 12:51:39.162599"
[1] "Retrieving coordinates... 2025-04-25 12:51:58.245864"
[1] "Retrieving H3 Indexes for Buildings... 2025-04-25 12:51:58.342913"
[1] "Deleting Footprints... 2025-04-25 12:51:59.38797"
[1] "45 Files Succesfully Downloaded --- 2025-04-25 12:51:59"
[1] "Downloading Footprints for link 46 @ 2025-04-25 12:51:59.390929"
[1] "File Downloaded... unzipping... 2025-04-25 12:52:03.630989"
[1] "Reading in data and making spatial... 2025-04-25 12:52:09.045367"
[1] "Retrieving coordinates... 2025-04-25 12:52:20.024745"
[1] "Retrieving H3 Indexes for Buildings... 2025-04-25 12:52:20.081496"
[1] "Deleting Footprints... 2025-04-25 12:52:21.142572"
[1] "46 Files Succesfully Downloaded --- 2025-04-25 12:52:21"
[1] "Downloading Footprints for link 47 @ 2025-04-25 12:52:21.148345"
[1] "File Downloaded... unzipping... 2025-04-25 12:52:22.800423"
[1] "Reading in data and making spatial... 2025-04-25 12:52:24.340184"
[1] "Retrieving coordinates... 2025-04-25 12:52:30.924355"
[1] "Retrieving H3 Indexes for Buildings... 2025-04-25 12:52:30.969743"
[1] "Deleting Footprints... 2025-04-25 12:52:31.918051"
[1] "47 Files Succesfully Downloaded --- 2025-04-25 12:52:32"
[1] "Downloading Footprints for link 48 @ 2025-04-25 12:52:31.922271"
[1] "File Downloaded... unzipping... 2025-04-25 12:52:32.694157"
[1] "Reading in data and making spatial... 2025-04-25 12:52:32.841709"
[1] "Retrieving coordinates... 2025-04-25 12:52:33.225435"
[1] "Retrieving H3 Indexes for Buildings... 2025-04-25 12:52:33.227995"
[1] "Deleting Footprints... 2025-04-25 12:52:34.207277"
[1] "48 Files Succesfully Downloaded --- 2025-04-25 12:52:34"
[1] "Downloading Footprints for link 49 @ 2025-04-25 12:52:34.210057"
[1] "File Downloaded... unzipping... 2025-04-25 12:52:35.627927"
[1] "Reading in data and making spatial... 2025-04-25 12:52:36.287575"
[1] "Retrieving coordinates... 2025-04-25 12:52:40.603657"
[1] "Retrieving H3 Indexes for Buildings... 2025-04-25 12:52:40.630878"
[1] "Deleting Footprints... 2025-04-25 12:52:42.307281"
[1] "49 Files Succesfully Downloaded --- 2025-04-25 12:52:42"
[1] "Downloading Footprints for link 50 @ 2025-04-25 12:52:42.310353"
[1] "File Downloaded... unzipping... 2025-04-25 12:52:42.931635"
[1] "Reading in data and making spatial... 2025-04-25 12:52:42.962358"
[1] "Retrieving coordinates... 2025-04-25 12:52:43.048862"
[1] "Retrieving H3 Indexes for Buildings... 2025-04-25 12:52:43.049824"
[1] "Deleting Footprints... 2025-04-25 12:52:43.898164"
[1] "50 Files Succesfully Downloaded --- 2025-04-25 12:52:44"
[1] "Downloading Footprints for link 51 @ 2025-04-25 12:52:43.901218"
[1] "File Downloaded... unzipping... 2025-04-25 12:52:45.002396"
[1] "Reading in data and making spatial... 2025-04-25 12:52:45.462049"
[1] "Retrieving coordinates... 2025-04-25 12:52:46.39032"
[1] "Retrieving H3 Indexes for Buildings... 2025-04-25 12:52:46.39726"
[1] "Deleting Footprints... 2025-04-25 12:52:47.333542"
[1] "51 Files Succesfully Downloaded --- 2025-04-25 12:52:47"
[1] "Downloading Footprints for link 52 @ 2025-04-25 12:52:47.337821"
[1] "File Downloaded... unzipping... 2025-04-25 12:52:48.818711"
[1] "Reading in data and making spatial... 2025-04-25 12:52:48.932957"
[1] "Retrieving coordinates... 2025-04-25 12:52:50.422767"
[1] "Retrieving H3 Indexes for Buildings... 2025-04-25 12:52:50.431683"
[1] "Deleting Footprints... 2025-04-25 12:52:51.161837"
[1] "52 Files Succesfully Downloaded --- 2025-04-25 12:52:51"
[1] "Downloading Footprints for link 53 @ 2025-04-25 12:52:51.162721"
[1] "File Downloaded... unzipping... 2025-04-25 12:52:52.272408"
[1] "Reading in data and making spatial... 2025-04-25 12:52:52.800524"
[1] "Retrieving coordinates... 2025-04-25 12:52:53.79939"
[1] "Retrieving H3 Indexes for Buildings... 2025-04-25 12:52:53.807131"
[1] "Deleting Footprints... 2025-04-25 12:52:54.590882"
[1] "53 Files Succesfully Downloaded --- 2025-04-25 12:52:55"
[1] "Downloading Footprints for link 54 @ 2025-04-25 12:52:54.594956"
[1] "File Downloaded... unzipping... 2025-04-25 12:52:55.60102"
[1] "Reading in data and making spatial... 2025-04-25 12:52:55.844999"
[1] "Retrieving coordinates... 2025-04-25 12:52:57.525234"
[1] "Retrieving H3 Indexes for Buildings... 2025-04-25 12:52:57.533533"
[1] "Deleting Footprints... 2025-04-25 12:52:57.906347"
[1] "54 Files Succesfully Downloaded --- 2025-04-25 12:52:58"
[1] "Downloading Footprints for link 55 @ 2025-04-25 12:52:57.909705"
[1] "File Downloaded... unzipping... 2025-04-25 12:52:59.06517"
[1] "Reading in data and making spatial... 2025-04-25 12:52:59.276519"
[1] "Retrieving coordinates... 2025-04-25 12:53:01.585044"
[1] "Retrieving H3 Indexes for Buildings... 2025-04-25 12:53:01.596489"
[1] "Deleting Footprints... 2025-04-25 12:53:02.773253"
[1] "55 Files Succesfully Downloaded --- 2025-04-25 12:53:03"
[1] "Downloading Footprints for link 56 @ 2025-04-25 12:53:02.777427"
[1] "File Downloaded... unzipping... 2025-04-25 12:53:04.18916"
[1] "Reading in data and making spatial... 2025-04-25 12:53:04.374901"
[1] "Retrieving coordinates... 2025-04-25 12:53:07.342717"
[1] "Retrieving H3 Indexes for Buildings... 2025-04-25 12:53:07.363853"
[1] "Deleting Footprints... 2025-04-25 12:53:08.286379"
[1] "56 Files Succesfully Downloaded --- 2025-04-25 12:53:08"
[1] "SCRIPT COMPLETE @ 2025-04-25 12:53:13"
