[1] "Starting at: 2025-04-25 12:45:41"
[1] "Loading Links at: 2025-04-25 12:45:52"
[1] "quadkeys to download: 56"
[1] "Downloading and Joining footprints to Hex @ 2025-04-25 12:45:52"
[1] "Downloading Footprints for link 1 @ 2025-04-25 12:45:52.193558"
[1] "File Downloaded... unzipping... 2025-04-25 12:45:53.221447"
[1] "Reading in data and making spatial... 2025-04-25 12:45:53.508263"
[1] "Retrieving coordinates... 2025-04-25 12:45:56.644649"
[1] "Retrieving H3 Indexes for Buildings... 2025-04-25 12:45:56.6536"
[1] "Deleting Footprints... 2025-04-25 12:45:56.699693"
[1] "1 Files Succesfully Downloaded --- 2025-04-25 12:45:57"
[1] "Downloading Footprints for link 2 @ 2025-04-25 12:45:56.703396"
[1] "File Downloaded... unzipping... 2025-04-25 12:46:01.028576"
[1] "Reading in data and making spatial... 2025-04-25 12:46:01.369368"
[1] "Retrieving coordinates... 2025-04-25 12:46:04.490129"
[1] "Retrieving H3 Indexes for Buildings... 2025-04-25 12:46:04.513489"
[1] "Deleting Footprints... 2025-04-25 12:46:04.626577"
[1] "2 Files Succesfully Downloaded --- 2025-04-25 12:46:05"
[1] "Downloading Footprints for link 3 @ 2025-04-25 12:46:04.629253"
[1] "File Downloaded... unzipping... 2025-04-25 12:46:06.819323"
[1] "Reading in data and making spatial... 2025-04-25 12:46:06.977493"
[1] "Retrieving coordinates... 2025-04-25 12:46:08.381855"
[1] "Retrieving H3 Indexes for Buildings... 2025-04-25 12:46:08.389385"
[1] "Deleting Footprints... 2025-04-25 12:46:08.438964"
[1] "3 Files Succesfully Downloaded --- 2025-04-25 12:46:08"
[1] "Downloading Footprints for link 4 @ 2025-04-25 12:46:08.442663"
[1] "File Downloaded... unzipping... 2025-04-25 12:46:09.42714"
[1] "Reading in data and making spatial... 2025-04-25 12:46:09.539141"
[1] "Retrieving coordinates... 2025-04-25 12:46:10.465258"
[1] "Retrieving H3 Indexes for Buildings... 2025-04-25 12:46:10.470877"
[1] "Deleting Footprints... 2025-04-25 12:46:10.50873"
[1] "4 Files Succesfully Downloaded --- 2025-04-25 12:46:11"
[1] "Downloading Footprints for link 5 @ 2025-04-25 12:46:10.511348"
[1] "File Downloaded... unzipping... 2025-04-25 12:46:12.173914"
[1] "Reading in data and making spatial... 2025-04-25 12:46:13.061139"
[1] "Retrieving coordinates... 2025-04-25 12:46:23.085155"
[1] "Retrieving H3 Indexes for Buildings... 2025-04-25 12:46:23.139763"
[1] "Deleting Footprints... 2025-04-25 12:46:23.551257"
[1] "5 Files Succesfully Downloaded --- 2025-04-25 12:46:24"
[1] "Downloading Footprints for link 6 @ 2025-04-25 12:46:23.553892"
[1] "File Downloaded... unzipping... 2025-04-25 12:46:24.761734"
[1] "Reading in data and making spatial... 2025-04-25 12:46:25.918308"
[1] "Retrieving coordinates... 2025-04-25 12:46:29.190966"
[1] "Retrieving H3 Indexes for Buildings... 2025-04-25 12:46:29.212405"
[1] "Deleting Footprints... 2025-04-25 12:46:29.339614"
[1] "6 Files Succesfully Downloaded --- 2025-04-25 12:46:29"
[1] "Downloading Footprints for link 7 @ 2025-04-25 12:46:29.342139"
[1] "File Downloaded... unzipping... 2025-04-25 12:46:33.061004"
[1] "Reading in data and making spatial... 2025-04-25 12:46:33.210273"
[1] "Retrieving coordinates... 2025-04-25 12:46:35.596972"
[1] "Retrieving H3 Indexes for Buildings... 2025-04-25 12:46:35.610337"
[1] "Deleting Footprints... 2025-04-25 12:46:35.718663"
[1] "7 Files Succesfully Downloaded --- 2025-04-25 12:46:36"
[1] "Downloading Footprints for link 8 @ 2025-04-25 12:46:35.722766"
[1] "File Downloaded... unzipping... 2025-04-25 12:46:38.805942"
[1] "Reading in data and making spatial... 2025-04-25 12:46:39.110572"
[1] "Retrieving coordinates... 2025-04-25 12:46:42.775803"
[1] "Retrieving H3 Indexes for Buildings... 2025-04-25 12:46:42.793878"
[1] "Deleting Footprints... 2025-04-25 12:46:42.919623"
[1] "8 Files Succesfully Downloaded --- 2025-04-25 12:46:43"
[1] "Downloading Footprints for link 9 @ 2025-04-25 12:46:42.920611"
[1] "File Downloaded... unzipping... 2025-04-25 12:46:45.127506"
[1] "Reading in data and making spatial... 2025-04-25 12:46:48.282841"
[1] "Retrieving coordinates... 2025-04-25 12:47:07.884634"
[1] "Retrieving H3 Indexes for Buildings... 2025-04-25 12:47:07.978926"
[1] "Deleting Footprints... 2025-04-25 12:47:08.530224"
[1] "9 Files Succesfully Downloaded --- 2025-04-25 12:47:09"
[1] "Downloading Footprints for link 10 @ 2025-04-25 12:47:08.533354"
[1] "File Downloaded... unzipping... 2025-04-25 12:47:09.862447"
[1] "Reading in data and making spatial... 2025-04-25 12:47:10.308539"
[1] "Retrieving coordinates... 2025-04-25 12:47:15.439446"
[1] "Retrieving H3 Indexes for Buildings... 2025-04-25 12:47:15.462726"
[1] "Deleting Footprints... 2025-04-25 12:47:15.645832"
[1] "10 Files Succesfully Downloaded --- 2025-04-25 12:47:16"
[1] "Downloading Footprints for link 11 @ 2025-04-25 12:47:15.649352"
[1] "File Downloaded... unzipping... 2025-04-25 12:47:17.2609"
[1] "Reading in data and making spatial... 2025-04-25 12:47:18.041848"
[1] "Retrieving coordinates... 2025-04-25 12:47:29.177864"
[1] "Retrieving H3 Indexes for Buildings... 2025-04-25 12:47:29.414985"
[1] "Deleting Footprints... 2025-04-25 12:47:29.748115"
[1] "11 Files Succesfully Downloaded --- 2025-04-25 12:47:30"
[1] "Downloading Footprints for link 12 @ 2025-04-25 12:47:29.75163"
[1] "File Downloaded... unzipping... 2025-04-25 12:47:32.708685"
[1] "Reading in data and making spatial... 2025-04-25 12:47:32.849493"
[1] "Retrieving coordinates... 2025-04-25 12:47:35.704751"
[1] "Retrieving H3 Indexes for Buildings... 2025-04-25 12:47:35.717276"
[1] "Deleting Footprints... 2025-04-25 12:47:35.855744"
[1] "12 Files Succesfully Downloaded --- 2025-04-25 12:47:36"
[1] "Downloading Footprints for link 13 @ 2025-04-25 12:47:35.858664"
[1] "File Downloaded... unzipping... 2025-04-25 12:47:37.048311"
[1] "Reading in data and making spatial... 2025-04-25 12:47:37.53526"
[1] "Retrieving coordinates... 2025-04-25 12:47:40.573211"
[1] "Retrieving H3 Indexes for Buildings... 2025-04-25 12:47:40.588868"
[1] "Deleting Footprints... 2025-04-25 12:47:40.75094"
[1] "13 Files Succesfully Downloaded --- 2025-04-25 12:47:41"
[1] "Downloading Footprints for link 14 @ 2025-04-25 12:47:40.7535"
[1] "File Downloaded... unzipping... 2025-04-25 12:47:42.098477"
[1] "Reading in data and making spatial... 2025-04-25 12:47:42.294429"
[1] "Retrieving coordinates... 2025-04-25 12:47:43.080729"
[1] "Retrieving H3 Indexes for Buildings... 2025-04-25 12:47:43.08455"
[1] "Deleting Footprints... 2025-04-25 12:47:43.305484"
[1] "14 Files Succesfully Downloaded --- 2025-04-25 12:47:43"
[1] "Downloading Footprints for link 15 @ 2025-04-25 12:47:43.308799"
[1] "File Downloaded... unzipping... 2025-04-25 12:47:44.392382"
[1] "Reading in data and making spatial... 2025-04-25 12:47:44.78504"
[1] "Retrieving coordinates... 2025-04-25 12:47:46.10101"
[1] "Retrieving H3 Indexes for Buildings... 2025-04-25 12:47:46.107285"
[1] "Deleting Footprints... 2025-04-25 12:47:46.222385"
[1] "15 Files Succesfully Downloaded --- 2025-04-25 12:47:46"
[1] "Downloading Footprints for link 16 @ 2025-04-25 12:47:46.224796"
[1] "File Downloaded... unzipping... 2025-04-25 12:47:47.674083"
[1] "Reading in data and making spatial... 2025-04-25 12:47:48.050801"
[1] "Retrieving coordinates... 2025-04-25 12:47:52.273064"
[1] "Retrieving H3 Indexes for Buildings... 2025-04-25 12:47:52.294905"
[1] "Deleting Footprints... 2025-04-25 12:47:52.493778"
[1] "16 Files Succesfully Downloaded --- 2025-04-25 12:47:52"
[1] "Downloading Footprints for link 17 @ 2025-04-25 12:47:52.496618"
[1] "File Downloaded... unzipping... 2025-04-25 12:47:54.825633"
[1] "Reading in data and making spatial... 2025-04-25 12:47:55.904156"
[1] "Retrieving coordinates... 2025-04-25 12:48:18.212291"
[1] "Retrieving H3 Indexes for Buildings... 2025-04-25 12:48:19.107611"
[1] "Deleting Footprints... 2025-04-25 12:48:21.028738"
[1] "17 Files Succesfully Downloaded --- 2025-04-25 12:48:21"
[1] "Downloading Footprints for link 18 @ 2025-04-25 12:48:21.033103"
[1] "File Downloaded... unzipping... 2025-04-25 12:48:22.882649"
[1] "Reading in data and making spatial... 2025-04-25 12:48:23.335168"
[1] "Retrieving coordinates... 2025-04-25 12:48:32.490377"
[1] "Retrieving H3 Indexes for Buildings... 2025-04-25 12:48:32.544135"
[1] "Deleting Footprints... 2025-04-25 12:48:32.999687"
[1] "18 Files Succesfully Downloaded --- 2025-04-25 12:48:33"
[1] "Downloading Footprints for link 19 @ 2025-04-25 12:48:33.003181"
[1] "File Downloaded... unzipping... 2025-04-25 12:48:34.392984"
[1] "Reading in data and making spatial... 2025-04-25 12:48:34.761343"
[1] "Retrieving coordinates... 2025-04-25 12:48:38.12151"
[1] "Retrieving H3 Indexes for Buildings... 2025-04-25 12:48:38.14256"
[1] "Deleting Footprints... 2025-04-25 12:48:39.20007"
[1] "19 Files Succesfully Downloaded --- 2025-04-25 12:48:39"
[1] "Downloading Footprints for link 20 @ 2025-04-25 12:48:39.205743"
[1] "File Downloaded... unzipping... 2025-04-25 12:48:40.37789"
[1] "Reading in data and making spatial... 2025-04-25 12:48:40.663242"
[1] "Retrieving coordinates... 2025-04-25 12:48:42.365312"
[1] "Retrieving H3 Indexes for Buildings... 2025-04-25 12:48:42.37555"
[1] "Deleting Footprints... 2025-04-25 12:48:42.712971"
[1] "20 Files Succesfully Downloaded --- 2025-04-25 12:48:43"
[1] "Downloading Footprints for link 21 @ 2025-04-25 12:48:42.717228"
[1] "File Downloaded... unzipping... 2025-04-25 12:48:45.648095"
[1] "Reading in data and making spatial... 2025-04-25 12:48:45.905721"
[1] "Retrieving coordinates... 2025-04-25 12:48:48.401137"
[1] "Retrieving H3 Indexes for Buildings... 2025-04-25 12:48:48.413488"
[1] "Deleting Footprints... 2025-04-25 12:48:48.979069"
[1] "21 Files Succesfully Downloaded --- 2025-04-25 12:48:49"
[1] "Downloading Footprints for link 22 @ 2025-04-25 12:48:48.983173"
[1] "File Downloaded... unzipping... 2025-04-25 12:48:50.251738"
[1] "Reading in data and making spatial... 2025-04-25 12:48:50.448227"
[1] "Retrieving coordinates... 2025-04-25 12:48:53.734547"
[1] "Retrieving H3 Indexes for Buildings... 2025-04-25 12:48:53.757906"
[1] "Deleting Footprints... 2025-04-25 12:48:54.4529"
[1] "22 Files Succesfully Downloaded --- 2025-04-25 12:48:54"
[1] "Downloading Footprints for link 23 @ 2025-04-25 12:48:54.456255"
[1] "File Downloaded... unzipping... 2025-04-25 12:48:55.792732"
[1] "Reading in data and making spatial... 2025-04-25 12:48:56.069478"
[1] "Retrieving coordinates... 2025-04-25 12:48:59.84304"
[1] "Retrieving H3 Indexes for Buildings... 2025-04-25 12:48:59.865669"
[1] "Deleting Footprints... 2025-04-25 12:49:00.304353"
[1] "23 Files Succesfully Downloaded --- 2025-04-25 12:49:00"
[1] "Downloading Footprints for link 24 @ 2025-04-25 12:49:00.307"
[1] "File Downloaded... unzipping... 2025-04-25 12:49:01.385838"
[1] "Reading in data and making spatial... 2025-04-25 12:49:01.842903"
[1] "Retrieving coordinates... 2025-04-25 12:49:03.801088"
[1] "Retrieving H3 Indexes for Buildings... 2025-04-25 12:49:03.812769"
[1] "Deleting Footprints... 2025-04-25 12:49:04.515342"
[1] "24 Files Succesfully Downloaded --- 2025-04-25 12:49:05"
[1] "Downloading Footprints for link 25 @ 2025-04-25 12:49:04.519114"
[1] "File Downloaded... unzipping... 2025-04-25 12:49:05.732053"
[1] "Reading in data and making spatial... 2025-04-25 12:49:05.838501"
[1] "Retrieving coordinates... 2025-04-25 12:49:07.873899"
[1] "Retrieving H3 Indexes for Buildings... 2025-04-25 12:49:07.883147"
[1] "Deleting Footprints... 2025-04-25 12:49:08.070458"
[1] "25 Files Succesfully Downloaded --- 2025-04-25 12:49:08"
[1] "Downloading Footprints for link 26 @ 2025-04-25 12:49:08.07302"
[1] "File Downloaded... unzipping... 2025-04-25 12:49:09.395154"
[1] "Reading in data and making spatial... 2025-04-25 12:49:09.560877"
[1] "Retrieving coordinates... 2025-04-25 12:49:12.340376"
[1] "Retrieving H3 Indexes for Buildings... 2025-04-25 12:49:12.356933"
[1] "Deleting Footprints... 2025-04-25 12:49:12.739461"
[1] "26 Files Succesfully Downloaded --- 2025-04-25 12:49:13"
[1] "Downloading Footprints for link 27 @ 2025-04-25 12:49:12.741355"
[1] "File Downloaded... unzipping... 2025-04-25 12:49:14.243616"
[1] "Reading in data and making spatial... 2025-04-25 12:49:14.803283"
[1] "Retrieving coordinates... 2025-04-25 12:49:16.07514"
[1] "Retrieving H3 Indexes for Buildings... 2025-04-25 12:49:16.084025"
[1] "Deleting Footprints... 2025-04-25 12:49:16.276455"
[1] "27 Files Succesfully Downloaded --- 2025-04-25 12:49:16"
[1] "Downloading Footprints for link 28 @ 2025-04-25 12:49:16.279665"
[1] "File Downloaded... unzipping... 2025-04-25 12:49:17.463905"
[1] "Reading in data and making spatial... 2025-04-25 12:49:17.584955"
[1] "Retrieving coordinates... 2025-04-25 12:49:19.276584"
[1] "Retrieving H3 Indexes for Buildings... 2025-04-25 12:49:19.285368"
[1] "Deleting Footprints... 2025-04-25 12:49:19.656638"
[1] "28 Files Succesfully Downloaded --- 2025-04-25 12:49:20"
[1] "Downloading Footprints for link 29 @ 2025-04-25 12:49:19.65959"
[1] "File Downloaded... unzipping... 2025-04-25 12:49:21.333351"
[1] "Reading in data and making spatial... 2025-04-25 12:49:22.070086"
[1] "Retrieving coordinates... 2025-04-25 12:49:30.984234"
[1] "Retrieving H3 Indexes for Buildings... 2025-04-25 12:49:31.352629"
[1] "Deleting Footprints... 2025-04-25 12:49:31.97041"
[1] "29 Files Succesfully Downloaded --- 2025-04-25 12:49:32"
[1] "Downloading Footprints for link 30 @ 2025-04-25 12:49:31.973393"
[1] "File Downloaded... unzipping... 2025-04-25 12:49:33.046208"
[1] "Reading in data and making spatial... 2025-04-25 12:49:33.380447"
[1] "Retrieving coordinates... 2025-04-25 12:49:35.336498"
[1] "Retrieving H3 Indexes for Buildings... 2025-04-25 12:49:35.344418"
[1] "Deleting Footprints... 2025-04-25 12:49:36.532509"
[1] "30 Files Succesfully Downloaded --- 2025-04-25 12:49:37"
[1] "Downloading Footprints for link 31 @ 2025-04-25 12:49:36.536214"
[1] "File Downloaded... unzipping... 2025-04-25 12:49:41.016283"
[1] "Reading in data and making spatial... 2025-04-25 12:49:41.166703"
[1] "Retrieving coordinates... 2025-04-25 12:49:43.448283"
[1] "Retrieving H3 Indexes for Buildings... 2025-04-25 12:49:43.463755"
[1] "Deleting Footprints... 2025-04-25 12:49:44.08945"
[1] "31 Files Succesfully Downloaded --- 2025-04-25 12:49:44"
[1] "Downloading Footprints for link 32 @ 2025-04-25 12:49:44.09363"
[1] "File Downloaded... unzipping... 2025-04-25 12:49:48.092131"
[1] "Reading in data and making spatial... 2025-04-25 12:49:48.558686"
[1] "Retrieving coordinates... 2025-04-25 12:49:50.140115"
[1] "Retrieving H3 Indexes for Buildings... 2025-04-25 12:49:50.148014"
[1] "Deleting Footprints... 2025-04-25 12:49:50.372746"
[1] "32 Files Succesfully Downloaded --- 2025-04-25 12:49:50"
[1] "Downloading Footprints for link 33 @ 2025-04-25 12:49:50.375458"
[1] "File Downloaded... unzipping... 2025-04-25 12:49:51.683259"
[1] "Reading in data and making spatial... 2025-04-25 12:49:52.100846"
[1] "Retrieving coordinates... 2025-04-25 12:49:53.71824"
[1] "Retrieving H3 Indexes for Buildings... 2025-04-25 12:49:53.724953"
[1] "Deleting Footprints... 2025-04-25 12:49:54.284456"
[1] "33 Files Succesfully Downloaded --- 2025-04-25 12:49:54"
[1] "Downloading Footprints for link 34 @ 2025-04-25 12:49:54.289076"
[1] "File Downloaded... unzipping... 2025-04-25 12:49:55.351845"
[1] "Reading in data and making spatial... 2025-04-25 12:49:55.452139"
[1] "Retrieving coordinates... 2025-04-25 12:49:57.084354"
[1] "Retrieving H3 Indexes for Buildings... 2025-04-25 12:49:57.093634"
[1] "Deleting Footprints... 2025-04-25 12:49:57.346172"
[1] "34 Files Succesfully Downloaded --- 2025-04-25 12:49:57"
[1] "Downloading Footprints for link 35 @ 2025-04-25 12:49:57.348681"
[1] "File Downloaded... unzipping... 2025-04-25 12:49:58.507296"
[1] "Reading in data and making spatial... 2025-04-25 12:49:58.889407"
[1] "Retrieving coordinates... 2025-04-25 12:50:00.48484"
[1] "Retrieving H3 Indexes for Buildings... 2025-04-25 12:50:00.494307"
[1] "Deleting Footprints... 2025-04-25 12:50:01.373176"
[1] "35 Files Succesfully Downloaded --- 2025-04-25 12:50:01"
[1] "Downloading Footprints for link 36 @ 2025-04-25 12:50:01.376871"
[1] "File Downloaded... unzipping... 2025-04-25 12:50:02.37519"
[1] "Reading in data and making spatial... 2025-04-25 12:50:02.503939"
[1] "Retrieving coordinates... 2025-04-25 12:50:03.286514"
[1] "Retrieving H3 Indexes for Buildings... 2025-04-25 12:50:03.292827"
[1] "Deleting Footprints... 2025-04-25 12:50:04.127049"
[1] "36 Files Succesfully Downloaded --- 2025-04-25 12:50:04"
[1] "Downloading Footprints for link 37 @ 2025-04-25 12:50:04.131444"
[1] "File Downloaded... unzipping... 2025-04-25 12:50:05.568665"
[1] "Reading in data and making spatial... 2025-04-25 12:50:05.905471"
[1] "Retrieving coordinates... 2025-04-25 12:50:12.195254"
[1] "Retrieving H3 Indexes for Buildings... 2025-04-25 12:50:12.234924"
[1] "Deleting Footprints... 2025-04-25 12:50:13.328989"
[1] "37 Files Succesfully Downloaded --- 2025-04-25 12:50:13"
[1] "Downloading Footprints for link 38 @ 2025-04-25 12:50:13.332927"
[1] "File Downloaded... unzipping... 2025-04-25 12:50:14.468416"
[1] "Reading in data and making spatial... 2025-04-25 12:50:14.587505"
[1] "Retrieving coordinates... 2025-04-25 12:50:16.921995"
[1] "Retrieving H3 Indexes for Buildings... 2025-04-25 12:50:16.933055"
[1] "Deleting Footprints... 2025-04-25 12:50:18.101299"
[1] "38 Files Succesfully Downloaded --- 2025-04-25 12:50:18"
[1] "Downloading Footprints for link 39 @ 2025-04-25 12:50:18.104726"
[1] "File Downloaded... unzipping... 2025-04-25 12:50:19.167988"
[1] "Reading in data and making spatial... 2025-04-25 12:50:19.241065"
[1] "Retrieving coordinates... 2025-04-25 12:50:20.172973"
[1] "Retrieving H3 Indexes for Buildings... 2025-04-25 12:50:20.179077"
[1] "Deleting Footprints... 2025-04-25 12:50:21.282703"
[1] "39 Files Succesfully Downloaded --- 2025-04-25 12:50:21"
[1] "Downloading Footprints for link 40 @ 2025-04-25 12:50:21.285131"
[1] "File Downloaded... unzipping... 2025-04-25 12:50:22.526137"
[1] "Reading in data and making spatial... 2025-04-25 12:50:23.380875"
[1] "Retrieving coordinates... 2025-04-25 12:50:24.996751"
[1] "Retrieving H3 Indexes for Buildings... 2025-04-25 12:50:25.008005"
[1] "Deleting Footprints... 2025-04-25 12:50:25.627922"
[1] "40 Files Succesfully Downloaded --- 2025-04-25 12:50:26"
[1] "Downloading Footprints for link 41 @ 2025-04-25 12:50:25.630285"
[1] "File Downloaded... unzipping... 2025-04-25 12:50:26.830677"
[1] "Reading in data and making spatial... 2025-04-25 12:50:27.02255"
[1] "Retrieving coordinates... 2025-04-25 12:50:28.824355"
[1] "Retrieving H3 Indexes for Buildings... 2025-04-25 12:50:28.83514"
[1] "Deleting Footprints... 2025-04-25 12:50:29.789459"
[1] "41 Files Succesfully Downloaded --- 2025-04-25 12:50:30"
[1] "Downloading Footprints for link 42 @ 2025-04-25 12:50:29.793687"
[1] "File Downloaded... unzipping... 2025-04-25 12:50:30.951488"
[1] "Reading in data and making spatial... 2025-04-25 12:50:31.162652"
[1] "Retrieving coordinates... 2025-04-25 12:50:32.500719"
[1] "Retrieving H3 Indexes for Buildings... 2025-04-25 12:50:32.510553"
[1] "Deleting Footprints... 2025-04-25 12:50:33.41143"
[1] "42 Files Succesfully Downloaded --- 2025-04-25 12:50:33"
[1] "Downloading Footprints for link 43 @ 2025-04-25 12:50:33.413994"
[1] "File Downloaded... unzipping... 2025-04-25 12:50:34.326995"
[1] "Reading in data and making spatial... 2025-04-25 12:50:34.587818"
[1] "Retrieving coordinates... 2025-04-25 12:50:35.213831"
[1] "Retrieving H3 Indexes for Buildings... 2025-04-25 12:50:35.219064"
[1] "Deleting Footprints... 2025-04-25 12:50:35.9501"
[1] "43 Files Succesfully Downloaded --- 2025-04-25 12:50:36"
[1] "Downloading Footprints for link 44 @ 2025-04-25 12:50:35.952477"
[1] "File Downloaded... unzipping... 2025-04-25 12:50:37.442889"
[1] "Reading in data and making spatial... 2025-04-25 12:50:37.713178"
[1] "Retrieving coordinates... 2025-04-25 12:50:43.378866"
[1] "Retrieving H3 Indexes for Buildings... 2025-04-25 12:50:43.414384"
[1] "Deleting Footprints... 2025-04-25 12:50:44.328785"
[1] "44 Files Succesfully Downloaded --- 2025-04-25 12:50:44"
[1] "Downloading Footprints for link 45 @ 2025-04-25 12:50:44.335429"
[1] "File Downloaded... unzipping... 2025-04-25 12:50:45.505171"
[1] "Reading in data and making spatial... 2025-04-25 12:50:45.70338"
[1] "Retrieving coordinates... 2025-04-25 12:50:46.633279"
[1] "Retrieving H3 Indexes for Buildings... 2025-04-25 12:50:46.63878"
[1] "Deleting Footprints... 2025-04-25 12:50:47.533697"
[1] "45 Files Succesfully Downloaded --- 2025-04-25 12:50:48"
[1] "Downloading Footprints for link 46 @ 2025-04-25 12:50:47.536947"
[1] "File Downloaded... unzipping... 2025-04-25 12:50:48.651493"
[1] "Reading in data and making spatial... 2025-04-25 12:50:48.74448"
[1] "Retrieving coordinates... 2025-04-25 12:50:49.891728"
[1] "Retrieving H3 Indexes for Buildings... 2025-04-25 12:50:49.898323"
[1] "Deleting Footprints... 2025-04-25 12:50:50.468061"
[1] "46 Files Succesfully Downloaded --- 2025-04-25 12:50:50"
[1] "Downloading Footprints for link 47 @ 2025-04-25 12:50:50.471653"
[1] "File Downloaded... unzipping... 2025-04-25 12:50:51.640336"
[1] "Reading in data and making spatial... 2025-04-25 12:50:51.814791"
[1] "Retrieving coordinates... 2025-04-25 12:50:53.793936"
[1] "Retrieving H3 Indexes for Buildings... 2025-04-25 12:50:53.805086"
[1] "Deleting Footprints... 2025-04-25 12:50:54.921725"
[1] "47 Files Succesfully Downloaded --- 2025-04-25 12:50:55"
[1] "Downloading Footprints for link 48 @ 2025-04-25 12:50:54.924132"
[1] "File Downloaded... unzipping... 2025-04-25 12:51:07.779625"
[1] "Reading in data and making spatial... 2025-04-25 12:51:08.122983"
[1] "Retrieving coordinates... 2025-04-25 12:51:14.342507"
[1] "Retrieving H3 Indexes for Buildings... 2025-04-25 12:51:14.381995"
[1] "Deleting Footprints... 2025-04-25 12:51:15.54654"
[1] "48 Files Succesfully Downloaded --- 2025-04-25 12:51:16"
[1] "Downloading Footprints for link 49 @ 2025-04-25 12:51:15.549089"
[1] "File Downloaded... unzipping... 2025-04-25 12:51:16.789586"
[1] "Reading in data and making spatial... 2025-04-25 12:51:16.990597"
[1] "Retrieving coordinates... 2025-04-25 12:51:21.014264"
[1] "Retrieving H3 Indexes for Buildings... 2025-04-25 12:51:21.037506"
[1] "Deleting Footprints... 2025-04-25 12:51:22.261018"
[1] "49 Files Succesfully Downloaded --- 2025-04-25 12:51:22"
[1] "Downloading Footprints for link 50 @ 2025-04-25 12:51:22.265022"
[1] "File Downloaded... unzipping... 2025-04-25 12:51:23.537853"
[1] "Reading in data and making spatial... 2025-04-25 12:51:23.76184"
[1] "Retrieving coordinates... 2025-04-25 12:51:25.763715"
[1] "Retrieving H3 Indexes for Buildings... 2025-04-25 12:51:25.77739"
[1] "Deleting Footprints... 2025-04-25 12:51:26.981026"
[1] "50 Files Succesfully Downloaded --- 2025-04-25 12:51:27"
[1] "Downloading Footprints for link 51 @ 2025-04-25 12:51:26.984656"
[1] "File Downloaded... unzipping... 2025-04-25 12:51:28.291987"
[1] "Reading in data and making spatial... 2025-04-25 12:51:28.436816"
[1] "Retrieving coordinates... 2025-04-25 12:51:30.552776"
[1] "Retrieving H3 Indexes for Buildings... 2025-04-25 12:51:30.567505"
[1] "Deleting Footprints... 2025-04-25 12:51:31.505085"
[1] "51 Files Succesfully Downloaded --- 2025-04-25 12:51:32"
[1] "Downloading Footprints for link 52 @ 2025-04-25 12:51:31.50797"
[1] "File Downloaded... unzipping... 2025-04-25 12:51:32.801061"
[1] "Reading in data and making spatial... 2025-04-25 12:51:33.099392"
[1] "Retrieving coordinates... 2025-04-25 12:51:35.07968"
[1] "Retrieving H3 Indexes for Buildings... 2025-04-25 12:51:35.093423"
[1] "Deleting Footprints... 2025-04-25 12:51:36.131839"
[1] "52 Files Succesfully Downloaded --- 2025-04-25 12:51:36"
[1] "Downloading Footprints for link 53 @ 2025-04-25 12:51:36.134931"
[1] "File Downloaded... unzipping... 2025-04-25 12:51:37.563343"
[1] "Reading in data and making spatial... 2025-04-25 12:51:37.716011"
[1] "Retrieving coordinates... 2025-04-25 12:51:40.10193"
[1] "Retrieving H3 Indexes for Buildings... 2025-04-25 12:51:40.118002"
[1] "Deleting Footprints... 2025-04-25 12:51:41.096895"
[1] "53 Files Succesfully Downloaded --- 2025-04-25 12:51:41"
[1] "Downloading Footprints for link 54 @ 2025-04-25 12:51:41.101215"
[1] "File Downloaded... unzipping... 2025-04-25 12:51:42.139272"
[1] "Reading in data and making spatial... 2025-04-25 12:51:42.456043"
[1] "Retrieving coordinates... 2025-04-25 12:51:43.402835"
[1] "Retrieving H3 Indexes for Buildings... 2025-04-25 12:51:43.410267"
[1] "Deleting Footprints... 2025-04-25 12:51:44.333322"
[1] "54 Files Succesfully Downloaded --- 2025-04-25 12:51:44"
[1] "Downloading Footprints for link 55 @ 2025-04-25 12:51:44.337523"
[1] "File Downloaded... unzipping... 2025-04-25 12:51:45.441125"
[1] "Reading in data and making spatial... 2025-04-25 12:51:45.866713"
[1] "Retrieving coordinates... 2025-04-25 12:51:47.17454"
[1] "Retrieving H3 Indexes for Buildings... 2025-04-25 12:51:47.184165"
[1] "Deleting Footprints... 2025-04-25 12:51:47.859646"
[1] "55 Files Succesfully Downloaded --- 2025-04-25 12:51:48"
[1] "Downloading Footprints for link 56 @ 2025-04-25 12:51:47.863376"
[1] "File Downloaded... unzipping... 2025-04-25 12:51:49.082803"
[1] "Reading in data and making spatial... 2025-04-25 12:51:49.284002"
[1] "Retrieving coordinates... 2025-04-25 12:51:52.589031"
[1] "Retrieving H3 Indexes for Buildings... 2025-04-25 12:51:52.610092"
[1] "Deleting Footprints... 2025-04-25 12:51:53.923851"
[1] "56 Files Succesfully Downloaded --- 2025-04-25 12:51:54"
[1] "SCRIPT COMPLETE @ 2025-04-25 12:51:57"
