[1] "Starting at: 2025-04-25 12:45:53"
[1] "Loading Links at: 2025-04-25 12:46:05"
[1] "quadkeys to download: 11"
[1] "Downloading and Joining footprints to Hex @ 2025-04-25 12:46:05"
[1] "Downloading Footprints for link 1 @ 2025-04-25 12:46:05.08992"
[1] "File Downloaded... unzipping... 2025-04-25 12:46:06.071952"
[1] "Reading in data and making spatial... 2025-04-25 12:46:06.102795"
[1] "Retrieving coordinates... 2025-04-25 12:46:06.521598"
[1] "Retrieving H3 Indexes for Buildings... 2025-04-25 12:46:06.522483"
[1] "Deleting Footprints... 2025-04-25 12:46:06.523886"
[1] "1 Files Succesfully Downloaded --- 2025-04-25 12:46:07"
[1] "Downloading Footprints for link 2 @ 2025-04-25 12:46:06.525739"
[1] "File Downloaded... unzipping... 2025-04-25 12:46:07.176681"
[1] "Reading in data and making spatial... 2025-04-25 12:46:07.21259"
[1] "Retrieving coordinates... 2025-04-25 12:46:07.510161"
[1] "Retrieving H3 Indexes for Buildings... 2025-04-25 12:46:08.670583"
[1] "Deleting Footprints... 2025-04-25 12:46:08.68113"
[1] "2 Files Succesfully Downloaded --- 2025-04-25 12:46:09"
[1] "Downloading Footprints for link 3 @ 2025-04-25 12:46:08.683995"
[1] "File Downloaded... unzipping... 2025-04-25 12:46:09.192626"
[1] "Reading in data and making spatial... 2025-04-25 12:46:09.218955"
[1] "Retrieving coordinates... 2025-04-25 12:46:09.338219"
[1] "Retrieving H3 Indexes for Buildings... 2025-04-25 12:46:09.339571"
[1] "Deleting Footprints... 2025-04-25 12:46:09.344589"
[1] "3 Files Succesfully Downloaded --- 2025-04-25 12:46:09"
[1] "Downloading Footprints for link 4 @ 2025-04-25 12:46:09.347951"
[1] "File Downloaded... unzipping... 2025-04-25 12:46:10.576742"
[1] "Reading in data and making spatial... 2025-04-25 12:46:10.926999"
[1] "Retrieving coordinates... 2025-04-25 12:46:13.83128"
[1] "Retrieving H3 Indexes for Buildings... 2025-04-25 12:46:13.857337"
[1] "Deleting Footprints... 2025-04-25 12:46:13.964094"
[1] "4 Files Succesfully Downloaded --- 2025-04-25 12:46:14"
[1] "Downloading Footprints for link 5 @ 2025-04-25 12:46:13.965651"
[1] "File Downloaded... unzipping... 2025-04-25 12:46:14.464925"
[1] "Reading in data and making spatial... 2025-04-25 12:46:14.492462"
[1] "Retrieving coordinates... 2025-04-25 12:46:14.579607"
[1] "Retrieving H3 Indexes for Buildings... 2025-04-25 12:46:14.580576"
[1] "Deleting Footprints... 2025-04-25 12:46:14.592619"
[1] "5 Files Succesfully Downloaded --- 2025-04-25 12:46:15"
[1] "Downloading Footprints for link 6 @ 2025-04-25 12:46:14.593962"
[1] "File Downloaded... unzipping... 2025-04-25 12:46:15.055365"
[1] "Reading in data and making spatial... 2025-04-25 12:46:15.086787"
[1] "Retrieving coordinates... 2025-04-25 12:46:15.203245"
[1] "Retrieving H3 Indexes for Buildings... 2025-04-25 12:46:15.20442"
[1] "Deleting Footprints... 2025-04-25 12:46:15.217851"
[1] "6 Files Succesfully Downloaded --- 2025-04-25 12:46:15"
[1] "Downloading Footprints for link 7 @ 2025-04-25 12:46:15.219559"
[1] "File Downloaded... unzipping... 2025-04-25 12:46:15.479317"
[1] "Reading in data and making spatial... 2025-04-25 12:46:15.50553"
[1] "Retrieving coordinates... 2025-04-25 12:46:15.520944"
[1] "Retrieving H3 Indexes for Buildings... 2025-04-25 12:46:15.521375"
[1] "Deleting Footprints... 2025-04-25 12:46:15.531557"
[1] "7 Files Succesfully Downloaded --- 2025-04-25 12:46:16"
[1] "Downloading Footprints for link 8 @ 2025-04-25 12:46:15.532911"
[1] "File Downloaded... unzipping... 2025-04-25 12:46:16.372338"
[1] "Reading in data and making spatial... 2025-04-25 12:46:16.500678"
[1] "Retrieving coordinates... 2025-04-25 12:46:17.418206"
[1] "Retrieving H3 Indexes for Buildings... 2025-04-25 12:46:17.423193"
[1] "Deleting Footprints... 2025-04-25 12:46:17.455077"
[1] "8 Files Succesfully Downloaded --- 2025-04-25 12:46:17"
[1] "Downloading Footprints for link 9 @ 2025-04-25 12:46:17.457176"
[1] "File Downloaded... unzipping... 2025-04-25 12:46:18.297037"
[1] "Reading in data and making spatial... 2025-04-25 12:46:18.717945"
[1] "Retrieving coordinates... 2025-04-25 12:46:19.537637"
[1] "Retrieving H3 Indexes for Buildings... 2025-04-25 12:46:19.542747"
[1] "Deleting Footprints... 2025-04-25 12:46:19.576471"
[1] "9 Files Succesfully Downloaded --- 2025-04-25 12:46:20"
[1] "Downloading Footprints for link 10 @ 2025-04-25 12:46:19.580143"
[1] "File Downloaded... unzipping... 2025-04-25 12:46:20.388652"
[1] "Reading in data and making spatial... 2025-04-25 12:46:20.520411"
[1] "Retrieving coordinates... 2025-04-25 12:46:21.018487"
[1] "Retrieving H3 Indexes for Buildings... 2025-04-25 12:46:21.021664"
[1] "Deleting Footprints... 2025-04-25 12:46:21.045017"
[1] "10 Files Succesfully Downloaded --- 2025-04-25 12:46:21"
[1] "Downloading Footprints for link 11 @ 2025-04-25 12:46:21.049273"
[1] "File Downloaded... unzipping... 2025-04-25 12:46:22.1515"
[1] "Reading in data and making spatial... 2025-04-25 12:46:22.184969"
[1] "Retrieving coordinates... 2025-04-25 12:46:22.422864"
[1] "Retrieving H3 Indexes for Buildings... 2025-04-25 12:46:22.424657"
[1] "Deleting Footprints... 2025-04-25 12:46:22.442779"
[1] "11 Files Succesfully Downloaded --- 2025-04-25 12:46:22"
[1] "SCRIPT COMPLETE @ 2025-04-25 12:46:23"
