[1] "Starting at: 2025-04-25 12:45:53"
[1] "Loading Links at: 2025-04-25 12:46:05"
[1] "quadkeys to download: 102"
[1] "Downloading and Joining footprints to Hex @ 2025-04-25 12:46:05"
[1] "Downloading Footprints for link 1 @ 2025-04-25 12:46:05.090633"
[1] "File Downloaded... unzipping... 2025-04-25 12:46:06.979582"
[1] "Reading in data and making spatial... 2025-04-25 12:46:07.205813"
[1] "Retrieving coordinates... 2025-04-25 12:46:10.11281"
[1] "Retrieving H3 Indexes for Buildings... 2025-04-25 12:46:10.120672"
[1] "Deleting Footprints... 2025-04-25 12:46:10.161251"
[1] "1 Files Succesfully Downloaded --- 2025-04-25 12:46:10"
[1] "Downloading Footprints for link 2 @ 2025-04-25 12:46:10.162569"
[1] "File Downloaded... unzipping... 2025-04-25 12:46:10.607862"
[1] "Reading in data and making spatial... 2025-04-25 12:46:10.62977"
[1] "Retrieving coordinates... 2025-04-25 12:46:10.662533"
[1] "Retrieving H3 Indexes for Buildings... 2025-04-25 12:46:10.663013"
[1] "Deleting Footprints... 2025-04-25 12:46:10.665942"
[1] "2 Files Succesfully Downloaded --- 2025-04-25 12:46:11"
[1] "Downloading Footprints for link 3 @ 2025-04-25 12:46:10.668265"
[1] "File Downloaded... unzipping... 2025-04-25 12:46:11.39412"
[1] "Reading in data and making spatial... 2025-04-25 12:46:11.429675"
[1] "Retrieving coordinates... 2025-04-25 12:46:11.696508"
[1] "Retrieving H3 Indexes for Buildings... 2025-04-25 12:46:11.698701"
[1] "Deleting Footprints... 2025-04-25 12:46:11.710975"
[1] "3 Files Succesfully Downloaded --- 2025-04-25 12:46:12"
[1] "Downloading Footprints for link 4 @ 2025-04-25 12:46:11.714881"
[1] "File Downloaded... unzipping... 2025-04-25 12:46:12.045986"
[1] "Reading in data and making spatial... 2025-04-25 12:46:12.06763"
[1] "Retrieving coordinates... 2025-04-25 12:46:12.083522"
[1] "Retrieving H3 Indexes for Buildings... 2025-04-25 12:46:12.08394"
[1] "Deleting Footprints... 2025-04-25 12:46:12.086531"
[1] "4 Files Succesfully Downloaded --- 2025-04-25 12:46:12"
[1] "Downloading Footprints for link 5 @ 2025-04-25 12:46:12.088194"
[1] "File Downloaded... unzipping... 2025-04-25 12:46:12.597687"
[1] "Reading in data and making spatial... 2025-04-25 12:46:12.62237"
[1] "Retrieving coordinates... 2025-04-25 12:46:12.667331"
[1] "Retrieving H3 Indexes for Buildings... 2025-04-25 12:46:12.66792"
[1] "Deleting Footprints... 2025-04-25 12:46:12.671647"
[1] "5 Files Succesfully Downloaded --- 2025-04-25 12:46:13"
[1] "Downloading Footprints for link 6 @ 2025-04-25 12:46:12.67312"
[1] "File Downloaded... unzipping... 2025-04-25 12:46:14.404792"
[1] "Reading in data and making spatial... 2025-04-25 12:46:14.592804"
[1] "Retrieving coordinates... 2025-04-25 12:46:17.419652"
[1] "Retrieving H3 Indexes for Buildings... 2025-04-25 12:46:17.436012"
[1] "Deleting Footprints... 2025-04-25 12:46:17.523458"
[1] "6 Files Succesfully Downloaded --- 2025-04-25 12:46:18"
[1] "Downloading Footprints for link 7 @ 2025-04-25 12:46:17.524337"
[1] "File Downloaded... unzipping... 2025-04-25 12:46:22.5503"
[1] "Reading in data and making spatial... 2025-04-25 12:46:23.108133"
[1] "Retrieving coordinates... 2025-04-25 12:46:31.533068"
[1] "Retrieving H3 Indexes for Buildings... 2025-04-25 12:46:31.572864"
[1] "Deleting Footprints... 2025-04-25 12:46:31.778453"
[1] "7 Files Succesfully Downloaded --- 2025-04-25 12:46:32"
[1] "Downloading Footprints for link 8 @ 2025-04-25 12:46:31.78162"
[1] "File Downloaded... unzipping... 2025-04-25 12:46:32.189335"
[1] "Reading in data and making spatial... 2025-04-25 12:46:32.216475"
[1] "Retrieving coordinates... 2025-04-25 12:46:32.251491"
[1] "Retrieving H3 Indexes for Buildings... 2025-04-25 12:46:32.252067"
[1] "Deleting Footprints... 2025-04-25 12:46:32.266406"
[1] "8 Files Succesfully Downloaded --- 2025-04-25 12:46:32"
[1] "Downloading Footprints for link 9 @ 2025-04-25 12:46:32.268248"
[1] "File Downloaded... unzipping... 2025-04-25 12:46:32.798434"
[1] "Reading in data and making spatial... 2025-04-25 12:46:32.832078"
[1] "Retrieving coordinates... 2025-04-25 12:46:33.009564"
[1] "Retrieving H3 Indexes for Buildings... 2025-04-25 12:46:33.011143"
[1] "Deleting Footprints... 2025-04-25 12:46:33.030514"
[1] "9 Files Succesfully Downloaded --- 2025-04-25 12:46:33"
[1] "Downloading Footprints for link 10 @ 2025-04-25 12:46:33.033459"
[1] "File Downloaded... unzipping... 2025-04-25 12:46:33.301282"
[1] "Reading in data and making spatial... 2025-04-25 12:46:33.325262"
[1] "Retrieving coordinates... 2025-04-25 12:46:33.342792"
[1] "Retrieving H3 Indexes for Buildings... 2025-04-25 12:46:33.343285"
[1] "Deleting Footprints... 2025-04-25 12:46:33.441686"
[1] "10 Files Succesfully Downloaded --- 2025-04-25 12:46:33"
[1] "Downloading Footprints for link 11 @ 2025-04-25 12:46:33.444116"
[1] "File Downloaded... unzipping... 2025-04-25 12:46:34.263573"
[1] "Reading in data and making spatial... 2025-04-25 12:46:34.310216"
[1] "Retrieving coordinates... 2025-04-25 12:46:34.789789"
[1] "Retrieving H3 Indexes for Buildings... 2025-04-25 12:46:34.792571"
[1] "Deleting Footprints... 2025-04-25 12:46:34.82038"
[1] "11 Files Succesfully Downloaded --- 2025-04-25 12:46:35"
[1] "Downloading Footprints for link 12 @ 2025-04-25 12:46:34.823294"
[1] "File Downloaded... unzipping... 2025-04-25 12:46:37.963676"
[1] "Reading in data and making spatial... 2025-04-25 12:46:37.991833"
[1] "Retrieving coordinates... 2025-04-25 12:46:38.093091"
[1] "Retrieving H3 Indexes for Buildings... 2025-04-25 12:46:38.094012"
[1] "Deleting Footprints... 2025-04-25 12:46:38.118163"
[1] "12 Files Succesfully Downloaded --- 2025-04-25 12:46:38"
[1] "Downloading Footprints for link 13 @ 2025-04-25 12:46:38.120065"
[1] "File Downloaded... unzipping... 2025-04-25 12:46:38.764869"
[1] "Reading in data and making spatial... 2025-04-25 12:46:38.861656"
[1] "Retrieving coordinates... 2025-04-25 12:46:38.932071"
[1] "Retrieving H3 Indexes for Buildings... 2025-04-25 12:46:38.932801"
[1] "Deleting Footprints... 2025-04-25 12:46:38.949602"
[1] "13 Files Succesfully Downloaded --- 2025-04-25 12:46:39"
[1] "Downloading Footprints for link 14 @ 2025-04-25 12:46:38.953863"
[1] "File Downloaded... unzipping... 2025-04-25 12:46:39.633242"
[1] "Reading in data and making spatial... 2025-04-25 12:46:39.669681"
[1] "Retrieving coordinates... 2025-04-25 12:46:40.035851"
[1] "Retrieving H3 Indexes for Buildings... 2025-04-25 12:46:40.037971"
[1] "Deleting Footprints... 2025-04-25 12:46:40.062556"
[1] "14 Files Succesfully Downloaded --- 2025-04-25 12:46:40"
[1] "Downloading Footprints for link 15 @ 2025-04-25 12:46:40.065543"
[1] "File Downloaded... unzipping... 2025-04-25 12:46:40.82848"
[1] "Reading in data and making spatial... 2025-04-25 12:46:40.941642"
[1] "Retrieving coordinates... 2025-04-25 12:46:41.181886"
[1] "Retrieving H3 Indexes for Buildings... 2025-04-25 12:46:41.183602"
[1] "Deleting Footprints... 2025-04-25 12:46:41.20648"
[1] "15 Files Succesfully Downloaded --- 2025-04-25 12:46:41"
[1] "Downloading Footprints for link 16 @ 2025-04-25 12:46:41.209504"
[1] "File Downloaded... unzipping... 2025-04-25 12:46:41.564421"
[1] "Reading in data and making spatial... 2025-04-25 12:46:41.58783"
[1] "Retrieving coordinates... 2025-04-25 12:46:41.616257"
[1] "Retrieving H3 Indexes for Buildings... 2025-04-25 12:46:41.616728"
[1] "Deleting Footprints... 2025-04-25 12:46:41.704685"
[1] "16 Files Succesfully Downloaded --- 2025-04-25 12:46:42"
[1] "Downloading Footprints for link 17 @ 2025-04-25 12:46:41.707534"
[1] "File Downloaded... unzipping... 2025-04-25 12:46:42.370309"
[1] "Reading in data and making spatial... 2025-04-25 12:46:42.399384"
[1] "Retrieving coordinates... 2025-04-25 12:46:42.517191"
[1] "Retrieving H3 Indexes for Buildings... 2025-04-25 12:46:42.518203"
[1] "Deleting Footprints... 2025-04-25 12:46:43.239554"
[1] "17 Files Succesfully Downloaded --- 2025-04-25 12:46:43"
[1] "Downloading Footprints for link 18 @ 2025-04-25 12:46:43.241623"
[1] "File Downloaded... unzipping... 2025-04-25 12:46:43.778759"
[1] "Reading in data and making spatial... 2025-04-25 12:46:43.860138"
[1] "Retrieving coordinates... 2025-04-25 12:46:43.95641"
[1] "Retrieving H3 Indexes for Buildings... 2025-04-25 12:46:43.957429"
[1] "Deleting Footprints... 2025-04-25 12:46:43.979773"
[1] "18 Files Succesfully Downloaded --- 2025-04-25 12:46:44"
[1] "Downloading Footprints for link 19 @ 2025-04-25 12:46:43.983495"
[1] "File Downloaded... unzipping... 2025-04-25 12:46:44.897897"
[1] "Reading in data and making spatial... 2025-04-25 12:46:44.950531"
[1] "Retrieving coordinates... 2025-04-25 12:46:45.310148"
[1] "Retrieving H3 Indexes for Buildings... 2025-04-25 12:46:45.313018"
[1] "Deleting Footprints... 2025-04-25 12:46:45.343181"
[1] "19 Files Succesfully Downloaded --- 2025-04-25 12:46:45"
[1] "Downloading Footprints for link 20 @ 2025-04-25 12:46:45.344936"
[1] "File Downloaded... unzipping... 2025-04-25 12:46:45.915341"
[1] "Reading in data and making spatial... 2025-04-25 12:46:45.941179"
[1] "Retrieving coordinates... 2025-04-25 12:46:46.021416"
[1] "Retrieving H3 Indexes for Buildings... 2025-04-25 12:46:46.022242"
[1] "Deleting Footprints... 2025-04-25 12:46:46.041897"
[1] "20 Files Succesfully Downloaded --- 2025-04-25 12:46:46"
[1] "Downloading Footprints for link 21 @ 2025-04-25 12:46:46.043557"
[1] "File Downloaded... unzipping... 2025-04-25 12:46:46.78766"
[1] "Reading in data and making spatial... 2025-04-25 12:46:46.82858"
[1] "Retrieving coordinates... 2025-04-25 12:46:47.065839"
[1] "Retrieving H3 Indexes for Buildings... 2025-04-25 12:46:47.067674"
[1] "Deleting Footprints... 2025-04-25 12:46:47.163056"
[1] "21 Files Succesfully Downloaded --- 2025-04-25 12:46:47"
[1] "Downloading Footprints for link 22 @ 2025-04-25 12:46:47.165594"
[1] "File Downloaded... unzipping... 2025-04-25 12:46:47.867137"
[1] "Reading in data and making spatial... 2025-04-25 12:46:47.902014"
[1] "Retrieving coordinates... 2025-04-25 12:46:48.068719"
[1] "Retrieving H3 Indexes for Buildings... 2025-04-25 12:46:48.070175"
[1] "Deleting Footprints... 2025-04-25 12:46:48.093529"
[1] "22 Files Succesfully Downloaded --- 2025-04-25 12:46:48"
[1] "Downloading Footprints for link 23 @ 2025-04-25 12:46:48.096062"
[1] "File Downloaded... unzipping... 2025-04-25 12:46:48.430948"
[1] "Reading in data and making spatial... 2025-04-25 12:46:48.460454"
[1] "Retrieving coordinates... 2025-04-25 12:46:48.48888"
[1] "Retrieving H3 Indexes for Buildings... 2025-04-25 12:46:48.489341"
[1] "Deleting Footprints... 2025-04-25 12:46:48.507778"
[1] "23 Files Succesfully Downloaded --- 2025-04-25 12:46:49"
[1] "Downloading Footprints for link 24 @ 2025-04-25 12:46:48.509196"
[1] "File Downloaded... unzipping... 2025-04-25 12:46:49.491278"
[1] "Reading in data and making spatial... 2025-04-25 12:46:49.592023"
[1] "Retrieving coordinates... 2025-04-25 12:46:50.156711"
[1] "Retrieving H3 Indexes for Buildings... 2025-04-25 12:46:50.160784"
[1] "Deleting Footprints... 2025-04-25 12:46:50.274994"
[1] "24 Files Succesfully Downloaded --- 2025-04-25 12:46:50"
[1] "Downloading Footprints for link 25 @ 2025-04-25 12:46:50.276774"
[1] "File Downloaded... unzipping... 2025-04-25 12:46:50.6685"
[1] "Reading in data and making spatial... 2025-04-25 12:46:50.692198"
[1] "Retrieving coordinates... 2025-04-25 12:46:50.723389"
[1] "Retrieving H3 Indexes for Buildings... 2025-04-25 12:46:50.723878"
[1] "Deleting Footprints... 2025-04-25 12:46:50.742735"
[1] "25 Files Succesfully Downloaded --- 2025-04-25 12:46:51"
[1] "Downloading Footprints for link 26 @ 2025-04-25 12:46:50.74427"
[1] "File Downloaded... unzipping... 2025-04-25 12:46:51.20541"
[1] "Reading in data and making spatial... 2025-04-25 12:46:51.230457"
[1] "Retrieving coordinates... 2025-04-25 12:46:51.29603"
[1] "Retrieving H3 Indexes for Buildings... 2025-04-25 12:46:51.296788"
[1] "Deleting Footprints... 2025-04-25 12:46:51.32601"
[1] "26 Files Succesfully Downloaded --- 2025-04-25 12:46:51"
[1] "Downloading Footprints for link 27 @ 2025-04-25 12:46:51.328028"
[1] "File Downloaded... unzipping... 2025-04-25 12:46:52.306926"
[1] "Reading in data and making spatial... 2025-04-25 12:46:52.474553"
[1] "Retrieving coordinates... 2025-04-25 12:46:52.920422"
[1] "Retrieving H3 Indexes for Buildings... 2025-04-25 12:46:52.923056"
[1] "Deleting Footprints... 2025-04-25 12:46:52.958877"
[1] "27 Files Succesfully Downloaded --- 2025-04-25 12:46:53"
[1] "Downloading Footprints for link 28 @ 2025-04-25 12:46:52.960996"
[1] "File Downloaded... unzipping... 2025-04-25 12:46:53.498996"
[1] "Reading in data and making spatial... 2025-04-25 12:46:53.528436"
[1] "Retrieving coordinates... 2025-04-25 12:46:53.615639"
[1] "Retrieving H3 Indexes for Buildings... 2025-04-25 12:46:53.616499"
[1] "Deleting Footprints... 2025-04-25 12:46:53.720006"
[1] "28 Files Succesfully Downloaded --- 2025-04-25 12:46:54"
[1] "Downloading Footprints for link 29 @ 2025-04-25 12:46:53.724452"
[1] "File Downloaded... unzipping... 2025-04-25 12:46:54.112413"
[1] "Reading in data and making spatial... 2025-04-25 12:46:54.137154"
[1] "Retrieving coordinates... 2025-04-25 12:46:54.17519"
[1] "Retrieving H3 Indexes for Buildings... 2025-04-25 12:46:54.175736"
[1] "Deleting Footprints... 2025-04-25 12:46:54.47407"
[1] "29 Files Succesfully Downloaded --- 2025-04-25 12:46:54"
[1] "Downloading Footprints for link 30 @ 2025-04-25 12:46:54.476138"
[1] "File Downloaded... unzipping... 2025-04-25 12:46:55.428231"
[1] "Reading in data and making spatial... 2025-04-25 12:46:55.691612"
[1] "Retrieving coordinates... 2025-04-25 12:46:56.488057"
[1] "Retrieving H3 Indexes for Buildings... 2025-04-25 12:46:56.493269"
[1] "Deleting Footprints... 2025-04-25 12:46:56.542738"
[1] "30 Files Succesfully Downloaded --- 2025-04-25 12:46:57"
[1] "Downloading Footprints for link 31 @ 2025-04-25 12:46:56.544501"
[1] "File Downloaded... unzipping... 2025-04-25 12:46:56.795877"
[1] "Reading in data and making spatial... 2025-04-25 12:46:56.821043"
[1] "Retrieving coordinates... 2025-04-25 12:46:56.835816"
[1] "Retrieving H3 Indexes for Buildings... 2025-04-25 12:46:56.836186"
[1] "Deleting Footprints... 2025-04-25 12:46:56.945922"
[1] "31 Files Succesfully Downloaded --- 2025-04-25 12:46:57"
[1] "Downloading Footprints for link 32 @ 2025-04-25 12:46:56.949624"
[1] "File Downloaded... unzipping... 2025-04-25 12:46:57.738483"
[1] "Reading in data and making spatial... 2025-04-25 12:46:57.775106"
[1] "Retrieving coordinates... 2025-04-25 12:46:57.952818"
[1] "Retrieving H3 Indexes for Buildings... 2025-04-25 12:46:57.954308"
[1] "Deleting Footprints... 2025-04-25 12:46:57.98231"
[1] "32 Files Succesfully Downloaded --- 2025-04-25 12:46:58"
[1] "Downloading Footprints for link 33 @ 2025-04-25 12:46:57.985965"
[1] "File Downloaded... unzipping... 2025-04-25 12:46:58.431105"
[1] "Reading in data and making spatial... 2025-04-25 12:46:58.458867"
[1] "Retrieving coordinates... 2025-04-25 12:46:58.495402"
[1] "Retrieving H3 Indexes for Buildings... 2025-04-25 12:46:58.495918"
[1] "Deleting Footprints... 2025-04-25 12:46:58.59576"
[1] "33 Files Succesfully Downloaded --- 2025-04-25 12:46:59"
[1] "Downloading Footprints for link 34 @ 2025-04-25 12:46:58.598011"
[1] "File Downloaded... unzipping... 2025-04-25 12:46:58.882262"
[1] "Reading in data and making spatial... 2025-04-25 12:46:58.910016"
[1] "Retrieving coordinates... 2025-04-25 12:46:58.928606"
[1] "Retrieving H3 Indexes for Buildings... 2025-04-25 12:46:58.928999"
[1] "Deleting Footprints... 2025-04-25 12:46:59.042552"
[1] "34 Files Succesfully Downloaded --- 2025-04-25 12:46:59"
[1] "Downloading Footprints for link 35 @ 2025-04-25 12:46:59.045515"
[1] "File Downloaded... unzipping... 2025-04-25 12:46:59.945948"
[1] "Reading in data and making spatial... 2025-04-25 12:47:00.252849"
[1] "Retrieving coordinates... 2025-04-25 12:47:00.677334"
[1] "Retrieving H3 Indexes for Buildings... 2025-04-25 12:47:00.680382"
[1] "Deleting Footprints... 2025-04-25 12:47:00.718088"
[1] "35 Files Succesfully Downloaded --- 2025-04-25 12:47:01"
[1] "Downloading Footprints for link 36 @ 2025-04-25 12:47:00.71935"
[1] "File Downloaded... unzipping... 2025-04-25 12:47:01.002455"
[1] "Reading in data and making spatial... 2025-04-25 12:47:01.027292"
[1] "Retrieving coordinates... 2025-04-25 12:47:01.043022"
[1] "Retrieving H3 Indexes for Buildings... 2025-04-25 12:47:01.043398"
[1] "Deleting Footprints... 2025-04-25 12:47:01.149638"
[1] "36 Files Succesfully Downloaded --- 2025-04-25 12:47:01"
[1] "Downloading Footprints for link 37 @ 2025-04-25 12:47:01.152304"
[1] "File Downloaded... unzipping... 2025-04-25 12:47:01.779856"
[1] "Reading in data and making spatial... 2025-04-25 12:47:01.815527"
[1] "Retrieving coordinates... 2025-04-25 12:47:01.936717"
[1] "Retrieving H3 Indexes for Buildings... 2025-04-25 12:47:01.93776"
[1] "Deleting Footprints... 2025-04-25 12:47:02.046838"
[1] "37 Files Succesfully Downloaded --- 2025-04-25 12:47:02"
[1] "Downloading Footprints for link 38 @ 2025-04-25 12:47:02.048977"
[1] "File Downloaded... unzipping... 2025-04-25 12:47:02.898666"
[1] "Reading in data and making spatial... 2025-04-25 12:47:03.024978"
[1] "Retrieving coordinates... 2025-04-25 12:47:03.488273"
[1] "Retrieving H3 Indexes for Buildings... 2025-04-25 12:47:03.490793"
[1] "Deleting Footprints... 2025-04-25 12:47:03.52623"
[1] "38 Files Succesfully Downloaded --- 2025-04-25 12:47:04"
[1] "Downloading Footprints for link 39 @ 2025-04-25 12:47:03.526986"
[1] "File Downloaded... unzipping... 2025-04-25 12:47:04.533875"
[1] "Reading in data and making spatial... 2025-04-25 12:47:04.607926"
[1] "Retrieving coordinates... 2025-04-25 12:47:05.661486"
[1] "Retrieving H3 Indexes for Buildings... 2025-04-25 12:47:05.667864"
[1] "Deleting Footprints... 2025-04-25 12:47:05.891992"
[1] "39 Files Succesfully Downloaded --- 2025-04-25 12:47:06"
[1] "Downloading Footprints for link 40 @ 2025-04-25 12:47:05.89363"
[1] "File Downloaded... unzipping... 2025-04-25 12:47:06.160894"
[1] "Reading in data and making spatial... 2025-04-25 12:47:06.19205"
[1] "Retrieving coordinates... 2025-04-25 12:47:06.208891"
[1] "Retrieving H3 Indexes for Buildings... 2025-04-25 12:47:06.209321"
[1] "Deleting Footprints... 2025-04-25 12:47:06.528293"
[1] "40 Files Succesfully Downloaded --- 2025-04-25 12:47:07"
[1] "Downloading Footprints for link 41 @ 2025-04-25 12:47:06.532716"
[1] "File Downloaded... unzipping... 2025-04-25 12:47:07.264094"
[1] "Reading in data and making spatial... 2025-04-25 12:47:07.298452"
[1] "Retrieving coordinates... 2025-04-25 12:47:07.462482"
[1] "Retrieving H3 Indexes for Buildings... 2025-04-25 12:47:07.464017"
[1] "Deleting Footprints... 2025-04-25 12:47:07.498882"
[1] "41 Files Succesfully Downloaded --- 2025-04-25 12:47:08"
[1] "Downloading Footprints for link 42 @ 2025-04-25 12:47:07.501717"
[1] "File Downloaded... unzipping... 2025-04-25 12:47:08.283115"
[1] "Reading in data and making spatial... 2025-04-25 12:47:08.325291"
[1] "Retrieving coordinates... 2025-04-25 12:47:08.577586"
[1] "Retrieving H3 Indexes for Buildings... 2025-04-25 12:47:08.579528"
[1] "Deleting Footprints... 2025-04-25 12:47:08.617193"
[1] "42 Files Succesfully Downloaded --- 2025-04-25 12:47:09"
[1] "Downloading Footprints for link 43 @ 2025-04-25 12:47:08.620428"
[1] "File Downloaded... unzipping... 2025-04-25 12:47:08.88753"
[1] "Reading in data and making spatial... 2025-04-25 12:47:08.909985"
[1] "Retrieving coordinates... 2025-04-25 12:47:08.924941"
[1] "Retrieving H3 Indexes for Buildings... 2025-04-25 12:47:08.92536"
[1] "Deleting Footprints... 2025-04-25 12:47:08.952699"
[1] "43 Files Succesfully Downloaded --- 2025-04-25 12:47:09"
[1] "Downloading Footprints for link 44 @ 2025-04-25 12:47:08.954693"
[1] "File Downloaded... unzipping... 2025-04-25 12:47:09.737852"
[1] "Reading in data and making spatial... 2025-04-25 12:47:09.843862"
[1] "Retrieving coordinates... 2025-04-25 12:47:10.159467"
[1] "Retrieving H3 Indexes for Buildings... 2025-04-25 12:47:10.161881"
[1] "Deleting Footprints... 2025-04-25 12:47:10.198951"
[1] "44 Files Succesfully Downloaded --- 2025-04-25 12:47:10"
[1] "Downloading Footprints for link 45 @ 2025-04-25 12:47:10.202109"
[1] "File Downloaded... unzipping... 2025-04-25 12:47:10.494225"
[1] "Reading in data and making spatial... 2025-04-25 12:47:10.514657"
[1] "Retrieving coordinates... 2025-04-25 12:47:10.529284"
[1] "Retrieving H3 Indexes for Buildings... 2025-04-25 12:47:10.529649"
[1] "Deleting Footprints... 2025-04-25 12:47:10.557673"
[1] "45 Files Succesfully Downloaded --- 2025-04-25 12:47:11"
[1] "Downloading Footprints for link 46 @ 2025-04-25 12:47:10.55939"
[1] "File Downloaded... unzipping... 2025-04-25 12:47:11.298305"
[1] "Reading in data and making spatial... 2025-04-25 12:47:11.333962"
[1] "Retrieving coordinates... 2025-04-25 12:47:11.513045"
[1] "Retrieving H3 Indexes for Buildings... 2025-04-25 12:47:11.514414"
[1] "Deleting Footprints... 2025-04-25 12:47:11.546477"
[1] "46 Files Succesfully Downloaded --- 2025-04-25 12:47:12"
[1] "Downloading Footprints for link 47 @ 2025-04-25 12:47:11.550249"
[1] "File Downloaded... unzipping... 2025-04-25 12:47:11.970112"
[1] "Reading in data and making spatial... 2025-04-25 12:47:11.992644"
[1] "Retrieving coordinates... 2025-04-25 12:47:12.020019"
[1] "Retrieving H3 Indexes for Buildings... 2025-04-25 12:47:12.020459"
[1] "Deleting Footprints... 2025-04-25 12:47:12.255737"
[1] "47 Files Succesfully Downloaded --- 2025-04-25 12:47:12"
[1] "Downloading Footprints for link 48 @ 2025-04-25 12:47:12.259165"
[1] "File Downloaded... unzipping... 2025-04-25 12:47:12.928393"
[1] "Reading in data and making spatial... 2025-04-25 12:47:12.959345"
[1] "Retrieving coordinates... 2025-04-25 12:47:13.113368"
[1] "Retrieving H3 Indexes for Buildings... 2025-04-25 12:47:13.114868"
[1] "Deleting Footprints... 2025-04-25 12:47:13.146312"
[1] "48 Files Succesfully Downloaded --- 2025-04-25 12:47:13"
[1] "Downloading Footprints for link 49 @ 2025-04-25 12:47:13.146951"
[1] "File Downloaded... unzipping... 2025-04-25 12:47:13.489763"
[1] "Reading in data and making spatial... 2025-04-25 12:47:13.511128"
[1] "Retrieving coordinates... 2025-04-25 12:47:13.529756"
[1] "Retrieving H3 Indexes for Buildings... 2025-04-25 12:47:13.530162"
[1] "Deleting Footprints... 2025-04-25 12:47:13.555725"
[1] "49 Files Succesfully Downloaded --- 2025-04-25 12:47:14"
[1] "Downloading Footprints for link 50 @ 2025-04-25 12:47:13.5574"
[1] "File Downloaded... unzipping... 2025-04-25 12:47:14.030911"
[1] "Reading in data and making spatial... 2025-04-25 12:47:14.054466"
[1] "Retrieving coordinates... 2025-04-25 12:47:14.125232"
[1] "Retrieving H3 Indexes for Buildings... 2025-04-25 12:47:14.126062"
[1] "Deleting Footprints... 2025-04-25 12:47:14.155064"
[1] "50 Files Succesfully Downloaded --- 2025-04-25 12:47:14"
[1] "Downloading Footprints for link 51 @ 2025-04-25 12:47:14.156686"
[1] "File Downloaded... unzipping... 2025-04-25 12:47:14.991481"
[1] "Reading in data and making spatial... 2025-04-25 12:47:15.059859"
[1] "Retrieving coordinates... 2025-04-25 12:47:15.531063"
[1] "Retrieving H3 Indexes for Buildings... 2025-04-25 12:47:15.534115"
[1] "Deleting Footprints... 2025-04-25 12:47:15.573436"
[1] "51 Files Succesfully Downloaded --- 2025-04-25 12:47:16"
[1] "Downloading Footprints for link 52 @ 2025-04-25 12:47:15.577158"
[1] "File Downloaded... unzipping... 2025-04-25 12:47:16.088182"
[1] "Reading in data and making spatial... 2025-04-25 12:47:16.111634"
[1] "Retrieving coordinates... 2025-04-25 12:47:16.155511"
[1] "Retrieving H3 Indexes for Buildings... 2025-04-25 12:47:16.156071"
[1] "Deleting Footprints... 2025-04-25 12:47:16.183347"
[1] "52 Files Succesfully Downloaded --- 2025-04-25 12:47:16"
[1] "Downloading Footprints for link 53 @ 2025-04-25 12:47:16.185423"
[1] "File Downloaded... unzipping... 2025-04-25 12:47:17.102009"
[1] "Reading in data and making spatial... 2025-04-25 12:47:17.152943"
[1] "Retrieving coordinates... 2025-04-25 12:47:17.532156"
[1] "Retrieving H3 Indexes for Buildings... 2025-04-25 12:47:17.534912"
[1] "Deleting Footprints... 2025-04-25 12:47:17.650778"
[1] "53 Files Succesfully Downloaded --- 2025-04-25 12:47:18"
[1] "Downloading Footprints for link 54 @ 2025-04-25 12:47:17.652378"
[1] "File Downloaded... unzipping... 2025-04-25 12:47:18.14906"
[1] "Reading in data and making spatial... 2025-04-25 12:47:18.178465"
[1] "Retrieving coordinates... 2025-04-25 12:47:18.24082"
[1] "Retrieving H3 Indexes for Buildings... 2025-04-25 12:47:18.241512"
[1] "Deleting Footprints... 2025-04-25 12:47:18.270442"
[1] "54 Files Succesfully Downloaded --- 2025-04-25 12:47:18"
[1] "Downloading Footprints for link 55 @ 2025-04-25 12:47:18.274149"
[1] "File Downloaded... unzipping... 2025-04-25 12:47:18.634363"
[1] "Reading in data and making spatial... 2025-04-25 12:47:18.655469"
[1] "Retrieving coordinates... 2025-04-25 12:47:18.672391"
[1] "Retrieving H3 Indexes for Buildings... 2025-04-25 12:47:18.672781"
[1] "Deleting Footprints... 2025-04-25 12:47:18.762761"
[1] "55 Files Succesfully Downloaded --- 2025-04-25 12:47:19"
[1] "Downloading Footprints for link 56 @ 2025-04-25 12:47:18.766099"
[1] "File Downloaded... unzipping... 2025-04-25 12:47:19.424895"
[1] "Reading in data and making spatial... 2025-04-25 12:47:19.458351"
[1] "Retrieving coordinates... 2025-04-25 12:47:19.568756"
[1] "Retrieving H3 Indexes for Buildings... 2025-04-25 12:47:19.569752"
[1] "Deleting Footprints... 2025-04-25 12:47:19.837187"
[1] "56 Files Succesfully Downloaded --- 2025-04-25 12:47:20"
[1] "Downloading Footprints for link 57 @ 2025-04-25 12:47:19.840956"
[1] "File Downloaded... unzipping... 2025-04-25 12:47:20.507124"
[1] "Reading in data and making spatial... 2025-04-25 12:47:20.536056"
[1] "Retrieving coordinates... 2025-04-25 12:47:20.655977"
[1] "Retrieving H3 Indexes for Buildings... 2025-04-25 12:47:20.657124"
[1] "Deleting Footprints... 2025-04-25 12:47:20.687884"
[1] "57 Files Succesfully Downloaded --- 2025-04-25 12:47:21"
[1] "Downloading Footprints for link 58 @ 2025-04-25 12:47:20.69269"
[1] "File Downloaded... unzipping... 2025-04-25 12:47:21.720929"
[1] "Reading in data and making spatial... 2025-04-25 12:47:21.794832"
[1] "Retrieving coordinates... 2025-04-25 12:47:22.524252"
[1] "Retrieving H3 Indexes for Buildings... 2025-04-25 12:47:22.529676"
[1] "Deleting Footprints... 2025-04-25 12:47:22.583397"
[1] "58 Files Succesfully Downloaded --- 2025-04-25 12:47:23"
[1] "Downloading Footprints for link 59 @ 2025-04-25 12:47:22.585441"
[1] "File Downloaded... unzipping... 2025-04-25 12:47:22.931881"
[1] "Reading in data and making spatial... 2025-04-25 12:47:22.953269"
[1] "Retrieving coordinates... 2025-04-25 12:47:23.054315"
[1] "Retrieving H3 Indexes for Buildings... 2025-04-25 12:47:23.054768"
[1] "Deleting Footprints... 2025-04-25 12:47:23.083097"
[1] "59 Files Succesfully Downloaded --- 2025-04-25 12:47:23"
[1] "Downloading Footprints for link 60 @ 2025-04-25 12:47:23.086227"
[1] "File Downloaded... unzipping... 2025-04-25 12:47:24.318201"
[1] "Reading in data and making spatial... 2025-04-25 12:47:24.522335"
[1] "Retrieving coordinates... 2025-04-25 12:47:26.00722"
[1] "Retrieving H3 Indexes for Buildings... 2025-04-25 12:47:26.016545"
[1] "Deleting Footprints... 2025-04-25 12:47:26.0943"
[1] "60 Files Succesfully Downloaded --- 2025-04-25 12:47:26"
[1] "Downloading Footprints for link 61 @ 2025-04-25 12:47:26.095972"
[1] "File Downloaded... unzipping... 2025-04-25 12:47:26.626512"
[1] "Reading in data and making spatial... 2025-04-25 12:47:26.73685"
[1] "Retrieving coordinates... 2025-04-25 12:47:26.7919"
[1] "Retrieving H3 Indexes for Buildings... 2025-04-25 12:47:26.792564"
[1] "Deleting Footprints... 2025-04-25 12:47:26.980345"
[1] "61 Files Succesfully Downloaded --- 2025-04-25 12:47:27"
[1] "Downloading Footprints for link 62 @ 2025-04-25 12:47:26.985076"
[1] "File Downloaded... unzipping... 2025-04-25 12:47:27.419425"
[1] "Reading in data and making spatial... 2025-04-25 12:47:27.445124"
[1] "Retrieving coordinates... 2025-04-25 12:47:27.47737"
[1] "Retrieving H3 Indexes for Buildings... 2025-04-25 12:47:27.477871"
[1] "Deleting Footprints... 2025-04-25 12:47:27.50842"
[1] "62 Files Succesfully Downloaded --- 2025-04-25 12:47:28"
[1] "Downloading Footprints for link 63 @ 2025-04-25 12:47:27.510482"
[1] "File Downloaded... unzipping... 2025-04-25 12:47:28.21295"
[1] "Reading in data and making spatial... 2025-04-25 12:47:28.245263"
[1] "Retrieving coordinates... 2025-04-25 12:47:28.394444"
[1] "Retrieving H3 Indexes for Buildings... 2025-04-25 12:47:28.39574"
[1] "Deleting Footprints... 2025-04-25 12:47:28.506532"
[1] "63 Files Succesfully Downloaded --- 2025-04-25 12:47:29"
[1] "Downloading Footprints for link 64 @ 2025-04-25 12:47:28.508328"
[1] "File Downloaded... unzipping... 2025-04-25 12:47:31.852089"
[1] "Reading in data and making spatial... 2025-04-25 12:47:31.876111"
[1] "Retrieving coordinates... 2025-04-25 12:47:31.914907"
[1] "Retrieving H3 Indexes for Buildings... 2025-04-25 12:47:31.915451"
[1] "Deleting Footprints... 2025-04-25 12:47:32.021824"
[1] "64 Files Succesfully Downloaded --- 2025-04-25 12:47:32"
[1] "Downloading Footprints for link 65 @ 2025-04-25 12:47:32.024483"
[1] "File Downloaded... unzipping... 2025-04-25 12:47:32.719792"
[1] "Reading in data and making spatial... 2025-04-25 12:47:32.75742"
[1] "Retrieving coordinates... 2025-04-25 12:47:32.961867"
[1] "Retrieving H3 Indexes for Buildings... 2025-04-25 12:47:32.963565"
[1] "Deleting Footprints... 2025-04-25 12:47:33.083367"
[1] "65 Files Succesfully Downloaded --- 2025-04-25 12:47:33"
[1] "Downloading Footprints for link 66 @ 2025-04-25 12:47:33.085514"
[1] "File Downloaded... unzipping... 2025-04-25 12:47:33.570581"
[1] "Reading in data and making spatial... 2025-04-25 12:47:33.598641"
[1] "Retrieving coordinates... 2025-04-25 12:47:33.690104"
[1] "Retrieving H3 Indexes for Buildings... 2025-04-25 12:47:33.691006"
[1] "Deleting Footprints... 2025-04-25 12:47:33.814985"
[1] "66 Files Succesfully Downloaded --- 2025-04-25 12:47:34"
[1] "Downloading Footprints for link 67 @ 2025-04-25 12:47:33.816756"
[1] "File Downloaded... unzipping... 2025-04-25 12:47:34.251659"
[1] "Reading in data and making spatial... 2025-04-25 12:47:34.275858"
[1] "Retrieving coordinates... 2025-04-25 12:47:34.319535"
[1] "Retrieving H3 Indexes for Buildings... 2025-04-25 12:47:34.320137"
[1] "Deleting Footprints... 2025-04-25 12:47:34.428879"
[1] "67 Files Succesfully Downloaded --- 2025-04-25 12:47:34"
[1] "Downloading Footprints for link 68 @ 2025-04-25 12:47:34.431016"
[1] "File Downloaded... unzipping... 2025-04-25 12:47:34.690376"
[1] "Reading in data and making spatial... 2025-04-25 12:47:34.798502"
[1] "Retrieving coordinates... 2025-04-25 12:47:34.81607"
[1] "Retrieving H3 Indexes for Buildings... 2025-04-25 12:47:34.816467"
[1] "Deleting Footprints... 2025-04-25 12:47:34.847639"
[1] "68 Files Succesfully Downloaded --- 2025-04-25 12:47:35"
[1] "Downloading Footprints for link 69 @ 2025-04-25 12:47:34.849654"
[1] "File Downloaded... unzipping... 2025-04-25 12:47:36.013488"
[1] "Reading in data and making spatial... 2025-04-25 12:47:36.352734"
[1] "Retrieving coordinates... 2025-04-25 12:47:38.268824"
[1] "Retrieving H3 Indexes for Buildings... 2025-04-25 12:47:38.280483"
[1] "Deleting Footprints... 2025-04-25 12:47:38.372166"
[1] "69 Files Succesfully Downloaded --- 2025-04-25 12:47:38"
[1] "Downloading Footprints for link 70 @ 2025-04-25 12:47:38.374298"
[1] "File Downloaded... unzipping... 2025-04-25 12:47:38.762572"
[1] "Reading in data and making spatial... 2025-04-25 12:47:38.78585"
[1] "Retrieving coordinates... 2025-04-25 12:47:38.826406"
[1] "Retrieving H3 Indexes for Buildings... 2025-04-25 12:47:38.826946"
[1] "Deleting Footprints... 2025-04-25 12:47:38.86135"
[1] "70 Files Succesfully Downloaded --- 2025-04-25 12:47:39"
[1] "Downloading Footprints for link 71 @ 2025-04-25 12:47:38.864527"
[1] "File Downloaded... unzipping... 2025-04-25 12:47:41.839128"
[1] "Reading in data and making spatial... 2025-04-25 12:47:41.880731"
[1] "Retrieving coordinates... 2025-04-25 12:47:42.255827"
[1] "Retrieving H3 Indexes for Buildings... 2025-04-25 12:47:42.258"
[1] "Deleting Footprints... 2025-04-25 12:47:42.302124"
[1] "71 Files Succesfully Downloaded --- 2025-04-25 12:47:42"
[1] "Downloading Footprints for link 72 @ 2025-04-25 12:47:42.305285"
[1] "File Downloaded... unzipping... 2025-04-25 12:47:43.208527"
[1] "Reading in data and making spatial... 2025-04-25 12:47:43.317924"
[1] "Retrieving coordinates... 2025-04-25 12:47:44.156738"
[1] "Retrieving H3 Indexes for Buildings... 2025-04-25 12:47:44.162137"
[1] "Deleting Footprints... 2025-04-25 12:47:44.224974"
[1] "72 Files Succesfully Downloaded --- 2025-04-25 12:47:44"
[1] "Downloading Footprints for link 73 @ 2025-04-25 12:47:44.226382"
[1] "File Downloaded... unzipping... 2025-04-25 12:47:45.522663"
[1] "Reading in data and making spatial... 2025-04-25 12:47:45.644814"
[1] "Retrieving coordinates... 2025-04-25 12:47:48.057862"
[1] "Retrieving H3 Indexes for Buildings... 2025-04-25 12:47:48.068767"
[1] "Deleting Footprints... 2025-04-25 12:47:48.169904"
[1] "73 Files Succesfully Downloaded --- 2025-04-25 12:47:48"
[1] "Downloading Footprints for link 74 @ 2025-04-25 12:47:48.17207"
[1] "File Downloaded... unzipping... 2025-04-25 12:47:49.084864"
[1] "Reading in data and making spatial... 2025-04-25 12:47:49.304885"
[1] "Retrieving coordinates... 2025-04-25 12:47:50.326775"
[1] "Retrieving H3 Indexes for Buildings... 2025-04-25 12:47:50.331464"
[1] "Deleting Footprints... 2025-04-25 12:47:50.40242"
[1] "74 Files Succesfully Downloaded --- 2025-04-25 12:47:50"
[1] "Downloading Footprints for link 75 @ 2025-04-25 12:47:50.403068"
[1] "File Downloaded... unzipping... 2025-04-25 12:47:51.220854"
[1] "Reading in data and making spatial... 2025-04-25 12:47:51.261563"
[1] "Retrieving coordinates... 2025-04-25 12:47:51.466535"
[1] "Retrieving H3 Indexes for Buildings... 2025-04-25 12:47:51.468167"
[1] "Deleting Footprints... 2025-04-25 12:47:51.528669"
[1] "75 Files Succesfully Downloaded --- 2025-04-25 12:47:52"
[1] "Downloading Footprints for link 76 @ 2025-04-25 12:47:51.530896"
[1] "File Downloaded... unzipping... 2025-04-25 12:47:51.87405"
[1] "Reading in data and making spatial... 2025-04-25 12:47:51.898186"
[1] "Retrieving coordinates... 2025-04-25 12:47:51.93036"
[1] "Retrieving H3 Indexes for Buildings... 2025-04-25 12:47:51.930869"
[1] "Deleting Footprints... 2025-04-25 12:47:52.047981"
[1] "76 Files Succesfully Downloaded --- 2025-04-25 12:47:52"
[1] "Downloading Footprints for link 77 @ 2025-04-25 12:47:52.050893"
[1] "File Downloaded... unzipping... 2025-04-25 12:47:52.694233"
[1] "Reading in data and making spatial... 2025-04-25 12:47:52.726231"
[1] "Retrieving coordinates... 2025-04-25 12:47:52.921403"
[1] "Retrieving H3 Indexes for Buildings... 2025-04-25 12:47:52.923105"
[1] "Deleting Footprints... 2025-04-25 12:47:52.970884"
[1] "77 Files Succesfully Downloaded --- 2025-04-25 12:47:53"
[1] "Downloading Footprints for link 78 @ 2025-04-25 12:47:52.97317"
[1] "File Downloaded... unzipping... 2025-04-25 12:47:53.487186"
[1] "Reading in data and making spatial... 2025-04-25 12:47:53.512996"
[1] "Retrieving coordinates... 2025-04-25 12:47:53.618207"
[1] "Retrieving H3 Indexes for Buildings... 2025-04-25 12:47:53.619263"
[1] "Deleting Footprints... 2025-04-25 12:47:53.743308"
[1] "78 Files Succesfully Downloaded --- 2025-04-25 12:47:54"
[1] "Downloading Footprints for link 79 @ 2025-04-25 12:47:53.747155"
[1] "File Downloaded... unzipping... 2025-04-25 12:47:54.170751"
[1] "Reading in data and making spatial... 2025-04-25 12:47:54.196742"
[1] "Retrieving coordinates... 2025-04-25 12:47:54.255527"
[1] "Retrieving H3 Indexes for Buildings... 2025-04-25 12:47:54.256208"
[1] "Deleting Footprints... 2025-04-25 12:47:54.297483"
[1] "79 Files Succesfully Downloaded --- 2025-04-25 12:47:54"
[1] "Downloading Footprints for link 80 @ 2025-04-25 12:47:54.301319"
[1] "File Downloaded... unzipping... 2025-04-25 12:47:55.181372"
[1] "Reading in data and making spatial... 2025-04-25 12:47:55.290038"
[1] "Retrieving coordinates... 2025-04-25 12:47:55.850338"
[1] "Retrieving H3 Indexes for Buildings... 2025-04-25 12:47:55.854027"
[1] "Deleting Footprints... 2025-04-25 12:47:55.912809"
[1] "80 Files Succesfully Downloaded --- 2025-04-25 12:47:56"
[1] "Downloading Footprints for link 81 @ 2025-04-25 12:47:55.91712"
[1] "File Downloaded... unzipping... 2025-04-25 12:47:56.47249"
[1] "Reading in data and making spatial... 2025-04-25 12:47:56.497646"
[1] "Retrieving coordinates... 2025-04-25 12:47:56.655465"
[1] "Retrieving H3 Indexes for Buildings... 2025-04-25 12:47:56.656287"
[1] "Deleting Footprints... 2025-04-25 12:47:56.814177"
[1] "81 Files Succesfully Downloaded --- 2025-04-25 12:47:57"
[1] "Downloading Footprints for link 82 @ 2025-04-25 12:47:56.816521"
[1] "File Downloaded... unzipping... 2025-04-25 12:47:57.359426"
[1] "Reading in data and making spatial... 2025-04-25 12:47:57.406124"
[1] "Retrieving coordinates... 2025-04-25 12:47:57.526534"
[1] "Retrieving H3 Indexes for Buildings... 2025-04-25 12:47:57.527712"
[1] "Deleting Footprints... 2025-04-25 12:47:57.572946"
[1] "82 Files Succesfully Downloaded --- 2025-04-25 12:47:58"
[1] "Downloading Footprints for link 83 @ 2025-04-25 12:47:57.574943"
[1] "File Downloaded... unzipping... 2025-04-25 12:47:57.971305"
[1] "Reading in data and making spatial... 2025-04-25 12:47:57.996501"
[1] "Retrieving coordinates... 2025-04-25 12:47:58.04529"
[1] "Retrieving H3 Indexes for Buildings... 2025-04-25 12:47:58.04587"
[1] "Deleting Footprints... 2025-04-25 12:47:58.161119"
[1] "83 Files Succesfully Downloaded --- 2025-04-25 12:47:58"
[1] "Downloading Footprints for link 84 @ 2025-04-25 12:47:58.16382"
[1] "File Downloaded... unzipping... 2025-04-25 12:47:58.938863"
[1] "Reading in data and making spatial... 2025-04-25 12:47:58.990973"
[1] "Retrieving coordinates... 2025-04-25 12:47:59.346521"
[1] "Retrieving H3 Indexes for Buildings... 2025-04-25 12:47:59.348619"
[1] "Deleting Footprints... 2025-04-25 12:47:59.493668"
[1] "84 Files Succesfully Downloaded --- 2025-04-25 12:47:59"
[1] "Downloading Footprints for link 85 @ 2025-04-25 12:47:59.498802"
[1] "File Downloaded... unzipping... 2025-04-25 12:48:00.421078"
[1] "Reading in data and making spatial... 2025-04-25 12:48:00.601874"
[1] "Retrieving coordinates... 2025-04-25 12:48:01.012164"
[1] "Retrieving H3 Indexes for Buildings... 2025-04-25 12:48:01.014795"
[1] "Deleting Footprints... 2025-04-25 12:48:01.171748"
[1] "85 Files Succesfully Downloaded --- 2025-04-25 12:48:01"
[1] "Downloading Footprints for link 86 @ 2025-04-25 12:48:01.172682"
[1] "File Downloaded... unzipping... 2025-04-25 12:48:01.858711"
[1] "Reading in data and making spatial... 2025-04-25 12:48:01.904517"
[1] "Retrieving coordinates... 2025-04-25 12:48:02.134584"
[1] "Retrieving H3 Indexes for Buildings... 2025-04-25 12:48:02.135738"
[1] "Deleting Footprints... 2025-04-25 12:48:02.563748"
[1] "86 Files Succesfully Downloaded --- 2025-04-25 12:48:03"
[1] "Downloading Footprints for link 87 @ 2025-04-25 12:48:02.567022"
[1] "File Downloaded... unzipping... 2025-04-25 12:48:02.912152"
[1] "Reading in data and making spatial... 2025-04-25 12:48:02.934047"
[1] "Retrieving coordinates... 2025-04-25 12:48:02.956127"
[1] "Retrieving H3 Indexes for Buildings... 2025-04-25 12:48:02.956562"
[1] "Deleting Footprints... 2025-04-25 12:48:03.002066"
[1] "87 Files Succesfully Downloaded --- 2025-04-25 12:48:03"
[1] "Downloading Footprints for link 88 @ 2025-04-25 12:48:03.003785"
[1] "File Downloaded... unzipping... 2025-04-25 12:48:03.392338"
[1] "Reading in data and making spatial... 2025-04-25 12:48:03.416966"
[1] "Retrieving coordinates... 2025-04-25 12:48:03.45756"
[1] "Retrieving H3 Indexes for Buildings... 2025-04-25 12:48:03.458151"
[1] "Deleting Footprints... 2025-04-25 12:48:03.508711"
[1] "88 Files Succesfully Downloaded --- 2025-04-25 12:48:04"
[1] "Downloading Footprints for link 89 @ 2025-04-25 12:48:03.510392"
[1] "File Downloaded... unzipping... 2025-04-25 12:48:04.01742"
[1] "Reading in data and making spatial... 2025-04-25 12:48:04.106195"
[1] "Retrieving coordinates... 2025-04-25 12:48:04.191561"
[1] "Retrieving H3 Indexes for Buildings... 2025-04-25 12:48:04.192563"
[1] "Deleting Footprints... 2025-04-25 12:48:04.238553"
[1] "89 Files Succesfully Downloaded --- 2025-04-25 12:48:04"
[1] "Downloading Footprints for link 90 @ 2025-04-25 12:48:04.240576"
[1] "File Downloaded... unzipping... 2025-04-25 12:48:04.511593"
[1] "Reading in data and making spatial... 2025-04-25 12:48:04.532472"
[1] "Retrieving coordinates... 2025-04-25 12:48:04.544219"
[1] "Retrieving H3 Indexes for Buildings... 2025-04-25 12:48:04.54457"
[1] "Deleting Footprints... 2025-04-25 12:48:04.648829"
[1] "90 Files Succesfully Downloaded --- 2025-04-25 12:48:05"
[1] "Downloading Footprints for link 91 @ 2025-04-25 12:48:04.657549"
[1] "File Downloaded... unzipping... 2025-04-25 12:48:04.924422"
[1] "Reading in data and making spatial... 2025-04-25 12:48:04.944453"
[1] "Retrieving coordinates... 2025-04-25 12:48:04.956671"
[1] "Retrieving H3 Indexes for Buildings... 2025-04-25 12:48:04.957019"
[1] "Deleting Footprints... 2025-04-25 12:48:05.175525"
[1] "91 Files Succesfully Downloaded --- 2025-04-25 12:48:05"
[1] "Downloading Footprints for link 92 @ 2025-04-25 12:48:05.177024"
[1] "File Downloaded... unzipping... 2025-04-25 12:48:05.595631"
[1] "Reading in data and making spatial... 2025-04-25 12:48:05.618396"
[1] "Retrieving coordinates... 2025-04-25 12:48:05.650975"
[1] "Retrieving H3 Indexes for Buildings... 2025-04-25 12:48:05.651488"
[1] "Deleting Footprints... 2025-04-25 12:48:05.694435"
[1] "92 Files Succesfully Downloaded --- 2025-04-25 12:48:06"
[1] "Downloading Footprints for link 93 @ 2025-04-25 12:48:05.698211"
[1] "File Downloaded... unzipping... 2025-04-25 12:48:06.324751"
[1] "Reading in data and making spatial... 2025-04-25 12:48:06.355571"
[1] "Retrieving coordinates... 2025-04-25 12:48:06.473641"
[1] "Retrieving H3 Indexes for Buildings... 2025-04-25 12:48:06.474778"
[1] "Deleting Footprints... 2025-04-25 12:48:06.595189"
[1] "93 Files Succesfully Downloaded --- 2025-04-25 12:48:07"
[1] "Downloading Footprints for link 94 @ 2025-04-25 12:48:06.597894"
[1] "File Downloaded... unzipping... 2025-04-25 12:48:07.274969"
[1] "Reading in data and making spatial... 2025-04-25 12:48:07.305361"
[1] "Retrieving coordinates... 2025-04-25 12:48:07.456191"
[1] "Retrieving H3 Indexes for Buildings... 2025-04-25 12:48:07.457591"
[1] "Deleting Footprints... 2025-04-25 12:48:07.572591"
[1] "94 Files Succesfully Downloaded --- 2025-04-25 12:48:08"
[1] "Downloading Footprints for link 95 @ 2025-04-25 12:48:07.574338"
[1] "File Downloaded... unzipping... 2025-04-25 12:48:08.102588"
[1] "Reading in data and making spatial... 2025-04-25 12:48:08.129889"
[1] "Retrieving coordinates... 2025-04-25 12:48:08.216523"
[1] "Retrieving H3 Indexes for Buildings... 2025-04-25 12:48:08.217459"
[1] "Deleting Footprints... 2025-04-25 12:48:08.457077"
[1] "95 Files Succesfully Downloaded --- 2025-04-25 12:48:08"
[1] "Downloading Footprints for link 96 @ 2025-04-25 12:48:08.460581"
[1] "File Downloaded... unzipping... 2025-04-25 12:48:08.896184"
[1] "Reading in data and making spatial... 2025-04-25 12:48:08.920643"
[1] "Retrieving coordinates... 2025-04-25 12:48:08.953439"
[1] "Retrieving H3 Indexes for Buildings... 2025-04-25 12:48:08.953946"
[1] "Deleting Footprints... 2025-04-25 12:48:08.998842"
[1] "96 Files Succesfully Downloaded --- 2025-04-25 12:48:09"
[1] "Downloading Footprints for link 97 @ 2025-04-25 12:48:09.000903"
[1] "File Downloaded... unzipping... 2025-04-25 12:48:10.014819"
[1] "Reading in data and making spatial... 2025-04-25 12:48:10.150712"
[1] "Retrieving coordinates... 2025-04-25 12:48:11.361689"
[1] "Retrieving H3 Indexes for Buildings... 2025-04-25 12:48:11.368789"
[1] "Deleting Footprints... 2025-04-25 12:48:11.451996"
[1] "97 Files Succesfully Downloaded --- 2025-04-25 12:48:11"
[1] "Downloading Footprints for link 98 @ 2025-04-25 12:48:11.456285"
[1] "File Downloaded... unzipping... 2025-04-25 12:48:12.670626"
[1] "Reading in data and making spatial... 2025-04-25 12:48:12.957752"
[1] "Retrieving coordinates... 2025-04-25 12:48:14.261316"
[1] "Retrieving H3 Indexes for Buildings... 2025-04-25 12:48:14.267009"
[1] "Deleting Footprints... 2025-04-25 12:48:14.345407"
[1] "98 Files Succesfully Downloaded --- 2025-04-25 12:48:14"
[1] "Downloading Footprints for link 99 @ 2025-04-25 12:48:14.346156"
[1] "File Downloaded... unzipping... 2025-04-25 12:48:15.208106"
[1] "Reading in data and making spatial... 2025-04-25 12:48:15.27868"
[1] "Retrieving coordinates... 2025-04-25 12:48:15.778947"
[1] "Retrieving H3 Indexes for Buildings... 2025-04-25 12:48:15.781468"
[1] "Deleting Footprints... 2025-04-25 12:48:15.981766"
[1] "99 Files Succesfully Downloaded --- 2025-04-25 12:48:16"
[1] "Downloading Footprints for link 100 @ 2025-04-25 12:48:15.985034"
[1] "File Downloaded... unzipping... 2025-04-25 12:48:17.571975"
[1] "Reading in data and making spatial... 2025-04-25 12:48:18.329798"
[1] "Retrieving coordinates... 2025-04-25 12:48:27.646695"
[1] "Retrieving H3 Indexes for Buildings... 2025-04-25 12:48:27.812877"
[1] "Deleting Footprints... 2025-04-25 12:48:28.95453"
[1] "100 Files Succesfully Downloaded --- 2025-04-25 12:48:29"
[1] "Downloading Footprints for link 101 @ 2025-04-25 12:48:28.956321"
[1] "File Downloaded... unzipping... 2025-04-25 12:48:29.959159"
[1] "Reading in data and making spatial... 2025-04-25 12:48:30.106607"
[1] "Retrieving coordinates... 2025-04-25 12:48:30.977858"
[1] "Retrieving H3 Indexes for Buildings... 2025-04-25 12:48:30.983171"
[1] "Deleting Footprints... 2025-04-25 12:48:31.394894"
[1] "101 Files Succesfully Downloaded --- 2025-04-25 12:48:31"
[1] "Downloading Footprints for link 102 @ 2025-04-25 12:48:31.397223"
[1] "File Downloaded... unzipping... 2025-04-25 12:48:32.124229"
[1] "Reading in data and making spatial... 2025-04-25 12:48:32.162874"
[1] "Retrieving coordinates... 2025-04-25 12:48:32.328621"
[1] "Retrieving H3 Indexes for Buildings... 2025-04-25 12:48:32.330166"
[1] "Deleting Footprints... 2025-04-25 12:48:32.393222"
[1] "102 Files Succesfully Downloaded --- 2025-04-25 12:48:32"
[1] "SCRIPT COMPLETE @ 2025-04-25 12:48:34"
