[1] "Starting at: 2025-04-25 12:45:53"
[1] "Loading Links at: 2025-04-25 12:46:05"
[1] "quadkeys to download: 58"
[1] "Downloading and Joining footprints to Hex @ 2025-04-25 12:46:05"
[1] "Downloading Footprints for link 1 @ 2025-04-25 12:46:05.089263"
[1] "File Downloaded... unzipping... 2025-04-25 12:46:06.222564"
[1] "Reading in data and making spatial... 2025-04-25 12:46:06.347187"
[1] "Retrieving coordinates... 2025-04-25 12:46:09.681384"
[1] "Retrieving H3 Indexes for Buildings... 2025-04-25 12:46:09.693261"
[1] "Deleting Footprints... 2025-04-25 12:46:09.756622"
[1] "1 Files Succesfully Downloaded --- 2025-04-25 12:46:10"
[1] "Downloading Footprints for link 2 @ 2025-04-25 12:46:09.758447"
[1] "File Downloaded... unzipping... 2025-04-25 12:46:11.669135"
[1] "Reading in data and making spatial... 2025-04-25 12:46:11.830359"
[1] "Retrieving coordinates... 2025-04-25 12:46:13.366173"
[1] "Retrieving H3 Indexes for Buildings... 2025-04-25 12:46:13.377574"
[1] "Deleting Footprints... 2025-04-25 12:46:13.442052"
[1] "2 Files Succesfully Downloaded --- 2025-04-25 12:46:13"
[1] "Downloading Footprints for link 3 @ 2025-04-25 12:46:13.444097"
[1] "File Downloaded... unzipping... 2025-04-25 12:46:14.967463"
[1] "Reading in data and making spatial... 2025-04-25 12:46:15.273919"
[1] "Retrieving coordinates... 2025-04-25 12:46:21.820647"
[1] "Retrieving H3 Indexes for Buildings... 2025-04-25 12:46:21.86044"
[1] "Deleting Footprints... 2025-04-25 12:46:22.048798"
[1] "3 Files Succesfully Downloaded --- 2025-04-25 12:46:22"
[1] "Downloading Footprints for link 4 @ 2025-04-25 12:46:22.05077"
[1] "File Downloaded... unzipping... 2025-04-25 12:46:24.265584"
[1] "Reading in data and making spatial... 2025-04-25 12:46:26.055711"
[1] "Retrieving coordinates... 2025-04-25 12:46:42.20586"
[1] "Retrieving H3 Indexes for Buildings... 2025-04-25 12:46:42.286049"
[1] "Deleting Footprints... 2025-04-25 12:46:42.71964"
[1] "4 Files Succesfully Downloaded --- 2025-04-25 12:46:43"
[1] "Downloading Footprints for link 5 @ 2025-04-25 12:46:42.723257"
[1] "File Downloaded... unzipping... 2025-04-25 12:46:44.040175"
[1] "Reading in data and making spatial... 2025-04-25 12:46:44.466352"
[1] "Retrieving coordinates... 2025-04-25 12:46:53.78429"
[1] "Retrieving H3 Indexes for Buildings... 2025-04-25 12:46:53.819581"
[1] "Deleting Footprints... 2025-04-25 12:46:54.401476"
[1] "5 Files Succesfully Downloaded --- 2025-04-25 12:46:54"
[1] "Downloading Footprints for link 6 @ 2025-04-25 12:46:54.404446"
[1] "File Downloaded... unzipping... 2025-04-25 12:46:55.437988"
[1] "Reading in data and making spatial... 2025-04-25 12:46:55.566921"
[1] "Retrieving coordinates... 2025-04-25 12:46:56.828178"
[1] "Retrieving H3 Indexes for Buildings... 2025-04-25 12:46:56.83277"
[1] "Deleting Footprints... 2025-04-25 12:46:56.895018"
[1] "6 Files Succesfully Downloaded --- 2025-04-25 12:46:57"
[1] "Downloading Footprints for link 7 @ 2025-04-25 12:46:56.896792"
[1] "File Downloaded... unzipping... 2025-04-25 12:46:58.016361"
[1] "Reading in data and making spatial... 2025-04-25 12:46:58.293735"
[1] "Retrieving coordinates... 2025-04-25 12:46:59.58468"
[1] "Retrieving H3 Indexes for Buildings... 2025-04-25 12:46:59.59339"
[1] "Deleting Footprints... 2025-04-25 12:46:59.67752"
[1] "7 Files Succesfully Downloaded --- 2025-04-25 12:47:00"
[1] "Downloading Footprints for link 8 @ 2025-04-25 12:46:59.679104"
[1] "File Downloaded... unzipping... 2025-04-25 12:47:00.727102"
[1] "Reading in data and making spatial... 2025-04-25 12:47:01.02544"
[1] "Retrieving coordinates... 2025-04-25 12:47:02.388533"
[1] "Retrieving H3 Indexes for Buildings... 2025-04-25 12:47:02.396881"
[1] "Deleting Footprints... 2025-04-25 12:47:02.49159"
[1] "8 Files Succesfully Downloaded --- 2025-04-25 12:47:02"
[1] "Downloading Footprints for link 9 @ 2025-04-25 12:47:02.495906"
[1] "File Downloaded... unzipping... 2025-04-25 12:47:03.523365"
[1] "Reading in data and making spatial... 2025-04-25 12:47:03.63102"
[1] "Retrieving coordinates... 2025-04-25 12:47:05.463213"
[1] "Retrieving H3 Indexes for Buildings... 2025-04-25 12:47:05.473105"
[1] "Deleting Footprints... 2025-04-25 12:47:05.574896"
[1] "9 Files Succesfully Downloaded --- 2025-04-25 12:47:06"
[1] "Downloading Footprints for link 10 @ 2025-04-25 12:47:05.576683"
[1] "File Downloaded... unzipping... 2025-04-25 12:47:06.806408"
[1] "Reading in data and making spatial... 2025-04-25 12:47:06.987742"
[1] "Retrieving coordinates... 2025-04-25 12:47:11.232481"
[1] "Retrieving H3 Indexes for Buildings... 2025-04-25 12:47:11.254373"
[1] "Deleting Footprints... 2025-04-25 12:47:11.420132"
[1] "10 Files Succesfully Downloaded --- 2025-04-25 12:47:11"
[1] "Downloading Footprints for link 11 @ 2025-04-25 12:47:11.421957"
[1] "File Downloaded... unzipping... 2025-04-25 12:47:12.575839"
[1] "Reading in data and making spatial... 2025-04-25 12:47:13.149921"
[1] "Retrieving coordinates... 2025-04-25 12:47:17.097811"
[1] "Retrieving H3 Indexes for Buildings... 2025-04-25 12:47:17.116642"
[1] "Deleting Footprints... 2025-04-25 12:47:17.264918"
[1] "11 Files Succesfully Downloaded --- 2025-04-25 12:47:17"
[1] "Downloading Footprints for link 12 @ 2025-04-25 12:47:17.267139"
[1] "File Downloaded... unzipping... 2025-04-25 12:47:18.45678"
[1] "Reading in data and making spatial... 2025-04-25 12:47:18.562395"
[1] "Retrieving coordinates... 2025-04-25 12:47:20.620994"
[1] "Retrieving H3 Indexes for Buildings... 2025-04-25 12:47:20.632032"
[1] "Deleting Footprints... 2025-04-25 12:47:20.746696"
[1] "12 Files Succesfully Downloaded --- 2025-04-25 12:47:21"
[1] "Downloading Footprints for link 13 @ 2025-04-25 12:47:20.74754"
[1] "File Downloaded... unzipping... 2025-04-25 12:47:21.860603"
[1] "Reading in data and making spatial... 2025-04-25 12:47:21.982665"
[1] "Retrieving coordinates... 2025-04-25 12:47:24.508722"
[1] "Retrieving H3 Indexes for Buildings... 2025-04-25 12:47:24.519402"
[1] "Deleting Footprints... 2025-04-25 12:47:24.743613"
[1] "13 Files Succesfully Downloaded --- 2025-04-25 12:47:25"
[1] "Downloading Footprints for link 14 @ 2025-04-25 12:47:24.747728"
[1] "File Downloaded... unzipping... 2025-04-25 12:47:25.748332"
[1] "Reading in data and making spatial... 2025-04-25 12:47:25.899056"
[1] "Retrieving coordinates... 2025-04-25 12:47:27.841913"
[1] "Retrieving H3 Indexes for Buildings... 2025-04-25 12:47:27.849705"
[1] "Deleting Footprints... 2025-04-25 12:47:27.95494"
[1] "14 Files Succesfully Downloaded --- 2025-04-25 12:47:28"
[1] "Downloading Footprints for link 15 @ 2025-04-25 12:47:27.957748"
[1] "File Downloaded... unzipping... 2025-04-25 12:47:29.080597"
[1] "Reading in data and making spatial... 2025-04-25 12:47:29.141829"
[1] "Retrieving coordinates... 2025-04-25 12:47:29.998493"
[1] "Retrieving H3 Indexes for Buildings... 2025-04-25 12:47:30.003267"
[1] "Deleting Footprints... 2025-04-25 12:47:30.08908"
[1] "15 Files Succesfully Downloaded --- 2025-04-25 12:47:30"
[1] "Downloading Footprints for link 16 @ 2025-04-25 12:47:30.091227"
[1] "File Downloaded... unzipping... 2025-04-25 12:47:32.931324"
[1] "Reading in data and making spatial... 2025-04-25 12:47:33.125567"
[1] "Retrieving coordinates... 2025-04-25 12:47:35.717144"
[1] "Retrieving H3 Indexes for Buildings... 2025-04-25 12:47:35.73087"
[1] "Deleting Footprints... 2025-04-25 12:47:35.864038"
[1] "16 Files Succesfully Downloaded --- 2025-04-25 12:47:36"
[1] "Downloading Footprints for link 17 @ 2025-04-25 12:47:35.868773"
[1] "File Downloaded... unzipping... 2025-04-25 12:47:36.931364"
[1] "Reading in data and making spatial... 2025-04-25 12:47:37.425214"
[1] "Retrieving coordinates... 2025-04-25 12:47:38.581317"
[1] "Retrieving H3 Indexes for Buildings... 2025-04-25 12:47:38.58833"
[1] "Deleting Footprints... 2025-04-25 12:47:38.690149"
[1] "17 Files Succesfully Downloaded --- 2025-04-25 12:47:39"
[1] "Downloading Footprints for link 18 @ 2025-04-25 12:47:38.692073"
[1] "File Downloaded... unzipping... 2025-04-25 12:47:39.872336"
[1] "Reading in data and making spatial... 2025-04-25 12:47:40.026533"
[1] "Retrieving coordinates... 2025-04-25 12:47:43.669771"
[1] "Retrieving H3 Indexes for Buildings... 2025-04-25 12:47:43.687339"
[1] "Deleting Footprints... 2025-04-25 12:47:43.94801"
[1] "18 Files Succesfully Downloaded --- 2025-04-25 12:47:44"
[1] "Downloading Footprints for link 19 @ 2025-04-25 12:47:43.952469"
[1] "File Downloaded... unzipping... 2025-04-25 12:47:45.206442"
[1] "Reading in data and making spatial... 2025-04-25 12:47:45.619047"
[1] "Retrieving coordinates... 2025-04-25 12:47:49.002375"
[1] "Retrieving H3 Indexes for Buildings... 2025-04-25 12:47:49.019064"
[1] "Deleting Footprints... 2025-04-25 12:47:49.189766"
[1] "19 Files Succesfully Downloaded --- 2025-04-25 12:47:49"
[1] "Downloading Footprints for link 20 @ 2025-04-25 12:47:49.192051"
[1] "File Downloaded... unzipping... 2025-04-25 12:47:56.792126"
[1] "Reading in data and making spatial... 2025-04-25 12:47:58.508747"
[1] "Retrieving coordinates... 2025-04-25 12:48:24.587058"
[1] "Retrieving H3 Indexes for Buildings... 2025-04-25 12:48:24.717279"
[1] "Deleting Footprints... 2025-04-25 12:48:25.764102"
[1] "20 Files Succesfully Downloaded --- 2025-04-25 12:48:26"
[1] "Downloading Footprints for link 21 @ 2025-04-25 12:48:25.765597"
[1] "File Downloaded... unzipping... 2025-04-25 12:48:27.139143"
[1] "Reading in data and making spatial... 2025-04-25 12:48:27.416687"
[1] "Retrieving coordinates... 2025-04-25 12:48:33.680976"
[1] "Retrieving H3 Indexes for Buildings... 2025-04-25 12:48:33.705339"
[1] "Deleting Footprints... 2025-04-25 12:48:33.953932"
[1] "21 Files Succesfully Downloaded --- 2025-04-25 12:48:34"
[1] "Downloading Footprints for link 22 @ 2025-04-25 12:48:33.957799"
[1] "File Downloaded... unzipping... 2025-04-25 12:48:36.260984"
[1] "Reading in data and making spatial... 2025-04-25 12:48:36.383005"
[1] "Retrieving coordinates... 2025-04-25 12:48:38.545754"
[1] "Retrieving H3 Indexes for Buildings... 2025-04-25 12:48:38.556426"
[1] "Deleting Footprints... 2025-04-25 12:48:38.730014"
[1] "22 Files Succesfully Downloaded --- 2025-04-25 12:48:39"
[1] "Downloading Footprints for link 23 @ 2025-04-25 12:48:38.734969"
[1] "File Downloaded... unzipping... 2025-04-25 12:48:39.909088"
[1] "Reading in data and making spatial... 2025-04-25 12:48:40.143611"
[1] "Retrieving coordinates... 2025-04-25 12:48:41.793689"
[1] "Retrieving H3 Indexes for Buildings... 2025-04-25 12:48:41.803111"
[1] "Deleting Footprints... 2025-04-25 12:48:42.555296"
[1] "23 Files Succesfully Downloaded --- 2025-04-25 12:48:43"
[1] "Downloading Footprints for link 24 @ 2025-04-25 12:48:42.561674"
[1] "File Downloaded... unzipping... 2025-04-25 12:48:43.800951"
[1] "Reading in data and making spatial... 2025-04-25 12:48:44.718089"
[1] "Retrieving coordinates... 2025-04-25 12:48:45.792539"
[1] "Retrieving H3 Indexes for Buildings... 2025-04-25 12:48:45.800682"
[1] "Deleting Footprints... 2025-04-25 12:48:45.961729"
[1] "24 Files Succesfully Downloaded --- 2025-04-25 12:48:46"
[1] "Downloading Footprints for link 25 @ 2025-04-25 12:48:45.964137"
[1] "File Downloaded... unzipping... 2025-04-25 12:48:47.050207"
[1] "Reading in data and making spatial... 2025-04-25 12:48:47.26142"
[1] "Retrieving coordinates... 2025-04-25 12:48:48.462816"
[1] "Retrieving H3 Indexes for Buildings... 2025-04-25 12:48:48.47104"
[1] "Deleting Footprints... 2025-04-25 12:48:48.768369"
[1] "25 Files Succesfully Downloaded --- 2025-04-25 12:48:49"
[1] "Downloading Footprints for link 26 @ 2025-04-25 12:48:48.769943"
[1] "File Downloaded... unzipping... 2025-04-25 12:48:49.997201"
[1] "Reading in data and making spatial... 2025-04-25 12:48:50.116257"
[1] "Retrieving coordinates... 2025-04-25 12:48:52.096713"
[1] "Retrieving H3 Indexes for Buildings... 2025-04-25 12:48:52.108638"
[1] "Deleting Footprints... 2025-04-25 12:48:52.431875"
[1] "26 Files Succesfully Downloaded --- 2025-04-25 12:48:52"
[1] "Downloading Footprints for link 27 @ 2025-04-25 12:48:52.433919"
[1] "File Downloaded... unzipping... 2025-04-25 12:48:53.366589"
[1] "Reading in data and making spatial... 2025-04-25 12:48:53.977149"
[1] "Retrieving coordinates... 2025-04-25 12:48:54.754555"
[1] "Retrieving H3 Indexes for Buildings... 2025-04-25 12:48:54.759675"
[1] "Deleting Footprints... 2025-04-25 12:48:55.335547"
[1] "27 Files Succesfully Downloaded --- 2025-04-25 12:48:55"
[1] "Downloading Footprints for link 28 @ 2025-04-25 12:48:55.337154"
[1] "File Downloaded... unzipping... 2025-04-25 12:48:56.505314"
[1] "Reading in data and making spatial... 2025-04-25 12:48:56.635063"
[1] "Retrieving coordinates... 2025-04-25 12:48:57.619627"
[1] "Retrieving H3 Indexes for Buildings... 2025-04-25 12:48:57.626423"
[1] "Deleting Footprints... 2025-04-25 12:48:57.902084"
[1] "28 Files Succesfully Downloaded --- 2025-04-25 12:48:58"
[1] "Downloading Footprints for link 29 @ 2025-04-25 12:48:57.904467"
[1] "File Downloaded... unzipping... 2025-04-25 12:48:59.59578"
[1] "Reading in data and making spatial... 2025-04-25 12:49:00.172377"
[1] "Retrieving coordinates... 2025-04-25 12:49:01.048466"
[1] "Retrieving H3 Indexes for Buildings... 2025-04-25 12:49:01.0544"
[1] "Deleting Footprints... 2025-04-25 12:49:01.487642"
[1] "29 Files Succesfully Downloaded --- 2025-04-25 12:49:01"
[1] "Downloading Footprints for link 30 @ 2025-04-25 12:49:01.490725"
[1] "File Downloaded... unzipping... 2025-04-25 12:49:02.795516"
[1] "Reading in data and making spatial... 2025-04-25 12:49:03.234542"
[1] "Retrieving coordinates... 2025-04-25 12:49:08.099877"
[1] "Retrieving H3 Indexes for Buildings... 2025-04-25 12:49:08.131951"
[1] "Deleting Footprints... 2025-04-25 12:49:08.621564"
[1] "30 Files Succesfully Downloaded --- 2025-04-25 12:49:09"
[1] "Downloading Footprints for link 31 @ 2025-04-25 12:49:08.625733"
[1] "File Downloaded... unzipping... 2025-04-25 12:49:09.889049"
[1] "Reading in data and making spatial... 2025-04-25 12:49:10.094065"
[1] "Retrieving coordinates... 2025-04-25 12:49:14.926882"
[1] "Retrieving H3 Indexes for Buildings... 2025-04-25 12:49:14.947447"
[1] "Deleting Footprints... 2025-04-25 12:49:15.204899"
[1] "31 Files Succesfully Downloaded --- 2025-04-25 12:49:15"
[1] "Downloading Footprints for link 32 @ 2025-04-25 12:49:15.206032"
[1] "File Downloaded... unzipping... 2025-04-25 12:49:16.362955"
[1] "Reading in data and making spatial... 2025-04-25 12:49:16.769369"
[1] "Retrieving coordinates... 2025-04-25 12:49:18.356761"
[1] "Retrieving H3 Indexes for Buildings... 2025-04-25 12:49:18.586004"
[1] "Deleting Footprints... 2025-04-25 12:49:18.790574"
[1] "32 Files Succesfully Downloaded --- 2025-04-25 12:49:19"
[1] "Downloading Footprints for link 33 @ 2025-04-25 12:49:18.794339"
[1] "File Downloaded... unzipping... 2025-04-25 12:49:20.095856"
[1] "Reading in data and making spatial... 2025-04-25 12:49:20.337517"
[1] "Retrieving coordinates... 2025-04-25 12:49:22.065676"
[1] "Retrieving H3 Indexes for Buildings... 2025-04-25 12:49:22.076132"
[1] "Deleting Footprints... 2025-04-25 12:49:22.980636"
[1] "33 Files Succesfully Downloaded --- 2025-04-25 12:49:23"
[1] "Downloading Footprints for link 34 @ 2025-04-25 12:49:22.982953"
[1] "File Downloaded... unzipping... 2025-04-25 12:49:24.220826"
[1] "Reading in data and making spatial... 2025-04-25 12:49:24.387828"
[1] "Retrieving coordinates... 2025-04-25 12:49:26.502257"
[1] "Retrieving H3 Indexes for Buildings... 2025-04-25 12:49:26.515881"
[1] "Deleting Footprints... 2025-04-25 12:49:27.079041"
[1] "34 Files Succesfully Downloaded --- 2025-04-25 12:49:27"
[1] "Downloading Footprints for link 35 @ 2025-04-25 12:49:27.082115"
[1] "File Downloaded... unzipping... 2025-04-25 12:49:28.622982"
[1] "Reading in data and making spatial... 2025-04-25 12:49:28.769265"
[1] "Retrieving coordinates... 2025-04-25 12:49:31.010314"
[1] "Retrieving H3 Indexes for Buildings... 2025-04-25 12:49:31.024542"
[1] "Deleting Footprints... 2025-04-25 12:49:31.59418"
[1] "35 Files Succesfully Downloaded --- 2025-04-25 12:49:32"
[1] "Downloading Footprints for link 36 @ 2025-04-25 12:49:31.596999"
[1] "File Downloaded... unzipping... 2025-04-25 12:49:32.742511"
[1] "Reading in data and making spatial... 2025-04-25 12:49:32.827229"
[1] "Retrieving coordinates... 2025-04-25 12:49:34.390959"
[1] "Retrieving H3 Indexes for Buildings... 2025-04-25 12:49:34.397821"
[1] "Deleting Footprints... 2025-04-25 12:49:34.574198"
[1] "36 Files Succesfully Downloaded --- 2025-04-25 12:49:35"
[1] "Downloading Footprints for link 37 @ 2025-04-25 12:49:34.576233"
[1] "File Downloaded... unzipping... 2025-04-25 12:49:35.89076"
[1] "Reading in data and making spatial... 2025-04-25 12:49:36.068492"
[1] "Retrieving coordinates... 2025-04-25 12:49:38.35079"
[1] "Retrieving H3 Indexes for Buildings... 2025-04-25 12:49:38.365036"
[1] "Deleting Footprints... 2025-04-25 12:49:39.064086"
[1] "37 Files Succesfully Downloaded --- 2025-04-25 12:49:39"
[1] "Downloading Footprints for link 38 @ 2025-04-25 12:49:39.065569"
[1] "File Downloaded... unzipping... 2025-04-25 12:49:40.143554"
[1] "Reading in data and making spatial... 2025-04-25 12:49:40.358715"
[1] "Retrieving coordinates... 2025-04-25 12:49:42.220096"
[1] "Retrieving H3 Indexes for Buildings... 2025-04-25 12:49:42.231302"
[1] "Deleting Footprints... 2025-04-25 12:49:42.445081"
[1] "38 Files Succesfully Downloaded --- 2025-04-25 12:49:42"
[1] "Downloading Footprints for link 39 @ 2025-04-25 12:49:42.449394"
[1] "File Downloaded... unzipping... 2025-04-25 12:49:43.458409"
[1] "Reading in data and making spatial... 2025-04-25 12:49:43.533841"
[1] "Retrieving coordinates... 2025-04-25 12:49:44.617939"
[1] "Retrieving H3 Indexes for Buildings... 2025-04-25 12:49:44.624108"
[1] "Deleting Footprints... 2025-04-25 12:49:45.255674"
[1] "39 Files Succesfully Downloaded --- 2025-04-25 12:49:45"
[1] "Downloading Footprints for link 40 @ 2025-04-25 12:49:45.258532"
[1] "File Downloaded... unzipping... 2025-04-25 12:49:46.412465"
[1] "Reading in data and making spatial... 2025-04-25 12:49:46.631101"
[1] "Retrieving coordinates... 2025-04-25 12:49:49.23679"
[1] "Retrieving H3 Indexes for Buildings... 2025-04-25 12:49:49.25477"
[1] "Deleting Footprints... 2025-04-25 12:49:49.697491"
[1] "40 Files Succesfully Downloaded --- 2025-04-25 12:49:50"
[1] "Downloading Footprints for link 41 @ 2025-04-25 12:49:49.699282"
[1] "File Downloaded... unzipping... 2025-04-25 12:49:53.28907"
[1] "Reading in data and making spatial... 2025-04-25 12:49:54.592205"
[1] "Retrieving coordinates... 2025-04-25 12:50:20.42705"
[1] "Retrieving H3 Indexes for Buildings... 2025-04-25 12:50:20.553452"
[1] "Deleting Footprints... 2025-04-25 12:50:21.390417"
[1] "41 Files Succesfully Downloaded --- 2025-04-25 12:50:21"
[1] "Downloading Footprints for link 42 @ 2025-04-25 12:50:21.393541"
[1] "File Downloaded... unzipping... 2025-04-25 12:50:22.71058"
[1] "Reading in data and making spatial... 2025-04-25 12:50:23.690496"
[1] "Retrieving coordinates... 2025-04-25 12:50:26.595346"
[1] "Retrieving H3 Indexes for Buildings... 2025-04-25 12:50:26.608891"
[1] "Deleting Footprints... 2025-04-25 12:50:28.160889"
[1] "42 Files Succesfully Downloaded --- 2025-04-25 12:50:28"
[1] "Downloading Footprints for link 43 @ 2025-04-25 12:50:28.168284"
[1] "File Downloaded... unzipping... 2025-04-25 12:50:29.239601"
[1] "Reading in data and making spatial... 2025-04-25 12:50:29.326782"
[1] "Retrieving coordinates... 2025-04-25 12:50:30.103894"
[1] "Retrieving H3 Indexes for Buildings... 2025-04-25 12:50:30.108959"
[1] "Deleting Footprints... 2025-04-25 12:50:30.333931"
[1] "43 Files Succesfully Downloaded --- 2025-04-25 12:50:30"
[1] "Downloading Footprints for link 44 @ 2025-04-25 12:50:30.338589"
[1] "File Downloaded... unzipping... 2025-04-25 12:50:31.603966"
[1] "Reading in data and making spatial... 2025-04-25 12:50:32.055658"
[1] "Retrieving coordinates... 2025-04-25 12:50:34.878378"
[1] "Retrieving H3 Indexes for Buildings... 2025-04-25 12:50:34.892888"
[1] "Deleting Footprints... 2025-04-25 12:50:36.245773"
[1] "44 Files Succesfully Downloaded --- 2025-04-25 12:50:36"
[1] "Downloading Footprints for link 45 @ 2025-04-25 12:50:36.247235"
[1] "File Downloaded... unzipping... 2025-04-25 12:50:37.351322"
[1] "Reading in data and making spatial... 2025-04-25 12:50:37.550829"
[1] "Retrieving coordinates... 2025-04-25 12:50:38.870219"
[1] "Retrieving H3 Indexes for Buildings... 2025-04-25 12:50:38.879873"
[1] "Deleting Footprints... 2025-04-25 12:50:39.26497"
[1] "45 Files Succesfully Downloaded --- 2025-04-25 12:50:39"
[1] "Downloading Footprints for link 46 @ 2025-04-25 12:50:39.266751"
[1] "File Downloaded... unzipping... 2025-04-25 12:50:40.271818"
[1] "Reading in data and making spatial... 2025-04-25 12:50:40.425038"
[1] "Retrieving coordinates... 2025-04-25 12:50:41.586956"
[1] "Retrieving H3 Indexes for Buildings... 2025-04-25 12:50:41.594124"
[1] "Deleting Footprints... 2025-04-25 12:50:42.5574"
[1] "46 Files Succesfully Downloaded --- 2025-04-25 12:50:43"
[1] "Downloading Footprints for link 47 @ 2025-04-25 12:50:42.560207"
[1] "File Downloaded... unzipping... 2025-04-25 12:50:43.707305"
[1] "Reading in data and making spatial... 2025-04-25 12:50:43.812864"
[1] "Retrieving coordinates... 2025-04-25 12:50:44.912828"
[1] "Retrieving H3 Indexes for Buildings... 2025-04-25 12:50:44.921191"
[1] "Deleting Footprints... 2025-04-25 12:50:45.328627"
[1] "47 Files Succesfully Downloaded --- 2025-04-25 12:50:45"
[1] "Downloading Footprints for link 48 @ 2025-04-25 12:50:45.331523"
[1] "File Downloaded... unzipping... 2025-04-25 12:50:46.324666"
[1] "Reading in data and making spatial... 2025-04-25 12:50:46.39552"
[1] "Retrieving coordinates... 2025-04-25 12:50:47.518936"
[1] "Retrieving H3 Indexes for Buildings... 2025-04-25 12:50:47.525817"
[1] "Deleting Footprints... 2025-04-25 12:50:48.491975"
[1] "48 Files Succesfully Downloaded --- 2025-04-25 12:50:48"
[1] "Downloading Footprints for link 49 @ 2025-04-25 12:50:48.495221"
[1] "File Downloaded... unzipping... 2025-04-25 12:50:51.293088"
[1] "Reading in data and making spatial... 2025-04-25 12:50:51.418602"
[1] "Retrieving coordinates... 2025-04-25 12:50:52.143635"
[1] "Retrieving H3 Indexes for Buildings... 2025-04-25 12:50:52.150052"
[1] "Deleting Footprints... 2025-04-25 12:50:52.570957"
[1] "49 Files Succesfully Downloaded --- 2025-04-25 12:50:53"
[1] "Downloading Footprints for link 50 @ 2025-04-25 12:50:52.573472"
[1] "File Downloaded... unzipping... 2025-04-25 12:50:53.774198"
[1] "Reading in data and making spatial... 2025-04-25 12:50:54.024817"
[1] "Retrieving coordinates... 2025-04-25 12:50:56.534937"
[1] "Retrieving H3 Indexes for Buildings... 2025-04-25 12:50:56.549841"
[1] "Deleting Footprints... 2025-04-25 12:50:56.841271"
[1] "50 Files Succesfully Downloaded --- 2025-04-25 12:50:57"
[1] "Downloading Footprints for link 51 @ 2025-04-25 12:50:56.844731"
[1] "File Downloaded... unzipping... 2025-04-25 12:51:01.318434"
[1] "Reading in data and making spatial... 2025-04-25 12:51:03.466132"
[1] "Retrieving coordinates... 2025-04-25 12:51:50.434978"
[1] "Retrieving H3 Indexes for Buildings... 2025-04-25 12:51:50.680776"
[1] "Deleting Footprints... 2025-04-25 12:51:52.493681"
[1] "51 Files Succesfully Downloaded --- 2025-04-25 12:51:52"
[1] "Downloading Footprints for link 52 @ 2025-04-25 12:51:52.497636"
[1] "File Downloaded... unzipping... 2025-04-25 12:51:54.301521"
[1] "Reading in data and making spatial... 2025-04-25 12:51:55.827796"
[1] "Retrieving coordinates... 2025-04-25 12:52:04.845513"
[1] "Retrieving H3 Indexes for Buildings... 2025-04-25 12:52:04.883541"
[1] "Deleting Footprints... 2025-04-25 12:52:05.347396"
[1] "52 Files Succesfully Downloaded --- 2025-04-25 12:52:05"
[1] "Downloading Footprints for link 53 @ 2025-04-25 12:52:05.350535"
[1] "File Downloaded... unzipping... 2025-04-25 12:52:06.356612"
[1] "Reading in data and making spatial... 2025-04-25 12:52:06.431945"
[1] "Retrieving coordinates... 2025-04-25 12:52:07.431159"
[1] "Retrieving H3 Indexes for Buildings... 2025-04-25 12:52:07.436235"
[1] "Deleting Footprints... 2025-04-25 12:52:08.04545"
[1] "53 Files Succesfully Downloaded --- 2025-04-25 12:52:08"
[1] "Downloading Footprints for link 54 @ 2025-04-25 12:52:08.053767"
[1] "File Downloaded... unzipping... 2025-04-25 12:52:09.942316"
[1] "Reading in data and making spatial... 2025-04-25 12:52:10.070042"
[1] "Retrieving coordinates... 2025-04-25 12:52:12.333542"
[1] "Retrieving H3 Indexes for Buildings... 2025-04-25 12:52:12.343556"
[1] "Deleting Footprints... 2025-04-25 12:52:13.051822"
[1] "54 Files Succesfully Downloaded --- 2025-04-25 12:52:13"
[1] "Downloading Footprints for link 55 @ 2025-04-25 12:52:13.056115"
[1] "File Downloaded... unzipping... 2025-04-25 12:52:14.094058"
[1] "Reading in data and making spatial... 2025-04-25 12:52:14.196963"
[1] "Retrieving coordinates... 2025-04-25 12:52:15.842243"
[1] "Retrieving H3 Indexes for Buildings... 2025-04-25 12:52:15.849581"
[1] "Deleting Footprints... 2025-04-25 12:52:17.377262"
[1] "55 Files Succesfully Downloaded --- 2025-04-25 12:52:17"
[1] "Downloading Footprints for link 56 @ 2025-04-25 12:52:17.38474"
[1] "File Downloaded... unzipping... 2025-04-25 12:52:18.651586"
[1] "Reading in data and making spatial... 2025-04-25 12:52:19.068805"
[1] "Retrieving coordinates... 2025-04-25 12:52:21.454915"
[1] "Retrieving H3 Indexes for Buildings... 2025-04-25 12:52:21.470293"
[1] "Deleting Footprints... 2025-04-25 12:52:22.082664"
[1] "56 Files Succesfully Downloaded --- 2025-04-25 12:52:22"
[1] "Downloading Footprints for link 57 @ 2025-04-25 12:52:22.088383"
[1] "File Downloaded... unzipping... 2025-04-25 12:52:23.345513"
[1] "Reading in data and making spatial... 2025-04-25 12:52:23.467494"
[1] "Retrieving coordinates... 2025-04-25 12:52:25.481884"
[1] "Retrieving H3 Indexes for Buildings... 2025-04-25 12:52:25.492283"
[1] "Deleting Footprints... 2025-04-25 12:52:26.946915"
[1] "57 Files Succesfully Downloaded --- 2025-04-25 12:52:27"
[1] "Downloading Footprints for link 58 @ 2025-04-25 12:52:26.949023"
[1] "File Downloaded... unzipping... 2025-04-25 12:52:28.373004"
[1] "Reading in data and making spatial... 2025-04-25 12:52:28.648365"
[1] "Retrieving coordinates... 2025-04-25 12:52:32.931591"
[1] "Retrieving H3 Indexes for Buildings... 2025-04-25 12:52:32.961554"
[1] "Deleting Footprints... 2025-04-25 12:52:33.8441"
[1] "58 Files Succesfully Downloaded --- 2025-04-25 12:52:34"
[1] "SCRIPT COMPLETE @ 2025-04-25 12:52:38"
