[1] "Starting at: 2025-04-25 12:45:57"
[1] "Loading Links at: 2025-04-25 12:46:09"
[1] "quadkeys to download: 40"
[1] "Downloading and Joining footprints to Hex @ 2025-04-25 12:46:09"
[1] "Downloading Footprints for link 1 @ 2025-04-25 12:46:09.065004"
[1] "File Downloaded... unzipping... 2025-04-25 12:46:10.887036"
[1] "Reading in data and making spatial... 2025-04-25 12:46:11.522915"
[1] "Retrieving coordinates... 2025-04-25 12:46:20.740974"
[1] "Retrieving H3 Indexes for Buildings... 2025-04-25 12:46:20.786398"
[1] "Deleting Footprints... 2025-04-25 12:46:21.020951"
[1] "1 Files Succesfully Downloaded --- 2025-04-25 12:46:21"
[1] "Downloading Footprints for link 2 @ 2025-04-25 12:46:21.024256"
[1] "File Downloaded... unzipping... 2025-04-25 12:46:22.286422"
[1] "Reading in data and making spatial... 2025-04-25 12:46:23.063669"
[1] "Retrieving coordinates... 2025-04-25 12:46:26.332081"
[1] "Retrieving H3 Indexes for Buildings... 2025-04-25 12:46:26.349026"
[1] "Deleting Footprints... 2025-04-25 12:46:26.445421"
[1] "2 Files Succesfully Downloaded --- 2025-04-25 12:46:26"
[1] "Downloading Footprints for link 3 @ 2025-04-25 12:46:26.449149"
[1] "File Downloaded... unzipping... 2025-04-25 12:46:29.733677"
[1] "Reading in data and making spatial... 2025-04-25 12:46:29.925159"
[1] "Retrieving coordinates... 2025-04-25 12:46:33.367621"
[1] "Retrieving H3 Indexes for Buildings... 2025-04-25 12:46:33.383628"
[1] "Deleting Footprints... 2025-04-25 12:46:33.491738"
[1] "3 Files Succesfully Downloaded --- 2025-04-25 12:46:33"
[1] "Downloading Footprints for link 4 @ 2025-04-25 12:46:33.495829"
[1] "File Downloaded... unzipping... 2025-04-25 12:46:34.976792"
[1] "Reading in data and making spatial... 2025-04-25 12:46:35.417266"
[1] "Retrieving coordinates... 2025-04-25 12:46:42.920418"
[1] "Retrieving H3 Indexes for Buildings... 2025-04-25 12:46:42.957452"
[1] "Deleting Footprints... 2025-04-25 12:46:43.162395"
[1] "4 Files Succesfully Downloaded --- 2025-04-25 12:46:43"
[1] "Downloading Footprints for link 5 @ 2025-04-25 12:46:43.167568"
[1] "File Downloaded... unzipping... 2025-04-25 12:46:44.360979"
[1] "Reading in data and making spatial... 2025-04-25 12:46:44.516065"
[1] "Retrieving coordinates... 2025-04-25 12:46:50.288915"
[1] "Retrieving H3 Indexes for Buildings... 2025-04-25 12:46:50.302869"
[1] "Deleting Footprints... 2025-04-25 12:46:50.54908"
[1] "5 Files Succesfully Downloaded --- 2025-04-25 12:46:51"
[1] "Downloading Footprints for link 6 @ 2025-04-25 12:46:50.551858"
[1] "File Downloaded... unzipping... 2025-04-25 12:46:53.191111"
[1] "Reading in data and making spatial... 2025-04-25 12:46:53.379913"
[1] "Retrieving coordinates... 2025-04-25 12:46:56.973179"
[1] "Retrieving H3 Indexes for Buildings... 2025-04-25 12:46:56.989895"
[1] "Deleting Footprints... 2025-04-25 12:46:57.107743"
[1] "6 Files Succesfully Downloaded --- 2025-04-25 12:46:57"
[1] "Downloading Footprints for link 7 @ 2025-04-25 12:46:57.112226"
[1] "File Downloaded... unzipping... 2025-04-25 12:46:58.107679"
[1] "Reading in data and making spatial... 2025-04-25 12:46:58.32205"
[1] "Retrieving coordinates... 2025-04-25 12:46:59.490047"
[1] "Retrieving H3 Indexes for Buildings... 2025-04-25 12:46:59.497263"
[1] "Deleting Footprints... 2025-04-25 12:46:59.711267"
[1] "7 Files Succesfully Downloaded --- 2025-04-25 12:47:00"
[1] "Downloading Footprints for link 8 @ 2025-04-25 12:46:59.71603"
[1] "File Downloaded... unzipping... 2025-04-25 12:47:00.746914"
[1] "Reading in data and making spatial... 2025-04-25 12:47:00.936048"
[1] "Retrieving coordinates... 2025-04-25 12:47:02.026362"
[1] "Retrieving H3 Indexes for Buildings... 2025-04-25 12:47:02.033142"
[1] "Deleting Footprints... 2025-04-25 12:47:02.229288"
[1] "8 Files Succesfully Downloaded --- 2025-04-25 12:47:02"
[1] "Downloading Footprints for link 9 @ 2025-04-25 12:47:02.232264"
[1] "File Downloaded... unzipping... 2025-04-25 12:47:06.987936"
[1] "Reading in data and making spatial... 2025-04-25 12:47:09.342361"
[1] "Retrieving coordinates... 2025-04-25 12:47:55.345525"
[1] "Retrieving H3 Indexes for Buildings... 2025-04-25 12:47:58.195668"
[1] "Deleting Footprints... 2025-04-25 12:47:59.49178"
[1] "9 Files Succesfully Downloaded --- 2025-04-25 12:47:59"
[1] "Downloading Footprints for link 10 @ 2025-04-25 12:47:59.49518"
[1] "File Downloaded... unzipping... 2025-04-25 12:48:00.998111"
[1] "Reading in data and making spatial... 2025-04-25 12:48:01.453697"
[1] "Retrieving coordinates... 2025-04-25 12:48:07.528356"
[1] "Retrieving H3 Indexes for Buildings... 2025-04-25 12:48:07.576832"
[1] "Deleting Footprints... 2025-04-25 12:48:07.857484"
[1] "10 Files Succesfully Downloaded --- 2025-04-25 12:48:08"
[1] "Downloading Footprints for link 11 @ 2025-04-25 12:48:07.85988"
[1] "File Downloaded... unzipping... 2025-04-25 12:48:08.842281"
[1] "Reading in data and making spatial... 2025-04-25 12:48:09.145922"
[1] "Retrieving coordinates... 2025-04-25 12:48:10.164984"
[1] "Retrieving H3 Indexes for Buildings... 2025-04-25 12:48:10.169712"
[1] "Deleting Footprints... 2025-04-25 12:48:10.485526"
[1] "11 Files Succesfully Downloaded --- 2025-04-25 12:48:10"
[1] "Downloading Footprints for link 12 @ 2025-04-25 12:48:10.49108"
[1] "File Downloaded... unzipping... 2025-04-25 12:48:11.639321"
[1] "Reading in data and making spatial... 2025-04-25 12:48:11.760888"
[1] "Retrieving coordinates... 2025-04-25 12:48:13.941383"
[1] "Retrieving H3 Indexes for Buildings... 2025-04-25 12:48:13.951046"
[1] "Deleting Footprints... 2025-04-25 12:48:15.02689"
[1] "12 Files Succesfully Downloaded --- 2025-04-25 12:48:15"
[1] "Downloading Footprints for link 13 @ 2025-04-25 12:48:15.033889"
[1] "File Downloaded... unzipping... 2025-04-25 12:48:16.209287"
[1] "Reading in data and making spatial... 2025-04-25 12:48:16.391953"
[1] "Retrieving coordinates... 2025-04-25 12:48:17.658628"
[1] "Retrieving H3 Indexes for Buildings... 2025-04-25 12:48:17.666133"
[1] "Deleting Footprints... 2025-04-25 12:48:18.022209"
[1] "13 Files Succesfully Downloaded --- 2025-04-25 12:48:18"
[1] "Downloading Footprints for link 14 @ 2025-04-25 12:48:18.025587"
[1] "File Downloaded... unzipping... 2025-04-25 12:48:19.297146"
[1] "Reading in data and making spatial... 2025-04-25 12:48:19.664531"
[1] "Retrieving coordinates... 2025-04-25 12:48:23.413402"
[1] "Retrieving H3 Indexes for Buildings... 2025-04-25 12:48:23.428238"
[1] "Deleting Footprints... 2025-04-25 12:48:23.609094"
[1] "14 Files Succesfully Downloaded --- 2025-04-25 12:48:24"
[1] "Downloading Footprints for link 15 @ 2025-04-25 12:48:23.612507"
[1] "File Downloaded... unzipping... 2025-04-25 12:48:24.909214"
[1] "Reading in data and making spatial... 2025-04-25 12:48:25.027972"
[1] "Retrieving coordinates... 2025-04-25 12:48:27.102024"
[1] "Retrieving H3 Indexes for Buildings... 2025-04-25 12:48:27.112597"
[1] "Deleting Footprints... 2025-04-25 12:48:27.419711"
[1] "15 Files Succesfully Downloaded --- 2025-04-25 12:48:27"
[1] "Downloading Footprints for link 16 @ 2025-04-25 12:48:27.423183"
[1] "File Downloaded... unzipping... 2025-04-25 12:48:28.779633"
[1] "Reading in data and making spatial... 2025-04-25 12:48:29.132449"
[1] "Retrieving coordinates... 2025-04-25 12:48:34.046422"
[1] "Retrieving H3 Indexes for Buildings... 2025-04-25 12:48:34.086359"
[1] "Deleting Footprints... 2025-04-25 12:48:34.527295"
[1] "16 Files Succesfully Downloaded --- 2025-04-25 12:48:35"
[1] "Downloading Footprints for link 17 @ 2025-04-25 12:48:34.530887"
[1] "File Downloaded... unzipping... 2025-04-25 12:48:35.812347"
[1] "Reading in data and making spatial... 2025-04-25 12:48:36.024664"
[1] "Retrieving coordinates... 2025-04-25 12:48:38.920051"
[1] "Retrieving H3 Indexes for Buildings... 2025-04-25 12:48:38.933196"
[1] "Deleting Footprints... 2025-04-25 12:48:39.113952"
[1] "17 Files Succesfully Downloaded --- 2025-04-25 12:48:39"
[1] "Downloading Footprints for link 18 @ 2025-04-25 12:48:39.116266"
[1] "File Downloaded... unzipping... 2025-04-25 12:48:40.227402"
[1] "Reading in data and making spatial... 2025-04-25 12:48:40.359325"
[1] "Retrieving coordinates... 2025-04-25 12:48:41.905377"
[1] "Retrieving H3 Indexes for Buildings... 2025-04-25 12:48:41.915147"
[1] "Deleting Footprints... 2025-04-25 12:48:42.225637"
[1] "18 Files Succesfully Downloaded --- 2025-04-25 12:48:42"
[1] "Downloading Footprints for link 19 @ 2025-04-25 12:48:42.227221"
[1] "File Downloaded... unzipping... 2025-04-25 12:48:44.347952"
[1] "Reading in data and making spatial... 2025-04-25 12:48:44.518704"
[1] "Retrieving coordinates... 2025-04-25 12:48:47.694635"
[1] "Retrieving H3 Indexes for Buildings... 2025-04-25 12:48:47.712263"
[1] "Deleting Footprints... 2025-04-25 12:48:47.925925"
[1] "19 Files Succesfully Downloaded --- 2025-04-25 12:48:48"
[1] "Downloading Footprints for link 20 @ 2025-04-25 12:48:47.929152"
[1] "File Downloaded... unzipping... 2025-04-25 12:48:49.080441"
[1] "Reading in data and making spatial... 2025-04-25 12:48:49.308908"
[1] "Retrieving coordinates... 2025-04-25 12:48:51.198521"
[1] "Retrieving H3 Indexes for Buildings... 2025-04-25 12:48:51.209545"
[1] "Deleting Footprints... 2025-04-25 12:48:51.97345"
[1] "20 Files Succesfully Downloaded --- 2025-04-25 12:48:52"
[1] "Downloading Footprints for link 21 @ 2025-04-25 12:48:51.978507"
[1] "File Downloaded... unzipping... 2025-04-25 12:48:53.266029"
[1] "Reading in data and making spatial... 2025-04-25 12:48:53.46211"
[1] "Retrieving coordinates... 2025-04-25 12:48:55.884004"
[1] "Retrieving H3 Indexes for Buildings... 2025-04-25 12:48:55.902002"
[1] "Deleting Footprints... 2025-04-25 12:48:56.274913"
[1] "21 Files Succesfully Downloaded --- 2025-04-25 12:48:56"
[1] "Downloading Footprints for link 22 @ 2025-04-25 12:48:56.277691"
[1] "File Downloaded... unzipping... 2025-04-25 12:48:57.53354"
[1] "Reading in data and making spatial... 2025-04-25 12:48:57.79268"
[1] "Retrieving coordinates... 2025-04-25 12:48:59.671319"
[1] "Retrieving H3 Indexes for Buildings... 2025-04-25 12:48:59.68272"
[1] "Deleting Footprints... 2025-04-25 12:49:00.270522"
[1] "22 Files Succesfully Downloaded --- 2025-04-25 12:49:00"
[1] "Downloading Footprints for link 23 @ 2025-04-25 12:49:00.274455"
[1] "File Downloaded... unzipping... 2025-04-25 12:49:02.630285"
[1] "Reading in data and making spatial... 2025-04-25 12:49:02.99197"
[1] "Retrieving coordinates... 2025-04-25 12:49:08.662598"
[1] "Retrieving H3 Indexes for Buildings... 2025-04-25 12:49:08.695872"
[1] "Deleting Footprints... 2025-04-25 12:49:09.034085"
[1] "23 Files Succesfully Downloaded --- 2025-04-25 12:49:09"
[1] "Downloading Footprints for link 24 @ 2025-04-25 12:49:09.036598"
[1] "File Downloaded... unzipping... 2025-04-25 12:49:10.723956"
[1] "Reading in data and making spatial... 2025-04-25 12:49:11.20081"
[1] "Retrieving coordinates... 2025-04-25 12:49:21.834303"
[1] "Retrieving H3 Indexes for Buildings... 2025-04-25 12:49:21.896954"
[1] "Deleting Footprints... 2025-04-25 12:49:22.563471"
[1] "24 Files Succesfully Downloaded --- 2025-04-25 12:49:23"
[1] "Downloading Footprints for link 25 @ 2025-04-25 12:49:22.565668"
[1] "File Downloaded... unzipping... 2025-04-25 12:49:24.014025"
[1] "Reading in data and making spatial... 2025-04-25 12:49:24.480013"
[1] "Retrieving coordinates... 2025-04-25 12:49:30.647002"
[1] "Retrieving H3 Indexes for Buildings... 2025-04-25 12:49:30.67805"
[1] "Deleting Footprints... 2025-04-25 12:49:30.992765"
[1] "25 Files Succesfully Downloaded --- 2025-04-25 12:49:31"
[1] "Downloading Footprints for link 26 @ 2025-04-25 12:49:30.996401"
[1] "File Downloaded... unzipping... 2025-04-25 12:49:35.552156"
[1] "Reading in data and making spatial... 2025-04-25 12:49:36.368425"
[1] "Retrieving coordinates... 2025-04-25 12:49:51.237164"
[1] "Retrieving H3 Indexes for Buildings... 2025-04-25 12:49:51.320645"
[1] "Deleting Footprints... 2025-04-25 12:49:52.979883"
[1] "26 Files Succesfully Downloaded --- 2025-04-25 12:49:53"
[1] "Downloading Footprints for link 27 @ 2025-04-25 12:49:52.981524"
[1] "File Downloaded... unzipping... 2025-04-25 12:49:55.985942"
[1] "Reading in data and making spatial... 2025-04-25 12:49:56.087888"
[1] "Retrieving coordinates... 2025-04-25 12:49:57.65619"
[1] "Retrieving H3 Indexes for Buildings... 2025-04-25 12:49:57.665857"
[1] "Deleting Footprints... 2025-04-25 12:49:58.427059"
[1] "27 Files Succesfully Downloaded --- 2025-04-25 12:49:58"
[1] "Downloading Footprints for link 28 @ 2025-04-25 12:49:58.429504"
[1] "File Downloaded... unzipping... 2025-04-25 12:50:00.035992"
[1] "Reading in data and making spatial... 2025-04-25 12:50:00.486183"
[1] "Retrieving coordinates... 2025-04-25 12:50:02.504067"
[1] "Retrieving H3 Indexes for Buildings... 2025-04-25 12:50:02.517138"
[1] "Deleting Footprints... 2025-04-25 12:50:03.051091"
[1] "28 Files Succesfully Downloaded --- 2025-04-25 12:50:03"
[1] "Downloading Footprints for link 29 @ 2025-04-25 12:50:03.053022"
[1] "File Downloaded... unzipping... 2025-04-25 12:50:04.271039"
[1] "Reading in data and making spatial... 2025-04-25 12:50:04.635094"
[1] "Retrieving coordinates... 2025-04-25 12:50:07.026807"
[1] "Retrieving H3 Indexes for Buildings... 2025-04-25 12:50:07.040431"
[1] "Deleting Footprints... 2025-04-25 12:50:07.320562"
[1] "29 Files Succesfully Downloaded --- 2025-04-25 12:50:07"
[1] "Downloading Footprints for link 30 @ 2025-04-25 12:50:07.471073"
[1] "File Downloaded... unzipping... 2025-04-25 12:50:08.909879"
[1] "Reading in data and making spatial... 2025-04-25 12:50:09.369484"
[1] "Retrieving coordinates... 2025-04-25 12:50:14.939578"
[1] "Retrieving H3 Indexes for Buildings... 2025-04-25 12:50:14.970315"
[1] "Deleting Footprints... 2025-04-25 12:50:15.938804"
[1] "30 Files Succesfully Downloaded --- 2025-04-25 12:50:16"
[1] "Downloading Footprints for link 31 @ 2025-04-25 12:50:15.940962"
[1] "File Downloaded... unzipping... 2025-04-25 12:50:17.367257"
[1] "Reading in data and making spatial... 2025-04-25 12:50:17.666061"
[1] "Retrieving coordinates... 2025-04-25 12:50:20.201558"
[1] "Retrieving H3 Indexes for Buildings... 2025-04-25 12:50:20.218094"
[1] "Deleting Footprints... 2025-04-25 12:50:21.288929"
[1] "31 Files Succesfully Downloaded --- 2025-04-25 12:50:21"
[1] "Downloading Footprints for link 32 @ 2025-04-25 12:50:21.29247"
[1] "File Downloaded... unzipping... 2025-04-25 12:50:22.848957"
[1] "Reading in data and making spatial... 2025-04-25 12:50:23.571815"
[1] "Retrieving coordinates... 2025-04-25 12:50:26.563863"
[1] "Retrieving H3 Indexes for Buildings... 2025-04-25 12:50:26.582143"
[1] "Deleting Footprints... 2025-04-25 12:50:27.452139"
[1] "32 Files Succesfully Downloaded --- 2025-04-25 12:50:27"
[1] "Downloading Footprints for link 33 @ 2025-04-25 12:50:27.455445"
[1] "File Downloaded... unzipping... 2025-04-25 12:50:28.969559"
[1] "Reading in data and making spatial... 2025-04-25 12:50:29.680234"
[1] "Retrieving coordinates... 2025-04-25 12:50:36.341252"
[1] "Retrieving H3 Indexes for Buildings... 2025-04-25 12:50:36.383104"
[1] "Deleting Footprints... 2025-04-25 12:50:37.585268"
[1] "33 Files Succesfully Downloaded --- 2025-04-25 12:50:38"
[1] "Downloading Footprints for link 34 @ 2025-04-25 12:50:37.589104"
[1] "File Downloaded... unzipping... 2025-04-25 12:50:39.691828"
[1] "Reading in data and making spatial... 2025-04-25 12:50:40.737216"
[1] "Retrieving coordinates... 2025-04-25 12:50:58.293463"
[1] "Retrieving H3 Indexes for Buildings... 2025-04-25 12:50:58.391482"
[1] "Deleting Footprints... 2025-04-25 12:51:00.176222"
[1] "34 Files Succesfully Downloaded --- 2025-04-25 12:51:00"
[1] "Downloading Footprints for link 35 @ 2025-04-25 12:51:00.179725"
[1] "File Downloaded... unzipping... 2025-04-25 12:51:01.383686"
[1] "Reading in data and making spatial... 2025-04-25 12:51:01.538404"
[1] "Retrieving coordinates... 2025-04-25 12:51:04.32011"
[1] "Retrieving H3 Indexes for Buildings... 2025-04-25 12:51:04.336796"
[1] "Deleting Footprints... 2025-04-25 12:51:05.748681"
[1] "35 Files Succesfully Downloaded --- 2025-04-25 12:51:06"
[1] "Downloading Footprints for link 36 @ 2025-04-25 12:51:05.750898"
[1] "File Downloaded... unzipping... 2025-04-25 12:51:07.638916"
[1] "Reading in data and making spatial... 2025-04-25 12:51:07.7833"
[1] "Retrieving coordinates... 2025-04-25 12:51:10.407328"
[1] "Retrieving H3 Indexes for Buildings... 2025-04-25 12:51:10.425807"
[1] "Deleting Footprints... 2025-04-25 12:51:11.721048"
[1] "36 Files Succesfully Downloaded --- 2025-04-25 12:51:12"
[1] "Downloading Footprints for link 37 @ 2025-04-25 12:51:11.72453"
[1] "File Downloaded... unzipping... 2025-04-25 12:51:13.039544"
[1] "Reading in data and making spatial... 2025-04-25 12:51:13.189743"
[1] "Retrieving coordinates... 2025-04-25 12:51:15.469577"
[1] "Retrieving H3 Indexes for Buildings... 2025-04-25 12:51:15.486112"
[1] "Deleting Footprints... 2025-04-25 12:51:16.73651"
[1] "37 Files Succesfully Downloaded --- 2025-04-25 12:51:17"
[1] "Downloading Footprints for link 38 @ 2025-04-25 12:51:16.738578"
[1] "File Downloaded... unzipping... 2025-04-25 12:51:18.088525"
[1] "Reading in data and making spatial... 2025-04-25 12:51:18.327933"
[1] "Retrieving coordinates... 2025-04-25 12:51:23.43387"
[1] "Retrieving H3 Indexes for Buildings... 2025-04-25 12:51:23.464116"
[1] "Deleting Footprints... 2025-04-25 12:51:24.061976"
[1] "38 Files Succesfully Downloaded --- 2025-04-25 12:51:24"
[1] "Downloading Footprints for link 39 @ 2025-04-25 12:51:24.066255"
[1] "File Downloaded... unzipping... 2025-04-25 12:51:26.194483"
[1] "Reading in data and making spatial... 2025-04-25 12:51:26.367384"
[1] "Retrieving coordinates... 2025-04-25 12:51:28.72566"
[1] "Retrieving H3 Indexes for Buildings... 2025-04-25 12:51:28.738508"
[1] "Deleting Footprints... 2025-04-25 12:51:30.253108"
[1] "39 Files Succesfully Downloaded --- 2025-04-25 12:51:30"
[1] "Downloading Footprints for link 40 @ 2025-04-25 12:51:30.256289"
[1] "File Downloaded... unzipping... 2025-04-25 12:51:31.489735"
[1] "Reading in data and making spatial... 2025-04-25 12:51:31.751264"
[1] "Retrieving coordinates... 2025-04-25 12:51:33.801584"
[1] "Retrieving H3 Indexes for Buildings... 2025-04-25 12:51:33.814236"
[1] "Deleting Footprints... 2025-04-25 12:51:34.807263"
[1] "40 Files Succesfully Downloaded --- 2025-04-25 12:51:35"
[1] "SCRIPT COMPLETE @ 2025-04-25 12:51:38"
