[1] "Starting at: 2025-04-25 12:45:57"
[1] "Loading Links at: 2025-04-25 12:46:09"
[1] "quadkeys to download: 57"
[1] "Downloading and Joining footprints to Hex @ 2025-04-25 12:46:09"
[1] "Downloading Footprints for link 1 @ 2025-04-25 12:46:09.065339"
[1] "File Downloaded... unzipping... 2025-04-25 12:46:10.096563"
[1] "Reading in data and making spatial... 2025-04-25 12:46:10.529326"
[1] "Retrieving coordinates... 2025-04-25 12:46:12.294288"
[1] "Retrieving H3 Indexes for Buildings... 2025-04-25 12:46:12.302712"
[1] "Deleting Footprints... 2025-04-25 12:46:12.3365"
[1] "1 Files Succesfully Downloaded --- 2025-04-25 12:46:12"
[1] "Downloading Footprints for link 2 @ 2025-04-25 12:46:12.338612"
[1] "File Downloaded... unzipping... 2025-04-25 12:46:13.346886"
[1] "Reading in data and making spatial... 2025-04-25 12:46:14.329445"
[1] "Retrieving coordinates... 2025-04-25 12:46:15.379389"
[1] "Retrieving H3 Indexes for Buildings... 2025-04-25 12:46:15.387138"
[1] "Deleting Footprints... 2025-04-25 12:46:15.428637"
[1] "2 Files Succesfully Downloaded --- 2025-04-25 12:46:15"
[1] "Downloading Footprints for link 3 @ 2025-04-25 12:46:15.431135"
[1] "File Downloaded... unzipping... 2025-04-25 12:46:16.866776"
[1] "Reading in data and making spatial... 2025-04-25 12:46:16.988452"
[1] "Retrieving coordinates... 2025-04-25 12:46:18.392645"
[1] "Retrieving H3 Indexes for Buildings... 2025-04-25 12:46:18.402024"
[1] "Deleting Footprints... 2025-04-25 12:46:18.457568"
[1] "3 Files Succesfully Downloaded --- 2025-04-25 12:46:18"
[1] "Downloading Footprints for link 4 @ 2025-04-25 12:46:18.46067"
[1] "File Downloaded... unzipping... 2025-04-25 12:46:22.558899"
[1] "Reading in data and making spatial... 2025-04-25 12:46:22.693364"
[1] "Retrieving coordinates... 2025-04-25 12:46:24.237376"
[1] "Retrieving H3 Indexes for Buildings... 2025-04-25 12:46:24.244771"
[1] "Deleting Footprints... 2025-04-25 12:46:24.292518"
[1] "4 Files Succesfully Downloaded --- 2025-04-25 12:46:24"
[1] "Downloading Footprints for link 5 @ 2025-04-25 12:46:24.29586"
[1] "File Downloaded... unzipping... 2025-04-25 12:46:25.456689"
[1] "Reading in data and making spatial... 2025-04-25 12:46:25.575259"
[1] "Retrieving coordinates... 2025-04-25 12:46:27.313634"
[1] "Retrieving H3 Indexes for Buildings... 2025-04-25 12:46:27.324792"
[1] "Deleting Footprints... 2025-04-25 12:46:27.394354"
[1] "5 Files Succesfully Downloaded --- 2025-04-25 12:46:27"
[1] "Downloading Footprints for link 6 @ 2025-04-25 12:46:27.397513"
[1] "File Downloaded... unzipping... 2025-04-25 12:46:28.623046"
[1] "Reading in data and making spatial... 2025-04-25 12:46:28.68869"
[1] "Retrieving coordinates... 2025-04-25 12:46:29.740635"
[1] "Retrieving H3 Indexes for Buildings... 2025-04-25 12:46:29.74699"
[1] "Deleting Footprints... 2025-04-25 12:46:29.790007"
[1] "6 Files Succesfully Downloaded --- 2025-04-25 12:46:30"
[1] "Downloading Footprints for link 7 @ 2025-04-25 12:46:29.792338"
[1] "File Downloaded... unzipping... 2025-04-25 12:46:30.851179"
[1] "Reading in data and making spatial... 2025-04-25 12:46:31.213229"
[1] "Retrieving coordinates... 2025-04-25 12:46:32.179684"
[1] "Retrieving H3 Indexes for Buildings... 2025-04-25 12:46:32.185638"
[1] "Deleting Footprints... 2025-04-25 12:46:32.382776"
[1] "7 Files Succesfully Downloaded --- 2025-04-25 12:46:32"
[1] "Downloading Footprints for link 8 @ 2025-04-25 12:46:32.386254"
[1] "File Downloaded... unzipping... 2025-04-25 12:46:33.29662"
[1] "Reading in data and making spatial... 2025-04-25 12:46:33.358481"
[1] "Retrieving coordinates... 2025-04-25 12:46:34.047206"
[1] "Retrieving H3 Indexes for Buildings... 2025-04-25 12:46:34.051598"
[1] "Deleting Footprints... 2025-04-25 12:46:34.089751"
[1] "8 Files Succesfully Downloaded --- 2025-04-25 12:46:34"
[1] "Downloading Footprints for link 9 @ 2025-04-25 12:46:34.091528"
[1] "File Downloaded... unzipping... 2025-04-25 12:46:35.198344"
[1] "Reading in data and making spatial... 2025-04-25 12:46:35.454887"
[1] "Retrieving coordinates... 2025-04-25 12:46:36.183803"
[1] "Retrieving H3 Indexes for Buildings... 2025-04-25 12:46:36.188548"
[1] "Deleting Footprints... 2025-04-25 12:46:36.514683"
[1] "9 Files Succesfully Downloaded --- 2025-04-25 12:46:37"
[1] "Downloading Footprints for link 10 @ 2025-04-25 12:46:36.518214"
[1] "File Downloaded... unzipping... 2025-04-25 12:46:37.503111"
[1] "Reading in data and making spatial... 2025-04-25 12:46:37.623102"
[1] "Retrieving coordinates... 2025-04-25 12:46:38.837876"
[1] "Retrieving H3 Indexes for Buildings... 2025-04-25 12:46:38.986606"
[1] "Deleting Footprints... 2025-04-25 12:46:39.04353"
[1] "10 Files Succesfully Downloaded --- 2025-04-25 12:46:39"
[1] "Downloading Footprints for link 11 @ 2025-04-25 12:46:39.04606"
[1] "File Downloaded... unzipping... 2025-04-25 12:46:40.053762"
[1] "Reading in data and making spatial... 2025-04-25 12:46:40.151075"
[1] "Retrieving coordinates... 2025-04-25 12:46:41.613066"
[1] "Retrieving H3 Indexes for Buildings... 2025-04-25 12:46:41.618922"
[1] "Deleting Footprints... 2025-04-25 12:46:41.667237"
[1] "11 Files Succesfully Downloaded --- 2025-04-25 12:46:42"
[1] "Downloading Footprints for link 12 @ 2025-04-25 12:46:41.67155"
[1] "File Downloaded... unzipping... 2025-04-25 12:46:42.744818"
[1] "Reading in data and making spatial... 2025-04-25 12:46:42.82864"
[1] "Retrieving coordinates... 2025-04-25 12:46:43.8383"
[1] "Retrieving H3 Indexes for Buildings... 2025-04-25 12:46:43.845064"
[1] "Deleting Footprints... 2025-04-25 12:46:43.901558"
[1] "12 Files Succesfully Downloaded --- 2025-04-25 12:46:44"
[1] "Downloading Footprints for link 13 @ 2025-04-25 12:46:43.903465"
[1] "File Downloaded... unzipping... 2025-04-25 12:46:44.831795"
[1] "Reading in data and making spatial... 2025-04-25 12:46:47.117513"
[1] "Retrieving coordinates... 2025-04-25 12:46:47.640277"
[1] "Retrieving H3 Indexes for Buildings... 2025-04-25 12:46:47.644303"
[1] "Deleting Footprints... 2025-04-25 12:46:47.787899"
[1] "13 Files Succesfully Downloaded --- 2025-04-25 12:46:48"
[1] "Downloading Footprints for link 14 @ 2025-04-25 12:46:47.792727"
[1] "File Downloaded... unzipping... 2025-04-25 12:46:48.855075"
[1] "Reading in data and making spatial... 2025-04-25 12:46:48.920113"
[1] "Retrieving coordinates... 2025-04-25 12:46:50.216311"
[1] "Retrieving H3 Indexes for Buildings... 2025-04-25 12:46:50.221803"
[1] "Deleting Footprints... 2025-04-25 12:46:50.27583"
[1] "14 Files Succesfully Downloaded --- 2025-04-25 12:46:50"
[1] "Downloading Footprints for link 15 @ 2025-04-25 12:46:50.280336"
[1] "File Downloaded... unzipping... 2025-04-25 12:46:52.037179"
[1] "Reading in data and making spatial... 2025-04-25 12:46:52.625874"
[1] "Retrieving coordinates... 2025-04-25 12:47:04.384272"
[1] "Retrieving H3 Indexes for Buildings... 2025-04-25 12:47:04.44284"
[1] "Deleting Footprints... 2025-04-25 12:47:04.789847"
[1] "15 Files Succesfully Downloaded --- 2025-04-25 12:47:05"
[1] "Downloading Footprints for link 16 @ 2025-04-25 12:47:04.793111"
[1] "File Downloaded... unzipping... 2025-04-25 12:47:05.763488"
[1] "Reading in data and making spatial... 2025-04-25 12:47:06.047442"
[1] "Retrieving coordinates... 2025-04-25 12:47:06.846937"
[1] "Retrieving H3 Indexes for Buildings... 2025-04-25 12:47:06.852216"
[1] "Deleting Footprints... 2025-04-25 12:47:06.921671"
[1] "16 Files Succesfully Downloaded --- 2025-04-25 12:47:07"
[1] "Downloading Footprints for link 17 @ 2025-04-25 12:47:06.924165"
[1] "File Downloaded... unzipping... 2025-04-25 12:47:07.920151"
[1] "Reading in data and making spatial... 2025-04-25 12:47:08.285136"
[1] "Retrieving coordinates... 2025-04-25 12:47:09.183717"
[1] "Retrieving H3 Indexes for Buildings... 2025-04-25 12:47:09.188669"
[1] "Deleting Footprints... 2025-04-25 12:47:09.251961"
[1] "17 Files Succesfully Downloaded --- 2025-04-25 12:47:09"
[1] "Downloading Footprints for link 18 @ 2025-04-25 12:47:09.254041"
[1] "File Downloaded... unzipping... 2025-04-25 12:47:10.032828"
[1] "Reading in data and making spatial... 2025-04-25 12:47:10.12605"
[1] "Retrieving coordinates... 2025-04-25 12:47:10.756498"
[1] "Retrieving H3 Indexes for Buildings... 2025-04-25 12:47:10.760956"
[1] "Deleting Footprints... 2025-04-25 12:47:10.83046"
[1] "18 Files Succesfully Downloaded --- 2025-04-25 12:47:11"
[1] "Downloading Footprints for link 19 @ 2025-04-25 12:47:10.832488"
[1] "File Downloaded... unzipping... 2025-04-25 12:47:11.662153"
[1] "Reading in data and making spatial... 2025-04-25 12:47:12.208988"
[1] "Retrieving coordinates... 2025-04-25 12:47:12.805686"
[1] "Retrieving H3 Indexes for Buildings... 2025-04-25 12:47:12.809658"
[1] "Deleting Footprints... 2025-04-25 12:47:12.869005"
[1] "19 Files Succesfully Downloaded --- 2025-04-25 12:47:13"
[1] "Downloading Footprints for link 20 @ 2025-04-25 12:47:12.871179"
[1] "File Downloaded... unzipping... 2025-04-25 12:47:13.712938"
[1] "Reading in data and making spatial... 2025-04-25 12:47:13.798361"
[1] "Retrieving coordinates... 2025-04-25 12:47:14.712375"
[1] "Retrieving H3 Indexes for Buildings... 2025-04-25 12:47:14.717352"
[1] "Deleting Footprints... 2025-04-25 12:47:14.781385"
[1] "20 Files Succesfully Downloaded --- 2025-04-25 12:47:15"
[1] "Downloading Footprints for link 21 @ 2025-04-25 12:47:14.783381"
[1] "File Downloaded... unzipping... 2025-04-25 12:47:15.840141"
[1] "Reading in data and making spatial... 2025-04-25 12:47:16.057257"
[1] "Retrieving coordinates... 2025-04-25 12:47:17.422728"
[1] "Retrieving H3 Indexes for Buildings... 2025-04-25 12:47:17.428947"
[1] "Deleting Footprints... 2025-04-25 12:47:17.503091"
[1] "21 Files Succesfully Downloaded --- 2025-04-25 12:47:18"
[1] "Downloading Footprints for link 22 @ 2025-04-25 12:47:17.505473"
[1] "File Downloaded... unzipping... 2025-04-25 12:47:18.438051"
[1] "Reading in data and making spatial... 2025-04-25 12:47:18.561799"
[1] "Retrieving coordinates... 2025-04-25 12:47:19.301412"
[1] "Retrieving H3 Indexes for Buildings... 2025-04-25 12:47:19.305416"
[1] "Deleting Footprints... 2025-04-25 12:47:19.367662"
[1] "22 Files Succesfully Downloaded --- 2025-04-25 12:47:19"
[1] "Downloading Footprints for link 23 @ 2025-04-25 12:47:19.369964"
[1] "File Downloaded... unzipping... 2025-04-25 12:47:20.315506"
[1] "Reading in data and making spatial... 2025-04-25 12:47:20.484843"
[1] "Retrieving coordinates... 2025-04-25 12:47:21.21734"
[1] "Retrieving H3 Indexes for Buildings... 2025-04-25 12:47:21.449509"
[1] "Deleting Footprints... 2025-04-25 12:47:21.519143"
[1] "23 Files Succesfully Downloaded --- 2025-04-25 12:47:22"
[1] "Downloading Footprints for link 24 @ 2025-04-25 12:47:21.523002"
[1] "File Downloaded... unzipping... 2025-04-25 12:47:22.440879"
[1] "Reading in data and making spatial... 2025-04-25 12:47:22.645954"
[1] "Retrieving coordinates... 2025-04-25 12:47:23.885375"
[1] "Retrieving H3 Indexes for Buildings... 2025-04-25 12:47:23.890733"
[1] "Deleting Footprints... 2025-04-25 12:47:23.967245"
[1] "24 Files Succesfully Downloaded --- 2025-04-25 12:47:24"
[1] "Downloading Footprints for link 25 @ 2025-04-25 12:47:23.969473"
[1] "File Downloaded... unzipping... 2025-04-25 12:47:24.936096"
[1] "Reading in data and making spatial... 2025-04-25 12:47:24.995966"
[1] "Retrieving coordinates... 2025-04-25 12:47:25.667413"
[1] "Retrieving H3 Indexes for Buildings... 2025-04-25 12:47:25.672333"
[1] "Deleting Footprints... 2025-04-25 12:47:25.748402"
[1] "25 Files Succesfully Downloaded --- 2025-04-25 12:47:26"
[1] "Downloading Footprints for link 26 @ 2025-04-25 12:47:25.751871"
[1] "File Downloaded... unzipping... 2025-04-25 12:47:26.65263"
[1] "Reading in data and making spatial... 2025-04-25 12:47:26.744213"
[1] "Retrieving coordinates... 2025-04-25 12:47:27.205149"
[1] "Retrieving H3 Indexes for Buildings... 2025-04-25 12:47:27.208441"
[1] "Deleting Footprints... 2025-04-25 12:47:27.372682"
[1] "26 Files Succesfully Downloaded --- 2025-04-25 12:47:27"
[1] "Downloading Footprints for link 27 @ 2025-04-25 12:47:27.37559"
[1] "File Downloaded... unzipping... 2025-04-25 12:47:28.27663"
[1] "Reading in data and making spatial... 2025-04-25 12:47:28.55554"
[1] "Retrieving coordinates... 2025-04-25 12:47:29.188571"
[1] "Retrieving H3 Indexes for Buildings... 2025-04-25 12:47:29.192844"
[1] "Deleting Footprints... 2025-04-25 12:47:29.262104"
[1] "27 Files Succesfully Downloaded --- 2025-04-25 12:47:29"
[1] "Downloading Footprints for link 28 @ 2025-04-25 12:47:29.265164"
[1] "File Downloaded... unzipping... 2025-04-25 12:47:30.490425"
[1] "Reading in data and making spatial... 2025-04-25 12:47:31.106354"
[1] "Retrieving coordinates... 2025-04-25 12:47:32.498908"
[1] "Retrieving H3 Indexes for Buildings... 2025-04-25 12:47:32.509429"
[1] "Deleting Footprints... 2025-04-25 12:47:32.730061"
[1] "28 Files Succesfully Downloaded --- 2025-04-25 12:47:33"
[1] "Downloading Footprints for link 29 @ 2025-04-25 12:47:32.732177"
[1] "File Downloaded... unzipping... 2025-04-25 12:47:34.465995"
[1] "Reading in data and making spatial... 2025-04-25 12:47:35.486606"
[1] "Retrieving coordinates... 2025-04-25 12:47:42.82165"
[1] "Retrieving H3 Indexes for Buildings... 2025-04-25 12:47:42.86586"
[1] "Deleting Footprints... 2025-04-25 12:47:43.41732"
[1] "29 Files Succesfully Downloaded --- 2025-04-25 12:47:43"
[1] "Downloading Footprints for link 30 @ 2025-04-25 12:47:43.420741"
[1] "File Downloaded... unzipping... 2025-04-25 12:47:44.481753"
[1] "Reading in data and making spatial... 2025-04-25 12:47:45.127417"
[1] "Retrieving coordinates... 2025-04-25 12:47:46.632359"
[1] "Retrieving H3 Indexes for Buildings... 2025-04-25 12:47:46.641089"
[1] "Deleting Footprints... 2025-04-25 12:47:46.762571"
[1] "30 Files Succesfully Downloaded --- 2025-04-25 12:47:47"
[1] "Downloading Footprints for link 31 @ 2025-04-25 12:47:46.766838"
[1] "File Downloaded... unzipping... 2025-04-25 12:47:47.754552"
[1] "Reading in data and making spatial... 2025-04-25 12:47:47.816608"
[1] "Retrieving coordinates... 2025-04-25 12:47:48.260761"
[1] "Retrieving H3 Indexes for Buildings... 2025-04-25 12:47:48.264063"
[1] "Deleting Footprints... 2025-04-25 12:47:48.457193"
[1] "31 Files Succesfully Downloaded --- 2025-04-25 12:47:48"
[1] "Downloading Footprints for link 32 @ 2025-04-25 12:47:48.459804"
[1] "File Downloaded... unzipping... 2025-04-25 12:47:49.327453"
[1] "Reading in data and making spatial... 2025-04-25 12:47:49.510565"
[1] "Retrieving coordinates... 2025-04-25 12:47:50.124279"
[1] "Retrieving H3 Indexes for Buildings... 2025-04-25 12:47:50.128658"
[1] "Deleting Footprints... 2025-04-25 12:47:50.46963"
[1] "32 Files Succesfully Downloaded --- 2025-04-25 12:47:50"
[1] "Downloading Footprints for link 33 @ 2025-04-25 12:47:50.473998"
[1] "File Downloaded... unzipping... 2025-04-25 12:47:51.519164"
[1] "Reading in data and making spatial... 2025-04-25 12:47:51.700515"
[1] "Retrieving coordinates... 2025-04-25 12:47:52.873834"
[1] "Retrieving H3 Indexes for Buildings... 2025-04-25 12:47:52.88046"
[1] "Deleting Footprints... 2025-04-25 12:47:53.472234"
[1] "33 Files Succesfully Downloaded --- 2025-04-25 12:47:53"
[1] "Downloading Footprints for link 34 @ 2025-04-25 12:47:53.475126"
[1] "File Downloaded... unzipping... 2025-04-25 12:47:55.091763"
[1] "Reading in data and making spatial... 2025-04-25 12:47:55.325451"
[1] "Retrieving coordinates... 2025-04-25 12:47:57.34466"
[1] "Retrieving H3 Indexes for Buildings... 2025-04-25 12:47:57.356402"
[1] "Deleting Footprints... 2025-04-25 12:47:57.481065"
[1] "34 Files Succesfully Downloaded --- 2025-04-25 12:47:57"
[1] "Downloading Footprints for link 35 @ 2025-04-25 12:47:57.484494"
[1] "File Downloaded... unzipping... 2025-04-25 12:47:58.712994"
[1] "Reading in data and making spatial... 2025-04-25 12:47:58.8982"
[1] "Retrieving coordinates... 2025-04-25 12:48:00.400633"
[1] "Retrieving H3 Indexes for Buildings... 2025-04-25 12:48:00.407425"
[1] "Deleting Footprints... 2025-04-25 12:48:00.8404"
[1] "35 Files Succesfully Downloaded --- 2025-04-25 12:48:01"
[1] "Downloading Footprints for link 36 @ 2025-04-25 12:48:00.844737"
[1] "File Downloaded... unzipping... 2025-04-25 12:48:01.775554"
[1] "Reading in data and making spatial... 2025-04-25 12:48:01.864383"
[1] "Retrieving coordinates... 2025-04-25 12:48:02.638734"
[1] "Retrieving H3 Indexes for Buildings... 2025-04-25 12:48:02.643496"
[1] "Deleting Footprints... 2025-04-25 12:48:02.734074"
[1] "36 Files Succesfully Downloaded --- 2025-04-25 12:48:03"
[1] "Downloading Footprints for link 37 @ 2025-04-25 12:48:02.73977"
[1] "File Downloaded... unzipping... 2025-04-25 12:48:03.901269"
[1] "Reading in data and making spatial... 2025-04-25 12:48:04.000366"
[1] "Retrieving coordinates... 2025-04-25 12:48:05.613642"
[1] "Retrieving H3 Indexes for Buildings... 2025-04-25 12:48:05.622389"
[1] "Deleting Footprints... 2025-04-25 12:48:06.242127"
[1] "37 Files Succesfully Downloaded --- 2025-04-25 12:48:06"
[1] "Downloading Footprints for link 38 @ 2025-04-25 12:48:06.245468"
[1] "File Downloaded... unzipping... 2025-04-25 12:48:07.527577"
[1] "Reading in data and making spatial... 2025-04-25 12:48:07.669771"
[1] "Retrieving coordinates... 2025-04-25 12:48:10.461399"
[1] "Retrieving H3 Indexes for Buildings... 2025-04-25 12:48:10.477604"
[1] "Deleting Footprints... 2025-04-25 12:48:10.97905"
[1] "38 Files Succesfully Downloaded --- 2025-04-25 12:48:11"
[1] "Downloading Footprints for link 39 @ 2025-04-25 12:48:10.980956"
[1] "File Downloaded... unzipping... 2025-04-25 12:48:12.035898"
[1] "Reading in data and making spatial... 2025-04-25 12:48:12.12376"
[1] "Retrieving coordinates... 2025-04-25 12:48:13.539283"
[1] "Retrieving H3 Indexes for Buildings... 2025-04-25 12:48:13.546571"
[1] "Deleting Footprints... 2025-04-25 12:48:13.656817"
[1] "39 Files Succesfully Downloaded --- 2025-04-25 12:48:14"
[1] "Downloading Footprints for link 40 @ 2025-04-25 12:48:13.660491"
[1] "File Downloaded... unzipping... 2025-04-25 12:48:14.580814"
[1] "Reading in data and making spatial... 2025-04-25 12:48:14.747752"
[1] "Retrieving coordinates... 2025-04-25 12:48:16.509723"
[1] "Retrieving H3 Indexes for Buildings... 2025-04-25 12:48:16.517859"
[1] "Deleting Footprints... 2025-04-25 12:48:16.638431"
[1] "40 Files Succesfully Downloaded --- 2025-04-25 12:48:17"
[1] "Downloading Footprints for link 41 @ 2025-04-25 12:48:16.641815"
[1] "File Downloaded... unzipping... 2025-04-25 12:48:17.475311"
[1] "Reading in data and making spatial... 2025-04-25 12:48:17.630188"
[1] "Retrieving coordinates... 2025-04-25 12:48:18.553537"
[1] "Retrieving H3 Indexes for Buildings... 2025-04-25 12:48:18.557324"
[1] "Deleting Footprints... 2025-04-25 12:48:18.65407"
[1] "41 Files Succesfully Downloaded --- 2025-04-25 12:48:19"
[1] "Downloading Footprints for link 42 @ 2025-04-25 12:48:18.655457"
[1] "File Downloaded... unzipping... 2025-04-25 12:48:19.662033"
[1] "Reading in data and making spatial... 2025-04-25 12:48:19.749011"
[1] "Retrieving coordinates... 2025-04-25 12:48:21.28056"
[1] "Retrieving H3 Indexes for Buildings... 2025-04-25 12:48:21.286557"
[1] "Deleting Footprints... 2025-04-25 12:48:21.784523"
[1] "42 Files Succesfully Downloaded --- 2025-04-25 12:48:22"
[1] "Downloading Footprints for link 43 @ 2025-04-25 12:48:21.786897"
[1] "File Downloaded... unzipping... 2025-04-25 12:48:23.404094"
[1] "Reading in data and making spatial... 2025-04-25 12:48:23.641782"
[1] "Retrieving coordinates... 2025-04-25 12:48:26.042616"
[1] "Retrieving H3 Indexes for Buildings... 2025-04-25 12:48:26.055924"
[1] "Deleting Footprints... 2025-04-25 12:48:26.200193"
[1] "43 Files Succesfully Downloaded --- 2025-04-25 12:48:26"
[1] "Downloading Footprints for link 44 @ 2025-04-25 12:48:26.202745"
[1] "File Downloaded... unzipping... 2025-04-25 12:48:27.651146"
[1] "Reading in data and making spatial... 2025-04-25 12:48:28.289622"
[1] "Retrieving coordinates... 2025-04-25 12:48:34.509285"
[1] "Retrieving H3 Indexes for Buildings... 2025-04-25 12:48:34.534023"
[1] "Deleting Footprints... 2025-04-25 12:48:34.764482"
[1] "44 Files Succesfully Downloaded --- 2025-04-25 12:48:35"
[1] "Downloading Footprints for link 45 @ 2025-04-25 12:48:34.766351"
[1] "File Downloaded... unzipping... 2025-04-25 12:48:35.945091"
[1] "Reading in data and making spatial... 2025-04-25 12:48:36.1424"
[1] "Retrieving coordinates... 2025-04-25 12:48:37.668855"
[1] "Retrieving H3 Indexes for Buildings... 2025-04-25 12:48:37.675873"
[1] "Deleting Footprints... 2025-04-25 12:48:37.917963"
[1] "45 Files Succesfully Downloaded --- 2025-04-25 12:48:38"
[1] "Downloading Footprints for link 46 @ 2025-04-25 12:48:37.920184"
[1] "File Downloaded... unzipping... 2025-04-25 12:48:38.8126"
[1] "Reading in data and making spatial... 2025-04-25 12:48:39.114646"
[1] "Retrieving coordinates... 2025-04-25 12:48:40.29546"
[1] "Retrieving H3 Indexes for Buildings... 2025-04-25 12:48:40.300297"
[1] "Deleting Footprints... 2025-04-25 12:48:40.535113"
[1] "46 Files Succesfully Downloaded --- 2025-04-25 12:48:41"
[1] "Downloading Footprints for link 47 @ 2025-04-25 12:48:40.5378"
[1] "File Downloaded... unzipping... 2025-04-25 12:48:41.573972"
[1] "Reading in data and making spatial... 2025-04-25 12:48:42.277311"
[1] "Retrieving coordinates... 2025-04-25 12:48:42.915514"
[1] "Retrieving H3 Indexes for Buildings... 2025-04-25 12:48:42.919978"
[1] "Deleting Footprints... 2025-04-25 12:48:43.04088"
[1] "47 Files Succesfully Downloaded --- 2025-04-25 12:48:43"
[1] "Downloading Footprints for link 48 @ 2025-04-25 12:48:43.043755"
[1] "File Downloaded... unzipping... 2025-04-25 12:48:44.07301"
[1] "Reading in data and making spatial... 2025-04-25 12:48:44.236978"
[1] "Retrieving coordinates... 2025-04-25 12:48:45.486599"
[1] "Retrieving H3 Indexes for Buildings... 2025-04-25 12:48:45.493679"
[1] "Deleting Footprints... 2025-04-25 12:48:45.737181"
[1] "48 Files Succesfully Downloaded --- 2025-04-25 12:48:46"
[1] "Downloading Footprints for link 49 @ 2025-04-25 12:48:45.741509"
[1] "File Downloaded... unzipping... 2025-04-25 12:48:47.077565"
[1] "Reading in data and making spatial... 2025-04-25 12:48:47.422392"
[1] "Retrieving coordinates... 2025-04-25 12:48:48.944311"
[1] "Retrieving H3 Indexes for Buildings... 2025-04-25 12:48:48.952468"
[1] "Deleting Footprints... 2025-04-25 12:48:49.738106"
[1] "49 Files Succesfully Downloaded --- 2025-04-25 12:48:50"
[1] "Downloading Footprints for link 50 @ 2025-04-25 12:48:49.740311"
[1] "File Downloaded... unzipping... 2025-04-25 12:48:50.752111"
[1] "Reading in data and making spatial... 2025-04-25 12:48:51.039733"
[1] "Retrieving coordinates... 2025-04-25 12:48:52.593517"
[1] "Retrieving H3 Indexes for Buildings... 2025-04-25 12:48:52.602818"
[1] "Deleting Footprints... 2025-04-25 12:48:53.33008"
[1] "50 Files Succesfully Downloaded --- 2025-04-25 12:48:53"
[1] "Downloading Footprints for link 51 @ 2025-04-25 12:48:53.332587"
[1] "File Downloaded... unzipping... 2025-04-25 12:48:54.429964"
[1] "Reading in data and making spatial... 2025-04-25 12:48:54.634104"
[1] "Retrieving coordinates... 2025-04-25 12:48:56.450924"
[1] "Retrieving H3 Indexes for Buildings... 2025-04-25 12:48:56.460847"
[1] "Deleting Footprints... 2025-04-25 12:48:57.201127"
[1] "51 Files Succesfully Downloaded --- 2025-04-25 12:48:57"
[1] "Downloading Footprints for link 52 @ 2025-04-25 12:48:57.202886"
[1] "File Downloaded... unzipping... 2025-04-25 12:48:58.534321"
[1] "Reading in data and making spatial... 2025-04-25 12:48:58.964402"
[1] "Retrieving coordinates... 2025-04-25 12:49:04.642287"
[1] "Retrieving H3 Indexes for Buildings... 2025-04-25 12:49:04.666677"
[1] "Deleting Footprints... 2025-04-25 12:49:04.880627"
[1] "52 Files Succesfully Downloaded --- 2025-04-25 12:49:05"
[1] "Downloading Footprints for link 53 @ 2025-04-25 12:49:04.883541"
[1] "File Downloaded... unzipping... 2025-04-25 12:49:06.21186"
[1] "Reading in data and making spatial... 2025-04-25 12:49:06.540566"
[1] "Retrieving coordinates... 2025-04-25 12:49:11.538735"
[1] "Retrieving H3 Indexes for Buildings... 2025-04-25 12:49:11.557714"
[1] "Deleting Footprints... 2025-04-25 12:49:11.753112"
[1] "53 Files Succesfully Downloaded --- 2025-04-25 12:49:12"
[1] "Downloading Footprints for link 54 @ 2025-04-25 12:49:11.754456"
[1] "File Downloaded... unzipping... 2025-04-25 12:49:12.897367"
[1] "Reading in data and making spatial... 2025-04-25 12:49:13.168141"
[1] "Retrieving coordinates... 2025-04-25 12:49:15.910026"
[1] "Retrieving H3 Indexes for Buildings... 2025-04-25 12:49:15.920914"
[1] "Deleting Footprints... 2025-04-25 12:49:16.785795"
[1] "54 Files Succesfully Downloaded --- 2025-04-25 12:49:17"
[1] "Downloading Footprints for link 55 @ 2025-04-25 12:49:16.787387"
[1] "File Downloaded... unzipping... 2025-04-25 12:49:17.776486"
[1] "Reading in data and making spatial... 2025-04-25 12:49:18.084775"
[1] "Retrieving coordinates... 2025-04-25 12:49:18.843856"
[1] "Retrieving H3 Indexes for Buildings... 2025-04-25 12:49:18.848746"
[1] "Deleting Footprints... 2025-04-25 12:49:19.399204"
[1] "55 Files Succesfully Downloaded --- 2025-04-25 12:49:19"
[1] "Downloading Footprints for link 56 @ 2025-04-25 12:49:19.402257"
[1] "File Downloaded... unzipping... 2025-04-25 12:49:20.720538"
[1] "Reading in data and making spatial... 2025-04-25 12:49:20.915127"
[1] "Retrieving coordinates... 2025-04-25 12:49:24.837154"
[1] "Retrieving H3 Indexes for Buildings... 2025-04-25 12:49:24.85506"
[1] "Deleting Footprints... 2025-04-25 12:49:25.182795"
[1] "56 Files Succesfully Downloaded --- 2025-04-25 12:49:25"
[1] "Downloading Footprints for link 57 @ 2025-04-25 12:49:25.185618"
[1] "File Downloaded... unzipping... 2025-04-25 12:49:26.029649"
[1] "Reading in data and making spatial... 2025-04-25 12:49:26.479095"
[1] "Retrieving coordinates... 2025-04-25 12:49:27.931132"
[1] "Retrieving H3 Indexes for Buildings... 2025-04-25 12:49:27.936317"
[1] "Deleting Footprints... 2025-04-25 12:49:28.091392"
[1] "57 Files Succesfully Downloaded --- 2025-04-25 12:49:28"
[1] "SCRIPT COMPLETE @ 2025-04-25 12:49:30"
