[1] "Starting at: 2025-04-25 12:45:57"
[1] "Loading Links at: 2025-04-25 12:46:09"
[1] "quadkeys to download: 83"
[1] "Downloading and Joining footprints to Hex @ 2025-04-25 12:46:09"
[1] "Downloading Footprints for link 1 @ 2025-04-25 12:46:09.064811"
[1] "File Downloaded... unzipping... 2025-04-25 12:46:10.034099"
[1] "Reading in data and making spatial... 2025-04-25 12:46:10.250725"
[1] "Retrieving coordinates... 2025-04-25 12:46:11.544535"
[1] "Retrieving H3 Indexes for Buildings... 2025-04-25 12:46:11.84374"
[1] "Deleting Footprints... 2025-04-25 12:46:11.868207"
[1] "1 Files Succesfully Downloaded --- 2025-04-25 12:46:12"
[1] "Downloading Footprints for link 2 @ 2025-04-25 12:46:11.871052"
[1] "File Downloaded... unzipping... 2025-04-25 12:46:12.857482"
[1] "Reading in data and making spatial... 2025-04-25 12:46:13.251143"
[1] "Retrieving coordinates... 2025-04-25 12:46:14.869878"
[1] "Retrieving H3 Indexes for Buildings... 2025-04-25 12:46:14.875591"
[1] "Deleting Footprints... 2025-04-25 12:46:14.908162"
[1] "2 Files Succesfully Downloaded --- 2025-04-25 12:46:15"
[1] "Downloading Footprints for link 3 @ 2025-04-25 12:46:14.910909"
[1] "File Downloaded... unzipping... 2025-04-25 12:46:16.224108"
[1] "Reading in data and making spatial... 2025-04-25 12:46:16.479155"
[1] "Retrieving coordinates... 2025-04-25 12:46:18.791907"
[1] "Retrieving H3 Indexes for Buildings... 2025-04-25 12:46:18.810366"
[1] "Deleting Footprints... 2025-04-25 12:46:18.908372"
[1] "3 Files Succesfully Downloaded --- 2025-04-25 12:46:19"
[1] "Downloading Footprints for link 4 @ 2025-04-25 12:46:18.909752"
[1] "File Downloaded... unzipping... 2025-04-25 12:46:21.436778"
[1] "Reading in data and making spatial... 2025-04-25 12:46:22.864059"
[1] "Retrieving coordinates... 2025-04-25 12:46:45.968824"
[1] "Retrieving H3 Indexes for Buildings... 2025-04-25 12:46:46.081498"
[1] "Deleting Footprints... 2025-04-25 12:46:46.710537"
[1] "4 Files Succesfully Downloaded --- 2025-04-25 12:46:47"
[1] "Downloading Footprints for link 5 @ 2025-04-25 12:46:46.714591"
[1] "File Downloaded... unzipping... 2025-04-25 12:46:48.600821"
[1] "Reading in data and making spatial... 2025-04-25 12:46:48.729761"
[1] "Retrieving coordinates... 2025-04-25 12:46:51.424402"
[1] "Retrieving H3 Indexes for Buildings... 2025-04-25 12:46:51.437068"
[1] "Deleting Footprints... 2025-04-25 12:46:51.548128"
[1] "5 Files Succesfully Downloaded --- 2025-04-25 12:46:52"
[1] "Downloading Footprints for link 6 @ 2025-04-25 12:46:51.551107"
[1] "File Downloaded... unzipping... 2025-04-25 12:46:52.619679"
[1] "Reading in data and making spatial... 2025-04-25 12:46:52.896584"
[1] "Retrieving coordinates... 2025-04-25 12:46:54.161215"
[1] "Retrieving H3 Indexes for Buildings... 2025-04-25 12:46:54.167014"
[1] "Deleting Footprints... 2025-04-25 12:46:54.235436"
[1] "6 Files Succesfully Downloaded --- 2025-04-25 12:46:54"
[1] "Downloading Footprints for link 7 @ 2025-04-25 12:46:54.239859"
[1] "File Downloaded... unzipping... 2025-04-25 12:46:55.46578"
[1] "Reading in data and making spatial... 2025-04-25 12:46:55.765586"
[1] "Retrieving coordinates... 2025-04-25 12:46:58.798745"
[1] "Retrieving H3 Indexes for Buildings... 2025-04-25 12:46:58.809131"
[1] "Deleting Footprints... 2025-04-25 12:46:58.902071"
[1] "7 Files Succesfully Downloaded --- 2025-04-25 12:46:59"
[1] "Downloading Footprints for link 8 @ 2025-04-25 12:46:58.905541"
[1] "File Downloaded... unzipping... 2025-04-25 12:47:00.128139"
[1] "Reading in data and making spatial... 2025-04-25 12:47:00.414897"
[1] "Retrieving coordinates... 2025-04-25 12:47:03.81956"
[1] "Retrieving H3 Indexes for Buildings... 2025-04-25 12:47:03.839036"
[1] "Deleting Footprints... 2025-04-25 12:47:03.996326"
[1] "8 Files Succesfully Downloaded --- 2025-04-25 12:47:04"
[1] "Downloading Footprints for link 9 @ 2025-04-25 12:47:03.999169"
[1] "File Downloaded... unzipping... 2025-04-25 12:47:04.61603"
[1] "Reading in data and making spatial... 2025-04-25 12:47:04.645142"
[1] "Retrieving coordinates... 2025-04-25 12:47:04.74372"
[1] "Retrieving H3 Indexes for Buildings... 2025-04-25 12:47:04.744637"
[1] "Deleting Footprints... 2025-04-25 12:47:04.792022"
[1] "9 Files Succesfully Downloaded --- 2025-04-25 12:47:05"
[1] "Downloading Footprints for link 10 @ 2025-04-25 12:47:04.793137"
[1] "File Downloaded... unzipping... 2025-04-25 12:47:05.598918"
[1] "Reading in data and making spatial... 2025-04-25 12:47:05.917884"
[1] "Retrieving coordinates... 2025-04-25 12:47:06.252399"
[1] "Retrieving H3 Indexes for Buildings... 2025-04-25 12:47:06.254552"
[1] "Deleting Footprints... 2025-04-25 12:47:06.306094"
[1] "10 Files Succesfully Downloaded --- 2025-04-25 12:47:06"
[1] "Downloading Footprints for link 11 @ 2025-04-25 12:47:06.307994"
[1] "File Downloaded... unzipping... 2025-04-25 12:47:07.094497"
[1] "Reading in data and making spatial... 2025-04-25 12:47:07.139795"
[1] "Retrieving coordinates... 2025-04-25 12:47:07.463516"
[1] "Retrieving H3 Indexes for Buildings... 2025-04-25 12:47:07.465458"
[1] "Deleting Footprints... 2025-04-25 12:47:07.634518"
[1] "11 Files Succesfully Downloaded --- 2025-04-25 12:47:08"
[1] "Downloading Footprints for link 12 @ 2025-04-25 12:47:07.638411"
[1] "File Downloaded... unzipping... 2025-04-25 12:47:08.344586"
[1] "Reading in data and making spatial... 2025-04-25 12:47:08.529566"
[1] "Retrieving coordinates... 2025-04-25 12:47:08.67555"
[1] "Retrieving H3 Indexes for Buildings... 2025-04-25 12:47:08.676664"
[1] "Deleting Footprints... 2025-04-25 12:47:09.166959"
[1] "12 Files Succesfully Downloaded --- 2025-04-25 12:47:09"
[1] "Downloading Footprints for link 13 @ 2025-04-25 12:47:09.174166"
[1] "File Downloaded... unzipping... 2025-04-25 12:47:09.843038"
[1] "Reading in data and making spatial... 2025-04-25 12:47:09.895457"
[1] "Retrieving coordinates... 2025-04-25 12:47:10.043586"
[1] "Retrieving H3 Indexes for Buildings... 2025-04-25 12:47:10.044792"
[1] "Deleting Footprints... 2025-04-25 12:47:10.089957"
[1] "13 Files Succesfully Downloaded --- 2025-04-25 12:47:10"
[1] "Downloading Footprints for link 14 @ 2025-04-25 12:47:10.092831"
[1] "File Downloaded... unzipping... 2025-04-25 12:47:10.782218"
[1] "Reading in data and making spatial... 2025-04-25 12:47:10.82548"
[1] "Retrieving coordinates... 2025-04-25 12:47:11.018394"
[1] "Retrieving H3 Indexes for Buildings... 2025-04-25 12:47:11.019922"
[1] "Deleting Footprints... 2025-04-25 12:47:11.067429"
[1] "14 Files Succesfully Downloaded --- 2025-04-25 12:47:11"
[1] "Downloading Footprints for link 15 @ 2025-04-25 12:47:11.070954"
[1] "File Downloaded... unzipping... 2025-04-25 12:47:11.692498"
[1] "Reading in data and making spatial... 2025-04-25 12:47:11.851645"
[1] "Retrieving coordinates... 2025-04-25 12:47:12.027026"
[1] "Retrieving H3 Indexes for Buildings... 2025-04-25 12:47:12.028377"
[1] "Deleting Footprints... 2025-04-25 12:47:12.075109"
[1] "15 Files Succesfully Downloaded --- 2025-04-25 12:47:12"
[1] "Downloading Footprints for link 16 @ 2025-04-25 12:47:12.077346"
[1] "File Downloaded... unzipping... 2025-04-25 12:47:12.949054"
[1] "Reading in data and making spatial... 2025-04-25 12:47:13.00377"
[1] "Retrieving coordinates... 2025-04-25 12:47:13.419256"
[1] "Retrieving H3 Indexes for Buildings... 2025-04-25 12:47:13.422061"
[1] "Deleting Footprints... 2025-04-25 12:47:13.591103"
[1] "16 Files Succesfully Downloaded --- 2025-04-25 12:47:14"
[1] "Downloading Footprints for link 17 @ 2025-04-25 12:47:13.594316"
[1] "File Downloaded... unzipping... 2025-04-25 12:47:14.323133"
[1] "Reading in data and making spatial... 2025-04-25 12:47:14.374447"
[1] "Retrieving coordinates... 2025-04-25 12:47:14.592493"
[1] "Retrieving H3 Indexes for Buildings... 2025-04-25 12:47:14.59412"
[1] "Deleting Footprints... 2025-04-25 12:47:14.650231"
[1] "17 Files Succesfully Downloaded --- 2025-04-25 12:47:15"
[1] "Downloading Footprints for link 18 @ 2025-04-25 12:47:14.653845"
[1] "File Downloaded... unzipping... 2025-04-25 12:47:15.642814"
[1] "Reading in data and making spatial... 2025-04-25 12:47:15.711586"
[1] "Retrieving coordinates... 2025-04-25 12:47:16.408676"
[1] "Retrieving H3 Indexes for Buildings... 2025-04-25 12:47:16.412197"
[1] "Deleting Footprints... 2025-04-25 12:47:16.604349"
[1] "18 Files Succesfully Downloaded --- 2025-04-25 12:47:17"
[1] "Downloading Footprints for link 19 @ 2025-04-25 12:47:16.608951"
[1] "File Downloaded... unzipping... 2025-04-25 12:47:17.384179"
[1] "Reading in data and making spatial... 2025-04-25 12:47:17.439037"
[1] "Retrieving coordinates... 2025-04-25 12:47:17.635293"
[1] "Retrieving H3 Indexes for Buildings... 2025-04-25 12:47:17.636778"
[1] "Deleting Footprints... 2025-04-25 12:47:17.855638"
[1] "19 Files Succesfully Downloaded --- 2025-04-25 12:47:18"
[1] "Downloading Footprints for link 20 @ 2025-04-25 12:47:17.85753"
[1] "File Downloaded... unzipping... 2025-04-25 12:47:18.48072"
[1] "Reading in data and making spatial... 2025-04-25 12:47:18.533377"
[1] "Retrieving coordinates... 2025-04-25 12:47:18.743028"
[1] "Retrieving H3 Indexes for Buildings... 2025-04-25 12:47:18.744395"
[1] "Deleting Footprints... 2025-04-25 12:47:18.902906"
[1] "20 Files Succesfully Downloaded --- 2025-04-25 12:47:19"
[1] "Downloading Footprints for link 21 @ 2025-04-25 12:47:18.905465"
[1] "File Downloaded... unzipping... 2025-04-25 12:47:19.677411"
[1] "Reading in data and making spatial... 2025-04-25 12:47:19.732303"
[1] "Retrieving coordinates... 2025-04-25 12:47:20.015398"
[1] "Retrieving H3 Indexes for Buildings... 2025-04-25 12:47:20.017323"
[1] "Deleting Footprints... 2025-04-25 12:47:20.182622"
[1] "21 Files Succesfully Downloaded --- 2025-04-25 12:47:20"
[1] "Downloading Footprints for link 22 @ 2025-04-25 12:47:20.187402"
[1] "File Downloaded... unzipping... 2025-04-25 12:47:20.888477"
[1] "Reading in data and making spatial... 2025-04-25 12:47:20.93745"
[1] "Retrieving coordinates... 2025-04-25 12:47:21.152342"
[1] "Retrieving H3 Indexes for Buildings... 2025-04-25 12:47:21.153843"
[1] "Deleting Footprints... 2025-04-25 12:47:21.674693"
[1] "22 Files Succesfully Downloaded --- 2025-04-25 12:47:22"
[1] "Downloading Footprints for link 23 @ 2025-04-25 12:47:21.678292"
[1] "File Downloaded... unzipping... 2025-04-25 12:47:22.414205"
[1] "Reading in data and making spatial... 2025-04-25 12:47:22.446865"
[1] "Retrieving coordinates... 2025-04-25 12:47:22.627027"
[1] "Retrieving H3 Indexes for Buildings... 2025-04-25 12:47:22.628666"
[1] "Deleting Footprints... 2025-04-25 12:47:22.684511"
[1] "23 Files Succesfully Downloaded --- 2025-04-25 12:47:23"
[1] "Downloading Footprints for link 24 @ 2025-04-25 12:47:22.687456"
[1] "File Downloaded... unzipping... 2025-04-25 12:47:23.604504"
[1] "Reading in data and making spatial... 2025-04-25 12:47:23.803356"
[1] "Retrieving coordinates... 2025-04-25 12:47:24.240731"
[1] "Retrieving H3 Indexes for Buildings... 2025-04-25 12:47:24.244207"
[1] "Deleting Footprints... 2025-04-25 12:47:24.314193"
[1] "24 Files Succesfully Downloaded --- 2025-04-25 12:47:24"
[1] "Downloading Footprints for link 25 @ 2025-04-25 12:47:24.316023"
[1] "File Downloaded... unzipping... 2025-04-25 12:47:25.295132"
[1] "Reading in data and making spatial... 2025-04-25 12:47:25.327245"
[1] "Retrieving coordinates... 2025-04-25 12:47:25.482147"
[1] "Retrieving H3 Indexes for Buildings... 2025-04-25 12:47:25.483532"
[1] "Deleting Footprints... 2025-04-25 12:47:25.61998"
[1] "25 Files Succesfully Downloaded --- 2025-04-25 12:47:26"
[1] "Downloading Footprints for link 26 @ 2025-04-25 12:47:25.624087"
[1] "File Downloaded... unzipping... 2025-04-25 12:47:26.43947"
[1] "Reading in data and making spatial... 2025-04-25 12:47:26.475404"
[1] "Retrieving coordinates... 2025-04-25 12:47:26.698891"
[1] "Retrieving H3 Indexes for Buildings... 2025-04-25 12:47:26.700696"
[1] "Deleting Footprints... 2025-04-25 12:47:26.75502"
[1] "26 Files Succesfully Downloaded --- 2025-04-25 12:47:27"
[1] "Downloading Footprints for link 27 @ 2025-04-25 12:47:26.75692"
[1] "File Downloaded... unzipping... 2025-04-25 12:47:27.502019"
[1] "Reading in data and making spatial... 2025-04-25 12:47:27.53997"
[1] "Retrieving coordinates... 2025-04-25 12:47:27.747421"
[1] "Retrieving H3 Indexes for Buildings... 2025-04-25 12:47:27.749158"
[1] "Deleting Footprints... 2025-04-25 12:47:27.888621"
[1] "27 Files Succesfully Downloaded --- 2025-04-25 12:47:28"
[1] "Downloading Footprints for link 28 @ 2025-04-25 12:47:27.890365"
[1] "File Downloaded... unzipping... 2025-04-25 12:47:28.573321"
[1] "Reading in data and making spatial... 2025-04-25 12:47:28.601344"
[1] "Retrieving coordinates... 2025-04-25 12:47:28.700512"
[1] "Retrieving H3 Indexes for Buildings... 2025-04-25 12:47:28.701488"
[1] "Deleting Footprints... 2025-04-25 12:47:28.840962"
[1] "28 Files Succesfully Downloaded --- 2025-04-25 12:47:29"
[1] "Downloading Footprints for link 29 @ 2025-04-25 12:47:28.843959"
[1] "File Downloaded... unzipping... 2025-04-25 12:47:29.607515"
[1] "Reading in data and making spatial... 2025-04-25 12:47:29.641099"
[1] "Retrieving coordinates... 2025-04-25 12:47:29.809816"
[1] "Retrieving H3 Indexes for Buildings... 2025-04-25 12:47:29.811267"
[1] "Deleting Footprints... 2025-04-25 12:47:29.864395"
[1] "29 Files Succesfully Downloaded --- 2025-04-25 12:47:30"
[1] "Downloading Footprints for link 30 @ 2025-04-25 12:47:29.868195"
[1] "File Downloaded... unzipping... 2025-04-25 12:47:30.494118"
[1] "Reading in data and making spatial... 2025-04-25 12:47:30.52671"
[1] "Retrieving coordinates... 2025-04-25 12:47:30.697178"
[1] "Retrieving H3 Indexes for Buildings... 2025-04-25 12:47:30.698706"
[1] "Deleting Footprints... 2025-04-25 12:47:30.755721"
[1] "30 Files Succesfully Downloaded --- 2025-04-25 12:47:31"
[1] "Downloading Footprints for link 31 @ 2025-04-25 12:47:30.758054"
[1] "File Downloaded... unzipping... 2025-04-25 12:47:32.196177"
[1] "Reading in data and making spatial... 2025-04-25 12:47:32.230846"
[1] "Retrieving coordinates... 2025-04-25 12:47:32.427832"
[1] "Retrieving H3 Indexes for Buildings... 2025-04-25 12:47:32.429504"
[1] "Deleting Footprints... 2025-04-25 12:47:32.572665"
[1] "31 Files Succesfully Downloaded --- 2025-04-25 12:47:33"
[1] "Downloading Footprints for link 32 @ 2025-04-25 12:47:32.57509"
[1] "File Downloaded... unzipping... 2025-04-25 12:47:33.57212"
[1] "Reading in data and making spatial... 2025-04-25 12:47:33.65692"
[1] "Retrieving coordinates... 2025-04-25 12:47:34.436107"
[1] "Retrieving H3 Indexes for Buildings... 2025-04-25 12:47:34.440019"
[1] "Deleting Footprints... 2025-04-25 12:47:34.519143"
[1] "32 Files Succesfully Downloaded --- 2025-04-25 12:47:35"
[1] "Downloading Footprints for link 33 @ 2025-04-25 12:47:34.522049"
[1] "File Downloaded... unzipping... 2025-04-25 12:47:35.337574"
[1] "Reading in data and making spatial... 2025-04-25 12:47:35.479254"
[1] "Retrieving coordinates... 2025-04-25 12:47:35.719779"
[1] "Retrieving H3 Indexes for Buildings... 2025-04-25 12:47:35.72173"
[1] "Deleting Footprints... 2025-04-25 12:47:35.867987"
[1] "33 Files Succesfully Downloaded --- 2025-04-25 12:47:36"
[1] "Downloading Footprints for link 34 @ 2025-04-25 12:47:35.873095"
[1] "File Downloaded... unzipping... 2025-04-25 12:47:36.787054"
[1] "Reading in data and making spatial... 2025-04-25 12:47:36.82869"
[1] "Retrieving coordinates... 2025-04-25 12:47:37.067043"
[1] "Retrieving H3 Indexes for Buildings... 2025-04-25 12:47:37.068965"
[1] "Deleting Footprints... 2025-04-25 12:47:37.419046"
[1] "34 Files Succesfully Downloaded --- 2025-04-25 12:47:37"
[1] "Downloading Footprints for link 35 @ 2025-04-25 12:47:37.421979"
[1] "File Downloaded... unzipping... 2025-04-25 12:47:38.34617"
[1] "Reading in data and making spatial... 2025-04-25 12:47:38.445597"
[1] "Retrieving coordinates... 2025-04-25 12:47:38.728359"
[1] "Retrieving H3 Indexes for Buildings... 2025-04-25 12:47:38.73081"
[1] "Deleting Footprints... 2025-04-25 12:47:38.799348"
[1] "35 Files Succesfully Downloaded --- 2025-04-25 12:47:39"
[1] "Downloading Footprints for link 36 @ 2025-04-25 12:47:38.80281"
[1] "File Downloaded... unzipping... 2025-04-25 12:47:39.558342"
[1] "Reading in data and making spatial... 2025-04-25 12:47:39.790455"
[1] "Retrieving coordinates... 2025-04-25 12:47:40.065693"
[1] "Retrieving H3 Indexes for Buildings... 2025-04-25 12:47:40.067896"
[1] "Deleting Footprints... 2025-04-25 12:47:40.209637"
[1] "36 Files Succesfully Downloaded --- 2025-04-25 12:47:40"
[1] "Downloading Footprints for link 37 @ 2025-04-25 12:47:40.212727"
[1] "File Downloaded... unzipping... 2025-04-25 12:47:42.046694"
[1] "Reading in data and making spatial... 2025-04-25 12:47:42.235847"
[1] "Retrieving coordinates... 2025-04-25 12:47:42.821516"
[1] "Retrieving H3 Indexes for Buildings... 2025-04-25 12:47:42.826005"
[1] "Deleting Footprints... 2025-04-25 12:47:42.981509"
[1] "37 Files Succesfully Downloaded --- 2025-04-25 12:47:43"
[1] "Downloading Footprints for link 38 @ 2025-04-25 12:47:42.984244"
[1] "File Downloaded... unzipping... 2025-04-25 12:47:43.751035"
[1] "Reading in data and making spatial... 2025-04-25 12:47:44.053763"
[1] "Retrieving coordinates... 2025-04-25 12:47:44.318913"
[1] "Retrieving H3 Indexes for Buildings... 2025-04-25 12:47:44.32104"
[1] "Deleting Footprints... 2025-04-25 12:47:44.38261"
[1] "38 Files Succesfully Downloaded --- 2025-04-25 12:47:44"
[1] "Downloading Footprints for link 39 @ 2025-04-25 12:47:44.385749"
[1] "File Downloaded... unzipping... 2025-04-25 12:47:45.182284"
[1] "Reading in data and making spatial... 2025-04-25 12:47:45.219812"
[1] "Retrieving coordinates... 2025-04-25 12:47:45.48809"
[1] "Retrieving H3 Indexes for Buildings... 2025-04-25 12:47:45.4904"
[1] "Deleting Footprints... 2025-04-25 12:47:45.644492"
[1] "39 Files Succesfully Downloaded --- 2025-04-25 12:47:46"
[1] "Downloading Footprints for link 40 @ 2025-04-25 12:47:45.647464"
[1] "File Downloaded... unzipping... 2025-04-25 12:47:46.490315"
[1] "Reading in data and making spatial... 2025-04-25 12:47:46.871351"
[1] "Retrieving coordinates... 2025-04-25 12:47:47.157796"
[1] "Retrieving H3 Indexes for Buildings... 2025-04-25 12:47:47.159957"
[1] "Deleting Footprints... 2025-04-25 12:47:47.444737"
[1] "40 Files Succesfully Downloaded --- 2025-04-25 12:47:47"
[1] "Downloading Footprints for link 41 @ 2025-04-25 12:47:47.44756"
[1] "File Downloaded... unzipping... 2025-04-25 12:47:48.2677"
[1] "Reading in data and making spatial... 2025-04-25 12:47:48.810814"
[1] "Retrieving coordinates... 2025-04-25 12:47:49.206595"
[1] "Retrieving H3 Indexes for Buildings... 2025-04-25 12:47:49.20948"
[1] "Deleting Footprints... 2025-04-25 12:47:49.622805"
[1] "41 Files Succesfully Downloaded --- 2025-04-25 12:47:50"
[1] "Downloading Footprints for link 42 @ 2025-04-25 12:47:49.627644"
[1] "File Downloaded... unzipping... 2025-04-25 12:47:50.488724"
[1] "Reading in data and making spatial... 2025-04-25 12:47:50.692859"
[1] "Retrieving coordinates... 2025-04-25 12:47:51.074277"
[1] "Retrieving H3 Indexes for Buildings... 2025-04-25 12:47:51.077495"
[1] "Deleting Footprints... 2025-04-25 12:47:51.146546"
[1] "42 Files Succesfully Downloaded --- 2025-04-25 12:47:51"
[1] "Downloading Footprints for link 43 @ 2025-04-25 12:47:51.149388"
[1] "File Downloaded... unzipping... 2025-04-25 12:47:52.167097"
[1] "Reading in data and making spatial... 2025-04-25 12:47:52.262573"
[1] "Retrieving coordinates... 2025-04-25 12:47:53.681916"
[1] "Retrieving H3 Indexes for Buildings... 2025-04-25 12:47:53.690733"
[1] "Deleting Footprints... 2025-04-25 12:47:53.795834"
[1] "43 Files Succesfully Downloaded --- 2025-04-25 12:47:54"
[1] "Downloading Footprints for link 44 @ 2025-04-25 12:47:53.797637"
[1] "File Downloaded... unzipping... 2025-04-25 12:47:54.569574"
[1] "Reading in data and making spatial... 2025-04-25 12:47:54.607776"
[1] "Retrieving coordinates... 2025-04-25 12:47:54.951979"
[1] "Retrieving H3 Indexes for Buildings... 2025-04-25 12:47:54.953928"
[1] "Deleting Footprints... 2025-04-25 12:47:55.116943"
[1] "44 Files Succesfully Downloaded --- 2025-04-25 12:47:55"
[1] "Downloading Footprints for link 45 @ 2025-04-25 12:47:55.119046"
[1] "File Downloaded... unzipping... 2025-04-25 12:47:55.893566"
[1] "Reading in data and making spatial... 2025-04-25 12:47:56.145849"
[1] "Retrieving coordinates... 2025-04-25 12:47:56.464931"
[1] "Retrieving H3 Indexes for Buildings... 2025-04-25 12:47:56.46749"
[1] "Deleting Footprints... 2025-04-25 12:47:56.537652"
[1] "45 Files Succesfully Downloaded --- 2025-04-25 12:47:57"
[1] "Downloading Footprints for link 46 @ 2025-04-25 12:47:56.540487"
[1] "File Downloaded... unzipping... 2025-04-25 12:47:57.606607"
[1] "Reading in data and making spatial... 2025-04-25 12:47:57.859812"
[1] "Retrieving coordinates... 2025-04-25 12:47:59.245725"
[1] "Retrieving H3 Indexes for Buildings... 2025-04-25 12:47:59.253"
[1] "Deleting Footprints... 2025-04-25 12:47:59.79456"
[1] "46 Files Succesfully Downloaded --- 2025-04-25 12:48:00"
[1] "Downloading Footprints for link 47 @ 2025-04-25 12:47:59.797692"
[1] "File Downloaded... unzipping... 2025-04-25 12:48:01.305133"
[1] "Reading in data and making spatial... 2025-04-25 12:48:01.610669"
[1] "Retrieving coordinates... 2025-04-25 12:48:09.68225"
[1] "Retrieving H3 Indexes for Buildings... 2025-04-25 12:48:09.716544"
[1] "Deleting Footprints... 2025-04-25 12:48:09.964608"
[1] "47 Files Succesfully Downloaded --- 2025-04-25 12:48:10"
[1] "Downloading Footprints for link 48 @ 2025-04-25 12:48:09.967458"
[1] "File Downloaded... unzipping... 2025-04-25 12:48:11.214971"
[1] "Reading in data and making spatial... 2025-04-25 12:48:11.380898"
[1] "Retrieving coordinates... 2025-04-25 12:48:14.905751"
[1] "Retrieving H3 Indexes for Buildings... 2025-04-25 12:48:14.920015"
[1] "Deleting Footprints... 2025-04-25 12:48:15.090714"
[1] "48 Files Succesfully Downloaded --- 2025-04-25 12:48:15"
[1] "Downloading Footprints for link 49 @ 2025-04-25 12:48:15.094241"
[1] "File Downloaded... unzipping... 2025-04-25 12:48:16.184775"
[1] "Reading in data and making spatial... 2025-04-25 12:48:16.477264"
[1] "Retrieving coordinates... 2025-04-25 12:48:18.220823"
[1] "Retrieving H3 Indexes for Buildings... 2025-04-25 12:48:18.228001"
[1] "Deleting Footprints... 2025-04-25 12:48:18.341559"
[1] "49 Files Succesfully Downloaded --- 2025-04-25 12:48:18"
[1] "Downloading Footprints for link 50 @ 2025-04-25 12:48:18.343489"
[1] "File Downloaded... unzipping... 2025-04-25 12:48:19.68186"
[1] "Reading in data and making spatial... 2025-04-25 12:48:19.804418"
[1] "Retrieving coordinates... 2025-04-25 12:48:20.72275"
[1] "Retrieving H3 Indexes for Buildings... 2025-04-25 12:48:20.728014"
[1] "Deleting Footprints... 2025-04-25 12:48:20.828475"
[1] "50 Files Succesfully Downloaded --- 2025-04-25 12:48:21"
[1] "Downloading Footprints for link 51 @ 2025-04-25 12:48:20.831911"
[1] "File Downloaded... unzipping... 2025-04-25 12:48:21.788954"
[1] "Reading in data and making spatial... 2025-04-25 12:48:21.863102"
[1] "Retrieving coordinates... 2025-04-25 12:48:22.594613"
[1] "Retrieving H3 Indexes for Buildings... 2025-04-25 12:48:22.598306"
[1] "Deleting Footprints... 2025-04-25 12:48:23.002904"
[1] "51 Files Succesfully Downloaded --- 2025-04-25 12:48:23"
[1] "Downloading Footprints for link 52 @ 2025-04-25 12:48:23.006733"
[1] "File Downloaded... unzipping... 2025-04-25 12:48:23.836242"
[1] "Reading in data and making spatial... 2025-04-25 12:48:23.989594"
[1] "Retrieving coordinates... 2025-04-25 12:48:24.352682"
[1] "Retrieving H3 Indexes for Buildings... 2025-04-25 12:48:24.355238"
[1] "Deleting Footprints... 2025-04-25 12:48:24.842921"
[1] "52 Files Succesfully Downloaded --- 2025-04-25 12:48:25"
[1] "Downloading Footprints for link 53 @ 2025-04-25 12:48:24.846789"
[1] "File Downloaded... unzipping... 2025-04-25 12:48:25.888785"
[1] "Reading in data and making spatial... 2025-04-25 12:48:26.01536"
[1] "Retrieving coordinates... 2025-04-25 12:48:26.66223"
[1] "Retrieving H3 Indexes for Buildings... 2025-04-25 12:48:26.666639"
[1] "Deleting Footprints... 2025-04-25 12:48:26.769204"
[1] "53 Files Succesfully Downloaded --- 2025-04-25 12:48:27"
[1] "Downloading Footprints for link 54 @ 2025-04-25 12:48:26.770974"
[1] "File Downloaded... unzipping... 2025-04-25 12:48:27.663777"
[1] "Reading in data and making spatial... 2025-04-25 12:48:27.758705"
[1] "Retrieving coordinates... 2025-04-25 12:48:28.244565"
[1] "Retrieving H3 Indexes for Buildings... 2025-04-25 12:48:28.247548"
[1] "Deleting Footprints... 2025-04-25 12:48:28.711815"
[1] "54 Files Succesfully Downloaded --- 2025-04-25 12:48:29"
[1] "Downloading Footprints for link 55 @ 2025-04-25 12:48:28.714221"
[1] "File Downloaded... unzipping... 2025-04-25 12:48:29.579613"
[1] "Reading in data and making spatial... 2025-04-25 12:48:29.899282"
[1] "Retrieving coordinates... 2025-04-25 12:48:30.313278"
[1] "Retrieving H3 Indexes for Buildings... 2025-04-25 12:48:30.316697"
[1] "Deleting Footprints... 2025-04-25 12:48:30.500534"
[1] "55 Files Succesfully Downloaded --- 2025-04-25 12:48:31"
[1] "Downloading Footprints for link 56 @ 2025-04-25 12:48:30.503901"
[1] "File Downloaded... unzipping... 2025-04-25 12:48:31.696011"
[1] "Reading in data and making spatial... 2025-04-25 12:48:31.790655"
[1] "Retrieving coordinates... 2025-04-25 12:48:33.682538"
[1] "Retrieving H3 Indexes for Buildings... 2025-04-25 12:48:33.69176"
[1] "Deleting Footprints... 2025-04-25 12:48:33.825635"
[1] "56 Files Succesfully Downloaded --- 2025-04-25 12:48:34"
[1] "Downloading Footprints for link 57 @ 2025-04-25 12:48:33.828213"
[1] "File Downloaded... unzipping... 2025-04-25 12:48:34.698258"
[1] "Reading in data and making spatial... 2025-04-25 12:48:34.99052"
[1] "Retrieving coordinates... 2025-04-25 12:48:35.461149"
[1] "Retrieving H3 Indexes for Buildings... 2025-04-25 12:48:35.464122"
[1] "Deleting Footprints... 2025-04-25 12:48:35.559936"
[1] "57 Files Succesfully Downloaded --- 2025-04-25 12:48:36"
[1] "Downloading Footprints for link 58 @ 2025-04-25 12:48:35.56162"
[1] "File Downloaded... unzipping... 2025-04-25 12:48:39.587056"
[1] "Reading in data and making spatial... 2025-04-25 12:48:39.718423"
[1] "Retrieving coordinates... 2025-04-25 12:48:41.884002"
[1] "Retrieving H3 Indexes for Buildings... 2025-04-25 12:48:41.892284"
[1] "Deleting Footprints... 2025-04-25 12:48:42.125941"
[1] "58 Files Succesfully Downloaded --- 2025-04-25 12:48:42"
[1] "Downloading Footprints for link 59 @ 2025-04-25 12:48:42.129598"
[1] "File Downloaded... unzipping... 2025-04-25 12:48:43.38929"
[1] "Reading in data and making spatial... 2025-04-25 12:48:43.813753"
[1] "Retrieving coordinates... 2025-04-25 12:48:44.934341"
[1] "Retrieving H3 Indexes for Buildings... 2025-04-25 12:48:44.938633"
[1] "Deleting Footprints... 2025-04-25 12:48:45.050124"
[1] "59 Files Succesfully Downloaded --- 2025-04-25 12:48:45"
[1] "Downloading Footprints for link 60 @ 2025-04-25 12:48:45.052579"
[1] "File Downloaded... unzipping... 2025-04-25 12:48:46.004839"
[1] "Reading in data and making spatial... 2025-04-25 12:48:46.099995"
[1] "Retrieving coordinates... 2025-04-25 12:48:46.575033"
[1] "Retrieving H3 Indexes for Buildings... 2025-04-25 12:48:46.577753"
[1] "Deleting Footprints... 2025-04-25 12:48:46.671071"
[1] "60 Files Succesfully Downloaded --- 2025-04-25 12:48:47"
[1] "Downloading Footprints for link 61 @ 2025-04-25 12:48:46.674244"
[1] "File Downloaded... unzipping... 2025-04-25 12:48:47.742769"
[1] "Reading in data and making spatial... 2025-04-25 12:48:47.90096"
[1] "Retrieving coordinates... 2025-04-25 12:48:48.962466"
[1] "Retrieving H3 Indexes for Buildings... 2025-04-25 12:48:48.968036"
[1] "Deleting Footprints... 2025-04-25 12:48:49.254675"
[1] "61 Files Succesfully Downloaded --- 2025-04-25 12:48:49"
[1] "Downloading Footprints for link 62 @ 2025-04-25 12:48:49.257341"
[1] "File Downloaded... unzipping... 2025-04-25 12:48:50.517836"
[1] "Reading in data and making spatial... 2025-04-25 12:48:50.973824"
[1] "Retrieving coordinates... 2025-04-25 12:48:54.10597"
[1] "Retrieving H3 Indexes for Buildings... 2025-04-25 12:48:54.124204"
[1] "Deleting Footprints... 2025-04-25 12:48:54.411498"
[1] "62 Files Succesfully Downloaded --- 2025-04-25 12:48:54"
[1] "Downloading Footprints for link 63 @ 2025-04-25 12:48:54.413959"
[1] "File Downloaded... unzipping... 2025-04-25 12:48:55.405951"
[1] "Reading in data and making spatial... 2025-04-25 12:48:55.610253"
[1] "Retrieving coordinates... 2025-04-25 12:48:56.764217"
[1] "Retrieving H3 Indexes for Buildings... 2025-04-25 12:48:56.768782"
[1] "Deleting Footprints... 2025-04-25 12:48:56.878022"
[1] "63 Files Succesfully Downloaded --- 2025-04-25 12:48:57"
[1] "Downloading Footprints for link 64 @ 2025-04-25 12:48:56.879779"
[1] "File Downloaded... unzipping... 2025-04-25 12:48:58.06055"
[1] "Reading in data and making spatial... 2025-04-25 12:48:58.649764"
[1] "Retrieving coordinates... 2025-04-25 12:49:02.497351"
[1] "Retrieving H3 Indexes for Buildings... 2025-04-25 12:49:02.514624"
[1] "Deleting Footprints... 2025-04-25 12:49:03.307717"
[1] "64 Files Succesfully Downloaded --- 2025-04-25 12:49:03"
[1] "Downloading Footprints for link 65 @ 2025-04-25 12:49:03.310043"
[1] "File Downloaded... unzipping... 2025-04-25 12:49:04.898502"
[1] "Reading in data and making spatial... 2025-04-25 12:49:05.000251"
[1] "Retrieving coordinates... 2025-04-25 12:49:06.331653"
[1] "Retrieving H3 Indexes for Buildings... 2025-04-25 12:49:06.339333"
[1] "Deleting Footprints... 2025-04-25 12:49:06.978655"
[1] "65 Files Succesfully Downloaded --- 2025-04-25 12:49:07"
[1] "Downloading Footprints for link 66 @ 2025-04-25 12:49:06.982629"
[1] "File Downloaded... unzipping... 2025-04-25 12:49:07.821027"
[1] "Reading in data and making spatial... 2025-04-25 12:49:07.926264"
[1] "Retrieving coordinates... 2025-04-25 12:49:08.381774"
[1] "Retrieving H3 Indexes for Buildings... 2025-04-25 12:49:08.385456"
[1] "Deleting Footprints... 2025-04-25 12:49:08.865172"
[1] "66 Files Succesfully Downloaded --- 2025-04-25 12:49:09"
[1] "Downloading Footprints for link 67 @ 2025-04-25 12:49:08.867817"
[1] "File Downloaded... unzipping... 2025-04-25 12:49:09.944339"
[1] "Reading in data and making spatial... 2025-04-25 12:49:10.01442"
[1] "Retrieving coordinates... 2025-04-25 12:49:11.032977"
[1] "Retrieving H3 Indexes for Buildings... 2025-04-25 12:49:11.039039"
[1] "Deleting Footprints... 2025-04-25 12:49:11.657341"
[1] "67 Files Succesfully Downloaded --- 2025-04-25 12:49:12"
[1] "Downloading Footprints for link 68 @ 2025-04-25 12:49:11.660081"
[1] "File Downloaded... unzipping... 2025-04-25 12:49:12.636366"
[1] "Reading in data and making spatial... 2025-04-25 12:49:12.697806"
[1] "Retrieving coordinates... 2025-04-25 12:49:13.299932"
[1] "Retrieving H3 Indexes for Buildings... 2025-04-25 12:49:13.304127"
[1] "Deleting Footprints... 2025-04-25 12:49:13.890349"
[1] "68 Files Succesfully Downloaded --- 2025-04-25 12:49:14"
[1] "Downloading Footprints for link 69 @ 2025-04-25 12:49:13.894371"
[1] "File Downloaded... unzipping... 2025-04-25 12:49:14.502784"
[1] "Reading in data and making spatial... 2025-04-25 12:49:14.531834"
[1] "Retrieving coordinates... 2025-04-25 12:49:14.621449"
[1] "Retrieving H3 Indexes for Buildings... 2025-04-25 12:49:14.62249"
[1] "Deleting Footprints... 2025-04-25 12:49:15.146946"
[1] "69 Files Succesfully Downloaded --- 2025-04-25 12:49:15"
[1] "Downloading Footprints for link 70 @ 2025-04-25 12:49:15.149551"
[1] "File Downloaded... unzipping... 2025-04-25 12:49:15.827736"
[1] "Reading in data and making spatial... 2025-04-25 12:49:15.862952"
[1] "Retrieving coordinates... 2025-04-25 12:49:16.075992"
[1] "Retrieving H3 Indexes for Buildings... 2025-04-25 12:49:16.077946"
[1] "Deleting Footprints... 2025-04-25 12:49:16.630898"
[1] "70 Files Succesfully Downloaded --- 2025-04-25 12:49:17"
[1] "Downloading Footprints for link 71 @ 2025-04-25 12:49:16.633174"
[1] "File Downloaded... unzipping... 2025-04-25 12:49:17.213412"
[1] "Reading in data and making spatial... 2025-04-25 12:49:17.241806"
[1] "Retrieving coordinates... 2025-04-25 12:49:17.307815"
[1] "Retrieving H3 Indexes for Buildings... 2025-04-25 12:49:17.308601"
[1] "Deleting Footprints... 2025-04-25 12:49:17.493773"
[1] "71 Files Succesfully Downloaded --- 2025-04-25 12:49:17"
[1] "Downloading Footprints for link 72 @ 2025-04-25 12:49:17.496628"
[1] "File Downloaded... unzipping... 2025-04-25 12:49:18.17863"
[1] "Reading in data and making spatial... 2025-04-25 12:49:18.312768"
[1] "Retrieving coordinates... 2025-04-25 12:49:18.455928"
[1] "Retrieving H3 Indexes for Buildings... 2025-04-25 12:49:18.457388"
[1] "Deleting Footprints... 2025-04-25 12:49:18.787695"
[1] "72 Files Succesfully Downloaded --- 2025-04-25 12:49:19"
[1] "Downloading Footprints for link 73 @ 2025-04-25 12:49:18.790726"
[1] "File Downloaded... unzipping... 2025-04-25 12:49:19.365234"
[1] "Reading in data and making spatial... 2025-04-25 12:49:19.396096"
[1] "Retrieving coordinates... 2025-04-25 12:49:19.48367"
[1] "Retrieving H3 Indexes for Buildings... 2025-04-25 12:49:19.484685"
[1] "Deleting Footprints... 2025-04-25 12:49:19.888452"
[1] "73 Files Succesfully Downloaded --- 2025-04-25 12:49:20"
[1] "Downloading Footprints for link 74 @ 2025-04-25 12:49:19.893433"
[1] "File Downloaded... unzipping... 2025-04-25 12:49:20.510768"
[1] "Reading in data and making spatial... 2025-04-25 12:49:20.541544"
[1] "Retrieving coordinates... 2025-04-25 12:49:20.671465"
[1] "Retrieving H3 Indexes for Buildings... 2025-04-25 12:49:20.672894"
[1] "Deleting Footprints... 2025-04-25 12:49:20.870772"
[1] "74 Files Succesfully Downloaded --- 2025-04-25 12:49:21"
[1] "Downloading Footprints for link 75 @ 2025-04-25 12:49:20.875297"
[1] "File Downloaded... unzipping... 2025-04-25 12:49:21.637887"
[1] "Reading in data and making spatial... 2025-04-25 12:49:21.78049"
[1] "Retrieving coordinates... 2025-04-25 12:49:21.914377"
[1] "Retrieving H3 Indexes for Buildings... 2025-04-25 12:49:21.915675"
[1] "Deleting Footprints... 2025-04-25 12:49:22.235933"
[1] "75 Files Succesfully Downloaded --- 2025-04-25 12:49:22"
[1] "Downloading Footprints for link 76 @ 2025-04-25 12:49:22.239253"
[1] "File Downloaded... unzipping... 2025-04-25 12:49:23.134033"
[1] "Reading in data and making spatial... 2025-04-25 12:49:23.210733"
[1] "Retrieving coordinates... 2025-04-25 12:49:23.520868"
[1] "Retrieving H3 Indexes for Buildings... 2025-04-25 12:49:23.523673"
[1] "Deleting Footprints... 2025-04-25 12:49:23.942864"
[1] "76 Files Succesfully Downloaded --- 2025-04-25 12:49:24"
[1] "Downloading Footprints for link 77 @ 2025-04-25 12:49:23.946395"
[1] "File Downloaded... unzipping... 2025-04-25 12:49:24.606458"
[1] "Reading in data and making spatial... 2025-04-25 12:49:24.639788"
[1] "Retrieving coordinates... 2025-04-25 12:49:24.838276"
[1] "Retrieving H3 Indexes for Buildings... 2025-04-25 12:49:24.839979"
[1] "Deleting Footprints... 2025-04-25 12:49:25.198307"
[1] "77 Files Succesfully Downloaded --- 2025-04-25 12:49:25"
[1] "Downloading Footprints for link 78 @ 2025-04-25 12:49:25.199142"
[1] "File Downloaded... unzipping... 2025-04-25 12:49:25.977558"
[1] "Reading in data and making spatial... 2025-04-25 12:49:26.102093"
[1] "Retrieving coordinates... 2025-04-25 12:49:26.422641"
[1] "Retrieving H3 Indexes for Buildings... 2025-04-25 12:49:26.425545"
[1] "Deleting Footprints... 2025-04-25 12:49:26.654063"
[1] "78 Files Succesfully Downloaded --- 2025-04-25 12:49:27"
[1] "Downloading Footprints for link 79 @ 2025-04-25 12:49:26.656161"
[1] "File Downloaded... unzipping... 2025-04-25 12:49:27.498652"
[1] "Reading in data and making spatial... 2025-04-25 12:49:27.640343"
[1] "Retrieving coordinates... 2025-04-25 12:49:27.880124"
[1] "Retrieving H3 Indexes for Buildings... 2025-04-25 12:49:27.882049"
[1] "Deleting Footprints... 2025-04-25 12:49:28.353684"
[1] "79 Files Succesfully Downloaded --- 2025-04-25 12:49:28"
[1] "Downloading Footprints for link 80 @ 2025-04-25 12:49:28.355833"
[1] "File Downloaded... unzipping... 2025-04-25 12:49:29.14215"
[1] "Reading in data and making spatial... 2025-04-25 12:49:29.221573"
[1] "Retrieving coordinates... 2025-04-25 12:49:29.536365"
[1] "Retrieving H3 Indexes for Buildings... 2025-04-25 12:49:29.539111"
[1] "Deleting Footprints... 2025-04-25 12:49:30.077639"
[1] "80 Files Succesfully Downloaded --- 2025-04-25 12:49:30"
[1] "Downloading Footprints for link 81 @ 2025-04-25 12:49:30.080655"
[1] "File Downloaded... unzipping... 2025-04-25 12:49:30.848581"
[1] "Reading in data and making spatial... 2025-04-25 12:49:30.909477"
[1] "Retrieving coordinates... 2025-04-25 12:49:31.292747"
[1] "Retrieving H3 Indexes for Buildings... 2025-04-25 12:49:31.296314"
[1] "Deleting Footprints... 2025-04-25 12:49:31.763404"
[1] "81 Files Succesfully Downloaded --- 2025-04-25 12:49:32"
[1] "Downloading Footprints for link 82 @ 2025-04-25 12:49:31.766741"
[1] "File Downloaded... unzipping... 2025-04-25 12:49:32.79033"
[1] "Reading in data and making spatial... 2025-04-25 12:49:32.890151"
[1] "Retrieving coordinates... 2025-04-25 12:49:33.625678"
[1] "Retrieving H3 Indexes for Buildings... 2025-04-25 12:49:33.630523"
[1] "Deleting Footprints... 2025-04-25 12:49:34.121756"
[1] "82 Files Succesfully Downloaded --- 2025-04-25 12:49:34"
[1] "Downloading Footprints for link 83 @ 2025-04-25 12:49:34.124183"
[1] "File Downloaded... unzipping... 2025-04-25 12:49:35.112223"
[1] "Reading in data and making spatial... 2025-04-25 12:49:35.174854"
[1] "Retrieving coordinates... 2025-04-25 12:49:35.781857"
[1] "Retrieving H3 Indexes for Buildings... 2025-04-25 12:49:35.785941"
[1] "Deleting Footprints... 2025-04-25 12:49:36.408108"
[1] "83 Files Succesfully Downloaded --- 2025-04-25 12:49:36"
[1] "SCRIPT COMPLETE @ 2025-04-25 12:49:38"
