[1] "Starting at: 2025-04-25 12:46:08"
[1] "Loading Links at: 2025-04-25 12:46:30"
[1] "quadkeys to download: 44"
[1] "Downloading and Joining footprints to Hex @ 2025-04-25 12:46:30"
[1] "Downloading Footprints for link 1 @ 2025-04-25 12:46:30.212789"
[1] "File Downloaded... unzipping... 2025-04-25 12:46:31.535836"
[1] "Reading in data and making spatial... 2025-04-25 12:46:31.739504"
[1] "Retrieving coordinates... 2025-04-25 12:46:34.866845"
[1] "Retrieving H3 Indexes for Buildings... 2025-04-25 12:46:34.877326"
[1] "Deleting Footprints... 2025-04-25 12:46:34.937602"
[1] "1 Files Succesfully Downloaded --- 2025-04-25 12:46:35"
[1] "Downloading Footprints for link 2 @ 2025-04-25 12:46:34.939914"
[1] "File Downloaded... unzipping... 2025-04-25 12:46:36.86513"
[1] "Reading in data and making spatial... 2025-04-25 12:46:37.022281"
[1] "Retrieving coordinates... 2025-04-25 12:46:38.624856"
[1] "Retrieving H3 Indexes for Buildings... 2025-04-25 12:46:38.63569"
[1] "Deleting Footprints... 2025-04-25 12:46:38.703418"
[1] "2 Files Succesfully Downloaded --- 2025-04-25 12:46:39"
[1] "Downloading Footprints for link 3 @ 2025-04-25 12:46:38.705827"
[1] "File Downloaded... unzipping... 2025-04-25 12:46:39.704271"
[1] "Reading in data and making spatial... 2025-04-25 12:46:40.083017"
[1] "Retrieving coordinates... 2025-04-25 12:46:41.55073"
[1] "Retrieving H3 Indexes for Buildings... 2025-04-25 12:46:41.568067"
[1] "Deleting Footprints... 2025-04-25 12:46:41.616375"
[1] "3 Files Succesfully Downloaded --- 2025-04-25 12:46:42"
[1] "Downloading Footprints for link 4 @ 2025-04-25 12:46:41.618451"
[1] "File Downloaded... unzipping... 2025-04-25 12:46:43.015208"
[1] "Reading in data and making spatial... 2025-04-25 12:46:43.21549"
[1] "Retrieving coordinates... 2025-04-25 12:46:50.472955"
[1] "Retrieving H3 Indexes for Buildings... 2025-04-25 12:46:50.49378"
[1] "Deleting Footprints... 2025-04-25 12:46:50.617624"
[1] "4 Files Succesfully Downloaded --- 2025-04-25 12:46:51"
[1] "Downloading Footprints for link 5 @ 2025-04-25 12:46:50.62035"
[1] "File Downloaded... unzipping... 2025-04-25 12:46:52.019113"
[1] "Reading in data and making spatial... 2025-04-25 12:46:52.323203"
[1] "Retrieving coordinates... 2025-04-25 12:46:53.808251"
[1] "Retrieving H3 Indexes for Buildings... 2025-04-25 12:46:53.815482"
[1] "Deleting Footprints... 2025-04-25 12:46:54.601166"
[1] "5 Files Succesfully Downloaded --- 2025-04-25 12:46:55"
[1] "Downloading Footprints for link 6 @ 2025-04-25 12:46:54.604526"
[1] "File Downloaded... unzipping... 2025-04-25 12:46:55.678349"
[1] "Reading in data and making spatial... 2025-04-25 12:46:55.758377"
[1] "Retrieving coordinates... 2025-04-25 12:46:56.673072"
[1] "Retrieving H3 Indexes for Buildings... 2025-04-25 12:46:56.679486"
[1] "Deleting Footprints... 2025-04-25 12:46:56.727382"
[1] "6 Files Succesfully Downloaded --- 2025-04-25 12:46:57"
[1] "Downloading Footprints for link 7 @ 2025-04-25 12:46:56.73025"
[1] "File Downloaded... unzipping... 2025-04-25 12:46:57.901461"
[1] "Reading in data and making spatial... 2025-04-25 12:46:58.024876"
[1] "Retrieving coordinates... 2025-04-25 12:46:59.147133"
[1] "Retrieving H3 Indexes for Buildings... 2025-04-25 12:46:59.155469"
[1] "Deleting Footprints... 2025-04-25 12:46:59.318408"
[1] "7 Files Succesfully Downloaded --- 2025-04-25 12:46:59"
[1] "Downloading Footprints for link 8 @ 2025-04-25 12:46:59.321612"
[1] "File Downloaded... unzipping... 2025-04-25 12:47:01.027607"
[1] "Reading in data and making spatial... 2025-04-25 12:47:01.161505"
[1] "Retrieving coordinates... 2025-04-25 12:47:02.998628"
[1] "Retrieving H3 Indexes for Buildings... 2025-04-25 12:47:03.010215"
[1] "Deleting Footprints... 2025-04-25 12:47:03.098477"
[1] "8 Files Succesfully Downloaded --- 2025-04-25 12:47:03"
[1] "Downloading Footprints for link 9 @ 2025-04-25 12:47:03.101163"
[1] "File Downloaded... unzipping... 2025-04-25 12:47:04.918826"
[1] "Reading in data and making spatial... 2025-04-25 12:47:05.034458"
[1] "Retrieving coordinates... 2025-04-25 12:47:07.141405"
[1] "Retrieving H3 Indexes for Buildings... 2025-04-25 12:47:07.152818"
[1] "Deleting Footprints... 2025-04-25 12:47:07.367027"
[1] "9 Files Succesfully Downloaded --- 2025-04-25 12:47:07"
[1] "Downloading Footprints for link 10 @ 2025-04-25 12:47:07.370796"
[1] "File Downloaded... unzipping... 2025-04-25 12:47:08.373275"
[1] "Reading in data and making spatial... 2025-04-25 12:47:08.464665"
[1] "Retrieving coordinates... 2025-04-25 12:47:10.222201"
[1] "Retrieving H3 Indexes for Buildings... 2025-04-25 12:47:10.230015"
[1] "Deleting Footprints... 2025-04-25 12:47:10.292627"
[1] "10 Files Succesfully Downloaded --- 2025-04-25 12:47:10"
[1] "Downloading Footprints for link 11 @ 2025-04-25 12:47:10.295717"
[1] "File Downloaded... unzipping... 2025-04-25 12:47:11.223224"
[1] "Reading in data and making spatial... 2025-04-25 12:47:11.470906"
[1] "Retrieving coordinates... 2025-04-25 12:47:12.46214"
[1] "Retrieving H3 Indexes for Buildings... 2025-04-25 12:47:12.469211"
[1] "Deleting Footprints... 2025-04-25 12:47:12.534057"
[1] "11 Files Succesfully Downloaded --- 2025-04-25 12:47:13"
[1] "Downloading Footprints for link 12 @ 2025-04-25 12:47:12.536823"
[1] "File Downloaded... unzipping... 2025-04-25 12:47:13.535716"
[1] "Reading in data and making spatial... 2025-04-25 12:47:13.615562"
[1] "Retrieving coordinates... 2025-04-25 12:47:14.436398"
[1] "Retrieving H3 Indexes for Buildings... 2025-04-25 12:47:14.441416"
[1] "Deleting Footprints... 2025-04-25 12:47:14.49692"
[1] "12 Files Succesfully Downloaded --- 2025-04-25 12:47:14"
[1] "Downloading Footprints for link 13 @ 2025-04-25 12:47:14.498747"
[1] "File Downloaded... unzipping... 2025-04-25 12:47:15.649563"
[1] "Reading in data and making spatial... 2025-04-25 12:47:15.972578"
[1] "Retrieving coordinates... 2025-04-25 12:47:18.215533"
[1] "Retrieving H3 Indexes for Buildings... 2025-04-25 12:47:18.228106"
[1] "Deleting Footprints... 2025-04-25 12:47:18.623788"
[1] "13 Files Succesfully Downloaded --- 2025-04-25 12:47:19"
[1] "Downloading Footprints for link 14 @ 2025-04-25 12:47:18.628276"
[1] "File Downloaded... unzipping... 2025-04-25 12:47:20.077816"
[1] "Reading in data and making spatial... 2025-04-25 12:47:21.325483"
[1] "Retrieving coordinates... 2025-04-25 12:47:26.673038"
[1] "Retrieving H3 Indexes for Buildings... 2025-04-25 12:47:26.708172"
[1] "Deleting Footprints... 2025-04-25 12:47:26.898154"
[1] "14 Files Succesfully Downloaded --- 2025-04-25 12:47:27"
[1] "Downloading Footprints for link 15 @ 2025-04-25 12:47:26.900661"
[1] "File Downloaded... unzipping... 2025-04-25 12:47:27.98727"
[1] "Reading in data and making spatial... 2025-04-25 12:47:28.619055"
[1] "Retrieving coordinates... 2025-04-25 12:47:31.119256"
[1] "Retrieving H3 Indexes for Buildings... 2025-04-25 12:47:31.130049"
[1] "Deleting Footprints... 2025-04-25 12:47:31.22852"
[1] "15 Files Succesfully Downloaded --- 2025-04-25 12:47:31"
[1] "Downloading Footprints for link 16 @ 2025-04-25 12:47:31.229297"
[1] "File Downloaded... unzipping... 2025-04-25 12:47:32.453086"
[1] "Reading in data and making spatial... 2025-04-25 12:47:32.580778"
[1] "Retrieving coordinates... 2025-04-25 12:47:34.796416"
[1] "Retrieving H3 Indexes for Buildings... 2025-04-25 12:47:34.808444"
[1] "Deleting Footprints... 2025-04-25 12:47:35.379407"
[1] "16 Files Succesfully Downloaded --- 2025-04-25 12:47:35"
[1] "Downloading Footprints for link 17 @ 2025-04-25 12:47:35.383376"
[1] "File Downloaded... unzipping... 2025-04-25 12:47:36.482226"
[1] "Reading in data and making spatial... 2025-04-25 12:47:36.585149"
[1] "Retrieving coordinates... 2025-04-25 12:47:37.995609"
[1] "Retrieving H3 Indexes for Buildings... 2025-04-25 12:47:38.005219"
[1] "Deleting Footprints... 2025-04-25 12:47:38.102937"
[1] "17 Files Succesfully Downloaded --- 2025-04-25 12:47:38"
[1] "Downloading Footprints for link 18 @ 2025-04-25 12:47:38.107406"
[1] "File Downloaded... unzipping... 2025-04-25 12:47:39.791125"
[1] "Reading in data and making spatial... 2025-04-25 12:47:40.04684"
[1] "Retrieving coordinates... 2025-04-25 12:47:42.007806"
[1] "Retrieving H3 Indexes for Buildings... 2025-04-25 12:47:42.018448"
[1] "Deleting Footprints... 2025-04-25 12:47:42.133277"
[1] "18 Files Succesfully Downloaded --- 2025-04-25 12:47:42"
[1] "Downloading Footprints for link 19 @ 2025-04-25 12:47:42.135522"
[1] "File Downloaded... unzipping... 2025-04-25 12:47:45.360847"
[1] "Reading in data and making spatial... 2025-04-25 12:47:45.722112"
[1] "Retrieving coordinates... 2025-04-25 12:47:51.893248"
[1] "Retrieving H3 Indexes for Buildings... 2025-04-25 12:47:51.923362"
[1] "Deleting Footprints... 2025-04-25 12:47:52.137854"
[1] "19 Files Succesfully Downloaded --- 2025-04-25 12:47:52"
[1] "Downloading Footprints for link 20 @ 2025-04-25 12:47:52.140259"
[1] "File Downloaded... unzipping... 2025-04-25 12:47:53.39438"
[1] "Reading in data and making spatial... 2025-04-25 12:47:53.536427"
[1] "Retrieving coordinates... 2025-04-25 12:47:56.341867"
[1] "Retrieving H3 Indexes for Buildings... 2025-04-25 12:47:56.35483"
[1] "Deleting Footprints... 2025-04-25 12:47:56.844175"
[1] "20 Files Succesfully Downloaded --- 2025-04-25 12:47:57"
[1] "Downloading Footprints for link 21 @ 2025-04-25 12:47:56.847226"
[1] "File Downloaded... unzipping... 2025-04-25 12:47:58.20773"
[1] "Reading in data and making spatial... 2025-04-25 12:47:58.424604"
[1] "Retrieving coordinates... 2025-04-25 12:48:02.174301"
[1] "Retrieving H3 Indexes for Buildings... 2025-04-25 12:48:02.198501"
[1] "Deleting Footprints... 2025-04-25 12:48:02.475307"
[1] "21 Files Succesfully Downloaded --- 2025-04-25 12:48:02"
[1] "Downloading Footprints for link 22 @ 2025-04-25 12:48:02.478042"
[1] "File Downloaded... unzipping... 2025-04-25 12:48:05.053896"
[1] "Reading in data and making spatial... 2025-04-25 12:48:06.34536"
[1] "Retrieving coordinates... 2025-04-25 12:48:18.816113"
[1] "Retrieving H3 Indexes for Buildings... 2025-04-25 12:48:18.883625"
[1] "Deleting Footprints... 2025-04-25 12:48:19.468757"
[1] "22 Files Succesfully Downloaded --- 2025-04-25 12:48:19"
[1] "Downloading Footprints for link 23 @ 2025-04-25 12:48:19.47176"
[1] "File Downloaded... unzipping... 2025-04-25 12:48:20.906296"
[1] "Reading in data and making spatial... 2025-04-25 12:48:21.423174"
[1] "Retrieving coordinates... 2025-04-25 12:48:27.380638"
[1] "Retrieving H3 Indexes for Buildings... 2025-04-25 12:48:27.407989"
[1] "Deleting Footprints... 2025-04-25 12:48:27.744658"
[1] "23 Files Succesfully Downloaded --- 2025-04-25 12:48:28"
[1] "Downloading Footprints for link 24 @ 2025-04-25 12:48:27.747516"
[1] "File Downloaded... unzipping... 2025-04-25 12:48:28.908848"
[1] "Reading in data and making spatial... 2025-04-25 12:48:29.190664"
[1] "Retrieving coordinates... 2025-04-25 12:48:31.946314"
[1] "Retrieving H3 Indexes for Buildings... 2025-04-25 12:48:31.958776"
[1] "Deleting Footprints... 2025-04-25 12:48:32.10833"
[1] "24 Files Succesfully Downloaded --- 2025-04-25 12:48:32"
[1] "Downloading Footprints for link 25 @ 2025-04-25 12:48:32.11086"
[1] "File Downloaded... unzipping... 2025-04-25 12:48:34.339286"
[1] "Reading in data and making spatial... 2025-04-25 12:48:34.510487"
[1] "Retrieving coordinates... 2025-04-25 12:48:36.257618"
[1] "Retrieving H3 Indexes for Buildings... 2025-04-25 12:48:36.266885"
[1] "Deleting Footprints... 2025-04-25 12:48:36.818644"
[1] "25 Files Succesfully Downloaded --- 2025-04-25 12:48:37"
[1] "Downloading Footprints for link 26 @ 2025-04-25 12:48:36.822484"
[1] "File Downloaded... unzipping... 2025-04-25 12:48:47.559362"
[1] "Reading in data and making spatial... 2025-04-25 12:48:49.017494"
[1] "Retrieving coordinates... 2025-04-25 12:49:03.780994"
[1] "Retrieving H3 Indexes for Buildings... 2025-04-25 12:49:03.866662"
[1] "Deleting Footprints... 2025-04-25 12:49:04.57519"
[1] "26 Files Succesfully Downloaded --- 2025-04-25 12:49:05"
[1] "Downloading Footprints for link 27 @ 2025-04-25 12:49:04.577739"
[1] "File Downloaded... unzipping... 2025-04-25 12:49:05.787568"
[1] "Reading in data and making spatial... 2025-04-25 12:49:05.893772"
[1] "Retrieving coordinates... 2025-04-25 12:49:09.348718"
[1] "Retrieving H3 Indexes for Buildings... 2025-04-25 12:49:09.358572"
[1] "Deleting Footprints... 2025-04-25 12:49:09.515879"
[1] "27 Files Succesfully Downloaded --- 2025-04-25 12:49:10"
[1] "Downloading Footprints for link 28 @ 2025-04-25 12:49:09.51984"
[1] "File Downloaded... unzipping... 2025-04-25 12:49:11.10116"
[1] "Reading in data and making spatial... 2025-04-25 12:49:11.592434"
[1] "Retrieving coordinates... 2025-04-25 12:49:19.740057"
[1] "Retrieving H3 Indexes for Buildings... 2025-04-25 12:49:19.780485"
[1] "Deleting Footprints... 2025-04-25 12:49:20.260774"
[1] "28 Files Succesfully Downloaded --- 2025-04-25 12:49:20"
[1] "Downloading Footprints for link 29 @ 2025-04-25 12:49:20.263535"
[1] "File Downloaded... unzipping... 2025-04-25 12:49:22.049433"
[1] "Reading in data and making spatial... 2025-04-25 12:49:22.18521"
[1] "Retrieving coordinates... 2025-04-25 12:49:24.733968"
[1] "Retrieving H3 Indexes for Buildings... 2025-04-25 12:49:24.74636"
[1] "Deleting Footprints... 2025-04-25 12:49:25.886615"
[1] "29 Files Succesfully Downloaded --- 2025-04-25 12:49:26"
[1] "Downloading Footprints for link 30 @ 2025-04-25 12:49:25.88913"
[1] "File Downloaded... unzipping... 2025-04-25 12:49:27.112663"
[1] "Reading in data and making spatial... 2025-04-25 12:49:27.430037"
[1] "Retrieving coordinates... 2025-04-25 12:49:29.460526"
[1] "Retrieving H3 Indexes for Buildings... 2025-04-25 12:49:29.474438"
[1] "Deleting Footprints... 2025-04-25 12:49:30.323028"
[1] "30 Files Succesfully Downloaded --- 2025-04-25 12:49:30"
[1] "Downloading Footprints for link 31 @ 2025-04-25 12:49:30.326666"
[1] "File Downloaded... unzipping... 2025-04-25 12:49:31.842861"
[1] "Reading in data and making spatial... 2025-04-25 12:49:32.390123"
[1] "Retrieving coordinates... 2025-04-25 12:49:38.381867"
[1] "Retrieving H3 Indexes for Buildings... 2025-04-25 12:49:38.420487"
[1] "Deleting Footprints... 2025-04-25 12:49:39.596508"
[1] "31 Files Succesfully Downloaded --- 2025-04-25 12:49:40"
[1] "Downloading Footprints for link 32 @ 2025-04-25 12:49:39.598241"
[1] "File Downloaded... unzipping... 2025-04-25 12:49:40.850458"
[1] "Reading in data and making spatial... 2025-04-25 12:49:40.974414"
[1] "Retrieving coordinates... 2025-04-25 12:49:42.650807"
[1] "Retrieving H3 Indexes for Buildings... 2025-04-25 12:49:42.661901"
[1] "Deleting Footprints... 2025-04-25 12:49:43.167529"
[1] "32 Files Succesfully Downloaded --- 2025-04-25 12:49:43"
[1] "Downloading Footprints for link 33 @ 2025-04-25 12:49:43.169936"
[1] "File Downloaded... unzipping... 2025-04-25 12:49:44.414569"
[1] "Reading in data and making spatial... 2025-04-25 12:49:44.564255"
[1] "Retrieving coordinates... 2025-04-25 12:49:47.19372"
[1] "Retrieving H3 Indexes for Buildings... 2025-04-25 12:49:47.209603"
[1] "Deleting Footprints... 2025-04-25 12:49:47.60486"
[1] "33 Files Succesfully Downloaded --- 2025-04-25 12:49:48"
[1] "Downloading Footprints for link 34 @ 2025-04-25 12:49:47.60684"
[1] "File Downloaded... unzipping... 2025-04-25 12:49:48.690337"
[1] "Reading in data and making spatial... 2025-04-25 12:49:48.802552"
[1] "Retrieving coordinates... 2025-04-25 12:49:51.334303"
[1] "Retrieving H3 Indexes for Buildings... 2025-04-25 12:49:51.343755"
[1] "Deleting Footprints... 2025-04-25 12:49:52.407104"
[1] "34 Files Succesfully Downloaded --- 2025-04-25 12:49:52"
[1] "Downloading Footprints for link 35 @ 2025-04-25 12:49:52.407938"
[1] "File Downloaded... unzipping... 2025-04-25 12:49:53.68919"
[1] "Reading in data and making spatial... 2025-04-25 12:49:53.840068"
[1] "Retrieving coordinates... 2025-04-25 12:49:56.798683"
[1] "Retrieving H3 Indexes for Buildings... 2025-04-25 12:49:56.814854"
[1] "Deleting Footprints... 2025-04-25 12:49:57.398277"
[1] "35 Files Succesfully Downloaded --- 2025-04-25 12:49:57"
[1] "Downloading Footprints for link 36 @ 2025-04-25 12:49:57.40094"
[1] "File Downloaded... unzipping... 2025-04-25 12:50:00.346096"
[1] "Reading in data and making spatial... 2025-04-25 12:50:00.711678"
[1] "Retrieving coordinates... 2025-04-25 12:50:02.117149"
[1] "Retrieving H3 Indexes for Buildings... 2025-04-25 12:50:02.126601"
[1] "Deleting Footprints... 2025-04-25 12:50:02.950267"
[1] "36 Files Succesfully Downloaded --- 2025-04-25 12:50:03"
[1] "Downloading Footprints for link 37 @ 2025-04-25 12:50:02.952939"
[1] "File Downloaded... unzipping... 2025-04-25 12:50:03.983289"
[1] "Reading in data and making spatial... 2025-04-25 12:50:04.066718"
[1] "Retrieving coordinates... 2025-04-25 12:50:05.280463"
[1] "Retrieving H3 Indexes for Buildings... 2025-04-25 12:50:05.289236"
[1] "Deleting Footprints... 2025-04-25 12:50:05.974414"
[1] "37 Files Succesfully Downloaded --- 2025-04-25 12:50:06"
[1] "Downloading Footprints for link 38 @ 2025-04-25 12:50:05.976193"
[1] "File Downloaded... unzipping... 2025-04-25 12:50:06.928905"
[1] "Reading in data and making spatial... 2025-04-25 12:50:07.148124"
[1] "Retrieving coordinates... 2025-04-25 12:50:07.997295"
[1] "Retrieving H3 Indexes for Buildings... 2025-04-25 12:50:08.004064"
[1] "Deleting Footprints... 2025-04-25 12:50:08.737233"
[1] "38 Files Succesfully Downloaded --- 2025-04-25 12:50:09"
[1] "Downloading Footprints for link 39 @ 2025-04-25 12:50:08.740669"
[1] "File Downloaded... unzipping... 2025-04-25 12:50:10.036115"
[1] "Reading in data and making spatial... 2025-04-25 12:50:10.420852"
[1] "Retrieving coordinates... 2025-04-25 12:50:11.602984"
[1] "Retrieving H3 Indexes for Buildings... 2025-04-25 12:50:11.611038"
[1] "Deleting Footprints... 2025-04-25 12:50:12.24686"
[1] "39 Files Succesfully Downloaded --- 2025-04-25 12:50:12"
[1] "Downloading Footprints for link 40 @ 2025-04-25 12:50:12.248703"
[1] "File Downloaded... unzipping... 2025-04-25 12:50:13.747015"
[1] "Reading in data and making spatial... 2025-04-25 12:50:14.061168"
[1] "Retrieving coordinates... 2025-04-25 12:50:19.503617"
[1] "Retrieving H3 Indexes for Buildings... 2025-04-25 12:50:19.531532"
[1] "Deleting Footprints... 2025-04-25 12:50:20.002866"
[1] "40 Files Succesfully Downloaded --- 2025-04-25 12:50:20"
[1] "Downloading Footprints for link 41 @ 2025-04-25 12:50:20.00482"
[1] "File Downloaded... unzipping... 2025-04-25 12:50:21.152586"
[1] "Reading in data and making spatial... 2025-04-25 12:50:21.438223"
[1] "Retrieving coordinates... 2025-04-25 12:50:23.474467"
[1] "Retrieving H3 Indexes for Buildings... 2025-04-25 12:50:23.482541"
[1] "Deleting Footprints... 2025-04-25 12:50:24.572247"
[1] "41 Files Succesfully Downloaded --- 2025-04-25 12:50:25"
[1] "Downloading Footprints for link 42 @ 2025-04-25 12:50:24.575233"
[1] "File Downloaded... unzipping... 2025-04-25 12:50:25.741513"
[1] "Reading in data and making spatial... 2025-04-25 12:50:25.861865"
[1] "Retrieving coordinates... 2025-04-25 12:50:28.320177"
[1] "Retrieving H3 Indexes for Buildings... 2025-04-25 12:50:28.333205"
[1] "Deleting Footprints... 2025-04-25 12:50:28.571923"
[1] "42 Files Succesfully Downloaded --- 2025-04-25 12:50:29"
[1] "Downloading Footprints for link 43 @ 2025-04-25 12:50:28.575148"
[1] "File Downloaded... unzipping... 2025-04-25 12:50:29.873572"
[1] "Reading in data and making spatial... 2025-04-25 12:50:30.691257"
[1] "Retrieving coordinates... 2025-04-25 12:50:33.15776"
[1] "Retrieving H3 Indexes for Buildings... 2025-04-25 12:50:33.172661"
[1] "Deleting Footprints... 2025-04-25 12:50:34.059356"
[1] "43 Files Succesfully Downloaded --- 2025-04-25 12:50:34"
[1] "Downloading Footprints for link 44 @ 2025-04-25 12:50:34.061383"
[1] "File Downloaded... unzipping... 2025-04-25 12:50:35.686699"
[1] "Reading in data and making spatial... 2025-04-25 12:50:36.068738"
[1] "Retrieving coordinates... 2025-04-25 12:50:39.358084"
[1] "Retrieving H3 Indexes for Buildings... 2025-04-25 12:50:39.375901"
[1] "Deleting Footprints... 2025-04-25 12:50:39.788118"
[1] "44 Files Succesfully Downloaded --- 2025-04-25 12:50:40"
[1] "SCRIPT COMPLETE @ 2025-04-25 12:50:42"
