[1] "Starting at: 2025-04-25 12:46:08"
[1] "Loading Links at: 2025-04-25 12:46:30"
[1] "quadkeys to download: 43"
[1] "Downloading and Joining footprints to Hex @ 2025-04-25 12:46:30"
[1] "Downloading Footprints for link 1 @ 2025-04-25 12:46:30.205482"
[1] "File Downloaded... unzipping... 2025-04-25 12:46:31.468147"
[1] "Reading in data and making spatial... 2025-04-25 12:46:31.595291"
[1] "Retrieving coordinates... 2025-04-25 12:46:32.022641"
[1] "Retrieving H3 Indexes for Buildings... 2025-04-25 12:46:33.076465"
[1] "Deleting Footprints... 2025-04-25 12:46:33.09063"
[1] "1 Files Succesfully Downloaded --- 2025-04-25 12:46:33"
[1] "Downloading Footprints for link 2 @ 2025-04-25 12:46:33.092133"
[1] "File Downloaded... unzipping... 2025-04-25 12:46:33.425498"
[1] "Reading in data and making spatial... 2025-04-25 12:46:33.44938"
[1] "Retrieving coordinates... 2025-04-25 12:46:33.461192"
[1] "Retrieving H3 Indexes for Buildings... 2025-04-25 12:46:33.461607"
[1] "Deleting Footprints... 2025-04-25 12:46:33.4625"
[1] "2 Files Succesfully Downloaded --- 2025-04-25 12:46:33"
[1] "Downloading Footprints for link 3 @ 2025-04-25 12:46:33.46467"
[1] "File Downloaded... unzipping... 2025-04-25 12:46:34.669773"
[1] "Reading in data and making spatial... 2025-04-25 12:46:34.840187"
[1] "Retrieving coordinates... 2025-04-25 12:46:36.420779"
[1] "Retrieving H3 Indexes for Buildings... 2025-04-25 12:46:36.433389"
[1] "Deleting Footprints... 2025-04-25 12:46:36.490351"
[1] "3 Files Succesfully Downloaded --- 2025-04-25 12:46:36"
[1] "Downloading Footprints for link 4 @ 2025-04-25 12:46:36.493605"
[1] "File Downloaded... unzipping... 2025-04-25 12:46:39.747708"
[1] "Reading in data and making spatial... 2025-04-25 12:46:40.096351"
[1] "Retrieving coordinates... 2025-04-25 12:46:44.281745"
[1] "Retrieving H3 Indexes for Buildings... 2025-04-25 12:46:44.305352"
[1] "Deleting Footprints... 2025-04-25 12:46:44.437581"
[1] "4 Files Succesfully Downloaded --- 2025-04-25 12:46:44"
[1] "Downloading Footprints for link 5 @ 2025-04-25 12:46:44.440328"
[1] "File Downloaded... unzipping... 2025-04-25 12:46:45.487693"
[1] "Reading in data and making spatial... 2025-04-25 12:46:47.087872"
[1] "Retrieving coordinates... 2025-04-25 12:46:48.026146"
[1] "Retrieving H3 Indexes for Buildings... 2025-04-25 12:46:48.031648"
[1] "Deleting Footprints... 2025-04-25 12:46:48.07198"
[1] "5 Files Succesfully Downloaded --- 2025-04-25 12:46:48"
[1] "Downloading Footprints for link 6 @ 2025-04-25 12:46:48.074416"
[1] "File Downloaded... unzipping... 2025-04-25 12:46:49.377636"
[1] "Reading in data and making spatial... 2025-04-25 12:46:49.76231"
[1] "Retrieving coordinates... 2025-04-25 12:46:55.078766"
[1] "Retrieving H3 Indexes for Buildings... 2025-04-25 12:46:55.102674"
[1] "Deleting Footprints... 2025-04-25 12:46:55.228499"
[1] "6 Files Succesfully Downloaded --- 2025-04-25 12:46:55"
[1] "Downloading Footprints for link 7 @ 2025-04-25 12:46:55.232014"
[1] "File Downloaded... unzipping... 2025-04-25 12:46:56.457988"
[1] "Reading in data and making spatial... 2025-04-25 12:46:56.538031"
[1] "Retrieving coordinates... 2025-04-25 12:46:57.501013"
[1] "Retrieving H3 Indexes for Buildings... 2025-04-25 12:46:57.506903"
[1] "Deleting Footprints... 2025-04-25 12:46:57.553793"
[1] "7 Files Succesfully Downloaded --- 2025-04-25 12:46:58"
[1] "Downloading Footprints for link 8 @ 2025-04-25 12:46:57.559408"
[1] "File Downloaded... unzipping... 2025-04-25 12:46:58.57009"
[1] "Reading in data and making spatial... 2025-04-25 12:46:58.635083"
[1] "Retrieving coordinates... 2025-04-25 12:46:59.381764"
[1] "Retrieving H3 Indexes for Buildings... 2025-04-25 12:46:59.386107"
[1] "Deleting Footprints... 2025-04-25 12:46:59.425247"
[1] "8 Files Succesfully Downloaded --- 2025-04-25 12:46:59"
[1] "Downloading Footprints for link 9 @ 2025-04-25 12:46:59.428633"
[1] "File Downloaded... unzipping... 2025-04-25 12:47:00.432485"
[1] "Reading in data and making spatial... 2025-04-25 12:47:00.5516"
[1] "Retrieving coordinates... 2025-04-25 12:47:01.545713"
[1] "Retrieving H3 Indexes for Buildings... 2025-04-25 12:47:01.550792"
[1] "Deleting Footprints... 2025-04-25 12:47:01.594729"
[1] "9 Files Succesfully Downloaded --- 2025-04-25 12:47:02"
[1] "Downloading Footprints for link 10 @ 2025-04-25 12:47:01.597613"
[1] "File Downloaded... unzipping... 2025-04-25 12:47:02.616557"
[1] "Reading in data and making spatial... 2025-04-25 12:47:02.843678"
[1] "Retrieving coordinates... 2025-04-25 12:47:04.092571"
[1] "Retrieving H3 Indexes for Buildings... 2025-04-25 12:47:04.099331"
[1] "Deleting Footprints... 2025-04-25 12:47:04.154533"
[1] "10 Files Succesfully Downloaded --- 2025-04-25 12:47:04"
[1] "Downloading Footprints for link 11 @ 2025-04-25 12:47:04.157995"
[1] "File Downloaded... unzipping... 2025-04-25 12:47:13.149754"
[1] "Reading in data and making spatial... 2025-04-25 12:47:13.358498"
[1] "Retrieving coordinates... 2025-04-25 12:47:17.085072"
[1] "Retrieving H3 Indexes for Buildings... 2025-04-25 12:47:17.104485"
[1] "Deleting Footprints... 2025-04-25 12:47:17.227715"
[1] "11 Files Succesfully Downloaded --- 2025-04-25 12:47:17"
[1] "Downloading Footprints for link 12 @ 2025-04-25 12:47:17.229711"
[1] "File Downloaded... unzipping... 2025-04-25 12:47:18.303124"
[1] "Reading in data and making spatial... 2025-04-25 12:47:18.699172"
[1] "Retrieving coordinates... 2025-04-25 12:47:19.856969"
[1] "Retrieving H3 Indexes for Buildings... 2025-04-25 12:47:19.862472"
[1] "Deleting Footprints... 2025-04-25 12:47:20.415184"
[1] "12 Files Succesfully Downloaded --- 2025-04-25 12:47:20"
[1] "Downloading Footprints for link 13 @ 2025-04-25 12:47:20.41966"
[1] "File Downloaded... unzipping... 2025-04-25 12:47:21.519146"
[1] "Reading in data and making spatial... 2025-04-25 12:47:21.613251"
[1] "Retrieving coordinates... 2025-04-25 12:47:22.808674"
[1] "Retrieving H3 Indexes for Buildings... 2025-04-25 12:47:22.815185"
[1] "Deleting Footprints... 2025-04-25 12:47:23.522763"
[1] "13 Files Succesfully Downloaded --- 2025-04-25 12:47:24"
[1] "Downloading Footprints for link 14 @ 2025-04-25 12:47:23.524052"
[1] "File Downloaded... unzipping... 2025-04-25 12:47:24.763487"
[1] "Reading in data and making spatial... 2025-04-25 12:47:24.967912"
[1] "Retrieving coordinates... 2025-04-25 12:47:26.604134"
[1] "Retrieving H3 Indexes for Buildings... 2025-04-25 12:47:26.615036"
[1] "Deleting Footprints... 2025-04-25 12:47:26.701066"
[1] "14 Files Succesfully Downloaded --- 2025-04-25 12:47:27"
[1] "Downloading Footprints for link 15 @ 2025-04-25 12:47:26.703692"
[1] "File Downloaded... unzipping... 2025-04-25 12:47:27.809568"
[1] "Reading in data and making spatial... 2025-04-25 12:47:28.187189"
[1] "Retrieving coordinates... 2025-04-25 12:47:29.28094"
[1] "Retrieving H3 Indexes for Buildings... 2025-04-25 12:47:29.287051"
[1] "Deleting Footprints... 2025-04-25 12:47:29.35059"
[1] "15 Files Succesfully Downloaded --- 2025-04-25 12:47:29"
[1] "Downloading Footprints for link 16 @ 2025-04-25 12:47:29.353918"
[1] "File Downloaded... unzipping... 2025-04-25 12:47:32.747107"
[1] "Reading in data and making spatial... 2025-04-25 12:47:32.882452"
[1] "Retrieving coordinates... 2025-04-25 12:47:35.219953"
[1] "Retrieving H3 Indexes for Buildings... 2025-04-25 12:47:35.232148"
[1] "Deleting Footprints... 2025-04-25 12:47:35.754195"
[1] "16 Files Succesfully Downloaded --- 2025-04-25 12:47:36"
[1] "Downloading Footprints for link 17 @ 2025-04-25 12:47:35.756055"
[1] "File Downloaded... unzipping... 2025-04-25 12:47:37.057598"
[1] "Reading in data and making spatial... 2025-04-25 12:47:37.218776"
[1] "Retrieving coordinates... 2025-04-25 12:47:39.592415"
[1] "Retrieving H3 Indexes for Buildings... 2025-04-25 12:47:39.608733"
[1] "Deleting Footprints... 2025-04-25 12:47:39.845317"
[1] "17 Files Succesfully Downloaded --- 2025-04-25 12:47:40"
[1] "Downloading Footprints for link 18 @ 2025-04-25 12:47:39.848519"
[1] "File Downloaded... unzipping... 2025-04-25 12:47:42.123945"
[1] "Reading in data and making spatial... 2025-04-25 12:47:42.266712"
[1] "Retrieving coordinates... 2025-04-25 12:47:43.088593"
[1] "Retrieving H3 Indexes for Buildings... 2025-04-25 12:47:43.094207"
[1] "Deleting Footprints... 2025-04-25 12:47:43.260396"
[1] "18 Files Succesfully Downloaded --- 2025-04-25 12:47:43"
[1] "Downloading Footprints for link 19 @ 2025-04-25 12:47:43.263202"
[1] "File Downloaded... unzipping... 2025-04-25 12:47:44.371423"
[1] "Reading in data and making spatial... 2025-04-25 12:47:44.605244"
[1] "Retrieving coordinates... 2025-04-25 12:47:46.230477"
[1] "Retrieving H3 Indexes for Buildings... 2025-04-25 12:47:46.23805"
[1] "Deleting Footprints... 2025-04-25 12:47:46.321743"
[1] "19 Files Succesfully Downloaded --- 2025-04-25 12:47:46"
[1] "Downloading Footprints for link 20 @ 2025-04-25 12:47:46.323982"
[1] "File Downloaded... unzipping... 2025-04-25 12:47:47.248328"
[1] "Reading in data and making spatial... 2025-04-25 12:47:47.425555"
[1] "Retrieving coordinates... 2025-04-25 12:47:48.040502"
[1] "Retrieving H3 Indexes for Buildings... 2025-04-25 12:47:48.044642"
[1] "Deleting Footprints... 2025-04-25 12:47:48.636827"
[1] "20 Files Succesfully Downloaded --- 2025-04-25 12:47:49"
[1] "Downloading Footprints for link 21 @ 2025-04-25 12:47:48.639578"
[1] "File Downloaded... unzipping... 2025-04-25 12:47:50.036406"
[1] "Reading in data and making spatial... 2025-04-25 12:47:50.147636"
[1] "Retrieving coordinates... 2025-04-25 12:47:50.770411"
[1] "Retrieving H3 Indexes for Buildings... 2025-04-25 12:47:50.774817"
[1] "Deleting Footprints... 2025-04-25 12:47:50.838116"
[1] "21 Files Succesfully Downloaded --- 2025-04-25 12:47:51"
[1] "Downloading Footprints for link 22 @ 2025-04-25 12:47:50.840236"
[1] "File Downloaded... unzipping... 2025-04-25 12:47:52.083162"
[1] "Reading in data and making spatial... 2025-04-25 12:47:52.36396"
[1] "Retrieving coordinates... 2025-04-25 12:47:56.793913"
[1] "Retrieving H3 Indexes for Buildings... 2025-04-25 12:47:56.818794"
[1] "Deleting Footprints... 2025-04-25 12:47:57.458498"
[1] "22 Files Succesfully Downloaded --- 2025-04-25 12:47:57"
[1] "Downloading Footprints for link 23 @ 2025-04-25 12:47:57.46077"
[1] "File Downloaded... unzipping... 2025-04-25 12:47:58.637806"
[1] "Reading in data and making spatial... 2025-04-25 12:47:59.019453"
[1] "Retrieving coordinates... 2025-04-25 12:48:01.735507"
[1] "Retrieving H3 Indexes for Buildings... 2025-04-25 12:48:01.751121"
[1] "Deleting Footprints... 2025-04-25 12:48:01.88084"
[1] "23 Files Succesfully Downloaded --- 2025-04-25 12:48:02"
[1] "Downloading Footprints for link 24 @ 2025-04-25 12:48:01.884551"
[1] "File Downloaded... unzipping... 2025-04-25 12:48:02.429418"
[1] "Reading in data and making spatial... 2025-04-25 12:48:02.459286"
[1] "Retrieving coordinates... 2025-04-25 12:48:02.544723"
[1] "Retrieving H3 Indexes for Buildings... 2025-04-25 12:48:02.545568"
[1] "Deleting Footprints... 2025-04-25 12:48:02.737483"
[1] "24 Files Succesfully Downloaded --- 2025-04-25 12:48:03"
[1] "Downloading Footprints for link 25 @ 2025-04-25 12:48:02.744557"
[1] "File Downloaded... unzipping... 2025-04-25 12:48:03.609202"
[1] "Reading in data and making spatial... 2025-04-25 12:48:03.662222"
[1] "Retrieving coordinates... 2025-04-25 12:48:04.024191"
[1] "Retrieving H3 Indexes for Buildings... 2025-04-25 12:48:04.02667"
[1] "Deleting Footprints... 2025-04-25 12:48:04.192046"
[1] "25 Files Succesfully Downloaded --- 2025-04-25 12:48:04"
[1] "Downloading Footprints for link 26 @ 2025-04-25 12:48:04.192891"
[1] "File Downloaded... unzipping... 2025-04-25 12:48:05.191622"
[1] "Reading in data and making spatial... 2025-04-25 12:48:05.785861"
[1] "Retrieving coordinates... 2025-04-25 12:48:06.737367"
[1] "Retrieving H3 Indexes for Buildings... 2025-04-25 12:48:06.742545"
[1] "Deleting Footprints... 2025-04-25 12:48:06.942754"
[1] "26 Files Succesfully Downloaded --- 2025-04-25 12:48:07"
[1] "Downloading Footprints for link 27 @ 2025-04-25 12:48:06.944882"
[1] "File Downloaded... unzipping... 2025-04-25 12:48:08.015045"
[1] "Reading in data and making spatial... 2025-04-25 12:48:08.087281"
[1] "Retrieving coordinates... 2025-04-25 12:48:09.368337"
[1] "Retrieving H3 Indexes for Buildings... 2025-04-25 12:48:09.373926"
[1] "Deleting Footprints... 2025-04-25 12:48:09.456071"
[1] "27 Files Succesfully Downloaded --- 2025-04-25 12:48:09"
[1] "Downloading Footprints for link 28 @ 2025-04-25 12:48:09.459097"
[1] "File Downloaded... unzipping... 2025-04-25 12:48:10.467017"
[1] "Reading in data and making spatial... 2025-04-25 12:48:10.544889"
[1] "Retrieving coordinates... 2025-04-25 12:48:11.470563"
[1] "Retrieving H3 Indexes for Buildings... 2025-04-25 12:48:11.475432"
[1] "Deleting Footprints... 2025-04-25 12:48:11.655475"
[1] "28 Files Succesfully Downloaded --- 2025-04-25 12:48:12"
[1] "Downloading Footprints for link 29 @ 2025-04-25 12:48:11.659078"
[1] "File Downloaded... unzipping... 2025-04-25 12:48:13.558524"
[1] "Reading in data and making spatial... 2025-04-25 12:48:14.21564"
[1] "Retrieving coordinates... 2025-04-25 12:48:27.138134"
[1] "Retrieving H3 Indexes for Buildings... 2025-04-25 12:48:27.195338"
[1] "Deleting Footprints... 2025-04-25 12:48:27.724283"
[1] "29 Files Succesfully Downloaded --- 2025-04-25 12:48:28"
[1] "Downloading Footprints for link 30 @ 2025-04-25 12:48:27.727936"
[1] "File Downloaded... unzipping... 2025-04-25 12:48:28.979615"
[1] "Reading in data and making spatial... 2025-04-25 12:48:29.354005"
[1] "Retrieving coordinates... 2025-04-25 12:48:33.280231"
[1] "Retrieving H3 Indexes for Buildings... 2025-04-25 12:48:33.296682"
[1] "Deleting Footprints... 2025-04-25 12:48:34.304507"
[1] "30 Files Succesfully Downloaded --- 2025-04-25 12:48:34"
[1] "Downloading Footprints for link 31 @ 2025-04-25 12:48:34.307829"
[1] "File Downloaded... unzipping... 2025-04-25 12:48:35.334625"
[1] "Reading in data and making spatial... 2025-04-25 12:48:35.415774"
[1] "Retrieving coordinates... 2025-04-25 12:48:35.893908"
[1] "Retrieving H3 Indexes for Buildings... 2025-04-25 12:48:35.897413"
[1] "Deleting Footprints... 2025-04-25 12:48:35.984061"
[1] "31 Files Succesfully Downloaded --- 2025-04-25 12:48:36"
[1] "Downloading Footprints for link 32 @ 2025-04-25 12:48:35.98757"
[1] "File Downloaded... unzipping... 2025-04-25 12:48:37.352223"
[1] "Reading in data and making spatial... 2025-04-25 12:48:37.836154"
[1] "Retrieving coordinates... 2025-04-25 12:48:42.380422"
[1] "Retrieving H3 Indexes for Buildings... 2025-04-25 12:48:42.581704"
[1] "Deleting Footprints... 2025-04-25 12:48:43.136475"
[1] "32 Files Succesfully Downloaded --- 2025-04-25 12:48:43"
[1] "Downloading Footprints for link 33 @ 2025-04-25 12:48:43.139241"
[1] "File Downloaded... unzipping... 2025-04-25 12:48:46.326081"
[1] "Reading in data and making spatial... 2025-04-25 12:48:47.350626"
[1] "Retrieving coordinates... 2025-04-25 12:48:57.095843"
[1] "Retrieving H3 Indexes for Buildings... 2025-04-25 12:48:57.150317"
[1] "Deleting Footprints... 2025-04-25 12:48:57.766211"
[1] "33 Files Succesfully Downloaded --- 2025-04-25 12:48:58"
[1] "Downloading Footprints for link 34 @ 2025-04-25 12:48:57.76841"
[1] "File Downloaded... unzipping... 2025-04-25 12:48:59.095847"
[1] "Reading in data and making spatial... 2025-04-25 12:48:59.305918"
[1] "Retrieving coordinates... 2025-04-25 12:49:03.802471"
[1] "Retrieving H3 Indexes for Buildings... 2025-04-25 12:49:03.821713"
[1] "Deleting Footprints... 2025-04-25 12:49:04.277951"
[1] "34 Files Succesfully Downloaded --- 2025-04-25 12:49:04"
[1] "Downloading Footprints for link 35 @ 2025-04-25 12:49:04.28337"
[1] "File Downloaded... unzipping... 2025-04-25 12:49:05.396567"
[1] "Reading in data and making spatial... 2025-04-25 12:49:05.496976"
[1] "Retrieving coordinates... 2025-04-25 12:49:06.749552"
[1] "Retrieving H3 Indexes for Buildings... 2025-04-25 12:49:06.757116"
[1] "Deleting Footprints... 2025-04-25 12:49:07.69679"
[1] "35 Files Succesfully Downloaded --- 2025-04-25 12:49:08"
[1] "Downloading Footprints for link 36 @ 2025-04-25 12:49:07.699708"
[1] "File Downloaded... unzipping... 2025-04-25 12:49:07.966735"
[1] "Reading in data and making spatial... 2025-04-25 12:49:07.989759"
[1] "Retrieving coordinates... 2025-04-25 12:49:08.004716"
[1] "Retrieving H3 Indexes for Buildings... 2025-04-25 12:49:08.005115"
[1] "Deleting Footprints... 2025-04-25 12:49:08.104411"
[1] "36 Files Succesfully Downloaded --- 2025-04-25 12:49:08"
[1] "Downloading Footprints for link 37 @ 2025-04-25 12:49:08.110339"
[1] "File Downloaded... unzipping... 2025-04-25 12:49:08.77665"
[1] "Reading in data and making spatial... 2025-04-25 12:49:08.807503"
[1] "Retrieving coordinates... 2025-04-25 12:49:08.932902"
[1] "Retrieving H3 Indexes for Buildings... 2025-04-25 12:49:08.93418"
[1] "Deleting Footprints... 2025-04-25 12:49:09.274218"
[1] "37 Files Succesfully Downloaded --- 2025-04-25 12:49:09"
[1] "Downloading Footprints for link 38 @ 2025-04-25 12:49:09.278836"
[1] "File Downloaded... unzipping... 2025-04-25 12:49:09.557517"
[1] "Reading in data and making spatial... 2025-04-25 12:49:09.578474"
[1] "Retrieving coordinates... 2025-04-25 12:49:09.58981"
[1] "Retrieving H3 Indexes for Buildings... 2025-04-25 12:49:09.59017"
[1] "Deleting Footprints... 2025-04-25 12:49:09.771431"
[1] "38 Files Succesfully Downloaded --- 2025-04-25 12:49:10"
[1] "Downloading Footprints for link 39 @ 2025-04-25 12:49:09.772617"
[1] "File Downloaded... unzipping... 2025-04-25 12:49:11.038266"
[1] "Reading in data and making spatial... 2025-04-25 12:49:11.247812"
[1] "Retrieving coordinates... 2025-04-25 12:49:11.934555"
[1] "Retrieving H3 Indexes for Buildings... 2025-04-25 12:49:11.939757"
[1] "Deleting Footprints... 2025-04-25 12:49:12.283712"
[1] "39 Files Succesfully Downloaded --- 2025-04-25 12:49:12"
[1] "Downloading Footprints for link 40 @ 2025-04-25 12:49:12.288448"
[1] "File Downloaded... unzipping... 2025-04-25 12:49:13.569041"
[1] "Reading in data and making spatial... 2025-04-25 12:49:13.682991"
[1] "Retrieving coordinates... 2025-04-25 12:49:15.542212"
[1] "Retrieving H3 Indexes for Buildings... 2025-04-25 12:49:15.554323"
[1] "Deleting Footprints... 2025-04-25 12:49:16.050283"
[1] "40 Files Succesfully Downloaded --- 2025-04-25 12:49:16"
[1] "Downloading Footprints for link 41 @ 2025-04-25 12:49:16.05232"
[1] "File Downloaded... unzipping... 2025-04-25 12:49:17.14728"
[1] "Reading in data and making spatial... 2025-04-25 12:49:17.413737"
[1] "Retrieving coordinates... 2025-04-25 12:49:19.189482"
[1] "Retrieving H3 Indexes for Buildings... 2025-04-25 12:49:19.201065"
[1] "Deleting Footprints... 2025-04-25 12:49:19.481941"
[1] "41 Files Succesfully Downloaded --- 2025-04-25 12:49:19"
[1] "Downloading Footprints for link 42 @ 2025-04-25 12:49:19.485452"
[1] "File Downloaded... unzipping... 2025-04-25 12:49:21.133267"
[1] "Reading in data and making spatial... 2025-04-25 12:49:21.513881"
[1] "Retrieving coordinates... 2025-04-25 12:49:23.878716"
[1] "Retrieving H3 Indexes for Buildings... 2025-04-25 12:49:23.891327"
[1] "Deleting Footprints... 2025-04-25 12:49:24.679159"
[1] "42 Files Succesfully Downloaded --- 2025-04-25 12:49:25"
[1] "Downloading Footprints for link 43 @ 2025-04-25 12:49:24.682696"
[1] "File Downloaded... unzipping... 2025-04-25 12:49:26.047895"
[1] "Reading in data and making spatial... 2025-04-25 12:49:26.295514"
[1] "Retrieving coordinates... 2025-04-25 12:49:30.99872"
[1] "Retrieving H3 Indexes for Buildings... 2025-04-25 12:49:31.021511"
[1] "Deleting Footprints... 2025-04-25 12:49:31.252255"
[1] "43 Files Succesfully Downloaded --- 2025-04-25 12:49:31"
[1] "SCRIPT COMPLETE @ 2025-04-25 12:49:33"
