[1] "Starting at: 2025-04-25 12:46:08"
[1] "Loading Links at: 2025-04-25 12:46:30"
[1] "quadkeys to download: 42"
[1] "Downloading and Joining footprints to Hex @ 2025-04-25 12:46:30"
[1] "Downloading Footprints for link 1 @ 2025-04-25 12:46:30.205905"
[1] "File Downloaded... unzipping... 2025-04-25 12:46:30.597861"
[1] "Reading in data and making spatial... 2025-04-25 12:46:30.629153"
[1] "Retrieving coordinates... 2025-04-25 12:46:31.870578"
[1] "Retrieving H3 Indexes for Buildings... 2025-04-25 12:46:31.871593"
[1] "Deleting Footprints... 2025-04-25 12:46:31.873807"
[1] "1 Files Succesfully Downloaded --- 2025-04-25 12:46:32"
[1] "Downloading Footprints for link 2 @ 2025-04-25 12:46:31.877181"
[1] "File Downloaded... unzipping... 2025-04-25 12:46:32.339052"
[1] "Reading in data and making spatial... 2025-04-25 12:46:32.369131"
[1] "Retrieving coordinates... 2025-04-25 12:46:32.436925"
[1] "Retrieving H3 Indexes for Buildings... 2025-04-25 12:46:32.43791"
[1] "Deleting Footprints... 2025-04-25 12:46:32.440387"
[1] "2 Files Succesfully Downloaded --- 2025-04-25 12:46:32"
[1] "Downloading Footprints for link 3 @ 2025-04-25 12:46:32.444256"
[1] "File Downloaded... unzipping... 2025-04-25 12:46:32.718604"
[1] "Reading in data and making spatial... 2025-04-25 12:46:32.74554"
[1] "Retrieving coordinates... 2025-04-25 12:46:32.763987"
[1] "Retrieving H3 Indexes for Buildings... 2025-04-25 12:46:32.764548"
[1] "Deleting Footprints... 2025-04-25 12:46:32.765282"
[1] "3 Files Succesfully Downloaded --- 2025-04-25 12:46:33"
[1] "Downloading Footprints for link 4 @ 2025-04-25 12:46:32.768836"
[1] "File Downloaded... unzipping... 2025-04-25 12:46:33.519878"
[1] "Reading in data and making spatial... 2025-04-25 12:46:33.561978"
[1] "Retrieving coordinates... 2025-04-25 12:46:33.99322"
[1] "Retrieving H3 Indexes for Buildings... 2025-04-25 12:46:34.399804"
[1] "Deleting Footprints... 2025-04-25 12:46:34.409539"
[1] "4 Files Succesfully Downloaded --- 2025-04-25 12:46:34"
[1] "Downloading Footprints for link 5 @ 2025-04-25 12:46:34.411836"
[1] "File Downloaded... unzipping... 2025-04-25 12:46:38.407904"
[1] "Reading in data and making spatial... 2025-04-25 12:46:38.6621"
[1] "Retrieving coordinates... 2025-04-25 12:46:40.845697"
[1] "Retrieving H3 Indexes for Buildings... 2025-04-25 12:46:40.852496"
[1] "Deleting Footprints... 2025-04-25 12:46:40.890345"
[1] "5 Files Succesfully Downloaded --- 2025-04-25 12:46:41"
[1] "Downloading Footprints for link 6 @ 2025-04-25 12:46:40.893423"
[1] "File Downloaded... unzipping... 2025-04-25 12:46:41.143927"
[1] "Reading in data and making spatial... 2025-04-25 12:46:41.165629"
[1] "Retrieving coordinates... 2025-04-25 12:46:41.179763"
[1] "Retrieving H3 Indexes for Buildings... 2025-04-25 12:46:41.180146"
[1] "Deleting Footprints... 2025-04-25 12:46:41.18244"
[1] "6 Files Succesfully Downloaded --- 2025-04-25 12:46:41"
[1] "Downloading Footprints for link 7 @ 2025-04-25 12:46:41.185505"
[1] "File Downloaded... unzipping... 2025-04-25 12:46:41.826977"
[1] "Reading in data and making spatial... 2025-04-25 12:46:41.853732"
[1] "Retrieving coordinates... 2025-04-25 12:46:41.933914"
[1] "Retrieving H3 Indexes for Buildings... 2025-04-25 12:46:41.934765"
[1] "Deleting Footprints... 2025-04-25 12:46:41.93972"
[1] "7 Files Succesfully Downloaded --- 2025-04-25 12:46:42"
[1] "Downloading Footprints for link 8 @ 2025-04-25 12:46:41.942483"
[1] "File Downloaded... unzipping... 2025-04-25 12:46:43.277693"
[1] "Reading in data and making spatial... 2025-04-25 12:46:43.428947"
[1] "Retrieving coordinates... 2025-04-25 12:46:49.772449"
[1] "Retrieving H3 Indexes for Buildings... 2025-04-25 12:46:49.791332"
[1] "Deleting Footprints... 2025-04-25 12:46:49.88759"
[1] "8 Files Succesfully Downloaded --- 2025-04-25 12:46:50"
[1] "Downloading Footprints for link 9 @ 2025-04-25 12:46:49.890348"
[1] "File Downloaded... unzipping... 2025-04-25 12:46:50.401634"
[1] "Reading in data and making spatial... 2025-04-25 12:46:50.435273"
[1] "Retrieving coordinates... 2025-04-25 12:46:50.516196"
[1] "Retrieving H3 Indexes for Buildings... 2025-04-25 12:46:50.517022"
[1] "Deleting Footprints... 2025-04-25 12:46:50.52989"
[1] "9 Files Succesfully Downloaded --- 2025-04-25 12:46:51"
[1] "Downloading Footprints for link 10 @ 2025-04-25 12:46:50.531563"
[1] "File Downloaded... unzipping... 2025-04-25 12:46:51.861322"
[1] "Reading in data and making spatial... 2025-04-25 12:46:52.190194"
[1] "Retrieving coordinates... 2025-04-25 12:46:55.696863"
[1] "Retrieving H3 Indexes for Buildings... 2025-04-25 12:46:55.716212"
[1] "Deleting Footprints... 2025-04-25 12:46:55.830322"
[1] "10 Files Succesfully Downloaded --- 2025-04-25 12:46:56"
[1] "Downloading Footprints for link 11 @ 2025-04-25 12:46:55.83418"
[1] "File Downloaded... unzipping... 2025-04-25 12:47:01.485126"
[1] "Reading in data and making spatial... 2025-04-25 12:47:02.097602"
[1] "Retrieving coordinates... 2025-04-25 12:47:07.62117"
[1] "Retrieving H3 Indexes for Buildings... 2025-04-25 12:47:07.645826"
[1] "Deleting Footprints... 2025-04-25 12:47:07.794339"
[1] "11 Files Succesfully Downloaded --- 2025-04-25 12:47:08"
[1] "Downloading Footprints for link 12 @ 2025-04-25 12:47:07.79643"
[1] "File Downloaded... unzipping... 2025-04-25 12:47:08.867888"
[1] "Reading in data and making spatial... 2025-04-25 12:47:08.948309"
[1] "Retrieving coordinates... 2025-04-25 12:47:09.975635"
[1] "Retrieving H3 Indexes for Buildings... 2025-04-25 12:47:09.98202"
[1] "Deleting Footprints... 2025-04-25 12:47:10.036834"
[1] "12 Files Succesfully Downloaded --- 2025-04-25 12:47:10"
[1] "Downloading Footprints for link 13 @ 2025-04-25 12:47:10.039616"
[1] "File Downloaded... unzipping... 2025-04-25 12:47:11.259749"
[1] "Reading in data and making spatial... 2025-04-25 12:47:11.445022"
[1] "Retrieving coordinates... 2025-04-25 12:47:14.264023"
[1] "Retrieving H3 Indexes for Buildings... 2025-04-25 12:47:14.280061"
[1] "Deleting Footprints... 2025-04-25 12:47:14.395501"
[1] "13 Files Succesfully Downloaded --- 2025-04-25 12:47:14"
[1] "Downloading Footprints for link 14 @ 2025-04-25 12:47:14.398867"
[1] "File Downloaded... unzipping... 2025-04-25 12:47:15.219742"
[1] "Reading in data and making spatial... 2025-04-25 12:47:15.266645"
[1] "Retrieving coordinates... 2025-04-25 12:47:15.77202"
[1] "Retrieving H3 Indexes for Buildings... 2025-04-25 12:47:15.774094"
[1] "Deleting Footprints... 2025-04-25 12:47:15.804707"
[1] "14 Files Succesfully Downloaded --- 2025-04-25 12:47:16"
[1] "Downloading Footprints for link 15 @ 2025-04-25 12:47:15.808694"
[1] "File Downloaded... unzipping... 2025-04-25 12:47:16.391539"
[1] "Reading in data and making spatial... 2025-04-25 12:47:16.423957"
[1] "Retrieving coordinates... 2025-04-25 12:47:16.546499"
[1] "Retrieving H3 Indexes for Buildings... 2025-04-25 12:47:16.547486"
[1] "Deleting Footprints... 2025-04-25 12:47:16.578078"
[1] "15 Files Succesfully Downloaded --- 2025-04-25 12:47:17"
[1] "Downloading Footprints for link 16 @ 2025-04-25 12:47:16.580269"
[1] "File Downloaded... unzipping... 2025-04-25 12:47:16.845327"
[1] "Reading in data and making spatial... 2025-04-25 12:47:16.869579"
[1] "Retrieving coordinates... 2025-04-25 12:47:16.886525"
[1] "Retrieving H3 Indexes for Buildings... 2025-04-25 12:47:16.886942"
[1] "Deleting Footprints... 2025-04-25 12:47:17.004208"
[1] "16 Files Succesfully Downloaded --- 2025-04-25 12:47:17"
[1] "Downloading Footprints for link 17 @ 2025-04-25 12:47:17.006048"
[1] "File Downloaded... unzipping... 2025-04-25 12:47:18.419184"
[1] "Reading in data and making spatial... 2025-04-25 12:47:18.894202"
[1] "Retrieving coordinates... 2025-04-25 12:47:22.873274"
[1] "Retrieving H3 Indexes for Buildings... 2025-04-25 12:47:22.893512"
[1] "Deleting Footprints... 2025-04-25 12:47:23.026735"
[1] "17 Files Succesfully Downloaded --- 2025-04-25 12:47:23"
[1] "Downloading Footprints for link 18 @ 2025-04-25 12:47:23.029475"
[1] "File Downloaded... unzipping... 2025-04-25 12:47:23.397987"
[1] "Reading in data and making spatial... 2025-04-25 12:47:23.424027"
[1] "Retrieving coordinates... 2025-04-25 12:47:23.456045"
[1] "Retrieving H3 Indexes for Buildings... 2025-04-25 12:47:23.456588"
[1] "Deleting Footprints... 2025-04-25 12:47:23.488206"
[1] "18 Files Succesfully Downloaded --- 2025-04-25 12:47:23"
[1] "Downloading Footprints for link 19 @ 2025-04-25 12:47:23.489972"
[1] "File Downloaded... unzipping... 2025-04-25 12:47:24.052263"
[1] "Reading in data and making spatial... 2025-04-25 12:47:24.07933"
[1] "Retrieving coordinates... 2025-04-25 12:47:24.14239"
[1] "Retrieving H3 Indexes for Buildings... 2025-04-25 12:47:24.143049"
[1] "Deleting Footprints... 2025-04-25 12:47:24.171646"
[1] "19 Files Succesfully Downloaded --- 2025-04-25 12:47:24"
[1] "Downloading Footprints for link 20 @ 2025-04-25 12:47:24.173731"
[1] "File Downloaded... unzipping... 2025-04-25 12:47:25.040034"
[1] "Reading in data and making spatial... 2025-04-25 12:47:25.092076"
[1] "Retrieving coordinates... 2025-04-25 12:47:25.53095"
[1] "Retrieving H3 Indexes for Buildings... 2025-04-25 12:47:25.533893"
[1] "Deleting Footprints... 2025-04-25 12:47:25.655593"
[1] "20 Files Succesfully Downloaded --- 2025-04-25 12:47:26"
[1] "Downloading Footprints for link 21 @ 2025-04-25 12:47:25.660122"
[1] "File Downloaded... unzipping... 2025-04-25 12:47:26.745198"
[1] "Reading in data and making spatial... 2025-04-25 12:47:27.149763"
[1] "Retrieving coordinates... 2025-04-25 12:47:28.319677"
[1] "Retrieving H3 Indexes for Buildings... 2025-04-25 12:47:28.327329"
[1] "Deleting Footprints... 2025-04-25 12:47:28.399974"
[1] "21 Files Succesfully Downloaded --- 2025-04-25 12:47:28"
[1] "Downloading Footprints for link 22 @ 2025-04-25 12:47:28.40249"
[1] "File Downloaded... unzipping... 2025-04-25 12:47:28.950057"
[1] "Reading in data and making spatial... 2025-04-25 12:47:29.082079"
[1] "Retrieving coordinates... 2025-04-25 12:47:29.170974"
[1] "Retrieving H3 Indexes for Buildings... 2025-04-25 12:47:29.171829"
[1] "Deleting Footprints... 2025-04-25 12:47:29.202927"
[1] "22 Files Succesfully Downloaded --- 2025-04-25 12:47:29"
[1] "Downloading Footprints for link 23 @ 2025-04-25 12:47:29.205521"
[1] "File Downloaded... unzipping... 2025-04-25 12:47:30.170306"
[1] "Reading in data and making spatial... 2025-04-25 12:47:30.460086"
[1] "Retrieving coordinates... 2025-04-25 12:47:31.156792"
[1] "Retrieving H3 Indexes for Buildings... 2025-04-25 12:47:31.160562"
[1] "Deleting Footprints... 2025-04-25 12:47:31.209579"
[1] "23 Files Succesfully Downloaded --- 2025-04-25 12:47:31"
[1] "Downloading Footprints for link 24 @ 2025-04-25 12:47:31.212776"
[1] "File Downloaded... unzipping... 2025-04-25 12:47:31.601265"
[1] "Reading in data and making spatial... 2025-04-25 12:47:31.959955"
[1] "Retrieving coordinates... 2025-04-25 12:47:32.004335"
[1] "Retrieving H3 Indexes for Buildings... 2025-04-25 12:47:32.004864"
[1] "Deleting Footprints... 2025-04-25 12:47:32.035178"
[1] "24 Files Succesfully Downloaded --- 2025-04-25 12:47:32"
[1] "Downloading Footprints for link 25 @ 2025-04-25 12:47:32.039967"
[1] "File Downloaded... unzipping... 2025-04-25 12:47:33.262747"
[1] "Reading in data and making spatial... 2025-04-25 12:47:33.367721"
[1] "Retrieving coordinates... 2025-04-25 12:47:35.256335"
[1] "Retrieving H3 Indexes for Buildings... 2025-04-25 12:47:35.265756"
[1] "Deleting Footprints... 2025-04-25 12:47:35.356459"
[1] "25 Files Succesfully Downloaded --- 2025-04-25 12:47:35"
[1] "Downloading Footprints for link 26 @ 2025-04-25 12:47:35.360235"
[1] "File Downloaded... unzipping... 2025-04-25 12:47:36.188563"
[1] "Reading in data and making spatial... 2025-04-25 12:47:36.359704"
[1] "Retrieving coordinates... 2025-04-25 12:47:36.623957"
[1] "Retrieving H3 Indexes for Buildings... 2025-04-25 12:47:36.625865"
[1] "Deleting Footprints... 2025-04-25 12:47:36.814428"
[1] "26 Files Succesfully Downloaded --- 2025-04-25 12:47:37"
[1] "Downloading Footprints for link 27 @ 2025-04-25 12:47:36.818032"
[1] "File Downloaded... unzipping... 2025-04-25 12:47:37.751798"
[1] "Reading in data and making spatial... 2025-04-25 12:47:37.857332"
[1] "Retrieving coordinates... 2025-04-25 12:47:38.455197"
[1] "Retrieving H3 Indexes for Buildings... 2025-04-25 12:47:38.459062"
[1] "Deleting Footprints... 2025-04-25 12:47:38.614646"
[1] "27 Files Succesfully Downloaded --- 2025-04-25 12:47:39"
[1] "Downloading Footprints for link 28 @ 2025-04-25 12:47:38.619241"
[1] "File Downloaded... unzipping... 2025-04-25 12:47:39.389795"
[1] "Reading in data and making spatial... 2025-04-25 12:47:39.565302"
[1] "Retrieving coordinates... 2025-04-25 12:47:39.904732"
[1] "Retrieving H3 Indexes for Buildings... 2025-04-25 12:47:39.906771"
[1] "Deleting Footprints... 2025-04-25 12:47:40.359821"
[1] "28 Files Succesfully Downloaded --- 2025-04-25 12:47:40"
[1] "Downloading Footprints for link 29 @ 2025-04-25 12:47:40.369306"
[1] "File Downloaded... unzipping... 2025-04-25 12:47:41.206961"
[1] "Reading in data and making spatial... 2025-04-25 12:47:41.294539"
[1] "Retrieving coordinates... 2025-04-25 12:47:41.572088"
[1] "Retrieving H3 Indexes for Buildings... 2025-04-25 12:47:41.574512"
[1] "Deleting Footprints... 2025-04-25 12:47:41.618609"
[1] "29 Files Succesfully Downloaded --- 2025-04-25 12:47:42"
[1] "Downloading Footprints for link 30 @ 2025-04-25 12:47:41.622365"
[1] "File Downloaded... unzipping... 2025-04-25 12:47:42.167199"
[1] "Reading in data and making spatial... 2025-04-25 12:47:42.194896"
[1] "Retrieving coordinates... 2025-04-25 12:47:42.249326"
[1] "Retrieving H3 Indexes for Buildings... 2025-04-25 12:47:42.249998"
[1] "Deleting Footprints... 2025-04-25 12:47:42.285887"
[1] "30 Files Succesfully Downloaded --- 2025-04-25 12:47:42"
[1] "Downloading Footprints for link 31 @ 2025-04-25 12:47:42.28772"
[1] "File Downloaded... unzipping... 2025-04-25 12:47:49.024941"
[1] "Reading in data and making spatial... 2025-04-25 12:47:49.168822"
[1] "Retrieving coordinates... 2025-04-25 12:47:50.622972"
[1] "Retrieving H3 Indexes for Buildings... 2025-04-25 12:47:50.632745"
[1] "Deleting Footprints... 2025-04-25 12:47:50.729352"
[1] "31 Files Succesfully Downloaded --- 2025-04-25 12:47:51"
[1] "Downloading Footprints for link 32 @ 2025-04-25 12:47:50.731765"
[1] "File Downloaded... unzipping... 2025-04-25 12:47:51.019876"
[1] "Reading in data and making spatial... 2025-04-25 12:47:51.043808"
[1] "Retrieving coordinates... 2025-04-25 12:47:51.05687"
[1] "Retrieving H3 Indexes for Buildings... 2025-04-25 12:47:51.057244"
[1] "Deleting Footprints... 2025-04-25 12:47:51.09323"
[1] "32 Files Succesfully Downloaded --- 2025-04-25 12:47:51"
[1] "Downloading Footprints for link 33 @ 2025-04-25 12:47:51.09515"
[1] "File Downloaded... unzipping... 2025-04-25 12:47:52.257868"
[1] "Reading in data and making spatial... 2025-04-25 12:47:52.634992"
[1] "Retrieving coordinates... 2025-04-25 12:47:53.945725"
[1] "Retrieving H3 Indexes for Buildings... 2025-04-25 12:47:53.953022"
[1] "Deleting Footprints... 2025-04-25 12:47:54.032037"
[1] "33 Files Succesfully Downloaded --- 2025-04-25 12:47:54"
[1] "Downloading Footprints for link 34 @ 2025-04-25 12:47:54.035706"
[1] "File Downloaded... unzipping... 2025-04-25 12:47:54.694589"
[1] "Reading in data and making spatial... 2025-04-25 12:47:54.726767"
[1] "Retrieving coordinates... 2025-04-25 12:47:54.849096"
[1] "Retrieving H3 Indexes for Buildings... 2025-04-25 12:47:54.850244"
[1] "Deleting Footprints... 2025-04-25 12:47:54.892314"
[1] "34 Files Succesfully Downloaded --- 2025-04-25 12:47:55"
[1] "Downloading Footprints for link 35 @ 2025-04-25 12:47:54.897106"
[1] "File Downloaded... unzipping... 2025-04-25 12:47:55.146541"
[1] "Reading in data and making spatial... 2025-04-25 12:47:55.172119"
[1] "Retrieving coordinates... 2025-04-25 12:47:55.183879"
[1] "Retrieving H3 Indexes for Buildings... 2025-04-25 12:47:55.184282"
[1] "Deleting Footprints... 2025-04-25 12:47:55.338436"
[1] "35 Files Succesfully Downloaded --- 2025-04-25 12:47:55"
[1] "Downloading Footprints for link 36 @ 2025-04-25 12:47:55.341396"
[1] "File Downloaded... unzipping... 2025-04-25 12:47:55.99435"
[1] "Reading in data and making spatial... 2025-04-25 12:47:56.024731"
[1] "Retrieving coordinates... 2025-04-25 12:47:56.12414"
[1] "Retrieving H3 Indexes for Buildings... 2025-04-25 12:47:56.125095"
[1] "Deleting Footprints... 2025-04-25 12:47:56.167239"
[1] "36 Files Succesfully Downloaded --- 2025-04-25 12:47:56"
[1] "Downloading Footprints for link 37 @ 2025-04-25 12:47:56.169314"
[1] "File Downloaded... unzipping... 2025-04-25 12:47:56.906399"
[1] "Reading in data and making spatial... 2025-04-25 12:47:56.937944"
[1] "Retrieving coordinates... 2025-04-25 12:47:57.09878"
[1] "Retrieving H3 Indexes for Buildings... 2025-04-25 12:47:57.100101"
[1] "Deleting Footprints... 2025-04-25 12:47:57.254025"
[1] "37 Files Succesfully Downloaded --- 2025-04-25 12:47:57"
[1] "Downloading Footprints for link 38 @ 2025-04-25 12:47:57.255837"
[1] "File Downloaded... unzipping... 2025-04-25 12:47:58.067993"
[1] "Reading in data and making spatial... 2025-04-25 12:47:58.110826"
[1] "Retrieving coordinates... 2025-04-25 12:47:58.373135"
[1] "Retrieving H3 Indexes for Buildings... 2025-04-25 12:47:58.375055"
[1] "Deleting Footprints... 2025-04-25 12:47:58.519592"
[1] "38 Files Succesfully Downloaded --- 2025-04-25 12:47:59"
[1] "Downloading Footprints for link 39 @ 2025-04-25 12:47:58.52233"
[1] "File Downloaded... unzipping... 2025-04-25 12:47:59.186107"
[1] "Reading in data and making spatial... 2025-04-25 12:47:59.365425"
[1] "Retrieving coordinates... 2025-04-25 12:47:59.475512"
[1] "Retrieving H3 Indexes for Buildings... 2025-04-25 12:47:59.476465"
[1] "Deleting Footprints... 2025-04-25 12:47:59.518628"
[1] "39 Files Succesfully Downloaded --- 2025-04-25 12:48:00"
[1] "Downloading Footprints for link 40 @ 2025-04-25 12:47:59.521632"
[1] "File Downloaded... unzipping... 2025-04-25 12:48:00.357052"
[1] "Reading in data and making spatial... 2025-04-25 12:48:00.441008"
[1] "Retrieving coordinates... 2025-04-25 12:48:00.77223"
[1] "Retrieving H3 Indexes for Buildings... 2025-04-25 12:48:00.774717"
[1] "Deleting Footprints... 2025-04-25 12:48:00.826417"
[1] "40 Files Succesfully Downloaded --- 2025-04-25 12:48:01"
[1] "Downloading Footprints for link 41 @ 2025-04-25 12:48:00.830497"
[1] "File Downloaded... unzipping... 2025-04-25 12:48:01.605314"
[1] "Reading in data and making spatial... 2025-04-25 12:48:01.899152"
[1] "Retrieving coordinates... 2025-04-25 12:48:02.305985"
[1] "Retrieving H3 Indexes for Buildings... 2025-04-25 12:48:02.308094"
[1] "Deleting Footprints... 2025-04-25 12:48:02.361469"
[1] "41 Files Succesfully Downloaded --- 2025-04-25 12:48:02"
[1] "Downloading Footprints for link 42 @ 2025-04-25 12:48:02.363738"
[1] "File Downloaded... unzipping... 2025-04-25 12:48:03.297351"
[1] "Reading in data and making spatial... 2025-04-25 12:48:03.358568"
[1] "Retrieving coordinates... 2025-04-25 12:48:03.9624"
[1] "Retrieving H3 Indexes for Buildings... 2025-04-25 12:48:03.966314"
[1] "Deleting Footprints... 2025-04-25 12:48:04.147034"
[1] "42 Files Succesfully Downloaded --- 2025-04-25 12:48:04"
[1] "SCRIPT COMPLETE @ 2025-04-25 12:48:05"
