[1] "Starting at: 2025-04-25 12:46:15"
[1] "Loading Links at: 2025-04-25 12:46:37"
[1] "quadkeys to download: 21"
[1] "Downloading and Joining footprints to Hex @ 2025-04-25 12:46:37"
[1] "Downloading Footprints for link 1 @ 2025-04-25 12:46:37.091676"
[1] "File Downloaded... unzipping... 2025-04-25 12:46:39.403217"
[1] "Reading in data and making spatial... 2025-04-25 12:46:39.556857"
[1] "Retrieving coordinates... 2025-04-25 12:46:43.343691"
[1] "Retrieving H3 Indexes for Buildings... 2025-04-25 12:46:43.360994"
[1] "Deleting Footprints... 2025-04-25 12:46:43.437502"
[1] "1 Files Succesfully Downloaded --- 2025-04-25 12:46:43"
[1] "Downloading Footprints for link 2 @ 2025-04-25 12:46:43.441864"
[1] "File Downloaded... unzipping... 2025-04-25 12:46:44.546625"
[1] "Reading in data and making spatial... 2025-04-25 12:46:44.623297"
[1] "Retrieving coordinates... 2025-04-25 12:46:45.489764"
[1] "Retrieving H3 Indexes for Buildings... 2025-04-25 12:46:45.495713"
[1] "Deleting Footprints... 2025-04-25 12:46:45.532232"
[1] "2 Files Succesfully Downloaded --- 2025-04-25 12:46:46"
[1] "Downloading Footprints for link 3 @ 2025-04-25 12:46:45.536215"
[1] "File Downloaded... unzipping... 2025-04-25 12:46:46.805988"
[1] "Reading in data and making spatial... 2025-04-25 12:46:46.928596"
[1] "Retrieving coordinates... 2025-04-25 12:46:48.296149"
[1] "Retrieving H3 Indexes for Buildings... 2025-04-25 12:46:48.305339"
[1] "Deleting Footprints... 2025-04-25 12:46:48.741861"
[1] "3 Files Succesfully Downloaded --- 2025-04-25 12:46:49"
[1] "Downloading Footprints for link 4 @ 2025-04-25 12:46:48.746634"
[1] "File Downloaded... unzipping... 2025-04-25 12:46:50.087755"
[1] "Reading in data and making spatial... 2025-04-25 12:46:50.392449"
[1] "Retrieving coordinates... 2025-04-25 12:46:56.914689"
[1] "Retrieving H3 Indexes for Buildings... 2025-04-25 12:46:56.950914"
[1] "Deleting Footprints... 2025-04-25 12:46:57.150941"
[1] "4 Files Succesfully Downloaded --- 2025-04-25 12:46:57"
[1] "Downloading Footprints for link 5 @ 2025-04-25 12:46:57.154353"
[1] "File Downloaded... unzipping... 2025-04-25 12:46:58.780694"
[1] "Reading in data and making spatial... 2025-04-25 12:46:59.271384"
[1] "Retrieving coordinates... 2025-04-25 12:47:06.41752"
[1] "Retrieving H3 Indexes for Buildings... 2025-04-25 12:47:06.454796"
[1] "Deleting Footprints... 2025-04-25 12:47:06.669837"
[1] "5 Files Succesfully Downloaded --- 2025-04-25 12:47:07"
[1] "Downloading Footprints for link 6 @ 2025-04-25 12:47:06.670703"
[1] "File Downloaded... unzipping... 2025-04-25 12:47:08.563145"
[1] "Reading in data and making spatial... 2025-04-25 12:47:09.004666"
[1] "Retrieving coordinates... 2025-04-25 12:47:18.2202"
[1] "Retrieving H3 Indexes for Buildings... 2025-04-25 12:47:18.261381"
[1] "Deleting Footprints... 2025-04-25 12:47:18.505319"
[1] "6 Files Succesfully Downloaded --- 2025-04-25 12:47:19"
[1] "Downloading Footprints for link 7 @ 2025-04-25 12:47:18.508032"
[1] "File Downloaded... unzipping... 2025-04-25 12:47:29.002853"
[1] "Reading in data and making spatial... 2025-04-25 12:47:30.420782"
[1] "Retrieving coordinates... 2025-04-25 12:47:57.044384"
[1] "Retrieving H3 Indexes for Buildings... 2025-04-25 12:47:57.19649"
[1] "Deleting Footprints... 2025-04-25 12:47:57.910503"
[1] "7 Files Succesfully Downloaded --- 2025-04-25 12:47:58"
[1] "Downloading Footprints for link 8 @ 2025-04-25 12:47:57.91451"
[1] "File Downloaded... unzipping... 2025-04-25 12:47:59.501892"
[1] "Reading in data and making spatial... 2025-04-25 12:48:00.096548"
[1] "Retrieving coordinates... 2025-04-25 12:48:09.968842"
[1] "Retrieving H3 Indexes for Buildings... 2025-04-25 12:48:10.023167"
[1] "Deleting Footprints... 2025-04-25 12:48:10.350793"
[1] "8 Files Succesfully Downloaded --- 2025-04-25 12:48:10"
[1] "Downloading Footprints for link 9 @ 2025-04-25 12:48:10.353726"
[1] "File Downloaded... unzipping... 2025-04-25 12:48:11.472831"
[1] "Reading in data and making spatial... 2025-04-25 12:48:11.565415"
[1] "Retrieving coordinates... 2025-04-25 12:48:13.18498"
[1] "Retrieving H3 Indexes for Buildings... 2025-04-25 12:48:13.192274"
[1] "Deleting Footprints... 2025-04-25 12:48:13.891079"
[1] "9 Files Succesfully Downloaded --- 2025-04-25 12:48:14"
[1] "Downloading Footprints for link 10 @ 2025-04-25 12:48:13.894156"
[1] "File Downloaded... unzipping... 2025-04-25 12:48:15.431019"
[1] "Reading in data and making spatial... 2025-04-25 12:48:16.783304"
[1] "Retrieving coordinates... 2025-04-25 12:48:23.009297"
[1] "Retrieving H3 Indexes for Buildings... 2025-04-25 12:48:23.050238"
[1] "Deleting Footprints... 2025-04-25 12:48:23.341386"
[1] "10 Files Succesfully Downloaded --- 2025-04-25 12:48:23"
[1] "Downloading Footprints for link 11 @ 2025-04-25 12:48:23.344382"
[1] "File Downloaded... unzipping... 2025-04-25 12:48:24.846962"
[1] "Reading in data and making spatial... 2025-04-25 12:48:25.441772"
[1] "Retrieving coordinates... 2025-04-25 12:48:33.895233"
[1] "Retrieving H3 Indexes for Buildings... 2025-04-25 12:48:33.943594"
[1] "Deleting Footprints... 2025-04-25 12:48:34.400738"
[1] "11 Files Succesfully Downloaded --- 2025-04-25 12:48:34"
[1] "Downloading Footprints for link 12 @ 2025-04-25 12:48:34.403453"
[1] "File Downloaded... unzipping... 2025-04-25 12:48:35.717741"
[1] "Reading in data and making spatial... 2025-04-25 12:48:35.945661"
[1] "Retrieving coordinates... 2025-04-25 12:48:39.798646"
[1] "Retrieving H3 Indexes for Buildings... 2025-04-25 12:48:39.81404"
[1] "Deleting Footprints... 2025-04-25 12:48:39.991399"
[1] "12 Files Succesfully Downloaded --- 2025-04-25 12:48:40"
[1] "Downloading Footprints for link 13 @ 2025-04-25 12:48:39.995165"
[1] "File Downloaded... unzipping... 2025-04-25 12:48:40.982751"
[1] "Reading in data and making spatial... 2025-04-25 12:48:41.402734"
[1] "Retrieving coordinates... 2025-04-25 12:48:42.384561"
[1] "Retrieving H3 Indexes for Buildings... 2025-04-25 12:48:42.390425"
[1] "Deleting Footprints... 2025-04-25 12:48:42.671024"
[1] "13 Files Succesfully Downloaded --- 2025-04-25 12:48:43"
[1] "Downloading Footprints for link 14 @ 2025-04-25 12:48:42.673611"
[1] "File Downloaded... unzipping... 2025-04-25 12:48:47.671614"
[1] "Reading in data and making spatial... 2025-04-25 12:48:48.185511"
[1] "Retrieving coordinates... 2025-04-25 12:48:58.889591"
[1] "Retrieving H3 Indexes for Buildings... 2025-04-25 12:48:58.949566"
[1] "Deleting Footprints... 2025-04-25 12:48:59.570354"
[1] "14 Files Succesfully Downloaded --- 2025-04-25 12:49:00"
[1] "Downloading Footprints for link 15 @ 2025-04-25 12:48:59.572804"
[1] "File Downloaded... unzipping... 2025-04-25 12:49:00.913535"
[1] "Reading in data and making spatial... 2025-04-25 12:49:02.12921"
[1] "Retrieving coordinates... 2025-04-25 12:49:05.333076"
[1] "Retrieving H3 Indexes for Buildings... 2025-04-25 12:49:05.35327"
[1] "Deleting Footprints... 2025-04-25 12:49:05.746948"
[1] "15 Files Succesfully Downloaded --- 2025-04-25 12:49:06"
[1] "Downloading Footprints for link 16 @ 2025-04-25 12:49:05.751122"
[1] "File Downloaded... unzipping... 2025-04-25 12:49:06.965496"
[1] "Reading in data and making spatial... 2025-04-25 12:49:07.170728"
[1] "Retrieving coordinates... 2025-04-25 12:49:11.375633"
[1] "Retrieving H3 Indexes for Buildings... 2025-04-25 12:49:11.396782"
[1] "Deleting Footprints... 2025-04-25 12:49:12.249997"
[1] "16 Files Succesfully Downloaded --- 2025-04-25 12:49:12"
[1] "Downloading Footprints for link 17 @ 2025-04-25 12:49:12.253508"
[1] "File Downloaded... unzipping... 2025-04-25 12:49:13.405021"
[1] "Reading in data and making spatial... 2025-04-25 12:49:13.507474"
[1] "Retrieving coordinates... 2025-04-25 12:49:14.500886"
[1] "Retrieving H3 Indexes for Buildings... 2025-04-25 12:49:14.507997"
[1] "Deleting Footprints... 2025-04-25 12:49:14.776329"
[1] "17 Files Succesfully Downloaded --- 2025-04-25 12:49:15"
[1] "Downloading Footprints for link 18 @ 2025-04-25 12:49:14.778511"
[1] "File Downloaded... unzipping... 2025-04-25 12:49:15.372588"
[1] "Reading in data and making spatial... 2025-04-25 12:49:15.402294"
[1] "Retrieving coordinates... 2025-04-25 12:49:15.428927"
[1] "Retrieving H3 Indexes for Buildings... 2025-04-25 12:49:15.429382"
[1] "Deleting Footprints... 2025-04-25 12:49:15.873393"
[1] "18 Files Succesfully Downloaded --- 2025-04-25 12:49:16"
[1] "Downloading Footprints for link 19 @ 2025-04-25 12:49:15.877288"
[1] "File Downloaded... unzipping... 2025-04-25 12:49:18.302271"
[1] "Reading in data and making spatial... 2025-04-25 12:49:18.522292"
[1] "Retrieving coordinates... 2025-04-25 12:49:22.525886"
[1] "Retrieving H3 Indexes for Buildings... 2025-04-25 12:49:22.547426"
[1] "Deleting Footprints... 2025-04-25 12:49:22.788357"
[1] "19 Files Succesfully Downloaded --- 2025-04-25 12:49:23"
[1] "Downloading Footprints for link 20 @ 2025-04-25 12:49:22.791914"
[1] "File Downloaded... unzipping... 2025-04-25 12:49:23.935113"
[1] "Reading in data and making spatial... 2025-04-25 12:49:24.332532"
[1] "Retrieving coordinates... 2025-04-25 12:49:25.608939"
[1] "Retrieving H3 Indexes for Buildings... 2025-04-25 12:49:25.6165"
[1] "Deleting Footprints... 2025-04-25 12:49:26.141887"
[1] "20 Files Succesfully Downloaded --- 2025-04-25 12:49:26"
[1] "Downloading Footprints for link 21 @ 2025-04-25 12:49:26.144561"
[1] "File Downloaded... unzipping... 2025-04-25 12:49:27.533877"
[1] "Reading in data and making spatial... 2025-04-25 12:49:27.729"
[1] "Retrieving coordinates... 2025-04-25 12:49:30.943415"
[1] "Retrieving H3 Indexes for Buildings... 2025-04-25 12:49:30.963287"
[1] "Deleting Footprints... 2025-04-25 12:49:31.408471"
[1] "21 Files Succesfully Downloaded --- 2025-04-25 12:49:31"
[1] "SCRIPT COMPLETE @ 2025-04-25 12:49:34"
