[1] "Starting at: 2025-04-25 12:46:15"
[1] "Loading Links at: 2025-04-25 12:46:37"
[1] "quadkeys to download: 19"
[1] "Downloading and Joining footprints to Hex @ 2025-04-25 12:46:37"
[1] "Downloading Footprints for link 1 @ 2025-04-25 12:46:37.127642"
[1] "File Downloaded... unzipping... 2025-04-25 12:46:39.298494"
[1] "Reading in data and making spatial... 2025-04-25 12:46:40.19255"
[1] "Retrieving coordinates... 2025-04-25 12:46:57.049446"
[1] "Retrieving H3 Indexes for Buildings... 2025-04-25 12:46:57.139133"
[1] "Deleting Footprints... 2025-04-25 12:46:57.554582"
[1] "1 Files Succesfully Downloaded --- 2025-04-25 12:46:58"
[1] "Downloading Footprints for link 2 @ 2025-04-25 12:46:57.556936"
[1] "File Downloaded... unzipping... 2025-04-25 12:46:59.24779"
[1] "Reading in data and making spatial... 2025-04-25 12:46:59.459813"
[1] "Retrieving coordinates... 2025-04-25 12:47:03.447815"
[1] "Retrieving H3 Indexes for Buildings... 2025-04-25 12:47:03.47235"
[1] "Deleting Footprints... 2025-04-25 12:47:03.622934"
[1] "2 Files Succesfully Downloaded --- 2025-04-25 12:47:04"
[1] "Downloading Footprints for link 3 @ 2025-04-25 12:47:03.625445"
[1] "File Downloaded... unzipping... 2025-04-25 12:47:07.315769"
[1] "Reading in data and making spatial... 2025-04-25 12:47:08.107313"
[1] "Retrieving coordinates... 2025-04-25 12:47:24.649435"
[1] "Retrieving H3 Indexes for Buildings... 2025-04-25 12:47:24.736565"
[1] "Deleting Footprints... 2025-04-25 12:47:25.196571"
[1] "3 Files Succesfully Downloaded --- 2025-04-25 12:47:25"
[1] "Downloading Footprints for link 4 @ 2025-04-25 12:47:25.199609"
[1] "File Downloaded... unzipping... 2025-04-25 12:47:26.311076"
[1] "Reading in data and making spatial... 2025-04-25 12:47:26.413008"
[1] "Retrieving coordinates... 2025-04-25 12:47:29.678448"
[1] "Retrieving H3 Indexes for Buildings... 2025-04-25 12:47:29.687282"
[1] "Deleting Footprints... 2025-04-25 12:47:29.770822"
[1] "4 Files Succesfully Downloaded --- 2025-04-25 12:47:30"
[1] "Downloading Footprints for link 5 @ 2025-04-25 12:47:29.775569"
[1] "File Downloaded... unzipping... 2025-04-25 12:47:31.012617"
[1] "Reading in data and making spatial... 2025-04-25 12:47:31.376468"
[1] "Retrieving coordinates... 2025-04-25 12:47:37.481971"
[1] "Retrieving H3 Indexes for Buildings... 2025-04-25 12:47:37.513803"
[1] "Deleting Footprints... 2025-04-25 12:47:37.733208"
[1] "5 Files Succesfully Downloaded --- 2025-04-25 12:47:38"
[1] "Downloading Footprints for link 6 @ 2025-04-25 12:47:37.735552"
[1] "File Downloaded... unzipping... 2025-04-25 12:47:38.938062"
[1] "Reading in data and making spatial... 2025-04-25 12:47:39.208712"
[1] "Retrieving coordinates... 2025-04-25 12:47:42.572488"
[1] "Retrieving H3 Indexes for Buildings... 2025-04-25 12:47:42.590381"
[1] "Deleting Footprints... 2025-04-25 12:47:43.123168"
[1] "6 Files Succesfully Downloaded --- 2025-04-25 12:47:43"
[1] "Downloading Footprints for link 7 @ 2025-04-25 12:47:43.130045"
[1] "File Downloaded... unzipping... 2025-04-25 12:47:44.233914"
[1] "Reading in data and making spatial... 2025-04-25 12:47:44.459105"
[1] "Retrieving coordinates... 2025-04-25 12:47:46.504795"
[1] "Retrieving H3 Indexes for Buildings... 2025-04-25 12:47:46.514941"
[1] "Deleting Footprints... 2025-04-25 12:47:47.294783"
[1] "7 Files Succesfully Downloaded --- 2025-04-25 12:47:47"
[1] "Downloading Footprints for link 8 @ 2025-04-25 12:47:47.295622"
[1] "File Downloaded... unzipping... 2025-04-25 12:47:48.596192"
[1] "Reading in data and making spatial... 2025-04-25 12:47:48.900724"
[1] "Retrieving coordinates... 2025-04-25 12:47:56.020952"
[1] "Retrieving H3 Indexes for Buildings... 2025-04-25 12:47:56.058984"
[1] "Deleting Footprints... 2025-04-25 12:47:56.332513"
[1] "8 Files Succesfully Downloaded --- 2025-04-25 12:47:56"
[1] "Downloading Footprints for link 9 @ 2025-04-25 12:47:56.333938"
[1] "File Downloaded... unzipping... 2025-04-25 12:47:57.652371"
[1] "Reading in data and making spatial... 2025-04-25 12:47:58.317443"
[1] "Retrieving coordinates... 2025-04-25 12:48:03.000463"
[1] "Retrieving H3 Indexes for Buildings... 2025-04-25 12:48:03.02235"
[1] "Deleting Footprints... 2025-04-25 12:48:03.200669"
[1] "9 Files Succesfully Downloaded --- 2025-04-25 12:48:03"
[1] "Downloading Footprints for link 10 @ 2025-04-25 12:48:03.204707"
[1] "File Downloaded... unzipping... 2025-04-25 12:48:04.624197"
[1] "Reading in data and making spatial... 2025-04-25 12:48:05.881796"
[1] "Retrieving coordinates... 2025-04-25 12:48:13.338032"
[1] "Retrieving H3 Indexes for Buildings... 2025-04-25 12:48:13.371338"
[1] "Deleting Footprints... 2025-04-25 12:48:13.618513"
[1] "10 Files Succesfully Downloaded --- 2025-04-25 12:48:14"
[1] "Downloading Footprints for link 11 @ 2025-04-25 12:48:13.622613"
[1] "File Downloaded... unzipping... 2025-04-25 12:48:14.872889"
[1] "Reading in data and making spatial... 2025-04-25 12:48:15.131187"
[1] "Retrieving coordinates... 2025-04-25 12:48:18.710832"
[1] "Retrieving H3 Indexes for Buildings... 2025-04-25 12:48:18.725626"
[1] "Deleting Footprints... 2025-04-25 12:48:19.004888"
[1] "11 Files Succesfully Downloaded --- 2025-04-25 12:48:19"
[1] "Downloading Footprints for link 12 @ 2025-04-25 12:48:19.007696"
[1] "File Downloaded... unzipping... 2025-04-25 12:48:21.23427"
[1] "Reading in data and making spatial... 2025-04-25 12:48:21.944354"
[1] "Retrieving coordinates... 2025-04-25 12:48:35.442144"
[1] "Retrieving H3 Indexes for Buildings... 2025-04-25 12:48:35.505394"
[1] "Deleting Footprints... 2025-04-25 12:48:35.937639"
[1] "12 Files Succesfully Downloaded --- 2025-04-25 12:48:36"
[1] "Downloading Footprints for link 13 @ 2025-04-25 12:48:35.939797"
[1] "File Downloaded... unzipping... 2025-04-25 12:48:38.540785"
[1] "Reading in data and making spatial... 2025-04-25 12:48:39.639063"
[1] "Retrieving coordinates... 2025-04-25 12:49:03.205901"
[1] "Retrieving H3 Indexes for Buildings... 2025-04-25 12:49:03.689321"
[1] "Deleting Footprints... 2025-04-25 12:49:04.453738"
[1] "13 Files Succesfully Downloaded --- 2025-04-25 12:49:04"
[1] "Downloading Footprints for link 14 @ 2025-04-25 12:49:04.456924"
[1] "File Downloaded... unzipping... 2025-04-25 12:49:06.085149"
[1] "Reading in data and making spatial... 2025-04-25 12:49:06.492425"
[1] "Retrieving coordinates... 2025-04-25 12:49:13.441212"
[1] "Retrieving H3 Indexes for Buildings... 2025-04-25 12:49:13.478508"
[1] "Deleting Footprints... 2025-04-25 12:49:14.004583"
[1] "14 Files Succesfully Downloaded --- 2025-04-25 12:49:14"
[1] "Downloading Footprints for link 15 @ 2025-04-25 12:49:14.007294"
[1] "File Downloaded... unzipping... 2025-04-25 12:49:14.69074"
[1] "Reading in data and making spatial... 2025-04-25 12:49:14.726196"
[1] "Retrieving coordinates... 2025-04-25 12:49:14.98246"
[1] "Retrieving H3 Indexes for Buildings... 2025-04-25 12:49:14.984396"
[1] "Deleting Footprints... 2025-04-25 12:49:16.192939"
[1] "15 Files Succesfully Downloaded --- 2025-04-25 12:49:16"
[1] "Downloading Footprints for link 16 @ 2025-04-25 12:49:16.194952"
[1] "File Downloaded... unzipping... 2025-04-25 12:49:16.980423"
[1] "Reading in data and making spatial... 2025-04-25 12:49:17.032386"
[1] "Retrieving coordinates... 2025-04-25 12:49:17.418781"
[1] "Retrieving H3 Indexes for Buildings... 2025-04-25 12:49:17.421924"
[1] "Deleting Footprints... 2025-04-25 12:49:17.56485"
[1] "16 Files Succesfully Downloaded --- 2025-04-25 12:49:18"
[1] "Downloading Footprints for link 17 @ 2025-04-25 12:49:17.56785"
[1] "File Downloaded... unzipping... 2025-04-25 12:49:17.96869"
[1] "Reading in data and making spatial... 2025-04-25 12:49:17.992951"
[1] "Retrieving coordinates... 2025-04-25 12:49:18.057436"
[1] "Retrieving H3 Indexes for Buildings... 2025-04-25 12:49:18.058186"
[1] "Deleting Footprints... 2025-04-25 12:49:18.41584"
[1] "17 Files Succesfully Downloaded --- 2025-04-25 12:49:18"
[1] "Downloading Footprints for link 18 @ 2025-04-25 12:49:18.420084"
[1] "File Downloaded... unzipping... 2025-04-25 12:49:19.914956"
[1] "Reading in data and making spatial... 2025-04-25 12:49:20.455445"
[1] "Retrieving coordinates... 2025-04-25 12:49:26.570867"
[1] "Retrieving H3 Indexes for Buildings... 2025-04-25 12:49:26.609969"
[1] "Deleting Footprints... 2025-04-25 12:49:27.596113"
[1] "18 Files Succesfully Downloaded --- 2025-04-25 12:49:28"
[1] "Downloading Footprints for link 19 @ 2025-04-25 12:49:27.598584"
[1] "File Downloaded... unzipping... 2025-04-25 12:49:28.984233"
[1] "Reading in data and making spatial... 2025-04-25 12:49:29.749929"
[1] "Retrieving coordinates... 2025-04-25 12:49:32.162292"
[1] "Retrieving H3 Indexes for Buildings... 2025-04-25 12:49:32.175382"
[1] "Deleting Footprints... 2025-04-25 12:49:32.386273"
[1] "19 Files Succesfully Downloaded --- 2025-04-25 12:49:32"
[1] "SCRIPT COMPLETE @ 2025-04-25 12:49:35"
