[1] "Starting at: 2025-04-25 12:46:15"
[1] "Loading Links at: 2025-04-25 12:46:37"
[1] "quadkeys to download: 76"
[1] "Downloading and Joining footprints to Hex @ 2025-04-25 12:46:37"
[1] "Downloading Footprints for link 1 @ 2025-04-25 12:46:37.07065"
[1] "File Downloaded... unzipping... 2025-04-25 12:46:37.47075"
[1] "Reading in data and making spatial... 2025-04-25 12:46:37.501681"
[1] "Retrieving coordinates... 2025-04-25 12:46:37.691018"
[1] "Retrieving H3 Indexes for Buildings... 2025-04-25 12:46:37.691878"
[1] "Deleting Footprints... 2025-04-25 12:46:37.694001"
[1] "1 Files Succesfully Downloaded --- 2025-04-25 12:46:38"
[1] "Downloading Footprints for link 2 @ 2025-04-25 12:46:37.697802"
[1] "File Downloaded... unzipping... 2025-04-25 12:46:38.999113"
[1] "Reading in data and making spatial... 2025-04-25 12:46:39.095478"
[1] "Retrieving coordinates... 2025-04-25 12:46:40.796285"
[1] "Retrieving H3 Indexes for Buildings... 2025-04-25 12:46:41.046088"
[1] "Deleting Footprints... 2025-04-25 12:46:41.066217"
[1] "2 Files Succesfully Downloaded --- 2025-04-25 12:46:41"
[1] "Downloading Footprints for link 3 @ 2025-04-25 12:46:41.069781"
[1] "File Downloaded... unzipping... 2025-04-25 12:46:41.982965"
[1] "Reading in data and making spatial... 2025-04-25 12:46:42.033895"
[1] "Retrieving coordinates... 2025-04-25 12:46:43.140301"
[1] "Retrieving H3 Indexes for Buildings... 2025-04-25 12:46:43.142888"
[1] "Deleting Footprints... 2025-04-25 12:46:43.155639"
[1] "3 Files Succesfully Downloaded --- 2025-04-25 12:46:43"
[1] "Downloading Footprints for link 4 @ 2025-04-25 12:46:43.158194"
[1] "File Downloaded... unzipping... 2025-04-25 12:46:47.099567"
[1] "Reading in data and making spatial... 2025-04-25 12:46:47.233603"
[1] "Retrieving coordinates... 2025-04-25 12:46:47.732764"
[1] "Retrieving H3 Indexes for Buildings... 2025-04-25 12:46:47.736636"
[1] "Deleting Footprints... 2025-04-25 12:46:47.758363"
[1] "4 Files Succesfully Downloaded --- 2025-04-25 12:46:48"
[1] "Downloading Footprints for link 5 @ 2025-04-25 12:46:47.762225"
[1] "File Downloaded... unzipping... 2025-04-25 12:46:48.770768"
[1] "Reading in data and making spatial... 2025-04-25 12:46:48.931957"
[1] "Retrieving coordinates... 2025-04-25 12:46:49.614395"
[1] "Retrieving H3 Indexes for Buildings... 2025-04-25 12:46:49.619373"
[1] "Deleting Footprints... 2025-04-25 12:46:49.648462"
[1] "5 Files Succesfully Downloaded --- 2025-04-25 12:46:50"
[1] "Downloading Footprints for link 6 @ 2025-04-25 12:46:49.652058"
[1] "File Downloaded... unzipping... 2025-04-25 12:46:50.445783"
[1] "Reading in data and making spatial... 2025-04-25 12:46:50.488947"
[1] "Retrieving coordinates... 2025-04-25 12:46:50.813252"
[1] "Retrieving H3 Indexes for Buildings... 2025-04-25 12:46:50.815876"
[1] "Deleting Footprints... 2025-04-25 12:46:50.832569"
[1] "6 Files Succesfully Downloaded --- 2025-04-25 12:46:51"
[1] "Downloading Footprints for link 7 @ 2025-04-25 12:46:50.838637"
[1] "File Downloaded... unzipping... 2025-04-25 12:46:51.778653"
[1] "Reading in data and making spatial... 2025-04-25 12:46:51.913358"
[1] "Retrieving coordinates... 2025-04-25 12:46:52.422433"
[1] "Retrieving H3 Indexes for Buildings... 2025-04-25 12:46:52.426473"
[1] "Deleting Footprints... 2025-04-25 12:46:52.452443"
[1] "7 Files Succesfully Downloaded --- 2025-04-25 12:46:52"
[1] "Downloading Footprints for link 8 @ 2025-04-25 12:46:52.454731"
[1] "File Downloaded... unzipping... 2025-04-25 12:46:53.054034"
[1] "Reading in data and making spatial... 2025-04-25 12:46:53.082517"
[1] "Retrieving coordinates... 2025-04-25 12:46:53.21319"
[1] "Retrieving H3 Indexes for Buildings... 2025-04-25 12:46:53.214464"
[1] "Deleting Footprints... 2025-04-25 12:46:53.224469"
[1] "8 Files Succesfully Downloaded --- 2025-04-25 12:46:53"
[1] "Downloading Footprints for link 9 @ 2025-04-25 12:46:53.226989"
[1] "File Downloaded... unzipping... 2025-04-25 12:46:53.583644"
[1] "Reading in data and making spatial... 2025-04-25 12:46:53.606455"
[1] "Retrieving coordinates... 2025-04-25 12:46:53.649388"
[1] "Retrieving H3 Indexes for Buildings... 2025-04-25 12:46:53.650047"
[1] "Deleting Footprints... 2025-04-25 12:46:53.660582"
[1] "9 Files Succesfully Downloaded --- 2025-04-25 12:46:54"
[1] "Downloading Footprints for link 10 @ 2025-04-25 12:46:53.66273"
[1] "File Downloaded... unzipping... 2025-04-25 12:46:53.930348"
[1] "Reading in data and making spatial... 2025-04-25 12:46:53.956383"
[1] "Retrieving coordinates... 2025-04-25 12:46:53.970238"
[1] "Retrieving H3 Indexes for Buildings... 2025-04-25 12:46:53.970695"
[1] "Deleting Footprints... 2025-04-25 12:46:53.980268"
[1] "10 Files Succesfully Downloaded --- 2025-04-25 12:46:54"
[1] "Downloading Footprints for link 11 @ 2025-04-25 12:46:53.982145"
[1] "File Downloaded... unzipping... 2025-04-25 12:46:54.415589"
[1] "Reading in data and making spatial... 2025-04-25 12:46:54.442417"
[1] "Retrieving coordinates... 2025-04-25 12:46:54.474782"
[1] "Retrieving H3 Indexes for Buildings... 2025-04-25 12:46:54.475346"
[1] "Deleting Footprints... 2025-04-25 12:46:54.588059"
[1] "11 Files Succesfully Downloaded --- 2025-04-25 12:46:55"
[1] "Downloading Footprints for link 12 @ 2025-04-25 12:46:54.592503"
[1] "File Downloaded... unzipping... 2025-04-25 12:46:54.857037"
[1] "Reading in data and making spatial... 2025-04-25 12:46:54.87966"
[1] "Retrieving coordinates... 2025-04-25 12:46:54.891593"
[1] "Retrieving H3 Indexes for Buildings... 2025-04-25 12:46:54.891967"
[1] "Deleting Footprints... 2025-04-25 12:46:54.897174"
[1] "12 Files Succesfully Downloaded --- 2025-04-25 12:46:55"
[1] "Downloading Footprints for link 13 @ 2025-04-25 12:46:54.898771"
[1] "File Downloaded... unzipping... 2025-04-25 12:46:55.146819"
[1] "Reading in data and making spatial... 2025-04-25 12:46:55.172372"
[1] "Retrieving coordinates... 2025-04-25 12:46:55.18385"
[1] "Retrieving H3 Indexes for Buildings... 2025-04-25 12:46:55.184193"
[1] "Deleting Footprints... 2025-04-25 12:46:55.189359"
[1] "13 Files Succesfully Downloaded --- 2025-04-25 12:46:55"
[1] "Downloading Footprints for link 14 @ 2025-04-25 12:46:55.190686"
[1] "File Downloaded... unzipping... 2025-04-25 12:46:55.781208"
[1] "Reading in data and making spatial... 2025-04-25 12:46:55.809839"
[1] "Retrieving coordinates... 2025-04-25 12:46:55.908839"
[1] "Retrieving H3 Indexes for Buildings... 2025-04-25 12:46:55.909853"
[1] "Deleting Footprints... 2025-04-25 12:46:55.918351"
[1] "14 Files Succesfully Downloaded --- 2025-04-25 12:46:56"
[1] "Downloading Footprints for link 15 @ 2025-04-25 12:46:55.922123"
[1] "File Downloaded... unzipping... 2025-04-25 12:46:56.53963"
[1] "Reading in data and making spatial... 2025-04-25 12:46:56.575434"
[1] "Retrieving coordinates... 2025-04-25 12:46:56.738451"
[1] "Retrieving H3 Indexes for Buildings... 2025-04-25 12:46:56.740088"
[1] "Deleting Footprints... 2025-04-25 12:46:56.751285"
[1] "15 Files Succesfully Downloaded --- 2025-04-25 12:46:57"
[1] "Downloading Footprints for link 16 @ 2025-04-25 12:46:56.755318"
[1] "File Downloaded... unzipping... 2025-04-25 12:46:57.465088"
[1] "Reading in data and making spatial... 2025-04-25 12:46:57.50276"
[1] "Retrieving coordinates... 2025-04-25 12:46:57.755623"
[1] "Retrieving H3 Indexes for Buildings... 2025-04-25 12:46:57.757672"
[1] "Deleting Footprints... 2025-04-25 12:46:57.774074"
[1] "16 Files Succesfully Downloaded --- 2025-04-25 12:46:58"
[1] "Downloading Footprints for link 17 @ 2025-04-25 12:46:57.777956"
[1] "File Downloaded... unzipping... 2025-04-25 12:46:58.395059"
[1] "Reading in data and making spatial... 2025-04-25 12:46:58.432789"
[1] "Retrieving coordinates... 2025-04-25 12:46:58.753114"
[1] "Retrieving H3 Indexes for Buildings... 2025-04-25 12:46:58.755685"
[1] "Deleting Footprints... 2025-04-25 12:46:58.774428"
[1] "17 Files Succesfully Downloaded --- 2025-04-25 12:46:59"
[1] "Downloading Footprints for link 18 @ 2025-04-25 12:46:58.776671"
[1] "File Downloaded... unzipping... 2025-04-25 12:46:59.348901"
[1] "Reading in data and making spatial... 2025-04-25 12:46:59.381629"
[1] "Retrieving coordinates... 2025-04-25 12:46:59.55944"
[1] "Retrieving H3 Indexes for Buildings... 2025-04-25 12:46:59.560995"
[1] "Deleting Footprints... 2025-04-25 12:46:59.578653"
[1] "18 Files Succesfully Downloaded --- 2025-04-25 12:47:00"
[1] "Downloading Footprints for link 19 @ 2025-04-25 12:46:59.58073"
[1] "File Downloaded... unzipping... 2025-04-25 12:47:00.268601"
[1] "Reading in data and making spatial... 2025-04-25 12:47:00.305868"
[1] "Retrieving coordinates... 2025-04-25 12:47:00.545003"
[1] "Retrieving H3 Indexes for Buildings... 2025-04-25 12:47:00.546972"
[1] "Deleting Footprints... 2025-04-25 12:47:00.567774"
[1] "19 Files Succesfully Downloaded --- 2025-04-25 12:47:01"
[1] "Downloading Footprints for link 20 @ 2025-04-25 12:47:00.56975"
[1] "File Downloaded... unzipping... 2025-04-25 12:47:00.865685"
[1] "Reading in data and making spatial... 2025-04-25 12:47:00.991753"
[1] "Retrieving coordinates... 2025-04-25 12:47:01.006908"
[1] "Retrieving H3 Indexes for Buildings... 2025-04-25 12:47:01.0073"
[1] "Deleting Footprints... 2025-04-25 12:47:01.014679"
[1] "20 Files Succesfully Downloaded --- 2025-04-25 12:47:01"
[1] "Downloading Footprints for link 21 @ 2025-04-25 12:47:01.016326"
[1] "File Downloaded... unzipping... 2025-04-25 12:47:01.570328"
[1] "Reading in data and making spatial... 2025-04-25 12:47:01.60148"
[1] "Retrieving coordinates... 2025-04-25 12:47:01.707452"
[1] "Retrieving H3 Indexes for Buildings... 2025-04-25 12:47:01.708514"
[1] "Deleting Footprints... 2025-04-25 12:47:01.719035"
[1] "21 Files Succesfully Downloaded --- 2025-04-25 12:47:02"
[1] "Downloading Footprints for link 22 @ 2025-04-25 12:47:01.721563"
[1] "File Downloaded... unzipping... 2025-04-25 12:47:02.63117"
[1] "Reading in data and making spatial... 2025-04-25 12:47:02.689592"
[1] "Retrieving coordinates... 2025-04-25 12:47:03.487846"
[1] "Retrieving H3 Indexes for Buildings... 2025-04-25 12:47:03.492681"
[1] "Deleting Footprints... 2025-04-25 12:47:03.526333"
[1] "22 Files Succesfully Downloaded --- 2025-04-25 12:47:04"
[1] "Downloading Footprints for link 23 @ 2025-04-25 12:47:03.531006"
[1] "File Downloaded... unzipping... 2025-04-25 12:47:04.257579"
[1] "Reading in data and making spatial... 2025-04-25 12:47:04.292812"
[1] "Retrieving coordinates... 2025-04-25 12:47:04.494507"
[1] "Retrieving H3 Indexes for Buildings... 2025-04-25 12:47:04.496215"
[1] "Deleting Footprints... 2025-04-25 12:47:04.512487"
[1] "23 Files Succesfully Downloaded --- 2025-04-25 12:47:05"
[1] "Downloading Footprints for link 24 @ 2025-04-25 12:47:04.514643"
[1] "File Downloaded... unzipping... 2025-04-25 12:47:05.572238"
[1] "Reading in data and making spatial... 2025-04-25 12:47:05.686072"
[1] "Retrieving coordinates... 2025-04-25 12:47:06.503066"
[1] "Retrieving H3 Indexes for Buildings... 2025-04-25 12:47:06.507357"
[1] "Deleting Footprints... 2025-04-25 12:47:06.647723"
[1] "24 Files Succesfully Downloaded --- 2025-04-25 12:47:07"
[1] "Downloading Footprints for link 25 @ 2025-04-25 12:47:06.650241"
[1] "File Downloaded... unzipping... 2025-04-25 12:47:07.148375"
[1] "Reading in data and making spatial... 2025-04-25 12:47:07.174487"
[1] "Retrieving coordinates... 2025-04-25 12:47:07.269983"
[1] "Retrieving H3 Indexes for Buildings... 2025-04-25 12:47:07.270923"
[1] "Deleting Footprints... 2025-04-25 12:47:07.285239"
[1] "25 Files Succesfully Downloaded --- 2025-04-25 12:47:07"
[1] "Downloading Footprints for link 26 @ 2025-04-25 12:47:07.287456"
[1] "File Downloaded... unzipping... 2025-04-25 12:47:07.872325"
[1] "Reading in data and making spatial... 2025-04-25 12:47:07.901549"
[1] "Retrieving coordinates... 2025-04-25 12:47:08.048998"
[1] "Retrieving H3 Indexes for Buildings... 2025-04-25 12:47:08.050306"
[1] "Deleting Footprints... 2025-04-25 12:47:08.066197"
[1] "26 Files Succesfully Downloaded --- 2025-04-25 12:47:08"
[1] "Downloading Footprints for link 27 @ 2025-04-25 12:47:08.068419"
[1] "File Downloaded... unzipping... 2025-04-25 12:47:08.881255"
[1] "Reading in data and making spatial... 2025-04-25 12:47:09.002163"
[1] "Retrieving coordinates... 2025-04-25 12:47:09.610565"
[1] "Retrieving H3 Indexes for Buildings... 2025-04-25 12:47:09.615"
[1] "Deleting Footprints... 2025-04-25 12:47:09.651108"
[1] "27 Files Succesfully Downloaded --- 2025-04-25 12:47:10"
[1] "Downloading Footprints for link 28 @ 2025-04-25 12:47:09.654066"
[1] "File Downloaded... unzipping... 2025-04-25 12:47:10.643045"
[1] "Reading in data and making spatial... 2025-04-25 12:47:10.871125"
[1] "Retrieving coordinates... 2025-04-25 12:47:11.503952"
[1] "Retrieving H3 Indexes for Buildings... 2025-04-25 12:47:11.50736"
[1] "Deleting Footprints... 2025-04-25 12:47:11.536547"
[1] "28 Files Succesfully Downloaded --- 2025-04-25 12:47:12"
[1] "Downloading Footprints for link 29 @ 2025-04-25 12:47:11.5405"
[1] "File Downloaded... unzipping... 2025-04-25 12:47:12.79003"
[1] "Reading in data and making spatial... 2025-04-25 12:47:13.030985"
[1] "Retrieving coordinates... 2025-04-25 12:47:17.993013"
[1] "Retrieving H3 Indexes for Buildings... 2025-04-25 12:47:18.016769"
[1] "Deleting Footprints... 2025-04-25 12:47:18.155529"
[1] "29 Files Succesfully Downloaded --- 2025-04-25 12:47:18"
[1] "Downloading Footprints for link 30 @ 2025-04-25 12:47:18.158711"
[1] "File Downloaded... unzipping... 2025-04-25 12:47:18.835088"
[1] "Reading in data and making spatial... 2025-04-25 12:47:18.868273"
[1] "Retrieving coordinates... 2025-04-25 12:47:19.119792"
[1] "Retrieving H3 Indexes for Buildings... 2025-04-25 12:47:19.122339"
[1] "Deleting Footprints... 2025-04-25 12:47:19.150328"
[1] "30 Files Succesfully Downloaded --- 2025-04-25 12:47:19"
[1] "Downloading Footprints for link 31 @ 2025-04-25 12:47:19.153141"
[1] "File Downloaded... unzipping... 2025-04-25 12:47:20.083781"
[1] "Reading in data and making spatial... 2025-04-25 12:47:21.040087"
[1] "Retrieving coordinates... 2025-04-25 12:47:22.079698"
[1] "Retrieving H3 Indexes for Buildings... 2025-04-25 12:47:22.086393"
[1] "Deleting Footprints... 2025-04-25 12:47:22.144293"
[1] "31 Files Succesfully Downloaded --- 2025-04-25 12:47:22"
[1] "Downloading Footprints for link 32 @ 2025-04-25 12:47:22.14698"
[1] "File Downloaded... unzipping... 2025-04-25 12:47:22.536317"
[1] "Reading in data and making spatial... 2025-04-25 12:47:22.562585"
[1] "Retrieving coordinates... 2025-04-25 12:47:22.616206"
[1] "Retrieving H3 Indexes for Buildings... 2025-04-25 12:47:22.616868"
[1] "Deleting Footprints... 2025-04-25 12:47:22.640764"
[1] "32 Files Succesfully Downloaded --- 2025-04-25 12:47:23"
[1] "Downloading Footprints for link 33 @ 2025-04-25 12:47:22.64369"
[1] "File Downloaded... unzipping... 2025-04-25 12:47:23.923315"
[1] "Reading in data and making spatial... 2025-04-25 12:47:24.37979"
[1] "Retrieving coordinates... 2025-04-25 12:47:27.872502"
[1] "Retrieving H3 Indexes for Buildings... 2025-04-25 12:47:28.428686"
[1] "Deleting Footprints... 2025-04-25 12:47:28.562059"
[1] "33 Files Succesfully Downloaded --- 2025-04-25 12:47:29"
[1] "Downloading Footprints for link 34 @ 2025-04-25 12:47:28.565913"
[1] "File Downloaded... unzipping... 2025-04-25 12:47:29.316285"
[1] "Reading in data and making spatial... 2025-04-25 12:47:29.390096"
[1] "Retrieving coordinates... 2025-04-25 12:47:29.809762"
[1] "Retrieving H3 Indexes for Buildings... 2025-04-25 12:47:29.813246"
[1] "Deleting Footprints... 2025-04-25 12:47:29.857208"
[1] "34 Files Succesfully Downloaded --- 2025-04-25 12:47:30"
[1] "Downloading Footprints for link 35 @ 2025-04-25 12:47:29.858063"
[1] "File Downloaded... unzipping... 2025-04-25 12:47:32.80857"
[1] "Reading in data and making spatial... 2025-04-25 12:47:33.005923"
[1] "Retrieving coordinates... 2025-04-25 12:47:35.625569"
[1] "Retrieving H3 Indexes for Buildings... 2025-04-25 12:47:35.643294"
[1] "Deleting Footprints... 2025-04-25 12:47:35.916325"
[1] "35 Files Succesfully Downloaded --- 2025-04-25 12:47:36"
[1] "Downloading Footprints for link 36 @ 2025-04-25 12:47:35.920019"
[1] "File Downloaded... unzipping... 2025-04-25 12:47:37.521766"
[1] "Reading in data and making spatial... 2025-04-25 12:47:37.995296"
[1] "Retrieving coordinates... 2025-04-25 12:47:46.965761"
[1] "Retrieving H3 Indexes for Buildings... 2025-04-25 12:47:47.016084"
[1] "Deleting Footprints... 2025-04-25 12:47:47.29228"
[1] "36 Files Succesfully Downloaded --- 2025-04-25 12:47:47"
[1] "Downloading Footprints for link 37 @ 2025-04-25 12:47:47.294914"
[1] "File Downloaded... unzipping... 2025-04-25 12:47:48.426808"
[1] "Reading in data and making spatial... 2025-04-25 12:47:48.683586"
[1] "Retrieving coordinates... 2025-04-25 12:47:52.140994"
[1] "Retrieving H3 Indexes for Buildings... 2025-04-25 12:47:52.155417"
[1] "Deleting Footprints... 2025-04-25 12:47:52.280215"
[1] "37 Files Succesfully Downloaded --- 2025-04-25 12:47:52"
[1] "Downloading Footprints for link 38 @ 2025-04-25 12:47:52.283174"
[1] "File Downloaded... unzipping... 2025-04-25 12:47:53.659473"
[1] "Reading in data and making spatial... 2025-04-25 12:47:53.878531"
[1] "Retrieving coordinates... 2025-04-25 12:47:55.329687"
[1] "Retrieving H3 Indexes for Buildings... 2025-04-25 12:47:55.337783"
[1] "Deleting Footprints... 2025-04-25 12:47:55.429547"
[1] "38 Files Succesfully Downloaded --- 2025-04-25 12:47:55"
[1] "Downloading Footprints for link 39 @ 2025-04-25 12:47:55.432248"
[1] "File Downloaded... unzipping... 2025-04-25 12:47:56.319158"
[1] "Reading in data and making spatial... 2025-04-25 12:47:56.381203"
[1] "Retrieving coordinates... 2025-04-25 12:47:56.855314"
[1] "Retrieving H3 Indexes for Buildings... 2025-04-25 12:47:56.857748"
[1] "Deleting Footprints... 2025-04-25 12:47:57.130174"
[1] "39 Files Succesfully Downloaded --- 2025-04-25 12:47:57"
[1] "Downloading Footprints for link 40 @ 2025-04-25 12:47:57.133296"
[1] "File Downloaded... unzipping... 2025-04-25 12:47:58.297438"
[1] "Reading in data and making spatial... 2025-04-25 12:47:58.402301"
[1] "Retrieving coordinates... 2025-04-25 12:48:00.16674"
[1] "Retrieving H3 Indexes for Buildings... 2025-04-25 12:48:00.174878"
[1] "Deleting Footprints... 2025-04-25 12:48:00.814233"
[1] "40 Files Succesfully Downloaded --- 2025-04-25 12:48:01"
[1] "Downloading Footprints for link 41 @ 2025-04-25 12:48:00.818272"
[1] "File Downloaded... unzipping... 2025-04-25 12:48:02.149722"
[1] "Reading in data and making spatial... 2025-04-25 12:48:02.310958"
[1] "Retrieving coordinates... 2025-04-25 12:48:05.37664"
[1] "Retrieving H3 Indexes for Buildings... 2025-04-25 12:48:05.395538"
[1] "Deleting Footprints... 2025-04-25 12:48:05.638901"
[1] "41 Files Succesfully Downloaded --- 2025-04-25 12:48:06"
[1] "Downloading Footprints for link 42 @ 2025-04-25 12:48:05.642185"
[1] "File Downloaded... unzipping... 2025-04-25 12:48:06.498033"
[1] "Reading in data and making spatial... 2025-04-25 12:48:07.121059"
[1] "Retrieving coordinates... 2025-04-25 12:48:07.574645"
[1] "Retrieving H3 Indexes for Buildings... 2025-04-25 12:48:07.57827"
[1] "Deleting Footprints... 2025-04-25 12:48:07.647723"
[1] "42 Files Succesfully Downloaded --- 2025-04-25 12:48:08"
[1] "Downloading Footprints for link 43 @ 2025-04-25 12:48:07.651537"
[1] "File Downloaded... unzipping... 2025-04-25 12:48:09.245476"
[1] "Reading in data and making spatial... 2025-04-25 12:48:09.670861"
[1] "Retrieving coordinates... 2025-04-25 12:48:20.128649"
[1] "Retrieving H3 Indexes for Buildings... 2025-04-25 12:48:20.185343"
[1] "Deleting Footprints... 2025-04-25 12:48:20.651959"
[1] "43 Files Succesfully Downloaded --- 2025-04-25 12:48:21"
[1] "Downloading Footprints for link 44 @ 2025-04-25 12:48:20.656567"
[1] "File Downloaded... unzipping... 2025-04-25 12:48:22.120816"
[1] "Reading in data and making spatial... 2025-04-25 12:48:22.430502"
[1] "Retrieving coordinates... 2025-04-25 12:48:28.833085"
[1] "Retrieving H3 Indexes for Buildings... 2025-04-25 12:48:29.088875"
[1] "Deleting Footprints... 2025-04-25 12:48:29.344151"
[1] "44 Files Succesfully Downloaded --- 2025-04-25 12:48:29"
[1] "Downloading Footprints for link 45 @ 2025-04-25 12:48:29.347966"
[1] "File Downloaded... unzipping... 2025-04-25 12:48:30.289298"
[1] "Reading in data and making spatial... 2025-04-25 12:48:30.362404"
[1] "Retrieving coordinates... 2025-04-25 12:48:31.692593"
[1] "Retrieving H3 Indexes for Buildings... 2025-04-25 12:48:31.699957"
[1] "Deleting Footprints... 2025-04-25 12:48:32.335731"
[1] "45 Files Succesfully Downloaded --- 2025-04-25 12:48:32"
[1] "Downloading Footprints for link 46 @ 2025-04-25 12:48:32.339327"
[1] "File Downloaded... unzipping... 2025-04-25 12:48:33.566576"
[1] "Reading in data and making spatial... 2025-04-25 12:48:34.371102"
[1] "Retrieving coordinates... 2025-04-25 12:48:36.86029"
[1] "Retrieving H3 Indexes for Buildings... 2025-04-25 12:48:36.877428"
[1] "Deleting Footprints... 2025-04-25 12:48:37.180233"
[1] "46 Files Succesfully Downloaded --- 2025-04-25 12:48:37"
[1] "Downloading Footprints for link 47 @ 2025-04-25 12:48:37.184501"
[1] "File Downloaded... unzipping... 2025-04-25 12:48:38.417382"
[1] "Reading in data and making spatial... 2025-04-25 12:48:38.596524"
[1] "Retrieving coordinates... 2025-04-25 12:48:39.859771"
[1] "Retrieving H3 Indexes for Buildings... 2025-04-25 12:48:39.866261"
[1] "Deleting Footprints... 2025-04-25 12:48:40.371072"
[1] "47 Files Succesfully Downloaded --- 2025-04-25 12:48:40"
[1] "Downloading Footprints for link 48 @ 2025-04-25 12:48:40.378951"
[1] "File Downloaded... unzipping... 2025-04-25 12:48:41.222379"
[1] "Reading in data and making spatial... 2025-04-25 12:48:41.491209"
[1] "Retrieving coordinates... 2025-04-25 12:48:41.863141"
[1] "Retrieving H3 Indexes for Buildings... 2025-04-25 12:48:41.866072"
[1] "Deleting Footprints... 2025-04-25 12:48:42.057532"
[1] "48 Files Succesfully Downloaded --- 2025-04-25 12:48:42"
[1] "Downloading Footprints for link 49 @ 2025-04-25 12:48:42.061231"
[1] "File Downloaded... unzipping... 2025-04-25 12:48:45.079547"
[1] "Reading in data and making spatial... 2025-04-25 12:48:45.431764"
[1] "Retrieving coordinates... 2025-04-25 12:48:47.06875"
[1] "Retrieving H3 Indexes for Buildings... 2025-04-25 12:48:47.081039"
[1] "Deleting Footprints... 2025-04-25 12:48:47.200519"
[1] "49 Files Succesfully Downloaded --- 2025-04-25 12:48:47"
[1] "Downloading Footprints for link 50 @ 2025-04-25 12:48:47.203036"
[1] "File Downloaded... unzipping... 2025-04-25 12:48:48.401069"
[1] "Reading in data and making spatial... 2025-04-25 12:48:48.560726"
[1] "Retrieving coordinates... 2025-04-25 12:48:50.87035"
[1] "Retrieving H3 Indexes for Buildings... 2025-04-25 12:48:50.884146"
[1] "Deleting Footprints... 2025-04-25 12:48:51.483995"
[1] "50 Files Succesfully Downloaded --- 2025-04-25 12:48:51"
[1] "Downloading Footprints for link 51 @ 2025-04-25 12:48:51.486668"
[1] "File Downloaded... unzipping... 2025-04-25 12:48:52.186955"
[1] "Reading in data and making spatial... 2025-04-25 12:48:52.222677"
[1] "Retrieving coordinates... 2025-04-25 12:48:52.398405"
[1] "Retrieving H3 Indexes for Buildings... 2025-04-25 12:48:52.400059"
[1] "Deleting Footprints... 2025-04-25 12:48:52.577152"
[1] "51 Files Succesfully Downloaded --- 2025-04-25 12:48:53"
[1] "Downloading Footprints for link 52 @ 2025-04-25 12:48:52.580748"
[1] "File Downloaded... unzipping... 2025-04-25 12:48:53.688752"
[1] "Reading in data and making spatial... 2025-04-25 12:48:54.028472"
[1] "Retrieving coordinates... 2025-04-25 12:48:55.685853"
[1] "Retrieving H3 Indexes for Buildings... 2025-04-25 12:48:55.69668"
[1] "Deleting Footprints... 2025-04-25 12:48:56.075075"
[1] "52 Files Succesfully Downloaded --- 2025-04-25 12:48:56"
[1] "Downloading Footprints for link 53 @ 2025-04-25 12:48:56.078172"
[1] "File Downloaded... unzipping... 2025-04-25 12:48:57.462309"
[1] "Reading in data and making spatial... 2025-04-25 12:48:57.875136"
[1] "Retrieving coordinates... 2025-04-25 12:49:03.926887"
[1] "Retrieving H3 Indexes for Buildings... 2025-04-25 12:49:03.960045"
[1] "Deleting Footprints... 2025-04-25 12:49:04.817327"
[1] "53 Files Succesfully Downloaded --- 2025-04-25 12:49:05"
[1] "Downloading Footprints for link 54 @ 2025-04-25 12:49:04.821647"
[1] "File Downloaded... unzipping... 2025-04-25 12:49:05.757405"
[1] "Reading in data and making spatial... 2025-04-25 12:49:06.258608"
[1] "Retrieving coordinates... 2025-04-25 12:49:06.715834"
[1] "Retrieving H3 Indexes for Buildings... 2025-04-25 12:49:06.719669"
[1] "Deleting Footprints... 2025-04-25 12:49:06.832808"
[1] "54 Files Succesfully Downloaded --- 2025-04-25 12:49:07"
[1] "Downloading Footprints for link 55 @ 2025-04-25 12:49:06.837286"
[1] "File Downloaded... unzipping... 2025-04-25 12:49:08.299546"
[1] "Reading in data and making spatial... 2025-04-25 12:49:08.657617"
[1] "Retrieving coordinates... 2025-04-25 12:49:11.841968"
[1] "Retrieving H3 Indexes for Buildings... 2025-04-25 12:49:11.861458"
[1] "Deleting Footprints... 2025-04-25 12:49:12.777563"
[1] "55 Files Succesfully Downloaded --- 2025-04-25 12:49:13"
[1] "Downloading Footprints for link 56 @ 2025-04-25 12:49:12.781197"
[1] "File Downloaded... unzipping... 2025-04-25 12:49:14.372842"
[1] "Reading in data and making spatial... 2025-04-25 12:49:14.528843"
[1] "Retrieving coordinates... 2025-04-25 12:49:17.590929"
[1] "Retrieving H3 Indexes for Buildings... 2025-04-25 12:49:17.606087"
[1] "Deleting Footprints... 2025-04-25 12:49:17.779484"
[1] "56 Files Succesfully Downloaded --- 2025-04-25 12:49:18"
[1] "Downloading Footprints for link 57 @ 2025-04-25 12:49:17.783572"
[1] "File Downloaded... unzipping... 2025-04-25 12:49:18.709736"
[1] "Reading in data and making spatial... 2025-04-25 12:49:19.008498"
[1] "Retrieving coordinates... 2025-04-25 12:49:19.800699"
[1] "Retrieving H3 Indexes for Buildings... 2025-04-25 12:49:19.805169"
[1] "Deleting Footprints... 2025-04-25 12:49:20.116298"
[1] "57 Files Succesfully Downloaded --- 2025-04-25 12:49:20"
[1] "Downloading Footprints for link 58 @ 2025-04-25 12:49:20.119059"
[1] "File Downloaded... unzipping... 2025-04-25 12:49:21.43927"
[1] "Reading in data and making spatial... 2025-04-25 12:49:22.273467"
[1] "Retrieving coordinates... 2025-04-25 12:49:23.5032"
[1] "Retrieving H3 Indexes for Buildings... 2025-04-25 12:49:23.510922"
[1] "Deleting Footprints... 2025-04-25 12:49:23.75952"
[1] "58 Files Succesfully Downloaded --- 2025-04-25 12:49:24"
[1] "Downloading Footprints for link 59 @ 2025-04-25 12:49:23.761977"
[1] "File Downloaded... unzipping... 2025-04-25 12:49:24.108353"
[1] "Reading in data and making spatial... 2025-04-25 12:49:24.133614"
[1] "Retrieving coordinates... 2025-04-25 12:49:24.154461"
[1] "Retrieving H3 Indexes for Buildings... 2025-04-25 12:49:24.154892"
[1] "Deleting Footprints... 2025-04-25 12:49:24.473768"
[1] "59 Files Succesfully Downloaded --- 2025-04-25 12:49:24"
[1] "Downloading Footprints for link 60 @ 2025-04-25 12:49:24.476445"
[1] "File Downloaded... unzipping... 2025-04-25 12:49:25.853667"
[1] "Reading in data and making spatial... 2025-04-25 12:49:26.187875"
[1] "Retrieving coordinates... 2025-04-25 12:49:28.970519"
[1] "Retrieving H3 Indexes for Buildings... 2025-04-25 12:49:28.98807"
[1] "Deleting Footprints... 2025-04-25 12:49:29.487566"
[1] "60 Files Succesfully Downloaded --- 2025-04-25 12:49:29"
[1] "Downloading Footprints for link 61 @ 2025-04-25 12:49:29.490997"
[1] "File Downloaded... unzipping... 2025-04-25 12:49:30.338548"
[1] "Reading in data and making spatial... 2025-04-25 12:49:30.380669"
[1] "Retrieving coordinates... 2025-04-25 12:49:30.882325"
[1] "Retrieving H3 Indexes for Buildings... 2025-04-25 12:49:30.884147"
[1] "Deleting Footprints... 2025-04-25 12:49:31.670151"
[1] "61 Files Succesfully Downloaded --- 2025-04-25 12:49:32"
[1] "Downloading Footprints for link 62 @ 2025-04-25 12:49:31.674106"
[1] "File Downloaded... unzipping... 2025-04-25 12:49:33.872382"
[1] "Reading in data and making spatial... 2025-04-25 12:49:34.179193"
[1] "Retrieving coordinates... 2025-04-25 12:49:39.305265"
[1] "Retrieving H3 Indexes for Buildings... 2025-04-25 12:49:39.334281"
[1] "Deleting Footprints... 2025-04-25 12:49:40.31947"
[1] "62 Files Succesfully Downloaded --- 2025-04-25 12:49:40"
[1] "Downloading Footprints for link 63 @ 2025-04-25 12:49:40.323231"
[1] "File Downloaded... unzipping... 2025-04-25 12:49:41.662764"
[1] "Reading in data and making spatial... 2025-04-25 12:49:41.959399"
[1] "Retrieving coordinates... 2025-04-25 12:49:48.530989"
[1] "Retrieving H3 Indexes for Buildings... 2025-04-25 12:49:48.565373"
[1] "Deleting Footprints... 2025-04-25 12:49:49.95993"
[1] "63 Files Succesfully Downloaded --- 2025-04-25 12:49:50"
[1] "Downloading Footprints for link 64 @ 2025-04-25 12:49:49.964292"
[1] "File Downloaded... unzipping... 2025-04-25 12:49:52.46187"
[1] "Reading in data and making spatial... 2025-04-25 12:49:52.849197"
[1] "Retrieving coordinates... 2025-04-25 12:49:58.860593"
[1] "Retrieving H3 Indexes for Buildings... 2025-04-25 12:49:58.893468"
[1] "Deleting Footprints... 2025-04-25 12:49:59.822288"
[1] "64 Files Succesfully Downloaded --- 2025-04-25 12:50:00"
[1] "Downloading Footprints for link 65 @ 2025-04-25 12:49:59.824284"
[1] "File Downloaded... unzipping... 2025-04-25 12:50:00.809066"
[1] "Reading in data and making spatial... 2025-04-25 12:50:00.873278"
[1] "Retrieving coordinates... 2025-04-25 12:50:01.833658"
[1] "Retrieving H3 Indexes for Buildings... 2025-04-25 12:50:01.838561"
[1] "Deleting Footprints... 2025-04-25 12:50:02.621051"
[1] "65 Files Succesfully Downloaded --- 2025-04-25 12:50:03"
[1] "Downloading Footprints for link 66 @ 2025-04-25 12:50:02.625413"
[1] "File Downloaded... unzipping... 2025-04-25 12:50:04.752474"
[1] "Reading in data and making spatial... 2025-04-25 12:50:04.98979"
[1] "Retrieving coordinates... 2025-04-25 12:50:09.610237"
[1] "Retrieving H3 Indexes for Buildings... 2025-04-25 12:50:09.63325"
[1] "Deleting Footprints... 2025-04-25 12:50:10.062958"
[1] "66 Files Succesfully Downloaded --- 2025-04-25 12:50:10"
[1] "Downloading Footprints for link 67 @ 2025-04-25 12:50:10.065948"
[1] "File Downloaded... unzipping... 2025-04-25 12:50:10.969522"
[1] "Reading in data and making spatial... 2025-04-25 12:50:11.194883"
[1] "Retrieving coordinates... 2025-04-25 12:50:11.909191"
[1] "Retrieving H3 Indexes for Buildings... 2025-04-25 12:50:11.912953"
[1] "Deleting Footprints... 2025-04-25 12:50:12.583895"
[1] "67 Files Succesfully Downloaded --- 2025-04-25 12:50:13"
[1] "Downloading Footprints for link 68 @ 2025-04-25 12:50:12.58681"
[1] "File Downloaded... unzipping... 2025-04-25 12:50:13.947744"
[1] "Reading in data and making spatial... 2025-04-25 12:50:14.026049"
[1] "Retrieving coordinates... 2025-04-25 12:50:15.014053"
[1] "Retrieving H3 Indexes for Buildings... 2025-04-25 12:50:15.020963"
[1] "Deleting Footprints... 2025-04-25 12:50:15.550975"
[1] "68 Files Succesfully Downloaded --- 2025-04-25 12:50:16"
[1] "Downloading Footprints for link 69 @ 2025-04-25 12:50:15.552749"
[1] "File Downloaded... unzipping... 2025-04-25 12:50:16.62538"
[1] "Reading in data and making spatial... 2025-04-25 12:50:16.954911"
[1] "Retrieving coordinates... 2025-04-25 12:50:17.877972"
[1] "Retrieving H3 Indexes for Buildings... 2025-04-25 12:50:17.88304"
[1] "Deleting Footprints... 2025-04-25 12:50:18.383143"
[1] "69 Files Succesfully Downloaded --- 2025-04-25 12:50:18"
[1] "Downloading Footprints for link 70 @ 2025-04-25 12:50:18.385543"
[1] "File Downloaded... unzipping... 2025-04-25 12:50:19.598182"
[1] "Reading in data and making spatial... 2025-04-25 12:50:19.772179"
[1] "Retrieving coordinates... 2025-04-25 12:50:22.071309"
[1] "Retrieving H3 Indexes for Buildings... 2025-04-25 12:50:22.08576"
[1] "Deleting Footprints... 2025-04-25 12:50:23.040846"
[1] "70 Files Succesfully Downloaded --- 2025-04-25 12:50:23"
[1] "Downloading Footprints for link 71 @ 2025-04-25 12:50:23.045745"
[1] "File Downloaded... unzipping... 2025-04-25 12:50:25.691483"
[1] "Reading in data and making spatial... 2025-04-25 12:50:26.315379"
[1] "Retrieving coordinates... 2025-04-25 12:50:41.601097"
[1] "Retrieving H3 Indexes for Buildings... 2025-04-25 12:50:41.691334"
[1] "Deleting Footprints... 2025-04-25 12:50:42.500599"
[1] "71 Files Succesfully Downloaded --- 2025-04-25 12:50:43"
[1] "Downloading Footprints for link 72 @ 2025-04-25 12:50:42.503486"
[1] "File Downloaded... unzipping... 2025-04-25 12:50:43.379697"
[1] "Reading in data and making spatial... 2025-04-25 12:50:43.591223"
[1] "Retrieving coordinates... 2025-04-25 12:50:44.00614"
[1] "Retrieving H3 Indexes for Buildings... 2025-04-25 12:50:44.008708"
[1] "Deleting Footprints... 2025-04-25 12:50:45.209097"
[1] "72 Files Succesfully Downloaded --- 2025-04-25 12:50:45"
[1] "Downloading Footprints for link 73 @ 2025-04-25 12:50:45.212622"
[1] "File Downloaded... unzipping... 2025-04-25 12:50:48.839367"
[1] "Reading in data and making spatial... 2025-04-25 12:50:51.143318"
[1] "Retrieving coordinates... 2025-04-25 12:51:28.92751"
[1] "Retrieving H3 Indexes for Buildings... 2025-04-25 12:51:29.120949"
[1] "Deleting Footprints... 2025-04-25 12:51:30.568083"
[1] "73 Files Succesfully Downloaded --- 2025-04-25 12:51:31"
[1] "Downloading Footprints for link 74 @ 2025-04-25 12:51:30.572186"
[1] "File Downloaded... unzipping... 2025-04-25 12:51:32.164563"
[1] "Reading in data and making spatial... 2025-04-25 12:51:33.26902"
[1] "Retrieving coordinates... 2025-04-25 12:51:42.473014"
[1] "Retrieving H3 Indexes for Buildings... 2025-04-25 12:51:42.519124"
[1] "Deleting Footprints... 2025-04-25 12:51:43.271288"
[1] "74 Files Succesfully Downloaded --- 2025-04-25 12:51:43"
[1] "Downloading Footprints for link 75 @ 2025-04-25 12:51:43.277272"
[1] "File Downloaded... unzipping... 2025-04-25 12:51:44.838794"
[1] "Reading in data and making spatial... 2025-04-25 12:51:45.14917"
[1] "Retrieving coordinates... 2025-04-25 12:51:51.447651"
[1] "Retrieving H3 Indexes for Buildings... 2025-04-25 12:51:51.479118"
[1] "Deleting Footprints... 2025-04-25 12:51:53.113512"
[1] "75 Files Succesfully Downloaded --- 2025-04-25 12:51:53"
[1] "Downloading Footprints for link 76 @ 2025-04-25 12:51:53.117128"
[1] "File Downloaded... unzipping... 2025-04-25 12:51:54.552132"
[1] "Reading in data and making spatial... 2025-04-25 12:51:54.96613"
[1] "Retrieving coordinates... 2025-04-25 12:51:59.188364"
[1] "Retrieving H3 Indexes for Buildings... 2025-04-25 12:51:59.215467"
[1] "Deleting Footprints... 2025-04-25 12:52:00.607894"
[1] "76 Files Succesfully Downloaded --- 2025-04-25 12:52:01"
[1] "SCRIPT COMPLETE @ 2025-04-25 12:52:04"
