[1] "Starting at: 2025-04-25 12:46:08"
[1] "Loading Links at: 2025-04-25 12:46:19"
[1] "quadkeys to download: 100"
[1] "Downloading and Joining footprints to Hex @ 2025-04-25 12:46:19"
[1] "Downloading Footprints for link 1 @ 2025-04-25 12:46:19.404228"
[1] "File Downloaded... unzipping... 2025-04-25 12:46:20.3301"
[1] "Reading in data and making spatial... 2025-04-25 12:46:20.413736"
[1] "Retrieving coordinates... 2025-04-25 12:46:22.187343"
[1] "Retrieving H3 Indexes for Buildings... 2025-04-25 12:46:22.194772"
[1] "Deleting Footprints... 2025-04-25 12:46:22.228586"
[1] "1 Files Succesfully Downloaded --- 2025-04-25 12:46:22"
[1] "Downloading Footprints for link 2 @ 2025-04-25 12:46:22.231595"
[1] "File Downloaded... unzipping... 2025-04-25 12:46:23.415902"
[1] "Reading in data and making spatial... 2025-04-25 12:46:24.528885"
[1] "Retrieving coordinates... 2025-04-25 12:46:25.937767"
[1] "Retrieving H3 Indexes for Buildings... 2025-04-25 12:46:25.948539"
[1] "Deleting Footprints... 2025-04-25 12:46:26.006295"
[1] "2 Files Succesfully Downloaded --- 2025-04-25 12:46:26"
[1] "Downloading Footprints for link 3 @ 2025-04-25 12:46:26.009862"
[1] "File Downloaded... unzipping... 2025-04-25 12:46:27.214112"
[1] "Reading in data and making spatial... 2025-04-25 12:46:27.3848"
[1] "Retrieving coordinates... 2025-04-25 12:46:29.282953"
[1] "Retrieving H3 Indexes for Buildings... 2025-04-25 12:46:29.296387"
[1] "Deleting Footprints... 2025-04-25 12:46:29.371347"
[1] "3 Files Succesfully Downloaded --- 2025-04-25 12:46:29"
[1] "Downloading Footprints for link 4 @ 2025-04-25 12:46:29.372875"
[1] "File Downloaded... unzipping... 2025-04-25 12:46:36.978318"
[1] "Reading in data and making spatial... 2025-04-25 12:46:37.066968"
[1] "Retrieving coordinates... 2025-04-25 12:46:38.43468"
[1] "Retrieving H3 Indexes for Buildings... 2025-04-25 12:46:38.442501"
[1] "Deleting Footprints... 2025-04-25 12:46:38.493265"
[1] "4 Files Succesfully Downloaded --- 2025-04-25 12:46:38"
[1] "Downloading Footprints for link 5 @ 2025-04-25 12:46:38.496376"
[1] "File Downloaded... unzipping... 2025-04-25 12:46:39.552119"
[1] "Reading in data and making spatial... 2025-04-25 12:46:39.649118"
[1] "Retrieving coordinates... 2025-04-25 12:46:40.45691"
[1] "Retrieving H3 Indexes for Buildings... 2025-04-25 12:46:40.461999"
[1] "Deleting Footprints... 2025-04-25 12:46:40.498589"
[1] "5 Files Succesfully Downloaded --- 2025-04-25 12:46:41"
[1] "Downloading Footprints for link 6 @ 2025-04-25 12:46:40.502452"
[1] "File Downloaded... unzipping... 2025-04-25 12:46:41.659408"
[1] "Reading in data and making spatial... 2025-04-25 12:46:41.766593"
[1] "Retrieving coordinates... 2025-04-25 12:46:48.61904"
[1] "Retrieving H3 Indexes for Buildings... 2025-04-25 12:46:48.627048"
[1] "Deleting Footprints... 2025-04-25 12:46:48.681909"
[1] "6 Files Succesfully Downloaded --- 2025-04-25 12:46:49"
[1] "Downloading Footprints for link 7 @ 2025-04-25 12:46:48.685676"
[1] "File Downloaded... unzipping... 2025-04-25 12:46:49.945482"
[1] "Reading in data and making spatial... 2025-04-25 12:46:50.119794"
[1] "Retrieving coordinates... 2025-04-25 12:46:53.447552"
[1] "Retrieving H3 Indexes for Buildings... 2025-04-25 12:46:53.464068"
[1] "Deleting Footprints... 2025-04-25 12:46:54.214639"
[1] "7 Files Succesfully Downloaded --- 2025-04-25 12:46:54"
[1] "Downloading Footprints for link 8 @ 2025-04-25 12:46:54.218396"
[1] "File Downloaded... unzipping... 2025-04-25 12:46:55.291975"
[1] "Reading in data and making spatial... 2025-04-25 12:46:55.439906"
[1] "Retrieving coordinates... 2025-04-25 12:46:56.193447"
[1] "Retrieving H3 Indexes for Buildings... 2025-04-25 12:46:56.199394"
[1] "Deleting Footprints... 2025-04-25 12:46:56.243695"
[1] "8 Files Succesfully Downloaded --- 2025-04-25 12:46:56"
[1] "Downloading Footprints for link 9 @ 2025-04-25 12:46:56.246078"
[1] "File Downloaded... unzipping... 2025-04-25 12:46:57.215069"
[1] "Reading in data and making spatial... 2025-04-25 12:46:57.274966"
[1] "Retrieving coordinates... 2025-04-25 12:46:57.696629"
[1] "Retrieving H3 Indexes for Buildings... 2025-04-25 12:46:57.69975"
[1] "Deleting Footprints... 2025-04-25 12:46:57.734913"
[1] "9 Files Succesfully Downloaded --- 2025-04-25 12:46:58"
[1] "Downloading Footprints for link 10 @ 2025-04-25 12:46:57.737273"
[1] "File Downloaded... unzipping... 2025-04-25 12:46:58.432939"
[1] "Reading in data and making spatial... 2025-04-25 12:46:58.471541"
[1] "Retrieving coordinates... 2025-04-25 12:46:58.778072"
[1] "Retrieving H3 Indexes for Buildings... 2025-04-25 12:46:58.780619"
[1] "Deleting Footprints... 2025-04-25 12:46:58.902912"
[1] "10 Files Succesfully Downloaded --- 2025-04-25 12:46:59"
[1] "Downloading Footprints for link 11 @ 2025-04-25 12:46:58.908905"
[1] "File Downloaded... unzipping... 2025-04-25 12:47:00.107661"
[1] "Reading in data and making spatial... 2025-04-25 12:47:00.362279"
[1] "Retrieving coordinates... 2025-04-25 12:47:02.36095"
[1] "Retrieving H3 Indexes for Buildings... 2025-04-25 12:47:02.373995"
[1] "Deleting Footprints... 2025-04-25 12:47:02.459992"
[1] "11 Files Succesfully Downloaded --- 2025-04-25 12:47:02"
[1] "Downloading Footprints for link 12 @ 2025-04-25 12:47:02.463096"
[1] "File Downloaded... unzipping... 2025-04-25 12:47:03.170357"
[1] "Reading in data and making spatial... 2025-04-25 12:47:03.206133"
[1] "Retrieving coordinates... 2025-04-25 12:47:03.407602"
[1] "Retrieving H3 Indexes for Buildings... 2025-04-25 12:47:03.40925"
[1] "Deleting Footprints... 2025-04-25 12:47:03.536145"
[1] "12 Files Succesfully Downloaded --- 2025-04-25 12:47:04"
[1] "Downloading Footprints for link 13 @ 2025-04-25 12:47:03.539431"
[1] "File Downloaded... unzipping... 2025-04-25 12:47:04.520864"
[1] "Reading in data and making spatial... 2025-04-25 12:47:04.580695"
[1] "Retrieving coordinates... 2025-04-25 12:47:05.368841"
[1] "Retrieving H3 Indexes for Buildings... 2025-04-25 12:47:05.372181"
[1] "Deleting Footprints... 2025-04-25 12:47:05.409572"
[1] "13 Files Succesfully Downloaded --- 2025-04-25 12:47:05"
[1] "Downloading Footprints for link 14 @ 2025-04-25 12:47:05.412549"
[1] "File Downloaded... unzipping... 2025-04-25 12:47:06.225741"
[1] "Reading in data and making spatial... 2025-04-25 12:47:06.261075"
[1] "Retrieving coordinates... 2025-04-25 12:47:06.467217"
[1] "Retrieving H3 Indexes for Buildings... 2025-04-25 12:47:06.468934"
[1] "Deleting Footprints... 2025-04-25 12:47:06.499001"
[1] "14 Files Succesfully Downloaded --- 2025-04-25 12:47:07"
[1] "Downloading Footprints for link 15 @ 2025-04-25 12:47:06.502823"
[1] "File Downloaded... unzipping... 2025-04-25 12:47:07.18652"
[1] "Reading in data and making spatial... 2025-04-25 12:47:07.219368"
[1] "Retrieving coordinates... 2025-04-25 12:47:07.384024"
[1] "Retrieving H3 Indexes for Buildings... 2025-04-25 12:47:07.385467"
[1] "Deleting Footprints... 2025-04-25 12:47:07.415915"
[1] "15 Files Succesfully Downloaded --- 2025-04-25 12:47:07"
[1] "Downloading Footprints for link 16 @ 2025-04-25 12:47:07.420789"
[1] "File Downloaded... unzipping... 2025-04-25 12:47:08.154989"
[1] "Reading in data and making spatial... 2025-04-25 12:47:08.686795"
[1] "Retrieving coordinates... 2025-04-25 12:47:08.947238"
[1] "Retrieving H3 Indexes for Buildings... 2025-04-25 12:47:08.949346"
[1] "Deleting Footprints... 2025-04-25 12:47:09.063884"
[1] "16 Files Succesfully Downloaded --- 2025-04-25 12:47:09"
[1] "Downloading Footprints for link 17 @ 2025-04-25 12:47:09.069457"
[1] "File Downloaded... unzipping... 2025-04-25 12:47:09.998385"
[1] "Reading in data and making spatial... 2025-04-25 12:47:10.101531"
[1] "Retrieving coordinates... 2025-04-25 12:47:10.961394"
[1] "Retrieving H3 Indexes for Buildings... 2025-04-25 12:47:10.967844"
[1] "Deleting Footprints... 2025-04-25 12:47:11.026785"
[1] "17 Files Succesfully Downloaded --- 2025-04-25 12:47:11"
[1] "Downloading Footprints for link 18 @ 2025-04-25 12:47:11.029765"
[1] "File Downloaded... unzipping... 2025-04-25 12:47:12.105787"
[1] "Reading in data and making spatial... 2025-04-25 12:47:12.179337"
[1] "Retrieving coordinates... 2025-04-25 12:47:13.538632"
[1] "Retrieving H3 Indexes for Buildings... 2025-04-25 12:47:13.544626"
[1] "Deleting Footprints... 2025-04-25 12:47:13.60199"
[1] "18 Files Succesfully Downloaded --- 2025-04-25 12:47:14"
[1] "Downloading Footprints for link 19 @ 2025-04-25 12:47:13.604709"
[1] "File Downloaded... unzipping... 2025-04-25 12:47:14.595136"
[1] "Reading in data and making spatial... 2025-04-25 12:47:14.66823"
[1] "Retrieving coordinates... 2025-04-25 12:47:15.519602"
[1] "Retrieving H3 Indexes for Buildings... 2025-04-25 12:47:15.524145"
[1] "Deleting Footprints... 2025-04-25 12:47:15.701783"
[1] "19 Files Succesfully Downloaded --- 2025-04-25 12:47:16"
[1] "Downloading Footprints for link 20 @ 2025-04-25 12:47:15.704848"
[1] "File Downloaded... unzipping... 2025-04-25 12:47:16.747813"
[1] "Reading in data and making spatial... 2025-04-25 12:47:17.31029"
[1] "Retrieving coordinates... 2025-04-25 12:47:17.957454"
[1] "Retrieving H3 Indexes for Buildings... 2025-04-25 12:47:17.961921"
[1] "Deleting Footprints... 2025-04-25 12:47:18.011963"
[1] "20 Files Succesfully Downloaded --- 2025-04-25 12:47:18"
[1] "Downloading Footprints for link 21 @ 2025-04-25 12:47:18.014922"
[1] "File Downloaded... unzipping... 2025-04-25 12:47:18.961777"
[1] "Reading in data and making spatial... 2025-04-25 12:47:19.025355"
[1] "Retrieving coordinates... 2025-04-25 12:47:19.753187"
[1] "Retrieving H3 Indexes for Buildings... 2025-04-25 12:47:19.757398"
[1] "Deleting Footprints... 2025-04-25 12:47:19.807672"
[1] "21 Files Succesfully Downloaded --- 2025-04-25 12:47:20"
[1] "Downloading Footprints for link 22 @ 2025-04-25 12:47:19.812629"
[1] "File Downloaded... unzipping... 2025-04-25 12:47:20.750174"
[1] "Reading in data and making spatial... 2025-04-25 12:47:20.93291"
[1] "Retrieving coordinates... 2025-04-25 12:47:21.676217"
[1] "Retrieving H3 Indexes for Buildings... 2025-04-25 12:47:21.67986"
[1] "Deleting Footprints... 2025-04-25 12:47:21.728061"
[1] "22 Files Succesfully Downloaded --- 2025-04-25 12:47:22"
[1] "Downloading Footprints for link 23 @ 2025-04-25 12:47:21.732001"
[1] "File Downloaded... unzipping... 2025-04-25 12:47:22.573357"
[1] "Reading in data and making spatial... 2025-04-25 12:47:22.959309"
[1] "Retrieving coordinates... 2025-04-25 12:47:23.481825"
[1] "Retrieving H3 Indexes for Buildings... 2025-04-25 12:47:23.486105"
[1] "Deleting Footprints... 2025-04-25 12:47:23.539315"
[1] "23 Files Succesfully Downloaded --- 2025-04-25 12:47:24"
[1] "Downloading Footprints for link 24 @ 2025-04-25 12:47:23.546887"
[1] "File Downloaded... unzipping... 2025-04-25 12:47:24.483614"
[1] "Reading in data and making spatial... 2025-04-25 12:47:24.775095"
[1] "Retrieving coordinates... 2025-04-25 12:47:25.328332"
[1] "Retrieving H3 Indexes for Buildings... 2025-04-25 12:47:25.332443"
[1] "Deleting Footprints... 2025-04-25 12:47:25.385467"
[1] "24 Files Succesfully Downloaded --- 2025-04-25 12:47:25"
[1] "Downloading Footprints for link 25 @ 2025-04-25 12:47:25.389427"
[1] "File Downloaded... unzipping... 2025-04-25 12:47:26.220567"
[1] "Reading in data and making spatial... 2025-04-25 12:47:26.352415"
[1] "Retrieving coordinates... 2025-04-25 12:47:26.792622"
[1] "Retrieving H3 Indexes for Buildings... 2025-04-25 12:47:26.795221"
[1] "Deleting Footprints... 2025-04-25 12:47:26.838239"
[1] "25 Files Succesfully Downloaded --- 2025-04-25 12:47:27"
[1] "Downloading Footprints for link 26 @ 2025-04-25 12:47:26.840943"
[1] "File Downloaded... unzipping... 2025-04-25 12:47:27.915401"
[1] "Reading in data and making spatial... 2025-04-25 12:47:28.253954"
[1] "Retrieving coordinates... 2025-04-25 12:47:29.211885"
[1] "Retrieving H3 Indexes for Buildings... 2025-04-25 12:47:29.217782"
[1] "Deleting Footprints... 2025-04-25 12:47:29.384116"
[1] "26 Files Succesfully Downloaded --- 2025-04-25 12:47:29"
[1] "Downloading Footprints for link 27 @ 2025-04-25 12:47:29.387605"
[1] "File Downloaded... unzipping... 2025-04-25 12:47:32.682189"
[1] "Reading in data and making spatial... 2025-04-25 12:47:32.854767"
[1] "Retrieving coordinates... 2025-04-25 12:47:34.435714"
[1] "Retrieving H3 Indexes for Buildings... 2025-04-25 12:47:34.44432"
[1] "Deleting Footprints... 2025-04-25 12:47:34.521751"
[1] "27 Files Succesfully Downloaded --- 2025-04-25 12:47:35"
[1] "Downloading Footprints for link 28 @ 2025-04-25 12:47:34.526284"
[1] "File Downloaded... unzipping... 2025-04-25 12:47:35.360155"
[1] "Reading in data and making spatial... 2025-04-25 12:47:35.415349"
[1] "Retrieving coordinates... 2025-04-25 12:47:35.901591"
[1] "Retrieving H3 Indexes for Buildings... 2025-04-25 12:47:35.904471"
[1] "Deleting Footprints... 2025-04-25 12:47:35.953197"
[1] "28 Files Succesfully Downloaded --- 2025-04-25 12:47:36"
[1] "Downloading Footprints for link 29 @ 2025-04-25 12:47:35.957201"
[1] "File Downloaded... unzipping... 2025-04-25 12:47:36.935737"
[1] "Reading in data and making spatial... 2025-04-25 12:47:37.209206"
[1] "Retrieving coordinates... 2025-04-25 12:47:38.014445"
[1] "Retrieving H3 Indexes for Buildings... 2025-04-25 12:47:38.019751"
[1] "Deleting Footprints... 2025-04-25 12:47:38.423491"
[1] "29 Files Succesfully Downloaded --- 2025-04-25 12:47:38"
[1] "Downloading Footprints for link 30 @ 2025-04-25 12:47:38.427768"
[1] "File Downloaded... unzipping... 2025-04-25 12:47:42.146686"
[1] "Reading in data and making spatial... 2025-04-25 12:47:42.213834"
[1] "Retrieving coordinates... 2025-04-25 12:47:43.04842"
[1] "Retrieving H3 Indexes for Buildings... 2025-04-25 12:47:43.054619"
[1] "Deleting Footprints... 2025-04-25 12:47:43.125633"
[1] "30 Files Succesfully Downloaded --- 2025-04-25 12:47:43"
[1] "Downloading Footprints for link 31 @ 2025-04-25 12:47:43.133589"
[1] "File Downloaded... unzipping... 2025-04-25 12:47:44.116036"
[1] "Reading in data and making spatial... 2025-04-25 12:47:44.195351"
[1] "Retrieving coordinates... 2025-04-25 12:47:44.960775"
[1] "Retrieving H3 Indexes for Buildings... 2025-04-25 12:47:44.965647"
[1] "Deleting Footprints... 2025-04-25 12:47:45.030106"
[1] "31 Files Succesfully Downloaded --- 2025-04-25 12:47:45"
[1] "Downloading Footprints for link 32 @ 2025-04-25 12:47:45.032963"
[1] "File Downloaded... unzipping... 2025-04-25 12:47:46.055187"
[1] "Reading in data and making spatial... 2025-04-25 12:47:46.13616"
[1] "Retrieving coordinates... 2025-04-25 12:47:47.433284"
[1] "Retrieving H3 Indexes for Buildings... 2025-04-25 12:47:47.440373"
[1] "Deleting Footprints... 2025-04-25 12:47:47.886505"
[1] "32 Files Succesfully Downloaded --- 2025-04-25 12:47:48"
[1] "Downloading Footprints for link 33 @ 2025-04-25 12:47:47.887703"
[1] "File Downloaded... unzipping... 2025-04-25 12:47:48.582"
[1] "Reading in data and making spatial... 2025-04-25 12:47:48.619789"
[1] "Retrieving coordinates... 2025-04-25 12:47:48.818691"
[1] "Retrieving H3 Indexes for Buildings... 2025-04-25 12:47:48.820496"
[1] "Deleting Footprints... 2025-04-25 12:47:48.963398"
[1] "33 Files Succesfully Downloaded --- 2025-04-25 12:47:49"
[1] "Downloading Footprints for link 34 @ 2025-04-25 12:47:48.966017"
[1] "File Downloaded... unzipping... 2025-04-25 12:47:49.616019"
[1] "Reading in data and making spatial... 2025-04-25 12:47:49.662129"
[1] "Retrieving coordinates... 2025-04-25 12:47:49.92134"
[1] "Retrieving H3 Indexes for Buildings... 2025-04-25 12:47:49.923419"
[1] "Deleting Footprints... 2025-04-25 12:47:50.249323"
[1] "34 Files Succesfully Downloaded --- 2025-04-25 12:47:50"
[1] "Downloading Footprints for link 35 @ 2025-04-25 12:47:50.251347"
[1] "File Downloaded... unzipping... 2025-04-25 12:47:50.938352"
[1] "Reading in data and making spatial... 2025-04-25 12:47:51.068165"
[1] "Retrieving coordinates... 2025-04-25 12:47:51.370664"
[1] "Retrieving H3 Indexes for Buildings... 2025-04-25 12:47:51.373498"
[1] "Deleting Footprints... 2025-04-25 12:47:51.428086"
[1] "35 Files Succesfully Downloaded --- 2025-04-25 12:47:51"
[1] "Downloading Footprints for link 36 @ 2025-04-25 12:47:51.430214"
[1] "File Downloaded... unzipping... 2025-04-25 12:47:52.117106"
[1] "Reading in data and making spatial... 2025-04-25 12:47:52.155594"
[1] "Retrieving coordinates... 2025-04-25 12:47:52.401666"
[1] "Retrieving H3 Indexes for Buildings... 2025-04-25 12:47:52.403783"
[1] "Deleting Footprints... 2025-04-25 12:47:52.543001"
[1] "36 Files Succesfully Downloaded --- 2025-04-25 12:47:53"
[1] "Downloading Footprints for link 37 @ 2025-04-25 12:47:52.546431"
[1] "File Downloaded... unzipping... 2025-04-25 12:47:53.388272"
[1] "Reading in data and making spatial... 2025-04-25 12:47:53.453032"
[1] "Retrieving coordinates... 2025-04-25 12:47:53.814742"
[1] "Retrieving H3 Indexes for Buildings... 2025-04-25 12:47:53.817616"
[1] "Deleting Footprints... 2025-04-25 12:47:53.96808"
[1] "37 Files Succesfully Downloaded --- 2025-04-25 12:47:54"
[1] "Downloading Footprints for link 38 @ 2025-04-25 12:47:53.970894"
[1] "File Downloaded... unzipping... 2025-04-25 12:47:54.493983"
[1] "Reading in data and making spatial... 2025-04-25 12:47:54.520483"
[1] "Retrieving coordinates... 2025-04-25 12:47:54.568096"
[1] "Retrieving H3 Indexes for Buildings... 2025-04-25 12:47:54.568713"
[1] "Deleting Footprints... 2025-04-25 12:47:54.738488"
[1] "38 Files Succesfully Downloaded --- 2025-04-25 12:47:55"
[1] "Downloading Footprints for link 39 @ 2025-04-25 12:47:54.742012"
[1] "File Downloaded... unzipping... 2025-04-25 12:47:55.505186"
[1] "Reading in data and making spatial... 2025-04-25 12:47:55.537796"
[1] "Retrieving coordinates... 2025-04-25 12:47:55.704648"
[1] "Retrieving H3 Indexes for Buildings... 2025-04-25 12:47:55.706138"
[1] "Deleting Footprints... 2025-04-25 12:47:55.754934"
[1] "39 Files Succesfully Downloaded --- 2025-04-25 12:47:56"
[1] "Downloading Footprints for link 40 @ 2025-04-25 12:47:55.756886"
[1] "File Downloaded... unzipping... 2025-04-25 12:47:56.083055"
[1] "Reading in data and making spatial... 2025-04-25 12:47:56.187666"
[1] "Retrieving coordinates... 2025-04-25 12:47:56.206292"
[1] "Retrieving H3 Indexes for Buildings... 2025-04-25 12:47:56.206679"
[1] "Deleting Footprints... 2025-04-25 12:47:56.248842"
[1] "40 Files Succesfully Downloaded --- 2025-04-25 12:47:56"
[1] "Downloading Footprints for link 41 @ 2025-04-25 12:47:56.250724"
[1] "File Downloaded... unzipping... 2025-04-25 12:47:56.984243"
[1] "Reading in data and making spatial... 2025-04-25 12:47:57.017089"
[1] "Retrieving coordinates... 2025-04-25 12:47:57.228582"
[1] "Retrieving H3 Indexes for Buildings... 2025-04-25 12:47:57.229731"
[1] "Deleting Footprints... 2025-04-25 12:47:57.36395"
[1] "41 Files Succesfully Downloaded --- 2025-04-25 12:47:57"
[1] "Downloading Footprints for link 42 @ 2025-04-25 12:47:57.36812"
[1] "File Downloaded... unzipping... 2025-04-25 12:47:57.810041"
[1] "Reading in data and making spatial... 2025-04-25 12:47:57.836676"
[1] "Retrieving coordinates... 2025-04-25 12:47:57.874643"
[1] "Retrieving H3 Indexes for Buildings... 2025-04-25 12:47:57.875166"
[1] "Deleting Footprints... 2025-04-25 12:47:58.003359"
[1] "42 Files Succesfully Downloaded --- 2025-04-25 12:47:58"
[1] "Downloading Footprints for link 43 @ 2025-04-25 12:47:58.007524"
[1] "File Downloaded... unzipping... 2025-04-25 12:47:58.681855"
[1] "Reading in data and making spatial... 2025-04-25 12:47:58.719753"
[1] "Retrieving coordinates... 2025-04-25 12:47:59.013533"
[1] "Retrieving H3 Indexes for Buildings... 2025-04-25 12:47:59.016142"
[1] "Deleting Footprints... 2025-04-25 12:47:59.3141"
[1] "43 Files Succesfully Downloaded --- 2025-04-25 12:47:59"
[1] "Downloading Footprints for link 44 @ 2025-04-25 12:47:59.31678"
[1] "File Downloaded... unzipping... 2025-04-25 12:48:00.210997"
[1] "Reading in data and making spatial... 2025-04-25 12:48:00.340475"
[1] "Retrieving coordinates... 2025-04-25 12:48:00.881413"
[1] "Retrieving H3 Indexes for Buildings... 2025-04-25 12:48:00.886094"
[1] "Deleting Footprints... 2025-04-25 12:48:00.954083"
[1] "44 Files Succesfully Downloaded --- 2025-04-25 12:48:01"
[1] "Downloading Footprints for link 45 @ 2025-04-25 12:48:00.955978"
[1] "File Downloaded... unzipping... 2025-04-25 12:48:01.727754"
[1] "Reading in data and making spatial... 2025-04-25 12:48:01.795696"
[1] "Retrieving coordinates... 2025-04-25 12:48:02.450563"
[1] "Retrieving H3 Indexes for Buildings... 2025-04-25 12:48:02.455112"
[1] "Deleting Footprints... 2025-04-25 12:48:02.53145"
[1] "45 Files Succesfully Downloaded --- 2025-04-25 12:48:03"
[1] "Downloading Footprints for link 46 @ 2025-04-25 12:48:02.533969"
[1] "File Downloaded... unzipping... 2025-04-25 12:48:03.383862"
[1] "Reading in data and making spatial... 2025-04-25 12:48:03.605275"
[1] "Retrieving coordinates... 2025-04-25 12:48:04.533496"
[1] "Retrieving H3 Indexes for Buildings... 2025-04-25 12:48:04.53945"
[1] "Deleting Footprints... 2025-04-25 12:48:04.617203"
[1] "46 Files Succesfully Downloaded --- 2025-04-25 12:48:05"
[1] "Downloading Footprints for link 47 @ 2025-04-25 12:48:04.619779"
[1] "File Downloaded... unzipping... 2025-04-25 12:48:05.769806"
[1] "Reading in data and making spatial... 2025-04-25 12:48:05.876169"
[1] "Retrieving coordinates... 2025-04-25 12:48:07.845051"
[1] "Retrieving H3 Indexes for Buildings... 2025-04-25 12:48:07.854444"
[1] "Deleting Footprints... 2025-04-25 12:48:08.505855"
[1] "47 Files Succesfully Downloaded --- 2025-04-25 12:48:09"
[1] "Downloading Footprints for link 48 @ 2025-04-25 12:48:08.51106"
[1] "File Downloaded... unzipping... 2025-04-25 12:48:10.611365"
[1] "Reading in data and making spatial... 2025-04-25 12:48:10.828153"
[1] "Retrieving coordinates... 2025-04-25 12:48:12.293609"
[1] "Retrieving H3 Indexes for Buildings... 2025-04-25 12:48:12.406694"
[1] "Deleting Footprints... 2025-04-25 12:48:12.510452"
[1] "48 Files Succesfully Downloaded --- 2025-04-25 12:48:13"
[1] "Downloading Footprints for link 49 @ 2025-04-25 12:48:12.512932"
[1] "File Downloaded... unzipping... 2025-04-25 12:48:13.495117"
[1] "Reading in data and making spatial... 2025-04-25 12:48:13.812739"
[1] "Retrieving coordinates... 2025-04-25 12:48:14.987596"
[1] "Retrieving H3 Indexes for Buildings... 2025-04-25 12:48:14.993061"
[1] "Deleting Footprints... 2025-04-25 12:48:15.074589"
[1] "49 Files Succesfully Downloaded --- 2025-04-25 12:48:15"
[1] "Downloading Footprints for link 50 @ 2025-04-25 12:48:15.07667"
[1] "File Downloaded... unzipping... 2025-04-25 12:48:16.089489"
[1] "Reading in data and making spatial... 2025-04-25 12:48:16.173039"
[1] "Retrieving coordinates... 2025-04-25 12:48:17.121698"
[1] "Retrieving H3 Indexes for Buildings... 2025-04-25 12:48:17.127226"
[1] "Deleting Footprints... 2025-04-25 12:48:17.2096"
[1] "50 Files Succesfully Downloaded --- 2025-04-25 12:48:17"
[1] "Downloading Footprints for link 51 @ 2025-04-25 12:48:17.211319"
[1] "File Downloaded... unzipping... 2025-04-25 12:48:18.222834"
[1] "Reading in data and making spatial... 2025-04-25 12:48:18.456732"
[1] "Retrieving coordinates... 2025-04-25 12:48:19.325004"
[1] "Retrieving H3 Indexes for Buildings... 2025-04-25 12:48:19.32949"
[1] "Deleting Footprints... 2025-04-25 12:48:19.503256"
[1] "51 Files Succesfully Downloaded --- 2025-04-25 12:48:20"
[1] "Downloading Footprints for link 52 @ 2025-04-25 12:48:19.507172"
[1] "File Downloaded... unzipping... 2025-04-25 12:48:20.415403"
[1] "Reading in data and making spatial... 2025-04-25 12:48:20.967192"
[1] "Retrieving coordinates... 2025-04-25 12:48:21.867215"
[1] "Retrieving H3 Indexes for Buildings... 2025-04-25 12:48:21.871742"
[1] "Deleting Footprints... 2025-04-25 12:48:21.95166"
[1] "52 Files Succesfully Downloaded --- 2025-04-25 12:48:22"
[1] "Downloading Footprints for link 53 @ 2025-04-25 12:48:21.954792"
[1] "File Downloaded... unzipping... 2025-04-25 12:48:22.400934"
[1] "Reading in data and making spatial... 2025-04-25 12:48:22.425747"
[1] "Retrieving coordinates... 2025-04-25 12:48:22.462361"
[1] "Retrieving H3 Indexes for Buildings... 2025-04-25 12:48:22.462899"
[1] "Deleting Footprints... 2025-04-25 12:48:22.939233"
[1] "53 Files Succesfully Downloaded --- 2025-04-25 12:48:23"
[1] "Downloading Footprints for link 54 @ 2025-04-25 12:48:22.940763"
[1] "File Downloaded... unzipping... 2025-04-25 12:48:23.406774"
[1] "Reading in data and making spatial... 2025-04-25 12:48:23.432372"
[1] "Retrieving coordinates... 2025-04-25 12:48:23.483677"
[1] "Retrieving H3 Indexes for Buildings... 2025-04-25 12:48:23.484373"
[1] "Deleting Footprints... 2025-04-25 12:48:23.548701"
[1] "54 Files Succesfully Downloaded --- 2025-04-25 12:48:24"
[1] "Downloading Footprints for link 55 @ 2025-04-25 12:48:23.551774"
[1] "File Downloaded... unzipping... 2025-04-25 12:48:24.212951"
[1] "Reading in data and making spatial... 2025-04-25 12:48:24.247168"
[1] "Retrieving coordinates... 2025-04-25 12:48:24.425283"
[1] "Retrieving H3 Indexes for Buildings... 2025-04-25 12:48:24.42704"
[1] "Deleting Footprints... 2025-04-25 12:48:24.600092"
[1] "55 Files Succesfully Downloaded --- 2025-04-25 12:48:25"
[1] "Downloading Footprints for link 56 @ 2025-04-25 12:48:24.60343"
[1] "File Downloaded... unzipping... 2025-04-25 12:48:25.498878"
[1] "Reading in data and making spatial... 2025-04-25 12:48:25.572186"
[1] "Retrieving coordinates... 2025-04-25 12:48:26.313104"
[1] "Retrieving H3 Indexes for Buildings... 2025-04-25 12:48:26.317588"
[1] "Deleting Footprints... 2025-04-25 12:48:26.49152"
[1] "56 Files Succesfully Downloaded --- 2025-04-25 12:48:26"
[1] "Downloading Footprints for link 57 @ 2025-04-25 12:48:26.494795"
[1] "File Downloaded... unzipping... 2025-04-25 12:48:27.340834"
[1] "Reading in data and making spatial... 2025-04-25 12:48:27.41306"
[1] "Retrieving coordinates... 2025-04-25 12:48:28.365371"
[1] "Retrieving H3 Indexes for Buildings... 2025-04-25 12:48:28.36968"
[1] "Deleting Footprints... 2025-04-25 12:48:28.448307"
[1] "57 Files Succesfully Downloaded --- 2025-04-25 12:48:28"
[1] "Downloading Footprints for link 58 @ 2025-04-25 12:48:28.449193"
[1] "File Downloaded... unzipping... 2025-04-25 12:48:29.658644"
[1] "Reading in data and making spatial... 2025-04-25 12:48:29.747231"
[1] "Retrieving coordinates... 2025-04-25 12:48:31.087166"
[1] "Retrieving H3 Indexes for Buildings... 2025-04-25 12:48:31.095035"
[1] "Deleting Footprints... 2025-04-25 12:48:31.194362"
[1] "58 Files Succesfully Downloaded --- 2025-04-25 12:48:31"
[1] "Downloading Footprints for link 59 @ 2025-04-25 12:48:31.19792"
[1] "File Downloaded... unzipping... 2025-04-25 12:48:32.211229"
[1] "Reading in data and making spatial... 2025-04-25 12:48:32.534011"
[1] "Retrieving coordinates... 2025-04-25 12:48:34.219126"
[1] "Retrieving H3 Indexes for Buildings... 2025-04-25 12:48:34.226428"
[1] "Deleting Footprints... 2025-04-25 12:48:34.432986"
[1] "59 Files Succesfully Downloaded --- 2025-04-25 12:48:34"
[1] "Downloading Footprints for link 60 @ 2025-04-25 12:48:34.435243"
[1] "File Downloaded... unzipping... 2025-04-25 12:48:35.791225"
[1] "Reading in data and making spatial... 2025-04-25 12:48:36.423018"
[1] "Retrieving coordinates... 2025-04-25 12:48:42.075612"
[1] "Retrieving H3 Indexes for Buildings... 2025-04-25 12:48:42.102021"
[1] "Deleting Footprints... 2025-04-25 12:48:42.315391"
[1] "60 Files Succesfully Downloaded --- 2025-04-25 12:48:42"
[1] "Downloading Footprints for link 61 @ 2025-04-25 12:48:42.318457"
[1] "File Downloaded... unzipping... 2025-04-25 12:48:44.796716"
[1] "Reading in data and making spatial... 2025-04-25 12:48:45.033945"
[1] "Retrieving coordinates... 2025-04-25 12:48:50.869695"
[1] "Retrieving H3 Indexes for Buildings... 2025-04-25 12:48:50.89133"
[1] "Deleting Footprints... 2025-04-25 12:48:51.08086"
[1] "61 Files Succesfully Downloaded --- 2025-04-25 12:48:51"
[1] "Downloading Footprints for link 62 @ 2025-04-25 12:48:51.083828"
[1] "File Downloaded... unzipping... 2025-04-25 12:48:52.199599"
[1] "Reading in data and making spatial... 2025-04-25 12:48:52.443948"
[1] "Retrieving coordinates... 2025-04-25 12:48:55.180502"
[1] "Retrieving H3 Indexes for Buildings... 2025-04-25 12:48:55.190806"
[1] "Deleting Footprints... 2025-04-25 12:48:55.898459"
[1] "62 Files Succesfully Downloaded --- 2025-04-25 12:48:56"
[1] "Downloading Footprints for link 63 @ 2025-04-25 12:48:55.899776"
[1] "File Downloaded... unzipping... 2025-04-25 12:48:56.81445"
[1] "Reading in data and making spatial... 2025-04-25 12:48:57.043924"
[1] "Retrieving coordinates... 2025-04-25 12:48:57.767007"
[1] "Retrieving H3 Indexes for Buildings... 2025-04-25 12:48:57.771921"
[1] "Deleting Footprints... 2025-04-25 12:48:58.368372"
[1] "63 Files Succesfully Downloaded --- 2025-04-25 12:48:58"
[1] "Downloading Footprints for link 64 @ 2025-04-25 12:48:58.37173"
[1] "File Downloaded... unzipping... 2025-04-25 12:48:59.417693"
[1] "Reading in data and making spatial... 2025-04-25 12:48:59.934704"
[1] "Retrieving coordinates... 2025-04-25 12:49:00.669074"
[1] "Retrieving H3 Indexes for Buildings... 2025-04-25 12:49:00.674208"
[1] "Deleting Footprints... 2025-04-25 12:49:00.877143"
[1] "64 Files Succesfully Downloaded --- 2025-04-25 12:49:01"
[1] "Downloading Footprints for link 65 @ 2025-04-25 12:49:00.880392"
[1] "File Downloaded... unzipping... 2025-04-25 12:49:01.325402"
[1] "Reading in data and making spatial... 2025-04-25 12:49:01.350725"
[1] "Retrieving coordinates... 2025-04-25 12:49:01.536714"
[1] "Retrieving H3 Indexes for Buildings... 2025-04-25 12:49:01.537469"
[1] "Deleting Footprints... 2025-04-25 12:49:01.894394"
[1] "65 Files Succesfully Downloaded --- 2025-04-25 12:49:02"
[1] "Downloading Footprints for link 66 @ 2025-04-25 12:49:01.896786"
[1] "File Downloaded... unzipping... 2025-04-25 12:49:02.63321"
[1] "Reading in data and making spatial... 2025-04-25 12:49:02.991913"
[1] "Retrieving coordinates... 2025-04-25 12:49:03.175223"
[1] "Retrieving H3 Indexes for Buildings... 2025-04-25 12:49:03.177069"
[1] "Deleting Footprints... 2025-04-25 12:49:03.466489"
[1] "66 Files Succesfully Downloaded --- 2025-04-25 12:49:03"
[1] "Downloading Footprints for link 67 @ 2025-04-25 12:49:03.470752"
[1] "File Downloaded... unzipping... 2025-04-25 12:49:04.460243"
[1] "Reading in data and making spatial... 2025-04-25 12:49:04.62616"
[1] "Retrieving coordinates... 2025-04-25 12:49:05.990299"
[1] "Retrieving H3 Indexes for Buildings... 2025-04-25 12:49:05.996751"
[1] "Deleting Footprints... 2025-04-25 12:49:06.101845"
[1] "67 Files Succesfully Downloaded --- 2025-04-25 12:49:06"
[1] "Downloading Footprints for link 68 @ 2025-04-25 12:49:06.104468"
[1] "File Downloaded... unzipping... 2025-04-25 12:49:06.957448"
[1] "Reading in data and making spatial... 2025-04-25 12:49:07.039339"
[1] "Retrieving coordinates... 2025-04-25 12:49:07.439019"
[1] "Retrieving H3 Indexes for Buildings... 2025-04-25 12:49:07.441347"
[1] "Deleting Footprints... 2025-04-25 12:49:07.649075"
[1] "68 Files Succesfully Downloaded --- 2025-04-25 12:49:08"
[1] "Downloading Footprints for link 69 @ 2025-04-25 12:49:07.652022"
[1] "File Downloaded... unzipping... 2025-04-25 12:49:08.607886"
[1] "Reading in data and making spatial... 2025-04-25 12:49:08.706019"
[1] "Retrieving coordinates... 2025-04-25 12:49:09.389503"
[1] "Retrieving H3 Indexes for Buildings... 2025-04-25 12:49:09.393002"
[1] "Deleting Footprints... 2025-04-25 12:49:09.486555"
[1] "69 Files Succesfully Downloaded --- 2025-04-25 12:49:09"
[1] "Downloading Footprints for link 70 @ 2025-04-25 12:49:09.489342"
[1] "File Downloaded... unzipping... 2025-04-25 12:49:10.566934"
[1] "Reading in data and making spatial... 2025-04-25 12:49:10.653544"
[1] "Retrieving coordinates... 2025-04-25 12:49:12.078753"
[1] "Retrieving H3 Indexes for Buildings... 2025-04-25 12:49:12.086797"
[1] "Deleting Footprints... 2025-04-25 12:49:12.382114"
[1] "70 Files Succesfully Downloaded --- 2025-04-25 12:49:12"
[1] "Downloading Footprints for link 71 @ 2025-04-25 12:49:12.38424"
[1] "File Downloaded... unzipping... 2025-04-25 12:49:14.168189"
[1] "Reading in data and making spatial... 2025-04-25 12:49:14.919998"
[1] "Retrieving coordinates... 2025-04-25 12:49:24.757275"
[1] "Retrieving H3 Indexes for Buildings... 2025-04-25 12:49:24.812695"
[1] "Deleting Footprints... 2025-04-25 12:49:26.255405"
[1] "71 Files Succesfully Downloaded --- 2025-04-25 12:49:26"
[1] "Downloading Footprints for link 72 @ 2025-04-25 12:49:26.257283"
[1] "File Downloaded... unzipping... 2025-04-25 12:49:28.947558"
[1] "Reading in data and making spatial... 2025-04-25 12:49:30.209251"
[1] "Retrieving coordinates... 2025-04-25 12:49:57.470157"
[1] "Retrieving H3 Indexes for Buildings... 2025-04-25 12:49:57.612572"
[1] "Deleting Footprints... 2025-04-25 12:49:58.738847"
[1] "72 Files Succesfully Downloaded --- 2025-04-25 12:49:59"
[1] "Downloading Footprints for link 73 @ 2025-04-25 12:49:58.742624"
[1] "File Downloaded... unzipping... 2025-04-25 12:50:00.154074"
[1] "Reading in data and making spatial... 2025-04-25 12:50:00.388041"
[1] "Retrieving coordinates... 2025-04-25 12:50:02.233871"
[1] "Retrieving H3 Indexes for Buildings... 2025-04-25 12:50:02.243024"
[1] "Deleting Footprints... 2025-04-25 12:50:02.612612"
[1] "73 Files Succesfully Downloaded --- 2025-04-25 12:50:03"
[1] "Downloading Footprints for link 74 @ 2025-04-25 12:50:02.614371"
[1] "File Downloaded... unzipping... 2025-04-25 12:50:03.775503"
[1] "Reading in data and making spatial... 2025-04-25 12:50:04.593562"
[1] "Retrieving coordinates... 2025-04-25 12:50:06.801492"
[1] "Retrieving H3 Indexes for Buildings... 2025-04-25 12:50:06.811448"
[1] "Deleting Footprints... 2025-04-25 12:50:07.175119"
[1] "74 Files Succesfully Downloaded --- 2025-04-25 12:50:07"
[1] "Downloading Footprints for link 75 @ 2025-04-25 12:50:07.177864"
[1] "File Downloaded... unzipping... 2025-04-25 12:50:08.162646"
[1] "Reading in data and making spatial... 2025-04-25 12:50:08.30504"
[1] "Retrieving coordinates... 2025-04-25 12:50:10.092106"
[1] "Retrieving H3 Indexes for Buildings... 2025-04-25 12:50:11.10863"
[1] "Deleting Footprints... 2025-04-25 12:50:11.277529"
[1] "75 Files Succesfully Downloaded --- 2025-04-25 12:50:11"
[1] "Downloading Footprints for link 76 @ 2025-04-25 12:50:11.280411"
[1] "File Downloaded... unzipping... 2025-04-25 12:50:11.605957"
[1] "Reading in data and making spatial... 2025-04-25 12:50:11.6297"
[1] "Retrieving coordinates... 2025-04-25 12:50:11.666088"
[1] "Retrieving H3 Indexes for Buildings... 2025-04-25 12:50:11.666686"
[1] "Deleting Footprints... 2025-04-25 12:50:11.793628"
[1] "76 Files Succesfully Downloaded --- 2025-04-25 12:50:12"
[1] "Downloading Footprints for link 77 @ 2025-04-25 12:50:11.797132"
[1] "File Downloaded... unzipping... 2025-04-25 12:50:12.646001"
[1] "Reading in data and making spatial... 2025-04-25 12:50:13.146686"
[1] "Retrieving coordinates... 2025-04-25 12:50:13.590277"
[1] "Retrieving H3 Indexes for Buildings... 2025-04-25 12:50:13.594196"
[1] "Deleting Footprints... 2025-04-25 12:50:13.742795"
[1] "77 Files Succesfully Downloaded --- 2025-04-25 12:50:14"
[1] "Downloading Footprints for link 78 @ 2025-04-25 12:50:13.743546"
[1] "File Downloaded... unzipping... 2025-04-25 12:50:14.539907"
[1] "Reading in data and making spatial... 2025-04-25 12:50:14.593722"
[1] "Retrieving coordinates... 2025-04-25 12:50:15.135611"
[1] "Retrieving H3 Indexes for Buildings... 2025-04-25 12:50:15.14012"
[1] "Deleting Footprints... 2025-04-25 12:50:15.414794"
[1] "78 Files Succesfully Downloaded --- 2025-04-25 12:50:15"
[1] "Downloading Footprints for link 79 @ 2025-04-25 12:50:15.417548"
[1] "File Downloaded... unzipping... 2025-04-25 12:50:16.637573"
[1] "Reading in data and making spatial... 2025-04-25 12:50:16.915343"
[1] "Retrieving coordinates... 2025-04-25 12:50:18.885066"
[1] "Retrieving H3 Indexes for Buildings... 2025-04-25 12:50:18.896913"
[1] "Deleting Footprints... 2025-04-25 12:50:19.090823"
[1] "79 Files Succesfully Downloaded --- 2025-04-25 12:50:19"
[1] "Downloading Footprints for link 80 @ 2025-04-25 12:50:19.097646"
[1] "File Downloaded... unzipping... 2025-04-25 12:50:19.914834"
[1] "Reading in data and making spatial... 2025-04-25 12:50:19.959085"
[1] "Retrieving coordinates... 2025-04-25 12:50:20.421941"
[1] "Retrieving H3 Indexes for Buildings... 2025-04-25 12:50:20.424531"
[1] "Deleting Footprints... 2025-04-25 12:50:20.926051"
[1] "80 Files Succesfully Downloaded --- 2025-04-25 12:50:21"
[1] "Downloading Footprints for link 81 @ 2025-04-25 12:50:20.929596"
[1] "File Downloaded... unzipping... 2025-04-25 12:50:22.222448"
[1] "Reading in data and making spatial... 2025-04-25 12:50:22.716577"
[1] "Retrieving coordinates... 2025-04-25 12:50:25.070424"
[1] "Retrieving H3 Indexes for Buildings... 2025-04-25 12:50:25.08559"
[1] "Deleting Footprints... 2025-04-25 12:50:25.292108"
[1] "81 Files Succesfully Downloaded --- 2025-04-25 12:50:25"
[1] "Downloading Footprints for link 82 @ 2025-04-25 12:50:25.294414"
[1] "File Downloaded... unzipping... 2025-04-25 12:50:26.339506"
[1] "Reading in data and making spatial... 2025-04-25 12:50:26.421849"
[1] "Retrieving coordinates... 2025-04-25 12:50:27.549425"
[1] "Retrieving H3 Indexes for Buildings... 2025-04-25 12:50:27.55478"
[1] "Deleting Footprints... 2025-04-25 12:50:27.893368"
[1] "82 Files Succesfully Downloaded --- 2025-04-25 12:50:28"
[1] "Downloading Footprints for link 83 @ 2025-04-25 12:50:27.897398"
[1] "File Downloaded... unzipping... 2025-04-25 12:50:28.145257"
[1] "Reading in data and making spatial... 2025-04-25 12:50:28.172971"
[1] "Retrieving coordinates... 2025-04-25 12:50:28.188324"
[1] "Retrieving H3 Indexes for Buildings... 2025-04-25 12:50:28.188793"
[1] "Deleting Footprints... 2025-04-25 12:50:28.783585"
[1] "83 Files Succesfully Downloaded --- 2025-04-25 12:50:29"
[1] "Downloading Footprints for link 84 @ 2025-04-25 12:50:28.788752"
[1] "File Downloaded... unzipping... 2025-04-25 12:50:29.467906"
[1] "Reading in data and making spatial... 2025-04-25 12:50:29.500294"
[1] "Retrieving coordinates... 2025-04-25 12:50:29.65187"
[1] "Retrieving H3 Indexes for Buildings... 2025-04-25 12:50:29.653442"
[1] "Deleting Footprints... 2025-04-25 12:50:29.926135"
[1] "84 Files Succesfully Downloaded --- 2025-04-25 12:50:30"
[1] "Downloading Footprints for link 85 @ 2025-04-25 12:50:29.929178"
[1] "File Downloaded... unzipping... 2025-04-25 12:50:30.543094"
[1] "Reading in data and making spatial... 2025-04-25 12:50:30.574968"
[1] "Retrieving coordinates... 2025-04-25 12:50:30.692765"
[1] "Retrieving H3 Indexes for Buildings... 2025-04-25 12:50:30.69393"
[1] "Deleting Footprints... 2025-04-25 12:50:30.952218"
[1] "85 Files Succesfully Downloaded --- 2025-04-25 12:50:31"
[1] "Downloading Footprints for link 86 @ 2025-04-25 12:50:30.954576"
[1] "File Downloaded... unzipping... 2025-04-25 12:50:32.072573"
[1] "Reading in data and making spatial... 2025-04-25 12:50:32.236627"
[1] "Retrieving coordinates... 2025-04-25 12:50:33.986564"
[1] "Retrieving H3 Indexes for Buildings... 2025-04-25 12:50:33.99626"
[1] "Deleting Footprints... 2025-04-25 12:50:34.67595"
[1] "86 Files Succesfully Downloaded --- 2025-04-25 12:50:35"
[1] "Downloading Footprints for link 87 @ 2025-04-25 12:50:34.678487"
[1] "File Downloaded... unzipping... 2025-04-25 12:50:35.906231"
[1] "Reading in data and making spatial... 2025-04-25 12:50:35.991441"
[1] "Retrieving coordinates... 2025-04-25 12:50:37.154271"
[1] "Retrieving H3 Indexes for Buildings... 2025-04-25 12:50:37.161861"
[1] "Deleting Footprints... 2025-04-25 12:50:37.462567"
[1] "87 Files Succesfully Downloaded --- 2025-04-25 12:50:37"
[1] "Downloading Footprints for link 88 @ 2025-04-25 12:50:37.469279"
[1] "File Downloaded... unzipping... 2025-04-25 12:50:37.890057"
[1] "Reading in data and making spatial... 2025-04-25 12:50:37.91313"
[1] "Retrieving coordinates... 2025-04-25 12:50:37.943154"
[1] "Retrieving H3 Indexes for Buildings... 2025-04-25 12:50:37.943634"
[1] "Deleting Footprints... 2025-04-25 12:50:38.567364"
[1] "88 Files Succesfully Downloaded --- 2025-04-25 12:50:39"
[1] "Downloading Footprints for link 89 @ 2025-04-25 12:50:38.572001"
[1] "File Downloaded... unzipping... 2025-04-25 12:50:41.914913"
[1] "Reading in data and making spatial... 2025-04-25 12:50:41.940467"
[1] "Retrieving coordinates... 2025-04-25 12:50:41.985021"
[1] "Retrieving H3 Indexes for Buildings... 2025-04-25 12:50:41.985657"
[1] "Deleting Footprints... 2025-04-25 12:50:42.251551"
[1] "89 Files Succesfully Downloaded --- 2025-04-25 12:50:42"
[1] "Downloading Footprints for link 90 @ 2025-04-25 12:50:42.256181"
[1] "File Downloaded... unzipping... 2025-04-25 12:50:42.923855"
[1] "Reading in data and making spatial... 2025-04-25 12:50:42.95455"
[1] "Retrieving coordinates... 2025-04-25 12:50:43.05764"
[1] "Retrieving H3 Indexes for Buildings... 2025-04-25 12:50:43.058763"
[1] "Deleting Footprints... 2025-04-25 12:50:43.731714"
[1] "90 Files Succesfully Downloaded --- 2025-04-25 12:50:44"
[1] "Downloading Footprints for link 91 @ 2025-04-25 12:50:43.735244"
[1] "File Downloaded... unzipping... 2025-04-25 12:50:44.236484"
[1] "Reading in data and making spatial... 2025-04-25 12:50:44.261451"
[1] "Retrieving coordinates... 2025-04-25 12:50:44.325511"
[1] "Retrieving H3 Indexes for Buildings... 2025-04-25 12:50:44.32632"
[1] "Deleting Footprints... 2025-04-25 12:50:44.734167"
[1] "91 Files Succesfully Downloaded --- 2025-04-25 12:50:45"
[1] "Downloading Footprints for link 92 @ 2025-04-25 12:50:44.736781"
[1] "File Downloaded... unzipping... 2025-04-25 12:50:45.152826"
[1] "Reading in data and making spatial... 2025-04-25 12:50:45.176177"
[1] "Retrieving coordinates... 2025-04-25 12:50:45.203663"
[1] "Retrieving H3 Indexes for Buildings... 2025-04-25 12:50:45.204121"
[1] "Deleting Footprints... 2025-04-25 12:50:45.343635"
[1] "92 Files Succesfully Downloaded --- 2025-04-25 12:50:45"
[1] "Downloading Footprints for link 93 @ 2025-04-25 12:50:45.346287"
[1] "File Downloaded... unzipping... 2025-04-25 12:50:46.610892"
[1] "Reading in data and making spatial... 2025-04-25 12:50:46.95348"
[1] "Retrieving coordinates... 2025-04-25 12:50:49.520389"
[1] "Retrieving H3 Indexes for Buildings... 2025-04-25 12:50:49.538004"
[1] "Deleting Footprints... 2025-04-25 12:50:50.317543"
[1] "93 Files Succesfully Downloaded --- 2025-04-25 12:50:50"
[1] "Downloading Footprints for link 94 @ 2025-04-25 12:50:50.319603"
[1] "File Downloaded... unzipping... 2025-04-25 12:50:51.364626"
[1] "Reading in data and making spatial... 2025-04-25 12:50:51.435892"
[1] "Retrieving coordinates... 2025-04-25 12:50:52.611626"
[1] "Retrieving H3 Indexes for Buildings... 2025-04-25 12:50:52.617267"
[1] "Deleting Footprints... 2025-04-25 12:50:53.148986"
[1] "94 Files Succesfully Downloaded --- 2025-04-25 12:50:53"
[1] "Downloading Footprints for link 95 @ 2025-04-25 12:50:53.151811"
[1] "File Downloaded... unzipping... 2025-04-25 12:50:54.104778"
[1] "Reading in data and making spatial... 2025-04-25 12:50:54.251369"
[1] "Retrieving coordinates... 2025-04-25 12:50:55.006805"
[1] "Retrieving H3 Indexes for Buildings... 2025-04-25 12:50:55.011969"
[1] "Deleting Footprints... 2025-04-25 12:50:55.324334"
[1] "95 Files Succesfully Downloaded --- 2025-04-25 12:50:55"
[1] "Downloading Footprints for link 96 @ 2025-04-25 12:50:55.327233"
[1] "File Downloaded... unzipping... 2025-04-25 12:50:56.219405"
[1] "Reading in data and making spatial... 2025-04-25 12:50:56.609864"
[1] "Retrieving coordinates... 2025-04-25 12:50:56.905587"
[1] "Retrieving H3 Indexes for Buildings... 2025-04-25 12:50:56.907965"
[1] "Deleting Footprints... 2025-04-25 12:50:57.20876"
[1] "96 Files Succesfully Downloaded --- 2025-04-25 12:50:57"
[1] "Downloading Footprints for link 97 @ 2025-04-25 12:50:57.212825"
[1] "File Downloaded... unzipping... 2025-04-25 12:50:58.047075"
[1] "Reading in data and making spatial... 2025-04-25 12:50:58.088653"
[1] "Retrieving coordinates... 2025-04-25 12:50:58.35136"
[1] "Retrieving H3 Indexes for Buildings... 2025-04-25 12:50:58.353544"
[1] "Deleting Footprints... 2025-04-25 12:50:58.918911"
[1] "97 Files Succesfully Downloaded --- 2025-04-25 12:50:59"
[1] "Downloading Footprints for link 98 @ 2025-04-25 12:50:58.923318"
[1] "File Downloaded... unzipping... 2025-04-25 12:50:59.621618"
[1] "Reading in data and making spatial... 2025-04-25 12:50:59.657278"
[1] "Retrieving coordinates... 2025-04-25 12:50:59.855909"
[1] "Retrieving H3 Indexes for Buildings... 2025-04-25 12:50:59.857585"
[1] "Deleting Footprints... 2025-04-25 12:51:00.300908"
[1] "98 Files Succesfully Downloaded --- 2025-04-25 12:51:00"
[1] "Downloading Footprints for link 99 @ 2025-04-25 12:51:00.305226"
[1] "File Downloaded... unzipping... 2025-04-25 12:51:01.323914"
[1] "Reading in data and making spatial... 2025-04-25 12:51:01.385887"
[1] "Retrieving coordinates... 2025-04-25 12:51:02.063696"
[1] "Retrieving H3 Indexes for Buildings... 2025-04-25 12:51:02.069055"
[1] "Deleting Footprints... 2025-04-25 12:51:02.365537"
[1] "99 Files Succesfully Downloaded --- 2025-04-25 12:51:02"
[1] "Downloading Footprints for link 100 @ 2025-04-25 12:51:02.368983"
[1] "File Downloaded... unzipping... 2025-04-25 12:51:03.193388"
[1] "Reading in data and making spatial... 2025-04-25 12:51:03.675244"
[1] "Retrieving coordinates... 2025-04-25 12:51:03.946894"
[1] "Retrieving H3 Indexes for Buildings... 2025-04-25 12:51:03.949033"
[1] "Deleting Footprints... 2025-04-25 12:51:04.406338"
[1] "100 Files Succesfully Downloaded --- 2025-04-25 12:51:04"
[1] "SCRIPT COMPLETE @ 2025-04-25 12:51:07"
