[1] "Starting at: 2025-04-25 12:46:08"
[1] "Loading Links at: 2025-04-25 12:46:19"
[1] "quadkeys to download: 44"
[1] "Downloading and Joining footprints to Hex @ 2025-04-25 12:46:19"
[1] "Downloading Footprints for link 1 @ 2025-04-25 12:46:19.481767"
[1] "File Downloaded... unzipping... 2025-04-25 12:46:20.552236"
[1] "Reading in data and making spatial... 2025-04-25 12:46:20.686569"
[1] "Retrieving coordinates... 2025-04-25 12:46:22.301857"
[1] "Retrieving H3 Indexes for Buildings... 2025-04-25 12:46:22.308179"
[1] "Deleting Footprints... 2025-04-25 12:46:22.334777"
[1] "1 Files Succesfully Downloaded --- 2025-04-25 12:46:22"
[1] "Downloading Footprints for link 2 @ 2025-04-25 12:46:22.336277"
[1] "File Downloaded... unzipping... 2025-04-25 12:46:23.326187"
[1] "Reading in data and making spatial... 2025-04-25 12:46:23.505336"
[1] "Retrieving coordinates... 2025-04-25 12:46:25.245131"
[1] "Retrieving H3 Indexes for Buildings... 2025-04-25 12:46:25.249613"
[1] "Deleting Footprints... 2025-04-25 12:46:25.272551"
[1] "2 Files Succesfully Downloaded --- 2025-04-25 12:46:25"
[1] "Downloading Footprints for link 3 @ 2025-04-25 12:46:25.276044"
[1] "File Downloaded... unzipping... 2025-04-25 12:46:29.173721"
[1] "Reading in data and making spatial... 2025-04-25 12:46:29.291628"
[1] "Retrieving coordinates... 2025-04-25 12:46:29.616063"
[1] "Retrieving H3 Indexes for Buildings... 2025-04-25 12:46:29.618571"
[1] "Deleting Footprints... 2025-04-25 12:46:29.63351"
[1] "3 Files Succesfully Downloaded --- 2025-04-25 12:46:30"
[1] "Downloading Footprints for link 4 @ 2025-04-25 12:46:29.634949"
[1] "File Downloaded... unzipping... 2025-04-25 12:46:30.641336"
[1] "Reading in data and making spatial... 2025-04-25 12:46:30.709854"
[1] "Retrieving coordinates... 2025-04-25 12:46:31.652486"
[1] "Retrieving H3 Indexes for Buildings... 2025-04-25 12:46:31.657895"
[1] "Deleting Footprints... 2025-04-25 12:46:31.690173"
[1] "4 Files Succesfully Downloaded --- 2025-04-25 12:46:32"
[1] "Downloading Footprints for link 5 @ 2025-04-25 12:46:31.693452"
[1] "File Downloaded... unzipping... 2025-04-25 12:46:32.792264"
[1] "Reading in data and making spatial... 2025-04-25 12:46:32.878527"
[1] "Retrieving coordinates... 2025-04-25 12:46:33.703114"
[1] "Retrieving H3 Indexes for Buildings... 2025-04-25 12:46:33.708117"
[1] "Deleting Footprints... 2025-04-25 12:46:33.740683"
[1] "5 Files Succesfully Downloaded --- 2025-04-25 12:46:34"
[1] "Downloading Footprints for link 6 @ 2025-04-25 12:46:33.743421"
[1] "File Downloaded... unzipping... 2025-04-25 12:46:34.853743"
[1] "Reading in data and making spatial... 2025-04-25 12:46:34.92004"
[1] "Retrieving coordinates... 2025-04-25 12:46:35.771105"
[1] "Retrieving H3 Indexes for Buildings... 2025-04-25 12:46:35.776683"
[1] "Deleting Footprints... 2025-04-25 12:46:35.93814"
[1] "6 Files Succesfully Downloaded --- 2025-04-25 12:46:36"
[1] "Downloading Footprints for link 7 @ 2025-04-25 12:46:35.943542"
[1] "File Downloaded... unzipping... 2025-04-25 12:46:39.439255"
[1] "Reading in data and making spatial... 2025-04-25 12:46:40.22309"
[1] "Retrieving coordinates... 2025-04-25 12:46:45.871212"
[1] "Retrieving H3 Indexes for Buildings... 2025-04-25 12:46:46.273034"
[1] "Deleting Footprints... 2025-04-25 12:46:46.44193"
[1] "7 Files Succesfully Downloaded --- 2025-04-25 12:46:46"
[1] "Downloading Footprints for link 8 @ 2025-04-25 12:46:46.445473"
[1] "File Downloaded... unzipping... 2025-04-25 12:46:47.522482"
[1] "Reading in data and making spatial... 2025-04-25 12:46:47.622754"
[1] "Retrieving coordinates... 2025-04-25 12:46:49.404796"
[1] "Retrieving H3 Indexes for Buildings... 2025-04-25 12:46:49.411632"
[1] "Deleting Footprints... 2025-04-25 12:46:49.465561"
[1] "8 Files Succesfully Downloaded --- 2025-04-25 12:46:49"
[1] "Downloading Footprints for link 9 @ 2025-04-25 12:46:49.468237"
[1] "File Downloaded... unzipping... 2025-04-25 12:46:50.797577"
[1] "Reading in data and making spatial... 2025-04-25 12:46:51.971988"
[1] "Retrieving coordinates... 2025-04-25 12:46:54.890409"
[1] "Retrieving H3 Indexes for Buildings... 2025-04-25 12:46:54.912251"
[1] "Deleting Footprints... 2025-04-25 12:46:55.156692"
[1] "9 Files Succesfully Downloaded --- 2025-04-25 12:46:55"
[1] "Downloading Footprints for link 10 @ 2025-04-25 12:46:55.158643"
[1] "File Downloaded... unzipping... 2025-04-25 12:46:57.49352"
[1] "Reading in data and making spatial... 2025-04-25 12:46:57.634511"
[1] "Retrieving coordinates... 2025-04-25 12:46:59.760685"
[1] "Retrieving H3 Indexes for Buildings... 2025-04-25 12:46:59.771905"
[1] "Deleting Footprints... 2025-04-25 12:47:00.078886"
[1] "10 Files Succesfully Downloaded --- 2025-04-25 12:47:00"
[1] "Downloading Footprints for link 11 @ 2025-04-25 12:47:00.081099"
[1] "File Downloaded... unzipping... 2025-04-25 12:47:06.228188"
[1] "Reading in data and making spatial... 2025-04-25 12:47:07.117256"
[1] "Retrieving coordinates... 2025-04-25 12:47:19.143513"
[1] "Retrieving H3 Indexes for Buildings... 2025-04-25 12:47:19.196644"
[1] "Deleting Footprints... 2025-04-25 12:47:19.527613"
[1] "11 Files Succesfully Downloaded --- 2025-04-25 12:47:20"
[1] "Downloading Footprints for link 12 @ 2025-04-25 12:47:19.531624"
[1] "File Downloaded... unzipping... 2025-04-25 12:47:20.518707"
[1] "Reading in data and making spatial... 2025-04-25 12:47:20.60528"
[1] "Retrieving coordinates... 2025-04-25 12:47:21.812861"
[1] "Retrieving H3 Indexes for Buildings... 2025-04-25 12:47:21.818878"
[1] "Deleting Footprints... 2025-04-25 12:47:21.895656"
[1] "12 Files Succesfully Downloaded --- 2025-04-25 12:47:22"
[1] "Downloading Footprints for link 13 @ 2025-04-25 12:47:21.898338"
[1] "File Downloaded... unzipping... 2025-04-25 12:47:23.039299"
[1] "Reading in data and making spatial... 2025-04-25 12:47:23.158182"
[1] "Retrieving coordinates... 2025-04-25 12:47:24.964789"
[1] "Retrieving H3 Indexes for Buildings... 2025-04-25 12:47:24.974039"
[1] "Deleting Footprints... 2025-04-25 12:47:25.446735"
[1] "13 Files Succesfully Downloaded --- 2025-04-25 12:47:25"
[1] "Downloading Footprints for link 14 @ 2025-04-25 12:47:25.447784"
[1] "File Downloaded... unzipping... 2025-04-25 12:47:26.543678"
[1] "Reading in data and making spatial... 2025-04-25 12:47:26.726256"
[1] "Retrieving coordinates... 2025-04-25 12:47:28.775109"
[1] "Retrieving H3 Indexes for Buildings... 2025-04-25 12:47:28.784264"
[1] "Deleting Footprints... 2025-04-25 12:47:28.883937"
[1] "14 Files Succesfully Downloaded --- 2025-04-25 12:47:29"
[1] "Downloading Footprints for link 15 @ 2025-04-25 12:47:28.887177"
[1] "File Downloaded... unzipping... 2025-04-25 12:47:29.913725"
[1] "Reading in data and making spatial... 2025-04-25 12:47:30.205785"
[1] "Retrieving coordinates... 2025-04-25 12:47:31.622424"
[1] "Retrieving H3 Indexes for Buildings... 2025-04-25 12:47:31.630099"
[1] "Deleting Footprints... 2025-04-25 12:47:31.721231"
[1] "15 Files Succesfully Downloaded --- 2025-04-25 12:47:32"
[1] "Downloading Footprints for link 16 @ 2025-04-25 12:47:31.724205"
[1] "File Downloaded... unzipping... 2025-04-25 12:47:32.643658"
[1] "Reading in data and making spatial... 2025-04-25 12:47:32.865647"
[1] "Retrieving coordinates... 2025-04-25 12:47:33.272562"
[1] "Retrieving H3 Indexes for Buildings... 2025-04-25 12:47:33.275274"
[1] "Deleting Footprints... 2025-04-25 12:47:33.430472"
[1] "16 Files Succesfully Downloaded --- 2025-04-25 12:47:33"
[1] "Downloading Footprints for link 17 @ 2025-04-25 12:47:33.433521"
[1] "File Downloaded... unzipping... 2025-04-25 12:47:34.369929"
[1] "Reading in data and making spatial... 2025-04-25 12:47:34.597343"
[1] "Retrieving coordinates... 2025-04-25 12:47:35.251755"
[1] "Retrieving H3 Indexes for Buildings... 2025-04-25 12:47:35.254954"
[1] "Deleting Footprints... 2025-04-25 12:47:35.318383"
[1] "17 Files Succesfully Downloaded --- 2025-04-25 12:47:35"
[1] "Downloading Footprints for link 18 @ 2025-04-25 12:47:35.320497"
[1] "File Downloaded... unzipping... 2025-04-25 12:47:36.346215"
[1] "Reading in data and making spatial... 2025-04-25 12:47:36.424776"
[1] "Retrieving coordinates... 2025-04-25 12:47:37.779004"
[1] "Retrieving H3 Indexes for Buildings... 2025-04-25 12:47:37.784611"
[1] "Deleting Footprints... 2025-04-25 12:47:38.145691"
[1] "18 Files Succesfully Downloaded --- 2025-04-25 12:47:38"
[1] "Downloading Footprints for link 19 @ 2025-04-25 12:47:38.149939"
[1] "File Downloaded... unzipping... 2025-04-25 12:47:42.325118"
[1] "Reading in data and making spatial... 2025-04-25 12:47:42.837252"
[1] "Retrieving coordinates... 2025-04-25 12:47:45.59939"
[1] "Retrieving H3 Indexes for Buildings... 2025-04-25 12:47:45.616177"
[1] "Deleting Footprints... 2025-04-25 12:47:45.757366"
[1] "19 Files Succesfully Downloaded --- 2025-04-25 12:47:46"
[1] "Downloading Footprints for link 20 @ 2025-04-25 12:47:45.761487"
[1] "File Downloaded... unzipping... 2025-04-25 12:47:46.75235"
[1] "Reading in data and making spatial... 2025-04-25 12:47:46.853216"
[1] "Retrieving coordinates... 2025-04-25 12:47:47.652822"
[1] "Retrieving H3 Indexes for Buildings... 2025-04-25 12:47:47.657159"
[1] "Deleting Footprints... 2025-04-25 12:47:48.089018"
[1] "20 Files Succesfully Downloaded --- 2025-04-25 12:47:48"
[1] "Downloading Footprints for link 21 @ 2025-04-25 12:47:48.092692"
[1] "File Downloaded... unzipping... 2025-04-25 12:47:49.084836"
[1] "Reading in data and making spatial... 2025-04-25 12:47:49.169191"
[1] "Retrieving coordinates... 2025-04-25 12:47:50.192805"
[1] "Retrieving H3 Indexes for Buildings... 2025-04-25 12:47:50.197488"
[1] "Deleting Footprints... 2025-04-25 12:47:50.267474"
[1] "21 Files Succesfully Downloaded --- 2025-04-25 12:47:50"
[1] "Downloading Footprints for link 22 @ 2025-04-25 12:47:50.271407"
[1] "File Downloaded... unzipping... 2025-04-25 12:47:51.358542"
[1] "Reading in data and making spatial... 2025-04-25 12:47:51.555634"
[1] "Retrieving coordinates... 2025-04-25 12:47:52.493423"
[1] "Retrieving H3 Indexes for Buildings... 2025-04-25 12:47:52.498615"
[1] "Deleting Footprints... 2025-04-25 12:47:52.57778"
[1] "22 Files Succesfully Downloaded --- 2025-04-25 12:47:53"
[1] "Downloading Footprints for link 23 @ 2025-04-25 12:47:52.579504"
[1] "File Downloaded... unzipping... 2025-04-25 12:47:53.496904"
[1] "Reading in data and making spatial... 2025-04-25 12:47:53.682039"
[1] "Retrieving coordinates... 2025-04-25 12:47:54.609135"
[1] "Retrieving H3 Indexes for Buildings... 2025-04-25 12:47:54.613894"
[1] "Deleting Footprints... 2025-04-25 12:47:54.782035"
[1] "23 Files Succesfully Downloaded --- 2025-04-25 12:47:55"
[1] "Downloading Footprints for link 24 @ 2025-04-25 12:47:54.783742"
[1] "File Downloaded... unzipping... 2025-04-25 12:47:58.036769"
[1] "Reading in data and making spatial... 2025-04-25 12:47:58.352201"
[1] "Retrieving coordinates... 2025-04-25 12:48:00.737198"
[1] "Retrieving H3 Indexes for Buildings... 2025-04-25 12:48:00.750074"
[1] "Deleting Footprints... 2025-04-25 12:48:01.101211"
[1] "24 Files Succesfully Downloaded --- 2025-04-25 12:48:01"
[1] "Downloading Footprints for link 25 @ 2025-04-25 12:48:01.105016"
[1] "File Downloaded... unzipping... 2025-04-25 12:48:02.120618"
[1] "Reading in data and making spatial... 2025-04-25 12:48:02.552347"
[1] "Retrieving coordinates... 2025-04-25 12:48:03.765196"
[1] "Retrieving H3 Indexes for Buildings... 2025-04-25 12:48:03.772152"
[1] "Deleting Footprints... 2025-04-25 12:48:03.873306"
[1] "25 Files Succesfully Downloaded --- 2025-04-25 12:48:04"
[1] "Downloading Footprints for link 26 @ 2025-04-25 12:48:03.875573"
[1] "File Downloaded... unzipping... 2025-04-25 12:48:04.827533"
[1] "Reading in data and making spatial... 2025-04-25 12:48:04.887985"
[1] "Retrieving coordinates... 2025-04-25 12:48:05.915829"
[1] "Retrieving H3 Indexes for Buildings... 2025-04-25 12:48:05.919564"
[1] "Deleting Footprints... 2025-04-25 12:48:06.001248"
[1] "26 Files Succesfully Downloaded --- 2025-04-25 12:48:06"
[1] "Downloading Footprints for link 27 @ 2025-04-25 12:48:06.005342"
[1] "File Downloaded... unzipping... 2025-04-25 12:48:07.086033"
[1] "Reading in data and making spatial... 2025-04-25 12:48:07.2585"
[1] "Retrieving coordinates... 2025-04-25 12:48:08.727819"
[1] "Retrieving H3 Indexes for Buildings... 2025-04-25 12:48:08.734823"
[1] "Deleting Footprints... 2025-04-25 12:48:08.829867"
[1] "27 Files Succesfully Downloaded --- 2025-04-25 12:48:09"
[1] "Downloading Footprints for link 28 @ 2025-04-25 12:48:08.831647"
[1] "File Downloaded... unzipping... 2025-04-25 12:48:10.178534"
[1] "Reading in data and making spatial... 2025-04-25 12:48:10.563688"
[1] "Retrieving coordinates... 2025-04-25 12:48:12.753628"
[1] "Retrieving H3 Indexes for Buildings... 2025-04-25 12:48:12.763486"
[1] "Deleting Footprints... 2025-04-25 12:48:12.876826"
[1] "28 Files Succesfully Downloaded --- 2025-04-25 12:48:13"
[1] "Downloading Footprints for link 29 @ 2025-04-25 12:48:12.878577"
[1] "File Downloaded... unzipping... 2025-04-25 12:48:14.054966"
[1] "Reading in data and making spatial... 2025-04-25 12:48:14.29567"
[1] "Retrieving coordinates... 2025-04-25 12:48:16.689348"
[1] "Retrieving H3 Indexes for Buildings... 2025-04-25 12:48:16.699501"
[1] "Deleting Footprints... 2025-04-25 12:48:16.817549"
[1] "29 Files Succesfully Downloaded --- 2025-04-25 12:48:17"
[1] "Downloading Footprints for link 30 @ 2025-04-25 12:48:16.820531"
[1] "File Downloaded... unzipping... 2025-04-25 12:48:17.987793"
[1] "Reading in data and making spatial... 2025-04-25 12:48:18.13569"
[1] "Retrieving coordinates... 2025-04-25 12:48:21.814466"
[1] "Retrieving H3 Indexes for Buildings... 2025-04-25 12:48:21.828549"
[1] "Deleting Footprints... 2025-04-25 12:48:22.648123"
[1] "30 Files Succesfully Downloaded --- 2025-04-25 12:48:23"
[1] "Downloading Footprints for link 31 @ 2025-04-25 12:48:22.650081"
[1] "File Downloaded... unzipping... 2025-04-25 12:48:23.795155"
[1] "Reading in data and making spatial... 2025-04-25 12:48:24.099192"
[1] "Retrieving coordinates... 2025-04-25 12:48:26.705514"
[1] "Retrieving H3 Indexes for Buildings... 2025-04-25 12:48:26.717513"
[1] "Deleting Footprints... 2025-04-25 12:48:27.341705"
[1] "31 Files Succesfully Downloaded --- 2025-04-25 12:48:27"
[1] "Downloading Footprints for link 32 @ 2025-04-25 12:48:27.345696"
[1] "File Downloaded... unzipping... 2025-04-25 12:48:28.409028"
[1] "Reading in data and making spatial... 2025-04-25 12:48:28.948873"
[1] "Retrieving coordinates... 2025-04-25 12:48:30.416189"
[1] "Retrieving H3 Indexes for Buildings... 2025-04-25 12:48:30.424897"
[1] "Deleting Footprints... 2025-04-25 12:48:30.998507"
[1] "32 Files Succesfully Downloaded --- 2025-04-25 12:48:31"
[1] "Downloading Footprints for link 33 @ 2025-04-25 12:48:31.000237"
[1] "File Downloaded... unzipping... 2025-04-25 12:48:32.148106"
[1] "Reading in data and making spatial... 2025-04-25 12:48:32.232822"
[1] "Retrieving coordinates... 2025-04-25 12:48:33.531175"
[1] "Retrieving H3 Indexes for Buildings... 2025-04-25 12:48:33.538849"
[1] "Deleting Footprints... 2025-04-25 12:48:34.222213"
[1] "33 Files Succesfully Downloaded --- 2025-04-25 12:48:34"
[1] "Downloading Footprints for link 34 @ 2025-04-25 12:48:34.224804"
[1] "File Downloaded... unzipping... 2025-04-25 12:48:35.48415"
[1] "Reading in data and making spatial... 2025-04-25 12:48:35.941375"
[1] "Retrieving coordinates... 2025-04-25 12:48:38.036834"
[1] "Retrieving H3 Indexes for Buildings... 2025-04-25 12:48:38.048609"
[1] "Deleting Footprints... 2025-04-25 12:48:38.727768"
[1] "34 Files Succesfully Downloaded --- 2025-04-25 12:48:39"
[1] "Downloading Footprints for link 35 @ 2025-04-25 12:48:38.730604"
[1] "File Downloaded... unzipping... 2025-04-25 12:48:39.890005"
[1] "Reading in data and making spatial... 2025-04-25 12:48:40.082376"
[1] "Retrieving coordinates... 2025-04-25 12:48:42.521171"
[1] "Retrieving H3 Indexes for Buildings... 2025-04-25 12:48:42.533155"
[1] "Deleting Footprints... 2025-04-25 12:48:42.675816"
[1] "35 Files Succesfully Downloaded --- 2025-04-25 12:48:43"
[1] "Downloading Footprints for link 36 @ 2025-04-25 12:48:42.67986"
[1] "File Downloaded... unzipping... 2025-04-25 12:48:45.275148"
[1] "Reading in data and making spatial... 2025-04-25 12:48:45.388141"
[1] "Retrieving coordinates... 2025-04-25 12:48:47.349453"
[1] "Retrieving H3 Indexes for Buildings... 2025-04-25 12:48:47.356309"
[1] "Deleting Footprints... 2025-04-25 12:48:48.035521"
[1] "36 Files Succesfully Downloaded --- 2025-04-25 12:48:48"
[1] "Downloading Footprints for link 37 @ 2025-04-25 12:48:48.038649"
[1] "File Downloaded... unzipping... 2025-04-25 12:48:49.428864"
[1] "Reading in data and making spatial... 2025-04-25 12:48:49.654308"
[1] "Retrieving coordinates... 2025-04-25 12:48:55.624758"
[1] "Retrieving H3 Indexes for Buildings... 2025-04-25 12:48:55.649123"
[1] "Deleting Footprints... 2025-04-25 12:48:55.871382"
[1] "37 Files Succesfully Downloaded --- 2025-04-25 12:48:56"
[1] "Downloading Footprints for link 38 @ 2025-04-25 12:48:55.873732"
[1] "File Downloaded... unzipping... 2025-04-25 12:48:56.959376"
[1] "Reading in data and making spatial... 2025-04-25 12:48:57.130671"
[1] "Retrieving coordinates... 2025-04-25 12:48:59.232542"
[1] "Retrieving H3 Indexes for Buildings... 2025-04-25 12:48:59.240343"
[1] "Deleting Footprints... 2025-04-25 12:48:59.778029"
[1] "38 Files Succesfully Downloaded --- 2025-04-25 12:49:00"
[1] "Downloading Footprints for link 39 @ 2025-04-25 12:48:59.78065"
[1] "File Downloaded... unzipping... 2025-04-25 12:49:01.267256"
[1] "Reading in data and making spatial... 2025-04-25 12:49:01.383999"
[1] "Retrieving coordinates... 2025-04-25 12:49:03.361096"
[1] "Retrieving H3 Indexes for Buildings... 2025-04-25 12:49:03.370722"
[1] "Deleting Footprints... 2025-04-25 12:49:04.128784"
[1] "39 Files Succesfully Downloaded --- 2025-04-25 12:49:04"
[1] "Downloading Footprints for link 40 @ 2025-04-25 12:49:04.131019"
[1] "File Downloaded... unzipping... 2025-04-25 12:49:04.963004"
[1] "Reading in data and making spatial... 2025-04-25 12:49:05.017698"
[1] "Retrieving coordinates... 2025-04-25 12:49:05.413644"
[1] "Retrieving H3 Indexes for Buildings... 2025-04-25 12:49:05.416889"
[1] "Deleting Footprints... 2025-04-25 12:49:05.78612"
[1] "40 Files Succesfully Downloaded --- 2025-04-25 12:49:06"
[1] "Downloading Footprints for link 41 @ 2025-04-25 12:49:05.788919"
[1] "File Downloaded... unzipping... 2025-04-25 12:49:06.787532"
[1] "Reading in data and making spatial... 2025-04-25 12:49:06.914125"
[1] "Retrieving coordinates... 2025-04-25 12:49:07.771054"
[1] "Retrieving H3 Indexes for Buildings... 2025-04-25 12:49:07.775065"
[1] "Deleting Footprints... 2025-04-25 12:49:08.102548"
[1] "41 Files Succesfully Downloaded --- 2025-04-25 12:49:08"
[1] "Downloading Footprints for link 42 @ 2025-04-25 12:49:08.10609"
[1] "File Downloaded... unzipping... 2025-04-25 12:49:09.820256"
[1] "Reading in data and making spatial... 2025-04-25 12:49:10.100483"
[1] "Retrieving coordinates... 2025-04-25 12:49:11.004755"
[1] "Retrieving H3 Indexes for Buildings... 2025-04-25 12:49:11.009175"
[1] "Deleting Footprints... 2025-04-25 12:49:11.122131"
[1] "42 Files Succesfully Downloaded --- 2025-04-25 12:49:11"
[1] "Downloading Footprints for link 43 @ 2025-04-25 12:49:11.124352"
[1] "File Downloaded... unzipping... 2025-04-25 12:49:12.331123"
[1] "Reading in data and making spatial... 2025-04-25 12:49:12.627288"
[1] "Retrieving coordinates... 2025-04-25 12:49:15.462181"
[1] "Retrieving H3 Indexes for Buildings... 2025-04-25 12:49:15.473449"
[1] "Deleting Footprints... 2025-04-25 12:49:15.618018"
[1] "43 Files Succesfully Downloaded --- 2025-04-25 12:49:16"
[1] "Downloading Footprints for link 44 @ 2025-04-25 12:49:15.620386"
[1] "File Downloaded... unzipping... 2025-04-25 12:49:17.157288"
[1] "Reading in data and making spatial... 2025-04-25 12:49:17.555824"
[1] "Retrieving coordinates... 2025-04-25 12:49:24.948716"
[1] "Retrieving H3 Indexes for Buildings... 2025-04-25 12:49:24.985853"
[1] "Deleting Footprints... 2025-04-25 12:49:25.855405"
[1] "44 Files Succesfully Downloaded --- 2025-04-25 12:49:26"
[1] "SCRIPT COMPLETE @ 2025-04-25 12:49:28"
