[1] "Starting at: 2025-04-25 12:46:14"
[1] "Loading Links at: 2025-04-25 12:46:25"
[1] "quadkeys to download: 71"
[1] "Downloading and Joining footprints to Hex @ 2025-04-25 12:46:26"
[1] "Downloading Footprints for link 1 @ 2025-04-25 12:46:25.586313"
[1] "File Downloaded... unzipping... 2025-04-25 12:46:29.336693"
[1] "Reading in data and making spatial... 2025-04-25 12:46:29.539829"
[1] "Retrieving coordinates... 2025-04-25 12:46:32.687206"
[1] "Retrieving H3 Indexes for Buildings... 2025-04-25 12:46:32.695732"
[1] "Deleting Footprints... 2025-04-25 12:46:32.744857"
[1] "1 Files Succesfully Downloaded --- 2025-04-25 12:46:33"
[1] "Downloading Footprints for link 2 @ 2025-04-25 12:46:32.747503"
[1] "File Downloaded... unzipping... 2025-04-25 12:46:33.97757"
[1] "Reading in data and making spatial... 2025-04-25 12:46:34.096229"
[1] "Retrieving coordinates... 2025-04-25 12:46:35.620852"
[1] "Retrieving H3 Indexes for Buildings... 2025-04-25 12:46:35.630341"
[1] "Deleting Footprints... 2025-04-25 12:46:35.693206"
[1] "2 Files Succesfully Downloaded --- 2025-04-25 12:46:36"
[1] "Downloading Footprints for link 3 @ 2025-04-25 12:46:35.696564"
[1] "File Downloaded... unzipping... 2025-04-25 12:46:36.580097"
[1] "Reading in data and making spatial... 2025-04-25 12:46:36.635586"
[1] "Retrieving coordinates... 2025-04-25 12:46:37.133651"
[1] "Retrieving H3 Indexes for Buildings... 2025-04-25 12:46:37.137327"
[1] "Deleting Footprints... 2025-04-25 12:46:37.163289"
[1] "3 Files Succesfully Downloaded --- 2025-04-25 12:46:37"
[1] "Downloading Footprints for link 4 @ 2025-04-25 12:46:37.167071"
[1] "File Downloaded... unzipping... 2025-04-25 12:46:38.048506"
[1] "Reading in data and making spatial... 2025-04-25 12:46:38.274325"
[1] "Retrieving coordinates... 2025-04-25 12:46:38.883325"
[1] "Retrieving H3 Indexes for Buildings... 2025-04-25 12:46:38.888053"
[1] "Deleting Footprints... 2025-04-25 12:46:38.921658"
[1] "4 Files Succesfully Downloaded --- 2025-04-25 12:46:39"
[1] "Downloading Footprints for link 5 @ 2025-04-25 12:46:38.92379"
[1] "File Downloaded... unzipping... 2025-04-25 12:46:39.863256"
[1] "Reading in data and making spatial... 2025-04-25 12:46:39.975653"
[1] "Retrieving coordinates... 2025-04-25 12:46:40.619324"
[1] "Retrieving H3 Indexes for Buildings... 2025-04-25 12:46:40.622632"
[1] "Deleting Footprints... 2025-04-25 12:46:40.648156"
[1] "5 Files Succesfully Downloaded --- 2025-04-25 12:46:41"
[1] "Downloading Footprints for link 6 @ 2025-04-25 12:46:40.649391"
[1] "File Downloaded... unzipping... 2025-04-25 12:46:41.579311"
[1] "Reading in data and making spatial... 2025-04-25 12:46:42.15299"
[1] "Retrieving coordinates... 2025-04-25 12:46:42.949788"
[1] "Retrieving H3 Indexes for Buildings... 2025-04-25 12:46:42.955036"
[1] "Deleting Footprints... 2025-04-25 12:46:42.993805"
[1] "6 Files Succesfully Downloaded --- 2025-04-25 12:46:43"
[1] "Downloading Footprints for link 7 @ 2025-04-25 12:46:42.997538"
[1] "File Downloaded... unzipping... 2025-04-25 12:46:43.910638"
[1] "Reading in data and making spatial... 2025-04-25 12:46:43.970006"
[1] "Retrieving coordinates... 2025-04-25 12:46:44.499616"
[1] "Retrieving H3 Indexes for Buildings... 2025-04-25 12:46:44.502856"
[1] "Deleting Footprints... 2025-04-25 12:46:44.531439"
[1] "7 Files Succesfully Downloaded --- 2025-04-25 12:46:45"
[1] "Downloading Footprints for link 8 @ 2025-04-25 12:46:44.535483"
[1] "File Downloaded... unzipping... 2025-04-25 12:46:45.627505"
[1] "Reading in data and making spatial... 2025-04-25 12:46:45.6991"
[1] "Retrieving coordinates... 2025-04-25 12:46:47.972153"
[1] "Retrieving H3 Indexes for Buildings... 2025-04-25 12:46:47.976824"
[1] "Deleting Footprints... 2025-04-25 12:46:48.013217"
[1] "8 Files Succesfully Downloaded --- 2025-04-25 12:46:48"
[1] "Downloading Footprints for link 9 @ 2025-04-25 12:46:48.016521"
[1] "File Downloaded... unzipping... 2025-04-25 12:46:48.93931"
[1] "Reading in data and making spatial... 2025-04-25 12:46:49.08039"
[1] "Retrieving coordinates... 2025-04-25 12:46:49.731189"
[1] "Retrieving H3 Indexes for Buildings... 2025-04-25 12:46:49.735439"
[1] "Deleting Footprints... 2025-04-25 12:46:49.772467"
[1] "9 Files Succesfully Downloaded --- 2025-04-25 12:46:50"
[1] "Downloading Footprints for link 10 @ 2025-04-25 12:46:49.775064"
[1] "File Downloaded... unzipping... 2025-04-25 12:46:50.52794"
[1] "Reading in data and making spatial... 2025-04-25 12:46:50.740933"
[1] "Retrieving coordinates... 2025-04-25 12:46:51.117194"
[1] "Retrieving H3 Indexes for Buildings... 2025-04-25 12:46:51.119931"
[1] "Deleting Footprints... 2025-04-25 12:46:51.150642"
[1] "10 Files Succesfully Downloaded --- 2025-04-25 12:46:51"
[1] "Downloading Footprints for link 11 @ 2025-04-25 12:46:51.153206"
[1] "File Downloaded... unzipping... 2025-04-25 12:46:52.350976"
[1] "Reading in data and making spatial... 2025-04-25 12:46:52.436208"
[1] "Retrieving coordinates... 2025-04-25 12:46:53.136365"
[1] "Retrieving H3 Indexes for Buildings... 2025-04-25 12:46:53.140575"
[1] "Deleting Footprints... 2025-04-25 12:46:53.17615"
[1] "11 Files Succesfully Downloaded --- 2025-04-25 12:46:53"
[1] "Downloading Footprints for link 12 @ 2025-04-25 12:46:53.180094"
[1] "File Downloaded... unzipping... 2025-04-25 12:46:54.018243"
[1] "Reading in data and making spatial... 2025-04-25 12:46:54.401087"
[1] "Retrieving coordinates... 2025-04-25 12:46:54.987428"
[1] "Retrieving H3 Indexes for Buildings... 2025-04-25 12:46:54.991641"
[1] "Deleting Footprints... 2025-04-25 12:46:55.029201"
[1] "12 Files Succesfully Downloaded --- 2025-04-25 12:46:55"
[1] "Downloading Footprints for link 13 @ 2025-04-25 12:46:55.03204"
[1] "File Downloaded... unzipping... 2025-04-25 12:46:55.866228"
[1] "Reading in data and making spatial... 2025-04-25 12:46:55.928942"
[1] "Retrieving coordinates... 2025-04-25 12:46:56.978464"
[1] "Retrieving H3 Indexes for Buildings... 2025-04-25 12:46:56.983414"
[1] "Deleting Footprints... 2025-04-25 12:46:57.025476"
[1] "13 Files Succesfully Downloaded --- 2025-04-25 12:46:57"
[1] "Downloading Footprints for link 14 @ 2025-04-25 12:46:57.027894"
[1] "File Downloaded... unzipping... 2025-04-25 12:46:57.871769"
[1] "Reading in data and making spatial... 2025-04-25 12:46:58.006581"
[1] "Retrieving coordinates... 2025-04-25 12:46:58.8829"
[1] "Retrieving H3 Indexes for Buildings... 2025-04-25 12:46:58.88711"
[1] "Deleting Footprints... 2025-04-25 12:46:58.925819"
[1] "14 Files Succesfully Downloaded --- 2025-04-25 12:46:59"
[1] "Downloading Footprints for link 15 @ 2025-04-25 12:46:58.9294"
[1] "File Downloaded... unzipping... 2025-04-25 12:46:59.908457"
[1] "Reading in data and making spatial... 2025-04-25 12:47:00.311693"
[1] "Retrieving coordinates... 2025-04-25 12:47:01.183423"
[1] "Retrieving H3 Indexes for Buildings... 2025-04-25 12:47:01.188793"
[1] "Deleting Footprints... 2025-04-25 12:47:01.235498"
[1] "15 Files Succesfully Downloaded --- 2025-04-25 12:47:01"
[1] "Downloading Footprints for link 16 @ 2025-04-25 12:47:01.239047"
[1] "File Downloaded... unzipping... 2025-04-25 12:47:02.453934"
[1] "Reading in data and making spatial... 2025-04-25 12:47:03.14879"
[1] "Retrieving coordinates... 2025-04-25 12:47:06.192968"
[1] "Retrieving H3 Indexes for Buildings... 2025-04-25 12:47:06.208886"
[1] "Deleting Footprints... 2025-04-25 12:47:06.318109"
[1] "16 Files Succesfully Downloaded --- 2025-04-25 12:47:06"
[1] "Downloading Footprints for link 17 @ 2025-04-25 12:47:06.321958"
[1] "File Downloaded... unzipping... 2025-04-25 12:47:09.465698"
[1] "Reading in data and making spatial... 2025-04-25 12:47:10.842127"
[1] "Retrieving coordinates... 2025-04-25 12:47:34.028848"
[1] "Retrieving H3 Indexes for Buildings... 2025-04-25 12:47:34.134353"
[1] "Deleting Footprints... 2025-04-25 12:47:34.789143"
[1] "17 Files Succesfully Downloaded --- 2025-04-25 12:47:35"
[1] "Downloading Footprints for link 18 @ 2025-04-25 12:47:34.792348"
[1] "File Downloaded... unzipping... 2025-04-25 12:47:35.958123"
[1] "Reading in data and making spatial... 2025-04-25 12:47:36.144778"
[1] "Retrieving coordinates... 2025-04-25 12:47:39.376104"
[1] "Retrieving H3 Indexes for Buildings... 2025-04-25 12:47:39.389438"
[1] "Deleting Footprints... 2025-04-25 12:47:39.514838"
[1] "18 Files Succesfully Downloaded --- 2025-04-25 12:47:40"
[1] "Downloading Footprints for link 19 @ 2025-04-25 12:47:39.517229"
[1] "File Downloaded... unzipping... 2025-04-25 12:47:42.158818"
[1] "Reading in data and making spatial... 2025-04-25 12:47:42.240303"
[1] "Retrieving coordinates... 2025-04-25 12:47:44.632653"
[1] "Retrieving H3 Indexes for Buildings... 2025-04-25 12:47:44.638974"
[1] "Deleting Footprints... 2025-04-25 12:47:44.723177"
[1] "19 Files Succesfully Downloaded --- 2025-04-25 12:47:45"
[1] "Downloading Footprints for link 20 @ 2025-04-25 12:47:44.725418"
[1] "File Downloaded... unzipping... 2025-04-25 12:47:45.880148"
[1] "Reading in data and making spatial... 2025-04-25 12:47:45.991587"
[1] "Retrieving coordinates... 2025-04-25 12:47:47.745541"
[1] "Retrieving H3 Indexes for Buildings... 2025-04-25 12:47:47.756196"
[1] "Deleting Footprints... 2025-04-25 12:47:47.873808"
[1] "20 Files Succesfully Downloaded --- 2025-04-25 12:47:48"
[1] "Downloading Footprints for link 21 @ 2025-04-25 12:47:47.877856"
[1] "File Downloaded... unzipping... 2025-04-25 12:47:50.068375"
[1] "Reading in data and making spatial... 2025-04-25 12:47:50.279212"
[1] "Retrieving coordinates... 2025-04-25 12:47:53.616544"
[1] "Retrieving H3 Indexes for Buildings... 2025-04-25 12:47:53.636244"
[1] "Deleting Footprints... 2025-04-25 12:47:53.82068"
[1] "21 Files Succesfully Downloaded --- 2025-04-25 12:47:54"
[1] "Downloading Footprints for link 22 @ 2025-04-25 12:47:53.824197"
[1] "File Downloaded... unzipping... 2025-04-25 12:47:55.710227"
[1] "Reading in data and making spatial... 2025-04-25 12:47:56.003598"
[1] "Retrieving coordinates... 2025-04-25 12:47:59.674093"
[1] "Retrieving H3 Indexes for Buildings... 2025-04-25 12:47:59.690709"
[1] "Deleting Footprints... 2025-04-25 12:48:00.59376"
[1] "22 Files Succesfully Downloaded --- 2025-04-25 12:48:01"
[1] "Downloading Footprints for link 23 @ 2025-04-25 12:48:00.600429"
[1] "File Downloaded... unzipping... 2025-04-25 12:48:01.689513"
[1] "Reading in data and making spatial... 2025-04-25 12:48:01.799539"
[1] "Retrieving coordinates... 2025-04-25 12:48:02.625483"
[1] "Retrieving H3 Indexes for Buildings... 2025-04-25 12:48:02.63161"
[1] "Deleting Footprints... 2025-04-25 12:48:02.731086"
[1] "23 Files Succesfully Downloaded --- 2025-04-25 12:48:03"
[1] "Downloading Footprints for link 24 @ 2025-04-25 12:48:02.734728"
[1] "File Downloaded... unzipping... 2025-04-25 12:48:03.840222"
[1] "Reading in data and making spatial... 2025-04-25 12:48:03.9627"
[1] "Retrieving coordinates... 2025-04-25 12:48:06.109294"
[1] "Retrieving H3 Indexes for Buildings... 2025-04-25 12:48:06.120095"
[1] "Deleting Footprints... 2025-04-25 12:48:06.249657"
[1] "24 Files Succesfully Downloaded --- 2025-04-25 12:48:06"
[1] "Downloading Footprints for link 25 @ 2025-04-25 12:48:06.253527"
[1] "File Downloaded... unzipping... 2025-04-25 12:48:07.268669"
[1] "Reading in data and making spatial... 2025-04-25 12:48:07.480288"
[1] "Retrieving coordinates... 2025-04-25 12:48:08.856889"
[1] "Retrieving H3 Indexes for Buildings... 2025-04-25 12:48:08.86421"
[1] "Deleting Footprints... 2025-04-25 12:48:09.515905"
[1] "25 Files Succesfully Downloaded --- 2025-04-25 12:48:10"
[1] "Downloading Footprints for link 26 @ 2025-04-25 12:48:09.520421"
[1] "File Downloaded... unzipping... 2025-04-25 12:48:10.432157"
[1] "Reading in data and making spatial... 2025-04-25 12:48:10.502676"
[1] "Retrieving coordinates... 2025-04-25 12:48:11.178794"
[1] "Retrieving H3 Indexes for Buildings... 2025-04-25 12:48:11.183972"
[1] "Deleting Footprints... 2025-04-25 12:48:11.280079"
[1] "26 Files Succesfully Downloaded --- 2025-04-25 12:48:11"
[1] "Downloading Footprints for link 27 @ 2025-04-25 12:48:11.283247"
[1] "File Downloaded... unzipping... 2025-04-25 12:48:12.36087"
[1] "Reading in data and making spatial... 2025-04-25 12:48:12.473869"
[1] "Retrieving coordinates... 2025-04-25 12:48:13.514818"
[1] "Retrieving H3 Indexes for Buildings... 2025-04-25 12:48:13.520364"
[1] "Deleting Footprints... 2025-04-25 12:48:13.622817"
[1] "27 Files Succesfully Downloaded --- 2025-04-25 12:48:14"
[1] "Downloading Footprints for link 28 @ 2025-04-25 12:48:13.627135"
[1] "File Downloaded... unzipping... 2025-04-25 12:48:14.804765"
[1] "Reading in data and making spatial... 2025-04-25 12:48:15.069483"
[1] "Retrieving coordinates... 2025-04-25 12:48:17.305887"
[1] "Retrieving H3 Indexes for Buildings... 2025-04-25 12:48:17.316914"
[1] "Deleting Footprints... 2025-04-25 12:48:17.449517"
[1] "28 Files Succesfully Downloaded --- 2025-04-25 12:48:17"
[1] "Downloading Footprints for link 29 @ 2025-04-25 12:48:17.451941"
[1] "File Downloaded... unzipping... 2025-04-25 12:48:18.850193"
[1] "Reading in data and making spatial... 2025-04-25 12:48:19.411386"
[1] "Retrieving coordinates... 2025-04-25 12:48:25.564335"
[1] "Retrieving H3 Indexes for Buildings... 2025-04-25 12:48:25.593183"
[1] "Deleting Footprints... 2025-04-25 12:48:25.830019"
[1] "29 Files Succesfully Downloaded --- 2025-04-25 12:48:26"
[1] "Downloading Footprints for link 30 @ 2025-04-25 12:48:25.833249"
[1] "File Downloaded... unzipping... 2025-04-25 12:48:26.755983"
[1] "Reading in data and making spatial... 2025-04-25 12:48:26.848423"
[1] "Retrieving coordinates... 2025-04-25 12:48:28.284557"
[1] "Retrieving H3 Indexes for Buildings... 2025-04-25 12:48:28.289368"
[1] "Deleting Footprints... 2025-04-25 12:48:28.404617"
[1] "30 Files Succesfully Downloaded --- 2025-04-25 12:48:28"
[1] "Downloading Footprints for link 31 @ 2025-04-25 12:48:28.408596"
[1] "File Downloaded... unzipping... 2025-04-25 12:48:29.478362"
[1] "Reading in data and making spatial... 2025-04-25 12:48:29.545658"
[1] "Retrieving coordinates... 2025-04-25 12:48:30.395546"
[1] "Retrieving H3 Indexes for Buildings... 2025-04-25 12:48:30.400547"
[1] "Deleting Footprints... 2025-04-25 12:48:30.517334"
[1] "31 Files Succesfully Downloaded --- 2025-04-25 12:48:31"
[1] "Downloading Footprints for link 32 @ 2025-04-25 12:48:30.5212"
[1] "File Downloaded... unzipping... 2025-04-25 12:48:31.674535"
[1] "Reading in data and making spatial... 2025-04-25 12:48:32.381506"
[1] "Retrieving coordinates... 2025-04-25 12:48:34.121363"
[1] "Retrieving H3 Indexes for Buildings... 2025-04-25 12:48:34.130129"
[1] "Deleting Footprints... 2025-04-25 12:48:34.384815"
[1] "32 Files Succesfully Downloaded --- 2025-04-25 12:48:34"
[1] "Downloading Footprints for link 33 @ 2025-04-25 12:48:34.388273"
[1] "File Downloaded... unzipping... 2025-04-25 12:48:35.536476"
[1] "Reading in data and making spatial... 2025-04-25 12:48:35.62545"
[1] "Retrieving coordinates... 2025-04-25 12:48:37.792637"
[1] "Retrieving H3 Indexes for Buildings... 2025-04-25 12:48:37.800247"
[1] "Deleting Footprints... 2025-04-25 12:48:37.927378"
[1] "33 Files Succesfully Downloaded --- 2025-04-25 12:48:38"
[1] "Downloading Footprints for link 34 @ 2025-04-25 12:48:37.931775"
[1] "File Downloaded... unzipping... 2025-04-25 12:48:39.264317"
[1] "Reading in data and making spatial... 2025-04-25 12:48:39.869356"
[1] "Retrieving coordinates... 2025-04-25 12:48:45.315138"
[1] "Retrieving H3 Indexes for Buildings... 2025-04-25 12:48:45.342508"
[1] "Deleting Footprints... 2025-04-25 12:48:45.564013"
[1] "34 Files Succesfully Downloaded --- 2025-04-25 12:48:46"
[1] "Downloading Footprints for link 35 @ 2025-04-25 12:48:45.566342"
[1] "File Downloaded... unzipping... 2025-04-25 12:48:46.97203"
[1] "Reading in data and making spatial... 2025-04-25 12:48:47.194966"
[1] "Retrieving coordinates... 2025-04-25 12:48:52.478754"
[1] "Retrieving H3 Indexes for Buildings... 2025-04-25 12:48:52.501046"
[1] "Deleting Footprints... 2025-04-25 12:48:52.732062"
[1] "35 Files Succesfully Downloaded --- 2025-04-25 12:48:53"
[1] "Downloading Footprints for link 36 @ 2025-04-25 12:48:52.736379"
[1] "File Downloaded... unzipping... 2025-04-25 12:48:53.927542"
[1] "Reading in data and making spatial... 2025-04-25 12:48:54.471333"
[1] "Retrieving coordinates... 2025-04-25 12:48:56.745406"
[1] "Retrieving H3 Indexes for Buildings... 2025-04-25 12:48:56.75387"
[1] "Deleting Footprints... 2025-04-25 12:48:56.897792"
[1] "36 Files Succesfully Downloaded --- 2025-04-25 12:48:57"
[1] "Downloading Footprints for link 37 @ 2025-04-25 12:48:56.900217"
[1] "File Downloaded... unzipping... 2025-04-25 12:48:57.788119"
[1] "Reading in data and making spatial... 2025-04-25 12:48:57.929285"
[1] "Retrieving coordinates... 2025-04-25 12:48:58.92021"
[1] "Retrieving H3 Indexes for Buildings... 2025-04-25 12:48:58.925703"
[1] "Deleting Footprints... 2025-04-25 12:48:59.062652"
[1] "37 Files Succesfully Downloaded --- 2025-04-25 12:48:59"
[1] "Downloading Footprints for link 38 @ 2025-04-25 12:48:59.065354"
[1] "File Downloaded... unzipping... 2025-04-25 12:49:00.319121"
[1] "Reading in data and making spatial... 2025-04-25 12:49:00.780251"
[1] "Retrieving coordinates... 2025-04-25 12:49:04.016468"
[1] "Retrieving H3 Indexes for Buildings... 2025-04-25 12:49:04.031353"
[1] "Deleting Footprints... 2025-04-25 12:49:04.330114"
[1] "38 Files Succesfully Downloaded --- 2025-04-25 12:49:04"
[1] "Downloading Footprints for link 39 @ 2025-04-25 12:49:04.334938"
[1] "File Downloaded... unzipping... 2025-04-25 12:49:05.582395"
[1] "Reading in data and making spatial... 2025-04-25 12:49:05.727094"
[1] "Retrieving coordinates... 2025-04-25 12:49:09.025197"
[1] "Retrieving H3 Indexes for Buildings... 2025-04-25 12:49:09.039797"
[1] "Deleting Footprints... 2025-04-25 12:49:09.236283"
[1] "39 Files Succesfully Downloaded --- 2025-04-25 12:49:09"
[1] "Downloading Footprints for link 40 @ 2025-04-25 12:49:09.239604"
[1] "File Downloaded... unzipping... 2025-04-25 12:49:10.520035"
[1] "Reading in data and making spatial... 2025-04-25 12:49:10.779604"
[1] "Retrieving coordinates... 2025-04-25 12:49:13.930914"
[1] "Retrieving H3 Indexes for Buildings... 2025-04-25 12:49:13.943582"
[1] "Deleting Footprints... 2025-04-25 12:49:14.407449"
[1] "40 Files Succesfully Downloaded --- 2025-04-25 12:49:14"
[1] "Downloading Footprints for link 41 @ 2025-04-25 12:49:14.410797"
[1] "File Downloaded... unzipping... 2025-04-25 12:49:15.391503"
[1] "Reading in data and making spatial... 2025-04-25 12:49:15.583786"
[1] "Retrieving coordinates... 2025-04-25 12:49:16.925235"
[1] "Retrieving H3 Indexes for Buildings... 2025-04-25 12:49:16.931354"
[1] "Deleting Footprints... 2025-04-25 12:49:17.068994"
[1] "41 Files Succesfully Downloaded --- 2025-04-25 12:49:17"
[1] "Downloading Footprints for link 42 @ 2025-04-25 12:49:17.071949"
[1] "File Downloaded... unzipping... 2025-04-25 12:49:18.059797"
[1] "Reading in data and making spatial... 2025-04-25 12:49:18.164302"
[1] "Retrieving coordinates... 2025-04-25 12:49:19.253157"
[1] "Retrieving H3 Indexes for Buildings... 2025-04-25 12:49:19.257777"
[1] "Deleting Footprints... 2025-04-25 12:49:19.387383"
[1] "42 Files Succesfully Downloaded --- 2025-04-25 12:49:19"
[1] "Downloading Footprints for link 43 @ 2025-04-25 12:49:19.390357"
[1] "File Downloaded... unzipping... 2025-04-25 12:49:20.566087"
[1] "Reading in data and making spatial... 2025-04-25 12:49:21.206619"
[1] "Retrieving coordinates... 2025-04-25 12:49:22.918875"
[1] "Retrieving H3 Indexes for Buildings... 2025-04-25 12:49:22.927624"
[1] "Deleting Footprints... 2025-04-25 12:49:23.218918"
[1] "43 Files Succesfully Downloaded --- 2025-04-25 12:49:23"
[1] "Downloading Footprints for link 44 @ 2025-04-25 12:49:23.222109"
[1] "File Downloaded... unzipping... 2025-04-25 12:49:24.306391"
[1] "Reading in data and making spatial... 2025-04-25 12:49:24.38519"
[1] "Retrieving coordinates... 2025-04-25 12:49:25.986978"
[1] "Retrieving H3 Indexes for Buildings... 2025-04-25 12:49:25.992351"
[1] "Deleting Footprints... 2025-04-25 12:49:26.154282"
[1] "44 Files Succesfully Downloaded --- 2025-04-25 12:49:26"
[1] "Downloading Footprints for link 45 @ 2025-04-25 12:49:26.158073"
[1] "File Downloaded... unzipping... 2025-04-25 12:49:27.311211"
[1] "Reading in data and making spatial... 2025-04-25 12:49:27.428689"
[1] "Retrieving coordinates... 2025-04-25 12:49:28.538396"
[1] "Retrieving H3 Indexes for Buildings... 2025-04-25 12:49:28.545398"
[1] "Deleting Footprints... 2025-04-25 12:49:28.708052"
[1] "45 Files Succesfully Downloaded --- 2025-04-25 12:49:29"
[1] "Downloading Footprints for link 46 @ 2025-04-25 12:49:28.712396"
[1] "File Downloaded... unzipping... 2025-04-25 12:49:29.769245"
[1] "Reading in data and making spatial... 2025-04-25 12:49:29.983085"
[1] "Retrieving coordinates... 2025-04-25 12:49:31.6278"
[1] "Retrieving H3 Indexes for Buildings... 2025-04-25 12:49:31.635903"
[1] "Deleting Footprints... 2025-04-25 12:49:31.791265"
[1] "46 Files Succesfully Downloaded --- 2025-04-25 12:49:32"
[1] "Downloading Footprints for link 47 @ 2025-04-25 12:49:31.796056"
[1] "File Downloaded... unzipping... 2025-04-25 12:49:33.035783"
[1] "Reading in data and making spatial... 2025-04-25 12:49:33.128821"
[1] "Retrieving coordinates... 2025-04-25 12:49:34.519229"
[1] "Retrieving H3 Indexes for Buildings... 2025-04-25 12:49:34.526509"
[1] "Deleting Footprints... 2025-04-25 12:49:34.826166"
[1] "47 Files Succesfully Downloaded --- 2025-04-25 12:49:35"
[1] "Downloading Footprints for link 48 @ 2025-04-25 12:49:34.828899"
[1] "File Downloaded... unzipping... 2025-04-25 12:49:35.809936"
[1] "Reading in data and making spatial... 2025-04-25 12:49:36.13368"
[1] "Retrieving coordinates... 2025-04-25 12:49:37.010565"
[1] "Retrieving H3 Indexes for Buildings... 2025-04-25 12:49:37.014974"
[1] "Deleting Footprints... 2025-04-25 12:49:37.290886"
[1] "48 Files Succesfully Downloaded --- 2025-04-25 12:49:37"
[1] "Downloading Footprints for link 49 @ 2025-04-25 12:49:37.294409"
[1] "File Downloaded... unzipping... 2025-04-25 12:49:38.282257"
[1] "Reading in data and making spatial... 2025-04-25 12:49:38.57099"
[1] "Retrieving coordinates... 2025-04-25 12:49:39.748059"
[1] "Retrieving H3 Indexes for Buildings... 2025-04-25 12:49:39.753917"
[1] "Deleting Footprints... 2025-04-25 12:49:40.277905"
[1] "49 Files Succesfully Downloaded --- 2025-04-25 12:49:40"
[1] "Downloading Footprints for link 50 @ 2025-04-25 12:49:40.281862"
[1] "File Downloaded... unzipping... 2025-04-25 12:49:41.359424"
[1] "Reading in data and making spatial... 2025-04-25 12:49:41.433776"
[1] "Retrieving coordinates... 2025-04-25 12:49:42.440737"
[1] "Retrieving H3 Indexes for Buildings... 2025-04-25 12:49:42.446911"
[1] "Deleting Footprints... 2025-04-25 12:49:42.740373"
[1] "50 Files Succesfully Downloaded --- 2025-04-25 12:49:43"
[1] "Downloading Footprints for link 51 @ 2025-04-25 12:49:42.742298"
[1] "File Downloaded... unzipping... 2025-04-25 12:49:43.895963"
[1] "Reading in data and making spatial... 2025-04-25 12:49:44.02974"
[1] "Retrieving coordinates... 2025-04-25 12:49:46.823119"
[1] "Retrieving H3 Indexes for Buildings... 2025-04-25 12:49:46.836958"
[1] "Deleting Footprints... 2025-04-25 12:49:47.780936"
[1] "51 Files Succesfully Downloaded --- 2025-04-25 12:49:48"
[1] "Downloading Footprints for link 52 @ 2025-04-25 12:49:47.784314"
[1] "File Downloaded... unzipping... 2025-04-25 12:49:48.845766"
[1] "Reading in data and making spatial... 2025-04-25 12:49:48.931652"
[1] "Retrieving coordinates... 2025-04-25 12:49:50.071959"
[1] "Retrieving H3 Indexes for Buildings... 2025-04-25 12:49:50.079137"
[1] "Deleting Footprints... 2025-04-25 12:49:50.37463"
[1] "52 Files Succesfully Downloaded --- 2025-04-25 12:49:50"
[1] "Downloading Footprints for link 53 @ 2025-04-25 12:49:50.380303"
[1] "File Downloaded... unzipping... 2025-04-25 12:49:52.829628"
[1] "Reading in data and making spatial... 2025-04-25 12:49:53.373036"
[1] "Retrieving coordinates... 2025-04-25 12:49:57.852082"
[1] "Retrieving H3 Indexes for Buildings... 2025-04-25 12:49:57.88065"
[1] "Deleting Footprints... 2025-04-25 12:49:58.492985"
[1] "53 Files Succesfully Downloaded --- 2025-04-25 12:49:58"
[1] "Downloading Footprints for link 54 @ 2025-04-25 12:49:58.498304"
[1] "File Downloaded... unzipping... 2025-04-25 12:49:59.576831"
[1] "Reading in data and making spatial... 2025-04-25 12:49:59.929898"
[1] "Retrieving coordinates... 2025-04-25 12:50:01.646247"
[1] "Retrieving H3 Indexes for Buildings... 2025-04-25 12:50:01.654918"
[1] "Deleting Footprints... 2025-04-25 12:50:02.235477"
[1] "54 Files Succesfully Downloaded --- 2025-04-25 12:50:02"
[1] "Downloading Footprints for link 55 @ 2025-04-25 12:50:02.238175"
[1] "File Downloaded... unzipping... 2025-04-25 12:50:03.139006"
[1] "Reading in data and making spatial... 2025-04-25 12:50:03.215083"
[1] "Retrieving coordinates... 2025-04-25 12:50:03.661186"
[1] "Retrieving H3 Indexes for Buildings... 2025-04-25 12:50:03.664894"
[1] "Deleting Footprints... 2025-04-25 12:50:04.122305"
[1] "55 Files Succesfully Downloaded --- 2025-04-25 12:50:04"
[1] "Downloading Footprints for link 56 @ 2025-04-25 12:50:04.12448"
[1] "File Downloaded... unzipping... 2025-04-25 12:50:04.944782"
[1] "Reading in data and making spatial... 2025-04-25 12:50:04.983002"
[1] "Retrieving coordinates... 2025-04-25 12:50:05.46348"
[1] "Retrieving H3 Indexes for Buildings... 2025-04-25 12:50:05.465515"
[1] "Deleting Footprints... 2025-04-25 12:50:05.60239"
[1] "56 Files Succesfully Downloaded --- 2025-04-25 12:50:06"
[1] "Downloading Footprints for link 57 @ 2025-04-25 12:50:05.606235"
[1] "File Downloaded... unzipping... 2025-04-25 12:50:06.616516"
[1] "Reading in data and making spatial... 2025-04-25 12:50:06.802436"
[1] "Retrieving coordinates... 2025-04-25 12:50:07.626762"
[1] "Retrieving H3 Indexes for Buildings... 2025-04-25 12:50:07.631805"
[1] "Deleting Footprints... 2025-04-25 12:50:07.911139"
[1] "57 Files Succesfully Downloaded --- 2025-04-25 12:50:08"
[1] "Downloading Footprints for link 58 @ 2025-04-25 12:50:07.915588"
[1] "File Downloaded... unzipping... 2025-04-25 12:50:09.265887"
[1] "Reading in data and making spatial... 2025-04-25 12:50:09.682788"
[1] "Retrieving coordinates... 2025-04-25 12:50:12.902694"
[1] "Retrieving H3 Indexes for Buildings... 2025-04-25 12:50:12.920017"
[1] "Deleting Footprints... 2025-04-25 12:50:13.724047"
[1] "58 Files Succesfully Downloaded --- 2025-04-25 12:50:14"
[1] "Downloading Footprints for link 59 @ 2025-04-25 12:50:13.727472"
[1] "File Downloaded... unzipping... 2025-04-25 12:50:15.02167"
[1] "Reading in data and making spatial... 2025-04-25 12:50:15.190635"
[1] "Retrieving coordinates... 2025-04-25 12:50:18.918395"
[1] "Retrieving H3 Indexes for Buildings... 2025-04-25 12:50:18.935711"
[1] "Deleting Footprints... 2025-04-25 12:50:19.409014"
[1] "59 Files Succesfully Downloaded --- 2025-04-25 12:50:19"
[1] "Downloading Footprints for link 60 @ 2025-04-25 12:50:19.411925"
[1] "File Downloaded... unzipping... 2025-04-25 12:50:23.481963"
[1] "Reading in data and making spatial... 2025-04-25 12:50:24.640866"
[1] "Retrieving coordinates... 2025-04-25 12:50:50.284986"
[1] "Retrieving H3 Indexes for Buildings... 2025-04-25 12:50:50.417484"
[1] "Deleting Footprints... 2025-04-25 12:50:52.788799"
[1] "60 Files Succesfully Downloaded --- 2025-04-25 12:50:53"
[1] "Downloading Footprints for link 61 @ 2025-04-25 12:50:52.792382"
[1] "File Downloaded... unzipping... 2025-04-25 12:50:54.007999"
[1] "Reading in data and making spatial... 2025-04-25 12:50:54.137651"
[1] "Retrieving coordinates... 2025-04-25 12:50:54.838306"
[1] "Retrieving H3 Indexes for Buildings... 2025-04-25 12:50:54.843906"
[1] "Deleting Footprints... 2025-04-25 12:50:55.362933"
[1] "61 Files Succesfully Downloaded --- 2025-04-25 12:50:55"
[1] "Downloading Footprints for link 62 @ 2025-04-25 12:50:55.364856"
[1] "File Downloaded... unzipping... 2025-04-25 12:50:56.418615"
[1] "Reading in data and making spatial... 2025-04-25 12:50:56.950019"
[1] "Retrieving coordinates... 2025-04-25 12:50:58.450362"
[1] "Retrieving H3 Indexes for Buildings... 2025-04-25 12:50:58.458257"
[1] "Deleting Footprints... 2025-04-25 12:50:58.671585"
[1] "62 Files Succesfully Downloaded --- 2025-04-25 12:50:59"
[1] "Downloading Footprints for link 63 @ 2025-04-25 12:50:58.675392"
[1] "File Downloaded... unzipping... 2025-04-25 12:50:59.692214"
[1] "Reading in data and making spatial... 2025-04-25 12:50:59.990019"
[1] "Retrieving coordinates... 2025-04-25 12:51:00.874637"
[1] "Retrieving H3 Indexes for Buildings... 2025-04-25 12:51:00.880429"
[1] "Deleting Footprints... 2025-04-25 12:51:01.244361"
[1] "63 Files Succesfully Downloaded --- 2025-04-25 12:51:01"
[1] "Downloading Footprints for link 64 @ 2025-04-25 12:51:01.247536"
[1] "File Downloaded... unzipping... 2025-04-25 12:51:02.344543"
[1] "Reading in data and making spatial... 2025-04-25 12:51:02.513428"
[1] "Retrieving coordinates... 2025-04-25 12:51:03.972534"
[1] "Retrieving H3 Indexes for Buildings... 2025-04-25 12:51:03.979419"
[1] "Deleting Footprints... 2025-04-25 12:51:04.430762"
[1] "64 Files Succesfully Downloaded --- 2025-04-25 12:51:04"
[1] "Downloading Footprints for link 65 @ 2025-04-25 12:51:04.431652"
[1] "File Downloaded... unzipping... 2025-04-25 12:51:05.567476"
[1] "Reading in data and making spatial... 2025-04-25 12:51:06.506469"
[1] "Retrieving coordinates... 2025-04-25 12:51:08.511524"
[1] "Retrieving H3 Indexes for Buildings... 2025-04-25 12:51:08.523643"
[1] "Deleting Footprints... 2025-04-25 12:51:09.686926"
[1] "65 Files Succesfully Downloaded --- 2025-04-25 12:51:10"
[1] "Downloading Footprints for link 66 @ 2025-04-25 12:51:09.689228"
[1] "File Downloaded... unzipping... 2025-04-25 12:51:10.709501"
[1] "Reading in data and making spatial... 2025-04-25 12:51:11.571383"
[1] "Retrieving coordinates... 2025-04-25 12:51:13.046601"
[1] "Retrieving H3 Indexes for Buildings... 2025-04-25 12:51:13.05677"
[1] "Deleting Footprints... 2025-04-25 12:51:14.009217"
[1] "66 Files Succesfully Downloaded --- 2025-04-25 12:51:14"
[1] "Downloading Footprints for link 67 @ 2025-04-25 12:51:14.011477"
[1] "File Downloaded... unzipping... 2025-04-25 12:51:15.129727"
[1] "Reading in data and making spatial... 2025-04-25 12:51:15.9997"
[1] "Retrieving coordinates... 2025-04-25 12:51:17.127383"
[1] "Retrieving H3 Indexes for Buildings... 2025-04-25 12:51:17.136111"
[1] "Deleting Footprints... 2025-04-25 12:51:17.51609"
[1] "67 Files Succesfully Downloaded --- 2025-04-25 12:51:18"
[1] "Downloading Footprints for link 68 @ 2025-04-25 12:51:17.518957"
[1] "File Downloaded... unzipping... 2025-04-25 12:51:18.631876"
[1] "Reading in data and making spatial... 2025-04-25 12:51:19.103765"
[1] "Retrieving coordinates... 2025-04-25 12:51:19.994397"
[1] "Retrieving H3 Indexes for Buildings... 2025-04-25 12:51:20.001053"
[1] "Deleting Footprints... 2025-04-25 12:51:20.215911"
[1] "68 Files Succesfully Downloaded --- 2025-04-25 12:51:20"
[1] "Downloading Footprints for link 69 @ 2025-04-25 12:51:20.218602"
[1] "File Downloaded... unzipping... 2025-04-25 12:51:21.546769"
[1] "Reading in data and making spatial... 2025-04-25 12:51:21.676206"
[1] "Retrieving coordinates... 2025-04-25 12:51:23.710676"
[1] "Retrieving H3 Indexes for Buildings... 2025-04-25 12:51:23.722391"
[1] "Deleting Footprints... 2025-04-25 12:51:24.134188"
[1] "69 Files Succesfully Downloaded --- 2025-04-25 12:51:24"
[1] "Downloading Footprints for link 70 @ 2025-04-25 12:51:24.138999"
[1] "File Downloaded... unzipping... 2025-04-25 12:51:25.088237"
[1] "Reading in data and making spatial... 2025-04-25 12:51:25.257092"
[1] "Retrieving coordinates... 2025-04-25 12:51:25.78309"
[1] "Retrieving H3 Indexes for Buildings... 2025-04-25 12:51:25.786671"
[1] "Deleting Footprints... 2025-04-25 12:51:26.461382"
[1] "70 Files Succesfully Downloaded --- 2025-04-25 12:51:26"
[1] "Downloading Footprints for link 71 @ 2025-04-25 12:51:26.464066"
[1] "File Downloaded... unzipping... 2025-04-25 12:51:27.428715"
[1] "Reading in data and making spatial... 2025-04-25 12:51:27.700265"
[1] "Retrieving coordinates... 2025-04-25 12:51:28.320354"
[1] "Retrieving H3 Indexes for Buildings... 2025-04-25 12:51:28.325644"
[1] "Deleting Footprints... 2025-04-25 12:51:28.67754"
[1] "71 Files Succesfully Downloaded --- 2025-04-25 12:51:29"
[1] "SCRIPT COMPLETE @ 2025-04-25 12:51:31"
