[1] "Starting at: 2025-04-25 12:46:27"
[1] "Loading Links at: 2025-04-25 12:46:38"
[1] "quadkeys to download: 159"
[1] "Downloading and Joining footprints to Hex @ 2025-04-25 12:46:38"
[1] "Downloading Footprints for link 1 @ 2025-04-25 12:46:37.651645"
[1] "File Downloaded... unzipping... 2025-04-25 12:46:38.581492"
[1] "Reading in data and making spatial... 2025-04-25 12:46:38.911486"
[1] "Retrieving coordinates... 2025-04-25 12:46:39.3602"
[1] "Retrieving H3 Indexes for Buildings... 2025-04-25 12:46:40.456281"
[1] "Deleting Footprints... 2025-04-25 12:46:40.471423"
[1] "1 Files Succesfully Downloaded --- 2025-04-25 12:46:40"
[1] "Downloading Footprints for link 2 @ 2025-04-25 12:46:40.473379"
[1] "File Downloaded... unzipping... 2025-04-25 12:46:41.545617"
[1] "Reading in data and making spatial... 2025-04-25 12:46:41.61628"
[1] "Retrieving coordinates... 2025-04-25 12:46:42.417888"
[1] "Retrieving H3 Indexes for Buildings... 2025-04-25 12:46:42.424525"
[1] "Deleting Footprints... 2025-04-25 12:46:42.456426"
[1] "2 Files Succesfully Downloaded --- 2025-04-25 12:46:42"
[1] "Downloading Footprints for link 3 @ 2025-04-25 12:46:42.458495"
[1] "File Downloaded... unzipping... 2025-04-25 12:46:43.140627"
[1] "Reading in data and making spatial... 2025-04-25 12:46:43.177183"
[1] "Retrieving coordinates... 2025-04-25 12:46:43.301341"
[1] "Retrieving H3 Indexes for Buildings... 2025-04-25 12:46:43.302502"
[1] "Deleting Footprints... 2025-04-25 12:46:43.309767"
[1] "3 Files Succesfully Downloaded --- 2025-04-25 12:46:43"
[1] "Downloading Footprints for link 4 @ 2025-04-25 12:46:43.31152"
[1] "File Downloaded... unzipping... 2025-04-25 12:46:44.249061"
[1] "Reading in data and making spatial... 2025-04-25 12:46:44.30103"
[1] "Retrieving coordinates... 2025-04-25 12:46:44.660912"
[1] "Retrieving H3 Indexes for Buildings... 2025-04-25 12:46:44.663647"
[1] "Deleting Footprints... 2025-04-25 12:46:44.6803"
[1] "4 Files Succesfully Downloaded --- 2025-04-25 12:46:45"
[1] "Downloading Footprints for link 5 @ 2025-04-25 12:46:44.68343"
[1] "File Downloaded... unzipping... 2025-04-25 12:46:45.41619"
[1] "Reading in data and making spatial... 2025-04-25 12:46:45.451166"
[1] "Retrieving coordinates... 2025-04-25 12:46:45.633138"
[1] "Retrieving H3 Indexes for Buildings... 2025-04-25 12:46:45.634725"
[1] "Deleting Footprints... 2025-04-25 12:46:45.645542"
[1] "5 Files Succesfully Downloaded --- 2025-04-25 12:46:46"
[1] "Downloading Footprints for link 6 @ 2025-04-25 12:46:45.64719"
[1] "File Downloaded... unzipping... 2025-04-25 12:46:46.547124"
[1] "Reading in data and making spatial... 2025-04-25 12:46:46.600459"
[1] "Retrieving coordinates... 2025-04-25 12:46:46.951153"
[1] "Retrieving H3 Indexes for Buildings... 2025-04-25 12:46:46.953853"
[1] "Deleting Footprints... 2025-04-25 12:46:46.971842"
[1] "6 Files Succesfully Downloaded --- 2025-04-25 12:46:47"
[1] "Downloading Footprints for link 7 @ 2025-04-25 12:46:46.973663"
[1] "File Downloaded... unzipping... 2025-04-25 12:46:47.641454"
[1] "Reading in data and making spatial... 2025-04-25 12:46:47.675469"
[1] "Retrieving coordinates... 2025-04-25 12:46:47.849128"
[1] "Retrieving H3 Indexes for Buildings... 2025-04-25 12:46:47.850687"
[1] "Deleting Footprints... 2025-04-25 12:46:47.862572"
[1] "7 Files Succesfully Downloaded --- 2025-04-25 12:46:48"
[1] "Downloading Footprints for link 8 @ 2025-04-25 12:46:47.865736"
[1] "File Downloaded... unzipping... 2025-04-25 12:46:48.217627"
[1] "Reading in data and making spatial... 2025-04-25 12:46:48.242457"
[1] "Retrieving coordinates... 2025-04-25 12:46:48.264328"
[1] "Retrieving H3 Indexes for Buildings... 2025-04-25 12:46:48.264822"
[1] "Deleting Footprints... 2025-04-25 12:46:48.271586"
[1] "8 Files Succesfully Downloaded --- 2025-04-25 12:46:48"
[1] "Downloading Footprints for link 9 @ 2025-04-25 12:46:48.272941"
[1] "File Downloaded... unzipping... 2025-04-25 12:46:48.833103"
[1] "Reading in data and making spatial... 2025-04-25 12:46:48.863206"
[1] "Retrieving coordinates... 2025-04-25 12:46:48.955055"
[1] "Retrieving H3 Indexes for Buildings... 2025-04-25 12:46:48.956065"
[1] "Deleting Footprints... 2025-04-25 12:46:48.965384"
[1] "9 Files Succesfully Downloaded --- 2025-04-25 12:46:49"
[1] "Downloading Footprints for link 10 @ 2025-04-25 12:46:48.967589"
[1] "File Downloaded... unzipping... 2025-04-25 12:46:49.496782"
[1] "Reading in data and making spatial... 2025-04-25 12:46:49.525314"
[1] "Retrieving coordinates... 2025-04-25 12:46:49.600313"
[1] "Retrieving H3 Indexes for Buildings... 2025-04-25 12:46:49.601113"
[1] "Deleting Footprints... 2025-04-25 12:46:49.609864"
[1] "10 Files Succesfully Downloaded --- 2025-04-25 12:46:50"
[1] "Downloading Footprints for link 11 @ 2025-04-25 12:46:49.612622"
[1] "File Downloaded... unzipping... 2025-04-25 12:46:50.233843"
[1] "Reading in data and making spatial... 2025-04-25 12:46:50.26794"
[1] "Retrieving coordinates... 2025-04-25 12:46:50.390295"
[1] "Retrieving H3 Indexes for Buildings... 2025-04-25 12:46:50.391449"
[1] "Deleting Footprints... 2025-04-25 12:46:50.402024"
[1] "11 Files Succesfully Downloaded --- 2025-04-25 12:46:50"
[1] "Downloading Footprints for link 12 @ 2025-04-25 12:46:50.404837"
[1] "File Downloaded... unzipping... 2025-04-25 12:46:51.362179"
[1] "Reading in data and making spatial... 2025-04-25 12:46:51.470013"
[1] "Retrieving coordinates... 2025-04-25 12:46:52.459909"
[1] "Retrieving H3 Indexes for Buildings... 2025-04-25 12:46:52.465056"
[1] "Deleting Footprints... 2025-04-25 12:46:52.496821"
[1] "12 Files Succesfully Downloaded --- 2025-04-25 12:46:52"
[1] "Downloading Footprints for link 13 @ 2025-04-25 12:46:52.499593"
[1] "File Downloaded... unzipping... 2025-04-25 12:46:53.942882"
[1] "Reading in data and making spatial... 2025-04-25 12:46:54.065836"
[1] "Retrieving coordinates... 2025-04-25 12:46:55.756715"
[1] "Retrieving H3 Indexes for Buildings... 2025-04-25 12:46:55.766432"
[1] "Deleting Footprints... 2025-04-25 12:46:55.821216"
[1] "13 Files Succesfully Downloaded --- 2025-04-25 12:46:56"
[1] "Downloading Footprints for link 14 @ 2025-04-25 12:46:55.824314"
[1] "File Downloaded... unzipping... 2025-04-25 12:46:56.321548"
[1] "Reading in data and making spatial... 2025-04-25 12:46:56.35096"
[1] "Retrieving coordinates... 2025-04-25 12:46:56.416079"
[1] "Retrieving H3 Indexes for Buildings... 2025-04-25 12:46:56.416822"
[1] "Deleting Footprints... 2025-04-25 12:46:56.426398"
[1] "14 Files Succesfully Downloaded --- 2025-04-25 12:46:56"
[1] "Downloading Footprints for link 15 @ 2025-04-25 12:46:56.429129"
[1] "File Downloaded... unzipping... 2025-04-25 12:46:57.141253"
[1] "Reading in data and making spatial... 2025-04-25 12:46:57.174364"
[1] "Retrieving coordinates... 2025-04-25 12:46:57.330716"
[1] "Retrieving H3 Indexes for Buildings... 2025-04-25 12:46:57.331987"
[1] "Deleting Footprints... 2025-04-25 12:46:57.345059"
[1] "15 Files Succesfully Downloaded --- 2025-04-25 12:46:57"
[1] "Downloading Footprints for link 16 @ 2025-04-25 12:46:57.346771"
[1] "File Downloaded... unzipping... 2025-04-25 12:46:57.627174"
[1] "Reading in data and making spatial... 2025-04-25 12:46:57.64874"
[1] "Retrieving coordinates... 2025-04-25 12:46:57.666507"
[1] "Retrieving H3 Indexes for Buildings... 2025-04-25 12:46:57.66687"
[1] "Deleting Footprints... 2025-04-25 12:46:57.675235"
[1] "16 Files Succesfully Downloaded --- 2025-04-25 12:46:58"
[1] "Downloading Footprints for link 17 @ 2025-04-25 12:46:57.676798"
[1] "File Downloaded... unzipping... 2025-04-25 12:46:58.094334"
[1] "Reading in data and making spatial... 2025-04-25 12:46:58.116835"
[1] "Retrieving coordinates... 2025-04-25 12:46:58.157867"
[1] "Retrieving H3 Indexes for Buildings... 2025-04-25 12:46:58.158406"
[1] "Deleting Footprints... 2025-04-25 12:46:58.168359"
[1] "17 Files Succesfully Downloaded --- 2025-04-25 12:46:58"
[1] "Downloading Footprints for link 18 @ 2025-04-25 12:46:58.170858"
[1] "File Downloaded... unzipping... 2025-04-25 12:46:58.537145"
[1] "Reading in data and making spatial... 2025-04-25 12:46:58.562542"
[1] "Retrieving coordinates... 2025-04-25 12:46:58.715942"
[1] "Retrieving H3 Indexes for Buildings... 2025-04-25 12:46:58.716455"
[1] "Deleting Footprints... 2025-04-25 12:46:58.724708"
[1] "18 Files Succesfully Downloaded --- 2025-04-25 12:46:59"
[1] "Downloading Footprints for link 19 @ 2025-04-25 12:46:58.726085"
[1] "File Downloaded... unzipping... 2025-04-25 12:46:59.234398"
[1] "Reading in data and making spatial... 2025-04-25 12:46:59.263448"
[1] "Retrieving coordinates... 2025-04-25 12:46:59.381668"
[1] "Retrieving H3 Indexes for Buildings... 2025-04-25 12:46:59.382766"
[1] "Deleting Footprints... 2025-04-25 12:46:59.394336"
[1] "19 Files Succesfully Downloaded --- 2025-04-25 12:46:59"
[1] "Downloading Footprints for link 20 @ 2025-04-25 12:46:59.395862"
[1] "File Downloaded... unzipping... 2025-04-25 12:46:59.736985"
[1] "Reading in data and making spatial... 2025-04-25 12:46:59.759629"
[1] "Retrieving coordinates... 2025-04-25 12:46:59.783565"
[1] "Retrieving H3 Indexes for Buildings... 2025-04-25 12:46:59.783962"
[1] "Deleting Footprints... 2025-04-25 12:46:59.791943"
[1] "20 Files Succesfully Downloaded --- 2025-04-25 12:47:00"
[1] "Downloading Footprints for link 21 @ 2025-04-25 12:46:59.79358"
[1] "File Downloaded... unzipping... 2025-04-25 12:47:00.426174"
[1] "Reading in data and making spatial... 2025-04-25 12:47:00.455967"
[1] "Retrieving coordinates... 2025-04-25 12:47:00.562964"
[1] "Retrieving H3 Indexes for Buildings... 2025-04-25 12:47:00.563935"
[1] "Deleting Footprints... 2025-04-25 12:47:00.574953"
[1] "21 Files Succesfully Downloaded --- 2025-04-25 12:47:01"
[1] "Downloading Footprints for link 22 @ 2025-04-25 12:47:00.578707"
[1] "File Downloaded... unzipping... 2025-04-25 12:47:01.21919"
[1] "Reading in data and making spatial... 2025-04-25 12:47:01.249517"
[1] "Retrieving coordinates... 2025-04-25 12:47:01.341698"
[1] "Retrieving H3 Indexes for Buildings... 2025-04-25 12:47:01.342588"
[1] "Deleting Footprints... 2025-04-25 12:47:01.353603"
[1] "22 Files Succesfully Downloaded --- 2025-04-25 12:47:01"
[1] "Downloading Footprints for link 23 @ 2025-04-25 12:47:01.355418"
[1] "File Downloaded... unzipping... 2025-04-25 12:47:02.110403"
[1] "Reading in data and making spatial... 2025-04-25 12:47:02.150958"
[1] "Retrieving coordinates... 2025-04-25 12:47:02.354924"
[1] "Retrieving H3 Indexes for Buildings... 2025-04-25 12:47:02.356464"
[1] "Deleting Footprints... 2025-04-25 12:47:02.372775"
[1] "23 Files Succesfully Downloaded --- 2025-04-25 12:47:02"
[1] "Downloading Footprints for link 24 @ 2025-04-25 12:47:02.374503"
[1] "File Downloaded... unzipping... 2025-04-25 12:47:03.146569"
[1] "Reading in data and making spatial... 2025-04-25 12:47:03.210164"
[1] "Retrieving coordinates... 2025-04-25 12:47:03.497035"
[1] "Retrieving H3 Indexes for Buildings... 2025-04-25 12:47:03.499135"
[1] "Deleting Footprints... 2025-04-25 12:47:03.519107"
[1] "24 Files Succesfully Downloaded --- 2025-04-25 12:47:04"
[1] "Downloading Footprints for link 25 @ 2025-04-25 12:47:03.521294"
[1] "File Downloaded... unzipping... 2025-04-25 12:47:04.48683"
[1] "Reading in data and making spatial... 2025-04-25 12:47:04.545703"
[1] "Retrieving coordinates... 2025-04-25 12:47:05.154687"
[1] "Retrieving H3 Indexes for Buildings... 2025-04-25 12:47:05.157994"
[1] "Deleting Footprints... 2025-04-25 12:47:05.184195"
[1] "25 Files Succesfully Downloaded --- 2025-04-25 12:47:05"
[1] "Downloading Footprints for link 26 @ 2025-04-25 12:47:05.186509"
[1] "File Downloaded... unzipping... 2025-04-25 12:47:05.682215"
[1] "Reading in data and making spatial... 2025-04-25 12:47:05.707034"
[1] "Retrieving coordinates... 2025-04-25 12:47:05.75247"
[1] "Retrieving H3 Indexes for Buildings... 2025-04-25 12:47:05.753038"
[1] "Deleting Footprints... 2025-04-25 12:47:05.764056"
[1] "26 Files Succesfully Downloaded --- 2025-04-25 12:47:06"
[1] "Downloading Footprints for link 27 @ 2025-04-25 12:47:05.765758"
[1] "File Downloaded... unzipping... 2025-04-25 12:47:06.880191"
[1] "Reading in data and making spatial... 2025-04-25 12:47:07.268027"
[1] "Retrieving coordinates... 2025-04-25 12:47:09.354627"
[1] "Retrieving H3 Indexes for Buildings... 2025-04-25 12:47:09.366429"
[1] "Deleting Footprints... 2025-04-25 12:47:09.444501"
[1] "27 Files Succesfully Downloaded --- 2025-04-25 12:47:09"
[1] "Downloading Footprints for link 28 @ 2025-04-25 12:47:09.447209"
[1] "File Downloaded... unzipping... 2025-04-25 12:47:09.933961"
[1] "Reading in data and making spatial... 2025-04-25 12:47:09.961"
[1] "Retrieving coordinates... 2025-04-25 12:47:10.051352"
[1] "Retrieving H3 Indexes for Buildings... 2025-04-25 12:47:10.052311"
[1] "Deleting Footprints... 2025-04-25 12:47:10.067906"
[1] "28 Files Succesfully Downloaded --- 2025-04-25 12:47:10"
[1] "Downloading Footprints for link 29 @ 2025-04-25 12:47:10.07028"
[1] "File Downloaded... unzipping... 2025-04-25 12:47:10.619513"
[1] "Reading in data and making spatial... 2025-04-25 12:47:10.651398"
[1] "Retrieving coordinates... 2025-04-25 12:47:10.789448"
[1] "Retrieving H3 Indexes for Buildings... 2025-04-25 12:47:10.790732"
[1] "Deleting Footprints... 2025-04-25 12:47:10.927352"
[1] "29 Files Succesfully Downloaded --- 2025-04-25 12:47:11"
[1] "Downloading Footprints for link 30 @ 2025-04-25 12:47:10.92907"
[1] "File Downloaded... unzipping... 2025-04-25 12:47:11.457758"
[1] "Reading in data and making spatial... 2025-04-25 12:47:11.486205"
[1] "Retrieving coordinates... 2025-04-25 12:47:11.580923"
[1] "Retrieving H3 Indexes for Buildings... 2025-04-25 12:47:11.581702"
[1] "Deleting Footprints... 2025-04-25 12:47:11.599032"
[1] "30 Files Succesfully Downloaded --- 2025-04-25 12:47:12"
[1] "Downloading Footprints for link 31 @ 2025-04-25 12:47:11.599792"
[1] "File Downloaded... unzipping... 2025-04-25 12:47:12.266886"
[1] "Reading in data and making spatial... 2025-04-25 12:47:12.297851"
[1] "Retrieving coordinates... 2025-04-25 12:47:12.4178"
[1] "Retrieving H3 Indexes for Buildings... 2025-04-25 12:47:12.418839"
[1] "Deleting Footprints... 2025-04-25 12:47:12.436307"
[1] "31 Files Succesfully Downloaded --- 2025-04-25 12:47:12"
[1] "Downloading Footprints for link 32 @ 2025-04-25 12:47:12.438071"
[1] "File Downloaded... unzipping... 2025-04-25 12:47:12.941975"
[1] "Reading in data and making spatial... 2025-04-25 12:47:12.966025"
[1] "Retrieving coordinates... 2025-04-25 12:47:13.01217"
[1] "Retrieving H3 Indexes for Buildings... 2025-04-25 12:47:13.012746"
[1] "Deleting Footprints... 2025-04-25 12:47:13.143598"
[1] "32 Files Succesfully Downloaded --- 2025-04-25 12:47:13"
[1] "Downloading Footprints for link 33 @ 2025-04-25 12:47:13.145381"
[1] "File Downloaded... unzipping... 2025-04-25 12:47:13.746731"
[1] "Reading in data and making spatial... 2025-04-25 12:47:13.775633"
[1] "Retrieving coordinates... 2025-04-25 12:47:13.931484"
[1] "Retrieving H3 Indexes for Buildings... 2025-04-25 12:47:13.932807"
[1] "Deleting Footprints... 2025-04-25 12:47:13.950931"
[1] "33 Files Succesfully Downloaded --- 2025-04-25 12:47:14"
[1] "Downloading Footprints for link 34 @ 2025-04-25 12:47:13.95283"
[1] "File Downloaded... unzipping... 2025-04-25 12:47:14.699645"
[1] "Reading in data and making spatial... 2025-04-25 12:47:14.763116"
[1] "Retrieving coordinates... 2025-04-25 12:47:15.69813"
[1] "Retrieving H3 Indexes for Buildings... 2025-04-25 12:47:15.701216"
[1] "Deleting Footprints... 2025-04-25 12:47:15.727818"
[1] "34 Files Succesfully Downloaded --- 2025-04-25 12:47:16"
[1] "Downloading Footprints for link 35 @ 2025-04-25 12:47:15.731083"
[1] "File Downloaded... unzipping... 2025-04-25 12:47:16.148606"
[1] "Reading in data and making spatial... 2025-04-25 12:47:16.173917"
[1] "Retrieving coordinates... 2025-04-25 12:47:16.210509"
[1] "Retrieving H3 Indexes for Buildings... 2025-04-25 12:47:16.211042"
[1] "Deleting Footprints... 2025-04-25 12:47:16.225643"
[1] "35 Files Succesfully Downloaded --- 2025-04-25 12:47:16"
[1] "Downloading Footprints for link 36 @ 2025-04-25 12:47:16.226872"
[1] "File Downloaded... unzipping... 2025-04-25 12:47:16.914146"
[1] "Reading in data and making spatial... 2025-04-25 12:47:16.947226"
[1] "Retrieving coordinates... 2025-04-25 12:47:17.187958"
[1] "Retrieving H3 Indexes for Buildings... 2025-04-25 12:47:17.190017"
[1] "Deleting Footprints... 2025-04-25 12:47:17.218423"
[1] "36 Files Succesfully Downloaded --- 2025-04-25 12:47:17"
[1] "Downloading Footprints for link 37 @ 2025-04-25 12:47:17.22145"
[1] "File Downloaded... unzipping... 2025-04-25 12:47:17.714503"
[1] "Reading in data and making spatial... 2025-04-25 12:47:17.73798"
[1] "Retrieving coordinates... 2025-04-25 12:47:17.78283"
[1] "Retrieving H3 Indexes for Buildings... 2025-04-25 12:47:17.783398"
[1] "Deleting Footprints... 2025-04-25 12:47:17.799924"
[1] "37 Files Succesfully Downloaded --- 2025-04-25 12:47:18"
[1] "Downloading Footprints for link 38 @ 2025-04-25 12:47:17.8019"
[1] "File Downloaded... unzipping... 2025-04-25 12:47:18.365319"
[1] "Reading in data and making spatial... 2025-04-25 12:47:18.391519"
[1] "Retrieving coordinates... 2025-04-25 12:47:18.5044"
[1] "Retrieving H3 Indexes for Buildings... 2025-04-25 12:47:18.505504"
[1] "Deleting Footprints... 2025-04-25 12:47:18.525056"
[1] "38 Files Succesfully Downloaded --- 2025-04-25 12:47:19"
[1] "Downloading Footprints for link 39 @ 2025-04-25 12:47:18.527906"
[1] "File Downloaded... unzipping... 2025-04-25 12:47:18.886232"
[1] "Reading in data and making spatial... 2025-04-25 12:47:18.90932"
[1] "Retrieving coordinates... 2025-04-25 12:47:18.932806"
[1] "Retrieving H3 Indexes for Buildings... 2025-04-25 12:47:18.933207"
[1] "Deleting Footprints... 2025-04-25 12:47:18.948336"
[1] "39 Files Succesfully Downloaded --- 2025-04-25 12:47:19"
[1] "Downloading Footprints for link 40 @ 2025-04-25 12:47:18.950179"
[1] "File Downloaded... unzipping... 2025-04-25 12:47:19.376846"
[1] "Reading in data and making spatial... 2025-04-25 12:47:19.399705"
[1] "Retrieving coordinates... 2025-04-25 12:47:19.426882"
[1] "Retrieving H3 Indexes for Buildings... 2025-04-25 12:47:19.427305"
[1] "Deleting Footprints... 2025-04-25 12:47:19.442517"
[1] "40 Files Succesfully Downloaded --- 2025-04-25 12:47:19"
[1] "Downloading Footprints for link 41 @ 2025-04-25 12:47:19.444454"
[1] "File Downloaded... unzipping... 2025-04-25 12:47:19.732899"
[1] "Reading in data and making spatial... 2025-04-25 12:47:19.755251"
[1] "Retrieving coordinates... 2025-04-25 12:47:19.774721"
[1] "Retrieving H3 Indexes for Buildings... 2025-04-25 12:47:19.775162"
[1] "Deleting Footprints... 2025-04-25 12:47:19.790731"
[1] "41 Files Succesfully Downloaded --- 2025-04-25 12:47:20"
[1] "Downloading Footprints for link 42 @ 2025-04-25 12:47:19.795511"
[1] "File Downloaded... unzipping... 2025-04-25 12:47:20.409091"
[1] "Reading in data and making spatial... 2025-04-25 12:47:20.442699"
[1] "Retrieving coordinates... 2025-04-25 12:47:20.562371"
[1] "Retrieving H3 Indexes for Buildings... 2025-04-25 12:47:20.56356"
[1] "Deleting Footprints... 2025-04-25 12:47:20.583504"
[1] "42 Files Succesfully Downloaded --- 2025-04-25 12:47:21"
[1] "Downloading Footprints for link 43 @ 2025-04-25 12:47:20.587411"
[1] "File Downloaded... unzipping... 2025-04-25 12:47:21.331052"
[1] "Reading in data and making spatial... 2025-04-25 12:47:21.439865"
[1] "Retrieving coordinates... 2025-04-25 12:47:21.620813"
[1] "Retrieving H3 Indexes for Buildings... 2025-04-25 12:47:21.622315"
[1] "Deleting Footprints... 2025-04-25 12:47:21.64396"
[1] "43 Files Succesfully Downloaded --- 2025-04-25 12:47:22"
[1] "Downloading Footprints for link 44 @ 2025-04-25 12:47:21.646554"
[1] "File Downloaded... unzipping... 2025-04-25 12:47:22.068357"
[1] "Reading in data and making spatial... 2025-04-25 12:47:22.093269"
[1] "Retrieving coordinates... 2025-04-25 12:47:22.136123"
[1] "Retrieving H3 Indexes for Buildings... 2025-04-25 12:47:22.136724"
[1] "Deleting Footprints... 2025-04-25 12:47:22.152997"
[1] "44 Files Succesfully Downloaded --- 2025-04-25 12:47:22"
[1] "Downloading Footprints for link 45 @ 2025-04-25 12:47:22.15702"
[1] "File Downloaded... unzipping... 2025-04-25 12:47:22.842206"
[1] "Reading in data and making spatial... 2025-04-25 12:47:22.883393"
[1] "Retrieving coordinates... 2025-04-25 12:47:23.148217"
[1] "Retrieving H3 Indexes for Buildings... 2025-04-25 12:47:23.150333"
[1] "Deleting Footprints... 2025-04-25 12:47:23.174716"
[1] "45 Files Succesfully Downloaded --- 2025-04-25 12:47:23"
[1] "Downloading Footprints for link 46 @ 2025-04-25 12:47:23.176354"
[1] "File Downloaded... unzipping... 2025-04-25 12:47:24.416467"
[1] "Reading in data and making spatial... 2025-04-25 12:47:24.49897"
[1] "Retrieving coordinates... 2025-04-25 12:47:25.529815"
[1] "Retrieving H3 Indexes for Buildings... 2025-04-25 12:47:25.536772"
[1] "Deleting Footprints... 2025-04-25 12:47:25.590999"
[1] "46 Files Succesfully Downloaded --- 2025-04-25 12:47:26"
[1] "Downloading Footprints for link 47 @ 2025-04-25 12:47:25.593808"
[1] "File Downloaded... unzipping... 2025-04-25 12:47:26.244842"
[1] "Reading in data and making spatial... 2025-04-25 12:47:26.275087"
[1] "Retrieving coordinates... 2025-04-25 12:47:26.387188"
[1] "Retrieving H3 Indexes for Buildings... 2025-04-25 12:47:26.388232"
[1] "Deleting Footprints... 2025-04-25 12:47:26.4096"
[1] "47 Files Succesfully Downloaded --- 2025-04-25 12:47:26"
[1] "Downloading Footprints for link 48 @ 2025-04-25 12:47:26.411451"
[1] "File Downloaded... unzipping... 2025-04-25 12:47:27.031284"
[1] "Reading in data and making spatial... 2025-04-25 12:47:27.060467"
[1] "Retrieving coordinates... 2025-04-25 12:47:27.16619"
[1] "Retrieving H3 Indexes for Buildings... 2025-04-25 12:47:27.167336"
[1] "Deleting Footprints... 2025-04-25 12:47:27.283327"
[1] "48 Files Succesfully Downloaded --- 2025-04-25 12:47:27"
[1] "Downloading Footprints for link 49 @ 2025-04-25 12:47:27.285379"
[1] "File Downloaded... unzipping... 2025-04-25 12:47:27.810358"
[1] "Reading in data and making spatial... 2025-04-25 12:47:27.838634"
[1] "Retrieving coordinates... 2025-04-25 12:47:27.946835"
[1] "Retrieving H3 Indexes for Buildings... 2025-04-25 12:47:27.947849"
[1] "Deleting Footprints... 2025-04-25 12:47:27.967962"
[1] "49 Files Succesfully Downloaded --- 2025-04-25 12:47:28"
[1] "Downloading Footprints for link 50 @ 2025-04-25 12:47:27.968695"
[1] "File Downloaded... unzipping... 2025-04-25 12:47:28.913448"
[1] "Reading in data and making spatial... 2025-04-25 12:47:28.946236"
[1] "Retrieving coordinates... 2025-04-25 12:47:29.10312"
[1] "Retrieving H3 Indexes for Buildings... 2025-04-25 12:47:29.104434"
[1] "Deleting Footprints... 2025-04-25 12:47:29.128196"
[1] "50 Files Succesfully Downloaded --- 2025-04-25 12:47:29"
[1] "Downloading Footprints for link 51 @ 2025-04-25 12:47:29.131541"
[1] "File Downloaded... unzipping... 2025-04-25 12:47:29.960846"
[1] "Reading in data and making spatial... 2025-04-25 12:47:30.151067"
[1] "Retrieving coordinates... 2025-04-25 12:47:30.403663"
[1] "Retrieving H3 Indexes for Buildings... 2025-04-25 12:47:30.405485"
[1] "Deleting Footprints... 2025-04-25 12:47:30.431308"
[1] "51 Files Succesfully Downloaded --- 2025-04-25 12:47:30"
[1] "Downloading Footprints for link 52 @ 2025-04-25 12:47:30.432942"
[1] "File Downloaded... unzipping... 2025-04-25 12:47:31.153719"
[1] "Reading in data and making spatial... 2025-04-25 12:47:31.185917"
[1] "Retrieving coordinates... 2025-04-25 12:47:31.352749"
[1] "Retrieving H3 Indexes for Buildings... 2025-04-25 12:47:31.354186"
[1] "Deleting Footprints... 2025-04-25 12:47:31.378135"
[1] "52 Files Succesfully Downloaded --- 2025-04-25 12:47:31"
[1] "Downloading Footprints for link 53 @ 2025-04-25 12:47:31.381185"
[1] "File Downloaded... unzipping... 2025-04-25 12:47:32.477338"
[1] "Reading in data and making spatial... 2025-04-25 12:47:32.682943"
[1] "Retrieving coordinates... 2025-04-25 12:47:33.635283"
[1] "Retrieving H3 Indexes for Buildings... 2025-04-25 12:47:33.640922"
[1] "Deleting Footprints... 2025-04-25 12:47:33.688656"
[1] "53 Files Succesfully Downloaded --- 2025-04-25 12:47:34"
[1] "Downloading Footprints for link 54 @ 2025-04-25 12:47:33.69216"
[1] "File Downloaded... unzipping... 2025-04-25 12:47:34.448001"
[1] "Reading in data and making spatial... 2025-04-25 12:47:34.483947"
[1] "Retrieving coordinates... 2025-04-25 12:47:34.648124"
[1] "Retrieving H3 Indexes for Buildings... 2025-04-25 12:47:34.649638"
[1] "Deleting Footprints... 2025-04-25 12:47:34.674657"
[1] "54 Files Succesfully Downloaded --- 2025-04-25 12:47:35"
[1] "Downloading Footprints for link 55 @ 2025-04-25 12:47:34.678948"
[1] "File Downloaded... unzipping... 2025-04-25 12:47:35.263397"
[1] "Reading in data and making spatial... 2025-04-25 12:47:35.291854"
[1] "Retrieving coordinates... 2025-04-25 12:47:35.378814"
[1] "Retrieving H3 Indexes for Buildings... 2025-04-25 12:47:35.379692"
[1] "Deleting Footprints... 2025-04-25 12:47:35.402411"
[1] "55 Files Succesfully Downloaded --- 2025-04-25 12:47:35"
[1] "Downloading Footprints for link 56 @ 2025-04-25 12:47:35.404862"
[1] "File Downloaded... unzipping... 2025-04-25 12:47:36.196102"
[1] "Reading in data and making spatial... 2025-04-25 12:47:36.231664"
[1] "Retrieving coordinates... 2025-04-25 12:47:36.419053"
[1] "Retrieving H3 Indexes for Buildings... 2025-04-25 12:47:36.420617"
[1] "Deleting Footprints... 2025-04-25 12:47:36.572278"
[1] "56 Files Succesfully Downloaded --- 2025-04-25 12:47:37"
[1] "Downloading Footprints for link 57 @ 2025-04-25 12:47:36.574197"
[1] "File Downloaded... unzipping... 2025-04-25 12:47:37.658347"
[1] "Reading in data and making spatial... 2025-04-25 12:47:37.781922"
[1] "Retrieving coordinates... 2025-04-25 12:47:38.692981"
[1] "Retrieving H3 Indexes for Buildings... 2025-04-25 12:47:38.698858"
[1] "Deleting Footprints... 2025-04-25 12:47:38.753193"
[1] "57 Files Succesfully Downloaded --- 2025-04-25 12:47:39"
[1] "Downloading Footprints for link 58 @ 2025-04-25 12:47:38.754325"
[1] "File Downloaded... unzipping... 2025-04-25 12:47:41.56052"
[1] "Reading in data and making spatial... 2025-04-25 12:47:41.5868"
[1] "Retrieving coordinates... 2025-04-25 12:47:41.634895"
[1] "Retrieving H3 Indexes for Buildings... 2025-04-25 12:47:41.635499"
[1] "Deleting Footprints... 2025-04-25 12:47:41.759893"
[1] "58 Files Succesfully Downloaded --- 2025-04-25 12:47:42"
[1] "Downloading Footprints for link 59 @ 2025-04-25 12:47:41.764"
[1] "File Downloaded... unzipping... 2025-04-25 12:47:42.62569"
[1] "Reading in data and making spatial... 2025-04-25 12:47:43.17493"
[1] "Retrieving coordinates... 2025-04-25 12:47:43.555196"
[1] "Retrieving H3 Indexes for Buildings... 2025-04-25 12:47:43.557868"
[1] "Deleting Footprints... 2025-04-25 12:47:43.592744"
[1] "59 Files Succesfully Downloaded --- 2025-04-25 12:47:44"
[1] "Downloading Footprints for link 60 @ 2025-04-25 12:47:43.596599"
[1] "File Downloaded... unzipping... 2025-04-25 12:47:44.255679"
[1] "Reading in data and making spatial... 2025-04-25 12:47:44.394434"
[1] "Retrieving coordinates... 2025-04-25 12:47:44.523931"
[1] "Retrieving H3 Indexes for Buildings... 2025-04-25 12:47:44.525018"
[1] "Deleting Footprints... 2025-04-25 12:47:44.550531"
[1] "60 Files Succesfully Downloaded --- 2025-04-25 12:47:45"
[1] "Downloading Footprints for link 61 @ 2025-04-25 12:47:44.552042"
[1] "File Downloaded... unzipping... 2025-04-25 12:47:45.010144"
[1] "Reading in data and making spatial... 2025-04-25 12:47:45.037473"
[1] "Retrieving coordinates... 2025-04-25 12:47:45.095762"
[1] "Retrieving H3 Indexes for Buildings... 2025-04-25 12:47:45.09643"
[1] "Deleting Footprints... 2025-04-25 12:47:45.306201"
[1] "61 Files Succesfully Downloaded --- 2025-04-25 12:47:45"
[1] "Downloading Footprints for link 62 @ 2025-04-25 12:47:45.308063"
[1] "File Downloaded... unzipping... 2025-04-25 12:47:46.309701"
[1] "Reading in data and making spatial... 2025-04-25 12:47:46.603659"
[1] "Retrieving coordinates... 2025-04-25 12:47:47.580863"
[1] "Retrieving H3 Indexes for Buildings... 2025-04-25 12:47:47.586841"
[1] "Deleting Footprints... 2025-04-25 12:47:47.64109"
[1] "62 Files Succesfully Downloaded --- 2025-04-25 12:47:48"
[1] "Downloading Footprints for link 63 @ 2025-04-25 12:47:47.644878"
[1] "File Downloaded... unzipping... 2025-04-25 12:47:48.109259"
[1] "Reading in data and making spatial... 2025-04-25 12:47:48.135637"
[1] "Retrieving coordinates... 2025-04-25 12:47:48.193394"
[1] "Retrieving H3 Indexes for Buildings... 2025-04-25 12:47:48.19404"
[1] "Deleting Footprints... 2025-04-25 12:47:48.338657"
[1] "63 Files Succesfully Downloaded --- 2025-04-25 12:47:48"
[1] "Downloading Footprints for link 64 @ 2025-04-25 12:47:48.34041"
[1] "File Downloaded... unzipping... 2025-04-25 12:47:48.70992"
[1] "Reading in data and making spatial... 2025-04-25 12:47:48.742755"
[1] "Retrieving coordinates... 2025-04-25 12:47:48.788448"
[1] "Retrieving H3 Indexes for Buildings... 2025-04-25 12:47:48.789067"
[1] "Deleting Footprints... 2025-04-25 12:47:48.813382"
[1] "64 Files Succesfully Downloaded --- 2025-04-25 12:47:49"
[1] "Downloading Footprints for link 65 @ 2025-04-25 12:47:48.816522"
[1] "File Downloaded... unzipping... 2025-04-25 12:47:49.322843"
[1] "Reading in data and making spatial... 2025-04-25 12:47:49.34914"
[1] "Retrieving coordinates... 2025-04-25 12:47:49.418799"
[1] "Retrieving H3 Indexes for Buildings... 2025-04-25 12:47:49.419536"
[1] "Deleting Footprints... 2025-04-25 12:47:49.445388"
[1] "65 Files Succesfully Downloaded --- 2025-04-25 12:47:49"
[1] "Downloading Footprints for link 66 @ 2025-04-25 12:47:49.447319"
[1] "File Downloaded... unzipping... 2025-04-25 12:47:50.067154"
[1] "Reading in data and making spatial... 2025-04-25 12:47:50.097559"
[1] "Retrieving coordinates... 2025-04-25 12:47:50.361439"
[1] "Retrieving H3 Indexes for Buildings... 2025-04-25 12:47:50.36264"
[1] "Deleting Footprints... 2025-04-25 12:47:50.391987"
[1] "66 Files Succesfully Downloaded --- 2025-04-25 12:47:50"
[1] "Downloading Footprints for link 67 @ 2025-04-25 12:47:50.396059"
[1] "File Downloaded... unzipping... 2025-04-25 12:47:50.996022"
[1] "Reading in data and making spatial... 2025-04-25 12:47:51.025073"
[1] "Retrieving coordinates... 2025-04-25 12:47:51.141755"
[1] "Retrieving H3 Indexes for Buildings... 2025-04-25 12:47:51.142799"
[1] "Deleting Footprints... 2025-04-25 12:47:51.565981"
[1] "67 Files Succesfully Downloaded --- 2025-04-25 12:47:52"
[1] "Downloading Footprints for link 68 @ 2025-04-25 12:47:51.568635"
[1] "File Downloaded... unzipping... 2025-04-25 12:47:51.978"
[1] "Reading in data and making spatial... 2025-04-25 12:47:52.001676"
[1] "Retrieving coordinates... 2025-04-25 12:47:52.02843"
[1] "Retrieving H3 Indexes for Buildings... 2025-04-25 12:47:52.028899"
[1] "Deleting Footprints... 2025-04-25 12:47:52.054289"
[1] "68 Files Succesfully Downloaded --- 2025-04-25 12:47:52"
[1] "Downloading Footprints for link 69 @ 2025-04-25 12:47:52.054925"
[1] "File Downloaded... unzipping... 2025-04-25 12:47:52.558927"
[1] "Reading in data and making spatial... 2025-04-25 12:47:52.584625"
[1] "Retrieving coordinates... 2025-04-25 12:47:52.630193"
[1] "Retrieving H3 Indexes for Buildings... 2025-04-25 12:47:52.630794"
[1] "Deleting Footprints... 2025-04-25 12:47:52.65629"
[1] "69 Files Succesfully Downloaded --- 2025-04-25 12:47:53"
[1] "Downloading Footprints for link 70 @ 2025-04-25 12:47:52.664884"
[1] "File Downloaded... unzipping... 2025-04-25 12:47:53.052597"
[1] "Reading in data and making spatial... 2025-04-25 12:47:53.074562"
[1] "Retrieving coordinates... 2025-04-25 12:47:53.118765"
[1] "Retrieving H3 Indexes for Buildings... 2025-04-25 12:47:53.119354"
[1] "Deleting Footprints... 2025-04-25 12:47:53.145173"
[1] "70 Files Succesfully Downloaded --- 2025-04-25 12:47:53"
[1] "Downloading Footprints for link 71 @ 2025-04-25 12:47:53.14662"
[1] "File Downloaded... unzipping... 2025-04-25 12:47:53.853777"
[1] "Reading in data and making spatial... 2025-04-25 12:47:53.883929"
[1] "Retrieving coordinates... 2025-04-25 12:47:53.997667"
[1] "Retrieving H3 Indexes for Buildings... 2025-04-25 12:47:53.998787"
[1] "Deleting Footprints... 2025-04-25 12:47:54.02725"
[1] "71 Files Succesfully Downloaded --- 2025-04-25 12:47:54"
[1] "Downloading Footprints for link 72 @ 2025-04-25 12:47:54.029391"
[1] "File Downloaded... unzipping... 2025-04-25 12:47:54.702435"
[1] "Reading in data and making spatial... 2025-04-25 12:47:54.727049"
[1] "Retrieving coordinates... 2025-04-25 12:47:54.800813"
[1] "Retrieving H3 Indexes for Buildings... 2025-04-25 12:47:54.801612"
[1] "Deleting Footprints... 2025-04-25 12:47:54.888612"
[1] "72 Files Succesfully Downloaded --- 2025-04-25 12:47:55"
[1] "Downloading Footprints for link 73 @ 2025-04-25 12:47:54.891174"
[1] "File Downloaded... unzipping... 2025-04-25 12:47:55.364952"
[1] "Reading in data and making spatial... 2025-04-25 12:47:55.388838"
[1] "Retrieving coordinates... 2025-04-25 12:47:55.467763"
[1] "Retrieving H3 Indexes for Buildings... 2025-04-25 12:47:55.468664"
[1] "Deleting Footprints... 2025-04-25 12:47:55.495657"
[1] "73 Files Succesfully Downloaded --- 2025-04-25 12:47:55"
[1] "Downloading Footprints for link 74 @ 2025-04-25 12:47:55.499592"
[1] "File Downloaded... unzipping... 2025-04-25 12:47:56.141855"
[1] "Reading in data and making spatial... 2025-04-25 12:47:56.167284"
[1] "Retrieving coordinates... 2025-04-25 12:47:56.247878"
[1] "Retrieving H3 Indexes for Buildings... 2025-04-25 12:47:56.248737"
[1] "Deleting Footprints... 2025-04-25 12:47:56.276879"
[1] "74 Files Succesfully Downloaded --- 2025-04-25 12:47:56"
[1] "Downloading Footprints for link 75 @ 2025-04-25 12:47:56.279732"
[1] "File Downloaded... unzipping... 2025-04-25 12:47:56.810915"
[1] "Reading in data and making spatial... 2025-04-25 12:47:56.840214"
[1] "Retrieving coordinates... 2025-04-25 12:47:56.944165"
[1] "Retrieving H3 Indexes for Buildings... 2025-04-25 12:47:56.945189"
[1] "Deleting Footprints... 2025-04-25 12:47:56.974711"
[1] "75 Files Succesfully Downloaded --- 2025-04-25 12:47:57"
[1] "Downloading Footprints for link 76 @ 2025-04-25 12:47:56.976435"
[1] "File Downloaded... unzipping... 2025-04-25 12:47:57.492585"
[1] "Reading in data and making spatial... 2025-04-25 12:47:57.589696"
[1] "Retrieving coordinates... 2025-04-25 12:47:57.654036"
[1] "Retrieving H3 Indexes for Buildings... 2025-04-25 12:47:57.654783"
[1] "Deleting Footprints... 2025-04-25 12:47:57.682131"
[1] "76 Files Succesfully Downloaded --- 2025-04-25 12:47:58"
[1] "Downloading Footprints for link 77 @ 2025-04-25 12:47:57.683755"
[1] "File Downloaded... unzipping... 2025-04-25 12:47:58.176287"
[1] "Reading in data and making spatial... 2025-04-25 12:47:58.200355"
[1] "Retrieving coordinates... 2025-04-25 12:47:58.255744"
[1] "Retrieving H3 Indexes for Buildings... 2025-04-25 12:47:58.256406"
[1] "Deleting Footprints... 2025-04-25 12:47:58.28344"
[1] "77 Files Succesfully Downloaded --- 2025-04-25 12:47:58"
[1] "Downloading Footprints for link 78 @ 2025-04-25 12:47:58.285096"
[1] "File Downloaded... unzipping... 2025-04-25 12:47:58.910333"
[1] "Reading in data and making spatial... 2025-04-25 12:47:58.940179"
[1] "Retrieving coordinates... 2025-04-25 12:47:59.070864"
[1] "Retrieving H3 Indexes for Buildings... 2025-04-25 12:47:59.072128"
[1] "Deleting Footprints... 2025-04-25 12:47:59.10235"
[1] "78 Files Succesfully Downloaded --- 2025-04-25 12:47:59"
[1] "Downloading Footprints for link 79 @ 2025-04-25 12:47:59.106081"
[1] "File Downloaded... unzipping... 2025-04-25 12:47:59.986494"
[1] "Reading in data and making spatial... 2025-04-25 12:48:00.301232"
[1] "Retrieving coordinates... 2025-04-25 12:48:00.584662"
[1] "Retrieving H3 Indexes for Buildings... 2025-04-25 12:48:00.587003"
[1] "Deleting Footprints... 2025-04-25 12:48:00.62431"
[1] "79 Files Succesfully Downloaded --- 2025-04-25 12:48:01"
[1] "Downloading Footprints for link 80 @ 2025-04-25 12:48:00.626919"
[1] "File Downloaded... unzipping... 2025-04-25 12:48:01.054599"
[1] "Reading in data and making spatial... 2025-04-25 12:48:01.079587"
[1] "Retrieving coordinates... 2025-04-25 12:48:01.125036"
[1] "Retrieving H3 Indexes for Buildings... 2025-04-25 12:48:01.125705"
[1] "Deleting Footprints... 2025-04-25 12:48:01.153925"
[1] "80 Files Succesfully Downloaded --- 2025-04-25 12:48:01"
[1] "Downloading Footprints for link 81 @ 2025-04-25 12:48:01.156923"
[1] "File Downloaded... unzipping... 2025-04-25 12:48:01.64894"
[1] "Reading in data and making spatial... 2025-04-25 12:48:01.676149"
[1] "Retrieving coordinates... 2025-04-25 12:48:01.83829"
[1] "Retrieving H3 Indexes for Buildings... 2025-04-25 12:48:01.839184"
[1] "Deleting Footprints... 2025-04-25 12:48:01.868007"
[1] "81 Files Succesfully Downloaded --- 2025-04-25 12:48:02"
[1] "Downloading Footprints for link 82 @ 2025-04-25 12:48:01.869907"
[1] "File Downloaded... unzipping... 2025-04-25 12:48:02.440485"
[1] "Reading in data and making spatial... 2025-04-25 12:48:02.467541"
[1] "Retrieving coordinates... 2025-04-25 12:48:02.54175"
[1] "Retrieving H3 Indexes for Buildings... 2025-04-25 12:48:02.542644"
[1] "Deleting Footprints... 2025-04-25 12:48:02.570955"
[1] "82 Files Succesfully Downloaded --- 2025-04-25 12:48:03"
[1] "Downloading Footprints for link 83 @ 2025-04-25 12:48:02.57213"
[1] "File Downloaded... unzipping... 2025-04-25 12:48:03.069125"
[1] "Reading in data and making spatial... 2025-04-25 12:48:03.099394"
[1] "Retrieving coordinates... 2025-04-25 12:48:03.215661"
[1] "Retrieving H3 Indexes for Buildings... 2025-04-25 12:48:03.216832"
[1] "Deleting Footprints... 2025-04-25 12:48:03.2468"
[1] "83 Files Succesfully Downloaded --- 2025-04-25 12:48:03"
[1] "Downloading Footprints for link 84 @ 2025-04-25 12:48:03.250466"
[1] "File Downloaded... unzipping... 2025-04-25 12:48:04.056451"
[1] "Reading in data and making spatial... 2025-04-25 12:48:04.093764"
[1] "Retrieving coordinates... 2025-04-25 12:48:04.309742"
[1] "Retrieving H3 Indexes for Buildings... 2025-04-25 12:48:04.311503"
[1] "Deleting Footprints... 2025-04-25 12:48:04.423007"
[1] "84 Files Succesfully Downloaded --- 2025-04-25 12:48:04"
[1] "Downloading Footprints for link 85 @ 2025-04-25 12:48:04.426585"
[1] "File Downloaded... unzipping... 2025-04-25 12:48:05.151709"
[1] "Reading in data and making spatial... 2025-04-25 12:48:05.191401"
[1] "Retrieving coordinates... 2025-04-25 12:48:05.402418"
[1] "Retrieving H3 Indexes for Buildings... 2025-04-25 12:48:05.404121"
[1] "Deleting Footprints... 2025-04-25 12:48:05.437844"
[1] "85 Files Succesfully Downloaded --- 2025-04-25 12:48:05"
[1] "Downloading Footprints for link 86 @ 2025-04-25 12:48:05.440098"
[1] "File Downloaded... unzipping... 2025-04-25 12:48:05.864758"
[1] "Reading in data and making spatial... 2025-04-25 12:48:05.888824"
[1] "Retrieving coordinates... 2025-04-25 12:48:05.928707"
[1] "Retrieving H3 Indexes for Buildings... 2025-04-25 12:48:05.929272"
[1] "Deleting Footprints... 2025-04-25 12:48:05.957157"
[1] "86 Files Succesfully Downloaded --- 2025-04-25 12:48:06"
[1] "Downloading Footprints for link 87 @ 2025-04-25 12:48:05.959194"
[1] "File Downloaded... unzipping... 2025-04-25 12:48:06.770712"
[1] "Reading in data and making spatial... 2025-04-25 12:48:06.965071"
[1] "Retrieving coordinates... 2025-04-25 12:48:07.388063"
[1] "Retrieving H3 Indexes for Buildings... 2025-04-25 12:48:07.390714"
[1] "Deleting Footprints... 2025-04-25 12:48:07.43183"
[1] "87 Files Succesfully Downloaded --- 2025-04-25 12:48:07"
[1] "Downloading Footprints for link 88 @ 2025-04-25 12:48:07.434121"
[1] "File Downloaded... unzipping... 2025-04-25 12:48:07.858086"
[1] "Reading in data and making spatial... 2025-04-25 12:48:07.884257"
[1] "Retrieving coordinates... 2025-04-25 12:48:07.928726"
[1] "Retrieving H3 Indexes for Buildings... 2025-04-25 12:48:07.929329"
[1] "Deleting Footprints... 2025-04-25 12:48:08.045515"
[1] "88 Files Succesfully Downloaded --- 2025-04-25 12:48:08"
[1] "Downloading Footprints for link 89 @ 2025-04-25 12:48:08.047903"
[1] "File Downloaded... unzipping... 2025-04-25 12:48:08.771277"
[1] "Reading in data and making spatial... 2025-04-25 12:48:08.803011"
[1] "Retrieving coordinates... 2025-04-25 12:48:08.947728"
[1] "Retrieving H3 Indexes for Buildings... 2025-04-25 12:48:08.949016"
[1] "Deleting Footprints... 2025-04-25 12:48:09.114935"
[1] "89 Files Succesfully Downloaded --- 2025-04-25 12:48:09"
[1] "Downloading Footprints for link 90 @ 2025-04-25 12:48:09.11768"
[1] "File Downloaded... unzipping... 2025-04-25 12:48:10.357299"
[1] "Reading in data and making spatial... 2025-04-25 12:48:10.519506"
[1] "Retrieving coordinates... 2025-04-25 12:48:12.865541"
[1] "Retrieving H3 Indexes for Buildings... 2025-04-25 12:48:12.88009"
[1] "Deleting Footprints... 2025-04-25 12:48:12.988809"
[1] "90 Files Succesfully Downloaded --- 2025-04-25 12:48:13"
[1] "Downloading Footprints for link 91 @ 2025-04-25 12:48:12.992612"
[1] "File Downloaded... unzipping... 2025-04-25 12:48:13.781195"
[1] "Reading in data and making spatial... 2025-04-25 12:48:13.93934"
[1] "Retrieving coordinates... 2025-04-25 12:48:14.131795"
[1] "Retrieving H3 Indexes for Buildings... 2025-04-25 12:48:14.133317"
[1] "Deleting Footprints... 2025-04-25 12:48:14.328551"
[1] "91 Files Succesfully Downloaded --- 2025-04-25 12:48:14"
[1] "Downloading Footprints for link 92 @ 2025-04-25 12:48:14.333501"
[1] "File Downloaded... unzipping... 2025-04-25 12:48:14.801258"
[1] "Reading in data and making spatial... 2025-04-25 12:48:14.830175"
[1] "Retrieving coordinates... 2025-04-25 12:48:14.889989"
[1] "Retrieving H3 Indexes for Buildings... 2025-04-25 12:48:14.890776"
[1] "Deleting Footprints... 2025-04-25 12:48:15.021618"
[1] "92 Files Succesfully Downloaded --- 2025-04-25 12:48:15"
[1] "Downloading Footprints for link 93 @ 2025-04-25 12:48:15.02545"
[1] "File Downloaded... unzipping... 2025-04-25 12:48:15.44581"
[1] "Reading in data and making spatial... 2025-04-25 12:48:15.476631"
[1] "Retrieving coordinates... 2025-04-25 12:48:15.524024"
[1] "Retrieving H3 Indexes for Buildings... 2025-04-25 12:48:15.524674"
[1] "Deleting Footprints... 2025-04-25 12:48:15.754623"
[1] "93 Files Succesfully Downloaded --- 2025-04-25 12:48:16"
[1] "Downloading Footprints for link 94 @ 2025-04-25 12:48:15.757678"
[1] "File Downloaded... unzipping... 2025-04-25 12:48:16.102112"
[1] "Reading in data and making spatial... 2025-04-25 12:48:16.130309"
[1] "Retrieving coordinates... 2025-04-25 12:48:16.154431"
[1] "Retrieving H3 Indexes for Buildings... 2025-04-25 12:48:16.154877"
[1] "Deleting Footprints... 2025-04-25 12:48:16.450792"
[1] "94 Files Succesfully Downloaded --- 2025-04-25 12:48:16"
[1] "Downloading Footprints for link 95 @ 2025-04-25 12:48:16.45249"
[1] "File Downloaded... unzipping... 2025-04-25 12:48:16.898001"
[1] "Reading in data and making spatial... 2025-04-25 12:48:16.923226"
[1] "Retrieving coordinates... 2025-04-25 12:48:16.952658"
[1] "Retrieving H3 Indexes for Buildings... 2025-04-25 12:48:16.953151"
[1] "Deleting Footprints... 2025-04-25 12:48:16.985949"
[1] "95 Files Succesfully Downloaded --- 2025-04-25 12:48:17"
[1] "Downloading Footprints for link 96 @ 2025-04-25 12:48:16.987977"
[1] "File Downloaded... unzipping... 2025-04-25 12:48:17.449178"
[1] "Reading in data and making spatial... 2025-04-25 12:48:17.476496"
[1] "Retrieving coordinates... 2025-04-25 12:48:17.51965"
[1] "Retrieving H3 Indexes for Buildings... 2025-04-25 12:48:17.520267"
[1] "Deleting Footprints... 2025-04-25 12:48:17.554509"
[1] "96 Files Succesfully Downloaded --- 2025-04-25 12:48:18"
[1] "Downloading Footprints for link 97 @ 2025-04-25 12:48:17.556176"
[1] "File Downloaded... unzipping... 2025-04-25 12:48:18.241353"
[1] "Reading in data and making spatial... 2025-04-25 12:48:18.276025"
[1] "Retrieving coordinates... 2025-04-25 12:48:18.455329"
[1] "Retrieving H3 Indexes for Buildings... 2025-04-25 12:48:18.456974"
[1] "Deleting Footprints... 2025-04-25 12:48:18.496788"
[1] "97 Files Succesfully Downloaded --- 2025-04-25 12:48:18"
[1] "Downloading Footprints for link 98 @ 2025-04-25 12:48:18.500078"
[1] "File Downloaded... unzipping... 2025-04-25 12:48:18.887711"
[1] "Reading in data and making spatial... 2025-04-25 12:48:18.982402"
[1] "Retrieving coordinates... 2025-04-25 12:48:19.017391"
[1] "Retrieving H3 Indexes for Buildings... 2025-04-25 12:48:19.017905"
[1] "Deleting Footprints... 2025-04-25 12:48:19.050158"
[1] "98 Files Succesfully Downloaded --- 2025-04-25 12:48:19"
[1] "Downloading Footprints for link 99 @ 2025-04-25 12:48:19.053838"
[1] "File Downloaded... unzipping... 2025-04-25 12:48:19.512668"
[1] "Reading in data and making spatial... 2025-04-25 12:48:19.538586"
[1] "Retrieving coordinates... 2025-04-25 12:48:19.579577"
[1] "Retrieving H3 Indexes for Buildings... 2025-04-25 12:48:19.58018"
[1] "Deleting Footprints... 2025-04-25 12:48:19.613085"
[1] "99 Files Succesfully Downloaded --- 2025-04-25 12:48:20"
[1] "Downloading Footprints for link 100 @ 2025-04-25 12:48:19.615733"
[1] "File Downloaded... unzipping... 2025-04-25 12:48:20.166386"
[1] "Reading in data and making spatial... 2025-04-25 12:48:20.193208"
[1] "Retrieving coordinates... 2025-04-25 12:48:20.264938"
[1] "Retrieving H3 Indexes for Buildings... 2025-04-25 12:48:20.26576"
[1] "Deleting Footprints... 2025-04-25 12:48:20.299513"
[1] "100 Files Succesfully Downloaded --- 2025-04-25 12:48:20"
[1] "Downloading Footprints for link 101 @ 2025-04-25 12:48:20.301268"
[1] "File Downloaded... unzipping... 2025-04-25 12:48:20.715108"
[1] "Reading in data and making spatial... 2025-04-25 12:48:20.81016"
[1] "Retrieving coordinates... 2025-04-25 12:48:20.84234"
[1] "Retrieving H3 Indexes for Buildings... 2025-04-25 12:48:20.842852"
[1] "Deleting Footprints... 2025-04-25 12:48:20.87484"
[1] "101 Files Succesfully Downloaded --- 2025-04-25 12:48:21"
[1] "Downloading Footprints for link 102 @ 2025-04-25 12:48:20.877927"
[1] "File Downloaded... unzipping... 2025-04-25 12:48:21.238177"
[1] "Reading in data and making spatial... 2025-04-25 12:48:21.260485"
[1] "Retrieving coordinates... 2025-04-25 12:48:21.283836"
[1] "Retrieving H3 Indexes for Buildings... 2025-04-25 12:48:21.284289"
[1] "Deleting Footprints... 2025-04-25 12:48:21.316587"
[1] "102 Files Succesfully Downloaded --- 2025-04-25 12:48:21"
[1] "Downloading Footprints for link 103 @ 2025-04-25 12:48:21.318426"
[1] "File Downloaded... unzipping... 2025-04-25 12:48:21.74637"
[1] "Reading in data and making spatial... 2025-04-25 12:48:21.768884"
[1] "Retrieving coordinates... 2025-04-25 12:48:21.798891"
[1] "Retrieving H3 Indexes for Buildings... 2025-04-25 12:48:21.799394"
[1] "Deleting Footprints... 2025-04-25 12:48:21.899479"
[1] "103 Files Succesfully Downloaded --- 2025-04-25 12:48:22"
[1] "Downloading Footprints for link 104 @ 2025-04-25 12:48:21.902086"
[1] "File Downloaded... unzipping... 2025-04-25 12:48:22.898598"
[1] "Reading in data and making spatial... 2025-04-25 12:48:23.118093"
[1] "Retrieving coordinates... 2025-04-25 12:48:23.584448"
[1] "Retrieving H3 Indexes for Buildings... 2025-04-25 12:48:23.588075"
[1] "Deleting Footprints... 2025-04-25 12:48:23.718323"
[1] "104 Files Succesfully Downloaded --- 2025-04-25 12:48:24"
[1] "Downloading Footprints for link 105 @ 2025-04-25 12:48:23.720771"
[1] "File Downloaded... unzipping... 2025-04-25 12:48:24.050256"
[1] "Reading in data and making spatial... 2025-04-25 12:48:24.072973"
[1] "Retrieving coordinates... 2025-04-25 12:48:24.092481"
[1] "Retrieving H3 Indexes for Buildings... 2025-04-25 12:48:24.092897"
[1] "Deleting Footprints... 2025-04-25 12:48:24.22467"
[1] "105 Files Succesfully Downloaded --- 2025-04-25 12:48:24"
[1] "Downloading Footprints for link 106 @ 2025-04-25 12:48:24.228738"
[1] "File Downloaded... unzipping... 2025-04-25 12:48:24.76963"
[1] "Reading in data and making spatial... 2025-04-25 12:48:24.795419"
[1] "Retrieving coordinates... 2025-04-25 12:48:24.866565"
[1] "Retrieving H3 Indexes for Buildings... 2025-04-25 12:48:24.867352"
[1] "Deleting Footprints... 2025-04-25 12:48:24.904517"
[1] "106 Files Succesfully Downloaded --- 2025-04-25 12:48:25"
[1] "Downloading Footprints for link 107 @ 2025-04-25 12:48:24.908279"
[1] "File Downloaded... unzipping... 2025-04-25 12:48:25.404501"
[1] "Reading in data and making spatial... 2025-04-25 12:48:25.431601"
[1] "Retrieving coordinates... 2025-04-25 12:48:25.48848"
[1] "Retrieving H3 Indexes for Buildings... 2025-04-25 12:48:25.48919"
[1] "Deleting Footprints... 2025-04-25 12:48:25.533216"
[1] "107 Files Succesfully Downloaded --- 2025-04-25 12:48:26"
[1] "Downloading Footprints for link 108 @ 2025-04-25 12:48:25.535398"
[1] "File Downloaded... unzipping... 2025-04-25 12:48:26.080448"
[1] "Reading in data and making spatial... 2025-04-25 12:48:26.109793"
[1] "Retrieving coordinates... 2025-04-25 12:48:26.201127"
[1] "Retrieving H3 Indexes for Buildings... 2025-04-25 12:48:26.20205"
[1] "Deleting Footprints... 2025-04-25 12:48:26.312108"
[1] "108 Files Succesfully Downloaded --- 2025-04-25 12:48:26"
[1] "Downloading Footprints for link 109 @ 2025-04-25 12:48:26.316692"
[1] "File Downloaded... unzipping... 2025-04-25 12:48:26.774903"
[1] "Reading in data and making spatial... 2025-04-25 12:48:26.800479"
[1] "Retrieving coordinates... 2025-04-25 12:48:26.852256"
[1] "Retrieving H3 Indexes for Buildings... 2025-04-25 12:48:26.852907"
[1] "Deleting Footprints... 2025-04-25 12:48:26.889976"
[1] "109 Files Succesfully Downloaded --- 2025-04-25 12:48:27"
[1] "Downloading Footprints for link 110 @ 2025-04-25 12:48:26.892498"
[1] "File Downloaded... unzipping... 2025-04-25 12:48:27.150928"
[1] "Reading in data and making spatial... 2025-04-25 12:48:27.171974"
[1] "Retrieving coordinates... 2025-04-25 12:48:27.1894"
[1] "Retrieving H3 Indexes for Buildings... 2025-04-25 12:48:27.189787"
[1] "Deleting Footprints... 2025-04-25 12:48:27.295399"
[1] "110 Files Succesfully Downloaded --- 2025-04-25 12:48:27"
[1] "Downloading Footprints for link 111 @ 2025-04-25 12:48:27.29714"
[1] "File Downloaded... unzipping... 2025-04-25 12:48:27.74537"
[1] "Reading in data and making spatial... 2025-04-25 12:48:27.776404"
[1] "Retrieving coordinates... 2025-04-25 12:48:27.822888"
[1] "Retrieving H3 Indexes for Buildings... 2025-04-25 12:48:27.823476"
[1] "Deleting Footprints... 2025-04-25 12:48:27.930089"
[1] "111 Files Succesfully Downloaded --- 2025-04-25 12:48:28"
[1] "Downloading Footprints for link 112 @ 2025-04-25 12:48:27.932562"
[1] "File Downloaded... unzipping... 2025-04-25 12:48:28.703277"
[1] "Reading in data and making spatial... 2025-04-25 12:48:28.956206"
[1] "Retrieving coordinates... 2025-04-25 12:48:28.995006"
[1] "Retrieving H3 Indexes for Buildings... 2025-04-25 12:48:28.99558"
[1] "Deleting Footprints... 2025-04-25 12:48:29.030738"
[1] "112 Files Succesfully Downloaded --- 2025-04-25 12:48:29"
[1] "Downloading Footprints for link 113 @ 2025-04-25 12:48:29.032677"
[1] "File Downloaded... unzipping... 2025-04-25 12:48:29.35146"
[1] "Reading in data and making spatial... 2025-04-25 12:48:29.373876"
[1] "Retrieving coordinates... 2025-04-25 12:48:29.392768"
[1] "Retrieving H3 Indexes for Buildings... 2025-04-25 12:48:29.393161"
[1] "Deleting Footprints... 2025-04-25 12:48:29.426772"
[1] "113 Files Succesfully Downloaded --- 2025-04-25 12:48:29"
[1] "Downloading Footprints for link 114 @ 2025-04-25 12:48:29.42983"
[1] "File Downloaded... unzipping... 2025-04-25 12:48:29.926813"
[1] "Reading in data and making spatial... 2025-04-25 12:48:29.953544"
[1] "Retrieving coordinates... 2025-04-25 12:48:30.011599"
[1] "Retrieving H3 Indexes for Buildings... 2025-04-25 12:48:30.012309"
[1] "Deleting Footprints... 2025-04-25 12:48:30.049761"
[1] "114 Files Succesfully Downloaded --- 2025-04-25 12:48:30"
[1] "Downloading Footprints for link 115 @ 2025-04-25 12:48:30.052668"
[1] "File Downloaded... unzipping... 2025-04-25 12:48:30.403001"
[1] "Reading in data and making spatial... 2025-04-25 12:48:30.426217"
[1] "Retrieving coordinates... 2025-04-25 12:48:30.459708"
[1] "Retrieving H3 Indexes for Buildings... 2025-04-25 12:48:30.460246"
[1] "Deleting Footprints... 2025-04-25 12:48:30.562463"
[1] "115 Files Succesfully Downloaded --- 2025-04-25 12:48:31"
[1] "Downloading Footprints for link 116 @ 2025-04-25 12:48:30.565594"
[1] "File Downloaded... unzipping... 2025-04-25 12:48:30.959927"
[1] "Reading in data and making spatial... 2025-04-25 12:48:30.984327"
[1] "Retrieving coordinates... 2025-04-25 12:48:31.019778"
[1] "Retrieving H3 Indexes for Buildings... 2025-04-25 12:48:31.020366"
[1] "Deleting Footprints... 2025-04-25 12:48:31.055678"
[1] "116 Files Succesfully Downloaded --- 2025-04-25 12:48:31"
[1] "Downloading Footprints for link 117 @ 2025-04-25 12:48:31.058527"
[1] "File Downloaded... unzipping... 2025-04-25 12:48:31.559072"
[1] "Reading in data and making spatial... 2025-04-25 12:48:31.58544"
[1] "Retrieving coordinates... 2025-04-25 12:48:31.671383"
[1] "Retrieving H3 Indexes for Buildings... 2025-04-25 12:48:31.672323"
[1] "Deleting Footprints... 2025-04-25 12:48:31.709775"
[1] "117 Files Succesfully Downloaded --- 2025-04-25 12:48:32"
[1] "Downloading Footprints for link 118 @ 2025-04-25 12:48:31.711428"
[1] "File Downloaded... unzipping... 2025-04-25 12:48:32.30586"
[1] "Reading in data and making spatial... 2025-04-25 12:48:32.331931"
[1] "Retrieving coordinates... 2025-04-25 12:48:32.410542"
[1] "Retrieving H3 Indexes for Buildings... 2025-04-25 12:48:32.411404"
[1] "Deleting Footprints... 2025-04-25 12:48:32.5185"
[1] "118 Files Succesfully Downloaded --- 2025-04-25 12:48:33"
[1] "Downloading Footprints for link 119 @ 2025-04-25 12:48:32.520867"
[1] "File Downloaded... unzipping... 2025-04-25 12:48:32.837743"
[1] "Reading in data and making spatial... 2025-04-25 12:48:32.86013"
[1] "Retrieving coordinates... 2025-04-25 12:48:32.88631"
[1] "Retrieving H3 Indexes for Buildings... 2025-04-25 12:48:32.886775"
[1] "Deleting Footprints... 2025-04-25 12:48:32.921256"
[1] "119 Files Succesfully Downloaded --- 2025-04-25 12:48:33"
[1] "Downloading Footprints for link 120 @ 2025-04-25 12:48:32.922886"
[1] "File Downloaded... unzipping... 2025-04-25 12:48:33.269128"
[1] "Reading in data and making spatial... 2025-04-25 12:48:33.292445"
[1] "Retrieving coordinates... 2025-04-25 12:48:33.313589"
[1] "Retrieving H3 Indexes for Buildings... 2025-04-25 12:48:33.31401"
[1] "Deleting Footprints... 2025-04-25 12:48:33.417932"
[1] "120 Files Succesfully Downloaded --- 2025-04-25 12:48:33"
[1] "Downloading Footprints for link 121 @ 2025-04-25 12:48:33.419894"
[1] "File Downloaded... unzipping... 2025-04-25 12:48:35.411598"
[1] "Reading in data and making spatial... 2025-04-25 12:48:35.434062"
[1] "Retrieving coordinates... 2025-04-25 12:48:35.460956"
[1] "Retrieving H3 Indexes for Buildings... 2025-04-25 12:48:35.461404"
[1] "Deleting Footprints... 2025-04-25 12:48:35.577613"
[1] "121 Files Succesfully Downloaded --- 2025-04-25 12:48:36"
[1] "Downloading Footprints for link 122 @ 2025-04-25 12:48:35.581656"
[1] "File Downloaded... unzipping... 2025-04-25 12:48:36.295148"
[1] "Reading in data and making spatial... 2025-04-25 12:48:36.328133"
[1] "Retrieving coordinates... 2025-04-25 12:48:36.503535"
[1] "Retrieving H3 Indexes for Buildings... 2025-04-25 12:48:36.505083"
[1] "Deleting Footprints... 2025-04-25 12:48:36.544724"
[1] "122 Files Succesfully Downloaded --- 2025-04-25 12:48:37"
[1] "Downloading Footprints for link 123 @ 2025-04-25 12:48:36.546357"
[1] "File Downloaded... unzipping... 2025-04-25 12:48:37.037075"
[1] "Reading in data and making spatial... 2025-04-25 12:48:37.061412"
[1] "Retrieving coordinates... 2025-04-25 12:48:37.111767"
[1] "Retrieving H3 Indexes for Buildings... 2025-04-25 12:48:37.112411"
[1] "Deleting Footprints... 2025-04-25 12:48:37.150548"
[1] "123 Files Succesfully Downloaded --- 2025-04-25 12:48:37"
[1] "Downloading Footprints for link 124 @ 2025-04-25 12:48:37.155182"
[1] "File Downloaded... unzipping... 2025-04-25 12:48:37.616433"
[1] "Reading in data and making spatial... 2025-04-25 12:48:37.641756"
[1] "Retrieving coordinates... 2025-04-25 12:48:37.681671"
[1] "Retrieving H3 Indexes for Buildings... 2025-04-25 12:48:37.682253"
[1] "Deleting Footprints... 2025-04-25 12:48:37.793796"
[1] "124 Files Succesfully Downloaded --- 2025-04-25 12:48:38"
[1] "Downloading Footprints for link 125 @ 2025-04-25 12:48:37.796462"
[1] "File Downloaded... unzipping... 2025-04-25 12:48:38.224956"
[1] "Reading in data and making spatial... 2025-04-25 12:48:38.24956"
[1] "Retrieving coordinates... 2025-04-25 12:48:38.291834"
[1] "Retrieving H3 Indexes for Buildings... 2025-04-25 12:48:38.292423"
[1] "Deleting Footprints... 2025-04-25 12:48:38.328192"
[1] "125 Files Succesfully Downloaded --- 2025-04-25 12:48:38"
[1] "Downloading Footprints for link 126 @ 2025-04-25 12:48:38.330156"
[1] "File Downloaded... unzipping... 2025-04-25 12:48:38.741479"
[1] "Reading in data and making spatial... 2025-04-25 12:48:38.766808"
[1] "Retrieving coordinates... 2025-04-25 12:48:38.806934"
[1] "Retrieving H3 Indexes for Buildings... 2025-04-25 12:48:38.807568"
[1] "Deleting Footprints... 2025-04-25 12:48:38.912398"
[1] "126 Files Succesfully Downloaded --- 2025-04-25 12:48:39"
[1] "Downloading Footprints for link 127 @ 2025-04-25 12:48:38.916318"
[1] "File Downloaded... unzipping... 2025-04-25 12:48:39.768918"
[1] "Reading in data and making spatial... 2025-04-25 12:48:39.806848"
[1] "Retrieving coordinates... 2025-04-25 12:48:40.031622"
[1] "Retrieving H3 Indexes for Buildings... 2025-04-25 12:48:40.033457"
[1] "Deleting Footprints... 2025-04-25 12:48:40.293692"
[1] "127 Files Succesfully Downloaded --- 2025-04-25 12:48:40"
[1] "Downloading Footprints for link 128 @ 2025-04-25 12:48:40.295869"
[1] "File Downloaded... unzipping... 2025-04-25 12:48:40.648795"
[1] "Reading in data and making spatial... 2025-04-25 12:48:40.67175"
[1] "Retrieving coordinates... 2025-04-25 12:48:40.699319"
[1] "Retrieving H3 Indexes for Buildings... 2025-04-25 12:48:40.699807"
[1] "Deleting Footprints... 2025-04-25 12:48:40.735143"
[1] "128 Files Succesfully Downloaded --- 2025-04-25 12:48:41"
[1] "Downloading Footprints for link 129 @ 2025-04-25 12:48:40.737018"
[1] "File Downloaded... unzipping... 2025-04-25 12:48:41.272048"
[1] "Reading in data and making spatial... 2025-04-25 12:48:41.297081"
[1] "Retrieving coordinates... 2025-04-25 12:48:41.349841"
[1] "Retrieving H3 Indexes for Buildings... 2025-04-25 12:48:41.350537"
[1] "Deleting Footprints... 2025-04-25 12:48:41.3871"
[1] "129 Files Succesfully Downloaded --- 2025-04-25 12:48:41"
[1] "Downloading Footprints for link 130 @ 2025-04-25 12:48:41.388921"
[1] "File Downloaded... unzipping... 2025-04-25 12:48:41.816363"
[1] "Reading in data and making spatial... 2025-04-25 12:48:41.842988"
[1] "Retrieving coordinates... 2025-04-25 12:48:41.902442"
[1] "Retrieving H3 Indexes for Buildings... 2025-04-25 12:48:41.90327"
[1] "Deleting Footprints... 2025-04-25 12:48:42.018834"
[1] "130 Files Succesfully Downloaded --- 2025-04-25 12:48:42"
[1] "Downloading Footprints for link 131 @ 2025-04-25 12:48:42.020766"
[1] "File Downloaded... unzipping... 2025-04-25 12:48:42.367988"
[1] "Reading in data and making spatial... 2025-04-25 12:48:42.395991"
[1] "Retrieving coordinates... 2025-04-25 12:48:42.43669"
[1] "Retrieving H3 Indexes for Buildings... 2025-04-25 12:48:42.43734"
[1] "Deleting Footprints... 2025-04-25 12:48:42.476098"
[1] "131 Files Succesfully Downloaded --- 2025-04-25 12:48:43"
[1] "Downloading Footprints for link 132 @ 2025-04-25 12:48:42.720477"
[1] "File Downloaded... unzipping... 2025-04-25 12:48:44.494145"
[1] "Reading in data and making spatial... 2025-04-25 12:48:44.51848"
[1] "Retrieving coordinates... 2025-04-25 12:48:44.558424"
[1] "Retrieving H3 Indexes for Buildings... 2025-04-25 12:48:44.558997"
[1] "Deleting Footprints... 2025-04-25 12:48:44.598764"
[1] "132 Files Succesfully Downloaded --- 2025-04-25 12:48:45"
[1] "Downloading Footprints for link 133 @ 2025-04-25 12:48:44.600912"
[1] "File Downloaded... unzipping... 2025-04-25 12:48:45.300189"
[1] "Reading in data and making spatial... 2025-04-25 12:48:45.329163"
[1] "Retrieving coordinates... 2025-04-25 12:48:45.436566"
[1] "Retrieving H3 Indexes for Buildings... 2025-04-25 12:48:45.437671"
[1] "Deleting Footprints... 2025-04-25 12:48:45.550585"
[1] "133 Files Succesfully Downloaded --- 2025-04-25 12:48:46"
[1] "Downloading Footprints for link 134 @ 2025-04-25 12:48:45.552766"
[1] "File Downloaded... unzipping... 2025-04-25 12:48:46.085176"
[1] "Reading in data and making spatial... 2025-04-25 12:48:46.116171"
[1] "Retrieving coordinates... 2025-04-25 12:48:46.178831"
[1] "Retrieving H3 Indexes for Buildings... 2025-04-25 12:48:46.179669"
[1] "Deleting Footprints... 2025-04-25 12:48:46.219008"
[1] "134 Files Succesfully Downloaded --- 2025-04-25 12:48:46"
[1] "Downloading Footprints for link 135 @ 2025-04-25 12:48:46.221156"
[1] "File Downloaded... unzipping... 2025-04-25 12:48:46.569863"
[1] "Reading in data and making spatial... 2025-04-25 12:48:46.592992"
[1] "Retrieving coordinates... 2025-04-25 12:48:46.619506"
[1] "Retrieving H3 Indexes for Buildings... 2025-04-25 12:48:46.619972"
[1] "Deleting Footprints... 2025-04-25 12:48:46.866752"
[1] "135 Files Succesfully Downloaded --- 2025-04-25 12:48:47"
[1] "Downloading Footprints for link 136 @ 2025-04-25 12:48:46.870792"
[1] "File Downloaded... unzipping... 2025-04-25 12:48:47.228749"
[1] "Reading in data and making spatial... 2025-04-25 12:48:47.25153"
[1] "Retrieving coordinates... 2025-04-25 12:48:47.275648"
[1] "Retrieving H3 Indexes for Buildings... 2025-04-25 12:48:47.276107"
[1] "Deleting Footprints... 2025-04-25 12:48:47.311362"
[1] "136 Files Succesfully Downloaded --- 2025-04-25 12:48:47"
[1] "Downloading Footprints for link 137 @ 2025-04-25 12:48:47.313932"
[1] "File Downloaded... unzipping... 2025-04-25 12:48:47.809267"
[1] "Reading in data and making spatial... 2025-04-25 12:48:47.834555"
[1] "Retrieving coordinates... 2025-04-25 12:48:47.901101"
[1] "Retrieving H3 Indexes for Buildings... 2025-04-25 12:48:47.901912"
[1] "Deleting Footprints... 2025-04-25 12:48:47.939623"
[1] "137 Files Succesfully Downloaded --- 2025-04-25 12:48:48"
[1] "Downloading Footprints for link 138 @ 2025-04-25 12:48:47.943964"
[1] "File Downloaded... unzipping... 2025-04-25 12:48:48.374902"
[1] "Reading in data and making spatial... 2025-04-25 12:48:48.399175"
[1] "Retrieving coordinates... 2025-04-25 12:48:48.458798"
[1] "Retrieving H3 Indexes for Buildings... 2025-04-25 12:48:48.459548"
[1] "Deleting Footprints... 2025-04-25 12:48:48.580418"
[1] "138 Files Succesfully Downloaded --- 2025-04-25 12:48:49"
[1] "Downloading Footprints for link 139 @ 2025-04-25 12:48:48.582563"
[1] "File Downloaded... unzipping... 2025-04-25 12:48:48.985277"
[1] "Reading in data and making spatial... 2025-04-25 12:48:49.010918"
[1] "Retrieving coordinates... 2025-04-25 12:48:49.064144"
[1] "Retrieving H3 Indexes for Buildings... 2025-04-25 12:48:49.064857"
[1] "Deleting Footprints... 2025-04-25 12:48:49.103787"
[1] "139 Files Succesfully Downloaded --- 2025-04-25 12:48:49"
[1] "Downloading Footprints for link 140 @ 2025-04-25 12:48:49.105499"
[1] "File Downloaded... unzipping... 2025-04-25 12:48:49.698585"
[1] "Reading in data and making spatial... 2025-04-25 12:48:49.72597"
[1] "Retrieving coordinates... 2025-04-25 12:48:49.800586"
[1] "Retrieving H3 Indexes for Buildings... 2025-04-25 12:48:49.801404"
[1] "Deleting Footprints... 2025-04-25 12:48:49.844898"
[1] "140 Files Succesfully Downloaded --- 2025-04-25 12:48:50"
[1] "Downloading Footprints for link 141 @ 2025-04-25 12:48:49.848761"
[1] "File Downloaded... unzipping... 2025-04-25 12:48:50.251931"
[1] "Reading in data and making spatial... 2025-04-25 12:48:50.273999"
[1] "Retrieving coordinates... 2025-04-25 12:48:50.304093"
[1] "Retrieving H3 Indexes for Buildings... 2025-04-25 12:48:50.304582"
[1] "Deleting Footprints... 2025-04-25 12:48:50.415801"
[1] "141 Files Succesfully Downloaded --- 2025-04-25 12:48:50"
[1] "Downloading Footprints for link 142 @ 2025-04-25 12:48:50.418408"
[1] "File Downloaded... unzipping... 2025-04-25 12:48:51.008241"
[1] "Reading in data and making spatial... 2025-04-25 12:48:51.034454"
[1] "Retrieving coordinates... 2025-04-25 12:48:51.11054"
[1] "Retrieving H3 Indexes for Buildings... 2025-04-25 12:48:51.111394"
[1] "Deleting Footprints... 2025-04-25 12:48:51.152539"
[1] "142 Files Succesfully Downloaded --- 2025-04-25 12:48:51"
[1] "Downloading Footprints for link 143 @ 2025-04-25 12:48:51.15556"
[1] "File Downloaded... unzipping... 2025-04-25 12:48:51.721138"
[1] "Reading in data and making spatial... 2025-04-25 12:48:51.752229"
[1] "Retrieving coordinates... 2025-04-25 12:48:51.846258"
[1] "Retrieving H3 Indexes for Buildings... 2025-04-25 12:48:51.847243"
[1] "Deleting Footprints... 2025-04-25 12:48:51.963579"
[1] "143 Files Succesfully Downloaded --- 2025-04-25 12:48:52"
[1] "Downloading Footprints for link 144 @ 2025-04-25 12:48:51.965666"
[1] "File Downloaded... unzipping... 2025-04-25 12:48:52.427452"
[1] "Reading in data and making spatial... 2025-04-25 12:48:52.452003"
[1] "Retrieving coordinates... 2025-04-25 12:48:52.5095"
[1] "Retrieving H3 Indexes for Buildings... 2025-04-25 12:48:52.510192"
[1] "Deleting Footprints... 2025-04-25 12:48:52.636599"
[1] "144 Files Succesfully Downloaded --- 2025-04-25 12:48:53"
[1] "Downloading Footprints for link 145 @ 2025-04-25 12:48:52.64031"
[1] "File Downloaded... unzipping... 2025-04-25 12:48:53.196744"
[1] "Reading in data and making spatial... 2025-04-25 12:48:53.224445"
[1] "Retrieving coordinates... 2025-04-25 12:48:53.325713"
[1] "Retrieving H3 Indexes for Buildings... 2025-04-25 12:48:53.326739"
[1] "Deleting Footprints... 2025-04-25 12:48:53.367431"
[1] "145 Files Succesfully Downloaded --- 2025-04-25 12:48:53"
[1] "Downloading Footprints for link 146 @ 2025-04-25 12:48:53.370402"
[1] "File Downloaded... unzipping... 2025-04-25 12:48:53.862889"
[1] "Reading in data and making spatial... 2025-04-25 12:48:53.886655"
[1] "Retrieving coordinates... 2025-04-25 12:48:53.94847"
[1] "Retrieving H3 Indexes for Buildings... 2025-04-25 12:48:53.949177"
[1] "Deleting Footprints... 2025-04-25 12:48:53.987717"
[1] "146 Files Succesfully Downloaded --- 2025-04-25 12:48:54"
[1] "Downloading Footprints for link 147 @ 2025-04-25 12:48:53.989472"
[1] "File Downloaded... unzipping... 2025-04-25 12:48:54.563846"
[1] "Reading in data and making spatial... 2025-04-25 12:48:54.591744"
[1] "Retrieving coordinates... 2025-04-25 12:48:54.805768"
[1] "Retrieving H3 Indexes for Buildings... 2025-04-25 12:48:54.807099"
[1] "Deleting Footprints... 2025-04-25 12:48:54.848015"
[1] "147 Files Succesfully Downloaded --- 2025-04-25 12:48:55"
[1] "Downloading Footprints for link 148 @ 2025-04-25 12:48:54.84982"
[1] "File Downloaded... unzipping... 2025-04-25 12:48:55.513005"
[1] "Reading in data and making spatial... 2025-04-25 12:48:55.543591"
[1] "Retrieving coordinates... 2025-04-25 12:48:55.719358"
[1] "Retrieving H3 Indexes for Buildings... 2025-04-25 12:48:55.720976"
[1] "Deleting Footprints... 2025-04-25 12:48:55.765564"
[1] "148 Files Succesfully Downloaded --- 2025-04-25 12:48:56"
[1] "Downloading Footprints for link 149 @ 2025-04-25 12:48:55.767484"
[1] "File Downloaded... unzipping... 2025-04-25 12:48:56.596083"
[1] "Reading in data and making spatial... 2025-04-25 12:48:56.715142"
[1] "Retrieving coordinates... 2025-04-25 12:48:56.947683"
[1] "Retrieving H3 Indexes for Buildings... 2025-04-25 12:48:56.949534"
[1] "Deleting Footprints... 2025-04-25 12:48:56.995607"
[1] "149 Files Succesfully Downloaded --- 2025-04-25 12:48:57"
[1] "Downloading Footprints for link 150 @ 2025-04-25 12:48:56.999085"
[1] "File Downloaded... unzipping... 2025-04-25 12:48:57.618034"
[1] "Reading in data and making spatial... 2025-04-25 12:48:57.645622"
[1] "Retrieving coordinates... 2025-04-25 12:48:57.751178"
[1] "Retrieving H3 Indexes for Buildings... 2025-04-25 12:48:57.752229"
[1] "Deleting Footprints... 2025-04-25 12:48:57.876773"
[1] "150 Files Succesfully Downloaded --- 2025-04-25 12:48:58"
[1] "Downloading Footprints for link 151 @ 2025-04-25 12:48:57.880398"
[1] "File Downloaded... unzipping... 2025-04-25 12:48:58.301479"
[1] "Reading in data and making spatial... 2025-04-25 12:48:58.323583"
[1] "Retrieving coordinates... 2025-04-25 12:48:58.358703"
[1] "Retrieving H3 Indexes for Buildings... 2025-04-25 12:48:58.35919"
[1] "Deleting Footprints... 2025-04-25 12:48:58.493277"
[1] "151 Files Succesfully Downloaded --- 2025-04-25 12:48:58"
[1] "Downloading Footprints for link 152 @ 2025-04-25 12:48:58.495126"
[1] "File Downloaded... unzipping... 2025-04-25 12:48:59.248159"
[1] "Reading in data and making spatial... 2025-04-25 12:48:59.285042"
[1] "Retrieving coordinates... 2025-04-25 12:48:59.423501"
[1] "Retrieving H3 Indexes for Buildings... 2025-04-25 12:48:59.424724"
[1] "Deleting Footprints... 2025-04-25 12:48:59.471871"
[1] "152 Files Succesfully Downloaded --- 2025-04-25 12:48:59"
[1] "Downloading Footprints for link 153 @ 2025-04-25 12:48:59.472824"
[1] "File Downloaded... unzipping... 2025-04-25 12:48:59.929604"
[1] "Reading in data and making spatial... 2025-04-25 12:48:59.952697"
[1] "Retrieving coordinates... 2025-04-25 12:49:00.001645"
[1] "Retrieving H3 Indexes for Buildings... 2025-04-25 12:49:00.00226"
[1] "Deleting Footprints... 2025-04-25 12:49:00.121949"
[1] "153 Files Succesfully Downloaded --- 2025-04-25 12:49:00"
[1] "Downloading Footprints for link 154 @ 2025-04-25 12:49:00.123975"
[1] "File Downloaded... unzipping... 2025-04-25 12:49:00.726656"
[1] "Reading in data and making spatial... 2025-04-25 12:49:00.75771"
[1] "Retrieving coordinates... 2025-04-25 12:49:00.858619"
[1] "Retrieving H3 Indexes for Buildings... 2025-04-25 12:49:00.859602"
[1] "Deleting Footprints... 2025-04-25 12:49:00.985928"
[1] "154 Files Succesfully Downloaded --- 2025-04-25 12:49:01"
[1] "Downloading Footprints for link 155 @ 2025-04-25 12:49:00.990206"
[1] "File Downloaded... unzipping... 2025-04-25 12:49:01.601817"
[1] "Reading in data and making spatial... 2025-04-25 12:49:01.812485"
[1] "Retrieving coordinates... 2025-04-25 12:49:01.910425"
[1] "Retrieving H3 Indexes for Buildings... 2025-04-25 12:49:01.911384"
[1] "Deleting Footprints... 2025-04-25 12:49:01.953543"
[1] "155 Files Succesfully Downloaded --- 2025-04-25 12:49:02"
[1] "Downloading Footprints for link 156 @ 2025-04-25 12:49:01.954505"
[1] "File Downloaded... unzipping... 2025-04-25 12:49:02.600985"
[1] "Reading in data and making spatial... 2025-04-25 12:49:02.62976"
[1] "Retrieving coordinates... 2025-04-25 12:49:02.721253"
[1] "Retrieving H3 Indexes for Buildings... 2025-04-25 12:49:02.722161"
[1] "Deleting Footprints... 2025-04-25 12:49:02.843872"
[1] "156 Files Succesfully Downloaded --- 2025-04-25 12:49:03"
[1] "Downloading Footprints for link 157 @ 2025-04-25 12:49:02.84598"
[1] "File Downloaded... unzipping... 2025-04-25 12:49:03.354893"
[1] "Reading in data and making spatial... 2025-04-25 12:49:03.378001"
[1] "Retrieving coordinates... 2025-04-25 12:49:03.416205"
[1] "Retrieving H3 Indexes for Buildings... 2025-04-25 12:49:03.416758"
[1] "Deleting Footprints... 2025-04-25 12:49:03.539164"
[1] "157 Files Succesfully Downloaded --- 2025-04-25 12:49:04"
[1] "Downloading Footprints for link 158 @ 2025-04-25 12:49:03.542166"
[1] "File Downloaded... unzipping... 2025-04-25 12:49:04.227221"
[1] "Reading in data and making spatial... 2025-04-25 12:49:04.261195"
[1] "Retrieving coordinates... 2025-04-25 12:49:04.40674"
[1] "Retrieving H3 Indexes for Buildings... 2025-04-25 12:49:04.40805"
[1] "Deleting Footprints... 2025-04-25 12:49:04.68822"
[1] "158 Files Succesfully Downloaded --- 2025-04-25 12:49:05"
[1] "Downloading Footprints for link 159 @ 2025-04-25 12:49:04.690252"
[1] "File Downloaded... unzipping... 2025-04-25 12:49:05.56211"
[1] "Reading in data and making spatial... 2025-04-25 12:49:05.620165"
[1] "Retrieving coordinates... 2025-04-25 12:49:06.070313"
[1] "Retrieving H3 Indexes for Buildings... 2025-04-25 12:49:06.074095"
[1] "Deleting Footprints... 2025-04-25 12:49:06.129834"
[1] "159 Files Succesfully Downloaded --- 2025-04-25 12:49:06"
[1] "SCRIPT COMPLETE @ 2025-04-25 12:49:07"
