[1] "Starting at: 2025-04-25 12:46:42"
[1] "Loading Links at: 2025-04-25 12:46:53"
[1] "quadkeys to download: 68"
[1] "Downloading and Joining footprints to Hex @ 2025-04-25 12:46:53"
[1] "Downloading Footprints for link 1 @ 2025-04-25 12:46:52.723439"
[1] "File Downloaded... unzipping... 2025-04-25 12:46:53.586837"
[1] "Reading in data and making spatial... 2025-04-25 12:46:53.655533"
[1] "Retrieving coordinates... 2025-04-25 12:46:54.928922"
[1] "Retrieving H3 Indexes for Buildings... 2025-04-25 12:46:55.636296"
[1] "Deleting Footprints... 2025-04-25 12:46:55.660272"
[1] "1 Files Succesfully Downloaded --- 2025-04-25 12:46:56"
[1] "Downloading Footprints for link 2 @ 2025-04-25 12:46:55.663447"
[1] "File Downloaded... unzipping... 2025-04-25 12:46:57.282279"
[1] "Reading in data and making spatial... 2025-04-25 12:46:57.786474"
[1] "Retrieving coordinates... 2025-04-25 12:47:08.543927"
[1] "Retrieving H3 Indexes for Buildings... 2025-04-25 12:47:08.624184"
[1] "Deleting Footprints... 2025-04-25 12:47:08.969167"
[1] "2 Files Succesfully Downloaded --- 2025-04-25 12:47:09"
[1] "Downloading Footprints for link 3 @ 2025-04-25 12:47:08.973066"
[1] "File Downloaded... unzipping... 2025-04-25 12:47:10.017345"
[1] "Reading in data and making spatial... 2025-04-25 12:47:10.098974"
[1] "Retrieving coordinates... 2025-04-25 12:47:10.972103"
[1] "Retrieving H3 Indexes for Buildings... 2025-04-25 12:47:10.980251"
[1] "Deleting Footprints... 2025-04-25 12:47:11.031971"
[1] "3 Files Succesfully Downloaded --- 2025-04-25 12:47:11"
[1] "Downloading Footprints for link 4 @ 2025-04-25 12:47:11.035802"
[1] "File Downloaded... unzipping... 2025-04-25 12:47:11.858845"
[1] "Reading in data and making spatial... 2025-04-25 12:47:11.975545"
[1] "Retrieving coordinates... 2025-04-25 12:47:12.674353"
[1] "Retrieving H3 Indexes for Buildings... 2025-04-25 12:47:12.680647"
[1] "Deleting Footprints... 2025-04-25 12:47:12.833221"
[1] "4 Files Succesfully Downloaded --- 2025-04-25 12:47:13"
[1] "Downloading Footprints for link 5 @ 2025-04-25 12:47:12.836224"
[1] "File Downloaded... unzipping... 2025-04-25 12:47:13.584297"
[1] "Reading in data and making spatial... 2025-04-25 12:47:13.623131"
[1] "Retrieving coordinates... 2025-04-25 12:47:13.796391"
[1] "Retrieving H3 Indexes for Buildings... 2025-04-25 12:47:13.798196"
[1] "Deleting Footprints... 2025-04-25 12:47:13.819502"
[1] "5 Files Succesfully Downloaded --- 2025-04-25 12:47:14"
[1] "Downloading Footprints for link 6 @ 2025-04-25 12:47:13.822321"
[1] "File Downloaded... unzipping... 2025-04-25 12:47:14.804162"
[1] "Reading in data and making spatial... 2025-04-25 12:47:14.899241"
[1] "Retrieving coordinates... 2025-04-25 12:47:15.731704"
[1] "Retrieving H3 Indexes for Buildings... 2025-04-25 12:47:15.739405"
[1] "Deleting Footprints... 2025-04-25 12:47:15.879081"
[1] "6 Files Succesfully Downloaded --- 2025-04-25 12:47:16"
[1] "Downloading Footprints for link 7 @ 2025-04-25 12:47:15.882495"
[1] "File Downloaded... unzipping... 2025-04-25 12:47:16.330892"
[1] "Reading in data and making spatial... 2025-04-25 12:47:16.356522"
[1] "Retrieving coordinates... 2025-04-25 12:47:16.40624"
[1] "Retrieving H3 Indexes for Buildings... 2025-04-25 12:47:16.406922"
[1] "Deleting Footprints... 2025-04-25 12:47:16.42917"
[1] "7 Files Succesfully Downloaded --- 2025-04-25 12:47:16"
[1] "Downloading Footprints for link 8 @ 2025-04-25 12:47:16.431402"
[1] "File Downloaded... unzipping... 2025-04-25 12:47:17.05151"
[1] "Reading in data and making spatial... 2025-04-25 12:47:17.080153"
[1] "Retrieving coordinates... 2025-04-25 12:47:17.180906"
[1] "Retrieving H3 Indexes for Buildings... 2025-04-25 12:47:17.182098"
[1] "Deleting Footprints... 2025-04-25 12:47:17.292686"
[1] "8 Files Succesfully Downloaded --- 2025-04-25 12:47:17"
[1] "Downloading Footprints for link 9 @ 2025-04-25 12:47:17.295629"
[1] "File Downloaded... unzipping... 2025-04-25 12:47:18.039226"
[1] "Reading in data and making spatial... 2025-04-25 12:47:18.076652"
[1] "Retrieving coordinates... 2025-04-25 12:47:18.318789"
[1] "Retrieving H3 Indexes for Buildings... 2025-04-25 12:47:18.321172"
[1] "Deleting Footprints... 2025-04-25 12:47:18.671439"
[1] "9 Files Succesfully Downloaded --- 2025-04-25 12:47:19"
[1] "Downloading Footprints for link 10 @ 2025-04-25 12:47:18.674352"
[1] "File Downloaded... unzipping... 2025-04-25 12:47:19.362068"
[1] "Reading in data and making spatial... 2025-04-25 12:47:19.408251"
[1] "Retrieving coordinates... 2025-04-25 12:47:19.646528"
[1] "Retrieving H3 Indexes for Buildings... 2025-04-25 12:47:19.648695"
[1] "Deleting Footprints... 2025-04-25 12:47:19.673308"
[1] "10 Files Succesfully Downloaded --- 2025-04-25 12:47:20"
[1] "Downloading Footprints for link 11 @ 2025-04-25 12:47:19.675665"
[1] "File Downloaded... unzipping... 2025-04-25 12:47:20.084159"
[1] "Reading in data and making spatial... 2025-04-25 12:47:20.114197"
[1] "Retrieving coordinates... 2025-04-25 12:47:20.156676"
[1] "Retrieving H3 Indexes for Buildings... 2025-04-25 12:47:20.157346"
[1] "Deleting Footprints... 2025-04-25 12:47:20.175518"
[1] "11 Files Succesfully Downloaded --- 2025-04-25 12:47:20"
[1] "Downloading Footprints for link 12 @ 2025-04-25 12:47:20.177521"
[1] "File Downloaded... unzipping... 2025-04-25 12:47:20.819182"
[1] "Reading in data and making spatial... 2025-04-25 12:47:20.85103"
[1] "Retrieving coordinates... 2025-04-25 12:47:20.963203"
[1] "Retrieving H3 Indexes for Buildings... 2025-04-25 12:47:20.964465"
[1] "Deleting Footprints... 2025-04-25 12:47:21.075758"
[1] "12 Files Succesfully Downloaded --- 2025-04-25 12:47:21"
[1] "Downloading Footprints for link 13 @ 2025-04-25 12:47:21.077906"
[1] "File Downloaded... unzipping... 2025-04-25 12:47:21.660496"
[1] "Reading in data and making spatial... 2025-04-25 12:47:21.699067"
[1] "Retrieving coordinates... 2025-04-25 12:47:21.834936"
[1] "Retrieving H3 Indexes for Buildings... 2025-04-25 12:47:21.836332"
[1] "Deleting Footprints... 2025-04-25 12:47:21.857996"
[1] "13 Files Succesfully Downloaded --- 2025-04-25 12:47:22"
[1] "Downloading Footprints for link 14 @ 2025-04-25 12:47:21.862664"
[1] "File Downloaded... unzipping... 2025-04-25 12:47:22.553689"
[1] "Reading in data and making spatial... 2025-04-25 12:47:22.588662"
[1] "Retrieving coordinates... 2025-04-25 12:47:22.726919"
[1] "Retrieving H3 Indexes for Buildings... 2025-04-25 12:47:22.728443"
[1] "Deleting Footprints... 2025-04-25 12:47:22.839629"
[1] "14 Files Succesfully Downloaded --- 2025-04-25 12:47:23"
[1] "Downloading Footprints for link 15 @ 2025-04-25 12:47:22.843694"
[1] "File Downloaded... unzipping... 2025-04-25 12:47:23.59003"
[1] "Reading in data and making spatial... 2025-04-25 12:47:23.631994"
[1] "Retrieving coordinates... 2025-04-25 12:47:23.839613"
[1] "Retrieving H3 Indexes for Buildings... 2025-04-25 12:47:23.841666"
[1] "Deleting Footprints... 2025-04-25 12:47:24.680674"
[1] "15 Files Succesfully Downloaded --- 2025-04-25 12:47:25"
[1] "Downloading Footprints for link 16 @ 2025-04-25 12:47:24.683645"
[1] "File Downloaded... unzipping... 2025-04-25 12:47:25.60095"
[1] "Reading in data and making spatial... 2025-04-25 12:47:25.812281"
[1] "Retrieving coordinates... 2025-04-25 12:47:26.14593"
[1] "Retrieving H3 Indexes for Buildings... 2025-04-25 12:47:26.148766"
[1] "Deleting Footprints... 2025-04-25 12:47:26.181397"
[1] "16 Files Succesfully Downloaded --- 2025-04-25 12:47:26"
[1] "Downloading Footprints for link 17 @ 2025-04-25 12:47:26.184183"
[1] "File Downloaded... unzipping... 2025-04-25 12:47:27.089634"
[1] "Reading in data and making spatial... 2025-04-25 12:47:27.250482"
[1] "Retrieving coordinates... 2025-04-25 12:47:27.52266"
[1] "Retrieving H3 Indexes for Buildings... 2025-04-25 12:47:27.524879"
[1] "Deleting Footprints... 2025-04-25 12:47:27.555489"
[1] "17 Files Succesfully Downloaded --- 2025-04-25 12:47:28"
[1] "Downloading Footprints for link 18 @ 2025-04-25 12:47:27.557965"
[1] "File Downloaded... unzipping... 2025-04-25 12:47:28.560017"
[1] "Reading in data and making spatial... 2025-04-25 12:47:28.998357"
[1] "Retrieving coordinates... 2025-04-25 12:47:29.562525"
[1] "Retrieving H3 Indexes for Buildings... 2025-04-25 12:47:29.566685"
[1] "Deleting Footprints... 2025-04-25 12:47:29.685129"
[1] "18 Files Succesfully Downloaded --- 2025-04-25 12:47:30"
[1] "Downloading Footprints for link 19 @ 2025-04-25 12:47:29.687082"
[1] "File Downloaded... unzipping... 2025-04-25 12:47:30.708346"
[1] "Reading in data and making spatial... 2025-04-25 12:47:30.815709"
[1] "Retrieving coordinates... 2025-04-25 12:47:31.482146"
[1] "Retrieving H3 Indexes for Buildings... 2025-04-25 12:47:31.486795"
[1] "Deleting Footprints... 2025-04-25 12:47:31.536209"
[1] "19 Files Succesfully Downloaded --- 2025-04-25 12:47:32"
[1] "Downloading Footprints for link 20 @ 2025-04-25 12:47:31.538814"
[1] "File Downloaded... unzipping... 2025-04-25 12:47:37.473131"
[1] "Reading in data and making spatial... 2025-04-25 12:47:37.59064"
[1] "Retrieving coordinates... 2025-04-25 12:47:39.431641"
[1] "Retrieving H3 Indexes for Buildings... 2025-04-25 12:47:39.44294"
[1] "Deleting Footprints... 2025-04-25 12:47:39.859504"
[1] "20 Files Succesfully Downloaded --- 2025-04-25 12:47:40"
[1] "Downloading Footprints for link 21 @ 2025-04-25 12:47:39.865268"
[1] "File Downloaded... unzipping... 2025-04-25 12:47:40.840731"
[1] "Reading in data and making spatial... 2025-04-25 12:47:40.925769"
[1] "Retrieving coordinates... 2025-04-25 12:47:41.542644"
[1] "Retrieving H3 Indexes for Buildings... 2025-04-25 12:47:41.547486"
[1] "Deleting Footprints... 2025-04-25 12:47:41.602276"
[1] "21 Files Succesfully Downloaded --- 2025-04-25 12:47:42"
[1] "Downloading Footprints for link 22 @ 2025-04-25 12:47:41.603476"
[1] "File Downloaded... unzipping... 2025-04-25 12:47:42.204135"
[1] "Reading in data and making spatial... 2025-04-25 12:47:42.23668"
[1] "Retrieving coordinates... 2025-04-25 12:47:42.378839"
[1] "Retrieving H3 Indexes for Buildings... 2025-04-25 12:47:42.380111"
[1] "Deleting Footprints... 2025-04-25 12:47:42.416652"
[1] "22 Files Succesfully Downloaded --- 2025-04-25 12:47:42"
[1] "Downloading Footprints for link 23 @ 2025-04-25 12:47:42.418008"
[1] "File Downloaded... unzipping... 2025-04-25 12:47:43.152431"
[1] "Reading in data and making spatial... 2025-04-25 12:47:43.188238"
[1] "Retrieving coordinates... 2025-04-25 12:47:43.382335"
[1] "Retrieving H3 Indexes for Buildings... 2025-04-25 12:47:43.383967"
[1] "Deleting Footprints... 2025-04-25 12:47:43.496779"
[1] "23 Files Succesfully Downloaded --- 2025-04-25 12:47:43"
[1] "Downloading Footprints for link 24 @ 2025-04-25 12:47:43.50011"
[1] "File Downloaded... unzipping... 2025-04-25 12:47:44.160136"
[1] "Reading in data and making spatial... 2025-04-25 12:47:44.191452"
[1] "Retrieving coordinates... 2025-04-25 12:47:44.342194"
[1] "Retrieving H3 Indexes for Buildings... 2025-04-25 12:47:44.343558"
[1] "Deleting Footprints... 2025-04-25 12:47:44.37571"
[1] "24 Files Succesfully Downloaded --- 2025-04-25 12:47:44"
[1] "Downloading Footprints for link 25 @ 2025-04-25 12:47:44.378792"
[1] "File Downloaded... unzipping... 2025-04-25 12:47:45.103521"
[1] "Reading in data and making spatial... 2025-04-25 12:47:45.137747"
[1] "Retrieving coordinates... 2025-04-25 12:47:45.327578"
[1] "Retrieving H3 Indexes for Buildings... 2025-04-25 12:47:45.329242"
[1] "Deleting Footprints... 2025-04-25 12:47:45.434823"
[1] "25 Files Succesfully Downloaded --- 2025-04-25 12:47:45"
[1] "Downloading Footprints for link 26 @ 2025-04-25 12:47:45.437462"
[1] "File Downloaded... unzipping... 2025-04-25 12:47:46.134247"
[1] "Reading in data and making spatial... 2025-04-25 12:47:46.177495"
[1] "Retrieving coordinates... 2025-04-25 12:47:46.419069"
[1] "Retrieving H3 Indexes for Buildings... 2025-04-25 12:47:46.421024"
[1] "Deleting Footprints... 2025-04-25 12:47:46.456588"
[1] "26 Files Succesfully Downloaded --- 2025-04-25 12:47:46"
[1] "Downloading Footprints for link 27 @ 2025-04-25 12:47:46.45963"
[1] "File Downloaded... unzipping... 2025-04-25 12:47:47.276106"
[1] "Reading in data and making spatial... 2025-04-25 12:47:47.389096"
[1] "Retrieving coordinates... 2025-04-25 12:47:47.655114"
[1] "Retrieving H3 Indexes for Buildings... 2025-04-25 12:47:47.657152"
[1] "Deleting Footprints... 2025-04-25 12:47:47.839645"
[1] "27 Files Succesfully Downloaded --- 2025-04-25 12:47:48"
[1] "Downloading Footprints for link 28 @ 2025-04-25 12:47:47.841542"
[1] "File Downloaded... unzipping... 2025-04-25 12:47:48.474047"
[1] "Reading in data and making spatial... 2025-04-25 12:47:48.50511"
[1] "Retrieving coordinates... 2025-04-25 12:47:48.650137"
[1] "Retrieving H3 Indexes for Buildings... 2025-04-25 12:47:48.651476"
[1] "Deleting Footprints... 2025-04-25 12:47:48.684299"
[1] "28 Files Succesfully Downloaded --- 2025-04-25 12:47:49"
[1] "Downloading Footprints for link 29 @ 2025-04-25 12:47:48.68836"
[1] "File Downloaded... unzipping... 2025-04-25 12:47:49.399654"
[1] "Reading in data and making spatial... 2025-04-25 12:47:49.435239"
[1] "Retrieving coordinates... 2025-04-25 12:47:49.642991"
[1] "Retrieving H3 Indexes for Buildings... 2025-04-25 12:47:49.644686"
[1] "Deleting Footprints... 2025-04-25 12:47:49.755997"
[1] "29 Files Succesfully Downloaded --- 2025-04-25 12:47:50"
[1] "Downloading Footprints for link 30 @ 2025-04-25 12:47:49.758075"
[1] "File Downloaded... unzipping... 2025-04-25 12:47:50.174748"
[1] "Reading in data and making spatial... 2025-04-25 12:47:50.198579"
[1] "Retrieving coordinates... 2025-04-25 12:47:50.229583"
[1] "Retrieving H3 Indexes for Buildings... 2025-04-25 12:47:50.230105"
[1] "Deleting Footprints... 2025-04-25 12:47:50.260377"
[1] "30 Files Succesfully Downloaded --- 2025-04-25 12:47:50"
[1] "Downloading Footprints for link 31 @ 2025-04-25 12:47:50.262807"
[1] "File Downloaded... unzipping... 2025-04-25 12:47:50.720367"
[1] "Reading in data and making spatial... 2025-04-25 12:47:50.752543"
[1] "Retrieving coordinates... 2025-04-25 12:47:50.802603"
[1] "Retrieving H3 Indexes for Buildings... 2025-04-25 12:47:50.80321"
[1] "Deleting Footprints... 2025-04-25 12:47:50.902469"
[1] "31 Files Succesfully Downloaded --- 2025-04-25 12:47:51"
[1] "Downloading Footprints for link 32 @ 2025-04-25 12:47:50.905179"
[1] "File Downloaded... unzipping... 2025-04-25 12:47:51.594915"
[1] "Reading in data and making spatial... 2025-04-25 12:47:51.635953"
[1] "Retrieving coordinates... 2025-04-25 12:47:51.955937"
[1] "Retrieving H3 Indexes for Buildings... 2025-04-25 12:47:51.957848"
[1] "Deleting Footprints... 2025-04-25 12:47:51.994495"
[1] "32 Files Succesfully Downloaded --- 2025-04-25 12:47:52"
[1] "Downloading Footprints for link 33 @ 2025-04-25 12:47:51.996156"
[1] "File Downloaded... unzipping... 2025-04-25 12:47:52.503181"
[1] "Reading in data and making spatial... 2025-04-25 12:47:52.529741"
[1] "Retrieving coordinates... 2025-04-25 12:47:52.582712"
[1] "Retrieving H3 Indexes for Buildings... 2025-04-25 12:47:52.583367"
[1] "Deleting Footprints... 2025-04-25 12:47:52.612115"
[1] "33 Files Succesfully Downloaded --- 2025-04-25 12:47:53"
[1] "Downloading Footprints for link 34 @ 2025-04-25 12:47:52.620905"
[1] "File Downloaded... unzipping... 2025-04-25 12:47:53.022322"
[1] "Reading in data and making spatial... 2025-04-25 12:47:53.046904"
[1] "Retrieving coordinates... 2025-04-25 12:47:53.085171"
[1] "Retrieving H3 Indexes for Buildings... 2025-04-25 12:47:53.086096"
[1] "Deleting Footprints... 2025-04-25 12:47:53.234873"
[1] "34 Files Succesfully Downloaded --- 2025-04-25 12:47:53"
[1] "Downloading Footprints for link 35 @ 2025-04-25 12:47:53.237289"
[1] "File Downloaded... unzipping... 2025-04-25 12:47:54.105723"
[1] "Reading in data and making spatial... 2025-04-25 12:47:54.172554"
[1] "Retrieving coordinates... 2025-04-25 12:47:54.494802"
[1] "Retrieving H3 Indexes for Buildings... 2025-04-25 12:47:54.497349"
[1] "Deleting Footprints... 2025-04-25 12:47:54.620036"
[1] "35 Files Succesfully Downloaded --- 2025-04-25 12:47:55"
[1] "Downloading Footprints for link 36 @ 2025-04-25 12:47:54.621947"
[1] "File Downloaded... unzipping... 2025-04-25 12:47:55.184713"
[1] "Reading in data and making spatial... 2025-04-25 12:47:55.222263"
[1] "Retrieving coordinates... 2025-04-25 12:47:55.345974"
[1] "Retrieving H3 Indexes for Buildings... 2025-04-25 12:47:55.347078"
[1] "Deleting Footprints... 2025-04-25 12:47:55.456128"
[1] "36 Files Succesfully Downloaded --- 2025-04-25 12:47:55"
[1] "Downloading Footprints for link 37 @ 2025-04-25 12:47:55.460919"
[1] "File Downloaded... unzipping... 2025-04-25 12:47:56.646106"
[1] "Reading in data and making spatial... 2025-04-25 12:47:56.793283"
[1] "Retrieving coordinates... 2025-04-25 12:47:57.486071"
[1] "Retrieving H3 Indexes for Buildings... 2025-04-25 12:47:57.490122"
[1] "Deleting Footprints... 2025-04-25 12:47:57.849372"
[1] "37 Files Succesfully Downloaded --- 2025-04-25 12:47:58"
[1] "Downloading Footprints for link 38 @ 2025-04-25 12:47:57.851513"
[1] "File Downloaded... unzipping... 2025-04-25 12:47:58.353238"
[1] "Reading in data and making spatial... 2025-04-25 12:47:58.381035"
[1] "Retrieving coordinates... 2025-04-25 12:47:58.433133"
[1] "Retrieving H3 Indexes for Buildings... 2025-04-25 12:47:58.433787"
[1] "Deleting Footprints... 2025-04-25 12:47:58.467285"
[1] "38 Files Succesfully Downloaded --- 2025-04-25 12:47:58"
[1] "Downloading Footprints for link 39 @ 2025-04-25 12:47:58.468986"
[1] "File Downloaded... unzipping... 2025-04-25 12:47:58.861203"
[1] "Reading in data and making spatial... 2025-04-25 12:47:58.884917"
[1] "Retrieving coordinates... 2025-04-25 12:47:58.928968"
[1] "Retrieving H3 Indexes for Buildings... 2025-04-25 12:47:58.929565"
[1] "Deleting Footprints... 2025-04-25 12:47:58.960744"
[1] "39 Files Succesfully Downloaded --- 2025-04-25 12:47:59"
[1] "Downloading Footprints for link 40 @ 2025-04-25 12:47:58.962805"
[1] "File Downloaded... unzipping... 2025-04-25 12:47:59.633619"
[1] "Reading in data and making spatial... 2025-04-25 12:47:59.665246"
[1] "Retrieving coordinates... 2025-04-25 12:47:59.858928"
[1] "Retrieving H3 Indexes for Buildings... 2025-04-25 12:47:59.860798"
[1] "Deleting Footprints... 2025-04-25 12:47:59.969818"
[1] "40 Files Succesfully Downloaded --- 2025-04-25 12:48:00"
[1] "Downloading Footprints for link 41 @ 2025-04-25 12:47:59.970572"
[1] "File Downloaded... unzipping... 2025-04-25 12:48:00.65432"
[1] "Reading in data and making spatial... 2025-04-25 12:48:00.697989"
[1] "Retrieving coordinates... 2025-04-25 12:48:01.005624"
[1] "Retrieving H3 Indexes for Buildings... 2025-04-25 12:48:01.008274"
[1] "Deleting Footprints... 2025-04-25 12:48:01.05154"
[1] "41 Files Succesfully Downloaded --- 2025-04-25 12:48:01"
[1] "Downloading Footprints for link 42 @ 2025-04-25 12:48:01.053608"
[1] "File Downloaded... unzipping... 2025-04-25 12:48:01.797858"
[1] "Reading in data and making spatial... 2025-04-25 12:48:01.83199"
[1] "Retrieving coordinates... 2025-04-25 12:48:01.993156"
[1] "Retrieving H3 Indexes for Buildings... 2025-04-25 12:48:01.994695"
[1] "Deleting Footprints... 2025-04-25 12:48:02.102753"
[1] "42 Files Succesfully Downloaded --- 2025-04-25 12:48:02"
[1] "Downloading Footprints for link 43 @ 2025-04-25 12:48:02.105107"
[1] "File Downloaded... unzipping... 2025-04-25 12:48:02.565658"
[1] "Reading in data and making spatial... 2025-04-25 12:48:02.597196"
[1] "Retrieving coordinates... 2025-04-25 12:48:02.654779"
[1] "Retrieving H3 Indexes for Buildings... 2025-04-25 12:48:02.655488"
[1] "Deleting Footprints... 2025-04-25 12:48:02.757478"
[1] "43 Files Succesfully Downloaded --- 2025-04-25 12:48:03"
[1] "Downloading Footprints for link 44 @ 2025-04-25 12:48:02.760713"
[1] "File Downloaded... unzipping... 2025-04-25 12:48:03.349601"
[1] "Reading in data and making spatial... 2025-04-25 12:48:03.379293"
[1] "Retrieving coordinates... 2025-04-25 12:48:03.465146"
[1] "Retrieving H3 Indexes for Buildings... 2025-04-25 12:48:03.466048"
[1] "Deleting Footprints... 2025-04-25 12:48:03.725097"
[1] "44 Files Succesfully Downloaded --- 2025-04-25 12:48:04"
[1] "Downloading Footprints for link 45 @ 2025-04-25 12:48:03.727411"
[1] "File Downloaded... unzipping... 2025-04-25 12:48:04.650201"
[1] "Reading in data and making spatial... 2025-04-25 12:48:04.705307"
[1] "Retrieving coordinates... 2025-04-25 12:48:05.146168"
[1] "Retrieving H3 Indexes for Buildings... 2025-04-25 12:48:05.149921"
[1] "Deleting Footprints... 2025-04-25 12:48:05.200495"
[1] "45 Files Succesfully Downloaded --- 2025-04-25 12:48:05"
[1] "Downloading Footprints for link 46 @ 2025-04-25 12:48:05.203744"
[1] "File Downloaded... unzipping... 2025-04-25 12:48:06.090545"
[1] "Reading in data and making spatial... 2025-04-25 12:48:06.371377"
[1] "Retrieving coordinates... 2025-04-25 12:48:06.867752"
[1] "Retrieving H3 Indexes for Buildings... 2025-04-25 12:48:06.870283"
[1] "Deleting Footprints... 2025-04-25 12:48:06.99075"
[1] "46 Files Succesfully Downloaded --- 2025-04-25 12:48:07"
[1] "Downloading Footprints for link 47 @ 2025-04-25 12:48:06.993016"
[1] "File Downloaded... unzipping... 2025-04-25 12:48:07.818409"
[1] "Reading in data and making spatial... 2025-04-25 12:48:08.10249"
[1] "Retrieving coordinates... 2025-04-25 12:48:08.349001"
[1] "Retrieving H3 Indexes for Buildings... 2025-04-25 12:48:08.351021"
[1] "Deleting Footprints... 2025-04-25 12:48:08.397774"
[1] "47 Files Succesfully Downloaded --- 2025-04-25 12:48:08"
[1] "Downloading Footprints for link 48 @ 2025-04-25 12:48:08.400639"
[1] "File Downloaded... unzipping... 2025-04-25 12:48:09.087457"
[1] "Reading in data and making spatial... 2025-04-25 12:48:09.121176"
[1] "Retrieving coordinates... 2025-04-25 12:48:09.254637"
[1] "Retrieving H3 Indexes for Buildings... 2025-04-25 12:48:09.255916"
[1] "Deleting Footprints... 2025-04-25 12:48:09.36827"
[1] "48 Files Succesfully Downloaded --- 2025-04-25 12:48:09"
[1] "Downloading Footprints for link 49 @ 2025-04-25 12:48:09.370207"
[1] "File Downloaded... unzipping... 2025-04-25 12:48:09.941997"
[1] "Reading in data and making spatial... 2025-04-25 12:48:09.968711"
[1] "Retrieving coordinates... 2025-04-25 12:48:10.035132"
[1] "Retrieving H3 Indexes for Buildings... 2025-04-25 12:48:10.035854"
[1] "Deleting Footprints... 2025-04-25 12:48:10.136184"
[1] "49 Files Succesfully Downloaded --- 2025-04-25 12:48:10"
[1] "Downloading Footprints for link 50 @ 2025-04-25 12:48:10.1379"
[1] "File Downloaded... unzipping... 2025-04-25 12:48:11.053236"
[1] "Reading in data and making spatial... 2025-04-25 12:48:11.304157"
[1] "Retrieving coordinates... 2025-04-25 12:48:11.529211"
[1] "Retrieving H3 Indexes for Buildings... 2025-04-25 12:48:11.531254"
[1] "Deleting Footprints... 2025-04-25 12:48:11.573472"
[1] "50 Files Succesfully Downloaded --- 2025-04-25 12:48:12"
[1] "Downloading Footprints for link 51 @ 2025-04-25 12:48:11.577652"
[1] "File Downloaded... unzipping... 2025-04-25 12:48:12.646646"
[1] "Reading in data and making spatial... 2025-04-25 12:48:12.732706"
[1] "Retrieving coordinates... 2025-04-25 12:48:13.467504"
[1] "Retrieving H3 Indexes for Buildings... 2025-04-25 12:48:13.473218"
[1] "Deleting Footprints... 2025-04-25 12:48:13.540409"
[1] "51 Files Succesfully Downloaded --- 2025-04-25 12:48:14"
[1] "Downloading Footprints for link 52 @ 2025-04-25 12:48:13.543274"
[1] "File Downloaded... unzipping... 2025-04-25 12:48:14.376199"
[1] "Reading in data and making spatial... 2025-04-25 12:48:14.534403"
[1] "Retrieving coordinates... 2025-04-25 12:48:14.911686"
[1] "Retrieving H3 Indexes for Buildings... 2025-04-25 12:48:14.914686"
[1] "Deleting Footprints... 2025-04-25 12:48:14.965064"
[1] "52 Files Succesfully Downloaded --- 2025-04-25 12:48:15"
[1] "Downloading Footprints for link 53 @ 2025-04-25 12:48:14.967661"
[1] "File Downloaded... unzipping... 2025-04-25 12:48:15.722711"
[1] "Reading in data and making spatial... 2025-04-25 12:48:15.761531"
[1] "Retrieving coordinates... 2025-04-25 12:48:15.966836"
[1] "Retrieving H3 Indexes for Buildings... 2025-04-25 12:48:15.968607"
[1] "Deleting Footprints... 2025-04-25 12:48:16.140756"
[1] "53 Files Succesfully Downloaded --- 2025-04-25 12:48:16"
[1] "Downloading Footprints for link 54 @ 2025-04-25 12:48:16.146677"
[1] "File Downloaded... unzipping... 2025-04-25 12:48:16.911122"
[1] "Reading in data and making spatial... 2025-04-25 12:48:16.948942"
[1] "Retrieving coordinates... 2025-04-25 12:48:17.173697"
[1] "Retrieving H3 Indexes for Buildings... 2025-04-25 12:48:17.175534"
[1] "Deleting Footprints... 2025-04-25 12:48:17.21922"
[1] "54 Files Succesfully Downloaded --- 2025-04-25 12:48:17"
[1] "Downloading Footprints for link 55 @ 2025-04-25 12:48:17.223303"
[1] "File Downloaded... unzipping... 2025-04-25 12:48:18.124296"
[1] "Reading in data and making spatial... 2025-04-25 12:48:18.234064"
[1] "Retrieving coordinates... 2025-04-25 12:48:18.568388"
[1] "Retrieving H3 Indexes for Buildings... 2025-04-25 12:48:18.570882"
[1] "Deleting Footprints... 2025-04-25 12:48:18.708569"
[1] "55 Files Succesfully Downloaded --- 2025-04-25 12:48:19"
[1] "Downloading Footprints for link 56 @ 2025-04-25 12:48:18.712437"
[1] "File Downloaded... unzipping... 2025-04-25 12:48:20.022667"
[1] "Reading in data and making spatial... 2025-04-25 12:48:20.184621"
[1] "Retrieving coordinates... 2025-04-25 12:48:21.948716"
[1] "Retrieving H3 Indexes for Buildings... 2025-04-25 12:48:21.958722"
[1] "Deleting Footprints... 2025-04-25 12:48:22.052125"
[1] "56 Files Succesfully Downloaded --- 2025-04-25 12:48:22"
[1] "Downloading Footprints for link 57 @ 2025-04-25 12:48:22.056123"
[1] "File Downloaded... unzipping... 2025-04-25 12:48:22.970847"
[1] "Reading in data and making spatial... 2025-04-25 12:48:23.859396"
[1] "Retrieving coordinates... 2025-04-25 12:48:24.270526"
[1] "Retrieving H3 Indexes for Buildings... 2025-04-25 12:48:24.27344"
[1] "Deleting Footprints... 2025-04-25 12:48:24.828421"
[1] "57 Files Succesfully Downloaded --- 2025-04-25 12:48:25"
[1] "Downloading Footprints for link 58 @ 2025-04-25 12:48:24.833359"
[1] "File Downloaded... unzipping... 2025-04-25 12:48:25.664031"
[1] "Reading in data and making spatial... 2025-04-25 12:48:25.713154"
[1] "Retrieving coordinates... 2025-04-25 12:48:26.035429"
[1] "Retrieving H3 Indexes for Buildings... 2025-04-25 12:48:26.038215"
[1] "Deleting Footprints... 2025-04-25 12:48:26.093742"
[1] "58 Files Succesfully Downloaded --- 2025-04-25 12:48:26"
[1] "Downloading Footprints for link 59 @ 2025-04-25 12:48:26.096892"
[1] "File Downloaded... unzipping... 2025-04-25 12:48:27.062302"
[1] "Reading in data and making spatial... 2025-04-25 12:48:27.118341"
[1] "Retrieving coordinates... 2025-04-25 12:48:27.511614"
[1] "Retrieving H3 Indexes for Buildings... 2025-04-25 12:48:27.514855"
[1] "Deleting Footprints... 2025-04-25 12:48:27.65806"
[1] "59 Files Succesfully Downloaded --- 2025-04-25 12:48:28"
[1] "Downloading Footprints for link 60 @ 2025-04-25 12:48:27.661092"
[1] "File Downloaded... unzipping... 2025-04-25 12:48:28.494864"
[1] "Reading in data and making spatial... 2025-04-25 12:48:28.609987"
[1] "Retrieving coordinates... 2025-04-25 12:48:29.224279"
[1] "Retrieving H3 Indexes for Buildings... 2025-04-25 12:48:29.22933"
[1] "Deleting Footprints... 2025-04-25 12:48:29.398453"
[1] "60 Files Succesfully Downloaded --- 2025-04-25 12:48:29"
[1] "Downloading Footprints for link 61 @ 2025-04-25 12:48:29.40212"
[1] "File Downloaded... unzipping... 2025-04-25 12:48:30.63216"
[1] "Reading in data and making spatial... 2025-04-25 12:48:30.714174"
[1] "Retrieving coordinates... 2025-04-25 12:48:31.738297"
[1] "Retrieving H3 Indexes for Buildings... 2025-04-25 12:48:31.744339"
[1] "Deleting Footprints... 2025-04-25 12:48:31.967173"
[1] "61 Files Succesfully Downloaded --- 2025-04-25 12:48:32"
[1] "Downloading Footprints for link 62 @ 2025-04-25 12:48:31.97185"
[1] "File Downloaded... unzipping... 2025-04-25 12:48:35.950811"
[1] "Reading in data and making spatial... 2025-04-25 12:48:36.030961"
[1] "Retrieving coordinates... 2025-04-25 12:48:36.620677"
[1] "Retrieving H3 Indexes for Buildings... 2025-04-25 12:48:36.624782"
[1] "Deleting Footprints... 2025-04-25 12:48:37.07738"
[1] "62 Files Succesfully Downloaded --- 2025-04-25 12:48:37"
[1] "Downloading Footprints for link 63 @ 2025-04-25 12:48:37.079388"
[1] "File Downloaded... unzipping... 2025-04-25 12:48:38.354474"
[1] "Reading in data and making spatial... 2025-04-25 12:48:38.53966"
[1] "Retrieving coordinates... 2025-04-25 12:48:39.133675"
[1] "Retrieving H3 Indexes for Buildings... 2025-04-25 12:48:39.138537"
[1] "Deleting Footprints... 2025-04-25 12:48:39.210156"
[1] "63 Files Succesfully Downloaded --- 2025-04-25 12:48:39"
[1] "Downloading Footprints for link 64 @ 2025-04-25 12:48:39.214187"
[1] "File Downloaded... unzipping... 2025-04-25 12:48:40.534605"
[1] "Reading in data and making spatial... 2025-04-25 12:48:40.763627"
[1] "Retrieving coordinates... 2025-04-25 12:48:45.686091"
[1] "Retrieving H3 Indexes for Buildings... 2025-04-25 12:48:45.711235"
[1] "Deleting Footprints... 2025-04-25 12:48:45.915909"
[1] "64 Files Succesfully Downloaded --- 2025-04-25 12:48:46"
[1] "Downloading Footprints for link 65 @ 2025-04-25 12:48:45.918134"
[1] "File Downloaded... unzipping... 2025-04-25 12:48:46.923428"
[1] "Reading in data and making spatial... 2025-04-25 12:48:47.568735"
[1] "Retrieving coordinates... 2025-04-25 12:48:49.654795"
[1] "Retrieving H3 Indexes for Buildings... 2025-04-25 12:48:49.662632"
[1] "Deleting Footprints... 2025-04-25 12:48:49.76632"
[1] "65 Files Succesfully Downloaded --- 2025-04-25 12:48:50"
[1] "Downloading Footprints for link 66 @ 2025-04-25 12:48:49.770746"
[1] "File Downloaded... unzipping... 2025-04-25 12:48:50.695293"
[1] "Reading in data and making spatial... 2025-04-25 12:48:50.915244"
[1] "Retrieving coordinates... 2025-04-25 12:48:52.209323"
[1] "Retrieving H3 Indexes for Buildings... 2025-04-25 12:48:52.214406"
[1] "Deleting Footprints... 2025-04-25 12:48:52.294528"
[1] "66 Files Succesfully Downloaded --- 2025-04-25 12:48:52"
[1] "Downloading Footprints for link 67 @ 2025-04-25 12:48:52.296523"
[1] "File Downloaded... unzipping... 2025-04-25 12:48:53.206066"
[1] "Reading in data and making spatial... 2025-04-25 12:48:53.350296"
[1] "Retrieving coordinates... 2025-04-25 12:48:53.956768"
[1] "Retrieving H3 Indexes for Buildings... 2025-04-25 12:48:53.960383"
[1] "Deleting Footprints... 2025-04-25 12:48:54.046133"
[1] "67 Files Succesfully Downloaded --- 2025-04-25 12:48:54"
[1] "Downloading Footprints for link 68 @ 2025-04-25 12:48:54.046853"
[1] "File Downloaded... unzipping... 2025-04-25 12:48:54.997728"
[1] "Reading in data and making spatial... 2025-04-25 12:48:55.092219"
[1] "Retrieving coordinates... 2025-04-25 12:48:55.930795"
[1] "Retrieving H3 Indexes for Buildings... 2025-04-25 12:48:55.935448"
[1] "Deleting Footprints... 2025-04-25 12:48:56.106047"
[1] "68 Files Succesfully Downloaded --- 2025-04-25 12:48:56"
[1] "SCRIPT COMPLETE @ 2025-04-25 12:48:57"
