[1] "Starting at: 2025-04-25 12:46:46"
[1] "Loading Links at: 2025-04-25 12:46:57"
[1] "quadkeys to download: 93"
[1] "Downloading and Joining footprints to Hex @ 2025-04-25 12:46:57"
[1] "Downloading Footprints for link 1 @ 2025-04-25 12:46:57.455093"
[1] "File Downloaded... unzipping... 2025-04-25 12:46:57.882165"
[1] "Reading in data and making spatial... 2025-04-25 12:46:57.912619"
[1] "Retrieving coordinates... 2025-04-25 12:46:57.977353"
[1] "Retrieving H3 Indexes for Buildings... 2025-04-25 12:46:57.978214"
[1] "Deleting Footprints... 2025-04-25 12:46:57.980325"
[1] "1 Files Succesfully Downloaded --- 2025-04-25 12:46:58"
[1] "Downloading Footprints for link 2 @ 2025-04-25 12:46:57.982444"
[1] "File Downloaded... unzipping... 2025-04-25 12:46:58.4009"
[1] "Reading in data and making spatial... 2025-04-25 12:46:58.425615"
[1] "Retrieving coordinates... 2025-04-25 12:46:58.45441"
[1] "Retrieving H3 Indexes for Buildings... 2025-04-25 12:46:58.45493"
[1] "Deleting Footprints... 2025-04-25 12:46:58.456089"
[1] "2 Files Succesfully Downloaded --- 2025-04-25 12:46:58"
[1] "Downloading Footprints for link 3 @ 2025-04-25 12:46:58.457501"
[1] "File Downloaded... unzipping... 2025-04-25 12:46:58.857805"
[1] "Reading in data and making spatial... 2025-04-25 12:46:58.886411"
[1] "Retrieving coordinates... 2025-04-25 12:46:58.915411"
[1] "Retrieving H3 Indexes for Buildings... 2025-04-25 12:46:58.915954"
[1] "Deleting Footprints... 2025-04-25 12:46:58.917037"
[1] "3 Files Succesfully Downloaded --- 2025-04-25 12:46:59"
[1] "Downloading Footprints for link 4 @ 2025-04-25 12:46:58.92011"
[1] "File Downloaded... unzipping... 2025-04-25 12:46:59.191946"
[1] "Reading in data and making spatial... 2025-04-25 12:46:59.215663"
[1] "Retrieving coordinates... 2025-04-25 12:46:59.231062"
[1] "Retrieving H3 Indexes for Buildings... 2025-04-25 12:46:59.231507"
[1] "Deleting Footprints... 2025-04-25 12:46:59.232169"
[1] "4 Files Succesfully Downloaded --- 2025-04-25 12:46:59"
[1] "Downloading Footprints for link 5 @ 2025-04-25 12:46:59.233511"
[1] "File Downloaded... unzipping... 2025-04-25 12:46:59.823545"
[1] "Reading in data and making spatial... 2025-04-25 12:47:00.090958"
[1] "Retrieving coordinates... 2025-04-25 12:47:00.169615"
[1] "Retrieving H3 Indexes for Buildings... 2025-04-25 12:47:00.170619"
[1] "Deleting Footprints... 2025-04-25 12:47:00.174247"
[1] "5 Files Succesfully Downloaded --- 2025-04-25 12:47:00"
[1] "Downloading Footprints for link 6 @ 2025-04-25 12:47:00.175987"
[1] "File Downloaded... unzipping... 2025-04-25 12:47:01.530605"
[1] "Reading in data and making spatial... 2025-04-25 12:47:01.876672"
[1] "Retrieving coordinates... 2025-04-25 12:47:05.710452"
[1] "Retrieving H3 Indexes for Buildings... 2025-04-25 12:47:05.727768"
[1] "Deleting Footprints... 2025-04-25 12:47:05.82051"
[1] "6 Files Succesfully Downloaded --- 2025-04-25 12:47:06"
[1] "Downloading Footprints for link 7 @ 2025-04-25 12:47:05.822971"
[1] "File Downloaded... unzipping... 2025-04-25 12:47:06.321979"
[1] "Reading in data and making spatial... 2025-04-25 12:47:06.349089"
[1] "Retrieving coordinates... 2025-04-25 12:47:06.409985"
[1] "Retrieving H3 Indexes for Buildings... 2025-04-25 12:47:06.41072"
[1] "Deleting Footprints... 2025-04-25 12:47:06.41663"
[1] "7 Files Succesfully Downloaded --- 2025-04-25 12:47:06"
[1] "Downloading Footprints for link 8 @ 2025-04-25 12:47:06.418658"
[1] "File Downloaded... unzipping... 2025-04-25 12:47:08.557959"
[1] "Reading in data and making spatial... 2025-04-25 12:47:08.850237"
[1] "Retrieving coordinates... 2025-04-25 12:47:13.650019"
[1] "Retrieving H3 Indexes for Buildings... 2025-04-25 12:47:13.677233"
[1] "Deleting Footprints... 2025-04-25 12:47:13.824634"
[1] "8 Files Succesfully Downloaded --- 2025-04-25 12:47:14"
[1] "Downloading Footprints for link 9 @ 2025-04-25 12:47:13.825388"
[1] "File Downloaded... unzipping... 2025-04-25 12:47:14.293946"
[1] "Reading in data and making spatial... 2025-04-25 12:47:14.322371"
[1] "Retrieving coordinates... 2025-04-25 12:47:14.534418"
[1] "Retrieving H3 Indexes for Buildings... 2025-04-25 12:47:14.535303"
[1] "Deleting Footprints... 2025-04-25 12:47:14.547885"
[1] "9 Files Succesfully Downloaded --- 2025-04-25 12:47:15"
[1] "Downloading Footprints for link 10 @ 2025-04-25 12:47:14.551576"
[1] "File Downloaded... unzipping... 2025-04-25 12:47:14.81704"
[1] "Reading in data and making spatial... 2025-04-25 12:47:14.83825"
[1] "Retrieving coordinates... 2025-04-25 12:47:14.852359"
[1] "Retrieving H3 Indexes for Buildings... 2025-04-25 12:47:14.852723"
[1] "Deleting Footprints... 2025-04-25 12:47:14.866605"
[1] "10 Files Succesfully Downloaded --- 2025-04-25 12:47:15"
[1] "Downloading Footprints for link 11 @ 2025-04-25 12:47:14.868072"
[1] "File Downloaded... unzipping... 2025-04-25 12:47:15.475037"
[1] "Reading in data and making spatial... 2025-04-25 12:47:15.505126"
[1] "Retrieving coordinates... 2025-04-25 12:47:16.064863"
[1] "Retrieving H3 Indexes for Buildings... 2025-04-25 12:47:16.151589"
[1] "Deleting Footprints... 2025-04-25 12:47:16.165089"
[1] "11 Files Succesfully Downloaded --- 2025-04-25 12:47:16"
[1] "Downloading Footprints for link 12 @ 2025-04-25 12:47:16.167606"
[1] "File Downloaded... unzipping... 2025-04-25 12:47:17.014517"
[1] "Reading in data and making spatial... 2025-04-25 12:47:17.069156"
[1] "Retrieving coordinates... 2025-04-25 12:47:17.37318"
[1] "Retrieving H3 Indexes for Buildings... 2025-04-25 12:47:17.37525"
[1] "Deleting Footprints... 2025-04-25 12:47:17.3947"
[1] "12 Files Succesfully Downloaded --- 2025-04-25 12:47:17"
[1] "Downloading Footprints for link 13 @ 2025-04-25 12:47:17.39662"
[1] "File Downloaded... unzipping... 2025-04-25 12:47:17.747803"
[1] "Reading in data and making spatial... 2025-04-25 12:47:17.771408"
[1] "Retrieving coordinates... 2025-04-25 12:47:17.795942"
[1] "Retrieving H3 Indexes for Buildings... 2025-04-25 12:47:17.796381"
[1] "Deleting Footprints... 2025-04-25 12:47:17.810269"
[1] "13 Files Succesfully Downloaded --- 2025-04-25 12:47:18"
[1] "Downloading Footprints for link 14 @ 2025-04-25 12:47:17.813604"
[1] "File Downloaded... unzipping... 2025-04-25 12:47:18.147814"
[1] "Reading in data and making spatial... 2025-04-25 12:47:18.17722"
[1] "Retrieving coordinates... 2025-04-25 12:47:18.197914"
[1] "Retrieving H3 Indexes for Buildings... 2025-04-25 12:47:18.198362"
[1] "Deleting Footprints... 2025-04-25 12:47:18.215163"
[1] "14 Files Succesfully Downloaded --- 2025-04-25 12:47:18"
[1] "Downloading Footprints for link 15 @ 2025-04-25 12:47:18.216794"
[1] "File Downloaded... unzipping... 2025-04-25 12:47:18.687978"
[1] "Reading in data and making spatial... 2025-04-25 12:47:18.714987"
[1] "Retrieving coordinates... 2025-04-25 12:47:18.7718"
[1] "Retrieving H3 Indexes for Buildings... 2025-04-25 12:47:18.772443"
[1] "Deleting Footprints... 2025-04-25 12:47:18.793836"
[1] "15 Files Succesfully Downloaded --- 2025-04-25 12:47:19"
[1] "Downloading Footprints for link 16 @ 2025-04-25 12:47:18.797586"
[1] "File Downloaded... unzipping... 2025-04-25 12:47:19.19423"
[1] "Reading in data and making spatial... 2025-04-25 12:47:19.226572"
[1] "Retrieving coordinates... 2025-04-25 12:47:19.270465"
[1] "Retrieving H3 Indexes for Buildings... 2025-04-25 12:47:19.271027"
[1] "Deleting Footprints... 2025-04-25 12:47:19.28974"
[1] "16 Files Succesfully Downloaded --- 2025-04-25 12:47:19"
[1] "Downloading Footprints for link 17 @ 2025-04-25 12:47:19.291684"
[1] "File Downloaded... unzipping... 2025-04-25 12:47:19.610255"
[1] "Reading in data and making spatial... 2025-04-25 12:47:19.637396"
[1] "Retrieving coordinates... 2025-04-25 12:47:19.662087"
[1] "Retrieving H3 Indexes for Buildings... 2025-04-25 12:47:19.662583"
[1] "Deleting Footprints... 2025-04-25 12:47:19.681187"
[1] "17 Files Succesfully Downloaded --- 2025-04-25 12:47:20"
[1] "Downloading Footprints for link 18 @ 2025-04-25 12:47:19.682312"
[1] "File Downloaded... unzipping... 2025-04-25 12:47:20.085806"
[1] "Reading in data and making spatial... 2025-04-25 12:47:20.110752"
[1] "Retrieving coordinates... 2025-04-25 12:47:20.148077"
[1] "Retrieving H3 Indexes for Buildings... 2025-04-25 12:47:20.148619"
[1] "Deleting Footprints... 2025-04-25 12:47:20.243008"
[1] "18 Files Succesfully Downloaded --- 2025-04-25 12:47:20"
[1] "Downloading Footprints for link 19 @ 2025-04-25 12:47:20.246211"
[1] "File Downloaded... unzipping... 2025-04-25 12:47:20.503144"
[1] "Reading in data and making spatial... 2025-04-25 12:47:20.532849"
[1] "Retrieving coordinates... 2025-04-25 12:47:20.554395"
[1] "Retrieving H3 Indexes for Buildings... 2025-04-25 12:47:20.554869"
[1] "Deleting Footprints... 2025-04-25 12:47:20.565815"
[1] "19 Files Succesfully Downloaded --- 2025-04-25 12:47:21"
[1] "Downloading Footprints for link 20 @ 2025-04-25 12:47:20.567648"
[1] "File Downloaded... unzipping... 2025-04-25 12:47:21.4267"
[1] "Reading in data and making spatial... 2025-04-25 12:47:21.513104"
[1] "Retrieving coordinates... 2025-04-25 12:47:21.927243"
[1] "Retrieving H3 Indexes for Buildings... 2025-04-25 12:47:21.929688"
[1] "Deleting Footprints... 2025-04-25 12:47:21.951708"
[1] "20 Files Succesfully Downloaded --- 2025-04-25 12:47:22"
[1] "Downloading Footprints for link 21 @ 2025-04-25 12:47:21.953876"
[1] "File Downloaded... unzipping... 2025-04-25 12:47:22.503266"
[1] "Reading in data and making spatial... 2025-04-25 12:47:22.53235"
[1] "Retrieving coordinates... 2025-04-25 12:47:22.613142"
[1] "Retrieving H3 Indexes for Buildings... 2025-04-25 12:47:22.613915"
[1] "Deleting Footprints... 2025-04-25 12:47:22.627801"
[1] "21 Files Succesfully Downloaded --- 2025-04-25 12:47:23"
[1] "Downloading Footprints for link 22 @ 2025-04-25 12:47:22.631129"
[1] "File Downloaded... unzipping... 2025-04-25 12:47:24.056361"
[1] "Reading in data and making spatial... 2025-04-25 12:47:24.289046"
[1] "Retrieving coordinates... 2025-04-25 12:47:26.378656"
[1] "Retrieving H3 Indexes for Buildings... 2025-04-25 12:47:26.390124"
[1] "Deleting Footprints... 2025-04-25 12:47:26.460615"
[1] "22 Files Succesfully Downloaded --- 2025-04-25 12:47:26"
[1] "Downloading Footprints for link 23 @ 2025-04-25 12:47:26.463922"
[1] "File Downloaded... unzipping... 2025-04-25 12:47:27.230647"
[1] "Reading in data and making spatial... 2025-04-25 12:47:27.328128"
[1] "Retrieving coordinates... 2025-04-25 12:47:27.885533"
[1] "Retrieving H3 Indexes for Buildings... 2025-04-25 12:47:27.887997"
[1] "Deleting Footprints... 2025-04-25 12:47:27.914632"
[1] "23 Files Succesfully Downloaded --- 2025-04-25 12:47:28"
[1] "Downloading Footprints for link 24 @ 2025-04-25 12:47:27.916966"
[1] "File Downloaded... unzipping... 2025-04-25 12:47:29.606903"
[1] "Reading in data and making spatial... 2025-04-25 12:47:29.873741"
[1] "Retrieving coordinates... 2025-04-25 12:47:34.379279"
[1] "Retrieving H3 Indexes for Buildings... 2025-04-25 12:47:34.877062"
[1] "Deleting Footprints... 2025-04-25 12:47:35.028794"
[1] "24 Files Succesfully Downloaded --- 2025-04-25 12:47:35"
[1] "Downloading Footprints for link 25 @ 2025-04-25 12:47:35.031813"
[1] "File Downloaded... unzipping... 2025-04-25 12:47:36.168819"
[1] "Reading in data and making spatial... 2025-04-25 12:47:36.281547"
[1] "Retrieving coordinates... 2025-04-25 12:47:37.970526"
[1] "Retrieving H3 Indexes for Buildings... 2025-04-25 12:47:37.982063"
[1] "Deleting Footprints... 2025-04-25 12:47:38.060036"
[1] "25 Files Succesfully Downloaded --- 2025-04-25 12:47:38"
[1] "Downloading Footprints for link 26 @ 2025-04-25 12:47:38.062871"
[1] "File Downloaded... unzipping... 2025-04-25 12:47:38.355433"
[1] "Reading in data and making spatial... 2025-04-25 12:47:38.390492"
[1] "Retrieving coordinates... 2025-04-25 12:47:38.407662"
[1] "Retrieving H3 Indexes for Buildings... 2025-04-25 12:47:38.408099"
[1] "Deleting Footprints... 2025-04-25 12:47:38.526124"
[1] "26 Files Succesfully Downloaded --- 2025-04-25 12:47:39"
[1] "Downloading Footprints for link 27 @ 2025-04-25 12:47:38.529155"
[1] "File Downloaded... unzipping... 2025-04-25 12:47:41.435802"
[1] "Reading in data and making spatial... 2025-04-25 12:47:41.459798"
[1] "Retrieving coordinates... 2025-04-25 12:47:41.489192"
[1] "Retrieving H3 Indexes for Buildings... 2025-04-25 12:47:41.489693"
[1] "Deleting Footprints... 2025-04-25 12:47:41.512096"
[1] "27 Files Succesfully Downloaded --- 2025-04-25 12:47:42"
[1] "Downloading Footprints for link 28 @ 2025-04-25 12:47:41.51375"
[1] "File Downloaded... unzipping... 2025-04-25 12:47:41.83402"
[1] "Reading in data and making spatial... 2025-04-25 12:47:41.858068"
[1] "Retrieving coordinates... 2025-04-25 12:47:41.893143"
[1] "Retrieving H3 Indexes for Buildings... 2025-04-25 12:47:41.893633"
[1] "Deleting Footprints... 2025-04-25 12:47:41.923062"
[1] "28 Files Succesfully Downloaded --- 2025-04-25 12:47:42"
[1] "Downloading Footprints for link 29 @ 2025-04-25 12:47:41.926236"
[1] "File Downloaded... unzipping... 2025-04-25 12:47:42.179702"
[1] "Reading in data and making spatial... 2025-04-25 12:47:42.201105"
[1] "Retrieving coordinates... 2025-04-25 12:47:42.212725"
[1] "Retrieving H3 Indexes for Buildings... 2025-04-25 12:47:42.213065"
[1] "Deleting Footprints... 2025-04-25 12:47:42.30801"
[1] "29 Files Succesfully Downloaded --- 2025-04-25 12:47:42"
[1] "Downloading Footprints for link 30 @ 2025-04-25 12:47:42.31118"
[1] "File Downloaded... unzipping... 2025-04-25 12:47:43.089573"
[1] "Reading in data and making spatial... 2025-04-25 12:47:43.237143"
[1] "Retrieving coordinates... 2025-04-25 12:47:43.567423"
[1] "Retrieving H3 Indexes for Buildings... 2025-04-25 12:47:43.569598"
[1] "Deleting Footprints... 2025-04-25 12:47:43.601501"
[1] "30 Files Succesfully Downloaded --- 2025-04-25 12:47:44"
[1] "Downloading Footprints for link 31 @ 2025-04-25 12:47:43.603895"
[1] "File Downloaded... unzipping... 2025-04-25 12:47:44.37846"
[1] "Reading in data and making spatial... 2025-04-25 12:47:44.454282"
[1] "Retrieving coordinates... 2025-04-25 12:47:44.943583"
[1] "Retrieving H3 Indexes for Buildings... 2025-04-25 12:47:44.946569"
[1] "Deleting Footprints... 2025-04-25 12:47:44.985099"
[1] "31 Files Succesfully Downloaded --- 2025-04-25 12:47:45"
[1] "Downloading Footprints for link 32 @ 2025-04-25 12:47:44.988238"
[1] "File Downloaded... unzipping... 2025-04-25 12:47:45.526283"
[1] "Reading in data and making spatial... 2025-04-25 12:47:45.554984"
[1] "Retrieving coordinates... 2025-04-25 12:47:45.647479"
[1] "Retrieving H3 Indexes for Buildings... 2025-04-25 12:47:45.648355"
[1] "Deleting Footprints... 2025-04-25 12:47:45.743082"
[1] "32 Files Succesfully Downloaded --- 2025-04-25 12:47:46"
[1] "Downloading Footprints for link 33 @ 2025-04-25 12:47:45.745205"
[1] "File Downloaded... unzipping... 2025-04-25 12:47:45.998342"
[1] "Reading in data and making spatial... 2025-04-25 12:47:46.023169"
[1] "Retrieving coordinates... 2025-04-25 12:47:46.042202"
[1] "Retrieving H3 Indexes for Buildings... 2025-04-25 12:47:46.042609"
[1] "Deleting Footprints... 2025-04-25 12:47:46.315315"
[1] "33 Files Succesfully Downloaded --- 2025-04-25 12:47:46"
[1] "Downloading Footprints for link 34 @ 2025-04-25 12:47:46.318442"
[1] "File Downloaded... unzipping... 2025-04-25 12:47:46.668148"
[1] "Reading in data and making spatial... 2025-04-25 12:47:46.693811"
[1] "Retrieving coordinates... 2025-04-25 12:47:46.715184"
[1] "Retrieving H3 Indexes for Buildings... 2025-04-25 12:47:46.715644"
[1] "Deleting Footprints... 2025-04-25 12:47:46.742035"
[1] "34 Files Succesfully Downloaded --- 2025-04-25 12:47:47"
[1] "Downloading Footprints for link 35 @ 2025-04-25 12:47:46.744081"
[1] "File Downloaded... unzipping... 2025-04-25 12:47:46.995928"
[1] "Reading in data and making spatial... 2025-04-25 12:47:47.016835"
[1] "Retrieving coordinates... 2025-04-25 12:47:47.029259"
[1] "Retrieving H3 Indexes for Buildings... 2025-04-25 12:47:47.029607"
[1] "Deleting Footprints... 2025-04-25 12:47:47.054759"
[1] "35 Files Succesfully Downloaded --- 2025-04-25 12:47:47"
[1] "Downloading Footprints for link 36 @ 2025-04-25 12:47:47.056743"
[1] "File Downloaded... unzipping... 2025-04-25 12:47:47.484351"
[1] "Reading in data and making spatial... 2025-04-25 12:47:47.509507"
[1] "Retrieving coordinates... 2025-04-25 12:47:47.539229"
[1] "Retrieving H3 Indexes for Buildings... 2025-04-25 12:47:47.539756"
[1] "Deleting Footprints... 2025-04-25 12:47:47.636881"
[1] "36 Files Succesfully Downloaded --- 2025-04-25 12:47:48"
[1] "Downloading Footprints for link 37 @ 2025-04-25 12:47:47.639308"
[1] "File Downloaded... unzipping... 2025-04-25 12:47:48.503786"
[1] "Reading in data and making spatial... 2025-04-25 12:47:48.787176"
[1] "Retrieving coordinates... 2025-04-25 12:47:49.062245"
[1] "Retrieving H3 Indexes for Buildings... 2025-04-25 12:47:49.064361"
[1] "Deleting Footprints... 2025-04-25 12:47:49.09844"
[1] "37 Files Succesfully Downloaded --- 2025-04-25 12:47:49"
[1] "Downloading Footprints for link 38 @ 2025-04-25 12:47:49.101093"
[1] "File Downloaded... unzipping... 2025-04-25 12:47:49.643422"
[1] "Reading in data and making spatial... 2025-04-25 12:47:49.757986"
[1] "Retrieving coordinates... 2025-04-25 12:47:49.829084"
[1] "Retrieving H3 Indexes for Buildings... 2025-04-25 12:47:49.829901"
[1] "Deleting Footprints... 2025-04-25 12:47:49.855212"
[1] "38 Files Succesfully Downloaded --- 2025-04-25 12:47:50"
[1] "Downloading Footprints for link 39 @ 2025-04-25 12:47:49.856104"
[1] "File Downloaded... unzipping... 2025-04-25 12:47:50.202565"
[1] "Reading in data and making spatial... 2025-04-25 12:47:50.31198"
[1] "Retrieving coordinates... 2025-04-25 12:47:50.330443"
[1] "Retrieving H3 Indexes for Buildings... 2025-04-25 12:47:50.330853"
[1] "Deleting Footprints... 2025-04-25 12:47:50.353825"
[1] "39 Files Succesfully Downloaded --- 2025-04-25 12:47:50"
[1] "Downloading Footprints for link 40 @ 2025-04-25 12:47:50.3574"
[1] "File Downloaded... unzipping... 2025-04-25 12:47:50.699754"
[1] "Reading in data and making spatial... 2025-04-25 12:47:50.721601"
[1] "Retrieving coordinates... 2025-04-25 12:47:50.742094"
[1] "Retrieving H3 Indexes for Buildings... 2025-04-25 12:47:50.742486"
[1] "Deleting Footprints... 2025-04-25 12:47:50.765058"
[1] "40 Files Succesfully Downloaded --- 2025-04-25 12:47:51"
[1] "Downloading Footprints for link 41 @ 2025-04-25 12:47:50.766725"
[1] "File Downloaded... unzipping... 2025-04-25 12:47:51.117468"
[1] "Reading in data and making spatial... 2025-04-25 12:47:51.141089"
[1] "Retrieving coordinates... 2025-04-25 12:47:51.163006"
[1] "Retrieving H3 Indexes for Buildings... 2025-04-25 12:47:51.163439"
[1] "Deleting Footprints... 2025-04-25 12:47:51.25847"
[1] "41 Files Succesfully Downloaded --- 2025-04-25 12:47:51"
[1] "Downloading Footprints for link 42 @ 2025-04-25 12:47:51.261126"
[1] "File Downloaded... unzipping... 2025-04-25 12:47:51.600763"
[1] "Reading in data and making spatial... 2025-04-25 12:47:51.627207"
[1] "Retrieving coordinates... 2025-04-25 12:47:51.649088"
[1] "Retrieving H3 Indexes for Buildings... 2025-04-25 12:47:51.649497"
[1] "Deleting Footprints... 2025-04-25 12:47:51.673077"
[1] "42 Files Succesfully Downloaded --- 2025-04-25 12:47:52"
[1] "Downloading Footprints for link 43 @ 2025-04-25 12:47:51.674875"
[1] "File Downloaded... unzipping... 2025-04-25 12:47:51.959183"
[1] "Reading in data and making spatial... 2025-04-25 12:47:51.982902"
[1] "Retrieving coordinates... 2025-04-25 12:47:52.000262"
[1] "Retrieving H3 Indexes for Buildings... 2025-04-25 12:47:52.000662"
[1] "Deleting Footprints... 2025-04-25 12:47:52.094496"
[1] "43 Files Succesfully Downloaded --- 2025-04-25 12:47:52"
[1] "Downloading Footprints for link 44 @ 2025-04-25 12:47:52.097282"
[1] "File Downloaded... unzipping... 2025-04-25 12:47:52.357699"
[1] "Reading in data and making spatial... 2025-04-25 12:47:52.380364"
[1] "Retrieving coordinates... 2025-04-25 12:47:52.395224"
[1] "Retrieving H3 Indexes for Buildings... 2025-04-25 12:47:52.395628"
[1] "Deleting Footprints... 2025-04-25 12:47:52.499895"
[1] "44 Files Succesfully Downloaded --- 2025-04-25 12:47:53"
[1] "Downloading Footprints for link 45 @ 2025-04-25 12:47:52.503124"
[1] "File Downloaded... unzipping... 2025-04-25 12:47:52.866122"
[1] "Reading in data and making spatial... 2025-04-25 12:47:52.888982"
[1] "Retrieving coordinates... 2025-04-25 12:47:52.913487"
[1] "Retrieving H3 Indexes for Buildings... 2025-04-25 12:47:52.913954"
[1] "Deleting Footprints... 2025-04-25 12:47:52.937611"
[1] "45 Files Succesfully Downloaded --- 2025-04-25 12:47:53"
[1] "Downloading Footprints for link 46 @ 2025-04-25 12:47:52.940767"
[1] "File Downloaded... unzipping... 2025-04-25 12:47:53.482094"
[1] "Reading in data and making spatial... 2025-04-25 12:47:53.508709"
[1] "Retrieving coordinates... 2025-04-25 12:47:53.561769"
[1] "Retrieving H3 Indexes for Buildings... 2025-04-25 12:47:53.562443"
[1] "Deleting Footprints... 2025-04-25 12:47:53.660284"
[1] "46 Files Succesfully Downloaded --- 2025-04-25 12:47:54"
[1] "Downloading Footprints for link 47 @ 2025-04-25 12:47:53.663223"
[1] "File Downloaded... unzipping... 2025-04-25 12:47:53.955645"
[1] "Reading in data and making spatial... 2025-04-25 12:47:53.980282"
[1] "Retrieving coordinates... 2025-04-25 12:47:53.996204"
[1] "Retrieving H3 Indexes for Buildings... 2025-04-25 12:47:53.996584"
[1] "Deleting Footprints... 2025-04-25 12:47:54.26378"
[1] "47 Files Succesfully Downloaded --- 2025-04-25 12:47:54"
[1] "Downloading Footprints for link 48 @ 2025-04-25 12:47:54.266598"
[1] "File Downloaded... unzipping... 2025-04-25 12:47:54.734995"
[1] "Reading in data and making spatial... 2025-04-25 12:47:54.760539"
[1] "Retrieving coordinates... 2025-04-25 12:47:54.800821"
[1] "Retrieving H3 Indexes for Buildings... 2025-04-25 12:47:54.801419"
[1] "Deleting Footprints... 2025-04-25 12:47:54.829085"
[1] "48 Files Succesfully Downloaded --- 2025-04-25 12:47:55"
[1] "Downloading Footprints for link 49 @ 2025-04-25 12:47:54.831238"
[1] "File Downloaded... unzipping... 2025-04-25 12:47:55.631155"
[1] "Reading in data and making spatial... 2025-04-25 12:47:55.667993"
[1] "Retrieving coordinates... 2025-04-25 12:47:55.87397"
[1] "Retrieving H3 Indexes for Buildings... 2025-04-25 12:47:55.87575"
[1] "Deleting Footprints... 2025-04-25 12:47:55.913383"
[1] "49 Files Succesfully Downloaded --- 2025-04-25 12:47:56"
[1] "Downloading Footprints for link 50 @ 2025-04-25 12:47:55.915488"
[1] "File Downloaded... unzipping... 2025-04-25 12:47:56.252885"
[1] "Reading in data and making spatial... 2025-04-25 12:47:56.276452"
[1] "Retrieving coordinates... 2025-04-25 12:47:56.298592"
[1] "Retrieving H3 Indexes for Buildings... 2025-04-25 12:47:56.299005"
[1] "Deleting Footprints... 2025-04-25 12:47:56.325593"
[1] "50 Files Succesfully Downloaded --- 2025-04-25 12:47:56"
[1] "Downloading Footprints for link 51 @ 2025-04-25 12:47:56.329493"
[1] "File Downloaded... unzipping... 2025-04-25 12:47:56.797226"
[1] "Reading in data and making spatial... 2025-04-25 12:47:56.822051"
[1] "Retrieving coordinates... 2025-04-25 12:47:56.881299"
[1] "Retrieving H3 Indexes for Buildings... 2025-04-25 12:47:56.882027"
[1] "Deleting Footprints... 2025-04-25 12:47:56.976607"
[1] "51 Files Succesfully Downloaded --- 2025-04-25 12:47:57"
[1] "Downloading Footprints for link 52 @ 2025-04-25 12:47:56.981374"
[1] "File Downloaded... unzipping... 2025-04-25 12:47:57.312302"
[1] "Reading in data and making spatial... 2025-04-25 12:47:57.333971"
[1] "Retrieving coordinates... 2025-04-25 12:47:57.355485"
[1] "Retrieving H3 Indexes for Buildings... 2025-04-25 12:47:57.355941"
[1] "Deleting Footprints... 2025-04-25 12:47:57.380458"
[1] "52 Files Succesfully Downloaded --- 2025-04-25 12:47:57"
[1] "Downloading Footprints for link 53 @ 2025-04-25 12:47:57.38245"
[1] "File Downloaded... unzipping... 2025-04-25 12:47:57.665986"
[1] "Reading in data and making spatial... 2025-04-25 12:47:57.689156"
[1] "Retrieving coordinates... 2025-04-25 12:47:57.704127"
[1] "Retrieving H3 Indexes for Buildings... 2025-04-25 12:47:57.704548"
[1] "Deleting Footprints... 2025-04-25 12:47:57.729675"
[1] "53 Files Succesfully Downloaded --- 2025-04-25 12:47:58"
[1] "Downloading Footprints for link 54 @ 2025-04-25 12:47:57.732242"
[1] "File Downloaded... unzipping... 2025-04-25 12:47:58.000507"
[1] "Reading in data and making spatial... 2025-04-25 12:47:58.024582"
[1] "Retrieving coordinates... 2025-04-25 12:47:58.041874"
[1] "Retrieving H3 Indexes for Buildings... 2025-04-25 12:47:58.042274"
[1] "Deleting Footprints... 2025-04-25 12:47:58.067882"
[1] "54 Files Succesfully Downloaded --- 2025-04-25 12:47:58"
[1] "Downloading Footprints for link 55 @ 2025-04-25 12:47:58.069551"
[1] "File Downloaded... unzipping... 2025-04-25 12:47:58.316596"
[1] "Reading in data and making spatial... 2025-04-25 12:47:58.338042"
[1] "Retrieving coordinates... 2025-04-25 12:47:58.350938"
[1] "Retrieving H3 Indexes for Buildings... 2025-04-25 12:47:58.351333"
[1] "Deleting Footprints... 2025-04-25 12:47:58.424272"
[1] "55 Files Succesfully Downloaded --- 2025-04-25 12:47:58"
[1] "Downloading Footprints for link 56 @ 2025-04-25 12:47:58.426169"
[1] "File Downloaded... unzipping... 2025-04-25 12:47:59.026422"
[1] "Reading in data and making spatial... 2025-04-25 12:47:59.052772"
[1] "Retrieving coordinates... 2025-04-25 12:47:59.14143"
[1] "Retrieving H3 Indexes for Buildings... 2025-04-25 12:47:59.142336"
[1] "Deleting Footprints... 2025-04-25 12:47:59.169231"
[1] "56 Files Succesfully Downloaded --- 2025-04-25 12:47:59"
[1] "Downloading Footprints for link 57 @ 2025-04-25 12:47:59.173581"
[1] "File Downloaded... unzipping... 2025-04-25 12:47:59.496179"
[1] "Reading in data and making spatial... 2025-04-25 12:47:59.519757"
[1] "Retrieving coordinates... 2025-04-25 12:47:59.538217"
[1] "Retrieving H3 Indexes for Buildings... 2025-04-25 12:47:59.538588"
[1] "Deleting Footprints... 2025-04-25 12:47:59.562648"
[1] "57 Files Succesfully Downloaded --- 2025-04-25 12:48:00"
[1] "Downloading Footprints for link 58 @ 2025-04-25 12:47:59.565859"
[1] "File Downloaded... unzipping... 2025-04-25 12:47:59.833119"
[1] "Reading in data and making spatial... 2025-04-25 12:47:59.905993"
[1] "Retrieving coordinates... 2025-04-25 12:47:59.919681"
[1] "Retrieving H3 Indexes for Buildings... 2025-04-25 12:47:59.920105"
[1] "Deleting Footprints... 2025-04-25 12:47:59.943901"
[1] "58 Files Succesfully Downloaded --- 2025-04-25 12:48:00"
[1] "Downloading Footprints for link 59 @ 2025-04-25 12:47:59.945526"
[1] "File Downloaded... unzipping... 2025-04-25 12:48:00.213764"
[1] "Reading in data and making spatial... 2025-04-25 12:48:00.233808"
[1] "Retrieving coordinates... 2025-04-25 12:48:00.246444"
[1] "Retrieving H3 Indexes for Buildings... 2025-04-25 12:48:00.246819"
[1] "Deleting Footprints... 2025-04-25 12:48:00.270373"
[1] "59 Files Succesfully Downloaded --- 2025-04-25 12:48:00"
[1] "Downloading Footprints for link 60 @ 2025-04-25 12:48:00.271962"
[1] "File Downloaded... unzipping... 2025-04-25 12:48:00.540519"
[1] "Reading in data and making spatial... 2025-04-25 12:48:00.560436"
[1] "Retrieving coordinates... 2025-04-25 12:48:00.576581"
[1] "Retrieving H3 Indexes for Buildings... 2025-04-25 12:48:00.576949"
[1] "Deleting Footprints... 2025-04-25 12:48:00.649647"
[1] "60 Files Succesfully Downloaded --- 2025-04-25 12:48:01"
[1] "Downloading Footprints for link 61 @ 2025-04-25 12:48:00.654308"
[1] "File Downloaded... unzipping... 2025-04-25 12:48:01.066764"
[1] "Reading in data and making spatial... 2025-04-25 12:48:01.087397"
[1] "Retrieving coordinates... 2025-04-25 12:48:01.105636"
[1] "Retrieving H3 Indexes for Buildings... 2025-04-25 12:48:01.106014"
[1] "Deleting Footprints... 2025-04-25 12:48:01.130985"
[1] "61 Files Succesfully Downloaded --- 2025-04-25 12:48:01"
[1] "Downloading Footprints for link 62 @ 2025-04-25 12:48:01.133162"
[1] "File Downloaded... unzipping... 2025-04-25 12:48:01.397356"
[1] "Reading in data and making spatial... 2025-04-25 12:48:01.467026"
[1] "Retrieving coordinates... 2025-04-25 12:48:01.484492"
[1] "Retrieving H3 Indexes for Buildings... 2025-04-25 12:48:01.484876"
[1] "Deleting Footprints... 2025-04-25 12:48:01.509192"
[1] "62 Files Succesfully Downloaded --- 2025-04-25 12:48:02"
[1] "Downloading Footprints for link 63 @ 2025-04-25 12:48:01.510847"
[1] "File Downloaded... unzipping... 2025-04-25 12:48:01.98004"
[1] "Reading in data and making spatial... 2025-04-25 12:48:02.060954"
[1] "Retrieving coordinates... 2025-04-25 12:48:02.090132"
[1] "Retrieving H3 Indexes for Buildings... 2025-04-25 12:48:02.090652"
[1] "Deleting Footprints... 2025-04-25 12:48:02.115941"
[1] "63 Files Succesfully Downloaded --- 2025-04-25 12:48:02"
[1] "Downloading Footprints for link 64 @ 2025-04-25 12:48:02.116707"
[1] "File Downloaded... unzipping... 2025-04-25 12:48:02.36254"
[1] "Reading in data and making spatial... 2025-04-25 12:48:02.385362"
[1] "Retrieving coordinates... 2025-04-25 12:48:02.398697"
[1] "Retrieving H3 Indexes for Buildings... 2025-04-25 12:48:02.399068"
[1] "Deleting Footprints... 2025-04-25 12:48:02.423078"
[1] "64 Files Succesfully Downloaded --- 2025-04-25 12:48:02"
[1] "Downloading Footprints for link 65 @ 2025-04-25 12:48:02.424595"
[1] "File Downloaded... unzipping... 2025-04-25 12:48:03.007724"
[1] "Reading in data and making spatial... 2025-04-25 12:48:03.032204"
[1] "Retrieving coordinates... 2025-04-25 12:48:03.087003"
[1] "Retrieving H3 Indexes for Buildings... 2025-04-25 12:48:03.087668"
[1] "Deleting Footprints... 2025-04-25 12:48:03.113709"
[1] "65 Files Succesfully Downloaded --- 2025-04-25 12:48:03"
[1] "Downloading Footprints for link 66 @ 2025-04-25 12:48:03.115476"
[1] "File Downloaded... unzipping... 2025-04-25 12:48:14.71521"
[1] "Reading in data and making spatial... 2025-04-25 12:48:15.589168"
[1] "Retrieving coordinates... 2025-04-25 12:48:36.18562"
[1] "Retrieving H3 Indexes for Buildings... 2025-04-25 12:48:36.278664"
[1] "Deleting Footprints... 2025-04-25 12:48:36.770972"
[1] "66 Files Succesfully Downloaded --- 2025-04-25 12:48:37"
[1] "Downloading Footprints for link 67 @ 2025-04-25 12:48:36.774773"
[1] "File Downloaded... unzipping... 2025-04-25 12:48:37.039222"
[1] "Reading in data and making spatial... 2025-04-25 12:48:37.064432"
[1] "Retrieving coordinates... 2025-04-25 12:48:37.080565"
[1] "Retrieving H3 Indexes for Buildings... 2025-04-25 12:48:37.080951"
[1] "Deleting Footprints... 2025-04-25 12:48:37.144499"
[1] "67 Files Succesfully Downloaded --- 2025-04-25 12:48:37"
[1] "Downloading Footprints for link 68 @ 2025-04-25 12:48:37.146092"
[1] "File Downloaded... unzipping... 2025-04-25 12:48:37.535871"
[1] "Reading in data and making spatial... 2025-04-25 12:48:37.558312"
[1] "Retrieving coordinates... 2025-04-25 12:48:37.578947"
[1] "Retrieving H3 Indexes for Buildings... 2025-04-25 12:48:37.579351"
[1] "Deleting Footprints... 2025-04-25 12:48:37.633254"
[1] "68 Files Succesfully Downloaded --- 2025-04-25 12:48:38"
[1] "Downloading Footprints for link 69 @ 2025-04-25 12:48:37.63529"
[1] "File Downloaded... unzipping... 2025-04-25 12:48:37.905494"
[1] "Reading in data and making spatial... 2025-04-25 12:48:37.992093"
[1] "Retrieving coordinates... 2025-04-25 12:48:38.008505"
[1] "Retrieving H3 Indexes for Buildings... 2025-04-25 12:48:38.008887"
[1] "Deleting Footprints... 2025-04-25 12:48:38.05089"
[1] "69 Files Succesfully Downloaded --- 2025-04-25 12:48:38"
[1] "Downloading Footprints for link 70 @ 2025-04-25 12:48:38.053865"
[1] "File Downloaded... unzipping... 2025-04-25 12:48:38.399481"
[1] "Reading in data and making spatial... 2025-04-25 12:48:38.422935"
[1] "Retrieving coordinates... 2025-04-25 12:48:38.448383"
[1] "Retrieving H3 Indexes for Buildings... 2025-04-25 12:48:38.448806"
[1] "Deleting Footprints... 2025-04-25 12:48:38.493498"
[1] "70 Files Succesfully Downloaded --- 2025-04-25 12:48:38"
[1] "Downloading Footprints for link 71 @ 2025-04-25 12:48:38.495671"
[1] "File Downloaded... unzipping... 2025-04-25 12:48:38.939912"
[1] "Reading in data and making spatial... 2025-04-25 12:48:38.966079"
[1] "Retrieving coordinates... 2025-04-25 12:48:39.002104"
[1] "Retrieving H3 Indexes for Buildings... 2025-04-25 12:48:39.002651"
[1] "Deleting Footprints... 2025-04-25 12:48:39.105967"
[1] "71 Files Succesfully Downloaded --- 2025-04-25 12:48:39"
[1] "Downloading Footprints for link 72 @ 2025-04-25 12:48:39.108101"
[1] "File Downloaded... unzipping... 2025-04-25 12:48:39.428063"
[1] "Reading in data and making spatial... 2025-04-25 12:48:39.45078"
[1] "Retrieving coordinates... 2025-04-25 12:48:39.479411"
[1] "Retrieving H3 Indexes for Buildings... 2025-04-25 12:48:39.479861"
[1] "Deleting Footprints... 2025-04-25 12:48:39.523301"
[1] "72 Files Succesfully Downloaded --- 2025-04-25 12:48:40"
[1] "Downloading Footprints for link 73 @ 2025-04-25 12:48:39.524975"
[1] "File Downloaded... unzipping... 2025-04-25 12:48:39.791122"
[1] "Reading in data and making spatial... 2025-04-25 12:48:39.81447"
[1] "Retrieving coordinates... 2025-04-25 12:48:39.836156"
[1] "Retrieving H3 Indexes for Buildings... 2025-04-25 12:48:39.836578"
[1] "Deleting Footprints... 2025-04-25 12:48:39.934992"
[1] "73 Files Succesfully Downloaded --- 2025-04-25 12:48:40"
[1] "Downloading Footprints for link 74 @ 2025-04-25 12:48:39.937272"
[1] "File Downloaded... unzipping... 2025-04-25 12:48:40.185572"
[1] "Reading in data and making spatial... 2025-04-25 12:48:40.21032"
[1] "Retrieving coordinates... 2025-04-25 12:48:40.224832"
[1] "Retrieving H3 Indexes for Buildings... 2025-04-25 12:48:40.225277"
[1] "Deleting Footprints... 2025-04-25 12:48:40.342339"
[1] "74 Files Succesfully Downloaded --- 2025-04-25 12:48:40"
[1] "Downloading Footprints for link 75 @ 2025-04-25 12:48:40.346003"
[1] "File Downloaded... unzipping... 2025-04-25 12:48:41.032621"
[1] "Reading in data and making spatial... 2025-04-25 12:48:41.065079"
[1] "Retrieving coordinates... 2025-04-25 12:48:41.198595"
[1] "Retrieving H3 Indexes for Buildings... 2025-04-25 12:48:41.199862"
[1] "Deleting Footprints... 2025-04-25 12:48:41.249553"
[1] "75 Files Succesfully Downloaded --- 2025-04-25 12:48:41"
[1] "Downloading Footprints for link 76 @ 2025-04-25 12:48:41.252978"
[1] "File Downloaded... unzipping... 2025-04-25 12:48:41.936914"
[1] "Reading in data and making spatial... 2025-04-25 12:48:42.200824"
[1] "Retrieving coordinates... 2025-04-25 12:48:42.643197"
[1] "Retrieving H3 Indexes for Buildings... 2025-04-25 12:48:42.646238"
[1] "Deleting Footprints... 2025-04-25 12:48:42.784905"
[1] "76 Files Succesfully Downloaded --- 2025-04-25 12:48:43"
[1] "Downloading Footprints for link 77 @ 2025-04-25 12:48:42.788362"
[1] "File Downloaded... unzipping... 2025-04-25 12:48:43.075701"
[1] "Reading in data and making spatial... 2025-04-25 12:48:43.09841"
[1] "Retrieving coordinates... 2025-04-25 12:48:43.113276"
[1] "Retrieving H3 Indexes for Buildings... 2025-04-25 12:48:43.113676"
[1] "Deleting Footprints... 2025-04-25 12:48:43.223097"
[1] "77 Files Succesfully Downloaded --- 2025-04-25 12:48:43"
[1] "Downloading Footprints for link 78 @ 2025-04-25 12:48:43.227186"
[1] "File Downloaded... unzipping... 2025-04-25 12:48:43.908636"
[1] "Reading in data and making spatial... 2025-04-25 12:48:43.941426"
[1] "Retrieving coordinates... 2025-04-25 12:48:44.176384"
[1] "Retrieving H3 Indexes for Buildings... 2025-04-25 12:48:44.177505"
[1] "Deleting Footprints... 2025-04-25 12:48:44.641338"
[1] "78 Files Succesfully Downloaded --- 2025-04-25 12:48:45"
[1] "Downloading Footprints for link 79 @ 2025-04-25 12:48:44.644196"
[1] "File Downloaded... unzipping... 2025-04-25 12:48:44.9954"
[1] "Reading in data and making spatial... 2025-04-25 12:48:45.016291"
[1] "Retrieving coordinates... 2025-04-25 12:48:45.036488"
[1] "Retrieving H3 Indexes for Buildings... 2025-04-25 12:48:45.036929"
[1] "Deleting Footprints... 2025-04-25 12:48:45.081207"
[1] "79 Files Succesfully Downloaded --- 2025-04-25 12:48:45"
[1] "Downloading Footprints for link 80 @ 2025-04-25 12:48:45.084344"
[1] "File Downloaded... unzipping... 2025-04-25 12:48:45.853036"
[1] "Reading in data and making spatial... 2025-04-25 12:48:45.886633"
[1] "Retrieving coordinates... 2025-04-25 12:48:46.007822"
[1] "Retrieving H3 Indexes for Buildings... 2025-04-25 12:48:46.00902"
[1] "Deleting Footprints... 2025-04-25 12:48:46.107021"
[1] "80 Files Succesfully Downloaded --- 2025-04-25 12:48:46"
[1] "Downloading Footprints for link 81 @ 2025-04-25 12:48:46.109612"
[1] "File Downloaded... unzipping... 2025-04-25 12:48:47.008511"
[1] "Reading in data and making spatial... 2025-04-25 12:48:47.229396"
[1] "Retrieving coordinates... 2025-04-25 12:48:47.60555"
[1] "Retrieving H3 Indexes for Buildings... 2025-04-25 12:48:47.608381"
[1] "Deleting Footprints... 2025-04-25 12:48:47.785301"
[1] "81 Files Succesfully Downloaded --- 2025-04-25 12:48:48"
[1] "Downloading Footprints for link 82 @ 2025-04-25 12:48:47.787438"
[1] "File Downloaded... unzipping... 2025-04-25 12:48:48.181774"
[1] "Reading in data and making spatial... 2025-04-25 12:48:48.205333"
[1] "Retrieving coordinates... 2025-04-25 12:48:48.240316"
[1] "Retrieving H3 Indexes for Buildings... 2025-04-25 12:48:48.240836"
[1] "Deleting Footprints... 2025-04-25 12:48:48.285329"
[1] "82 Files Succesfully Downloaded --- 2025-04-25 12:48:48"
[1] "Downloading Footprints for link 83 @ 2025-04-25 12:48:48.287333"
[1] "File Downloaded... unzipping... 2025-04-25 12:48:48.729639"
[1] "Reading in data and making spatial... 2025-04-25 12:48:48.753056"
[1] "Retrieving coordinates... 2025-04-25 12:48:48.787666"
[1] "Retrieving H3 Indexes for Buildings... 2025-04-25 12:48:48.788197"
[1] "Deleting Footprints... 2025-04-25 12:48:48.886644"
[1] "83 Files Succesfully Downloaded --- 2025-04-25 12:48:49"
[1] "Downloading Footprints for link 84 @ 2025-04-25 12:48:48.889474"
[1] "File Downloaded... unzipping... 2025-04-25 12:48:49.137655"
[1] "Reading in data and making spatial... 2025-04-25 12:48:49.159476"
[1] "Retrieving coordinates... 2025-04-25 12:48:49.17542"
[1] "Retrieving H3 Indexes for Buildings... 2025-04-25 12:48:49.175833"
[1] "Deleting Footprints... 2025-04-25 12:48:49.415946"
[1] "84 Files Succesfully Downloaded --- 2025-04-25 12:48:49"
[1] "Downloading Footprints for link 85 @ 2025-04-25 12:48:49.418618"
[1] "File Downloaded... unzipping... 2025-04-25 12:48:49.772263"
[1] "Reading in data and making spatial... 2025-04-25 12:48:49.793147"
[1] "Retrieving coordinates... 2025-04-25 12:48:49.815089"
[1] "Retrieving H3 Indexes for Buildings... 2025-04-25 12:48:49.81551"
[1] "Deleting Footprints... 2025-04-25 12:48:49.861588"
[1] "85 Files Succesfully Downloaded --- 2025-04-25 12:48:50"
[1] "Downloading Footprints for link 86 @ 2025-04-25 12:48:49.865762"
[1] "File Downloaded... unzipping... 2025-04-25 12:48:50.371084"
[1] "Reading in data and making spatial... 2025-04-25 12:48:50.394002"
[1] "Retrieving coordinates... 2025-04-25 12:48:50.444678"
[1] "Retrieving H3 Indexes for Buildings... 2025-04-25 12:48:50.445356"
[1] "Deleting Footprints... 2025-04-25 12:48:50.539984"
[1] "86 Files Succesfully Downloaded --- 2025-04-25 12:48:51"
[1] "Downloading Footprints for link 87 @ 2025-04-25 12:48:50.544437"
[1] "File Downloaded... unzipping... 2025-04-25 12:48:51.036925"
[1] "Reading in data and making spatial... 2025-04-25 12:48:51.06059"
[1] "Retrieving coordinates... 2025-04-25 12:48:51.111539"
[1] "Retrieving H3 Indexes for Buildings... 2025-04-25 12:48:51.11223"
[1] "Deleting Footprints... 2025-04-25 12:48:51.214558"
[1] "87 Files Succesfully Downloaded --- 2025-04-25 12:48:51"
[1] "Downloading Footprints for link 88 @ 2025-04-25 12:48:51.218904"
[1] "File Downloaded... unzipping... 2025-04-25 12:48:51.47244"
[1] "Reading in data and making spatial... 2025-04-25 12:48:51.496385"
[1] "Retrieving coordinates... 2025-04-25 12:48:51.511015"
[1] "Retrieving H3 Indexes for Buildings... 2025-04-25 12:48:51.511453"
[1] "Deleting Footprints... 2025-04-25 12:48:51.724251"
[1] "88 Files Succesfully Downloaded --- 2025-04-25 12:48:52"
[1] "Downloading Footprints for link 89 @ 2025-04-25 12:48:51.726624"
[1] "File Downloaded... unzipping... 2025-04-25 12:48:52.110062"
[1] "Reading in data and making spatial... 2025-04-25 12:48:52.131494"
[1] "Retrieving coordinates... 2025-04-25 12:48:52.154795"
[1] "Retrieving H3 Indexes for Buildings... 2025-04-25 12:48:52.155284"
[1] "Deleting Footprints... 2025-04-25 12:48:52.206643"
[1] "89 Files Succesfully Downloaded --- 2025-04-25 12:48:52"
[1] "Downloading Footprints for link 90 @ 2025-04-25 12:48:52.208394"
[1] "File Downloaded... unzipping... 2025-04-25 12:48:52.480192"
[1] "Reading in data and making spatial... 2025-04-25 12:48:52.499833"
[1] "Retrieving coordinates... 2025-04-25 12:48:52.514492"
[1] "Retrieving H3 Indexes for Buildings... 2025-04-25 12:48:52.514851"
[1] "Deleting Footprints... 2025-04-25 12:48:52.607235"
[1] "90 Files Succesfully Downloaded --- 2025-04-25 12:48:53"
[1] "Downloading Footprints for link 91 @ 2025-04-25 12:48:52.611183"
[1] "File Downloaded... unzipping... 2025-04-25 12:48:52.864604"
[1] "Reading in data and making spatial... 2025-04-25 12:48:52.886757"
[1] "Retrieving coordinates... 2025-04-25 12:48:52.901673"
[1] "Retrieving H3 Indexes for Buildings... 2025-04-25 12:48:52.902063"
[1] "Deleting Footprints... 2025-04-25 12:48:52.994358"
[1] "91 Files Succesfully Downloaded --- 2025-04-25 12:48:53"
[1] "Downloading Footprints for link 92 @ 2025-04-25 12:48:52.996126"
[1] "File Downloaded... unzipping... 2025-04-25 12:48:53.456998"
[1] "Reading in data and making spatial... 2025-04-25 12:48:53.482352"
[1] "Retrieving coordinates... 2025-04-25 12:48:53.529916"
[1] "Retrieving H3 Indexes for Buildings... 2025-04-25 12:48:53.530571"
[1] "Deleting Footprints... 2025-04-25 12:48:53.630387"
[1] "92 Files Succesfully Downloaded --- 2025-04-25 12:48:54"
[1] "Downloading Footprints for link 93 @ 2025-04-25 12:48:53.633086"
[1] "File Downloaded... unzipping... 2025-04-25 12:48:53.950973"
[1] "Reading in data and making spatial... 2025-04-25 12:48:53.972875"
[1] "Retrieving coordinates... 2025-04-25 12:48:53.996154"
[1] "Retrieving H3 Indexes for Buildings... 2025-04-25 12:48:53.99667"
[1] "Deleting Footprints... 2025-04-25 12:48:54.042931"
[1] "93 Files Succesfully Downloaded --- 2025-04-25 12:48:54"
[1] "SCRIPT COMPLETE @ 2025-04-25 12:48:55"
