[1] "Starting at: 2025-04-25 12:47:30"
[1] "Loading Links at: 2025-04-25 12:47:41"
[1] "quadkeys to download: 15"
[1] "Downloading and Joining footprints to Hex @ 2025-04-25 12:47:41"
[1] "Downloading Footprints for link 1 @ 2025-04-25 12:47:41.156181"
[1] "File Downloaded... unzipping... 2025-04-25 12:47:42.2444"
[1] "Reading in data and making spatial... 2025-04-25 12:47:42.347296"
[1] "Retrieving coordinates... 2025-04-25 12:47:45.264619"
[1] "Retrieving H3 Indexes for Buildings... 2025-04-25 12:47:45.272883"
[1] "Deleting Footprints... 2025-04-25 12:47:45.318075"
[1] "1 Files Succesfully Downloaded --- 2025-04-25 12:47:45"
[1] "Downloading Footprints for link 2 @ 2025-04-25 12:47:45.32148"
[1] "File Downloaded... unzipping... 2025-04-25 12:47:46.427039"
[1] "Reading in data and making spatial... 2025-04-25 12:47:46.533686"
[1] "Retrieving coordinates... 2025-04-25 12:47:48.013123"
[1] "Retrieving H3 Indexes for Buildings... 2025-04-25 12:47:48.023217"
[1] "Deleting Footprints... 2025-04-25 12:47:48.081988"
[1] "2 Files Succesfully Downloaded --- 2025-04-25 12:47:48"
[1] "Downloading Footprints for link 3 @ 2025-04-25 12:47:48.083781"
[1] "File Downloaded... unzipping... 2025-04-25 12:47:49.194087"
[1] "Reading in data and making spatial... 2025-04-25 12:47:49.33759"
[1] "Retrieving coordinates... 2025-04-25 12:47:50.296755"
[1] "Retrieving H3 Indexes for Buildings... 2025-04-25 12:47:50.304004"
[1] "Deleting Footprints... 2025-04-25 12:47:50.350185"
[1] "3 Files Succesfully Downloaded --- 2025-04-25 12:47:50"
[1] "Downloading Footprints for link 4 @ 2025-04-25 12:47:50.35292"
[1] "File Downloaded... unzipping... 2025-04-25 12:47:51.612892"
[1] "Reading in data and making spatial... 2025-04-25 12:47:51.817103"
[1] "Retrieving coordinates... 2025-04-25 12:47:54.339457"
[1] "Retrieving H3 Indexes for Buildings... 2025-04-25 12:47:54.35446"
[1] "Deleting Footprints... 2025-04-25 12:47:54.448686"
[1] "4 Files Succesfully Downloaded --- 2025-04-25 12:47:54"
[1] "Downloading Footprints for link 5 @ 2025-04-25 12:47:54.450216"
[1] "File Downloaded... unzipping... 2025-04-25 12:47:56.705646"
[1] "Reading in data and making spatial... 2025-04-25 12:47:56.90908"
[1] "Retrieving coordinates... 2025-04-25 12:48:01.493302"
[1] "Retrieving H3 Indexes for Buildings... 2025-04-25 12:48:01.514051"
[1] "Deleting Footprints... 2025-04-25 12:48:01.632233"
[1] "5 Files Succesfully Downloaded --- 2025-04-25 12:48:02"
[1] "Downloading Footprints for link 6 @ 2025-04-25 12:48:01.635568"
[1] "File Downloaded... unzipping... 2025-04-25 12:48:02.948165"
[1] "Reading in data and making spatial... 2025-04-25 12:48:03.664541"
[1] "Retrieving coordinates... 2025-04-25 12:48:08.424165"
[1] "Retrieving H3 Indexes for Buildings... 2025-04-25 12:48:08.449533"
[1] "Deleting Footprints... 2025-04-25 12:48:08.603132"
[1] "6 Files Succesfully Downloaded --- 2025-04-25 12:48:09"
[1] "Downloading Footprints for link 7 @ 2025-04-25 12:48:08.606308"
[1] "File Downloaded... unzipping... 2025-04-25 12:48:09.371264"
[1] "Reading in data and making spatial... 2025-04-25 12:48:09.79495"
[1] "Retrieving coordinates... 2025-04-25 12:48:10.192013"
[1] "Retrieving H3 Indexes for Buildings... 2025-04-25 12:48:10.194211"
[1] "Deleting Footprints... 2025-04-25 12:48:10.233025"
[1] "7 Files Succesfully Downloaded --- 2025-04-25 12:48:10"
[1] "Downloading Footprints for link 8 @ 2025-04-25 12:48:10.237619"
[1] "File Downloaded... unzipping... 2025-04-25 12:48:11.415498"
[1] "Reading in data and making spatial... 2025-04-25 12:48:11.556519"
[1] "Retrieving coordinates... 2025-04-25 12:48:13.119555"
[1] "Retrieving H3 Indexes for Buildings... 2025-04-25 12:48:13.126801"
[1] "Deleting Footprints... 2025-04-25 12:48:13.190926"
[1] "8 Files Succesfully Downloaded --- 2025-04-25 12:48:13"
[1] "Downloading Footprints for link 9 @ 2025-04-25 12:48:13.194432"
[1] "File Downloaded... unzipping... 2025-04-25 12:48:14.114379"
[1] "Reading in data and making spatial... 2025-04-25 12:48:14.453091"
[1] "Retrieving coordinates... 2025-04-25 12:48:15.116589"
[1] "Retrieving H3 Indexes for Buildings... 2025-04-25 12:48:15.419811"
[1] "Deleting Footprints... 2025-04-25 12:48:15.470064"
[1] "9 Files Succesfully Downloaded --- 2025-04-25 12:48:15"
[1] "Downloading Footprints for link 10 @ 2025-04-25 12:48:15.472588"
[1] "File Downloaded... unzipping... 2025-04-25 12:48:16.722472"
[1] "Reading in data and making spatial... 2025-04-25 12:48:16.888799"
[1] "Retrieving coordinates... 2025-04-25 12:48:18.821055"
[1] "Retrieving H3 Indexes for Buildings... 2025-04-25 12:48:18.830402"
[1] "Deleting Footprints... 2025-04-25 12:48:18.907392"
[1] "10 Files Succesfully Downloaded --- 2025-04-25 12:48:19"
[1] "Downloading Footprints for link 11 @ 2025-04-25 12:48:18.909587"
[1] "File Downloaded... unzipping... 2025-04-25 12:48:20.075423"
[1] "Reading in data and making spatial... 2025-04-25 12:48:20.300064"
[1] "Retrieving coordinates... 2025-04-25 12:48:24.346286"
[1] "Retrieving H3 Indexes for Buildings... 2025-04-25 12:48:24.362928"
[1] "Deleting Footprints... 2025-04-25 12:48:24.478019"
[1] "11 Files Succesfully Downloaded --- 2025-04-25 12:48:24"
[1] "Downloading Footprints for link 12 @ 2025-04-25 12:48:24.480104"
[1] "File Downloaded... unzipping... 2025-04-25 12:48:25.558972"
[1] "Reading in data and making spatial... 2025-04-25 12:48:25.777485"
[1] "Retrieving coordinates... 2025-04-25 12:48:27.557015"
[1] "Retrieving H3 Indexes for Buildings... 2025-04-25 12:48:27.566318"
[1] "Deleting Footprints... 2025-04-25 12:48:27.771726"
[1] "12 Files Succesfully Downloaded --- 2025-04-25 12:48:28"
[1] "Downloading Footprints for link 13 @ 2025-04-25 12:48:27.77443"
[1] "File Downloaded... unzipping... 2025-04-25 12:48:29.103829"
[1] "Reading in data and making spatial... 2025-04-25 12:48:29.389137"
[1] "Retrieving coordinates... 2025-04-25 12:48:32.45211"
[1] "Retrieving H3 Indexes for Buildings... 2025-04-25 12:48:32.468603"
[1] "Deleting Footprints... 2025-04-25 12:48:32.732354"
[1] "13 Files Succesfully Downloaded --- 2025-04-25 12:48:33"
[1] "Downloading Footprints for link 14 @ 2025-04-25 12:48:32.735758"
[1] "File Downloaded... unzipping... 2025-04-25 12:48:42.403462"
[1] "Reading in data and making spatial... 2025-04-25 12:48:43.551368"
[1] "Retrieving coordinates... 2025-04-25 12:48:57.385587"
[1] "Retrieving H3 Indexes for Buildings... 2025-04-25 12:48:57.460072"
[1] "Deleting Footprints... 2025-04-25 12:48:57.859038"
[1] "14 Files Succesfully Downloaded --- 2025-04-25 12:48:58"
[1] "Downloading Footprints for link 15 @ 2025-04-25 12:48:57.862535"
[1] "File Downloaded... unzipping... 2025-04-25 12:48:58.897587"
[1] "Reading in data and making spatial... 2025-04-25 12:48:58.978711"
[1] "Retrieving coordinates... 2025-04-25 12:49:00.279083"
[1] "Retrieving H3 Indexes for Buildings... 2025-04-25 12:49:00.285381"
[1] "Deleting Footprints... 2025-04-25 12:49:00.374635"
[1] "15 Files Succesfully Downloaded --- 2025-04-25 12:49:00"
[1] "SCRIPT COMPLETE @ 2025-04-25 12:49:02"
