[1] "Starting at: 2025-04-25 12:48:00"
[1] "Loading Links at: 2025-04-25 12:48:11"
[1] "quadkeys to download: 12"
[1] "Downloading and Joining footprints to Hex @ 2025-04-25 12:48:11"
[1] "Downloading Footprints for link 1 @ 2025-04-25 12:48:10.5919"
[1] "File Downloaded... unzipping... 2025-04-25 12:48:15.013045"
[1] "Reading in data and making spatial... 2025-04-25 12:48:15.871242"
[1] "Retrieving coordinates... 2025-04-25 12:48:29.62119"
[1] "Retrieving H3 Indexes for Buildings... 2025-04-25 12:48:29.688426"
[1] "Deleting Footprints... 2025-04-25 12:48:30.01397"
[1] "1 Files Succesfully Downloaded --- 2025-04-25 12:48:30"
[1] "Downloading Footprints for link 2 @ 2025-04-25 12:48:30.01682"
[1] "File Downloaded... unzipping... 2025-04-25 12:48:31.262915"
[1] "Reading in data and making spatial... 2025-04-25 12:48:31.930821"
[1] "Retrieving coordinates... 2025-04-25 12:48:35.646056"
[1] "Retrieving H3 Indexes for Buildings... 2025-04-25 12:48:35.664526"
[1] "Deleting Footprints... 2025-04-25 12:48:35.78514"
[1] "2 Files Succesfully Downloaded --- 2025-04-25 12:48:36"
[1] "Downloading Footprints for link 3 @ 2025-04-25 12:48:35.789146"
[1] "File Downloaded... unzipping... 2025-04-25 12:48:37.224107"
[1] "Reading in data and making spatial... 2025-04-25 12:48:38.382696"
[1] "Retrieving coordinates... 2025-04-25 12:48:41.453411"
[1] "Retrieving H3 Indexes for Buildings... 2025-04-25 12:48:41.473288"
[1] "Deleting Footprints... 2025-04-25 12:48:41.598399"
[1] "3 Files Succesfully Downloaded --- 2025-04-25 12:48:42"
[1] "Downloading Footprints for link 4 @ 2025-04-25 12:48:41.600812"
[1] "File Downloaded... unzipping... 2025-04-25 12:48:45.685757"
[1] "Reading in data and making spatial... 2025-04-25 12:48:47.975578"
[1] "Retrieving coordinates... 2025-04-25 12:49:32.891993"
[1] "Retrieving H3 Indexes for Buildings... 2025-04-25 12:49:33.893519"
[1] "Deleting Footprints... 2025-04-25 12:49:35.113451"
[1] "4 Files Succesfully Downloaded --- 2025-04-25 12:49:35"
[1] "Downloading Footprints for link 5 @ 2025-04-25 12:49:35.115581"
[1] "File Downloaded... unzipping... 2025-04-25 12:49:40.013037"
[1] "Reading in data and making spatial... 2025-04-25 12:49:40.646518"
[1] "Retrieving coordinates... 2025-04-25 12:49:51.948721"
[1] "Retrieving H3 Indexes for Buildings... 2025-04-25 12:49:52.008576"
[1] "Deleting Footprints... 2025-04-25 12:49:52.370306"
[1] "5 Files Succesfully Downloaded --- 2025-04-25 12:49:52"
[1] "Downloading Footprints for link 6 @ 2025-04-25 12:49:52.374916"
[1] "File Downloaded... unzipping... 2025-04-25 12:49:54.638207"
[1] "Reading in data and making spatial... 2025-04-25 12:49:55.761093"
[1] "Retrieving coordinates... 2025-04-25 12:50:11.685458"
[1] "Retrieving H3 Indexes for Buildings... 2025-04-25 12:50:11.765862"
[1] "Deleting Footprints... 2025-04-25 12:50:12.302117"
[1] "6 Files Succesfully Downloaded --- 2025-04-25 12:50:12"
[1] "Downloading Footprints for link 7 @ 2025-04-25 12:50:12.305874"
[1] "File Downloaded... unzipping... 2025-04-25 12:50:13.912959"
[1] "Reading in data and making spatial... 2025-04-25 12:50:14.611063"
[1] "Retrieving coordinates... 2025-04-25 12:50:22.909912"
[1] "Retrieving H3 Indexes for Buildings... 2025-04-25 12:50:22.953154"
[1] "Deleting Footprints... 2025-04-25 12:50:24.883211"
[1] "7 Files Succesfully Downloaded --- 2025-04-25 12:50:25"
[1] "Downloading Footprints for link 8 @ 2025-04-25 12:50:24.886822"
[1] "File Downloaded... unzipping... 2025-04-25 12:50:28.134482"
[1] "Reading in data and making spatial... 2025-04-25 12:50:29.170215"
[1] "Retrieving coordinates... 2025-04-25 12:50:52.985571"
[1] "Retrieving H3 Indexes for Buildings... 2025-04-25 12:50:53.108629"
[1] "Deleting Footprints... 2025-04-25 12:50:54.153852"
[1] "8 Files Succesfully Downloaded --- 2025-04-25 12:50:54"
[1] "Downloading Footprints for link 9 @ 2025-04-25 12:50:54.158888"
[1] "File Downloaded... unzipping... 2025-04-25 12:50:55.963799"
[1] "Reading in data and making spatial... 2025-04-25 12:50:56.488606"
[1] "Retrieving coordinates... 2025-04-25 12:51:08.900465"
[1] "Retrieving H3 Indexes for Buildings... 2025-04-25 12:51:08.961742"
[1] "Deleting Footprints... 2025-04-25 12:51:09.77747"
[1] "9 Files Succesfully Downloaded --- 2025-04-25 12:51:10"
[1] "Downloading Footprints for link 10 @ 2025-04-25 12:51:09.784243"
[1] "File Downloaded... unzipping... 2025-04-25 12:51:11.052728"
[1] "Reading in data and making spatial... 2025-04-25 12:51:11.577226"
[1] "Retrieving coordinates... 2025-04-25 12:51:15.732961"
[1] "Retrieving H3 Indexes for Buildings... 2025-04-25 12:51:15.764891"
[1] "Deleting Footprints... 2025-04-25 12:51:16.843134"
[1] "10 Files Succesfully Downloaded --- 2025-04-25 12:51:17"
[1] "Downloading Footprints for link 11 @ 2025-04-25 12:51:16.851854"
[1] "File Downloaded... unzipping... 2025-04-25 12:51:18.103889"
[1] "Reading in data and making spatial... 2025-04-25 12:51:18.271273"
[1] "Retrieving coordinates... 2025-04-25 12:51:20.854557"
[1] "Retrieving H3 Indexes for Buildings... 2025-04-25 12:51:20.872391"
[1] "Deleting Footprints... 2025-04-25 12:51:21.299814"
[1] "11 Files Succesfully Downloaded --- 2025-04-25 12:51:21"
[1] "Downloading Footprints for link 12 @ 2025-04-25 12:51:21.30373"
[1] "File Downloaded... unzipping... 2025-04-25 12:51:22.138851"
[1] "Reading in data and making spatial... 2025-04-25 12:51:22.194685"
[1] "Retrieving coordinates... 2025-04-25 12:51:22.686457"
[1] "Retrieving H3 Indexes for Buildings... 2025-04-25 12:51:22.689185"
[1] "Deleting Footprints... 2025-04-25 12:51:23.280867"
[1] "12 Files Succesfully Downloaded --- 2025-04-25 12:51:23"
[1] "SCRIPT COMPLETE @ 2025-04-25 12:51:26"
