[1] "Starting at: 2025-04-25 12:48:08"
[1] "Loading Links at: 2025-04-25 12:48:19"
[1] "quadkeys to download: 97"
[1] "Downloading and Joining footprints to Hex @ 2025-04-25 12:48:20"
[1] "Downloading Footprints for link 1 @ 2025-04-25 12:48:19.556378"
[1] "File Downloaded... unzipping... 2025-04-25 12:48:21.49638"
[1] "Reading in data and making spatial... 2025-04-25 12:48:22.175259"
[1] "Retrieving coordinates... 2025-04-25 12:48:33.850463"
[1] "Retrieving H3 Indexes for Buildings... 2025-04-25 12:48:33.898679"
[1] "Deleting Footprints... 2025-04-25 12:48:34.141985"
[1] "1 Files Succesfully Downloaded --- 2025-04-25 12:48:34"
[1] "Downloading Footprints for link 2 @ 2025-04-25 12:48:34.1445"
[1] "File Downloaded... unzipping... 2025-04-25 12:48:34.772037"
[1] "Reading in data and making spatial... 2025-04-25 12:48:34.810675"
[1] "Retrieving coordinates... 2025-04-25 12:48:34.974503"
[1] "Retrieving H3 Indexes for Buildings... 2025-04-25 12:48:34.975722"
[1] "Deleting Footprints... 2025-04-25 12:48:35.744745"
[1] "2 Files Succesfully Downloaded --- 2025-04-25 12:48:36"
[1] "Downloading Footprints for link 3 @ 2025-04-25 12:48:35.747949"
[1] "File Downloaded... unzipping... 2025-04-25 12:48:36.752426"
[1] "Reading in data and making spatial... 2025-04-25 12:48:37.049675"
[1] "Retrieving coordinates... 2025-04-25 12:48:38.009209"
[1] "Retrieving H3 Indexes for Buildings... 2025-04-25 12:48:38.016178"
[1] "Deleting Footprints... 2025-04-25 12:48:38.061415"
[1] "3 Files Succesfully Downloaded --- 2025-04-25 12:48:38"
[1] "Downloading Footprints for link 4 @ 2025-04-25 12:48:38.066079"
[1] "File Downloaded... unzipping... 2025-04-25 12:48:38.686342"
[1] "Reading in data and making spatial... 2025-04-25 12:48:38.713977"
[1] "Retrieving coordinates... 2025-04-25 12:48:38.816806"
[1] "Retrieving H3 Indexes for Buildings... 2025-04-25 12:48:38.817771"
[1] "Deleting Footprints... 2025-04-25 12:48:38.832865"
[1] "4 Files Succesfully Downloaded --- 2025-04-25 12:48:39"
[1] "Downloading Footprints for link 5 @ 2025-04-25 12:48:38.835539"
[1] "File Downloaded... unzipping... 2025-04-25 12:48:39.693155"
[1] "Reading in data and making spatial... 2025-04-25 12:48:40.146676"
[1] "Retrieving coordinates... 2025-04-25 12:48:40.513007"
[1] "Retrieving H3 Indexes for Buildings... 2025-04-25 12:48:40.515685"
[1] "Deleting Footprints... 2025-04-25 12:48:40.544038"
[1] "5 Files Succesfully Downloaded --- 2025-04-25 12:48:41"
[1] "Downloading Footprints for link 6 @ 2025-04-25 12:48:40.546398"
[1] "File Downloaded... unzipping... 2025-04-25 12:48:41.559033"
[1] "Reading in data and making spatial... 2025-04-25 12:48:41.741879"
[1] "Retrieving coordinates... 2025-04-25 12:48:42.539552"
[1] "Retrieving H3 Indexes for Buildings... 2025-04-25 12:48:42.544602"
[1] "Deleting Footprints... 2025-04-25 12:48:42.58685"
[1] "6 Files Succesfully Downloaded --- 2025-04-25 12:48:43"
[1] "Downloading Footprints for link 7 @ 2025-04-25 12:48:42.589737"
[1] "File Downloaded... unzipping... 2025-04-25 12:48:44.602907"
[1] "Reading in data and making spatial... 2025-04-25 12:48:44.627931"
[1] "Retrieving coordinates... 2025-04-25 12:48:44.66776"
[1] "Retrieving H3 Indexes for Buildings... 2025-04-25 12:48:44.668276"
[1] "Deleting Footprints... 2025-04-25 12:48:44.685499"
[1] "7 Files Succesfully Downloaded --- 2025-04-25 12:48:45"
[1] "Downloading Footprints for link 8 @ 2025-04-25 12:48:44.688781"
[1] "File Downloaded... unzipping... 2025-04-25 12:48:45.172429"
[1] "Reading in data and making spatial... 2025-04-25 12:48:45.196337"
[1] "Retrieving coordinates... 2025-04-25 12:48:45.228579"
[1] "Retrieving H3 Indexes for Buildings... 2025-04-25 12:48:45.229037"
[1] "Deleting Footprints... 2025-04-25 12:48:45.246501"
[1] "8 Files Succesfully Downloaded --- 2025-04-25 12:48:45"
[1] "Downloading Footprints for link 9 @ 2025-04-25 12:48:45.24855"
[1] "File Downloaded... unzipping... 2025-04-25 12:48:46.063876"
[1] "Reading in data and making spatial... 2025-04-25 12:48:46.093222"
[1] "Retrieving coordinates... 2025-04-25 12:48:46.208855"
[1] "Retrieving H3 Indexes for Buildings... 2025-04-25 12:48:46.209916"
[1] "Deleting Footprints... 2025-04-25 12:48:46.29968"
[1] "9 Files Succesfully Downloaded --- 2025-04-25 12:48:46"
[1] "Downloading Footprints for link 10 @ 2025-04-25 12:48:46.303018"
[1] "File Downloaded... unzipping... 2025-04-25 12:48:46.570227"
[1] "Reading in data and making spatial... 2025-04-25 12:48:46.593238"
[1] "Retrieving coordinates... 2025-04-25 12:48:46.604974"
[1] "Retrieving H3 Indexes for Buildings... 2025-04-25 12:48:46.605324"
[1] "Deleting Footprints... 2025-04-25 12:48:46.619135"
[1] "10 Files Succesfully Downloaded --- 2025-04-25 12:48:47"
[1] "Downloading Footprints for link 11 @ 2025-04-25 12:48:46.621124"
[1] "File Downloaded... unzipping... 2025-04-25 12:48:47.057077"
[1] "Reading in data and making spatial... 2025-04-25 12:48:47.080846"
[1] "Retrieving coordinates... 2025-04-25 12:48:47.114552"
[1] "Retrieving H3 Indexes for Buildings... 2025-04-25 12:48:47.115048"
[1] "Deleting Footprints... 2025-04-25 12:48:47.130911"
[1] "11 Files Succesfully Downloaded --- 2025-04-25 12:48:47"
[1] "Downloading Footprints for link 12 @ 2025-04-25 12:48:47.133811"
[1] "File Downloaded... unzipping... 2025-04-25 12:48:47.715864"
[1] "Reading in data and making spatial... 2025-04-25 12:48:47.743801"
[1] "Retrieving coordinates... 2025-04-25 12:48:47.822002"
[1] "Retrieving H3 Indexes for Buildings... 2025-04-25 12:48:47.822779"
[1] "Deleting Footprints... 2025-04-25 12:48:47.84054"
[1] "12 Files Succesfully Downloaded --- 2025-04-25 12:48:48"
[1] "Downloading Footprints for link 13 @ 2025-04-25 12:48:47.843804"
[1] "File Downloaded... unzipping... 2025-04-25 12:48:48.58442"
[1] "Reading in data and making spatial... 2025-04-25 12:48:48.617647"
[1] "Retrieving coordinates... 2025-04-25 12:48:48.821483"
[1] "Retrieving H3 Indexes for Buildings... 2025-04-25 12:48:48.822655"
[1] "Deleting Footprints... 2025-04-25 12:48:48.840986"
[1] "13 Files Succesfully Downloaded --- 2025-04-25 12:48:49"
[1] "Downloading Footprints for link 14 @ 2025-04-25 12:48:48.844713"
[1] "File Downloaded... unzipping... 2025-04-25 12:48:49.323591"
[1] "Reading in data and making spatial... 2025-04-25 12:48:49.349004"
[1] "Retrieving coordinates... 2025-04-25 12:48:49.403031"
[1] "Retrieving H3 Indexes for Buildings... 2025-04-25 12:48:49.403676"
[1] "Deleting Footprints... 2025-04-25 12:48:49.419231"
[1] "14 Files Succesfully Downloaded --- 2025-04-25 12:48:49"
[1] "Downloading Footprints for link 15 @ 2025-04-25 12:48:49.423043"
[1] "File Downloaded... unzipping... 2025-04-25 12:48:49.811559"
[1] "Reading in data and making spatial... 2025-04-25 12:48:49.838172"
[1] "Retrieving coordinates... 2025-04-25 12:48:49.87585"
[1] "Retrieving H3 Indexes for Buildings... 2025-04-25 12:48:49.876414"
[1] "Deleting Footprints... 2025-04-25 12:48:49.891399"
[1] "15 Files Succesfully Downloaded --- 2025-04-25 12:48:50"
[1] "Downloading Footprints for link 16 @ 2025-04-25 12:48:49.894443"
[1] "File Downloaded... unzipping... 2025-04-25 12:48:50.414176"
[1] "Reading in data and making spatial... 2025-04-25 12:48:50.446331"
[1] "Retrieving coordinates... 2025-04-25 12:48:50.489626"
[1] "Retrieving H3 Indexes for Buildings... 2025-04-25 12:48:50.490212"
[1] "Deleting Footprints... 2025-04-25 12:48:50.575872"
[1] "16 Files Succesfully Downloaded --- 2025-04-25 12:48:51"
[1] "Downloading Footprints for link 17 @ 2025-04-25 12:48:50.580202"
[1] "File Downloaded... unzipping... 2025-04-25 12:48:51.084547"
[1] "Reading in data and making spatial... 2025-04-25 12:48:51.11109"
[1] "Retrieving coordinates... 2025-04-25 12:48:51.166797"
[1] "Retrieving H3 Indexes for Buildings... 2025-04-25 12:48:51.167453"
[1] "Deleting Footprints... 2025-04-25 12:48:51.182931"
[1] "17 Files Succesfully Downloaded --- 2025-04-25 12:48:51"
[1] "Downloading Footprints for link 18 @ 2025-04-25 12:48:51.187328"
[1] "File Downloaded... unzipping... 2025-04-25 12:48:52.031128"
[1] "Reading in data and making spatial... 2025-04-25 12:48:52.348706"
[1] "Retrieving coordinates... 2025-04-25 12:48:52.642272"
[1] "Retrieving H3 Indexes for Buildings... 2025-04-25 12:48:52.644458"
[1] "Deleting Footprints... 2025-04-25 12:48:52.75011"
[1] "18 Files Succesfully Downloaded --- 2025-04-25 12:48:53"
[1] "Downloading Footprints for link 19 @ 2025-04-25 12:48:52.754477"
[1] "File Downloaded... unzipping... 2025-04-25 12:48:53.588772"
[1] "Reading in data and making spatial... 2025-04-25 12:48:53.71599"
[1] "Retrieving coordinates... 2025-04-25 12:48:54.128046"
[1] "Retrieving H3 Indexes for Buildings... 2025-04-25 12:48:54.130929"
[1] "Deleting Footprints... 2025-04-25 12:48:54.462892"
[1] "19 Files Succesfully Downloaded --- 2025-04-25 12:48:54"
[1] "Downloading Footprints for link 20 @ 2025-04-25 12:48:54.467147"
[1] "File Downloaded... unzipping... 2025-04-25 12:48:55.277588"
[1] "Reading in data and making spatial... 2025-04-25 12:48:55.313787"
[1] "Retrieving coordinates... 2025-04-25 12:48:55.511779"
[1] "Retrieving H3 Indexes for Buildings... 2025-04-25 12:48:55.513559"
[1] "Deleting Footprints... 2025-04-25 12:48:55.537275"
[1] "20 Files Succesfully Downloaded --- 2025-04-25 12:48:56"
[1] "Downloading Footprints for link 21 @ 2025-04-25 12:48:55.540495"
[1] "File Downloaded... unzipping... 2025-04-25 12:48:56.374149"
[1] "Reading in data and making spatial... 2025-04-25 12:48:56.444008"
[1] "Retrieving coordinates... 2025-04-25 12:48:56.877811"
[1] "Retrieving H3 Indexes for Buildings... 2025-04-25 12:48:56.881106"
[1] "Deleting Footprints... 2025-04-25 12:48:56.915205"
[1] "21 Files Succesfully Downloaded --- 2025-04-25 12:48:57"
[1] "Downloading Footprints for link 22 @ 2025-04-25 12:48:56.918679"
[1] "File Downloaded... unzipping... 2025-04-25 12:48:57.335963"
[1] "Reading in data and making spatial... 2025-04-25 12:48:57.361788"
[1] "Retrieving coordinates... 2025-04-25 12:48:57.388482"
[1] "Retrieving H3 Indexes for Buildings... 2025-04-25 12:48:57.388928"
[1] "Deleting Footprints... 2025-04-25 12:48:57.407016"
[1] "22 Files Succesfully Downloaded --- 2025-04-25 12:48:57"
[1] "Downloading Footprints for link 23 @ 2025-04-25 12:48:57.40902"
[1] "File Downloaded... unzipping... 2025-04-25 12:48:57.867646"
[1] "Reading in data and making spatial... 2025-04-25 12:48:57.901729"
[1] "Retrieving coordinates... 2025-04-25 12:48:57.99215"
[1] "Retrieving H3 Indexes for Buildings... 2025-04-25 12:48:57.99306"
[1] "Deleting Footprints... 2025-04-25 12:48:58.013026"
[1] "23 Files Succesfully Downloaded --- 2025-04-25 12:48:58"
[1] "Downloading Footprints for link 24 @ 2025-04-25 12:48:58.015389"
[1] "File Downloaded... unzipping... 2025-04-25 12:48:58.845164"
[1] "Reading in data and making spatial... 2025-04-25 12:48:58.947909"
[1] "Retrieving coordinates... 2025-04-25 12:48:59.220677"
[1] "Retrieving H3 Indexes for Buildings... 2025-04-25 12:48:59.222711"
[1] "Deleting Footprints... 2025-04-25 12:48:59.24926"
[1] "24 Files Succesfully Downloaded --- 2025-04-25 12:48:59"
[1] "Downloading Footprints for link 25 @ 2025-04-25 12:48:59.251477"
[1] "File Downloaded... unzipping... 2025-04-25 12:48:59.520105"
[1] "Reading in data and making spatial... 2025-04-25 12:48:59.543467"
[1] "Retrieving coordinates... 2025-04-25 12:48:59.557689"
[1] "Retrieving H3 Indexes for Buildings... 2025-04-25 12:48:59.558053"
[1] "Deleting Footprints... 2025-04-25 12:48:59.575115"
[1] "25 Files Succesfully Downloaded --- 2025-04-25 12:49:00"
[1] "Downloading Footprints for link 26 @ 2025-04-25 12:48:59.578941"
[1] "File Downloaded... unzipping... 2025-04-25 12:48:59.986721"
[1] "Reading in data and making spatial... 2025-04-25 12:49:00.01239"
[1] "Retrieving coordinates... 2025-04-25 12:49:00.054165"
[1] "Retrieving H3 Indexes for Buildings... 2025-04-25 12:49:00.054738"
[1] "Deleting Footprints... 2025-04-25 12:49:00.073378"
[1] "26 Files Succesfully Downloaded --- 2025-04-25 12:49:00"
[1] "Downloading Footprints for link 27 @ 2025-04-25 12:49:00.075278"
[1] "File Downloaded... unzipping... 2025-04-25 12:49:00.639519"
[1] "Reading in data and making spatial... 2025-04-25 12:49:00.669664"
[1] "Retrieving coordinates... 2025-04-25 12:49:00.750345"
[1] "Retrieving H3 Indexes for Buildings... 2025-04-25 12:49:00.751237"
[1] "Deleting Footprints... 2025-04-25 12:49:00.776152"
[1] "27 Files Succesfully Downloaded --- 2025-04-25 12:49:01"
[1] "Downloading Footprints for link 28 @ 2025-04-25 12:49:00.778444"
[1] "File Downloaded... unzipping... 2025-04-25 12:49:01.199573"
[1] "Reading in data and making spatial... 2025-04-25 12:49:01.224753"
[1] "Retrieving coordinates... 2025-04-25 12:49:01.326788"
[1] "Retrieving H3 Indexes for Buildings... 2025-04-25 12:49:01.327384"
[1] "Deleting Footprints... 2025-04-25 12:49:01.347227"
[1] "28 Files Succesfully Downloaded --- 2025-04-25 12:49:01"
[1] "Downloading Footprints for link 29 @ 2025-04-25 12:49:01.349162"
[1] "File Downloaded... unzipping... 2025-04-25 12:49:02.176907"
[1] "Reading in data and making spatial... 2025-04-25 12:49:02.235154"
[1] "Retrieving coordinates... 2025-04-25 12:49:02.577456"
[1] "Retrieving H3 Indexes for Buildings... 2025-04-25 12:49:02.579987"
[1] "Deleting Footprints... 2025-04-25 12:49:02.610505"
[1] "29 Files Succesfully Downloaded --- 2025-04-25 12:49:03"
[1] "Downloading Footprints for link 30 @ 2025-04-25 12:49:02.613521"
[1] "File Downloaded... unzipping... 2025-04-25 12:49:03.371162"
[1] "Reading in data and making spatial... 2025-04-25 12:49:03.414512"
[1] "Retrieving coordinates... 2025-04-25 12:49:03.645192"
[1] "Retrieving H3 Indexes for Buildings... 2025-04-25 12:49:03.647"
[1] "Deleting Footprints... 2025-04-25 12:49:03.675457"
[1] "30 Files Succesfully Downloaded --- 2025-04-25 12:49:04"
[1] "Downloading Footprints for link 31 @ 2025-04-25 12:49:03.67822"
[1] "File Downloaded... unzipping... 2025-04-25 12:49:04.279153"
[1] "Reading in data and making spatial... 2025-04-25 12:49:04.308289"
[1] "Retrieving coordinates... 2025-04-25 12:49:04.40567"
[1] "Retrieving H3 Indexes for Buildings... 2025-04-25 12:49:04.40664"
[1] "Deleting Footprints... 2025-04-25 12:49:04.501541"
[1] "31 Files Succesfully Downloaded --- 2025-04-25 12:49:05"
[1] "Downloading Footprints for link 32 @ 2025-04-25 12:49:04.505824"
[1] "File Downloaded... unzipping... 2025-04-25 12:49:04.923146"
[1] "Reading in data and making spatial... 2025-04-25 12:49:04.947416"
[1] "Retrieving coordinates... 2025-04-25 12:49:05.00547"
[1] "Retrieving H3 Indexes for Buildings... 2025-04-25 12:49:05.00613"
[1] "Deleting Footprints... 2025-04-25 12:49:05.02668"
[1] "32 Files Succesfully Downloaded --- 2025-04-25 12:49:05"
[1] "Downloading Footprints for link 33 @ 2025-04-25 12:49:05.028508"
[1] "File Downloaded... unzipping... 2025-04-25 12:49:05.661088"
[1] "Reading in data and making spatial... 2025-04-25 12:49:05.691441"
[1] "Retrieving coordinates... 2025-04-25 12:49:05.794184"
[1] "Retrieving H3 Indexes for Buildings... 2025-04-25 12:49:05.795123"
[1] "Deleting Footprints... 2025-04-25 12:49:05.81678"
[1] "33 Files Succesfully Downloaded --- 2025-04-25 12:49:06"
[1] "Downloading Footprints for link 34 @ 2025-04-25 12:49:05.818411"
[1] "File Downloaded... unzipping... 2025-04-25 12:49:06.927075"
[1] "Reading in data and making spatial... 2025-04-25 12:49:07.142864"
[1] "Retrieving coordinates... 2025-04-25 12:49:08.421463"
[1] "Retrieving H3 Indexes for Buildings... 2025-04-25 12:49:08.433416"
[1] "Deleting Footprints... 2025-04-25 12:49:08.604982"
[1] "34 Files Succesfully Downloaded --- 2025-04-25 12:49:09"
[1] "Downloading Footprints for link 35 @ 2025-04-25 12:49:08.607168"
[1] "File Downloaded... unzipping... 2025-04-25 12:49:09.37075"
[1] "Reading in data and making spatial... 2025-04-25 12:49:09.407393"
[1] "Retrieving coordinates... 2025-04-25 12:49:09.631624"
[1] "Retrieving H3 Indexes for Buildings... 2025-04-25 12:49:09.633342"
[1] "Deleting Footprints... 2025-04-25 12:49:09.74339"
[1] "35 Files Succesfully Downloaded --- 2025-04-25 12:49:10"
[1] "Downloading Footprints for link 36 @ 2025-04-25 12:49:09.744857"
[1] "File Downloaded... unzipping... 2025-04-25 12:49:11.1312"
[1] "Reading in data and making spatial... 2025-04-25 12:49:11.651648"
[1] "Retrieving coordinates... 2025-04-25 12:49:14.239545"
[1] "Retrieving H3 Indexes for Buildings... 2025-04-25 12:49:14.255811"
[1] "Deleting Footprints... 2025-04-25 12:49:14.363833"
[1] "36 Files Succesfully Downloaded --- 2025-04-25 12:49:14"
[1] "Downloading Footprints for link 37 @ 2025-04-25 12:49:14.366347"
[1] "File Downloaded... unzipping... 2025-04-25 12:49:14.755359"
[1] "Reading in data and making spatial... 2025-04-25 12:49:14.784272"
[1] "Retrieving coordinates... 2025-04-25 12:49:14.816479"
[1] "Retrieving H3 Indexes for Buildings... 2025-04-25 12:49:14.816996"
[1] "Deleting Footprints... 2025-04-25 12:49:14.844882"
[1] "37 Files Succesfully Downloaded --- 2025-04-25 12:49:15"
[1] "Downloading Footprints for link 38 @ 2025-04-25 12:49:14.847494"
[1] "File Downloaded... unzipping... 2025-04-25 12:49:15.453331"
[1] "Reading in data and making spatial... 2025-04-25 12:49:15.484041"
[1] "Retrieving coordinates... 2025-04-25 12:49:15.584486"
[1] "Retrieving H3 Indexes for Buildings... 2025-04-25 12:49:15.585277"
[1] "Deleting Footprints... 2025-04-25 12:49:15.737422"
[1] "38 Files Succesfully Downloaded --- 2025-04-25 12:49:16"
[1] "Downloading Footprints for link 39 @ 2025-04-25 12:49:15.74017"
[1] "File Downloaded... unzipping... 2025-04-25 12:49:16.370995"
[1] "Reading in data and making spatial... 2025-04-25 12:49:16.406445"
[1] "Retrieving coordinates... 2025-04-25 12:49:16.521621"
[1] "Retrieving H3 Indexes for Buildings... 2025-04-25 12:49:16.522641"
[1] "Deleting Footprints... 2025-04-25 12:49:16.550524"
[1] "39 Files Succesfully Downloaded --- 2025-04-25 12:49:17"
[1] "Downloading Footprints for link 40 @ 2025-04-25 12:49:16.552594"
[1] "File Downloaded... unzipping... 2025-04-25 12:49:17.099725"
[1] "Reading in data and making spatial... 2025-04-25 12:49:17.131753"
[1] "Retrieving coordinates... 2025-04-25 12:49:17.20838"
[1] "Retrieving H3 Indexes for Buildings... 2025-04-25 12:49:17.209187"
[1] "Deleting Footprints... 2025-04-25 12:49:17.237405"
[1] "40 Files Succesfully Downloaded --- 2025-04-25 12:49:17"
[1] "Downloading Footprints for link 41 @ 2025-04-25 12:49:17.242874"
[1] "File Downloaded... unzipping... 2025-04-25 12:49:17.491837"
[1] "Reading in data and making spatial... 2025-04-25 12:49:17.60078"
[1] "Retrieving coordinates... 2025-04-25 12:49:17.620087"
[1] "Retrieving H3 Indexes for Buildings... 2025-04-25 12:49:17.620609"
[1] "Deleting Footprints... 2025-04-25 12:49:17.645224"
[1] "41 Files Succesfully Downloaded --- 2025-04-25 12:49:18"
[1] "Downloading Footprints for link 42 @ 2025-04-25 12:49:17.648434"
[1] "File Downloaded... unzipping... 2025-04-25 12:49:18.242378"
[1] "Reading in data and making spatial... 2025-04-25 12:49:18.272082"
[1] "Retrieving coordinates... 2025-04-25 12:49:18.343997"
[1] "Retrieving H3 Indexes for Buildings... 2025-04-25 12:49:18.344758"
[1] "Deleting Footprints... 2025-04-25 12:49:18.37314"
[1] "42 Files Succesfully Downloaded --- 2025-04-25 12:49:18"
[1] "Downloading Footprints for link 43 @ 2025-04-25 12:49:18.375235"
[1] "File Downloaded... unzipping... 2025-04-25 12:49:19.112051"
[1] "Reading in data and making spatial... 2025-04-25 12:49:19.335582"
[1] "Retrieving coordinates... 2025-04-25 12:49:19.476691"
[1] "Retrieving H3 Indexes for Buildings... 2025-04-25 12:49:19.478027"
[1] "Deleting Footprints... 2025-04-25 12:49:19.507995"
[1] "43 Files Succesfully Downloaded --- 2025-04-25 12:49:20"
[1] "Downloading Footprints for link 44 @ 2025-04-25 12:49:19.508939"
[1] "File Downloaded... unzipping... 2025-04-25 12:49:19.9424"
[1] "Reading in data and making spatial... 2025-04-25 12:49:19.96761"
[1] "Retrieving coordinates... 2025-04-25 12:49:20.009549"
[1] "Retrieving H3 Indexes for Buildings... 2025-04-25 12:49:20.010132"
[1] "Deleting Footprints... 2025-04-25 12:49:20.036425"
[1] "44 Files Succesfully Downloaded --- 2025-04-25 12:49:20"
[1] "Downloading Footprints for link 45 @ 2025-04-25 12:49:20.038896"
[1] "File Downloaded... unzipping... 2025-04-25 12:49:21.431391"
[1] "Reading in data and making spatial... 2025-04-25 12:49:21.792377"
[1] "Retrieving coordinates... 2025-04-25 12:49:23.038369"
[1] "Retrieving H3 Indexes for Buildings... 2025-04-25 12:49:23.046106"
[1] "Deleting Footprints... 2025-04-25 12:49:23.235097"
[1] "45 Files Succesfully Downloaded --- 2025-04-25 12:49:23"
[1] "Downloading Footprints for link 46 @ 2025-04-25 12:49:23.239238"
[1] "File Downloaded... unzipping... 2025-04-25 12:49:25.391467"
[1] "Reading in data and making spatial... 2025-04-25 12:49:26.202745"
[1] "Retrieving coordinates... 2025-04-25 12:49:39.009622"
[1] "Retrieving H3 Indexes for Buildings... 2025-04-25 12:49:39.067192"
[1] "Deleting Footprints... 2025-04-25 12:49:39.396866"
[1] "46 Files Succesfully Downloaded --- 2025-04-25 12:49:39"
[1] "Downloading Footprints for link 47 @ 2025-04-25 12:49:39.399608"
[1] "File Downloaded... unzipping... 2025-04-25 12:49:40.950475"
[1] "Reading in data and making spatial... 2025-04-25 12:49:40.974741"
[1] "Retrieving coordinates... 2025-04-25 12:49:41.008131"
[1] "Retrieving H3 Indexes for Buildings... 2025-04-25 12:49:41.008626"
[1] "Deleting Footprints... 2025-04-25 12:49:41.056312"
[1] "47 Files Succesfully Downloaded --- 2025-04-25 12:49:41"
[1] "Downloading Footprints for link 48 @ 2025-04-25 12:49:41.058445"
[1] "File Downloaded... unzipping... 2025-04-25 12:49:41.949513"
[1] "Reading in data and making spatial... 2025-04-25 12:49:42.200128"
[1] "Retrieving coordinates... 2025-04-25 12:49:42.701188"
[1] "Retrieving H3 Indexes for Buildings... 2025-04-25 12:49:42.703779"
[1] "Deleting Footprints... 2025-04-25 12:49:42.75632"
[1] "48 Files Succesfully Downloaded --- 2025-04-25 12:49:43"
[1] "Downloading Footprints for link 49 @ 2025-04-25 12:49:42.758898"
[1] "File Downloaded... unzipping... 2025-04-25 12:49:43.917909"
[1] "Reading in data and making spatial... 2025-04-25 12:49:44.005739"
[1] "Retrieving coordinates... 2025-04-25 12:49:45.017063"
[1] "Retrieving H3 Indexes for Buildings... 2025-04-25 12:49:45.022336"
[1] "Deleting Footprints... 2025-04-25 12:49:45.091382"
[1] "49 Files Succesfully Downloaded --- 2025-04-25 12:49:45"
[1] "Downloading Footprints for link 50 @ 2025-04-25 12:49:45.095909"
[1] "File Downloaded... unzipping... 2025-04-25 12:49:47.759906"
[1] "Reading in data and making spatial... 2025-04-25 12:49:47.790394"
[1] "Retrieving coordinates... 2025-04-25 12:49:48.022454"
[1] "Retrieving H3 Indexes for Buildings... 2025-04-25 12:49:48.023655"
[1] "Deleting Footprints... 2025-04-25 12:49:48.078781"
[1] "50 Files Succesfully Downloaded --- 2025-04-25 12:49:48"
[1] "Downloading Footprints for link 51 @ 2025-04-25 12:49:48.080925"
[1] "File Downloaded... unzipping... 2025-04-25 12:49:48.713813"
[1] "Reading in data and making spatial... 2025-04-25 12:49:48.83599"
[1] "Retrieving coordinates... 2025-04-25 12:49:48.991299"
[1] "Retrieving H3 Indexes for Buildings... 2025-04-25 12:49:48.992515"
[1] "Deleting Footprints... 2025-04-25 12:49:49.3127"
[1] "51 Files Succesfully Downloaded --- 2025-04-25 12:49:49"
[1] "Downloading Footprints for link 52 @ 2025-04-25 12:49:49.314836"
[1] "File Downloaded... unzipping... 2025-04-25 12:49:50.163676"
[1] "Reading in data and making spatial... 2025-04-25 12:49:50.262602"
[1] "Retrieving coordinates... 2025-04-25 12:49:50.886152"
[1] "Retrieving H3 Indexes for Buildings... 2025-04-25 12:49:50.889864"
[1] "Deleting Footprints... 2025-04-25 12:49:51.051413"
[1] "52 Files Succesfully Downloaded --- 2025-04-25 12:49:51"
[1] "Downloading Footprints for link 53 @ 2025-04-25 12:49:51.056023"
[1] "File Downloaded... unzipping... 2025-04-25 12:49:51.469032"
[1] "Reading in data and making spatial... 2025-04-25 12:49:51.514847"
[1] "Retrieving coordinates... 2025-04-25 12:49:51.574052"
[1] "Retrieving H3 Indexes for Buildings... 2025-04-25 12:49:51.574819"
[1] "Deleting Footprints... 2025-04-25 12:49:51.723482"
[1] "53 Files Succesfully Downloaded --- 2025-04-25 12:49:52"
[1] "Downloading Footprints for link 54 @ 2025-04-25 12:49:51.725848"
[1] "File Downloaded... unzipping... 2025-04-25 12:49:52.31926"
[1] "Reading in data and making spatial... 2025-04-25 12:49:52.377372"
[1] "Retrieving coordinates... 2025-04-25 12:49:52.501858"
[1] "Retrieving H3 Indexes for Buildings... 2025-04-25 12:49:52.502813"
[1] "Deleting Footprints... 2025-04-25 12:49:52.636366"
[1] "54 Files Succesfully Downloaded --- 2025-04-25 12:49:53"
[1] "Downloading Footprints for link 55 @ 2025-04-25 12:49:52.639731"
[1] "File Downloaded... unzipping... 2025-04-25 12:49:53.475395"
[1] "Reading in data and making spatial... 2025-04-25 12:49:53.727657"
[1] "Retrieving coordinates... 2025-04-25 12:49:54.102786"
[1] "Retrieving H3 Indexes for Buildings... 2025-04-25 12:49:54.105058"
[1] "Deleting Footprints... 2025-04-25 12:49:54.243026"
[1] "55 Files Succesfully Downloaded --- 2025-04-25 12:49:54"
[1] "Downloading Footprints for link 56 @ 2025-04-25 12:49:54.244046"
[1] "File Downloaded... unzipping... 2025-04-25 12:49:54.531062"
[1] "Reading in data and making spatial... 2025-04-25 12:49:54.572596"
[1] "Retrieving coordinates... 2025-04-25 12:49:54.595318"
[1] "Retrieving H3 Indexes for Buildings... 2025-04-25 12:49:54.595866"
[1] "Deleting Footprints... 2025-04-25 12:49:55.191915"
[1] "56 Files Succesfully Downloaded --- 2025-04-25 12:49:55"
[1] "Downloading Footprints for link 57 @ 2025-04-25 12:49:55.196948"
[1] "File Downloaded... unzipping... 2025-04-25 12:50:02.655693"
[1] "Reading in data and making spatial... 2025-04-25 12:50:02.823654"
[1] "Retrieving coordinates... 2025-04-25 12:50:05.714026"
[1] "Retrieving H3 Indexes for Buildings... 2025-04-25 12:50:05.729229"
[1] "Deleting Footprints... 2025-04-25 12:50:05.848304"
[1] "57 Files Succesfully Downloaded --- 2025-04-25 12:50:06"
[1] "Downloading Footprints for link 58 @ 2025-04-25 12:50:05.850729"
[1] "File Downloaded... unzipping... 2025-04-25 12:50:06.907592"
[1] "Reading in data and making spatial... 2025-04-25 12:50:06.981359"
[1] "Retrieving coordinates... 2025-04-25 12:50:08.22886"
[1] "Retrieving H3 Indexes for Buildings... 2025-04-25 12:50:08.234471"
[1] "Deleting Footprints... 2025-04-25 12:50:08.32134"
[1] "58 Files Succesfully Downloaded --- 2025-04-25 12:50:08"
[1] "Downloading Footprints for link 59 @ 2025-04-25 12:50:08.323554"
[1] "File Downloaded... unzipping... 2025-04-25 12:50:08.765609"
[1] "Reading in data and making spatial... 2025-04-25 12:50:08.789237"
[1] "Retrieving coordinates... 2025-04-25 12:50:08.817965"
[1] "Retrieving H3 Indexes for Buildings... 2025-04-25 12:50:08.818408"
[1] "Deleting Footprints... 2025-04-25 12:50:09.304183"
[1] "59 Files Succesfully Downloaded --- 2025-04-25 12:50:09"
[1] "Downloading Footprints for link 60 @ 2025-04-25 12:50:09.307672"
[1] "File Downloaded... unzipping... 2025-04-25 12:50:10.042681"
[1] "Reading in data and making spatial... 2025-04-25 12:50:10.075714"
[1] "Retrieving coordinates... 2025-04-25 12:50:10.217361"
[1] "Retrieving H3 Indexes for Buildings... 2025-04-25 12:50:10.218783"
[1] "Deleting Footprints... 2025-04-25 12:50:10.275006"
[1] "60 Files Succesfully Downloaded --- 2025-04-25 12:50:10"
[1] "Downloading Footprints for link 61 @ 2025-04-25 12:50:10.278057"
[1] "File Downloaded... unzipping... 2025-04-25 12:50:10.7739"
[1] "Reading in data and making spatial... 2025-04-25 12:50:10.799894"
[1] "Retrieving coordinates... 2025-04-25 12:50:10.857097"
[1] "Retrieving H3 Indexes for Buildings... 2025-04-25 12:50:10.857798"
[1] "Deleting Footprints... 2025-04-25 12:50:10.907834"
[1] "61 Files Succesfully Downloaded --- 2025-04-25 12:50:11"
[1] "Downloading Footprints for link 62 @ 2025-04-25 12:50:10.909845"
[1] "File Downloaded... unzipping... 2025-04-25 12:50:11.226677"
[1] "Reading in data and making spatial... 2025-04-25 12:50:11.249732"
[1] "Retrieving coordinates... 2025-04-25 12:50:11.270108"
[1] "Retrieving H3 Indexes for Buildings... 2025-04-25 12:50:11.270563"
[1] "Deleting Footprints... 2025-04-25 12:50:11.380735"
[1] "62 Files Succesfully Downloaded --- 2025-04-25 12:50:11"
[1] "Downloading Footprints for link 63 @ 2025-04-25 12:50:11.382764"
[1] "File Downloaded... unzipping... 2025-04-25 12:50:11.781316"
[1] "Reading in data and making spatial... 2025-04-25 12:50:11.807502"
[1] "Retrieving coordinates... 2025-04-25 12:50:11.846351"
[1] "Retrieving H3 Indexes for Buildings... 2025-04-25 12:50:11.846926"
[1] "Deleting Footprints... 2025-04-25 12:50:11.897181"
[1] "63 Files Succesfully Downloaded --- 2025-04-25 12:50:12"
[1] "Downloading Footprints for link 64 @ 2025-04-25 12:50:11.898432"
[1] "File Downloaded... unzipping... 2025-04-25 12:50:12.431827"
[1] "Reading in data and making spatial... 2025-04-25 12:50:12.458616"
[1] "Retrieving coordinates... 2025-04-25 12:50:12.546941"
[1] "Retrieving H3 Indexes for Buildings... 2025-04-25 12:50:12.547886"
[1] "Deleting Footprints... 2025-04-25 12:50:12.65928"
[1] "64 Files Succesfully Downloaded --- 2025-04-25 12:50:13"
[1] "Downloading Footprints for link 65 @ 2025-04-25 12:50:12.667007"
[1] "File Downloaded... unzipping... 2025-04-25 12:50:13.866801"
[1] "Reading in data and making spatial... 2025-04-25 12:50:14.345794"
[1] "Retrieving coordinates... 2025-04-25 12:50:14.803001"
[1] "Retrieving H3 Indexes for Buildings... 2025-04-25 12:50:14.806154"
[1] "Deleting Footprints... 2025-04-25 12:50:14.960186"
[1] "65 Files Succesfully Downloaded --- 2025-04-25 12:50:15"
[1] "Downloading Footprints for link 66 @ 2025-04-25 12:50:14.962564"
[1] "File Downloaded... unzipping... 2025-04-25 12:50:15.730523"
[1] "Reading in data and making spatial... 2025-04-25 12:50:15.773876"
[1] "Retrieving coordinates... 2025-04-25 12:50:15.978994"
[1] "Retrieving H3 Indexes for Buildings... 2025-04-25 12:50:15.980711"
[1] "Deleting Footprints... 2025-04-25 12:50:16.120459"
[1] "66 Files Succesfully Downloaded --- 2025-04-25 12:50:16"
[1] "Downloading Footprints for link 67 @ 2025-04-25 12:50:16.124359"
[1] "File Downloaded... unzipping... 2025-04-25 12:50:16.739227"
[1] "Reading in data and making spatial... 2025-04-25 12:50:16.768155"
[1] "Retrieving coordinates... 2025-04-25 12:50:16.851252"
[1] "Retrieving H3 Indexes for Buildings... 2025-04-25 12:50:16.852155"
[1] "Deleting Footprints... 2025-04-25 12:50:16.913977"
[1] "67 Files Succesfully Downloaded --- 2025-04-25 12:50:17"
[1] "Downloading Footprints for link 68 @ 2025-04-25 12:50:16.916998"
[1] "File Downloaded... unzipping... 2025-04-25 12:50:17.877087"
[1] "Reading in data and making spatial... 2025-04-25 12:50:18.012594"
[1] "Retrieving coordinates... 2025-04-25 12:50:18.813539"
[1] "Retrieving H3 Indexes for Buildings... 2025-04-25 12:50:18.818001"
[1] "Deleting Footprints... 2025-04-25 12:50:19.130922"
[1] "68 Files Succesfully Downloaded --- 2025-04-25 12:50:19"
[1] "Downloading Footprints for link 69 @ 2025-04-25 12:50:19.133744"
[1] "File Downloaded... unzipping... 2025-04-25 12:50:19.984479"
[1] "Reading in data and making spatial... 2025-04-25 12:50:20.048768"
[1] "Retrieving coordinates... 2025-04-25 12:50:20.404938"
[1] "Retrieving H3 Indexes for Buildings... 2025-04-25 12:50:20.407866"
[1] "Deleting Footprints... 2025-04-25 12:50:20.475409"
[1] "69 Files Succesfully Downloaded --- 2025-04-25 12:50:20"
[1] "Downloading Footprints for link 70 @ 2025-04-25 12:50:20.477204"
[1] "File Downloaded... unzipping... 2025-04-25 12:50:21.473693"
[1] "Reading in data and making spatial... 2025-04-25 12:50:21.640943"
[1] "Retrieving coordinates... 2025-04-25 12:50:22.830461"
[1] "Retrieving H3 Indexes for Buildings... 2025-04-25 12:50:22.836232"
[1] "Deleting Footprints... 2025-04-25 12:50:22.915319"
[1] "70 Files Succesfully Downloaded --- 2025-04-25 12:50:23"
[1] "Downloading Footprints for link 71 @ 2025-04-25 12:50:22.917761"
[1] "File Downloaded... unzipping... 2025-04-25 12:50:23.7888"
[1] "Reading in data and making spatial... 2025-04-25 12:50:23.811641"
[1] "Retrieving coordinates... 2025-04-25 12:50:23.830995"
[1] "Retrieving H3 Indexes for Buildings... 2025-04-25 12:50:23.831422"
[1] "Deleting Footprints... 2025-04-25 12:50:23.959006"
[1] "71 Files Succesfully Downloaded --- 2025-04-25 12:50:24"
[1] "Downloading Footprints for link 72 @ 2025-04-25 12:50:23.960932"
[1] "File Downloaded... unzipping... 2025-04-25 12:50:24.53118"
[1] "Reading in data and making spatial... 2025-04-25 12:50:24.595371"
[1] "Retrieving coordinates... 2025-04-25 12:50:24.674892"
[1] "Retrieving H3 Indexes for Buildings... 2025-04-25 12:50:24.675707"
[1] "Deleting Footprints... 2025-04-25 12:50:24.864938"
[1] "72 Files Succesfully Downloaded --- 2025-04-25 12:50:25"
[1] "Downloading Footprints for link 73 @ 2025-04-25 12:50:24.867426"
[1] "File Downloaded... unzipping... 2025-04-25 12:50:25.491247"
[1] "Reading in data and making spatial... 2025-04-25 12:50:25.524624"
[1] "Retrieving coordinates... 2025-04-25 12:50:25.628943"
[1] "Retrieving H3 Indexes for Buildings... 2025-04-25 12:50:25.629931"
[1] "Deleting Footprints... 2025-04-25 12:50:25.684082"
[1] "73 Files Succesfully Downloaded --- 2025-04-25 12:50:26"
[1] "Downloading Footprints for link 74 @ 2025-04-25 12:50:25.686537"
[1] "File Downloaded... unzipping... 2025-04-25 12:50:26.264794"
[1] "Reading in data and making spatial... 2025-04-25 12:50:26.292548"
[1] "Retrieving coordinates... 2025-04-25 12:50:26.37548"
[1] "Retrieving H3 Indexes for Buildings... 2025-04-25 12:50:26.376341"
[1] "Deleting Footprints... 2025-04-25 12:50:26.509009"
[1] "74 Files Succesfully Downloaded --- 2025-04-25 12:50:27"
[1] "Downloading Footprints for link 75 @ 2025-04-25 12:50:26.51167"
[1] "File Downloaded... unzipping... 2025-04-25 12:50:27.109133"
[1] "Reading in data and making spatial... 2025-04-25 12:50:27.137951"
[1] "Retrieving coordinates... 2025-04-25 12:50:27.207288"
[1] "Retrieving H3 Indexes for Buildings... 2025-04-25 12:50:27.208045"
[1] "Deleting Footprints... 2025-04-25 12:50:27.340039"
[1] "75 Files Succesfully Downloaded --- 2025-04-25 12:50:27"
[1] "Downloading Footprints for link 76 @ 2025-04-25 12:50:27.341736"
[1] "File Downloaded... unzipping... 2025-04-25 12:50:28.168672"
[1] "Reading in data and making spatial... 2025-04-25 12:50:28.211991"
[1] "Retrieving coordinates... 2025-04-25 12:50:28.419065"
[1] "Retrieving H3 Indexes for Buildings... 2025-04-25 12:50:28.420758"
[1] "Deleting Footprints... 2025-04-25 12:50:28.574646"
[1] "76 Files Succesfully Downloaded --- 2025-04-25 12:50:29"
[1] "Downloading Footprints for link 77 @ 2025-04-25 12:50:28.575433"
[1] "File Downloaded... unzipping... 2025-04-25 12:50:29.078975"
[1] "Reading in data and making spatial... 2025-04-25 12:50:29.104353"
[1] "Retrieving coordinates... 2025-04-25 12:50:29.144776"
[1] "Retrieving H3 Indexes for Buildings... 2025-04-25 12:50:29.145291"
[1] "Deleting Footprints... 2025-04-25 12:50:29.273035"
[1] "77 Files Succesfully Downloaded --- 2025-04-25 12:50:29"
[1] "Downloading Footprints for link 78 @ 2025-04-25 12:50:29.275422"
[1] "File Downloaded... unzipping... 2025-04-25 12:50:29.864607"
[1] "Reading in data and making spatial... 2025-04-25 12:50:29.893998"
[1] "Retrieving coordinates... 2025-04-25 12:50:29.971815"
[1] "Retrieving H3 Indexes for Buildings... 2025-04-25 12:50:29.972607"
[1] "Deleting Footprints... 2025-04-25 12:50:30.23872"
[1] "78 Files Succesfully Downloaded --- 2025-04-25 12:50:30"
[1] "Downloading Footprints for link 79 @ 2025-04-25 12:50:30.239383"
[1] "File Downloaded... unzipping... 2025-04-25 12:50:30.595686"
[1] "Reading in data and making spatial... 2025-04-25 12:50:30.617035"
[1] "Retrieving coordinates... 2025-04-25 12:50:30.637906"
[1] "Retrieving H3 Indexes for Buildings... 2025-04-25 12:50:30.638293"
[1] "Deleting Footprints... 2025-04-25 12:50:30.690473"
[1] "79 Files Succesfully Downloaded --- 2025-04-25 12:50:31"
[1] "Downloading Footprints for link 80 @ 2025-04-25 12:50:30.692617"
[1] "File Downloaded... unzipping... 2025-04-25 12:50:31.294073"
[1] "Reading in data and making spatial... 2025-04-25 12:50:31.32334"
[1] "Retrieving coordinates... 2025-04-25 12:50:31.403062"
[1] "Retrieving H3 Indexes for Buildings... 2025-04-25 12:50:31.403955"
[1] "Deleting Footprints... 2025-04-25 12:50:31.525087"
[1] "80 Files Succesfully Downloaded --- 2025-04-25 12:50:32"
[1] "Downloading Footprints for link 81 @ 2025-04-25 12:50:31.528918"
[1] "File Downloaded... unzipping... 2025-04-25 12:50:32.038676"
[1] "Reading in data and making spatial... 2025-04-25 12:50:32.063503"
[1] "Retrieving coordinates... 2025-04-25 12:50:32.117837"
[1] "Retrieving H3 Indexes for Buildings... 2025-04-25 12:50:32.118536"
[1] "Deleting Footprints... 2025-04-25 12:50:32.172531"
[1] "81 Files Succesfully Downloaded --- 2025-04-25 12:50:32"
[1] "Downloading Footprints for link 82 @ 2025-04-25 12:50:32.174635"
[1] "File Downloaded... unzipping... 2025-04-25 12:50:32.934414"
[1] "Reading in data and making spatial... 2025-04-25 12:50:32.973815"
[1] "Retrieving coordinates... 2025-04-25 12:50:33.193998"
[1] "Retrieving H3 Indexes for Buildings... 2025-04-25 12:50:33.195816"
[1] "Deleting Footprints... 2025-04-25 12:50:33.329098"
[1] "82 Files Succesfully Downloaded --- 2025-04-25 12:50:33"
[1] "Downloading Footprints for link 83 @ 2025-04-25 12:50:33.333364"
[1] "File Downloaded... unzipping... 2025-04-25 12:50:33.755518"
[1] "Reading in data and making spatial... 2025-04-25 12:50:33.77848"
[1] "Retrieving coordinates... 2025-04-25 12:50:33.810854"
[1] "Retrieving H3 Indexes for Buildings... 2025-04-25 12:50:33.811352"
[1] "Deleting Footprints... 2025-04-25 12:50:33.93051"
[1] "83 Files Succesfully Downloaded --- 2025-04-25 12:50:34"
[1] "Downloading Footprints for link 84 @ 2025-04-25 12:50:33.933238"
[1] "File Downloaded... unzipping... 2025-04-25 12:50:34.291052"
[1] "Reading in data and making spatial... 2025-04-25 12:50:34.312661"
[1] "Retrieving coordinates... 2025-04-25 12:50:34.335464"
[1] "Retrieving H3 Indexes for Buildings... 2025-04-25 12:50:34.335849"
[1] "Deleting Footprints... 2025-04-25 12:50:34.455608"
[1] "84 Files Succesfully Downloaded --- 2025-04-25 12:50:34"
[1] "Downloading Footprints for link 85 @ 2025-04-25 12:50:34.457477"
[1] "File Downloaded... unzipping... 2025-04-25 12:50:34.887388"
[1] "Reading in data and making spatial... 2025-04-25 12:50:34.910217"
[1] "Retrieving coordinates... 2025-04-25 12:50:34.946068"
[1] "Retrieving H3 Indexes for Buildings... 2025-04-25 12:50:34.946561"
[1] "Deleting Footprints... 2025-04-25 12:50:34.999533"
[1] "85 Files Succesfully Downloaded --- 2025-04-25 12:50:35"
[1] "Downloading Footprints for link 86 @ 2025-04-25 12:50:35.004372"
[1] "File Downloaded... unzipping... 2025-04-25 12:50:35.420782"
[1] "Reading in data and making spatial... 2025-04-25 12:50:35.442507"
[1] "Retrieving coordinates... 2025-04-25 12:50:35.468395"
[1] "Retrieving H3 Indexes for Buildings... 2025-04-25 12:50:35.468819"
[1] "Deleting Footprints... 2025-04-25 12:50:35.583911"
[1] "86 Files Succesfully Downloaded --- 2025-04-25 12:50:36"
[1] "Downloading Footprints for link 87 @ 2025-04-25 12:50:35.588185"
[1] "File Downloaded... unzipping... 2025-04-25 12:50:36.122902"
[1] "Reading in data and making spatial... 2025-04-25 12:50:36.149343"
[1] "Retrieving coordinates... 2025-04-25 12:50:36.223902"
[1] "Retrieving H3 Indexes for Buildings... 2025-04-25 12:50:36.224727"
[1] "Deleting Footprints... 2025-04-25 12:50:36.43089"
[1] "87 Files Succesfully Downloaded --- 2025-04-25 12:50:36"
[1] "Downloading Footprints for link 88 @ 2025-04-25 12:50:36.434421"
[1] "File Downloaded... unzipping... 2025-04-25 12:50:37.129234"
[1] "Reading in data and making spatial... 2025-04-25 12:50:37.161736"
[1] "Retrieving coordinates... 2025-04-25 12:50:37.287349"
[1] "Retrieving H3 Indexes for Buildings... 2025-04-25 12:50:37.288536"
[1] "Deleting Footprints... 2025-04-25 12:50:37.345002"
[1] "88 Files Succesfully Downloaded --- 2025-04-25 12:50:37"
[1] "Downloading Footprints for link 89 @ 2025-04-25 12:50:37.348518"
[1] "File Downloaded... unzipping... 2025-04-25 12:50:37.965981"
[1] "Reading in data and making spatial... 2025-04-25 12:50:37.997412"
[1] "Retrieving coordinates... 2025-04-25 12:50:38.129968"
[1] "Retrieving H3 Indexes for Buildings... 2025-04-25 12:50:38.131222"
[1] "Deleting Footprints... 2025-04-25 12:50:38.402862"
[1] "89 Files Succesfully Downloaded --- 2025-04-25 12:50:38"
[1] "Downloading Footprints for link 90 @ 2025-04-25 12:50:38.406393"
[1] "File Downloaded... unzipping... 2025-04-25 12:50:41.908053"
[1] "Reading in data and making spatial... 2025-04-25 12:50:41.933576"
[1] "Retrieving coordinates... 2025-04-25 12:50:41.978091"
[1] "Retrieving H3 Indexes for Buildings... 2025-04-25 12:50:41.978685"
[1] "Deleting Footprints... 2025-04-25 12:50:42.032942"
[1] "90 Files Succesfully Downloaded --- 2025-04-25 12:50:42"
[1] "Downloading Footprints for link 91 @ 2025-04-25 12:50:42.036338"
[1] "File Downloaded... unzipping... 2025-04-25 12:50:42.747174"
[1] "Reading in data and making spatial... 2025-04-25 12:50:42.783495"
[1] "Retrieving coordinates... 2025-04-25 12:50:42.974568"
[1] "Retrieving H3 Indexes for Buildings... 2025-04-25 12:50:42.976345"
[1] "Deleting Footprints... 2025-04-25 12:50:43.105398"
[1] "91 Files Succesfully Downloaded --- 2025-04-25 12:50:43"
[1] "Downloading Footprints for link 92 @ 2025-04-25 12:50:43.108377"
[1] "File Downloaded... unzipping... 2025-04-25 12:50:43.425119"
[1] "Reading in data and making spatial... 2025-04-25 12:50:43.445982"
[1] "Retrieving coordinates... 2025-04-25 12:50:43.465965"
[1] "Retrieving H3 Indexes for Buildings... 2025-04-25 12:50:43.466341"
[1] "Deleting Footprints... 2025-04-25 12:50:43.523438"
[1] "92 Files Succesfully Downloaded --- 2025-04-25 12:50:44"
[1] "Downloading Footprints for link 93 @ 2025-04-25 12:50:43.525804"
[1] "File Downloaded... unzipping... 2025-04-25 12:50:44.258778"
[1] "Reading in data and making spatial... 2025-04-25 12:50:44.296872"
[1] "Retrieving coordinates... 2025-04-25 12:50:44.471021"
[1] "Retrieving H3 Indexes for Buildings... 2025-04-25 12:50:44.472685"
[1] "Deleting Footprints... 2025-04-25 12:50:44.607566"
[1] "93 Files Succesfully Downloaded --- 2025-04-25 12:50:45"
[1] "Downloading Footprints for link 94 @ 2025-04-25 12:50:44.60914"
[1] "File Downloaded... unzipping... 2025-04-25 12:50:45.158064"
[1] "Reading in data and making spatial... 2025-04-25 12:50:45.256544"
[1] "Retrieving coordinates... 2025-04-25 12:50:45.353478"
[1] "Retrieving H3 Indexes for Buildings... 2025-04-25 12:50:45.354469"
[1] "Deleting Footprints... 2025-04-25 12:50:45.497695"
[1] "94 Files Succesfully Downloaded --- 2025-04-25 12:50:46"
[1] "Downloading Footprints for link 95 @ 2025-04-25 12:50:45.501246"
[1] "File Downloaded... unzipping... 2025-04-25 12:50:46.087017"
[1] "Reading in data and making spatial... 2025-04-25 12:50:46.115696"
[1] "Retrieving coordinates... 2025-04-25 12:50:46.204669"
[1] "Retrieving H3 Indexes for Buildings... 2025-04-25 12:50:46.205593"
[1] "Deleting Footprints... 2025-04-25 12:50:46.261509"
[1] "95 Files Succesfully Downloaded --- 2025-04-25 12:50:46"
[1] "Downloading Footprints for link 96 @ 2025-04-25 12:50:46.263178"
[1] "File Downloaded... unzipping... 2025-04-25 12:50:46.950349"
[1] "Reading in data and making spatial... 2025-04-25 12:50:46.985355"
[1] "Retrieving coordinates... 2025-04-25 12:50:47.208152"
[1] "Retrieving H3 Indexes for Buildings... 2025-04-25 12:50:47.210135"
[1] "Deleting Footprints... 2025-04-25 12:50:47.356152"
[1] "96 Files Succesfully Downloaded --- 2025-04-25 12:50:47"
[1] "Downloading Footprints for link 97 @ 2025-04-25 12:50:47.35903"
[1] "File Downloaded... unzipping... 2025-04-25 12:50:51.053527"
[1] "Reading in data and making spatial... 2025-04-25 12:50:51.088276"
[1] "Retrieving coordinates... 2025-04-25 12:50:51.255164"
[1] "Retrieving H3 Indexes for Buildings... 2025-04-25 12:50:51.256624"
[1] "Deleting Footprints... 2025-04-25 12:50:51.39684"
[1] "97 Files Succesfully Downloaded --- 2025-04-25 12:50:51"
[1] "SCRIPT COMPLETE @ 2025-04-25 12:50:53"
