[1] "Starting at: 2025-04-25 12:48:30"
[1] "Loading Links at: 2025-04-25 12:48:41"
[1] "quadkeys to download: 55"
[1] "Downloading and Joining footprints to Hex @ 2025-04-25 12:48:41"
[1] "Downloading Footprints for link 1 @ 2025-04-25 12:48:40.959335"
[1] "File Downloaded... unzipping... 2025-04-25 12:48:42.211541"
[1] "Reading in data and making spatial... 2025-04-25 12:48:42.400101"
[1] "Retrieving coordinates... 2025-04-25 12:48:46.787425"
[1] "Retrieving H3 Indexes for Buildings... 2025-04-25 12:48:46.809692"
[1] "Deleting Footprints... 2025-04-25 12:48:46.9107"
[1] "1 Files Succesfully Downloaded --- 2025-04-25 12:48:47"
[1] "Downloading Footprints for link 2 @ 2025-04-25 12:48:46.913383"
[1] "File Downloaded... unzipping... 2025-04-25 12:48:48.836558"
[1] "Reading in data and making spatial... 2025-04-25 12:48:49.465423"
[1] "Retrieving coordinates... 2025-04-25 12:49:03.744682"
[1] "Retrieving H3 Indexes for Buildings... 2025-04-25 12:49:03.816037"
[1] "Deleting Footprints... 2025-04-25 12:49:04.207729"
[1] "2 Files Succesfully Downloaded --- 2025-04-25 12:49:04"
[1] "Downloading Footprints for link 3 @ 2025-04-25 12:49:04.212477"
[1] "File Downloaded... unzipping... 2025-04-25 12:49:11.188077"
[1] "Reading in data and making spatial... 2025-04-25 12:49:12.69222"
[1] "Retrieving coordinates... 2025-04-25 12:49:43.926709"
[1] "Retrieving H3 Indexes for Buildings... 2025-04-25 12:49:44.10002"
[1] "Deleting Footprints... 2025-04-25 12:49:44.928444"
[1] "3 Files Succesfully Downloaded --- 2025-04-25 12:49:45"
[1] "Downloading Footprints for link 4 @ 2025-04-25 12:49:44.930768"
[1] "File Downloaded... unzipping... 2025-04-25 12:49:46.699927"
[1] "Reading in data and making spatial... 2025-04-25 12:49:47.175932"
[1] "Retrieving coordinates... 2025-04-25 12:49:54.886053"
[1] "Retrieving H3 Indexes for Buildings... 2025-04-25 12:49:54.924674"
[1] "Deleting Footprints... 2025-04-25 12:49:55.17395"
[1] "4 Files Succesfully Downloaded --- 2025-04-25 12:49:55"
[1] "Downloading Footprints for link 5 @ 2025-04-25 12:49:55.175816"
[1] "File Downloaded... unzipping... 2025-04-25 12:49:56.298218"
[1] "Reading in data and making spatial... 2025-04-25 12:49:56.369202"
[1] "Retrieving coordinates... 2025-04-25 12:49:57.115148"
[1] "Retrieving H3 Indexes for Buildings... 2025-04-25 12:49:57.119348"
[1] "Deleting Footprints... 2025-04-25 12:49:57.444068"
[1] "5 Files Succesfully Downloaded --- 2025-04-25 12:49:57"
[1] "Downloading Footprints for link 6 @ 2025-04-25 12:49:57.448905"
[1] "File Downloaded... unzipping... 2025-04-25 12:49:58.976778"
[1] "Reading in data and making spatial... 2025-04-25 12:49:59.392277"
[1] "Retrieving coordinates... 2025-04-25 12:50:08.853604"
[1] "Retrieving H3 Indexes for Buildings... 2025-04-25 12:50:08.909251"
[1] "Deleting Footprints... 2025-04-25 12:50:09.197966"
[1] "6 Files Succesfully Downloaded --- 2025-04-25 12:50:09"
[1] "Downloading Footprints for link 7 @ 2025-04-25 12:50:09.20086"
[1] "File Downloaded... unzipping... 2025-04-25 12:50:10.590102"
[1] "Reading in data and making spatial... 2025-04-25 12:50:10.815951"
[1] "Retrieving coordinates... 2025-04-25 12:50:14.300243"
[1] "Retrieving H3 Indexes for Buildings... 2025-04-25 12:50:14.323866"
[1] "Deleting Footprints... 2025-04-25 12:50:14.66451"
[1] "7 Files Succesfully Downloaded --- 2025-04-25 12:50:15"
[1] "Downloading Footprints for link 8 @ 2025-04-25 12:50:14.666852"
[1] "File Downloaded... unzipping... 2025-04-25 12:50:15.695475"
[1] "Reading in data and making spatial... 2025-04-25 12:50:15.824267"
[1] "Retrieving coordinates... 2025-04-25 12:50:16.466037"
[1] "Retrieving H3 Indexes for Buildings... 2025-04-25 12:50:16.470025"
[1] "Deleting Footprints... 2025-04-25 12:50:16.589001"
[1] "8 Files Succesfully Downloaded --- 2025-04-25 12:50:17"
[1] "Downloading Footprints for link 9 @ 2025-04-25 12:50:16.592031"
[1] "File Downloaded... unzipping... 2025-04-25 12:50:17.724349"
[1] "Reading in data and making spatial... 2025-04-25 12:50:18.112819"
[1] "Retrieving coordinates... 2025-04-25 12:50:20.60849"
[1] "Retrieving H3 Indexes for Buildings... 2025-04-25 12:50:20.621873"
[1] "Deleting Footprints... 2025-04-25 12:50:21.039013"
[1] "9 Files Succesfully Downloaded --- 2025-04-25 12:50:21"
[1] "Downloading Footprints for link 10 @ 2025-04-25 12:50:21.042782"
[1] "File Downloaded... unzipping... 2025-04-25 12:50:21.919792"
[1] "Reading in data and making spatial... 2025-04-25 12:50:22.156518"
[1] "Retrieving coordinates... 2025-04-25 12:50:23.218491"
[1] "Retrieving H3 Indexes for Buildings... 2025-04-25 12:50:23.224308"
[1] "Deleting Footprints... 2025-04-25 12:50:24.010778"
[1] "10 Files Succesfully Downloaded --- 2025-04-25 12:50:24"
[1] "Downloading Footprints for link 11 @ 2025-04-25 12:50:24.015452"
[1] "File Downloaded... unzipping... 2025-04-25 12:50:25.16949"
[1] "Reading in data and making spatial... 2025-04-25 12:50:25.530127"
[1] "Retrieving coordinates... 2025-04-25 12:50:27.22017"
[1] "Retrieving H3 Indexes for Buildings... 2025-04-25 12:50:27.231922"
[1] "Deleting Footprints... 2025-04-25 12:50:27.376644"
[1] "11 Files Succesfully Downloaded --- 2025-04-25 12:50:27"
[1] "Downloading Footprints for link 12 @ 2025-04-25 12:50:27.38165"
[1] "File Downloaded... unzipping... 2025-04-25 12:50:28.943566"
[1] "Reading in data and making spatial... 2025-04-25 12:50:29.255589"
[1] "Retrieving coordinates... 2025-04-25 12:50:34.347391"
[1] "Retrieving H3 Indexes for Buildings... 2025-04-25 12:50:34.378184"
[1] "Deleting Footprints... 2025-04-25 12:50:34.983257"
[1] "12 Files Succesfully Downloaded --- 2025-04-25 12:50:35"
[1] "Downloading Footprints for link 13 @ 2025-04-25 12:50:34.985726"
[1] "File Downloaded... unzipping... 2025-04-25 12:50:36.4106"
[1] "Reading in data and making spatial... 2025-04-25 12:50:37.039816"
[1] "Retrieving coordinates... 2025-04-25 12:50:39.322313"
[1] "Retrieving H3 Indexes for Buildings... 2025-04-25 12:50:39.334111"
[1] "Deleting Footprints... 2025-04-25 12:50:39.492803"
[1] "13 Files Succesfully Downloaded --- 2025-04-25 12:50:39"
[1] "Downloading Footprints for link 14 @ 2025-04-25 12:50:39.49714"
[1] "File Downloaded... unzipping... 2025-04-25 12:50:42.513618"
[1] "Reading in data and making spatial... 2025-04-25 12:50:42.604365"
[1] "Retrieving coordinates... 2025-04-25 12:50:43.654493"
[1] "Retrieving H3 Indexes for Buildings... 2025-04-25 12:50:43.660357"
[1] "Deleting Footprints... 2025-04-25 12:50:43.904261"
[1] "14 Files Succesfully Downloaded --- 2025-04-25 12:50:44"
[1] "Downloading Footprints for link 15 @ 2025-04-25 12:50:43.90801"
[1] "File Downloaded... unzipping... 2025-04-25 12:50:45.45065"
[1] "Reading in data and making spatial... 2025-04-25 12:50:45.955"
[1] "Retrieving coordinates... 2025-04-25 12:50:54.088629"
[1] "Retrieving H3 Indexes for Buildings... 2025-04-25 12:50:54.134697"
[1] "Deleting Footprints... 2025-04-25 12:50:54.474779"
[1] "15 Files Succesfully Downloaded --- 2025-04-25 12:50:54"
[1] "Downloading Footprints for link 16 @ 2025-04-25 12:50:54.479269"
[1] "File Downloaded... unzipping... 2025-04-25 12:50:56.521513"
[1] "Reading in data and making spatial... 2025-04-25 12:50:56.803674"
[1] "Retrieving coordinates... 2025-04-25 12:51:01.679846"
[1] "Retrieving H3 Indexes for Buildings... 2025-04-25 12:51:01.697625"
[1] "Deleting Footprints... 2025-04-25 12:51:01.897551"
[1] "16 Files Succesfully Downloaded --- 2025-04-25 12:51:02"
[1] "Downloading Footprints for link 17 @ 2025-04-25 12:51:01.900265"
[1] "File Downloaded... unzipping... 2025-04-25 12:51:02.999502"
[1] "Reading in data and making spatial... 2025-04-25 12:51:03.106186"
[1] "Retrieving coordinates... 2025-04-25 12:51:04.530326"
[1] "Retrieving H3 Indexes for Buildings... 2025-04-25 12:51:04.537949"
[1] "Deleting Footprints... 2025-04-25 12:51:04.796756"
[1] "17 Files Succesfully Downloaded --- 2025-04-25 12:51:05"
[1] "Downloading Footprints for link 18 @ 2025-04-25 12:51:04.799448"
[1] "File Downloaded... unzipping... 2025-04-25 12:51:05.799974"
[1] "Reading in data and making spatial... 2025-04-25 12:51:06.291022"
[1] "Retrieving coordinates... 2025-04-25 12:51:07.306543"
[1] "Retrieving H3 Indexes for Buildings... 2025-04-25 12:51:07.310477"
[1] "Deleting Footprints... 2025-04-25 12:51:07.549034"
[1] "18 Files Succesfully Downloaded --- 2025-04-25 12:51:08"
[1] "Downloading Footprints for link 19 @ 2025-04-25 12:51:07.552402"
[1] "File Downloaded... unzipping... 2025-04-25 12:51:08.76459"
[1] "Reading in data and making spatial... 2025-04-25 12:51:09.383704"
[1] "Retrieving coordinates... 2025-04-25 12:51:11.937789"
[1] "Retrieving H3 Indexes for Buildings... 2025-04-25 12:51:11.95456"
[1] "Deleting Footprints... 2025-04-25 12:51:12.395686"
[1] "19 Files Succesfully Downloaded --- 2025-04-25 12:51:12"
[1] "Downloading Footprints for link 20 @ 2025-04-25 12:51:12.398878"
[1] "File Downloaded... unzipping... 2025-04-25 12:51:13.752514"
[1] "Reading in data and making spatial... 2025-04-25 12:51:13.912077"
[1] "Retrieving coordinates... 2025-04-25 12:51:16.780576"
[1] "Retrieving H3 Indexes for Buildings... 2025-04-25 12:51:16.796239"
[1] "Deleting Footprints... 2025-04-25 12:51:17.908398"
[1] "20 Files Succesfully Downloaded --- 2025-04-25 12:51:18"
[1] "Downloading Footprints for link 21 @ 2025-04-25 12:51:17.911474"
[1] "File Downloaded... unzipping... 2025-04-25 12:51:19.146213"
[1] "Reading in data and making spatial... 2025-04-25 12:51:19.512192"
[1] "Retrieving coordinates... 2025-04-25 12:51:20.599283"
[1] "Retrieving H3 Indexes for Buildings... 2025-04-25 12:51:20.607352"
[1] "Deleting Footprints... 2025-04-25 12:51:21.368127"
[1] "21 Files Succesfully Downloaded --- 2025-04-25 12:51:21"
[1] "Downloading Footprints for link 22 @ 2025-04-25 12:51:21.373618"
[1] "File Downloaded... unzipping... 2025-04-25 12:51:22.545667"
[1] "Reading in data and making spatial... 2025-04-25 12:51:22.803528"
[1] "Retrieving coordinates... 2025-04-25 12:51:24.128442"
[1] "Retrieving H3 Indexes for Buildings... 2025-04-25 12:51:24.138176"
[1] "Deleting Footprints... 2025-04-25 12:51:24.532645"
[1] "22 Files Succesfully Downloaded --- 2025-04-25 12:51:25"
[1] "Downloading Footprints for link 23 @ 2025-04-25 12:51:24.537175"
[1] "File Downloaded... unzipping... 2025-04-25 12:51:25.59007"
[1] "Reading in data and making spatial... 2025-04-25 12:51:25.668015"
[1] "Retrieving coordinates... 2025-04-25 12:51:26.342773"
[1] "Retrieving H3 Indexes for Buildings... 2025-04-25 12:51:26.678506"
[1] "Deleting Footprints... 2025-04-25 12:51:26.830309"
[1] "23 Files Succesfully Downloaded --- 2025-04-25 12:51:27"
[1] "Downloading Footprints for link 24 @ 2025-04-25 12:51:26.833727"
[1] "File Downloaded... unzipping... 2025-04-25 12:51:29.052115"
[1] "Reading in data and making spatial... 2025-04-25 12:51:29.512322"
[1] "Retrieving coordinates... 2025-04-25 12:51:33.979544"
[1] "Retrieving H3 Indexes for Buildings... 2025-04-25 12:51:34.006502"
[1] "Deleting Footprints... 2025-04-25 12:51:34.837526"
[1] "24 Files Succesfully Downloaded --- 2025-04-25 12:51:35"
[1] "Downloading Footprints for link 25 @ 2025-04-25 12:51:34.841406"
[1] "File Downloaded... unzipping... 2025-04-25 12:51:35.852517"
[1] "Reading in data and making spatial... 2025-04-25 12:51:35.925975"
[1] "Retrieving coordinates... 2025-04-25 12:51:36.779392"
[1] "Retrieving H3 Indexes for Buildings... 2025-04-25 12:51:36.78477"
[1] "Deleting Footprints... 2025-04-25 12:51:37.14868"
[1] "25 Files Succesfully Downloaded --- 2025-04-25 12:51:37"
[1] "Downloading Footprints for link 26 @ 2025-04-25 12:51:37.152859"
[1] "File Downloaded... unzipping... 2025-04-25 12:51:38.539782"
[1] "Reading in data and making spatial... 2025-04-25 12:51:39.00466"
[1] "Retrieving coordinates... 2025-04-25 12:51:43.79968"
[1] "Retrieving H3 Indexes for Buildings... 2025-04-25 12:51:43.833536"
[1] "Deleting Footprints... 2025-04-25 12:51:44.675375"
[1] "26 Files Succesfully Downloaded --- 2025-04-25 12:51:45"
[1] "Downloading Footprints for link 27 @ 2025-04-25 12:51:44.676795"
[1] "File Downloaded... unzipping... 2025-04-25 12:51:46.192633"
[1] "Reading in data and making spatial... 2025-04-25 12:51:46.623331"
[1] "Retrieving coordinates... 2025-04-25 12:51:49.804944"
[1] "Retrieving H3 Indexes for Buildings... 2025-04-25 12:51:49.82648"
[1] "Deleting Footprints... 2025-04-25 12:51:50.712235"
[1] "27 Files Succesfully Downloaded --- 2025-04-25 12:51:51"
[1] "Downloading Footprints for link 28 @ 2025-04-25 12:51:50.71497"
[1] "File Downloaded... unzipping... 2025-04-25 12:51:53.217879"
[1] "Reading in data and making spatial... 2025-04-25 12:51:53.665281"
[1] "Retrieving coordinates... 2025-04-25 12:51:54.770322"
[1] "Retrieving H3 Indexes for Buildings... 2025-04-25 12:51:54.89205"
[1] "Deleting Footprints... 2025-04-25 12:51:55.48353"
[1] "28 Files Succesfully Downloaded --- 2025-04-25 12:51:55"
[1] "Downloading Footprints for link 29 @ 2025-04-25 12:51:55.486156"
[1] "File Downloaded... unzipping... 2025-04-25 12:51:56.723132"
[1] "Reading in data and making spatial... 2025-04-25 12:51:56.86156"
[1] "Retrieving coordinates... 2025-04-25 12:51:58.437845"
[1] "Retrieving H3 Indexes for Buildings... 2025-04-25 12:51:58.448602"
[1] "Deleting Footprints... 2025-04-25 12:51:59.162224"
[1] "29 Files Succesfully Downloaded --- 2025-04-25 12:51:59"
[1] "Downloading Footprints for link 30 @ 2025-04-25 12:51:59.164605"
[1] "File Downloaded... unzipping... 2025-04-25 12:52:00.664532"
[1] "Reading in data and making spatial... 2025-04-25 12:52:00.858578"
[1] "Retrieving coordinates... 2025-04-25 12:52:02.037739"
[1] "Retrieving H3 Indexes for Buildings... 2025-04-25 12:52:02.045598"
[1] "Deleting Footprints... 2025-04-25 12:52:02.575799"
[1] "30 Files Succesfully Downloaded --- 2025-04-25 12:52:03"
[1] "Downloading Footprints for link 31 @ 2025-04-25 12:52:02.578373"
[1] "File Downloaded... unzipping... 2025-04-25 12:52:03.465446"
[1] "Reading in data and making spatial... 2025-04-25 12:52:03.516511"
[1] "Retrieving coordinates... 2025-04-25 12:52:03.827161"
[1] "Retrieving H3 Indexes for Buildings... 2025-04-25 12:52:03.829791"
[1] "Deleting Footprints... 2025-04-25 12:52:04.307175"
[1] "31 Files Succesfully Downloaded --- 2025-04-25 12:52:04"
[1] "Downloading Footprints for link 32 @ 2025-04-25 12:52:04.31173"
[1] "File Downloaded... unzipping... 2025-04-25 12:52:05.651079"
[1] "Reading in data and making spatial... 2025-04-25 12:52:09.644277"
[1] "Retrieving coordinates... 2025-04-25 12:52:12.064295"
[1] "Retrieving H3 Indexes for Buildings... 2025-04-25 12:52:12.081588"
[1] "Deleting Footprints... 2025-04-25 12:52:12.596458"
[1] "32 Files Succesfully Downloaded --- 2025-04-25 12:52:13"
[1] "Downloading Footprints for link 33 @ 2025-04-25 12:52:12.599958"
[1] "File Downloaded... unzipping... 2025-04-25 12:52:13.312948"
[1] "Reading in data and making spatial... 2025-04-25 12:52:13.34552"
[1] "Retrieving coordinates... 2025-04-25 12:52:13.51189"
[1] "Retrieving H3 Indexes for Buildings... 2025-04-25 12:52:13.513305"
[1] "Deleting Footprints... 2025-04-25 12:52:14.231858"
[1] "33 Files Succesfully Downloaded --- 2025-04-25 12:52:14"
[1] "Downloading Footprints for link 34 @ 2025-04-25 12:52:14.236683"
[1] "File Downloaded... unzipping... 2025-04-25 12:52:15.761979"
[1] "Reading in data and making spatial... 2025-04-25 12:52:15.87284"
[1] "Retrieving coordinates... 2025-04-25 12:52:17.877738"
[1] "Retrieving H3 Indexes for Buildings... 2025-04-25 12:52:17.889369"
[1] "Deleting Footprints... 2025-04-25 12:52:18.448504"
[1] "34 Files Succesfully Downloaded --- 2025-04-25 12:52:18"
[1] "Downloading Footprints for link 35 @ 2025-04-25 12:52:18.452606"
[1] "File Downloaded... unzipping... 2025-04-25 12:52:19.626986"
[1] "Reading in data and making spatial... 2025-04-25 12:52:20.33194"
[1] "Retrieving coordinates... 2025-04-25 12:52:22.521583"
[1] "Retrieving H3 Indexes for Buildings... 2025-04-25 12:52:22.536313"
[1] "Deleting Footprints... 2025-04-25 12:52:23.370839"
[1] "35 Files Succesfully Downloaded --- 2025-04-25 12:52:23"
[1] "Downloading Footprints for link 36 @ 2025-04-25 12:52:23.373932"
[1] "File Downloaded... unzipping... 2025-04-25 12:52:24.632982"
[1] "Reading in data and making spatial... 2025-04-25 12:52:24.909543"
[1] "Retrieving coordinates... 2025-04-25 12:52:27.83908"
[1] "Retrieving H3 Indexes for Buildings... 2025-04-25 12:52:27.852589"
[1] "Deleting Footprints... 2025-04-25 12:52:28.192134"
[1] "36 Files Succesfully Downloaded --- 2025-04-25 12:52:28"
[1] "Downloading Footprints for link 37 @ 2025-04-25 12:52:28.194657"
[1] "File Downloaded... unzipping... 2025-04-25 12:52:29.263063"
[1] "Reading in data and making spatial... 2025-04-25 12:52:29.530968"
[1] "Retrieving coordinates... 2025-04-25 12:52:30.391985"
[1] "Retrieving H3 Indexes for Buildings... 2025-04-25 12:52:30.397697"
[1] "Deleting Footprints... 2025-04-25 12:52:31.339977"
[1] "37 Files Succesfully Downloaded --- 2025-04-25 12:52:31"
[1] "Downloading Footprints for link 38 @ 2025-04-25 12:52:31.34319"
[1] "File Downloaded... unzipping... 2025-04-25 12:52:32.448111"
[1] "Reading in data and making spatial... 2025-04-25 12:52:32.542458"
[1] "Retrieving coordinates... 2025-04-25 12:52:32.990675"
[1] "Retrieving H3 Indexes for Buildings... 2025-04-25 12:52:32.994285"
[1] "Deleting Footprints... 2025-04-25 12:52:33.708057"
[1] "38 Files Succesfully Downloaded --- 2025-04-25 12:52:34"
[1] "Downloading Footprints for link 39 @ 2025-04-25 12:52:33.712668"
[1] "File Downloaded... unzipping... 2025-04-25 12:52:35.046274"
[1] "Reading in data and making spatial... 2025-04-25 12:52:35.35142"
[1] "Retrieving coordinates... 2025-04-25 12:52:36.82131"
[1] "Retrieving H3 Indexes for Buildings... 2025-04-25 12:52:37.017169"
[1] "Deleting Footprints... 2025-04-25 12:52:37.547872"
[1] "39 Files Succesfully Downloaded --- 2025-04-25 12:52:38"
[1] "Downloading Footprints for link 40 @ 2025-04-25 12:52:37.55125"
[1] "File Downloaded... unzipping... 2025-04-25 12:52:38.648302"
[1] "Reading in data and making spatial... 2025-04-25 12:52:38.881042"
[1] "Retrieving coordinates... 2025-04-25 12:52:39.929602"
[1] "Retrieving H3 Indexes for Buildings... 2025-04-25 12:52:39.937692"
[1] "Deleting Footprints... 2025-04-25 12:52:40.717623"
[1] "40 Files Succesfully Downloaded --- 2025-04-25 12:52:41"
[1] "Downloading Footprints for link 41 @ 2025-04-25 12:52:40.719666"
[1] "File Downloaded... unzipping... 2025-04-25 12:52:41.531374"
[1] "Reading in data and making spatial... 2025-04-25 12:52:41.56656"
[1] "Retrieving coordinates... 2025-04-25 12:52:41.782154"
[1] "Retrieving H3 Indexes for Buildings... 2025-04-25 12:52:41.784256"
[1] "Deleting Footprints... 2025-04-25 12:52:42.086532"
[1] "41 Files Succesfully Downloaded --- 2025-04-25 12:52:42"
[1] "Downloading Footprints for link 42 @ 2025-04-25 12:52:42.089255"
[1] "File Downloaded... unzipping... 2025-04-25 12:52:43.570194"
[1] "Reading in data and making spatial... 2025-04-25 12:52:43.932467"
[1] "Retrieving coordinates... 2025-04-25 12:52:45.496422"
[1] "Retrieving H3 Indexes for Buildings... 2025-04-25 12:52:45.507946"
[1] "Deleting Footprints... 2025-04-25 12:52:45.878595"
[1] "42 Files Succesfully Downloaded --- 2025-04-25 12:52:46"
[1] "Downloading Footprints for link 43 @ 2025-04-25 12:52:45.898013"
[1] "File Downloaded... unzipping... 2025-04-25 12:52:47.117132"
[1] "Reading in data and making spatial... 2025-04-25 12:52:47.307436"
[1] "Retrieving coordinates... 2025-04-25 12:52:50.596503"
[1] "Retrieving H3 Indexes for Buildings... 2025-04-25 12:52:50.615708"
[1] "Deleting Footprints... 2025-04-25 12:52:51.934501"
[1] "43 Files Succesfully Downloaded --- 2025-04-25 12:52:52"
[1] "Downloading Footprints for link 44 @ 2025-04-25 12:52:51.93865"
[1] "File Downloaded... unzipping... 2025-04-25 12:52:53.063312"
[1] "Reading in data and making spatial... 2025-04-25 12:52:53.56235"
[1] "Retrieving coordinates... 2025-04-25 12:52:55.224462"
[1] "Retrieving H3 Indexes for Buildings... 2025-04-25 12:52:55.235298"
[1] "Deleting Footprints... 2025-04-25 12:52:55.963148"
[1] "44 Files Succesfully Downloaded --- 2025-04-25 12:52:56"
[1] "Downloading Footprints for link 45 @ 2025-04-25 12:52:55.967435"
[1] "File Downloaded... unzipping... 2025-04-25 12:52:56.939849"
[1] "Reading in data and making spatial... 2025-04-25 12:52:57.265013"
[1] "Retrieving coordinates... 2025-04-25 12:52:57.887821"
[1] "Retrieving H3 Indexes for Buildings... 2025-04-25 12:52:57.893087"
[1] "Deleting Footprints... 2025-04-25 12:52:58.757732"
[1] "45 Files Succesfully Downloaded --- 2025-04-25 12:52:59"
[1] "Downloading Footprints for link 46 @ 2025-04-25 12:52:58.762251"
[1] "File Downloaded... unzipping... 2025-04-25 12:53:00.085102"
[1] "Reading in data and making spatial... 2025-04-25 12:53:00.160154"
[1] "Retrieving coordinates... 2025-04-25 12:53:01.303436"
[1] "Retrieving H3 Indexes for Buildings... 2025-04-25 12:53:01.310399"
[1] "Deleting Footprints... 2025-04-25 12:53:02.084411"
[1] "46 Files Succesfully Downloaded --- 2025-04-25 12:53:02"
[1] "Downloading Footprints for link 47 @ 2025-04-25 12:53:02.087336"
[1] "File Downloaded... unzipping... 2025-04-25 12:53:03.589757"
[1] "Reading in data and making spatial... 2025-04-25 12:53:03.86022"
[1] "Retrieving coordinates... 2025-04-25 12:53:08.923006"
[1] "Retrieving H3 Indexes for Buildings... 2025-04-25 12:53:08.959936"
[1] "Deleting Footprints... 2025-04-25 12:53:09.711846"
[1] "47 Files Succesfully Downloaded --- 2025-04-25 12:53:10"
[1] "Downloading Footprints for link 48 @ 2025-04-25 12:53:09.714228"
[1] "File Downloaded... unzipping... 2025-04-25 12:53:11.094187"
[1] "Reading in data and making spatial... 2025-04-25 12:53:11.565433"
[1] "Retrieving coordinates... 2025-04-25 12:53:14.050555"
[1] "Retrieving H3 Indexes for Buildings... 2025-04-25 12:53:14.06194"
[1] "Deleting Footprints... 2025-04-25 12:53:14.312464"
[1] "48 Files Succesfully Downloaded --- 2025-04-25 12:53:14"
[1] "Downloading Footprints for link 49 @ 2025-04-25 12:53:14.316558"
[1] "File Downloaded... unzipping... 2025-04-25 12:53:15.776293"
[1] "Reading in data and making spatial... 2025-04-25 12:53:16.172718"
[1] "Retrieving coordinates... 2025-04-25 12:53:21.286222"
[1] "Retrieving H3 Indexes for Buildings... 2025-04-25 12:53:21.319057"
[1] "Deleting Footprints... 2025-04-25 12:53:22.300278"
[1] "49 Files Succesfully Downloaded --- 2025-04-25 12:53:22"
[1] "Downloading Footprints for link 50 @ 2025-04-25 12:53:22.303087"
[1] "File Downloaded... unzipping... 2025-04-25 12:53:25.521562"
[1] "Reading in data and making spatial... 2025-04-25 12:53:28.120216"
[1] "Retrieving coordinates... 2025-04-25 12:54:13.821231"
[1] "Retrieving H3 Indexes for Buildings... 2025-04-25 12:54:14.06091"
[1] "Deleting Footprints... 2025-04-25 12:54:15.806335"
[1] "50 Files Succesfully Downloaded --- 2025-04-25 12:54:16"
[1] "Downloading Footprints for link 51 @ 2025-04-25 12:54:15.810105"
[1] "File Downloaded... unzipping... 2025-04-25 12:54:17.087688"
[1] "Reading in data and making spatial... 2025-04-25 12:54:17.292361"
[1] "Retrieving coordinates... 2025-04-25 12:54:23.18825"
[1] "Retrieving H3 Indexes for Buildings... 2025-04-25 12:54:23.206799"
[1] "Deleting Footprints... 2025-04-25 12:54:23.572531"
[1] "51 Files Succesfully Downloaded --- 2025-04-25 12:54:24"
[1] "Downloading Footprints for link 52 @ 2025-04-25 12:54:23.575675"
[1] "File Downloaded... unzipping... 2025-04-25 12:54:25.504259"
[1] "Reading in data and making spatial... 2025-04-25 12:54:26.120566"
[1] "Retrieving coordinates... 2025-04-25 12:54:35.495075"
[1] "Retrieving H3 Indexes for Buildings... 2025-04-25 12:54:35.553736"
[1] "Deleting Footprints... 2025-04-25 12:54:38.057035"
[1] "52 Files Succesfully Downloaded --- 2025-04-25 12:54:38"
[1] "Downloading Footprints for link 53 @ 2025-04-25 12:54:38.062498"
[1] "File Downloaded... unzipping... 2025-04-25 12:54:39.503131"
[1] "Reading in data and making spatial... 2025-04-25 12:54:39.980035"
[1] "Retrieving coordinates... 2025-04-25 12:54:45.660465"
[1] "Retrieving H3 Indexes for Buildings... 2025-04-25 12:54:45.6956"
[1] "Deleting Footprints... 2025-04-25 12:54:46.136709"
[1] "53 Files Succesfully Downloaded --- 2025-04-25 12:54:46"
[1] "Downloading Footprints for link 54 @ 2025-04-25 12:54:46.1408"
[1] "File Downloaded... unzipping... 2025-04-25 12:54:47.596321"
[1] "Reading in data and making spatial... 2025-04-25 12:54:47.758528"
[1] "Retrieving coordinates... 2025-04-25 12:54:51.086173"
[1] "Retrieving H3 Indexes for Buildings... 2025-04-25 12:54:51.102563"
[1] "Deleting Footprints... 2025-04-25 12:54:51.762546"
[1] "54 Files Succesfully Downloaded --- 2025-04-25 12:54:52"
[1] "Downloading Footprints for link 55 @ 2025-04-25 12:54:51.767442"
[1] "File Downloaded... unzipping... 2025-04-25 12:54:52.915836"
[1] "Reading in data and making spatial... 2025-04-25 12:54:53.02169"
[1] "Retrieving coordinates... 2025-04-25 12:54:55.375179"
[1] "Retrieving H3 Indexes for Buildings... 2025-04-25 12:54:55.385623"
[1] "Deleting Footprints... 2025-04-25 12:54:55.959634"
[1] "55 Files Succesfully Downloaded --- 2025-04-25 12:54:56"
[1] "SCRIPT COMPLETE @ 2025-04-25 12:55:00"
