[1] "Starting at: 2025-04-25 12:48:30"
[1] "Loading Links at: 2025-04-25 12:48:41"
[1] "quadkeys to download: 47"
[1] "Downloading and Joining footprints to Hex @ 2025-04-25 12:48:41"
[1] "Downloading Footprints for link 1 @ 2025-04-25 12:48:41.083571"
[1] "File Downloaded... unzipping... 2025-04-25 12:48:46.009574"
[1] "Reading in data and making spatial... 2025-04-25 12:48:46.701856"
[1] "Retrieving coordinates... 2025-04-25 12:48:57.374688"
[1] "Retrieving H3 Indexes for Buildings... 2025-04-25 12:48:57.425736"
[1] "Deleting Footprints... 2025-04-25 12:48:58.549397"
[1] "1 Files Succesfully Downloaded --- 2025-04-25 12:48:59"
[1] "Downloading Footprints for link 2 @ 2025-04-25 12:48:58.553397"
[1] "File Downloaded... unzipping... 2025-04-25 12:49:00.273701"
[1] "Reading in data and making spatial... 2025-04-25 12:49:00.40348"
[1] "Retrieving coordinates... 2025-04-25 12:49:02.538323"
[1] "Retrieving H3 Indexes for Buildings... 2025-04-25 12:49:02.551573"
[1] "Deleting Footprints... 2025-04-25 12:49:02.634033"
[1] "2 Files Succesfully Downloaded --- 2025-04-25 12:49:03"
[1] "Downloading Footprints for link 3 @ 2025-04-25 12:49:02.63722"
[1] "File Downloaded... unzipping... 2025-04-25 12:49:03.948024"
[1] "Reading in data and making spatial... 2025-04-25 12:49:04.231425"
[1] "Retrieving coordinates... 2025-04-25 12:49:07.231268"
[1] "Retrieving H3 Indexes for Buildings... 2025-04-25 12:49:07.249659"
[1] "Deleting Footprints... 2025-04-25 12:49:07.370013"
[1] "3 Files Succesfully Downloaded --- 2025-04-25 12:49:07"
[1] "Downloading Footprints for link 4 @ 2025-04-25 12:49:07.373107"
[1] "File Downloaded... unzipping... 2025-04-25 12:49:09.309262"
[1] "Reading in data and making spatial... 2025-04-25 12:49:09.558926"
[1] "Retrieving coordinates... 2025-04-25 12:49:12.384168"
[1] "Retrieving H3 Indexes for Buildings... 2025-04-25 12:49:12.398221"
[1] "Deleting Footprints... 2025-04-25 12:49:12.494217"
[1] "4 Files Succesfully Downloaded --- 2025-04-25 12:49:12"
[1] "Downloading Footprints for link 5 @ 2025-04-25 12:49:12.497586"
[1] "File Downloaded... unzipping... 2025-04-25 12:49:13.910808"
[1] "Reading in data and making spatial... 2025-04-25 12:49:14.335092"
[1] "Retrieving coordinates... 2025-04-25 12:49:20.235638"
[1] "Retrieving H3 Indexes for Buildings... 2025-04-25 12:49:20.266289"
[1] "Deleting Footprints... 2025-04-25 12:49:20.456067"
[1] "5 Files Succesfully Downloaded --- 2025-04-25 12:49:20"
[1] "Downloading Footprints for link 6 @ 2025-04-25 12:49:20.459499"
[1] "File Downloaded... unzipping... 2025-04-25 12:49:22.88063"
[1] "Reading in data and making spatial... 2025-04-25 12:49:23.175132"
[1] "Retrieving coordinates... 2025-04-25 12:49:30.498158"
[1] "Retrieving H3 Indexes for Buildings... 2025-04-25 12:49:30.540066"
[1] "Deleting Footprints... 2025-04-25 12:49:30.900763"
[1] "6 Files Succesfully Downloaded --- 2025-04-25 12:49:31"
[1] "Downloading Footprints for link 7 @ 2025-04-25 12:49:30.904054"
[1] "File Downloaded... unzipping... 2025-04-25 12:49:35.316705"
[1] "Reading in data and making spatial... 2025-04-25 12:49:36.133465"
[1] "Retrieving coordinates... 2025-04-25 12:49:42.033864"
[1] "Retrieving H3 Indexes for Buildings... 2025-04-25 12:49:42.076228"
[1] "Deleting Footprints... 2025-04-25 12:49:42.364901"
[1] "7 Files Succesfully Downloaded --- 2025-04-25 12:49:42"
[1] "Downloading Footprints for link 8 @ 2025-04-25 12:49:42.368821"
[1] "File Downloaded... unzipping... 2025-04-25 12:49:43.704065"
[1] "Reading in data and making spatial... 2025-04-25 12:49:44.454433"
[1] "Retrieving coordinates... 2025-04-25 12:49:47.77657"
[1] "Retrieving H3 Indexes for Buildings... 2025-04-25 12:49:47.798429"
[1] "Deleting Footprints... 2025-04-25 12:49:47.962606"
[1] "8 Files Succesfully Downloaded --- 2025-04-25 12:49:48"
[1] "Downloading Footprints for link 9 @ 2025-04-25 12:49:47.967243"
[1] "File Downloaded... unzipping... 2025-04-25 12:49:49.315034"
[1] "Reading in data and making spatial... 2025-04-25 12:49:49.598999"
[1] "Retrieving coordinates... 2025-04-25 12:49:53.367115"
[1] "Retrieving H3 Indexes for Buildings... 2025-04-25 12:49:53.386158"
[1] "Deleting Footprints... 2025-04-25 12:49:53.548123"
[1] "9 Files Succesfully Downloaded --- 2025-04-25 12:49:54"
[1] "Downloading Footprints for link 10 @ 2025-04-25 12:49:53.552248"
[1] "File Downloaded... unzipping... 2025-04-25 12:49:54.829687"
[1] "Reading in data and making spatial... 2025-04-25 12:49:54.977242"
[1] "Retrieving coordinates... 2025-04-25 12:49:58.273139"
[1] "Retrieving H3 Indexes for Buildings... 2025-04-25 12:49:58.288897"
[1] "Deleting Footprints... 2025-04-25 12:49:58.437589"
[1] "10 Files Succesfully Downloaded --- 2025-04-25 12:49:58"
[1] "Downloading Footprints for link 11 @ 2025-04-25 12:49:58.442682"
[1] "File Downloaded... unzipping... 2025-04-25 12:50:00.597336"
[1] "Reading in data and making spatial... 2025-04-25 12:50:01.091042"
[1] "Retrieving coordinates... 2025-04-25 12:50:11.38791"
[1] "Retrieving H3 Indexes for Buildings... 2025-04-25 12:50:11.435964"
[1] "Deleting Footprints... 2025-04-25 12:50:11.946626"
[1] "11 Files Succesfully Downloaded --- 2025-04-25 12:50:12"
[1] "Downloading Footprints for link 12 @ 2025-04-25 12:50:11.949559"
[1] "File Downloaded... unzipping... 2025-04-25 12:50:13.390432"
[1] "Reading in data and making spatial... 2025-04-25 12:50:13.915355"
[1] "Retrieving coordinates... 2025-04-25 12:50:20.83833"
[1] "Retrieving H3 Indexes for Buildings... 2025-04-25 12:50:20.877523"
[1] "Deleting Footprints... 2025-04-25 12:50:21.984946"
[1] "12 Files Succesfully Downloaded --- 2025-04-25 12:50:22"
[1] "Downloading Footprints for link 13 @ 2025-04-25 12:50:21.986993"
[1] "File Downloaded... unzipping... 2025-04-25 12:50:23.560317"
[1] "Reading in data and making spatial... 2025-04-25 12:50:24.576799"
[1] "Retrieving coordinates... 2025-04-25 12:50:32.381113"
[1] "Retrieving H3 Indexes for Buildings... 2025-04-25 12:50:32.427018"
[1] "Deleting Footprints... 2025-04-25 12:50:33.332305"
[1] "13 Files Succesfully Downloaded --- 2025-04-25 12:50:33"
[1] "Downloading Footprints for link 14 @ 2025-04-25 12:50:33.342982"
[1] "File Downloaded... unzipping... 2025-04-25 12:50:34.712467"
[1] "Reading in data and making spatial... 2025-04-25 12:50:35.915309"
[1] "Retrieving coordinates... 2025-04-25 12:50:39.968108"
[1] "Retrieving H3 Indexes for Buildings... 2025-04-25 12:50:39.995585"
[1] "Deleting Footprints... 2025-04-25 12:50:40.589805"
[1] "14 Files Succesfully Downloaded --- 2025-04-25 12:50:41"
[1] "Downloading Footprints for link 15 @ 2025-04-25 12:50:40.593257"
[1] "File Downloaded... unzipping... 2025-04-25 12:50:41.829646"
[1] "Reading in data and making spatial... 2025-04-25 12:50:42.243269"
[1] "Retrieving coordinates... 2025-04-25 12:50:45.22103"
[1] "Retrieving H3 Indexes for Buildings... 2025-04-25 12:50:45.239495"
[1] "Deleting Footprints... 2025-04-25 12:50:45.622417"
[1] "15 Files Succesfully Downloaded --- 2025-04-25 12:50:46"
[1] "Downloading Footprints for link 16 @ 2025-04-25 12:50:45.624779"
[1] "File Downloaded... unzipping... 2025-04-25 12:50:47.026431"
[1] "Reading in data and making spatial... 2025-04-25 12:50:47.24771"
[1] "Retrieving coordinates... 2025-04-25 12:50:49.678856"
[1] "Retrieving H3 Indexes for Buildings... 2025-04-25 12:50:49.689171"
[1] "Deleting Footprints... 2025-04-25 12:50:50.529051"
[1] "16 Files Succesfully Downloaded --- 2025-04-25 12:50:51"
[1] "Downloading Footprints for link 17 @ 2025-04-25 12:50:50.530009"
[1] "File Downloaded... unzipping... 2025-04-25 12:50:51.644469"
[1] "Reading in data and making spatial... 2025-04-25 12:50:51.721862"
[1] "Retrieving coordinates... 2025-04-25 12:50:53.044817"
[1] "Retrieving H3 Indexes for Buildings... 2025-04-25 12:50:53.052912"
[1] "Deleting Footprints... 2025-04-25 12:50:53.731968"
[1] "17 Files Succesfully Downloaded --- 2025-04-25 12:50:54"
[1] "Downloading Footprints for link 18 @ 2025-04-25 12:50:53.734682"
[1] "File Downloaded... unzipping... 2025-04-25 12:50:54.886479"
[1] "Reading in data and making spatial... 2025-04-25 12:50:54.992234"
[1] "Retrieving coordinates... 2025-04-25 12:50:56.22173"
[1] "Retrieving H3 Indexes for Buildings... 2025-04-25 12:50:56.342205"
[1] "Deleting Footprints... 2025-04-25 12:50:56.982967"
[1] "18 Files Succesfully Downloaded --- 2025-04-25 12:50:57"
[1] "Downloading Footprints for link 19 @ 2025-04-25 12:50:56.985472"
[1] "File Downloaded... unzipping... 2025-04-25 12:50:57.932988"
[1] "Reading in data and making spatial... 2025-04-25 12:50:57.997516"
[1] "Retrieving coordinates... 2025-04-25 12:50:58.443044"
[1] "Retrieving H3 Indexes for Buildings... 2025-04-25 12:50:58.4468"
[1] "Deleting Footprints... 2025-04-25 12:50:59.066534"
[1] "19 Files Succesfully Downloaded --- 2025-04-25 12:50:59"
[1] "Downloading Footprints for link 20 @ 2025-04-25 12:50:59.070213"
[1] "File Downloaded... unzipping... 2025-04-25 12:51:03.259945"
[1] "Reading in data and making spatial... 2025-04-25 12:51:03.629619"
[1] "Retrieving coordinates... 2025-04-25 12:51:11.835539"
[1] "Retrieving H3 Indexes for Buildings... 2025-04-25 12:51:11.881435"
[1] "Deleting Footprints... 2025-04-25 12:51:12.544723"
[1] "20 Files Succesfully Downloaded --- 2025-04-25 12:51:13"
[1] "Downloading Footprints for link 21 @ 2025-04-25 12:51:12.548306"
[1] "File Downloaded... unzipping... 2025-04-25 12:51:14.33187"
[1] "Reading in data and making spatial... 2025-04-25 12:51:15.24456"
[1] "Retrieving coordinates... 2025-04-25 12:51:27.99656"
[1] "Retrieving H3 Indexes for Buildings... 2025-04-25 12:51:28.068774"
[1] "Deleting Footprints... 2025-04-25 12:51:28.903944"
[1] "21 Files Succesfully Downloaded --- 2025-04-25 12:51:29"
[1] "Downloading Footprints for link 22 @ 2025-04-25 12:51:28.90829"
[1] "File Downloaded... unzipping... 2025-04-25 12:51:30.770564"
[1] "Reading in data and making spatial... 2025-04-25 12:51:31.273428"
[1] "Retrieving coordinates... 2025-04-25 12:51:41.497557"
[1] "Retrieving H3 Indexes for Buildings... 2025-04-25 12:51:41.543908"
[1] "Deleting Footprints... 2025-04-25 12:51:42.077049"
[1] "22 Files Succesfully Downloaded --- 2025-04-25 12:51:42"
[1] "Downloading Footprints for link 23 @ 2025-04-25 12:51:42.081238"
[1] "File Downloaded... unzipping... 2025-04-25 12:51:47.417444"
[1] "Reading in data and making spatial... 2025-04-25 12:51:48.180868"
[1] "Retrieving coordinates... 2025-04-25 12:52:03.805168"
[1] "Retrieving H3 Indexes for Buildings... 2025-04-25 12:52:03.899179"
[1] "Deleting Footprints... 2025-04-25 12:52:04.709055"
[1] "23 Files Succesfully Downloaded --- 2025-04-25 12:52:05"
[1] "Downloading Footprints for link 24 @ 2025-04-25 12:52:04.712739"
[1] "File Downloaded... unzipping... 2025-04-25 12:52:05.848961"
[1] "Reading in data and making spatial... 2025-04-25 12:52:05.980515"
[1] "Retrieving coordinates... 2025-04-25 12:52:11.030098"
[1] "Retrieving H3 Indexes for Buildings... 2025-04-25 12:52:11.045762"
[1] "Deleting Footprints... 2025-04-25 12:52:11.475862"
[1] "24 Files Succesfully Downloaded --- 2025-04-25 12:52:11"
[1] "Downloading Footprints for link 25 @ 2025-04-25 12:52:11.47905"
[1] "File Downloaded... unzipping... 2025-04-25 12:52:19.22538"
[1] "Reading in data and making spatial... 2025-04-25 12:52:20.251992"
[1] "Retrieving coordinates... 2025-04-25 12:52:28.024609"
[1] "Retrieving H3 Indexes for Buildings... 2025-04-25 12:52:28.064384"
[1] "Deleting Footprints... 2025-04-25 12:52:28.632251"
[1] "25 Files Succesfully Downloaded --- 2025-04-25 12:52:29"
[1] "Downloading Footprints for link 26 @ 2025-04-25 12:52:28.637161"
[1] "File Downloaded... unzipping... 2025-04-25 12:52:29.855068"
[1] "Reading in data and making spatial... 2025-04-25 12:52:30.439102"
[1] "Retrieving coordinates... 2025-04-25 12:52:32.878956"
[1] "Retrieving H3 Indexes for Buildings... 2025-04-25 12:52:32.892163"
[1] "Deleting Footprints... 2025-04-25 12:52:34.273288"
[1] "26 Files Succesfully Downloaded --- 2025-04-25 12:52:34"
[1] "Downloading Footprints for link 27 @ 2025-04-25 12:52:34.277449"
[1] "File Downloaded... unzipping... 2025-04-25 12:52:35.573411"
[1] "Reading in data and making spatial... 2025-04-25 12:52:35.703065"
[1] "Retrieving coordinates... 2025-04-25 12:52:37.976423"
[1] "Retrieving H3 Indexes for Buildings... 2025-04-25 12:52:37.992038"
[1] "Deleting Footprints... 2025-04-25 12:52:38.881703"
[1] "27 Files Succesfully Downloaded --- 2025-04-25 12:52:39"
[1] "Downloading Footprints for link 28 @ 2025-04-25 12:52:38.884108"
[1] "File Downloaded... unzipping... 2025-04-25 12:52:40.603158"
[1] "Reading in data and making spatial... 2025-04-25 12:52:41.521813"
[1] "Retrieving coordinates... 2025-04-25 12:52:50.343159"
[1] "Retrieving H3 Indexes for Buildings... 2025-04-25 12:52:50.395318"
[1] "Deleting Footprints... 2025-04-25 12:52:51.698546"
[1] "28 Files Succesfully Downloaded --- 2025-04-25 12:52:52"
[1] "Downloading Footprints for link 29 @ 2025-04-25 12:52:51.702012"
[1] "File Downloaded... unzipping... 2025-04-25 12:52:53.236743"
[1] "Reading in data and making spatial... 2025-04-25 12:52:53.657151"
[1] "Retrieving coordinates... 2025-04-25 12:53:02.038526"
[1] "Retrieving H3 Indexes for Buildings... 2025-04-25 12:53:02.08384"
[1] "Deleting Footprints... 2025-04-25 12:53:03.601691"
[1] "29 Files Succesfully Downloaded --- 2025-04-25 12:53:04"
[1] "Downloading Footprints for link 30 @ 2025-04-25 12:53:03.607844"
[1] "File Downloaded... unzipping... 2025-04-25 12:53:04.93365"
[1] "Reading in data and making spatial... 2025-04-25 12:53:05.207911"
[1] "Retrieving coordinates... 2025-04-25 12:53:08.401484"
[1] "Retrieving H3 Indexes for Buildings... 2025-04-25 12:53:08.422992"
[1] "Deleting Footprints... 2025-04-25 12:53:09.425131"
[1] "30 Files Succesfully Downloaded --- 2025-04-25 12:53:09"
[1] "Downloading Footprints for link 31 @ 2025-04-25 12:53:09.429728"
[1] "File Downloaded... unzipping... 2025-04-25 12:53:10.982862"
[1] "Reading in data and making spatial... 2025-04-25 12:53:11.323737"
[1] "Retrieving coordinates... 2025-04-25 12:53:15.461188"
[1] "Retrieving H3 Indexes for Buildings... 2025-04-25 12:53:15.484129"
[1] "Deleting Footprints... 2025-04-25 12:53:16.024211"
[1] "31 Files Succesfully Downloaded --- 2025-04-25 12:53:16"
[1] "Downloading Footprints for link 32 @ 2025-04-25 12:53:16.028256"
[1] "File Downloaded... unzipping... 2025-04-25 12:53:25.081121"
[1] "Reading in data and making spatial... 2025-04-25 12:53:26.819285"
[1] "Retrieving coordinates... 2025-04-25 12:53:40.718142"
[1] "Retrieving H3 Indexes for Buildings... 2025-04-25 12:53:40.796008"
[1] "Deleting Footprints... 2025-04-25 12:53:43.128341"
[1] "32 Files Succesfully Downloaded --- 2025-04-25 12:53:43"
[1] "Downloading Footprints for link 33 @ 2025-04-25 12:53:43.130435"
[1] "File Downloaded... unzipping... 2025-04-25 12:53:44.65422"
[1] "Reading in data and making spatial... 2025-04-25 12:53:44.846507"
[1] "Retrieving coordinates... 2025-04-25 12:53:47.741829"
[1] "Retrieving H3 Indexes for Buildings... 2025-04-25 12:53:47.953951"
[1] "Deleting Footprints... 2025-04-25 12:53:49.183733"
[1] "33 Files Succesfully Downloaded --- 2025-04-25 12:53:49"
[1] "Downloading Footprints for link 34 @ 2025-04-25 12:53:49.185724"
[1] "File Downloaded... unzipping... 2025-04-25 12:53:50.27198"
[1] "Reading in data and making spatial... 2025-04-25 12:53:50.676673"
[1] "Retrieving coordinates... 2025-04-25 12:53:51.912068"
[1] "Retrieving H3 Indexes for Buildings... 2025-04-25 12:53:51.921796"
[1] "Deleting Footprints... 2025-04-25 12:53:52.552755"
[1] "34 Files Succesfully Downloaded --- 2025-04-25 12:53:53"
[1] "Downloading Footprints for link 35 @ 2025-04-25 12:53:52.556561"
[1] "File Downloaded... unzipping... 2025-04-25 12:53:54.119144"
[1] "Reading in data and making spatial... 2025-04-25 12:53:54.317816"
[1] "Retrieving coordinates... 2025-04-25 12:53:57.89044"
[1] "Retrieving H3 Indexes for Buildings... 2025-04-25 12:53:57.913766"
[1] "Deleting Footprints... 2025-04-25 12:53:59.274176"
[1] "35 Files Succesfully Downloaded --- 2025-04-25 12:53:59"
[1] "Downloading Footprints for link 36 @ 2025-04-25 12:53:59.277099"
[1] "File Downloaded... unzipping... 2025-04-25 12:54:00.68819"
[1] "Reading in data and making spatial... 2025-04-25 12:54:01.15784"
[1] "Retrieving coordinates... 2025-04-25 12:54:06.629983"
[1] "Retrieving H3 Indexes for Buildings... 2025-04-25 12:54:06.661452"
[1] "Deleting Footprints... 2025-04-25 12:54:07.247615"
[1] "36 Files Succesfully Downloaded --- 2025-04-25 12:54:07"
[1] "Downloading Footprints for link 37 @ 2025-04-25 12:54:07.253747"
[1] "File Downloaded... unzipping... 2025-04-25 12:54:12.635011"
[1] "Reading in data and making spatial... 2025-04-25 12:54:12.819951"
[1] "Retrieving coordinates... 2025-04-25 12:54:16.06718"
[1] "Retrieving H3 Indexes for Buildings... 2025-04-25 12:54:16.086512"
[1] "Deleting Footprints... 2025-04-25 12:54:17.401908"
[1] "37 Files Succesfully Downloaded --- 2025-04-25 12:54:17"
[1] "Downloading Footprints for link 38 @ 2025-04-25 12:54:17.403272"
[1] "File Downloaded... unzipping... 2025-04-25 12:54:18.799815"
[1] "Reading in data and making spatial... 2025-04-25 12:54:18.992803"
[1] "Retrieving coordinates... 2025-04-25 12:54:22.961094"
[1] "Retrieving H3 Indexes for Buildings... 2025-04-25 12:54:22.981409"
[1] "Deleting Footprints... 2025-04-25 12:54:23.309839"
[1] "38 Files Succesfully Downloaded --- 2025-04-25 12:54:23"
[1] "Downloading Footprints for link 39 @ 2025-04-25 12:54:23.310968"
[1] "File Downloaded... unzipping... 2025-04-25 12:54:24.671664"
[1] "Reading in data and making spatial... 2025-04-25 12:54:25.096642"
[1] "Retrieving coordinates... 2025-04-25 12:54:28.134716"
[1] "Retrieving H3 Indexes for Buildings... 2025-04-25 12:54:28.154607"
[1] "Deleting Footprints... 2025-04-25 12:54:29.624664"
[1] "39 Files Succesfully Downloaded --- 2025-04-25 12:54:30"
[1] "Downloading Footprints for link 40 @ 2025-04-25 12:54:29.628966"
[1] "File Downloaded... unzipping... 2025-04-25 12:54:30.464072"
[1] "Reading in data and making spatial... 2025-04-25 12:54:30.500773"
[1] "Retrieving coordinates... 2025-04-25 12:54:30.691404"
[1] "Retrieving H3 Indexes for Buildings... 2025-04-25 12:54:30.693235"
[1] "Deleting Footprints... 2025-04-25 12:54:31.538317"
[1] "40 Files Succesfully Downloaded --- 2025-04-25 12:54:32"
[1] "Downloading Footprints for link 41 @ 2025-04-25 12:54:31.542639"
[1] "File Downloaded... unzipping... 2025-04-25 12:54:32.794893"
[1] "Reading in data and making spatial... 2025-04-25 12:54:32.958977"
[1] "Retrieving coordinates... 2025-04-25 12:54:34.899048"
[1] "Retrieving H3 Indexes for Buildings... 2025-04-25 12:54:34.91193"
[1] "Deleting Footprints... 2025-04-25 12:54:35.811439"
[1] "41 Files Succesfully Downloaded --- 2025-04-25 12:54:36"
[1] "Downloading Footprints for link 42 @ 2025-04-25 12:54:35.815252"
[1] "File Downloaded... unzipping... 2025-04-25 12:54:37.036089"
[1] "Reading in data and making spatial... 2025-04-25 12:54:37.509552"
[1] "Retrieving coordinates... 2025-04-25 12:54:39.592227"
[1] "Retrieving H3 Indexes for Buildings... 2025-04-25 12:54:39.605844"
[1] "Deleting Footprints... 2025-04-25 12:54:40.418775"
[1] "42 Files Succesfully Downloaded --- 2025-04-25 12:54:40"
[1] "Downloading Footprints for link 43 @ 2025-04-25 12:54:40.421943"
[1] "File Downloaded... unzipping... 2025-04-25 12:54:41.621905"
[1] "Reading in data and making spatial... 2025-04-25 12:54:41.81328"
[1] "Retrieving coordinates... 2025-04-25 12:54:43.925661"
[1] "Retrieving H3 Indexes for Buildings... 2025-04-25 12:54:43.939019"
[1] "Deleting Footprints... 2025-04-25 12:54:45.124664"
[1] "43 Files Succesfully Downloaded --- 2025-04-25 12:54:45"
[1] "Downloading Footprints for link 44 @ 2025-04-25 12:54:45.127898"
[1] "File Downloaded... unzipping... 2025-04-25 12:54:45.859784"
[1] "Reading in data and making spatial... 2025-04-25 12:54:45.986089"
[1] "Retrieving coordinates... 2025-04-25 12:54:46.131903"
[1] "Retrieving H3 Indexes for Buildings... 2025-04-25 12:54:46.133414"
[1] "Deleting Footprints... 2025-04-25 12:54:47.023353"
[1] "44 Files Succesfully Downloaded --- 2025-04-25 12:54:47"
[1] "Downloading Footprints for link 45 @ 2025-04-25 12:54:47.026532"
[1] "File Downloaded... unzipping... 2025-04-25 12:54:47.886048"
[1] "Reading in data and making spatial... 2025-04-25 12:54:47.953597"
[1] "Retrieving coordinates... 2025-04-25 12:54:48.259777"
[1] "Retrieving H3 Indexes for Buildings... 2025-04-25 12:54:48.262604"
[1] "Deleting Footprints... 2025-04-25 12:54:49.161434"
[1] "45 Files Succesfully Downloaded --- 2025-04-25 12:54:49"
[1] "Downloading Footprints for link 46 @ 2025-04-25 12:54:49.165691"
[1] "File Downloaded... unzipping... 2025-04-25 12:54:49.89774"
[1] "Reading in data and making spatial... 2025-04-25 12:54:49.930101"
[1] "Retrieving coordinates... 2025-04-25 12:54:50.064612"
[1] "Retrieving H3 Indexes for Buildings... 2025-04-25 12:54:50.066082"
[1] "Deleting Footprints... 2025-04-25 12:54:50.945737"
[1] "46 Files Succesfully Downloaded --- 2025-04-25 12:54:51"
[1] "Downloading Footprints for link 47 @ 2025-04-25 12:54:50.94994"
[1] "File Downloaded... unzipping... 2025-04-25 12:54:51.842848"
[1] "Reading in data and making spatial... 2025-04-25 12:54:51.94613"
[1] "Retrieving coordinates... 2025-04-25 12:54:52.339172"
[1] "Retrieving H3 Indexes for Buildings... 2025-04-25 12:54:52.342631"
[1] "Deleting Footprints... 2025-04-25 12:54:53.100396"
[1] "47 Files Succesfully Downloaded --- 2025-04-25 12:54:53"
[1] "SCRIPT COMPLETE @ 2025-04-25 12:54:57"
