[1] "Starting at: 2025-04-25 12:48:36"
[1] "Loading Links at: 2025-04-25 12:48:47"
[1] "quadkeys to download: 75"
[1] "Downloading and Joining footprints to Hex @ 2025-04-25 12:48:47"
[1] "Downloading Footprints for link 1 @ 2025-04-25 12:48:47.41884"
[1] "File Downloaded... unzipping... 2025-04-25 12:48:48.234286"
[1] "Reading in data and making spatial... 2025-04-25 12:48:48.278009"
[1] "Retrieving coordinates... 2025-04-25 12:48:48.664548"
[1] "Retrieving H3 Indexes for Buildings... 2025-04-25 12:48:49.739373"
[1] "Deleting Footprints... 2025-04-25 12:48:49.7536"
[1] "1 Files Succesfully Downloaded --- 2025-04-25 12:48:50"
[1] "Downloading Footprints for link 2 @ 2025-04-25 12:48:49.756876"
[1] "File Downloaded... unzipping... 2025-04-25 12:48:50.98856"
[1] "Reading in data and making spatial... 2025-04-25 12:48:51.121204"
[1] "Retrieving coordinates... 2025-04-25 12:48:53.367981"
[1] "Retrieving H3 Indexes for Buildings... 2025-04-25 12:48:53.384914"
[1] "Deleting Footprints... 2025-04-25 12:48:53.456608"
[1] "2 Files Succesfully Downloaded --- 2025-04-25 12:48:53"
[1] "Downloading Footprints for link 3 @ 2025-04-25 12:48:53.458053"
[1] "File Downloaded... unzipping... 2025-04-25 12:48:54.142012"
[1] "Reading in data and making spatial... 2025-04-25 12:48:54.180691"
[1] "Retrieving coordinates... 2025-04-25 12:48:54.407113"
[1] "Retrieving H3 Indexes for Buildings... 2025-04-25 12:48:54.408999"
[1] "Deleting Footprints... 2025-04-25 12:48:54.423736"
[1] "3 Files Succesfully Downloaded --- 2025-04-25 12:48:54"
[1] "Downloading Footprints for link 4 @ 2025-04-25 12:48:54.427854"
[1] "File Downloaded... unzipping... 2025-04-25 12:48:55.42854"
[1] "Reading in data and making spatial... 2025-04-25 12:48:55.487888"
[1] "Retrieving coordinates... 2025-04-25 12:48:55.966581"
[1] "Retrieving H3 Indexes for Buildings... 2025-04-25 12:48:55.970042"
[1] "Deleting Footprints... 2025-04-25 12:48:55.99358"
[1] "4 Files Succesfully Downloaded --- 2025-04-25 12:48:56"
[1] "Downloading Footprints for link 5 @ 2025-04-25 12:48:55.997134"
[1] "File Downloaded... unzipping... 2025-04-25 12:48:56.477332"
[1] "Reading in data and making spatial... 2025-04-25 12:48:56.503852"
[1] "Retrieving coordinates... 2025-04-25 12:48:56.562987"
[1] "Retrieving H3 Indexes for Buildings... 2025-04-25 12:48:56.563721"
[1] "Deleting Footprints... 2025-04-25 12:48:56.576174"
[1] "5 Files Succesfully Downloaded --- 2025-04-25 12:48:57"
[1] "Downloading Footprints for link 6 @ 2025-04-25 12:48:56.578297"
[1] "File Downloaded... unzipping... 2025-04-25 12:48:57.266057"
[1] "Reading in data and making spatial... 2025-04-25 12:48:57.299081"
[1] "Retrieving coordinates... 2025-04-25 12:48:57.42101"
[1] "Retrieving H3 Indexes for Buildings... 2025-04-25 12:48:57.422162"
[1] "Deleting Footprints... 2025-04-25 12:48:57.434388"
[1] "6 Files Succesfully Downloaded --- 2025-04-25 12:48:57"
[1] "Downloading Footprints for link 7 @ 2025-04-25 12:48:57.437811"
[1] "File Downloaded... unzipping... 2025-04-25 12:48:58.007479"
[1] "Reading in data and making spatial... 2025-04-25 12:48:58.039377"
[1] "Retrieving coordinates... 2025-04-25 12:48:58.154757"
[1] "Retrieving H3 Indexes for Buildings... 2025-04-25 12:48:58.155887"
[1] "Deleting Footprints... 2025-04-25 12:48:58.168484"
[1] "7 Files Succesfully Downloaded --- 2025-04-25 12:48:58"
[1] "Downloading Footprints for link 8 @ 2025-04-25 12:48:58.169912"
[1] "File Downloaded... unzipping... 2025-04-25 12:48:58.710089"
[1] "Reading in data and making spatial... 2025-04-25 12:48:58.740432"
[1] "Retrieving coordinates... 2025-04-25 12:48:58.848369"
[1] "Retrieving H3 Indexes for Buildings... 2025-04-25 12:48:58.849455"
[1] "Deleting Footprints... 2025-04-25 12:48:58.86196"
[1] "8 Files Succesfully Downloaded --- 2025-04-25 12:48:59"
[1] "Downloading Footprints for link 9 @ 2025-04-25 12:48:58.864187"
[1] "File Downloaded... unzipping... 2025-04-25 12:48:59.252006"
[1] "Reading in data and making spatial... 2025-04-25 12:48:59.399736"
[1] "Retrieving coordinates... 2025-04-25 12:48:59.444341"
[1] "Retrieving H3 Indexes for Buildings... 2025-04-25 12:48:59.445014"
[1] "Deleting Footprints... 2025-04-25 12:48:59.451575"
[1] "9 Files Succesfully Downloaded --- 2025-04-25 12:48:59"
[1] "Downloading Footprints for link 10 @ 2025-04-25 12:48:59.453298"
[1] "File Downloaded... unzipping... 2025-04-25 12:49:00.088942"
[1] "Reading in data and making spatial... 2025-04-25 12:49:00.127929"
[1] "Retrieving coordinates... 2025-04-25 12:49:00.295018"
[1] "Retrieving H3 Indexes for Buildings... 2025-04-25 12:49:00.296396"
[1] "Deleting Footprints... 2025-04-25 12:49:00.307508"
[1] "10 Files Succesfully Downloaded --- 2025-04-25 12:49:00"
[1] "Downloading Footprints for link 11 @ 2025-04-25 12:49:00.311766"
[1] "File Downloaded... unzipping... 2025-04-25 12:49:01.183099"
[1] "Reading in data and making spatial... 2025-04-25 12:49:01.38163"
[1] "Retrieving coordinates... 2025-04-25 12:49:01.898029"
[1] "Retrieving H3 Indexes for Buildings... 2025-04-25 12:49:01.901404"
[1] "Deleting Footprints... 2025-04-25 12:49:01.925201"
[1] "11 Files Succesfully Downloaded --- 2025-04-25 12:49:02"
[1] "Downloading Footprints for link 12 @ 2025-04-25 12:49:01.927523"
[1] "File Downloaded... unzipping... 2025-04-25 12:49:02.456708"
[1] "Reading in data and making spatial... 2025-04-25 12:49:02.49408"
[1] "Retrieving coordinates... 2025-04-25 12:49:02.572876"
[1] "Retrieving H3 Indexes for Buildings... 2025-04-25 12:49:02.573694"
[1] "Deleting Footprints... 2025-04-25 12:49:02.582367"
[1] "12 Files Succesfully Downloaded --- 2025-04-25 12:49:03"
[1] "Downloading Footprints for link 13 @ 2025-04-25 12:49:02.583967"
[1] "File Downloaded... unzipping... 2025-04-25 12:49:03.333172"
[1] "Reading in data and making spatial... 2025-04-25 12:49:03.369066"
[1] "Retrieving coordinates... 2025-04-25 12:49:03.536977"
[1] "Retrieving H3 Indexes for Buildings... 2025-04-25 12:49:03.538227"
[1] "Deleting Footprints... 2025-04-25 12:49:03.548986"
[1] "13 Files Succesfully Downloaded --- 2025-04-25 12:49:04"
[1] "Downloading Footprints for link 14 @ 2025-04-25 12:49:03.549661"
[1] "File Downloaded... unzipping... 2025-04-25 12:49:04.018281"
[1] "Reading in data and making spatial... 2025-04-25 12:49:04.04649"
[1] "Retrieving coordinates... 2025-04-25 12:49:04.120497"
[1] "Retrieving H3 Indexes for Buildings... 2025-04-25 12:49:04.121272"
[1] "Deleting Footprints... 2025-04-25 12:49:04.131096"
[1] "14 Files Succesfully Downloaded --- 2025-04-25 12:49:04"
[1] "Downloading Footprints for link 15 @ 2025-04-25 12:49:04.13548"
[1] "File Downloaded... unzipping... 2025-04-25 12:49:04.644076"
[1] "Reading in data and making spatial... 2025-04-25 12:49:04.677398"
[1] "Retrieving coordinates... 2025-04-25 12:49:04.761845"
[1] "Retrieving H3 Indexes for Buildings... 2025-04-25 12:49:04.762691"
[1] "Deleting Footprints... 2025-04-25 12:49:04.772897"
[1] "15 Files Succesfully Downloaded --- 2025-04-25 12:49:05"
[1] "Downloading Footprints for link 16 @ 2025-04-25 12:49:04.774742"
[1] "File Downloaded... unzipping... 2025-04-25 12:49:05.26915"
[1] "Reading in data and making spatial... 2025-04-25 12:49:05.300821"
[1] "Retrieving coordinates... 2025-04-25 12:49:05.431795"
[1] "Retrieving H3 Indexes for Buildings... 2025-04-25 12:49:05.432968"
[1] "Deleting Footprints... 2025-04-25 12:49:05.449229"
[1] "16 Files Succesfully Downloaded --- 2025-04-25 12:49:05"
[1] "Downloading Footprints for link 17 @ 2025-04-25 12:49:05.451261"
[1] "File Downloaded... unzipping... 2025-04-25 12:49:06.0541"
[1] "Reading in data and making spatial... 2025-04-25 12:49:06.090012"
[1] "Retrieving coordinates... 2025-04-25 12:49:06.272901"
[1] "Retrieving H3 Indexes for Buildings... 2025-04-25 12:49:06.274366"
[1] "Deleting Footprints... 2025-04-25 12:49:06.292697"
[1] "17 Files Succesfully Downloaded --- 2025-04-25 12:49:06"
[1] "Downloading Footprints for link 18 @ 2025-04-25 12:49:06.294963"
[1] "File Downloaded... unzipping... 2025-04-25 12:49:06.964061"
[1] "Reading in data and making spatial... 2025-04-25 12:49:07.002098"
[1] "Retrieving coordinates... 2025-04-25 12:49:07.287561"
[1] "Retrieving H3 Indexes for Buildings... 2025-04-25 12:49:07.289163"
[1] "Deleting Footprints... 2025-04-25 12:49:07.30452"
[1] "18 Files Succesfully Downloaded --- 2025-04-25 12:49:07"
[1] "Downloading Footprints for link 19 @ 2025-04-25 12:49:07.306515"
[1] "File Downloaded... unzipping... 2025-04-25 12:49:08.055512"
[1] "Reading in data and making spatial... 2025-04-25 12:49:08.092519"
[1] "Retrieving coordinates... 2025-04-25 12:49:08.276649"
[1] "Retrieving H3 Indexes for Buildings... 2025-04-25 12:49:08.278183"
[1] "Deleting Footprints... 2025-04-25 12:49:08.293499"
[1] "19 Files Succesfully Downloaded --- 2025-04-25 12:49:08"
[1] "Downloading Footprints for link 20 @ 2025-04-25 12:49:08.296035"
[1] "File Downloaded... unzipping... 2025-04-25 12:49:08.989227"
[1] "Reading in data and making spatial... 2025-04-25 12:49:09.025965"
[1] "Retrieving coordinates... 2025-04-25 12:49:09.257795"
[1] "Retrieving H3 Indexes for Buildings... 2025-04-25 12:49:09.259636"
[1] "Deleting Footprints... 2025-04-25 12:49:09.277201"
[1] "20 Files Succesfully Downloaded --- 2025-04-25 12:49:09"
[1] "Downloading Footprints for link 21 @ 2025-04-25 12:49:09.282834"
[1] "File Downloaded... unzipping... 2025-04-25 12:49:10.091262"
[1] "Reading in data and making spatial... 2025-04-25 12:49:10.132181"
[1] "Retrieving coordinates... 2025-04-25 12:49:10.415408"
[1] "Retrieving H3 Indexes for Buildings... 2025-04-25 12:49:10.417565"
[1] "Deleting Footprints... 2025-04-25 12:49:10.436337"
[1] "21 Files Succesfully Downloaded --- 2025-04-25 12:49:10"
[1] "Downloading Footprints for link 22 @ 2025-04-25 12:49:10.43806"
[1] "File Downloaded... unzipping... 2025-04-25 12:49:11.138542"
[1] "Reading in data and making spatial... 2025-04-25 12:49:11.171268"
[1] "Retrieving coordinates... 2025-04-25 12:49:11.305776"
[1] "Retrieving H3 Indexes for Buildings... 2025-04-25 12:49:11.30694"
[1] "Deleting Footprints... 2025-04-25 12:49:11.320662"
[1] "22 Files Succesfully Downloaded --- 2025-04-25 12:49:11"
[1] "Downloading Footprints for link 23 @ 2025-04-25 12:49:11.323761"
[1] "File Downloaded... unzipping... 2025-04-25 12:49:12.303891"
[1] "Reading in data and making spatial... 2025-04-25 12:49:12.373793"
[1] "Retrieving coordinates... 2025-04-25 12:49:12.920945"
[1] "Retrieving H3 Indexes for Buildings... 2025-04-25 12:49:12.924689"
[1] "Deleting Footprints... 2025-04-25 12:49:12.951595"
[1] "23 Files Succesfully Downloaded --- 2025-04-25 12:49:13"
[1] "Downloading Footprints for link 24 @ 2025-04-25 12:49:12.954503"
[1] "File Downloaded... unzipping... 2025-04-25 12:49:13.636868"
[1] "Reading in data and making spatial... 2025-04-25 12:49:13.79804"
[1] "Retrieving coordinates... 2025-04-25 12:49:13.998283"
[1] "Retrieving H3 Indexes for Buildings... 2025-04-25 12:49:13.999675"
[1] "Deleting Footprints... 2025-04-25 12:49:14.015582"
[1] "24 Files Succesfully Downloaded --- 2025-04-25 12:49:14"
[1] "Downloading Footprints for link 25 @ 2025-04-25 12:49:14.019432"
[1] "File Downloaded... unzipping... 2025-04-25 12:49:14.843664"
[1] "Reading in data and making spatial... 2025-04-25 12:49:14.88542"
[1] "Retrieving coordinates... 2025-04-25 12:49:15.140318"
[1] "Retrieving H3 Indexes for Buildings... 2025-04-25 12:49:15.14204"
[1] "Deleting Footprints... 2025-04-25 12:49:15.160659"
[1] "25 Files Succesfully Downloaded --- 2025-04-25 12:49:15"
[1] "Downloading Footprints for link 26 @ 2025-04-25 12:49:15.164217"
[1] "File Downloaded... unzipping... 2025-04-25 12:49:15.887807"
[1] "Reading in data and making spatial... 2025-04-25 12:49:15.928012"
[1] "Retrieving coordinates... 2025-04-25 12:49:16.157491"
[1] "Retrieving H3 Indexes for Buildings... 2025-04-25 12:49:16.159211"
[1] "Deleting Footprints... 2025-04-25 12:49:16.177696"
[1] "26 Files Succesfully Downloaded --- 2025-04-25 12:49:16"
[1] "Downloading Footprints for link 27 @ 2025-04-25 12:49:16.18101"
[1] "File Downloaded... unzipping... 2025-04-25 12:49:16.847093"
[1] "Reading in data and making spatial... 2025-04-25 12:49:16.884821"
[1] "Retrieving coordinates... 2025-04-25 12:49:17.081553"
[1] "Retrieving H3 Indexes for Buildings... 2025-04-25 12:49:17.082983"
[1] "Deleting Footprints... 2025-04-25 12:49:17.100567"
[1] "27 Files Succesfully Downloaded --- 2025-04-25 12:49:17"
[1] "Downloading Footprints for link 28 @ 2025-04-25 12:49:17.102905"
[1] "File Downloaded... unzipping... 2025-04-25 12:49:17.706512"
[1] "Reading in data and making spatial... 2025-04-25 12:49:17.741719"
[1] "Retrieving coordinates... 2025-04-25 12:49:17.892143"
[1] "Retrieving H3 Indexes for Buildings... 2025-04-25 12:49:17.893443"
[1] "Deleting Footprints... 2025-04-25 12:49:17.912337"
[1] "28 Files Succesfully Downloaded --- 2025-04-25 12:49:18"
[1] "Downloading Footprints for link 29 @ 2025-04-25 12:49:17.91471"
[1] "File Downloaded... unzipping... 2025-04-25 12:49:18.526484"
[1] "Reading in data and making spatial... 2025-04-25 12:49:18.561967"
[1] "Retrieving coordinates... 2025-04-25 12:49:18.816954"
[1] "Retrieving H3 Indexes for Buildings... 2025-04-25 12:49:18.818086"
[1] "Deleting Footprints... 2025-04-25 12:49:18.834017"
[1] "29 Files Succesfully Downloaded --- 2025-04-25 12:49:19"
[1] "Downloading Footprints for link 30 @ 2025-04-25 12:49:18.835224"
[1] "File Downloaded... unzipping... 2025-04-25 12:49:19.514462"
[1] "Reading in data and making spatial... 2025-04-25 12:49:19.553931"
[1] "Retrieving coordinates... 2025-04-25 12:49:19.75264"
[1] "Retrieving H3 Indexes for Buildings... 2025-04-25 12:49:19.754197"
[1] "Deleting Footprints... 2025-04-25 12:49:19.771854"
[1] "30 Files Succesfully Downloaded --- 2025-04-25 12:49:20"
[1] "Downloading Footprints for link 31 @ 2025-04-25 12:49:19.774489"
[1] "File Downloaded... unzipping... 2025-04-25 12:49:20.243047"
[1] "Reading in data and making spatial... 2025-04-25 12:49:20.276613"
[1] "Retrieving coordinates... 2025-04-25 12:49:20.419583"
[1] "Retrieving H3 Indexes for Buildings... 2025-04-25 12:49:20.420816"
[1] "Deleting Footprints... 2025-04-25 12:49:20.43644"
[1] "31 Files Succesfully Downloaded --- 2025-04-25 12:49:20"
[1] "Downloading Footprints for link 32 @ 2025-04-25 12:49:20.438188"
[1] "File Downloaded... unzipping... 2025-04-25 12:49:20.997445"
[1] "Reading in data and making spatial... 2025-04-25 12:49:21.02654"
[1] "Retrieving coordinates... 2025-04-25 12:49:21.166895"
[1] "Retrieving H3 Indexes for Buildings... 2025-04-25 12:49:21.168175"
[1] "Deleting Footprints... 2025-04-25 12:49:21.186391"
[1] "32 Files Succesfully Downloaded --- 2025-04-25 12:49:21"
[1] "Downloading Footprints for link 33 @ 2025-04-25 12:49:21.188305"
[1] "File Downloaded... unzipping... 2025-04-25 12:49:21.888777"
[1] "Reading in data and making spatial... 2025-04-25 12:49:21.9224"
[1] "Retrieving coordinates... 2025-04-25 12:49:22.097206"
[1] "Retrieving H3 Indexes for Buildings... 2025-04-25 12:49:22.098686"
[1] "Deleting Footprints... 2025-04-25 12:49:22.123051"
[1] "33 Files Succesfully Downloaded --- 2025-04-25 12:49:22"
[1] "Downloading Footprints for link 34 @ 2025-04-25 12:49:22.124669"
[1] "File Downloaded... unzipping... 2025-04-25 12:49:22.789336"
[1] "Reading in data and making spatial... 2025-04-25 12:49:22.9396"
[1] "Retrieving coordinates... 2025-04-25 12:49:23.07598"
[1] "Retrieving H3 Indexes for Buildings... 2025-04-25 12:49:23.077178"
[1] "Deleting Footprints... 2025-04-25 12:49:23.093848"
[1] "34 Files Succesfully Downloaded --- 2025-04-25 12:49:23"
[1] "Downloading Footprints for link 35 @ 2025-04-25 12:49:23.095468"
[1] "File Downloaded... unzipping... 2025-04-25 12:49:23.812843"
[1] "Reading in data and making spatial... 2025-04-25 12:49:23.8456"
[1] "Retrieving coordinates... 2025-04-25 12:49:24.017272"
[1] "Retrieving H3 Indexes for Buildings... 2025-04-25 12:49:24.018732"
[1] "Deleting Footprints... 2025-04-25 12:49:24.037102"
[1] "35 Files Succesfully Downloaded --- 2025-04-25 12:49:24"
[1] "Downloading Footprints for link 36 @ 2025-04-25 12:49:24.039678"
[1] "File Downloaded... unzipping... 2025-04-25 12:49:24.715646"
[1] "Reading in data and making spatial... 2025-04-25 12:49:24.746477"
[1] "Retrieving coordinates... 2025-04-25 12:49:24.973732"
[1] "Retrieving H3 Indexes for Buildings... 2025-04-25 12:49:24.975624"
[1] "Deleting Footprints... 2025-04-25 12:49:24.997031"
[1] "36 Files Succesfully Downloaded --- 2025-04-25 12:49:25"
[1] "Downloading Footprints for link 37 @ 2025-04-25 12:49:25.000363"
[1] "File Downloaded... unzipping... 2025-04-25 12:49:25.59123"
[1] "Reading in data and making spatial... 2025-04-25 12:49:25.618844"
[1] "Retrieving coordinates... 2025-04-25 12:49:25.755381"
[1] "Retrieving H3 Indexes for Buildings... 2025-04-25 12:49:25.756684"
[1] "Deleting Footprints... 2025-04-25 12:49:25.889091"
[1] "37 Files Succesfully Downloaded --- 2025-04-25 12:49:26"
[1] "Downloading Footprints for link 38 @ 2025-04-25 12:49:25.892656"
[1] "File Downloaded... unzipping... 2025-04-25 12:49:26.888018"
[1] "Reading in data and making spatial... 2025-04-25 12:49:27.139032"
[1] "Retrieving coordinates... 2025-04-25 12:49:27.845813"
[1] "Retrieving H3 Indexes for Buildings... 2025-04-25 12:49:27.850611"
[1] "Deleting Footprints... 2025-04-25 12:49:27.888554"
[1] "38 Files Succesfully Downloaded --- 2025-04-25 12:49:28"
[1] "Downloading Footprints for link 39 @ 2025-04-25 12:49:27.892291"
[1] "File Downloaded... unzipping... 2025-04-25 12:49:28.623453"
[1] "Reading in data and making spatial... 2025-04-25 12:49:28.65257"
[1] "Retrieving coordinates... 2025-04-25 12:49:28.903613"
[1] "Retrieving H3 Indexes for Buildings... 2025-04-25 12:49:28.904804"
[1] "Deleting Footprints... 2025-04-25 12:49:28.923346"
[1] "39 Files Succesfully Downloaded --- 2025-04-25 12:49:29"
[1] "Downloading Footprints for link 40 @ 2025-04-25 12:49:28.925321"
[1] "File Downloaded... unzipping... 2025-04-25 12:49:29.631838"
[1] "Reading in data and making spatial... 2025-04-25 12:49:29.659727"
[1] "Retrieving coordinates... 2025-04-25 12:49:29.756458"
[1] "Retrieving H3 Indexes for Buildings... 2025-04-25 12:49:29.757412"
[1] "Deleting Footprints... 2025-04-25 12:49:29.774808"
[1] "40 Files Succesfully Downloaded --- 2025-04-25 12:49:30"
[1] "Downloading Footprints for link 41 @ 2025-04-25 12:49:29.778656"
[1] "File Downloaded... unzipping... 2025-04-25 12:49:30.983208"
[1] "Reading in data and making spatial... 2025-04-25 12:49:31.757287"
[1] "Retrieving coordinates... 2025-04-25 12:49:32.991393"
[1] "Retrieving H3 Indexes for Buildings... 2025-04-25 12:49:33.000434"
[1] "Deleting Footprints... 2025-04-25 12:49:33.060248"
[1] "41 Files Succesfully Downloaded --- 2025-04-25 12:49:33"
[1] "Downloading Footprints for link 42 @ 2025-04-25 12:49:33.062657"
[1] "File Downloaded... unzipping... 2025-04-25 12:49:33.654542"
[1] "Reading in data and making spatial... 2025-04-25 12:49:33.692224"
[1] "Retrieving coordinates... 2025-04-25 12:49:33.862664"
[1] "Retrieving H3 Indexes for Buildings... 2025-04-25 12:49:33.864277"
[1] "Deleting Footprints... 2025-04-25 12:49:33.888026"
[1] "42 Files Succesfully Downloaded --- 2025-04-25 12:49:34"
[1] "Downloading Footprints for link 43 @ 2025-04-25 12:49:33.889713"
[1] "File Downloaded... unzipping... 2025-04-25 12:49:34.572864"
[1] "Reading in data and making spatial... 2025-04-25 12:49:35.256735"
[1] "Retrieving coordinates... 2025-04-25 12:49:35.377147"
[1] "Retrieving H3 Indexes for Buildings... 2025-04-25 12:49:35.378317"
[1] "Deleting Footprints... 2025-04-25 12:49:35.399031"
[1] "43 Files Succesfully Downloaded --- 2025-04-25 12:49:35"
[1] "Downloading Footprints for link 44 @ 2025-04-25 12:49:35.400861"
[1] "File Downloaded... unzipping... 2025-04-25 12:49:36.153039"
[1] "Reading in data and making spatial... 2025-04-25 12:49:36.353349"
[1] "Retrieving coordinates... 2025-04-25 12:49:36.636682"
[1] "Retrieving H3 Indexes for Buildings... 2025-04-25 12:49:36.638918"
[1] "Deleting Footprints... 2025-04-25 12:49:36.666293"
[1] "44 Files Succesfully Downloaded --- 2025-04-25 12:49:37"
[1] "Downloading Footprints for link 45 @ 2025-04-25 12:49:36.669701"
[1] "File Downloaded... unzipping... 2025-04-25 12:49:37.38025"
[1] "Reading in data and making spatial... 2025-04-25 12:49:37.409781"
[1] "Retrieving coordinates... 2025-04-25 12:49:37.547995"
[1] "Retrieving H3 Indexes for Buildings... 2025-04-25 12:49:37.549297"
[1] "Deleting Footprints... 2025-04-25 12:49:37.571399"
[1] "45 Files Succesfully Downloaded --- 2025-04-25 12:49:38"
[1] "Downloading Footprints for link 46 @ 2025-04-25 12:49:37.574045"
[1] "File Downloaded... unzipping... 2025-04-25 12:49:38.267547"
[1] "Reading in data and making spatial... 2025-04-25 12:49:38.302121"
[1] "Retrieving coordinates... 2025-04-25 12:49:38.526261"
[1] "Retrieving H3 Indexes for Buildings... 2025-04-25 12:49:38.528068"
[1] "Deleting Footprints... 2025-04-25 12:49:38.883008"
[1] "46 Files Succesfully Downloaded --- 2025-04-25 12:49:39"
[1] "Downloading Footprints for link 47 @ 2025-04-25 12:49:38.884636"
[1] "File Downloaded... unzipping... 2025-04-25 12:49:39.552103"
[1] "Reading in data and making spatial... 2025-04-25 12:49:39.732188"
[1] "Retrieving coordinates... 2025-04-25 12:49:39.858287"
[1] "Retrieving H3 Indexes for Buildings... 2025-04-25 12:49:39.859597"
[1] "Deleting Footprints... 2025-04-25 12:49:39.881968"
[1] "47 Files Succesfully Downloaded --- 2025-04-25 12:49:40"
[1] "Downloading Footprints for link 48 @ 2025-04-25 12:49:39.889518"
[1] "File Downloaded... unzipping... 2025-04-25 12:49:40.440513"
[1] "Reading in data and making spatial... 2025-04-25 12:49:40.468019"
[1] "Retrieving coordinates... 2025-04-25 12:49:40.57866"
[1] "Retrieving H3 Indexes for Buildings... 2025-04-25 12:49:40.579721"
[1] "Deleting Footprints... 2025-04-25 12:49:40.60111"
[1] "48 Files Succesfully Downloaded --- 2025-04-25 12:49:41"
[1] "Downloading Footprints for link 49 @ 2025-04-25 12:49:40.603117"
[1] "File Downloaded... unzipping... 2025-04-25 12:49:41.063479"
[1] "Reading in data and making spatial... 2025-04-25 12:49:41.094223"
[1] "Retrieving coordinates... 2025-04-25 12:49:41.200329"
[1] "Retrieving H3 Indexes for Buildings... 2025-04-25 12:49:41.201377"
[1] "Deleting Footprints... 2025-04-25 12:49:41.225586"
[1] "49 Files Succesfully Downloaded --- 2025-04-25 12:49:41"
[1] "Downloading Footprints for link 50 @ 2025-04-25 12:49:41.228767"
[1] "File Downloaded... unzipping... 2025-04-25 12:49:41.810111"
[1] "Reading in data and making spatial... 2025-04-25 12:49:41.839178"
[1] "Retrieving coordinates... 2025-04-25 12:49:41.981933"
[1] "Retrieving H3 Indexes for Buildings... 2025-04-25 12:49:41.983273"
[1] "Deleting Footprints... 2025-04-25 12:49:42.010687"
[1] "50 Files Succesfully Downloaded --- 2025-04-25 12:49:42"
[1] "Downloading Footprints for link 51 @ 2025-04-25 12:49:42.01245"
[1] "File Downloaded... unzipping... 2025-04-25 12:49:42.700999"
[1] "Reading in data and making spatial... 2025-04-25 12:49:42.733853"
[1] "Retrieving coordinates... 2025-04-25 12:49:42.896206"
[1] "Retrieving H3 Indexes for Buildings... 2025-04-25 12:49:42.897594"
[1] "Deleting Footprints... 2025-04-25 12:49:42.991102"
[1] "51 Files Succesfully Downloaded --- 2025-04-25 12:49:43"
[1] "Downloading Footprints for link 52 @ 2025-04-25 12:49:42.994355"
[1] "File Downloaded... unzipping... 2025-04-25 12:49:43.827996"
[1] "Reading in data and making spatial... 2025-04-25 12:49:43.865095"
[1] "Retrieving coordinates... 2025-04-25 12:49:44.093443"
[1] "Retrieving H3 Indexes for Buildings... 2025-04-25 12:49:44.095294"
[1] "Deleting Footprints... 2025-04-25 12:49:44.122139"
[1] "52 Files Succesfully Downloaded --- 2025-04-25 12:49:44"
[1] "Downloading Footprints for link 53 @ 2025-04-25 12:49:44.124584"
[1] "File Downloaded... unzipping... 2025-04-25 12:49:44.824916"
[1] "Reading in data and making spatial... 2025-04-25 12:49:44.858878"
[1] "Retrieving coordinates... 2025-04-25 12:49:45.025321"
[1] "Retrieving H3 Indexes for Buildings... 2025-04-25 12:49:45.026694"
[1] "Deleting Footprints... 2025-04-25 12:49:45.051171"
[1] "53 Files Succesfully Downloaded --- 2025-04-25 12:49:45"
[1] "Downloading Footprints for link 54 @ 2025-04-25 12:49:45.055355"
[1] "File Downloaded... unzipping... 2025-04-25 12:49:47.729237"
[1] "Reading in data and making spatial... 2025-04-25 12:49:47.763192"
[1] "Retrieving coordinates... 2025-04-25 12:49:47.908027"
[1] "Retrieving H3 Indexes for Buildings... 2025-04-25 12:49:47.909333"
[1] "Deleting Footprints... 2025-04-25 12:49:47.933949"
[1] "54 Files Succesfully Downloaded --- 2025-04-25 12:49:48"
[1] "Downloading Footprints for link 55 @ 2025-04-25 12:49:47.937441"
[1] "File Downloaded... unzipping... 2025-04-25 12:49:48.329836"
[1] "Reading in data and making spatial... 2025-04-25 12:49:48.359042"
[1] "Retrieving coordinates... 2025-04-25 12:49:48.450822"
[1] "Retrieving H3 Indexes for Buildings... 2025-04-25 12:49:48.451781"
[1] "Deleting Footprints... 2025-04-25 12:49:48.551834"
[1] "55 Files Succesfully Downloaded --- 2025-04-25 12:49:49"
[1] "Downloading Footprints for link 56 @ 2025-04-25 12:49:48.556027"
[1] "File Downloaded... unzipping... 2025-04-25 12:49:49.054289"
[1] "Reading in data and making spatial... 2025-04-25 12:49:49.082411"
[1] "Retrieving coordinates... 2025-04-25 12:49:49.208405"
[1] "Retrieving H3 Indexes for Buildings... 2025-04-25 12:49:49.209635"
[1] "Deleting Footprints... 2025-04-25 12:49:49.233719"
[1] "56 Files Succesfully Downloaded --- 2025-04-25 12:49:49"
[1] "Downloading Footprints for link 57 @ 2025-04-25 12:49:49.237936"
[1] "File Downloaded... unzipping... 2025-04-25 12:49:49.898687"
[1] "Reading in data and making spatial... 2025-04-25 12:49:49.92765"
[1] "Retrieving coordinates... 2025-04-25 12:49:50.054992"
[1] "Retrieving H3 Indexes for Buildings... 2025-04-25 12:49:50.056125"
[1] "Deleting Footprints... 2025-04-25 12:49:50.08035"
[1] "57 Files Succesfully Downloaded --- 2025-04-25 12:49:50"
[1] "Downloading Footprints for link 58 @ 2025-04-25 12:49:50.084323"
[1] "File Downloaded... unzipping... 2025-04-25 12:49:50.625867"
[1] "Reading in data and making spatial... 2025-04-25 12:49:50.655025"
[1] "Retrieving coordinates... 2025-04-25 12:49:50.800797"
[1] "Retrieving H3 Indexes for Buildings... 2025-04-25 12:49:50.80213"
[1] "Deleting Footprints... 2025-04-25 12:49:50.902261"
[1] "58 Files Succesfully Downloaded --- 2025-04-25 12:49:51"
[1] "Downloading Footprints for link 59 @ 2025-04-25 12:49:50.904386"
[1] "File Downloaded... unzipping... 2025-04-25 12:49:51.782409"
[1] "Reading in data and making spatial... 2025-04-25 12:49:51.994537"
[1] "Retrieving coordinates... 2025-04-25 12:49:52.31062"
[1] "Retrieving H3 Indexes for Buildings... 2025-04-25 12:49:52.313312"
[1] "Deleting Footprints... 2025-04-25 12:49:52.345818"
[1] "59 Files Succesfully Downloaded --- 2025-04-25 12:49:52"
[1] "Downloading Footprints for link 60 @ 2025-04-25 12:49:52.349491"
[1] "File Downloaded... unzipping... 2025-04-25 12:49:52.947938"
[1] "Reading in data and making spatial... 2025-04-25 12:49:52.975241"
[1] "Retrieving coordinates... 2025-04-25 12:49:53.106086"
[1] "Retrieving H3 Indexes for Buildings... 2025-04-25 12:49:53.107327"
[1] "Deleting Footprints... 2025-04-25 12:49:53.211582"
[1] "60 Files Succesfully Downloaded --- 2025-04-25 12:49:53"
[1] "Downloading Footprints for link 61 @ 2025-04-25 12:49:53.215015"
[1] "File Downloaded... unzipping... 2025-04-25 12:49:53.829296"
[1] "Reading in data and making spatial... 2025-04-25 12:49:53.860346"
[1] "Retrieving coordinates... 2025-04-25 12:49:54.00386"
[1] "Retrieving H3 Indexes for Buildings... 2025-04-25 12:49:54.005176"
[1] "Deleting Footprints... 2025-04-25 12:49:54.036905"
[1] "61 Files Succesfully Downloaded --- 2025-04-25 12:49:54"
[1] "Downloading Footprints for link 62 @ 2025-04-25 12:49:54.038977"
[1] "File Downloaded... unzipping... 2025-04-25 12:49:54.935104"
[1] "Reading in data and making spatial... 2025-04-25 12:49:55.165604"
[1] "Retrieving coordinates... 2025-04-25 12:49:55.423774"
[1] "Retrieving H3 Indexes for Buildings... 2025-04-25 12:49:55.425864"
[1] "Deleting Footprints... 2025-04-25 12:49:55.461497"
[1] "62 Files Succesfully Downloaded --- 2025-04-25 12:49:55"
[1] "Downloading Footprints for link 63 @ 2025-04-25 12:49:55.464565"
[1] "File Downloaded... unzipping... 2025-04-25 12:49:56.075765"
[1] "Reading in data and making spatial... 2025-04-25 12:49:56.107795"
[1] "Retrieving coordinates... 2025-04-25 12:49:56.210919"
[1] "Retrieving H3 Indexes for Buildings... 2025-04-25 12:49:56.212004"
[1] "Deleting Footprints... 2025-04-25 12:49:56.238249"
[1] "63 Files Succesfully Downloaded --- 2025-04-25 12:49:56"
[1] "Downloading Footprints for link 64 @ 2025-04-25 12:49:56.239978"
[1] "File Downloaded... unzipping... 2025-04-25 12:49:56.912323"
[1] "Reading in data and making spatial... 2025-04-25 12:49:56.949286"
[1] "Retrieving coordinates... 2025-04-25 12:49:57.180863"
[1] "Retrieving H3 Indexes for Buildings... 2025-04-25 12:49:57.182478"
[1] "Deleting Footprints... 2025-04-25 12:49:57.211442"
[1] "64 Files Succesfully Downloaded --- 2025-04-25 12:49:57"
[1] "Downloading Footprints for link 65 @ 2025-04-25 12:49:57.214414"
[1] "File Downloaded... unzipping... 2025-04-25 12:49:57.755993"
[1] "Reading in data and making spatial... 2025-04-25 12:49:57.789739"
[1] "Retrieving coordinates... 2025-04-25 12:49:57.978601"
[1] "Retrieving H3 Indexes for Buildings... 2025-04-25 12:49:57.980266"
[1] "Deleting Footprints... 2025-04-25 12:49:58.10685"
[1] "65 Files Succesfully Downloaded --- 2025-04-25 12:49:58"
[1] "Downloading Footprints for link 66 @ 2025-04-25 12:49:58.108579"
[1] "File Downloaded... unzipping... 2025-04-25 12:49:58.792683"
[1] "Reading in data and making spatial... 2025-04-25 12:49:58.827516"
[1] "Retrieving coordinates... 2025-04-25 12:49:59.087718"
[1] "Retrieving H3 Indexes for Buildings... 2025-04-25 12:49:59.09004"
[1] "Deleting Footprints... 2025-04-25 12:49:59.123052"
[1] "66 Files Succesfully Downloaded --- 2025-04-25 12:49:59"
[1] "Downloading Footprints for link 67 @ 2025-04-25 12:49:59.125404"
[1] "File Downloaded... unzipping... 2025-04-25 12:49:59.851749"
[1] "Reading in data and making spatial... 2025-04-25 12:49:59.888123"
[1] "Retrieving coordinates... 2025-04-25 12:50:00.053783"
[1] "Retrieving H3 Indexes for Buildings... 2025-04-25 12:50:00.055205"
[1] "Deleting Footprints... 2025-04-25 12:50:00.083953"
[1] "67 Files Succesfully Downloaded --- 2025-04-25 12:50:00"
[1] "Downloading Footprints for link 68 @ 2025-04-25 12:50:00.086841"
[1] "File Downloaded... unzipping... 2025-04-25 12:50:00.719707"
[1] "Reading in data and making spatial... 2025-04-25 12:50:00.749942"
[1] "Retrieving coordinates... 2025-04-25 12:50:00.967621"
[1] "Retrieving H3 Indexes for Buildings... 2025-04-25 12:50:00.968799"
[1] "Deleting Footprints... 2025-04-25 12:50:00.996504"
[1] "68 Files Succesfully Downloaded --- 2025-04-25 12:50:01"
[1] "Downloading Footprints for link 69 @ 2025-04-25 12:50:00.998726"
[1] "File Downloaded... unzipping... 2025-04-25 12:50:01.731105"
[1] "Reading in data and making spatial... 2025-04-25 12:50:01.765563"
[1] "Retrieving coordinates... 2025-04-25 12:50:01.969331"
[1] "Retrieving H3 Indexes for Buildings... 2025-04-25 12:50:01.971026"
[1] "Deleting Footprints... 2025-04-25 12:50:02.001088"
[1] "69 Files Succesfully Downloaded --- 2025-04-25 12:50:02"
[1] "Downloading Footprints for link 70 @ 2025-04-25 12:50:02.005169"
[1] "File Downloaded... unzipping... 2025-04-25 12:50:02.82098"
[1] "Reading in data and making spatial... 2025-04-25 12:50:02.861301"
[1] "Retrieving coordinates... 2025-04-25 12:50:03.189121"
[1] "Retrieving H3 Indexes for Buildings... 2025-04-25 12:50:03.190815"
[1] "Deleting Footprints... 2025-04-25 12:50:03.222906"
[1] "70 Files Succesfully Downloaded --- 2025-04-25 12:50:03"
[1] "Downloading Footprints for link 71 @ 2025-04-25 12:50:03.226091"
[1] "File Downloaded... unzipping... 2025-04-25 12:50:03.86573"
[1] "Reading in data and making spatial... 2025-04-25 12:50:03.899156"
[1] "Retrieving coordinates... 2025-04-25 12:50:04.116058"
[1] "Retrieving H3 Indexes for Buildings... 2025-04-25 12:50:04.117964"
[1] "Deleting Footprints... 2025-04-25 12:50:04.252413"
[1] "71 Files Succesfully Downloaded --- 2025-04-25 12:50:04"
[1] "Downloading Footprints for link 72 @ 2025-04-25 12:50:04.256535"
[1] "File Downloaded... unzipping... 2025-04-25 12:50:04.939889"
[1] "Reading in data and making spatial... 2025-04-25 12:50:04.974694"
[1] "Retrieving coordinates... 2025-04-25 12:50:05.209925"
[1] "Retrieving H3 Indexes for Buildings... 2025-04-25 12:50:05.211864"
[1] "Deleting Footprints... 2025-04-25 12:50:05.561135"
[1] "72 Files Succesfully Downloaded --- 2025-04-25 12:50:06"
[1] "Downloading Footprints for link 73 @ 2025-04-25 12:50:05.563618"
[1] "File Downloaded... unzipping... 2025-04-25 12:50:06.308169"
[1] "Reading in data and making spatial... 2025-04-25 12:50:06.344267"
[1] "Retrieving coordinates... 2025-04-25 12:50:06.568185"
[1] "Retrieving H3 Indexes for Buildings... 2025-04-25 12:50:06.570139"
[1] "Deleting Footprints... 2025-04-25 12:50:06.605427"
[1] "73 Files Succesfully Downloaded --- 2025-04-25 12:50:07"
[1] "Downloading Footprints for link 74 @ 2025-04-25 12:50:06.608228"
[1] "File Downloaded... unzipping... 2025-04-25 12:50:07.619048"
[1] "Reading in data and making spatial... 2025-04-25 12:50:07.820726"
[1] "Retrieving coordinates... 2025-04-25 12:50:08.536424"
[1] "Retrieving H3 Indexes for Buildings... 2025-04-25 12:50:08.541805"
[1] "Deleting Footprints... 2025-04-25 12:50:08.593148"
[1] "74 Files Succesfully Downloaded --- 2025-04-25 12:50:09"
[1] "Downloading Footprints for link 75 @ 2025-04-25 12:50:08.596158"
[1] "File Downloaded... unzipping... 2025-04-25 12:50:09.44602"
[1] "Reading in data and making spatial... 2025-04-25 12:50:09.786832"
[1] "Retrieving coordinates... 2025-04-25 12:50:10.092966"
[1] "Retrieving H3 Indexes for Buildings... 2025-04-25 12:50:10.095275"
[1] "Deleting Footprints... 2025-04-25 12:50:10.227674"
[1] "75 Files Succesfully Downloaded --- 2025-04-25 12:50:10"
[1] "SCRIPT COMPLETE @ 2025-04-25 12:50:11"
