[1] "Starting at: 2025-04-25 12:48:58"
[1] "Loading Links at: 2025-04-25 12:49:09"
[1] "quadkeys to download: 44"
[1] "Downloading and Joining footprints to Hex @ 2025-04-25 12:49:09"
[1] "Downloading Footprints for link 1 @ 2025-04-25 12:49:09.125771"
[1] "File Downloaded... unzipping... 2025-04-25 12:49:10.441614"
[1] "Reading in data and making spatial... 2025-04-25 12:49:10.640463"
[1] "Retrieving coordinates... 2025-04-25 12:49:14.650153"
[1] "Retrieving H3 Indexes for Buildings... 2025-04-25 12:49:14.670243"
[1] "Deleting Footprints... 2025-04-25 12:49:14.758096"
[1] "1 Files Succesfully Downloaded --- 2025-04-25 12:49:15"
[1] "Downloading Footprints for link 2 @ 2025-04-25 12:49:14.76075"
[1] "File Downloaded... unzipping... 2025-04-25 12:49:16.075716"
[1] "Reading in data and making spatial... 2025-04-25 12:49:16.263325"
[1] "Retrieving coordinates... 2025-04-25 12:49:19.657734"
[1] "Retrieving H3 Indexes for Buildings... 2025-04-25 12:49:19.674382"
[1] "Deleting Footprints... 2025-04-25 12:49:19.774273"
[1] "2 Files Succesfully Downloaded --- 2025-04-25 12:49:20"
[1] "Downloading Footprints for link 3 @ 2025-04-25 12:49:19.779135"
[1] "File Downloaded... unzipping... 2025-04-25 12:49:21.206822"
[1] "Reading in data and making spatial... 2025-04-25 12:49:21.673384"
[1] "Retrieving coordinates... 2025-04-25 12:49:26.945973"
[1] "Retrieving H3 Indexes for Buildings... 2025-04-25 12:49:26.969648"
[1] "Deleting Footprints... 2025-04-25 12:49:27.106929"
[1] "3 Files Succesfully Downloaded --- 2025-04-25 12:49:27"
[1] "Downloading Footprints for link 4 @ 2025-04-25 12:49:27.109822"
[1] "File Downloaded... unzipping... 2025-04-25 12:49:28.772283"
[1] "Reading in data and making spatial... 2025-04-25 12:49:28.909669"
[1] "Retrieving coordinates... 2025-04-25 12:49:30.986522"
[1] "Retrieving H3 Indexes for Buildings... 2025-04-25 12:49:30.997776"
[1] "Deleting Footprints... 2025-04-25 12:49:31.077224"
[1] "4 Files Succesfully Downloaded --- 2025-04-25 12:49:31"
[1] "Downloading Footprints for link 5 @ 2025-04-25 12:49:31.080096"
[1] "File Downloaded... unzipping... 2025-04-25 12:49:32.582373"
[1] "Reading in data and making spatial... 2025-04-25 12:49:32.981364"
[1] "Retrieving coordinates... 2025-04-25 12:49:42.334554"
[1] "Retrieving H3 Indexes for Buildings... 2025-04-25 12:49:42.381326"
[1] "Deleting Footprints... 2025-04-25 12:49:42.645957"
[1] "5 Files Succesfully Downloaded --- 2025-04-25 12:49:43"
[1] "Downloading Footprints for link 6 @ 2025-04-25 12:49:42.649075"
[1] "File Downloaded... unzipping... 2025-04-25 12:49:44.092396"
[1] "Reading in data and making spatial... 2025-04-25 12:49:44.304896"
[1] "Retrieving coordinates... 2025-04-25 12:49:48.008301"
[1] "Retrieving H3 Indexes for Buildings... 2025-04-25 12:49:48.028029"
[1] "Deleting Footprints... 2025-04-25 12:49:48.438769"
[1] "6 Files Succesfully Downloaded --- 2025-04-25 12:49:48"
[1] "Downloading Footprints for link 7 @ 2025-04-25 12:49:48.441744"
[1] "File Downloaded... unzipping... 2025-04-25 12:49:49.350413"
[1] "Reading in data and making spatial... 2025-04-25 12:49:49.417721"
[1] "Retrieving coordinates... 2025-04-25 12:49:49.91589"
[1] "Retrieving H3 Indexes for Buildings... 2025-04-25 12:49:49.918894"
[1] "Deleting Footprints... 2025-04-25 12:49:50.06366"
[1] "7 Files Succesfully Downloaded --- 2025-04-25 12:49:50"
[1] "Downloading Footprints for link 8 @ 2025-04-25 12:49:50.066451"
[1] "File Downloaded... unzipping... 2025-04-25 12:49:57.19658"
[1] "Reading in data and making spatial... 2025-04-25 12:49:58.234966"
[1] "Retrieving coordinates... 2025-04-25 12:50:16.331931"
[1] "Retrieving H3 Indexes for Buildings... 2025-04-25 12:50:16.418994"
[1] "Deleting Footprints... 2025-04-25 12:50:16.899197"
[1] "8 Files Succesfully Downloaded --- 2025-04-25 12:50:17"
[1] "Downloading Footprints for link 9 @ 2025-04-25 12:50:16.901846"
[1] "File Downloaded... unzipping... 2025-04-25 12:50:18.36878"
[1] "Reading in data and making spatial... 2025-04-25 12:50:18.725869"
[1] "Retrieving coordinates... 2025-04-25 12:50:27.480857"
[1] "Retrieving H3 Indexes for Buildings... 2025-04-25 12:50:27.520631"
[1] "Deleting Footprints... 2025-04-25 12:50:27.788164"
[1] "9 Files Succesfully Downloaded --- 2025-04-25 12:50:28"
[1] "Downloading Footprints for link 10 @ 2025-04-25 12:50:27.790545"
[1] "File Downloaded... unzipping... 2025-04-25 12:50:29.222917"
[1] "Reading in data and making spatial... 2025-04-25 12:50:29.337622"
[1] "Retrieving coordinates... 2025-04-25 12:50:32.047494"
[1] "Retrieving H3 Indexes for Buildings... 2025-04-25 12:50:32.059391"
[1] "Deleting Footprints... 2025-04-25 12:50:32.177374"
[1] "10 Files Succesfully Downloaded --- 2025-04-25 12:50:32"
[1] "Downloading Footprints for link 11 @ 2025-04-25 12:50:32.182029"
[1] "File Downloaded... unzipping... 2025-04-25 12:50:33.310499"
[1] "Reading in data and making spatial... 2025-04-25 12:50:34.115448"
[1] "Retrieving coordinates... 2025-04-25 12:50:35.877445"
[1] "Retrieving H3 Indexes for Buildings... 2025-04-25 12:50:35.88648"
[1] "Deleting Footprints... 2025-04-25 12:50:35.996546"
[1] "11 Files Succesfully Downloaded --- 2025-04-25 12:50:36"
[1] "Downloading Footprints for link 12 @ 2025-04-25 12:50:35.998977"
[1] "File Downloaded... unzipping... 2025-04-25 12:50:47.455418"
[1] "Reading in data and making spatial... 2025-04-25 12:50:47.726184"
[1] "Retrieving coordinates... 2025-04-25 12:50:54.257158"
[1] "Retrieving H3 Indexes for Buildings... 2025-04-25 12:50:54.287881"
[1] "Deleting Footprints... 2025-04-25 12:50:54.507416"
[1] "12 Files Succesfully Downloaded --- 2025-04-25 12:50:55"
[1] "Downloading Footprints for link 13 @ 2025-04-25 12:50:54.511051"
[1] "File Downloaded... unzipping... 2025-04-25 12:50:55.771387"
[1] "Reading in data and making spatial... 2025-04-25 12:50:55.913204"
[1] "Retrieving coordinates... 2025-04-25 12:50:58.934903"
[1] "Retrieving H3 Indexes for Buildings... 2025-04-25 12:50:58.947901"
[1] "Deleting Footprints... 2025-04-25 12:50:59.084052"
[1] "13 Files Succesfully Downloaded --- 2025-04-25 12:50:59"
[1] "Downloading Footprints for link 14 @ 2025-04-25 12:50:59.086515"
[1] "File Downloaded... unzipping... 2025-04-25 12:51:01.229374"
[1] "Reading in data and making spatial... 2025-04-25 12:51:01.373976"
[1] "Retrieving coordinates... 2025-04-25 12:51:04.787108"
[1] "Retrieving H3 Indexes for Buildings... 2025-04-25 12:51:04.801162"
[1] "Deleting Footprints... 2025-04-25 12:51:04.942837"
[1] "14 Files Succesfully Downloaded --- 2025-04-25 12:51:05"
[1] "Downloading Footprints for link 15 @ 2025-04-25 12:51:04.946433"
[1] "File Downloaded... unzipping... 2025-04-25 12:51:06.553879"
[1] "Reading in data and making spatial... 2025-04-25 12:51:06.822259"
[1] "Retrieving coordinates... 2025-04-25 12:51:13.817305"
[1] "Retrieving H3 Indexes for Buildings... 2025-04-25 12:51:13.854377"
[1] "Deleting Footprints... 2025-04-25 12:51:14.108578"
[1] "15 Files Succesfully Downloaded --- 2025-04-25 12:51:14"
[1] "Downloading Footprints for link 16 @ 2025-04-25 12:51:14.112055"
[1] "File Downloaded... unzipping... 2025-04-25 12:51:15.489438"
[1] "Reading in data and making spatial... 2025-04-25 12:51:15.844466"
[1] "Retrieving coordinates... 2025-04-25 12:51:19.868464"
[1] "Retrieving H3 Indexes for Buildings... 2025-04-25 12:51:19.889349"
[1] "Deleting Footprints... 2025-04-25 12:51:20.07492"
[1] "16 Files Succesfully Downloaded --- 2025-04-25 12:51:20"
[1] "Downloading Footprints for link 17 @ 2025-04-25 12:51:20.078494"
[1] "File Downloaded... unzipping... 2025-04-25 12:51:21.461129"
[1] "Reading in data and making spatial... 2025-04-25 12:51:21.841049"
[1] "Retrieving coordinates... 2025-04-25 12:51:28.955083"
[1] "Retrieving H3 Indexes for Buildings... 2025-04-25 12:51:28.984441"
[1] "Deleting Footprints... 2025-04-25 12:51:29.234674"
[1] "17 Files Succesfully Downloaded --- 2025-04-25 12:51:29"
[1] "Downloading Footprints for link 18 @ 2025-04-25 12:51:29.238575"
[1] "File Downloaded... unzipping... 2025-04-25 12:51:32.791921"
[1] "Reading in data and making spatial... 2025-04-25 12:51:33.5101"
[1] "Retrieving coordinates... 2025-04-25 12:51:47.822231"
[1] "Retrieving H3 Indexes for Buildings... 2025-04-25 12:51:48.146319"
[1] "Deleting Footprints... 2025-04-25 12:51:48.749993"
[1] "18 Files Succesfully Downloaded --- 2025-04-25 12:51:49"
[1] "Downloading Footprints for link 19 @ 2025-04-25 12:51:48.753412"
[1] "File Downloaded... unzipping... 2025-04-25 12:51:50.80067"
[1] "Reading in data and making spatial... 2025-04-25 12:51:51.201735"
[1] "Retrieving coordinates... 2025-04-25 12:51:54.817638"
[1] "Retrieving H3 Indexes for Buildings... 2025-04-25 12:51:54.832059"
[1] "Deleting Footprints... 2025-04-25 12:51:55.012417"
[1] "19 Files Succesfully Downloaded --- 2025-04-25 12:51:55"
[1] "Downloading Footprints for link 20 @ 2025-04-25 12:51:55.015755"
[1] "File Downloaded... unzipping... 2025-04-25 12:51:56.794795"
[1] "Reading in data and making spatial... 2025-04-25 12:51:57.448662"
[1] "Retrieving coordinates... 2025-04-25 12:52:08.444816"
[1] "Retrieving H3 Indexes for Buildings... 2025-04-25 12:52:08.502263"
[1] "Deleting Footprints... 2025-04-25 12:52:09.684817"
[1] "20 Files Succesfully Downloaded --- 2025-04-25 12:52:10"
[1] "Downloading Footprints for link 21 @ 2025-04-25 12:52:09.689234"
[1] "File Downloaded... unzipping... 2025-04-25 12:52:11.029069"
[1] "Reading in data and making spatial... 2025-04-25 12:52:11.962609"
[1] "Retrieving coordinates... 2025-04-25 12:52:14.5474"
[1] "Retrieving H3 Indexes for Buildings... 2025-04-25 12:52:14.563802"
[1] "Deleting Footprints... 2025-04-25 12:52:15.587187"
[1] "21 Files Succesfully Downloaded --- 2025-04-25 12:52:16"
[1] "Downloading Footprints for link 22 @ 2025-04-25 12:52:15.590104"
[1] "File Downloaded... unzipping... 2025-04-25 12:52:16.81943"
[1] "Reading in data and making spatial... 2025-04-25 12:52:16.971022"
[1] "Retrieving coordinates... 2025-04-25 12:52:19.052506"
[1] "Retrieving H3 Indexes for Buildings... 2025-04-25 12:52:19.277488"
[1] "Deleting Footprints... 2025-04-25 12:52:20.034814"
[1] "22 Files Succesfully Downloaded --- 2025-04-25 12:52:20"
[1] "Downloading Footprints for link 23 @ 2025-04-25 12:52:20.037657"
[1] "File Downloaded... unzipping... 2025-04-25 12:52:21.63534"
[1] "Reading in data and making spatial... 2025-04-25 12:52:21.816718"
[1] "Retrieving coordinates... 2025-04-25 12:52:25.233899"
[1] "Retrieving H3 Indexes for Buildings... 2025-04-25 12:52:25.257585"
[1] "Deleting Footprints... 2025-04-25 12:52:25.893037"
[1] "23 Files Succesfully Downloaded --- 2025-04-25 12:52:26"
[1] "Downloading Footprints for link 24 @ 2025-04-25 12:52:25.897902"
[1] "File Downloaded... unzipping... 2025-04-25 12:52:31.384843"
[1] "Reading in data and making spatial... 2025-04-25 12:52:31.727845"
[1] "Retrieving coordinates... 2025-04-25 12:52:36.14621"
[1] "Retrieving H3 Indexes for Buildings... 2025-04-25 12:52:36.170853"
[1] "Deleting Footprints... 2025-04-25 12:52:36.952169"
[1] "24 Files Succesfully Downloaded --- 2025-04-25 12:52:37"
[1] "Downloading Footprints for link 25 @ 2025-04-25 12:52:36.955536"
[1] "File Downloaded... unzipping... 2025-04-25 12:52:38.758135"
[1] "Reading in data and making spatial... 2025-04-25 12:52:39.298997"
[1] "Retrieving coordinates... 2025-04-25 12:52:49.195502"
[1] "Retrieving H3 Indexes for Buildings... 2025-04-25 12:52:49.2511"
[1] "Deleting Footprints... 2025-04-25 12:52:51.136045"
[1] "25 Files Succesfully Downloaded --- 2025-04-25 12:52:51"
[1] "Downloading Footprints for link 26 @ 2025-04-25 12:52:51.139161"
[1] "File Downloaded... unzipping... 2025-04-25 12:52:52.910468"
[1] "Reading in data and making spatial... 2025-04-25 12:52:53.391477"
[1] "Retrieving coordinates... 2025-04-25 12:52:58.355854"
[1] "Retrieving H3 Indexes for Buildings... 2025-04-25 12:52:58.382359"
[1] "Deleting Footprints... 2025-04-25 12:52:58.861843"
[1] "26 Files Succesfully Downloaded --- 2025-04-25 12:52:59"
[1] "Downloading Footprints for link 27 @ 2025-04-25 12:52:58.867004"
[1] "File Downloaded... unzipping... 2025-04-25 12:53:02.435733"
[1] "Reading in data and making spatial... 2025-04-25 12:53:03.33612"
[1] "Retrieving coordinates... 2025-04-25 12:53:24.563217"
[1] "Retrieving H3 Indexes for Buildings... 2025-04-25 12:53:24.676933"
[1] "Deleting Footprints... 2025-04-25 12:53:27.031949"
[1] "27 Files Succesfully Downloaded --- 2025-04-25 12:53:27"
[1] "Downloading Footprints for link 28 @ 2025-04-25 12:53:27.036378"
[1] "File Downloaded... unzipping... 2025-04-25 12:53:28.283382"
[1] "Reading in data and making spatial... 2025-04-25 12:53:28.489707"
[1] "Retrieving coordinates... 2025-04-25 12:53:30.891445"
[1] "Retrieving H3 Indexes for Buildings... 2025-04-25 12:53:30.903086"
[1] "Deleting Footprints... 2025-04-25 12:53:31.350152"
[1] "28 Files Succesfully Downloaded --- 2025-04-25 12:53:31"
[1] "Downloading Footprints for link 29 @ 2025-04-25 12:53:31.353826"
[1] "File Downloaded... unzipping... 2025-04-25 12:53:36.340505"
[1] "Reading in data and making spatial... 2025-04-25 12:53:36.690314"
[1] "Retrieving coordinates... 2025-04-25 12:53:41.16425"
[1] "Retrieving H3 Indexes for Buildings... 2025-04-25 12:53:41.187834"
[1] "Deleting Footprints... 2025-04-25 12:53:42.635928"
[1] "29 Files Succesfully Downloaded --- 2025-04-25 12:53:43"
[1] "Downloading Footprints for link 30 @ 2025-04-25 12:53:42.63919"
[1] "File Downloaded... unzipping... 2025-04-25 12:53:43.804484"
[1] "Reading in data and making spatial... 2025-04-25 12:53:44.209713"
[1] "Retrieving coordinates... 2025-04-25 12:53:46.981494"
[1] "Retrieving H3 Indexes for Buildings... 2025-04-25 12:53:46.999063"
[1] "Deleting Footprints... 2025-04-25 12:53:47.742695"
[1] "30 Files Succesfully Downloaded --- 2025-04-25 12:53:48"
[1] "Downloading Footprints for link 31 @ 2025-04-25 12:53:47.745995"
[1] "File Downloaded... unzipping... 2025-04-25 12:53:49.600716"
[1] "Reading in data and making spatial... 2025-04-25 12:53:50.719264"
[1] "Retrieving coordinates... 2025-04-25 12:54:02.151797"
[1] "Retrieving H3 Indexes for Buildings... 2025-04-25 12:54:02.223513"
[1] "Deleting Footprints... 2025-04-25 12:54:03.175812"
[1] "31 Files Succesfully Downloaded --- 2025-04-25 12:54:03"
[1] "Downloading Footprints for link 32 @ 2025-04-25 12:54:03.182387"
[1] "File Downloaded... unzipping... 2025-04-25 12:54:04.750211"
[1] "Reading in data and making spatial... 2025-04-25 12:54:05.158211"
[1] "Retrieving coordinates... 2025-04-25 12:54:12.938692"
[1] "Retrieving H3 Indexes for Buildings... 2025-04-25 12:54:12.972752"
[1] "Deleting Footprints... 2025-04-25 12:54:14.536545"
[1] "32 Files Succesfully Downloaded --- 2025-04-25 12:54:15"
[1] "Downloading Footprints for link 33 @ 2025-04-25 12:54:14.540814"
[1] "File Downloaded... unzipping... 2025-04-25 12:54:15.79535"
[1] "Reading in data and making spatial... 2025-04-25 12:54:15.917577"
[1] "Retrieving coordinates... 2025-04-25 12:54:17.58303"
[1] "Retrieving H3 Indexes for Buildings... 2025-04-25 12:54:17.59573"
[1] "Deleting Footprints... 2025-04-25 12:54:18.381716"
[1] "33 Files Succesfully Downloaded --- 2025-04-25 12:54:18"
[1] "Downloading Footprints for link 34 @ 2025-04-25 12:54:18.384676"
[1] "File Downloaded... unzipping... 2025-04-25 12:54:19.92587"
[1] "Reading in data and making spatial... 2025-04-25 12:54:20.211802"
[1] "Retrieving coordinates... 2025-04-25 12:54:22.865144"
[1] "Retrieving H3 Indexes for Buildings... 2025-04-25 12:54:22.881005"
[1] "Deleting Footprints... 2025-04-25 12:54:23.410916"
[1] "34 Files Succesfully Downloaded --- 2025-04-25 12:54:23"
[1] "Downloading Footprints for link 35 @ 2025-04-25 12:54:23.418358"
[1] "File Downloaded... unzipping... 2025-04-25 12:54:25.494342"
[1] "Reading in data and making spatial... 2025-04-25 12:54:25.886777"
[1] "Retrieving coordinates... 2025-04-25 12:54:34.722374"
[1] "Retrieving H3 Indexes for Buildings... 2025-04-25 12:54:34.771518"
[1] "Deleting Footprints... 2025-04-25 12:54:35.606985"
[1] "35 Files Succesfully Downloaded --- 2025-04-25 12:54:36"
[1] "Downloading Footprints for link 36 @ 2025-04-25 12:54:35.611183"
[1] "File Downloaded... unzipping... 2025-04-25 12:54:36.986921"
[1] "Reading in data and making spatial... 2025-04-25 12:54:37.559072"
[1] "Retrieving coordinates... 2025-04-25 12:54:43.136183"
[1] "Retrieving H3 Indexes for Buildings... 2025-04-25 12:54:43.161824"
[1] "Deleting Footprints... 2025-04-25 12:54:43.521995"
[1] "36 Files Succesfully Downloaded --- 2025-04-25 12:54:44"
[1] "Downloading Footprints for link 37 @ 2025-04-25 12:54:43.526592"
[1] "File Downloaded... unzipping... 2025-04-25 12:54:44.684646"
[1] "Reading in data and making spatial... 2025-04-25 12:54:44.96518"
[1] "Retrieving coordinates... 2025-04-25 12:54:46.765846"
[1] "Retrieving H3 Indexes for Buildings... 2025-04-25 12:54:46.777992"
[1] "Deleting Footprints... 2025-04-25 12:54:47.942834"
[1] "37 Files Succesfully Downloaded --- 2025-04-25 12:54:48"
[1] "Downloading Footprints for link 38 @ 2025-04-25 12:54:47.947123"
[1] "File Downloaded... unzipping... 2025-04-25 12:54:49.116743"
[1] "Reading in data and making spatial... 2025-04-25 12:54:49.574317"
[1] "Retrieving coordinates... 2025-04-25 12:54:52.199841"
[1] "Retrieving H3 Indexes for Buildings... 2025-04-25 12:54:52.21596"
[1] "Deleting Footprints... 2025-04-25 12:54:52.915981"
[1] "38 Files Succesfully Downloaded --- 2025-04-25 12:54:53"
[1] "Downloading Footprints for link 39 @ 2025-04-25 12:54:52.919574"
[1] "File Downloaded... unzipping... 2025-04-25 12:55:04.752909"
[1] "Reading in data and making spatial... 2025-04-25 12:55:04.87045"
[1] "Retrieving coordinates... 2025-04-25 12:55:06.6629"
[1] "Retrieving H3 Indexes for Buildings... 2025-04-25 12:55:06.674577"
[1] "Deleting Footprints... 2025-04-25 12:55:07.747131"
[1] "39 Files Succesfully Downloaded --- 2025-04-25 12:55:08"
[1] "Downloading Footprints for link 40 @ 2025-04-25 12:55:07.750091"
[1] "File Downloaded... unzipping... 2025-04-25 12:55:09.334969"
[1] "Reading in data and making spatial... 2025-04-25 12:55:09.734106"
[1] "Retrieving coordinates... 2025-04-25 12:55:17.726585"
[1] "Retrieving H3 Indexes for Buildings... 2025-04-25 12:55:17.786667"
[1] "Deleting Footprints... 2025-04-25 12:55:20.065461"
[1] "40 Files Succesfully Downloaded --- 2025-04-25 12:55:20"
[1] "Downloading Footprints for link 41 @ 2025-04-25 12:55:20.069612"
[1] "File Downloaded... unzipping... 2025-04-25 12:55:21.207326"
[1] "Reading in data and making spatial... 2025-04-25 12:55:21.853942"
[1] "Retrieving coordinates... 2025-04-25 12:55:23.285424"
[1] "Retrieving H3 Indexes for Buildings... 2025-04-25 12:55:23.296112"
[1] "Deleting Footprints... 2025-04-25 12:55:24.175115"
[1] "41 Files Succesfully Downloaded --- 2025-04-25 12:55:24"
[1] "Downloading Footprints for link 42 @ 2025-04-25 12:55:24.179169"
[1] "File Downloaded... unzipping... 2025-04-25 12:55:25.678787"
[1] "Reading in data and making spatial... 2025-04-25 12:55:25.9955"
[1] "Retrieving coordinates... 2025-04-25 12:55:33.11317"
[1] "Retrieving H3 Indexes for Buildings... 2025-04-25 12:55:33.153741"
[1] "Deleting Footprints... 2025-04-25 12:55:33.654842"
[1] "42 Files Succesfully Downloaded --- 2025-04-25 12:55:34"
[1] "Downloading Footprints for link 43 @ 2025-04-25 12:55:33.658135"
[1] "File Downloaded... unzipping... 2025-04-25 12:55:35.004797"
[1] "Reading in data and making spatial... 2025-04-25 12:55:35.28335"
[1] "Retrieving coordinates... 2025-04-25 12:55:40.285968"
[1] "Retrieving H3 Indexes for Buildings... 2025-04-25 12:55:40.316725"
[1] "Deleting Footprints... 2025-04-25 12:55:42.271019"
[1] "43 Files Succesfully Downloaded --- 2025-04-25 12:55:42"
[1] "Downloading Footprints for link 44 @ 2025-04-25 12:55:42.274835"
[1] "File Downloaded... unzipping... 2025-04-25 12:55:43.490037"
[1] "Reading in data and making spatial... 2025-04-25 12:55:43.606072"
[1] "Retrieving coordinates... 2025-04-25 12:55:45.229824"
[1] "Retrieving H3 Indexes for Buildings... 2025-04-25 12:55:45.241336"
[1] "Deleting Footprints... 2025-04-25 12:55:45.99416"
[1] "44 Files Succesfully Downloaded --- 2025-04-25 12:55:46"
[1] "SCRIPT COMPLETE @ 2025-04-25 12:55:50"
