[1] "Starting at: 2025-04-25 12:49:00"
[1] "Loading Links at: 2025-04-25 12:49:11"
[1] "quadkeys to download: 65"
[1] "Downloading and Joining footprints to Hex @ 2025-04-25 12:49:11"
[1] "Downloading Footprints for link 1 @ 2025-04-25 12:49:11.213962"
[1] "File Downloaded... unzipping... 2025-04-25 12:49:12.438478"
[1] "Reading in data and making spatial... 2025-04-25 12:49:12.64092"
[1] "Retrieving coordinates... 2025-04-25 12:49:17.517844"
[1] "Retrieving H3 Indexes for Buildings... 2025-04-25 12:49:17.543582"
[1] "Deleting Footprints... 2025-04-25 12:49:17.672845"
[1] "1 Files Succesfully Downloaded --- 2025-04-25 12:49:18"
[1] "Downloading Footprints for link 2 @ 2025-04-25 12:49:17.677731"
[1] "File Downloaded... unzipping... 2025-04-25 12:49:18.898793"
[1] "Reading in data and making spatial... 2025-04-25 12:49:19.463844"
[1] "Retrieving coordinates... 2025-04-25 12:49:22.556205"
[1] "Retrieving H3 Indexes for Buildings... 2025-04-25 12:49:22.574173"
[1] "Deleting Footprints... 2025-04-25 12:49:22.688494"
[1] "2 Files Succesfully Downloaded --- 2025-04-25 12:49:23"
[1] "Downloading Footprints for link 3 @ 2025-04-25 12:49:22.692583"
[1] "File Downloaded... unzipping... 2025-04-25 12:49:23.350129"
[1] "Reading in data and making spatial... 2025-04-25 12:49:23.387812"
[1] "Retrieving coordinates... 2025-04-25 12:49:23.539855"
[1] "Retrieving H3 Indexes for Buildings... 2025-04-25 12:49:23.541053"
[1] "Deleting Footprints... 2025-04-25 12:49:23.734226"
[1] "3 Files Succesfully Downloaded --- 2025-04-25 12:49:24"
[1] "Downloading Footprints for link 4 @ 2025-04-25 12:49:23.736568"
[1] "File Downloaded... unzipping... 2025-04-25 12:49:24.556835"
[1] "Reading in data and making spatial... 2025-04-25 12:49:24.596644"
[1] "Retrieving coordinates... 2025-04-25 12:49:24.863402"
[1] "Retrieving H3 Indexes for Buildings... 2025-04-25 12:49:24.865193"
[1] "Deleting Footprints... 2025-04-25 12:49:24.885901"
[1] "4 Files Succesfully Downloaded --- 2025-04-25 12:49:25"
[1] "Downloading Footprints for link 5 @ 2025-04-25 12:49:24.888444"
[1] "File Downloaded... unzipping... 2025-04-25 12:49:25.539728"
[1] "Reading in data and making spatial... 2025-04-25 12:49:25.573929"
[1] "Retrieving coordinates... 2025-04-25 12:49:25.726685"
[1] "Retrieving H3 Indexes for Buildings... 2025-04-25 12:49:25.727847"
[1] "Deleting Footprints... 2025-04-25 12:49:25.742925"
[1] "5 Files Succesfully Downloaded --- 2025-04-25 12:49:26"
[1] "Downloading Footprints for link 6 @ 2025-04-25 12:49:25.744911"
[1] "File Downloaded... unzipping... 2025-04-25 12:49:26.512079"
[1] "Reading in data and making spatial... 2025-04-25 12:49:26.736037"
[1] "Retrieving coordinates... 2025-04-25 12:49:27.173913"
[1] "Retrieving H3 Indexes for Buildings... 2025-04-25 12:49:27.176023"
[1] "Deleting Footprints... 2025-04-25 12:49:27.196259"
[1] "6 Files Succesfully Downloaded --- 2025-04-25 12:49:27"
[1] "Downloading Footprints for link 7 @ 2025-04-25 12:49:27.197697"
[1] "File Downloaded... unzipping... 2025-04-25 12:49:28.015603"
[1] "Reading in data and making spatial... 2025-04-25 12:49:28.065931"
[1] "Retrieving coordinates... 2025-04-25 12:49:28.409693"
[1] "Retrieving H3 Indexes for Buildings... 2025-04-25 12:49:28.411897"
[1] "Deleting Footprints... 2025-04-25 12:49:28.434613"
[1] "7 Files Succesfully Downloaded --- 2025-04-25 12:49:28"
[1] "Downloading Footprints for link 8 @ 2025-04-25 12:49:28.436894"
[1] "File Downloaded... unzipping... 2025-04-25 12:49:29.139021"
[1] "Reading in data and making spatial... 2025-04-25 12:49:29.817409"
[1] "Retrieving coordinates... 2025-04-25 12:49:30.111631"
[1] "Retrieving H3 Indexes for Buildings... 2025-04-25 12:49:30.113391"
[1] "Deleting Footprints... 2025-04-25 12:49:30.132614"
[1] "8 Files Succesfully Downloaded --- 2025-04-25 12:49:30"
[1] "Downloading Footprints for link 9 @ 2025-04-25 12:49:30.133982"
[1] "File Downloaded... unzipping... 2025-04-25 12:49:30.873024"
[1] "Reading in data and making spatial... 2025-04-25 12:49:30.913421"
[1] "Retrieving coordinates... 2025-04-25 12:49:31.123306"
[1] "Retrieving H3 Indexes for Buildings... 2025-04-25 12:49:31.124862"
[1] "Deleting Footprints... 2025-04-25 12:49:31.142797"
[1] "9 Files Succesfully Downloaded --- 2025-04-25 12:49:31"
[1] "Downloading Footprints for link 10 @ 2025-04-25 12:49:31.143646"
[1] "File Downloaded... unzipping... 2025-04-25 12:49:31.937322"
[1] "Reading in data and making spatial... 2025-04-25 12:49:31.975019"
[1] "Retrieving coordinates... 2025-04-25 12:49:32.168423"
[1] "Retrieving H3 Indexes for Buildings... 2025-04-25 12:49:32.169945"
[1] "Deleting Footprints... 2025-04-25 12:49:32.187667"
[1] "10 Files Succesfully Downloaded --- 2025-04-25 12:49:32"
[1] "Downloading Footprints for link 11 @ 2025-04-25 12:49:32.189843"
[1] "File Downloaded... unzipping... 2025-04-25 12:49:33.046815"
[1] "Reading in data and making spatial... 2025-04-25 12:49:33.224925"
[1] "Retrieving coordinates... 2025-04-25 12:49:33.62535"
[1] "Retrieving H3 Indexes for Buildings... 2025-04-25 12:49:33.627994"
[1] "Deleting Footprints... 2025-04-25 12:49:33.652989"
[1] "11 Files Succesfully Downloaded --- 2025-04-25 12:49:34"
[1] "Downloading Footprints for link 12 @ 2025-04-25 12:49:33.657151"
[1] "File Downloaded... unzipping... 2025-04-25 12:49:34.648707"
[1] "Reading in data and making spatial... 2025-04-25 12:49:34.772695"
[1] "Retrieving coordinates... 2025-04-25 12:49:35.840161"
[1] "Retrieving H3 Indexes for Buildings... 2025-04-25 12:49:35.84441"
[1] "Deleting Footprints... 2025-04-25 12:49:35.880813"
[1] "12 Files Succesfully Downloaded --- 2025-04-25 12:49:36"
[1] "Downloading Footprints for link 13 @ 2025-04-25 12:49:35.884059"
[1] "File Downloaded... unzipping... 2025-04-25 12:49:39.060566"
[1] "Reading in data and making spatial... 2025-04-25 12:49:39.15244"
[1] "Retrieving coordinates... 2025-04-25 12:49:40.235364"
[1] "Retrieving H3 Indexes for Buildings... 2025-04-25 12:49:40.23946"
[1] "Deleting Footprints... 2025-04-25 12:49:40.273329"
[1] "13 Files Succesfully Downloaded --- 2025-04-25 12:49:40"
[1] "Downloading Footprints for link 14 @ 2025-04-25 12:49:40.276033"
[1] "File Downloaded... unzipping... 2025-04-25 12:49:40.951134"
[1] "Reading in data and making spatial... 2025-04-25 12:49:40.988068"
[1] "Retrieving coordinates... 2025-04-25 12:49:41.189256"
[1] "Retrieving H3 Indexes for Buildings... 2025-04-25 12:49:41.190958"
[1] "Deleting Footprints... 2025-04-25 12:49:41.212795"
[1] "14 Files Succesfully Downloaded --- 2025-04-25 12:49:41"
[1] "Downloading Footprints for link 15 @ 2025-04-25 12:49:41.215889"
[1] "File Downloaded... unzipping... 2025-04-25 12:49:42.162703"
[1] "Reading in data and making spatial... 2025-04-25 12:49:42.22697"
[1] "Retrieving coordinates... 2025-04-25 12:49:42.746094"
[1] "Retrieving H3 Indexes for Buildings... 2025-04-25 12:49:42.749764"
[1] "Deleting Footprints... 2025-04-25 12:49:42.783493"
[1] "15 Files Succesfully Downloaded --- 2025-04-25 12:49:43"
[1] "Downloading Footprints for link 16 @ 2025-04-25 12:49:42.786918"
[1] "File Downloaded... unzipping... 2025-04-25 12:49:44.048818"
[1] "Reading in data and making spatial... 2025-04-25 12:49:44.17767"
[1] "Retrieving coordinates... 2025-04-25 12:49:46.210256"
[1] "Retrieving H3 Indexes for Buildings... 2025-04-25 12:49:46.222749"
[1] "Deleting Footprints... 2025-04-25 12:49:46.311991"
[1] "16 Files Succesfully Downloaded --- 2025-04-25 12:49:46"
[1] "Downloading Footprints for link 17 @ 2025-04-25 12:49:46.314783"
[1] "File Downloaded... unzipping... 2025-04-25 12:49:47.996179"
[1] "Reading in data and making spatial... 2025-04-25 12:49:48.168654"
[1] "Retrieving coordinates... 2025-04-25 12:49:48.915905"
[1] "Retrieving H3 Indexes for Buildings... 2025-04-25 12:49:48.918892"
[1] "Deleting Footprints... 2025-04-25 12:49:48.953186"
[1] "17 Files Succesfully Downloaded --- 2025-04-25 12:49:49"
[1] "Downloading Footprints for link 18 @ 2025-04-25 12:49:48.955711"
[1] "File Downloaded... unzipping... 2025-04-25 12:49:50.178216"
[1] "Reading in data and making spatial... 2025-04-25 12:49:50.342064"
[1] "Retrieving coordinates... 2025-04-25 12:49:54.408921"
[1] "Retrieving H3 Indexes for Buildings... 2025-04-25 12:49:54.42851"
[1] "Deleting Footprints... 2025-04-25 12:49:54.567829"
[1] "18 Files Succesfully Downloaded --- 2025-04-25 12:49:55"
[1] "Downloading Footprints for link 19 @ 2025-04-25 12:49:54.57058"
[1] "File Downloaded... unzipping... 2025-04-25 12:49:56.418029"
[1] "Reading in data and making spatial... 2025-04-25 12:49:56.855804"
[1] "Retrieving coordinates... 2025-04-25 12:50:06.376704"
[1] "Retrieving H3 Indexes for Buildings... 2025-04-25 12:50:06.432217"
[1] "Deleting Footprints... 2025-04-25 12:50:07.352893"
[1] "19 Files Succesfully Downloaded --- 2025-04-25 12:50:07"
[1] "Downloading Footprints for link 20 @ 2025-04-25 12:50:07.354963"
[1] "File Downloaded... unzipping... 2025-04-25 12:50:08.424788"
[1] "Reading in data and making spatial... 2025-04-25 12:50:08.644183"
[1] "Retrieving coordinates... 2025-04-25 12:50:10.819001"
[1] "Retrieving H3 Indexes for Buildings... 2025-04-25 12:50:10.829087"
[1] "Deleting Footprints... 2025-04-25 12:50:10.931778"
[1] "20 Files Succesfully Downloaded --- 2025-04-25 12:50:11"
[1] "Downloading Footprints for link 21 @ 2025-04-25 12:50:10.936433"
[1] "File Downloaded... unzipping... 2025-04-25 12:50:12.028651"
[1] "Reading in data and making spatial... 2025-04-25 12:50:12.420236"
[1] "Retrieving coordinates... 2025-04-25 12:50:13.464665"
[1] "Retrieving H3 Indexes for Buildings... 2025-04-25 12:50:13.470046"
[1] "Deleting Footprints... 2025-04-25 12:50:13.547341"
[1] "21 Files Succesfully Downloaded --- 2025-04-25 12:50:14"
[1] "Downloading Footprints for link 22 @ 2025-04-25 12:50:13.550093"
[1] "File Downloaded... unzipping... 2025-04-25 12:50:14.720655"
[1] "Reading in data and making spatial... 2025-04-25 12:50:14.9371"
[1] "Retrieving coordinates... 2025-04-25 12:50:16.807481"
[1] "Retrieving H3 Indexes for Buildings... 2025-04-25 12:50:16.815947"
[1] "Deleting Footprints... 2025-04-25 12:50:16.911247"
[1] "22 Files Succesfully Downloaded --- 2025-04-25 12:50:17"
[1] "Downloading Footprints for link 23 @ 2025-04-25 12:50:16.912309"
[1] "File Downloaded... unzipping... 2025-04-25 12:50:17.337652"
[1] "Reading in data and making spatial... 2025-04-25 12:50:17.37224"
[1] "Retrieving coordinates... 2025-04-25 12:50:17.411581"
[1] "Retrieving H3 Indexes for Buildings... 2025-04-25 12:50:17.412155"
[1] "Deleting Footprints... 2025-04-25 12:50:17.838421"
[1] "23 Files Succesfully Downloaded --- 2025-04-25 12:50:18"
[1] "Downloading Footprints for link 24 @ 2025-04-25 12:50:17.841946"
[1] "File Downloaded... unzipping... 2025-04-25 12:50:18.429218"
[1] "Reading in data and making spatial... 2025-04-25 12:50:18.456344"
[1] "Retrieving coordinates... 2025-04-25 12:50:18.53226"
[1] "Retrieving H3 Indexes for Buildings... 2025-04-25 12:50:18.53315"
[1] "Deleting Footprints... 2025-04-25 12:50:18.575063"
[1] "24 Files Succesfully Downloaded --- 2025-04-25 12:50:19"
[1] "Downloading Footprints for link 25 @ 2025-04-25 12:50:18.57736"
[1] "File Downloaded... unzipping... 2025-04-25 12:50:19.478856"
[1] "Reading in data and making spatial... 2025-04-25 12:50:19.523928"
[1] "Retrieving coordinates... 2025-04-25 12:50:19.799625"
[1] "Retrieving H3 Indexes for Buildings... 2025-04-25 12:50:19.801929"
[1] "Deleting Footprints... 2025-04-25 12:50:19.929641"
[1] "25 Files Succesfully Downloaded --- 2025-04-25 12:50:20"
[1] "Downloading Footprints for link 26 @ 2025-04-25 12:50:19.933246"
[1] "File Downloaded... unzipping... 2025-04-25 12:50:20.839347"
[1] "Reading in data and making spatial... 2025-04-25 12:50:21.497171"
[1] "Retrieving coordinates... 2025-04-25 12:50:21.87689"
[1] "Retrieving H3 Indexes for Buildings... 2025-04-25 12:50:21.87986"
[1] "Deleting Footprints... 2025-04-25 12:50:22.018686"
[1] "26 Files Succesfully Downloaded --- 2025-04-25 12:50:22"
[1] "Downloading Footprints for link 27 @ 2025-04-25 12:50:22.022992"
[1] "File Downloaded... unzipping... 2025-04-25 12:50:22.757508"
[1] "Reading in data and making spatial... 2025-04-25 12:50:23.409808"
[1] "Retrieving coordinates... 2025-04-25 12:50:23.568851"
[1] "Retrieving H3 Indexes for Buildings... 2025-04-25 12:50:23.570276"
[1] "Deleting Footprints... 2025-04-25 12:50:23.617132"
[1] "27 Files Succesfully Downloaded --- 2025-04-25 12:50:24"
[1] "Downloading Footprints for link 28 @ 2025-04-25 12:50:23.618851"
[1] "File Downloaded... unzipping... 2025-04-25 12:50:24.23782"
[1] "Reading in data and making spatial... 2025-04-25 12:50:24.601448"
[1] "Retrieving coordinates... 2025-04-25 12:50:24.696997"
[1] "Retrieving H3 Indexes for Buildings... 2025-04-25 12:50:24.69811"
[1] "Deleting Footprints... 2025-04-25 12:50:24.823739"
[1] "28 Files Succesfully Downloaded --- 2025-04-25 12:50:25"
[1] "Downloading Footprints for link 29 @ 2025-04-25 12:50:24.82703"
[1] "File Downloaded... unzipping... 2025-04-25 12:50:25.665966"
[1] "Reading in data and making spatial... 2025-04-25 12:50:25.706738"
[1] "Retrieving coordinates... 2025-04-25 12:50:25.937739"
[1] "Retrieving H3 Indexes for Buildings... 2025-04-25 12:50:25.939705"
[1] "Deleting Footprints... 2025-04-25 12:50:26.170048"
[1] "29 Files Succesfully Downloaded --- 2025-04-25 12:50:26"
[1] "Downloading Footprints for link 30 @ 2025-04-25 12:50:26.173714"
[1] "File Downloaded... unzipping... 2025-04-25 12:50:26.997912"
[1] "Reading in data and making spatial... 2025-04-25 12:50:27.231213"
[1] "Retrieving coordinates... 2025-04-25 12:50:27.512513"
[1] "Retrieving H3 Indexes for Buildings... 2025-04-25 12:50:27.514727"
[1] "Deleting Footprints... 2025-04-25 12:50:27.647181"
[1] "30 Files Succesfully Downloaded --- 2025-04-25 12:50:28"
[1] "Downloading Footprints for link 31 @ 2025-04-25 12:50:27.650436"
[1] "File Downloaded... unzipping... 2025-04-25 12:50:28.827595"
[1] "Reading in data and making spatial... 2025-04-25 12:50:28.991827"
[1] "Retrieving coordinates... 2025-04-25 12:50:30.335121"
[1] "Retrieving H3 Indexes for Buildings... 2025-04-25 12:50:30.343103"
[1] "Deleting Footprints... 2025-04-25 12:50:30.429764"
[1] "31 Files Succesfully Downloaded --- 2025-04-25 12:50:30"
[1] "Downloading Footprints for link 32 @ 2025-04-25 12:50:30.43152"
[1] "File Downloaded... unzipping... 2025-04-25 12:50:31.281083"
[1] "Reading in data and making spatial... 2025-04-25 12:50:31.751875"
[1] "Retrieving coordinates... 2025-04-25 12:50:32.218449"
[1] "Retrieving H3 Indexes for Buildings... 2025-04-25 12:50:32.220954"
[1] "Deleting Footprints... 2025-04-25 12:50:32.278845"
[1] "32 Files Succesfully Downloaded --- 2025-04-25 12:50:32"
[1] "Downloading Footprints for link 33 @ 2025-04-25 12:50:32.280775"
[1] "File Downloaded... unzipping... 2025-04-25 12:50:33.382784"
[1] "Reading in data and making spatial... 2025-04-25 12:50:33.847684"
[1] "Retrieving coordinates... 2025-04-25 12:50:35.26974"
[1] "Retrieving H3 Indexes for Buildings... 2025-04-25 12:50:35.277716"
[1] "Deleting Footprints... 2025-04-25 12:50:35.484534"
[1] "33 Files Succesfully Downloaded --- 2025-04-25 12:50:35"
[1] "Downloading Footprints for link 34 @ 2025-04-25 12:50:35.487987"
[1] "File Downloaded... unzipping... 2025-04-25 12:50:36.406987"
[1] "Reading in data and making spatial... 2025-04-25 12:50:36.698469"
[1] "Retrieving coordinates... 2025-04-25 12:50:37.284851"
[1] "Retrieving H3 Indexes for Buildings... 2025-04-25 12:50:37.288748"
[1] "Deleting Footprints... 2025-04-25 12:50:37.358375"
[1] "34 Files Succesfully Downloaded --- 2025-04-25 12:50:37"
[1] "Downloading Footprints for link 35 @ 2025-04-25 12:50:37.361792"
[1] "File Downloaded... unzipping... 2025-04-25 12:50:38.296151"
[1] "Reading in data and making spatial... 2025-04-25 12:50:38.80624"
[1] "Retrieving coordinates... 2025-04-25 12:50:39.670901"
[1] "Retrieving H3 Indexes for Buildings... 2025-04-25 12:50:39.778901"
[1] "Deleting Footprints... 2025-04-25 12:50:40.29793"
[1] "35 Files Succesfully Downloaded --- 2025-04-25 12:50:40"
[1] "Downloading Footprints for link 36 @ 2025-04-25 12:50:40.304358"
[1] "File Downloaded... unzipping... 2025-04-25 12:50:41.207995"
[1] "Reading in data and making spatial... 2025-04-25 12:50:41.322964"
[1] "Retrieving coordinates... 2025-04-25 12:50:41.747569"
[1] "Retrieving H3 Indexes for Buildings... 2025-04-25 12:50:41.751104"
[1] "Deleting Footprints... 2025-04-25 12:50:41.821172"
[1] "36 Files Succesfully Downloaded --- 2025-04-25 12:50:42"
[1] "Downloading Footprints for link 37 @ 2025-04-25 12:50:41.823463"
[1] "File Downloaded... unzipping... 2025-04-25 12:50:42.81887"
[1] "Reading in data and making spatial... 2025-04-25 12:50:43.685968"
[1] "Retrieving coordinates... 2025-04-25 12:50:44.358483"
[1] "Retrieving H3 Indexes for Buildings... 2025-04-25 12:50:44.362678"
[1] "Deleting Footprints... 2025-04-25 12:50:44.445173"
[1] "37 Files Succesfully Downloaded --- 2025-04-25 12:50:44"
[1] "Downloading Footprints for link 38 @ 2025-04-25 12:50:44.449213"
[1] "File Downloaded... unzipping... 2025-04-25 12:50:45.328989"
[1] "Reading in data and making spatial... 2025-04-25 12:50:45.965642"
[1] "Retrieving coordinates... 2025-04-25 12:50:46.393617"
[1] "Retrieving H3 Indexes for Buildings... 2025-04-25 12:50:46.396076"
[1] "Deleting Footprints... 2025-04-25 12:50:46.84602"
[1] "38 Files Succesfully Downloaded --- 2025-04-25 12:50:47"
[1] "Downloading Footprints for link 39 @ 2025-04-25 12:50:46.848083"
[1] "File Downloaded... unzipping... 2025-04-25 12:50:48.52247"
[1] "Reading in data and making spatial... 2025-04-25 12:50:48.652589"
[1] "Retrieving coordinates... 2025-04-25 12:50:51.079933"
[1] "Retrieving H3 Indexes for Buildings... 2025-04-25 12:50:51.094049"
[1] "Deleting Footprints... 2025-04-25 12:50:51.330315"
[1] "39 Files Succesfully Downloaded --- 2025-04-25 12:50:51"
[1] "Downloading Footprints for link 40 @ 2025-04-25 12:50:51.332921"
[1] "File Downloaded... unzipping... 2025-04-25 12:50:52.586468"
[1] "Reading in data and making spatial... 2025-04-25 12:50:53.05056"
[1] "Retrieving coordinates... 2025-04-25 12:50:55.15456"
[1] "Retrieving H3 Indexes for Buildings... 2025-04-25 12:50:55.164424"
[1] "Deleting Footprints... 2025-04-25 12:50:55.278337"
[1] "40 Files Succesfully Downloaded --- 2025-04-25 12:50:55"
[1] "Downloading Footprints for link 41 @ 2025-04-25 12:50:55.280798"
[1] "File Downloaded... unzipping... 2025-04-25 12:50:56.380212"
[1] "Reading in data and making spatial... 2025-04-25 12:50:56.56969"
[1] "Retrieving coordinates... 2025-04-25 12:50:58.780448"
[1] "Retrieving H3 Indexes for Buildings... 2025-04-25 12:50:58.788007"
[1] "Deleting Footprints... 2025-04-25 12:50:58.892488"
[1] "41 Files Succesfully Downloaded --- 2025-04-25 12:50:59"
[1] "Downloading Footprints for link 42 @ 2025-04-25 12:50:58.895406"
[1] "File Downloaded... unzipping... 2025-04-25 12:51:00.211535"
[1] "Reading in data and making spatial... 2025-04-25 12:51:00.422475"
[1] "Retrieving coordinates... 2025-04-25 12:51:02.469048"
[1] "Retrieving H3 Indexes for Buildings... 2025-04-25 12:51:02.47706"
[1] "Deleting Footprints... 2025-04-25 12:51:02.584265"
[1] "42 Files Succesfully Downloaded --- 2025-04-25 12:51:03"
[1] "Downloading Footprints for link 43 @ 2025-04-25 12:51:02.586068"
[1] "File Downloaded... unzipping... 2025-04-25 12:51:03.849203"
[1] "Reading in data and making spatial... 2025-04-25 12:51:03.9627"
[1] "Retrieving coordinates... 2025-04-25 12:51:05.908092"
[1] "Retrieving H3 Indexes for Buildings... 2025-04-25 12:51:05.916506"
[1] "Deleting Footprints... 2025-04-25 12:51:06.120466"
[1] "43 Files Succesfully Downloaded --- 2025-04-25 12:51:06"
[1] "Downloading Footprints for link 44 @ 2025-04-25 12:51:06.123218"
[1] "File Downloaded... unzipping... 2025-04-25 12:51:07.236367"
[1] "Reading in data and making spatial... 2025-04-25 12:51:07.727661"
[1] "Retrieving coordinates... 2025-04-25 12:51:09.305007"
[1] "Retrieving H3 Indexes for Buildings... 2025-04-25 12:51:09.31111"
[1] "Deleting Footprints... 2025-04-25 12:51:09.687793"
[1] "44 Files Succesfully Downloaded --- 2025-04-25 12:51:10"
[1] "Downloading Footprints for link 45 @ 2025-04-25 12:51:09.694401"
[1] "File Downloaded... unzipping... 2025-04-25 12:51:11.4725"
[1] "Reading in data and making spatial... 2025-04-25 12:51:12.320997"
[1] "Retrieving coordinates... 2025-04-25 12:51:22.752427"
[1] "Retrieving H3 Indexes for Buildings... 2025-04-25 12:51:22.800831"
[1] "Deleting Footprints... 2025-04-25 12:51:23.564555"
[1] "45 Files Succesfully Downloaded --- 2025-04-25 12:51:24"
[1] "Downloading Footprints for link 46 @ 2025-04-25 12:51:23.567609"
[1] "File Downloaded... unzipping... 2025-04-25 12:51:25.253694"
[1] "Reading in data and making spatial... 2025-04-25 12:51:26.517607"
[1] "Retrieving coordinates... 2025-04-25 12:51:36.987629"
[1] "Retrieving H3 Indexes for Buildings... 2025-04-25 12:51:37.038387"
[1] "Deleting Footprints... 2025-04-25 12:51:37.598273"
[1] "46 Files Succesfully Downloaded --- 2025-04-25 12:51:38"
[1] "Downloading Footprints for link 47 @ 2025-04-25 12:51:37.601207"
[1] "File Downloaded... unzipping... 2025-04-25 12:51:38.704824"
[1] "Reading in data and making spatial... 2025-04-25 12:51:38.866351"
[1] "Retrieving coordinates... 2025-04-25 12:51:41.058619"
[1] "Retrieving H3 Indexes for Buildings... 2025-04-25 12:51:41.065329"
[1] "Deleting Footprints... 2025-04-25 12:51:41.182207"
[1] "47 Files Succesfully Downloaded --- 2025-04-25 12:51:41"
[1] "Downloading Footprints for link 48 @ 2025-04-25 12:51:41.187255"
[1] "File Downloaded... unzipping... 2025-04-25 12:51:42.33565"
[1] "Reading in data and making spatial... 2025-04-25 12:51:42.577477"
[1] "Retrieving coordinates... 2025-04-25 12:51:44.770193"
[1] "Retrieving H3 Indexes for Buildings... 2025-04-25 12:51:44.78348"
[1] "Deleting Footprints... 2025-04-25 12:51:45.323495"
[1] "48 Files Succesfully Downloaded --- 2025-04-25 12:51:45"
[1] "Downloading Footprints for link 49 @ 2025-04-25 12:51:45.326373"
[1] "File Downloaded... unzipping... 2025-04-25 12:51:46.505591"
[1] "Reading in data and making spatial... 2025-04-25 12:51:46.976244"
[1] "Retrieving coordinates... 2025-04-25 12:51:48.009803"
[1] "Retrieving H3 Indexes for Buildings... 2025-04-25 12:51:48.017507"
[1] "Deleting Footprints... 2025-04-25 12:51:48.159962"
[1] "49 Files Succesfully Downloaded --- 2025-04-25 12:51:48"
[1] "Downloading Footprints for link 50 @ 2025-04-25 12:51:48.16297"
[1] "File Downloaded... unzipping... 2025-04-25 12:51:49.321222"
[1] "Reading in data and making spatial... 2025-04-25 12:51:49.560711"
[1] "Retrieving coordinates... 2025-04-25 12:51:51.082141"
[1] "Retrieving H3 Indexes for Buildings... 2025-04-25 12:51:51.092664"
[1] "Deleting Footprints... 2025-04-25 12:51:51.637773"
[1] "50 Files Succesfully Downloaded --- 2025-04-25 12:51:52"
[1] "Downloading Footprints for link 51 @ 2025-04-25 12:51:51.642223"
[1] "File Downloaded... unzipping... 2025-04-25 12:51:55.262496"
[1] "Reading in data and making spatial... 2025-04-25 12:51:55.381123"
[1] "Retrieving coordinates... 2025-04-25 12:51:57.034401"
[1] "Retrieving H3 Indexes for Buildings... 2025-04-25 12:51:57.043895"
[1] "Deleting Footprints... 2025-04-25 12:51:57.378426"
[1] "51 Files Succesfully Downloaded --- 2025-04-25 12:51:57"
[1] "Downloading Footprints for link 52 @ 2025-04-25 12:51:57.383692"
[1] "File Downloaded... unzipping... 2025-04-25 12:51:58.344688"
[1] "Reading in data and making spatial... 2025-04-25 12:51:58.456686"
[1] "Retrieving coordinates... 2025-04-25 12:51:59.405446"
[1] "Retrieving H3 Indexes for Buildings... 2025-04-25 12:51:59.411052"
[1] "Deleting Footprints... 2025-04-25 12:51:59.834152"
[1] "52 Files Succesfully Downloaded --- 2025-04-25 12:52:00"
[1] "Downloading Footprints for link 53 @ 2025-04-25 12:51:59.83806"
[1] "File Downloaded... unzipping... 2025-04-25 12:52:00.845156"
[1] "Reading in data and making spatial... 2025-04-25 12:52:01.172817"
[1] "Retrieving coordinates... 2025-04-25 12:52:01.722161"
[1] "Retrieving H3 Indexes for Buildings... 2025-04-25 12:52:01.726561"
[1] "Deleting Footprints... 2025-04-25 12:52:01.845264"
[1] "53 Files Succesfully Downloaded --- 2025-04-25 12:52:02"
[1] "Downloading Footprints for link 54 @ 2025-04-25 12:52:01.849066"
[1] "File Downloaded... unzipping... 2025-04-25 12:52:02.768488"
[1] "Reading in data and making spatial... 2025-04-25 12:52:02.850685"
[1] "Retrieving coordinates... 2025-04-25 12:52:03.44542"
[1] "Retrieving H3 Indexes for Buildings... 2025-04-25 12:52:03.448813"
[1] "Deleting Footprints... 2025-04-25 12:52:03.674468"
[1] "54 Files Succesfully Downloaded --- 2025-04-25 12:52:04"
[1] "Downloading Footprints for link 55 @ 2025-04-25 12:52:03.678066"
[1] "File Downloaded... unzipping... 2025-04-25 12:52:04.786744"
[1] "Reading in data and making spatial... 2025-04-25 12:52:05.120982"
[1] "Retrieving coordinates... 2025-04-25 12:52:06.308292"
[1] "Retrieving H3 Indexes for Buildings... 2025-04-25 12:52:06.315399"
[1] "Deleting Footprints... 2025-04-25 12:52:06.912909"
[1] "55 Files Succesfully Downloaded --- 2025-04-25 12:52:07"
[1] "Downloading Footprints for link 56 @ 2025-04-25 12:52:06.915797"
[1] "File Downloaded... unzipping... 2025-04-25 12:52:08.875798"
[1] "Reading in data and making spatial... 2025-04-25 12:52:09.083865"
[1] "Retrieving coordinates... 2025-04-25 12:52:13.609298"
[1] "Retrieving H3 Indexes for Buildings... 2025-04-25 12:52:13.632484"
[1] "Deleting Footprints... 2025-04-25 12:52:14.024167"
[1] "56 Files Succesfully Downloaded --- 2025-04-25 12:52:14"
[1] "Downloading Footprints for link 57 @ 2025-04-25 12:52:14.026854"
[1] "File Downloaded... unzipping... 2025-04-25 12:52:15.773323"
[1] "Reading in data and making spatial... 2025-04-25 12:52:16.508675"
[1] "Retrieving coordinates... 2025-04-25 12:52:26.402445"
[1] "Retrieving H3 Indexes for Buildings... 2025-04-25 12:52:26.451685"
[1] "Deleting Footprints... 2025-04-25 12:52:27.037899"
[1] "57 Files Succesfully Downloaded --- 2025-04-25 12:52:27"
[1] "Downloading Footprints for link 58 @ 2025-04-25 12:52:27.040983"
[1] "File Downloaded... unzipping... 2025-04-25 12:52:28.280641"
[1] "Reading in data and making spatial... 2025-04-25 12:52:28.971645"
[1] "Retrieving coordinates... 2025-04-25 12:52:30.932399"
[1] "Retrieving H3 Indexes for Buildings... 2025-04-25 12:52:30.942623"
[1] "Deleting Footprints... 2025-04-25 12:52:31.813305"
[1] "58 Files Succesfully Downloaded --- 2025-04-25 12:52:32"
[1] "Downloading Footprints for link 59 @ 2025-04-25 12:52:31.815664"
[1] "File Downloaded... unzipping... 2025-04-25 12:52:33.129627"
[1] "Reading in data and making spatial... 2025-04-25 12:52:33.88225"
[1] "Retrieving coordinates... 2025-04-25 12:52:36.526453"
[1] "Retrieving H3 Indexes for Buildings... 2025-04-25 12:52:36.543198"
[1] "Deleting Footprints... 2025-04-25 12:52:37.33251"
[1] "59 Files Succesfully Downloaded --- 2025-04-25 12:52:37"
[1] "Downloading Footprints for link 60 @ 2025-04-25 12:52:37.334659"
[1] "File Downloaded... unzipping... 2025-04-25 12:52:38.349974"
[1] "Reading in data and making spatial... 2025-04-25 12:52:38.745983"
[1] "Retrieving coordinates... 2025-04-25 12:52:39.803008"
[1] "Retrieving H3 Indexes for Buildings... 2025-04-25 12:52:39.810922"
[1] "Deleting Footprints... 2025-04-25 12:52:39.97292"
[1] "60 Files Succesfully Downloaded --- 2025-04-25 12:52:40"
[1] "Downloading Footprints for link 61 @ 2025-04-25 12:52:39.975982"
[1] "File Downloaded... unzipping... 2025-04-25 12:52:40.828304"
[1] "Reading in data and making spatial... 2025-04-25 12:52:41.019432"
[1] "Retrieving coordinates... 2025-04-25 12:52:41.516334"
[1] "Retrieving H3 Indexes for Buildings... 2025-04-25 12:52:41.519048"
[1] "Deleting Footprints... 2025-04-25 12:52:41.796568"
[1] "61 Files Succesfully Downloaded --- 2025-04-25 12:52:42"
[1] "Downloading Footprints for link 62 @ 2025-04-25 12:52:41.800798"
[1] "File Downloaded... unzipping... 2025-04-25 12:52:42.779646"
[1] "Reading in data and making spatial... 2025-04-25 12:52:43.185123"
[1] "Retrieving coordinates... 2025-04-25 12:52:44.114711"
[1] "Retrieving H3 Indexes for Buildings... 2025-04-25 12:52:44.119224"
[1] "Deleting Footprints... 2025-04-25 12:52:44.397364"
[1] "62 Files Succesfully Downloaded --- 2025-04-25 12:52:44"
[1] "Downloading Footprints for link 63 @ 2025-04-25 12:52:44.402057"
[1] "File Downloaded... unzipping... 2025-04-25 12:52:45.719158"
[1] "Reading in data and making spatial... 2025-04-25 12:52:46.076041"
[1] "Retrieving coordinates... 2025-04-25 12:52:49.217856"
[1] "Retrieving H3 Indexes for Buildings... 2025-04-25 12:52:49.236342"
[1] "Deleting Footprints... 2025-04-25 12:52:49.659743"
[1] "63 Files Succesfully Downloaded --- 2025-04-25 12:52:50"
[1] "Downloading Footprints for link 64 @ 2025-04-25 12:52:49.663353"
[1] "File Downloaded... unzipping... 2025-04-25 12:52:50.551308"
[1] "Reading in data and making spatial... 2025-04-25 12:52:50.645763"
[1] "Retrieving coordinates... 2025-04-25 12:52:51.192633"
[1] "Retrieving H3 Indexes for Buildings... 2025-04-25 12:52:51.195776"
[1] "Deleting Footprints... 2025-04-25 12:52:51.897069"
[1] "64 Files Succesfully Downloaded --- 2025-04-25 12:52:52"
[1] "Downloading Footprints for link 65 @ 2025-04-25 12:52:51.902423"
[1] "File Downloaded... unzipping... 2025-04-25 12:52:52.913078"
[1] "Reading in data and making spatial... 2025-04-25 12:52:52.988942"
[1] "Retrieving coordinates... 2025-04-25 12:52:53.82434"
[1] "Retrieving H3 Indexes for Buildings... 2025-04-25 12:52:53.830178"
[1] "Deleting Footprints... 2025-04-25 12:52:54.772374"
[1] "65 Files Succesfully Downloaded --- 2025-04-25 12:52:55"
[1] "SCRIPT COMPLETE @ 2025-04-25 12:52:57"
