[1] "Starting at: 2025-04-25 12:49:04"
[1] "Loading Links at: 2025-04-25 12:49:15"
[1] "quadkeys to download: 101"
[1] "Downloading and Joining footprints to Hex @ 2025-04-25 12:49:15"
[1] "Downloading Footprints for link 1 @ 2025-04-25 12:49:15.420271"
[1] "File Downloaded... unzipping... 2025-04-25 12:49:16.441494"
[1] "Reading in data and making spatial... 2025-04-25 12:49:16.851107"
[1] "Retrieving coordinates... 2025-04-25 12:49:19.794667"
[1] "Retrieving H3 Indexes for Buildings... 2025-04-25 12:49:19.802476"
[1] "Deleting Footprints... 2025-04-25 12:49:19.843174"
[1] "1 Files Succesfully Downloaded --- 2025-04-25 12:49:20"
[1] "Downloading Footprints for link 2 @ 2025-04-25 12:49:19.84637"
[1] "File Downloaded... unzipping... 2025-04-25 12:49:20.538879"
[1] "Reading in data and making spatial... 2025-04-25 12:49:20.576701"
[1] "Retrieving coordinates... 2025-04-25 12:49:20.852992"
[1] "Retrieving H3 Indexes for Buildings... 2025-04-25 12:49:20.855132"
[1] "Deleting Footprints... 2025-04-25 12:49:20.867367"
[1] "2 Files Succesfully Downloaded --- 2025-04-25 12:49:21"
[1] "Downloading Footprints for link 3 @ 2025-04-25 12:49:20.87007"
[1] "File Downloaded... unzipping... 2025-04-25 12:49:21.662895"
[1] "Reading in data and making spatial... 2025-04-25 12:49:21.774948"
[1] "Retrieving coordinates... 2025-04-25 12:49:22.114165"
[1] "Retrieving H3 Indexes for Buildings... 2025-04-25 12:49:22.11689"
[1] "Deleting Footprints... 2025-04-25 12:49:22.132841"
[1] "3 Files Succesfully Downloaded --- 2025-04-25 12:49:22"
[1] "Downloading Footprints for link 4 @ 2025-04-25 12:49:22.136646"
[1] "File Downloaded... unzipping... 2025-04-25 12:49:22.723178"
[1] "Reading in data and making spatial... 2025-04-25 12:49:22.749941"
[1] "Retrieving coordinates... 2025-04-25 12:49:22.817375"
[1] "Retrieving H3 Indexes for Buildings... 2025-04-25 12:49:22.81814"
[1] "Deleting Footprints... 2025-04-25 12:49:22.823081"
[1] "4 Files Succesfully Downloaded --- 2025-04-25 12:49:23"
[1] "Downloading Footprints for link 5 @ 2025-04-25 12:49:22.825053"
[1] "File Downloaded... unzipping... 2025-04-25 12:49:23.727016"
[1] "Reading in data and making spatial... 2025-04-25 12:49:23.76792"
[1] "Retrieving coordinates... 2025-04-25 12:49:23.984001"
[1] "Retrieving H3 Indexes for Buildings... 2025-04-25 12:49:23.985725"
[1] "Deleting Footprints... 2025-04-25 12:49:23.996559"
[1] "5 Files Succesfully Downloaded --- 2025-04-25 12:49:24"
[1] "Downloading Footprints for link 6 @ 2025-04-25 12:49:23.999225"
[1] "File Downloaded... unzipping... 2025-04-25 12:49:24.840093"
[1] "Reading in data and making spatial... 2025-04-25 12:49:24.996062"
[1] "Retrieving coordinates... 2025-04-25 12:49:25.402527"
[1] "Retrieving H3 Indexes for Buildings... 2025-04-25 12:49:25.40528"
[1] "Deleting Footprints... 2025-04-25 12:49:25.422111"
[1] "6 Files Succesfully Downloaded --- 2025-04-25 12:49:25"
[1] "Downloading Footprints for link 7 @ 2025-04-25 12:49:25.424567"
[1] "File Downloaded... unzipping... 2025-04-25 12:49:25.957899"
[1] "Reading in data and making spatial... 2025-04-25 12:49:25.982794"
[1] "Retrieving coordinates... 2025-04-25 12:49:26.025761"
[1] "Retrieving H3 Indexes for Buildings... 2025-04-25 12:49:26.026362"
[1] "Deleting Footprints... 2025-04-25 12:49:26.03148"
[1] "7 Files Succesfully Downloaded --- 2025-04-25 12:49:26"
[1] "Downloading Footprints for link 8 @ 2025-04-25 12:49:26.033789"
[1] "File Downloaded... unzipping... 2025-04-25 12:49:27.037066"
[1] "Reading in data and making spatial... 2025-04-25 12:49:27.318258"
[1] "Retrieving coordinates... 2025-04-25 12:49:27.777306"
[1] "Retrieving H3 Indexes for Buildings... 2025-04-25 12:49:27.780945"
[1] "Deleting Footprints... 2025-04-25 12:49:27.805154"
[1] "8 Files Succesfully Downloaded --- 2025-04-25 12:49:28"
[1] "Downloading Footprints for link 9 @ 2025-04-25 12:49:27.808421"
[1] "File Downloaded... unzipping... 2025-04-25 12:49:28.457974"
[1] "Reading in data and making spatial... 2025-04-25 12:49:28.49466"
[1] "Retrieving coordinates... 2025-04-25 12:49:28.655953"
[1] "Retrieving H3 Indexes for Buildings... 2025-04-25 12:49:28.657349"
[1] "Deleting Footprints... 2025-04-25 12:49:28.670991"
[1] "9 Files Succesfully Downloaded --- 2025-04-25 12:49:29"
[1] "Downloading Footprints for link 10 @ 2025-04-25 12:49:28.672891"
[1] "File Downloaded... unzipping... 2025-04-25 12:49:29.363368"
[1] "Reading in data and making spatial... 2025-04-25 12:49:29.397128"
[1] "Retrieving coordinates... 2025-04-25 12:49:29.633643"
[1] "Retrieving H3 Indexes for Buildings... 2025-04-25 12:49:29.634732"
[1] "Deleting Footprints... 2025-04-25 12:49:29.643778"
[1] "10 Files Succesfully Downloaded --- 2025-04-25 12:49:30"
[1] "Downloading Footprints for link 11 @ 2025-04-25 12:49:29.645493"
[1] "File Downloaded... unzipping... 2025-04-25 12:49:30.105104"
[1] "Reading in data and making spatial... 2025-04-25 12:49:30.133457"
[1] "Retrieving coordinates... 2025-04-25 12:49:30.1899"
[1] "Retrieving H3 Indexes for Buildings... 2025-04-25 12:49:30.190549"
[1] "Deleting Footprints... 2025-04-25 12:49:30.197188"
[1] "11 Files Succesfully Downloaded --- 2025-04-25 12:49:30"
[1] "Downloading Footprints for link 12 @ 2025-04-25 12:49:30.199317"
[1] "File Downloaded... unzipping... 2025-04-25 12:49:30.664336"
[1] "Reading in data and making spatial... 2025-04-25 12:49:30.691522"
[1] "Retrieving coordinates... 2025-04-25 12:49:30.74263"
[1] "Retrieving H3 Indexes for Buildings... 2025-04-25 12:49:30.743252"
[1] "Deleting Footprints... 2025-04-25 12:49:30.749792"
[1] "12 Files Succesfully Downloaded --- 2025-04-25 12:49:31"
[1] "Downloading Footprints for link 13 @ 2025-04-25 12:49:30.751671"
[1] "File Downloaded... unzipping... 2025-04-25 12:49:31.554053"
[1] "Reading in data and making spatial... 2025-04-25 12:49:31.594949"
[1] "Retrieving coordinates... 2025-04-25 12:49:31.861704"
[1] "Retrieving H3 Indexes for Buildings... 2025-04-25 12:49:31.863399"
[1] "Deleting Footprints... 2025-04-25 12:49:31.875785"
[1] "13 Files Succesfully Downloaded --- 2025-04-25 12:49:32"
[1] "Downloading Footprints for link 14 @ 2025-04-25 12:49:31.879061"
[1] "File Downloaded... unzipping... 2025-04-25 12:49:32.556374"
[1] "Reading in data and making spatial... 2025-04-25 12:49:32.593121"
[1] "Retrieving coordinates... 2025-04-25 12:49:32.775535"
[1] "Retrieving H3 Indexes for Buildings... 2025-04-25 12:49:32.776847"
[1] "Deleting Footprints... 2025-04-25 12:49:32.787726"
[1] "14 Files Succesfully Downloaded --- 2025-04-25 12:49:33"
[1] "Downloading Footprints for link 15 @ 2025-04-25 12:49:32.79013"
[1] "File Downloaded... unzipping... 2025-04-25 12:49:33.713672"
[1] "Reading in data and making spatial... 2025-04-25 12:49:33.805916"
[1] "Retrieving coordinates... 2025-04-25 12:49:34.148494"
[1] "Retrieving H3 Indexes for Buildings... 2025-04-25 12:49:34.150811"
[1] "Deleting Footprints... 2025-04-25 12:49:34.167437"
[1] "15 Files Succesfully Downloaded --- 2025-04-25 12:49:34"
[1] "Downloading Footprints for link 16 @ 2025-04-25 12:49:34.16995"
[1] "File Downloaded... unzipping... 2025-04-25 12:49:35.184066"
[1] "Reading in data and making spatial... 2025-04-25 12:49:35.339295"
[1] "Retrieving coordinates... 2025-04-25 12:49:36.493156"
[1] "Retrieving H3 Indexes for Buildings... 2025-04-25 12:49:36.49913"
[1] "Deleting Footprints... 2025-04-25 12:49:36.639171"
[1] "16 Files Succesfully Downloaded --- 2025-04-25 12:49:37"
[1] "Downloading Footprints for link 17 @ 2025-04-25 12:49:36.641882"
[1] "File Downloaded... unzipping... 2025-04-25 12:49:37.678401"
[1] "Reading in data and making spatial... 2025-04-25 12:49:38.059331"
[1] "Retrieving coordinates... 2025-04-25 12:49:38.475204"
[1] "Retrieving H3 Indexes for Buildings... 2025-04-25 12:49:38.477948"
[1] "Deleting Footprints... 2025-04-25 12:49:38.499139"
[1] "17 Files Succesfully Downloaded --- 2025-04-25 12:49:39"
[1] "Downloading Footprints for link 18 @ 2025-04-25 12:49:38.500734"
[1] "File Downloaded... unzipping... 2025-04-25 12:49:40.289491"
[1] "Reading in data and making spatial... 2025-04-25 12:49:40.417705"
[1] "Retrieving coordinates... 2025-04-25 12:49:42.295444"
[1] "Retrieving H3 Indexes for Buildings... 2025-04-25 12:49:42.306051"
[1] "Deleting Footprints... 2025-04-25 12:49:42.372919"
[1] "18 Files Succesfully Downloaded --- 2025-04-25 12:49:42"
[1] "Downloading Footprints for link 19 @ 2025-04-25 12:49:42.376571"
[1] "File Downloaded... unzipping... 2025-04-25 12:49:43.28664"
[1] "Reading in data and making spatial... 2025-04-25 12:49:43.383058"
[1] "Retrieving coordinates... 2025-04-25 12:49:43.951763"
[1] "Retrieving H3 Indexes for Buildings... 2025-04-25 12:49:43.955251"
[1] "Deleting Footprints... 2025-04-25 12:49:43.983495"
[1] "19 Files Succesfully Downloaded --- 2025-04-25 12:49:44"
[1] "Downloading Footprints for link 20 @ 2025-04-25 12:49:43.987021"
[1] "File Downloaded... unzipping... 2025-04-25 12:49:45.146553"
[1] "Reading in data and making spatial... 2025-04-25 12:49:45.444989"
[1] "Retrieving coordinates... 2025-04-25 12:49:46.986076"
[1] "Retrieving H3 Indexes for Buildings... 2025-04-25 12:49:46.994457"
[1] "Deleting Footprints... 2025-04-25 12:49:47.202159"
[1] "20 Files Succesfully Downloaded --- 2025-04-25 12:49:47"
[1] "Downloading Footprints for link 21 @ 2025-04-25 12:49:47.205707"
[1] "File Downloaded... unzipping... 2025-04-25 12:49:48.545494"
[1] "Reading in data and making spatial... 2025-04-25 12:49:48.70309"
[1] "Retrieving coordinates... 2025-04-25 12:49:52.027716"
[1] "Retrieving H3 Indexes for Buildings... 2025-04-25 12:49:52.040906"
[1] "Deleting Footprints... 2025-04-25 12:49:52.126854"
[1] "21 Files Succesfully Downloaded --- 2025-04-25 12:49:52"
[1] "Downloading Footprints for link 22 @ 2025-04-25 12:49:52.130069"
[1] "File Downloaded... unzipping... 2025-04-25 12:49:53.557852"
[1] "Reading in data and making spatial... 2025-04-25 12:49:53.741388"
[1] "Retrieving coordinates... 2025-04-25 12:49:56.953484"
[1] "Retrieving H3 Indexes for Buildings... 2025-04-25 12:49:56.970146"
[1] "Deleting Footprints... 2025-04-25 12:49:57.077426"
[1] "22 Files Succesfully Downloaded --- 2025-04-25 12:49:57"
[1] "Downloading Footprints for link 23 @ 2025-04-25 12:49:57.080841"
[1] "File Downloaded... unzipping... 2025-04-25 12:49:58.256449"
[1] "Reading in data and making spatial... 2025-04-25 12:49:58.388105"
[1] "Retrieving coordinates... 2025-04-25 12:50:00.712528"
[1] "Retrieving H3 Indexes for Buildings... 2025-04-25 12:50:01.258447"
[1] "Deleting Footprints... 2025-04-25 12:50:01.343815"
[1] "23 Files Succesfully Downloaded --- 2025-04-25 12:50:01"
[1] "Downloading Footprints for link 24 @ 2025-04-25 12:50:01.34908"
[1] "File Downloaded... unzipping... 2025-04-25 12:50:02.158705"
[1] "Reading in data and making spatial... 2025-04-25 12:50:02.195687"
[1] "Retrieving coordinates... 2025-04-25 12:50:02.365623"
[1] "Retrieving H3 Indexes for Buildings... 2025-04-25 12:50:02.367056"
[1] "Deleting Footprints... 2025-04-25 12:50:02.401835"
[1] "24 Files Succesfully Downloaded --- 2025-04-25 12:50:02"
[1] "Downloading Footprints for link 25 @ 2025-04-25 12:50:02.404042"
[1] "File Downloaded... unzipping... 2025-04-25 12:50:03.686511"
[1] "Reading in data and making spatial... 2025-04-25 12:50:03.893943"
[1] "Retrieving coordinates... 2025-04-25 12:50:06.55094"
[1] "Retrieving H3 Indexes for Buildings... 2025-04-25 12:50:06.565412"
[1] "Deleting Footprints... 2025-04-25 12:50:06.669116"
[1] "25 Files Succesfully Downloaded --- 2025-04-25 12:50:07"
[1] "Downloading Footprints for link 26 @ 2025-04-25 12:50:06.672165"
[1] "File Downloaded... unzipping... 2025-04-25 12:50:07.186562"
[1] "Reading in data and making spatial... 2025-04-25 12:50:07.217697"
[1] "Retrieving coordinates... 2025-04-25 12:50:07.261103"
[1] "Retrieving H3 Indexes for Buildings... 2025-04-25 12:50:07.261654"
[1] "Deleting Footprints... 2025-04-25 12:50:07.733659"
[1] "26 Files Succesfully Downloaded --- 2025-04-25 12:50:08"
[1] "Downloading Footprints for link 27 @ 2025-04-25 12:50:07.736118"
[1] "File Downloaded... unzipping... 2025-04-25 12:50:08.952977"
[1] "Reading in data and making spatial... 2025-04-25 12:50:09.219686"
[1] "Retrieving coordinates... 2025-04-25 12:50:10.907561"
[1] "Retrieving H3 Indexes for Buildings... 2025-04-25 12:50:10.917239"
[1] "Deleting Footprints... 2025-04-25 12:50:10.995057"
[1] "27 Files Succesfully Downloaded --- 2025-04-25 12:50:11"
[1] "Downloading Footprints for link 28 @ 2025-04-25 12:50:10.997826"
[1] "File Downloaded... unzipping... 2025-04-25 12:50:11.838265"
[1] "Reading in data and making spatial... 2025-04-25 12:50:12.06174"
[1] "Retrieving coordinates... 2025-04-25 12:50:12.429196"
[1] "Retrieving H3 Indexes for Buildings... 2025-04-25 12:50:12.431241"
[1] "Deleting Footprints... 2025-04-25 12:50:12.471277"
[1] "28 Files Succesfully Downloaded --- 2025-04-25 12:50:12"
[1] "Downloading Footprints for link 29 @ 2025-04-25 12:50:12.475374"
[1] "File Downloaded... unzipping... 2025-04-25 12:50:14.035008"
[1] "Reading in data and making spatial... 2025-04-25 12:50:14.112411"
[1] "Retrieving coordinates... 2025-04-25 12:50:15.263963"
[1] "Retrieving H3 Indexes for Buildings... 2025-04-25 12:50:15.269155"
[1] "Deleting Footprints... 2025-04-25 12:50:15.616882"
[1] "29 Files Succesfully Downloaded --- 2025-04-25 12:50:16"
[1] "Downloading Footprints for link 30 @ 2025-04-25 12:50:15.620738"
[1] "File Downloaded... unzipping... 2025-04-25 12:50:16.862503"
[1] "Reading in data and making spatial... 2025-04-25 12:50:17.035294"
[1] "Retrieving coordinates... 2025-04-25 12:50:18.74872"
[1] "Retrieving H3 Indexes for Buildings... 2025-04-25 12:50:18.75766"
[1] "Deleting Footprints... 2025-04-25 12:50:18.832438"
[1] "30 Files Succesfully Downloaded --- 2025-04-25 12:50:19"
[1] "Downloading Footprints for link 31 @ 2025-04-25 12:50:18.834869"
[1] "File Downloaded... unzipping... 2025-04-25 12:50:19.398531"
[1] "Reading in data and making spatial... 2025-04-25 12:50:19.43532"
[1] "Retrieving coordinates... 2025-04-25 12:50:19.513444"
[1] "Retrieving H3 Indexes for Buildings... 2025-04-25 12:50:19.514241"
[1] "Deleting Footprints... 2025-04-25 12:50:19.840916"
[1] "31 Files Succesfully Downloaded --- 2025-04-25 12:50:20"
[1] "Downloading Footprints for link 32 @ 2025-04-25 12:50:19.842752"
[1] "File Downloaded... unzipping... 2025-04-25 12:50:21.068727"
[1] "Reading in data and making spatial... 2025-04-25 12:50:21.405985"
[1] "Retrieving coordinates... 2025-04-25 12:50:22.252031"
[1] "Retrieving H3 Indexes for Buildings... 2025-04-25 12:50:22.258178"
[1] "Deleting Footprints... 2025-04-25 12:50:22.319659"
[1] "32 Files Succesfully Downloaded --- 2025-04-25 12:50:22"
[1] "Downloading Footprints for link 33 @ 2025-04-25 12:50:22.321936"
[1] "File Downloaded... unzipping... 2025-04-25 12:50:23.6923"
[1] "Reading in data and making spatial... 2025-04-25 12:50:24.576804"
[1] "Retrieving coordinates... 2025-04-25 12:50:28.352071"
[1] "Retrieving H3 Indexes for Buildings... 2025-04-25 12:50:28.373537"
[1] "Deleting Footprints... 2025-04-25 12:50:28.515852"
[1] "33 Files Succesfully Downloaded --- 2025-04-25 12:50:29"
[1] "Downloading Footprints for link 34 @ 2025-04-25 12:50:28.519108"
[1] "File Downloaded... unzipping... 2025-04-25 12:50:29.108022"
[1] "Reading in data and making spatial... 2025-04-25 12:50:29.239597"
[1] "Retrieving coordinates... 2025-04-25 12:50:29.320607"
[1] "Retrieving H3 Indexes for Buildings... 2025-04-25 12:50:29.321306"
[1] "Deleting Footprints... 2025-04-25 12:50:29.517013"
[1] "34 Files Succesfully Downloaded --- 2025-04-25 12:50:30"
[1] "Downloading Footprints for link 35 @ 2025-04-25 12:50:29.520754"
[1] "File Downloaded... unzipping... 2025-04-25 12:50:31.985204"
[1] "Reading in data and making spatial... 2025-04-25 12:50:33.262938"
[1] "Retrieving coordinates... 2025-04-25 12:50:54.011238"
[1] "Retrieving H3 Indexes for Buildings... 2025-04-25 12:50:54.850803"
[1] "Deleting Footprints... 2025-04-25 12:50:55.455947"
[1] "35 Files Succesfully Downloaded --- 2025-04-25 12:50:55"
[1] "Downloading Footprints for link 36 @ 2025-04-25 12:50:55.460318"
[1] "File Downloaded... unzipping... 2025-04-25 12:50:56.263828"
[1] "Reading in data and making spatial... 2025-04-25 12:50:56.30033"
[1] "Retrieving coordinates... 2025-04-25 12:50:56.479913"
[1] "Retrieving H3 Indexes for Buildings... 2025-04-25 12:50:56.481296"
[1] "Deleting Footprints... 2025-04-25 12:50:57.579107"
[1] "36 Files Succesfully Downloaded --- 2025-04-25 12:50:58"
[1] "Downloading Footprints for link 37 @ 2025-04-25 12:50:57.583734"
[1] "File Downloaded... unzipping... 2025-04-25 12:50:57.888756"
[1] "Reading in data and making spatial... 2025-04-25 12:50:57.916271"
[1] "Retrieving coordinates... 2025-04-25 12:50:57.931341"
[1] "Retrieving H3 Indexes for Buildings... 2025-04-25 12:50:57.93176"
[1] "Deleting Footprints... 2025-04-25 12:50:57.994151"
[1] "37 Files Succesfully Downloaded --- 2025-04-25 12:50:58"
[1] "Downloading Footprints for link 38 @ 2025-04-25 12:50:57.995752"
[1] "File Downloaded... unzipping... 2025-04-25 12:50:58.576344"
[1] "Reading in data and making spatial... 2025-04-25 12:50:58.607767"
[1] "Retrieving coordinates... 2025-04-25 12:50:58.679255"
[1] "Retrieving H3 Indexes for Buildings... 2025-04-25 12:50:58.680053"
[1] "Deleting Footprints... 2025-04-25 12:50:58.751365"
[1] "38 Files Succesfully Downloaded --- 2025-04-25 12:50:59"
[1] "Downloading Footprints for link 39 @ 2025-04-25 12:50:58.755599"
[1] "File Downloaded... unzipping... 2025-04-25 12:51:00.586947"
[1] "Reading in data and making spatial... 2025-04-25 12:51:01.230599"
[1] "Retrieving coordinates... 2025-04-25 12:51:08.331644"
[1] "Retrieving H3 Indexes for Buildings... 2025-04-25 12:51:08.372615"
[1] "Deleting Footprints... 2025-04-25 12:51:08.833967"
[1] "39 Files Succesfully Downloaded --- 2025-04-25 12:51:09"
[1] "Downloading Footprints for link 40 @ 2025-04-25 12:51:08.836808"
[1] "File Downloaded... unzipping... 2025-04-25 12:51:09.086391"
[1] "Reading in data and making spatial... 2025-04-25 12:51:09.110748"
[1] "Retrieving coordinates... 2025-04-25 12:51:09.127171"
[1] "Retrieving H3 Indexes for Buildings... 2025-04-25 12:51:09.127561"
[1] "Deleting Footprints... 2025-04-25 12:51:09.849365"
[1] "40 Files Succesfully Downloaded --- 2025-04-25 12:51:10"
[1] "Downloading Footprints for link 41 @ 2025-04-25 12:51:09.850838"
[1] "File Downloaded... unzipping... 2025-04-25 12:51:10.281099"
[1] "Reading in data and making spatial... 2025-04-25 12:51:10.304979"
[1] "Retrieving coordinates... 2025-04-25 12:51:10.334246"
[1] "Retrieving H3 Indexes for Buildings... 2025-04-25 12:51:10.334715"
[1] "Deleting Footprints... 2025-04-25 12:51:10.52593"
[1] "41 Files Succesfully Downloaded --- 2025-04-25 12:51:11"
[1] "Downloading Footprints for link 42 @ 2025-04-25 12:51:10.528005"
[1] "File Downloaded... unzipping... 2025-04-25 12:51:10.996739"
[1] "Reading in data and making spatial... 2025-04-25 12:51:11.023923"
[1] "Retrieving coordinates... 2025-04-25 12:51:11.196334"
[1] "Retrieving H3 Indexes for Buildings... 2025-04-25 12:51:11.196989"
[1] "Deleting Footprints... 2025-04-25 12:51:11.26843"
[1] "42 Files Succesfully Downloaded --- 2025-04-25 12:51:11"
[1] "Downloading Footprints for link 43 @ 2025-04-25 12:51:11.271539"
[1] "File Downloaded... unzipping... 2025-04-25 12:51:12.287043"
[1] "Reading in data and making spatial... 2025-04-25 12:51:12.47495"
[1] "Retrieving coordinates... 2025-04-25 12:51:13.325687"
[1] "Retrieving H3 Indexes for Buildings... 2025-04-25 12:51:13.330902"
[1] "Deleting Footprints... 2025-04-25 12:51:13.949581"
[1] "43 Files Succesfully Downloaded --- 2025-04-25 12:51:14"
[1] "Downloading Footprints for link 44 @ 2025-04-25 12:51:13.953048"
[1] "File Downloaded... unzipping... 2025-04-25 12:51:15.141544"
[1] "Reading in data and making spatial... 2025-04-25 12:51:15.268357"
[1] "Retrieving coordinates... 2025-04-25 12:51:17.701349"
[1] "Retrieving H3 Indexes for Buildings... 2025-04-25 12:51:17.712783"
[1] "Deleting Footprints... 2025-04-25 12:51:17.843484"
[1] "44 Files Succesfully Downloaded --- 2025-04-25 12:51:18"
[1] "Downloading Footprints for link 45 @ 2025-04-25 12:51:17.846409"
[1] "File Downloaded... unzipping... 2025-04-25 12:51:18.469662"
[1] "Reading in data and making spatial... 2025-04-25 12:51:18.501681"
[1] "Retrieving coordinates... 2025-04-25 12:51:18.633044"
[1] "Retrieving H3 Indexes for Buildings... 2025-04-25 12:51:18.63416"
[1] "Deleting Footprints... 2025-04-25 12:51:18.828677"
[1] "45 Files Succesfully Downloaded --- 2025-04-25 12:51:19"
[1] "Downloading Footprints for link 46 @ 2025-04-25 12:51:18.831"
[1] "File Downloaded... unzipping... 2025-04-25 12:51:20.009984"
[1] "Reading in data and making spatial... 2025-04-25 12:51:20.12665"
[1] "Retrieving coordinates... 2025-04-25 12:51:21.948467"
[1] "Retrieving H3 Indexes for Buildings... 2025-04-25 12:51:21.957614"
[1] "Deleting Footprints... 2025-04-25 12:51:22.325785"
[1] "46 Files Succesfully Downloaded --- 2025-04-25 12:51:22"
[1] "Downloading Footprints for link 47 @ 2025-04-25 12:51:22.329325"
[1] "File Downloaded... unzipping... 2025-04-25 12:51:23.134739"
[1] "Reading in data and making spatial... 2025-04-25 12:51:23.183658"
[1] "Retrieving coordinates... 2025-04-25 12:51:23.39014"
[1] "Retrieving H3 Indexes for Buildings... 2025-04-25 12:51:23.391774"
[1] "Deleting Footprints... 2025-04-25 12:51:23.674483"
[1] "47 Files Succesfully Downloaded --- 2025-04-25 12:51:24"
[1] "Downloading Footprints for link 48 @ 2025-04-25 12:51:23.682682"
[1] "File Downloaded... unzipping... 2025-04-25 12:51:24.077271"
[1] "Reading in data and making spatial... 2025-04-25 12:51:24.108557"
[1] "Retrieving coordinates... 2025-04-25 12:51:24.137503"
[1] "Retrieving H3 Indexes for Buildings... 2025-04-25 12:51:24.137968"
[1] "Deleting Footprints... 2025-04-25 12:51:24.482589"
[1] "48 Files Succesfully Downloaded --- 2025-04-25 12:51:24"
[1] "Downloading Footprints for link 49 @ 2025-04-25 12:51:24.48564"
[1] "File Downloaded... unzipping... 2025-04-25 12:51:25.017331"
[1] "Reading in data and making spatial... 2025-04-25 12:51:25.042605"
[1] "Retrieving coordinates... 2025-04-25 12:51:25.092808"
[1] "Retrieving H3 Indexes for Buildings... 2025-04-25 12:51:25.093483"
[1] "Deleting Footprints... 2025-04-25 12:51:25.172958"
[1] "49 Files Succesfully Downloaded --- 2025-04-25 12:51:25"
[1] "Downloading Footprints for link 50 @ 2025-04-25 12:51:25.174875"
[1] "File Downloaded... unzipping... 2025-04-25 12:51:25.997893"
[1] "Reading in data and making spatial... 2025-04-25 12:51:26.03868"
[1] "Retrieving coordinates... 2025-04-25 12:51:26.257471"
[1] "Retrieving H3 Indexes for Buildings... 2025-04-25 12:51:26.259398"
[1] "Deleting Footprints... 2025-04-25 12:51:26.346732"
[1] "50 Files Succesfully Downloaded --- 2025-04-25 12:51:26"
[1] "Downloading Footprints for link 51 @ 2025-04-25 12:51:26.350458"
[1] "File Downloaded... unzipping... 2025-04-25 12:51:26.683636"
[1] "Reading in data and making spatial... 2025-04-25 12:51:26.70575"
[1] "Retrieving coordinates... 2025-04-25 12:51:26.727799"
[1] "Retrieving H3 Indexes for Buildings... 2025-04-25 12:51:26.728231"
[1] "Deleting Footprints... 2025-04-25 12:51:27.013116"
[1] "51 Files Succesfully Downloaded --- 2025-04-25 12:51:27"
[1] "Downloading Footprints for link 52 @ 2025-04-25 12:51:27.016134"
[1] "File Downloaded... unzipping... 2025-04-25 12:51:27.81337"
[1] "Reading in data and making spatial... 2025-04-25 12:51:27.847683"
[1] "Retrieving coordinates... 2025-04-25 12:51:28.125264"
[1] "Retrieving H3 Indexes for Buildings... 2025-04-25 12:51:28.127925"
[1] "Deleting Footprints... 2025-04-25 12:51:28.215739"
[1] "52 Files Succesfully Downloaded --- 2025-04-25 12:51:28"
[1] "Downloading Footprints for link 53 @ 2025-04-25 12:51:28.218573"
[1] "File Downloaded... unzipping... 2025-04-25 12:51:28.563476"
[1] "Reading in data and making spatial... 2025-04-25 12:51:28.58532"
[1] "Retrieving coordinates... 2025-04-25 12:51:28.607044"
[1] "Retrieving H3 Indexes for Buildings... 2025-04-25 12:51:28.607455"
[1] "Deleting Footprints... 2025-04-25 12:51:28.764322"
[1] "53 Files Succesfully Downloaded --- 2025-04-25 12:51:29"
[1] "Downloading Footprints for link 54 @ 2025-04-25 12:51:28.767027"
[1] "File Downloaded... unzipping... 2025-04-25 12:51:29.094175"
[1] "Reading in data and making spatial... 2025-04-25 12:51:29.31534"
[1] "Retrieving coordinates... 2025-04-25 12:51:29.347796"
[1] "Retrieving H3 Indexes for Buildings... 2025-04-25 12:51:29.348342"
[1] "Deleting Footprints... 2025-04-25 12:51:29.615905"
[1] "54 Files Succesfully Downloaded --- 2025-04-25 12:51:30"
[1] "Downloading Footprints for link 55 @ 2025-04-25 12:51:29.618517"
[1] "File Downloaded... unzipping... 2025-04-25 12:51:29.942572"
[1] "Reading in data and making spatial... 2025-04-25 12:51:29.967954"
[1] "Retrieving coordinates... 2025-04-25 12:51:29.990409"
[1] "Retrieving H3 Indexes for Buildings... 2025-04-25 12:51:29.990932"
[1] "Deleting Footprints... 2025-04-25 12:51:30.073189"
[1] "55 Files Succesfully Downloaded --- 2025-04-25 12:51:30"
[1] "Downloading Footprints for link 56 @ 2025-04-25 12:51:30.075798"
[1] "File Downloaded... unzipping... 2025-04-25 12:51:30.350986"
[1] "Reading in data and making spatial... 2025-04-25 12:51:30.381091"
[1] "Retrieving coordinates... 2025-04-25 12:51:30.396109"
[1] "Retrieving H3 Indexes for Buildings... 2025-04-25 12:51:30.396509"
[1] "Deleting Footprints... 2025-04-25 12:51:30.552259"
[1] "56 Files Succesfully Downloaded --- 2025-04-25 12:51:31"
[1] "Downloading Footprints for link 57 @ 2025-04-25 12:51:30.555481"
[1] "File Downloaded... unzipping... 2025-04-25 12:51:30.821315"
[1] "Reading in data and making spatial... 2025-04-25 12:51:30.843003"
[1] "Retrieving coordinates... 2025-04-25 12:51:30.858727"
[1] "Retrieving H3 Indexes for Buildings... 2025-04-25 12:51:30.859182"
[1] "Deleting Footprints... 2025-04-25 12:51:31.155143"
[1] "57 Files Succesfully Downloaded --- 2025-04-25 12:51:31"
[1] "Downloading Footprints for link 58 @ 2025-04-25 12:51:31.159324"
[1] "File Downloaded... unzipping... 2025-04-25 12:51:31.669492"
[1] "Reading in data and making spatial... 2025-04-25 12:51:31.696964"
[1] "Retrieving coordinates... 2025-04-25 12:51:31.755869"
[1] "Retrieving H3 Indexes for Buildings... 2025-04-25 12:51:31.756609"
[1] "Deleting Footprints... 2025-04-25 12:51:31.834973"
[1] "58 Files Succesfully Downloaded --- 2025-04-25 12:51:32"
[1] "Downloading Footprints for link 59 @ 2025-04-25 12:51:31.838286"
[1] "File Downloaded... unzipping... 2025-04-25 12:51:32.104671"
[1] "Reading in data and making spatial... 2025-04-25 12:51:32.128748"
[1] "Retrieving coordinates... 2025-04-25 12:51:32.142822"
[1] "Retrieving H3 Indexes for Buildings... 2025-04-25 12:51:32.143251"
[1] "Deleting Footprints... 2025-04-25 12:51:32.300429"
[1] "59 Files Succesfully Downloaded --- 2025-04-25 12:51:32"
[1] "Downloading Footprints for link 60 @ 2025-04-25 12:51:32.302346"
[1] "File Downloaded... unzipping... 2025-04-25 12:51:32.575747"
[1] "Reading in data and making spatial... 2025-04-25 12:51:32.6015"
[1] "Retrieving coordinates... 2025-04-25 12:51:32.621029"
[1] "Retrieving H3 Indexes for Buildings... 2025-04-25 12:51:32.621539"
[1] "Deleting Footprints... 2025-04-25 12:51:32.855404"
[1] "60 Files Succesfully Downloaded --- 2025-04-25 12:51:33"
[1] "Downloading Footprints for link 61 @ 2025-04-25 12:51:32.857679"
[1] "File Downloaded... unzipping... 2025-04-25 12:51:33.3417"
[1] "Reading in data and making spatial... 2025-04-25 12:51:33.36437"
[1] "Retrieving coordinates... 2025-04-25 12:51:33.381311"
[1] "Retrieving H3 Indexes for Buildings... 2025-04-25 12:51:33.381754"
[1] "Deleting Footprints... 2025-04-25 12:51:33.462405"
[1] "61 Files Succesfully Downloaded --- 2025-04-25 12:51:33"
[1] "Downloading Footprints for link 62 @ 2025-04-25 12:51:33.464276"
[1] "File Downloaded... unzipping... 2025-04-25 12:51:33.881305"
[1] "Reading in data and making spatial... 2025-04-25 12:51:33.905994"
[1] "Retrieving coordinates... 2025-04-25 12:51:33.939388"
[1] "Retrieving H3 Indexes for Buildings... 2025-04-25 12:51:33.939959"
[1] "Deleting Footprints... 2025-04-25 12:51:34.091317"
[1] "62 Files Succesfully Downloaded --- 2025-04-25 12:51:34"
[1] "Downloading Footprints for link 63 @ 2025-04-25 12:51:34.094824"
[1] "File Downloaded... unzipping... 2025-04-25 12:51:34.681891"
[1] "Reading in data and making spatial... 2025-04-25 12:51:34.713522"
[1] "Retrieving coordinates... 2025-04-25 12:51:34.800026"
[1] "Retrieving H3 Indexes for Buildings... 2025-04-25 12:51:34.800969"
[1] "Deleting Footprints... 2025-04-25 12:51:34.96477"
[1] "63 Files Succesfully Downloaded --- 2025-04-25 12:51:35"
[1] "Downloading Footprints for link 64 @ 2025-04-25 12:51:34.968872"
[1] "File Downloaded... unzipping... 2025-04-25 12:51:35.499398"
[1] "Reading in data and making spatial... 2025-04-25 12:51:35.526795"
[1] "Retrieving coordinates... 2025-04-25 12:51:35.590486"
[1] "Retrieving H3 Indexes for Buildings... 2025-04-25 12:51:35.591267"
[1] "Deleting Footprints... 2025-04-25 12:51:35.945293"
[1] "64 Files Succesfully Downloaded --- 2025-04-25 12:51:36"
[1] "Downloading Footprints for link 65 @ 2025-04-25 12:51:35.948353"
[1] "File Downloaded... unzipping... 2025-04-25 12:51:36.532954"
[1] "Reading in data and making spatial... 2025-04-25 12:51:36.562989"
[1] "Retrieving coordinates... 2025-04-25 12:51:36.643484"
[1] "Retrieving H3 Indexes for Buildings... 2025-04-25 12:51:36.644431"
[1] "Deleting Footprints... 2025-04-25 12:51:36.722604"
[1] "65 Files Succesfully Downloaded --- 2025-04-25 12:51:37"
[1] "Downloading Footprints for link 66 @ 2025-04-25 12:51:36.724887"
[1] "File Downloaded... unzipping... 2025-04-25 12:51:37.412851"
[1] "Reading in data and making spatial... 2025-04-25 12:51:37.444147"
[1] "Retrieving coordinates... 2025-04-25 12:51:37.558564"
[1] "Retrieving H3 Indexes for Buildings... 2025-04-25 12:51:37.559691"
[1] "Deleting Footprints... 2025-04-25 12:51:37.718974"
[1] "66 Files Succesfully Downloaded --- 2025-04-25 12:51:38"
[1] "Downloading Footprints for link 67 @ 2025-04-25 12:51:37.723206"
[1] "File Downloaded... unzipping... 2025-04-25 12:51:38.06833"
[1] "Reading in data and making spatial... 2025-04-25 12:51:38.090706"
[1] "Retrieving coordinates... 2025-04-25 12:51:38.116764"
[1] "Retrieving H3 Indexes for Buildings... 2025-04-25 12:51:38.117253"
[1] "Deleting Footprints... 2025-04-25 12:51:38.353114"
[1] "67 Files Succesfully Downloaded --- 2025-04-25 12:51:38"
[1] "Downloading Footprints for link 68 @ 2025-04-25 12:51:38.356612"
[1] "File Downloaded... unzipping... 2025-04-25 12:51:39.098769"
[1] "Reading in data and making spatial... 2025-04-25 12:51:39.134283"
[1] "Retrieving coordinates... 2025-04-25 12:51:39.270774"
[1] "Retrieving H3 Indexes for Buildings... 2025-04-25 12:51:39.272036"
[1] "Deleting Footprints... 2025-04-25 12:51:39.657318"
[1] "68 Files Succesfully Downloaded --- 2025-04-25 12:51:40"
[1] "Downloading Footprints for link 69 @ 2025-04-25 12:51:39.661141"
[1] "File Downloaded... unzipping... 2025-04-25 12:51:40.265772"
[1] "Reading in data and making spatial... 2025-04-25 12:51:40.301107"
[1] "Retrieving coordinates... 2025-04-25 12:51:40.442959"
[1] "Retrieving H3 Indexes for Buildings... 2025-04-25 12:51:40.444314"
[1] "Deleting Footprints... 2025-04-25 12:51:40.529687"
[1] "69 Files Succesfully Downloaded --- 2025-04-25 12:51:41"
[1] "Downloading Footprints for link 70 @ 2025-04-25 12:51:40.531438"
[1] "File Downloaded... unzipping... 2025-04-25 12:51:40.871875"
[1] "Reading in data and making spatial... 2025-04-25 12:51:40.967507"
[1] "Retrieving coordinates... 2025-04-25 12:51:40.987275"
[1] "Retrieving H3 Indexes for Buildings... 2025-04-25 12:51:40.9877"
[1] "Deleting Footprints... 2025-04-25 12:51:41.144204"
[1] "70 Files Succesfully Downloaded --- 2025-04-25 12:51:41"
[1] "Downloading Footprints for link 71 @ 2025-04-25 12:51:41.14817"
[1] "File Downloaded... unzipping... 2025-04-25 12:51:41.628275"
[1] "Reading in data and making spatial... 2025-04-25 12:51:41.652637"
[1] "Retrieving coordinates... 2025-04-25 12:51:41.702257"
[1] "Retrieving H3 Indexes for Buildings... 2025-04-25 12:51:41.702911"
[1] "Deleting Footprints... 2025-04-25 12:51:41.935118"
[1] "71 Files Succesfully Downloaded --- 2025-04-25 12:51:42"
[1] "Downloading Footprints for link 72 @ 2025-04-25 12:51:41.939126"
[1] "File Downloaded... unzipping... 2025-04-25 12:51:45.257092"
[1] "Reading in data and making spatial... 2025-04-25 12:51:45.280232"
[1] "Retrieving coordinates... 2025-04-25 12:51:45.298728"
[1] "Retrieving H3 Indexes for Buildings... 2025-04-25 12:51:45.299177"
[1] "Deleting Footprints... 2025-04-25 12:51:45.729645"
[1] "72 Files Succesfully Downloaded --- 2025-04-25 12:51:46"
[1] "Downloading Footprints for link 73 @ 2025-04-25 12:51:45.732768"
[1] "File Downloaded... unzipping... 2025-04-25 12:51:46.127749"
[1] "Reading in data and making spatial... 2025-04-25 12:51:46.152557"
[1] "Retrieving coordinates... 2025-04-25 12:51:46.188045"
[1] "Retrieving H3 Indexes for Buildings... 2025-04-25 12:51:46.188653"
[1] "Deleting Footprints... 2025-04-25 12:51:46.27276"
[1] "73 Files Succesfully Downloaded --- 2025-04-25 12:51:46"
[1] "Downloading Footprints for link 74 @ 2025-04-25 12:51:46.27497"
[1] "File Downloaded... unzipping... 2025-04-25 12:51:46.872738"
[1] "Reading in data and making spatial... 2025-04-25 12:51:46.899857"
[1] "Retrieving coordinates... 2025-04-25 12:51:46.971768"
[1] "Retrieving H3 Indexes for Buildings... 2025-04-25 12:51:46.97265"
[1] "Deleting Footprints... 2025-04-25 12:51:47.134012"
[1] "74 Files Succesfully Downloaded --- 2025-04-25 12:51:47"
[1] "Downloading Footprints for link 75 @ 2025-04-25 12:51:47.136803"
[1] "File Downloaded... unzipping... 2025-04-25 12:51:47.527199"
[1] "Reading in data and making spatial... 2025-04-25 12:51:47.550194"
[1] "Retrieving coordinates... 2025-04-25 12:51:47.587104"
[1] "Retrieving H3 Indexes for Buildings... 2025-04-25 12:51:47.58772"
[1] "Deleting Footprints... 2025-04-25 12:51:47.825578"
[1] "75 Files Succesfully Downloaded --- 2025-04-25 12:51:48"
[1] "Downloading Footprints for link 76 @ 2025-04-25 12:51:47.82917"
[1] "File Downloaded... unzipping... 2025-04-25 12:51:48.219248"
[1] "Reading in data and making spatial... 2025-04-25 12:51:48.24322"
[1] "Retrieving coordinates... 2025-04-25 12:51:48.271293"
[1] "Retrieving H3 Indexes for Buildings... 2025-04-25 12:51:48.271798"
[1] "Deleting Footprints... 2025-04-25 12:51:48.698163"
[1] "76 Files Succesfully Downloaded --- 2025-04-25 12:51:49"
[1] "Downloading Footprints for link 77 @ 2025-04-25 12:51:48.701447"
[1] "File Downloaded... unzipping... 2025-04-25 12:51:49.646874"
[1] "Reading in data and making spatial... 2025-04-25 12:51:49.707107"
[1] "Retrieving coordinates... 2025-04-25 12:51:50.409381"
[1] "Retrieving H3 Indexes for Buildings... 2025-04-25 12:51:50.414418"
[1] "Deleting Footprints... 2025-04-25 12:51:50.513248"
[1] "77 Files Succesfully Downloaded --- 2025-04-25 12:51:51"
[1] "Downloading Footprints for link 78 @ 2025-04-25 12:51:50.516166"
[1] "File Downloaded... unzipping... 2025-04-25 12:51:50.976194"
[1] "Reading in data and making spatial... 2025-04-25 12:51:51.00544"
[1] "Retrieving coordinates... 2025-04-25 12:51:51.075671"
[1] "Retrieving H3 Indexes for Buildings... 2025-04-25 12:51:51.076494"
[1] "Deleting Footprints... 2025-04-25 12:51:51.420711"
[1] "78 Files Succesfully Downloaded --- 2025-04-25 12:51:51"
[1] "Downloading Footprints for link 79 @ 2025-04-25 12:51:51.423346"
[1] "File Downloaded... unzipping... 2025-04-25 12:51:54.406605"
[1] "Reading in data and making spatial... 2025-04-25 12:51:54.429884"
[1] "Retrieving coordinates... 2025-04-25 12:51:54.448598"
[1] "Retrieving H3 Indexes for Buildings... 2025-04-25 12:51:54.449001"
[1] "Deleting Footprints... 2025-04-25 12:51:54.531266"
[1] "79 Files Succesfully Downloaded --- 2025-04-25 12:51:55"
[1] "Downloading Footprints for link 80 @ 2025-04-25 12:51:54.535097"
[1] "File Downloaded... unzipping... 2025-04-25 12:51:54.925558"
[1] "Reading in data and making spatial... 2025-04-25 12:51:54.949492"
[1] "Retrieving coordinates... 2025-04-25 12:51:54.989571"
[1] "Retrieving H3 Indexes for Buildings... 2025-04-25 12:51:54.990175"
[1] "Deleting Footprints... 2025-04-25 12:51:55.145355"
[1] "80 Files Succesfully Downloaded --- 2025-04-25 12:51:55"
[1] "Downloading Footprints for link 81 @ 2025-04-25 12:51:55.147651"
[1] "File Downloaded... unzipping... 2025-04-25 12:51:55.420463"
[1] "Reading in data and making spatial... 2025-04-25 12:51:55.441689"
[1] "Retrieving coordinates... 2025-04-25 12:51:55.454808"
[1] "Retrieving H3 Indexes for Buildings... 2025-04-25 12:51:55.455171"
[1] "Deleting Footprints... 2025-04-25 12:51:55.669272"
[1] "81 Files Succesfully Downloaded --- 2025-04-25 12:51:56"
[1] "Downloading Footprints for link 82 @ 2025-04-25 12:51:55.672165"
[1] "File Downloaded... unzipping... 2025-04-25 12:51:56.133947"
[1] "Reading in data and making spatial... 2025-04-25 12:51:56.166268"
[1] "Retrieving coordinates... 2025-04-25 12:51:56.237064"
[1] "Retrieving H3 Indexes for Buildings... 2025-04-25 12:51:56.237943"
[1] "Deleting Footprints... 2025-04-25 12:51:56.325088"
[1] "82 Files Succesfully Downloaded --- 2025-04-25 12:51:56"
[1] "Downloading Footprints for link 83 @ 2025-04-25 12:51:56.329177"
[1] "File Downloaded... unzipping... 2025-04-25 12:51:56.599524"
[1] "Reading in data and making spatial... 2025-04-25 12:51:56.622528"
[1] "Retrieving coordinates... 2025-04-25 12:51:56.636245"
[1] "Retrieving H3 Indexes for Buildings... 2025-04-25 12:51:56.636688"
[1] "Deleting Footprints... 2025-04-25 12:51:56.800463"
[1] "83 Files Succesfully Downloaded --- 2025-04-25 12:51:57"
[1] "Downloading Footprints for link 84 @ 2025-04-25 12:51:56.801248"
[1] "File Downloaded... unzipping... 2025-04-25 12:51:57.067462"
[1] "Reading in data and making spatial... 2025-04-25 12:51:57.090839"
[1] "Retrieving coordinates... 2025-04-25 12:51:57.104486"
[1] "Retrieving H3 Indexes for Buildings... 2025-04-25 12:51:57.104932"
[1] "Deleting Footprints... 2025-04-25 12:51:57.447014"
[1] "84 Files Succesfully Downloaded --- 2025-04-25 12:51:57"
[1] "Downloading Footprints for link 85 @ 2025-04-25 12:51:57.450158"
[1] "File Downloaded... unzipping... 2025-04-25 12:51:57.838184"
[1] "Reading in data and making spatial... 2025-04-25 12:51:57.866098"
[1] "Retrieving coordinates... 2025-04-25 12:51:57.905579"
[1] "Retrieving H3 Indexes for Buildings... 2025-04-25 12:51:57.906127"
[1] "Deleting Footprints... 2025-04-25 12:51:57.993835"
[1] "85 Files Succesfully Downloaded --- 2025-04-25 12:51:58"
[1] "Downloading Footprints for link 86 @ 2025-04-25 12:51:57.996434"
[1] "File Downloaded... unzipping... 2025-04-25 12:51:59.215733"
[1] "Reading in data and making spatial... 2025-04-25 12:51:59.3842"
[1] "Retrieving coordinates... 2025-04-25 12:52:00.738091"
[1] "Retrieving H3 Indexes for Buildings... 2025-04-25 12:52:00.746696"
[1] "Deleting Footprints... 2025-04-25 12:52:01.025172"
[1] "86 Files Succesfully Downloaded --- 2025-04-25 12:52:01"
[1] "Downloading Footprints for link 87 @ 2025-04-25 12:52:01.027671"
[1] "File Downloaded... unzipping... 2025-04-25 12:52:01.449374"
[1] "Reading in data and making spatial... 2025-04-25 12:52:01.488514"
[1] "Retrieving coordinates... 2025-04-25 12:52:01.529007"
[1] "Retrieving H3 Indexes for Buildings... 2025-04-25 12:52:01.529581"
[1] "Deleting Footprints... 2025-04-25 12:52:01.87807"
[1] "87 Files Succesfully Downloaded --- 2025-04-25 12:52:02"
[1] "Downloading Footprints for link 88 @ 2025-04-25 12:52:01.882186"
[1] "File Downloaded... unzipping... 2025-04-25 12:52:02.132316"
[1] "Reading in data and making spatial... 2025-04-25 12:52:02.154729"
[1] "Retrieving coordinates... 2025-04-25 12:52:02.167501"
[1] "Retrieving H3 Indexes for Buildings... 2025-04-25 12:52:02.167886"
[1] "Deleting Footprints... 2025-04-25 12:52:02.249552"
[1] "88 Files Succesfully Downloaded --- 2025-04-25 12:52:02"
[1] "Downloading Footprints for link 89 @ 2025-04-25 12:52:02.251337"
[1] "File Downloaded... unzipping... 2025-04-25 12:52:03.101908"
[1] "Reading in data and making spatial... 2025-04-25 12:52:03.156777"
[1] "Retrieving coordinates... 2025-04-25 12:52:03.473603"
[1] "Retrieving H3 Indexes for Buildings... 2025-04-25 12:52:03.476082"
[1] "Deleting Footprints... 2025-04-25 12:52:03.646408"
[1] "89 Files Succesfully Downloaded --- 2025-04-25 12:52:04"
[1] "Downloading Footprints for link 90 @ 2025-04-25 12:52:03.648144"
[1] "File Downloaded... unzipping... 2025-04-25 12:52:04.054385"
[1] "Reading in data and making spatial... 2025-04-25 12:52:04.079525"
[1] "Retrieving coordinates... 2025-04-25 12:52:04.11311"
[1] "Retrieving H3 Indexes for Buildings... 2025-04-25 12:52:04.113611"
[1] "Deleting Footprints... 2025-04-25 12:52:04.362898"
[1] "90 Files Succesfully Downloaded --- 2025-04-25 12:52:04"
[1] "Downloading Footprints for link 91 @ 2025-04-25 12:52:04.366373"
[1] "File Downloaded... unzipping... 2025-04-25 12:52:05.274409"
[1] "Reading in data and making spatial... 2025-04-25 12:52:05.334638"
[1] "Retrieving coordinates... 2025-04-25 12:52:08.797679"
[1] "Retrieving H3 Indexes for Buildings... 2025-04-25 12:52:08.801309"
[1] "Deleting Footprints... 2025-04-25 12:52:08.97797"
[1] "91 Files Succesfully Downloaded --- 2025-04-25 12:52:09"
[1] "Downloading Footprints for link 92 @ 2025-04-25 12:52:08.980482"
[1] "File Downloaded... unzipping... 2025-04-25 12:52:09.746966"
[1] "Reading in data and making spatial... 2025-04-25 12:52:09.778023"
[1] "Retrieving coordinates... 2025-04-25 12:52:09.897216"
[1] "Retrieving H3 Indexes for Buildings... 2025-04-25 12:52:09.898298"
[1] "Deleting Footprints... 2025-04-25 12:52:10.328135"
[1] "92 Files Succesfully Downloaded --- 2025-04-25 12:52:10"
[1] "Downloading Footprints for link 93 @ 2025-04-25 12:52:10.331847"
[1] "File Downloaded... unzipping... 2025-04-25 12:52:10.79456"
[1] "Reading in data and making spatial... 2025-04-25 12:52:10.820444"
[1] "Retrieving coordinates... 2025-04-25 12:52:10.880934"
[1] "Retrieving H3 Indexes for Buildings... 2025-04-25 12:52:10.881747"
[1] "Deleting Footprints... 2025-04-25 12:52:10.975679"
[1] "93 Files Succesfully Downloaded --- 2025-04-25 12:52:11"
[1] "Downloading Footprints for link 94 @ 2025-04-25 12:52:10.980181"
[1] "File Downloaded... unzipping... 2025-04-25 12:52:11.620448"
[1] "Reading in data and making spatial... 2025-04-25 12:52:11.658684"
[1] "Retrieving coordinates... 2025-04-25 12:52:11.807974"
[1] "Retrieving H3 Indexes for Buildings... 2025-04-25 12:52:11.809431"
[1] "Deleting Footprints... 2025-04-25 12:52:11.973257"
[1] "94 Files Succesfully Downloaded --- 2025-04-25 12:52:12"
[1] "Downloading Footprints for link 95 @ 2025-04-25 12:52:11.976151"
[1] "File Downloaded... unzipping... 2025-04-25 12:52:12.525349"
[1] "Reading in data and making spatial... 2025-04-25 12:52:12.553438"
[1] "Retrieving coordinates... 2025-04-25 12:52:12.643564"
[1] "Retrieving H3 Indexes for Buildings... 2025-04-25 12:52:12.644525"
[1] "Deleting Footprints... 2025-04-25 12:52:12.905464"
[1] "95 Files Succesfully Downloaded --- 2025-04-25 12:52:13"
[1] "Downloading Footprints for link 96 @ 2025-04-25 12:52:12.908195"
[1] "File Downloaded... unzipping... 2025-04-25 12:52:13.337831"
[1] "Reading in data and making spatial... 2025-04-25 12:52:13.361305"
[1] "Retrieving coordinates... 2025-04-25 12:52:13.392926"
[1] "Retrieving H3 Indexes for Buildings... 2025-04-25 12:52:13.393453"
[1] "Deleting Footprints... 2025-04-25 12:52:13.837577"
[1] "96 Files Succesfully Downloaded --- 2025-04-25 12:52:14"
[1] "Downloading Footprints for link 97 @ 2025-04-25 12:52:13.841615"
[1] "File Downloaded... unzipping... 2025-04-25 12:52:14.74596"
[1] "Reading in data and making spatial... 2025-04-25 12:52:14.983314"
[1] "Retrieving coordinates... 2025-04-25 12:52:15.365956"
[1] "Retrieving H3 Indexes for Buildings... 2025-04-25 12:52:15.369027"
[1] "Deleting Footprints... 2025-04-25 12:52:15.468809"
[1] "97 Files Succesfully Downloaded --- 2025-04-25 12:52:15"
[1] "Downloading Footprints for link 98 @ 2025-04-25 12:52:15.473575"
[1] "File Downloaded... unzipping... 2025-04-25 12:52:16.74456"
[1] "Reading in data and making spatial... 2025-04-25 12:52:16.883635"
[1] "Retrieving coordinates... 2025-04-25 12:52:18.984801"
[1] "Retrieving H3 Indexes for Buildings... 2025-04-25 12:52:18.997496"
[1] "Deleting Footprints... 2025-04-25 12:52:19.570546"
[1] "98 Files Succesfully Downloaded --- 2025-04-25 12:52:20"
[1] "Downloading Footprints for link 99 @ 2025-04-25 12:52:19.573173"
[1] "File Downloaded... unzipping... 2025-04-25 12:52:24.542127"
[1] "Reading in data and making spatial... 2025-04-25 12:52:25.009031"
[1] "Retrieving coordinates... 2025-04-25 12:52:25.339596"
[1] "Retrieving H3 Indexes for Buildings... 2025-04-25 12:52:25.34224"
[1] "Deleting Footprints... 2025-04-25 12:52:25.444162"
[1] "99 Files Succesfully Downloaded --- 2025-04-25 12:52:25"
[1] "Downloading Footprints for link 100 @ 2025-04-25 12:52:25.447376"
[1] "File Downloaded... unzipping... 2025-04-25 12:52:26.458735"
[1] "Reading in data and making spatial... 2025-04-25 12:52:26.802235"
[1] "Retrieving coordinates... 2025-04-25 12:52:27.75392"
[1] "Retrieving H3 Indexes for Buildings... 2025-04-25 12:52:27.760112"
[1] "Deleting Footprints... 2025-04-25 12:52:27.984685"
[1] "100 Files Succesfully Downloaded --- 2025-04-25 12:52:28"
[1] "Downloading Footprints for link 101 @ 2025-04-25 12:52:27.989532"
[1] "File Downloaded... unzipping... 2025-04-25 12:52:28.811958"
[1] "Reading in data and making spatial... 2025-04-25 12:52:28.850697"
[1] "Retrieving coordinates... 2025-04-25 12:52:29.083358"
[1] "Retrieving H3 Indexes for Buildings... 2025-04-25 12:52:29.085163"
[1] "Deleting Footprints... 2025-04-25 12:52:29.31307"
[1] "101 Files Succesfully Downloaded --- 2025-04-25 12:52:29"
[1] "SCRIPT COMPLETE @ 2025-04-25 12:52:31"
