[1] "Starting at: 2025-04-25 12:49:10"
[1] "Loading Links at: 2025-04-25 12:49:21"
[1] "quadkeys to download: 45"
[1] "Downloading and Joining footprints to Hex @ 2025-04-25 12:49:21"
[1] "Downloading Footprints for link 1 @ 2025-04-25 12:49:20.743378"
[1] "File Downloaded... unzipping... 2025-04-25 12:49:31.598065"
[1] "Reading in data and making spatial... 2025-04-25 12:49:31.954451"
[1] "Retrieving coordinates... 2025-04-25 12:49:35.686007"
[1] "Retrieving H3 Indexes for Buildings... 2025-04-25 12:49:35.70317"
[1] "Deleting Footprints... 2025-04-25 12:49:35.836782"
[1] "1 Files Succesfully Downloaded --- 2025-04-25 12:49:36"
[1] "Downloading Footprints for link 2 @ 2025-04-25 12:49:35.848611"
[1] "File Downloaded... unzipping... 2025-04-25 12:49:36.99363"
[1] "Reading in data and making spatial... 2025-04-25 12:49:37.382119"
[1] "Retrieving coordinates... 2025-04-25 12:49:38.755526"
[1] "Retrieving H3 Indexes for Buildings... 2025-04-25 12:49:38.764827"
[1] "Deleting Footprints... 2025-04-25 12:49:38.821039"
[1] "2 Files Succesfully Downloaded --- 2025-04-25 12:49:39"
[1] "Downloading Footprints for link 3 @ 2025-04-25 12:49:38.824111"
[1] "File Downloaded... unzipping... 2025-04-25 12:49:41.943631"
[1] "Reading in data and making spatial... 2025-04-25 12:49:42.255402"
[1] "Retrieving coordinates... 2025-04-25 12:49:49.482193"
[1] "Retrieving H3 Indexes for Buildings... 2025-04-25 12:49:49.516276"
[1] "Deleting Footprints... 2025-04-25 12:49:49.713718"
[1] "3 Files Succesfully Downloaded --- 2025-04-25 12:49:50"
[1] "Downloading Footprints for link 4 @ 2025-04-25 12:49:49.714501"
[1] "File Downloaded... unzipping... 2025-04-25 12:49:51.364603"
[1] "Reading in data and making spatial... 2025-04-25 12:49:51.723665"
[1] "Retrieving coordinates... 2025-04-25 12:49:59.270414"
[1] "Retrieving H3 Indexes for Buildings... 2025-04-25 12:49:59.310484"
[1] "Deleting Footprints... 2025-04-25 12:49:59.54314"
[1] "4 Files Succesfully Downloaded --- 2025-04-25 12:50:00"
[1] "Downloading Footprints for link 5 @ 2025-04-25 12:49:59.54576"
[1] "File Downloaded... unzipping... 2025-04-25 12:50:01.361526"
[1] "Reading in data and making spatial... 2025-04-25 12:50:01.709596"
[1] "Retrieving coordinates... 2025-04-25 12:50:10.37083"
[1] "Retrieving H3 Indexes for Buildings... 2025-04-25 12:50:10.412621"
[1] "Deleting Footprints... 2025-04-25 12:50:10.662534"
[1] "5 Files Succesfully Downloaded --- 2025-04-25 12:50:11"
[1] "Downloading Footprints for link 6 @ 2025-04-25 12:50:10.666363"
[1] "File Downloaded... unzipping... 2025-04-25 12:50:12.532995"
[1] "Reading in data and making spatial... 2025-04-25 12:50:13.06049"
[1] "Retrieving coordinates... 2025-04-25 12:50:26.001382"
[1] "Retrieving H3 Indexes for Buildings... 2025-04-25 12:50:26.061204"
[1] "Deleting Footprints... 2025-04-25 12:50:26.421647"
[1] "6 Files Succesfully Downloaded --- 2025-04-25 12:50:26"
[1] "Downloading Footprints for link 7 @ 2025-04-25 12:50:26.424985"
[1] "File Downloaded... unzipping... 2025-04-25 12:50:27.412706"
[1] "Reading in data and making spatial... 2025-04-25 12:50:27.575133"
[1] "Retrieving coordinates... 2025-04-25 12:50:28.63247"
[1] "Retrieving H3 Indexes for Buildings... 2025-04-25 12:50:28.638359"
[1] "Deleting Footprints... 2025-04-25 12:50:28.723523"
[1] "7 Files Succesfully Downloaded --- 2025-04-25 12:50:29"
[1] "Downloading Footprints for link 8 @ 2025-04-25 12:50:28.72732"
[1] "File Downloaded... unzipping... 2025-04-25 12:50:29.836586"
[1] "Reading in data and making spatial... 2025-04-25 12:50:29.963974"
[1] "Retrieving coordinates... 2025-04-25 12:50:31.60012"
[1] "Retrieving H3 Indexes for Buildings... 2025-04-25 12:50:31.605956"
[1] "Deleting Footprints... 2025-04-25 12:50:31.682926"
[1] "8 Files Succesfully Downloaded --- 2025-04-25 12:50:32"
[1] "Downloading Footprints for link 9 @ 2025-04-25 12:50:31.685426"
[1] "File Downloaded... unzipping... 2025-04-25 12:50:34.051968"
[1] "Reading in data and making spatial... 2025-04-25 12:50:34.357004"
[1] "Retrieving coordinates... 2025-04-25 12:50:35.252912"
[1] "Retrieving H3 Indexes for Buildings... 2025-04-25 12:50:35.257032"
[1] "Deleting Footprints... 2025-04-25 12:50:36.016006"
[1] "9 Files Succesfully Downloaded --- 2025-04-25 12:50:36"
[1] "Downloading Footprints for link 10 @ 2025-04-25 12:50:36.019402"
[1] "File Downloaded... unzipping... 2025-04-25 12:50:37.034126"
[1] "Reading in data and making spatial... 2025-04-25 12:50:37.351827"
[1] "Retrieving coordinates... 2025-04-25 12:50:38.570522"
[1] "Retrieving H3 Indexes for Buildings... 2025-04-25 12:50:38.578397"
[1] "Deleting Footprints... 2025-04-25 12:50:38.673594"
[1] "10 Files Succesfully Downloaded --- 2025-04-25 12:50:39"
[1] "Downloading Footprints for link 11 @ 2025-04-25 12:50:38.67731"
[1] "File Downloaded... unzipping... 2025-04-25 12:50:39.945029"
[1] "Reading in data and making spatial... 2025-04-25 12:50:40.168789"
[1] "Retrieving coordinates... 2025-04-25 12:50:41.858636"
[1] "Retrieving H3 Indexes for Buildings... 2025-04-25 12:50:41.868595"
[1] "Deleting Footprints... 2025-04-25 12:50:41.978378"
[1] "11 Files Succesfully Downloaded --- 2025-04-25 12:50:42"
[1] "Downloading Footprints for link 12 @ 2025-04-25 12:50:41.982365"
[1] "File Downloaded... unzipping... 2025-04-25 12:50:43.114117"
[1] "Reading in data and making spatial... 2025-04-25 12:50:43.242501"
[1] "Retrieving coordinates... 2025-04-25 12:50:45.727036"
[1] "Retrieving H3 Indexes for Buildings... 2025-04-25 12:50:45.739791"
[1] "Deleting Footprints... 2025-04-25 12:50:46.002877"
[1] "12 Files Succesfully Downloaded --- 2025-04-25 12:50:46"
[1] "Downloading Footprints for link 13 @ 2025-04-25 12:50:46.006113"
[1] "File Downloaded... unzipping... 2025-04-25 12:50:47.121382"
[1] "Reading in data and making spatial... 2025-04-25 12:50:47.53089"
[1] "Retrieving coordinates... 2025-04-25 12:50:49.702759"
[1] "Retrieving H3 Indexes for Buildings... 2025-04-25 12:50:49.713996"
[1] "Deleting Footprints... 2025-04-25 12:50:49.836609"
[1] "13 Files Succesfully Downloaded --- 2025-04-25 12:50:50"
[1] "Downloading Footprints for link 14 @ 2025-04-25 12:50:49.840353"
[1] "File Downloaded... unzipping... 2025-04-25 12:50:51.634826"
[1] "Reading in data and making spatial... 2025-04-25 12:50:51.908342"
[1] "Retrieving coordinates... 2025-04-25 12:50:55.959276"
[1] "Retrieving H3 Indexes for Buildings... 2025-04-25 12:50:55.979938"
[1] "Deleting Footprints... 2025-04-25 12:50:56.154721"
[1] "14 Files Succesfully Downloaded --- 2025-04-25 12:50:56"
[1] "Downloading Footprints for link 15 @ 2025-04-25 12:50:56.157311"
[1] "File Downloaded... unzipping... 2025-04-25 12:50:57.369078"
[1] "Reading in data and making spatial... 2025-04-25 12:50:57.669666"
[1] "Retrieving coordinates... 2025-04-25 12:51:00.852211"
[1] "Retrieving H3 Indexes for Buildings... 2025-04-25 12:51:00.866578"
[1] "Deleting Footprints... 2025-04-25 12:51:01.005534"
[1] "15 Files Succesfully Downloaded --- 2025-04-25 12:51:01"
[1] "Downloading Footprints for link 16 @ 2025-04-25 12:51:01.008325"
[1] "File Downloaded... unzipping... 2025-04-25 12:51:02.676218"
[1] "Reading in data and making spatial... 2025-04-25 12:51:03.079385"
[1] "Retrieving coordinates... 2025-04-25 12:51:14.222561"
[1] "Retrieving H3 Indexes for Buildings... 2025-04-25 12:51:14.391474"
[1] "Deleting Footprints... 2025-04-25 12:51:14.745195"
[1] "16 Files Succesfully Downloaded --- 2025-04-25 12:51:15"
[1] "Downloading Footprints for link 17 @ 2025-04-25 12:51:14.748055"
[1] "File Downloaded... unzipping... 2025-04-25 12:51:16.302882"
[1] "Reading in data and making spatial... 2025-04-25 12:51:16.637606"
[1] "Retrieving coordinates... 2025-04-25 12:51:25.719472"
[1] "Retrieving H3 Indexes for Buildings... 2025-04-25 12:51:25.758728"
[1] "Deleting Footprints... 2025-04-25 12:51:26.071866"
[1] "17 Files Succesfully Downloaded --- 2025-04-25 12:51:26"
[1] "Downloading Footprints for link 18 @ 2025-04-25 12:51:26.074452"
[1] "File Downloaded... unzipping... 2025-04-25 12:51:27.540434"
[1] "Reading in data and making spatial... 2025-04-25 12:51:27.842965"
[1] "Retrieving coordinates... 2025-04-25 12:51:35.001015"
[1] "Retrieving H3 Indexes for Buildings... 2025-04-25 12:51:35.03433"
[1] "Deleting Footprints... 2025-04-25 12:51:35.875591"
[1] "18 Files Succesfully Downloaded --- 2025-04-25 12:51:36"
[1] "Downloading Footprints for link 19 @ 2025-04-25 12:51:35.881152"
[1] "File Downloaded... unzipping... 2025-04-25 12:51:37.132322"
[1] "Reading in data and making spatial... 2025-04-25 12:51:37.247547"
[1] "Retrieving coordinates... 2025-04-25 12:51:39.09435"
[1] "Retrieving H3 Indexes for Buildings... 2025-04-25 12:51:39.104918"
[1] "Deleting Footprints... 2025-04-25 12:51:39.387468"
[1] "19 Files Succesfully Downloaded --- 2025-04-25 12:51:39"
[1] "Downloading Footprints for link 20 @ 2025-04-25 12:51:39.390838"
[1] "File Downloaded... unzipping... 2025-04-25 12:51:40.938884"
[1] "Reading in data and making spatial... 2025-04-25 12:51:41.61716"
[1] "Retrieving coordinates... 2025-04-25 12:51:46.278923"
[1] "Retrieving H3 Indexes for Buildings... 2025-04-25 12:51:46.301827"
[1] "Deleting Footprints... 2025-04-25 12:51:46.523058"
[1] "20 Files Succesfully Downloaded --- 2025-04-25 12:51:47"
[1] "Downloading Footprints for link 21 @ 2025-04-25 12:51:46.526944"
[1] "File Downloaded... unzipping... 2025-04-25 12:51:47.607692"
[1] "Reading in data and making spatial... 2025-04-25 12:51:47.877906"
[1] "Retrieving coordinates... 2025-04-25 12:51:50.90551"
[1] "Retrieving H3 Indexes for Buildings... 2025-04-25 12:51:50.916464"
[1] "Deleting Footprints... 2025-04-25 12:51:51.0725"
[1] "21 Files Succesfully Downloaded --- 2025-04-25 12:51:51"
[1] "Downloading Footprints for link 22 @ 2025-04-25 12:51:51.074886"
[1] "File Downloaded... unzipping... 2025-04-25 12:51:55.216199"
[1] "Reading in data and making spatial... 2025-04-25 12:51:55.387778"
[1] "Retrieving coordinates... 2025-04-25 12:51:57.786261"
[1] "Retrieving H3 Indexes for Buildings... 2025-04-25 12:51:57.798104"
[1] "Deleting Footprints... 2025-04-25 12:51:58.725131"
[1] "22 Files Succesfully Downloaded --- 2025-04-25 12:51:59"
[1] "Downloading Footprints for link 23 @ 2025-04-25 12:51:58.729379"
[1] "File Downloaded... unzipping... 2025-04-25 12:52:00.460469"
[1] "Reading in data and making spatial... 2025-04-25 12:52:00.963956"
[1] "Retrieving coordinates... 2025-04-25 12:52:13.063405"
[1] "Retrieving H3 Indexes for Buildings... 2025-04-25 12:52:13.125146"
[1] "Deleting Footprints... 2025-04-25 12:52:14.13684"
[1] "23 Files Succesfully Downloaded --- 2025-04-25 12:52:14"
[1] "Downloading Footprints for link 24 @ 2025-04-25 12:52:14.13923"
[1] "File Downloaded... unzipping... 2025-04-25 12:52:16.205687"
[1] "Reading in data and making spatial... 2025-04-25 12:52:17.585604"
[1] "Retrieving coordinates... 2025-04-25 12:52:33.063786"
[1] "Retrieving H3 Indexes for Buildings... 2025-04-25 12:52:33.142487"
[1] "Deleting Footprints... 2025-04-25 12:52:33.701456"
[1] "24 Files Succesfully Downloaded --- 2025-04-25 12:52:34"
[1] "Downloading Footprints for link 25 @ 2025-04-25 12:52:33.70561"
[1] "File Downloaded... unzipping... 2025-04-25 12:52:34.735873"
[1] "Reading in data and making spatial... 2025-04-25 12:52:35.602365"
[1] "Retrieving coordinates... 2025-04-25 12:52:36.948365"
[1] "Retrieving H3 Indexes for Buildings... 2025-04-25 12:52:36.956939"
[1] "Deleting Footprints... 2025-04-25 12:52:38.095842"
[1] "25 Files Succesfully Downloaded --- 2025-04-25 12:52:38"
[1] "Downloading Footprints for link 26 @ 2025-04-25 12:52:38.100612"
[1] "File Downloaded... unzipping... 2025-04-25 12:52:39.325235"
[1] "Reading in data and making spatial... 2025-04-25 12:52:39.52633"
[1] "Retrieving coordinates... 2025-04-25 12:52:42.059508"
[1] "Retrieving H3 Indexes for Buildings... 2025-04-25 12:52:42.074099"
[1] "Deleting Footprints... 2025-04-25 12:52:42.781331"
[1] "26 Files Succesfully Downloaded --- 2025-04-25 12:52:43"
[1] "Downloading Footprints for link 27 @ 2025-04-25 12:52:42.785264"
[1] "File Downloaded... unzipping... 2025-04-25 12:52:44.114706"
[1] "Reading in data and making spatial... 2025-04-25 12:52:44.418636"
[1] "Retrieving coordinates... 2025-04-25 12:52:48.226814"
[1] "Retrieving H3 Indexes for Buildings... 2025-04-25 12:52:48.250957"
[1] "Deleting Footprints... 2025-04-25 12:52:49.331536"
[1] "27 Files Succesfully Downloaded --- 2025-04-25 12:52:49"
[1] "Downloading Footprints for link 28 @ 2025-04-25 12:52:49.336451"
[1] "File Downloaded... unzipping... 2025-04-25 12:52:50.485955"
[1] "Reading in data and making spatial... 2025-04-25 12:52:50.754506"
[1] "Retrieving coordinates... 2025-04-25 12:52:52.195285"
[1] "Retrieving H3 Indexes for Buildings... 2025-04-25 12:52:52.204057"
[1] "Deleting Footprints... 2025-04-25 12:52:52.885217"
[1] "28 Files Succesfully Downloaded --- 2025-04-25 12:52:53"
[1] "Downloading Footprints for link 29 @ 2025-04-25 12:52:52.888113"
[1] "File Downloaded... unzipping... 2025-04-25 12:52:54.04198"
[1] "Reading in data and making spatial... 2025-04-25 12:52:54.34551"
[1] "Retrieving coordinates... 2025-04-25 12:52:57.407851"
[1] "Retrieving H3 Indexes for Buildings... 2025-04-25 12:52:57.424389"
[1] "Deleting Footprints... 2025-04-25 12:52:57.690106"
[1] "29 Files Succesfully Downloaded --- 2025-04-25 12:52:58"
[1] "Downloading Footprints for link 30 @ 2025-04-25 12:52:57.693129"
[1] "File Downloaded... unzipping... 2025-04-25 12:52:58.918094"
[1] "Reading in data and making spatial... 2025-04-25 12:52:59.520916"
[1] "Retrieving coordinates... 2025-04-25 12:53:01.509681"
[1] "Retrieving H3 Indexes for Buildings... 2025-04-25 12:53:01.52112"
[1] "Deleting Footprints... 2025-04-25 12:53:02.617188"
[1] "30 Files Succesfully Downloaded --- 2025-04-25 12:53:03"
[1] "Downloading Footprints for link 31 @ 2025-04-25 12:53:02.621434"
[1] "File Downloaded... unzipping... 2025-04-25 12:53:03.869457"
[1] "Reading in data and making spatial... 2025-04-25 12:53:04.456398"
[1] "Retrieving coordinates... 2025-04-25 12:53:05.291912"
[1] "Retrieving H3 Indexes for Buildings... 2025-04-25 12:53:05.297362"
[1] "Deleting Footprints... 2025-04-25 12:53:05.914869"
[1] "31 Files Succesfully Downloaded --- 2025-04-25 12:53:06"
[1] "Downloading Footprints for link 32 @ 2025-04-25 12:53:05.917689"
[1] "File Downloaded... unzipping... 2025-04-25 12:53:07.274576"
[1] "Reading in data and making spatial... 2025-04-25 12:53:07.495728"
[1] "Retrieving coordinates... 2025-04-25 12:53:10.403181"
[1] "Retrieving H3 Indexes for Buildings... 2025-04-25 12:53:10.420635"
[1] "Deleting Footprints... 2025-04-25 12:53:11.054955"
[1] "32 Files Succesfully Downloaded --- 2025-04-25 12:53:11"
[1] "Downloading Footprints for link 33 @ 2025-04-25 12:53:11.05861"
[1] "File Downloaded... unzipping... 2025-04-25 12:53:13.032674"
[1] "Reading in data and making spatial... 2025-04-25 12:53:13.18631"
[1] "Retrieving coordinates... 2025-04-25 12:53:15.551369"
[1] "Retrieving H3 Indexes for Buildings... 2025-04-25 12:53:15.56581"
[1] "Deleting Footprints... 2025-04-25 12:53:16.164491"
[1] "33 Files Succesfully Downloaded --- 2025-04-25 12:53:16"
[1] "Downloading Footprints for link 34 @ 2025-04-25 12:53:16.168125"
[1] "File Downloaded... unzipping... 2025-04-25 12:53:17.539021"
[1] "Reading in data and making spatial... 2025-04-25 12:53:17.909354"
[1] "Retrieving coordinates... 2025-04-25 12:53:21.15805"
[1] "Retrieving H3 Indexes for Buildings... 2025-04-25 12:53:21.174736"
[1] "Deleting Footprints... 2025-04-25 12:53:21.825457"
[1] "34 Files Succesfully Downloaded --- 2025-04-25 12:53:22"
[1] "Downloading Footprints for link 35 @ 2025-04-25 12:53:21.829469"
[1] "File Downloaded... unzipping... 2025-04-25 12:53:23.157639"
[1] "Reading in data and making spatial... 2025-04-25 12:53:23.324556"
[1] "Retrieving coordinates... 2025-04-25 12:53:27.059201"
[1] "Retrieving H3 Indexes for Buildings... 2025-04-25 12:53:27.077371"
[1] "Deleting Footprints... 2025-04-25 12:53:27.781292"
[1] "35 Files Succesfully Downloaded --- 2025-04-25 12:53:28"
[1] "Downloading Footprints for link 36 @ 2025-04-25 12:53:27.785188"
[1] "File Downloaded... unzipping... 2025-04-25 12:53:29.624974"
[1] "Reading in data and making spatial... 2025-04-25 12:53:30.484134"
[1] "Retrieving coordinates... 2025-04-25 12:53:39.855469"
[1] "Retrieving H3 Indexes for Buildings... 2025-04-25 12:53:39.908647"
[1] "Deleting Footprints... 2025-04-25 12:53:41.628162"
[1] "36 Files Succesfully Downloaded --- 2025-04-25 12:53:42"
[1] "Downloading Footprints for link 37 @ 2025-04-25 12:53:41.630743"
[1] "File Downloaded... unzipping... 2025-04-25 12:53:43.459848"
[1] "Reading in data and making spatial... 2025-04-25 12:53:43.627145"
[1] "Retrieving coordinates... 2025-04-25 12:53:46.521388"
[1] "Retrieving H3 Indexes for Buildings... 2025-04-25 12:53:46.538046"
[1] "Deleting Footprints... 2025-04-25 12:53:47.525733"
[1] "37 Files Succesfully Downloaded --- 2025-04-25 12:53:48"
[1] "Downloading Footprints for link 38 @ 2025-04-25 12:53:47.529913"
[1] "File Downloaded... unzipping... 2025-04-25 12:53:48.979608"
[1] "Reading in data and making spatial... 2025-04-25 12:53:49.255184"
[1] "Retrieving coordinates... 2025-04-25 12:53:53.219458"
[1] "Retrieving H3 Indexes for Buildings... 2025-04-25 12:53:53.242424"
[1] "Deleting Footprints... 2025-04-25 12:53:54.05769"
[1] "38 Files Succesfully Downloaded --- 2025-04-25 12:53:54"
[1] "Downloading Footprints for link 39 @ 2025-04-25 12:53:54.060275"
[1] "File Downloaded... unzipping... 2025-04-25 12:53:56.260728"
[1] "Reading in data and making spatial... 2025-04-25 12:53:56.904453"
[1] "Retrieving coordinates... 2025-04-25 12:54:07.197147"
[1] "Retrieving H3 Indexes for Buildings... 2025-04-25 12:54:07.257838"
[1] "Deleting Footprints... 2025-04-25 12:54:09.373824"
[1] "39 Files Succesfully Downloaded --- 2025-04-25 12:54:09"
[1] "Downloading Footprints for link 40 @ 2025-04-25 12:54:09.378044"
[1] "File Downloaded... unzipping... 2025-04-25 12:54:11.232142"
[1] "Reading in data and making spatial... 2025-04-25 12:54:11.564277"
[1] "Retrieving coordinates... 2025-04-25 12:54:18.698611"
[1] "Retrieving H3 Indexes for Buildings... 2025-04-25 12:54:18.741045"
[1] "Deleting Footprints... 2025-04-25 12:54:19.415109"
[1] "40 Files Succesfully Downloaded --- 2025-04-25 12:54:19"
[1] "Downloading Footprints for link 41 @ 2025-04-25 12:54:19.417584"
[1] "File Downloaded... unzipping... 2025-04-25 12:54:21.278566"
[1] "Reading in data and making spatial... 2025-04-25 12:54:21.703233"
[1] "Retrieving coordinates... 2025-04-25 12:54:30.789272"
[1] "Retrieving H3 Indexes for Buildings... 2025-04-25 12:54:30.85554"
[1] "Deleting Footprints... 2025-04-25 12:54:32.818419"
[1] "41 Files Succesfully Downloaded --- 2025-04-25 12:54:33"
[1] "Downloading Footprints for link 42 @ 2025-04-25 12:54:32.824542"
[1] "File Downloaded... unzipping... 2025-04-25 12:54:35.401501"
[1] "Reading in data and making spatial... 2025-04-25 12:54:36.097288"
[1] "Retrieving coordinates... 2025-04-25 12:54:52.648695"
[1] "Retrieving H3 Indexes for Buildings... 2025-04-25 12:54:52.738274"
[1] "Deleting Footprints... 2025-04-25 12:54:54.771446"
[1] "42 Files Succesfully Downloaded --- 2025-04-25 12:54:55"
[1] "Downloading Footprints for link 43 @ 2025-04-25 12:54:54.774602"
[1] "File Downloaded... unzipping... 2025-04-25 12:54:56.674646"
[1] "Reading in data and making spatial... 2025-04-25 12:54:57.234309"
[1] "Retrieving coordinates... 2025-04-25 12:55:05.593089"
[1] "Retrieving H3 Indexes for Buildings... 2025-04-25 12:55:05.639639"
[1] "Deleting Footprints... 2025-04-25 12:55:06.666973"
[1] "43 Files Succesfully Downloaded --- 2025-04-25 12:55:07"
[1] "Downloading Footprints for link 44 @ 2025-04-25 12:55:06.671072"
[1] "File Downloaded... unzipping... 2025-04-25 12:55:10.746829"
[1] "Reading in data and making spatial... 2025-04-25 12:55:12.617161"
[1] "Retrieving coordinates... 2025-04-25 12:55:36.414625"
[1] "Retrieving H3 Indexes for Buildings... 2025-04-25 12:55:36.548899"
[1] "Deleting Footprints... 2025-04-25 12:55:38.300992"
[1] "44 Files Succesfully Downloaded --- 2025-04-25 12:55:38"
[1] "Downloading Footprints for link 45 @ 2025-04-25 12:55:38.302821"
[1] "File Downloaded... unzipping... 2025-04-25 12:55:41.956218"
[1] "Reading in data and making spatial... 2025-04-25 12:55:42.451261"
[1] "Retrieving coordinates... 2025-04-25 12:55:53.380082"
[1] "Retrieving H3 Indexes for Buildings... 2025-04-25 12:55:53.44537"
[1] "Deleting Footprints... 2025-04-25 12:55:56.012478"
[1] "45 Files Succesfully Downloaded --- 2025-04-25 12:55:56"
[1] "SCRIPT COMPLETE @ 2025-04-25 12:56:00"
