[1] "Starting at: 2025-04-25 12:49:32"
[1] "Loading Links at: 2025-04-25 12:49:43"
[1] "quadkeys to download: 4"
[1] "Downloading and Joining footprints to Hex @ 2025-04-25 12:49:43"
[1] "Downloading Footprints for link 1 @ 2025-04-25 12:49:42.800383"
[1] "File Downloaded... unzipping... 2025-04-25 12:49:44.139158"
[1] "Reading in data and making spatial... 2025-04-25 12:49:44.364619"
[1] "Retrieving coordinates... 2025-04-25 12:49:49.775087"
[1] "Retrieving H3 Indexes for Buildings... 2025-04-25 12:49:49.804871"
[1] "Deleting Footprints... 2025-04-25 12:49:49.941458"
[1] "1 Files Succesfully Downloaded --- 2025-04-25 12:49:50"
[1] "Downloading Footprints for link 2 @ 2025-04-25 12:49:49.945197"
[1] "File Downloaded... unzipping... 2025-04-25 12:49:52.933278"
[1] "Reading in data and making spatial... 2025-04-25 12:49:53.163418"
[1] "Retrieving coordinates... 2025-04-25 12:49:58.005051"
[1] "Retrieving H3 Indexes for Buildings... 2025-04-25 12:49:58.027047"
[1] "Deleting Footprints... 2025-04-25 12:49:58.157697"
[1] "2 Files Succesfully Downloaded --- 2025-04-25 12:49:58"
[1] "Downloading Footprints for link 3 @ 2025-04-25 12:49:58.161895"
[1] "File Downloaded... unzipping... 2025-04-25 12:50:00.352956"
[1] "Reading in data and making spatial... 2025-04-25 12:50:01.786022"
[1] "Retrieving coordinates... 2025-04-25 12:50:17.819279"
[1] "Retrieving H3 Indexes for Buildings... 2025-04-25 12:50:17.897567"
[1] "Deleting Footprints... 2025-04-25 12:50:18.339016"
[1] "3 Files Succesfully Downloaded --- 2025-04-25 12:50:18"
[1] "Downloading Footprints for link 4 @ 2025-04-25 12:50:18.34226"
[1] "File Downloaded... unzipping... 2025-04-25 12:50:19.493037"
[1] "Reading in data and making spatial... 2025-04-25 12:50:19.605802"
[1] "Retrieving coordinates... 2025-04-25 12:50:21.524532"
[1] "Retrieving H3 Indexes for Buildings... 2025-04-25 12:50:21.532329"
[1] "Deleting Footprints... 2025-04-25 12:50:21.604576"
[1] "4 Files Succesfully Downloaded --- 2025-04-25 12:50:22"
[1] "SCRIPT COMPLETE @ 2025-04-25 12:50:23"
