
Due to MODULEPATH changes, the following have been reloaded:
  1) netcdf/4.9.2     2) udunits/2.2.28

The following have been reloaded with a version change:
  1) R/4.3.0 => R/4.4.2             4) hdf5/1.10.8 => hdf5/1.14.5
  2) gdal/3.6.4 => gdal/3.7.3       5) intel/21.4 => intel/24.2
  3) geos/3.11.2 => geos/3.12.0     6) proj/9.2.0 => proj/9.3.0

── Attaching core tidyverse packages ──────────────────────── tidyverse 2.0.0 ──
✔ dplyr     1.1.4     ✔ readr     2.1.5
✔ forcats   1.0.0     ✔ stringr   1.5.1
✔ ggplot2   3.5.1     ✔ tibble    3.2.1
✔ lubridate 1.9.3     ✔ tidyr     1.3.1
✔ purrr     1.0.2     
── Conflicts ────────────────────────────────────────── tidyverse_conflicts() ──
✖ dplyr::filter() masks stats::filter()
✖ dplyr::lag()    masks stats::lag()
ℹ Use the conflicted package (<http://conflicted.r-lib.org/>) to force all conflicts to become errors
Linking to GEOS 3.12.0, GDAL 3.7.3, PROJ 9.3.0; sf_use_s2() is TRUE

Attaching package: ‘vroom’

The following objects are masked from ‘package:readr’:

    as.col_spec, col_character, col_date, col_datetime, col_double,
    col_factor, col_guess, col_integer, col_logical, col_number,
    col_skip, col_time, cols, cols_condense, cols_only, date_names,
    date_names_lang, date_names_langs, default_locale, fwf_cols,
    fwf_empty, fwf_positions, fwf_widths, locale, output_column,
    problems, spec

Loading required package: R.oo
Loading required package: R.methodsS3
R.methodsS3 v1.8.2 (2022-06-13 22:00:14 UTC) successfully loaded. See ?R.methodsS3 for help.
R.oo v1.27.0 (2024-11-01 18:00:02 UTC) successfully loaded. See ?R.oo for help.

Attaching package: ‘R.oo’

The following object is masked from ‘package:R.methodsS3’:

    throw

The following objects are masked from ‘package:methods’:

    getClasses, getMethods

The following objects are masked from ‘package:base’:

    attach, detach, load, save

R.utils v2.12.3 (2023-11-18 01:00:02 UTC) successfully loaded. See ?R.utils for help.

Attaching package: ‘R.utils’

The following object is masked from ‘package:tidyr’:

    extract

The following object is masked from ‘package:utils’:

    timestamp

The following objects are masked from ‘package:base’:

    cat, commandArgs, getOption, isOpen, nullfile, parse, use, warnings


Attaching package: ‘h3’

The following object is masked from ‘package:purrr’:

    compact

Rows: 8315444 Columns: 3
── Column specification ────────────────────────────────────────────────────────
Delimiter: ","
chr (3): quadkey, GISJOIN, GEOID

ℹ Use `spec()` to retrieve the full column specification for this data.
ℹ Specify the column types or set `show_col_types = FALSE` to quiet this message.
Rows: 3000 Columns: 10
── Column specification ────────────────────────────────────────────────────────
Delimiter: "\t"
chr  (4): STUSPS, STATEFP, QuadKey, Url
dbl  (5): tile_x, tile_y, tile_zoom, lat, lon
date (1): UploadDate

ℹ Use `spec()` to retrieve the full column specification for this data.
ℹ Specify the column types or set `show_col_types = FALSE` to quiet this message.
There were 31 warnings (use warnings() to see them)
