[1] "Starting at: 2025-04-25 12:49:33"
[1] "Loading Links at: 2025-04-25 12:49:44"
[1] "quadkeys to download: 31"
[1] "Downloading and Joining footprints to Hex @ 2025-04-25 12:49:44"
[1] "Downloading Footprints for link 1 @ 2025-04-25 12:49:43.638602"
[1] "File Downloaded... unzipping... 2025-04-25 12:49:44.901226"
[1] "Reading in data and making spatial... 2025-04-25 12:49:45.112402"
[1] "Retrieving coordinates... 2025-04-25 12:49:50.258689"
[1] "Retrieving H3 Indexes for Buildings... 2025-04-25 12:49:50.285644"
[1] "Deleting Footprints... 2025-04-25 12:49:50.413089"
[1] "1 Files Succesfully Downloaded --- 2025-04-25 12:49:50"
[1] "Downloading Footprints for link 2 @ 2025-04-25 12:49:50.416698"
[1] "File Downloaded... unzipping... 2025-04-25 12:50:04.714262"
[1] "Reading in data and making spatial... 2025-04-25 12:50:05.181529"
[1] "Retrieving coordinates... 2025-04-25 12:50:15.401537"
[1] "Retrieving H3 Indexes for Buildings... 2025-04-25 12:50:15.456099"
[1] "Deleting Footprints... 2025-04-25 12:50:15.76536"
[1] "2 Files Succesfully Downloaded --- 2025-04-25 12:50:16"
[1] "Downloading Footprints for link 3 @ 2025-04-25 12:50:15.76787"
[1] "File Downloaded... unzipping... 2025-04-25 12:50:16.751734"
[1] "Reading in data and making spatial... 2025-04-25 12:50:17.284459"
[1] "Retrieving coordinates... 2025-04-25 12:50:18.868825"
[1] "Retrieving H3 Indexes for Buildings... 2025-04-25 12:50:18.876683"
[1] "Deleting Footprints... 2025-04-25 12:50:18.941841"
[1] "3 Files Succesfully Downloaded --- 2025-04-25 12:50:19"
[1] "Downloading Footprints for link 4 @ 2025-04-25 12:50:18.94384"
[1] "File Downloaded... unzipping... 2025-04-25 12:50:20.457288"
[1] "Reading in data and making spatial... 2025-04-25 12:50:21.776509"
[1] "Retrieving coordinates... 2025-04-25 12:50:29.400818"
[1] "Retrieving H3 Indexes for Buildings... 2025-04-25 12:50:29.438702"
[1] "Deleting Footprints... 2025-04-25 12:50:29.664338"
[1] "4 Files Succesfully Downloaded --- 2025-04-25 12:50:30"
[1] "Downloading Footprints for link 5 @ 2025-04-25 12:50:29.667582"
[1] "File Downloaded... unzipping... 2025-04-25 12:50:31.066813"
[1] "Reading in data and making spatial... 2025-04-25 12:50:31.18851"
[1] "Retrieving coordinates... 2025-04-25 12:50:33.626519"
[1] "Retrieving H3 Indexes for Buildings... 2025-04-25 12:50:33.637768"
[1] "Deleting Footprints... 2025-04-25 12:50:33.731231"
[1] "5 Files Succesfully Downloaded --- 2025-04-25 12:50:34"
[1] "Downloading Footprints for link 6 @ 2025-04-25 12:50:33.733771"
[1] "File Downloaded... unzipping... 2025-04-25 12:50:34.896762"
[1] "Reading in data and making spatial... 2025-04-25 12:50:35.088448"
[1] "Retrieving coordinates... 2025-04-25 12:50:36.028333"
[1] "Retrieving H3 Indexes for Buildings... 2025-04-25 12:50:36.033447"
[1] "Deleting Footprints... 2025-04-25 12:50:36.360702"
[1] "6 Files Succesfully Downloaded --- 2025-04-25 12:50:36"
[1] "Downloading Footprints for link 7 @ 2025-04-25 12:50:36.363504"
[1] "File Downloaded... unzipping... 2025-04-25 12:50:37.311552"
[1] "Reading in data and making spatial... 2025-04-25 12:50:37.45162"
[1] "Retrieving coordinates... 2025-04-25 12:50:38.241487"
[1] "Retrieving H3 Indexes for Buildings... 2025-04-25 12:50:38.245914"
[1] "Deleting Footprints... 2025-04-25 12:50:38.406747"
[1] "7 Files Succesfully Downloaded --- 2025-04-25 12:50:38"
[1] "Downloading Footprints for link 8 @ 2025-04-25 12:50:38.41078"
[1] "File Downloaded... unzipping... 2025-04-25 12:50:43.05061"
[1] "Reading in data and making spatial... 2025-04-25 12:50:43.44313"
[1] "Retrieving coordinates... 2025-04-25 12:50:49.519641"
[1] "Retrieving H3 Indexes for Buildings... 2025-04-25 12:50:49.55029"
[1] "Deleting Footprints... 2025-04-25 12:50:49.852978"
[1] "8 Files Succesfully Downloaded --- 2025-04-25 12:50:50"
[1] "Downloading Footprints for link 9 @ 2025-04-25 12:50:49.856299"
[1] "File Downloaded... unzipping... 2025-04-25 12:50:50.991476"
[1] "Reading in data and making spatial... 2025-04-25 12:50:51.682724"
[1] "Retrieving coordinates... 2025-04-25 12:50:54.133731"
[1] "Retrieving H3 Indexes for Buildings... 2025-04-25 12:50:54.143665"
[1] "Deleting Footprints... 2025-04-25 12:50:54.243853"
[1] "9 Files Succesfully Downloaded --- 2025-04-25 12:50:54"
[1] "Downloading Footprints for link 10 @ 2025-04-25 12:50:54.247643"
[1] "File Downloaded... unzipping... 2025-04-25 12:50:55.477845"
[1] "Reading in data and making spatial... 2025-04-25 12:50:55.868825"
[1] "Retrieving coordinates... 2025-04-25 12:50:58.646765"
[1] "Retrieving H3 Indexes for Buildings... 2025-04-25 12:50:58.660081"
[1] "Deleting Footprints... 2025-04-25 12:50:58.778604"
[1] "10 Files Succesfully Downloaded --- 2025-04-25 12:50:59"
[1] "Downloading Footprints for link 11 @ 2025-04-25 12:50:58.782689"
[1] "File Downloaded... unzipping... 2025-04-25 12:51:00.522921"
[1] "Reading in data and making spatial... 2025-04-25 12:51:00.881923"
[1] "Retrieving coordinates... 2025-04-25 12:51:06.957329"
[1] "Retrieving H3 Indexes for Buildings... 2025-04-25 12:51:06.989186"
[1] "Deleting Footprints... 2025-04-25 12:51:07.483367"
[1] "11 Files Succesfully Downloaded --- 2025-04-25 12:51:07"
[1] "Downloading Footprints for link 12 @ 2025-04-25 12:51:07.485618"
[1] "File Downloaded... unzipping... 2025-04-25 12:51:09.082699"
[1] "Reading in data and making spatial... 2025-04-25 12:51:09.891666"
[1] "Retrieving coordinates... 2025-04-25 12:51:19.120689"
[1] "Retrieving H3 Indexes for Buildings... 2025-04-25 12:51:19.173033"
[1] "Deleting Footprints... 2025-04-25 12:51:19.607983"
[1] "12 Files Succesfully Downloaded --- 2025-04-25 12:51:20"
[1] "Downloading Footprints for link 13 @ 2025-04-25 12:51:19.610104"
[1] "File Downloaded... unzipping... 2025-04-25 12:51:20.852204"
[1] "Reading in data and making spatial... 2025-04-25 12:51:21.05347"
[1] "Retrieving coordinates... 2025-04-25 12:51:25.355324"
[1] "Retrieving H3 Indexes for Buildings... 2025-04-25 12:51:25.377595"
[1] "Deleting Footprints... 2025-04-25 12:51:26.124922"
[1] "13 Files Succesfully Downloaded --- 2025-04-25 12:51:26"
[1] "Downloading Footprints for link 14 @ 2025-04-25 12:51:26.128506"
[1] "File Downloaded... unzipping... 2025-04-25 12:51:27.82097"
[1] "Reading in data and making spatial... 2025-04-25 12:51:28.343939"
[1] "Retrieving coordinates... 2025-04-25 12:51:40.759233"
[1] "Retrieving H3 Indexes for Buildings... 2025-04-25 12:51:40.826842"
[1] "Deleting Footprints... 2025-04-25 12:51:42.431581"
[1] "14 Files Succesfully Downloaded --- 2025-04-25 12:51:42"
[1] "Downloading Footprints for link 15 @ 2025-04-25 12:51:42.433484"
[1] "File Downloaded... unzipping... 2025-04-25 12:51:45.925354"
[1] "Reading in data and making spatial... 2025-04-25 12:51:46.060286"
[1] "Retrieving coordinates... 2025-04-25 12:51:47.309767"
[1] "Retrieving H3 Indexes for Buildings... 2025-04-25 12:51:47.318208"
[1] "Deleting Footprints... 2025-04-25 12:51:47.935913"
[1] "15 Files Succesfully Downloaded --- 2025-04-25 12:51:48"
[1] "Downloading Footprints for link 16 @ 2025-04-25 12:51:47.939655"
[1] "File Downloaded... unzipping... 2025-04-25 12:51:49.913325"
[1] "Reading in data and making spatial... 2025-04-25 12:51:50.577327"
[1] "Retrieving coordinates... 2025-04-25 12:52:04.735262"
[1] "Retrieving H3 Indexes for Buildings... 2025-04-25 12:52:04.814474"
[1] "Deleting Footprints... 2025-04-25 12:52:06.570602"
[1] "16 Files Succesfully Downloaded --- 2025-04-25 12:52:07"
[1] "Downloading Footprints for link 17 @ 2025-04-25 12:52:06.575787"
[1] "File Downloaded... unzipping... 2025-04-25 12:52:07.8389"
[1] "Reading in data and making spatial... 2025-04-25 12:52:07.971771"
[1] "Retrieving coordinates... 2025-04-25 12:52:10.364078"
[1] "Retrieving H3 Indexes for Buildings... 2025-04-25 12:52:10.377226"
[1] "Deleting Footprints... 2025-04-25 12:52:10.950049"
[1] "17 Files Succesfully Downloaded --- 2025-04-25 12:52:11"
[1] "Downloading Footprints for link 18 @ 2025-04-25 12:52:10.95318"
[1] "File Downloaded... unzipping... 2025-04-25 12:52:12.241177"
[1] "Reading in data and making spatial... 2025-04-25 12:52:13.079225"
[1] "Retrieving coordinates... 2025-04-25 12:52:15.06268"
[1] "Retrieving H3 Indexes for Buildings... 2025-04-25 12:52:15.076691"
[1] "Deleting Footprints... 2025-04-25 12:52:15.437268"
[1] "18 Files Succesfully Downloaded --- 2025-04-25 12:52:15"
[1] "Downloading Footprints for link 19 @ 2025-04-25 12:52:15.439458"
[1] "File Downloaded... unzipping... 2025-04-25 12:52:16.847766"
[1] "Reading in data and making spatial... 2025-04-25 12:52:17.14187"
[1] "Retrieving coordinates... 2025-04-25 12:52:20.842825"
[1] "Retrieving H3 Indexes for Buildings... 2025-04-25 12:52:20.863202"
[1] "Deleting Footprints... 2025-04-25 12:52:21.879135"
[1] "19 Files Succesfully Downloaded --- 2025-04-25 12:52:22"
[1] "Downloading Footprints for link 20 @ 2025-04-25 12:52:21.881937"
[1] "File Downloaded... unzipping... 2025-04-25 12:52:23.368571"
[1] "Reading in data and making spatial... 2025-04-25 12:52:23.637788"
[1] "Retrieving coordinates... 2025-04-25 12:52:27.956978"
[1] "Retrieving H3 Indexes for Buildings... 2025-04-25 12:52:27.987546"
[1] "Deleting Footprints... 2025-04-25 12:52:28.689454"
[1] "20 Files Succesfully Downloaded --- 2025-04-25 12:52:29"
[1] "Downloading Footprints for link 21 @ 2025-04-25 12:52:28.692925"
[1] "File Downloaded... unzipping... 2025-04-25 12:52:30.089339"
[1] "Reading in data and making spatial... 2025-04-25 12:52:30.289787"
[1] "Retrieving coordinates... 2025-04-25 12:52:34.188222"
[1] "Retrieving H3 Indexes for Buildings... 2025-04-25 12:52:34.211558"
[1] "Deleting Footprints... 2025-04-25 12:52:35.390219"
[1] "21 Files Succesfully Downloaded --- 2025-04-25 12:52:35"
[1] "Downloading Footprints for link 22 @ 2025-04-25 12:52:35.394807"
[1] "File Downloaded... unzipping... 2025-04-25 12:52:37.403556"
[1] "Reading in data and making spatial... 2025-04-25 12:52:37.849403"
[1] "Retrieving coordinates... 2025-04-25 12:52:47.044124"
[1] "Retrieving H3 Indexes for Buildings... 2025-04-25 12:52:47.095726"
[1] "Deleting Footprints... 2025-04-25 12:52:48.601414"
[1] "22 Files Succesfully Downloaded --- 2025-04-25 12:52:49"
[1] "Downloading Footprints for link 23 @ 2025-04-25 12:52:48.605352"
[1] "File Downloaded... unzipping... 2025-04-25 12:52:54.848669"
[1] "Reading in data and making spatial... 2025-04-25 12:52:55.177067"
[1] "Retrieving coordinates... 2025-04-25 12:52:56.893585"
[1] "Retrieving H3 Indexes for Buildings... 2025-04-25 12:52:56.904015"
[1] "Deleting Footprints... 2025-04-25 12:52:57.637045"
[1] "23 Files Succesfully Downloaded --- 2025-04-25 12:52:58"
[1] "Downloading Footprints for link 24 @ 2025-04-25 12:52:57.640915"
[1] "File Downloaded... unzipping... 2025-04-25 12:52:58.808075"
[1] "Reading in data and making spatial... 2025-04-25 12:52:59.190619"
[1] "Retrieving coordinates... 2025-04-25 12:53:02.514667"
[1] "Retrieving H3 Indexes for Buildings... 2025-04-25 12:53:02.53464"
[1] "Deleting Footprints... 2025-04-25 12:53:03.621098"
[1] "24 Files Succesfully Downloaded --- 2025-04-25 12:53:04"
[1] "Downloading Footprints for link 25 @ 2025-04-25 12:53:03.625147"
[1] "File Downloaded... unzipping... 2025-04-25 12:53:04.776954"
[1] "Reading in data and making spatial... 2025-04-25 12:53:04.898658"
[1] "Retrieving coordinates... 2025-04-25 12:53:06.925495"
[1] "Retrieving H3 Indexes for Buildings... 2025-04-25 12:53:06.937448"
[1] "Deleting Footprints... 2025-04-25 12:53:07.455093"
[1] "25 Files Succesfully Downloaded --- 2025-04-25 12:53:07"
[1] "Downloading Footprints for link 26 @ 2025-04-25 12:53:07.458211"
[1] "File Downloaded... unzipping... 2025-04-25 12:53:08.735312"
[1] "Reading in data and making spatial... 2025-04-25 12:53:08.908309"
[1] "Retrieving coordinates... 2025-04-25 12:53:11.398082"
[1] "Retrieving H3 Indexes for Buildings... 2025-04-25 12:53:11.412641"
[1] "Deleting Footprints... 2025-04-25 12:53:11.833585"
[1] "26 Files Succesfully Downloaded --- 2025-04-25 12:53:12"
[1] "Downloading Footprints for link 27 @ 2025-04-25 12:53:11.837231"
[1] "File Downloaded... unzipping... 2025-04-25 12:53:13.126368"
[1] "Reading in data and making spatial... 2025-04-25 12:53:13.291021"
[1] "Retrieving coordinates... 2025-04-25 12:53:16.480505"
[1] "Retrieving H3 Indexes for Buildings... 2025-04-25 12:53:16.496485"
[1] "Deleting Footprints... 2025-04-25 12:53:17.350503"
[1] "27 Files Succesfully Downloaded --- 2025-04-25 12:53:17"
[1] "Downloading Footprints for link 28 @ 2025-04-25 12:53:17.354005"
[1] "File Downloaded... unzipping... 2025-04-25 12:53:18.479584"
[1] "Reading in data and making spatial... 2025-04-25 12:53:18.634065"
[1] "Retrieving coordinates... 2025-04-25 12:53:20.048333"
[1] "Retrieving H3 Indexes for Buildings... 2025-04-25 12:53:20.057468"
[1] "Deleting Footprints... 2025-04-25 12:53:20.572886"
[1] "28 Files Succesfully Downloaded --- 2025-04-25 12:53:21"
[1] "Downloading Footprints for link 29 @ 2025-04-25 12:53:20.575199"
[1] "File Downloaded... unzipping... 2025-04-25 12:53:22.135001"
[1] "Reading in data and making spatial... 2025-04-25 12:53:22.860523"
[1] "Retrieving coordinates... 2025-04-25 12:53:29.393596"
[1] "Retrieving H3 Indexes for Buildings... 2025-04-25 12:53:29.859315"
[1] "Deleting Footprints... 2025-04-25 12:53:30.928656"
[1] "29 Files Succesfully Downloaded --- 2025-04-25 12:53:31"
[1] "Downloading Footprints for link 30 @ 2025-04-25 12:53:30.931058"
[1] "File Downloaded... unzipping... 2025-04-25 12:53:31.263237"
[1] "Reading in data and making spatial... 2025-04-25 12:53:31.286703"
[1] "Retrieving coordinates... 2025-04-25 12:53:31.306085"
[1] "Retrieving H3 Indexes for Buildings... 2025-04-25 12:53:31.306529"
[1] "Deleting Footprints... 2025-04-25 12:53:32.042716"
[1] "30 Files Succesfully Downloaded --- 2025-04-25 12:53:32"
[1] "Downloading Footprints for link 31 @ 2025-04-25 12:53:32.045802"
[1] "File Downloaded... unzipping... 2025-04-25 12:53:33.291464"
[1] "Reading in data and making spatial... 2025-04-25 12:53:33.474285"
[1] "Retrieving coordinates... 2025-04-25 12:53:36.247648"
[1] "Retrieving H3 Indexes for Buildings... 2025-04-25 12:53:36.265423"
[1] "Deleting Footprints... 2025-04-25 12:53:36.993198"
[1] "31 Files Succesfully Downloaded --- 2025-04-25 12:53:37"
[1] "SCRIPT COMPLETE @ 2025-04-25 12:53:40"
