[1] "Starting at: 2025-04-25 12:49:36"
[1] "Loading Links at: 2025-04-25 12:49:47"
[1] "quadkeys to download: 78"
[1] "Downloading and Joining footprints to Hex @ 2025-04-25 12:49:47"
[1] "Downloading Footprints for link 1 @ 2025-04-25 12:49:46.966554"
[1] "File Downloaded... unzipping... 2025-04-25 12:49:47.941081"
[1] "Reading in data and making spatial... 2025-04-25 12:49:48.048664"
[1] "Retrieving coordinates... 2025-04-25 12:49:49.168494"
[1] "Retrieving H3 Indexes for Buildings... 2025-04-25 12:49:49.173935"
[1] "Deleting Footprints... 2025-04-25 12:49:49.193627"
[1] "1 Files Succesfully Downloaded --- 2025-04-25 12:49:49"
[1] "Downloading Footprints for link 2 @ 2025-04-25 12:49:49.196592"
[1] "File Downloaded... unzipping... 2025-04-25 12:49:49.967686"
[1] "Reading in data and making spatial... 2025-04-25 12:49:50.261202"
[1] "Retrieving coordinates... 2025-04-25 12:49:50.504946"
[1] "Retrieving H3 Indexes for Buildings... 2025-04-25 12:49:50.507269"
[1] "Deleting Footprints... 2025-04-25 12:49:50.518092"
[1] "2 Files Succesfully Downloaded --- 2025-04-25 12:49:51"
[1] "Downloading Footprints for link 3 @ 2025-04-25 12:49:50.521697"
[1] "File Downloaded... unzipping... 2025-04-25 12:49:50.914518"
[1] "Reading in data and making spatial... 2025-04-25 12:49:51.79901"
[1] "Retrieving coordinates... 2025-04-25 12:49:51.834276"
[1] "Retrieving H3 Indexes for Buildings... 2025-04-25 12:49:51.834823"
[1] "Deleting Footprints... 2025-04-25 12:49:51.837308"
[1] "3 Files Succesfully Downloaded --- 2025-04-25 12:49:52"
[1] "Downloading Footprints for link 4 @ 2025-04-25 12:49:51.838912"
[1] "File Downloaded... unzipping... 2025-04-25 12:49:52.299892"
[1] "Reading in data and making spatial... 2025-04-25 12:49:52.326194"
[1] "Retrieving coordinates... 2025-04-25 12:49:52.383307"
[1] "Retrieving H3 Indexes for Buildings... 2025-04-25 12:49:52.384024"
[1] "Deleting Footprints... 2025-04-25 12:49:52.387326"
[1] "4 Files Succesfully Downloaded --- 2025-04-25 12:49:52"
[1] "Downloading Footprints for link 5 @ 2025-04-25 12:49:52.39038"
[1] "File Downloaded... unzipping... 2025-04-25 12:49:52.969394"
[1] "Reading in data and making spatial... 2025-04-25 12:49:52.995368"
[1] "Retrieving coordinates... 2025-04-25 12:49:53.075146"
[1] "Retrieving H3 Indexes for Buildings... 2025-04-25 12:49:53.076042"
[1] "Deleting Footprints... 2025-04-25 12:49:53.080736"
[1] "5 Files Succesfully Downloaded --- 2025-04-25 12:49:53"
[1] "Downloading Footprints for link 6 @ 2025-04-25 12:49:53.08363"
[1] "File Downloaded... unzipping... 2025-04-25 12:49:53.832257"
[1] "Reading in data and making spatial... 2025-04-25 12:49:53.86671"
[1] "Retrieving coordinates... 2025-04-25 12:49:54.06284"
[1] "Retrieving H3 Indexes for Buildings... 2025-04-25 12:49:54.064624"
[1] "Deleting Footprints... 2025-04-25 12:49:54.074328"
[1] "6 Files Succesfully Downloaded --- 2025-04-25 12:49:54"
[1] "Downloading Footprints for link 7 @ 2025-04-25 12:49:54.077605"
[1] "File Downloaded... unzipping... 2025-04-25 12:49:54.909421"
[1] "Reading in data and making spatial... 2025-04-25 12:49:54.955802"
[1] "Retrieving coordinates... 2025-04-25 12:49:55.263886"
[1] "Retrieving H3 Indexes for Buildings... 2025-04-25 12:49:55.266286"
[1] "Deleting Footprints... 2025-04-25 12:49:55.28044"
[1] "7 Files Succesfully Downloaded --- 2025-04-25 12:49:55"
[1] "Downloading Footprints for link 8 @ 2025-04-25 12:49:55.281185"
[1] "File Downloaded... unzipping... 2025-04-25 12:49:56.376472"
[1] "Reading in data and making spatial... 2025-04-25 12:49:56.603987"
[1] "Retrieving coordinates... 2025-04-25 12:49:57.411638"
[1] "Retrieving H3 Indexes for Buildings... 2025-04-25 12:49:57.416735"
[1] "Deleting Footprints... 2025-04-25 12:49:57.447656"
[1] "8 Files Succesfully Downloaded --- 2025-04-25 12:49:57"
[1] "Downloading Footprints for link 9 @ 2025-04-25 12:49:57.452729"
[1] "File Downloaded... unzipping... 2025-04-25 12:49:58.073062"
[1] "Reading in data and making spatial... 2025-04-25 12:49:58.105247"
[1] "Retrieving coordinates... 2025-04-25 12:49:58.289627"
[1] "Retrieving H3 Indexes for Buildings... 2025-04-25 12:49:58.291226"
[1] "Deleting Footprints... 2025-04-25 12:49:58.302349"
[1] "9 Files Succesfully Downloaded --- 2025-04-25 12:49:58"
[1] "Downloading Footprints for link 10 @ 2025-04-25 12:49:58.305736"
[1] "File Downloaded... unzipping... 2025-04-25 12:49:59.315519"
[1] "Reading in data and making spatial... 2025-04-25 12:49:59.669301"
[1] "Retrieving coordinates... 2025-04-25 12:50:00.613289"
[1] "Retrieving H3 Indexes for Buildings... 2025-04-25 12:50:00.62044"
[1] "Deleting Footprints... 2025-04-25 12:50:00.663613"
[1] "10 Files Succesfully Downloaded --- 2025-04-25 12:50:01"
[1] "Downloading Footprints for link 11 @ 2025-04-25 12:50:00.666695"
[1] "File Downloaded... unzipping... 2025-04-25 12:50:01.127008"
[1] "Reading in data and making spatial... 2025-04-25 12:50:01.263716"
[1] "Retrieving coordinates... 2025-04-25 12:50:01.333826"
[1] "Retrieving H3 Indexes for Buildings... 2025-04-25 12:50:01.334638"
[1] "Deleting Footprints... 2025-04-25 12:50:01.342332"
[1] "11 Files Succesfully Downloaded --- 2025-04-25 12:50:01"
[1] "Downloading Footprints for link 12 @ 2025-04-25 12:50:01.344459"
[1] "File Downloaded... unzipping... 2025-04-25 12:50:02.273353"
[1] "Reading in data and making spatial... 2025-04-25 12:50:02.481693"
[1] "Retrieving coordinates... 2025-04-25 12:50:03.137702"
[1] "Retrieving H3 Indexes for Buildings... 2025-04-25 12:50:03.142258"
[1] "Deleting Footprints... 2025-04-25 12:50:03.170471"
[1] "12 Files Succesfully Downloaded --- 2025-04-25 12:50:03"
[1] "Downloading Footprints for link 13 @ 2025-04-25 12:50:03.173662"
[1] "File Downloaded... unzipping... 2025-04-25 12:50:03.59802"
[1] "Reading in data and making spatial... 2025-04-25 12:50:03.624604"
[1] "Retrieving coordinates... 2025-04-25 12:50:03.670309"
[1] "Retrieving H3 Indexes for Buildings... 2025-04-25 12:50:03.67089"
[1] "Deleting Footprints... 2025-04-25 12:50:03.678308"
[1] "13 Files Succesfully Downloaded --- 2025-04-25 12:50:04"
[1] "Downloading Footprints for link 14 @ 2025-04-25 12:50:03.679949"
[1] "File Downloaded... unzipping... 2025-04-25 12:50:04.138397"
[1] "Reading in data and making spatial... 2025-04-25 12:50:04.165709"
[1] "Retrieving coordinates... 2025-04-25 12:50:04.209188"
[1] "Retrieving H3 Indexes for Buildings... 2025-04-25 12:50:04.209753"
[1] "Deleting Footprints... 2025-04-25 12:50:04.217077"
[1] "14 Files Succesfully Downloaded --- 2025-04-25 12:50:04"
[1] "Downloading Footprints for link 15 @ 2025-04-25 12:50:04.219152"
[1] "File Downloaded... unzipping... 2025-04-25 12:50:04.677774"
[1] "Reading in data and making spatial... 2025-04-25 12:50:04.706136"
[1] "Retrieving coordinates... 2025-04-25 12:50:04.780642"
[1] "Retrieving H3 Indexes for Buildings... 2025-04-25 12:50:04.781435"
[1] "Deleting Footprints... 2025-04-25 12:50:04.790017"
[1] "15 Files Succesfully Downloaded --- 2025-04-25 12:50:05"
[1] "Downloading Footprints for link 16 @ 2025-04-25 12:50:04.792108"
[1] "File Downloaded... unzipping... 2025-04-25 12:50:05.591146"
[1] "Reading in data and making spatial... 2025-04-25 12:50:05.6277"
[1] "Retrieving coordinates... 2025-04-25 12:50:05.827798"
[1] "Retrieving H3 Indexes for Buildings... 2025-04-25 12:50:05.829438"
[1] "Deleting Footprints... 2025-04-25 12:50:05.847173"
[1] "16 Files Succesfully Downloaded --- 2025-04-25 12:50:06"
[1] "Downloading Footprints for link 17 @ 2025-04-25 12:50:05.849555"
[1] "File Downloaded... unzipping... 2025-04-25 12:50:06.388984"
[1] "Reading in data and making spatial... 2025-04-25 12:50:06.418304"
[1] "Retrieving coordinates... 2025-04-25 12:50:06.533323"
[1] "Retrieving H3 Indexes for Buildings... 2025-04-25 12:50:06.534359"
[1] "Deleting Footprints... 2025-04-25 12:50:06.55028"
[1] "17 Files Succesfully Downloaded --- 2025-04-25 12:50:07"
[1] "Downloading Footprints for link 18 @ 2025-04-25 12:50:06.551809"
[1] "File Downloaded... unzipping... 2025-04-25 12:50:07.060342"
[1] "Reading in data and making spatial... 2025-04-25 12:50:07.090503"
[1] "Retrieving coordinates... 2025-04-25 12:50:07.174149"
[1] "Retrieving H3 Indexes for Buildings... 2025-04-25 12:50:07.174943"
[1] "Deleting Footprints... 2025-04-25 12:50:07.189621"
[1] "18 Files Succesfully Downloaded --- 2025-04-25 12:50:07"
[1] "Downloading Footprints for link 19 @ 2025-04-25 12:50:07.192494"
[1] "File Downloaded... unzipping... 2025-04-25 12:50:07.650458"
[1] "Reading in data and making spatial... 2025-04-25 12:50:07.789074"
[1] "Retrieving coordinates... 2025-04-25 12:50:07.853767"
[1] "Retrieving H3 Indexes for Buildings... 2025-04-25 12:50:07.8545"
[1] "Deleting Footprints... 2025-04-25 12:50:07.863081"
[1] "19 Files Succesfully Downloaded --- 2025-04-25 12:50:08"
[1] "Downloading Footprints for link 20 @ 2025-04-25 12:50:07.86518"
[1] "File Downloaded... unzipping... 2025-04-25 12:50:08.395671"
[1] "Reading in data and making spatial... 2025-04-25 12:50:08.425"
[1] "Retrieving coordinates... 2025-04-25 12:50:08.492044"
[1] "Retrieving H3 Indexes for Buildings... 2025-04-25 12:50:08.49281"
[1] "Deleting Footprints... 2025-04-25 12:50:08.501753"
[1] "20 Files Succesfully Downloaded --- 2025-04-25 12:50:09"
[1] "Downloading Footprints for link 21 @ 2025-04-25 12:50:08.503511"
[1] "File Downloaded... unzipping... 2025-04-25 12:50:08.986629"
[1] "Reading in data and making spatial... 2025-04-25 12:50:09.014929"
[1] "Retrieving coordinates... 2025-04-25 12:50:09.075762"
[1] "Retrieving H3 Indexes for Buildings... 2025-04-25 12:50:09.076451"
[1] "Deleting Footprints... 2025-04-25 12:50:09.084986"
[1] "21 Files Succesfully Downloaded --- 2025-04-25 12:50:09"
[1] "Downloading Footprints for link 22 @ 2025-04-25 12:50:09.086765"
[1] "File Downloaded... unzipping... 2025-04-25 12:50:09.700363"
[1] "Reading in data and making spatial... 2025-04-25 12:50:09.730379"
[1] "Retrieving coordinates... 2025-04-25 12:50:09.864398"
[1] "Retrieving H3 Indexes for Buildings... 2025-04-25 12:50:09.865573"
[1] "Deleting Footprints... 2025-04-25 12:50:09.877016"
[1] "22 Files Succesfully Downloaded --- 2025-04-25 12:50:10"
[1] "Downloading Footprints for link 23 @ 2025-04-25 12:50:09.878755"
[1] "File Downloaded... unzipping... 2025-04-25 12:50:10.270342"
[1] "Reading in data and making spatial... 2025-04-25 12:50:10.296274"
[1] "Retrieving coordinates... 2025-04-25 12:50:10.331792"
[1] "Retrieving H3 Indexes for Buildings... 2025-04-25 12:50:10.332293"
[1] "Deleting Footprints... 2025-04-25 12:50:10.340413"
[1] "23 Files Succesfully Downloaded --- 2025-04-25 12:50:10"
[1] "Downloading Footprints for link 24 @ 2025-04-25 12:50:10.341757"
[1] "File Downloaded... unzipping... 2025-04-25 12:50:10.872413"
[1] "Reading in data and making spatial... 2025-04-25 12:50:10.906452"
[1] "Retrieving coordinates... 2025-04-25 12:50:11.016833"
[1] "Retrieving H3 Indexes for Buildings... 2025-04-25 12:50:11.017821"
[1] "Deleting Footprints... 2025-04-25 12:50:11.033627"
[1] "24 Files Succesfully Downloaded --- 2025-04-25 12:50:11"
[1] "Downloading Footprints for link 25 @ 2025-04-25 12:50:11.03731"
[1] "File Downloaded... unzipping... 2025-04-25 12:50:11.68581"
[1] "Reading in data and making spatial... 2025-04-25 12:50:11.718503"
[1] "Retrieving coordinates... 2025-04-25 12:50:11.8167"
[1] "Retrieving H3 Indexes for Buildings... 2025-04-25 12:50:11.817613"
[1] "Deleting Footprints... 2025-04-25 12:50:11.831979"
[1] "25 Files Succesfully Downloaded --- 2025-04-25 12:50:12"
[1] "Downloading Footprints for link 26 @ 2025-04-25 12:50:11.834035"
[1] "File Downloaded... unzipping... 2025-04-25 12:50:12.340806"
[1] "Reading in data and making spatial... 2025-04-25 12:50:12.371105"
[1] "Retrieving coordinates... 2025-04-25 12:50:12.421303"
[1] "Retrieving H3 Indexes for Buildings... 2025-04-25 12:50:12.421909"
[1] "Deleting Footprints... 2025-04-25 12:50:12.43747"
[1] "26 Files Succesfully Downloaded --- 2025-04-25 12:50:12"
[1] "Downloading Footprints for link 27 @ 2025-04-25 12:50:12.440484"
[1] "File Downloaded... unzipping... 2025-04-25 12:50:12.932338"
[1] "Reading in data and making spatial... 2025-04-25 12:50:13.050597"
[1] "Retrieving coordinates... 2025-04-25 12:50:13.112839"
[1] "Retrieving H3 Indexes for Buildings... 2025-04-25 12:50:13.113559"
[1] "Deleting Footprints... 2025-04-25 12:50:13.124661"
[1] "27 Files Succesfully Downloaded --- 2025-04-25 12:50:13"
[1] "Downloading Footprints for link 28 @ 2025-04-25 12:50:13.126456"
[1] "File Downloaded... unzipping... 2025-04-25 12:50:13.560948"
[1] "Reading in data and making spatial... 2025-04-25 12:50:13.587642"
[1] "Retrieving coordinates... 2025-04-25 12:50:13.638588"
[1] "Retrieving H3 Indexes for Buildings... 2025-04-25 12:50:13.639198"
[1] "Deleting Footprints... 2025-04-25 12:50:13.651521"
[1] "28 Files Succesfully Downloaded --- 2025-04-25 12:50:14"
[1] "Downloading Footprints for link 29 @ 2025-04-25 12:50:13.654416"
[1] "File Downloaded... unzipping... 2025-04-25 12:50:14.15265"
[1] "Reading in data and making spatial... 2025-04-25 12:50:14.178275"
[1] "Retrieving coordinates... 2025-04-25 12:50:14.246557"
[1] "Retrieving H3 Indexes for Buildings... 2025-04-25 12:50:14.247292"
[1] "Deleting Footprints... 2025-04-25 12:50:14.260698"
[1] "29 Files Succesfully Downloaded --- 2025-04-25 12:50:14"
[1] "Downloading Footprints for link 30 @ 2025-04-25 12:50:14.262661"
[1] "File Downloaded... unzipping... 2025-04-25 12:50:14.845643"
[1] "Reading in data and making spatial... 2025-04-25 12:50:14.877719"
[1] "Retrieving coordinates... 2025-04-25 12:50:14.987709"
[1] "Retrieving H3 Indexes for Buildings... 2025-04-25 12:50:14.98876"
[1] "Deleting Footprints... 2025-04-25 12:50:15.00072"
[1] "30 Files Succesfully Downloaded --- 2025-04-25 12:50:15"
[1] "Downloading Footprints for link 31 @ 2025-04-25 12:50:15.001523"
[1] "File Downloaded... unzipping... 2025-04-25 12:50:15.472296"
[1] "Reading in data and making spatial... 2025-04-25 12:50:15.499794"
[1] "Retrieving coordinates... 2025-04-25 12:50:15.57491"
[1] "Retrieving H3 Indexes for Buildings... 2025-04-25 12:50:15.5757"
[1] "Deleting Footprints... 2025-04-25 12:50:15.586326"
[1] "31 Files Succesfully Downloaded --- 2025-04-25 12:50:16"
[1] "Downloading Footprints for link 32 @ 2025-04-25 12:50:15.589805"
[1] "File Downloaded... unzipping... 2025-04-25 12:50:16.177019"
[1] "Reading in data and making spatial... 2025-04-25 12:50:16.207971"
[1] "Retrieving coordinates... 2025-04-25 12:50:16.338814"
[1] "Retrieving H3 Indexes for Buildings... 2025-04-25 12:50:16.340021"
[1] "Deleting Footprints... 2025-04-25 12:50:16.353295"
[1] "32 Files Succesfully Downloaded --- 2025-04-25 12:50:16"
[1] "Downloading Footprints for link 33 @ 2025-04-25 12:50:16.35571"
[1] "File Downloaded... unzipping... 2025-04-25 12:50:16.774805"
[1] "Reading in data and making spatial... 2025-04-25 12:50:16.800712"
[1] "Retrieving coordinates... 2025-04-25 12:50:16.847133"
[1] "Retrieving H3 Indexes for Buildings... 2025-04-25 12:50:16.847727"
[1] "Deleting Footprints... 2025-04-25 12:50:16.859058"
[1] "33 Files Succesfully Downloaded --- 2025-04-25 12:50:17"
[1] "Downloading Footprints for link 34 @ 2025-04-25 12:50:16.860895"
[1] "File Downloaded... unzipping... 2025-04-25 12:50:17.495456"
[1] "Reading in data and making spatial... 2025-04-25 12:50:17.523247"
[1] "Retrieving coordinates... 2025-04-25 12:50:17.695068"
[1] "Retrieving H3 Indexes for Buildings... 2025-04-25 12:50:17.695844"
[1] "Deleting Footprints... 2025-04-25 12:50:17.70643"
[1] "34 Files Succesfully Downloaded --- 2025-04-25 12:50:18"
[1] "Downloading Footprints for link 35 @ 2025-04-25 12:50:17.709041"
[1] "File Downloaded... unzipping... 2025-04-25 12:50:18.201762"
[1] "Reading in data and making spatial... 2025-04-25 12:50:18.23225"
[1] "Retrieving coordinates... 2025-04-25 12:50:18.314682"
[1] "Retrieving H3 Indexes for Buildings... 2025-04-25 12:50:18.315485"
[1] "Deleting Footprints... 2025-04-25 12:50:18.326238"
[1] "35 Files Succesfully Downloaded --- 2025-04-25 12:50:18"
[1] "Downloading Footprints for link 36 @ 2025-04-25 12:50:18.328514"
[1] "File Downloaded... unzipping... 2025-04-25 12:50:18.830741"
[1] "Reading in data and making spatial... 2025-04-25 12:50:18.861558"
[1] "Retrieving coordinates... 2025-04-25 12:50:18.938925"
[1] "Retrieving H3 Indexes for Buildings... 2025-04-25 12:50:18.939766"
[1] "Deleting Footprints... 2025-04-25 12:50:18.950746"
[1] "36 Files Succesfully Downloaded --- 2025-04-25 12:50:19"
[1] "Downloading Footprints for link 37 @ 2025-04-25 12:50:18.954271"
[1] "File Downloaded... unzipping... 2025-04-25 12:50:19.518142"
[1] "Reading in data and making spatial... 2025-04-25 12:50:19.548618"
[1] "Retrieving coordinates... 2025-04-25 12:50:19.658083"
[1] "Retrieving H3 Indexes for Buildings... 2025-04-25 12:50:19.659079"
[1] "Deleting Footprints... 2025-04-25 12:50:19.672088"
[1] "37 Files Succesfully Downloaded --- 2025-04-25 12:50:20"
[1] "Downloading Footprints for link 38 @ 2025-04-25 12:50:19.675497"
[1] "File Downloaded... unzipping... 2025-04-25 12:50:20.298434"
[1] "Reading in data and making spatial... 2025-04-25 12:50:20.336986"
[1] "Retrieving coordinates... 2025-04-25 12:50:20.525478"
[1] "Retrieving H3 Indexes for Buildings... 2025-04-25 12:50:20.526868"
[1] "Deleting Footprints... 2025-04-25 12:50:20.543179"
[1] "38 Files Succesfully Downloaded --- 2025-04-25 12:50:21"
[1] "Downloading Footprints for link 39 @ 2025-04-25 12:50:20.544587"
[1] "File Downloaded... unzipping... 2025-04-25 12:50:21.081021"
[1] "Reading in data and making spatial... 2025-04-25 12:50:21.109253"
[1] "Retrieving coordinates... 2025-04-25 12:50:21.216858"
[1] "Retrieving H3 Indexes for Buildings... 2025-04-25 12:50:21.217836"
[1] "Deleting Footprints... 2025-04-25 12:50:21.230575"
[1] "39 Files Succesfully Downloaded --- 2025-04-25 12:50:21"
[1] "Downloading Footprints for link 40 @ 2025-04-25 12:50:21.232639"
[1] "File Downloaded... unzipping... 2025-04-25 12:50:22.081841"
[1] "Reading in data and making spatial... 2025-04-25 12:50:22.463282"
[1] "Retrieving coordinates... 2025-04-25 12:50:22.926764"
[1] "Retrieving H3 Indexes for Buildings... 2025-04-25 12:50:22.92908"
[1] "Deleting Footprints... 2025-04-25 12:50:22.949715"
[1] "40 Files Succesfully Downloaded --- 2025-04-25 12:50:23"
[1] "Downloading Footprints for link 41 @ 2025-04-25 12:50:22.950749"
[1] "File Downloaded... unzipping... 2025-04-25 12:50:24.070734"
[1] "Reading in data and making spatial... 2025-04-25 12:50:24.574576"
[1] "Retrieving coordinates... 2025-04-25 12:50:24.73248"
[1] "Retrieving H3 Indexes for Buildings... 2025-04-25 12:50:24.733739"
[1] "Deleting Footprints... 2025-04-25 12:50:24.749904"
[1] "41 Files Succesfully Downloaded --- 2025-04-25 12:50:25"
[1] "Downloading Footprints for link 42 @ 2025-04-25 12:50:24.751608"
[1] "File Downloaded... unzipping... 2025-04-25 12:50:25.294774"
[1] "Reading in data and making spatial... 2025-04-25 12:50:25.325538"
[1] "Retrieving coordinates... 2025-04-25 12:50:25.479802"
[1] "Retrieving H3 Indexes for Buildings... 2025-04-25 12:50:25.481184"
[1] "Deleting Footprints... 2025-04-25 12:50:25.498436"
[1] "42 Files Succesfully Downloaded --- 2025-04-25 12:50:25"
[1] "Downloading Footprints for link 43 @ 2025-04-25 12:50:25.500136"
[1] "File Downloaded... unzipping... 2025-04-25 12:50:26.027073"
[1] "Reading in data and making spatial... 2025-04-25 12:50:26.05372"
[1] "Retrieving coordinates... 2025-04-25 12:50:26.175475"
[1] "Retrieving H3 Indexes for Buildings... 2025-04-25 12:50:26.176609"
[1] "Deleting Footprints... 2025-04-25 12:50:26.190834"
[1] "43 Files Succesfully Downloaded --- 2025-04-25 12:50:26"
[1] "Downloading Footprints for link 44 @ 2025-04-25 12:50:26.194633"
[1] "File Downloaded... unzipping... 2025-04-25 12:50:26.967684"
[1] "Reading in data and making spatial... 2025-04-25 12:50:26.998314"
[1] "Retrieving coordinates... 2025-04-25 12:50:27.124972"
[1] "Retrieving H3 Indexes for Buildings... 2025-04-25 12:50:27.126082"
[1] "Deleting Footprints... 2025-04-25 12:50:27.261844"
[1] "44 Files Succesfully Downloaded --- 2025-04-25 12:50:27"
[1] "Downloading Footprints for link 45 @ 2025-04-25 12:50:27.263796"
[1] "File Downloaded... unzipping... 2025-04-25 12:50:27.999339"
[1] "Reading in data and making spatial... 2025-04-25 12:50:28.04199"
[1] "Retrieving coordinates... 2025-04-25 12:50:28.298297"
[1] "Retrieving H3 Indexes for Buildings... 2025-04-25 12:50:28.300303"
[1] "Deleting Footprints... 2025-04-25 12:50:28.32171"
[1] "45 Files Succesfully Downloaded --- 2025-04-25 12:50:28"
[1] "Downloading Footprints for link 46 @ 2025-04-25 12:50:28.323506"
[1] "File Downloaded... unzipping... 2025-04-25 12:50:29.093363"
[1] "Reading in data and making spatial... 2025-04-25 12:50:29.128222"
[1] "Retrieving coordinates... 2025-04-25 12:50:29.329577"
[1] "Retrieving H3 Indexes for Buildings... 2025-04-25 12:50:29.33111"
[1] "Deleting Footprints... 2025-04-25 12:50:29.349238"
[1] "46 Files Succesfully Downloaded --- 2025-04-25 12:50:29"
[1] "Downloading Footprints for link 47 @ 2025-04-25 12:50:29.350899"
[1] "File Downloaded... unzipping... 2025-04-25 12:50:30.042821"
[1] "Reading in data and making spatial... 2025-04-25 12:50:30.077163"
[1] "Retrieving coordinates... 2025-04-25 12:50:30.215605"
[1] "Retrieving H3 Indexes for Buildings... 2025-04-25 12:50:30.216751"
[1] "Deleting Footprints... 2025-04-25 12:50:30.234127"
[1] "47 Files Succesfully Downloaded --- 2025-04-25 12:50:30"
[1] "Downloading Footprints for link 48 @ 2025-04-25 12:50:30.237059"
[1] "File Downloaded... unzipping... 2025-04-25 12:50:30.729034"
[1] "Reading in data and making spatial... 2025-04-25 12:50:30.862985"
[1] "Retrieving coordinates... 2025-04-25 12:50:30.950005"
[1] "Retrieving H3 Indexes for Buildings... 2025-04-25 12:50:30.950868"
[1] "Deleting Footprints... 2025-04-25 12:50:30.966338"
[1] "48 Files Succesfully Downloaded --- 2025-04-25 12:50:31"
[1] "Downloading Footprints for link 49 @ 2025-04-25 12:50:30.968897"
[1] "File Downloaded... unzipping... 2025-04-25 12:50:31.587001"
[1] "Reading in data and making spatial... 2025-04-25 12:50:31.616596"
[1] "Retrieving coordinates... 2025-04-25 12:50:31.76425"
[1] "Retrieving H3 Indexes for Buildings... 2025-04-25 12:50:31.765568"
[1] "Deleting Footprints... 2025-04-25 12:50:31.783835"
[1] "49 Files Succesfully Downloaded --- 2025-04-25 12:50:32"
[1] "Downloading Footprints for link 50 @ 2025-04-25 12:50:31.787245"
[1] "File Downloaded... unzipping... 2025-04-25 12:50:32.371611"
[1] "Reading in data and making spatial... 2025-04-25 12:50:32.403025"
[1] "Retrieving coordinates... 2025-04-25 12:50:32.567136"
[1] "Retrieving H3 Indexes for Buildings... 2025-04-25 12:50:32.56857"
[1] "Deleting Footprints... 2025-04-25 12:50:32.693686"
[1] "50 Files Succesfully Downloaded --- 2025-04-25 12:50:33"
[1] "Downloading Footprints for link 51 @ 2025-04-25 12:50:32.69575"
[1] "File Downloaded... unzipping... 2025-04-25 12:50:33.770093"
[1] "Reading in data and making spatial... 2025-04-25 12:50:33.805671"
[1] "Retrieving coordinates... 2025-04-25 12:50:34.018083"
[1] "Retrieving H3 Indexes for Buildings... 2025-04-25 12:50:34.019755"
[1] "Deleting Footprints... 2025-04-25 12:50:34.039013"
[1] "51 Files Succesfully Downloaded --- 2025-04-25 12:50:34"
[1] "Downloading Footprints for link 52 @ 2025-04-25 12:50:34.03984"
[1] "File Downloaded... unzipping... 2025-04-25 12:50:34.891371"
[1] "Reading in data and making spatial... 2025-04-25 12:50:34.936844"
[1] "Retrieving coordinates... 2025-04-25 12:50:35.198496"
[1] "Retrieving H3 Indexes for Buildings... 2025-04-25 12:50:35.200495"
[1] "Deleting Footprints... 2025-04-25 12:50:35.33549"
[1] "52 Files Succesfully Downloaded --- 2025-04-25 12:50:35"
[1] "Downloading Footprints for link 53 @ 2025-04-25 12:50:35.337207"
[1] "File Downloaded... unzipping... 2025-04-25 12:50:36.023991"
[1] "Reading in data and making spatial... 2025-04-25 12:50:36.060306"
[1] "Retrieving coordinates... 2025-04-25 12:50:36.296882"
[1] "Retrieving H3 Indexes for Buildings... 2025-04-25 12:50:36.298575"
[1] "Deleting Footprints... 2025-04-25 12:50:36.533522"
[1] "53 Files Succesfully Downloaded --- 2025-04-25 12:50:37"
[1] "Downloading Footprints for link 54 @ 2025-04-25 12:50:36.537744"
[1] "File Downloaded... unzipping... 2025-04-25 12:50:37.183273"
[1] "Reading in data and making spatial... 2025-04-25 12:50:37.225072"
[1] "Retrieving coordinates... 2025-04-25 12:50:37.440151"
[1] "Retrieving H3 Indexes for Buildings... 2025-04-25 12:50:37.441718"
[1] "Deleting Footprints... 2025-04-25 12:50:37.462193"
[1] "54 Files Succesfully Downloaded --- 2025-04-25 12:50:37"
[1] "Downloading Footprints for link 55 @ 2025-04-25 12:50:37.464541"
[1] "File Downloaded... unzipping... 2025-04-25 12:50:38.1518"
[1] "Reading in data and making spatial... 2025-04-25 12:50:38.189228"
[1] "Retrieving coordinates... 2025-04-25 12:50:38.436694"
[1] "Retrieving H3 Indexes for Buildings... 2025-04-25 12:50:38.43834"
[1] "Deleting Footprints... 2025-04-25 12:50:38.459158"
[1] "55 Files Succesfully Downloaded --- 2025-04-25 12:50:38"
[1] "Downloading Footprints for link 56 @ 2025-04-25 12:50:38.462493"
[1] "File Downloaded... unzipping... 2025-04-25 12:50:42.341692"
[1] "Reading in data and making spatial... 2025-04-25 12:50:42.404635"
[1] "Retrieving coordinates... 2025-04-25 12:50:43.243396"
[1] "Retrieving H3 Indexes for Buildings... 2025-04-25 12:50:43.24731"
[1] "Deleting Footprints... 2025-04-25 12:50:43.281338"
[1] "56 Files Succesfully Downloaded --- 2025-04-25 12:50:43"
[1] "Downloading Footprints for link 57 @ 2025-04-25 12:50:43.284684"
[1] "File Downloaded... unzipping... 2025-04-25 12:50:43.932152"
[1] "Reading in data and making spatial... 2025-04-25 12:50:43.967323"
[1] "Retrieving coordinates... 2025-04-25 12:50:44.154792"
[1] "Retrieving H3 Indexes for Buildings... 2025-04-25 12:50:44.156277"
[1] "Deleting Footprints... 2025-04-25 12:50:44.303448"
[1] "57 Files Succesfully Downloaded --- 2025-04-25 12:50:44"
[1] "Downloading Footprints for link 58 @ 2025-04-25 12:50:44.306292"
[1] "File Downloaded... unzipping... 2025-04-25 12:50:45.555908"
[1] "Reading in data and making spatial... 2025-04-25 12:50:45.613166"
[1] "Retrieving coordinates... 2025-04-25 12:50:45.913625"
[1] "Retrieving H3 Indexes for Buildings... 2025-04-25 12:50:45.915799"
[1] "Deleting Footprints... 2025-04-25 12:50:45.941478"
[1] "58 Files Succesfully Downloaded --- 2025-04-25 12:50:46"
[1] "Downloading Footprints for link 59 @ 2025-04-25 12:50:45.943563"
[1] "File Downloaded... unzipping... 2025-04-25 12:50:46.861731"
[1] "Reading in data and making spatial... 2025-04-25 12:50:47.686477"
[1] "Retrieving coordinates... 2025-04-25 12:50:48.05009"
[1] "Retrieving H3 Indexes for Buildings... 2025-04-25 12:50:48.053064"
[1] "Deleting Footprints... 2025-04-25 12:50:48.087647"
[1] "59 Files Succesfully Downloaded --- 2025-04-25 12:50:48"
[1] "Downloading Footprints for link 60 @ 2025-04-25 12:50:48.090365"
[1] "File Downloaded... unzipping... 2025-04-25 12:50:49.032556"
[1] "Reading in data and making spatial... 2025-04-25 12:50:49.125713"
[1] "Retrieving coordinates... 2025-04-25 12:50:49.608595"
[1] "Retrieving H3 Indexes for Buildings... 2025-04-25 12:50:49.612187"
[1] "Deleting Footprints... 2025-04-25 12:50:49.646303"
[1] "60 Files Succesfully Downloaded --- 2025-04-25 12:50:50"
[1] "Downloading Footprints for link 61 @ 2025-04-25 12:50:49.649529"
[1] "File Downloaded... unzipping... 2025-04-25 12:50:51.2223"
[1] "Reading in data and making spatial... 2025-04-25 12:50:51.416933"
[1] "Retrieving coordinates... 2025-04-25 12:50:51.775483"
[1] "Retrieving H3 Indexes for Buildings... 2025-04-25 12:50:51.778218"
[1] "Deleting Footprints... 2025-04-25 12:50:51.809523"
[1] "61 Files Succesfully Downloaded --- 2025-04-25 12:50:52"
[1] "Downloading Footprints for link 62 @ 2025-04-25 12:50:51.811678"
[1] "File Downloaded... unzipping... 2025-04-25 12:50:52.543186"
[1] "Reading in data and making spatial... 2025-04-25 12:50:52.579627"
[1] "Retrieving coordinates... 2025-04-25 12:50:52.740187"
[1] "Retrieving H3 Indexes for Buildings... 2025-04-25 12:50:52.741755"
[1] "Deleting Footprints... 2025-04-25 12:50:52.850719"
[1] "62 Files Succesfully Downloaded --- 2025-04-25 12:50:53"
[1] "Downloading Footprints for link 63 @ 2025-04-25 12:50:52.85482"
[1] "File Downloaded... unzipping... 2025-04-25 12:50:53.594584"
[1] "Reading in data and making spatial... 2025-04-25 12:50:53.629324"
[1] "Retrieving coordinates... 2025-04-25 12:50:53.854929"
[1] "Retrieving H3 Indexes for Buildings... 2025-04-25 12:50:53.856679"
[1] "Deleting Footprints... 2025-04-25 12:50:53.881596"
[1] "63 Files Succesfully Downloaded --- 2025-04-25 12:50:54"
[1] "Downloading Footprints for link 64 @ 2025-04-25 12:50:53.890368"
[1] "File Downloaded... unzipping... 2025-04-25 12:50:54.555248"
[1] "Reading in data and making spatial... 2025-04-25 12:50:54.593589"
[1] "Retrieving coordinates... 2025-04-25 12:50:54.781501"
[1] "Retrieving H3 Indexes for Buildings... 2025-04-25 12:50:54.783079"
[1] "Deleting Footprints... 2025-04-25 12:50:54.808188"
[1] "64 Files Succesfully Downloaded --- 2025-04-25 12:50:55"
[1] "Downloading Footprints for link 65 @ 2025-04-25 12:50:54.810238"
[1] "File Downloaded... unzipping... 2025-04-25 12:50:55.697047"
[1] "Reading in data and making spatial... 2025-04-25 12:50:55.815091"
[1] "Retrieving coordinates... 2025-04-25 12:50:56.552217"
[1] "Retrieving H3 Indexes for Buildings... 2025-04-25 12:50:56.556867"
[1] "Deleting Footprints... 2025-04-25 12:50:56.601002"
[1] "65 Files Succesfully Downloaded --- 2025-04-25 12:50:57"
[1] "Downloading Footprints for link 66 @ 2025-04-25 12:50:56.605289"
[1] "File Downloaded... unzipping... 2025-04-25 12:50:57.559936"
[1] "Reading in data and making spatial... 2025-04-25 12:50:57.896285"
[1] "Retrieving coordinates... 2025-04-25 12:50:58.416134"
[1] "Retrieving H3 Indexes for Buildings... 2025-04-25 12:50:58.420103"
[1] "Deleting Footprints... 2025-04-25 12:50:58.462929"
[1] "66 Files Succesfully Downloaded --- 2025-04-25 12:50:58"
[1] "Downloading Footprints for link 67 @ 2025-04-25 12:50:58.465358"
[1] "File Downloaded... unzipping... 2025-04-25 12:50:59.394019"
[1] "Reading in data and making spatial... 2025-04-25 12:50:59.575334"
[1] "Retrieving coordinates... 2025-04-25 12:51:00.072134"
[1] "Retrieving H3 Indexes for Buildings... 2025-04-25 12:51:00.075426"
[1] "Deleting Footprints... 2025-04-25 12:51:00.111918"
[1] "67 Files Succesfully Downloaded --- 2025-04-25 12:51:00"
[1] "Downloading Footprints for link 68 @ 2025-04-25 12:51:00.116391"
[1] "File Downloaded... unzipping... 2025-04-25 12:51:00.907054"
[1] "Reading in data and making spatial... 2025-04-25 12:51:00.956023"
[1] "Retrieving coordinates... 2025-04-25 12:51:01.431647"
[1] "Retrieving H3 Indexes for Buildings... 2025-04-25 12:51:01.434286"
[1] "Deleting Footprints... 2025-04-25 12:51:01.467389"
[1] "68 Files Succesfully Downloaded --- 2025-04-25 12:51:01"
[1] "Downloading Footprints for link 69 @ 2025-04-25 12:51:01.469814"
[1] "File Downloaded... unzipping... 2025-04-25 12:51:02.552119"
[1] "Reading in data and making spatial... 2025-04-25 12:51:02.750136"
[1] "Retrieving coordinates... 2025-04-25 12:51:03.46812"
[1] "Retrieving H3 Indexes for Buildings... 2025-04-25 12:51:03.472369"
[1] "Deleting Footprints... 2025-04-25 12:51:03.712425"
[1] "69 Files Succesfully Downloaded --- 2025-04-25 12:51:04"
[1] "Downloading Footprints for link 70 @ 2025-04-25 12:51:03.714767"
[1] "File Downloaded... unzipping... 2025-04-25 12:51:04.472422"
[1] "Reading in data and making spatial... 2025-04-25 12:51:04.527986"
[1] "Retrieving coordinates... 2025-04-25 12:51:04.840919"
[1] "Retrieving H3 Indexes for Buildings... 2025-04-25 12:51:04.843014"
[1] "Deleting Footprints... 2025-04-25 12:51:04.875866"
[1] "70 Files Succesfully Downloaded --- 2025-04-25 12:51:05"
[1] "Downloading Footprints for link 71 @ 2025-04-25 12:51:04.879312"
[1] "File Downloaded... unzipping... 2025-04-25 12:51:05.635268"
[1] "Reading in data and making spatial... 2025-04-25 12:51:05.677716"
[1] "Retrieving coordinates... 2025-04-25 12:51:06.109354"
[1] "Retrieving H3 Indexes for Buildings... 2025-04-25 12:51:06.111201"
[1] "Deleting Footprints... 2025-04-25 12:51:06.141614"
[1] "71 Files Succesfully Downloaded --- 2025-04-25 12:51:06"
[1] "Downloading Footprints for link 72 @ 2025-04-25 12:51:06.145324"
[1] "File Downloaded... unzipping... 2025-04-25 12:51:07.275998"
[1] "Reading in data and making spatial... 2025-04-25 12:51:07.393151"
[1] "Retrieving coordinates... 2025-04-25 12:51:09.980969"
[1] "Retrieving H3 Indexes for Buildings... 2025-04-25 12:51:09.992867"
[1] "Deleting Footprints... 2025-04-25 12:51:10.085566"
[1] "72 Files Succesfully Downloaded --- 2025-04-25 12:51:10"
[1] "Downloading Footprints for link 73 @ 2025-04-25 12:51:10.088931"
[1] "File Downloaded... unzipping... 2025-04-25 12:51:11.006287"
[1] "Reading in data and making spatial... 2025-04-25 12:51:11.195309"
[1] "Retrieving coordinates... 2025-04-25 12:51:11.859505"
[1] "Retrieving H3 Indexes for Buildings... 2025-04-25 12:51:11.864111"
[1] "Deleting Footprints... 2025-04-25 12:51:11.922241"
[1] "73 Files Succesfully Downloaded --- 2025-04-25 12:51:12"
[1] "Downloading Footprints for link 74 @ 2025-04-25 12:51:11.924444"
[1] "File Downloaded... unzipping... 2025-04-25 12:51:13.383739"
[1] "Reading in data and making spatial... 2025-04-25 12:51:13.540233"
[1] "Retrieving coordinates... 2025-04-25 12:51:16.879878"
[1] "Retrieving H3 Indexes for Buildings... 2025-04-25 12:51:16.895906"
[1] "Deleting Footprints... 2025-04-25 12:51:17.565881"
[1] "74 Files Succesfully Downloaded --- 2025-04-25 12:51:18"
[1] "Downloading Footprints for link 75 @ 2025-04-25 12:51:17.569942"
[1] "File Downloaded... unzipping... 2025-04-25 12:51:18.569894"
[1] "Reading in data and making spatial... 2025-04-25 12:51:18.746755"
[1] "Retrieving coordinates... 2025-04-25 12:51:19.552529"
[1] "Retrieving H3 Indexes for Buildings... 2025-04-25 12:51:19.559098"
[1] "Deleting Footprints... 2025-04-25 12:51:19.628019"
[1] "75 Files Succesfully Downloaded --- 2025-04-25 12:51:20"
[1] "Downloading Footprints for link 76 @ 2025-04-25 12:51:19.631377"
[1] "File Downloaded... unzipping... 2025-04-25 12:51:20.677553"
[1] "Reading in data and making spatial... 2025-04-25 12:51:20.741366"
[1] "Retrieving coordinates... 2025-04-25 12:51:21.605058"
[1] "Retrieving H3 Indexes for Buildings... 2025-04-25 12:51:21.609581"
[1] "Deleting Footprints... 2025-04-25 12:51:21.667631"
[1] "76 Files Succesfully Downloaded --- 2025-04-25 12:51:22"
[1] "Downloading Footprints for link 77 @ 2025-04-25 12:51:21.671714"
[1] "File Downloaded... unzipping... 2025-04-25 12:51:22.449023"
[1] "Reading in data and making spatial... 2025-04-25 12:51:22.535412"
[1] "Retrieving coordinates... 2025-04-25 12:51:22.857307"
[1] "Retrieving H3 Indexes for Buildings... 2025-04-25 12:51:22.859698"
[1] "Deleting Footprints... 2025-04-25 12:51:23.01092"
[1] "77 Files Succesfully Downloaded --- 2025-04-25 12:51:23"
[1] "Downloading Footprints for link 78 @ 2025-04-25 12:51:23.012986"
[1] "File Downloaded... unzipping... 2025-04-25 12:51:23.706549"
[1] "Reading in data and making spatial... 2025-04-25 12:51:23.745821"
[1] "Retrieving coordinates... 2025-04-25 12:51:24.012086"
[1] "Retrieving H3 Indexes for Buildings... 2025-04-25 12:51:24.014194"
[1] "Deleting Footprints... 2025-04-25 12:51:24.147122"
[1] "78 Files Succesfully Downloaded --- 2025-04-25 12:51:24"
[1] "SCRIPT COMPLETE @ 2025-04-25 12:51:25"
