[1] "Starting at: 2025-04-25 12:49:37"
[1] "Loading Links at: 2025-04-25 12:49:48"
[1] "quadkeys to download: 43"
[1] "Downloading and Joining footprints to Hex @ 2025-04-25 12:49:48"
[1] "Downloading Footprints for link 1 @ 2025-04-25 12:49:47.893969"
[1] "File Downloaded... unzipping... 2025-04-25 12:49:48.9462"
[1] "Reading in data and making spatial... 2025-04-25 12:49:49.288216"
[1] "Retrieving coordinates... 2025-04-25 12:49:52.403918"
[1] "Retrieving H3 Indexes for Buildings... 2025-04-25 12:49:52.412525"
[1] "Deleting Footprints... 2025-04-25 12:49:52.461252"
[1] "1 Files Succesfully Downloaded --- 2025-04-25 12:49:52"
[1] "Downloading Footprints for link 2 @ 2025-04-25 12:49:52.464004"
[1] "File Downloaded... unzipping... 2025-04-25 12:49:55.981416"
[1] "Reading in data and making spatial... 2025-04-25 12:49:56.508987"
[1] "Retrieving coordinates... 2025-04-25 12:50:07.649308"
[1] "Retrieving H3 Indexes for Buildings... 2025-04-25 12:50:07.706347"
[1] "Deleting Footprints... 2025-04-25 12:50:08.030246"
[1] "2 Files Succesfully Downloaded --- 2025-04-25 12:50:08"
[1] "Downloading Footprints for link 3 @ 2025-04-25 12:50:08.033988"
[1] "File Downloaded... unzipping... 2025-04-25 12:50:09.915735"
[1] "Reading in data and making spatial... 2025-04-25 12:50:10.047093"
[1] "Retrieving coordinates... 2025-04-25 12:50:12.090742"
[1] "Retrieving H3 Indexes for Buildings... 2025-04-25 12:50:12.101215"
[1] "Deleting Footprints... 2025-04-25 12:50:12.342534"
[1] "3 Files Succesfully Downloaded --- 2025-04-25 12:50:12"
[1] "Downloading Footprints for link 4 @ 2025-04-25 12:50:12.346511"
[1] "File Downloaded... unzipping... 2025-04-25 12:50:13.763056"
[1] "Reading in data and making spatial... 2025-04-25 12:50:14.274634"
[1] "Retrieving coordinates... 2025-04-25 12:50:18.102243"
[1] "Retrieving H3 Indexes for Buildings... 2025-04-25 12:50:18.116995"
[1] "Deleting Footprints... 2025-04-25 12:50:18.224118"
[1] "4 Files Succesfully Downloaded --- 2025-04-25 12:50:18"
[1] "Downloading Footprints for link 5 @ 2025-04-25 12:50:18.226537"
[1] "File Downloaded... unzipping... 2025-04-25 12:50:19.379493"
[1] "Reading in data and making spatial... 2025-04-25 12:50:19.620053"
[1] "Retrieving coordinates... 2025-04-25 12:50:20.613166"
[1] "Retrieving H3 Indexes for Buildings... 2025-04-25 12:50:20.619394"
[1] "Deleting Footprints... 2025-04-25 12:50:20.677025"
[1] "5 Files Succesfully Downloaded --- 2025-04-25 12:50:21"
[1] "Downloading Footprints for link 6 @ 2025-04-25 12:50:20.68029"
[1] "File Downloaded... unzipping... 2025-04-25 12:50:21.92089"
[1] "Reading in data and making spatial... 2025-04-25 12:50:22.145491"
[1] "Retrieving coordinates... 2025-04-25 12:50:24.207726"
[1] "Retrieving H3 Indexes for Buildings... 2025-04-25 12:50:24.217213"
[1] "Deleting Footprints... 2025-04-25 12:50:24.309353"
[1] "6 Files Succesfully Downloaded --- 2025-04-25 12:50:24"
[1] "Downloading Footprints for link 7 @ 2025-04-25 12:50:24.312017"
[1] "File Downloaded... unzipping... 2025-04-25 12:50:25.627503"
[1] "Reading in data and making spatial... 2025-04-25 12:50:26.790595"
[1] "Retrieving coordinates... 2025-04-25 12:50:28.304247"
[1] "Retrieving H3 Indexes for Buildings... 2025-04-25 12:50:28.311968"
[1] "Deleting Footprints... 2025-04-25 12:50:28.519298"
[1] "7 Files Succesfully Downloaded --- 2025-04-25 12:50:29"
[1] "Downloading Footprints for link 8 @ 2025-04-25 12:50:28.524586"
[1] "File Downloaded... unzipping... 2025-04-25 12:50:29.733834"
[1] "Reading in data and making spatial... 2025-04-25 12:50:29.853277"
[1] "Retrieving coordinates... 2025-04-25 12:50:31.709128"
[1] "Retrieving H3 Indexes for Buildings... 2025-04-25 12:50:31.717722"
[1] "Deleting Footprints... 2025-04-25 12:50:31.944894"
[1] "8 Files Succesfully Downloaded --- 2025-04-25 12:50:32"
[1] "Downloading Footprints for link 9 @ 2025-04-25 12:50:31.946347"
[1] "File Downloaded... unzipping... 2025-04-25 12:50:33.269625"
[1] "Reading in data and making spatial... 2025-04-25 12:50:33.667377"
[1] "Retrieving coordinates... 2025-04-25 12:50:37.127951"
[1] "Retrieving H3 Indexes for Buildings... 2025-04-25 12:50:37.148537"
[1] "Deleting Footprints... 2025-04-25 12:50:37.292659"
[1] "9 Files Succesfully Downloaded --- 2025-04-25 12:50:37"
[1] "Downloading Footprints for link 10 @ 2025-04-25 12:50:37.294962"
[1] "File Downloaded... unzipping... 2025-04-25 12:50:38.366033"
[1] "Reading in data and making spatial... 2025-04-25 12:50:38.82906"
[1] "Retrieving coordinates... 2025-04-25 12:50:40.09956"
[1] "Retrieving H3 Indexes for Buildings... 2025-04-25 12:50:40.106985"
[1] "Deleting Footprints... 2025-04-25 12:50:40.310994"
[1] "10 Files Succesfully Downloaded --- 2025-04-25 12:50:40"
[1] "Downloading Footprints for link 11 @ 2025-04-25 12:50:40.315588"
[1] "File Downloaded... unzipping... 2025-04-25 12:50:42.529745"
[1] "Reading in data and making spatial... 2025-04-25 12:50:43.391171"
[1] "Retrieving coordinates... 2025-04-25 12:50:46.05332"
[1] "Retrieving H3 Indexes for Buildings... 2025-04-25 12:50:46.063934"
[1] "Deleting Footprints... 2025-04-25 12:50:46.431264"
[1] "11 Files Succesfully Downloaded --- 2025-04-25 12:50:46"
[1] "Downloading Footprints for link 12 @ 2025-04-25 12:50:46.433948"
[1] "File Downloaded... unzipping... 2025-04-25 12:50:50.19643"
[1] "Reading in data and making spatial... 2025-04-25 12:50:51.339169"
[1] "Retrieving coordinates... 2025-04-25 12:51:04.609499"
[1] "Retrieving H3 Indexes for Buildings... 2025-04-25 12:51:04.673015"
[1] "Deleting Footprints... 2025-04-25 12:51:05.074264"
[1] "12 Files Succesfully Downloaded --- 2025-04-25 12:51:05"
[1] "Downloading Footprints for link 13 @ 2025-04-25 12:51:05.075165"
[1] "File Downloaded... unzipping... 2025-04-25 12:51:06.531192"
[1] "Reading in data and making spatial... 2025-04-25 12:51:06.913994"
[1] "Retrieving coordinates... 2025-04-25 12:51:14.779509"
[1] "Retrieving H3 Indexes for Buildings... 2025-04-25 12:51:14.81837"
[1] "Deleting Footprints... 2025-04-25 12:51:15.106211"
[1] "13 Files Succesfully Downloaded --- 2025-04-25 12:51:15"
[1] "Downloading Footprints for link 14 @ 2025-04-25 12:51:15.109204"
[1] "File Downloaded... unzipping... 2025-04-25 12:51:16.420398"
[1] "Reading in data and making spatial... 2025-04-25 12:51:16.576727"
[1] "Retrieving coordinates... 2025-04-25 12:51:21.051553"
[1] "Retrieving H3 Indexes for Buildings... 2025-04-25 12:51:21.067033"
[1] "Deleting Footprints... 2025-04-25 12:51:21.224755"
[1] "14 Files Succesfully Downloaded --- 2025-04-25 12:51:21"
[1] "Downloading Footprints for link 15 @ 2025-04-25 12:51:21.227775"
[1] "File Downloaded... unzipping... 2025-04-25 12:51:22.538123"
[1] "Reading in data and making spatial... 2025-04-25 12:51:22.78889"
[1] "Retrieving coordinates... 2025-04-25 12:51:28.919204"
[1] "Retrieving H3 Indexes for Buildings... 2025-04-25 12:51:28.946467"
[1] "Deleting Footprints... 2025-04-25 12:51:29.173817"
[1] "15 Files Succesfully Downloaded --- 2025-04-25 12:51:29"
[1] "Downloading Footprints for link 16 @ 2025-04-25 12:51:29.176167"
[1] "File Downloaded... unzipping... 2025-04-25 12:51:30.579543"
[1] "Reading in data and making spatial... 2025-04-25 12:51:30.869412"
[1] "Retrieving coordinates... 2025-04-25 12:51:35.459702"
[1] "Retrieving H3 Indexes for Buildings... 2025-04-25 12:51:35.479289"
[1] "Deleting Footprints... 2025-04-25 12:51:36.517379"
[1] "16 Files Succesfully Downloaded --- 2025-04-25 12:51:37"
[1] "Downloading Footprints for link 17 @ 2025-04-25 12:51:36.519605"
[1] "File Downloaded... unzipping... 2025-04-25 12:51:39.204837"
[1] "Reading in data and making spatial... 2025-04-25 12:51:39.333342"
[1] "Retrieving coordinates... 2025-04-25 12:51:41.721001"
[1] "Retrieving H3 Indexes for Buildings... 2025-04-25 12:51:41.734877"
[1] "Deleting Footprints... 2025-04-25 12:51:42.003625"
[1] "17 Files Succesfully Downloaded --- 2025-04-25 12:51:42"
[1] "Downloading Footprints for link 18 @ 2025-04-25 12:51:42.00509"
[1] "File Downloaded... unzipping... 2025-04-25 12:51:43.31252"
[1] "Reading in data and making spatial... 2025-04-25 12:51:43.759051"
[1] "Retrieving coordinates... 2025-04-25 12:51:46.465802"
[1] "Retrieving H3 Indexes for Buildings... 2025-04-25 12:51:46.481463"
[1] "Deleting Footprints... 2025-04-25 12:51:46.639337"
[1] "18 Files Succesfully Downloaded --- 2025-04-25 12:51:47"
[1] "Downloading Footprints for link 19 @ 2025-04-25 12:51:46.642561"
[1] "File Downloaded... unzipping... 2025-04-25 12:51:47.774538"
[1] "Reading in data and making spatial... 2025-04-25 12:51:47.957316"
[1] "Retrieving coordinates... 2025-04-25 12:51:50.260802"
[1] "Retrieving H3 Indexes for Buildings... 2025-04-25 12:51:50.271382"
[1] "Deleting Footprints... 2025-04-25 12:51:50.827483"
[1] "19 Files Succesfully Downloaded --- 2025-04-25 12:51:51"
[1] "Downloading Footprints for link 20 @ 2025-04-25 12:51:50.830673"
[1] "File Downloaded... unzipping... 2025-04-25 12:51:52.326982"
[1] "Reading in data and making spatial... 2025-04-25 12:51:52.662303"
[1] "Retrieving coordinates... 2025-04-25 12:52:00.686418"
[1] "Retrieving H3 Indexes for Buildings... 2025-04-25 12:52:00.725438"
[1] "Deleting Footprints... 2025-04-25 12:52:01.154645"
[1] "20 Files Succesfully Downloaded --- 2025-04-25 12:52:01"
[1] "Downloading Footprints for link 21 @ 2025-04-25 12:52:01.156566"
[1] "File Downloaded... unzipping... 2025-04-25 12:52:02.199845"
[1] "Reading in data and making spatial... 2025-04-25 12:52:02.367594"
[1] "Retrieving coordinates... 2025-04-25 12:52:04.083663"
[1] "Retrieving H3 Indexes for Buildings... 2025-04-25 12:52:04.091114"
[1] "Deleting Footprints... 2025-04-25 12:52:04.891641"
[1] "21 Files Succesfully Downloaded --- 2025-04-25 12:52:05"
[1] "Downloading Footprints for link 22 @ 2025-04-25 12:52:04.894055"
[1] "File Downloaded... unzipping... 2025-04-25 12:52:06.116309"
[1] "Reading in data and making spatial... 2025-04-25 12:52:06.298795"
[1] "Retrieving coordinates... 2025-04-25 12:52:09.463334"
[1] "Retrieving H3 Indexes for Buildings... 2025-04-25 12:52:09.482925"
[1] "Deleting Footprints... 2025-04-25 12:52:10.160257"
[1] "22 Files Succesfully Downloaded --- 2025-04-25 12:52:10"
[1] "Downloading Footprints for link 23 @ 2025-04-25 12:52:10.162309"
[1] "File Downloaded... unzipping... 2025-04-25 12:52:11.645047"
[1] "Reading in data and making spatial... 2025-04-25 12:52:11.998432"
[1] "Retrieving coordinates... 2025-04-25 12:52:15.563641"
[1] "Retrieving H3 Indexes for Buildings... 2025-04-25 12:52:16.105798"
[1] "Deleting Footprints... 2025-04-25 12:52:16.324703"
[1] "23 Files Succesfully Downloaded --- 2025-04-25 12:52:16"
[1] "Downloading Footprints for link 24 @ 2025-04-25 12:52:16.358213"
[1] "File Downloaded... unzipping... 2025-04-25 12:52:17.613654"
[1] "Reading in data and making spatial... 2025-04-25 12:52:17.817481"
[1] "Retrieving coordinates... 2025-04-25 12:52:21.954315"
[1] "Retrieving H3 Indexes for Buildings... 2025-04-25 12:52:22.244268"
[1] "Deleting Footprints... 2025-04-25 12:52:23.161483"
[1] "24 Files Succesfully Downloaded --- 2025-04-25 12:52:23"
[1] "Downloading Footprints for link 25 @ 2025-04-25 12:52:23.163074"
[1] "File Downloaded... unzipping... 2025-04-25 12:52:24.913771"
[1] "Reading in data and making spatial... 2025-04-25 12:52:25.632683"
[1] "Retrieving coordinates... 2025-04-25 12:52:36.231637"
[1] "Retrieving H3 Indexes for Buildings... 2025-04-25 12:52:36.288912"
[1] "Deleting Footprints... 2025-04-25 12:52:36.73181"
[1] "25 Files Succesfully Downloaded --- 2025-04-25 12:52:37"
[1] "Downloading Footprints for link 26 @ 2025-04-25 12:52:36.733291"
[1] "File Downloaded... unzipping... 2025-04-25 12:52:38.011409"
[1] "Reading in data and making spatial... 2025-04-25 12:52:38.306732"
[1] "Retrieving coordinates... 2025-04-25 12:52:40.793194"
[1] "Retrieving H3 Indexes for Buildings... 2025-04-25 12:52:40.965249"
[1] "Deleting Footprints... 2025-04-25 12:52:42.083194"
[1] "26 Files Succesfully Downloaded --- 2025-04-25 12:52:42"
[1] "Downloading Footprints for link 27 @ 2025-04-25 12:52:42.09237"
[1] "File Downloaded... unzipping... 2025-04-25 12:52:43.423683"
[1] "Reading in data and making spatial... 2025-04-25 12:52:43.621739"
[1] "Retrieving coordinates... 2025-04-25 12:52:47.456239"
[1] "Retrieving H3 Indexes for Buildings... 2025-04-25 12:52:47.479291"
[1] "Deleting Footprints... 2025-04-25 12:52:47.897681"
[1] "27 Files Succesfully Downloaded --- 2025-04-25 12:52:48"
[1] "Downloading Footprints for link 28 @ 2025-04-25 12:52:47.90088"
[1] "File Downloaded... unzipping... 2025-04-25 12:52:51.338926"
[1] "Reading in data and making spatial... 2025-04-25 12:52:51.626321"
[1] "Retrieving coordinates... 2025-04-25 12:52:56.1499"
[1] "Retrieving H3 Indexes for Buildings... 2025-04-25 12:52:56.171299"
[1] "Deleting Footprints... 2025-04-25 12:52:56.407601"
[1] "28 Files Succesfully Downloaded --- 2025-04-25 12:52:56"
[1] "Downloading Footprints for link 29 @ 2025-04-25 12:52:56.411865"
[1] "File Downloaded... unzipping... 2025-04-25 12:52:57.816783"
[1] "Reading in data and making spatial... 2025-04-25 12:52:58.609731"
[1] "Retrieving coordinates... 2025-04-25 12:53:04.03016"
[1] "Retrieving H3 Indexes for Buildings... 2025-04-25 12:53:04.058705"
[1] "Deleting Footprints... 2025-04-25 12:53:04.959392"
[1] "29 Files Succesfully Downloaded --- 2025-04-25 12:53:05"
[1] "Downloading Footprints for link 30 @ 2025-04-25 12:53:04.96223"
[1] "File Downloaded... unzipping... 2025-04-25 12:53:07.084727"
[1] "Reading in data and making spatial... 2025-04-25 12:53:07.397717"
[1] "Retrieving coordinates... 2025-04-25 12:53:14.731749"
[1] "Retrieving H3 Indexes for Buildings... 2025-04-25 12:53:14.769484"
[1] "Deleting Footprints... 2025-04-25 12:53:15.287856"
[1] "30 Files Succesfully Downloaded --- 2025-04-25 12:53:15"
[1] "Downloading Footprints for link 31 @ 2025-04-25 12:53:15.292404"
[1] "File Downloaded... unzipping... 2025-04-25 12:53:16.596353"
[1] "Reading in data and making spatial... 2025-04-25 12:53:16.871687"
[1] "Retrieving coordinates... 2025-04-25 12:53:21.366652"
[1] "Retrieving H3 Indexes for Buildings... 2025-04-25 12:53:21.388755"
[1] "Deleting Footprints... 2025-04-25 12:53:21.814359"
[1] "31 Files Succesfully Downloaded --- 2025-04-25 12:53:22"
[1] "Downloading Footprints for link 32 @ 2025-04-25 12:53:21.818016"
[1] "File Downloaded... unzipping... 2025-04-25 12:53:22.891189"
[1] "Reading in data and making spatial... 2025-04-25 12:53:23.019844"
[1] "Retrieving coordinates... 2025-04-25 12:53:24.445617"
[1] "Retrieving H3 Indexes for Buildings... 2025-04-25 12:53:24.452559"
[1] "Deleting Footprints... 2025-04-25 12:53:25.399523"
[1] "32 Files Succesfully Downloaded --- 2025-04-25 12:53:25"
[1] "Downloading Footprints for link 33 @ 2025-04-25 12:53:25.402662"
[1] "File Downloaded... unzipping... 2025-04-25 12:53:26.470435"
[1] "Reading in data and making spatial... 2025-04-25 12:53:26.553863"
[1] "Retrieving coordinates... 2025-04-25 12:53:27.470182"
[1] "Retrieving H3 Indexes for Buildings... 2025-04-25 12:53:27.476837"
[1] "Deleting Footprints... 2025-04-25 12:53:28.234377"
[1] "33 Files Succesfully Downloaded --- 2025-04-25 12:53:28"
[1] "Downloading Footprints for link 34 @ 2025-04-25 12:53:28.238868"
[1] "File Downloaded... unzipping... 2025-04-25 12:53:29.597863"
[1] "Reading in data and making spatial... 2025-04-25 12:53:30.310199"
[1] "Retrieving coordinates... 2025-04-25 12:53:32.824806"
[1] "Retrieving H3 Indexes for Buildings... 2025-04-25 12:53:32.841108"
[1] "Deleting Footprints... 2025-04-25 12:53:33.451312"
[1] "34 Files Succesfully Downloaded --- 2025-04-25 12:53:33"
[1] "Downloading Footprints for link 35 @ 2025-04-25 12:53:33.454716"
[1] "File Downloaded... unzipping... 2025-04-25 12:53:34.623805"
[1] "Reading in data and making spatial... 2025-04-25 12:53:35.06069"
[1] "Retrieving coordinates... 2025-04-25 12:53:37.484201"
[1] "Retrieving H3 Indexes for Buildings... 2025-04-25 12:53:37.498168"
[1] "Deleting Footprints... 2025-04-25 12:53:38.562786"
[1] "35 Files Succesfully Downloaded --- 2025-04-25 12:53:39"
[1] "Downloading Footprints for link 36 @ 2025-04-25 12:53:38.566001"
[1] "File Downloaded... unzipping... 2025-04-25 12:53:39.790414"
[1] "Reading in data and making spatial... 2025-04-25 12:53:40.314599"
[1] "Retrieving coordinates... 2025-04-25 12:53:42.536479"
[1] "Retrieving H3 Indexes for Buildings... 2025-04-25 12:53:42.549828"
[1] "Deleting Footprints... 2025-04-25 12:53:43.193794"
[1] "36 Files Succesfully Downloaded --- 2025-04-25 12:53:43"
[1] "Downloading Footprints for link 37 @ 2025-04-25 12:53:43.198266"
[1] "File Downloaded... unzipping... 2025-04-25 12:53:44.389823"
[1] "Reading in data and making spatial... 2025-04-25 12:53:44.514515"
[1] "Retrieving coordinates... 2025-04-25 12:53:46.454012"
[1] "Retrieving H3 Indexes for Buildings... 2025-04-25 12:53:46.466622"
[1] "Deleting Footprints... 2025-04-25 12:53:47.472359"
[1] "37 Files Succesfully Downloaded --- 2025-04-25 12:53:47"
[1] "Downloading Footprints for link 38 @ 2025-04-25 12:53:47.476571"
[1] "File Downloaded... unzipping... 2025-04-25 12:53:48.89826"
[1] "Reading in data and making spatial... 2025-04-25 12:53:49.176311"
[1] "Retrieving coordinates... 2025-04-25 12:53:52.896053"
[1] "Retrieving H3 Indexes for Buildings... 2025-04-25 12:53:52.916453"
[1] "Deleting Footprints... 2025-04-25 12:53:53.395633"
[1] "38 Files Succesfully Downloaded --- 2025-04-25 12:53:53"
[1] "Downloading Footprints for link 39 @ 2025-04-25 12:53:53.398981"
[1] "File Downloaded... unzipping... 2025-04-25 12:53:54.566516"
[1] "Reading in data and making spatial... 2025-04-25 12:53:54.875184"
[1] "Retrieving coordinates... 2025-04-25 12:53:56.609628"
[1] "Retrieving H3 Indexes for Buildings... 2025-04-25 12:53:56.618632"
[1] "Deleting Footprints... 2025-04-25 12:53:57.607624"
[1] "39 Files Succesfully Downloaded --- 2025-04-25 12:53:58"
[1] "Downloading Footprints for link 40 @ 2025-04-25 12:53:57.611949"
[1] "File Downloaded... unzipping... 2025-04-25 12:54:01.539562"
[1] "Reading in data and making spatial... 2025-04-25 12:54:01.90379"
[1] "Retrieving coordinates... 2025-04-25 12:54:04.987769"
[1] "Retrieving H3 Indexes for Buildings... 2025-04-25 12:54:05.001641"
[1] "Deleting Footprints... 2025-04-25 12:54:05.424848"
[1] "40 Files Succesfully Downloaded --- 2025-04-25 12:54:05"
[1] "Downloading Footprints for link 41 @ 2025-04-25 12:54:05.429596"
[1] "File Downloaded... unzipping... 2025-04-25 12:54:06.544518"
[1] "Reading in data and making spatial... 2025-04-25 12:54:07.240774"
[1] "Retrieving coordinates... 2025-04-25 12:54:10.430938"
[1] "Retrieving H3 Indexes for Buildings... 2025-04-25 12:54:10.445059"
[1] "Deleting Footprints... 2025-04-25 12:54:11.546315"
[1] "41 Files Succesfully Downloaded --- 2025-04-25 12:54:12"
[1] "Downloading Footprints for link 42 @ 2025-04-25 12:54:11.548798"
[1] "File Downloaded... unzipping... 2025-04-25 12:54:13.840229"
[1] "Reading in data and making spatial... 2025-04-25 12:54:14.254834"
[1] "Retrieving coordinates... 2025-04-25 12:54:15.499197"
[1] "Retrieving H3 Indexes for Buildings... 2025-04-25 12:54:15.507812"
[1] "Deleting Footprints... 2025-04-25 12:54:16.170251"
[1] "42 Files Succesfully Downloaded --- 2025-04-25 12:54:16"
[1] "Downloading Footprints for link 43 @ 2025-04-25 12:54:16.172205"
[1] "File Downloaded... unzipping... 2025-04-25 12:54:17.426916"
[1] "Reading in data and making spatial... 2025-04-25 12:54:17.586735"
[1] "Retrieving coordinates... 2025-04-25 12:54:20.115715"
[1] "Retrieving H3 Indexes for Buildings... 2025-04-25 12:54:20.13536"
[1] "Deleting Footprints... 2025-04-25 12:54:21.366956"
[1] "43 Files Succesfully Downloaded --- 2025-04-25 12:54:21"
[1] "SCRIPT COMPLETE @ 2025-04-25 12:54:24"
