[1] "Starting at: 2025-04-25 12:49:37"
[1] "Loading Links at: 2025-04-25 12:49:48"
[1] "quadkeys to download: 190"
[1] "Downloading and Joining footprints to Hex @ 2025-04-25 12:49:49"
[1] "Downloading Footprints for link 1 @ 2025-04-25 12:49:48.531857"
[1] "File Downloaded... unzipping... 2025-04-25 12:49:49.734146"
[1] "Reading in data and making spatial... 2025-04-25 12:49:49.929537"
[1] "Retrieving coordinates... 2025-04-25 12:49:53.222533"
[1] "Retrieving H3 Indexes for Buildings... 2025-04-25 12:49:53.232877"
[1] "Deleting Footprints... 2025-04-25 12:49:53.287866"
[1] "1 Files Succesfully Downloaded --- 2025-04-25 12:49:53"
[1] "Downloading Footprints for link 2 @ 2025-04-25 12:49:53.292105"
[1] "File Downloaded... unzipping... 2025-04-25 12:49:54.636773"
[1] "Reading in data and making spatial... 2025-04-25 12:49:54.861578"
[1] "Retrieving coordinates... 2025-04-25 12:49:59.312045"
[1] "Retrieving H3 Indexes for Buildings... 2025-04-25 12:49:59.33573"
[1] "Deleting Footprints... 2025-04-25 12:49:59.468661"
[1] "2 Files Succesfully Downloaded --- 2025-04-25 12:49:59"
[1] "Downloading Footprints for link 3 @ 2025-04-25 12:49:59.471364"
[1] "File Downloaded... unzipping... 2025-04-25 12:50:00.464161"
[1] "Reading in data and making spatial... 2025-04-25 12:50:00.615043"
[1] "Retrieving coordinates... 2025-04-25 12:50:01.579532"
[1] "Retrieving H3 Indexes for Buildings... 2025-04-25 12:50:01.585037"
[1] "Deleting Footprints... 2025-04-25 12:50:01.624635"
[1] "3 Files Succesfully Downloaded --- 2025-04-25 12:50:02"
[1] "Downloading Footprints for link 4 @ 2025-04-25 12:50:01.628123"
[1] "File Downloaded... unzipping... 2025-04-25 12:50:02.88026"
[1] "Reading in data and making spatial... 2025-04-25 12:50:03.247064"
[1] "Retrieving coordinates... 2025-04-25 12:50:08.719643"
[1] "Retrieving H3 Indexes for Buildings... 2025-04-25 12:50:08.742664"
[1] "Deleting Footprints... 2025-04-25 12:50:08.869977"
[1] "4 Files Succesfully Downloaded --- 2025-04-25 12:50:09"
[1] "Downloading Footprints for link 5 @ 2025-04-25 12:50:08.873638"
[1] "File Downloaded... unzipping... 2025-04-25 12:50:09.942081"
[1] "Reading in data and making spatial... 2025-04-25 12:50:10.440079"
[1] "Retrieving coordinates... 2025-04-25 12:50:11.599932"
[1] "Retrieving H3 Indexes for Buildings... 2025-04-25 12:50:11.606784"
[1] "Deleting Footprints... 2025-04-25 12:50:11.658696"
[1] "5 Files Succesfully Downloaded --- 2025-04-25 12:50:12"
[1] "Downloading Footprints for link 6 @ 2025-04-25 12:50:11.66132"
[1] "File Downloaded... unzipping... 2025-04-25 12:50:12.988492"
[1] "Reading in data and making spatial... 2025-04-25 12:50:13.125476"
[1] "Retrieving coordinates... 2025-04-25 12:50:14.344882"
[1] "Retrieving H3 Indexes for Buildings... 2025-04-25 12:50:14.351039"
[1] "Deleting Footprints... 2025-04-25 12:50:14.400068"
[1] "6 Files Succesfully Downloaded --- 2025-04-25 12:50:14"
[1] "Downloading Footprints for link 7 @ 2025-04-25 12:50:14.403878"
[1] "File Downloaded... unzipping... 2025-04-25 12:50:14.696762"
[1] "Reading in data and making spatial... 2025-04-25 12:50:14.718894"
[1] "Retrieving coordinates... 2025-04-25 12:50:14.734591"
[1] "Retrieving H3 Indexes for Buildings... 2025-04-25 12:50:14.735017"
[1] "Deleting Footprints... 2025-04-25 12:50:14.751805"
[1] "7 Files Succesfully Downloaded --- 2025-04-25 12:50:15"
[1] "Downloading Footprints for link 8 @ 2025-04-25 12:50:14.753808"
[1] "File Downloaded... unzipping... 2025-04-25 12:50:15.026748"
[1] "Reading in data and making spatial... 2025-04-25 12:50:15.050522"
[1] "Retrieving coordinates... 2025-04-25 12:50:15.064608"
[1] "Retrieving H3 Indexes for Buildings... 2025-04-25 12:50:15.0651"
[1] "Deleting Footprints... 2025-04-25 12:50:15.182341"
[1] "8 Files Succesfully Downloaded --- 2025-04-25 12:50:15"
[1] "Downloading Footprints for link 9 @ 2025-04-25 12:50:15.184451"
[1] "File Downloaded... unzipping... 2025-04-25 12:50:15.502368"
[1] "Reading in data and making spatial... 2025-04-25 12:50:15.529886"
[1] "Retrieving coordinates... 2025-04-25 12:50:15.566388"
[1] "Retrieving H3 Indexes for Buildings... 2025-04-25 12:50:15.566939"
[1] "Deleting Footprints... 2025-04-25 12:50:15.584184"
[1] "9 Files Succesfully Downloaded --- 2025-04-25 12:50:16"
[1] "Downloading Footprints for link 10 @ 2025-04-25 12:50:15.585035"
[1] "File Downloaded... unzipping... 2025-04-25 12:50:17.42324"
[1] "Reading in data and making spatial... 2025-04-25 12:50:17.93011"
[1] "Retrieving coordinates... 2025-04-25 12:50:27.338223"
[1] "Retrieving H3 Indexes for Buildings... 2025-04-25 12:50:27.383509"
[1] "Deleting Footprints... 2025-04-25 12:50:27.640301"
[1] "10 Files Succesfully Downloaded --- 2025-04-25 12:50:28"
[1] "Downloading Footprints for link 11 @ 2025-04-25 12:50:27.643214"
[1] "File Downloaded... unzipping... 2025-04-25 12:50:28.506881"
[1] "Reading in data and making spatial... 2025-04-25 12:50:28.568414"
[1] "Retrieving coordinates... 2025-04-25 12:50:28.93313"
[1] "Retrieving H3 Indexes for Buildings... 2025-04-25 12:50:28.935243"
[1] "Deleting Footprints... 2025-04-25 12:50:28.978123"
[1] "11 Files Succesfully Downloaded --- 2025-04-25 12:50:29"
[1] "Downloading Footprints for link 12 @ 2025-04-25 12:50:28.980281"
[1] "File Downloaded... unzipping... 2025-04-25 12:50:29.441224"
[1] "Reading in data and making spatial... 2025-04-25 12:50:29.468533"
[1] "Retrieving coordinates... 2025-04-25 12:50:29.539487"
[1] "Retrieving H3 Indexes for Buildings... 2025-04-25 12:50:29.54022"
[1] "Deleting Footprints... 2025-04-25 12:50:30.057986"
[1] "12 Files Succesfully Downloaded --- 2025-04-25 12:50:30"
[1] "Downloading Footprints for link 13 @ 2025-04-25 12:50:30.062423"
[1] "File Downloaded... unzipping... 2025-04-25 12:50:30.476375"
[1] "Reading in data and making spatial... 2025-04-25 12:50:30.501592"
[1] "Retrieving coordinates... 2025-04-25 12:50:30.535984"
[1] "Retrieving H3 Indexes for Buildings... 2025-04-25 12:50:30.536536"
[1] "Deleting Footprints... 2025-04-25 12:50:30.564951"
[1] "13 Files Succesfully Downloaded --- 2025-04-25 12:50:31"
[1] "Downloading Footprints for link 14 @ 2025-04-25 12:50:30.567184"
[1] "File Downloaded... unzipping... 2025-04-25 12:50:31.165569"
[1] "Reading in data and making spatial... 2025-04-25 12:50:31.195894"
[1] "Retrieving coordinates... 2025-04-25 12:50:31.274835"
[1] "Retrieving H3 Indexes for Buildings... 2025-04-25 12:50:31.275731"
[1] "Deleting Footprints... 2025-04-25 12:50:31.313552"
[1] "14 Files Succesfully Downloaded --- 2025-04-25 12:50:31"
[1] "Downloading Footprints for link 15 @ 2025-04-25 12:50:31.317981"
[1] "File Downloaded... unzipping... 2025-04-25 12:50:31.778744"
[1] "Reading in data and making spatial... 2025-04-25 12:50:31.805973"
[1] "Retrieving coordinates... 2025-04-25 12:50:31.846123"
[1] "Retrieving H3 Indexes for Buildings... 2025-04-25 12:50:31.846743"
[1] "Deleting Footprints... 2025-04-25 12:50:31.876472"
[1] "15 Files Succesfully Downloaded --- 2025-04-25 12:50:32"
[1] "Downloading Footprints for link 16 @ 2025-04-25 12:50:31.878224"
[1] "File Downloaded... unzipping... 2025-04-25 12:50:32.284062"
[1] "Reading in data and making spatial... 2025-04-25 12:50:32.678979"
[1] "Retrieving coordinates... 2025-04-25 12:50:32.700708"
[1] "Retrieving H3 Indexes for Buildings... 2025-04-25 12:50:32.701124"
[1] "Deleting Footprints... 2025-04-25 12:50:32.729481"
[1] "16 Files Succesfully Downloaded --- 2025-04-25 12:50:33"
[1] "Downloading Footprints for link 17 @ 2025-04-25 12:50:32.733049"
[1] "File Downloaded... unzipping... 2025-04-25 12:50:33.051918"
[1] "Reading in data and making spatial... 2025-04-25 12:50:33.074243"
[1] "Retrieving coordinates... 2025-04-25 12:50:33.095722"
[1] "Retrieving H3 Indexes for Buildings... 2025-04-25 12:50:33.09615"
[1] "Deleting Footprints... 2025-04-25 12:50:33.124734"
[1] "17 Files Succesfully Downloaded --- 2025-04-25 12:50:33"
[1] "Downloading Footprints for link 18 @ 2025-04-25 12:50:33.126445"
[1] "File Downloaded... unzipping... 2025-04-25 12:50:33.396022"
[1] "Reading in data and making spatial... 2025-04-25 12:50:33.42004"
[1] "Retrieving coordinates... 2025-04-25 12:50:33.437192"
[1] "Retrieving H3 Indexes for Buildings... 2025-04-25 12:50:33.437616"
[1] "Deleting Footprints... 2025-04-25 12:50:33.467108"
[1] "18 Files Succesfully Downloaded --- 2025-04-25 12:50:33"
[1] "Downloading Footprints for link 19 @ 2025-04-25 12:50:33.469699"
[1] "File Downloaded... unzipping... 2025-04-25 12:50:34.155604"
[1] "Reading in data and making spatial... 2025-04-25 12:50:34.192477"
[1] "Retrieving coordinates... 2025-04-25 12:50:34.469289"
[1] "Retrieving H3 Indexes for Buildings... 2025-04-25 12:50:34.471256"
[1] "Deleting Footprints... 2025-04-25 12:50:34.507002"
[1] "19 Files Succesfully Downloaded --- 2025-04-25 12:50:35"
[1] "Downloading Footprints for link 20 @ 2025-04-25 12:50:34.510334"
[1] "File Downloaded... unzipping... 2025-04-25 12:50:34.952333"
[1] "Reading in data and making spatial... 2025-04-25 12:50:34.975265"
[1] "Retrieving coordinates... 2025-04-25 12:50:35.010821"
[1] "Retrieving H3 Indexes for Buildings... 2025-04-25 12:50:35.011385"
[1] "Deleting Footprints... 2025-04-25 12:50:35.039994"
[1] "20 Files Succesfully Downloaded --- 2025-04-25 12:50:35"
[1] "Downloading Footprints for link 21 @ 2025-04-25 12:50:35.043083"
[1] "File Downloaded... unzipping... 2025-04-25 12:50:35.379459"
[1] "Reading in data and making spatial... 2025-04-25 12:50:35.403208"
[1] "Retrieving coordinates... 2025-04-25 12:50:35.428703"
[1] "Retrieving H3 Indexes for Buildings... 2025-04-25 12:50:35.429169"
[1] "Deleting Footprints... 2025-04-25 12:50:35.514364"
[1] "21 Files Succesfully Downloaded --- 2025-04-25 12:50:36"
[1] "Downloading Footprints for link 22 @ 2025-04-25 12:50:35.518572"
[1] "File Downloaded... unzipping... 2025-04-25 12:50:36.192703"
[1] "Reading in data and making spatial... 2025-04-25 12:50:36.228442"
[1] "Retrieving coordinates... 2025-04-25 12:50:36.420762"
[1] "Retrieving H3 Indexes for Buildings... 2025-04-25 12:50:36.422482"
[1] "Deleting Footprints... 2025-04-25 12:50:36.457781"
[1] "22 Files Succesfully Downloaded --- 2025-04-25 12:50:36"
[1] "Downloading Footprints for link 23 @ 2025-04-25 12:50:36.461078"
[1] "File Downloaded... unzipping... 2025-04-25 12:50:36.958235"
[1] "Reading in data and making spatial... 2025-04-25 12:50:36.983758"
[1] "Retrieving coordinates... 2025-04-25 12:50:37.033678"
[1] "Retrieving H3 Indexes for Buildings... 2025-04-25 12:50:37.034381"
[1] "Deleting Footprints... 2025-04-25 12:50:37.121579"
[1] "23 Files Succesfully Downloaded --- 2025-04-25 12:50:37"
[1] "Downloading Footprints for link 24 @ 2025-04-25 12:50:37.123768"
[1] "File Downloaded... unzipping... 2025-04-25 12:50:37.891004"
[1] "Reading in data and making spatial... 2025-04-25 12:50:37.926726"
[1] "Retrieving coordinates... 2025-04-25 12:50:38.211009"
[1] "Retrieving H3 Indexes for Buildings... 2025-04-25 12:50:38.212857"
[1] "Deleting Footprints... 2025-04-25 12:50:38.248563"
[1] "24 Files Succesfully Downloaded --- 2025-04-25 12:50:38"
[1] "Downloading Footprints for link 25 @ 2025-04-25 12:50:38.250367"
[1] "File Downloaded... unzipping... 2025-04-25 12:50:38.500884"
[1] "Reading in data and making spatial... 2025-04-25 12:50:38.521993"
[1] "Retrieving coordinates... 2025-04-25 12:50:38.537148"
[1] "Retrieving H3 Indexes for Buildings... 2025-04-25 12:50:38.537527"
[1] "Deleting Footprints... 2025-04-25 12:50:38.566114"
[1] "25 Files Succesfully Downloaded --- 2025-04-25 12:50:39"
[1] "Downloading Footprints for link 26 @ 2025-04-25 12:50:38.56813"
[1] "File Downloaded... unzipping... 2025-04-25 12:50:38.847802"
[1] "Reading in data and making spatial... 2025-04-25 12:50:38.868871"
[1] "Retrieving coordinates... 2025-04-25 12:50:38.887989"
[1] "Retrieving H3 Indexes for Buildings... 2025-04-25 12:50:38.888378"
[1] "Deleting Footprints... 2025-04-25 12:50:38.918231"
[1] "26 Files Succesfully Downloaded --- 2025-04-25 12:50:39"
[1] "Downloading Footprints for link 27 @ 2025-04-25 12:50:38.919925"
[1] "File Downloaded... unzipping... 2025-04-25 12:50:41.740544"
[1] "Reading in data and making spatial... 2025-04-25 12:50:41.761867"
[1] "Retrieving coordinates... 2025-04-25 12:50:41.79125"
[1] "Retrieving H3 Indexes for Buildings... 2025-04-25 12:50:41.791711"
[1] "Deleting Footprints... 2025-04-25 12:50:41.882173"
[1] "27 Files Succesfully Downloaded --- 2025-04-25 12:50:42"
[1] "Downloading Footprints for link 28 @ 2025-04-25 12:50:41.885776"
[1] "File Downloaded... unzipping... 2025-04-25 12:50:42.861164"
[1] "Reading in data and making spatial... 2025-04-25 12:50:42.901855"
[1] "Retrieving coordinates... 2025-04-25 12:50:43.126253"
[1] "Retrieving H3 Indexes for Buildings... 2025-04-25 12:50:43.128052"
[1] "Deleting Footprints... 2025-04-25 12:50:43.167053"
[1] "28 Files Succesfully Downloaded --- 2025-04-25 12:50:43"
[1] "Downloading Footprints for link 29 @ 2025-04-25 12:50:43.170803"
[1] "File Downloaded... unzipping... 2025-04-25 12:50:44.008479"
[1] "Reading in data and making spatial... 2025-04-25 12:50:44.293507"
[1] "Retrieving coordinates... 2025-04-25 12:50:44.648154"
[1] "Retrieving H3 Indexes for Buildings... 2025-04-25 12:50:44.650813"
[1] "Deleting Footprints... 2025-04-25 12:50:44.789019"
[1] "29 Files Succesfully Downloaded --- 2025-04-25 12:50:45"
[1] "Downloading Footprints for link 30 @ 2025-04-25 12:50:44.792722"
[1] "File Downloaded... unzipping... 2025-04-25 12:50:45.457435"
[1] "Reading in data and making spatial... 2025-04-25 12:50:45.489146"
[1] "Retrieving coordinates... 2025-04-25 12:50:45.604969"
[1] "Retrieving H3 Indexes for Buildings... 2025-04-25 12:50:45.606048"
[1] "Deleting Footprints... 2025-04-25 12:50:45.640482"
[1] "30 Files Succesfully Downloaded --- 2025-04-25 12:50:46"
[1] "Downloading Footprints for link 31 @ 2025-04-25 12:50:45.643644"
[1] "File Downloaded... unzipping... 2025-04-25 12:50:46.691538"
[1] "Reading in data and making spatial... 2025-04-25 12:50:46.795171"
[1] "Retrieving coordinates... 2025-04-25 12:50:48.024431"
[1] "Retrieving H3 Indexes for Buildings... 2025-04-25 12:50:48.03127"
[1] "Deleting Footprints... 2025-04-25 12:50:48.239707"
[1] "31 Files Succesfully Downloaded --- 2025-04-25 12:50:48"
[1] "Downloading Footprints for link 32 @ 2025-04-25 12:50:48.299629"
[1] "File Downloaded... unzipping... 2025-04-25 12:50:50.781981"
[1] "Reading in data and making spatial... 2025-04-25 12:50:50.816413"
[1] "Retrieving coordinates... 2025-04-25 12:50:50.864486"
[1] "Retrieving H3 Indexes for Buildings... 2025-04-25 12:50:50.865068"
[1] "Deleting Footprints... 2025-04-25 12:50:50.898292"
[1] "32 Files Succesfully Downloaded --- 2025-04-25 12:50:51"
[1] "Downloading Footprints for link 33 @ 2025-04-25 12:50:50.900172"
[1] "File Downloaded... unzipping... 2025-04-25 12:50:51.576262"
[1] "Reading in data and making spatial... 2025-04-25 12:50:51.681453"
[1] "Retrieving coordinates... 2025-04-25 12:50:51.801844"
[1] "Retrieving H3 Indexes for Buildings... 2025-04-25 12:50:51.802851"
[1] "Deleting Footprints... 2025-04-25 12:50:51.955909"
[1] "33 Files Succesfully Downloaded --- 2025-04-25 12:50:52"
[1] "Downloading Footprints for link 34 @ 2025-04-25 12:50:51.960257"
[1] "File Downloaded... unzipping... 2025-04-25 12:50:52.62917"
[1] "Reading in data and making spatial... 2025-04-25 12:50:52.658146"
[1] "Retrieving coordinates... 2025-04-25 12:50:52.68894"
[1] "Retrieving H3 Indexes for Buildings... 2025-04-25 12:50:52.68942"
[1] "Deleting Footprints... 2025-04-25 12:50:52.796593"
[1] "34 Files Succesfully Downloaded --- 2025-04-25 12:50:53"
[1] "Downloading Footprints for link 35 @ 2025-04-25 12:50:52.800692"
[1] "File Downloaded... unzipping... 2025-04-25 12:50:54.111625"
[1] "Reading in data and making spatial... 2025-04-25 12:50:54.1766"
[1] "Retrieving coordinates... 2025-04-25 12:50:54.662617"
[1] "Retrieving H3 Indexes for Buildings... 2025-04-25 12:50:54.665483"
[1] "Deleting Footprints... 2025-04-25 12:50:54.975586"
[1] "35 Files Succesfully Downloaded --- 2025-04-25 12:50:55"
[1] "Downloading Footprints for link 36 @ 2025-04-25 12:50:54.979082"
[1] "File Downloaded... unzipping... 2025-04-25 12:50:56.115616"
[1] "Reading in data and making spatial... 2025-04-25 12:50:56.439269"
[1] "Retrieving coordinates... 2025-04-25 12:50:57.215856"
[1] "Retrieving H3 Indexes for Buildings... 2025-04-25 12:50:57.221356"
[1] "Deleting Footprints... 2025-04-25 12:50:57.289791"
[1] "36 Files Succesfully Downloaded --- 2025-04-25 12:50:57"
[1] "Downloading Footprints for link 37 @ 2025-04-25 12:50:57.292715"
[1] "File Downloaded... unzipping... 2025-04-25 12:50:57.85064"
[1] "Reading in data and making spatial... 2025-04-25 12:50:57.877267"
[1] "Retrieving coordinates... 2025-04-25 12:50:57.951964"
[1] "Retrieving H3 Indexes for Buildings... 2025-04-25 12:50:57.952762"
[1] "Deleting Footprints... 2025-04-25 12:50:58.064692"
[1] "37 Files Succesfully Downloaded --- 2025-04-25 12:50:58"
[1] "Downloading Footprints for link 38 @ 2025-04-25 12:50:58.068966"
[1] "File Downloaded... unzipping... 2025-04-25 12:50:58.486455"
[1] "Reading in data and making spatial... 2025-04-25 12:50:58.51214"
[1] "Retrieving coordinates... 2025-04-25 12:50:58.553281"
[1] "Retrieving H3 Indexes for Buildings... 2025-04-25 12:50:58.553907"
[1] "Deleting Footprints... 2025-04-25 12:50:58.590847"
[1] "38 Files Succesfully Downloaded --- 2025-04-25 12:50:59"
[1] "Downloading Footprints for link 39 @ 2025-04-25 12:50:58.592995"
[1] "File Downloaded... unzipping... 2025-04-25 12:50:59.012176"
[1] "Reading in data and making spatial... 2025-04-25 12:50:59.038203"
[1] "Retrieving coordinates... 2025-04-25 12:50:59.070909"
[1] "Retrieving H3 Indexes for Buildings... 2025-04-25 12:50:59.071433"
[1] "Deleting Footprints... 2025-04-25 12:50:59.170327"
[1] "39 Files Succesfully Downloaded --- 2025-04-25 12:50:59"
[1] "Downloading Footprints for link 40 @ 2025-04-25 12:50:59.17435"
[1] "File Downloaded... unzipping... 2025-04-25 12:51:01.568772"
[1] "Reading in data and making spatial... 2025-04-25 12:51:01.743802"
[1] "Retrieving coordinates... 2025-04-25 12:51:04.894745"
[1] "Retrieving H3 Indexes for Buildings... 2025-04-25 12:51:04.911095"
[1] "Deleting Footprints... 2025-04-25 12:51:05.029105"
[1] "40 Files Succesfully Downloaded --- 2025-04-25 12:51:05"
[1] "Downloading Footprints for link 41 @ 2025-04-25 12:51:05.0321"
[1] "File Downloaded... unzipping... 2025-04-25 12:51:05.685215"
[1] "Reading in data and making spatial... 2025-04-25 12:51:05.713984"
[1] "Retrieving coordinates... 2025-04-25 12:51:05.832133"
[1] "Retrieving H3 Indexes for Buildings... 2025-04-25 12:51:05.833184"
[1] "Deleting Footprints... 2025-04-25 12:51:05.957274"
[1] "41 Files Succesfully Downloaded --- 2025-04-25 12:51:06"
[1] "Downloading Footprints for link 42 @ 2025-04-25 12:51:05.960499"
[1] "File Downloaded... unzipping... 2025-04-25 12:51:07.173886"
[1] "Reading in data and making spatial... 2025-04-25 12:51:07.577236"
[1] "Retrieving coordinates... 2025-04-25 12:51:10.372819"
[1] "Retrieving H3 Indexes for Buildings... 2025-04-25 12:51:10.385215"
[1] "Deleting Footprints... 2025-04-25 12:51:10.900332"
[1] "42 Files Succesfully Downloaded --- 2025-04-25 12:51:11"
[1] "Downloading Footprints for link 43 @ 2025-04-25 12:51:10.904729"
[1] "File Downloaded... unzipping... 2025-04-25 12:51:11.75039"
[1] "Reading in data and making spatial... 2025-04-25 12:51:12.121638"
[1] "Retrieving coordinates... 2025-04-25 12:51:12.462312"
[1] "Retrieving H3 Indexes for Buildings... 2025-04-25 12:51:12.465025"
[1] "Deleting Footprints... 2025-04-25 12:51:12.519999"
[1] "43 Files Succesfully Downloaded --- 2025-04-25 12:51:13"
[1] "Downloading Footprints for link 44 @ 2025-04-25 12:51:12.523197"
[1] "File Downloaded... unzipping... 2025-04-25 12:51:13.667707"
[1] "Reading in data and making spatial... 2025-04-25 12:51:14.182176"
[1] "Retrieving coordinates... 2025-04-25 12:51:16.130707"
[1] "Retrieving H3 Indexes for Buildings... 2025-04-25 12:51:16.138361"
[1] "Deleting Footprints... 2025-04-25 12:51:16.216628"
[1] "44 Files Succesfully Downloaded --- 2025-04-25 12:51:16"
[1] "Downloading Footprints for link 45 @ 2025-04-25 12:51:16.220251"
[1] "File Downloaded... unzipping... 2025-04-25 12:51:17.114138"
[1] "Reading in data and making spatial... 2025-04-25 12:51:17.219192"
[1] "Retrieving coordinates... 2025-04-25 12:51:17.619229"
[1] "Retrieving H3 Indexes for Buildings... 2025-04-25 12:51:17.621503"
[1] "Deleting Footprints... 2025-04-25 12:51:17.809778"
[1] "45 Files Succesfully Downloaded --- 2025-04-25 12:51:18"
[1] "Downloading Footprints for link 46 @ 2025-04-25 12:51:17.813345"
[1] "File Downloaded... unzipping... 2025-04-25 12:51:18.331113"
[1] "Reading in data and making spatial... 2025-04-25 12:51:18.366953"
[1] "Retrieving coordinates... 2025-04-25 12:51:18.426345"
[1] "Retrieving H3 Indexes for Buildings... 2025-04-25 12:51:18.426964"
[1] "Deleting Footprints... 2025-04-25 12:51:18.545861"
[1] "46 Files Succesfully Downloaded --- 2025-04-25 12:51:19"
[1] "Downloading Footprints for link 47 @ 2025-04-25 12:51:18.549802"
[1] "File Downloaded... unzipping... 2025-04-25 12:51:19.445733"
[1] "Reading in data and making spatial... 2025-04-25 12:51:19.6567"
[1] "Retrieving coordinates... 2025-04-25 12:51:20.194619"
[1] "Retrieving H3 Indexes for Buildings... 2025-04-25 12:51:20.197363"
[1] "Deleting Footprints... 2025-04-25 12:51:20.253511"
[1] "47 Files Succesfully Downloaded --- 2025-04-25 12:51:20"
[1] "Downloading Footprints for link 48 @ 2025-04-25 12:51:20.257302"
[1] "File Downloaded... unzipping... 2025-04-25 12:51:21.158942"
[1] "Reading in data and making spatial... 2025-04-25 12:51:21.237326"
[1] "Retrieving coordinates... 2025-04-25 12:51:21.628807"
[1] "Retrieving H3 Indexes for Buildings... 2025-04-25 12:51:21.63078"
[1] "Deleting Footprints... 2025-04-25 12:51:21.787337"
[1] "48 Files Succesfully Downloaded --- 2025-04-25 12:51:22"
[1] "Downloading Footprints for link 49 @ 2025-04-25 12:51:21.790675"
[1] "File Downloaded... unzipping... 2025-04-25 12:51:22.41765"
[1] "Reading in data and making spatial... 2025-04-25 12:51:22.693003"
[1] "Retrieving coordinates... 2025-04-25 12:51:22.816793"
[1] "Retrieving H3 Indexes for Buildings... 2025-04-25 12:51:22.818003"
[1] "Deleting Footprints... 2025-04-25 12:51:22.868348"
[1] "49 Files Succesfully Downloaded --- 2025-04-25 12:51:23"
[1] "Downloading Footprints for link 50 @ 2025-04-25 12:51:22.870869"
[1] "File Downloaded... unzipping... 2025-04-25 12:51:23.772744"
[1] "Reading in data and making spatial... 2025-04-25 12:51:23.817919"
[1] "Retrieving coordinates... 2025-04-25 12:51:24.073532"
[1] "Retrieving H3 Indexes for Buildings... 2025-04-25 12:51:24.075563"
[1] "Deleting Footprints... 2025-04-25 12:51:24.127999"
[1] "50 Files Succesfully Downloaded --- 2025-04-25 12:51:24"
[1] "Downloading Footprints for link 51 @ 2025-04-25 12:51:24.131625"
[1] "File Downloaded... unzipping... 2025-04-25 12:51:24.905067"
[1] "Reading in data and making spatial... 2025-04-25 12:51:24.945403"
[1] "Retrieving coordinates... 2025-04-25 12:51:25.254237"
[1] "Retrieving H3 Indexes for Buildings... 2025-04-25 12:51:25.256049"
[1] "Deleting Footprints... 2025-04-25 12:51:25.308565"
[1] "51 Files Succesfully Downloaded --- 2025-04-25 12:51:25"
[1] "Downloading Footprints for link 52 @ 2025-04-25 12:51:25.311259"
[1] "File Downloaded... unzipping... 2025-04-25 12:51:25.922564"
[1] "Reading in data and making spatial... 2025-04-25 12:51:25.950536"
[1] "Retrieving coordinates... 2025-04-25 12:51:26.03256"
[1] "Retrieving H3 Indexes for Buildings... 2025-04-25 12:51:26.033507"
[1] "Deleting Footprints... 2025-04-25 12:51:26.303729"
[1] "52 Files Succesfully Downloaded --- 2025-04-25 12:51:26"
[1] "Downloading Footprints for link 53 @ 2025-04-25 12:51:26.30811"
[1] "File Downloaded... unzipping... 2025-04-25 12:51:27.326136"
[1] "Reading in data and making spatial... 2025-04-25 12:51:27.934122"
[1] "Retrieving coordinates... 2025-04-25 12:51:28.753265"
[1] "Retrieving H3 Indexes for Buildings... 2025-04-25 12:51:28.758659"
[1] "Deleting Footprints... 2025-04-25 12:51:28.831421"
[1] "53 Files Succesfully Downloaded --- 2025-04-25 12:51:29"
[1] "Downloading Footprints for link 54 @ 2025-04-25 12:51:28.834054"
[1] "File Downloaded... unzipping... 2025-04-25 12:51:29.609632"
[1] "Reading in data and making spatial... 2025-04-25 12:51:29.707503"
[1] "Retrieving coordinates... 2025-04-25 12:51:29.835054"
[1] "Retrieving H3 Indexes for Buildings... 2025-04-25 12:51:29.836191"
[1] "Deleting Footprints... 2025-04-25 12:51:29.889881"
[1] "54 Files Succesfully Downloaded --- 2025-04-25 12:51:30"
[1] "Downloading Footprints for link 55 @ 2025-04-25 12:51:29.892513"
[1] "File Downloaded... unzipping... 2025-04-25 12:51:31.225408"
[1] "Reading in data and making spatial... 2025-04-25 12:51:31.559102"
[1] "Retrieving coordinates... 2025-04-25 12:51:36.28932"
[1] "Retrieving H3 Indexes for Buildings... 2025-04-25 12:51:36.313134"
[1] "Deleting Footprints... 2025-04-25 12:51:36.495903"
[1] "55 Files Succesfully Downloaded --- 2025-04-25 12:51:36"
[1] "Downloading Footprints for link 56 @ 2025-04-25 12:51:36.499139"
[1] "File Downloaded... unzipping... 2025-04-25 12:51:37.356109"
[1] "Reading in data and making spatial... 2025-04-25 12:51:37.417615"
[1] "Retrieving coordinates... 2025-04-25 12:51:38.205449"
[1] "Retrieving H3 Indexes for Buildings... 2025-04-25 12:51:38.209618"
[1] "Deleting Footprints... 2025-04-25 12:51:38.297711"
[1] "56 Files Succesfully Downloaded --- 2025-04-25 12:51:38"
[1] "Downloading Footprints for link 57 @ 2025-04-25 12:51:38.300752"
[1] "File Downloaded... unzipping... 2025-04-25 12:51:38.641323"
[1] "Reading in data and making spatial... 2025-04-25 12:51:38.664935"
[1] "Retrieving coordinates... 2025-04-25 12:51:38.691093"
[1] "Retrieving H3 Indexes for Buildings... 2025-04-25 12:51:38.691547"
[1] "Deleting Footprints... 2025-04-25 12:51:38.827414"
[1] "57 Files Succesfully Downloaded --- 2025-04-25 12:51:39"
[1] "Downloading Footprints for link 58 @ 2025-04-25 12:51:38.832113"
[1] "File Downloaded... unzipping... 2025-04-25 12:51:39.851188"
[1] "Reading in data and making spatial... 2025-04-25 12:51:40.023956"
[1] "Retrieving coordinates... 2025-04-25 12:51:40.90396"
[1] "Retrieving H3 Indexes for Buildings... 2025-04-25 12:51:40.9081"
[1] "Deleting Footprints... 2025-04-25 12:51:40.979321"
[1] "58 Files Succesfully Downloaded --- 2025-04-25 12:51:41"
[1] "Downloading Footprints for link 59 @ 2025-04-25 12:51:40.982994"
[1] "File Downloaded... unzipping... 2025-04-25 12:51:41.618512"
[1] "Reading in data and making spatial... 2025-04-25 12:51:41.742993"
[1] "Retrieving coordinates... 2025-04-25 12:51:41.823085"
[1] "Retrieving H3 Indexes for Buildings... 2025-04-25 12:51:41.824042"
[1] "Deleting Footprints... 2025-04-25 12:51:41.958883"
[1] "59 Files Succesfully Downloaded --- 2025-04-25 12:51:42"
[1] "Downloading Footprints for link 60 @ 2025-04-25 12:51:41.962886"
[1] "File Downloaded... unzipping... 2025-04-25 12:51:48.444169"
[1] "Reading in data and making spatial... 2025-04-25 12:51:48.609402"
[1] "Retrieving coordinates... 2025-04-25 12:51:48.875689"
[1] "Retrieving H3 Indexes for Buildings... 2025-04-25 12:51:48.877498"
[1] "Deleting Footprints... 2025-04-25 12:51:49.100461"
[1] "60 Files Succesfully Downloaded --- 2025-04-25 12:51:49"
[1] "Downloading Footprints for link 61 @ 2025-04-25 12:51:49.103364"
[1] "File Downloaded... unzipping... 2025-04-25 12:51:50.369167"
[1] "Reading in data and making spatial... 2025-04-25 12:51:50.946512"
[1] "Retrieving coordinates... 2025-04-25 12:51:54.329709"
[1] "Retrieving H3 Indexes for Buildings... 2025-04-25 12:51:54.350115"
[1] "Deleting Footprints... 2025-04-25 12:51:54.628836"
[1] "61 Files Succesfully Downloaded --- 2025-04-25 12:51:55"
[1] "Downloading Footprints for link 62 @ 2025-04-25 12:51:54.632059"
[1] "File Downloaded... unzipping... 2025-04-25 12:51:55.342627"
[1] "Reading in data and making spatial... 2025-04-25 12:51:55.377684"
[1] "Retrieving coordinates... 2025-04-25 12:51:55.97563"
[1] "Retrieving H3 Indexes for Buildings... 2025-04-25 12:51:55.977243"
[1] "Deleting Footprints... 2025-04-25 12:51:56.038754"
[1] "62 Files Succesfully Downloaded --- 2025-04-25 12:51:56"
[1] "Downloading Footprints for link 63 @ 2025-04-25 12:51:56.041551"
[1] "File Downloaded... unzipping... 2025-04-25 12:51:57.060642"
[1] "Reading in data and making spatial... 2025-04-25 12:51:57.235398"
[1] "Retrieving coordinates... 2025-04-25 12:51:57.731"
[1] "Retrieving H3 Indexes for Buildings... 2025-04-25 12:51:57.734679"
[1] "Deleting Footprints... 2025-04-25 12:51:57.893953"
[1] "63 Files Succesfully Downloaded --- 2025-04-25 12:51:58"
[1] "Downloading Footprints for link 64 @ 2025-04-25 12:51:57.897033"
[1] "File Downloaded... unzipping... 2025-04-25 12:51:58.569027"
[1] "Reading in data and making spatial... 2025-04-25 12:51:58.605014"
[1] "Retrieving coordinates... 2025-04-25 12:51:58.76005"
[1] "Retrieving H3 Indexes for Buildings... 2025-04-25 12:51:58.761441"
[1] "Deleting Footprints... 2025-04-25 12:51:58.972424"
[1] "64 Files Succesfully Downloaded --- 2025-04-25 12:51:59"
[1] "Downloading Footprints for link 65 @ 2025-04-25 12:51:58.975308"
[1] "File Downloaded... unzipping... 2025-04-25 12:51:59.677517"
[1] "Reading in data and making spatial... 2025-04-25 12:51:59.71195"
[1] "Retrieving coordinates... 2025-04-25 12:51:59.836199"
[1] "Retrieving H3 Indexes for Buildings... 2025-04-25 12:51:59.837328"
[1] "Deleting Footprints... 2025-04-25 12:52:00.277679"
[1] "65 Files Succesfully Downloaded --- 2025-04-25 12:52:00"
[1] "Downloading Footprints for link 66 @ 2025-04-25 12:52:00.280511"
[1] "File Downloaded... unzipping... 2025-04-25 12:52:01.018005"
[1] "Reading in data and making spatial... 2025-04-25 12:52:01.058206"
[1] "Retrieving coordinates... 2025-04-25 12:52:01.221571"
[1] "Retrieving H3 Indexes for Buildings... 2025-04-25 12:52:01.223058"
[1] "Deleting Footprints... 2025-04-25 12:52:01.290509"
[1] "66 Files Succesfully Downloaded --- 2025-04-25 12:52:01"
[1] "Downloading Footprints for link 67 @ 2025-04-25 12:52:01.294312"
[1] "File Downloaded... unzipping... 2025-04-25 12:52:02.061245"
[1] "Reading in data and making spatial... 2025-04-25 12:52:02.162728"
[1] "Retrieving coordinates... 2025-04-25 12:52:02.35462"
[1] "Retrieving H3 Indexes for Buildings... 2025-04-25 12:52:02.356237"
[1] "Deleting Footprints... 2025-04-25 12:52:02.493967"
[1] "67 Files Succesfully Downloaded --- 2025-04-25 12:52:02"
[1] "Downloading Footprints for link 68 @ 2025-04-25 12:52:02.498101"
[1] "File Downloaded... unzipping... 2025-04-25 12:52:03.264111"
[1] "Reading in data and making spatial... 2025-04-25 12:52:03.398928"
[1] "Retrieving coordinates... 2025-04-25 12:52:03.725582"
[1] "Retrieving H3 Indexes for Buildings... 2025-04-25 12:52:03.728122"
[1] "Deleting Footprints... 2025-04-25 12:52:04.156835"
[1] "68 Files Succesfully Downloaded --- 2025-04-25 12:52:04"
[1] "Downloading Footprints for link 69 @ 2025-04-25 12:52:04.160965"
[1] "File Downloaded... unzipping... 2025-04-25 12:52:04.818402"
[1] "Reading in data and making spatial... 2025-04-25 12:52:04.852127"
[1] "Retrieving coordinates... 2025-04-25 12:52:04.981268"
[1] "Retrieving H3 Indexes for Buildings... 2025-04-25 12:52:04.982536"
[1] "Deleting Footprints... 2025-04-25 12:52:05.046836"
[1] "69 Files Succesfully Downloaded --- 2025-04-25 12:52:05"
[1] "Downloading Footprints for link 70 @ 2025-04-25 12:52:05.049119"
[1] "File Downloaded... unzipping... 2025-04-25 12:52:06.039653"
[1] "Reading in data and making spatial... 2025-04-25 12:52:06.095331"
[1] "Retrieving coordinates... 2025-04-25 12:52:06.822195"
[1] "Retrieving H3 Indexes for Buildings... 2025-04-25 12:52:06.826995"
[1] "Deleting Footprints... 2025-04-25 12:52:06.986857"
[1] "70 Files Succesfully Downloaded --- 2025-04-25 12:52:07"
[1] "Downloading Footprints for link 71 @ 2025-04-25 12:52:06.990324"
[1] "File Downloaded... unzipping... 2025-04-25 12:52:07.652379"
[1] "Reading in data and making spatial... 2025-04-25 12:52:07.786254"
[1] "Retrieving coordinates... 2025-04-25 12:52:07.885551"
[1] "Retrieving H3 Indexes for Buildings... 2025-04-25 12:52:07.886512"
[1] "Deleting Footprints... 2025-04-25 12:52:08.016079"
[1] "71 Files Succesfully Downloaded --- 2025-04-25 12:52:08"
[1] "Downloading Footprints for link 72 @ 2025-04-25 12:52:08.020709"
[1] "File Downloaded... unzipping... 2025-04-25 12:52:08.674671"
[1] "Reading in data and making spatial... 2025-04-25 12:52:08.715825"
[1] "Retrieving coordinates... 2025-04-25 12:52:08.872759"
[1] "Retrieving H3 Indexes for Buildings... 2025-04-25 12:52:08.874159"
[1] "Deleting Footprints... 2025-04-25 12:52:09.178331"
[1] "72 Files Succesfully Downloaded --- 2025-04-25 12:52:09"
[1] "Downloading Footprints for link 73 @ 2025-04-25 12:52:09.18192"
[1] "File Downloaded... unzipping... 2025-04-25 12:52:09.752324"
[1] "Reading in data and making spatial... 2025-04-25 12:52:09.779957"
[1] "Retrieving coordinates... 2025-04-25 12:52:09.85772"
[1] "Retrieving H3 Indexes for Buildings... 2025-04-25 12:52:09.858632"
[1] "Deleting Footprints... 2025-04-25 12:52:09.922166"
[1] "73 Files Succesfully Downloaded --- 2025-04-25 12:52:10"
[1] "Downloading Footprints for link 74 @ 2025-04-25 12:52:09.925611"
[1] "File Downloaded... unzipping... 2025-04-25 12:52:10.626725"
[1] "Reading in data and making spatial... 2025-04-25 12:52:10.725629"
[1] "Retrieving coordinates... 2025-04-25 12:52:10.890368"
[1] "Retrieving H3 Indexes for Buildings... 2025-04-25 12:52:10.891925"
[1] "Deleting Footprints... 2025-04-25 12:52:11.166777"
[1] "74 Files Succesfully Downloaded --- 2025-04-25 12:52:11"
[1] "Downloading Footprints for link 75 @ 2025-04-25 12:52:11.171966"
[1] "File Downloaded... unzipping... 2025-04-25 12:52:11.934816"
[1] "Reading in data and making spatial... 2025-04-25 12:52:11.971731"
[1] "Retrieving coordinates... 2025-04-25 12:52:12.168971"
[1] "Retrieving H3 Indexes for Buildings... 2025-04-25 12:52:12.170754"
[1] "Deleting Footprints... 2025-04-25 12:52:12.239786"
[1] "75 Files Succesfully Downloaded --- 2025-04-25 12:52:12"
[1] "Downloading Footprints for link 76 @ 2025-04-25 12:52:12.243758"
[1] "File Downloaded... unzipping... 2025-04-25 12:52:13.074564"
[1] "Reading in data and making spatial... 2025-04-25 12:52:13.266653"
[1] "Retrieving coordinates... 2025-04-25 12:52:13.664803"
[1] "Retrieving H3 Indexes for Buildings... 2025-04-25 12:52:13.667737"
[1] "Deleting Footprints... 2025-04-25 12:52:13.844197"
[1] "76 Files Succesfully Downloaded --- 2025-04-25 12:52:14"
[1] "Downloading Footprints for link 77 @ 2025-04-25 12:52:13.849511"
[1] "File Downloaded... unzipping... 2025-04-25 12:52:14.664675"
[1] "Reading in data and making spatial... 2025-04-25 12:52:14.751341"
[1] "Retrieving coordinates... 2025-04-25 12:52:15.136388"
[1] "Retrieving H3 Indexes for Buildings... 2025-04-25 12:52:15.13846"
[1] "Deleting Footprints... 2025-04-25 12:52:15.209122"
[1] "77 Files Succesfully Downloaded --- 2025-04-25 12:52:15"
[1] "Downloading Footprints for link 78 @ 2025-04-25 12:52:15.211764"
[1] "File Downloaded... unzipping... 2025-04-25 12:52:17.313931"
[1] "Reading in data and making spatial... 2025-04-25 12:52:17.345343"
[1] "Retrieving coordinates... 2025-04-25 12:52:17.435805"
[1] "Retrieving H3 Indexes for Buildings... 2025-04-25 12:52:17.4368"
[1] "Deleting Footprints... 2025-04-25 12:52:17.676353"
[1] "78 Files Succesfully Downloaded --- 2025-04-25 12:52:18"
[1] "Downloading Footprints for link 79 @ 2025-04-25 12:52:17.678513"
[1] "File Downloaded... unzipping... 2025-04-25 12:52:18.350034"
[1] "Reading in data and making spatial... 2025-04-25 12:52:18.386788"
[1] "Retrieving coordinates... 2025-04-25 12:52:18.522913"
[1] "Retrieving H3 Indexes for Buildings... 2025-04-25 12:52:18.524112"
[1] "Deleting Footprints... 2025-04-25 12:52:18.809968"
[1] "79 Files Succesfully Downloaded --- 2025-04-25 12:52:19"
[1] "Downloading Footprints for link 80 @ 2025-04-25 12:52:18.812654"
[1] "File Downloaded... unzipping... 2025-04-25 12:52:19.985756"
[1] "Reading in data and making spatial... 2025-04-25 12:52:20.7977"
[1] "Retrieving coordinates... 2025-04-25 12:52:22.929935"
[1] "Retrieving H3 Indexes for Buildings... 2025-04-25 12:52:22.940758"
[1] "Deleting Footprints... 2025-04-25 12:52:23.155652"
[1] "80 Files Succesfully Downloaded --- 2025-04-25 12:52:23"
[1] "Downloading Footprints for link 81 @ 2025-04-25 12:52:23.158301"
[1] "File Downloaded... unzipping... 2025-04-25 12:52:24.083935"
[1] "Reading in data and making spatial... 2025-04-25 12:52:24.588685"
[1] "Retrieving coordinates... 2025-04-25 12:52:25.564898"
[1] "Retrieving H3 Indexes for Buildings... 2025-04-25 12:52:25.568965"
[1] "Deleting Footprints... 2025-04-25 12:52:25.760229"
[1] "81 Files Succesfully Downloaded --- 2025-04-25 12:52:26"
[1] "Downloading Footprints for link 82 @ 2025-04-25 12:52:25.763052"
[1] "File Downloaded... unzipping... 2025-04-25 12:52:26.553692"
[1] "Reading in data and making spatial... 2025-04-25 12:52:26.751555"
[1] "Retrieving coordinates... 2025-04-25 12:52:27.011059"
[1] "Retrieving H3 Indexes for Buildings... 2025-04-25 12:52:27.013095"
[1] "Deleting Footprints... 2025-04-25 12:52:27.345235"
[1] "82 Files Succesfully Downloaded --- 2025-04-25 12:52:27"
[1] "Downloading Footprints for link 83 @ 2025-04-25 12:52:27.348437"
[1] "File Downloaded... unzipping... 2025-04-25 12:52:27.966903"
[1] "Reading in data and making spatial... 2025-04-25 12:52:28.015022"
[1] "Retrieving coordinates... 2025-04-25 12:52:28.095498"
[1] "Retrieving H3 Indexes for Buildings... 2025-04-25 12:52:28.096418"
[1] "Deleting Footprints... 2025-04-25 12:52:28.234873"
[1] "83 Files Succesfully Downloaded --- 2025-04-25 12:52:28"
[1] "Downloading Footprints for link 84 @ 2025-04-25 12:52:28.239781"
[1] "File Downloaded... unzipping... 2025-04-25 12:52:28.716765"
[1] "Reading in data and making spatial... 2025-04-25 12:52:28.749717"
[1] "Retrieving coordinates... 2025-04-25 12:52:28.820482"
[1] "Retrieving H3 Indexes for Buildings... 2025-04-25 12:52:28.82133"
[1] "Deleting Footprints... 2025-04-25 12:52:29.064103"
[1] "84 Files Succesfully Downloaded --- 2025-04-25 12:52:29"
[1] "Downloading Footprints for link 85 @ 2025-04-25 12:52:29.067171"
[1] "File Downloaded... unzipping... 2025-04-25 12:52:30.370055"
[1] "Reading in data and making spatial... 2025-04-25 12:52:30.763908"
[1] "Retrieving coordinates... 2025-04-25 12:52:33.564273"
[1] "Retrieving H3 Indexes for Buildings... 2025-04-25 12:52:33.578898"
[1] "Deleting Footprints... 2025-04-25 12:52:33.851301"
[1] "85 Files Succesfully Downloaded --- 2025-04-25 12:52:34"
[1] "Downloading Footprints for link 86 @ 2025-04-25 12:52:33.855768"
[1] "File Downloaded... unzipping... 2025-04-25 12:52:34.636398"
[1] "Reading in data and making spatial... 2025-04-25 12:52:35.012714"
[1] "Retrieving coordinates... 2025-04-25 12:52:35.354348"
[1] "Retrieving H3 Indexes for Buildings... 2025-04-25 12:52:35.356602"
[1] "Deleting Footprints... 2025-04-25 12:52:35.754353"
[1] "86 Files Succesfully Downloaded --- 2025-04-25 12:52:36"
[1] "Downloading Footprints for link 87 @ 2025-04-25 12:52:35.757326"
[1] "File Downloaded... unzipping... 2025-04-25 12:52:36.340313"
[1] "Reading in data and making spatial... 2025-04-25 12:52:36.373982"
[1] "Retrieving coordinates... 2025-04-25 12:52:36.471437"
[1] "Retrieving H3 Indexes for Buildings... 2025-04-25 12:52:36.472447"
[1] "Deleting Footprints... 2025-04-25 12:52:36.841458"
[1] "87 Files Succesfully Downloaded --- 2025-04-25 12:52:37"
[1] "Downloading Footprints for link 88 @ 2025-04-25 12:52:36.843181"
[1] "File Downloaded... unzipping... 2025-04-25 12:52:37.617561"
[1] "Reading in data and making spatial... 2025-04-25 12:52:37.653329"
[1] "Retrieving coordinates... 2025-04-25 12:52:37.855839"
[1] "Retrieving H3 Indexes for Buildings... 2025-04-25 12:52:37.857682"
[1] "Deleting Footprints... 2025-04-25 12:52:38.010601"
[1] "88 Files Succesfully Downloaded --- 2025-04-25 12:52:38"
[1] "Downloading Footprints for link 89 @ 2025-04-25 12:52:38.013059"
[1] "File Downloaded... unzipping... 2025-04-25 12:52:38.833428"
[1] "Reading in data and making spatial... 2025-04-25 12:52:38.86692"
[1] "Retrieving coordinates... 2025-04-25 12:52:39.03848"
[1] "Retrieving H3 Indexes for Buildings... 2025-04-25 12:52:39.040048"
[1] "Deleting Footprints... 2025-04-25 12:52:39.303777"
[1] "89 Files Succesfully Downloaded --- 2025-04-25 12:52:39"
[1] "Downloading Footprints for link 90 @ 2025-04-25 12:52:39.306818"
[1] "File Downloaded... unzipping... 2025-04-25 12:52:40.293012"
[1] "Reading in data and making spatial... 2025-04-25 12:52:40.325944"
[1] "Retrieving coordinates... 2025-04-25 12:52:40.560571"
[1] "Retrieving H3 Indexes for Buildings... 2025-04-25 12:52:40.562741"
[1] "Deleting Footprints... 2025-04-25 12:52:40.874869"
[1] "90 Files Succesfully Downloaded --- 2025-04-25 12:52:41"
[1] "Downloading Footprints for link 91 @ 2025-04-25 12:52:40.877757"
[1] "File Downloaded... unzipping... 2025-04-25 12:52:41.608506"
[1] "Reading in data and making spatial... 2025-04-25 12:52:41.641361"
[1] "Retrieving coordinates... 2025-04-25 12:52:41.810616"
[1] "Retrieving H3 Indexes for Buildings... 2025-04-25 12:52:41.812226"
[1] "Deleting Footprints... 2025-04-25 12:52:41.977087"
[1] "91 Files Succesfully Downloaded --- 2025-04-25 12:52:42"
[1] "Downloading Footprints for link 92 @ 2025-04-25 12:52:41.981553"
[1] "File Downloaded... unzipping... 2025-04-25 12:52:42.973843"
[1] "Reading in data and making spatial... 2025-04-25 12:52:43.10053"
[1] "Retrieving coordinates... 2025-04-25 12:52:43.773755"
[1] "Retrieving H3 Indexes for Buildings... 2025-04-25 12:52:43.778494"
[1] "Deleting Footprints... 2025-04-25 12:52:44.117504"
[1] "92 Files Succesfully Downloaded --- 2025-04-25 12:52:44"
[1] "Downloading Footprints for link 93 @ 2025-04-25 12:52:44.12201"
[1] "File Downloaded... unzipping... 2025-04-25 12:52:45.486017"
[1] "Reading in data and making spatial... 2025-04-25 12:52:45.561603"
[1] "Retrieving coordinates... 2025-04-25 12:52:46.456265"
[1] "Retrieving H3 Indexes for Buildings... 2025-04-25 12:52:46.463043"
[1] "Deleting Footprints... 2025-04-25 12:52:46.657221"
[1] "93 Files Succesfully Downloaded --- 2025-04-25 12:52:47"
[1] "Downloading Footprints for link 94 @ 2025-04-25 12:52:46.661425"
[1] "File Downloaded... unzipping... 2025-04-25 12:52:47.510208"
[1] "Reading in data and making spatial... 2025-04-25 12:52:47.637151"
[1] "Retrieving coordinates... 2025-04-25 12:52:48.021585"
[1] "Retrieving H3 Indexes for Buildings... 2025-04-25 12:52:48.024316"
[1] "Deleting Footprints... 2025-04-25 12:52:48.206803"
[1] "94 Files Succesfully Downloaded --- 2025-04-25 12:52:48"
[1] "Downloading Footprints for link 95 @ 2025-04-25 12:52:48.208372"
[1] "File Downloaded... unzipping... 2025-04-25 12:52:49.080619"
[1] "Reading in data and making spatial... 2025-04-25 12:52:49.205201"
[1] "Retrieving coordinates... 2025-04-25 12:52:49.541985"
[1] "Retrieving H3 Indexes for Buildings... 2025-04-25 12:52:49.544594"
[1] "Deleting Footprints... 2025-04-25 12:52:49.986165"
[1] "95 Files Succesfully Downloaded --- 2025-04-25 12:52:50"
[1] "Downloading Footprints for link 96 @ 2025-04-25 12:52:49.990256"
[1] "File Downloaded... unzipping... 2025-04-25 12:52:50.844342"
[1] "Reading in data and making spatial... 2025-04-25 12:52:50.914278"
[1] "Retrieving coordinates... 2025-04-25 12:52:51.249091"
[1] "Retrieving H3 Indexes for Buildings... 2025-04-25 12:52:51.251886"
[1] "Deleting Footprints... 2025-04-25 12:52:51.703334"
[1] "96 Files Succesfully Downloaded --- 2025-04-25 12:52:52"
[1] "Downloading Footprints for link 97 @ 2025-04-25 12:52:51.708215"
[1] "File Downloaded... unzipping... 2025-04-25 12:52:52.914472"
[1] "Reading in data and making spatial... 2025-04-25 12:52:53.57722"
[1] "Retrieving coordinates... 2025-04-25 12:52:55.721606"
[1] "Retrieving H3 Indexes for Buildings... 2025-04-25 12:52:55.735485"
[1] "Deleting Footprints... 2025-04-25 12:52:56.250575"
[1] "97 Files Succesfully Downloaded --- 2025-04-25 12:52:56"
[1] "Downloading Footprints for link 98 @ 2025-04-25 12:52:56.25463"
[1] "File Downloaded... unzipping... 2025-04-25 12:52:57.022384"
[1] "Reading in data and making spatial... 2025-04-25 12:52:57.563579"
[1] "Retrieving coordinates... 2025-04-25 12:52:57.894645"
[1] "Retrieving H3 Indexes for Buildings... 2025-04-25 12:52:57.897403"
[1] "Deleting Footprints... 2025-04-25 12:52:58.158516"
[1] "98 Files Succesfully Downloaded --- 2025-04-25 12:52:58"
[1] "Downloading Footprints for link 99 @ 2025-04-25 12:52:58.161093"
[1] "File Downloaded... unzipping... 2025-04-25 12:52:59.055542"
[1] "Reading in data and making spatial... 2025-04-25 12:52:59.187187"
[1] "Retrieving coordinates... 2025-04-25 12:52:59.496578"
[1] "Retrieving H3 Indexes for Buildings... 2025-04-25 12:52:59.49885"
[1] "Deleting Footprints... 2025-04-25 12:52:59.673512"
[1] "99 Files Succesfully Downloaded --- 2025-04-25 12:53:00"
[1] "Downloading Footprints for link 100 @ 2025-04-25 12:52:59.677447"
[1] "File Downloaded... unzipping... 2025-04-25 12:53:00.541222"
[1] "Reading in data and making spatial... 2025-04-25 12:53:00.74792"
[1] "Retrieving coordinates... 2025-04-25 12:53:01.079189"
[1] "Retrieving H3 Indexes for Buildings... 2025-04-25 12:53:01.081848"
[1] "Deleting Footprints... 2025-04-25 12:53:01.427784"
[1] "100 Files Succesfully Downloaded --- 2025-04-25 12:53:01"
[1] "Downloading Footprints for link 101 @ 2025-04-25 12:53:01.432376"
[1] "File Downloaded... unzipping... 2025-04-25 12:53:02.179621"
[1] "Reading in data and making spatial... 2025-04-25 12:53:02.213692"
[1] "Retrieving coordinates... 2025-04-25 12:53:02.36972"
[1] "Retrieving H3 Indexes for Buildings... 2025-04-25 12:53:02.371265"
[1] "Deleting Footprints... 2025-04-25 12:53:02.537213"
[1] "101 Files Succesfully Downloaded --- 2025-04-25 12:53:03"
[1] "Downloading Footprints for link 102 @ 2025-04-25 12:53:02.539592"
[1] "File Downloaded... unzipping... 2025-04-25 12:53:03.157695"
[1] "Reading in data and making spatial... 2025-04-25 12:53:03.190773"
[1] "Retrieving coordinates... 2025-04-25 12:53:03.431829"
[1] "Retrieving H3 Indexes for Buildings... 2025-04-25 12:53:03.433256"
[1] "Deleting Footprints... 2025-04-25 12:53:03.608741"
[1] "102 Files Succesfully Downloaded --- 2025-04-25 12:53:04"
[1] "Downloading Footprints for link 103 @ 2025-04-25 12:53:03.61216"
[1] "File Downloaded... unzipping... 2025-04-25 12:53:04.65346"
[1] "Reading in data and making spatial... 2025-04-25 12:53:04.790767"
[1] "Retrieving coordinates... 2025-04-25 12:53:05.870727"
[1] "Retrieving H3 Indexes for Buildings... 2025-04-25 12:53:05.874804"
[1] "Deleting Footprints... 2025-04-25 12:53:06.417984"
[1] "103 Files Succesfully Downloaded --- 2025-04-25 12:53:06"
[1] "Downloading Footprints for link 104 @ 2025-04-25 12:53:06.421158"
[1] "File Downloaded... unzipping... 2025-04-25 12:53:07.044413"
[1] "Reading in data and making spatial... 2025-04-25 12:53:07.073072"
[1] "Retrieving coordinates... 2025-04-25 12:53:07.188754"
[1] "Retrieving H3 Indexes for Buildings... 2025-04-25 12:53:07.189939"
[1] "Deleting Footprints... 2025-04-25 12:53:07.627028"
[1] "104 Files Succesfully Downloaded --- 2025-04-25 12:53:08"
[1] "Downloading Footprints for link 105 @ 2025-04-25 12:53:07.630425"
[1] "File Downloaded... unzipping... 2025-04-25 12:53:08.446899"
[1] "Reading in data and making spatial... 2025-04-25 12:53:08.663168"
[1] "Retrieving coordinates... 2025-04-25 12:53:08.940648"
[1] "Retrieving H3 Indexes for Buildings... 2025-04-25 12:53:08.943086"
[1] "Deleting Footprints... 2025-04-25 12:53:09.116482"
[1] "105 Files Succesfully Downloaded --- 2025-04-25 12:53:09"
[1] "Downloading Footprints for link 106 @ 2025-04-25 12:53:09.119182"
[1] "File Downloaded... unzipping... 2025-04-25 12:53:11.124298"
[1] "Reading in data and making spatial... 2025-04-25 12:53:11.862915"
[1] "Retrieving coordinates... 2025-04-25 12:53:27.652553"
[1] "Retrieving H3 Indexes for Buildings... 2025-04-25 12:53:27.748736"
[1] "Deleting Footprints... 2025-04-25 12:53:28.89498"
[1] "106 Files Succesfully Downloaded --- 2025-04-25 12:53:29"
[1] "Downloading Footprints for link 107 @ 2025-04-25 12:53:28.898543"
[1] "File Downloaded... unzipping... 2025-04-25 12:53:40.569172"
[1] "Reading in data and making spatial... 2025-04-25 12:53:41.895323"
[1] "Retrieving coordinates... 2025-04-25 12:53:48.713504"
[1] "Retrieving H3 Indexes for Buildings... 2025-04-25 12:53:48.7517"
[1] "Deleting Footprints... 2025-04-25 12:53:49.900519"
[1] "107 Files Succesfully Downloaded --- 2025-04-25 12:53:50"
[1] "Downloading Footprints for link 108 @ 2025-04-25 12:53:49.903343"
[1] "File Downloaded... unzipping... 2025-04-25 12:53:52.8146"
[1] "Reading in data and making spatial... 2025-04-25 12:53:53.285251"
[1] "Retrieving coordinates... 2025-04-25 12:53:54.19345"
[1] "Retrieving H3 Indexes for Buildings... 2025-04-25 12:53:54.200394"
[1] "Deleting Footprints... 2025-04-25 12:53:54.875399"
[1] "108 Files Succesfully Downloaded --- 2025-04-25 12:53:55"
[1] "Downloading Footprints for link 109 @ 2025-04-25 12:53:54.905582"
[1] "File Downloaded... unzipping... 2025-04-25 12:53:55.77202"
[1] "Reading in data and making spatial... 2025-04-25 12:53:56.269807"
[1] "Retrieving coordinates... 2025-04-25 12:53:56.636879"
[1] "Retrieving H3 Indexes for Buildings... 2025-04-25 12:53:56.640027"
[1] "Deleting Footprints... 2025-04-25 12:53:57.133637"
[1] "109 Files Succesfully Downloaded --- 2025-04-25 12:53:57"
[1] "Downloading Footprints for link 110 @ 2025-04-25 12:53:57.136171"
[1] "File Downloaded... unzipping... 2025-04-25 12:54:01.262307"
[1] "Reading in data and making spatial... 2025-04-25 12:54:01.342975"
[1] "Retrieving coordinates... 2025-04-25 12:54:02.42406"
[1] "Retrieving H3 Indexes for Buildings... 2025-04-25 12:54:02.431748"
[1] "Deleting Footprints... 2025-04-25 12:54:03.090495"
[1] "110 Files Succesfully Downloaded --- 2025-04-25 12:54:03"
[1] "Downloading Footprints for link 111 @ 2025-04-25 12:54:03.09391"
[1] "File Downloaded... unzipping... 2025-04-25 12:54:04.122368"
[1] "Reading in data and making spatial... 2025-04-25 12:54:04.198517"
[1] "Retrieving coordinates... 2025-04-25 12:54:04.967263"
[1] "Retrieving H3 Indexes for Buildings... 2025-04-25 12:54:04.973131"
[1] "Deleting Footprints... 2025-04-25 12:54:05.528913"
[1] "111 Files Succesfully Downloaded --- 2025-04-25 12:54:06"
[1] "Downloading Footprints for link 112 @ 2025-04-25 12:54:05.530945"
[1] "File Downloaded... unzipping... 2025-04-25 12:54:06.512381"
[1] "Reading in data and making spatial... 2025-04-25 12:54:06.586325"
[1] "Retrieving coordinates... 2025-04-25 12:54:07.639526"
[1] "Retrieving H3 Indexes for Buildings... 2025-04-25 12:54:07.64423"
[1] "Deleting Footprints... 2025-04-25 12:54:08.23033"
[1] "112 Files Succesfully Downloaded --- 2025-04-25 12:54:08"
[1] "Downloading Footprints for link 113 @ 2025-04-25 12:54:08.23503"
[1] "File Downloaded... unzipping... 2025-04-25 12:54:09.128836"
[1] "Reading in data and making spatial... 2025-04-25 12:54:09.24787"
[1] "Retrieving coordinates... 2025-04-25 12:54:09.5419"
[1] "Retrieving H3 Indexes for Buildings... 2025-04-25 12:54:09.544423"
[1] "Deleting Footprints... 2025-04-25 12:54:10.125513"
[1] "113 Files Succesfully Downloaded --- 2025-04-25 12:54:10"
[1] "Downloading Footprints for link 114 @ 2025-04-25 12:54:10.129914"
[1] "File Downloaded... unzipping... 2025-04-25 12:54:11.410485"
[1] "Reading in data and making spatial... 2025-04-25 12:54:11.539946"
[1] "Retrieving coordinates... 2025-04-25 12:54:13.737144"
[1] "Retrieving H3 Indexes for Buildings... 2025-04-25 12:54:13.755452"
[1] "Deleting Footprints... 2025-04-25 12:54:14.272474"
[1] "114 Files Succesfully Downloaded --- 2025-04-25 12:54:14"
[1] "Downloading Footprints for link 115 @ 2025-04-25 12:54:14.274898"
[1] "File Downloaded... unzipping... 2025-04-25 12:54:15.103059"
[1] "Reading in data and making spatial... 2025-04-25 12:54:15.178293"
[1] "Retrieving coordinates... 2025-04-25 12:54:15.447868"
[1] "Retrieving H3 Indexes for Buildings... 2025-04-25 12:54:15.450194"
[1] "Deleting Footprints... 2025-04-25 12:54:15.767714"
[1] "115 Files Succesfully Downloaded --- 2025-04-25 12:54:16"
[1] "Downloading Footprints for link 116 @ 2025-04-25 12:54:15.770553"
[1] "File Downloaded... unzipping... 2025-04-25 12:54:16.796908"
[1] "Reading in data and making spatial... 2025-04-25 12:54:17.118554"
[1] "Retrieving coordinates... 2025-04-25 12:54:17.877255"
[1] "Retrieving H3 Indexes for Buildings... 2025-04-25 12:54:17.883007"
[1] "Deleting Footprints... 2025-04-25 12:54:18.026206"
[1] "116 Files Succesfully Downloaded --- 2025-04-25 12:54:18"
[1] "Downloading Footprints for link 117 @ 2025-04-25 12:54:18.028823"
[1] "File Downloaded... unzipping... 2025-04-25 12:54:19.158473"
[1] "Reading in data and making spatial... 2025-04-25 12:54:19.261804"
[1] "Retrieving coordinates... 2025-04-25 12:54:20.255294"
[1] "Retrieving H3 Indexes for Buildings... 2025-04-25 12:54:20.261576"
[1] "Deleting Footprints... 2025-04-25 12:54:21.026755"
[1] "117 Files Succesfully Downloaded --- 2025-04-25 12:54:21"
[1] "Downloading Footprints for link 118 @ 2025-04-25 12:54:21.056706"
[1] "File Downloaded... unzipping... 2025-04-25 12:54:22.037308"
[1] "Reading in data and making spatial... 2025-04-25 12:54:22.134738"
[1] "Retrieving coordinates... 2025-04-25 12:54:22.784852"
[1] "Retrieving H3 Indexes for Buildings... 2025-04-25 12:54:22.789995"
[1] "Deleting Footprints... 2025-04-25 12:54:23.445227"
[1] "118 Files Succesfully Downloaded --- 2025-04-25 12:54:23"
[1] "Downloading Footprints for link 119 @ 2025-04-25 12:54:23.450845"
[1] "File Downloaded... unzipping... 2025-04-25 12:54:24.899019"
[1] "Reading in data and making spatial... 2025-04-25 12:54:25.159928"
[1] "Retrieving coordinates... 2025-04-25 12:54:31.001074"
[1] "Retrieving H3 Indexes for Buildings... 2025-04-25 12:54:31.031238"
[1] "Deleting Footprints... 2025-04-25 12:54:31.464541"
[1] "119 Files Succesfully Downloaded --- 2025-04-25 12:54:31"
[1] "Downloading Footprints for link 120 @ 2025-04-25 12:54:31.469259"
[1] "File Downloaded... unzipping... 2025-04-25 12:54:34.303031"
[1] "Reading in data and making spatial... 2025-04-25 12:54:34.771152"
[1] "Retrieving coordinates... 2025-04-25 12:54:44.643415"
[1] "Retrieving H3 Indexes for Buildings... 2025-04-25 12:54:44.873786"
[1] "Deleting Footprints... 2025-04-25 12:54:46.582471"
[1] "120 Files Succesfully Downloaded --- 2025-04-25 12:54:47"
[1] "Downloading Footprints for link 121 @ 2025-04-25 12:54:46.587023"
[1] "File Downloaded... unzipping... 2025-04-25 12:54:48.711812"
[1] "Reading in data and making spatial... 2025-04-25 12:54:49.313178"
[1] "Retrieving coordinates... 2025-04-25 12:55:03.35803"
[1] "Retrieving H3 Indexes for Buildings... 2025-04-25 12:55:03.425076"
[1] "Deleting Footprints... 2025-04-25 12:55:03.939387"
[1] "121 Files Succesfully Downloaded --- 2025-04-25 12:55:04"
[1] "Downloading Footprints for link 122 @ 2025-04-25 12:55:03.94142"
[1] "File Downloaded... unzipping... 2025-04-25 12:55:05.109854"
[1] "Reading in data and making spatial... 2025-04-25 12:55:05.263624"
[1] "Retrieving coordinates... 2025-04-25 12:55:07.725005"
[1] "Retrieving H3 Indexes for Buildings... 2025-04-25 12:55:07.738129"
[1] "Deleting Footprints... 2025-04-25 12:55:08.124578"
[1] "122 Files Succesfully Downloaded --- 2025-04-25 12:55:08"
[1] "Downloading Footprints for link 123 @ 2025-04-25 12:55:08.132508"
[1] "File Downloaded... unzipping... 2025-04-25 12:55:09.160108"
[1] "Reading in data and making spatial... 2025-04-25 12:55:09.632923"
[1] "Retrieving coordinates... 2025-04-25 12:55:10.404499"
[1] "Retrieving H3 Indexes for Buildings... 2025-04-25 12:55:10.408793"
[1] "Deleting Footprints... 2025-04-25 12:55:10.73033"
[1] "123 Files Succesfully Downloaded --- 2025-04-25 12:55:11"
[1] "Downloading Footprints for link 124 @ 2025-04-25 12:55:10.734116"
[1] "File Downloaded... unzipping... 2025-04-25 12:55:11.903455"
[1] "Reading in data and making spatial... 2025-04-25 12:55:12.038532"
[1] "Retrieving coordinates... 2025-04-25 12:55:13.895481"
[1] "Retrieving H3 Indexes for Buildings... 2025-04-25 12:55:13.905304"
[1] "Deleting Footprints... 2025-04-25 12:55:14.747401"
[1] "124 Files Succesfully Downloaded --- 2025-04-25 12:55:15"
[1] "Downloading Footprints for link 125 @ 2025-04-25 12:55:14.751755"
[1] "File Downloaded... unzipping... 2025-04-25 12:55:15.919483"
[1] "Reading in data and making spatial... 2025-04-25 12:55:16.046517"
[1] "Retrieving coordinates... 2025-04-25 12:55:17.939679"
[1] "Retrieving H3 Indexes for Buildings... 2025-04-25 12:55:17.953579"
[1] "Deleting Footprints... 2025-04-25 12:55:18.381304"
[1] "125 Files Succesfully Downloaded --- 2025-04-25 12:55:18"
[1] "Downloading Footprints for link 126 @ 2025-04-25 12:55:18.38493"
[1] "File Downloaded... unzipping... 2025-04-25 12:55:19.414381"
[1] "Reading in data and making spatial... 2025-04-25 12:55:19.592227"
[1] "Retrieving coordinates... 2025-04-25 12:55:20.716107"
[1] "Retrieving H3 Indexes for Buildings... 2025-04-25 12:55:20.72167"
[1] "Deleting Footprints... 2025-04-25 12:55:21.097906"
[1] "126 Files Succesfully Downloaded --- 2025-04-25 12:55:21"
[1] "Downloading Footprints for link 127 @ 2025-04-25 12:55:21.100179"
[1] "File Downloaded... unzipping... 2025-04-25 12:55:21.970291"
[1] "Reading in data and making spatial... 2025-04-25 12:55:22.065235"
[1] "Retrieving coordinates... 2025-04-25 12:55:22.502814"
[1] "Retrieving H3 Indexes for Buildings... 2025-04-25 12:55:22.505799"
[1] "Deleting Footprints... 2025-04-25 12:55:23.237824"
[1] "127 Files Succesfully Downloaded --- 2025-04-25 12:55:23"
[1] "Downloading Footprints for link 128 @ 2025-04-25 12:55:23.241244"
[1] "File Downloaded... unzipping... 2025-04-25 12:55:24.890631"
[1] "Reading in data and making spatial... 2025-04-25 12:55:25.324505"
[1] "Retrieving coordinates... 2025-04-25 12:55:34.215302"
[1] "Retrieving H3 Indexes for Buildings... 2025-04-25 12:55:34.283065"
[1] "Deleting Footprints... 2025-04-25 12:55:35.297615"
[1] "128 Files Succesfully Downloaded --- 2025-04-25 12:55:35"
[1] "Downloading Footprints for link 129 @ 2025-04-25 12:55:35.301874"
[1] "File Downloaded... unzipping... 2025-04-25 12:55:35.737324"
[1] "Reading in data and making spatial... 2025-04-25 12:55:35.767488"
[1] "Retrieving coordinates... 2025-04-25 12:55:35.815055"
[1] "Retrieving H3 Indexes for Buildings... 2025-04-25 12:55:35.81573"
[1] "Deleting Footprints... 2025-04-25 12:55:36.767286"
[1] "129 Files Succesfully Downloaded --- 2025-04-25 12:55:37"
[1] "Downloading Footprints for link 130 @ 2025-04-25 12:55:36.771309"
[1] "File Downloaded... unzipping... 2025-04-25 12:55:37.917304"
[1] "Reading in data and making spatial... 2025-04-25 12:55:38.006671"
[1] "Retrieving coordinates... 2025-04-25 12:55:39.039672"
[1] "Retrieving H3 Indexes for Buildings... 2025-04-25 12:55:39.046377"
[1] "Deleting Footprints... 2025-04-25 12:55:39.427019"
[1] "130 Files Succesfully Downloaded --- 2025-04-25 12:55:39"
[1] "Downloading Footprints for link 131 @ 2025-04-25 12:55:39.429934"
[1] "File Downloaded... unzipping... 2025-04-25 12:55:41.045186"
[1] "Reading in data and making spatial... 2025-04-25 12:55:41.425456"
[1] "Retrieving coordinates... 2025-04-25 12:55:45.775011"
[1] "Retrieving H3 Indexes for Buildings... 2025-04-25 12:55:45.801315"
[1] "Deleting Footprints... 2025-04-25 12:55:47.264772"
[1] "131 Files Succesfully Downloaded --- 2025-04-25 12:55:47"
[1] "Downloading Footprints for link 132 @ 2025-04-25 12:55:47.266864"
[1] "File Downloaded... unzipping... 2025-04-25 12:55:48.180106"
[1] "Reading in data and making spatial... 2025-04-25 12:55:48.240394"
[1] "Retrieving coordinates... 2025-04-25 12:55:48.772501"
[1] "Retrieving H3 Indexes for Buildings... 2025-04-25 12:55:48.776943"
[1] "Deleting Footprints... 2025-04-25 12:55:49.254549"
[1] "132 Files Succesfully Downloaded --- 2025-04-25 12:55:49"
[1] "Downloading Footprints for link 133 @ 2025-04-25 12:55:49.258138"
[1] "File Downloaded... unzipping... 2025-04-25 12:55:50.367826"
[1] "Reading in data and making spatial... 2025-04-25 12:55:50.766086"
[1] "Retrieving coordinates... 2025-04-25 12:55:51.964562"
[1] "Retrieving H3 Indexes for Buildings... 2025-04-25 12:55:51.972249"
[1] "Deleting Footprints... 2025-04-25 12:55:52.204583"
[1] "133 Files Succesfully Downloaded --- 2025-04-25 12:55:52"
[1] "Downloading Footprints for link 134 @ 2025-04-25 12:55:52.207762"
[1] "File Downloaded... unzipping... 2025-04-25 12:55:55.033426"
[1] "Reading in data and making spatial... 2025-04-25 12:55:55.16723"
[1] "Retrieving coordinates... 2025-04-25 12:55:57.248798"
[1] "Retrieving H3 Indexes for Buildings... 2025-04-25 12:55:57.26211"
[1] "Deleting Footprints... 2025-04-25 12:55:57.922856"
[1] "134 Files Succesfully Downloaded --- 2025-04-25 12:55:58"
[1] "Downloading Footprints for link 135 @ 2025-04-25 12:55:57.925418"
[1] "File Downloaded... unzipping... 2025-04-25 12:55:59.960893"
[1] "Reading in data and making spatial... 2025-04-25 12:56:00.852931"
[1] "Retrieving coordinates... 2025-04-25 12:56:10.25446"
[1] "Retrieving H3 Indexes for Buildings... 2025-04-25 12:56:10.314543"
[1] "Deleting Footprints... 2025-04-25 12:56:11.842275"
[1] "135 Files Succesfully Downloaded --- 2025-04-25 12:56:12"
[1] "Downloading Footprints for link 136 @ 2025-04-25 12:56:11.84458"
[1] "File Downloaded... unzipping... 2025-04-25 12:56:13.339446"
[1] "Reading in data and making spatial... 2025-04-25 12:56:13.590263"
[1] "Retrieving coordinates... 2025-04-25 12:56:17.676475"
[1] "Retrieving H3 Indexes for Buildings... 2025-04-25 12:56:17.703734"
[1] "Deleting Footprints... 2025-04-25 12:56:18.963856"
[1] "136 Files Succesfully Downloaded --- 2025-04-25 12:56:19"
[1] "Downloading Footprints for link 137 @ 2025-04-25 12:56:18.967571"
[1] "File Downloaded... unzipping... 2025-04-25 12:56:20.253755"
[1] "Reading in data and making spatial... 2025-04-25 12:56:20.475151"
[1] "Retrieving coordinates... 2025-04-25 12:56:25.200674"
[1] "Retrieving H3 Indexes for Buildings... 2025-04-25 12:56:25.225306"
[1] "Deleting Footprints... 2025-04-25 12:56:25.570089"
[1] "137 Files Succesfully Downloaded --- 2025-04-25 12:56:26"
[1] "Downloading Footprints for link 138 @ 2025-04-25 12:56:25.573576"
[1] "File Downloaded... unzipping... 2025-04-25 12:56:26.848034"
[1] "Reading in data and making spatial... 2025-04-25 12:56:27.264279"
[1] "Retrieving coordinates... 2025-04-25 12:56:30.722673"
[1] "Retrieving H3 Indexes for Buildings... 2025-04-25 12:56:30.743292"
[1] "Deleting Footprints... 2025-04-25 12:56:32.054773"
[1] "138 Files Succesfully Downloaded --- 2025-04-25 12:56:32"
[1] "Downloading Footprints for link 139 @ 2025-04-25 12:56:32.057943"
[1] "File Downloaded... unzipping... 2025-04-25 12:56:35.514114"
[1] "Reading in data and making spatial... 2025-04-25 12:56:36.962256"
[1] "Retrieving coordinates... 2025-04-25 12:57:04.367332"
[1] "Retrieving H3 Indexes for Buildings... 2025-04-25 12:57:04.522583"
[1] "Deleting Footprints... 2025-04-25 12:57:07.858263"
[1] "139 Files Succesfully Downloaded --- 2025-04-25 12:57:08"
[1] "Downloading Footprints for link 140 @ 2025-04-25 12:57:07.862106"
[1] "File Downloaded... unzipping... 2025-04-25 12:57:11.515579"
[1] "Reading in data and making spatial... 2025-04-25 12:57:11.682189"
[1] "Retrieving coordinates... 2025-04-25 12:57:15.153731"
[1] "Retrieving H3 Indexes for Buildings... 2025-04-25 12:57:15.174755"
[1] "Deleting Footprints... 2025-04-25 12:57:16.251537"
[1] "140 Files Succesfully Downloaded --- 2025-04-25 12:57:16"
[1] "Downloading Footprints for link 141 @ 2025-04-25 12:57:16.254646"
[1] "File Downloaded... unzipping... 2025-04-25 12:57:18.733115"
[1] "Reading in data and making spatial... 2025-04-25 12:57:18.951681"
[1] "Retrieving coordinates... 2025-04-25 12:57:22.573551"
[1] "Retrieving H3 Indexes for Buildings... 2025-04-25 12:57:22.59748"
[1] "Deleting Footprints... 2025-04-25 12:57:24.14831"
[1] "141 Files Succesfully Downloaded --- 2025-04-25 12:57:24"
[1] "Downloading Footprints for link 142 @ 2025-04-25 12:57:24.152318"
[1] "File Downloaded... unzipping... 2025-04-25 12:57:24.830737"
[1] "Reading in data and making spatial... 2025-04-25 12:57:24.860673"
[1] "Retrieving coordinates... 2025-04-25 12:57:24.942571"
[1] "Retrieving H3 Indexes for Buildings... 2025-04-25 12:57:24.943514"
[1] "Deleting Footprints... 2025-04-25 12:57:25.74921"
[1] "142 Files Succesfully Downloaded --- 2025-04-25 12:57:26"
[1] "Downloading Footprints for link 143 @ 2025-04-25 12:57:25.754503"
[1] "File Downloaded... unzipping... 2025-04-25 12:57:26.975828"
[1] "Reading in data and making spatial... 2025-04-25 12:57:27.087067"
[1] "Retrieving coordinates... 2025-04-25 12:57:28.528545"
[1] "Retrieving H3 Indexes for Buildings... 2025-04-25 12:57:28.539047"
[1] "Deleting Footprints... 2025-04-25 12:57:29.246296"
[1] "143 Files Succesfully Downloaded --- 2025-04-25 12:57:29"
[1] "Downloading Footprints for link 144 @ 2025-04-25 12:57:29.252179"
[1] "File Downloaded... unzipping... 2025-04-25 12:57:30.279915"
[1] "Reading in data and making spatial... 2025-04-25 12:57:30.340764"
[1] "Retrieving coordinates... 2025-04-25 12:57:30.990907"
[1] "Retrieving H3 Indexes for Buildings... 2025-04-25 12:57:30.995987"
[1] "Deleting Footprints... 2025-04-25 12:57:32.033678"
[1] "144 Files Succesfully Downloaded --- 2025-04-25 12:57:32"
[1] "Downloading Footprints for link 145 @ 2025-04-25 12:57:32.040863"
[1] "File Downloaded... unzipping... 2025-04-25 12:57:33.265208"
[1] "Reading in data and making spatial... 2025-04-25 12:57:33.376331"
[1] "Retrieving coordinates... 2025-04-25 12:57:34.871793"
[1] "Retrieving H3 Indexes for Buildings... 2025-04-25 12:57:34.883093"
[1] "Deleting Footprints... 2025-04-25 12:57:35.526513"
[1] "145 Files Succesfully Downloaded --- 2025-04-25 12:57:36"
[1] "Downloading Footprints for link 146 @ 2025-04-25 12:57:35.529411"
[1] "File Downloaded... unzipping... 2025-04-25 12:57:36.830484"
[1] "Reading in data and making spatial... 2025-04-25 12:57:37.403878"
[1] "Retrieving coordinates... 2025-04-25 12:57:39.790476"
[1] "Retrieving H3 Indexes for Buildings... 2025-04-25 12:57:39.807429"
[1] "Deleting Footprints... 2025-04-25 12:57:40.347586"
[1] "146 Files Succesfully Downloaded --- 2025-04-25 12:57:40"
[1] "Downloading Footprints for link 147 @ 2025-04-25 12:57:40.350639"
[1] "File Downloaded... unzipping... 2025-04-25 12:57:41.399662"
[1] "Reading in data and making spatial... 2025-04-25 12:57:41.477716"
[1] "Retrieving coordinates... 2025-04-25 12:57:42.415021"
[1] "Retrieving H3 Indexes for Buildings... 2025-04-25 12:57:42.420915"
[1] "Deleting Footprints... 2025-04-25 12:57:43.620127"
[1] "147 Files Succesfully Downloaded --- 2025-04-25 12:57:44"
[1] "Downloading Footprints for link 148 @ 2025-04-25 12:57:43.623221"
[1] "File Downloaded... unzipping... 2025-04-25 12:57:44.72365"
[1] "Reading in data and making spatial... 2025-04-25 12:57:44.902514"
[1] "Retrieving coordinates... 2025-04-25 12:57:45.921153"
[1] "Retrieving H3 Indexes for Buildings... 2025-04-25 12:57:45.928183"
[1] "Deleting Footprints... 2025-04-25 12:57:46.928244"
[1] "148 Files Succesfully Downloaded --- 2025-04-25 12:57:47"
[1] "Downloading Footprints for link 149 @ 2025-04-25 12:57:46.931123"
[1] "File Downloaded... unzipping... 2025-04-25 12:57:48.199411"
[1] "Reading in data and making spatial... 2025-04-25 12:57:48.378093"
[1] "Retrieving coordinates... 2025-04-25 12:57:51.473372"
[1] "Retrieving H3 Indexes for Buildings... 2025-04-25 12:57:51.493922"
[1] "Deleting Footprints... 2025-04-25 12:57:52.46311"
[1] "149 Files Succesfully Downloaded --- 2025-04-25 12:57:52"
[1] "Downloading Footprints for link 150 @ 2025-04-25 12:57:52.466788"
[1] "File Downloaded... unzipping... 2025-04-25 12:57:56.011968"
[1] "Reading in data and making spatial... 2025-04-25 12:57:58.102961"
[1] "Retrieving coordinates... 2025-04-25 12:58:33.418736"
[1] "Retrieving H3 Indexes for Buildings... 2025-04-25 12:58:33.609776"
[1] "Deleting Footprints... 2025-04-25 12:58:37.961575"
[1] "150 Files Succesfully Downloaded --- 2025-04-25 12:58:38"
[1] "Downloading Footprints for link 151 @ 2025-04-25 12:58:37.966041"
[1] "File Downloaded... unzipping... 2025-04-25 12:58:39.830107"
[1] "Reading in data and making spatial... 2025-04-25 12:58:40.290626"
[1] "Retrieving coordinates... 2025-04-25 12:58:50.369449"
[1] "Retrieving H3 Indexes for Buildings... 2025-04-25 12:58:50.425172"
[1] "Deleting Footprints... 2025-04-25 12:58:51.373382"
[1] "151 Files Succesfully Downloaded --- 2025-04-25 12:58:51"
[1] "Downloading Footprints for link 152 @ 2025-04-25 12:58:51.38102"
[1] "File Downloaded... unzipping... 2025-04-25 12:58:51.832933"
[1] "Reading in data and making spatial... 2025-04-25 12:58:51.862399"
[1] "Retrieving coordinates... 2025-04-25 12:58:51.907572"
[1] "Retrieving H3 Indexes for Buildings... 2025-04-25 12:58:51.90816"
[1] "Deleting Footprints... 2025-04-25 12:58:53.77913"
[1] "152 Files Succesfully Downloaded --- 2025-04-25 12:58:54"
[1] "Downloading Footprints for link 153 @ 2025-04-25 12:58:53.783878"
[1] "File Downloaded... unzipping... 2025-04-25 12:58:54.632817"
[1] "Reading in data and making spatial... 2025-04-25 12:58:54.683609"
[1] "Retrieving coordinates... 2025-04-25 12:58:54.983049"
[1] "Retrieving H3 Indexes for Buildings... 2025-04-25 12:58:54.985658"
[1] "Deleting Footprints... 2025-04-25 12:58:55.898912"
[1] "153 Files Succesfully Downloaded --- 2025-04-25 12:58:56"
[1] "Downloading Footprints for link 154 @ 2025-04-25 12:58:55.903934"
[1] "File Downloaded... unzipping... 2025-04-25 12:58:57.990252"
[1] "Reading in data and making spatial... 2025-04-25 12:58:58.182946"
[1] "Retrieving coordinates... 2025-04-25 12:59:00.170048"
[1] "Retrieving H3 Indexes for Buildings... 2025-04-25 12:59:00.184437"
[1] "Deleting Footprints... 2025-04-25 12:59:01.36643"
[1] "154 Files Succesfully Downloaded --- 2025-04-25 12:59:01"
[1] "Downloading Footprints for link 155 @ 2025-04-25 12:59:01.369648"
[1] "File Downloaded... unzipping... 2025-04-25 12:59:03.969204"
[1] "Reading in data and making spatial... 2025-04-25 12:59:04.711731"
[1] "Retrieving coordinates... 2025-04-25 12:59:19.067611"
[1] "Retrieving H3 Indexes for Buildings... 2025-04-25 12:59:19.168751"
[1] "Deleting Footprints... 2025-04-25 12:59:21.48494"
[1] "155 Files Succesfully Downloaded --- 2025-04-25 12:59:21"
[1] "Downloading Footprints for link 156 @ 2025-04-25 12:59:21.490231"
[1] "File Downloaded... unzipping... 2025-04-25 12:59:23.043262"
[1] "Reading in data and making spatial... 2025-04-25 12:59:23.348835"
[1] "Retrieving coordinates... 2025-04-25 12:59:26.908386"
[1] "Retrieving H3 Indexes for Buildings... 2025-04-25 12:59:26.931028"
[1] "Deleting Footprints... 2025-04-25 12:59:28.370502"
[1] "156 Files Succesfully Downloaded --- 2025-04-25 12:59:28"
[1] "Downloading Footprints for link 157 @ 2025-04-25 12:59:28.375118"
[1] "File Downloaded... unzipping... 2025-04-25 12:59:29.543904"
[1] "Reading in data and making spatial... 2025-04-25 12:59:29.742073"
[1] "Retrieving coordinates... 2025-04-25 12:59:30.749846"
[1] "Retrieving H3 Indexes for Buildings... 2025-04-25 12:59:30.756313"
[1] "Deleting Footprints... 2025-04-25 12:59:31.65816"
[1] "157 Files Succesfully Downloaded --- 2025-04-25 12:59:32"
[1] "Downloading Footprints for link 158 @ 2025-04-25 12:59:31.661613"
[1] "File Downloaded... unzipping... 2025-04-25 12:59:32.795906"
[1] "Reading in data and making spatial... 2025-04-25 12:59:33.048858"
[1] "Retrieving coordinates... 2025-04-25 12:59:34.002574"
[1] "Retrieving H3 Indexes for Buildings... 2025-04-25 12:59:34.00902"
[1] "Deleting Footprints... 2025-04-25 12:59:34.834741"
[1] "158 Files Succesfully Downloaded --- 2025-04-25 12:59:35"
[1] "Downloading Footprints for link 159 @ 2025-04-25 12:59:34.835661"
[1] "File Downloaded... unzipping... 2025-04-25 12:59:36.036968"
[1] "Reading in data and making spatial... 2025-04-25 12:59:36.221027"
[1] "Retrieving coordinates... 2025-04-25 12:59:38.132281"
[1] "Retrieving H3 Indexes for Buildings... 2025-04-25 12:59:38.146729"
[1] "Deleting Footprints... 2025-04-25 12:59:38.951236"
[1] "159 Files Succesfully Downloaded --- 2025-04-25 12:59:39"
[1] "Downloading Footprints for link 160 @ 2025-04-25 12:59:38.954287"
[1] "File Downloaded... unzipping... 2025-04-25 12:59:40.193151"
[1] "Reading in data and making spatial... 2025-04-25 12:59:40.553001"
[1] "Retrieving coordinates... 2025-04-25 12:59:43.751599"
[1] "Retrieving H3 Indexes for Buildings... 2025-04-25 12:59:43.769823"
[1] "Deleting Footprints... 2025-04-25 12:59:44.935946"
[1] "160 Files Succesfully Downloaded --- 2025-04-25 12:59:45"
[1] "Downloading Footprints for link 161 @ 2025-04-25 12:59:44.940888"
[1] "File Downloaded... unzipping... 2025-04-25 12:59:46.144235"
[1] "Reading in data and making spatial... 2025-04-25 12:59:46.840623"
[1] "Retrieving coordinates... 2025-04-25 12:59:48.255944"
[1] "Retrieving H3 Indexes for Buildings... 2025-04-25 12:59:48.266295"
[1] "Deleting Footprints... 2025-04-25 12:59:49.033156"
[1] "161 Files Succesfully Downloaded --- 2025-04-25 12:59:49"
[1] "Downloading Footprints for link 162 @ 2025-04-25 12:59:49.035209"
[1] "File Downloaded... unzipping... 2025-04-25 12:59:50.215381"
[1] "Reading in data and making spatial... 2025-04-25 12:59:50.770432"
[1] "Retrieving coordinates... 2025-04-25 12:59:52.535865"
[1] "Retrieving H3 Indexes for Buildings... 2025-04-25 12:59:52.544754"
[1] "Deleting Footprints... 2025-04-25 12:59:53.45878"
[1] "162 Files Succesfully Downloaded --- 2025-04-25 12:59:53"
[1] "Downloading Footprints for link 163 @ 2025-04-25 12:59:53.462887"
[1] "File Downloaded... unzipping... 2025-04-25 12:59:54.711246"
[1] "Reading in data and making spatial... 2025-04-25 12:59:54.917801"
[1] "Retrieving coordinates... 2025-04-25 12:59:57.820674"
[1] "Retrieving H3 Indexes for Buildings... 2025-04-25 12:59:57.836758"
[1] "Deleting Footprints... 2025-04-25 12:59:58.307503"
[1] "163 Files Succesfully Downloaded --- 2025-04-25 12:59:58"
[1] "Downloading Footprints for link 164 @ 2025-04-25 12:59:58.311738"
[1] "File Downloaded... unzipping... 2025-04-25 12:59:59.809515"
[1] "Reading in data and making spatial... 2025-04-25 13:00:00.087236"
[1] "Retrieving coordinates... 2025-04-25 13:00:04.853626"
[1] "Retrieving H3 Indexes for Buildings... 2025-04-25 13:00:04.88202"
[1] "Deleting Footprints... 2025-04-25 13:00:06.576414"
[1] "164 Files Succesfully Downloaded --- 2025-04-25 13:00:07"
[1] "Downloading Footprints for link 165 @ 2025-04-25 13:00:06.579528"
[1] "File Downloaded... unzipping... 2025-04-25 13:00:07.935401"
[1] "Reading in data and making spatial... 2025-04-25 13:00:08.430997"
[1] "Retrieving coordinates... 2025-04-25 13:00:09.711298"
[1] "Retrieving H3 Indexes for Buildings... 2025-04-25 13:00:09.71854"
[1] "Deleting Footprints... 2025-04-25 13:00:11.032434"
[1] "165 Files Succesfully Downloaded --- 2025-04-25 13:00:11"
[1] "Downloading Footprints for link 166 @ 2025-04-25 13:00:11.03653"
[1] "File Downloaded... unzipping... 2025-04-25 13:00:12.226097"
[1] "Reading in data and making spatial... 2025-04-25 13:00:12.784292"
[1] "Retrieving coordinates... 2025-04-25 13:00:13.799314"
[1] "Retrieving H3 Indexes for Buildings... 2025-04-25 13:00:13.807074"
[1] "Deleting Footprints... 2025-04-25 13:00:14.887079"
[1] "166 Files Succesfully Downloaded --- 2025-04-25 13:00:15"
[1] "Downloading Footprints for link 167 @ 2025-04-25 13:00:14.889715"
[1] "File Downloaded... unzipping... 2025-04-25 13:00:16.526993"
[1] "Reading in data and making spatial... 2025-04-25 13:00:16.92763"
[1] "Retrieving coordinates... 2025-04-25 13:00:25.613088"
[1] "Retrieving H3 Indexes for Buildings... 2025-04-25 13:00:25.661358"
[1] "Deleting Footprints... 2025-04-25 13:00:26.353922"
[1] "167 Files Succesfully Downloaded --- 2025-04-25 13:00:26"
[1] "Downloading Footprints for link 168 @ 2025-04-25 13:00:26.35739"
[1] "File Downloaded... unzipping... 2025-04-25 13:00:31.729184"
[1] "Reading in data and making spatial... 2025-04-25 13:00:33.923436"
[1] "Retrieving coordinates... 2025-04-25 13:01:16.929086"
[1] "Retrieving H3 Indexes for Buildings... 2025-04-25 13:01:17.170574"
[1] "Deleting Footprints... 2025-04-25 13:01:21.887704"
[1] "168 Files Succesfully Downloaded --- 2025-04-25 13:01:22"
[1] "Downloading Footprints for link 169 @ 2025-04-25 13:01:21.896174"
[1] "File Downloaded... unzipping... 2025-04-25 13:01:25.608789"
[1] "Reading in data and making spatial... 2025-04-25 13:01:25.997468"
[1] "Retrieving coordinates... 2025-04-25 13:01:33.092876"
[1] "Retrieving H3 Indexes for Buildings... 2025-04-25 13:01:33.140054"
[1] "Deleting Footprints... 2025-04-25 13:01:35.691208"
[1] "169 Files Succesfully Downloaded --- 2025-04-25 13:01:36"
[1] "Downloading Footprints for link 170 @ 2025-04-25 13:01:35.695558"
[1] "File Downloaded... unzipping... 2025-04-25 13:01:36.736572"
[1] "Reading in data and making spatial... 2025-04-25 13:01:37.10549"
[1] "Retrieving coordinates... 2025-04-25 13:01:37.917148"
[1] "Retrieving H3 Indexes for Buildings... 2025-04-25 13:01:37.92346"
[1] "Deleting Footprints... 2025-04-25 13:01:39.262076"
[1] "170 Files Succesfully Downloaded --- 2025-04-25 13:01:39"
[1] "Downloading Footprints for link 171 @ 2025-04-25 13:01:39.264359"
[1] "File Downloaded... unzipping... 2025-04-25 13:01:40.413708"
[1] "Reading in data and making spatial... 2025-04-25 13:01:40.580682"
[1] "Retrieving coordinates... 2025-04-25 13:01:41.964547"
[1] "Retrieving H3 Indexes for Buildings... 2025-04-25 13:01:41.974809"
[1] "Deleting Footprints... 2025-04-25 13:01:43.33622"
[1] "171 Files Succesfully Downloaded --- 2025-04-25 13:01:43"
[1] "Downloading Footprints for link 172 @ 2025-04-25 13:01:43.340445"
[1] "File Downloaded... unzipping... 2025-04-25 13:01:44.778534"
[1] "Reading in data and making spatial... 2025-04-25 13:01:45.036706"
[1] "Retrieving coordinates... 2025-04-25 13:01:47.423053"
[1] "Retrieving H3 Indexes for Buildings... 2025-04-25 13:01:47.439094"
[1] "Deleting Footprints... 2025-04-25 13:01:48.921309"
[1] "172 Files Succesfully Downloaded --- 2025-04-25 13:01:49"
[1] "Downloading Footprints for link 173 @ 2025-04-25 13:01:48.924768"
[1] "File Downloaded... unzipping... 2025-04-25 13:01:50.208541"
[1] "Reading in data and making spatial... 2025-04-25 13:01:50.587661"
[1] "Retrieving coordinates... 2025-04-25 13:01:51.995944"
[1] "Retrieving H3 Indexes for Buildings... 2025-04-25 13:01:52.006048"
[1] "Deleting Footprints... 2025-04-25 13:01:53.401159"
[1] "173 Files Succesfully Downloaded --- 2025-04-25 13:01:53"
[1] "Downloading Footprints for link 174 @ 2025-04-25 13:01:53.404183"
[1] "File Downloaded... unzipping... 2025-04-25 13:01:54.492249"
[1] "Reading in data and making spatial... 2025-04-25 13:01:55.085977"
[1] "Retrieving coordinates... 2025-04-25 13:01:56.234419"
[1] "Retrieving H3 Indexes for Buildings... 2025-04-25 13:01:56.24331"
[1] "Deleting Footprints... 2025-04-25 13:01:57.34646"
[1] "174 Files Succesfully Downloaded --- 2025-04-25 13:01:57"
[1] "Downloading Footprints for link 175 @ 2025-04-25 13:01:57.350124"
[1] "File Downloaded... unzipping... 2025-04-25 13:01:58.466704"
[1] "Reading in data and making spatial... 2025-04-25 13:01:58.542938"
[1] "Retrieving coordinates... 2025-04-25 13:01:59.642375"
[1] "Retrieving H3 Indexes for Buildings... 2025-04-25 13:01:59.649152"
[1] "Deleting Footprints... 2025-04-25 13:02:00.938402"
[1] "175 Files Succesfully Downloaded --- 2025-04-25 13:02:01"
[1] "Downloading Footprints for link 176 @ 2025-04-25 13:02:00.941468"
[1] "File Downloaded... unzipping... 2025-04-25 13:02:04.256896"
[1] "Reading in data and making spatial... 2025-04-25 13:02:04.578926"
[1] "Retrieving coordinates... 2025-04-25 13:02:06.016112"
[1] "Retrieving H3 Indexes for Buildings... 2025-04-25 13:02:06.026716"
[1] "Deleting Footprints... 2025-04-25 13:02:07.432999"
[1] "176 Files Succesfully Downloaded --- 2025-04-25 13:02:07"
[1] "Downloading Footprints for link 177 @ 2025-04-25 13:02:07.436728"
[1] "File Downloaded... unzipping... 2025-04-25 13:02:08.478653"
[1] "Reading in data and making spatial... 2025-04-25 13:02:08.551699"
[1] "Retrieving coordinates... 2025-04-25 13:02:09.380592"
[1] "Retrieving H3 Indexes for Buildings... 2025-04-25 13:02:09.38714"
[1] "Deleting Footprints... 2025-04-25 13:02:10.681201"
[1] "177 Files Succesfully Downloaded --- 2025-04-25 13:02:11"
[1] "Downloading Footprints for link 178 @ 2025-04-25 13:02:10.685472"
[1] "File Downloaded... unzipping... 2025-04-25 13:02:11.950499"
[1] "Reading in data and making spatial... 2025-04-25 13:02:12.841017"
[1] "Retrieving coordinates... 2025-04-25 13:02:14.755641"
[1] "Retrieving H3 Indexes for Buildings... 2025-04-25 13:02:14.769264"
[1] "Deleting Footprints... 2025-04-25 13:02:16.229345"
[1] "178 Files Succesfully Downloaded --- 2025-04-25 13:02:16"
[1] "Downloading Footprints for link 179 @ 2025-04-25 13:02:16.233535"
[1] "File Downloaded... unzipping... 2025-04-25 13:02:17.296801"
[1] "Reading in data and making spatial... 2025-04-25 13:02:17.386674"
[1] "Retrieving coordinates... 2025-04-25 13:02:18.065646"
[1] "Retrieving H3 Indexes for Buildings... 2025-04-25 13:02:18.070987"
[1] "Deleting Footprints... 2025-04-25 13:02:19.432349"
[1] "179 Files Succesfully Downloaded --- 2025-04-25 13:02:19"
[1] "Downloading Footprints for link 180 @ 2025-04-25 13:02:19.436906"
[1] "File Downloaded... unzipping... 2025-04-25 13:02:20.711418"
[1] "Reading in data and making spatial... 2025-04-25 13:02:20.864381"
[1] "Retrieving coordinates... 2025-04-25 13:02:22.531561"
[1] "Retrieving H3 Indexes for Buildings... 2025-04-25 13:02:22.552842"
[1] "Deleting Footprints... 2025-04-25 13:02:23.707052"
[1] "180 Files Succesfully Downloaded --- 2025-04-25 13:02:24"
[1] "Downloading Footprints for link 181 @ 2025-04-25 13:02:23.711075"
[1] "File Downloaded... unzipping... 2025-04-25 13:02:27.984253"
[1] "Reading in data and making spatial... 2025-04-25 13:02:28.189921"
[1] "Retrieving coordinates... 2025-04-25 13:02:30.838043"
[1] "Retrieving H3 Indexes for Buildings... 2025-04-25 13:02:30.855941"
[1] "Deleting Footprints... 2025-04-25 13:02:32.337136"
[1] "181 Files Succesfully Downloaded --- 2025-04-25 13:02:32"
[1] "Downloading Footprints for link 182 @ 2025-04-25 13:02:32.340094"
[1] "File Downloaded... unzipping... 2025-04-25 13:02:32.751054"
[1] "Reading in data and making spatial... 2025-04-25 13:02:32.77479"
[1] "Retrieving coordinates... 2025-04-25 13:02:32.806229"
[1] "Retrieving H3 Indexes for Buildings... 2025-04-25 13:02:32.806703"
[1] "Deleting Footprints... 2025-04-25 13:02:33.920547"
[1] "182 Files Succesfully Downloaded --- 2025-04-25 13:02:34"
[1] "Downloading Footprints for link 183 @ 2025-04-25 13:02:33.926103"
[1] "File Downloaded... unzipping... 2025-04-25 13:02:34.200708"
[1] "Reading in data and making spatial... 2025-04-25 13:02:34.224973"
[1] "Retrieving coordinates... 2025-04-25 13:02:34.242664"
[1] "Retrieving H3 Indexes for Buildings... 2025-04-25 13:02:34.243129"
[1] "Deleting Footprints... 2025-04-25 13:02:35.363284"
[1] "183 Files Succesfully Downloaded --- 2025-04-25 13:02:35"
[1] "Downloading Footprints for link 184 @ 2025-04-25 13:02:35.367669"
[1] "File Downloaded... unzipping... 2025-04-25 13:02:36.336888"
[1] "Reading in data and making spatial... 2025-04-25 13:02:36.396686"
[1] "Retrieving coordinates... 2025-04-25 13:02:37.182496"
[1] "Retrieving H3 Indexes for Buildings... 2025-04-25 13:02:37.187556"
[1] "Deleting Footprints... 2025-04-25 13:02:38.425156"
[1] "184 Files Succesfully Downloaded --- 2025-04-25 13:02:38"
[1] "Downloading Footprints for link 185 @ 2025-04-25 13:02:38.432473"
[1] "File Downloaded... unzipping... 2025-04-25 13:02:38.931189"
[1] "Reading in data and making spatial... 2025-04-25 13:02:38.95476"
[1] "Retrieving coordinates... 2025-04-25 13:02:38.991269"
[1] "Retrieving H3 Indexes for Buildings... 2025-04-25 13:02:38.991808"
[1] "Deleting Footprints... 2025-04-25 13:02:40.135853"
[1] "185 Files Succesfully Downloaded --- 2025-04-25 13:02:40"
[1] "Downloading Footprints for link 186 @ 2025-04-25 13:02:40.139006"
[1] "File Downloaded... unzipping... 2025-04-25 13:02:41.264689"
[1] "Reading in data and making spatial... 2025-04-25 13:02:41.576387"
[1] "Retrieving coordinates... 2025-04-25 13:02:42.827389"
[1] "Retrieving H3 Indexes for Buildings... 2025-04-25 13:02:42.836995"
[1] "Deleting Footprints... 2025-04-25 13:02:43.99437"
[1] "186 Files Succesfully Downloaded --- 2025-04-25 13:02:44"
[1] "Downloading Footprints for link 187 @ 2025-04-25 13:02:43.997861"
[1] "File Downloaded... unzipping... 2025-04-25 13:02:45.216502"
[1] "Reading in data and making spatial... 2025-04-25 13:02:45.629366"
[1] "Retrieving coordinates... 2025-04-25 13:02:47.535244"
[1] "Retrieving H3 Indexes for Buildings... 2025-04-25 13:02:47.551279"
[1] "Deleting Footprints... 2025-04-25 13:02:48.612185"
[1] "187 Files Succesfully Downloaded --- 2025-04-25 13:02:49"
[1] "Downloading Footprints for link 188 @ 2025-04-25 13:02:48.615952"
[1] "File Downloaded... unzipping... 2025-04-25 13:02:49.678477"
[1] "Reading in data and making spatial... 2025-04-25 13:02:51.32319"
[1] "Retrieving coordinates... 2025-04-25 13:02:51.862997"
[1] "Retrieving H3 Indexes for Buildings... 2025-04-25 13:02:51.867688"
[1] "Deleting Footprints... 2025-04-25 13:02:53.17504"
[1] "188 Files Succesfully Downloaded --- 2025-04-25 13:02:53"
[1] "Downloading Footprints for link 189 @ 2025-04-25 13:02:53.181869"
[1] "File Downloaded... unzipping... 2025-04-25 13:02:54.167657"
[1] "Reading in data and making spatial... 2025-04-25 13:02:54.230532"
[1] "Retrieving coordinates... 2025-04-25 13:02:54.882166"
[1] "Retrieving H3 Indexes for Buildings... 2025-04-25 13:02:54.888521"
[1] "Deleting Footprints... 2025-04-25 13:02:55.784793"
[1] "189 Files Succesfully Downloaded --- 2025-04-25 13:02:56"
[1] "Downloading Footprints for link 190 @ 2025-04-25 13:02:55.789011"
[1] "File Downloaded... unzipping... 2025-04-25 13:02:56.784311"
[1] "Reading in data and making spatial... 2025-04-25 13:02:57.522984"
[1] "Retrieving coordinates... 2025-04-25 13:02:58.280328"
[1] "Retrieving H3 Indexes for Buildings... 2025-04-25 13:02:58.285758"
[1] "Deleting Footprints... 2025-04-25 13:02:59.214625"
[1] "190 Files Succesfully Downloaded --- 2025-04-25 13:02:59"
[1] "SCRIPT COMPLETE @ 2025-04-25 13:03:06"
