[1] "Starting at: 2025-04-25 12:49:41"
[1] "Loading Links at: 2025-04-25 12:49:52"
[1] "quadkeys to download: 78"
[1] "Downloading and Joining footprints to Hex @ 2025-04-25 12:49:52"
[1] "Downloading Footprints for link 1 @ 2025-04-25 12:49:52.165362"
[1] "File Downloaded... unzipping... 2025-04-25 12:49:52.438934"
[1] "Reading in data and making spatial... 2025-04-25 12:49:52.469595"
[1] "Retrieving coordinates... 2025-04-25 12:49:52.512486"
[1] "Retrieving H3 Indexes for Buildings... 2025-04-25 12:49:52.513195"
[1] "Deleting Footprints... 2025-04-25 12:49:52.514416"
[1] "1 Files Succesfully Downloaded --- 2025-04-25 12:49:53"
[1] "Downloading Footprints for link 2 @ 2025-04-25 12:49:52.516982"
[1] "File Downloaded... unzipping... 2025-04-25 12:49:52.950485"
[1] "Reading in data and making spatial... 2025-04-25 12:49:52.97586"
[1] "Retrieving coordinates... 2025-04-25 12:49:53.006136"
[1] "Retrieving H3 Indexes for Buildings... 2025-04-25 12:49:53.006704"
[1] "Deleting Footprints... 2025-04-25 12:49:53.007926"
[1] "2 Files Succesfully Downloaded --- 2025-04-25 12:49:53"
[1] "Downloading Footprints for link 3 @ 2025-04-25 12:49:53.008739"
[1] "File Downloaded... unzipping... 2025-04-25 12:49:53.472426"
[1] "Reading in data and making spatial... 2025-04-25 12:49:53.497719"
[1] "Retrieving coordinates... 2025-04-25 12:49:53.530118"
[1] "Retrieving H3 Indexes for Buildings... 2025-04-25 12:49:53.530669"
[1] "Deleting Footprints... 2025-04-25 12:49:53.532011"
[1] "3 Files Succesfully Downloaded --- 2025-04-25 12:49:54"
[1] "Downloading Footprints for link 4 @ 2025-04-25 12:49:53.53373"
[1] "File Downloaded... unzipping... 2025-04-25 12:49:54.806365"
[1] "Reading in data and making spatial... 2025-04-25 12:49:55.158883"
[1] "Retrieving coordinates... 2025-04-25 12:49:58.130694"
[1] "Retrieving H3 Indexes for Buildings... 2025-04-25 12:49:58.141678"
[1] "Deleting Footprints... 2025-04-25 12:49:58.200225"
[1] "4 Files Succesfully Downloaded --- 2025-04-25 12:49:58"
[1] "Downloading Footprints for link 5 @ 2025-04-25 12:49:58.204299"
[1] "File Downloaded... unzipping... 2025-04-25 12:49:58.965192"
[1] "Reading in data and making spatial... 2025-04-25 12:49:58.998122"
[1] "Retrieving coordinates... 2025-04-25 12:49:59.18491"
[1] "Retrieving H3 Indexes for Buildings... 2025-04-25 12:49:59.186473"
[1] "Deleting Footprints... 2025-04-25 12:49:59.196302"
[1] "5 Files Succesfully Downloaded --- 2025-04-25 12:49:59"
[1] "Downloading Footprints for link 6 @ 2025-04-25 12:49:59.199921"
[1] "File Downloaded... unzipping... 2025-04-25 12:49:59.772394"
[1] "Reading in data and making spatial... 2025-04-25 12:49:59.796221"
[1] "Retrieving coordinates... 2025-04-25 12:49:59.867849"
[1] "Retrieving H3 Indexes for Buildings... 2025-04-25 12:49:59.868649"
[1] "Deleting Footprints... 2025-04-25 12:49:59.874384"
[1] "6 Files Succesfully Downloaded --- 2025-04-25 12:50:00"
[1] "Downloading Footprints for link 7 @ 2025-04-25 12:49:59.87824"
[1] "File Downloaded... unzipping... 2025-04-25 12:50:00.420972"
[1] "Reading in data and making spatial... 2025-04-25 12:50:00.443563"
[1] "Retrieving coordinates... 2025-04-25 12:50:00.485272"
[1] "Retrieving H3 Indexes for Buildings... 2025-04-25 12:50:00.485823"
[1] "Deleting Footprints... 2025-04-25 12:50:00.490319"
[1] "7 Files Succesfully Downloaded --- 2025-04-25 12:50:00"
[1] "Downloading Footprints for link 8 @ 2025-04-25 12:50:00.492109"
[1] "File Downloaded... unzipping... 2025-04-25 12:50:01.168076"
[1] "Reading in data and making spatial... 2025-04-25 12:50:01.197679"
[1] "Retrieving coordinates... 2025-04-25 12:50:01.373177"
[1] "Retrieving H3 Indexes for Buildings... 2025-04-25 12:50:01.374787"
[1] "Deleting Footprints... 2025-04-25 12:50:01.385803"
[1] "8 Files Succesfully Downloaded --- 2025-04-25 12:50:01"
[1] "Downloading Footprints for link 9 @ 2025-04-25 12:50:01.389459"
[1] "File Downloaded... unzipping... 2025-04-25 12:50:01.895541"
[1] "Reading in data and making spatial... 2025-04-25 12:50:01.918072"
[1] "Retrieving coordinates... 2025-04-25 12:50:01.963482"
[1] "Retrieving H3 Indexes for Buildings... 2025-04-25 12:50:01.9641"
[1] "Deleting Footprints... 2025-04-25 12:50:01.969078"
[1] "9 Files Succesfully Downloaded --- 2025-04-25 12:50:02"
[1] "Downloading Footprints for link 10 @ 2025-04-25 12:50:01.970997"
[1] "File Downloaded... unzipping... 2025-04-25 12:50:02.517474"
[1] "Reading in data and making spatial... 2025-04-25 12:50:02.545102"
[1] "Retrieving coordinates... 2025-04-25 12:50:02.679451"
[1] "Retrieving H3 Indexes for Buildings... 2025-04-25 12:50:02.680713"
[1] "Deleting Footprints... 2025-04-25 12:50:02.689647"
[1] "10 Files Succesfully Downloaded --- 2025-04-25 12:50:03"
[1] "Downloading Footprints for link 11 @ 2025-04-25 12:50:02.693525"
[1] "File Downloaded... unzipping... 2025-04-25 12:50:03.524184"
[1] "Reading in data and making spatial... 2025-04-25 12:50:03.558989"
[1] "Retrieving coordinates... 2025-04-25 12:50:03.764884"
[1] "Retrieving H3 Indexes for Buildings... 2025-04-25 12:50:03.766816"
[1] "Deleting Footprints... 2025-04-25 12:50:03.78204"
[1] "11 Files Succesfully Downloaded --- 2025-04-25 12:50:04"
[1] "Downloading Footprints for link 12 @ 2025-04-25 12:50:03.785617"
[1] "File Downloaded... unzipping... 2025-04-25 12:50:04.249226"
[1] "Reading in data and making spatial... 2025-04-25 12:50:04.283382"
[1] "Retrieving coordinates... 2025-04-25 12:50:04.371627"
[1] "Retrieving H3 Indexes for Buildings... 2025-04-25 12:50:04.372594"
[1] "Deleting Footprints... 2025-04-25 12:50:04.382798"
[1] "12 Files Succesfully Downloaded --- 2025-04-25 12:50:04"
[1] "Downloading Footprints for link 13 @ 2025-04-25 12:50:04.384531"
[1] "File Downloaded... unzipping... 2025-04-25 12:50:05.603959"
[1] "Reading in data and making spatial... 2025-04-25 12:50:05.854773"
[1] "Retrieving coordinates... 2025-04-25 12:50:07.486679"
[1] "Retrieving H3 Indexes for Buildings... 2025-04-25 12:50:07.496076"
[1] "Deleting Footprints... 2025-04-25 12:50:07.551353"
[1] "13 Files Succesfully Downloaded --- 2025-04-25 12:50:08"
[1] "Downloading Footprints for link 14 @ 2025-04-25 12:50:07.552263"
[1] "File Downloaded... unzipping... 2025-04-25 12:50:08.612576"
[1] "Reading in data and making spatial... 2025-04-25 12:50:08.69408"
[1] "Retrieving coordinates... 2025-04-25 12:50:09.361965"
[1] "Retrieving H3 Indexes for Buildings... 2025-04-25 12:50:09.365533"
[1] "Deleting Footprints... 2025-04-25 12:50:09.3905"
[1] "14 Files Succesfully Downloaded --- 2025-04-25 12:50:09"
[1] "Downloading Footprints for link 15 @ 2025-04-25 12:50:09.393776"
[1] "File Downloaded... unzipping... 2025-04-25 12:50:09.818868"
[1] "Reading in data and making spatial... 2025-04-25 12:50:09.843331"
[1] "Retrieving coordinates... 2025-04-25 12:50:09.883512"
[1] "Retrieving H3 Indexes for Buildings... 2025-04-25 12:50:09.884032"
[1] "Deleting Footprints... 2025-04-25 12:50:09.895514"
[1] "15 Files Succesfully Downloaded --- 2025-04-25 12:50:10"
[1] "Downloading Footprints for link 16 @ 2025-04-25 12:50:09.898746"
[1] "File Downloaded... unzipping... 2025-04-25 12:50:10.146864"
[1] "Reading in data and making spatial... 2025-04-25 12:50:10.171031"
[1] "Retrieving coordinates... 2025-04-25 12:50:10.184336"
[1] "Retrieving H3 Indexes for Buildings... 2025-04-25 12:50:10.184721"
[1] "Deleting Footprints... 2025-04-25 12:50:10.19254"
[1] "16 Files Succesfully Downloaded --- 2025-04-25 12:50:10"
[1] "Downloading Footprints for link 17 @ 2025-04-25 12:50:10.194194"
[1] "File Downloaded... unzipping... 2025-04-25 12:50:10.474648"
[1] "Reading in data and making spatial... 2025-04-25 12:50:10.497661"
[1] "Retrieving coordinates... 2025-04-25 12:50:10.510526"
[1] "Retrieving H3 Indexes for Buildings... 2025-04-25 12:50:10.510894"
[1] "Deleting Footprints... 2025-04-25 12:50:10.625217"
[1] "17 Files Succesfully Downloaded --- 2025-04-25 12:50:11"
[1] "Downloading Footprints for link 18 @ 2025-04-25 12:50:10.626926"
[1] "File Downloaded... unzipping... 2025-04-25 12:50:10.878124"
[1] "Reading in data and making spatial... 2025-04-25 12:50:10.904333"
[1] "Retrieving coordinates... 2025-04-25 12:50:10.923716"
[1] "Retrieving H3 Indexes for Buildings... 2025-04-25 12:50:10.924152"
[1] "Deleting Footprints... 2025-04-25 12:50:10.931383"
[1] "18 Files Succesfully Downloaded --- 2025-04-25 12:50:11"
[1] "Downloading Footprints for link 19 @ 2025-04-25 12:50:10.94085"
[1] "File Downloaded... unzipping... 2025-04-25 12:50:11.712985"
[1] "Reading in data and making spatial... 2025-04-25 12:50:11.758374"
[1] "Retrieving coordinates... 2025-04-25 12:50:12.02343"
[1] "Retrieving H3 Indexes for Buildings... 2025-04-25 12:50:12.02514"
[1] "Deleting Footprints... 2025-04-25 12:50:12.0414"
[1] "19 Files Succesfully Downloaded --- 2025-04-25 12:50:12"
[1] "Downloading Footprints for link 20 @ 2025-04-25 12:50:12.043865"
[1] "File Downloaded... unzipping... 2025-04-25 12:50:12.345349"
[1] "Reading in data and making spatial... 2025-04-25 12:50:12.375412"
[1] "Retrieving coordinates... 2025-04-25 12:50:12.390837"
[1] "Retrieving H3 Indexes for Buildings... 2025-04-25 12:50:12.391223"
[1] "Deleting Footprints... 2025-04-25 12:50:12.398787"
[1] "20 Files Succesfully Downloaded --- 2025-04-25 12:50:12"
[1] "Downloading Footprints for link 21 @ 2025-04-25 12:50:12.40062"
[1] "File Downloaded... unzipping... 2025-04-25 12:50:13.40905"
[1] "Reading in data and making spatial... 2025-04-25 12:50:13.917477"
[1] "Retrieving coordinates... 2025-04-25 12:50:14.469874"
[1] "Retrieving H3 Indexes for Buildings... 2025-04-25 12:50:14.473442"
[1] "Deleting Footprints... 2025-04-25 12:50:14.499445"
[1] "21 Files Succesfully Downloaded --- 2025-04-25 12:50:15"
[1] "Downloading Footprints for link 22 @ 2025-04-25 12:50:14.503689"
[1] "File Downloaded... unzipping... 2025-04-25 12:50:14.751962"
[1] "Reading in data and making spatial... 2025-04-25 12:50:14.778526"
[1] "Retrieving coordinates... 2025-04-25 12:50:14.793403"
[1] "Retrieving H3 Indexes for Buildings... 2025-04-25 12:50:14.793807"
[1] "Deleting Footprints... 2025-04-25 12:50:14.805936"
[1] "22 Files Succesfully Downloaded --- 2025-04-25 12:50:15"
[1] "Downloading Footprints for link 23 @ 2025-04-25 12:50:14.807447"
[1] "File Downloaded... unzipping... 2025-04-25 12:50:15.693422"
[1] "Reading in data and making spatial... 2025-04-25 12:50:15.878019"
[1] "Retrieving coordinates... 2025-04-25 12:50:16.167826"
[1] "Retrieving H3 Indexes for Buildings... 2025-04-25 12:50:16.1699"
[1] "Deleting Footprints... 2025-04-25 12:50:16.188969"
[1] "23 Files Succesfully Downloaded --- 2025-04-25 12:50:16"
[1] "Downloading Footprints for link 24 @ 2025-04-25 12:50:16.192698"
[1] "File Downloaded... unzipping... 2025-04-25 12:50:16.547477"
[1] "Reading in data and making spatial... 2025-04-25 12:50:16.569797"
[1] "Retrieving coordinates... 2025-04-25 12:50:16.587598"
[1] "Retrieving H3 Indexes for Buildings... 2025-04-25 12:50:16.587955"
[1] "Deleting Footprints... 2025-04-25 12:50:16.596509"
[1] "24 Files Succesfully Downloaded --- 2025-04-25 12:50:17"
[1] "Downloading Footprints for link 25 @ 2025-04-25 12:50:16.599916"
[1] "File Downloaded... unzipping... 2025-04-25 12:50:17.259291"
[1] "Reading in data and making spatial... 2025-04-25 12:50:17.288412"
[1] "Retrieving coordinates... 2025-04-25 12:50:17.394432"
[1] "Retrieving H3 Indexes for Buildings... 2025-04-25 12:50:17.395349"
[1] "Deleting Footprints... 2025-04-25 12:50:17.408834"
[1] "25 Files Succesfully Downloaded --- 2025-04-25 12:50:17"
[1] "Downloading Footprints for link 26 @ 2025-04-25 12:50:17.411143"
[1] "File Downloaded... unzipping... 2025-04-25 12:50:17.925441"
[1] "Reading in data and making spatial... 2025-04-25 12:50:17.954081"
[1] "Retrieving coordinates... 2025-04-25 12:50:18.051737"
[1] "Retrieving H3 Indexes for Buildings... 2025-04-25 12:50:18.052622"
[1] "Deleting Footprints... 2025-04-25 12:50:18.064427"
[1] "26 Files Succesfully Downloaded --- 2025-04-25 12:50:18"
[1] "Downloading Footprints for link 27 @ 2025-04-25 12:50:18.06619"
[1] "File Downloaded... unzipping... 2025-04-25 12:50:18.4396"
[1] "Reading in data and making spatial... 2025-04-25 12:50:18.470098"
[1] "Retrieving coordinates... 2025-04-25 12:50:18.511396"
[1] "Retrieving H3 Indexes for Buildings... 2025-04-25 12:50:18.511945"
[1] "Deleting Footprints... 2025-04-25 12:50:18.522528"
[1] "27 Files Succesfully Downloaded --- 2025-04-25 12:50:19"
[1] "Downloading Footprints for link 28 @ 2025-04-25 12:50:18.52459"
[1] "File Downloaded... unzipping... 2025-04-25 12:50:18.921848"
[1] "Reading in data and making spatial... 2025-04-25 12:50:19.043535"
[1] "Retrieving coordinates... 2025-04-25 12:50:19.079441"
[1] "Retrieving H3 Indexes for Buildings... 2025-04-25 12:50:19.079943"
[1] "Deleting Footprints... 2025-04-25 12:50:19.090055"
[1] "28 Files Succesfully Downloaded --- 2025-04-25 12:50:19"
[1] "Downloading Footprints for link 29 @ 2025-04-25 12:50:19.092609"
[1] "File Downloaded... unzipping... 2025-04-25 12:50:19.51285"
[1] "Reading in data and making spatial... 2025-04-25 12:50:19.536397"
[1] "Retrieving coordinates... 2025-04-25 12:50:19.563892"
[1] "Retrieving H3 Indexes for Buildings... 2025-04-25 12:50:19.564335"
[1] "Deleting Footprints... 2025-04-25 12:50:19.574908"
[1] "29 Files Succesfully Downloaded --- 2025-04-25 12:50:20"
[1] "Downloading Footprints for link 30 @ 2025-04-25 12:50:19.577402"
[1] "File Downloaded... unzipping... 2025-04-25 12:50:20.094742"
[1] "Reading in data and making spatial... 2025-04-25 12:50:20.12293"
[1] "Retrieving coordinates... 2025-04-25 12:50:20.196902"
[1] "Retrieving H3 Indexes for Buildings... 2025-04-25 12:50:20.19768"
[1] "Deleting Footprints... 2025-04-25 12:50:20.211326"
[1] "30 Files Succesfully Downloaded --- 2025-04-25 12:50:20"
[1] "Downloading Footprints for link 31 @ 2025-04-25 12:50:20.213985"
[1] "File Downloaded... unzipping... 2025-04-25 12:50:20.846772"
[1] "Reading in data and making spatial... 2025-04-25 12:50:20.87696"
[1] "Retrieving coordinates... 2025-04-25 12:50:20.971308"
[1] "Retrieving H3 Indexes for Buildings... 2025-04-25 12:50:20.972213"
[1] "Deleting Footprints... 2025-04-25 12:50:20.984433"
[1] "31 Files Succesfully Downloaded --- 2025-04-25 12:50:21"
[1] "Downloading Footprints for link 32 @ 2025-04-25 12:50:20.988905"
[1] "File Downloaded... unzipping... 2025-04-25 12:50:21.550212"
[1] "Reading in data and making spatial... 2025-04-25 12:50:21.577179"
[1] "Retrieving coordinates... 2025-04-25 12:50:21.643329"
[1] "Retrieving H3 Indexes for Buildings... 2025-04-25 12:50:21.643955"
[1] "Deleting Footprints... 2025-04-25 12:50:21.659615"
[1] "32 Files Succesfully Downloaded --- 2025-04-25 12:50:22"
[1] "Downloading Footprints for link 33 @ 2025-04-25 12:50:21.663674"
[1] "File Downloaded... unzipping... 2025-04-25 12:50:21.961697"
[1] "Reading in data and making spatial... 2025-04-25 12:50:22.07031"
[1] "Retrieving coordinates... 2025-04-25 12:50:22.086988"
[1] "Retrieving H3 Indexes for Buildings... 2025-04-25 12:50:22.087367"
[1] "Deleting Footprints... 2025-04-25 12:50:22.096596"
[1] "33 Files Succesfully Downloaded --- 2025-04-25 12:50:22"
[1] "Downloading Footprints for link 34 @ 2025-04-25 12:50:22.098935"
[1] "File Downloaded... unzipping... 2025-04-25 12:50:22.937881"
[1] "Reading in data and making spatial... 2025-04-25 12:50:23.680426"
[1] "Retrieving coordinates... 2025-04-25 12:50:23.986516"
[1] "Retrieving H3 Indexes for Buildings... 2025-04-25 12:50:23.988634"
[1] "Deleting Footprints... 2025-04-25 12:50:24.009143"
[1] "34 Files Succesfully Downloaded --- 2025-04-25 12:50:24"
[1] "Downloading Footprints for link 35 @ 2025-04-25 12:50:24.012803"
[1] "File Downloaded... unzipping... 2025-04-25 12:50:24.833251"
[1] "Reading in data and making spatial... 2025-04-25 12:50:24.938166"
[1] "Retrieving coordinates... 2025-04-25 12:50:25.204162"
[1] "Retrieving H3 Indexes for Buildings... 2025-04-25 12:50:25.206141"
[1] "Deleting Footprints... 2025-04-25 12:50:25.226133"
[1] "35 Files Succesfully Downloaded --- 2025-04-25 12:50:25"
[1] "Downloading Footprints for link 36 @ 2025-04-25 12:50:25.228105"
[1] "File Downloaded... unzipping... 2025-04-25 12:50:25.850952"
[1] "Reading in data and making spatial... 2025-04-25 12:50:25.884902"
[1] "Retrieving coordinates... 2025-04-25 12:50:26.141365"
[1] "Retrieving H3 Indexes for Buildings... 2025-04-25 12:50:26.1426"
[1] "Deleting Footprints... 2025-04-25 12:50:26.160468"
[1] "36 Files Succesfully Downloaded --- 2025-04-25 12:50:26"
[1] "Downloading Footprints for link 37 @ 2025-04-25 12:50:26.162445"
[1] "File Downloaded... unzipping... 2025-04-25 12:50:27.422217"
[1] "Reading in data and making spatial... 2025-04-25 12:50:27.563128"
[1] "Retrieving coordinates... 2025-04-25 12:50:30.069726"
[1] "Retrieving H3 Indexes for Buildings... 2025-04-25 12:50:30.079615"
[1] "Deleting Footprints... 2025-04-25 12:50:30.151606"
[1] "37 Files Succesfully Downloaded --- 2025-04-25 12:50:30"
[1] "Downloading Footprints for link 38 @ 2025-04-25 12:50:30.153295"
[1] "File Downloaded... unzipping... 2025-04-25 12:50:30.910601"
[1] "Reading in data and making spatial... 2025-04-25 12:50:30.947186"
[1] "Retrieving coordinates... 2025-04-25 12:50:31.151401"
[1] "Retrieving H3 Indexes for Buildings... 2025-04-25 12:50:31.152812"
[1] "Deleting Footprints... 2025-04-25 12:50:31.171978"
[1] "38 Files Succesfully Downloaded --- 2025-04-25 12:50:31"
[1] "Downloading Footprints for link 39 @ 2025-04-25 12:50:31.174353"
[1] "File Downloaded... unzipping... 2025-04-25 12:50:31.5272"
[1] "Reading in data and making spatial... 2025-04-25 12:50:31.680521"
[1] "Retrieving coordinates... 2025-04-25 12:50:31.705948"
[1] "Retrieving H3 Indexes for Buildings... 2025-04-25 12:50:31.706349"
[1] "Deleting Footprints... 2025-04-25 12:50:31.719192"
[1] "39 Files Succesfully Downloaded --- 2025-04-25 12:50:32"
[1] "Downloading Footprints for link 40 @ 2025-04-25 12:50:31.722869"
[1] "File Downloaded... unzipping... 2025-04-25 12:50:34.505693"
[1] "Reading in data and making spatial... 2025-04-25 12:50:35.757023"
[1] "Retrieving coordinates... 2025-04-25 12:50:50.017098"
[1] "Retrieving H3 Indexes for Buildings... 2025-04-25 12:50:50.094244"
[1] "Deleting Footprints... 2025-04-25 12:50:51.167829"
[1] "40 Files Succesfully Downloaded --- 2025-04-25 12:50:51"
[1] "Downloading Footprints for link 41 @ 2025-04-25 12:50:51.170939"
[1] "File Downloaded... unzipping... 2025-04-25 12:50:51.724356"
[1] "Reading in data and making spatial... 2025-04-25 12:50:51.752599"
[1] "Retrieving coordinates... 2025-04-25 12:50:51.832971"
[1] "Retrieving H3 Indexes for Buildings... 2025-04-25 12:50:51.833763"
[1] "Deleting Footprints... 2025-04-25 12:50:51.869468"
[1] "41 Files Succesfully Downloaded --- 2025-04-25 12:50:52"
[1] "Downloading Footprints for link 42 @ 2025-04-25 12:50:51.872813"
[1] "File Downloaded... unzipping... 2025-04-25 12:50:53.54333"
[1] "Reading in data and making spatial... 2025-04-25 12:50:54.02372"
[1] "Retrieving coordinates... 2025-04-25 12:51:00.195186"
[1] "Retrieving H3 Indexes for Buildings... 2025-04-25 12:51:00.229485"
[1] "Deleting Footprints... 2025-04-25 12:51:00.428027"
[1] "42 Files Succesfully Downloaded --- 2025-04-25 12:51:00"
[1] "Downloading Footprints for link 43 @ 2025-04-25 12:51:00.430357"
[1] "File Downloaded... unzipping... 2025-04-25 12:51:01.101233"
[1] "Reading in data and making spatial... 2025-04-25 12:51:01.13172"
[1] "Retrieving coordinates... 2025-04-25 12:51:01.235897"
[1] "Retrieving H3 Indexes for Buildings... 2025-04-25 12:51:01.236833"
[1] "Deleting Footprints... 2025-04-25 12:51:01.27434"
[1] "43 Files Succesfully Downloaded --- 2025-04-25 12:51:01"
[1] "Downloading Footprints for link 44 @ 2025-04-25 12:51:01.277953"
[1] "File Downloaded... unzipping... 2025-04-25 12:51:02.024093"
[1] "Reading in data and making spatial... 2025-04-25 12:51:02.062217"
[1] "Retrieving coordinates... 2025-04-25 12:51:02.385177"
[1] "Retrieving H3 Indexes for Buildings... 2025-04-25 12:51:02.386788"
[1] "Deleting Footprints... 2025-04-25 12:51:02.428728"
[1] "44 Files Succesfully Downloaded --- 2025-04-25 12:51:02"
[1] "Downloading Footprints for link 45 @ 2025-04-25 12:51:02.4331"
[1] "File Downloaded... unzipping... 2025-04-25 12:51:03.302928"
[1] "Reading in data and making spatial... 2025-04-25 12:51:03.400081"
[1] "Retrieving coordinates... 2025-04-25 12:51:03.819424"
[1] "Retrieving H3 Indexes for Buildings... 2025-04-25 12:51:03.821947"
[1] "Deleting Footprints... 2025-04-25 12:51:03.947018"
[1] "45 Files Succesfully Downloaded --- 2025-04-25 12:51:04"
[1] "Downloading Footprints for link 46 @ 2025-04-25 12:51:03.951519"
[1] "File Downloaded... unzipping... 2025-04-25 12:51:04.338289"
[1] "Reading in data and making spatial... 2025-04-25 12:51:04.364372"
[1] "Retrieving coordinates... 2025-04-25 12:51:04.420486"
[1] "Retrieving H3 Indexes for Buildings... 2025-04-25 12:51:04.421144"
[1] "Deleting Footprints... 2025-04-25 12:51:04.461859"
[1] "46 Files Succesfully Downloaded --- 2025-04-25 12:51:04"
[1] "Downloading Footprints for link 47 @ 2025-04-25 12:51:04.46535"
[1] "File Downloaded... unzipping... 2025-04-25 12:51:04.817729"
[1] "Reading in data and making spatial... 2025-04-25 12:51:04.911993"
[1] "Retrieving coordinates... 2025-04-25 12:51:04.949773"
[1] "Retrieving H3 Indexes for Buildings... 2025-04-25 12:51:04.950318"
[1] "Deleting Footprints... 2025-04-25 12:51:05.567708"
[1] "47 Files Succesfully Downloaded --- 2025-04-25 12:51:06"
[1] "Downloading Footprints for link 48 @ 2025-04-25 12:51:05.570961"
[1] "File Downloaded... unzipping... 2025-04-25 12:51:06.768237"
[1] "Reading in data and making spatial... 2025-04-25 12:51:07.098613"
[1] "Retrieving coordinates... 2025-04-25 12:51:08.668806"
[1] "Retrieving H3 Indexes for Buildings... 2025-04-25 12:51:08.678225"
[1] "Deleting Footprints... 2025-04-25 12:51:08.770669"
[1] "48 Files Succesfully Downloaded --- 2025-04-25 12:51:09"
[1] "Downloading Footprints for link 49 @ 2025-04-25 12:51:08.772681"
[1] "File Downloaded... unzipping... 2025-04-25 12:51:10.144007"
[1] "Reading in data and making spatial... 2025-04-25 12:51:10.441568"
[1] "Retrieving coordinates... 2025-04-25 12:51:14.601398"
[1] "Retrieving H3 Indexes for Buildings... 2025-04-25 12:51:14.623024"
[1] "Deleting Footprints... 2025-04-25 12:51:15.038743"
[1] "49 Files Succesfully Downloaded --- 2025-04-25 12:51:15"
[1] "Downloading Footprints for link 50 @ 2025-04-25 12:51:15.042628"
[1] "File Downloaded... unzipping... 2025-04-25 12:51:15.521824"
[1] "Reading in data and making spatial... 2025-04-25 12:51:15.547362"
[1] "Retrieving coordinates... 2025-04-25 12:51:15.580437"
[1] "Retrieving H3 Indexes for Buildings... 2025-04-25 12:51:15.580975"
[1] "Deleting Footprints... 2025-04-25 12:51:16.086301"
[1] "50 Files Succesfully Downloaded --- 2025-04-25 12:51:16"
[1] "Downloading Footprints for link 51 @ 2025-04-25 12:51:16.089291"
[1] "File Downloaded... unzipping... 2025-04-25 12:51:16.799227"
[1] "Reading in data and making spatial... 2025-04-25 12:51:16.834542"
[1] "Retrieving coordinates... 2025-04-25 12:51:17.03207"
[1] "Retrieving H3 Indexes for Buildings... 2025-04-25 12:51:17.03382"
[1] "Deleting Footprints... 2025-04-25 12:51:17.093925"
[1] "51 Files Succesfully Downloaded --- 2025-04-25 12:51:17"
[1] "Downloading Footprints for link 52 @ 2025-04-25 12:51:17.095524"
[1] "File Downloaded... unzipping... 2025-04-25 12:51:17.450215"
[1] "Reading in data and making spatial... 2025-04-25 12:51:17.474851"
[1] "Retrieving coordinates... 2025-04-25 12:51:17.500803"
[1] "Retrieving H3 Indexes for Buildings... 2025-04-25 12:51:17.501232"
[1] "Deleting Footprints... 2025-04-25 12:51:17.554265"
[1] "52 Files Succesfully Downloaded --- 2025-04-25 12:51:18"
[1] "Downloading Footprints for link 53 @ 2025-04-25 12:51:17.556379"
[1] "File Downloaded... unzipping... 2025-04-25 12:51:18.179349"
[1] "Reading in data and making spatial... 2025-04-25 12:51:18.210547"
[1] "Retrieving coordinates... 2025-04-25 12:51:18.329585"
[1] "Retrieving H3 Indexes for Buildings... 2025-04-25 12:51:18.330656"
[1] "Deleting Footprints... 2025-04-25 12:51:18.441539"
[1] "53 Files Succesfully Downloaded --- 2025-04-25 12:51:18"
[1] "Downloading Footprints for link 54 @ 2025-04-25 12:51:18.443547"
[1] "File Downloaded... unzipping... 2025-04-25 12:51:19.268983"
[1] "Reading in data and making spatial... 2025-04-25 12:51:19.318683"
[1] "Retrieving coordinates... 2025-04-25 12:51:19.65116"
[1] "Retrieving H3 Indexes for Buildings... 2025-04-25 12:51:19.653706"
[1] "Deleting Footprints... 2025-04-25 12:51:19.71625"
[1] "54 Files Succesfully Downloaded --- 2025-04-25 12:51:20"
[1] "Downloading Footprints for link 55 @ 2025-04-25 12:51:19.719446"
[1] "File Downloaded... unzipping... 2025-04-25 12:51:20.405719"
[1] "Reading in data and making spatial... 2025-04-25 12:51:20.440093"
[1] "Retrieving coordinates... 2025-04-25 12:51:20.59797"
[1] "Retrieving H3 Indexes for Buildings... 2025-04-25 12:51:20.599439"
[1] "Deleting Footprints... 2025-04-25 12:51:20.724292"
[1] "55 Files Succesfully Downloaded --- 2025-04-25 12:51:21"
[1] "Downloading Footprints for link 56 @ 2025-04-25 12:51:20.726336"
[1] "File Downloaded... unzipping... 2025-04-25 12:51:21.349341"
[1] "Reading in data and making spatial... 2025-04-25 12:51:21.385633"
[1] "Retrieving coordinates... 2025-04-25 12:51:21.54476"
[1] "Retrieving H3 Indexes for Buildings... 2025-04-25 12:51:21.546154"
[1] "Deleting Footprints... 2025-04-25 12:51:21.663119"
[1] "56 Files Succesfully Downloaded --- 2025-04-25 12:51:22"
[1] "Downloading Footprints for link 57 @ 2025-04-25 12:51:21.665346"
[1] "File Downloaded... unzipping... 2025-04-25 12:51:22.180115"
[1] "Reading in data and making spatial... 2025-04-25 12:51:22.33572"
[1] "Retrieving coordinates... 2025-04-25 12:51:22.537712"
[1] "Retrieving H3 Indexes for Buildings... 2025-04-25 12:51:22.538627"
[1] "Deleting Footprints... 2025-04-25 12:51:22.587041"
[1] "57 Files Succesfully Downloaded --- 2025-04-25 12:51:23"
[1] "Downloading Footprints for link 58 @ 2025-04-25 12:51:22.591012"
[1] "File Downloaded... unzipping... 2025-04-25 12:51:23.007561"
[1] "Reading in data and making spatial... 2025-04-25 12:51:23.040231"
[1] "Retrieving coordinates... 2025-04-25 12:51:23.099987"
[1] "Retrieving H3 Indexes for Buildings... 2025-04-25 12:51:23.100737"
[1] "Deleting Footprints... 2025-04-25 12:51:23.150055"
[1] "58 Files Succesfully Downloaded --- 2025-04-25 12:51:23"
[1] "Downloading Footprints for link 59 @ 2025-04-25 12:51:23.151905"
[1] "File Downloaded... unzipping... 2025-04-25 12:51:23.49697"
[1] "Reading in data and making spatial... 2025-04-25 12:51:23.52207"
[1] "Retrieving coordinates... 2025-04-25 12:51:23.555425"
[1] "Retrieving H3 Indexes for Buildings... 2025-04-25 12:51:23.555925"
[1] "Deleting Footprints... 2025-04-25 12:51:23.670724"
[1] "59 Files Succesfully Downloaded --- 2025-04-25 12:51:24"
[1] "Downloading Footprints for link 60 @ 2025-04-25 12:51:23.675638"
[1] "File Downloaded... unzipping... 2025-04-25 12:51:24.076537"
[1] "Reading in data and making spatial... 2025-04-25 12:51:24.102413"
[1] "Retrieving coordinates... 2025-04-25 12:51:24.145101"
[1] "Retrieving H3 Indexes for Buildings... 2025-04-25 12:51:24.145704"
[1] "Deleting Footprints... 2025-04-25 12:51:24.189815"
[1] "60 Files Succesfully Downloaded --- 2025-04-25 12:51:24"
[1] "Downloading Footprints for link 61 @ 2025-04-25 12:51:24.194658"
[1] "File Downloaded... unzipping... 2025-04-25 12:51:24.553594"
[1] "Reading in data and making spatial... 2025-04-25 12:51:24.58055"
[1] "Retrieving coordinates... 2025-04-25 12:51:24.607325"
[1] "Retrieving H3 Indexes for Buildings... 2025-04-25 12:51:24.607799"
[1] "Deleting Footprints... 2025-04-25 12:51:24.716135"
[1] "61 Files Succesfully Downloaded --- 2025-04-25 12:51:25"
[1] "Downloading Footprints for link 62 @ 2025-04-25 12:51:24.718669"
[1] "File Downloaded... unzipping... 2025-04-25 12:51:25.667305"
[1] "Reading in data and making spatial... 2025-04-25 12:51:25.742806"
[1] "Retrieving coordinates... 2025-04-25 12:51:26.225731"
[1] "Retrieving H3 Indexes for Buildings... 2025-04-25 12:51:26.228542"
[1] "Deleting Footprints... 2025-04-25 12:51:26.289342"
[1] "62 Files Succesfully Downloaded --- 2025-04-25 12:51:26"
[1] "Downloading Footprints for link 63 @ 2025-04-25 12:51:26.29075"
[1] "File Downloaded... unzipping... 2025-04-25 12:51:26.811415"
[1] "Reading in data and making spatial... 2025-04-25 12:51:26.907857"
[1] "Retrieving coordinates... 2025-04-25 12:51:26.994431"
[1] "Retrieving H3 Indexes for Buildings... 2025-04-25 12:51:26.995351"
[1] "Deleting Footprints... 2025-04-25 12:51:27.042427"
[1] "63 Files Succesfully Downloaded --- 2025-04-25 12:51:27"
[1] "Downloading Footprints for link 64 @ 2025-04-25 12:51:27.046643"
[1] "File Downloaded... unzipping... 2025-04-25 12:51:27.63684"
[1] "Reading in data and making spatial... 2025-04-25 12:51:27.748379"
[1] "Retrieving coordinates... 2025-04-25 12:51:27.88378"
[1] "Retrieving H3 Indexes for Buildings... 2025-04-25 12:51:27.884991"
[1] "Deleting Footprints... 2025-04-25 12:51:27.934066"
[1] "64 Files Succesfully Downloaded --- 2025-04-25 12:51:28"
[1] "Downloading Footprints for link 65 @ 2025-04-25 12:51:27.936315"
[1] "File Downloaded... unzipping... 2025-04-25 12:51:28.53975"
[1] "Reading in data and making spatial... 2025-04-25 12:51:28.569559"
[1] "Retrieving coordinates... 2025-04-25 12:51:28.65284"
[1] "Retrieving H3 Indexes for Buildings... 2025-04-25 12:51:28.653718"
[1] "Deleting Footprints... 2025-04-25 12:51:28.775801"
[1] "65 Files Succesfully Downloaded --- 2025-04-25 12:51:29"
[1] "Downloading Footprints for link 66 @ 2025-04-25 12:51:28.778771"
[1] "File Downloaded... unzipping... 2025-04-25 12:51:29.437355"
[1] "Reading in data and making spatial... 2025-04-25 12:51:29.472423"
[1] "Retrieving coordinates... 2025-04-25 12:51:29.656038"
[1] "Retrieving H3 Indexes for Buildings... 2025-04-25 12:51:29.657672"
[1] "Deleting Footprints... 2025-04-25 12:51:29.822577"
[1] "66 Files Succesfully Downloaded --- 2025-04-25 12:51:30"
[1] "Downloading Footprints for link 67 @ 2025-04-25 12:51:29.825028"
[1] "File Downloaded... unzipping... 2025-04-25 12:51:30.183521"
[1] "Reading in data and making spatial... 2025-04-25 12:51:30.213473"
[1] "Retrieving coordinates... 2025-04-25 12:51:30.237984"
[1] "Retrieving H3 Indexes for Buildings... 2025-04-25 12:51:30.238451"
[1] "Deleting Footprints... 2025-04-25 12:51:30.354656"
[1] "67 Files Succesfully Downloaded --- 2025-04-25 12:51:30"
[1] "Downloading Footprints for link 68 @ 2025-04-25 12:51:30.357299"
[1] "File Downloaded... unzipping... 2025-04-25 12:51:30.625311"
[1] "Reading in data and making spatial... 2025-04-25 12:51:30.649791"
[1] "Retrieving coordinates... 2025-04-25 12:51:30.66493"
[1] "Retrieving H3 Indexes for Buildings... 2025-04-25 12:51:30.665317"
[1] "Deleting Footprints... 2025-04-25 12:51:30.915279"
[1] "68 Files Succesfully Downloaded --- 2025-04-25 12:51:31"
[1] "Downloading Footprints for link 69 @ 2025-04-25 12:51:30.917305"
[1] "File Downloaded... unzipping... 2025-04-25 12:51:31.671501"
[1] "Reading in data and making spatial... 2025-04-25 12:51:31.709832"
[1] "Retrieving coordinates... 2025-04-25 12:51:31.928617"
[1] "Retrieving H3 Indexes for Buildings... 2025-04-25 12:51:31.930554"
[1] "Deleting Footprints... 2025-04-25 12:51:31.985209"
[1] "69 Files Succesfully Downloaded --- 2025-04-25 12:51:32"
[1] "Downloading Footprints for link 70 @ 2025-04-25 12:51:31.988921"
[1] "File Downloaded... unzipping... 2025-04-25 12:51:32.97163"
[1] "Reading in data and making spatial... 2025-04-25 12:51:33.147699"
[1] "Retrieving coordinates... 2025-04-25 12:51:33.522903"
[1] "Retrieving H3 Indexes for Buildings... 2025-04-25 12:51:33.525628"
[1] "Deleting Footprints... 2025-04-25 12:51:33.655243"
[1] "70 Files Succesfully Downloaded --- 2025-04-25 12:51:34"
[1] "Downloading Footprints for link 71 @ 2025-04-25 12:51:33.658608"
[1] "File Downloaded... unzipping... 2025-04-25 12:51:34.076399"
[1] "Reading in data and making spatial... 2025-04-25 12:51:34.106691"
[1] "Retrieving coordinates... 2025-04-25 12:51:34.145481"
[1] "Retrieving H3 Indexes for Buildings... 2025-04-25 12:51:34.146053"
[1] "Deleting Footprints... 2025-04-25 12:51:34.194937"
[1] "71 Files Succesfully Downloaded --- 2025-04-25 12:51:34"
[1] "Downloading Footprints for link 72 @ 2025-04-25 12:51:34.197537"
[1] "File Downloaded... unzipping... 2025-04-25 12:51:34.701989"
[1] "Reading in data and making spatial... 2025-04-25 12:51:34.728612"
[1] "Retrieving coordinates... 2025-04-25 12:51:34.787202"
[1] "Retrieving H3 Indexes for Buildings... 2025-04-25 12:51:34.78787"
[1] "Deleting Footprints... 2025-04-25 12:51:34.897391"
[1] "72 Files Succesfully Downloaded --- 2025-04-25 12:51:35"
[1] "Downloading Footprints for link 73 @ 2025-04-25 12:51:34.900918"
[1] "File Downloaded... unzipping... 2025-04-25 12:51:35.165655"
[1] "Reading in data and making spatial... 2025-04-25 12:51:35.277422"
[1] "Retrieving coordinates... 2025-04-25 12:51:35.29129"
[1] "Retrieving H3 Indexes for Buildings... 2025-04-25 12:51:35.291688"
[1] "Deleting Footprints... 2025-04-25 12:51:35.339922"
[1] "73 Files Succesfully Downloaded --- 2025-04-25 12:51:35"
[1] "Downloading Footprints for link 74 @ 2025-04-25 12:51:35.341815"
[1] "File Downloaded... unzipping... 2025-04-25 12:51:35.676918"
[1] "Reading in data and making spatial... 2025-04-25 12:51:35.699448"
[1] "Retrieving coordinates... 2025-04-25 12:51:35.722436"
[1] "Retrieving H3 Indexes for Buildings... 2025-04-25 12:51:35.722848"
[1] "Deleting Footprints... 2025-04-25 12:51:35.76964"
[1] "74 Files Succesfully Downloaded --- 2025-04-25 12:51:36"
[1] "Downloading Footprints for link 75 @ 2025-04-25 12:51:35.771121"
[1] "File Downloaded... unzipping... 2025-04-25 12:51:36.063624"
[1] "Reading in data and making spatial... 2025-04-25 12:51:36.087325"
[1] "Retrieving coordinates... 2025-04-25 12:51:36.103913"
[1] "Retrieving H3 Indexes for Buildings... 2025-04-25 12:51:36.10431"
[1] "Deleting Footprints... 2025-04-25 12:51:36.215718"
[1] "75 Files Succesfully Downloaded --- 2025-04-25 12:51:36"
[1] "Downloading Footprints for link 76 @ 2025-04-25 12:51:36.21842"
[1] "File Downloaded... unzipping... 2025-04-25 12:51:36.518577"
[1] "Reading in data and making spatial... 2025-04-25 12:51:36.543399"
[1] "Retrieving coordinates... 2025-04-25 12:51:36.558536"
[1] "Retrieving H3 Indexes for Buildings... 2025-04-25 12:51:36.558923"
[1] "Deleting Footprints... 2025-04-25 12:51:36.604729"
[1] "76 Files Succesfully Downloaded --- 2025-04-25 12:51:37"
[1] "Downloading Footprints for link 77 @ 2025-04-25 12:51:36.606648"
[1] "File Downloaded... unzipping... 2025-04-25 12:51:37.124655"
[1] "Reading in data and making spatial... 2025-04-25 12:51:37.150139"
[1] "Retrieving coordinates... 2025-04-25 12:51:37.197986"
[1] "Retrieving H3 Indexes for Buildings... 2025-04-25 12:51:37.198606"
[1] "Deleting Footprints... 2025-04-25 12:51:37.307394"
[1] "77 Files Succesfully Downloaded --- 2025-04-25 12:51:37"
[1] "Downloading Footprints for link 78 @ 2025-04-25 12:51:37.310467"
[1] "File Downloaded... unzipping... 2025-04-25 12:51:37.633671"
[1] "Reading in data and making spatial... 2025-04-25 12:51:37.656335"
[1] "Retrieving coordinates... 2025-04-25 12:51:37.677468"
[1] "Retrieving H3 Indexes for Buildings... 2025-04-25 12:51:37.677884"
[1] "Deleting Footprints... 2025-04-25 12:51:37.788556"
[1] "78 Files Succesfully Downloaded --- 2025-04-25 12:51:38"
[1] "SCRIPT COMPLETE @ 2025-04-25 12:51:39"
