[1] "Starting at: 2025-04-25 12:50:14"
[1] "Loading Links at: 2025-04-25 12:50:25"
[1] "quadkeys to download: 16"
[1] "Downloading and Joining footprints to Hex @ 2025-04-25 12:50:25"
[1] "Downloading Footprints for link 1 @ 2025-04-25 12:50:25.319387"
[1] "File Downloaded... unzipping... 2025-04-25 12:50:26.575929"
[1] "Reading in data and making spatial... 2025-04-25 12:50:26.815557"
[1] "Retrieving coordinates... 2025-04-25 12:50:30.035178"
[1] "Retrieving H3 Indexes for Buildings... 2025-04-25 12:50:30.044751"
[1] "Deleting Footprints... 2025-04-25 12:50:30.095008"
[1] "1 Files Succesfully Downloaded --- 2025-04-25 12:50:30"
[1] "Downloading Footprints for link 2 @ 2025-04-25 12:50:30.097169"
[1] "File Downloaded... unzipping... 2025-04-25 12:50:31.351557"
[1] "Reading in data and making spatial... 2025-04-25 12:50:31.758766"
[1] "Retrieving coordinates... 2025-04-25 12:50:33.224806"
[1] "Retrieving H3 Indexes for Buildings... 2025-04-25 12:50:33.234258"
[1] "Deleting Footprints... 2025-04-25 12:50:33.291784"
[1] "2 Files Succesfully Downloaded --- 2025-04-25 12:50:33"
[1] "Downloading Footprints for link 3 @ 2025-04-25 12:50:33.295301"
[1] "File Downloaded... unzipping... 2025-04-25 12:50:34.293958"
[1] "Reading in data and making spatial... 2025-04-25 12:50:34.661874"
[1] "Retrieving coordinates... 2025-04-25 12:50:35.642378"
[1] "Retrieving H3 Indexes for Buildings... 2025-04-25 12:50:35.649211"
[1] "Deleting Footprints... 2025-04-25 12:50:35.694499"
[1] "3 Files Succesfully Downloaded --- 2025-04-25 12:50:36"
[1] "Downloading Footprints for link 4 @ 2025-04-25 12:50:35.697384"
[1] "File Downloaded... unzipping... 2025-04-25 12:50:36.715413"
[1] "Reading in data and making spatial... 2025-04-25 12:50:36.93148"
[1] "Retrieving coordinates... 2025-04-25 12:50:38.217977"
[1] "Retrieving H3 Indexes for Buildings... 2025-04-25 12:50:38.224536"
[1] "Deleting Footprints... 2025-04-25 12:50:38.267478"
[1] "4 Files Succesfully Downloaded --- 2025-04-25 12:50:38"
[1] "Downloading Footprints for link 5 @ 2025-04-25 12:50:38.271301"
[1] "File Downloaded... unzipping... 2025-04-25 12:50:40.41537"
[1] "Reading in data and making spatial... 2025-04-25 12:50:40.603904"
[1] "Retrieving coordinates... 2025-04-25 12:50:44.434923"
[1] "Retrieving H3 Indexes for Buildings... 2025-04-25 12:50:44.451574"
[1] "Deleting Footprints... 2025-04-25 12:50:44.557294"
[1] "5 Files Succesfully Downloaded --- 2025-04-25 12:50:45"
[1] "Downloading Footprints for link 6 @ 2025-04-25 12:50:44.562443"
[1] "File Downloaded... unzipping... 2025-04-25 12:50:45.686316"
[1] "Reading in data and making spatial... 2025-04-25 12:50:45.839596"
[1] "Retrieving coordinates... 2025-04-25 12:50:49.208351"
[1] "Retrieving H3 Indexes for Buildings... 2025-04-25 12:50:49.219531"
[1] "Deleting Footprints... 2025-04-25 12:50:49.297068"
[1] "6 Files Succesfully Downloaded --- 2025-04-25 12:50:49"
[1] "Downloading Footprints for link 7 @ 2025-04-25 12:50:49.298606"
[1] "File Downloaded... unzipping... 2025-04-25 12:50:50.574995"
[1] "Reading in data and making spatial... 2025-04-25 12:50:51.300739"
[1] "Retrieving coordinates... 2025-04-25 12:50:57.010915"
[1] "Retrieving H3 Indexes for Buildings... 2025-04-25 12:50:57.042837"
[1] "Deleting Footprints... 2025-04-25 12:50:57.233924"
[1] "7 Files Succesfully Downloaded --- 2025-04-25 12:50:57"
[1] "Downloading Footprints for link 8 @ 2025-04-25 12:50:57.235734"
[1] "File Downloaded... unzipping... 2025-04-25 12:51:03.626498"
[1] "Reading in data and making spatial... 2025-04-25 12:51:03.851618"
[1] "Retrieving coordinates... 2025-04-25 12:51:05.310479"
[1] "Retrieving H3 Indexes for Buildings... 2025-04-25 12:51:05.317749"
[1] "Deleting Footprints... 2025-04-25 12:51:05.381113"
[1] "8 Files Succesfully Downloaded --- 2025-04-25 12:51:05"
[1] "Downloading Footprints for link 9 @ 2025-04-25 12:51:05.383281"
[1] "File Downloaded... unzipping... 2025-04-25 12:51:06.595073"
[1] "Reading in data and making spatial... 2025-04-25 12:51:06.895254"
[1] "Retrieving coordinates... 2025-04-25 12:51:08.898272"
[1] "Retrieving H3 Indexes for Buildings... 2025-04-25 12:51:08.905835"
[1] "Deleting Footprints... 2025-04-25 12:51:08.973308"
[1] "9 Files Succesfully Downloaded --- 2025-04-25 12:51:09"
[1] "Downloading Footprints for link 10 @ 2025-04-25 12:51:08.976694"
[1] "File Downloaded... unzipping... 2025-04-25 12:51:10.211517"
[1] "Reading in data and making spatial... 2025-04-25 12:51:10.452578"
[1] "Retrieving coordinates... 2025-04-25 12:51:12.55535"
[1] "Retrieving H3 Indexes for Buildings... 2025-04-25 12:51:12.565372"
[1] "Deleting Footprints... 2025-04-25 12:51:13.096638"
[1] "10 Files Succesfully Downloaded --- 2025-04-25 12:51:13"
[1] "Downloading Footprints for link 11 @ 2025-04-25 12:51:13.099254"
[1] "File Downloaded... unzipping... 2025-04-25 12:51:13.94384"
[1] "Reading in data and making spatial... 2025-04-25 12:51:14.033925"
[1] "Retrieving coordinates... 2025-04-25 12:51:14.734762"
[1] "Retrieving H3 Indexes for Buildings... 2025-04-25 12:51:14.737193"
[1] "Deleting Footprints... 2025-04-25 12:51:14.775248"
[1] "11 Files Succesfully Downloaded --- 2025-04-25 12:51:15"
[1] "Downloading Footprints for link 12 @ 2025-04-25 12:51:14.775985"
[1] "File Downloaded... unzipping... 2025-04-25 12:51:15.913225"
[1] "Reading in data and making spatial... 2025-04-25 12:51:16.032414"
[1] "Retrieving coordinates... 2025-04-25 12:51:17.160399"
[1] "Retrieving H3 Indexes for Buildings... 2025-04-25 12:51:17.168353"
[1] "Deleting Footprints... 2025-04-25 12:51:17.238262"
[1] "12 Files Succesfully Downloaded --- 2025-04-25 12:51:17"
[1] "Downloading Footprints for link 13 @ 2025-04-25 12:51:17.240669"
[1] "File Downloaded... unzipping... 2025-04-25 12:51:18.112307"
[1] "Reading in data and making spatial... 2025-04-25 12:51:18.282486"
[1] "Retrieving coordinates... 2025-04-25 12:51:18.92056"
[1] "Retrieving H3 Indexes for Buildings... 2025-04-25 12:51:18.924403"
[1] "Deleting Footprints... 2025-04-25 12:51:18.973495"
[1] "13 Files Succesfully Downloaded --- 2025-04-25 12:51:19"
[1] "Downloading Footprints for link 14 @ 2025-04-25 12:51:18.976771"
[1] "File Downloaded... unzipping... 2025-04-25 12:51:20.069315"
[1] "Reading in data and making spatial... 2025-04-25 12:51:20.182068"
[1] "Retrieving coordinates... 2025-04-25 12:51:21.823601"
[1] "Retrieving H3 Indexes for Buildings... 2025-04-25 12:51:21.833167"
[1] "Deleting Footprints... 2025-04-25 12:51:22.03768"
[1] "14 Files Succesfully Downloaded --- 2025-04-25 12:51:22"
[1] "Downloading Footprints for link 15 @ 2025-04-25 12:51:22.040862"
[1] "File Downloaded... unzipping... 2025-04-25 12:51:23.030821"
[1] "Reading in data and making spatial... 2025-04-25 12:51:23.09028"
[1] "Retrieving coordinates... 2025-04-25 12:51:24.291738"
[1] "Retrieving H3 Indexes for Buildings... 2025-04-25 12:51:24.296424"
[1] "Deleting Footprints... 2025-04-25 12:51:24.354138"
[1] "15 Files Succesfully Downloaded --- 2025-04-25 12:51:24"
[1] "Downloading Footprints for link 16 @ 2025-04-25 12:51:24.356269"
[1] "File Downloaded... unzipping... 2025-04-25 12:51:25.378358"
[1] "Reading in data and making spatial... 2025-04-25 12:51:25.460942"
[1] "Retrieving coordinates... 2025-04-25 12:51:26.560235"
[1] "Retrieving H3 Indexes for Buildings... 2025-04-25 12:51:26.567249"
[1] "Deleting Footprints... 2025-04-25 12:51:26.948594"
[1] "16 Files Succesfully Downloaded --- 2025-04-25 12:51:27"
[1] "SCRIPT COMPLETE @ 2025-04-25 12:51:28"
