[1] "Starting at: 2025-04-25 12:50:26"
[1] "Loading Links at: 2025-04-25 12:50:37"
[1] "quadkeys to download: 54"
[1] "Downloading and Joining footprints to Hex @ 2025-04-25 12:50:37"
[1] "Downloading Footprints for link 1 @ 2025-04-25 12:50:36.93276"
[1] "File Downloaded... unzipping... 2025-04-25 12:50:38.005724"
[1] "Reading in data and making spatial... 2025-04-25 12:50:38.095786"
[1] "Retrieving coordinates... 2025-04-25 12:50:39.854399"
[1] "Retrieving H3 Indexes for Buildings... 2025-04-25 12:50:39.862732"
[1] "Deleting Footprints... 2025-04-25 12:50:39.900082"
[1] "1 Files Succesfully Downloaded --- 2025-04-25 12:50:40"
[1] "Downloading Footprints for link 2 @ 2025-04-25 12:50:39.903266"
[1] "File Downloaded... unzipping... 2025-04-25 12:50:42.508482"
[1] "Reading in data and making spatial... 2025-04-25 12:50:43.591171"
[1] "Retrieving coordinates... 2025-04-25 12:50:44.880702"
[1] "Retrieving H3 Indexes for Buildings... 2025-04-25 12:50:44.889459"
[1] "Deleting Footprints... 2025-04-25 12:50:44.937915"
[1] "2 Files Succesfully Downloaded --- 2025-04-25 12:50:45"
[1] "Downloading Footprints for link 3 @ 2025-04-25 12:50:44.940351"
[1] "File Downloaded... unzipping... 2025-04-25 12:50:46.289623"
[1] "Reading in data and making spatial... 2025-04-25 12:50:46.48216"
[1] "Retrieving coordinates... 2025-04-25 12:50:49.755874"
[1] "Retrieving H3 Indexes for Buildings... 2025-04-25 12:50:49.774627"
[1] "Deleting Footprints... 2025-04-25 12:50:49.8853"
[1] "3 Files Succesfully Downloaded --- 2025-04-25 12:50:50"
[1] "Downloading Footprints for link 4 @ 2025-04-25 12:50:49.889308"
[1] "File Downloaded... unzipping... 2025-04-25 12:50:51.965017"
[1] "Reading in data and making spatial... 2025-04-25 12:50:52.336395"
[1] "Retrieving coordinates... 2025-04-25 12:51:00.034245"
[1] "Retrieving H3 Indexes for Buildings... 2025-04-25 12:51:00.077192"
[1] "Deleting Footprints... 2025-04-25 12:51:00.304158"
[1] "4 Files Succesfully Downloaded --- 2025-04-25 12:51:00"
[1] "Downloading Footprints for link 5 @ 2025-04-25 12:51:00.305534"
[1] "File Downloaded... unzipping... 2025-04-25 12:51:02.828722"
[1] "Reading in data and making spatial... 2025-04-25 12:51:04.053371"
[1] "Retrieving coordinates... 2025-04-25 12:51:34.305216"
[1] "Retrieving H3 Indexes for Buildings... 2025-04-25 12:51:35.460598"
[1] "Deleting Footprints... 2025-04-25 12:51:36.175746"
[1] "5 Files Succesfully Downloaded --- 2025-04-25 12:51:36"
[1] "Downloading Footprints for link 6 @ 2025-04-25 12:51:36.179649"
[1] "File Downloaded... unzipping... 2025-04-25 12:51:46.793003"
[1] "Reading in data and making spatial... 2025-04-25 12:51:47.247531"
[1] "Retrieving coordinates... 2025-04-25 12:51:57.56753"
[1] "Retrieving H3 Indexes for Buildings... 2025-04-25 12:51:57.620169"
[1] "Deleting Footprints... 2025-04-25 12:51:57.947839"
[1] "6 Files Succesfully Downloaded --- 2025-04-25 12:51:58"
[1] "Downloading Footprints for link 7 @ 2025-04-25 12:51:57.952392"
[1] "File Downloaded... unzipping... 2025-04-25 12:51:59.007979"
[1] "Reading in data and making spatial... 2025-04-25 12:51:59.18598"
[1] "Retrieving coordinates... 2025-04-25 12:52:00.613826"
[1] "Retrieving H3 Indexes for Buildings... 2025-04-25 12:52:00.62113"
[1] "Deleting Footprints... 2025-04-25 12:52:00.726084"
[1] "7 Files Succesfully Downloaded --- 2025-04-25 12:52:01"
[1] "Downloading Footprints for link 8 @ 2025-04-25 12:52:00.729148"
[1] "File Downloaded... unzipping... 2025-04-25 12:52:01.757602"
[1] "Reading in data and making spatial... 2025-04-25 12:52:01.845274"
[1] "Retrieving coordinates... 2025-04-25 12:52:03.971743"
[1] "Retrieving H3 Indexes for Buildings... 2025-04-25 12:52:03.978199"
[1] "Deleting Footprints... 2025-04-25 12:52:04.071867"
[1] "8 Files Succesfully Downloaded --- 2025-04-25 12:52:04"
[1] "Downloading Footprints for link 9 @ 2025-04-25 12:52:04.075149"
[1] "File Downloaded... unzipping... 2025-04-25 12:52:05.182773"
[1] "Reading in data and making spatial... 2025-04-25 12:52:05.26832"
[1] "Retrieving coordinates... 2025-04-25 12:52:06.288399"
[1] "Retrieving H3 Indexes for Buildings... 2025-04-25 12:52:06.295107"
[1] "Deleting Footprints... 2025-04-25 12:52:06.393609"
[1] "9 Files Succesfully Downloaded --- 2025-04-25 12:52:06"
[1] "Downloading Footprints for link 10 @ 2025-04-25 12:52:06.396329"
[1] "File Downloaded... unzipping... 2025-04-25 12:52:07.229105"
[1] "Reading in data and making spatial... 2025-04-25 12:52:07.371943"
[1] "Retrieving coordinates... 2025-04-25 12:52:07.719328"
[1] "Retrieving H3 Indexes for Buildings... 2025-04-25 12:52:07.721801"
[1] "Deleting Footprints... 2025-04-25 12:52:07.799147"
[1] "10 Files Succesfully Downloaded --- 2025-04-25 12:52:08"
[1] "Downloading Footprints for link 11 @ 2025-04-25 12:52:07.803709"
[1] "File Downloaded... unzipping... 2025-04-25 12:52:09.378"
[1] "Reading in data and making spatial... 2025-04-25 12:52:10.30232"
[1] "Retrieving coordinates... 2025-04-25 12:52:14.258729"
[1] "Retrieving H3 Indexes for Buildings... 2025-04-25 12:52:14.280902"
[1] "Deleting Footprints... 2025-04-25 12:52:15.082865"
[1] "11 Files Succesfully Downloaded --- 2025-04-25 12:52:15"
[1] "Downloading Footprints for link 12 @ 2025-04-25 12:52:15.08916"
[1] "File Downloaded... unzipping... 2025-04-25 12:52:16.500678"
[1] "Reading in data and making spatial... 2025-04-25 12:52:17.233226"
[1] "Retrieving coordinates... 2025-04-25 12:52:24.642892"
[1] "Retrieving H3 Indexes for Buildings... 2025-04-25 12:52:24.681294"
[1] "Deleting Footprints... 2025-04-25 12:52:24.978577"
[1] "12 Files Succesfully Downloaded --- 2025-04-25 12:52:25"
[1] "Downloading Footprints for link 13 @ 2025-04-25 12:52:24.981483"
[1] "File Downloaded... unzipping... 2025-04-25 12:52:26.311158"
[1] "Reading in data and making spatial... 2025-04-25 12:52:26.490971"
[1] "Retrieving coordinates... 2025-04-25 12:52:31.615525"
[1] "Retrieving H3 Indexes for Buildings... 2025-04-25 12:52:31.63645"
[1] "Deleting Footprints... 2025-04-25 12:52:31.854558"
[1] "13 Files Succesfully Downloaded --- 2025-04-25 12:52:32"
[1] "Downloading Footprints for link 14 @ 2025-04-25 12:52:31.858486"
[1] "File Downloaded... unzipping... 2025-04-25 12:52:34.248989"
[1] "Reading in data and making spatial... 2025-04-25 12:52:34.376728"
[1] "Retrieving coordinates... 2025-04-25 12:52:37.716194"
[1] "Retrieving H3 Indexes for Buildings... 2025-04-25 12:52:37.729522"
[1] "Deleting Footprints... 2025-04-25 12:52:38.316137"
[1] "14 Files Succesfully Downloaded --- 2025-04-25 12:52:38"
[1] "Downloading Footprints for link 15 @ 2025-04-25 12:52:38.318941"
[1] "File Downloaded... unzipping... 2025-04-25 12:52:39.591569"
[1] "Reading in data and making spatial... 2025-04-25 12:52:39.78277"
[1] "Retrieving coordinates... 2025-04-25 12:52:42.187352"
[1] "Retrieving H3 Indexes for Buildings... 2025-04-25 12:52:42.200595"
[1] "Deleting Footprints... 2025-04-25 12:52:42.36676"
[1] "15 Files Succesfully Downloaded --- 2025-04-25 12:52:42"
[1] "Downloading Footprints for link 16 @ 2025-04-25 12:52:42.370939"
[1] "File Downloaded... unzipping... 2025-04-25 12:52:43.513922"
[1] "Reading in data and making spatial... 2025-04-25 12:52:43.598794"
[1] "Retrieving coordinates... 2025-04-25 12:52:45.087124"
[1] "Retrieving H3 Indexes for Buildings... 2025-04-25 12:52:45.094391"
[1] "Deleting Footprints... 2025-04-25 12:52:45.811346"
[1] "16 Files Succesfully Downloaded --- 2025-04-25 12:52:46"
[1] "Downloading Footprints for link 17 @ 2025-04-25 12:52:45.814939"
[1] "File Downloaded... unzipping... 2025-04-25 12:52:49.880583"
[1] "Reading in data and making spatial... 2025-04-25 12:52:50.271899"
[1] "Retrieving coordinates... 2025-04-25 12:52:53.27429"
[1] "Retrieving H3 Indexes for Buildings... 2025-04-25 12:52:53.290321"
[1] "Deleting Footprints... 2025-04-25 12:52:54.041783"
[1] "17 Files Succesfully Downloaded --- 2025-04-25 12:52:54"
[1] "Downloading Footprints for link 18 @ 2025-04-25 12:52:54.045786"
[1] "File Downloaded... unzipping... 2025-04-25 12:52:55.124337"
[1] "Reading in data and making spatial... 2025-04-25 12:52:55.250922"
[1] "Retrieving coordinates... 2025-04-25 12:52:57.101103"
[1] "Retrieving H3 Indexes for Buildings... 2025-04-25 12:52:57.112162"
[1] "Deleting Footprints... 2025-04-25 12:52:57.367203"
[1] "18 Files Succesfully Downloaded --- 2025-04-25 12:52:57"
[1] "Downloading Footprints for link 19 @ 2025-04-25 12:52:57.36948"
[1] "File Downloaded... unzipping... 2025-04-25 12:52:58.509071"
[1] "Reading in data and making spatial... 2025-04-25 12:52:58.823289"
[1] "Retrieving coordinates... 2025-04-25 12:53:00.967082"
[1] "Retrieving H3 Indexes for Buildings... 2025-04-25 12:53:00.976986"
[1] "Deleting Footprints... 2025-04-25 12:53:01.125092"
[1] "19 Files Succesfully Downloaded --- 2025-04-25 12:53:01"
[1] "Downloading Footprints for link 20 @ 2025-04-25 12:53:01.129428"
[1] "File Downloaded... unzipping... 2025-04-25 12:53:02.41729"
[1] "Reading in data and making spatial... 2025-04-25 12:53:02.931504"
[1] "Retrieving coordinates... 2025-04-25 12:53:06.52149"
[1] "Retrieving H3 Indexes for Buildings... 2025-04-25 12:53:06.534961"
[1] "Deleting Footprints... 2025-04-25 12:53:07.275789"
[1] "20 Files Succesfully Downloaded --- 2025-04-25 12:53:07"
[1] "Downloading Footprints for link 21 @ 2025-04-25 12:53:07.279732"
[1] "File Downloaded... unzipping... 2025-04-25 12:53:11.346617"
[1] "Reading in data and making spatial... 2025-04-25 12:53:11.6742"
[1] "Retrieving coordinates... 2025-04-25 12:53:19.628293"
[1] "Retrieving H3 Indexes for Buildings... 2025-04-25 12:53:19.672714"
[1] "Deleting Footprints... 2025-04-25 12:53:20.165486"
[1] "21 Files Succesfully Downloaded --- 2025-04-25 12:53:20"
[1] "Downloading Footprints for link 22 @ 2025-04-25 12:53:20.168419"
[1] "File Downloaded... unzipping... 2025-04-25 12:53:21.249213"
[1] "Reading in data and making spatial... 2025-04-25 12:53:21.3725"
[1] "Retrieving coordinates... 2025-04-25 12:53:22.615084"
[1] "Retrieving H3 Indexes for Buildings... 2025-04-25 12:53:22.619798"
[1] "Deleting Footprints... 2025-04-25 12:53:23.41376"
[1] "22 Files Succesfully Downloaded --- 2025-04-25 12:53:23"
[1] "Downloading Footprints for link 23 @ 2025-04-25 12:53:23.417851"
[1] "File Downloaded... unzipping... 2025-04-25 12:53:24.689738"
[1] "Reading in data and making spatial... 2025-04-25 12:53:24.930709"
[1] "Retrieving coordinates... 2025-04-25 12:53:29.900798"
[1] "Retrieving H3 Indexes for Buildings... 2025-04-25 12:53:29.92855"
[1] "Deleting Footprints... 2025-04-25 12:53:30.322692"
[1] "23 Files Succesfully Downloaded --- 2025-04-25 12:53:30"
[1] "Downloading Footprints for link 24 @ 2025-04-25 12:53:30.328017"
[1] "File Downloaded... unzipping... 2025-04-25 12:53:34.168108"
[1] "Reading in data and making spatial... 2025-04-25 12:53:34.786752"
[1] "Retrieving coordinates... 2025-04-25 12:53:37.747988"
[1] "Retrieving H3 Indexes for Buildings... 2025-04-25 12:53:37.763076"
[1] "Deleting Footprints... 2025-04-25 12:53:38.397026"
[1] "24 Files Succesfully Downloaded --- 2025-04-25 12:53:38"
[1] "Downloading Footprints for link 25 @ 2025-04-25 12:53:38.399252"
[1] "File Downloaded... unzipping... 2025-04-25 12:53:40.147466"
[1] "Reading in data and making spatial... 2025-04-25 12:53:40.73187"
[1] "Retrieving coordinates... 2025-04-25 12:53:49.392007"
[1] "Retrieving H3 Indexes for Buildings... 2025-04-25 12:53:49.438193"
[1] "Deleting Footprints... 2025-04-25 12:53:50.597606"
[1] "25 Files Succesfully Downloaded --- 2025-04-25 12:53:51"
[1] "Downloading Footprints for link 26 @ 2025-04-25 12:53:50.602285"
[1] "File Downloaded... unzipping... 2025-04-25 12:53:51.850072"
[1] "Reading in data and making spatial... 2025-04-25 12:53:52.40502"
[1] "Retrieving coordinates... 2025-04-25 12:53:54.344791"
[1] "Retrieving H3 Indexes for Buildings... 2025-04-25 12:53:54.356807"
[1] "Deleting Footprints... 2025-04-25 12:53:55.126665"
[1] "26 Files Succesfully Downloaded --- 2025-04-25 12:53:55"
[1] "Downloading Footprints for link 27 @ 2025-04-25 12:53:55.129827"
[1] "File Downloaded... unzipping... 2025-04-25 12:53:56.315227"
[1] "Reading in data and making spatial... 2025-04-25 12:53:56.904809"
[1] "Retrieving coordinates... 2025-04-25 12:53:59.954767"
[1] "Retrieving H3 Indexes for Buildings... 2025-04-25 12:53:59.970749"
[1] "Deleting Footprints... 2025-04-25 12:54:00.32775"
[1] "27 Files Succesfully Downloaded --- 2025-04-25 12:54:00"
[1] "Downloading Footprints for link 28 @ 2025-04-25 12:54:00.331491"
[1] "File Downloaded... unzipping... 2025-04-25 12:54:03.366415"
[1] "Reading in data and making spatial... 2025-04-25 12:54:03.597893"
[1] "Retrieving coordinates... 2025-04-25 12:54:07.334476"
[1] "Retrieving H3 Indexes for Buildings... 2025-04-25 12:54:07.352055"
[1] "Deleting Footprints... 2025-04-25 12:54:07.598286"
[1] "28 Files Succesfully Downloaded --- 2025-04-25 12:54:08"
[1] "Downloading Footprints for link 29 @ 2025-04-25 12:54:07.600997"
[1] "File Downloaded... unzipping... 2025-04-25 12:54:08.7088"
[1] "Reading in data and making spatial... 2025-04-25 12:54:09.079978"
[1] "Retrieving coordinates... 2025-04-25 12:54:11.133858"
[1] "Retrieving H3 Indexes for Buildings... 2025-04-25 12:54:11.145092"
[1] "Deleting Footprints... 2025-04-25 12:54:11.879207"
[1] "29 Files Succesfully Downloaded --- 2025-04-25 12:54:12"
[1] "Downloading Footprints for link 30 @ 2025-04-25 12:54:11.882458"
[1] "File Downloaded... unzipping... 2025-04-25 12:54:13.189853"
[1] "Reading in data and making spatial... 2025-04-25 12:54:13.527385"
[1] "Retrieving coordinates... 2025-04-25 12:54:18.329636"
[1] "Retrieving H3 Indexes for Buildings... 2025-04-25 12:54:18.356676"
[1] "Deleting Footprints... 2025-04-25 12:54:19.43444"
[1] "30 Files Succesfully Downloaded --- 2025-04-25 12:54:19"
[1] "Downloading Footprints for link 31 @ 2025-04-25 12:54:19.439359"
[1] "File Downloaded... unzipping... 2025-04-25 12:54:20.682105"
[1] "Reading in data and making spatial... 2025-04-25 12:54:20.917214"
[1] "Retrieving coordinates... 2025-04-25 12:54:23.205134"
[1] "Retrieving H3 Indexes for Buildings... 2025-04-25 12:54:23.217162"
[1] "Deleting Footprints... 2025-04-25 12:54:23.790624"
[1] "31 Files Succesfully Downloaded --- 2025-04-25 12:54:24"
[1] "Downloading Footprints for link 32 @ 2025-04-25 12:54:23.794239"
[1] "File Downloaded... unzipping... 2025-04-25 12:54:25.235709"
[1] "Reading in data and making spatial... 2025-04-25 12:54:26.117702"
[1] "Retrieving coordinates... 2025-04-25 12:54:28.418956"
[1] "Retrieving H3 Indexes for Buildings... 2025-04-25 12:54:28.434932"
[1] "Deleting Footprints... 2025-04-25 12:54:29.594182"
[1] "32 Files Succesfully Downloaded --- 2025-04-25 12:54:30"
[1] "Downloading Footprints for link 33 @ 2025-04-25 12:54:29.597181"
[1] "File Downloaded... unzipping... 2025-04-25 12:54:30.682897"
[1] "Reading in data and making spatial... 2025-04-25 12:54:30.762198"
[1] "Retrieving coordinates... 2025-04-25 12:54:31.652773"
[1] "Retrieving H3 Indexes for Buildings... 2025-04-25 12:54:31.65947"
[1] "Deleting Footprints... 2025-04-25 12:54:32.459033"
[1] "33 Files Succesfully Downloaded --- 2025-04-25 12:54:32"
[1] "Downloading Footprints for link 34 @ 2025-04-25 12:54:32.461689"
[1] "File Downloaded... unzipping... 2025-04-25 12:54:33.616129"
[1] "Reading in data and making spatial... 2025-04-25 12:54:33.703671"
[1] "Retrieving coordinates... 2025-04-25 12:54:34.89894"
[1] "Retrieving H3 Indexes for Buildings... 2025-04-25 12:54:34.907552"
[1] "Deleting Footprints... 2025-04-25 12:54:35.613578"
[1] "34 Files Succesfully Downloaded --- 2025-04-25 12:54:36"
[1] "Downloading Footprints for link 35 @ 2025-04-25 12:54:35.617674"
[1] "File Downloaded... unzipping... 2025-04-25 12:54:36.943491"
[1] "Reading in data and making spatial... 2025-04-25 12:54:37.310865"
[1] "Retrieving coordinates... 2025-04-25 12:54:40.789616"
[1] "Retrieving H3 Indexes for Buildings... 2025-04-25 12:54:40.808171"
[1] "Deleting Footprints... 2025-04-25 12:54:41.070406"
[1] "35 Files Succesfully Downloaded --- 2025-04-25 12:54:41"
[1] "Downloading Footprints for link 36 @ 2025-04-25 12:54:41.074967"
[1] "File Downloaded... unzipping... 2025-04-25 12:54:42.56763"
[1] "Reading in data and making spatial... 2025-04-25 12:54:43.046959"
[1] "Retrieving coordinates... 2025-04-25 12:54:49.461943"
[1] "Retrieving H3 Indexes for Buildings... 2025-04-25 12:54:49.503582"
[1] "Deleting Footprints... 2025-04-25 12:54:50.543534"
[1] "36 Files Succesfully Downloaded --- 2025-04-25 12:54:51"
[1] "Downloading Footprints for link 37 @ 2025-04-25 12:54:50.546883"
[1] "File Downloaded... unzipping... 2025-04-25 12:54:51.841881"
[1] "Reading in data and making spatial... 2025-04-25 12:54:52.542783"
[1] "Retrieving coordinates... 2025-04-25 12:54:54.88454"
[1] "Retrieving H3 Indexes for Buildings... 2025-04-25 12:54:54.90182"
[1] "Deleting Footprints... 2025-04-25 12:54:55.78038"
[1] "37 Files Succesfully Downloaded --- 2025-04-25 12:54:56"
[1] "Downloading Footprints for link 38 @ 2025-04-25 12:54:55.785062"
[1] "File Downloaded... unzipping... 2025-04-25 12:54:57.744955"
[1] "Reading in data and making spatial... 2025-04-25 12:54:59.062013"
[1] "Retrieving coordinates... 2025-04-25 12:55:10.868732"
[1] "Retrieving H3 Indexes for Buildings... 2025-04-25 12:55:10.935761"
[1] "Deleting Footprints... 2025-04-25 12:55:12.482611"
[1] "38 Files Succesfully Downloaded --- 2025-04-25 12:55:12"
[1] "Downloading Footprints for link 39 @ 2025-04-25 12:55:12.485174"
[1] "File Downloaded... unzipping... 2025-04-25 12:55:13.556656"
[1] "Reading in data and making spatial... 2025-04-25 12:55:13.775391"
[1] "Retrieving coordinates... 2025-04-25 12:55:14.824366"
[1] "Retrieving H3 Indexes for Buildings... 2025-04-25 12:55:14.832368"
[1] "Deleting Footprints... 2025-04-25 12:55:15.646847"
[1] "39 Files Succesfully Downloaded --- 2025-04-25 12:55:16"
[1] "Downloading Footprints for link 40 @ 2025-04-25 12:55:15.651991"
[1] "File Downloaded... unzipping... 2025-04-25 12:55:17.187344"
[1] "Reading in data and making spatial... 2025-04-25 12:55:17.422985"
[1] "Retrieving coordinates... 2025-04-25 12:55:19.589858"
[1] "Retrieving H3 Indexes for Buildings... 2025-04-25 12:55:19.601533"
[1] "Deleting Footprints... 2025-04-25 12:55:20.026891"
[1] "40 Files Succesfully Downloaded --- 2025-04-25 12:55:20"
[1] "Downloading Footprints for link 41 @ 2025-04-25 12:55:20.031691"
[1] "File Downloaded... unzipping... 2025-04-25 12:55:21.354672"
[1] "Reading in data and making spatial... 2025-04-25 12:55:22.023466"
[1] "Retrieving coordinates... 2025-04-25 12:55:26.407928"
[1] "Retrieving H3 Indexes for Buildings... 2025-04-25 12:55:26.428918"
[1] "Deleting Footprints... 2025-04-25 12:55:26.914434"
[1] "41 Files Succesfully Downloaded --- 2025-04-25 12:55:27"
[1] "Downloading Footprints for link 42 @ 2025-04-25 12:55:26.917985"
[1] "File Downloaded... unzipping... 2025-04-25 12:55:27.959567"
[1] "Reading in data and making spatial... 2025-04-25 12:55:28.236835"
[1] "Retrieving coordinates... 2025-04-25 12:55:29.333325"
[1] "Retrieving H3 Indexes for Buildings... 2025-04-25 12:55:29.340902"
[1] "Deleting Footprints... 2025-04-25 12:55:30.150161"
[1] "42 Files Succesfully Downloaded --- 2025-04-25 12:55:30"
[1] "Downloading Footprints for link 43 @ 2025-04-25 12:55:30.152013"
[1] "File Downloaded... unzipping... 2025-04-25 12:55:31.211456"
[1] "Reading in data and making spatial... 2025-04-25 12:55:31.294196"
[1] "Retrieving coordinates... 2025-04-25 12:55:32.346648"
[1] "Retrieving H3 Indexes for Buildings... 2025-04-25 12:55:32.354772"
[1] "Deleting Footprints... 2025-04-25 12:55:33.184382"
[1] "43 Files Succesfully Downloaded --- 2025-04-25 12:55:33"
[1] "Downloading Footprints for link 44 @ 2025-04-25 12:55:33.188236"
[1] "File Downloaded... unzipping... 2025-04-25 12:55:34.317743"
[1] "Reading in data and making spatial... 2025-04-25 12:55:34.479176"
[1] "Retrieving coordinates... 2025-04-25 12:55:36.364097"
[1] "Retrieving H3 Indexes for Buildings... 2025-04-25 12:55:36.375723"
[1] "Deleting Footprints... 2025-04-25 12:55:37.264133"
[1] "44 Files Succesfully Downloaded --- 2025-04-25 12:55:37"
[1] "Downloading Footprints for link 45 @ 2025-04-25 12:55:37.26614"
[1] "File Downloaded... unzipping... 2025-04-25 12:55:39.323825"
[1] "Reading in data and making spatial... 2025-04-25 12:55:39.972379"
[1] "Retrieving coordinates... 2025-04-25 12:55:55.981013"
[1] "Retrieving H3 Indexes for Buildings... 2025-04-25 12:55:56.062946"
[1] "Deleting Footprints... 2025-04-25 12:55:56.874852"
[1] "45 Files Succesfully Downloaded --- 2025-04-25 12:55:57"
[1] "Downloading Footprints for link 46 @ 2025-04-25 12:55:56.878836"
[1] "File Downloaded... unzipping... 2025-04-25 12:55:59.248919"
[1] "Reading in data and making spatial... 2025-04-25 12:55:59.479591"
[1] "Retrieving coordinates... 2025-04-25 12:56:00.85122"
[1] "Retrieving H3 Indexes for Buildings... 2025-04-25 12:56:00.859306"
[1] "Deleting Footprints... 2025-04-25 12:56:02.302218"
[1] "46 Files Succesfully Downloaded --- 2025-04-25 12:56:02"
[1] "Downloading Footprints for link 47 @ 2025-04-25 12:56:02.306564"
[1] "File Downloaded... unzipping... 2025-04-25 12:56:02.713434"
[1] "Reading in data and making spatial... 2025-04-25 12:56:02.739902"
[1] "Retrieving coordinates... 2025-04-25 12:56:02.77426"
[1] "Retrieving H3 Indexes for Buildings... 2025-04-25 12:56:02.774789"
[1] "Deleting Footprints... 2025-04-25 12:56:03.47389"
[1] "47 Files Succesfully Downloaded --- 2025-04-25 12:56:03"
[1] "Downloading Footprints for link 48 @ 2025-04-25 12:56:03.478061"
[1] "File Downloaded... unzipping... 2025-04-25 12:56:04.352961"
[1] "Reading in data and making spatial... 2025-04-25 12:56:04.604573"
[1] "Retrieving coordinates... 2025-04-25 12:56:05.078927"
[1] "Retrieving H3 Indexes for Buildings... 2025-04-25 12:56:05.082968"
[1] "Deleting Footprints... 2025-04-25 12:56:06.13163"
[1] "48 Files Succesfully Downloaded --- 2025-04-25 12:56:06"
[1] "Downloading Footprints for link 49 @ 2025-04-25 12:56:06.135975"
[1] "File Downloaded... unzipping... 2025-04-25 12:56:08.413198"
[1] "Reading in data and making spatial... 2025-04-25 12:56:08.760934"
[1] "Retrieving coordinates... 2025-04-25 12:56:11.726871"
[1] "Retrieving H3 Indexes for Buildings... 2025-04-25 12:56:11.744043"
[1] "Deleting Footprints... 2025-04-25 12:56:12.267824"
[1] "49 Files Succesfully Downloaded --- 2025-04-25 12:56:12"
[1] "Downloading Footprints for link 50 @ 2025-04-25 12:56:12.27244"
[1] "File Downloaded... unzipping... 2025-04-25 12:56:13.336706"
[1] "Reading in data and making spatial... 2025-04-25 12:56:13.467139"
[1] "Retrieving coordinates... 2025-04-25 12:56:14.627419"
[1] "Retrieving H3 Indexes for Buildings... 2025-04-25 12:56:14.634641"
[1] "Deleting Footprints... 2025-04-25 12:56:15.797753"
[1] "50 Files Succesfully Downloaded --- 2025-04-25 12:56:16"
[1] "Downloading Footprints for link 51 @ 2025-04-25 12:56:15.800423"
[1] "File Downloaded... unzipping... 2025-04-25 12:56:17.081659"
[1] "Reading in data and making spatial... 2025-04-25 12:56:17.212877"
[1] "Retrieving coordinates... 2025-04-25 12:56:19.836818"
[1] "Retrieving H3 Indexes for Buildings... 2025-04-25 12:56:19.853399"
[1] "Deleting Footprints... 2025-04-25 12:56:20.363288"
[1] "51 Files Succesfully Downloaded --- 2025-04-25 12:56:20"
[1] "Downloading Footprints for link 52 @ 2025-04-25 12:56:20.366772"
[1] "File Downloaded... unzipping... 2025-04-25 12:56:21.547956"
[1] "Reading in data and making spatial... 2025-04-25 12:56:21.723312"
[1] "Retrieving coordinates... 2025-04-25 12:56:23.620641"
[1] "Retrieving H3 Indexes for Buildings... 2025-04-25 12:56:23.633239"
[1] "Deleting Footprints... 2025-04-25 12:56:24.44742"
[1] "52 Files Succesfully Downloaded --- 2025-04-25 12:56:24"
[1] "Downloading Footprints for link 53 @ 2025-04-25 12:56:24.451433"
[1] "File Downloaded... unzipping... 2025-04-25 12:56:25.608347"
[1] "Reading in data and making spatial... 2025-04-25 12:56:25.695495"
[1] "Retrieving coordinates... 2025-04-25 12:56:26.763777"
[1] "Retrieving H3 Indexes for Buildings... 2025-04-25 12:56:26.770503"
[1] "Deleting Footprints... 2025-04-25 12:56:27.690416"
[1] "53 Files Succesfully Downloaded --- 2025-04-25 12:56:28"
[1] "Downloading Footprints for link 54 @ 2025-04-25 12:56:27.69198"
[1] "File Downloaded... unzipping... 2025-04-25 12:56:28.617424"
[1] "Reading in data and making spatial... 2025-04-25 12:56:28.85949"
[1] "Retrieving coordinates... 2025-04-25 12:56:29.216457"
[1] "Retrieving H3 Indexes for Buildings... 2025-04-25 12:56:29.219441"
[1] "Deleting Footprints... 2025-04-25 12:56:30.15226"
[1] "54 Files Succesfully Downloaded --- 2025-04-25 12:56:30"
[1] "SCRIPT COMPLETE @ 2025-04-25 12:56:34"
