[1] "Starting at: 2025-04-25 12:50:45"
[1] "Loading Links at: 2025-04-25 12:50:56"
[1] "quadkeys to download: 73"
[1] "Downloading and Joining footprints to Hex @ 2025-04-25 12:50:56"
[1] "Downloading Footprints for link 1 @ 2025-04-25 12:50:55.680746"
[1] "File Downloaded... unzipping... 2025-04-25 12:50:58.081279"
[1] "Reading in data and making spatial... 2025-04-25 12:50:59.350778"
[1] "Retrieving coordinates... 2025-04-25 12:51:23.432898"
[1] "Retrieving H3 Indexes for Buildings... 2025-04-25 12:51:23.554218"
[1] "Deleting Footprints... 2025-04-25 12:51:25.316086"
[1] "1 Files Succesfully Downloaded --- 2025-04-25 12:51:25"
[1] "Downloading Footprints for link 2 @ 2025-04-25 12:51:25.322916"
[1] "File Downloaded... unzipping... 2025-04-25 12:51:26.808824"
[1] "Reading in data and making spatial... 2025-04-25 12:51:27.192926"
[1] "Retrieving coordinates... 2025-04-25 12:51:36.076151"
[1] "Retrieving H3 Indexes for Buildings... 2025-04-25 12:51:36.118182"
[1] "Deleting Footprints... 2025-04-25 12:51:36.374227"
[1] "2 Files Succesfully Downloaded --- 2025-04-25 12:51:36"
[1] "Downloading Footprints for link 3 @ 2025-04-25 12:51:36.377805"
[1] "File Downloaded... unzipping... 2025-04-25 12:51:37.49272"
[1] "Reading in data and making spatial... 2025-04-25 12:51:37.637252"
[1] "Retrieving coordinates... 2025-04-25 12:51:38.642498"
[1] "Retrieving H3 Indexes for Buildings... 2025-04-25 12:51:38.648178"
[1] "Deleting Footprints... 2025-04-25 12:51:38.809348"
[1] "3 Files Succesfully Downloaded --- 2025-04-25 12:51:39"
[1] "Downloading Footprints for link 4 @ 2025-04-25 12:51:38.814436"
[1] "File Downloaded... unzipping... 2025-04-25 12:51:39.556116"
[1] "Reading in data and making spatial... 2025-04-25 12:51:39.592997"
[1] "Retrieving coordinates... 2025-04-25 12:51:39.761353"
[1] "Retrieving H3 Indexes for Buildings... 2025-04-25 12:51:39.762912"
[1] "Deleting Footprints... 2025-04-25 12:51:39.802814"
[1] "4 Files Succesfully Downloaded --- 2025-04-25 12:51:40"
[1] "Downloading Footprints for link 5 @ 2025-04-25 12:51:39.804759"
[1] "File Downloaded... unzipping... 2025-04-25 12:51:40.739901"
[1] "Reading in data and making spatial... 2025-04-25 12:51:41.121733"
[1] "Retrieving coordinates... 2025-04-25 12:51:42.300776"
[1] "Retrieving H3 Indexes for Buildings... 2025-04-25 12:51:42.305049"
[1] "Deleting Footprints... 2025-04-25 12:51:42.655366"
[1] "5 Files Succesfully Downloaded --- 2025-04-25 12:51:43"
[1] "Downloading Footprints for link 6 @ 2025-04-25 12:51:42.663232"
[1] "File Downloaded... unzipping... 2025-04-25 12:51:46.091115"
[1] "Reading in data and making spatial... 2025-04-25 12:51:46.590576"
[1] "Retrieving coordinates... 2025-04-25 12:51:48.163171"
[1] "Retrieving H3 Indexes for Buildings... 2025-04-25 12:51:48.170917"
[1] "Deleting Footprints... 2025-04-25 12:51:48.246486"
[1] "6 Files Succesfully Downloaded --- 2025-04-25 12:51:48"
[1] "Downloading Footprints for link 7 @ 2025-04-25 12:51:48.250282"
[1] "File Downloaded... unzipping... 2025-04-25 12:51:48.780149"
[1] "Reading in data and making spatial... 2025-04-25 12:51:49.371005"
[1] "Retrieving coordinates... 2025-04-25 12:51:49.432428"
[1] "Retrieving H3 Indexes for Buildings... 2025-04-25 12:51:49.433164"
[1] "Deleting Footprints... 2025-04-25 12:51:49.477094"
[1] "7 Files Succesfully Downloaded --- 2025-04-25 12:51:49"
[1] "Downloading Footprints for link 8 @ 2025-04-25 12:51:49.47879"
[1] "File Downloaded... unzipping... 2025-04-25 12:51:49.913388"
[1] "Reading in data and making spatial... 2025-04-25 12:51:49.941617"
[1] "Retrieving coordinates... 2025-04-25 12:51:49.979319"
[1] "Retrieving H3 Indexes for Buildings... 2025-04-25 12:51:49.980068"
[1] "Deleting Footprints... 2025-04-25 12:51:50.017581"
[1] "8 Files Succesfully Downloaded --- 2025-04-25 12:51:50"
[1] "Downloading Footprints for link 9 @ 2025-04-25 12:51:50.019278"
[1] "File Downloaded... unzipping... 2025-04-25 12:51:51.083667"
[1] "Reading in data and making spatial... 2025-04-25 12:51:51.205642"
[1] "Retrieving coordinates... 2025-04-25 12:51:51.923387"
[1] "Retrieving H3 Indexes for Buildings... 2025-04-25 12:51:51.928176"
[1] "Deleting Footprints... 2025-04-25 12:51:51.995332"
[1] "9 Files Succesfully Downloaded --- 2025-04-25 12:51:52"
[1] "Downloading Footprints for link 10 @ 2025-04-25 12:51:51.998241"
[1] "File Downloaded... unzipping... 2025-04-25 12:51:52.548378"
[1] "Reading in data and making spatial... 2025-04-25 12:51:52.578815"
[1] "Retrieving coordinates... 2025-04-25 12:51:52.662632"
[1] "Retrieving H3 Indexes for Buildings... 2025-04-25 12:51:52.663503"
[1] "Deleting Footprints... 2025-04-25 12:51:52.995475"
[1] "10 Files Succesfully Downloaded --- 2025-04-25 12:51:53"
[1] "Downloading Footprints for link 11 @ 2025-04-25 12:51:52.998029"
[1] "File Downloaded... unzipping... 2025-04-25 12:51:55.012578"
[1] "Reading in data and making spatial... 2025-04-25 12:51:55.305834"
[1] "Retrieving coordinates... 2025-04-25 12:51:55.702933"
[1] "Retrieving H3 Indexes for Buildings... 2025-04-25 12:51:55.706223"
[1] "Deleting Footprints... 2025-04-25 12:51:55.761747"
[1] "11 Files Succesfully Downloaded --- 2025-04-25 12:51:56"
[1] "Downloading Footprints for link 12 @ 2025-04-25 12:51:55.765425"
[1] "File Downloaded... unzipping... 2025-04-25 12:51:56.481204"
[1] "Reading in data and making spatial... 2025-04-25 12:51:56.517178"
[1] "Retrieving coordinates... 2025-04-25 12:51:56.68439"
[1] "Retrieving H3 Indexes for Buildings... 2025-04-25 12:51:56.68582"
[1] "Deleting Footprints... 2025-04-25 12:51:56.793277"
[1] "12 Files Succesfully Downloaded --- 2025-04-25 12:51:57"
[1] "Downloading Footprints for link 13 @ 2025-04-25 12:51:56.795701"
[1] "File Downloaded... unzipping... 2025-04-25 12:51:57.45204"
[1] "Reading in data and making spatial... 2025-04-25 12:51:57.480952"
[1] "Retrieving coordinates... 2025-04-25 12:51:57.595297"
[1] "Retrieving H3 Indexes for Buildings... 2025-04-25 12:51:57.596326"
[1] "Deleting Footprints... 2025-04-25 12:51:57.702927"
[1] "13 Files Succesfully Downloaded --- 2025-04-25 12:51:58"
[1] "Downloading Footprints for link 14 @ 2025-04-25 12:51:57.704638"
[1] "File Downloaded... unzipping... 2025-04-25 12:51:58.781745"
[1] "Reading in data and making spatial... 2025-04-25 12:51:58.854152"
[1] "Retrieving coordinates... 2025-04-25 12:51:59.726087"
[1] "Retrieving H3 Indexes for Buildings... 2025-04-25 12:51:59.731615"
[1] "Deleting Footprints... 2025-04-25 12:51:59.79695"
[1] "14 Files Succesfully Downloaded --- 2025-04-25 12:52:00"
[1] "Downloading Footprints for link 15 @ 2025-04-25 12:51:59.798881"
[1] "File Downloaded... unzipping... 2025-04-25 12:52:00.769525"
[1] "Reading in data and making spatial... 2025-04-25 12:52:00.872195"
[1] "Retrieving coordinates... 2025-04-25 12:52:01.647073"
[1] "Retrieving H3 Indexes for Buildings... 2025-04-25 12:52:01.65161"
[1] "Deleting Footprints... 2025-04-25 12:52:01.713208"
[1] "15 Files Succesfully Downloaded --- 2025-04-25 12:52:02"
[1] "Downloading Footprints for link 16 @ 2025-04-25 12:52:01.715181"
[1] "File Downloaded... unzipping... 2025-04-25 12:52:02.999758"
[1] "Reading in data and making spatial... 2025-04-25 12:52:03.612138"
[1] "Retrieving coordinates... 2025-04-25 12:52:11.030856"
[1] "Retrieving H3 Indexes for Buildings... 2025-04-25 12:52:11.042438"
[1] "Deleting Footprints... 2025-04-25 12:52:11.50352"
[1] "16 Files Succesfully Downloaded --- 2025-04-25 12:52:12"
[1] "Downloading Footprints for link 17 @ 2025-04-25 12:52:11.507958"
[1] "File Downloaded... unzipping... 2025-04-25 12:52:11.929821"
[1] "Reading in data and making spatial... 2025-04-25 12:52:11.954237"
[1] "Retrieving coordinates... 2025-04-25 12:52:11.994083"
[1] "Retrieving H3 Indexes for Buildings... 2025-04-25 12:52:11.994594"
[1] "Deleting Footprints... 2025-04-25 12:52:12.037901"
[1] "17 Files Succesfully Downloaded --- 2025-04-25 12:52:12"
[1] "Downloading Footprints for link 18 @ 2025-04-25 12:52:12.04002"
[1] "File Downloaded... unzipping... 2025-04-25 12:52:13.394295"
[1] "Reading in data and making spatial... 2025-04-25 12:52:13.628521"
[1] "Retrieving coordinates... 2025-04-25 12:52:17.742203"
[1] "Retrieving H3 Indexes for Buildings... 2025-04-25 12:52:17.76476"
[1] "Deleting Footprints... 2025-04-25 12:52:18.348956"
[1] "18 Files Succesfully Downloaded --- 2025-04-25 12:52:18"
[1] "Downloading Footprints for link 19 @ 2025-04-25 12:52:18.349922"
[1] "File Downloaded... unzipping... 2025-04-25 12:52:20.299883"
[1] "Reading in data and making spatial... 2025-04-25 12:52:21.144205"
[1] "Retrieving coordinates... 2025-04-25 12:52:32.51242"
[1] "Retrieving H3 Indexes for Buildings... 2025-04-25 12:52:32.572189"
[1] "Deleting Footprints... 2025-04-25 12:52:34.04609"
[1] "19 Files Succesfully Downloaded --- 2025-04-25 12:52:34"
[1] "Downloading Footprints for link 20 @ 2025-04-25 12:52:34.058411"
[1] "File Downloaded... unzipping... 2025-04-25 12:52:34.931324"
[1] "Reading in data and making spatial... 2025-04-25 12:52:35.147087"
[1] "Retrieving coordinates... 2025-04-25 12:52:35.500078"
[1] "Retrieving H3 Indexes for Buildings... 2025-04-25 12:52:35.502969"
[1] "Deleting Footprints... 2025-04-25 12:52:35.586109"
[1] "20 Files Succesfully Downloaded --- 2025-04-25 12:52:36"
[1] "Downloading Footprints for link 21 @ 2025-04-25 12:52:35.59112"
[1] "File Downloaded... unzipping... 2025-04-25 12:52:37.161242"
[1] "Reading in data and making spatial... 2025-04-25 12:52:37.715315"
[1] "Retrieving coordinates... 2025-04-25 12:52:44.624696"
[1] "Retrieving H3 Indexes for Buildings... 2025-04-25 12:52:44.662232"
[1] "Deleting Footprints... 2025-04-25 12:52:45.444786"
[1] "21 Files Succesfully Downloaded --- 2025-04-25 12:52:45"
[1] "Downloading Footprints for link 22 @ 2025-04-25 12:52:45.449057"
[1] "File Downloaded... unzipping... 2025-04-25 12:52:49.038465"
[1] "Reading in data and making spatial... 2025-04-25 12:52:49.517979"
[1] "Retrieving coordinates... 2025-04-25 12:52:49.653952"
[1] "Retrieving H3 Indexes for Buildings... 2025-04-25 12:52:49.65526"
[1] "Deleting Footprints... 2025-04-25 12:52:49.732205"
[1] "22 Files Succesfully Downloaded --- 2025-04-25 12:52:50"
[1] "Downloading Footprints for link 23 @ 2025-04-25 12:52:49.736176"
[1] "File Downloaded... unzipping... 2025-04-25 12:52:50.901092"
[1] "Reading in data and making spatial... 2025-04-25 12:52:51.113508"
[1] "Retrieving coordinates... 2025-04-25 12:52:53.31914"
[1] "Retrieving H3 Indexes for Buildings... 2025-04-25 12:52:53.332546"
[1] "Deleting Footprints... 2025-04-25 12:52:53.778454"
[1] "23 Files Succesfully Downloaded --- 2025-04-25 12:52:54"
[1] "Downloading Footprints for link 24 @ 2025-04-25 12:52:53.781348"
[1] "File Downloaded... unzipping... 2025-04-25 12:52:54.693231"
[1] "Reading in data and making spatial... 2025-04-25 12:52:54.850394"
[1] "Retrieving coordinates... 2025-04-25 12:52:55.37854"
[1] "Retrieving H3 Indexes for Buildings... 2025-04-25 12:52:55.381566"
[1] "Deleting Footprints... 2025-04-25 12:52:55.790556"
[1] "24 Files Succesfully Downloaded --- 2025-04-25 12:52:56"
[1] "Downloading Footprints for link 25 @ 2025-04-25 12:52:55.91627"
[1] "File Downloaded... unzipping... 2025-04-25 12:52:58.220956"
[1] "Reading in data and making spatial... 2025-04-25 12:52:58.305603"
[1] "Retrieving coordinates... 2025-04-25 12:52:59.496104"
[1] "Retrieving H3 Indexes for Buildings... 2025-04-25 12:52:59.502651"
[1] "Deleting Footprints... 2025-04-25 12:52:59.701434"
[1] "25 Files Succesfully Downloaded --- 2025-04-25 12:53:00"
[1] "Downloading Footprints for link 26 @ 2025-04-25 12:52:59.705955"
[1] "File Downloaded... unzipping... 2025-04-25 12:53:01.900845"
[1] "Reading in data and making spatial... 2025-04-25 12:53:02.793645"
[1] "Retrieving coordinates... 2025-04-25 12:53:15.194007"
[1] "Retrieving H3 Indexes for Buildings... 2025-04-25 12:53:15.258186"
[1] "Deleting Footprints... 2025-04-25 12:53:15.836254"
[1] "26 Files Succesfully Downloaded --- 2025-04-25 12:53:16"
[1] "Downloading Footprints for link 27 @ 2025-04-25 12:53:15.839686"
[1] "File Downloaded... unzipping... 2025-04-25 12:53:18.959408"
[1] "Reading in data and making spatial... 2025-04-25 12:53:20.66065"
[1] "Retrieving coordinates... 2025-04-25 12:53:39.61678"
[1] "Retrieving H3 Indexes for Buildings... 2025-04-25 12:53:39.699419"
[1] "Deleting Footprints... 2025-04-25 12:53:41.613834"
[1] "27 Files Succesfully Downloaded --- 2025-04-25 12:53:42"
[1] "Downloading Footprints for link 28 @ 2025-04-25 12:53:41.634362"
[1] "File Downloaded... unzipping... 2025-04-25 12:53:42.895376"
[1] "Reading in data and making spatial... 2025-04-25 12:53:43.087477"
[1] "Retrieving coordinates... 2025-04-25 12:53:45.844565"
[1] "Retrieving H3 Indexes for Buildings... 2025-04-25 12:53:45.862575"
[1] "Deleting Footprints... 2025-04-25 12:53:46.199846"
[1] "28 Files Succesfully Downloaded --- 2025-04-25 12:53:46"
[1] "Downloading Footprints for link 29 @ 2025-04-25 12:53:46.203129"
[1] "File Downloaded... unzipping... 2025-04-25 12:53:46.571591"
[1] "Reading in data and making spatial... 2025-04-25 12:53:46.59497"
[1] "Retrieving coordinates... 2025-04-25 12:53:46.617926"
[1] "Retrieving H3 Indexes for Buildings... 2025-04-25 12:53:46.618345"
[1] "Deleting Footprints... 2025-04-25 12:53:47.387155"
[1] "29 Files Succesfully Downloaded --- 2025-04-25 12:53:47"
[1] "Downloading Footprints for link 30 @ 2025-04-25 12:53:47.389084"
[1] "File Downloaded... unzipping... 2025-04-25 12:53:49.207137"
[1] "Reading in data and making spatial... 2025-04-25 12:53:49.416162"
[1] "Retrieving coordinates... 2025-04-25 12:53:52.900369"
[1] "Retrieving H3 Indexes for Buildings... 2025-04-25 12:53:52.921531"
[1] "Deleting Footprints... 2025-04-25 12:53:53.267325"
[1] "30 Files Succesfully Downloaded --- 2025-04-25 12:53:53"
[1] "Downloading Footprints for link 31 @ 2025-04-25 12:53:53.271962"
[1] "File Downloaded... unzipping... 2025-04-25 12:53:53.768658"
[1] "Reading in data and making spatial... 2025-04-25 12:53:53.796309"
[1] "Retrieving coordinates... 2025-04-25 12:53:53.864226"
[1] "Retrieving H3 Indexes for Buildings... 2025-04-25 12:53:53.864998"
[1] "Deleting Footprints... 2025-04-25 12:53:54.589611"
[1] "31 Files Succesfully Downloaded --- 2025-04-25 12:53:55"
[1] "Downloading Footprints for link 32 @ 2025-04-25 12:53:54.592298"
[1] "File Downloaded... unzipping... 2025-04-25 12:53:55.3944"
[1] "Reading in data and making spatial... 2025-04-25 12:53:55.449751"
[1] "Retrieving coordinates... 2025-04-25 12:53:55.740099"
[1] "Retrieving H3 Indexes for Buildings... 2025-04-25 12:53:55.742399"
[1] "Deleting Footprints... 2025-04-25 12:53:55.97213"
[1] "32 Files Succesfully Downloaded --- 2025-04-25 12:53:56"
[1] "Downloading Footprints for link 33 @ 2025-04-25 12:53:55.976312"
[1] "File Downloaded... unzipping... 2025-04-25 12:53:56.565862"
[1] "Reading in data and making spatial... 2025-04-25 12:53:56.924831"
[1] "Retrieving coordinates... 2025-04-25 12:53:56.984854"
[1] "Retrieving H3 Indexes for Buildings... 2025-04-25 12:53:56.98555"
[1] "Deleting Footprints... 2025-04-25 12:53:57.332006"
[1] "33 Files Succesfully Downloaded --- 2025-04-25 12:53:57"
[1] "Downloading Footprints for link 34 @ 2025-04-25 12:53:57.335584"
[1] "File Downloaded... unzipping... 2025-04-25 12:53:58.328665"
[1] "Reading in data and making spatial... 2025-04-25 12:53:58.415019"
[1] "Retrieving coordinates... 2025-04-25 12:53:59.32483"
[1] "Retrieving H3 Indexes for Buildings... 2025-04-25 12:53:59.331283"
[1] "Deleting Footprints... 2025-04-25 12:53:59.595179"
[1] "34 Files Succesfully Downloaded --- 2025-04-25 12:54:00"
[1] "Downloading Footprints for link 35 @ 2025-04-25 12:53:59.598"
[1] "File Downloaded... unzipping... 2025-04-25 12:54:00.966814"
[1] "Reading in data and making spatial... 2025-04-25 12:54:01.010208"
[1] "Retrieving coordinates... 2025-04-25 12:54:01.247145"
[1] "Retrieving H3 Indexes for Buildings... 2025-04-25 12:54:01.249091"
[1] "Deleting Footprints... 2025-04-25 12:54:01.665719"
[1] "35 Files Succesfully Downloaded --- 2025-04-25 12:54:02"
[1] "Downloading Footprints for link 36 @ 2025-04-25 12:54:01.670054"
[1] "File Downloaded... unzipping... 2025-04-25 12:54:02.21507"
[1] "Reading in data and making spatial... 2025-04-25 12:54:02.247729"
[1] "Retrieving coordinates... 2025-04-25 12:54:02.322756"
[1] "Retrieving H3 Indexes for Buildings... 2025-04-25 12:54:02.32363"
[1] "Deleting Footprints... 2025-04-25 12:54:02.448549"
[1] "36 Files Succesfully Downloaded --- 2025-04-25 12:54:02"
[1] "Downloading Footprints for link 37 @ 2025-04-25 12:54:02.450911"
[1] "File Downloaded... unzipping... 2025-04-25 12:54:03.455446"
[1] "Reading in data and making spatial... 2025-04-25 12:54:03.705703"
[1] "Retrieving coordinates... 2025-04-25 12:54:04.402586"
[1] "Retrieving H3 Indexes for Buildings... 2025-04-25 12:54:04.40808"
[1] "Deleting Footprints... 2025-04-25 12:54:04.643447"
[1] "37 Files Succesfully Downloaded --- 2025-04-25 12:54:05"
[1] "Downloading Footprints for link 38 @ 2025-04-25 12:54:04.647233"
[1] "File Downloaded... unzipping... 2025-04-25 12:54:05.167844"
[1] "Reading in data and making spatial... 2025-04-25 12:54:05.193044"
[1] "Retrieving coordinates... 2025-04-25 12:54:05.235703"
[1] "Retrieving H3 Indexes for Buildings... 2025-04-25 12:54:05.236281"
[1] "Deleting Footprints... 2025-04-25 12:54:05.565653"
[1] "38 Files Succesfully Downloaded --- 2025-04-25 12:54:06"
[1] "Downloading Footprints for link 39 @ 2025-04-25 12:54:05.569477"
[1] "File Downloaded... unzipping... 2025-04-25 12:54:07.30435"
[1] "Reading in data and making spatial... 2025-04-25 12:54:07.655154"
[1] "Retrieving coordinates... 2025-04-25 12:54:10.311799"
[1] "Retrieving H3 Indexes for Buildings... 2025-04-25 12:54:10.328241"
[1] "Deleting Footprints... 2025-04-25 12:54:10.531038"
[1] "39 Files Succesfully Downloaded --- 2025-04-25 12:54:11"
[1] "Downloading Footprints for link 40 @ 2025-04-25 12:54:10.533885"
[1] "File Downloaded... unzipping... 2025-04-25 12:54:11.418047"
[1] "Reading in data and making spatial... 2025-04-25 12:54:11.47206"
[1] "Retrieving coordinates... 2025-04-25 12:54:12.122738"
[1] "Retrieving H3 Indexes for Buildings... 2025-04-25 12:54:12.125269"
[1] "Deleting Footprints... 2025-04-25 12:54:12.376201"
[1] "40 Files Succesfully Downloaded --- 2025-04-25 12:54:12"
[1] "Downloading Footprints for link 41 @ 2025-04-25 12:54:12.378395"
[1] "File Downloaded... unzipping... 2025-04-25 12:54:14.107581"
[1] "Reading in data and making spatial... 2025-04-25 12:54:14.234586"
[1] "Retrieving coordinates... 2025-04-25 12:54:15.959106"
[1] "Retrieving H3 Indexes for Buildings... 2025-04-25 12:54:15.966478"
[1] "Deleting Footprints... 2025-04-25 12:54:16.269595"
[1] "41 Files Succesfully Downloaded --- 2025-04-25 12:54:16"
[1] "Downloading Footprints for link 42 @ 2025-04-25 12:54:16.27058"
[1] "File Downloaded... unzipping... 2025-04-25 12:54:16.68819"
[1] "Reading in data and making spatial... 2025-04-25 12:54:16.73463"
[1] "Retrieving coordinates... 2025-04-25 12:54:16.785736"
[1] "Retrieving H3 Indexes for Buildings... 2025-04-25 12:54:16.786356"
[1] "Deleting Footprints... 2025-04-25 12:54:17.323132"
[1] "42 Files Succesfully Downloaded --- 2025-04-25 12:54:17"
[1] "Downloading Footprints for link 43 @ 2025-04-25 12:54:17.325165"
[1] "File Downloaded... unzipping... 2025-04-25 12:54:18.486962"
[1] "Reading in data and making spatial... 2025-04-25 12:54:18.560927"
[1] "Retrieving coordinates... 2025-04-25 12:54:19.397922"
[1] "Retrieving H3 Indexes for Buildings... 2025-04-25 12:54:19.404027"
[1] "Deleting Footprints... 2025-04-25 12:54:19.658139"
[1] "43 Files Succesfully Downloaded --- 2025-04-25 12:54:20"
[1] "Downloading Footprints for link 44 @ 2025-04-25 12:54:19.661893"
[1] "File Downloaded... unzipping... 2025-04-25 12:54:20.517874"
[1] "Reading in data and making spatial... 2025-04-25 12:54:20.558035"
[1] "Retrieving coordinates... 2025-04-25 12:54:20.780509"
[1] "Retrieving H3 Indexes for Buildings... 2025-04-25 12:54:20.782287"
[1] "Deleting Footprints... 2025-04-25 12:54:21.169495"
[1] "44 Files Succesfully Downloaded --- 2025-04-25 12:54:21"
[1] "Downloading Footprints for link 45 @ 2025-04-25 12:54:21.173756"
[1] "File Downloaded... unzipping... 2025-04-25 12:54:22.111613"
[1] "Reading in data and making spatial... 2025-04-25 12:54:22.212679"
[1] "Retrieving coordinates... 2025-04-25 12:54:22.671661"
[1] "Retrieving H3 Indexes for Buildings... 2025-04-25 12:54:22.674684"
[1] "Deleting Footprints... 2025-04-25 12:54:23.252465"
[1] "45 Files Succesfully Downloaded --- 2025-04-25 12:54:23"
[1] "Downloading Footprints for link 46 @ 2025-04-25 12:54:23.254523"
[1] "File Downloaded... unzipping... 2025-04-25 12:54:23.747983"
[1] "Reading in data and making spatial... 2025-04-25 12:54:23.925126"
[1] "Retrieving coordinates... 2025-04-25 12:54:23.980235"
[1] "Retrieving H3 Indexes for Buildings... 2025-04-25 12:54:23.9809"
[1] "Deleting Footprints... 2025-04-25 12:54:24.193506"
[1] "46 Files Succesfully Downloaded --- 2025-04-25 12:54:24"
[1] "Downloading Footprints for link 47 @ 2025-04-25 12:54:24.196144"
[1] "File Downloaded... unzipping... 2025-04-25 12:54:25.259157"
[1] "Reading in data and making spatial... 2025-04-25 12:54:25.324733"
[1] "Retrieving coordinates... 2025-04-25 12:54:26.152462"
[1] "Retrieving H3 Indexes for Buildings... 2025-04-25 12:54:26.15664"
[1] "Deleting Footprints... 2025-04-25 12:54:26.301383"
[1] "47 Files Succesfully Downloaded --- 2025-04-25 12:54:26"
[1] "Downloading Footprints for link 48 @ 2025-04-25 12:54:26.303097"
[1] "File Downloaded... unzipping... 2025-04-25 12:54:27.195457"
[1] "Reading in data and making spatial... 2025-04-25 12:54:27.300291"
[1] "Retrieving coordinates... 2025-04-25 12:54:27.772314"
[1] "Retrieving H3 Indexes for Buildings... 2025-04-25 12:54:27.77567"
[1] "Deleting Footprints... 2025-04-25 12:54:28.029067"
[1] "48 Files Succesfully Downloaded --- 2025-04-25 12:54:28"
[1] "Downloading Footprints for link 49 @ 2025-04-25 12:54:28.031453"
[1] "File Downloaded... unzipping... 2025-04-25 12:54:29.334793"
[1] "Reading in data and making spatial... 2025-04-25 12:54:29.815708"
[1] "Retrieving coordinates... 2025-04-25 12:54:33.23529"
[1] "Retrieving H3 Indexes for Buildings... 2025-04-25 12:54:33.256946"
[1] "Deleting Footprints... 2025-04-25 12:54:34.01933"
[1] "49 Files Succesfully Downloaded --- 2025-04-25 12:54:34"
[1] "Downloading Footprints for link 50 @ 2025-04-25 12:54:34.020937"
[1] "File Downloaded... unzipping... 2025-04-25 12:54:34.989852"
[1] "Reading in data and making spatial... 2025-04-25 12:54:35.523784"
[1] "Retrieving coordinates... 2025-04-25 12:54:35.941122"
[1] "Retrieving H3 Indexes for Buildings... 2025-04-25 12:54:35.944409"
[1] "Deleting Footprints... 2025-04-25 12:54:36.095949"
[1] "50 Files Succesfully Downloaded --- 2025-04-25 12:54:36"
[1] "Downloading Footprints for link 51 @ 2025-04-25 12:54:36.098915"
[1] "File Downloaded... unzipping... 2025-04-25 12:54:36.761856"
[1] "Reading in data and making spatial... 2025-04-25 12:54:36.792552"
[1] "Retrieving coordinates... 2025-04-25 12:54:36.908171"
[1] "Retrieving H3 Indexes for Buildings... 2025-04-25 12:54:36.909253"
[1] "Deleting Footprints... 2025-04-25 12:54:37.135448"
[1] "51 Files Succesfully Downloaded --- 2025-04-25 12:54:37"
[1] "Downloading Footprints for link 52 @ 2025-04-25 12:54:37.137293"
[1] "File Downloaded... unzipping... 2025-04-25 12:54:38.253098"
[1] "Reading in data and making spatial... 2025-04-25 12:54:38.476367"
[1] "Retrieving coordinates... 2025-04-25 12:54:39.359655"
[1] "Retrieving H3 Indexes for Buildings... 2025-04-25 12:54:39.365205"
[1] "Deleting Footprints... 2025-04-25 12:54:39.715945"
[1] "52 Files Succesfully Downloaded --- 2025-04-25 12:54:40"
[1] "Downloading Footprints for link 53 @ 2025-04-25 12:54:39.717854"
[1] "File Downloaded... unzipping... 2025-04-25 12:54:40.437672"
[1] "Reading in data and making spatial... 2025-04-25 12:54:40.477786"
[1] "Retrieving coordinates... 2025-04-25 12:54:40.64835"
[1] "Retrieving H3 Indexes for Buildings... 2025-04-25 12:54:40.649816"
[1] "Deleting Footprints... 2025-04-25 12:54:41.079204"
[1] "53 Files Succesfully Downloaded --- 2025-04-25 12:54:41"
[1] "Downloading Footprints for link 54 @ 2025-04-25 12:54:41.083753"
[1] "File Downloaded... unzipping... 2025-04-25 12:54:41.753964"
[1] "Reading in data and making spatial... 2025-04-25 12:54:41.789304"
[1] "Retrieving coordinates... 2025-04-25 12:54:41.934297"
[1] "Retrieving H3 Indexes for Buildings... 2025-04-25 12:54:41.93578"
[1] "Deleting Footprints... 2025-04-25 12:54:42.174608"
[1] "54 Files Succesfully Downloaded --- 2025-04-25 12:54:42"
[1] "Downloading Footprints for link 55 @ 2025-04-25 12:54:42.17734"
[1] "File Downloaded... unzipping... 2025-04-25 12:54:42.952961"
[1] "Reading in data and making spatial... 2025-04-25 12:54:42.991268"
[1] "Retrieving coordinates... 2025-04-25 12:54:43.181701"
[1] "Retrieving H3 Indexes for Buildings... 2025-04-25 12:54:43.183502"
[1] "Deleting Footprints... 2025-04-25 12:54:43.509479"
[1] "55 Files Succesfully Downloaded --- 2025-04-25 12:54:44"
[1] "Downloading Footprints for link 56 @ 2025-04-25 12:54:43.511108"
[1] "File Downloaded... unzipping... 2025-04-25 12:54:44.124155"
[1] "Reading in data and making spatial... 2025-04-25 12:54:44.15521"
[1] "Retrieving coordinates... 2025-04-25 12:54:44.244141"
[1] "Retrieving H3 Indexes for Buildings... 2025-04-25 12:54:44.245126"
[1] "Deleting Footprints... 2025-04-25 12:54:44.751549"
[1] "56 Files Succesfully Downloaded --- 2025-04-25 12:54:45"
[1] "Downloading Footprints for link 57 @ 2025-04-25 12:54:44.753623"
[1] "File Downloaded... unzipping... 2025-04-25 12:54:45.561921"
[1] "Reading in data and making spatial... 2025-04-25 12:54:45.679075"
[1] "Retrieving coordinates... 2025-04-25 12:54:45.987095"
[1] "Retrieving H3 Indexes for Buildings... 2025-04-25 12:54:45.989873"
[1] "Deleting Footprints... 2025-04-25 12:54:46.503915"
[1] "57 Files Succesfully Downloaded --- 2025-04-25 12:54:47"
[1] "Downloading Footprints for link 58 @ 2025-04-25 12:54:46.511534"
[1] "File Downloaded... unzipping... 2025-04-25 12:54:47.249217"
[1] "Reading in data and making spatial... 2025-04-25 12:54:47.286191"
[1] "Retrieving coordinates... 2025-04-25 12:54:47.430013"
[1] "Retrieving H3 Indexes for Buildings... 2025-04-25 12:54:47.431497"
[1] "Deleting Footprints... 2025-04-25 12:54:47.573177"
[1] "58 Files Succesfully Downloaded --- 2025-04-25 12:54:48"
[1] "Downloading Footprints for link 59 @ 2025-04-25 12:54:47.574856"
[1] "File Downloaded... unzipping... 2025-04-25 12:54:48.328229"
[1] "Reading in data and making spatial... 2025-04-25 12:54:48.362394"
[1] "Retrieving coordinates... 2025-04-25 12:54:48.546424"
[1] "Retrieving H3 Indexes for Buildings... 2025-04-25 12:54:48.548201"
[1] "Deleting Footprints... 2025-04-25 12:54:48.923598"
[1] "59 Files Succesfully Downloaded --- 2025-04-25 12:54:49"
[1] "Downloading Footprints for link 60 @ 2025-04-25 12:54:48.925721"
[1] "File Downloaded... unzipping... 2025-04-25 12:54:49.644774"
[1] "Reading in data and making spatial... 2025-04-25 12:54:49.678768"
[1] "Retrieving coordinates... 2025-04-25 12:54:49.866854"
[1] "Retrieving H3 Indexes for Buildings... 2025-04-25 12:54:49.86856"
[1] "Deleting Footprints... 2025-04-25 12:54:50.103679"
[1] "60 Files Succesfully Downloaded --- 2025-04-25 12:54:50"
[1] "Downloading Footprints for link 61 @ 2025-04-25 12:54:50.107673"
[1] "File Downloaded... unzipping... 2025-04-25 12:54:50.776985"
[1] "Reading in data and making spatial... 2025-04-25 12:54:50.808624"
[1] "Retrieving coordinates... 2025-04-25 12:54:50.920485"
[1] "Retrieving H3 Indexes for Buildings... 2025-04-25 12:54:50.921584"
[1] "Deleting Footprints... 2025-04-25 12:54:51.428979"
[1] "61 Files Succesfully Downloaded --- 2025-04-25 12:54:51"
[1] "Downloading Footprints for link 62 @ 2025-04-25 12:54:51.432965"
[1] "File Downloaded... unzipping... 2025-04-25 12:54:52.204668"
[1] "Reading in data and making spatial... 2025-04-25 12:54:52.24478"
[1] "Retrieving coordinates... 2025-04-25 12:54:52.43336"
[1] "Retrieving H3 Indexes for Buildings... 2025-04-25 12:54:52.435199"
[1] "Deleting Footprints... 2025-04-25 12:54:52.664671"
[1] "62 Files Succesfully Downloaded --- 2025-04-25 12:54:53"
[1] "Downloading Footprints for link 63 @ 2025-04-25 12:54:52.666138"
[1] "File Downloaded... unzipping... 2025-04-25 12:54:55.712592"
[1] "Reading in data and making spatial... 2025-04-25 12:54:55.74335"
[1] "Retrieving coordinates... 2025-04-25 12:54:55.850544"
[1] "Retrieving H3 Indexes for Buildings... 2025-04-25 12:54:55.851584"
[1] "Deleting Footprints... 2025-04-25 12:54:56.308157"
[1] "63 Files Succesfully Downloaded --- 2025-04-25 12:54:56"
[1] "Downloading Footprints for link 64 @ 2025-04-25 12:54:56.310956"
[1] "File Downloaded... unzipping... 2025-04-25 12:54:57.234322"
[1] "Reading in data and making spatial... 2025-04-25 12:54:57.282053"
[1] "Retrieving coordinates... 2025-04-25 12:54:57.588897"
[1] "Retrieving H3 Indexes for Buildings... 2025-04-25 12:54:57.59165"
[1] "Deleting Footprints... 2025-04-25 12:54:57.849353"
[1] "64 Files Succesfully Downloaded --- 2025-04-25 12:54:58"
[1] "Downloading Footprints for link 65 @ 2025-04-25 12:54:57.852118"
[1] "File Downloaded... unzipping... 2025-04-25 12:54:59.176367"
[1] "Reading in data and making spatial... 2025-04-25 12:54:59.925832"
[1] "Retrieving coordinates... 2025-04-25 12:55:02.303674"
[1] "Retrieving H3 Indexes for Buildings... 2025-04-25 12:55:02.320431"
[1] "Deleting Footprints... 2025-04-25 12:55:02.69241"
[1] "65 Files Succesfully Downloaded --- 2025-04-25 12:55:03"
[1] "Downloading Footprints for link 66 @ 2025-04-25 12:55:02.697176"
[1] "File Downloaded... unzipping... 2025-04-25 12:55:04.738349"
[1] "Reading in data and making spatial... 2025-04-25 12:55:04.824764"
[1] "Retrieving coordinates... 2025-04-25 12:55:05.941136"
[1] "Retrieving H3 Indexes for Buildings... 2025-04-25 12:55:05.948127"
[1] "Deleting Footprints... 2025-04-25 12:55:06.439324"
[1] "66 Files Succesfully Downloaded --- 2025-04-25 12:55:06"
[1] "Downloading Footprints for link 67 @ 2025-04-25 12:55:06.440441"
[1] "File Downloaded... unzipping... 2025-04-25 12:55:07.530168"
[1] "Reading in data and making spatial... 2025-04-25 12:55:07.637173"
[1] "Retrieving coordinates... 2025-04-25 12:55:09.010901"
[1] "Retrieving H3 Indexes for Buildings... 2025-04-25 12:55:09.017066"
[1] "Deleting Footprints... 2025-04-25 12:55:09.197108"
[1] "67 Files Succesfully Downloaded --- 2025-04-25 12:55:09"
[1] "Downloading Footprints for link 68 @ 2025-04-25 12:55:09.201288"
[1] "File Downloaded... unzipping... 2025-04-25 12:55:10.172705"
[1] "Reading in data and making spatial... 2025-04-25 12:55:10.237724"
[1] "Retrieving coordinates... 2025-04-25 12:55:10.745584"
[1] "Retrieving H3 Indexes for Buildings... 2025-04-25 12:55:10.749176"
[1] "Deleting Footprints... 2025-04-25 12:55:11.055207"
[1] "68 Files Succesfully Downloaded --- 2025-04-25 12:55:11"
[1] "Downloading Footprints for link 69 @ 2025-04-25 12:55:11.058311"
[1] "File Downloaded... unzipping... 2025-04-25 12:55:11.897418"
[1] "Reading in data and making spatial... 2025-04-25 12:55:11.971939"
[1] "Retrieving coordinates... 2025-04-25 12:55:12.444946"
[1] "Retrieving H3 Indexes for Buildings... 2025-04-25 12:55:12.447613"
[1] "Deleting Footprints... 2025-04-25 12:55:12.744734"
[1] "69 Files Succesfully Downloaded --- 2025-04-25 12:55:13"
[1] "Downloading Footprints for link 70 @ 2025-04-25 12:55:12.746724"
[1] "File Downloaded... unzipping... 2025-04-25 12:55:13.63978"
[1] "Reading in data and making spatial... 2025-04-25 12:55:13.759682"
[1] "Retrieving coordinates... 2025-04-25 12:55:14.390717"
[1] "Retrieving H3 Indexes for Buildings... 2025-04-25 12:55:14.393926"
[1] "Deleting Footprints... 2025-04-25 12:55:15.075225"
[1] "70 Files Succesfully Downloaded --- 2025-04-25 12:55:15"
[1] "Downloading Footprints for link 71 @ 2025-04-25 12:55:15.078258"
[1] "File Downloaded... unzipping... 2025-04-25 12:55:16.68234"
[1] "Reading in data and making spatial... 2025-04-25 12:55:17.112386"
[1] "Retrieving coordinates... 2025-04-25 12:55:24.705067"
[1] "Retrieving H3 Indexes for Buildings... 2025-04-25 12:55:24.759042"
[1] "Deleting Footprints... 2025-04-25 12:55:25.480543"
[1] "71 Files Succesfully Downloaded --- 2025-04-25 12:55:25"
[1] "Downloading Footprints for link 72 @ 2025-04-25 12:55:25.482614"
[1] "File Downloaded... unzipping... 2025-04-25 12:55:26.532691"
[1] "Reading in data and making spatial... 2025-04-25 12:55:26.634591"
[1] "Retrieving coordinates... 2025-04-25 12:55:27.674252"
[1] "Retrieving H3 Indexes for Buildings... 2025-04-25 12:55:27.679173"
[1] "Deleting Footprints... 2025-04-25 12:55:29.145447"
[1] "72 Files Succesfully Downloaded --- 2025-04-25 12:55:29"
[1] "Downloading Footprints for link 73 @ 2025-04-25 12:55:29.146256"
[1] "File Downloaded... unzipping... 2025-04-25 12:55:29.875432"
[1] "Reading in data and making spatial... 2025-04-25 12:55:29.910695"
[1] "Retrieving coordinates... 2025-04-25 12:55:30.094965"
[1] "Retrieving H3 Indexes for Buildings... 2025-04-25 12:55:30.096525"
[1] "Deleting Footprints... 2025-04-25 12:55:30.901456"
[1] "73 Files Succesfully Downloaded --- 2025-04-25 12:55:31"
[1] "SCRIPT COMPLETE @ 2025-04-25 12:55:33"
