[1] "Starting at: 2025-04-25 12:50:55"
[1] "Loading Links at: 2025-04-25 12:51:06"
[1] "quadkeys to download: 30"
[1] "Downloading and Joining footprints to Hex @ 2025-04-25 12:51:06"
[1] "Downloading Footprints for link 1 @ 2025-04-25 12:51:06.281987"
[1] "File Downloaded... unzipping... 2025-04-25 12:51:07.554666"
[1] "Reading in data and making spatial... 2025-04-25 12:51:07.709124"
[1] "Retrieving coordinates... 2025-04-25 12:51:11.428913"
[1] "Retrieving H3 Indexes for Buildings... 2025-04-25 12:51:11.446245"
[1] "Deleting Footprints... 2025-04-25 12:51:11.525851"
[1] "1 Files Succesfully Downloaded --- 2025-04-25 12:51:12"
[1] "Downloading Footprints for link 2 @ 2025-04-25 12:51:11.529995"
[1] "File Downloaded... unzipping... 2025-04-25 12:51:12.664141"
[1] "Reading in data and making spatial... 2025-04-25 12:51:12.739794"
[1] "Retrieving coordinates... 2025-04-25 12:51:14.267745"
[1] "Retrieving H3 Indexes for Buildings... 2025-04-25 12:51:14.273755"
[1] "Deleting Footprints... 2025-04-25 12:51:14.311286"
[1] "2 Files Succesfully Downloaded --- 2025-04-25 12:51:14"
[1] "Downloading Footprints for link 3 @ 2025-04-25 12:51:14.313751"
[1] "File Downloaded... unzipping... 2025-04-25 12:51:15.436142"
[1] "Reading in data and making spatial... 2025-04-25 12:51:15.537692"
[1] "Retrieving coordinates... 2025-04-25 12:51:16.896979"
[1] "Retrieving H3 Indexes for Buildings... 2025-04-25 12:51:16.906777"
[1] "Deleting Footprints... 2025-04-25 12:51:17.421701"
[1] "3 Files Succesfully Downloaded --- 2025-04-25 12:51:17"
[1] "Downloading Footprints for link 4 @ 2025-04-25 12:51:17.424205"
[1] "File Downloaded... unzipping... 2025-04-25 12:51:18.739885"
[1] "Reading in data and making spatial... 2025-04-25 12:51:19.402422"
[1] "Retrieving coordinates... 2025-04-25 12:51:22.44702"
[1] "Retrieving H3 Indexes for Buildings... 2025-04-25 12:51:22.465934"
[1] "Deleting Footprints... 2025-04-25 12:51:22.579747"
[1] "4 Files Succesfully Downloaded --- 2025-04-25 12:51:23"
[1] "Downloading Footprints for link 5 @ 2025-04-25 12:51:22.58225"
[1] "File Downloaded... unzipping... 2025-04-25 12:51:24.001094"
[1] "Reading in data and making spatial... 2025-04-25 12:51:24.334094"
[1] "Retrieving coordinates... 2025-04-25 12:51:30.884347"
[1] "Retrieving H3 Indexes for Buildings... 2025-04-25 12:51:30.922431"
[1] "Deleting Footprints... 2025-04-25 12:51:31.13057"
[1] "5 Files Succesfully Downloaded --- 2025-04-25 12:51:31"
[1] "Downloading Footprints for link 6 @ 2025-04-25 12:51:31.13425"
[1] "File Downloaded... unzipping... 2025-04-25 12:51:33.608889"
[1] "Reading in data and making spatial... 2025-04-25 12:51:34.03944"
[1] "Retrieving coordinates... 2025-04-25 12:51:41.676509"
[1] "Retrieving H3 Indexes for Buildings... 2025-04-25 12:51:41.71731"
[1] "Deleting Footprints... 2025-04-25 12:51:41.942109"
[1] "6 Files Succesfully Downloaded --- 2025-04-25 12:51:42"
[1] "Downloading Footprints for link 7 @ 2025-04-25 12:51:41.946646"
[1] "File Downloaded... unzipping... 2025-04-25 12:51:46.008385"
[1] "Reading in data and making spatial... 2025-04-25 12:51:46.117066"
[1] "Retrieving coordinates... 2025-04-25 12:51:47.510413"
[1] "Retrieving H3 Indexes for Buildings... 2025-04-25 12:51:47.517726"
[1] "Deleting Footprints... 2025-04-25 12:51:47.723655"
[1] "7 Files Succesfully Downloaded --- 2025-04-25 12:51:48"
[1] "Downloading Footprints for link 8 @ 2025-04-25 12:51:47.727082"
[1] "File Downloaded... unzipping... 2025-04-25 12:51:49.629136"
[1] "Reading in data and making spatial... 2025-04-25 12:51:49.735318"
[1] "Retrieving coordinates... 2025-04-25 12:51:51.418791"
[1] "Retrieving H3 Indexes for Buildings... 2025-04-25 12:51:51.428155"
[1] "Deleting Footprints... 2025-04-25 12:51:52.092166"
[1] "8 Files Succesfully Downloaded --- 2025-04-25 12:51:52"
[1] "Downloading Footprints for link 9 @ 2025-04-25 12:51:52.093157"
[1] "File Downloaded... unzipping... 2025-04-25 12:51:55.090107"
[1] "Reading in data and making spatial... 2025-04-25 12:51:55.183766"
[1] "Retrieving coordinates... 2025-04-25 12:51:56.233342"
[1] "Retrieving H3 Indexes for Buildings... 2025-04-25 12:51:56.238335"
[1] "Deleting Footprints... 2025-04-25 12:51:56.295645"
[1] "9 Files Succesfully Downloaded --- 2025-04-25 12:51:56"
[1] "Downloading Footprints for link 10 @ 2025-04-25 12:51:56.296425"
[1] "File Downloaded... unzipping... 2025-04-25 12:51:57.524982"
[1] "Reading in data and making spatial... 2025-04-25 12:51:57.901751"
[1] "Retrieving coordinates... 2025-04-25 12:52:00.307811"
[1] "Retrieving H3 Indexes for Buildings... 2025-04-25 12:52:00.319778"
[1] "Deleting Footprints... 2025-04-25 12:52:00.423214"
[1] "10 Files Succesfully Downloaded --- 2025-04-25 12:52:00"
[1] "Downloading Footprints for link 11 @ 2025-04-25 12:52:00.425558"
[1] "File Downloaded... unzipping... 2025-04-25 12:52:01.900836"
[1] "Reading in data and making spatial... 2025-04-25 12:52:02.17178"
[1] "Retrieving coordinates... 2025-04-25 12:52:07.457175"
[1] "Retrieving H3 Indexes for Buildings... 2025-04-25 12:52:07.483862"
[1] "Deleting Footprints... 2025-04-25 12:52:07.668936"
[1] "11 Files Succesfully Downloaded --- 2025-04-25 12:52:08"
[1] "Downloading Footprints for link 12 @ 2025-04-25 12:52:07.670593"
[1] "File Downloaded... unzipping... 2025-04-25 12:52:08.690036"
[1] "Reading in data and making spatial... 2025-04-25 12:52:09.356798"
[1] "Retrieving coordinates... 2025-04-25 12:52:11.297734"
[1] "Retrieving H3 Indexes for Buildings... 2025-04-25 12:52:11.305959"
[1] "Deleting Footprints... 2025-04-25 12:52:11.529176"
[1] "12 Files Succesfully Downloaded --- 2025-04-25 12:52:12"
[1] "Downloading Footprints for link 13 @ 2025-04-25 12:52:11.530079"
[1] "File Downloaded... unzipping... 2025-04-25 12:52:12.624175"
[1] "Reading in data and making spatial... 2025-04-25 12:52:12.990581"
[1] "Retrieving coordinates... 2025-04-25 12:52:16.367876"
[1] "Retrieving H3 Indexes for Buildings... 2025-04-25 12:52:16.380268"
[1] "Deleting Footprints... 2025-04-25 12:52:16.49486"
[1] "13 Files Succesfully Downloaded --- 2025-04-25 12:52:16"
[1] "Downloading Footprints for link 14 @ 2025-04-25 12:52:16.498407"
[1] "File Downloaded... unzipping... 2025-04-25 12:52:17.575497"
[1] "Reading in data and making spatial... 2025-04-25 12:52:17.66157"
[1] "Retrieving coordinates... 2025-04-25 12:52:18.738961"
[1] "Retrieving H3 Indexes for Buildings... 2025-04-25 12:52:18.745962"
[1] "Deleting Footprints... 2025-04-25 12:52:18.833062"
[1] "14 Files Succesfully Downloaded --- 2025-04-25 12:52:19"
[1] "Downloading Footprints for link 15 @ 2025-04-25 12:52:18.836618"
[1] "File Downloaded... unzipping... 2025-04-25 12:52:20.108629"
[1] "Reading in data and making spatial... 2025-04-25 12:52:20.484334"
[1] "Retrieving coordinates... 2025-04-25 12:52:22.84391"
[1] "Retrieving H3 Indexes for Buildings... 2025-04-25 12:52:22.85736"
[1] "Deleting Footprints... 2025-04-25 12:52:22.99929"
[1] "15 Files Succesfully Downloaded --- 2025-04-25 12:52:23"
[1] "Downloading Footprints for link 16 @ 2025-04-25 12:52:23.003003"
[1] "File Downloaded... unzipping... 2025-04-25 12:52:24.384105"
[1] "Reading in data and making spatial... 2025-04-25 12:52:25.224703"
[1] "Retrieving coordinates... 2025-04-25 12:52:29.804865"
[1] "Retrieving H3 Indexes for Buildings... 2025-04-25 12:52:29.829696"
[1] "Deleting Footprints... 2025-04-25 12:52:30.010136"
[1] "16 Files Succesfully Downloaded --- 2025-04-25 12:52:30"
[1] "Downloading Footprints for link 17 @ 2025-04-25 12:52:30.013506"
[1] "File Downloaded... unzipping... 2025-04-25 12:52:31.709104"
[1] "Reading in data and making spatial... 2025-04-25 12:52:32.575"
[1] "Retrieving coordinates... 2025-04-25 12:52:34.792177"
[1] "Retrieving H3 Indexes for Buildings... 2025-04-25 12:52:34.802175"
[1] "Deleting Footprints... 2025-04-25 12:52:34.928056"
[1] "17 Files Succesfully Downloaded --- 2025-04-25 12:52:35"
[1] "Downloading Footprints for link 18 @ 2025-04-25 12:52:34.930919"
[1] "File Downloaded... unzipping... 2025-04-25 12:52:36.191141"
[1] "Reading in data and making spatial... 2025-04-25 12:52:36.397906"
[1] "Retrieving coordinates... 2025-04-25 12:52:38.156192"
[1] "Retrieving H3 Indexes for Buildings... 2025-04-25 12:52:38.165851"
[1] "Deleting Footprints... 2025-04-25 12:52:38.598552"
[1] "18 Files Succesfully Downloaded --- 2025-04-25 12:52:39"
[1] "Downloading Footprints for link 19 @ 2025-04-25 12:52:38.601063"
[1] "File Downloaded... unzipping... 2025-04-25 12:52:40.454331"
[1] "Reading in data and making spatial... 2025-04-25 12:52:40.899477"
[1] "Retrieving coordinates... 2025-04-25 12:52:48.696888"
[1] "Retrieving H3 Indexes for Buildings... 2025-04-25 12:52:48.752228"
[1] "Deleting Footprints... 2025-04-25 12:52:49.155241"
[1] "19 Files Succesfully Downloaded --- 2025-04-25 12:52:49"
[1] "Downloading Footprints for link 20 @ 2025-04-25 12:52:49.156111"
[1] "File Downloaded... unzipping... 2025-04-25 12:52:50.231724"
[1] "Reading in data and making spatial... 2025-04-25 12:52:50.364972"
[1] "Retrieving coordinates... 2025-04-25 12:52:52.104383"
[1] "Retrieving H3 Indexes for Buildings... 2025-04-25 12:52:52.110501"
[1] "Deleting Footprints... 2025-04-25 12:52:52.224606"
[1] "20 Files Succesfully Downloaded --- 2025-04-25 12:52:52"
[1] "Downloading Footprints for link 21 @ 2025-04-25 12:52:52.226627"
[1] "File Downloaded... unzipping... 2025-04-25 12:52:55.18249"
[1] "Reading in data and making spatial... 2025-04-25 12:52:55.661151"
[1] "Retrieving coordinates... 2025-04-25 12:53:02.509517"
[1] "Retrieving H3 Indexes for Buildings... 2025-04-25 12:53:02.542857"
[1] "Deleting Footprints... 2025-04-25 12:53:02.788794"
[1] "21 Files Succesfully Downloaded --- 2025-04-25 12:53:03"
[1] "Downloading Footprints for link 22 @ 2025-04-25 12:53:02.792181"
[1] "File Downloaded... unzipping... 2025-04-25 12:53:04.27079"
[1] "Reading in data and making spatial... 2025-04-25 12:53:04.679924"
[1] "Retrieving coordinates... 2025-04-25 12:53:06.56925"
[1] "Retrieving H3 Indexes for Buildings... 2025-04-25 12:53:06.578648"
[1] "Deleting Footprints... 2025-04-25 12:53:06.725596"
[1] "22 Files Succesfully Downloaded --- 2025-04-25 12:53:07"
[1] "Downloading Footprints for link 23 @ 2025-04-25 12:53:06.729147"
[1] "File Downloaded... unzipping... 2025-04-25 12:53:07.988954"
[1] "Reading in data and making spatial... 2025-04-25 12:53:08.691572"
[1] "Retrieving coordinates... 2025-04-25 12:53:11.484145"
[1] "Retrieving H3 Indexes for Buildings... 2025-04-25 12:53:11.495918"
[1] "Deleting Footprints... 2025-04-25 12:53:12.506833"
[1] "23 Files Succesfully Downloaded --- 2025-04-25 12:53:13"
[1] "Downloading Footprints for link 24 @ 2025-04-25 12:53:12.510574"
[1] "File Downloaded... unzipping... 2025-04-25 12:53:13.626394"
[1] "Reading in data and making spatial... 2025-04-25 12:53:13.746784"
[1] "Retrieving coordinates... 2025-04-25 12:53:16.207424"
[1] "Retrieving H3 Indexes for Buildings... 2025-04-25 12:53:16.22048"
[1] "Deleting Footprints... 2025-04-25 12:53:16.500847"
[1] "24 Files Succesfully Downloaded --- 2025-04-25 12:53:17"
[1] "Downloading Footprints for link 25 @ 2025-04-25 12:53:16.503878"
[1] "File Downloaded... unzipping... 2025-04-25 12:53:19.629148"
[1] "Reading in data and making spatial... 2025-04-25 12:53:20.095851"
[1] "Retrieving coordinates... 2025-04-25 12:53:22.648438"
[1] "Retrieving H3 Indexes for Buildings... 2025-04-25 12:53:22.661938"
[1] "Deleting Footprints... 2025-04-25 12:53:22.827901"
[1] "25 Files Succesfully Downloaded --- 2025-04-25 12:53:23"
[1] "Downloading Footprints for link 26 @ 2025-04-25 12:53:22.831197"
[1] "File Downloaded... unzipping... 2025-04-25 12:53:23.913482"
[1] "Reading in data and making spatial... 2025-04-25 12:53:23.980926"
[1] "Retrieving coordinates... 2025-04-25 12:53:24.995676"
[1] "Retrieving H3 Indexes for Buildings... 2025-04-25 12:53:25.000204"
[1] "Deleting Footprints... 2025-04-25 12:53:25.251045"
[1] "26 Files Succesfully Downloaded --- 2025-04-25 12:53:25"
[1] "Downloading Footprints for link 27 @ 2025-04-25 12:53:25.255449"
[1] "File Downloaded... unzipping... 2025-04-25 12:53:26.404797"
[1] "Reading in data and making spatial... 2025-04-25 12:53:26.494255"
[1] "Retrieving coordinates... 2025-04-25 12:53:27.987751"
[1] "Retrieving H3 Indexes for Buildings... 2025-04-25 12:53:27.994237"
[1] "Deleting Footprints... 2025-04-25 12:53:28.250726"
[1] "27 Files Succesfully Downloaded --- 2025-04-25 12:53:28"
[1] "Downloading Footprints for link 28 @ 2025-04-25 12:53:28.255569"
[1] "File Downloaded... unzipping... 2025-04-25 12:53:30.752097"
[1] "Reading in data and making spatial... 2025-04-25 12:53:31.132782"
[1] "Retrieving coordinates... 2025-04-25 12:53:36.479966"
[1] "Retrieving H3 Indexes for Buildings... 2025-04-25 12:53:36.502657"
[1] "Deleting Footprints... 2025-04-25 12:53:36.719032"
[1] "28 Files Succesfully Downloaded --- 2025-04-25 12:53:37"
[1] "Downloading Footprints for link 29 @ 2025-04-25 12:53:36.722324"
[1] "File Downloaded... unzipping... 2025-04-25 12:53:37.541423"
[1] "Reading in data and making spatial... 2025-04-25 12:53:37.602557"
[1] "Retrieving coordinates... 2025-04-25 12:53:38.240303"
[1] "Retrieving H3 Indexes for Buildings... 2025-04-25 12:53:38.243067"
[1] "Deleting Footprints... 2025-04-25 12:53:38.566845"
[1] "29 Files Succesfully Downloaded --- 2025-04-25 12:53:39"
[1] "Downloading Footprints for link 30 @ 2025-04-25 12:53:38.571626"
[1] "File Downloaded... unzipping... 2025-04-25 12:53:39.659421"
[1] "Reading in data and making spatial... 2025-04-25 12:53:39.864773"
[1] "Retrieving coordinates... 2025-04-25 12:53:41.939763"
[1] "Retrieving H3 Indexes for Buildings... 2025-04-25 12:53:41.948529"
[1] "Deleting Footprints... 2025-04-25 12:53:42.088222"
[1] "30 Files Succesfully Downloaded --- 2025-04-25 12:53:42"
[1] "SCRIPT COMPLETE @ 2025-04-25 12:53:44"
