[1] "Starting at: 2025-04-25 12:51:09"
[1] "Loading Links at: 2025-04-25 12:51:20"
[1] "quadkeys to download: 72"
[1] "Downloading and Joining footprints to Hex @ 2025-04-25 12:51:20"
[1] "Downloading Footprints for link 1 @ 2025-04-25 12:51:20.34845"
[1] "File Downloaded... unzipping... 2025-04-25 12:51:21.27816"
[1] "Reading in data and making spatial... 2025-04-25 12:51:21.50864"
[1] "Retrieving coordinates... 2025-04-25 12:51:23.172515"
[1] "Retrieving H3 Indexes for Buildings... 2025-04-25 12:51:23.178987"
[1] "Deleting Footprints... 2025-04-25 12:51:23.209918"
[1] "1 Files Succesfully Downloaded --- 2025-04-25 12:51:23"
[1] "Downloading Footprints for link 2 @ 2025-04-25 12:51:23.212636"
[1] "File Downloaded... unzipping... 2025-04-25 12:51:24.35325"
[1] "Reading in data and making spatial... 2025-04-25 12:51:25.552422"
[1] "Retrieving coordinates... 2025-04-25 12:51:27.003569"
[1] "Retrieving H3 Indexes for Buildings... 2025-04-25 12:51:27.014091"
[1] "Deleting Footprints... 2025-04-25 12:51:27.072592"
[1] "2 Files Succesfully Downloaded --- 2025-04-25 12:51:27"
[1] "Downloading Footprints for link 3 @ 2025-04-25 12:51:27.076855"
[1] "File Downloaded... unzipping... 2025-04-25 12:51:28.29861"
[1] "Reading in data and making spatial... 2025-04-25 12:51:28.430181"
[1] "Retrieving coordinates... 2025-04-25 12:51:30.276837"
[1] "Retrieving H3 Indexes for Buildings... 2025-04-25 12:51:30.290279"
[1] "Deleting Footprints... 2025-04-25 12:51:30.365479"
[1] "3 Files Succesfully Downloaded --- 2025-04-25 12:51:30"
[1] "Downloading Footprints for link 4 @ 2025-04-25 12:51:30.368568"
[1] "File Downloaded... unzipping... 2025-04-25 12:51:31.533333"
[1] "Reading in data and making spatial... 2025-04-25 12:51:31.628636"
[1] "Retrieving coordinates... 2025-04-25 12:51:33.117341"
[1] "Retrieving H3 Indexes for Buildings... 2025-04-25 12:51:33.125113"
[1] "Deleting Footprints... 2025-04-25 12:51:33.176049"
[1] "4 Files Succesfully Downloaded --- 2025-04-25 12:51:33"
[1] "Downloading Footprints for link 5 @ 2025-04-25 12:51:33.179302"
[1] "File Downloaded... unzipping... 2025-04-25 12:51:34.019124"
[1] "Reading in data and making spatial... 2025-04-25 12:51:34.25141"
[1] "Retrieving coordinates... 2025-04-25 12:51:34.785398"
[1] "Retrieving H3 Indexes for Buildings... 2025-04-25 12:51:34.788611"
[1] "Deleting Footprints... 2025-04-25 12:51:34.814755"
[1] "5 Files Succesfully Downloaded --- 2025-04-25 12:51:35"
[1] "Downloading Footprints for link 6 @ 2025-04-25 12:51:34.819324"
[1] "File Downloaded... unzipping... 2025-04-25 12:51:35.880502"
[1] "Reading in data and making spatial... 2025-04-25 12:51:36.007785"
[1] "Retrieving coordinates... 2025-04-25 12:51:36.85593"
[1] "Retrieving H3 Indexes for Buildings... 2025-04-25 12:51:36.861004"
[1] "Deleting Footprints... 2025-04-25 12:51:37.049423"
[1] "6 Files Succesfully Downloaded --- 2025-04-25 12:51:37"
[1] "Downloading Footprints for link 7 @ 2025-04-25 12:51:37.054704"
[1] "File Downloaded... unzipping... 2025-04-25 12:51:44.170952"
[1] "Reading in data and making spatial... 2025-04-25 12:51:44.303862"
[1] "Retrieving coordinates... 2025-04-25 12:51:45.535261"
[1] "Retrieving H3 Indexes for Buildings... 2025-04-25 12:51:45.542727"
[1] "Deleting Footprints... 2025-04-25 12:51:45.596454"
[1] "7 Files Succesfully Downloaded --- 2025-04-25 12:51:46"
[1] "Downloading Footprints for link 8 @ 2025-04-25 12:51:45.599948"
[1] "File Downloaded... unzipping... 2025-04-25 12:51:46.857272"
[1] "Reading in data and making spatial... 2025-04-25 12:51:47.016096"
[1] "Retrieving coordinates... 2025-04-25 12:51:49.398058"
[1] "Retrieving H3 Indexes for Buildings... 2025-04-25 12:51:49.410669"
[1] "Deleting Footprints... 2025-04-25 12:51:49.843573"
[1] "8 Files Succesfully Downloaded --- 2025-04-25 12:51:50"
[1] "Downloading Footprints for link 9 @ 2025-04-25 12:51:49.847543"
[1] "File Downloaded... unzipping... 2025-04-25 12:51:50.793777"
[1] "Reading in data and making spatial... 2025-04-25 12:51:50.916766"
[1] "Retrieving coordinates... 2025-04-25 12:51:51.780574"
[1] "Retrieving H3 Indexes for Buildings... 2025-04-25 12:51:51.785701"
[1] "Deleting Footprints... 2025-04-25 12:51:51.961177"
[1] "9 Files Succesfully Downloaded --- 2025-04-25 12:51:52"
[1] "Downloading Footprints for link 10 @ 2025-04-25 12:51:51.964936"
[1] "File Downloaded... unzipping... 2025-04-25 12:51:55.237324"
[1] "Reading in data and making spatial... 2025-04-25 12:51:55.343649"
[1] "Retrieving coordinates... 2025-04-25 12:51:57.141668"
[1] "Retrieving H3 Indexes for Buildings... 2025-04-25 12:51:57.150389"
[1] "Deleting Footprints... 2025-04-25 12:51:57.213009"
[1] "10 Files Succesfully Downloaded --- 2025-04-25 12:51:57"
[1] "Downloading Footprints for link 11 @ 2025-04-25 12:51:57.215744"
[1] "File Downloaded... unzipping... 2025-04-25 12:51:58.058614"
[1] "Reading in data and making spatial... 2025-04-25 12:51:58.145529"
[1] "Retrieving coordinates... 2025-04-25 12:51:58.510096"
[1] "Retrieving H3 Indexes for Buildings... 2025-04-25 12:51:58.512868"
[1] "Deleting Footprints... 2025-04-25 12:51:58.547339"
[1] "11 Files Succesfully Downloaded --- 2025-04-25 12:51:59"
[1] "Downloading Footprints for link 12 @ 2025-04-25 12:51:58.54928"
[1] "File Downloaded... unzipping... 2025-04-25 12:51:59.358218"
[1] "Reading in data and making spatial... 2025-04-25 12:51:59.592519"
[1] "Retrieving coordinates... 2025-04-25 12:51:59.8837"
[1] "Retrieving H3 Indexes for Buildings... 2025-04-25 12:51:59.885969"
[1] "Deleting Footprints... 2025-04-25 12:52:00.031046"
[1] "12 Files Succesfully Downloaded --- 2025-04-25 12:52:00"
[1] "Downloading Footprints for link 13 @ 2025-04-25 12:52:00.034947"
[1] "File Downloaded... unzipping... 2025-04-25 12:52:00.883774"
[1] "Reading in data and making spatial... 2025-04-25 12:52:00.943007"
[1] "Retrieving coordinates... 2025-04-25 12:52:01.228478"
[1] "Retrieving H3 Indexes for Buildings... 2025-04-25 12:52:01.23063"
[1] "Deleting Footprints... 2025-04-25 12:52:01.263905"
[1] "13 Files Succesfully Downloaded --- 2025-04-25 12:52:01"
[1] "Downloading Footprints for link 14 @ 2025-04-25 12:52:01.267653"
[1] "File Downloaded... unzipping... 2025-04-25 12:52:02.242076"
[1] "Reading in data and making spatial... 2025-04-25 12:52:02.420533"
[1] "Retrieving coordinates... 2025-04-25 12:52:03.081838"
[1] "Retrieving H3 Indexes for Buildings... 2025-04-25 12:52:03.085806"
[1] "Deleting Footprints... 2025-04-25 12:52:03.226511"
[1] "14 Files Succesfully Downloaded --- 2025-04-25 12:52:03"
[1] "Downloading Footprints for link 15 @ 2025-04-25 12:52:03.229317"
[1] "File Downloaded... unzipping... 2025-04-25 12:52:04.377842"
[1] "Reading in data and making spatial... 2025-04-25 12:52:04.469806"
[1] "Retrieving coordinates... 2025-04-25 12:52:05.700978"
[1] "Retrieving H3 Indexes for Buildings... 2025-04-25 12:52:05.707908"
[1] "Deleting Footprints... 2025-04-25 12:52:05.984184"
[1] "15 Files Succesfully Downloaded --- 2025-04-25 12:52:06"
[1] "Downloading Footprints for link 16 @ 2025-04-25 12:52:05.987864"
[1] "File Downloaded... unzipping... 2025-04-25 12:52:06.993777"
[1] "Reading in data and making spatial... 2025-04-25 12:52:07.067206"
[1] "Retrieving coordinates... 2025-04-25 12:52:07.924741"
[1] "Retrieving H3 Indexes for Buildings... 2025-04-25 12:52:07.930091"
[1] "Deleting Footprints... 2025-04-25 12:52:08.08443"
[1] "16 Files Succesfully Downloaded --- 2025-04-25 12:52:08"
[1] "Downloading Footprints for link 17 @ 2025-04-25 12:52:08.089246"
[1] "File Downloaded... unzipping... 2025-04-25 12:52:09.415831"
[1] "Reading in data and making spatial... 2025-04-25 12:52:09.589167"
[1] "Retrieving coordinates... 2025-04-25 12:52:14.216918"
[1] "Retrieving H3 Indexes for Buildings... 2025-04-25 12:52:14.23558"
[1] "Deleting Footprints... 2025-04-25 12:52:14.348583"
[1] "17 Files Succesfully Downloaded --- 2025-04-25 12:52:14"
[1] "Downloading Footprints for link 18 @ 2025-04-25 12:52:14.350821"
[1] "File Downloaded... unzipping... 2025-04-25 12:52:15.316027"
[1] "Reading in data and making spatial... 2025-04-25 12:52:15.416919"
[1] "Retrieving coordinates... 2025-04-25 12:52:16.346377"
[1] "Retrieving H3 Indexes for Buildings... 2025-04-25 12:52:16.352095"
[1] "Deleting Footprints... 2025-04-25 12:52:16.509008"
[1] "18 Files Succesfully Downloaded --- 2025-04-25 12:52:17"
[1] "Downloading Footprints for link 19 @ 2025-04-25 12:52:16.511228"
[1] "File Downloaded... unzipping... 2025-04-25 12:52:17.708161"
[1] "Reading in data and making spatial... 2025-04-25 12:52:17.793414"
[1] "Retrieving coordinates... 2025-04-25 12:52:18.993723"
[1] "Retrieving H3 Indexes for Buildings... 2025-04-25 12:52:19.00071"
[1] "Deleting Footprints... 2025-04-25 12:52:19.169967"
[1] "19 Files Succesfully Downloaded --- 2025-04-25 12:52:19"
[1] "Downloading Footprints for link 20 @ 2025-04-25 12:52:19.172585"
[1] "File Downloaded... unzipping... 2025-04-25 12:52:19.562053"
[1] "Reading in data and making spatial... 2025-04-25 12:52:19.596776"
[1] "Retrieving coordinates... 2025-04-25 12:52:19.64238"
[1] "Retrieving H3 Indexes for Buildings... 2025-04-25 12:52:19.642981"
[1] "Deleting Footprints... 2025-04-25 12:52:19.770736"
[1] "20 Files Succesfully Downloaded --- 2025-04-25 12:52:20"
[1] "Downloading Footprints for link 21 @ 2025-04-25 12:52:19.774101"
[1] "File Downloaded... unzipping... 2025-04-25 12:52:20.645402"
[1] "Reading in data and making spatial... 2025-04-25 12:52:20.832186"
[1] "Retrieving coordinates... 2025-04-25 12:52:21.503454"
[1] "Retrieving H3 Indexes for Buildings... 2025-04-25 12:52:21.506967"
[1] "Deleting Footprints... 2025-04-25 12:52:21.554718"
[1] "21 Files Succesfully Downloaded --- 2025-04-25 12:52:22"
[1] "Downloading Footprints for link 22 @ 2025-04-25 12:52:21.557209"
[1] "File Downloaded... unzipping... 2025-04-25 12:52:22.264535"
[1] "Reading in data and making spatial... 2025-04-25 12:52:22.332151"
[1] "Retrieving coordinates... 2025-04-25 12:52:22.662055"
[1] "Retrieving H3 Indexes for Buildings... 2025-04-25 12:52:22.664677"
[1] "Deleting Footprints... 2025-04-25 12:52:22.823435"
[1] "22 Files Succesfully Downloaded --- 2025-04-25 12:52:23"
[1] "Downloading Footprints for link 23 @ 2025-04-25 12:52:22.827523"
[1] "File Downloaded... unzipping... 2025-04-25 12:52:23.533661"
[1] "Reading in data and making spatial... 2025-04-25 12:52:23.974989"
[1] "Retrieving coordinates... 2025-04-25 12:52:24.809523"
[1] "Retrieving H3 Indexes for Buildings... 2025-04-25 12:52:24.812688"
[1] "Deleting Footprints... 2025-04-25 12:52:25.073081"
[1] "23 Files Succesfully Downloaded --- 2025-04-25 12:52:25"
[1] "Downloading Footprints for link 24 @ 2025-04-25 12:52:25.074202"
[1] "File Downloaded... unzipping... 2025-04-25 12:52:26.161635"
[1] "Reading in data and making spatial... 2025-04-25 12:52:26.253407"
[1] "Retrieving coordinates... 2025-04-25 12:52:27.912636"
[1] "Retrieving H3 Indexes for Buildings... 2025-04-25 12:52:27.921318"
[1] "Deleting Footprints... 2025-04-25 12:52:28.00705"
[1] "24 Files Succesfully Downloaded --- 2025-04-25 12:52:28"
[1] "Downloading Footprints for link 25 @ 2025-04-25 12:52:28.009908"
[1] "File Downloaded... unzipping... 2025-04-25 12:52:28.92884"
[1] "Reading in data and making spatial... 2025-04-25 12:52:29.265458"
[1] "Retrieving coordinates... 2025-04-25 12:52:29.658126"
[1] "Retrieving H3 Indexes for Buildings... 2025-04-25 12:52:29.661066"
[1] "Deleting Footprints... 2025-04-25 12:52:29.715492"
[1] "25 Files Succesfully Downloaded --- 2025-04-25 12:52:30"
[1] "Downloading Footprints for link 26 @ 2025-04-25 12:52:29.719232"
[1] "File Downloaded... unzipping... 2025-04-25 12:52:30.875137"
[1] "Reading in data and making spatial... 2025-04-25 12:52:31.494979"
[1] "Retrieving coordinates... 2025-04-25 12:52:32.693623"
[1] "Retrieving H3 Indexes for Buildings... 2025-04-25 12:52:32.701413"
[1] "Deleting Footprints... 2025-04-25 12:52:33.143469"
[1] "26 Files Succesfully Downloaded --- 2025-04-25 12:52:33"
[1] "Downloading Footprints for link 27 @ 2025-04-25 12:52:33.147109"
[1] "File Downloaded... unzipping... 2025-04-25 12:52:34.323087"
[1] "Reading in data and making spatial... 2025-04-25 12:52:34.559567"
[1] "Retrieving coordinates... 2025-04-25 12:52:36.037997"
[1] "Retrieving H3 Indexes for Buildings... 2025-04-25 12:52:36.04473"
[1] "Deleting Footprints... 2025-04-25 12:52:36.11913"
[1] "27 Files Succesfully Downloaded --- 2025-04-25 12:52:36"
[1] "Downloading Footprints for link 28 @ 2025-04-25 12:52:36.123804"
[1] "File Downloaded... unzipping... 2025-04-25 12:52:39.257836"
[1] "Reading in data and making spatial... 2025-04-25 12:52:39.811481"
[1] "Retrieving coordinates... 2025-04-25 12:52:40.999267"
[1] "Retrieving H3 Indexes for Buildings... 2025-04-25 12:52:41.006592"
[1] "Deleting Footprints... 2025-04-25 12:52:41.212045"
[1] "28 Files Succesfully Downloaded --- 2025-04-25 12:52:41"
[1] "Downloading Footprints for link 29 @ 2025-04-25 12:52:41.214794"
[1] "File Downloaded... unzipping... 2025-04-25 12:52:42.398822"
[1] "Reading in data and making spatial... 2025-04-25 12:52:42.53912"
[1] "Retrieving coordinates... 2025-04-25 12:52:44.493396"
[1] "Retrieving H3 Indexes for Buildings... 2025-04-25 12:52:44.506378"
[1] "Deleting Footprints... 2025-04-25 12:52:44.606484"
[1] "29 Files Succesfully Downloaded --- 2025-04-25 12:52:45"
[1] "Downloading Footprints for link 30 @ 2025-04-25 12:52:44.609898"
[1] "File Downloaded... unzipping... 2025-04-25 12:52:45.453544"
[1] "Reading in data and making spatial... 2025-04-25 12:52:45.661797"
[1] "Retrieving coordinates... 2025-04-25 12:52:45.995641"
[1] "Retrieving H3 Indexes for Buildings... 2025-04-25 12:52:45.997908"
[1] "Deleting Footprints... 2025-04-25 12:52:46.566787"
[1] "30 Files Succesfully Downloaded --- 2025-04-25 12:52:47"
[1] "Downloading Footprints for link 31 @ 2025-04-25 12:52:46.56768"
[1] "File Downloaded... unzipping... 2025-04-25 12:52:47.652647"
[1] "Reading in data and making spatial... 2025-04-25 12:52:48.1888"
[1] "Retrieving coordinates... 2025-04-25 12:52:49.22247"
[1] "Retrieving H3 Indexes for Buildings... 2025-04-25 12:52:49.230345"
[1] "Deleting Footprints... 2025-04-25 12:52:49.318088"
[1] "31 Files Succesfully Downloaded --- 2025-04-25 12:52:49"
[1] "Downloading Footprints for link 32 @ 2025-04-25 12:52:49.321935"
[1] "File Downloaded... unzipping... 2025-04-25 12:52:50.373276"
[1] "Reading in data and making spatial... 2025-04-25 12:52:50.56186"
[1] "Retrieving coordinates... 2025-04-25 12:52:51.266741"
[1] "Retrieving H3 Indexes for Buildings... 2025-04-25 12:52:51.271673"
[1] "Deleting Footprints... 2025-04-25 12:52:51.451864"
[1] "32 Files Succesfully Downloaded --- 2025-04-25 12:52:51"
[1] "Downloading Footprints for link 33 @ 2025-04-25 12:52:51.456488"
[1] "File Downloaded... unzipping... 2025-04-25 12:52:52.618688"
[1] "Reading in data and making spatial... 2025-04-25 12:52:53.133468"
[1] "Retrieving coordinates... 2025-04-25 12:52:55.756251"
[1] "Retrieving H3 Indexes for Buildings... 2025-04-25 12:52:55.769113"
[1] "Deleting Footprints... 2025-04-25 12:52:56.252096"
[1] "33 Files Succesfully Downloaded --- 2025-04-25 12:52:56"
[1] "Downloading Footprints for link 34 @ 2025-04-25 12:52:56.257708"
[1] "File Downloaded... unzipping... 2025-04-25 12:52:57.522181"
[1] "Reading in data and making spatial... 2025-04-25 12:52:57.670062"
[1] "Retrieving coordinates... 2025-04-25 12:52:59.970716"
[1] "Retrieving H3 Indexes for Buildings... 2025-04-25 12:52:59.984192"
[1] "Deleting Footprints... 2025-04-25 12:53:00.216335"
[1] "34 Files Succesfully Downloaded --- 2025-04-25 12:53:00"
[1] "Downloading Footprints for link 35 @ 2025-04-25 12:53:00.218751"
[1] "File Downloaded... unzipping... 2025-04-25 12:53:01.445216"
[1] "Reading in data and making spatial... 2025-04-25 12:53:02.151905"
[1] "Retrieving coordinates... 2025-04-25 12:53:03.553444"
[1] "Retrieving H3 Indexes for Buildings... 2025-04-25 12:53:03.561517"
[1] "Deleting Footprints... 2025-04-25 12:53:03.77865"
[1] "35 Files Succesfully Downloaded --- 2025-04-25 12:53:04"
[1] "Downloading Footprints for link 36 @ 2025-04-25 12:53:03.783069"
[1] "File Downloaded... unzipping... 2025-04-25 12:53:05.119109"
[1] "Reading in data and making spatial... 2025-04-25 12:53:05.955046"
[1] "Retrieving coordinates... 2025-04-25 12:53:10.059924"
[1] "Retrieving H3 Indexes for Buildings... 2025-04-25 12:53:10.080079"
[1] "Deleting Footprints... 2025-04-25 12:53:10.642489"
[1] "36 Files Succesfully Downloaded --- 2025-04-25 12:53:11"
[1] "Downloading Footprints for link 37 @ 2025-04-25 12:53:10.64636"
[1] "File Downloaded... unzipping... 2025-04-25 12:53:19.277825"
[1] "Reading in data and making spatial... 2025-04-25 12:53:19.403194"
[1] "Retrieving coordinates... 2025-04-25 12:53:22.234156"
[1] "Retrieving H3 Indexes for Buildings... 2025-04-25 12:53:22.24522"
[1] "Deleting Footprints... 2025-04-25 12:53:22.37711"
[1] "37 Files Succesfully Downloaded --- 2025-04-25 12:53:22"
[1] "Downloading Footprints for link 38 @ 2025-04-25 12:53:22.38101"
[1] "File Downloaded... unzipping... 2025-04-25 12:53:23.643912"
[1] "Reading in data and making spatial... 2025-04-25 12:53:23.888808"
[1] "Retrieving coordinates... 2025-04-25 12:53:28.762832"
[1] "Retrieving H3 Indexes for Buildings... 2025-04-25 12:53:28.781452"
[1] "Deleting Footprints... 2025-04-25 12:53:28.948126"
[1] "38 Files Succesfully Downloaded --- 2025-04-25 12:53:29"
[1] "Downloading Footprints for link 39 @ 2025-04-25 12:53:28.951128"
[1] "File Downloaded... unzipping... 2025-04-25 12:53:29.93382"
[1] "Reading in data and making spatial... 2025-04-25 12:53:29.998358"
[1] "Retrieving coordinates... 2025-04-25 12:53:30.799116"
[1] "Retrieving H3 Indexes for Buildings... 2025-04-25 12:53:30.802893"
[1] "Deleting Footprints... 2025-04-25 12:53:31.468009"
[1] "39 Files Succesfully Downloaded --- 2025-04-25 12:53:31"
[1] "Downloading Footprints for link 40 @ 2025-04-25 12:53:31.473356"
[1] "File Downloaded... unzipping... 2025-04-25 12:53:32.555114"
[1] "Reading in data and making spatial... 2025-04-25 12:53:32.622182"
[1] "Retrieving coordinates... 2025-04-25 12:53:33.505646"
[1] "Retrieving H3 Indexes for Buildings... 2025-04-25 12:53:33.511354"
[1] "Deleting Footprints... 2025-04-25 12:53:33.6063"
[1] "40 Files Succesfully Downloaded --- 2025-04-25 12:53:34"
[1] "Downloading Footprints for link 41 @ 2025-04-25 12:53:33.609587"
[1] "File Downloaded... unzipping... 2025-04-25 12:53:34.707726"
[1] "Reading in data and making spatial... 2025-04-25 12:53:34.892657"
[1] "Retrieving coordinates... 2025-04-25 12:53:36.221671"
[1] "Retrieving H3 Indexes for Buildings... 2025-04-25 12:53:36.227635"
[1] "Deleting Footprints... 2025-04-25 12:53:36.612684"
[1] "41 Files Succesfully Downloaded --- 2025-04-25 12:53:37"
[1] "Downloading Footprints for link 42 @ 2025-04-25 12:53:36.616534"
[1] "File Downloaded... unzipping... 2025-04-25 12:53:37.868758"
[1] "Reading in data and making spatial... 2025-04-25 12:53:37.996949"
[1] "Retrieving coordinates... 2025-04-25 12:53:40.336759"
[1] "Retrieving H3 Indexes for Buildings... 2025-04-25 12:53:40.347909"
[1] "Deleting Footprints... 2025-04-25 12:53:40.472263"
[1] "42 Files Succesfully Downloaded --- 2025-04-25 12:53:40"
[1] "Downloading Footprints for link 43 @ 2025-04-25 12:53:40.473128"
[1] "File Downloaded... unzipping... 2025-04-25 12:53:41.61693"
[1] "Reading in data and making spatial... 2025-04-25 12:53:41.781038"
[1] "Retrieving coordinates... 2025-04-25 12:53:44.582608"
[1] "Retrieving H3 Indexes for Buildings... 2025-04-25 12:53:44.593064"
[1] "Deleting Footprints... 2025-04-25 12:53:45.316364"
[1] "43 Files Succesfully Downloaded --- 2025-04-25 12:53:45"
[1] "Downloading Footprints for link 44 @ 2025-04-25 12:53:45.320673"
[1] "File Downloaded... unzipping... 2025-04-25 12:53:46.566365"
[1] "Reading in data and making spatial... 2025-04-25 12:53:46.884472"
[1] "Retrieving coordinates... 2025-04-25 12:53:51.006985"
[1] "Retrieving H3 Indexes for Buildings... 2025-04-25 12:53:51.127542"
[1] "Deleting Footprints... 2025-04-25 12:53:51.289393"
[1] "44 Files Succesfully Downloaded --- 2025-04-25 12:53:51"
[1] "Downloading Footprints for link 45 @ 2025-04-25 12:53:51.29333"
[1] "File Downloaded... unzipping... 2025-04-25 12:53:52.667765"
[1] "Reading in data and making spatial... 2025-04-25 12:53:52.971957"
[1] "Retrieving coordinates... 2025-04-25 12:53:58.200514"
[1] "Retrieving H3 Indexes for Buildings... 2025-04-25 12:53:58.32692"
[1] "Deleting Footprints... 2025-04-25 12:53:58.535991"
[1] "45 Files Succesfully Downloaded --- 2025-04-25 12:53:59"
[1] "Downloading Footprints for link 46 @ 2025-04-25 12:53:58.539373"
[1] "File Downloaded... unzipping... 2025-04-25 12:54:01.814335"
[1] "Reading in data and making spatial... 2025-04-25 12:54:02.269126"
[1] "Retrieving coordinates... 2025-04-25 12:54:10.675475"
[1] "Retrieving H3 Indexes for Buildings... 2025-04-25 12:54:10.713301"
[1] "Deleting Footprints... 2025-04-25 12:54:11.143586"
[1] "46 Files Succesfully Downloaded --- 2025-04-25 12:54:11"
[1] "Downloading Footprints for link 47 @ 2025-04-25 12:54:11.147615"
[1] "File Downloaded... unzipping... 2025-04-25 12:54:12.123056"
[1] "Reading in data and making spatial... 2025-04-25 12:54:12.260274"
[1] "Retrieving coordinates... 2025-04-25 12:54:13.46489"
[1] "Retrieving H3 Indexes for Buildings... 2025-04-25 12:54:13.469741"
[1] "Deleting Footprints... 2025-04-25 12:54:14.33583"
[1] "47 Files Succesfully Downloaded --- 2025-04-25 12:54:14"
[1] "Downloading Footprints for link 48 @ 2025-04-25 12:54:14.339602"
[1] "File Downloaded... unzipping... 2025-04-25 12:54:15.38886"
[1] "Reading in data and making spatial... 2025-04-25 12:54:15.478402"
[1] "Retrieving coordinates... 2025-04-25 12:54:16.151129"
[1] "Retrieving H3 Indexes for Buildings... 2025-04-25 12:54:16.156516"
[1] "Deleting Footprints... 2025-04-25 12:54:16.682158"
[1] "48 Files Succesfully Downloaded --- 2025-04-25 12:54:17"
[1] "Downloading Footprints for link 49 @ 2025-04-25 12:54:16.68642"
[1] "File Downloaded... unzipping... 2025-04-25 12:54:17.90652"
[1] "Reading in data and making spatial... 2025-04-25 12:54:18.014774"
[1] "Retrieving coordinates... 2025-04-25 12:54:19.350028"
[1] "Retrieving H3 Indexes for Buildings... 2025-04-25 12:54:19.359937"
[1] "Deleting Footprints... 2025-04-25 12:54:19.744382"
[1] "49 Files Succesfully Downloaded --- 2025-04-25 12:54:20"
[1] "Downloading Footprints for link 50 @ 2025-04-25 12:54:19.746185"
[1] "File Downloaded... unzipping... 2025-04-25 12:54:22.017025"
[1] "Reading in data and making spatial... 2025-04-25 12:54:23.176476"
[1] "Retrieving coordinates... 2025-04-25 12:54:31.127328"
[1] "Retrieving H3 Indexes for Buildings... 2025-04-25 12:54:31.167843"
[1] "Deleting Footprints... 2025-04-25 12:54:31.661042"
[1] "50 Files Succesfully Downloaded --- 2025-04-25 12:54:32"
[1] "Downloading Footprints for link 51 @ 2025-04-25 12:54:31.663917"
[1] "File Downloaded... unzipping... 2025-04-25 12:54:32.948316"
[1] "Reading in data and making spatial... 2025-04-25 12:54:33.145517"
[1] "Retrieving coordinates... 2025-04-25 12:54:37.244434"
[1] "Retrieving H3 Indexes for Buildings... 2025-04-25 12:54:37.26386"
[1] "Deleting Footprints... 2025-04-25 12:54:37.654642"
[1] "51 Files Succesfully Downloaded --- 2025-04-25 12:54:38"
[1] "Downloading Footprints for link 52 @ 2025-04-25 12:54:37.658633"
[1] "File Downloaded... unzipping... 2025-04-25 12:54:39.369493"
[1] "Reading in data and making spatial... 2025-04-25 12:54:40.394774"
[1] "Retrieving coordinates... 2025-04-25 12:54:50.818705"
[1] "Retrieving H3 Indexes for Buildings... 2025-04-25 12:54:50.880786"
[1] "Deleting Footprints... 2025-04-25 12:54:51.517925"
[1] "52 Files Succesfully Downloaded --- 2025-04-25 12:54:52"
[1] "Downloading Footprints for link 53 @ 2025-04-25 12:54:51.521809"
[1] "File Downloaded... unzipping... 2025-04-25 12:54:53.952543"
[1] "Reading in data and making spatial... 2025-04-25 12:54:54.623171"
[1] "Retrieving coordinates... 2025-04-25 12:55:08.253016"
[1] "Retrieving H3 Indexes for Buildings... 2025-04-25 12:55:08.31996"
[1] "Deleting Footprints... 2025-04-25 12:55:08.995892"
[1] "53 Files Succesfully Downloaded --- 2025-04-25 12:55:09"
[1] "Downloading Footprints for link 54 @ 2025-04-25 12:55:09.00043"
[1] "File Downloaded... unzipping... 2025-04-25 12:55:11.104884"
[1] "Reading in data and making spatial... 2025-04-25 12:55:11.952674"
[1] "Retrieving coordinates... 2025-04-25 12:55:28.917228"
[1] "Retrieving H3 Indexes for Buildings... 2025-04-25 12:55:28.99605"
[1] "Deleting Footprints... 2025-04-25 12:55:29.815358"
[1] "54 Files Succesfully Downloaded --- 2025-04-25 12:55:30"
[1] "Downloading Footprints for link 55 @ 2025-04-25 12:55:29.819576"
[1] "File Downloaded... unzipping... 2025-04-25 12:55:30.65266"
[1] "Reading in data and making spatial... 2025-04-25 12:55:30.727936"
[1] "Retrieving coordinates... 2025-04-25 12:55:31.112671"
[1] "Retrieving H3 Indexes for Buildings... 2025-04-25 12:55:31.115229"
[1] "Deleting Footprints... 2025-04-25 12:55:31.706863"
[1] "55 Files Succesfully Downloaded --- 2025-04-25 12:55:32"
[1] "Downloading Footprints for link 56 @ 2025-04-25 12:55:31.714936"
[1] "File Downloaded... unzipping... 2025-04-25 12:55:32.634131"
[1] "Reading in data and making spatial... 2025-04-25 12:55:32.747027"
[1] "Retrieving coordinates... 2025-04-25 12:55:33.414349"
[1] "Retrieving H3 Indexes for Buildings... 2025-04-25 12:55:33.418336"
[1] "Deleting Footprints... 2025-04-25 12:55:34.252458"
[1] "56 Files Succesfully Downloaded --- 2025-04-25 12:55:34"
[1] "Downloading Footprints for link 57 @ 2025-04-25 12:55:34.256711"
[1] "File Downloaded... unzipping... 2025-04-25 12:55:35.326498"
[1] "Reading in data and making spatial... 2025-04-25 12:55:35.417656"
[1] "Retrieving coordinates... 2025-04-25 12:55:36.412385"
[1] "Retrieving H3 Indexes for Buildings... 2025-04-25 12:55:36.419497"
[1] "Deleting Footprints... 2025-04-25 12:55:36.785549"
[1] "57 Files Succesfully Downloaded --- 2025-04-25 12:55:37"
[1] "Downloading Footprints for link 58 @ 2025-04-25 12:55:36.790094"
[1] "File Downloaded... unzipping... 2025-04-25 12:55:37.962359"
[1] "Reading in data and making spatial... 2025-04-25 12:55:38.066267"
[1] "Retrieving coordinates... 2025-04-25 12:55:39.373482"
[1] "Retrieving H3 Indexes for Buildings... 2025-04-25 12:55:39.382488"
[1] "Deleting Footprints... 2025-04-25 12:55:40.063257"
[1] "58 Files Succesfully Downloaded --- 2025-04-25 12:55:40"
[1] "Downloading Footprints for link 59 @ 2025-04-25 12:55:40.065809"
[1] "File Downloaded... unzipping... 2025-04-25 12:55:41.223352"
[1] "Reading in data and making spatial... 2025-04-25 12:55:41.445622"
[1] "Retrieving coordinates... 2025-04-25 12:55:43.179765"
[1] "Retrieving H3 Indexes for Buildings... 2025-04-25 12:55:43.189198"
[1] "Deleting Footprints... 2025-04-25 12:55:43.816721"
[1] "59 Files Succesfully Downloaded --- 2025-04-25 12:55:44"
[1] "Downloading Footprints for link 60 @ 2025-04-25 12:55:43.820983"
[1] "File Downloaded... unzipping... 2025-04-25 12:55:44.806251"
[1] "Reading in data and making spatial... 2025-04-25 12:55:44.943599"
[1] "Retrieving coordinates... 2025-04-25 12:55:45.36787"
[1] "Retrieving H3 Indexes for Buildings... 2025-04-25 12:55:45.371567"
[1] "Deleting Footprints... 2025-04-25 12:55:45.705675"
[1] "60 Files Succesfully Downloaded --- 2025-04-25 12:55:46"
[1] "Downloading Footprints for link 61 @ 2025-04-25 12:55:45.709358"
[1] "File Downloaded... unzipping... 2025-04-25 12:55:47.05092"
[1] "Reading in data and making spatial... 2025-04-25 12:55:47.247317"
[1] "Retrieving coordinates... 2025-04-25 12:55:50.703219"
[1] "Retrieving H3 Indexes for Buildings... 2025-04-25 12:55:50.72723"
[1] "Deleting Footprints... 2025-04-25 12:55:51.576641"
[1] "61 Files Succesfully Downloaded --- 2025-04-25 12:55:52"
[1] "Downloading Footprints for link 62 @ 2025-04-25 12:55:51.580437"
[1] "File Downloaded... unzipping... 2025-04-25 12:55:52.162133"
[1] "Reading in data and making spatial... 2025-04-25 12:55:52.19278"
[1] "Retrieving coordinates... 2025-04-25 12:55:52.321347"
[1] "Retrieving H3 Indexes for Buildings... 2025-04-25 12:55:52.322797"
[1] "Deleting Footprints... 2025-04-25 12:55:52.617035"
[1] "62 Files Succesfully Downloaded --- 2025-04-25 12:55:53"
[1] "Downloading Footprints for link 63 @ 2025-04-25 12:55:52.621036"
[1] "File Downloaded... unzipping... 2025-04-25 12:55:55.691772"
[1] "Reading in data and making spatial... 2025-04-25 12:55:56.007447"
[1] "Retrieving coordinates... 2025-04-25 12:56:01.786002"
[1] "Retrieving H3 Indexes for Buildings... 2025-04-25 12:56:01.819791"
[1] "Deleting Footprints... 2025-04-25 12:56:02.156267"
[1] "63 Files Succesfully Downloaded --- 2025-04-25 12:56:02"
[1] "Downloading Footprints for link 64 @ 2025-04-25 12:56:02.160939"
[1] "File Downloaded... unzipping... 2025-04-25 12:56:02.588676"
[1] "Reading in data and making spatial... 2025-04-25 12:56:02.615375"
[1] "Retrieving coordinates... 2025-04-25 12:56:02.666184"
[1] "Retrieving H3 Indexes for Buildings... 2025-04-25 12:56:02.666804"
[1] "Deleting Footprints... 2025-04-25 12:56:03.011014"
[1] "64 Files Succesfully Downloaded --- 2025-04-25 12:56:03"
[1] "Downloading Footprints for link 65 @ 2025-04-25 12:56:03.01524"
[1] "File Downloaded... unzipping... 2025-04-25 12:56:04.122702"
[1] "Reading in data and making spatial... 2025-04-25 12:56:04.368213"
[1] "Retrieving coordinates... 2025-04-25 12:56:05.656123"
[1] "Retrieving H3 Indexes for Buildings... 2025-04-25 12:56:05.663196"
[1] "Deleting Footprints... 2025-04-25 12:56:06.140306"
[1] "65 Files Succesfully Downloaded --- 2025-04-25 12:56:06"
[1] "Downloading Footprints for link 66 @ 2025-04-25 12:56:06.141089"
[1] "File Downloaded... unzipping... 2025-04-25 12:56:08.854045"
[1] "Reading in data and making spatial... 2025-04-25 12:56:09.417183"
[1] "Retrieving coordinates... 2025-04-25 12:56:16.881748"
[1] "Retrieving H3 Indexes for Buildings... 2025-04-25 12:56:16.924864"
[1] "Deleting Footprints... 2025-04-25 12:56:17.652805"
[1] "66 Files Succesfully Downloaded --- 2025-04-25 12:56:18"
[1] "Downloading Footprints for link 67 @ 2025-04-25 12:56:17.65852"
[1] "File Downloaded... unzipping... 2025-04-25 12:56:18.825325"
[1] "Reading in data and making spatial... 2025-04-25 12:56:18.948466"
[1] "Retrieving coordinates... 2025-04-25 12:56:21.201851"
[1] "Retrieving H3 Indexes for Buildings... 2025-04-25 12:56:21.212469"
[1] "Deleting Footprints... 2025-04-25 12:56:22.425035"
[1] "67 Files Succesfully Downloaded --- 2025-04-25 12:56:22"
[1] "Downloading Footprints for link 68 @ 2025-04-25 12:56:22.42968"
[1] "File Downloaded... unzipping... 2025-04-25 12:56:23.253221"
[1] "Reading in data and making spatial... 2025-04-25 12:56:23.331727"
[1] "Retrieving coordinates... 2025-04-25 12:56:23.675554"
[1] "Retrieving H3 Indexes for Buildings... 2025-04-25 12:56:23.67835"
[1] "Deleting Footprints... 2025-04-25 12:56:24.048445"
[1] "68 Files Succesfully Downloaded --- 2025-04-25 12:56:24"
[1] "Downloading Footprints for link 69 @ 2025-04-25 12:56:24.051373"
[1] "File Downloaded... unzipping... 2025-04-25 12:56:25.203931"
[1] "Reading in data and making spatial... 2025-04-25 12:56:25.453428"
[1] "Retrieving coordinates... 2025-04-25 12:56:26.754539"
[1] "Retrieving H3 Indexes for Buildings... 2025-04-25 12:56:26.763669"
[1] "Deleting Footprints... 2025-04-25 12:56:27.599819"
[1] "69 Files Succesfully Downloaded --- 2025-04-25 12:56:28"
[1] "Downloading Footprints for link 70 @ 2025-04-25 12:56:27.60362"
[1] "File Downloaded... unzipping... 2025-04-25 12:56:28.290916"
[1] "Reading in data and making spatial... 2025-04-25 12:56:28.328393"
[1] "Retrieving coordinates... 2025-04-25 12:56:28.432752"
[1] "Retrieving H3 Indexes for Buildings... 2025-04-25 12:56:28.43374"
[1] "Deleting Footprints... 2025-04-25 12:56:29.202254"
[1] "70 Files Succesfully Downloaded --- 2025-04-25 12:56:29"
[1] "Downloading Footprints for link 71 @ 2025-04-25 12:56:29.20416"
[1] "File Downloaded... unzipping... 2025-04-25 12:56:29.484144"
[1] "Reading in data and making spatial... 2025-04-25 12:56:29.508766"
[1] "Retrieving coordinates... 2025-04-25 12:56:29.521746"
[1] "Retrieving H3 Indexes for Buildings... 2025-04-25 12:56:29.522141"
[1] "Deleting Footprints... 2025-04-25 12:56:29.859361"
[1] "71 Files Succesfully Downloaded --- 2025-04-25 12:56:30"
[1] "Downloading Footprints for link 72 @ 2025-04-25 12:56:29.86335"
[1] "File Downloaded... unzipping... 2025-04-25 12:56:30.62468"
[1] "Reading in data and making spatial... 2025-04-25 12:56:30.661092"
[1] "Retrieving coordinates... 2025-04-25 12:56:31.056696"
[1] "Retrieving H3 Indexes for Buildings... 2025-04-25 12:56:31.059042"
[1] "Deleting Footprints... 2025-04-25 12:56:31.54465"
[1] "72 Files Succesfully Downloaded --- 2025-04-25 12:56:32"
[1] "SCRIPT COMPLETE @ 2025-04-25 12:56:35"
