[1] "Starting at: 2025-04-25 12:51:28"
[1] "Loading Links at: 2025-04-25 12:51:39"
[1] "quadkeys to download: 88"
[1] "Downloading and Joining footprints to Hex @ 2025-04-25 12:51:39"
[1] "Downloading Footprints for link 1 @ 2025-04-25 12:51:39.414205"
[1] "File Downloaded... unzipping... 2025-04-25 12:51:39.911704"
[1] "Reading in data and making spatial... 2025-04-25 12:51:39.945353"
[1] "Retrieving coordinates... 2025-04-25 12:51:40.058233"
[1] "Retrieving H3 Indexes for Buildings... 2025-04-25 12:51:40.059834"
[1] "Deleting Footprints... 2025-04-25 12:51:40.064329"
[1] "1 Files Succesfully Downloaded --- 2025-04-25 12:51:40"
[1] "Downloading Footprints for link 2 @ 2025-04-25 12:51:40.066027"
[1] "File Downloaded... unzipping... 2025-04-25 12:51:40.569159"
[1] "Reading in data and making spatial... 2025-04-25 12:51:40.973074"
[1] "Retrieving coordinates... 2025-04-25 12:51:41.026101"
[1] "Retrieving H3 Indexes for Buildings... 2025-04-25 12:51:41.026822"
[1] "Deleting Footprints... 2025-04-25 12:51:41.029501"
[1] "2 Files Succesfully Downloaded --- 2025-04-25 12:51:41"
[1] "Downloading Footprints for link 3 @ 2025-04-25 12:51:41.032394"
[1] "File Downloaded... unzipping... 2025-04-25 12:51:41.806854"
[1] "Reading in data and making spatial... 2025-04-25 12:51:41.847822"
[1] "Retrieving coordinates... 2025-04-25 12:51:42.74087"
[1] "Retrieving H3 Indexes for Buildings... 2025-04-25 12:51:42.743309"
[1] "Deleting Footprints... 2025-04-25 12:51:42.754681"
[1] "3 Files Succesfully Downloaded --- 2025-04-25 12:51:43"
[1] "Downloading Footprints for link 4 @ 2025-04-25 12:51:42.755845"
[1] "File Downloaded... unzipping... 2025-04-25 12:51:45.859158"
[1] "Reading in data and making spatial... 2025-04-25 12:51:45.99566"
[1] "Retrieving coordinates... 2025-04-25 12:51:46.575037"
[1] "Retrieving H3 Indexes for Buildings... 2025-04-25 12:51:46.578192"
[1] "Deleting Footprints... 2025-04-25 12:51:46.59315"
[1] "4 Files Succesfully Downloaded --- 2025-04-25 12:51:47"
[1] "Downloading Footprints for link 5 @ 2025-04-25 12:51:46.595393"
[1] "File Downloaded... unzipping... 2025-04-25 12:51:47.267536"
[1] "Reading in data and making spatial... 2025-04-25 12:51:48.165545"
[1] "Retrieving coordinates... 2025-04-25 12:51:48.291036"
[1] "Retrieving H3 Indexes for Buildings... 2025-04-25 12:51:48.292194"
[1] "Deleting Footprints... 2025-04-25 12:51:48.29827"
[1] "5 Files Succesfully Downloaded --- 2025-04-25 12:51:48"
[1] "Downloading Footprints for link 6 @ 2025-04-25 12:51:48.299725"
[1] "File Downloaded... unzipping... 2025-04-25 12:51:48.616412"
[1] "Reading in data and making spatial... 2025-04-25 12:51:48.637142"
[1] "Retrieving coordinates... 2025-04-25 12:51:48.659434"
[1] "Retrieving H3 Indexes for Buildings... 2025-04-25 12:51:48.659835"
[1] "Deleting Footprints... 2025-04-25 12:51:48.661883"
[1] "6 Files Succesfully Downloaded --- 2025-04-25 12:51:49"
[1] "Downloading Footprints for link 7 @ 2025-04-25 12:51:48.66338"
[1] "File Downloaded... unzipping... 2025-04-25 12:51:49.158971"
[1] "Reading in data and making spatial... 2025-04-25 12:51:49.183294"
[1] "Retrieving coordinates... 2025-04-25 12:51:49.228085"
[1] "Retrieving H3 Indexes for Buildings... 2025-04-25 12:51:49.228686"
[1] "Deleting Footprints... 2025-04-25 12:51:49.231541"
[1] "7 Files Succesfully Downloaded --- 2025-04-25 12:51:49"
[1] "Downloading Footprints for link 8 @ 2025-04-25 12:51:49.233776"
[1] "File Downloaded... unzipping... 2025-04-25 12:51:49.632326"
[1] "Reading in data and making spatial... 2025-04-25 12:51:49.652929"
[1] "Retrieving coordinates... 2025-04-25 12:51:49.679771"
[1] "Retrieving H3 Indexes for Buildings... 2025-04-25 12:51:49.68021"
[1] "Deleting Footprints... 2025-04-25 12:51:49.682527"
[1] "8 Files Succesfully Downloaded --- 2025-04-25 12:51:50"
[1] "Downloading Footprints for link 9 @ 2025-04-25 12:51:49.683661"
[1] "File Downloaded... unzipping... 2025-04-25 12:51:50.221743"
[1] "Reading in data and making spatial... 2025-04-25 12:51:50.24566"
[1] "Retrieving coordinates... 2025-04-25 12:51:50.30226"
[1] "Retrieving H3 Indexes for Buildings... 2025-04-25 12:51:50.302951"
[1] "Deleting Footprints... 2025-04-25 12:51:50.306691"
[1] "9 Files Succesfully Downloaded --- 2025-04-25 12:51:50"
[1] "Downloading Footprints for link 10 @ 2025-04-25 12:51:50.308545"
[1] "File Downloaded... unzipping... 2025-04-25 12:51:51.12716"
[1] "Reading in data and making spatial... 2025-04-25 12:51:51.19732"
[1] "Retrieving coordinates... 2025-04-25 12:51:51.540692"
[1] "Retrieving H3 Indexes for Buildings... 2025-04-25 12:51:51.543389"
[1] "Deleting Footprints... 2025-04-25 12:51:51.559082"
[1] "10 Files Succesfully Downloaded --- 2025-04-25 12:51:52"
[1] "Downloading Footprints for link 11 @ 2025-04-25 12:51:51.562142"
[1] "File Downloaded... unzipping... 2025-04-25 12:51:54.413332"
[1] "Reading in data and making spatial... 2025-04-25 12:51:54.433764"
[1] "Retrieving coordinates... 2025-04-25 12:51:54.455304"
[1] "Retrieving H3 Indexes for Buildings... 2025-04-25 12:51:54.455695"
[1] "Deleting Footprints... 2025-04-25 12:51:54.458391"
[1] "11 Files Succesfully Downloaded --- 2025-04-25 12:51:54"
[1] "Downloading Footprints for link 12 @ 2025-04-25 12:51:54.460078"
[1] "File Downloaded... unzipping... 2025-04-25 12:51:55.403229"
[1] "Reading in data and making spatial... 2025-04-25 12:51:55.786414"
[1] "Retrieving coordinates... 2025-04-25 12:51:56.260546"
[1] "Retrieving H3 Indexes for Buildings... 2025-04-25 12:51:56.263981"
[1] "Deleting Footprints... 2025-04-25 12:51:56.28524"
[1] "12 Files Succesfully Downloaded --- 2025-04-25 12:51:56"
[1] "Downloading Footprints for link 13 @ 2025-04-25 12:51:56.288498"
[1] "File Downloaded... unzipping... 2025-04-25 12:51:56.804116"
[1] "Reading in data and making spatial... 2025-04-25 12:51:56.828253"
[1] "Retrieving coordinates... 2025-04-25 12:51:56.887712"
[1] "Retrieving H3 Indexes for Buildings... 2025-04-25 12:51:56.888398"
[1] "Deleting Footprints... 2025-04-25 12:51:56.893675"
[1] "13 Files Succesfully Downloaded --- 2025-04-25 12:51:57"
[1] "Downloading Footprints for link 14 @ 2025-04-25 12:51:56.895663"
[1] "File Downloaded... unzipping... 2025-04-25 12:51:57.35227"
[1] "Reading in data and making spatial... 2025-04-25 12:51:57.374809"
[1] "Retrieving coordinates... 2025-04-25 12:51:57.421729"
[1] "Retrieving H3 Indexes for Buildings... 2025-04-25 12:51:57.422329"
[1] "Deleting Footprints... 2025-04-25 12:51:57.427084"
[1] "14 Files Succesfully Downloaded --- 2025-04-25 12:51:57"
[1] "Downloading Footprints for link 15 @ 2025-04-25 12:51:57.430089"
[1] "File Downloaded... unzipping... 2025-04-25 12:51:57.844161"
[1] "Reading in data and making spatial... 2025-04-25 12:51:57.865767"
[1] "Retrieving coordinates... 2025-04-25 12:51:57.906005"
[1] "Retrieving H3 Indexes for Buildings... 2025-04-25 12:51:57.906543"
[1] "Deleting Footprints... 2025-04-25 12:51:57.911086"
[1] "15 Files Succesfully Downloaded --- 2025-04-25 12:51:58"
[1] "Downloading Footprints for link 16 @ 2025-04-25 12:51:57.913897"
[1] "File Downloaded... unzipping... 2025-04-25 12:51:58.449494"
[1] "Reading in data and making spatial... 2025-04-25 12:51:58.474797"
[1] "Retrieving coordinates... 2025-04-25 12:51:58.552247"
[1] "Retrieving H3 Indexes for Buildings... 2025-04-25 12:51:58.553097"
[1] "Deleting Footprints... 2025-04-25 12:51:58.559275"
[1] "16 Files Succesfully Downloaded --- 2025-04-25 12:51:59"
[1] "Downloading Footprints for link 17 @ 2025-04-25 12:51:58.562926"
[1] "File Downloaded... unzipping... 2025-04-25 12:51:59.321196"
[1] "Reading in data and making spatial... 2025-04-25 12:51:59.360885"
[1] "Retrieving coordinates... 2025-04-25 12:51:59.594348"
[1] "Retrieving H3 Indexes for Buildings... 2025-04-25 12:51:59.596249"
[1] "Deleting Footprints... 2025-04-25 12:51:59.608862"
[1] "17 Files Succesfully Downloaded --- 2025-04-25 12:52:00"
[1] "Downloading Footprints for link 18 @ 2025-04-25 12:51:59.611129"
[1] "File Downloaded... unzipping... 2025-04-25 12:52:00.311873"
[1] "Reading in data and making spatial... 2025-04-25 12:52:00.341763"
[1] "Retrieving coordinates... 2025-04-25 12:52:00.607351"
[1] "Retrieving H3 Indexes for Buildings... 2025-04-25 12:52:00.608982"
[1] "Deleting Footprints... 2025-04-25 12:52:00.620927"
[1] "18 Files Succesfully Downloaded --- 2025-04-25 12:52:01"
[1] "Downloading Footprints for link 19 @ 2025-04-25 12:52:00.62413"
[1] "File Downloaded... unzipping... 2025-04-25 12:52:01.19014"
[1] "Reading in data and making spatial... 2025-04-25 12:52:01.220912"
[1] "Retrieving coordinates... 2025-04-25 12:52:01.369262"
[1] "Retrieving H3 Indexes for Buildings... 2025-04-25 12:52:01.370593"
[1] "Deleting Footprints... 2025-04-25 12:52:01.380225"
[1] "19 Files Succesfully Downloaded --- 2025-04-25 12:52:01"
[1] "Downloading Footprints for link 20 @ 2025-04-25 12:52:01.38311"
[1] "File Downloaded... unzipping... 2025-04-25 12:52:01.765742"
[1] "Reading in data and making spatial... 2025-04-25 12:52:01.789295"
[1] "Retrieving coordinates... 2025-04-25 12:52:01.825616"
[1] "Retrieving H3 Indexes for Buildings... 2025-04-25 12:52:01.826125"
[1] "Deleting Footprints... 2025-04-25 12:52:01.831503"
[1] "20 Files Succesfully Downloaded --- 2025-04-25 12:52:02"
[1] "Downloading Footprints for link 21 @ 2025-04-25 12:52:01.832373"
[1] "File Downloaded... unzipping... 2025-04-25 12:52:02.340422"
[1] "Reading in data and making spatial... 2025-04-25 12:52:02.367543"
[1] "Retrieving coordinates... 2025-04-25 12:52:02.433995"
[1] "Retrieving H3 Indexes for Buildings... 2025-04-25 12:52:02.434709"
[1] "Deleting Footprints... 2025-04-25 12:52:02.441115"
[1] "21 Files Succesfully Downloaded --- 2025-04-25 12:52:02"
[1] "Downloading Footprints for link 22 @ 2025-04-25 12:52:02.443202"
[1] "File Downloaded... unzipping... 2025-04-25 12:52:03.069516"
[1] "Reading in data and making spatial... 2025-04-25 12:52:03.103106"
[1] "Retrieving coordinates... 2025-04-25 12:52:03.282619"
[1] "Retrieving H3 Indexes for Buildings... 2025-04-25 12:52:03.284193"
[1] "Deleting Footprints... 2025-04-25 12:52:03.296129"
[1] "22 Files Succesfully Downloaded --- 2025-04-25 12:52:03"
[1] "Downloading Footprints for link 23 @ 2025-04-25 12:52:03.299415"
[1] "File Downloaded... unzipping... 2025-04-25 12:52:03.760314"
[1] "Reading in data and making spatial... 2025-04-25 12:52:03.785572"
[1] "Retrieving coordinates... 2025-04-25 12:52:03.846004"
[1] "Retrieving H3 Indexes for Buildings... 2025-04-25 12:52:03.846678"
[1] "Deleting Footprints... 2025-04-25 12:52:03.853388"
[1] "23 Files Succesfully Downloaded --- 2025-04-25 12:52:04"
[1] "Downloading Footprints for link 24 @ 2025-04-25 12:52:03.855259"
[1] "File Downloaded... unzipping... 2025-04-25 12:52:04.27625"
[1] "Reading in data and making spatial... 2025-04-25 12:52:04.302161"
[1] "Retrieving coordinates... 2025-04-25 12:52:04.335776"
[1] "Retrieving H3 Indexes for Buildings... 2025-04-25 12:52:04.336267"
[1] "Deleting Footprints... 2025-04-25 12:52:04.341749"
[1] "24 Files Succesfully Downloaded --- 2025-04-25 12:52:04"
[1] "Downloading Footprints for link 25 @ 2025-04-25 12:52:04.345621"
[1] "File Downloaded... unzipping... 2025-04-25 12:52:04.634584"
[1] "Reading in data and making spatial... 2025-04-25 12:52:04.657991"
[1] "Retrieving coordinates... 2025-04-25 12:52:04.675717"
[1] "Retrieving H3 Indexes for Buildings... 2025-04-25 12:52:04.676099"
[1] "Deleting Footprints... 2025-04-25 12:52:04.680968"
[1] "25 Files Succesfully Downloaded --- 2025-04-25 12:52:05"
[1] "Downloading Footprints for link 26 @ 2025-04-25 12:52:04.682558"
[1] "File Downloaded... unzipping... 2025-04-25 12:52:05.14314"
[1] "Reading in data and making spatial... 2025-04-25 12:52:05.170748"
[1] "Retrieving coordinates... 2025-04-25 12:52:05.251478"
[1] "Retrieving H3 Indexes for Buildings... 2025-04-25 12:52:05.252314"
[1] "Deleting Footprints... 2025-04-25 12:52:05.260009"
[1] "26 Files Succesfully Downloaded --- 2025-04-25 12:52:05"
[1] "Downloading Footprints for link 27 @ 2025-04-25 12:52:05.262486"
[1] "File Downloaded... unzipping... 2025-04-25 12:52:06.027962"
[1] "Reading in data and making spatial... 2025-04-25 12:52:06.072659"
[1] "Retrieving coordinates... 2025-04-25 12:52:06.434434"
[1] "Retrieving H3 Indexes for Buildings... 2025-04-25 12:52:06.437272"
[1] "Deleting Footprints... 2025-04-25 12:52:06.457543"
[1] "27 Files Succesfully Downloaded --- 2025-04-25 12:52:06"
[1] "Downloading Footprints for link 28 @ 2025-04-25 12:52:06.461063"
[1] "File Downloaded... unzipping... 2025-04-25 12:52:06.791846"
[1] "Reading in data and making spatial... 2025-04-25 12:52:06.815904"
[1] "Retrieving coordinates... 2025-04-25 12:52:06.851422"
[1] "Retrieving H3 Indexes for Buildings... 2025-04-25 12:52:06.851926"
[1] "Deleting Footprints... 2025-04-25 12:52:06.858272"
[1] "28 Files Succesfully Downloaded --- 2025-04-25 12:52:07"
[1] "Downloading Footprints for link 29 @ 2025-04-25 12:52:06.860175"
[1] "File Downloaded... unzipping... 2025-04-25 12:52:07.212533"
[1] "Reading in data and making spatial... 2025-04-25 12:52:07.23877"
[1] "Retrieving coordinates... 2025-04-25 12:52:07.270729"
[1] "Retrieving H3 Indexes for Buildings... 2025-04-25 12:52:07.271241"
[1] "Deleting Footprints... 2025-04-25 12:52:07.361997"
[1] "29 Files Succesfully Downloaded --- 2025-04-25 12:52:07"
[1] "Downloading Footprints for link 30 @ 2025-04-25 12:52:07.3657"
[1] "File Downloaded... unzipping... 2025-04-25 12:52:07.861314"
[1] "Reading in data and making spatial... 2025-04-25 12:52:07.88578"
[1] "Retrieving coordinates... 2025-04-25 12:52:07.954129"
[1] "Retrieving H3 Indexes for Buildings... 2025-04-25 12:52:07.954862"
[1] "Deleting Footprints... 2025-04-25 12:52:07.962679"
[1] "30 Files Succesfully Downloaded --- 2025-04-25 12:52:08"
[1] "Downloading Footprints for link 31 @ 2025-04-25 12:52:07.965796"
[1] "File Downloaded... unzipping... 2025-04-25 12:52:08.312748"
[1] "Reading in data and making spatial... 2025-04-25 12:52:08.334715"
[1] "Retrieving coordinates... 2025-04-25 12:52:08.354992"
[1] "Retrieving H3 Indexes for Buildings... 2025-04-25 12:52:08.355378"
[1] "Deleting Footprints... 2025-04-25 12:52:08.3614"
[1] "31 Files Succesfully Downloaded --- 2025-04-25 12:52:08"
[1] "Downloading Footprints for link 32 @ 2025-04-25 12:52:08.363358"
[1] "File Downloaded... unzipping... 2025-04-25 12:52:09.141689"
[1] "Reading in data and making spatial... 2025-04-25 12:52:09.193571"
[1] "Retrieving coordinates... 2025-04-25 12:52:09.49589"
[1] "Retrieving H3 Indexes for Buildings... 2025-04-25 12:52:09.498093"
[1] "Deleting Footprints... 2025-04-25 12:52:09.515127"
[1] "32 Files Succesfully Downloaded --- 2025-04-25 12:52:10"
[1] "Downloading Footprints for link 33 @ 2025-04-25 12:52:09.517106"
[1] "File Downloaded... unzipping... 2025-04-25 12:52:09.765308"
[1] "Reading in data and making spatial... 2025-04-25 12:52:09.78964"
[1] "Retrieving coordinates... 2025-04-25 12:52:09.80644"
[1] "Retrieving H3 Indexes for Buildings... 2025-04-25 12:52:09.806834"
[1] "Deleting Footprints... 2025-04-25 12:52:09.813002"
[1] "33 Files Succesfully Downloaded --- 2025-04-25 12:52:10"
[1] "Downloading Footprints for link 34 @ 2025-04-25 12:52:09.814433"
[1] "File Downloaded... unzipping... 2025-04-25 12:52:10.131817"
[1] "Reading in data and making spatial... 2025-04-25 12:52:10.156064"
[1] "Retrieving coordinates... 2025-04-25 12:52:10.186399"
[1] "Retrieving H3 Indexes for Buildings... 2025-04-25 12:52:10.186922"
[1] "Deleting Footprints... 2025-04-25 12:52:10.193705"
[1] "34 Files Succesfully Downloaded --- 2025-04-25 12:52:10"
[1] "Downloading Footprints for link 35 @ 2025-04-25 12:52:10.202869"
[1] "File Downloaded... unzipping... 2025-04-25 12:52:10.452226"
[1] "Reading in data and making spatial... 2025-04-25 12:52:10.475994"
[1] "Retrieving coordinates... 2025-04-25 12:52:10.495896"
[1] "Retrieving H3 Indexes for Buildings... 2025-04-25 12:52:10.496316"
[1] "Deleting Footprints... 2025-04-25 12:52:10.502711"
[1] "35 Files Succesfully Downloaded --- 2025-04-25 12:52:11"
[1] "Downloading Footprints for link 36 @ 2025-04-25 12:52:10.504175"
[1] "File Downloaded... unzipping... 2025-04-25 12:52:11.184331"
[1] "Reading in data and making spatial... 2025-04-25 12:52:11.351209"
[1] "Retrieving coordinates... 2025-04-25 12:52:11.736018"
[1] "Retrieving H3 Indexes for Buildings... 2025-04-25 12:52:11.739072"
[1] "Deleting Footprints... 2025-04-25 12:52:11.761877"
[1] "36 Files Succesfully Downloaded --- 2025-04-25 12:52:12"
[1] "Downloading Footprints for link 37 @ 2025-04-25 12:52:11.763662"
[1] "File Downloaded... unzipping... 2025-04-25 12:52:12.295553"
[1] "Reading in data and making spatial... 2025-04-25 12:52:12.321873"
[1] "Retrieving coordinates... 2025-04-25 12:52:12.442931"
[1] "Retrieving H3 Indexes for Buildings... 2025-04-25 12:52:12.444097"
[1] "Deleting Footprints... 2025-04-25 12:52:12.45604"
[1] "37 Files Succesfully Downloaded --- 2025-04-25 12:52:12"
[1] "Downloading Footprints for link 38 @ 2025-04-25 12:52:12.457791"
[1] "File Downloaded... unzipping... 2025-04-25 12:52:12.831198"
[1] "Reading in data and making spatial... 2025-04-25 12:52:12.853141"
[1] "Retrieving coordinates... 2025-04-25 12:52:12.888185"
[1] "Retrieving H3 Indexes for Buildings... 2025-04-25 12:52:12.88869"
[1] "Deleting Footprints... 2025-04-25 12:52:12.980238"
[1] "38 Files Succesfully Downloaded --- 2025-04-25 12:52:13"
[1] "Downloading Footprints for link 39 @ 2025-04-25 12:52:12.98317"
[1] "File Downloaded... unzipping... 2025-04-25 12:52:13.589815"
[1] "Reading in data and making spatial... 2025-04-25 12:52:13.617198"
[1] "Retrieving coordinates... 2025-04-25 12:52:13.70212"
[1] "Retrieving H3 Indexes for Buildings... 2025-04-25 12:52:13.702941"
[1] "Deleting Footprints... 2025-04-25 12:52:13.712852"
[1] "39 Files Succesfully Downloaded --- 2025-04-25 12:52:14"
[1] "Downloading Footprints for link 40 @ 2025-04-25 12:52:13.715045"
[1] "File Downloaded... unzipping... 2025-04-25 12:52:14.131784"
[1] "Reading in data and making spatial... 2025-04-25 12:52:14.162117"
[1] "Retrieving coordinates... 2025-04-25 12:52:14.202434"
[1] "Retrieving H3 Indexes for Buildings... 2025-04-25 12:52:14.20299"
[1] "Deleting Footprints... 2025-04-25 12:52:14.211942"
[1] "40 Files Succesfully Downloaded --- 2025-04-25 12:52:14"
[1] "Downloading Footprints for link 41 @ 2025-04-25 12:52:14.214968"
[1] "File Downloaded... unzipping... 2025-04-25 12:52:14.542594"
[1] "Reading in data and making spatial... 2025-04-25 12:52:14.566249"
[1] "Retrieving coordinates... 2025-04-25 12:52:14.595332"
[1] "Retrieving H3 Indexes for Buildings... 2025-04-25 12:52:14.59581"
[1] "Deleting Footprints... 2025-04-25 12:52:14.603755"
[1] "41 Files Succesfully Downloaded --- 2025-04-25 12:52:15"
[1] "Downloading Footprints for link 42 @ 2025-04-25 12:52:14.605749"
[1] "File Downloaded... unzipping... 2025-04-25 12:52:14.869686"
[1] "Reading in data and making spatial... 2025-04-25 12:52:14.893294"
[1] "Retrieving coordinates... 2025-04-25 12:52:14.913061"
[1] "Retrieving H3 Indexes for Buildings... 2025-04-25 12:52:14.913479"
[1] "Deleting Footprints... 2025-04-25 12:52:14.92099"
[1] "42 Files Succesfully Downloaded --- 2025-04-25 12:52:15"
[1] "Downloading Footprints for link 43 @ 2025-04-25 12:52:14.922771"
[1] "File Downloaded... unzipping... 2025-04-25 12:52:15.171145"
[1] "Reading in data and making spatial... 2025-04-25 12:52:15.194522"
[1] "Retrieving coordinates... 2025-04-25 12:52:15.20997"
[1] "Retrieving H3 Indexes for Buildings... 2025-04-25 12:52:15.21037"
[1] "Deleting Footprints... 2025-04-25 12:52:15.217615"
[1] "43 Files Succesfully Downloaded --- 2025-04-25 12:52:15"
[1] "Downloading Footprints for link 44 @ 2025-04-25 12:52:15.220984"
[1] "File Downloaded... unzipping... 2025-04-25 12:52:15.670528"
[1] "Reading in data and making spatial... 2025-04-25 12:52:15.838134"
[1] "Retrieving coordinates... 2025-04-25 12:52:15.890914"
[1] "Retrieving H3 Indexes for Buildings... 2025-04-25 12:52:15.891563"
[1] "Deleting Footprints... 2025-04-25 12:52:15.900143"
[1] "44 Files Succesfully Downloaded --- 2025-04-25 12:52:16"
[1] "Downloading Footprints for link 45 @ 2025-04-25 12:52:15.902107"
[1] "File Downloaded... unzipping... 2025-04-25 12:52:16.600711"
[1] "Reading in data and making spatial... 2025-04-25 12:52:16.638042"
[1] "Retrieving coordinates... 2025-04-25 12:52:16.857708"
[1] "Retrieving H3 Indexes for Buildings... 2025-04-25 12:52:16.860047"
[1] "Deleting Footprints... 2025-04-25 12:52:16.877006"
[1] "45 Files Succesfully Downloaded --- 2025-04-25 12:52:17"
[1] "Downloading Footprints for link 46 @ 2025-04-25 12:52:16.879092"
[1] "File Downloaded... unzipping... 2025-04-25 12:52:17.503796"
[1] "Reading in data and making spatial... 2025-04-25 12:52:17.540705"
[1] "Retrieving coordinates... 2025-04-25 12:52:17.696953"
[1] "Retrieving H3 Indexes for Buildings... 2025-04-25 12:52:17.698253"
[1] "Deleting Footprints... 2025-04-25 12:52:17.808044"
[1] "46 Files Succesfully Downloaded --- 2025-04-25 12:52:18"
[1] "Downloading Footprints for link 47 @ 2025-04-25 12:52:17.81045"
[1] "File Downloaded... unzipping... 2025-04-25 12:52:18.12957"
[1] "Reading in data and making spatial... 2025-04-25 12:52:18.155913"
[1] "Retrieving coordinates... 2025-04-25 12:52:18.197551"
[1] "Retrieving H3 Indexes for Buildings... 2025-04-25 12:52:18.198139"
[1] "Deleting Footprints... 2025-04-25 12:52:18.206837"
[1] "47 Files Succesfully Downloaded --- 2025-04-25 12:52:18"
[1] "Downloading Footprints for link 48 @ 2025-04-25 12:52:18.209138"
[1] "File Downloaded... unzipping... 2025-04-25 12:52:18.679699"
[1] "Reading in data and making spatial... 2025-04-25 12:52:18.709436"
[1] "Retrieving coordinates... 2025-04-25 12:52:18.857782"
[1] "Retrieving H3 Indexes for Buildings... 2025-04-25 12:52:18.85896"
[1] "Deleting Footprints... 2025-04-25 12:52:18.871805"
[1] "48 Files Succesfully Downloaded --- 2025-04-25 12:52:19"
[1] "Downloading Footprints for link 49 @ 2025-04-25 12:52:18.872572"
[1] "File Downloaded... unzipping... 2025-04-25 12:52:19.229382"
[1] "Reading in data and making spatial... 2025-04-25 12:52:19.251352"
[1] "Retrieving coordinates... 2025-04-25 12:52:19.276705"
[1] "Retrieving H3 Indexes for Buildings... 2025-04-25 12:52:19.277123"
[1] "Deleting Footprints... 2025-04-25 12:52:19.285802"
[1] "49 Files Succesfully Downloaded --- 2025-04-25 12:52:19"
[1] "Downloading Footprints for link 50 @ 2025-04-25 12:52:19.288755"
[1] "File Downloaded... unzipping... 2025-04-25 12:52:19.54221"
[1] "Reading in data and making spatial... 2025-04-25 12:52:19.563374"
[1] "Retrieving coordinates... 2025-04-25 12:52:19.58124"
[1] "Retrieving H3 Indexes for Buildings... 2025-04-25 12:52:19.581618"
[1] "Deleting Footprints... 2025-04-25 12:52:19.58997"
[1] "50 Files Succesfully Downloaded --- 2025-04-25 12:52:20"
[1] "Downloading Footprints for link 51 @ 2025-04-25 12:52:19.592124"
[1] "File Downloaded... unzipping... 2025-04-25 12:52:20.044967"
[1] "Reading in data and making spatial... 2025-04-25 12:52:20.06876"
[1] "Retrieving coordinates... 2025-04-25 12:52:20.111242"
[1] "Retrieving H3 Indexes for Buildings... 2025-04-25 12:52:20.111801"
[1] "Deleting Footprints... 2025-04-25 12:52:20.121786"
[1] "51 Files Succesfully Downloaded --- 2025-04-25 12:52:20"
[1] "Downloading Footprints for link 52 @ 2025-04-25 12:52:20.123915"
[1] "File Downloaded... unzipping... 2025-04-25 12:52:20.400961"
[1] "Reading in data and making spatial... 2025-04-25 12:52:20.431468"
[1] "Retrieving coordinates... 2025-04-25 12:52:20.452427"
[1] "Retrieving H3 Indexes for Buildings... 2025-04-25 12:52:20.452821"
[1] "Deleting Footprints... 2025-04-25 12:52:20.462583"
[1] "52 Files Succesfully Downloaded --- 2025-04-25 12:52:20"
[1] "Downloading Footprints for link 53 @ 2025-04-25 12:52:20.46444"
[1] "File Downloaded... unzipping... 2025-04-25 12:52:20.966809"
[1] "Reading in data and making spatial... 2025-04-25 12:52:20.992446"
[1] "Retrieving coordinates... 2025-04-25 12:52:21.046258"
[1] "Retrieving H3 Indexes for Buildings... 2025-04-25 12:52:21.046884"
[1] "Deleting Footprints... 2025-04-25 12:52:21.060913"
[1] "53 Files Succesfully Downloaded --- 2025-04-25 12:52:21"
[1] "Downloading Footprints for link 54 @ 2025-04-25 12:52:21.062931"
[1] "File Downloaded... unzipping... 2025-04-25 12:52:21.563714"
[1] "Reading in data and making spatial... 2025-04-25 12:52:21.68475"
[1] "Retrieving coordinates... 2025-04-25 12:52:21.788204"
[1] "Retrieving H3 Indexes for Buildings... 2025-04-25 12:52:21.789196"
[1] "Deleting Footprints... 2025-04-25 12:52:21.801266"
[1] "54 Files Succesfully Downloaded --- 2025-04-25 12:52:22"
[1] "Downloading Footprints for link 55 @ 2025-04-25 12:52:21.804959"
[1] "File Downloaded... unzipping... 2025-04-25 12:52:22.221122"
[1] "Reading in data and making spatial... 2025-04-25 12:52:22.246323"
[1] "Retrieving coordinates... 2025-04-25 12:52:22.304687"
[1] "Retrieving H3 Indexes for Buildings... 2025-04-25 12:52:22.305384"
[1] "Deleting Footprints... 2025-04-25 12:52:22.3156"
[1] "55 Files Succesfully Downloaded --- 2025-04-25 12:52:22"
[1] "Downloading Footprints for link 56 @ 2025-04-25 12:52:22.317855"
[1] "File Downloaded... unzipping... 2025-04-25 12:52:22.654558"
[1] "Reading in data and making spatial... 2025-04-25 12:52:22.679147"
[1] "Retrieving coordinates... 2025-04-25 12:52:22.71183"
[1] "Retrieving H3 Indexes for Buildings... 2025-04-25 12:52:22.712338"
[1] "Deleting Footprints... 2025-04-25 12:52:22.72159"
[1] "56 Files Succesfully Downloaded --- 2025-04-25 12:52:23"
[1] "Downloading Footprints for link 57 @ 2025-04-25 12:52:22.723388"
[1] "File Downloaded... unzipping... 2025-04-25 12:52:23.638113"
[1] "Reading in data and making spatial... 2025-04-25 12:52:23.698393"
[1] "Retrieving coordinates... 2025-04-25 12:52:24.581243"
[1] "Retrieving H3 Indexes for Buildings... 2025-04-25 12:52:24.587271"
[1] "Deleting Footprints... 2025-04-25 12:52:24.630129"
[1] "57 Files Succesfully Downloaded --- 2025-04-25 12:52:25"
[1] "Downloading Footprints for link 58 @ 2025-04-25 12:52:24.632728"
[1] "File Downloaded... unzipping... 2025-04-25 12:52:24.990842"
[1] "Reading in data and making spatial... 2025-04-25 12:52:25.025493"
[1] "Retrieving coordinates... 2025-04-25 12:52:25.187525"
[1] "Retrieving H3 Indexes for Buildings... 2025-04-25 12:52:25.188189"
[1] "Deleting Footprints... 2025-04-25 12:52:25.1994"
[1] "58 Files Succesfully Downloaded --- 2025-04-25 12:52:25"
[1] "Downloading Footprints for link 59 @ 2025-04-25 12:52:25.203373"
[1] "File Downloaded... unzipping... 2025-04-25 12:52:25.938766"
[1] "Reading in data and making spatial... 2025-04-25 12:52:25.977193"
[1] "Retrieving coordinates... 2025-04-25 12:52:26.180311"
[1] "Retrieving H3 Indexes for Buildings... 2025-04-25 12:52:26.181892"
[1] "Deleting Footprints... 2025-04-25 12:52:26.198789"
[1] "59 Files Succesfully Downloaded --- 2025-04-25 12:52:26"
[1] "Downloading Footprints for link 60 @ 2025-04-25 12:52:26.201641"
[1] "File Downloaded... unzipping... 2025-04-25 12:52:26.596366"
[1] "Reading in data and making spatial... 2025-04-25 12:52:26.621044"
[1] "Retrieving coordinates... 2025-04-25 12:52:26.670148"
[1] "Retrieving H3 Indexes for Buildings... 2025-04-25 12:52:26.67076"
[1] "Deleting Footprints... 2025-04-25 12:52:26.68788"
[1] "60 Files Succesfully Downloaded --- 2025-04-25 12:52:27"
[1] "Downloading Footprints for link 61 @ 2025-04-25 12:52:26.689524"
[1] "File Downloaded... unzipping... 2025-04-25 12:52:27.376891"
[1] "Reading in data and making spatial... 2025-04-25 12:52:27.611885"
[1] "Retrieving coordinates... 2025-04-25 12:52:27.951618"
[1] "Retrieving H3 Indexes for Buildings... 2025-04-25 12:52:27.954366"
[1] "Deleting Footprints... 2025-04-25 12:52:27.980037"
[1] "61 Files Succesfully Downloaded --- 2025-04-25 12:52:28"
[1] "Downloading Footprints for link 62 @ 2025-04-25 12:52:27.983425"
[1] "File Downloaded... unzipping... 2025-04-25 12:52:28.325225"
[1] "Reading in data and making spatial... 2025-04-25 12:52:28.458369"
[1] "Retrieving coordinates... 2025-04-25 12:52:28.49141"
[1] "Retrieving H3 Indexes for Buildings... 2025-04-25 12:52:28.491943"
[1] "Deleting Footprints... 2025-04-25 12:52:28.504829"
[1] "62 Files Succesfully Downloaded --- 2025-04-25 12:52:29"
[1] "Downloading Footprints for link 63 @ 2025-04-25 12:52:28.507018"
[1] "File Downloaded... unzipping... 2025-04-25 12:52:28.825058"
[1] "Reading in data and making spatial... 2025-04-25 12:52:28.849639"
[1] "Retrieving coordinates... 2025-04-25 12:52:28.877726"
[1] "Retrieving H3 Indexes for Buildings... 2025-04-25 12:52:28.878194"
[1] "Deleting Footprints... 2025-04-25 12:52:28.889882"
[1] "63 Files Succesfully Downloaded --- 2025-04-25 12:52:29"
[1] "Downloading Footprints for link 64 @ 2025-04-25 12:52:28.892002"
[1] "File Downloaded... unzipping... 2025-04-25 12:52:29.389423"
[1] "Reading in data and making spatial... 2025-04-25 12:52:29.418169"
[1] "Retrieving coordinates... 2025-04-25 12:52:29.538748"
[1] "Retrieving H3 Indexes for Buildings... 2025-04-25 12:52:29.539882"
[1] "Deleting Footprints... 2025-04-25 12:52:29.558899"
[1] "64 Files Succesfully Downloaded --- 2025-04-25 12:52:30"
[1] "Downloading Footprints for link 65 @ 2025-04-25 12:52:29.561269"
[1] "File Downloaded... unzipping... 2025-04-25 12:52:29.945351"
[1] "Reading in data and making spatial... 2025-04-25 12:52:30.289387"
[1] "Retrieving coordinates... 2025-04-25 12:52:30.319025"
[1] "Retrieving H3 Indexes for Buildings... 2025-04-25 12:52:30.31949"
[1] "Deleting Footprints... 2025-04-25 12:52:30.331505"
[1] "65 Files Succesfully Downloaded --- 2025-04-25 12:52:30"
[1] "Downloading Footprints for link 66 @ 2025-04-25 12:52:30.333481"
[1] "File Downloaded... unzipping... 2025-04-25 12:52:31.087169"
[1] "Reading in data and making spatial... 2025-04-25 12:52:32.132879"
[1] "Retrieving coordinates... 2025-04-25 12:52:32.517348"
[1] "Retrieving H3 Indexes for Buildings... 2025-04-25 12:52:32.520208"
[1] "Deleting Footprints... 2025-04-25 12:52:32.546705"
[1] "66 Files Succesfully Downloaded --- 2025-04-25 12:52:33"
[1] "Downloading Footprints for link 67 @ 2025-04-25 12:52:32.548857"
[1] "File Downloaded... unzipping... 2025-04-25 12:52:32.981006"
[1] "Reading in data and making spatial... 2025-04-25 12:52:33.011594"
[1] "Retrieving coordinates... 2025-04-25 12:52:33.082242"
[1] "Retrieving H3 Indexes for Buildings... 2025-04-25 12:52:33.083032"
[1] "Deleting Footprints... 2025-04-25 12:52:33.09703"
[1] "67 Files Succesfully Downloaded --- 2025-04-25 12:52:33"
[1] "Downloading Footprints for link 68 @ 2025-04-25 12:52:33.099037"
[1] "File Downloaded... unzipping... 2025-04-25 12:52:34.183221"
[1] "Reading in data and making spatial... 2025-04-25 12:52:34.271383"
[1] "Retrieving coordinates... 2025-04-25 12:52:35.424785"
[1] "Retrieving H3 Indexes for Buildings... 2025-04-25 12:52:35.430444"
[1] "Deleting Footprints... 2025-04-25 12:52:35.476158"
[1] "68 Files Succesfully Downloaded --- 2025-04-25 12:52:35"
[1] "Downloading Footprints for link 69 @ 2025-04-25 12:52:35.480281"
[1] "File Downloaded... unzipping... 2025-04-25 12:52:35.871689"
[1] "Reading in data and making spatial... 2025-04-25 12:52:35.900169"
[1] "Retrieving coordinates... 2025-04-25 12:52:35.967957"
[1] "Retrieving H3 Indexes for Buildings... 2025-04-25 12:52:35.968697"
[1] "Deleting Footprints... 2025-04-25 12:52:36.115787"
[1] "69 Files Succesfully Downloaded --- 2025-04-25 12:52:36"
[1] "Downloading Footprints for link 70 @ 2025-04-25 12:52:36.117788"
[1] "File Downloaded... unzipping... 2025-04-25 12:52:36.802042"
[1] "Reading in data and making spatial... 2025-04-25 12:52:36.832271"
[1] "Retrieving coordinates... 2025-04-25 12:52:36.98614"
[1] "Retrieving H3 Indexes for Buildings... 2025-04-25 12:52:36.9875"
[1] "Deleting Footprints... 2025-04-25 12:52:37.229016"
[1] "70 Files Succesfully Downloaded --- 2025-04-25 12:52:37"
[1] "Downloading Footprints for link 71 @ 2025-04-25 12:52:37.233814"
[1] "File Downloaded... unzipping... 2025-04-25 12:52:37.826969"
[1] "Reading in data and making spatial... 2025-04-25 12:52:37.864328"
[1] "Retrieving coordinates... 2025-04-25 12:52:38.045625"
[1] "Retrieving H3 Indexes for Buildings... 2025-04-25 12:52:38.047017"
[1] "Deleting Footprints... 2025-04-25 12:52:38.066983"
[1] "71 Files Succesfully Downloaded --- 2025-04-25 12:52:38"
[1] "Downloading Footprints for link 72 @ 2025-04-25 12:52:38.070401"
[1] "File Downloaded... unzipping... 2025-04-25 12:52:38.433424"
[1] "Reading in data and making spatial... 2025-04-25 12:52:38.458627"
[1] "Retrieving coordinates... 2025-04-25 12:52:38.485794"
[1] "Retrieving H3 Indexes for Buildings... 2025-04-25 12:52:38.486261"
[1] "Deleting Footprints... 2025-04-25 12:52:38.504155"
[1] "72 Files Succesfully Downloaded --- 2025-04-25 12:52:39"
[1] "Downloading Footprints for link 73 @ 2025-04-25 12:52:38.506102"
[1] "File Downloaded... unzipping... 2025-04-25 12:52:38.911606"
[1] "Reading in data and making spatial... 2025-04-25 12:52:38.936354"
[1] "Retrieving coordinates... 2025-04-25 12:52:38.98493"
[1] "Retrieving H3 Indexes for Buildings... 2025-04-25 12:52:38.985531"
[1] "Deleting Footprints... 2025-04-25 12:52:39.000502"
[1] "73 Files Succesfully Downloaded --- 2025-04-25 12:52:39"
[1] "Downloading Footprints for link 74 @ 2025-04-25 12:52:39.002493"
[1] "File Downloaded... unzipping... 2025-04-25 12:52:39.784042"
[1] "Reading in data and making spatial... 2025-04-25 12:52:39.929477"
[1] "Retrieving coordinates... 2025-04-25 12:52:40.343583"
[1] "Retrieving H3 Indexes for Buildings... 2025-04-25 12:52:40.345642"
[1] "Deleting Footprints... 2025-04-25 12:52:40.36955"
[1] "74 Files Succesfully Downloaded --- 2025-04-25 12:52:40"
[1] "Downloading Footprints for link 75 @ 2025-04-25 12:52:40.373817"
[1] "File Downloaded... unzipping... 2025-04-25 12:52:41.284528"
[1] "Reading in data and making spatial... 2025-04-25 12:52:41.361539"
[1] "Retrieving coordinates... 2025-04-25 12:52:41.776815"
[1] "Retrieving H3 Indexes for Buildings... 2025-04-25 12:52:41.779758"
[1] "Deleting Footprints... 2025-04-25 12:52:41.81133"
[1] "75 Files Succesfully Downloaded --- 2025-04-25 12:52:42"
[1] "Downloading Footprints for link 76 @ 2025-04-25 12:52:41.815448"
[1] "File Downloaded... unzipping... 2025-04-25 12:52:42.322911"
[1] "Reading in data and making spatial... 2025-04-25 12:52:42.351927"
[1] "Retrieving coordinates... 2025-04-25 12:52:42.605686"
[1] "Retrieving H3 Indexes for Buildings... 2025-04-25 12:52:42.606798"
[1] "Deleting Footprints... 2025-04-25 12:52:42.625896"
[1] "76 Files Succesfully Downloaded --- 2025-04-25 12:52:43"
[1] "Downloading Footprints for link 77 @ 2025-04-25 12:52:42.628895"
[1] "File Downloaded... unzipping... 2025-04-25 12:52:43.025462"
[1] "Reading in data and making spatial... 2025-04-25 12:52:43.061036"
[1] "Retrieving coordinates... 2025-04-25 12:52:43.144413"
[1] "Retrieving H3 Indexes for Buildings... 2025-04-25 12:52:43.145217"
[1] "Deleting Footprints... 2025-04-25 12:52:43.162958"
[1] "77 Files Succesfully Downloaded --- 2025-04-25 12:52:43"
[1] "Downloading Footprints for link 78 @ 2025-04-25 12:52:43.164958"
[1] "File Downloaded... unzipping... 2025-04-25 12:52:43.859279"
[1] "Reading in data and making spatial... 2025-04-25 12:52:43.891778"
[1] "Retrieving coordinates... 2025-04-25 12:52:44.280079"
[1] "Retrieving H3 Indexes for Buildings... 2025-04-25 12:52:44.282045"
[1] "Deleting Footprints... 2025-04-25 12:52:44.30753"
[1] "78 Files Succesfully Downloaded --- 2025-04-25 12:52:44"
[1] "Downloading Footprints for link 79 @ 2025-04-25 12:52:44.310524"
[1] "File Downloaded... unzipping... 2025-04-25 12:52:44.677273"
[1] "Reading in data and making spatial... 2025-04-25 12:52:44.713698"
[1] "Retrieving coordinates... 2025-04-25 12:52:44.74234"
[1] "Retrieving H3 Indexes for Buildings... 2025-04-25 12:52:44.742833"
[1] "Deleting Footprints... 2025-04-25 12:52:44.760773"
[1] "79 Files Succesfully Downloaded --- 2025-04-25 12:52:45"
[1] "Downloading Footprints for link 80 @ 2025-04-25 12:52:44.762904"
[1] "File Downloaded... unzipping... 2025-04-25 12:52:45.363814"
[1] "Reading in data and making spatial... 2025-04-25 12:52:45.901498"
[1] "Retrieving coordinates... 2025-04-25 12:52:46.015907"
[1] "Retrieving H3 Indexes for Buildings... 2025-04-25 12:52:46.017124"
[1] "Deleting Footprints... 2025-04-25 12:52:46.037063"
[1] "80 Files Succesfully Downloaded --- 2025-04-25 12:52:46"
[1] "Downloading Footprints for link 81 @ 2025-04-25 12:52:46.039771"
[1] "File Downloaded... unzipping... 2025-04-25 12:52:48.907786"
[1] "Reading in data and making spatial... 2025-04-25 12:52:48.939089"
[1] "Retrieving coordinates... 2025-04-25 12:52:49.0952"
[1] "Retrieving H3 Indexes for Buildings... 2025-04-25 12:52:49.096645"
[1] "Deleting Footprints... 2025-04-25 12:52:49.119107"
[1] "81 Files Succesfully Downloaded --- 2025-04-25 12:52:49"
[1] "Downloading Footprints for link 82 @ 2025-04-25 12:52:49.121802"
[1] "File Downloaded... unzipping... 2025-04-25 12:52:49.773028"
[1] "Reading in data and making spatial... 2025-04-25 12:52:49.801887"
[1] "Retrieving coordinates... 2025-04-25 12:52:49.939408"
[1] "Retrieving H3 Indexes for Buildings... 2025-04-25 12:52:49.940664"
[1] "Deleting Footprints... 2025-04-25 12:52:49.962175"
[1] "82 Files Succesfully Downloaded --- 2025-04-25 12:52:50"
[1] "Downloading Footprints for link 83 @ 2025-04-25 12:52:49.964327"
[1] "File Downloaded... unzipping... 2025-04-25 12:52:50.995206"
[1] "Reading in data and making spatial... 2025-04-25 12:52:51.076145"
[1] "Retrieving coordinates... 2025-04-25 12:52:51.772993"
[1] "Retrieving H3 Indexes for Buildings... 2025-04-25 12:52:51.77817"
[1] "Deleting Footprints... 2025-04-25 12:52:51.823706"
[1] "83 Files Succesfully Downloaded --- 2025-04-25 12:52:52"
[1] "Downloading Footprints for link 84 @ 2025-04-25 12:52:51.826203"
[1] "File Downloaded... unzipping... 2025-04-25 12:52:52.248365"
[1] "Reading in data and making spatial... 2025-04-25 12:52:52.349309"
[1] "Retrieving coordinates... 2025-04-25 12:52:52.392992"
[1] "Retrieving H3 Indexes for Buildings... 2025-04-25 12:52:52.393576"
[1] "Deleting Footprints... 2025-04-25 12:52:52.412088"
[1] "84 Files Succesfully Downloaded --- 2025-04-25 12:52:52"
[1] "Downloading Footprints for link 85 @ 2025-04-25 12:52:52.416187"
[1] "File Downloaded... unzipping... 2025-04-25 12:52:52.992058"
[1] "Reading in data and making spatial... 2025-04-25 12:52:53.021859"
[1] "Retrieving coordinates... 2025-04-25 12:52:53.105803"
[1] "Retrieving H3 Indexes for Buildings... 2025-04-25 12:52:53.106701"
[1] "Deleting Footprints... 2025-04-25 12:52:53.128282"
[1] "85 Files Succesfully Downloaded --- 2025-04-25 12:52:53"
[1] "Downloading Footprints for link 86 @ 2025-04-25 12:52:53.13038"
[1] "File Downloaded... unzipping... 2025-04-25 12:52:53.87808"
[1] "Reading in data and making spatial... 2025-04-25 12:52:53.912437"
[1] "Retrieving coordinates... 2025-04-25 12:52:54.117674"
[1] "Retrieving H3 Indexes for Buildings... 2025-04-25 12:52:54.119451"
[1] "Deleting Footprints... 2025-04-25 12:52:54.147067"
[1] "86 Files Succesfully Downloaded --- 2025-04-25 12:52:54"
[1] "Downloading Footprints for link 87 @ 2025-04-25 12:52:54.149188"
[1] "File Downloaded... unzipping... 2025-04-25 12:52:58.053375"
[1] "Reading in data and making spatial... 2025-04-25 12:52:58.208224"
[1] "Retrieving coordinates... 2025-04-25 12:52:58.512341"
[1] "Retrieving H3 Indexes for Buildings... 2025-04-25 12:52:58.514615"
[1] "Deleting Footprints... 2025-04-25 12:52:58.623567"
[1] "87 Files Succesfully Downloaded --- 2025-04-25 12:52:59"
[1] "Downloading Footprints for link 88 @ 2025-04-25 12:52:58.626643"
[1] "File Downloaded... unzipping... 2025-04-25 12:52:59.843081"
[1] "Reading in data and making spatial... 2025-04-25 12:53:00.084623"
[1] "Retrieving coordinates... 2025-04-25 12:53:00.811001"
[1] "Retrieving H3 Indexes for Buildings... 2025-04-25 12:53:00.815833"
[1] "Deleting Footprints... 2025-04-25 12:53:00.863096"
[1] "88 Files Succesfully Downloaded --- 2025-04-25 12:53:01"
[1] "SCRIPT COMPLETE @ 2025-04-25 12:53:02"
