
Due to MODULEPATH changes, the following have been reloaded:
  1) netcdf/4.9.2     2) udunits/2.2.28

The following have been reloaded with a version change:
  1) R/4.3.0 => R/4.4.2             4) hdf5/1.10.8 => hdf5/1.14.5
  2) gdal/3.6.4 => gdal/3.7.3       5) intel/21.4 => intel/24.2
  3) geos/3.11.2 => geos/3.12.0     6) proj/9.2.0 => proj/9.3.0


Attaching package: ‘dplyr’

The following objects are masked from ‘package:stats’:

    filter, lag

The following objects are masked from ‘package:base’:

    intersect, setdiff, setequal, union

Linking to GEOS 3.12.0, GDAL 3.7.3, PROJ 9.3.0; sf_use_s2() is TRUE
Data (c) OpenStreetMap contributors, ODbL 1.0. https://www.openstreetmap.org/copyright
Warning message:
In CPL_read_ogr(dsn, layer, query, as.character(options), quiet,  :
  GDAL Message 1: /work/GRDVULN/sewershed/Data/US_county_2022.shp contains polygon(s) with rings with invalid winding order. Autocorrecting them, but that shapefile should be corrected using ogr2ogr for example.
Waiting 2s for retry backoff ■■■■■■■■■■■■■■■                 
Waiting 2s for retry backoff ■■■■■■■■■■■■■■■■■■■■■■■■■■■■■■  
Waiting 4s for retry backoff ■■■■■■■■                        
Waiting 4s for retry backoff ■■■■■■■■■                       
Waiting 4s for retry backoff ■■■■■■■■■■■■■■■■■■■■■■■■■■■■■■  
