Reading layer `cb_2021_us_cousub_500k' from data source 
  `/work/GRDVULN/data/cb_2021_us_all_500k.gdb' using driver `OpenFileGDB'
Simple feature collection with 36501 features and 14 fields
Geometry type: MULTIPOLYGON
Dimension:     XY
Bounding box:  xmin: -179.1489 ymin: -14.5487 xmax: 179.7785 ymax: 71.36516
Geodetic CRS:  NAD83
[1] "Extracting Highways for 37 Sub-Counties @ 2025-04-28 10:18:41"
[1] "Completed 1 Rows @ 2025-04-28 10:21:10"
[1] "Completed 2 Rows @ 2025-04-28 10:26:28"
[1] "Completed 3 Rows @ 2025-04-28 10:27:13"
[1] "Completed 4 Rows @ 2025-04-28 10:28:06"
[1] "Completed 5 Rows @ 2025-04-28 10:28:55"
[1] "Completed 6 Rows @ 2025-04-28 10:39:05"
[1] "Completed 7 Rows @ 2025-04-28 10:42:44"
[1] "Completed 8 Rows @ 2025-04-28 10:49:10"
[1] "Completed 9 Rows @ 2025-04-28 10:51:55"
[1] "Completed 10 Rows @ 2025-04-28 10:52:45"
[1] "Completed 11 Rows @ 2025-04-28 10:53:01"
[1] "Completed 12 Rows @ 2025-04-28 10:53:03"
[1] "Completed 13 Rows @ 2025-04-28 11:07:25"
[1] "Completed 14 Rows @ 2025-04-28 11:08:59"
[1] "Completed 15 Rows @ 2025-04-28 11:12:38"
[1] "Completed 16 Rows @ 2025-04-28 11:13:19"
[1] "Completed 17 Rows @ 2025-04-28 11:14:06"
[1] "Completed 18 Rows @ 2025-04-28 11:16:27"
[1] "Completed 19 Rows @ 2025-04-28 11:16:37"
[1] "Completed 20 Rows @ 2025-04-28 11:19:45"
[1] "Completed 21 Rows @ 2025-04-28 11:20:46"
[1] "Completed 22 Rows @ 2025-04-28 11:27:39"
[1] "Completed 23 Rows @ 2025-04-28 11:27:46"
[1] "Completed 24 Rows @ 2025-04-28 11:28:45"
[1] "Completed 25 Rows @ 2025-04-28 11:28:47"
[1] "Completed 26 Rows @ 2025-04-28 11:30:21"
[1] "Completed 27 Rows @ 2025-04-28 11:32:47"
[1] "FAILED TO DOWNLOAD ROW: 28"
[1] "Completed 29 Rows @ 2025-04-28 11:55:25"
[1] "Completed 30 Rows @ 2025-04-28 11:57:49"
[1] "Completed 31 Rows @ 2025-04-28 12:02:19"
[1] "Completed 32 Rows @ 2025-04-28 12:05:50"
[1] "Completed 33 Rows @ 2025-04-28 12:10:07"
[1] "Completed 34 Rows @ 2025-04-28 12:14:26"
[1] "Completed 35 Rows @ 2025-04-28 12:19:46"
[1] "Completed 36 Rows @ 2025-04-28 12:22:37"
[1] "Completed 37 Rows @ 2025-04-28 12:30:19"
[1] "Script Complete @ 2025-04-28 12:30:19"
