Reading layer `US_county_2022' from data source 
  `/work/GRDVULN/sewershed/Data/US_county_2022.shp' using driver `ESRI Shapefile'
Simple feature collection with 3222 features and 21 fields
Geometry type: MULTIPOLYGON
Dimension:     XY
Bounding box:  xmin: -7115208 ymin: -1685018 xmax: 3321632 ymax: 4591848
Projected CRS: USA_Contiguous_Albers_Equal_Area_Conic
[1] "Extracting Highways for 67 Counties @ 2025-04-28 10:19:00"
[1] "Completed 1 Rows @ 2025-04-28 10:20:09"
[1] "Completed 2 Rows @ 2025-04-28 10:20:17"
[1] "Completed 3 Rows @ 2025-04-28 10:21:01"
[1] "Completed 4 Rows @ 2025-04-28 10:21:13"
[1] "Completed 5 Rows @ 2025-04-28 10:23:14"
[1] "Completed 6 Rows @ 2025-04-28 10:24:33"
[1] "Completed 7 Rows @ 2025-04-28 10:24:40"
[1] "Completed 8 Rows @ 2025-04-28 10:25:21"
[1] "Completed 9 Rows @ 2025-04-28 10:26:07"
[1] "Completed 10 Rows @ 2025-04-28 10:26:53"
[1] "FAILED TO DOWNLOAD ROW: 11"
[1] "Completed 12 Rows @ 2025-04-28 10:27:34"
[1] "Completed 13 Rows @ 2025-04-28 10:27:41"
[1] "Completed 14 Rows @ 2025-04-28 10:27:55"
[1] "Completed 15 Rows @ 2025-04-28 10:30:24"
[1] "Completed 16 Rows @ 2025-04-28 10:32:29"
[1] "Completed 17 Rows @ 2025-04-28 10:32:50"
[1] "Completed 18 Rows @ 2025-04-28 10:32:58"
[1] "Completed 19 Rows @ 2025-04-28 10:33:25"
[1] "Completed 20 Rows @ 2025-04-28 10:33:34"
[1] "Completed 21 Rows @ 2025-04-28 10:33:46"
[1] "Completed 22 Rows @ 2025-04-28 10:33:56"
[1] "Completed 23 Rows @ 2025-04-28 10:34:12"
[1] "Completed 24 Rows @ 2025-04-28 10:34:26"
[1] "Completed 25 Rows @ 2025-04-28 10:35:04"
[1] "Completed 26 Rows @ 2025-04-28 10:35:44"
[1] "Completed 27 Rows @ 2025-04-28 10:36:28"
[1] "Completed 28 Rows @ 2025-04-28 10:41:27"
[1] "Completed 29 Rows @ 2025-04-28 10:41:39"
[1] "Completed 30 Rows @ 2025-04-28 10:42:06"
[1] "Completed 31 Rows @ 2025-04-28 10:43:01"
[1] "Completed 32 Rows @ 2025-04-28 10:43:13"
[1] "Completed 33 Rows @ 2025-04-28 10:43:36"
[1] "Completed 34 Rows @ 2025-04-28 10:48:48"
[1] "Completed 35 Rows @ 2025-04-28 10:50:39"
[1] "Completed 36 Rows @ 2025-04-28 10:51:27"
[1] "Completed 37 Rows @ 2025-04-28 10:52:27"
[1] "Completed 38 Rows @ 2025-04-28 10:52:39"
[1] "Completed 39 Rows @ 2025-04-28 10:52:53"
[1] "Completed 40 Rows @ 2025-04-28 10:54:22"
[1] "Completed 41 Rows @ 2025-04-28 10:57:23"
[1] "Completed 42 Rows @ 2025-04-28 10:57:52"
[1] "Completed 43 Rows @ 2025-04-28 11:01:16"
[1] "Completed 44 Rows @ 2025-04-28 11:04:33"
[1] "Completed 45 Rows @ 2025-04-28 11:06:41"
[1] "Completed 46 Rows @ 2025-04-28 11:07:14"
[1] "Completed 47 Rows @ 2025-04-28 11:07:34"
[1] "Completed 48 Rows @ 2025-04-28 11:10:08"
[1] "Completed 49 Rows @ 2025-04-28 11:12:09"
[1] "Completed 50 Rows @ 2025-04-28 11:15:15"
[1] "Completed 51 Rows @ 2025-04-28 11:16:37"
[1] "Completed 52 Rows @ 2025-04-28 11:17:16"
[1] "Completed 53 Rows @ 2025-04-28 11:22:10"
[1] "Completed 54 Rows @ 2025-04-28 11:23:10"
[1] "Completed 55 Rows @ 2025-04-28 11:24:04"
[1] "Completed 56 Rows @ 2025-04-28 11:24:46"
[1] "Completed 57 Rows @ 2025-04-28 11:25:53"
[1] "Completed 58 Rows @ 2025-04-28 11:27:01"
[1] "Completed 59 Rows @ 2025-04-28 11:27:33"
[1] "Completed 60 Rows @ 2025-04-28 11:28:22"
[1] "Completed 61 Rows @ 2025-04-28 11:28:45"
[1] "Completed 62 Rows @ 2025-04-28 11:28:54"
[1] "Completed 63 Rows @ 2025-04-28 11:29:03"
[1] "Completed 64 Rows @ 2025-04-28 11:34:22"
[1] "Completed 65 Rows @ 2025-04-28 11:34:34"
[1] "Completed 66 Rows @ 2025-04-28 11:35:15"
[1] "Completed 67 Rows @ 2025-04-28 11:35:36"
[1] "Script Complete @ 2025-04-28 11:35:37"
