Reading layer `US_county_2022' from data source 
  `/work/GRDVULN/sewershed/Data/US_county_2022.shp' using driver `ESRI Shapefile'
Simple feature collection with 3222 features and 21 fields
Geometry type: MULTIPOLYGON
Dimension:     XY
Bounding box:  xmin: -7115208 ymin: -1685018 xmax: 3321632 ymax: 4591848
Projected CRS: USA_Contiguous_Albers_Equal_Area_Conic
[1] "Extracting Highways for 159 Counties @ 2025-04-28 10:18:58"
[1] "Completed 1 Rows @ 2025-04-28 10:19:20"
[1] "Completed 2 Rows @ 2025-04-28 10:19:37"
[1] "Completed 3 Rows @ 2025-04-28 10:19:43"
[1] "Completed 4 Rows @ 2025-04-28 10:19:49"
[1] "Completed 5 Rows @ 2025-04-28 10:19:54"
[1] "Completed 6 Rows @ 2025-04-28 10:20:01"
[1] "Completed 7 Rows @ 2025-04-28 10:20:11"
[1] "Completed 8 Rows @ 2025-04-28 10:20:29"
[1] "Completed 9 Rows @ 2025-04-28 10:20:33"
[1] "Completed 10 Rows @ 2025-04-28 10:20:43"
[1] "Completed 11 Rows @ 2025-04-28 10:21:00"
[1] "Completed 12 Rows @ 2025-04-28 10:21:05"
[1] "Completed 13 Rows @ 2025-04-28 10:21:17"
[1] "Completed 14 Rows @ 2025-04-28 10:21:29"
[1] "Completed 15 Rows @ 2025-04-28 10:22:44"
[1] "Completed 16 Rows @ 2025-04-28 10:23:17"
[1] "Completed 17 Rows @ 2025-04-28 10:23:41"
[1] "Completed 18 Rows @ 2025-04-28 10:23:49"
[1] "Completed 19 Rows @ 2025-04-28 10:23:52"
[1] "Completed 20 Rows @ 2025-04-28 10:24:12"
[1] "Completed 21 Rows @ 2025-04-28 10:24:18"
[1] "Completed 22 Rows @ 2025-04-28 10:24:45"
[1] "Completed 23 Rows @ 2025-04-28 10:24:51"
[1] "Completed 24 Rows @ 2025-04-28 10:25:07"
[1] "Completed 25 Rows @ 2025-04-28 10:25:52"
[1] "Completed 26 Rows @ 2025-04-28 10:26:04"
[1] "Completed 27 Rows @ 2025-04-28 10:26:11"
[1] "Completed 28 Rows @ 2025-04-28 10:26:39"
[1] "Completed 29 Rows @ 2025-04-28 10:26:46"
[1] "Completed 30 Rows @ 2025-04-28 10:26:49"
[1] "Completed 31 Rows @ 2025-04-28 10:27:03"
[1] "Completed 32 Rows @ 2025-04-28 10:27:25"
[1] "Completed 33 Rows @ 2025-04-28 10:28:22"
[1] "Completed 34 Rows @ 2025-04-28 10:28:39"
[1] "Completed 35 Rows @ 2025-04-28 10:28:47"
[1] "Completed 36 Rows @ 2025-04-28 10:29:11"
[1] "Completed 37 Rows @ 2025-04-28 10:29:15"
[1] "Completed 38 Rows @ 2025-04-28 10:29:37"
[1] "Completed 39 Rows @ 2025-04-28 10:29:47"
[1] "Completed 40 Rows @ 2025-04-28 10:29:51"
[1] "Completed 41 Rows @ 2025-04-28 10:29:56"
[1] "Completed 42 Rows @ 2025-04-28 10:30:06"
[1] "Completed 43 Rows @ 2025-04-28 10:30:14"
[1] "Completed 44 Rows @ 2025-04-28 10:31:09"
[1] "Completed 45 Rows @ 2025-04-28 10:31:27"
[1] "Completed 46 Rows @ 2025-04-28 10:31:32"
[1] "Completed 47 Rows @ 2025-04-28 10:31:42"
[1] "Completed 48 Rows @ 2025-04-28 10:31:55"
[1] "Completed 49 Rows @ 2025-04-28 10:32:12"
[1] "Completed 50 Rows @ 2025-04-28 10:32:25"
[1] "Completed 51 Rows @ 2025-04-28 10:32:47"
[1] "Completed 52 Rows @ 2025-04-28 10:32:57"
[1] "Completed 53 Rows @ 2025-04-28 10:33:23"
[1] "Completed 54 Rows @ 2025-04-28 10:33:27"
[1] "Completed 55 Rows @ 2025-04-28 10:33:47"
[1] "Completed 56 Rows @ 2025-04-28 10:34:04"
[1] "Completed 57 Rows @ 2025-04-28 10:34:24"
[1] "Completed 58 Rows @ 2025-04-28 10:34:47"
[1] "Completed 59 Rows @ 2025-04-28 10:34:54"
[1] "Completed 60 Rows @ 2025-04-28 10:44:58"
[1] "Completed 61 Rows @ 2025-04-28 10:45:12"
[1] "Completed 62 Rows @ 2025-04-28 10:45:14"
[1] "Completed 63 Rows @ 2025-04-28 10:45:33"
[1] "Completed 64 Rows @ 2025-04-28 10:45:40"
[1] "Completed 65 Rows @ 2025-04-28 10:45:45"
[1] "Completed 66 Rows @ 2025-04-28 10:45:56"
[1] "Completed 67 Rows @ 2025-04-28 10:47:41"
[1] "Completed 68 Rows @ 2025-04-28 10:47:59"
[1] "Completed 69 Rows @ 2025-04-28 10:48:31"
[1] "Completed 70 Rows @ 2025-04-28 10:48:43"
[1] "Completed 71 Rows @ 2025-04-28 10:48:48"
[1] "Completed 72 Rows @ 2025-04-28 10:48:58"
[1] "Completed 73 Rows @ 2025-04-28 10:49:06"
[1] "Completed 74 Rows @ 2025-04-28 10:49:10"
[1] "Completed 75 Rows @ 2025-04-28 10:49:49"
[1] "Completed 76 Rows @ 2025-04-28 10:50:07"
[1] "Completed 77 Rows @ 2025-04-28 10:50:15"
[1] "Completed 78 Rows @ 2025-04-28 10:50:30"
[1] "Completed 79 Rows @ 2025-04-28 10:50:35"
[1] "Completed 80 Rows @ 2025-04-28 10:50:41"
[1] "Completed 81 Rows @ 2025-04-28 10:50:54"
[1] "Completed 82 Rows @ 2025-04-28 10:51:00"
[1] "Completed 83 Rows @ 2025-04-28 10:51:10"
[1] "Completed 84 Rows @ 2025-04-28 10:51:22"
[1] "Completed 85 Rows @ 2025-04-28 10:51:26"
[1] "Completed 86 Rows @ 2025-04-28 10:51:30"
[1] "Completed 87 Rows @ 2025-04-28 10:51:54"
[1] "Completed 88 Rows @ 2025-04-28 10:52:00"
[1] "Completed 89 Rows @ 2025-04-28 10:53:01"
[1] "Completed 90 Rows @ 2025-04-28 10:53:10"
[1] "Completed 91 Rows @ 2025-04-28 10:53:36"
[1] "Completed 92 Rows @ 2025-04-28 10:53:54"
[1] "Completed 93 Rows @ 2025-04-28 10:54:02"
[1] "Completed 94 Rows @ 2025-04-28 10:54:07"
[1] "Completed 95 Rows @ 2025-04-28 10:54:17"
[1] "Completed 96 Rows @ 2025-04-28 10:54:23"
[1] "Completed 97 Rows @ 2025-04-28 10:54:29"
[1] "Completed 98 Rows @ 2025-04-28 10:54:37"
[1] "Completed 99 Rows @ 2025-04-28 10:54:48"
[1] "Completed 100 Rows @ 2025-04-28 10:54:50"
[1] "Completed 101 Rows @ 2025-04-28 10:54:58"
[1] "Completed 102 Rows @ 2025-04-28 10:55:07"
[1] "Completed 103 Rows @ 2025-04-28 10:55:12"
[1] "Completed 104 Rows @ 2025-04-28 10:55:20"
[1] "Completed 105 Rows @ 2025-04-28 10:55:29"
[1] "Completed 106 Rows @ 2025-04-28 10:55:44"
[1] "Completed 107 Rows @ 2025-04-28 10:56:03"
[1] "Completed 108 Rows @ 2025-04-28 10:56:13"
[1] "Completed 109 Rows @ 2025-04-28 10:56:20"
[1] "Completed 110 Rows @ 2025-04-28 10:56:34"
[1] "Completed 111 Rows @ 2025-04-28 10:56:40"
[1] "Completed 112 Rows @ 2025-04-28 10:56:47"
[1] "Completed 113 Rows @ 2025-04-28 10:56:59"
[1] "Completed 114 Rows @ 2025-04-28 10:57:02"
[1] "Completed 115 Rows @ 2025-04-28 10:57:08"
[1] "Completed 116 Rows @ 2025-04-28 10:57:11"
[1] "Completed 117 Rows @ 2025-04-28 10:57:19"
[1] "Completed 118 Rows @ 2025-04-28 10:57:25"
[1] "Completed 119 Rows @ 2025-04-28 10:57:34"
[1] "Completed 120 Rows @ 2025-04-28 10:57:38"
[1] "Completed 121 Rows @ 2025-04-28 10:58:17"
[1] "Completed 122 Rows @ 2025-04-28 10:58:30"
[1] "Completed 123 Rows @ 2025-04-28 10:58:37"
[1] "Completed 124 Rows @ 2025-04-28 10:58:54"
[1] "Completed 125 Rows @ 2025-04-28 10:58:59"
[1] "Completed 126 Rows @ 2025-04-28 10:59:05"
[1] "Completed 127 Rows @ 2025-04-28 10:59:11"
[1] "Completed 128 Rows @ 2025-04-28 10:59:14"
[1] "Completed 129 Rows @ 2025-04-28 10:59:22"
[1] "Completed 130 Rows @ 2025-04-28 10:59:29"
[1] "Completed 131 Rows @ 2025-04-28 10:59:32"
[1] "Completed 132 Rows @ 2025-04-28 10:59:57"
[1] "Completed 133 Rows @ 2025-04-28 11:00:03"
[1] "Completed 134 Rows @ 2025-04-28 11:00:12"
[1] "Completed 135 Rows @ 2025-04-28 11:00:15"
[1] "Completed 136 Rows @ 2025-04-28 11:00:24"
[1] "Completed 137 Rows @ 2025-04-28 11:00:28"
[1] "Completed 138 Rows @ 2025-04-28 11:00:36"
[1] "Completed 139 Rows @ 2025-04-28 11:00:41"
[1] "Completed 140 Rows @ 2025-04-28 11:00:44"
[1] "Completed 141 Rows @ 2025-04-28 11:00:53"
[1] "Completed 142 Rows @ 2025-04-28 11:01:10"
[1] "Completed 143 Rows @ 2025-04-28 11:01:20"
[1] "Completed 144 Rows @ 2025-04-28 11:01:31"
[1] "Completed 145 Rows @ 2025-04-28 11:01:36"
[1] "Completed 146 Rows @ 2025-04-28 11:02:08"
[1] "Completed 147 Rows @ 2025-04-28 11:02:31"
[1] "Completed 148 Rows @ 2025-04-28 11:03:21"
[1] "Completed 149 Rows @ 2025-04-28 11:03:30"
[1] "Completed 150 Rows @ 2025-04-28 11:03:40"
[1] "Completed 151 Rows @ 2025-04-28 11:04:04"
[1] "Completed 152 Rows @ 2025-04-28 11:04:08"
[1] "Completed 153 Rows @ 2025-04-28 11:04:14"
[1] "Completed 154 Rows @ 2025-04-28 11:04:23"
[1] "Completed 155 Rows @ 2025-04-28 11:04:35"
[1] "Completed 156 Rows @ 2025-04-28 11:04:40"
[1] "Completed 157 Rows @ 2025-04-28 11:04:47"
[1] "Completed 158 Rows @ 2025-04-28 11:04:54"
[1] "Completed 159 Rows @ 2025-04-28 11:05:02"
[1] "Script Complete @ 2025-04-28 11:05:03"
