Reading layer `US_county_2022' from data source 
  `/work/GRDVULN/sewershed/Data/US_county_2022.shp' using driver `ESRI Shapefile'
Simple feature collection with 3222 features and 21 fields
Geometry type: MULTIPOLYGON
Dimension:     XY
Bounding box:  xmin: -7115208 ymin: -1685018 xmax: 3321632 ymax: 4591848
Projected CRS: USA_Contiguous_Albers_Equal_Area_Conic
[1] "Extracting Highways for 44 Counties @ 2025-04-28 10:18:58"
[1] "Completed 1 Rows @ 2025-04-28 10:20:07"
[1] "Completed 2 Rows @ 2025-04-28 10:20:28"
[1] "Completed 3 Rows @ 2025-04-28 10:21:08"
[1] "Completed 4 Rows @ 2025-04-28 10:21:17"
[1] "Completed 5 Rows @ 2025-04-28 10:21:26"
[1] "Completed 6 Rows @ 2025-04-28 10:23:44"
[1] "Completed 7 Rows @ 2025-04-28 10:28:37"
[1] "Completed 8 Rows @ 2025-04-28 10:29:29"
[1] "Completed 9 Rows @ 2025-04-28 10:30:18"
[1] "Completed 10 Rows @ 2025-04-28 10:31:35"
[1] "Completed 11 Rows @ 2025-04-28 10:31:46"
[1] "Completed 12 Rows @ 2025-04-28 10:32:28"
[1] "Completed 13 Rows @ 2025-04-28 10:32:35"
[1] "Completed 14 Rows @ 2025-04-28 10:33:21"
[1] "Completed 15 Rows @ 2025-04-28 10:33:41"
[1] "Completed 16 Rows @ 2025-04-28 10:34:37"
[1] "Completed 17 Rows @ 2025-04-28 10:35:06"
[1] "Completed 18 Rows @ 2025-04-28 10:35:57"
[1] "Completed 19 Rows @ 2025-04-28 10:37:33"
[1] "Completed 20 Rows @ 2025-04-28 10:39:17"
[1] "Completed 21 Rows @ 2025-04-28 10:39:26"
[1] "Completed 22 Rows @ 2025-04-28 10:39:53"
[1] "Completed 23 Rows @ 2025-04-28 10:40:05"
[1] "Completed 24 Rows @ 2025-04-28 10:40:19"
[1] "Completed 25 Rows @ 2025-04-28 10:42:37"
[1] "Completed 26 Rows @ 2025-04-28 10:43:07"
[1] "Completed 27 Rows @ 2025-04-28 10:43:26"
[1] "Completed 28 Rows @ 2025-04-28 10:44:06"
[1] "Completed 29 Rows @ 2025-04-28 10:44:32"
[1] "Completed 30 Rows @ 2025-04-28 10:46:13"
[1] "Completed 31 Rows @ 2025-04-28 10:46:32"
[1] "Completed 32 Rows @ 2025-04-28 10:46:49"
[1] "Completed 33 Rows @ 2025-04-28 10:46:59"
[1] "Completed 34 Rows @ 2025-04-28 10:47:17"
[1] "Completed 35 Rows @ 2025-04-28 10:47:42"
[1] "Completed 36 Rows @ 2025-04-28 10:47:50"
[1] "Completed 37 Rows @ 2025-04-28 10:57:31"
[1] "Completed 38 Rows @ 2025-04-28 10:57:48"
[1] "Completed 39 Rows @ 2025-04-28 10:58:34"
[1] "Completed 40 Rows @ 2025-04-28 10:59:43"
[1] "Completed 41 Rows @ 2025-04-28 10:59:46"
[1] "Completed 42 Rows @ 2025-04-28 11:01:37"
[1] "Completed 43 Rows @ 2025-04-28 11:02:35"
[1] "Completed 44 Rows @ 2025-04-28 11:02:50"
[1] "Script Complete @ 2025-04-28 11:02:51"
