Reading layer `US_county_2022' from data source 
  `/work/GRDVULN/sewershed/Data/US_county_2022.shp' using driver `ESRI Shapefile'
Simple feature collection with 3222 features and 21 fields
Geometry type: MULTIPOLYGON
Dimension:     XY
Bounding box:  xmin: -7115208 ymin: -1685018 xmax: 3321632 ymax: 4591848
Projected CRS: USA_Contiguous_Albers_Equal_Area_Conic
[1] "Extracting Highways for 120 Counties @ 2025-04-28 10:19:08"
[1] "Completed 1 Rows @ 2025-04-28 10:19:44"
[1] "Completed 2 Rows @ 2025-04-28 10:19:57"
[1] "Completed 3 Rows @ 2025-04-28 10:20:03"
[1] "Completed 4 Rows @ 2025-04-28 10:20:10"
[1] "Completed 5 Rows @ 2025-04-28 10:20:30"
[1] "Completed 6 Rows @ 2025-04-28 10:20:39"
[1] "Completed 7 Rows @ 2025-04-28 10:20:50"
[1] "Completed 8 Rows @ 2025-04-28 10:21:05"
[1] "Completed 9 Rows @ 2025-04-28 10:21:12"
[1] "Completed 10 Rows @ 2025-04-28 10:21:18"
[1] "Completed 11 Rows @ 2025-04-28 10:21:22"
[1] "Completed 12 Rows @ 2025-04-28 10:21:26"
[1] "Completed 13 Rows @ 2025-04-28 10:21:37"
[1] "Completed 14 Rows @ 2025-04-28 10:21:52"
[1] "Completed 15 Rows @ 2025-04-28 10:22:08"
[1] "Completed 16 Rows @ 2025-04-28 10:22:19"
[1] "Completed 17 Rows @ 2025-04-28 10:22:29"
[1] "Completed 18 Rows @ 2025-04-28 10:22:36"
[1] "Completed 19 Rows @ 2025-04-28 10:22:53"
[1] "Completed 20 Rows @ 2025-04-28 10:22:55"
[1] "Completed 21 Rows @ 2025-04-28 10:23:03"
[1] "Completed 22 Rows @ 2025-04-28 10:23:17"
[1] "Completed 23 Rows @ 2025-04-28 10:23:29"
[1] "Completed 24 Rows @ 2025-04-28 10:23:47"
[1] "Completed 25 Rows @ 2025-04-28 10:23:56"
[1] "Completed 26 Rows @ 2025-04-28 10:24:07"
[1] "Completed 27 Rows @ 2025-04-28 10:24:11"
[1] "Completed 28 Rows @ 2025-04-28 10:24:24"
[1] "Completed 29 Rows @ 2025-04-28 10:24:31"
[1] "Completed 30 Rows @ 2025-04-28 10:25:06"
[1] "Completed 31 Rows @ 2025-04-28 10:25:11"
[1] "Completed 32 Rows @ 2025-04-28 10:25:16"
[1] "Completed 33 Rows @ 2025-04-28 10:25:23"
[1] "Completed 34 Rows @ 2025-04-28 10:25:46"
[1] "Completed 35 Rows @ 2025-04-28 10:25:55"
[1] "Completed 36 Rows @ 2025-04-28 10:26:07"
[1] "Completed 37 Rows @ 2025-04-28 10:26:12"
[1] "Completed 38 Rows @ 2025-04-28 10:26:16"
[1] "Completed 39 Rows @ 2025-04-28 10:26:19"
[1] "Completed 40 Rows @ 2025-04-28 10:26:26"
[1] "Completed 41 Rows @ 2025-04-28 10:26:31"
[1] "Completed 42 Rows @ 2025-04-28 10:26:37"
[1] "Completed 43 Rows @ 2025-04-28 10:26:48"
[1] "Completed 44 Rows @ 2025-04-28 10:26:57"
[1] "Completed 45 Rows @ 2025-04-28 10:27:14"
[1] "Completed 46 Rows @ 2025-04-28 10:27:21"
[1] "Completed 47 Rows @ 2025-04-28 10:27:55"
[1] "Completed 48 Rows @ 2025-04-28 10:28:10"
[1] "Completed 49 Rows @ 2025-04-28 10:28:15"
[1] "Completed 50 Rows @ 2025-04-28 10:28:23"
[1] "Completed 51 Rows @ 2025-04-28 10:28:49"
[1] "Completed 52 Rows @ 2025-04-28 10:28:56"
[1] "Completed 53 Rows @ 2025-04-28 10:29:00"
[1] "Completed 54 Rows @ 2025-04-28 10:29:16"
[1] "Completed 55 Rows @ 2025-04-28 10:29:22"
[1] "Completed 56 Rows @ 2025-04-28 10:30:49"
[1] "Completed 57 Rows @ 2025-04-28 10:31:02"
[1] "Completed 58 Rows @ 2025-04-28 10:31:08"
[1] "Completed 59 Rows @ 2025-04-28 10:31:18"
[1] "Completed 60 Rows @ 2025-04-28 10:31:25"
[1] "Completed 61 Rows @ 2025-04-28 10:31:40"
[1] "Completed 62 Rows @ 2025-04-28 10:32:07"
[1] "Completed 63 Rows @ 2025-04-28 10:32:25"
[1] "Completed 64 Rows @ 2025-04-28 10:32:44"
[1] "Completed 65 Rows @ 2025-04-28 10:32:53"
[1] "Completed 66 Rows @ 2025-04-28 10:33:05"
[1] "Completed 67 Rows @ 2025-04-28 10:33:20"
[1] "Completed 68 Rows @ 2025-04-28 10:33:32"
[1] "Completed 69 Rows @ 2025-04-28 10:33:43"
[1] "Completed 70 Rows @ 2025-04-28 10:33:52"
[1] "Completed 71 Rows @ 2025-04-28 10:34:03"
[1] "Completed 72 Rows @ 2025-04-28 10:34:10"
[1] "Completed 73 Rows @ 2025-04-28 10:34:21"
[1] "Completed 74 Rows @ 2025-04-28 10:34:33"
[1] "Completed 75 Rows @ 2025-04-28 10:34:39"
[1] "Completed 76 Rows @ 2025-04-28 10:34:52"
[1] "Completed 77 Rows @ 2025-04-28 10:34:59"
[1] "Completed 78 Rows @ 2025-04-28 10:35:07"
[1] "Completed 79 Rows @ 2025-04-28 10:35:15"
[1] "Completed 80 Rows @ 2025-04-28 10:35:18"
[1] "Completed 81 Rows @ 2025-04-28 10:35:25"
[1] "Completed 82 Rows @ 2025-04-28 10:35:38"
[1] "Completed 83 Rows @ 2025-04-28 10:35:42"
[1] "Completed 84 Rows @ 2025-04-28 10:35:47"
[1] "Completed 85 Rows @ 2025-04-28 10:35:52"
[1] "Completed 86 Rows @ 2025-04-28 10:35:57"
[1] "Completed 87 Rows @ 2025-04-28 10:36:02"
[1] "Completed 88 Rows @ 2025-04-28 10:36:16"
[1] "Completed 89 Rows @ 2025-04-28 10:36:27"
[1] "Completed 90 Rows @ 2025-04-28 10:36:47"
[1] "Completed 91 Rows @ 2025-04-28 10:36:51"
[1] "Completed 92 Rows @ 2025-04-28 10:37:10"
[1] "Completed 93 Rows @ 2025-04-28 10:37:21"
[1] "Completed 94 Rows @ 2025-04-28 10:37:29"
[1] "Completed 95 Rows @ 2025-04-28 10:37:33"
[1] "Completed 96 Rows @ 2025-04-28 10:37:38"
[1] "Completed 97 Rows @ 2025-04-28 10:37:55"
[1] "Completed 98 Rows @ 2025-04-28 10:38:31"
[1] "Completed 99 Rows @ 2025-04-28 10:38:35"
[1] "Completed 100 Rows @ 2025-04-28 10:39:08"
[1] "Completed 101 Rows @ 2025-04-28 10:39:12"
[1] "Completed 102 Rows @ 2025-04-28 10:39:19"
[1] "Completed 103 Rows @ 2025-04-28 10:39:29"
[1] "Completed 104 Rows @ 2025-04-28 10:39:39"
[1] "Completed 105 Rows @ 2025-04-28 10:39:48"
[1] "Completed 106 Rows @ 2025-04-28 10:40:00"
[1] "Completed 107 Rows @ 2025-04-28 10:40:10"
[1] "Completed 108 Rows @ 2025-04-28 10:40:14"
[1] "Completed 109 Rows @ 2025-04-28 10:40:24"
[1] "Completed 110 Rows @ 2025-04-28 10:40:28"
[1] "Completed 111 Rows @ 2025-04-28 10:40:38"
[1] "Completed 112 Rows @ 2025-04-28 10:40:42"
[1] "Completed 113 Rows @ 2025-04-28 10:40:49"
[1] "Completed 114 Rows @ 2025-04-28 10:41:09"
[1] "Completed 115 Rows @ 2025-04-28 10:41:16"
[1] "Completed 116 Rows @ 2025-04-28 10:41:30"
[1] "Completed 117 Rows @ 2025-04-28 10:41:39"
[1] "Completed 118 Rows @ 2025-04-28 10:41:51"
[1] "Completed 119 Rows @ 2025-04-28 10:41:56"
[1] "Completed 120 Rows @ 2025-04-28 10:42:00"
[1] "Script Complete @ 2025-04-28 10:42:01"
