Reading layer `US_county_2022' from data source 
  `/work/GRDVULN/sewershed/Data/US_county_2022.shp' using driver `ESRI Shapefile'
Simple feature collection with 3222 features and 21 fields
Geometry type: MULTIPOLYGON
Dimension:     XY
Bounding box:  xmin: -7115208 ymin: -1685018 xmax: 3321632 ymax: 4591848
Projected CRS: USA_Contiguous_Albers_Equal_Area_Conic
[1] "Extracting Highways for 16 Counties @ 2025-04-28 10:19:13"
[1] "Completed 1 Rows @ 2025-04-28 10:19:45"
[1] "Completed 2 Rows @ 2025-04-28 10:22:41"
[1] "Completed 3 Rows @ 2025-04-28 10:25:26"
[1] "Completed 4 Rows @ 2025-04-28 10:26:26"
[1] "Completed 5 Rows @ 2025-04-28 10:28:26"
[1] "Completed 6 Rows @ 2025-04-28 10:29:20"
[1] "Completed 7 Rows @ 2025-04-28 10:29:42"
[1] "Completed 8 Rows @ 2025-04-28 10:30:07"
[1] "Completed 9 Rows @ 2025-04-28 10:33:05"
[1] "Completed 10 Rows @ 2025-04-28 10:36:16"
[1] "Completed 11 Rows @ 2025-04-28 10:37:08"
[1] "Completed 12 Rows @ 2025-04-28 10:37:19"
[1] "Completed 13 Rows @ 2025-04-28 10:39:23"
[1] "Completed 14 Rows @ 2025-04-28 10:39:47"
[1] "Completed 15 Rows @ 2025-04-28 10:40:58"
[1] "Completed 16 Rows @ 2025-04-28 10:42:30"
[1] "Script Complete @ 2025-04-28 10:42:31"
