Reading layer `US_county_2022' from data source 
  `/work/GRDVULN/sewershed/Data/US_county_2022.shp' using driver `ESRI Shapefile'
Simple feature collection with 3222 features and 21 fields
Geometry type: MULTIPOLYGON
Dimension:     XY
Bounding box:  xmin: -7115208 ymin: -1685018 xmax: 3321632 ymax: 4591848
Projected CRS: USA_Contiguous_Albers_Equal_Area_Conic
[1] "Extracting Highways for 87 Counties @ 2025-04-28 10:19:14"
[1] "Completed 1 Rows @ 2025-04-28 10:19:29"
[1] "Completed 2 Rows @ 2025-04-28 10:20:44"
[1] "Completed 3 Rows @ 2025-04-28 10:21:01"
[1] "Completed 4 Rows @ 2025-04-28 10:22:03"
[1] "Completed 5 Rows @ 2025-04-28 10:22:11"
[1] "Completed 6 Rows @ 2025-04-28 10:22:19"
[1] "Completed 7 Rows @ 2025-04-28 10:22:38"
[1] "Completed 8 Rows @ 2025-04-28 10:22:48"
[1] "Completed 9 Rows @ 2025-04-28 10:22:59"
[1] "Completed 10 Rows @ 2025-04-28 10:23:24"
[1] "Completed 11 Rows @ 2025-04-28 10:25:15"
[1] "Completed 12 Rows @ 2025-04-28 10:25:28"
[1] "Completed 13 Rows @ 2025-04-28 10:25:39"
[1] "Completed 14 Rows @ 2025-04-28 10:25:56"
[1] "Completed 15 Rows @ 2025-04-28 10:26:02"
[1] "Completed 16 Rows @ 2025-04-28 10:26:30"
[1] "Completed 17 Rows @ 2025-04-28 10:26:35"
[1] "Completed 18 Rows @ 2025-04-28 10:27:01"
[1] "Completed 19 Rows @ 2025-04-28 10:28:08"
[1] "Completed 20 Rows @ 2025-04-28 10:28:12"
[1] "Completed 21 Rows @ 2025-04-28 10:28:22"
[1] "Completed 22 Rows @ 2025-04-28 10:28:28"
[1] "Completed 23 Rows @ 2025-04-28 10:28:36"
[1] "Completed 24 Rows @ 2025-04-28 10:28:43"
[1] "Completed 25 Rows @ 2025-04-28 10:29:08"
[1] "Completed 26 Rows @ 2025-04-28 10:29:11"
[1] "Completed 27 Rows @ 2025-04-28 10:31:10"
[1] "Completed 28 Rows @ 2025-04-28 10:31:22"
[1] "Completed 29 Rows @ 2025-04-28 10:31:30"
[1] "Completed 30 Rows @ 2025-04-28 10:31:37"
[1] "Completed 31 Rows @ 2025-04-28 10:32:41"
[1] "Completed 32 Rows @ 2025-04-28 10:32:53"
[1] "Completed 33 Rows @ 2025-04-28 10:32:58"
[1] "Completed 34 Rows @ 2025-04-28 10:33:06"
[1] "Completed 35 Rows @ 2025-04-28 10:33:13"
[1] "Completed 36 Rows @ 2025-04-28 10:33:46"
[1] "Completed 37 Rows @ 2025-04-28 10:33:56"
[1] "Completed 38 Rows @ 2025-04-28 10:34:06"
[1] "Completed 39 Rows @ 2025-04-28 10:34:17"
[1] "Completed 40 Rows @ 2025-04-28 10:34:24"
[1] "Completed 41 Rows @ 2025-04-28 10:34:29"
[1] "Completed 42 Rows @ 2025-04-28 10:34:35"
[1] "Completed 43 Rows @ 2025-04-28 10:34:42"
[1] "Completed 44 Rows @ 2025-04-28 10:34:44"
[1] "Completed 45 Rows @ 2025-04-28 10:34:58"
[1] "Completed 46 Rows @ 2025-04-28 10:35:05"
[1] "Completed 47 Rows @ 2025-04-28 10:35:14"
[1] "Completed 48 Rows @ 2025-04-28 10:35:22"
[1] "Completed 49 Rows @ 2025-04-28 10:35:46"
[1] "Completed 50 Rows @ 2025-04-28 10:35:52"
[1] "Completed 51 Rows @ 2025-04-28 10:35:57"
[1] "Completed 52 Rows @ 2025-04-28 10:36:11"
[1] "Completed 53 Rows @ 2025-04-28 10:36:18"
[1] "Completed 54 Rows @ 2025-04-28 10:36:23"
[1] "Completed 55 Rows @ 2025-04-28 10:36:41"
[1] "Completed 56 Rows @ 2025-04-28 10:37:18"
[1] "Completed 57 Rows @ 2025-04-28 10:37:23"
[1] "Completed 58 Rows @ 2025-04-28 10:37:48"
[1] "Completed 59 Rows @ 2025-04-28 10:37:51"
[1] "Completed 60 Rows @ 2025-04-28 10:39:13"
[1] "Completed 61 Rows @ 2025-04-28 10:39:18"
[1] "Completed 62 Rows @ 2025-04-28 10:39:34"
[1] "Completed 63 Rows @ 2025-04-28 10:39:37"
[1] "Completed 64 Rows @ 2025-04-28 10:39:49"
[1] "Completed 65 Rows @ 2025-04-28 10:40:02"
[1] "Completed 66 Rows @ 2025-04-28 10:40:14"
[1] "Completed 67 Rows @ 2025-04-28 10:40:17"
[1] "Completed 68 Rows @ 2025-04-28 10:40:30"
[1] "Completed 69 Rows @ 2025-04-28 10:44:04"
[1] "Completed 70 Rows @ 2025-04-28 10:44:27"
[1] "Completed 71 Rows @ 2025-04-28 10:44:43"
[1] "Completed 72 Rows @ 2025-04-28 10:44:51"
[1] "Completed 73 Rows @ 2025-04-28 10:45:42"
[1] "Completed 74 Rows @ 2025-04-28 10:45:46"
[1] "Completed 75 Rows @ 2025-04-28 10:45:50"
[1] "Completed 76 Rows @ 2025-04-28 10:45:56"
[1] "Completed 77 Rows @ 2025-04-28 10:46:05"
[1] "Completed 78 Rows @ 2025-04-28 10:46:11"
[1] "Completed 79 Rows @ 2025-04-28 10:46:20"
[1] "Completed 80 Rows @ 2025-04-28 10:46:24"
[1] "Completed 81 Rows @ 2025-04-28 10:46:28"
[1] "Completed 82 Rows @ 2025-04-28 10:46:56"
[1] "Completed 83 Rows @ 2025-04-28 10:46:59"
[1] "Completed 84 Rows @ 2025-04-28 10:47:05"
[1] "Completed 85 Rows @ 2025-04-28 10:47:17"
[1] "Completed 86 Rows @ 2025-04-28 10:47:58"
[1] "Completed 87 Rows @ 2025-04-28 10:48:12"
[1] "Script Complete @ 2025-04-28 10:48:12"
