Reading layer `US_county_2022' from data source 
  `/work/GRDVULN/sewershed/Data/US_county_2022.shp' using driver `ESRI Shapefile'
Simple feature collection with 3222 features and 21 fields
Geometry type: MULTIPOLYGON
Dimension:     XY
Bounding box:  xmin: -7115208 ymin: -1685018 xmax: 3321632 ymax: 4591848
Projected CRS: USA_Contiguous_Albers_Equal_Area_Conic
[1] "Extracting Highways for 17 Counties @ 2025-04-28 10:35:54"
[1] "Completed 1 Rows @ 2025-04-28 10:36:33"
[1] "Completed 2 Rows @ 2025-04-28 10:48:40"
[1] "Completed 3 Rows @ 2025-04-28 10:48:56"
[1] "Completed 4 Rows @ 2025-04-28 10:50:41"
[1] "Completed 5 Rows @ 2025-04-28 10:51:19"
[1] "Completed 6 Rows @ 2025-04-28 10:51:54"
[1] "Completed 7 Rows @ 2025-04-28 10:52:52"
[1] "Completed 8 Rows @ 2025-04-28 10:53:43"
[1] "Completed 9 Rows @ 2025-04-28 10:54:27"
[1] "Completed 10 Rows @ 2025-04-28 10:55:35"
[1] "Completed 11 Rows @ 2025-04-28 10:56:13"
[1] "Completed 12 Rows @ 2025-04-28 11:09:21"
[1] "Completed 13 Rows @ 2025-04-28 11:10:06"
[1] "Completed 14 Rows @ 2025-04-28 11:10:11"
[1] "Completed 15 Rows @ 2025-04-28 11:13:08"
[1] "Completed 16 Rows @ 2025-04-28 11:13:52"
[1] "Completed 17 Rows @ 2025-04-28 11:14:00"
[1] "Script Complete @ 2025-04-28 11:14:00"
