Reading layer `US_county_2022' from data source 
  `/work/GRDVULN/sewershed/Data/US_county_2022.shp' using driver `ESRI Shapefile'
Simple feature collection with 3222 features and 21 fields
Geometry type: MULTIPOLYGON
Dimension:     XY
Bounding box:  xmin: -7115208 ymin: -1685018 xmax: 3321632 ymax: 4591848
Projected CRS: USA_Contiguous_Albers_Equal_Area_Conic
[1] "Extracting Highways for 21 Counties @ 2025-04-28 10:38:15"
[1] "Completed 1 Rows @ 2025-04-28 10:38:49"
[1] "Completed 2 Rows @ 2025-04-28 10:39:50"
[1] "Completed 3 Rows @ 2025-04-28 10:42:38"
[1] "Completed 4 Rows @ 2025-04-28 10:43:34"
[1] "Completed 5 Rows @ 2025-04-28 10:43:46"
[1] "Completed 6 Rows @ 2025-04-28 10:44:16"
[1] "Completed 7 Rows @ 2025-04-28 10:44:34"
[1] "Completed 8 Rows @ 2025-04-28 10:45:34"
[1] "Completed 9 Rows @ 2025-04-28 10:45:47"
[1] "Completed 10 Rows @ 2025-04-28 10:46:19"
[1] "Completed 11 Rows @ 2025-04-28 10:46:51"
[1] "Completed 12 Rows @ 2025-04-28 10:47:52"
[1] "Completed 13 Rows @ 2025-04-28 10:50:03"
[1] "Completed 14 Rows @ 2025-04-28 10:51:37"
[1] "Completed 15 Rows @ 2025-04-28 10:53:11"
[1] "Completed 16 Rows @ 2025-04-28 10:53:55"
[1] "Completed 17 Rows @ 2025-04-28 10:54:40"
[1] "Completed 18 Rows @ 2025-04-28 10:55:23"
[1] "Completed 19 Rows @ 2025-04-28 10:56:13"
[1] "Completed 20 Rows @ 2025-04-28 10:56:25"
[1] "Completed 21 Rows @ 2025-04-28 10:56:57"
[1] "Script Complete @ 2025-04-28 10:56:58"
