Reading layer `US_county_2022' from data source 
  `/work/GRDVULN/sewershed/Data/US_county_2022.shp' using driver `ESRI Shapefile'
Simple feature collection with 3222 features and 21 fields
Geometry type: MULTIPOLYGON
Dimension:     XY
Bounding box:  xmin: -7115208 ymin: -1685018 xmax: 3321632 ymax: 4591848
Projected CRS: USA_Contiguous_Albers_Equal_Area_Conic
[1] "Extracting Highways for 33 Counties @ 2025-04-28 10:40:37"
[1] "Completed 1 Rows @ 2025-04-28 10:42:01"
[1] "Completed 2 Rows @ 2025-04-28 10:43:02"
[1] "Completed 3 Rows @ 2025-04-28 10:49:32"
[1] "Completed 4 Rows @ 2025-04-28 10:50:58"
[1] "Completed 5 Rows @ 2025-04-28 10:51:58"
[1] "Completed 6 Rows @ 2025-04-28 10:52:24"
[1] "Completed 7 Rows @ 2025-04-28 10:52:59"
[1] "Completed 8 Rows @ 2025-04-28 10:56:24"
[1] "Completed 9 Rows @ 2025-04-28 10:57:50"
[1] "Completed 10 Rows @ 2025-04-28 11:00:20"
[1] "Completed 11 Rows @ 2025-04-28 11:01:22"
[1] "Completed 12 Rows @ 2025-04-28 11:02:07"
[1] "Completed 13 Rows @ 2025-04-28 11:02:54"
[1] "Completed 14 Rows @ 2025-04-28 11:04:19"
[1] "Completed 15 Rows @ 2025-04-28 11:05:49"
[1] "Completed 16 Rows @ 2025-04-28 11:06:05"
[1] "Completed 17 Rows @ 2025-04-28 11:06:58"
[1] "Completed 18 Rows @ 2025-04-28 11:09:10"
[1] "Completed 19 Rows @ 2025-04-28 11:09:35"
[1] "Completed 20 Rows @ 2025-04-28 11:13:09"
[1] "Completed 21 Rows @ 2025-04-28 11:14:38"
[1] "Completed 22 Rows @ 2025-04-28 11:20:08"
[1] "Completed 23 Rows @ 2025-04-28 11:21:12"
[1] "Completed 24 Rows @ 2025-04-28 11:23:40"
[1] "Completed 25 Rows @ 2025-04-28 11:26:02"
[1] "Completed 26 Rows @ 2025-04-28 11:28:35"
[1] "Completed 27 Rows @ 2025-04-28 11:29:22"
[1] "Completed 28 Rows @ 2025-04-28 11:30:15"
[1] "Completed 29 Rows @ 2025-04-28 11:31:35"
[1] "Completed 30 Rows @ 2025-04-28 11:32:22"
[1] "Completed 31 Rows @ 2025-04-28 11:33:04"
[1] "Completed 32 Rows @ 2025-04-28 11:34:38"
[1] "Completed 33 Rows @ 2025-04-28 11:35:04"
[1] "Script Complete @ 2025-04-28 11:35:05"
