Reading layer `US_county_2022' from data source 
  `/work/GRDVULN/sewershed/Data/US_county_2022.shp' using driver `ESRI Shapefile'
Simple feature collection with 3222 features and 21 fields
Geometry type: MULTIPOLYGON
Dimension:     XY
Bounding box:  xmin: -7115208 ymin: -1685018 xmax: 3321632 ymax: 4591848
Projected CRS: USA_Contiguous_Albers_Equal_Area_Conic
[1] "Extracting Highways for 88 Counties @ 2025-04-28 10:42:04"
[1] "Completed 1 Rows @ 2025-04-28 10:42:17"
[1] "Completed 2 Rows @ 2025-04-28 10:42:27"
[1] "Completed 3 Rows @ 2025-04-28 10:42:38"
[1] "Completed 4 Rows @ 2025-04-28 10:42:51"
[1] "Completed 5 Rows @ 2025-04-28 10:43:03"
[1] "Completed 6 Rows @ 2025-04-28 10:43:13"
[1] "Completed 7 Rows @ 2025-04-28 10:43:35"
[1] "Completed 8 Rows @ 2025-04-28 10:43:48"
[1] "Completed 9 Rows @ 2025-04-28 10:44:11"
[1] "Completed 10 Rows @ 2025-04-28 10:44:17"
[1] "Completed 11 Rows @ 2025-04-28 10:44:24"
[1] "Completed 12 Rows @ 2025-04-28 10:44:38"
[1] "Completed 13 Rows @ 2025-04-28 10:44:59"
[1] "Completed 14 Rows @ 2025-04-28 10:45:04"
[1] "Completed 15 Rows @ 2025-04-28 10:45:21"
[1] "Completed 16 Rows @ 2025-04-28 10:45:29"
[1] "Completed 17 Rows @ 2025-04-28 10:45:35"
[1] "Completed 18 Rows @ 2025-04-28 10:46:26"
[1] "Completed 19 Rows @ 2025-04-28 10:46:34"
[1] "Completed 20 Rows @ 2025-04-28 10:46:43"
[1] "Completed 21 Rows @ 2025-04-28 10:47:03"
[1] "Completed 22 Rows @ 2025-04-28 10:47:12"
[1] "Completed 23 Rows @ 2025-04-28 10:47:30"
[1] "Completed 24 Rows @ 2025-04-28 10:47:33"
[1] "Completed 25 Rows @ 2025-04-28 10:48:31"
[1] "Completed 26 Rows @ 2025-04-28 10:48:36"
[1] "Completed 27 Rows @ 2025-04-28 10:48:49"
[1] "Completed 28 Rows @ 2025-04-28 10:49:01"
[1] "Completed 29 Rows @ 2025-04-28 10:49:12"
[1] "Completed 30 Rows @ 2025-04-28 10:49:25"
[1] "Completed 31 Rows @ 2025-04-28 10:50:17"
[1] "Completed 32 Rows @ 2025-04-28 10:50:26"
[1] "Completed 33 Rows @ 2025-04-28 10:50:33"
[1] "Completed 34 Rows @ 2025-04-28 10:50:40"
[1] "Completed 35 Rows @ 2025-04-28 10:50:46"
[1] "Completed 36 Rows @ 2025-04-28 10:50:55"
[1] "Completed 37 Rows @ 2025-04-28 10:51:04"
[1] "Completed 38 Rows @ 2025-04-28 10:51:09"
[1] "Completed 39 Rows @ 2025-04-28 10:51:16"
[1] "Completed 40 Rows @ 2025-04-28 10:51:25"
[1] "Completed 41 Rows @ 2025-04-28 10:51:38"
[1] "Completed 42 Rows @ 2025-04-28 10:51:52"
[1] "Completed 43 Rows @ 2025-04-28 10:52:08"
[1] "Completed 44 Rows @ 2025-04-28 10:52:38"
[1] "Completed 45 Rows @ 2025-04-28 10:53:06"
[1] "Completed 46 Rows @ 2025-04-28 10:53:10"
[1] "Completed 47 Rows @ 2025-04-28 10:53:40"
[1] "Completed 48 Rows @ 2025-04-28 10:54:24"
[1] "Completed 49 Rows @ 2025-04-28 10:54:29"
[1] "Completed 50 Rows @ 2025-04-28 10:54:45"
[1] "Completed 51 Rows @ 2025-04-28 10:54:56"
[1] "Completed 52 Rows @ 2025-04-28 10:55:06"
[1] "Completed 53 Rows @ 2025-04-28 10:55:18"
[1] "Completed 54 Rows @ 2025-04-28 10:55:24"
[1] "Completed 55 Rows @ 2025-04-28 10:55:36"
[1] "Completed 56 Rows @ 2025-04-28 10:55:44"
[1] "Completed 57 Rows @ 2025-04-28 10:56:23"
[1] "Completed 58 Rows @ 2025-04-28 10:56:45"
[1] "Completed 59 Rows @ 2025-04-28 10:56:52"
[1] "Completed 60 Rows @ 2025-04-28 10:57:11"
[1] "Completed 61 Rows @ 2025-04-28 10:57:20"
[1] "Completed 62 Rows @ 2025-04-28 10:57:27"
[1] "Completed 63 Rows @ 2025-04-28 10:57:33"
[1] "Completed 64 Rows @ 2025-04-28 10:57:42"
[1] "Completed 65 Rows @ 2025-04-28 10:57:51"
[1] "Completed 66 Rows @ 2025-04-28 10:57:58"
[1] "Completed 67 Rows @ 2025-04-28 10:58:12"
[1] "Completed 68 Rows @ 2025-04-28 10:58:18"
[1] "Completed 69 Rows @ 2025-04-28 10:58:29"
[1] "Completed 70 Rows @ 2025-04-28 10:58:45"
[1] "Completed 71 Rows @ 2025-04-28 10:58:56"
[1] "Completed 72 Rows @ 2025-04-28 10:59:06"
[1] "Completed 73 Rows @ 2025-04-28 10:59:25"
[1] "Completed 74 Rows @ 2025-04-28 10:59:36"
[1] "Completed 75 Rows @ 2025-04-28 10:59:44"
[1] "Completed 76 Rows @ 2025-04-28 11:00:24"
[1] "Completed 77 Rows @ 2025-04-28 11:00:58"
[1] "Completed 78 Rows @ 2025-04-28 11:01:16"
[1] "Completed 79 Rows @ 2025-04-28 11:01:32"
[1] "Completed 80 Rows @ 2025-04-28 11:01:41"
[1] "Completed 81 Rows @ 2025-04-28 11:01:48"
[1] "Completed 82 Rows @ 2025-04-28 11:01:56"
[1] "Completed 83 Rows @ 2025-04-28 11:02:16"
[1] "Completed 84 Rows @ 2025-04-28 11:02:52"
[1] "Completed 85 Rows @ 2025-04-28 11:03:00"
[1] "Completed 86 Rows @ 2025-04-28 11:03:07"
[1] "Completed 87 Rows @ 2025-04-28 11:03:27"
[1] "Completed 88 Rows @ 2025-04-28 11:03:33"
[1] "Script Complete @ 2025-04-28 11:03:34"
