Reading layer `US_county_2022' from data source 
  `/work/GRDVULN/sewershed/Data/US_county_2022.shp' using driver `ESRI Shapefile'
Simple feature collection with 3222 features and 21 fields
Geometry type: MULTIPOLYGON
Dimension:     XY
Bounding box:  xmin: -7115208 ymin: -1685018 xmax: 3321632 ymax: 4591848
Projected CRS: USA_Contiguous_Albers_Equal_Area_Conic
[1] "Extracting Highways for 36 Counties @ 2025-04-28 10:44:14"
[1] "Completed 1 Rows @ 2025-04-28 10:45:09"
[1] "Completed 2 Rows @ 2025-04-28 10:45:36"
[1] "Completed 3 Rows @ 2025-04-28 10:47:12"
[1] "Completed 4 Rows @ 2025-04-28 10:47:23"
[1] "Completed 5 Rows @ 2025-04-28 10:47:47"
[1] "Completed 6 Rows @ 2025-04-28 10:48:30"
[1] "Completed 7 Rows @ 2025-04-28 10:49:05"
[1] "Completed 8 Rows @ 2025-04-28 10:49:26"
[1] "Completed 9 Rows @ 2025-04-28 10:51:28"
[1] "Completed 10 Rows @ 2025-04-28 10:54:32"
[1] "Completed 11 Rows @ 2025-04-28 10:54:44"
[1] "Completed 12 Rows @ 2025-04-28 10:55:15"
[1] "Completed 13 Rows @ 2025-04-28 10:56:10"
[1] "Completed 14 Rows @ 2025-04-28 10:56:15"
[1] "Completed 15 Rows @ 2025-04-28 10:57:20"
[1] "Completed 16 Rows @ 2025-04-28 10:57:35"
[1] "Completed 17 Rows @ 2025-04-28 10:57:53"
[1] "Completed 18 Rows @ 2025-04-28 10:59:14"
[1] "Completed 19 Rows @ 2025-04-28 11:00:09"
[1] "Completed 20 Rows @ 2025-04-28 11:03:26"
[1] "Completed 21 Rows @ 2025-04-28 11:03:45"
[1] "Completed 22 Rows @ 2025-04-28 11:04:30"
[1] "Completed 23 Rows @ 2025-04-28 11:05:48"
[1] "Completed 24 Rows @ 2025-04-28 11:07:09"
[1] "Completed 25 Rows @ 2025-04-28 11:07:28"
[1] "Completed 26 Rows @ 2025-04-28 11:09:29"
[1] "Completed 27 Rows @ 2025-04-28 11:09:45"
[1] "Completed 28 Rows @ 2025-04-28 11:09:55"
[1] "Completed 29 Rows @ 2025-04-28 11:10:12"
[1] "Completed 30 Rows @ 2025-04-28 11:11:40"
[1] "Completed 31 Rows @ 2025-04-28 11:12:57"
[1] "Completed 32 Rows @ 2025-04-28 11:13:53"
[1] "Completed 33 Rows @ 2025-04-28 11:14:37"
[1] "Completed 34 Rows @ 2025-04-28 11:15:42"
[1] "Completed 35 Rows @ 2025-04-28 11:15:53"
[1] "Completed 36 Rows @ 2025-04-28 11:16:19"
[1] "Script Complete @ 2025-04-28 11:16:20"
