Reading layer `US_county_2022' from data source 
  `/work/GRDVULN/sewershed/Data/US_county_2022.shp' using driver `ESRI Shapefile'
Simple feature collection with 3222 features and 21 fields
Geometry type: MULTIPOLYGON
Dimension:     XY
Bounding box:  xmin: -7115208 ymin: -1685018 xmax: 3321632 ymax: 4591848
Projected CRS: USA_Contiguous_Albers_Equal_Area_Conic
[1] "Extracting Highways for 46 Counties @ 2025-04-28 10:47:53"
[1] "Completed 1 Rows @ 2025-04-28 10:48:12"
[1] "Completed 2 Rows @ 2025-04-28 10:50:28"
[1] "Completed 3 Rows @ 2025-04-28 10:50:47"
[1] "Completed 4 Rows @ 2025-04-28 10:52:44"
[1] "Completed 5 Rows @ 2025-04-28 10:52:59"
[1] "Completed 6 Rows @ 2025-04-28 10:53:18"
[1] "Completed 7 Rows @ 2025-04-28 10:54:15"
[1] "Completed 8 Rows @ 2025-04-28 10:57:37"
[1] "Completed 9 Rows @ 2025-04-28 10:58:02"
[1] "Completed 10 Rows @ 2025-04-28 11:01:58"
[1] "Completed 11 Rows @ 2025-04-28 11:02:21"
[1] "Completed 12 Rows @ 2025-04-28 11:02:29"
[1] "Completed 13 Rows @ 2025-04-28 11:03:04"
[1] "Completed 14 Rows @ 2025-04-28 11:03:48"
[1] "Completed 15 Rows @ 2025-04-28 11:05:01"
[1] "Completed 16 Rows @ 2025-04-28 11:05:44"
[1] "Completed 17 Rows @ 2025-04-28 11:06:00"
[1] "Completed 18 Rows @ 2025-04-28 11:07:20"
[1] "Completed 19 Rows @ 2025-04-28 11:07:47"
[1] "Completed 20 Rows @ 2025-04-28 11:08:08"
[1] "Completed 21 Rows @ 2025-04-28 11:09:19"
[1] "Completed 22 Rows @ 2025-04-28 11:10:23"
[1] "Completed 23 Rows @ 2025-04-28 11:13:46"
[1] "Completed 24 Rows @ 2025-04-28 11:14:07"
[1] "Completed 25 Rows @ 2025-04-28 11:14:28"
[1] "Completed 26 Rows @ 2025-04-28 11:17:17"
[1] "Completed 27 Rows @ 2025-04-28 11:18:22"
[1] "Completed 28 Rows @ 2025-04-28 11:19:02"
[1] "Completed 29 Rows @ 2025-04-28 11:20:15"
[1] "Completed 30 Rows @ 2025-04-28 11:21:11"
[1] "Completed 31 Rows @ 2025-04-28 11:21:29"
[1] "Completed 32 Rows @ 2025-04-28 11:23:26"
[1] "Completed 33 Rows @ 2025-04-28 11:23:47"
[1] "Completed 34 Rows @ 2025-04-28 11:24:15"
[1] "Completed 35 Rows @ 2025-04-28 11:24:38"
[1] "Completed 36 Rows @ 2025-04-28 11:24:59"
[1] "Completed 37 Rows @ 2025-04-28 11:25:42"
[1] "Completed 38 Rows @ 2025-04-28 11:27:22"
[1] "Completed 39 Rows @ 2025-04-28 11:28:03"
[1] "Completed 40 Rows @ 2025-04-28 11:30:29"
[1] "Completed 41 Rows @ 2025-04-28 11:30:43"
[1] "Completed 42 Rows @ 2025-04-28 11:32:04"
[1] "Completed 43 Rows @ 2025-04-28 11:33:03"
[1] "Completed 44 Rows @ 2025-04-28 11:33:12"
[1] "Completed 45 Rows @ 2025-04-28 11:34:01"
[1] "Completed 46 Rows @ 2025-04-28 11:34:49"
[1] "Script Complete @ 2025-04-28 11:34:49"
