Reading layer `US_county_2022' from data source 
  `/work/GRDVULN/sewershed/Data/US_county_2022.shp' using driver `ESRI Shapefile'
Simple feature collection with 3222 features and 21 fields
Geometry type: MULTIPOLYGON
Dimension:     XY
Bounding box:  xmin: -7115208 ymin: -1685018 xmax: 3321632 ymax: 4591848
Projected CRS: USA_Contiguous_Albers_Equal_Area_Conic
[1] "Extracting Highways for 95 Counties @ 2025-04-28 10:50:32"
[1] "Completed 1 Rows @ 2025-04-28 10:51:08"
[1] "Completed 2 Rows @ 2025-04-28 10:51:15"
[1] "Completed 3 Rows @ 2025-04-28 10:51:23"
[1] "Completed 4 Rows @ 2025-04-28 10:51:35"
[1] "Completed 5 Rows @ 2025-04-28 10:52:01"
[1] "Completed 6 Rows @ 2025-04-28 10:52:13"
[1] "Completed 7 Rows @ 2025-04-28 10:52:27"
[1] "Completed 8 Rows @ 2025-04-28 10:52:31"
[1] "Completed 9 Rows @ 2025-04-28 10:52:39"
[1] "Completed 10 Rows @ 2025-04-28 10:52:53"
[1] "Completed 11 Rows @ 2025-04-28 10:53:04"
[1] "Completed 12 Rows @ 2025-04-28 10:53:11"
[1] "Completed 13 Rows @ 2025-04-28 10:53:21"
[1] "Completed 14 Rows @ 2025-04-28 10:53:26"
[1] "Completed 15 Rows @ 2025-04-28 10:53:41"
[1] "Completed 16 Rows @ 2025-04-28 10:53:52"
[1] "Completed 17 Rows @ 2025-04-28 10:53:58"
[1] "Completed 18 Rows @ 2025-04-28 10:54:18"
[1] "Completed 19 Rows @ 2025-04-28 10:55:38"
[1] "Completed 20 Rows @ 2025-04-28 10:55:43"
[1] "Completed 21 Rows @ 2025-04-28 10:55:50"
[1] "Completed 22 Rows @ 2025-04-28 10:56:02"
[1] "Completed 23 Rows @ 2025-04-28 10:56:10"
[1] "Completed 24 Rows @ 2025-04-28 10:56:19"
[1] "Completed 25 Rows @ 2025-04-28 10:56:27"
[1] "Completed 26 Rows @ 2025-04-28 10:56:38"
[1] "Completed 27 Rows @ 2025-04-28 10:56:50"
[1] "Completed 28 Rows @ 2025-04-28 10:57:08"
[1] "Completed 29 Rows @ 2025-04-28 10:57:25"
[1] "Completed 30 Rows @ 2025-04-28 10:57:50"
[1] "Completed 31 Rows @ 2025-04-28 10:57:55"
[1] "Completed 32 Rows @ 2025-04-28 10:58:05"
[1] "Completed 33 Rows @ 2025-04-28 10:59:00"
[1] "Completed 34 Rows @ 2025-04-28 10:59:06"
[1] "Completed 35 Rows @ 2025-04-28 10:59:13"
[1] "Completed 36 Rows @ 2025-04-28 10:59:23"
[1] "Completed 37 Rows @ 2025-04-28 10:59:46"
[1] "Completed 38 Rows @ 2025-04-28 10:59:55"
[1] "Completed 39 Rows @ 2025-04-28 11:00:03"
[1] "Completed 40 Rows @ 2025-04-28 11:00:16"
[1] "Completed 41 Rows @ 2025-04-28 11:00:25"
[1] "Completed 42 Rows @ 2025-04-28 11:00:29"
[1] "Completed 43 Rows @ 2025-04-28 11:00:38"
[1] "Completed 44 Rows @ 2025-04-28 11:00:43"
[1] "Completed 45 Rows @ 2025-04-28 11:00:58"
[1] "Completed 46 Rows @ 2025-04-28 11:01:05"
[1] "Completed 47 Rows @ 2025-04-28 11:02:24"
[1] "Completed 48 Rows @ 2025-04-28 11:02:28"
[1] "Completed 49 Rows @ 2025-04-28 11:02:40"
[1] "Completed 50 Rows @ 2025-04-28 11:02:51"
[1] "Completed 51 Rows @ 2025-04-28 11:02:59"
[1] "Completed 52 Rows @ 2025-04-28 11:03:09"
[1] "Completed 53 Rows @ 2025-04-28 11:03:24"
[1] "Completed 54 Rows @ 2025-04-28 11:03:40"
[1] "Completed 55 Rows @ 2025-04-28 11:03:47"
[1] "Completed 56 Rows @ 2025-04-28 11:03:52"
[1] "Completed 57 Rows @ 2025-04-28 11:04:05"
[1] "Completed 58 Rows @ 2025-04-28 11:04:16"
[1] "Completed 59 Rows @ 2025-04-28 11:04:26"
[1] "Completed 60 Rows @ 2025-04-28 11:04:55"
[1] "Completed 61 Rows @ 2025-04-28 11:05:09"
[1] "Completed 62 Rows @ 2025-04-28 11:05:26"
[1] "Completed 63 Rows @ 2025-04-28 11:05:46"
[1] "Completed 64 Rows @ 2025-04-28 11:05:50"
[1] "Completed 65 Rows @ 2025-04-28 11:06:06"
[1] "Completed 66 Rows @ 2025-04-28 11:06:18"
[1] "Completed 67 Rows @ 2025-04-28 11:06:28"
[1] "Completed 68 Rows @ 2025-04-28 11:06:33"
[1] "Completed 69 Rows @ 2025-04-28 11:06:38"
[1] "Completed 70 Rows @ 2025-04-28 11:06:44"
[1] "Completed 71 Rows @ 2025-04-28 11:07:05"
[1] "Completed 72 Rows @ 2025-04-28 11:07:15"
[1] "Completed 73 Rows @ 2025-04-28 11:07:37"
[1] "Completed 74 Rows @ 2025-04-28 11:07:51"
[1] "Completed 75 Rows @ 2025-04-28 11:08:45"
[1] "Completed 76 Rows @ 2025-04-28 11:08:55"
[1] "Completed 77 Rows @ 2025-04-28 11:09:04"
[1] "Completed 78 Rows @ 2025-04-28 11:09:35"
[1] "Completed 79 Rows @ 2025-04-28 11:11:10"
[1] "Completed 80 Rows @ 2025-04-28 11:11:19"
[1] "Completed 81 Rows @ 2025-04-28 11:11:24"
[1] "Completed 82 Rows @ 2025-04-28 11:11:54"
[1] "Completed 83 Rows @ 2025-04-28 11:12:26"
[1] "Completed 84 Rows @ 2025-04-28 11:12:36"
[1] "Completed 85 Rows @ 2025-04-28 11:12:39"
[1] "Completed 86 Rows @ 2025-04-28 11:12:46"
[1] "Completed 87 Rows @ 2025-04-28 11:12:50"
[1] "Completed 88 Rows @ 2025-04-28 11:12:54"
[1] "Completed 89 Rows @ 2025-04-28 11:13:02"
[1] "Completed 90 Rows @ 2025-04-28 11:13:18"
[1] "Completed 91 Rows @ 2025-04-28 11:13:27"
[1] "Completed 92 Rows @ 2025-04-28 11:13:37"
[1] "Completed 93 Rows @ 2025-04-28 11:13:43"
[1] "Completed 94 Rows @ 2025-04-28 11:14:26"
[1] "Completed 95 Rows @ 2025-04-28 11:15:07"
[1] "Script Complete @ 2025-04-28 11:15:08"
