Reading layer `US_county_2022' from data source 
  `/work/GRDVULN/sewershed/Data/US_county_2022.shp' using driver `ESRI Shapefile'
Simple feature collection with 3222 features and 21 fields
Geometry type: MULTIPOLYGON
Dimension:     XY
Bounding box:  xmin: -7115208 ymin: -1685018 xmax: 3321632 ymax: 4591848
Projected CRS: USA_Contiguous_Albers_Equal_Area_Conic
[1] "Extracting Highways for 254 Counties @ 2025-04-28 10:51:43"
[1] "Completed 1 Rows @ 2025-04-28 10:52:36"
[1] "Completed 2 Rows @ 2025-04-28 10:52:45"
[1] "Completed 3 Rows @ 2025-04-28 10:53:20"
[1] "Completed 4 Rows @ 2025-04-28 10:53:27"
[1] "Completed 5 Rows @ 2025-04-28 10:53:40"
[1] "Completed 6 Rows @ 2025-04-28 10:53:48"
[1] "Completed 7 Rows @ 2025-04-28 10:54:22"
[1] "Completed 8 Rows @ 2025-04-28 10:54:47"
[1] "Completed 9 Rows @ 2025-04-28 10:54:52"
[1] "Completed 10 Rows @ 2025-04-28 10:55:09"
[1] "Completed 11 Rows @ 2025-04-28 10:55:57"
[1] "Completed 12 Rows @ 2025-04-28 10:56:07"
[1] "Completed 13 Rows @ 2025-04-28 10:56:16"
[1] "Completed 14 Rows @ 2025-04-28 10:57:55"
[1] "Completed 15 Rows @ 2025-04-28 11:01:55"
[1] "Completed 16 Rows @ 2025-04-28 11:02:12"
[1] "Completed 17 Rows @ 2025-04-28 11:02:19"
[1] "Completed 18 Rows @ 2025-04-28 11:03:03"
[1] "Completed 19 Rows @ 2025-04-28 11:03:32"
[1] "Completed 20 Rows @ 2025-04-28 11:06:54"
[1] "Completed 21 Rows @ 2025-04-28 11:07:27"
[1] "Completed 22 Rows @ 2025-04-28 11:08:16"
[1] "Completed 23 Rows @ 2025-04-28 11:08:24"
[1] "Completed 24 Rows @ 2025-04-28 11:08:33"
[1] "Completed 25 Rows @ 2025-04-28 11:08:59"
[1] "Completed 26 Rows @ 2025-04-28 11:09:32"
[1] "Completed 27 Rows @ 2025-04-28 11:10:29"
[1] "Completed 28 Rows @ 2025-04-28 11:10:52"
[1] "Completed 29 Rows @ 2025-04-28 11:11:03"
[1] "Completed 30 Rows @ 2025-04-28 11:11:13"
[1] "Completed 31 Rows @ 2025-04-28 11:12:31"
[1] "Completed 32 Rows @ 2025-04-28 11:13:02"
[1] "Completed 33 Rows @ 2025-04-28 11:13:08"
[1] "Completed 34 Rows @ 2025-04-28 11:13:36"
[1] "Completed 35 Rows @ 2025-04-28 11:13:48"
[1] "Completed 36 Rows @ 2025-04-28 11:14:50"
[1] "Completed 37 Rows @ 2025-04-28 11:15:24"
[1] "Completed 38 Rows @ 2025-04-28 11:15:48"
[1] "Completed 39 Rows @ 2025-04-28 11:16:09"
[1] "Completed 40 Rows @ 2025-04-28 11:16:18"
[1] "Completed 41 Rows @ 2025-04-28 11:16:27"
[1] "Completed 42 Rows @ 2025-04-28 11:16:51"
[1] "Completed 43 Rows @ 2025-04-28 11:18:12"
[1] "Completed 44 Rows @ 2025-04-28 11:18:24"
[1] "Completed 45 Rows @ 2025-04-28 11:19:11"
[1] "Completed 46 Rows @ 2025-04-28 11:20:12"
[1] "Completed 47 Rows @ 2025-04-28 11:20:48"
[1] "Completed 48 Rows @ 2025-04-28 11:20:58"
[1] "Completed 49 Rows @ 2025-04-28 11:21:17"
[1] "Completed 50 Rows @ 2025-04-28 11:22:11"
[1] "Completed 51 Rows @ 2025-04-28 11:22:19"
[1] "Completed 52 Rows @ 2025-04-28 11:22:24"
[1] "Completed 53 Rows @ 2025-04-28 11:22:47"
[1] "Completed 54 Rows @ 2025-04-28 11:22:58"
[1] "Completed 55 Rows @ 2025-04-28 11:23:38"
[1] "Completed 56 Rows @ 2025-04-28 11:23:55"
[1] "Completed 57 Rows @ 2025-04-28 11:25:42"
[1] "Completed 58 Rows @ 2025-04-28 11:25:52"
[1] "Completed 59 Rows @ 2025-04-28 11:26:06"
[1] "Completed 60 Rows @ 2025-04-28 11:26:11"
[1] "Completed 61 Rows @ 2025-04-28 11:27:33"
[1] "Completed 62 Rows @ 2025-04-28 11:28:13"
[1] "Completed 63 Rows @ 2025-04-28 11:28:23"
[1] "Completed 64 Rows @ 2025-04-28 11:28:42"
[1] "Completed 65 Rows @ 2025-04-28 11:28:59"
[1] "Completed 66 Rows @ 2025-04-28 11:29:06"
[1] "Completed 67 Rows @ 2025-04-28 11:29:22"
[1] "Completed 68 Rows @ 2025-04-28 11:29:40"
[1] "Completed 69 Rows @ 2025-04-28 11:30:25"
[1] "Completed 70 Rows @ 2025-04-28 11:31:35"
[1] "Completed 71 Rows @ 2025-04-28 11:34:52"
[1] "Completed 72 Rows @ 2025-04-28 11:35:28"
[1] "Completed 73 Rows @ 2025-04-28 11:36:00"
[1] "Completed 74 Rows @ 2025-04-28 11:36:16"
[1] "Completed 75 Rows @ 2025-04-28 11:37:03"
[1] "Completed 76 Rows @ 2025-04-28 11:37:16"
[1] "Completed 77 Rows @ 2025-04-28 11:37:22"
[1] "Completed 78 Rows @ 2025-04-28 11:37:36"
[1] "Completed 79 Rows @ 2025-04-28 11:40:08"
[1] "Completed 80 Rows @ 2025-04-28 11:40:14"
[1] "Completed 81 Rows @ 2025-04-28 11:40:45"
[1] "Completed 82 Rows @ 2025-04-28 11:41:02"
[1] "Completed 83 Rows @ 2025-04-28 11:41:15"
[1] "Completed 84 Rows @ 2025-04-28 11:42:08"
[1] "Completed 85 Rows @ 2025-04-28 11:42:19"
[1] "Completed 86 Rows @ 2025-04-28 11:42:34"
[1] "Completed 87 Rows @ 2025-04-28 11:42:39"
[1] "Completed 88 Rows @ 2025-04-28 11:42:46"
[1] "Completed 89 Rows @ 2025-04-28 11:43:22"
[1] "Completed 90 Rows @ 2025-04-28 11:43:41"
[1] "Completed 91 Rows @ 2025-04-28 11:44:17"
[1] "Completed 92 Rows @ 2025-04-28 11:44:31"
[1] "Completed 93 Rows @ 2025-04-28 11:44:42"
[1] "Completed 94 Rows @ 2025-04-28 11:45:36"
[1] "Completed 95 Rows @ 2025-04-28 11:45:51"
[1] "Completed 96 Rows @ 2025-04-28 11:46:15"
[1] "Completed 97 Rows @ 2025-04-28 11:46:38"
[1] "Completed 98 Rows @ 2025-04-28 11:46:46"
[1] "Completed 99 Rows @ 2025-04-28 11:46:58"
[1] "Completed 100 Rows @ 2025-04-28 11:47:31"
[1] "Completed 101 Rows @ 2025-04-28 12:00:46"
[1] "Completed 102 Rows @ 2025-04-28 12:01:18"
[1] "Completed 103 Rows @ 2025-04-28 12:01:31"
[1] "Completed 104 Rows @ 2025-04-28 12:01:46"
[1] "Completed 105 Rows @ 2025-04-28 12:03:23"
[1] "Completed 106 Rows @ 2025-04-28 12:03:30"
[1] "Completed 107 Rows @ 2025-04-28 12:04:05"
[1] "Completed 108 Rows @ 2025-04-28 12:07:21"
[1] "Completed 109 Rows @ 2025-04-28 12:08:10"
[1] "Completed 110 Rows @ 2025-04-28 12:08:27"
[1] "Completed 111 Rows @ 2025-04-28 12:08:41"
[1] "Completed 112 Rows @ 2025-04-28 12:08:55"
[1] "Completed 113 Rows @ 2025-04-28 12:09:35"
[1] "Completed 114 Rows @ 2025-04-28 12:09:46"
[1] "Completed 115 Rows @ 2025-04-28 12:10:49"
[1] "Completed 116 Rows @ 2025-04-28 12:11:25"
[1] "Completed 117 Rows @ 2025-04-28 12:11:36"
[1] "Completed 118 Rows @ 2025-04-28 12:11:44"
[1] "Completed 119 Rows @ 2025-04-28 12:11:52"
[1] "Completed 120 Rows @ 2025-04-28 12:12:07"
[1] "Completed 121 Rows @ 2025-04-28 12:13:21"
[1] "Completed 122 Rows @ 2025-04-28 12:13:56"
[1] "Completed 123 Rows @ 2025-04-28 12:14:46"
[1] "Completed 124 Rows @ 2025-04-28 12:15:01"
[1] "Completed 125 Rows @ 2025-04-28 12:15:17"
[1] "Completed 126 Rows @ 2025-04-28 12:15:45"
[1] "Completed 127 Rows @ 2025-04-28 12:15:59"
[1] "Completed 128 Rows @ 2025-04-28 12:16:17"
[1] "Completed 129 Rows @ 2025-04-28 12:16:47"
[1] "Completed 130 Rows @ 2025-04-28 12:17:06"
[1] "Completed 131 Rows @ 2025-04-28 12:17:15"
[1] "Completed 132 Rows @ 2025-04-28 12:17:25"
[1] "Completed 133 Rows @ 2025-04-28 12:18:02"
[1] "Completed 134 Rows @ 2025-04-28 12:18:19"
[1] "Completed 135 Rows @ 2025-04-28 12:18:32"
[1] "Completed 136 Rows @ 2025-04-28 12:18:57"
[1] "Completed 137 Rows @ 2025-04-28 12:19:14"
[1] "Completed 138 Rows @ 2025-04-28 12:19:26"
[1] "Completed 139 Rows @ 2025-04-28 12:19:46"
[1] "Completed 140 Rows @ 2025-04-28 12:20:02"
[1] "Completed 141 Rows @ 2025-04-28 12:20:16"
[1] "Completed 142 Rows @ 2025-04-28 12:20:23"
[1] "Completed 143 Rows @ 2025-04-28 12:20:48"
[1] "Completed 144 Rows @ 2025-04-28 12:21:16"
[1] "Completed 145 Rows @ 2025-04-28 12:21:47"
[1] "Completed 146 Rows @ 2025-04-28 12:22:49"
[1] "Completed 147 Rows @ 2025-04-28 12:23:22"
[1] "Completed 148 Rows @ 2025-04-28 12:23:30"
[1] "Completed 149 Rows @ 2025-04-28 12:23:36"
[1] "Completed 150 Rows @ 2025-04-28 12:23:48"
[1] "Completed 151 Rows @ 2025-04-28 12:23:57"
[1] "Completed 152 Rows @ 2025-04-28 12:24:31"
[1] "Completed 153 Rows @ 2025-04-28 12:24:42"
[1] "Completed 154 Rows @ 2025-04-28 12:24:56"
[1] "Completed 155 Rows @ 2025-04-28 12:26:13"
[1] "Completed 156 Rows @ 2025-04-28 12:26:20"
[1] "Completed 157 Rows @ 2025-04-28 12:26:26"
[1] "Completed 158 Rows @ 2025-04-28 12:26:34"
[1] "Completed 159 Rows @ 2025-04-28 12:26:38"
[1] "Completed 160 Rows @ 2025-04-28 12:26:47"
[1] "Completed 161 Rows @ 2025-04-28 12:27:26"
[1] "Completed 162 Rows @ 2025-04-28 12:28:28"
[1] "Completed 163 Rows @ 2025-04-28 12:28:57"
[1] "Completed 164 Rows @ 2025-04-28 12:29:07"
[1] "Completed 165 Rows @ 2025-04-28 12:29:23"
[1] "Completed 166 Rows @ 2025-04-28 12:29:51"
[1] "Completed 167 Rows @ 2025-04-28 12:30:15"
[1] "Completed 168 Rows @ 2025-04-28 12:30:25"
[1] "Completed 169 Rows @ 2025-04-28 12:30:42"
[1] "Completed 170 Rows @ 2025-04-28 12:33:39"
[1] "Completed 171 Rows @ 2025-04-28 12:33:50"
[1] "Completed 172 Rows @ 2025-04-28 12:33:56"
[1] "Completed 173 Rows @ 2025-04-28 12:34:07"
[1] "Completed 174 Rows @ 2025-04-28 12:34:39"
[1] "Completed 175 Rows @ 2025-04-28 12:35:36"
[1] "Completed 176 Rows @ 2025-04-28 12:36:01"
[1] "Completed 177 Rows @ 2025-04-28 12:36:13"
[1] "Completed 178 Rows @ 2025-04-28 12:37:01"
[1] "Completed 179 Rows @ 2025-04-28 12:37:10"
[1] "Completed 180 Rows @ 2025-04-28 12:37:19"
[1] "Completed 181 Rows @ 2025-04-28 12:37:35"
[1] "Completed 182 Rows @ 2025-04-28 12:37:52"
[1] "Completed 183 Rows @ 2025-04-28 12:38:07"
[1] "Completed 184 Rows @ 2025-04-28 12:38:32"
[1] "Completed 185 Rows @ 2025-04-28 12:38:43"
[1] "Completed 186 Rows @ 2025-04-28 12:39:50"
[1] "Completed 187 Rows @ 2025-04-28 12:40:38"
[1] "Completed 188 Rows @ 2025-04-28 12:40:54"
[1] "Completed 189 Rows @ 2025-04-28 12:41:33"
[1] "Completed 190 Rows @ 2025-04-28 12:41:40"
[1] "Completed 191 Rows @ 2025-04-28 12:41:55"
[1] "Completed 192 Rows @ 2025-04-28 12:42:03"
[1] "Completed 193 Rows @ 2025-04-28 12:42:22"
[1] "Completed 194 Rows @ 2025-04-28 12:42:42"
[1] "Completed 195 Rows @ 2025-04-28 12:43:47"
[1] "Completed 196 Rows @ 2025-04-28 12:43:58"
[1] "Completed 197 Rows @ 2025-04-28 12:44:09"
[1] "Completed 198 Rows @ 2025-04-28 12:44:27"
[1] "Completed 199 Rows @ 2025-04-28 12:44:35"
[1] "Completed 200 Rows @ 2025-04-28 12:44:44"
[1] "Completed 201 Rows @ 2025-04-28 12:45:03"
[1] "Completed 202 Rows @ 2025-04-28 12:45:20"
[1] "Completed 203 Rows @ 2025-04-28 12:45:33"
[1] "Completed 204 Rows @ 2025-04-28 12:46:09"
[1] "Completed 205 Rows @ 2025-04-28 12:46:29"
[1] "Completed 206 Rows @ 2025-04-28 12:46:48"
[1] "Completed 207 Rows @ 2025-04-28 12:47:00"
[1] "Completed 208 Rows @ 2025-04-28 12:47:12"
[1] "Completed 209 Rows @ 2025-04-28 12:47:20"
[1] "Completed 210 Rows @ 2025-04-28 12:47:35"
[1] "Completed 211 Rows @ 2025-04-28 12:47:43"
[1] "Completed 212 Rows @ 2025-04-28 12:48:25"
[1] "Completed 213 Rows @ 2025-04-28 12:48:31"
[1] "Completed 214 Rows @ 2025-04-28 12:49:19"
[1] "Completed 215 Rows @ 2025-04-28 12:49:29"
[1] "Completed 216 Rows @ 2025-04-28 12:49:33"
[1] "Completed 217 Rows @ 2025-04-28 12:49:46"
[1] "Completed 218 Rows @ 2025-04-28 12:50:08"
[1] "Completed 219 Rows @ 2025-04-28 12:50:22"
[1] "Completed 220 Rows @ 2025-04-28 12:52:13"
[1] "Completed 221 Rows @ 2025-04-28 12:52:34"
[1] "Completed 222 Rows @ 2025-04-28 12:52:46"
[1] "Completed 223 Rows @ 2025-04-28 12:52:59"
[1] "Completed 224 Rows @ 2025-04-28 12:53:12"
[1] "Completed 225 Rows @ 2025-04-28 12:53:21"
[1] "Completed 226 Rows @ 2025-04-28 12:54:20"
[1] "Completed 227 Rows @ 2025-04-28 12:58:11"
[1] "Completed 228 Rows @ 2025-04-28 12:58:36"
[1] "Completed 229 Rows @ 2025-04-28 12:58:59"
[1] "Completed 230 Rows @ 2025-04-28 12:59:15"
[1] "Completed 231 Rows @ 2025-04-28 12:59:24"
[1] "Completed 232 Rows @ 2025-04-28 12:59:49"
[1] "Completed 233 Rows @ 2025-04-28 13:01:04"
[1] "Completed 234 Rows @ 2025-04-28 13:01:28"
[1] "Completed 235 Rows @ 2025-04-28 13:01:53"
[1] "Completed 236 Rows @ 2025-04-28 13:02:15"
[1] "Completed 237 Rows @ 2025-04-28 13:02:37"
[1] "Completed 238 Rows @ 2025-04-28 13:02:50"
[1] "Completed 239 Rows @ 2025-04-28 13:03:12"
[1] "Completed 240 Rows @ 2025-04-28 13:07:38"
[1] "Completed 241 Rows @ 2025-04-28 13:08:21"
[1] "Completed 242 Rows @ 2025-04-28 13:08:32"
[1] "Completed 243 Rows @ 2025-04-28 13:08:53"
[1] "Completed 244 Rows @ 2025-04-28 13:09:11"
[1] "Completed 245 Rows @ 2025-04-28 13:09:21"
[1] "Completed 246 Rows @ 2025-04-28 13:11:36"
[1] "Completed 247 Rows @ 2025-04-28 13:12:04"
[1] "Completed 248 Rows @ 2025-04-28 13:12:11"
[1] "Completed 249 Rows @ 2025-04-28 13:12:29"
[1] "Completed 250 Rows @ 2025-04-28 13:12:49"
[1] "Completed 251 Rows @ 2025-04-28 13:12:58"
[1] "Completed 252 Rows @ 2025-04-28 13:13:10"
[1] "Completed 253 Rows @ 2025-04-28 13:13:30"
[1] "Completed 254 Rows @ 2025-04-28 13:13:46"
[1] "Script Complete @ 2025-04-28 13:13:46"
