Reading layer `US_county_2022' from data source 
  `/work/GRDVULN/sewershed/Data/US_county_2022.shp' using driver `ESRI Shapefile'
Simple feature collection with 3222 features and 21 fields
Geometry type: MULTIPOLYGON
Dimension:     XY
Bounding box:  xmin: -7115208 ymin: -1685018 xmax: 3321632 ymax: 4591848
Projected CRS: USA_Contiguous_Albers_Equal_Area_Conic
[1] "Extracting Highways for 14 Counties @ 2025-04-28 10:57:01"
[1] "Completed 1 Rows @ 2025-04-28 10:57:21"
[1] "Completed 2 Rows @ 2025-04-28 10:57:36"
[1] "Completed 3 Rows @ 2025-04-28 10:57:55"
[1] "Completed 4 Rows @ 2025-04-28 10:58:20"
[1] "Completed 5 Rows @ 2025-04-28 10:58:30"
[1] "Completed 6 Rows @ 2025-04-28 10:58:45"
[1] "Completed 7 Rows @ 2025-04-28 10:58:48"
[1] "Completed 8 Rows @ 2025-04-28 10:58:56"
[1] "Completed 9 Rows @ 2025-04-28 10:59:14"
[1] "Completed 10 Rows @ 2025-04-28 10:59:26"
[1] "Completed 11 Rows @ 2025-04-28 10:59:56"
[1] "Completed 12 Rows @ 2025-04-28 11:00:17"
[1] "Completed 13 Rows @ 2025-04-28 11:00:36"
[1] "Completed 14 Rows @ 2025-04-28 11:01:26"
[1] "Script Complete @ 2025-04-28 11:01:27"
