Reading layer `US_county_2022' from data source 
  `/work/GRDVULN/sewershed/Data/US_county_2022.shp' using driver `ESRI Shapefile'
Simple feature collection with 3222 features and 21 fields
Geometry type: MULTIPOLYGON
Dimension:     XY
Bounding box:  xmin: -7115208 ymin: -1685018 xmax: 3321632 ymax: 4591848
Projected CRS: USA_Contiguous_Albers_Equal_Area_Conic
[1] "Extracting Highways for 133 Counties @ 2025-04-28 10:59:05"
[1] "Completed 1 Rows @ 2025-04-28 10:59:23"
[1] "Completed 2 Rows @ 2025-04-28 11:00:11"
[1] "Completed 3 Rows @ 2025-04-28 11:00:19"
[1] "Completed 4 Rows @ 2025-04-28 11:00:29"
[1] "Completed 5 Rows @ 2025-04-28 11:00:47"
[1] "Completed 6 Rows @ 2025-04-28 11:01:02"
[1] "Completed 7 Rows @ 2025-04-28 11:01:08"
[1] "Completed 8 Rows @ 2025-04-28 11:01:54"
[1] "Completed 9 Rows @ 2025-04-28 11:02:01"
[1] "Completed 10 Rows @ 2025-04-28 11:02:51"
[1] "Completed 11 Rows @ 2025-04-28 11:03:12"
[1] "Completed 12 Rows @ 2025-04-28 11:03:33"
[1] "Completed 13 Rows @ 2025-04-28 11:03:40"
[1] "Completed 14 Rows @ 2025-04-28 11:03:55"
[1] "Completed 15 Rows @ 2025-04-28 11:04:03"
[1] "Completed 16 Rows @ 2025-04-28 11:04:27"
[1] "Completed 17 Rows @ 2025-04-28 11:04:44"
[1] "Completed 18 Rows @ 2025-04-28 11:05:00"
[1] "Completed 19 Rows @ 2025-04-28 11:05:05"
[1] "Completed 20 Rows @ 2025-04-28 11:05:14"
[1] "Completed 21 Rows @ 2025-04-28 11:06:14"
[1] "Completed 22 Rows @ 2025-04-28 11:06:20"
[1] "Completed 23 Rows @ 2025-04-28 11:06:26"
[1] "Completed 24 Rows @ 2025-04-28 11:06:45"
[1] "Completed 25 Rows @ 2025-04-28 11:06:49"
[1] "Completed 26 Rows @ 2025-04-28 11:06:55"
[1] "Completed 27 Rows @ 2025-04-28 11:07:04"
[1] "Completed 28 Rows @ 2025-04-28 11:07:13"
[1] "Completed 29 Rows @ 2025-04-28 11:09:11"
[1] "Completed 30 Rows @ 2025-04-28 11:10:09"
[1] "Completed 31 Rows @ 2025-04-28 11:10:20"
[1] "Completed 32 Rows @ 2025-04-28 11:10:26"
[1] "Completed 33 Rows @ 2025-04-28 11:10:53"
[1] "Completed 34 Rows @ 2025-04-28 11:11:16"
[1] "Completed 35 Rows @ 2025-04-28 11:11:25"
[1] "Completed 36 Rows @ 2025-04-28 11:11:34"
[1] "Completed 37 Rows @ 2025-04-28 11:11:46"
[1] "Completed 38 Rows @ 2025-04-28 11:11:58"
[1] "Completed 39 Rows @ 2025-04-28 11:12:03"
[1] "Completed 40 Rows @ 2025-04-28 11:12:08"
[1] "Completed 41 Rows @ 2025-04-28 11:12:24"
[1] "Completed 42 Rows @ 2025-04-28 11:13:37"
[1] "Completed 43 Rows @ 2025-04-28 11:14:39"
[1] "Completed 44 Rows @ 2025-04-28 11:14:53"
[1] "Completed 45 Rows @ 2025-04-28 11:15:00"
[1] "Completed 46 Rows @ 2025-04-28 11:15:23"
[1] "Completed 47 Rows @ 2025-04-28 11:15:34"
[1] "Completed 48 Rows @ 2025-04-28 11:15:51"
[1] "Completed 49 Rows @ 2025-04-28 11:15:55"
[1] "Completed 50 Rows @ 2025-04-28 11:16:10"
[1] "Completed 51 Rows @ 2025-04-28 11:16:16"
[1] "Completed 52 Rows @ 2025-04-28 11:16:35"
[1] "Completed 53 Rows @ 2025-04-28 11:17:52"
[1] "Completed 54 Rows @ 2025-04-28 11:18:07"
[1] "Completed 55 Rows @ 2025-04-28 11:18:13"
[1] "Completed 56 Rows @ 2025-04-28 11:18:20"
[1] "Completed 57 Rows @ 2025-04-28 11:18:22"
[1] "Completed 58 Rows @ 2025-04-28 11:18:41"
[1] "Completed 59 Rows @ 2025-04-28 11:18:49"
[1] "Completed 60 Rows @ 2025-04-28 11:19:04"
[1] "Completed 61 Rows @ 2025-04-28 11:19:18"
[1] "Completed 62 Rows @ 2025-04-28 11:19:26"
[1] "Completed 63 Rows @ 2025-04-28 11:19:31"
[1] "Completed 64 Rows @ 2025-04-28 11:19:40"
[1] "Completed 65 Rows @ 2025-04-28 11:19:44"
[1] "Completed 66 Rows @ 2025-04-28 11:19:56"
[1] "Completed 67 Rows @ 2025-04-28 11:20:03"
[1] "Completed 68 Rows @ 2025-04-28 11:20:15"
[1] "Completed 69 Rows @ 2025-04-28 11:20:47"
[1] "Completed 70 Rows @ 2025-04-28 11:20:57"
[1] "Completed 71 Rows @ 2025-04-28 11:21:04"
[1] "Completed 72 Rows @ 2025-04-28 11:21:13"
[1] "Completed 73 Rows @ 2025-04-28 11:22:26"
[1] "Completed 74 Rows @ 2025-04-28 11:22:34"
[1] "Completed 75 Rows @ 2025-04-28 11:22:40"
[1] "Completed 76 Rows @ 2025-04-28 11:22:47"
[1] "Completed 77 Rows @ 2025-04-28 11:23:03"
[1] "Completed 78 Rows @ 2025-04-28 11:23:17"
[1] "Completed 79 Rows @ 2025-04-28 11:23:54"
[1] "Completed 80 Rows @ 2025-04-28 11:24:13"
[1] "Completed 81 Rows @ 2025-04-28 11:24:25"
[1] "Completed 82 Rows @ 2025-04-28 11:24:40"
[1] "Completed 83 Rows @ 2025-04-28 11:24:50"
[1] "Completed 84 Rows @ 2025-04-28 11:25:00"
[1] "Completed 85 Rows @ 2025-04-28 11:25:30"
[1] "Completed 86 Rows @ 2025-04-28 11:25:46"
[1] "Completed 87 Rows @ 2025-04-28 11:25:52"
[1] "Completed 88 Rows @ 2025-04-28 11:26:00"
[1] "Completed 89 Rows @ 2025-04-28 11:26:21"
[1] "Completed 90 Rows @ 2025-04-28 11:26:28"
[1] "Completed 91 Rows @ 2025-04-28 11:26:48"
[1] "Completed 92 Rows @ 2025-04-28 11:26:57"
[1] "Completed 93 Rows @ 2025-04-28 11:27:12"
[1] "Completed 94 Rows @ 2025-04-28 11:27:22"
[1] "Completed 95 Rows @ 2025-04-28 11:27:36"
[1] "Completed 96 Rows @ 2025-04-28 11:27:38"
[1] "Completed 97 Rows @ 2025-04-28 11:27:40"
[1] "Completed 98 Rows @ 2025-04-28 11:27:41"
[1] "Completed 99 Rows @ 2025-04-28 11:27:43"
[1] "Completed 100 Rows @ 2025-04-28 11:28:17"
[1] "Completed 101 Rows @ 2025-04-28 11:28:18"
[1] "Completed 102 Rows @ 2025-04-28 11:28:19"
[1] "Completed 103 Rows @ 2025-04-28 11:28:21"
[1] "Completed 104 Rows @ 2025-04-28 11:28:22"
[1] "Completed 105 Rows @ 2025-04-28 11:28:23"
[1] "Completed 106 Rows @ 2025-04-28 11:28:24"
[1] "Completed 107 Rows @ 2025-04-28 11:28:25"
[1] "Completed 108 Rows @ 2025-04-28 11:28:26"
[1] "Completed 109 Rows @ 2025-04-28 11:28:27"
[1] "Completed 110 Rows @ 2025-04-28 11:28:31"
[1] "Completed 111 Rows @ 2025-04-28 11:28:32"
[1] "Completed 112 Rows @ 2025-04-28 11:28:33"
[1] "Completed 113 Rows @ 2025-04-28 11:28:35"
[1] "Completed 114 Rows @ 2025-04-28 11:28:40"
[1] "Completed 115 Rows @ 2025-04-28 11:28:41"
[1] "Completed 116 Rows @ 2025-04-28 11:28:42"
[1] "Completed 117 Rows @ 2025-04-28 11:28:45"
[1] "Completed 118 Rows @ 2025-04-28 11:28:54"
[1] "Completed 119 Rows @ 2025-04-28 11:29:02"
[1] "Completed 120 Rows @ 2025-04-28 11:29:03"
[1] "Completed 121 Rows @ 2025-04-28 11:29:05"
[1] "Completed 122 Rows @ 2025-04-28 11:29:09"
[1] "Completed 123 Rows @ 2025-04-28 11:29:13"
[1] "Completed 124 Rows @ 2025-04-28 11:29:14"
[1] "Completed 125 Rows @ 2025-04-28 11:29:24"
[1] "Completed 126 Rows @ 2025-04-28 11:29:29"
[1] "Completed 127 Rows @ 2025-04-28 11:29:31"
[1] "Completed 128 Rows @ 2025-04-28 11:29:32"
[1] "Completed 129 Rows @ 2025-04-28 11:29:48"
[1] "Completed 130 Rows @ 2025-04-28 11:30:19"
[1] "Completed 131 Rows @ 2025-04-28 11:30:21"
[1] "Completed 132 Rows @ 2025-04-28 11:30:23"
[1] "Completed 133 Rows @ 2025-04-28 11:30:24"
[1] "Script Complete @ 2025-04-28 11:30:25"
