Reading layer `US_county_2022' from data source 
  `/work/GRDVULN/sewershed/Data/US_county_2022.shp' using driver `ESRI Shapefile'
Simple feature collection with 3222 features and 21 fields
Geometry type: MULTIPOLYGON
Dimension:     XY
Bounding box:  xmin: -7115208 ymin: -1685018 xmax: 3321632 ymax: 4591848
Projected CRS: USA_Contiguous_Albers_Equal_Area_Conic
[1] "Extracting Highways for 39 Counties @ 2025-04-28 11:00:02"
[1] "Completed 1 Rows @ 2025-04-28 11:00:42"
[1] "Completed 2 Rows @ 2025-04-28 11:00:52"
[1] "Completed 3 Rows @ 2025-04-28 11:01:56"
[1] "Completed 4 Rows @ 2025-04-28 11:03:13"
[1] "Completed 5 Rows @ 2025-04-28 11:03:45"
[1] "Completed 6 Rows @ 2025-04-28 11:04:45"
[1] "Completed 7 Rows @ 2025-04-28 11:04:55"
[1] "Completed 8 Rows @ 2025-04-28 11:05:30"
[1] "Completed 9 Rows @ 2025-04-28 11:07:15"
[1] "Completed 10 Rows @ 2025-04-28 11:07:51"
[1] "Completed 11 Rows @ 2025-04-28 11:09:07"
[1] "Completed 12 Rows @ 2025-04-28 11:09:15"
[1] "Completed 13 Rows @ 2025-04-28 11:11:14"
[1] "Completed 14 Rows @ 2025-04-28 11:11:59"
[1] "Completed 15 Rows @ 2025-04-28 11:12:19"
[1] "Completed 16 Rows @ 2025-04-28 11:13:26"
[1] "Completed 17 Rows @ 2025-04-28 11:20:18"
[1] "Completed 18 Rows @ 2025-04-28 11:20:55"
[1] "Completed 19 Rows @ 2025-04-28 11:21:40"
[1] "Completed 20 Rows @ 2025-04-28 11:22:03"
[1] "Completed 21 Rows @ 2025-04-28 11:22:49"
[1] "Completed 22 Rows @ 2025-04-28 11:23:07"
[1] "Completed 23 Rows @ 2025-04-28 11:23:30"
[1] "Completed 24 Rows @ 2025-04-28 11:24:57"
[1] "Completed 25 Rows @ 2025-04-28 11:25:12"
[1] "Completed 26 Rows @ 2025-04-28 11:25:26"
[1] "Completed 27 Rows @ 2025-04-28 11:29:59"
[1] "Completed 28 Rows @ 2025-04-28 11:30:13"
[1] "Completed 29 Rows @ 2025-04-28 11:30:48"
[1] "Completed 30 Rows @ 2025-04-28 11:31:04"
[1] "Completed 31 Rows @ 2025-04-28 11:32:30"
[1] "Completed 32 Rows @ 2025-04-28 11:33:55"
[1] "Completed 33 Rows @ 2025-04-28 11:34:56"
[1] "Completed 34 Rows @ 2025-04-28 11:36:40"
[1] "Completed 35 Rows @ 2025-04-28 11:36:46"
[1] "Completed 36 Rows @ 2025-04-28 11:37:09"
[1] "Completed 37 Rows @ 2025-04-28 11:37:55"
[1] "Completed 38 Rows @ 2025-04-28 11:38:44"
[1] "Completed 39 Rows @ 2025-04-28 11:40:15"
[1] "Script Complete @ 2025-04-28 11:40:16"
