
Due to MODULEPATH changes, the following have been reloaded:
  1) netcdf/4.9.2     2) udunits/2.2.28

The following have been reloaded with a version change:
  1) R/4.3.0 => R/4.4.2             4) hdf5/1.10.8 => hdf5/1.14.5
  2) gdal/3.6.4 => gdal/3.7.3       5) intel/21.4 => intel/24.2
  3) geos/3.11.2 => geos/3.12.0     6) proj/9.2.0 => proj/9.3.0

── Attaching core tidyverse packages ──────────────────────── tidyverse 2.0.0 ──
✔ dplyr     1.1.4     ✔ readr     2.1.5
✔ forcats   1.0.0     ✔ stringr   1.5.1
✔ ggplot2   3.5.1     ✔ tibble    3.2.1
✔ lubridate 1.9.3     ✔ tidyr     1.3.1
✔ purrr     1.0.2     
── Conflicts ────────────────────────────────────────── tidyverse_conflicts() ──
✖ dplyr::filter() masks stats::filter()
✖ dplyr::lag()    masks stats::lag()
ℹ Use the conflicted package (<http://conflicted.r-lib.org/>) to force all conflicts to become errors

Attaching package: ‘vroom’

The following objects are masked from ‘package:readr’:

    as.col_spec, col_character, col_date, col_datetime, col_double,
    col_factor, col_guess, col_integer, col_logical, col_number,
    col_skip, col_time, cols, cols_condense, cols_only, date_names,
    date_names_lang, date_names_langs, default_locale, fwf_cols,
    fwf_empty, fwf_positions, fwf_widths, locale, output_column,
    problems, spec

Rows: 1030342 Columns: 2
── Column specification ────────────────────────────────────────────────────────
Delimiter: ","
chr (1): h3_index
dbl (1): elevation_m

ℹ Use `spec()` to retrieve the full column specification for this data.
ℹ Specify the column types or set `show_col_types = FALSE` to quiet this message.
Joining with `by = join_by(h3_index)`
Rows: 4310116 Columns: 6
── Column specification ────────────────────────────────────────────────────────
Delimiter: ","
chr (1): h3_index
dbl (5): height, confidence, Area_m, X, Y

ℹ Use `spec()` to retrieve the full column specification for this data.
ℹ Specify the column types or set `show_col_types = FALSE` to quiet this message.
Rows: 8132968 Columns: 15
── Column specification ────────────────────────────────────────────────────────
Delimiter: ","
chr  (3): GISJOIN, STATE, COUNTY
dbl (12): YEAR, HU_1990, HU_2000, HU_2010, HU_2020, Pop_2020, AREALAND, AREA...

ℹ Use `spec()` to retrieve the full column specification for this data.
ℹ Specify the column types or set `show_col_types = FALSE` to quiet this message.
Rows: 476030 Columns: 8
── Column specification ────────────────────────────────────────────────────────
Delimiter: ","
chr (2): GISJOIN, h3_index
dbl (6): Population, THU, Urban_Pop, Block_Buildings, O_Buildings, weight

ℹ Use `spec()` to retrieve the full column specification for this data.
ℹ Specify the column types or set `show_col_types = FALSE` to quiet this message.
Joining with `by = join_by(GISJOIN)`
Rows: 1030342 Columns: 4
── Column specification ────────────────────────────────────────────────────────
Delimiter: ","
chr (1): h3_index
dbl (3): NLCD, Imprv_Mean, Imprv_Med

ℹ Use `spec()` to retrieve the full column specification for this data.
ℹ Specify the column types or set `show_col_types = FALSE` to quiet this message.
Rows: 1030342 Columns: 21
── Column specification ────────────────────────────────────────────────────────
Delimiter: ","
chr  (1): h3_index
dbl (20): Pop_3, THU_3, Urban_Pop_3, OHU_90_3, Pub_W_90_3, Pub_S_90_3, nBldg...

ℹ Use `spec()` to retrieve the full column specification for this data.
ℹ Specify the column types or set `show_col_types = FALSE` to quiet this message.
Rows: 21641 Columns: 23
── Column specification ────────────────────────────────────────────────────────
Delimiter: ","
chr  (6): CWNS_ID, STATE_CODE, INFRASTRUCTURE_TYPE, POPULATION_TYPE, PART_OF...
dbl (17): FACILITY_ID, RESIDENTIAL_POP_2022, RESIDENTIAL_POP_2042, NONRESIDE...

ℹ Use `spec()` to retrieve the full column specification for this data.
ℹ Specify the column types or set `show_col_types = FALSE` to quiet this message.
Rows: 1421 Columns: 26
── Column specification ────────────────────────────────────────────────────────
Delimiter: ","
chr (16): CWNS_ID, STATE_CODE, INFRASTRUCTURE_TYPE, FACILITY_TYPE, POPULATIO...
dbl  (8): FACILITY_ID, TOTAL_RES_POPULATION_2022, TOTAL_RES_POPULATION_2042,...
lgl  (2): NO_DISCHARGE_POPULATION_2022, NO_DISCHARGE_POPULATION_2042

ℹ Use `spec()` to retrieve the full column specification for this data.
ℹ Specify the column types or set `show_col_types = FALSE` to quiet this message.
Joining with `by = join_by(h3_index, Near_CWNS)`
Joining with `by = join_by(h3_index)`
Joining with `by = join_by(h3_index)`
Joining with `by = join_by(h3_index)`
Joining with `by = join_by(h3_index)`
