[1] "Starting: 01 @ 2025-05-01 13:36:13"
[1] "Querying Elevation Data for 1,541,365 hexagons @ 2025-05-01 13:36:30"
[1] "Downloading in 31 chunks of 50,000 (Max)"
[1] "Completed Chunk #1 @ 2025-05-01 13:56:20"
[1] "Completed Chunk #2 @ 2025-05-01 14:17:51"
[1] "Completed Chunk #3 @ 2025-05-01 14:44:39"
[1] "Completed Chunk #4 @ 2025-05-01 15:13:14"
[1] "Failed to retrieve elevation for 37 hexagons ... Trying up to 10 more times..."
[1] "Retrieved 37 additional hexagons after 1 additional tries ... 0 could not be retrieved."
[1] "Completed Chunk #5 @ 2025-05-01 15:55:07"
[1] "Completed Chunk #6 @ 2025-05-01 16:23:45"
[1] "Failed to retrieve elevation for 3 hexagons ... Trying up to 10 more times..."
[1] "Retrieved 3 additional hexagons after 1 additional tries ... 0 could not be retrieved."
[1] "Completed Chunk #7 @ 2025-05-01 16:51:34"
[1] "Failed to retrieve elevation for 1 hexagons ... Trying up to 10 more times..."
[1] "Retrieved 1 additional hexagons after 1 additional tries ... 0 could not be retrieved."
[1] "Completed Chunk #8 @ 2025-05-01 17:22:45"
[1] "Failed to retrieve elevation for 1 hexagons ... Trying up to 10 more times..."
[1] "Retrieved 1 additional hexagons after 1 additional tries ... 0 could not be retrieved."
[1] "Completed Chunk #9 @ 2025-05-01 17:50:07"
[1] "Failed to retrieve elevation for 1 hexagons ... Trying up to 10 more times..."
[1] "Retrieved 1 additional hexagons after 1 additional tries ... 0 could not be retrieved."
[1] "Completed Chunk #10 @ 2025-05-01 18:15:45"
[1] "Completed Chunk #11 @ 2025-05-01 18:32:14"
[1] "Completed Chunk #12 @ 2025-05-01 18:58:58"
[1] "Completed Chunk #13 @ 2025-05-01 19:24:20"
[1] "Completed Chunk #14 @ 2025-05-01 19:43:49"
[1] "Failed to retrieve elevation for 1345 hexagons ... Trying up to 10 more times..."
[1] "Retrieved 0 additional hexagons after 10 additional tries ... 1345 could not be retrieved."
[1] "Completed Chunk #15 @ 2025-05-01 20:11:47"
[1] "Failed to retrieve elevation for 4131 hexagons ... Trying up to 10 more times..."
[1] "Retrieved 0 additional hexagons after 10 additional tries ... 4131 could not be retrieved."
[1] "Completed Chunk #16 @ 2025-05-01 20:49:37"
[1] "Failed to retrieve elevation for 1815 hexagons ... Trying up to 10 more times..."
[1] "Retrieved 0 additional hexagons after 10 additional tries ... 1815 could not be retrieved."
[1] "Completed Chunk #17 @ 2025-05-01 21:34:50"
[1] "Completed Chunk #18 @ 2025-05-01 21:55:16"
[1] "Completed Chunk #19 @ 2025-05-01 22:15:48"
[1] "Completed Chunk #20 @ 2025-05-01 22:38:30"
[1] "Failed to retrieve elevation for 3 hexagons ... Trying up to 10 more times..."
[1] "Retrieved 3 additional hexagons after 1 additional tries ... 0 could not be retrieved."
[1] "Completed Chunk #21 @ 2025-05-01 23:18:11"
[1] "Failed to retrieve elevation for 8 hexagons ... Trying up to 10 more times..."
[1] "Retrieved 8 additional hexagons after 1 additional tries ... 0 could not be retrieved."
[1] "Completed Chunk #22 @ 2025-05-02 00:32:05"
[1] "Failed to retrieve elevation for 1369 hexagons ... Trying up to 10 more times..."
[1] "Retrieved 4 additional hexagons after 10 additional tries ... 1365 could not be retrieved."
[1] "Completed Chunk #23 @ 2025-05-02 01:51:53"
[1] "Failed to retrieve elevation for 7 hexagons ... Trying up to 10 more times..."
[1] "Retrieved 7 additional hexagons after 1 additional tries ... 0 could not be retrieved."
[1] "Completed Chunk #24 @ 2025-05-02 02:33:41"
[1] "Failed to retrieve elevation for 3 hexagons ... Trying up to 10 more times..."
[1] "Retrieved 3 additional hexagons after 1 additional tries ... 0 could not be retrieved."
[1] "Completed Chunk #25 @ 2025-05-02 03:11:35"
[1] "Failed to retrieve elevation for 5 hexagons ... Trying up to 10 more times..."
[1] "Retrieved 5 additional hexagons after 1 additional tries ... 0 could not be retrieved."
[1] "Completed Chunk #26 @ 2025-05-02 03:49:45"
[1] "Failed to retrieve elevation for 3 hexagons ... Trying up to 10 more times..."
[1] "Retrieved 3 additional hexagons after 1 additional tries ... 0 could not be retrieved."
[1] "Completed Chunk #27 @ 2025-05-02 04:28:02"
[1] "Failed to retrieve elevation for 16 hexagons ... Trying up to 10 more times..."
[1] "Retrieved 16 additional hexagons after 1 additional tries ... 0 could not be retrieved."
[1] "Completed Chunk #28 @ 2025-05-02 05:16:11"
[1] "Failed to retrieve elevation for 1 hexagons ... Trying up to 10 more times..."
[1] "Retrieved 1 additional hexagons after 1 additional tries ... 0 could not be retrieved."
[1] "Completed Chunk #29 @ 2025-05-02 05:54:26"
[1] "Failed to retrieve elevation for 2 hexagons ... Trying up to 10 more times..."
[1] "Retrieved 2 additional hexagons after 1 additional tries ... 0 could not be retrieved."
[1] "Completed Chunk #30 @ 2025-05-02 06:32:20"
[1] "Failed to retrieve elevation for 432 hexagons ... Trying up to 10 more times..."
[1] "Retrieved 0 additional hexagons after 10 additional tries ... 432 could not be retrieved."
[1] "Completed Chunk #31 @ 2025-05-02 07:11:06"
