[1] "Starting: 04 @ 2025-05-01 14:01:44"
[1] "Querying Elevation Data for 1,167,786 hexagons @ 2025-05-01 14:01:50"
[1] "Downloading in 24 chunks of 50,000 (Max)"
[1] "Completed Chunk #1 @ 2025-05-01 14:08:32"
[1] "Completed Chunk #2 @ 2025-05-01 14:15:18"
[1] "Completed Chunk #3 @ 2025-05-01 14:21:08"
[1] "Completed Chunk #4 @ 2025-05-01 14:29:11"
[1] "Completed Chunk #5 @ 2025-05-01 14:36:08"
[1] "Completed Chunk #6 @ 2025-05-01 14:42:36"
[1] "Completed Chunk #7 @ 2025-05-01 14:49:02"
[1] "Completed Chunk #8 @ 2025-05-01 14:55:32"
[1] "Completed Chunk #9 @ 2025-05-01 15:03:51"
[1] "Failed to retrieve elevation for 1 hexagons ... Trying up to 10 more times..."
[1] "Retrieved 1 additional hexagons after 1 additional tries ... 0 could not be retrieved."
[1] "Completed Chunk #10 @ 2025-05-01 15:11:58"
[1] "Failed to retrieve elevation for 89 hexagons ... Trying up to 10 more times..."
[1] "Retrieved 89 additional hexagons after 1 additional tries ... 0 could not be retrieved."
[1] "Completed Chunk #11 @ 2025-05-01 15:28:43"
[1] "Failed to retrieve elevation for 19 hexagons ... Trying up to 10 more times..."
[1] "Retrieved 19 additional hexagons after 1 additional tries ... 0 could not be retrieved."
[1] "Completed Chunk #12 @ 2025-05-01 15:38:54"
[1] "Completed Chunk #13 @ 2025-05-01 15:45:11"
[1] "Completed Chunk #14 @ 2025-05-01 15:50:59"
[1] "Completed Chunk #15 @ 2025-05-01 15:57:46"
[1] "Completed Chunk #16 @ 2025-05-01 16:04:55"
[1] "Completed Chunk #17 @ 2025-05-01 16:11:47"
[1] "Completed Chunk #18 @ 2025-05-01 16:18:48"
[1] "Completed Chunk #19 @ 2025-05-01 16:25:15"
[1] "Failed to retrieve elevation for 36 hexagons ... Trying up to 10 more times..."
[1] "Retrieved 36 additional hexagons after 1 additional tries ... 0 could not be retrieved."
[1] "Completed Chunk #20 @ 2025-05-01 16:33:23"
[1] "Completed Chunk #21 @ 2025-05-01 16:40:14"
[1] "Completed Chunk #22 @ 2025-05-01 16:47:49"
[1] "Completed Chunk #23 @ 2025-05-01 16:55:07"
[1] "Completed Chunk #24 @ 2025-05-01 16:59:03"
