[1] "Starting: 05 @ 2025-05-01 14:56:15"
[1] "Querying Elevation Data for 1,514,428 hexagons @ 2025-05-01 14:56:41"
[1] "Downloading in 31 chunks of 50,000 (Max)"
[1] "Completed Chunk #1 @ 2025-05-01 15:12:48"
[1] "Failed to retrieve elevation for 63 hexagons ... Trying up to 10 more times..."
[1] "Retrieved 63 additional hexagons after 1 additional tries ... 0 could not be retrieved."
[1] "Completed Chunk #2 @ 2025-05-01 15:40:39"
[1] "Completed Chunk #3 @ 2025-05-01 15:51:28"
[1] "Completed Chunk #4 @ 2025-05-01 16:04:56"
[1] "Completed Chunk #5 @ 2025-05-01 16:19:04"
[1] "Failed to retrieve elevation for 10 hexagons ... Trying up to 10 more times..."
[1] "Retrieved 10 additional hexagons after 1 additional tries ... 0 could not be retrieved."
[1] "Completed Chunk #6 @ 2025-05-01 16:32:35"
[1] "Failed to retrieve elevation for 1 hexagons ... Trying up to 10 more times..."
[1] "Retrieved 1 additional hexagons after 1 additional tries ... 0 could not be retrieved."
[1] "Completed Chunk #7 @ 2025-05-01 16:46:46"
[1] "Failed to retrieve elevation for 1 hexagons ... Trying up to 10 more times..."
[1] "Retrieved 1 additional hexagons after 1 additional tries ... 0 could not be retrieved."
[1] "Completed Chunk #8 @ 2025-05-01 17:01:51"
[1] "Completed Chunk #9 @ 2025-05-01 17:16:58"
[1] "Completed Chunk #10 @ 2025-05-01 17:29:39"
[1] "Completed Chunk #11 @ 2025-05-01 17:42:36"
[1] "Completed Chunk #12 @ 2025-05-01 17:56:35"
[1] "Failed to retrieve elevation for 2 hexagons ... Trying up to 10 more times..."
[1] "Retrieved 2 additional hexagons after 1 additional tries ... 0 could not be retrieved."
[1] "Completed Chunk #13 @ 2025-05-01 18:10:53"
[1] "Completed Chunk #14 @ 2025-05-01 18:18:10"
[1] "Completed Chunk #15 @ 2025-05-01 18:25:17"
[1] "Completed Chunk #16 @ 2025-05-01 18:36:24"
[1] "Completed Chunk #17 @ 2025-05-01 18:50:38"
[1] "Completed Chunk #18 @ 2025-05-01 19:02:21"
[1] "Completed Chunk #19 @ 2025-05-01 19:13:25"
[1] "Completed Chunk #20 @ 2025-05-01 19:24:43"
[1] "Completed Chunk #21 @ 2025-05-01 19:34:53"
[1] "Completed Chunk #22 @ 2025-05-01 19:43:28"
[1] "Completed Chunk #23 @ 2025-05-01 19:53:12"
[1] "Completed Chunk #24 @ 2025-05-01 20:04:35"
[1] "Completed Chunk #25 @ 2025-05-01 20:14:26"
[1] "Completed Chunk #26 @ 2025-05-01 20:23:20"
[1] "Completed Chunk #27 @ 2025-05-01 20:33:02"
[1] "Completed Chunk #28 @ 2025-05-01 20:42:53"
[1] "Completed Chunk #29 @ 2025-05-01 20:51:36"
[1] "Completed Chunk #30 @ 2025-05-01 21:01:38"
[1] "Completed Chunk #31 @ 2025-05-01 21:04:05"
