[1] "Starting: 06 @ 2025-05-01 16:59:07"
[1] "Querying Elevation Data for 2,859,279 hexagons @ 2025-05-01 16:59:29"
[1] "Downloading in 58 chunks of 50,000 (Max)"
[1] "Completed Chunk #1 @ 2025-05-01 17:07:37"
[1] "Completed Chunk #2 @ 2025-05-01 17:15:58"
[1] "Completed Chunk #3 @ 2025-05-01 17:22:10"
[1] "Completed Chunk #4 @ 2025-05-01 17:29:14"
[1] "Completed Chunk #5 @ 2025-05-01 17:35:46"
[1] "Completed Chunk #6 @ 2025-05-01 17:42:36"
[1] "Completed Chunk #7 @ 2025-05-01 17:49:11"
[1] "Completed Chunk #8 @ 2025-05-01 17:56:55"
[1] "Failed to retrieve elevation for 2 hexagons ... Trying up to 10 more times..."
[1] "Retrieved 2 additional hexagons after 1 additional tries ... 0 could not be retrieved."
[1] "Completed Chunk #9 @ 2025-05-01 18:05:21"
[1] "Failed to retrieve elevation for 281 hexagons ... Trying up to 10 more times..."
[1] "Retrieved 0 additional hexagons after 10 additional tries ... 281 could not be retrieved."
[1] "Completed Chunk #10 @ 2025-05-01 18:30:46"
[1] "Completed Chunk #11 @ 2025-05-01 18:37:02"
[1] "Failed to retrieve elevation for 1 hexagons ... Trying up to 10 more times..."
[1] "Retrieved 1 additional hexagons after 1 additional tries ... 0 could not be retrieved."
[1] "Completed Chunk #12 @ 2025-05-01 18:45:08"
[1] "Completed Chunk #13 @ 2025-05-01 18:51:29"
[1] "Completed Chunk #14 @ 2025-05-01 18:58:05"
[1] "Completed Chunk #15 @ 2025-05-01 19:04:25"
[1] "Completed Chunk #16 @ 2025-05-01 19:11:20"
[1] "Failed to retrieve elevation for 1 hexagons ... Trying up to 10 more times..."
[1] "Retrieved 1 additional hexagons after 1 additional tries ... 0 could not be retrieved."
[1] "Completed Chunk #17 @ 2025-05-01 19:18:00"
[1] "Completed Chunk #18 @ 2025-05-01 19:24:40"
[1] "Completed Chunk #19 @ 2025-05-01 19:30:37"
[1] "Completed Chunk #20 @ 2025-05-01 19:36:10"
[1] "Completed Chunk #21 @ 2025-05-01 19:42:08"
[1] "Completed Chunk #22 @ 2025-05-01 19:47:55"
[1] "Completed Chunk #23 @ 2025-05-01 19:53:04"
[1] "Completed Chunk #24 @ 2025-05-01 19:59:00"
[1] "Completed Chunk #25 @ 2025-05-01 20:05:03"
[1] "Completed Chunk #26 @ 2025-05-01 20:11:04"
[1] "Completed Chunk #27 @ 2025-05-01 20:16:32"
[1] "Completed Chunk #28 @ 2025-05-01 20:22:19"
[1] "Completed Chunk #29 @ 2025-05-01 20:28:03"
[1] "Failed to retrieve elevation for 2 hexagons ... Trying up to 10 more times..."
[1] "Retrieved 2 additional hexagons after 1 additional tries ... 0 could not be retrieved."
[1] "Completed Chunk #30 @ 2025-05-01 20:33:26"
[1] "Completed Chunk #31 @ 2025-05-01 20:39:11"
[1] "Completed Chunk #32 @ 2025-05-01 20:44:56"
[1] "Completed Chunk #33 @ 2025-05-01 20:50:57"
[1] "Completed Chunk #34 @ 2025-05-01 20:57:22"
[1] "Completed Chunk #35 @ 2025-05-01 21:06:34"
[1] "Failed to retrieve elevation for 2 hexagons ... Trying up to 10 more times..."
[1] "Retrieved 2 additional hexagons after 1 additional tries ... 0 could not be retrieved."
[1] "Completed Chunk #36 @ 2025-05-01 21:21:29"
[1] "Completed Chunk #37 @ 2025-05-01 21:27:20"
[1] "Completed Chunk #38 @ 2025-05-01 21:35:34"
[1] "Completed Chunk #39 @ 2025-05-01 21:41:23"
[1] "Completed Chunk #40 @ 2025-05-01 21:47:01"
[1] "Completed Chunk #41 @ 2025-05-01 21:53:17"
[1] "Completed Chunk #42 @ 2025-05-01 21:59:02"
[1] "Completed Chunk #43 @ 2025-05-01 22:04:53"
[1] "Completed Chunk #44 @ 2025-05-01 22:10:50"
[1] "Completed Chunk #45 @ 2025-05-01 22:16:34"
[1] "Completed Chunk #46 @ 2025-05-01 22:22:28"
[1] "Completed Chunk #47 @ 2025-05-01 22:28:52"
[1] "Completed Chunk #48 @ 2025-05-01 22:35:00"
[1] "Completed Chunk #49 @ 2025-05-01 22:44:34"
