[1] "Starting: 13 @ 2025-05-01 23:34:57"
[1] "Querying Elevation Data for 1,803,114 hexagons @ 2025-05-01 23:35:17"
[1] "Downloading in 37 chunks of 50,000 (Max)"
[1] "Completed Chunk #1 @ 2025-05-01 23:49:49"
[1] "Completed Chunk #2 @ 2025-05-02 00:04:14"
[1] "Failed to retrieve elevation for 2 hexagons ... Trying up to 10 more times..."
[1] "Retrieved 2 additional hexagons after 1 additional tries ... 0 could not be retrieved."
[1] "Completed Chunk #3 @ 2025-05-02 00:20:54"
[1] "Completed Chunk #4 @ 2025-05-02 00:33:05"
[1] "Failed to retrieve elevation for 2 hexagons ... Trying up to 10 more times..."
[1] "Retrieved 2 additional hexagons after 1 additional tries ... 0 could not be retrieved."
[1] "Completed Chunk #5 @ 2025-05-02 00:45:43"
[1] "Failed to retrieve elevation for 8 hexagons ... Trying up to 10 more times..."
[1] "Retrieved 8 additional hexagons after 1 additional tries ... 0 could not be retrieved."
[1] "Completed Chunk #6 @ 2025-05-02 01:08:50"
[1] "Failed to retrieve elevation for 2 hexagons ... Trying up to 10 more times..."
[1] "Retrieved 2 additional hexagons after 1 additional tries ... 0 could not be retrieved."
[1] "Completed Chunk #7 @ 2025-05-02 01:21:32"
[1] "Failed to retrieve elevation for 4 hexagons ... Trying up to 10 more times..."
[1] "Retrieved 4 additional hexagons after 1 additional tries ... 0 could not be retrieved."
[1] "Completed Chunk #8 @ 2025-05-02 01:32:50"
[1] "Failed to retrieve elevation for 1 hexagons ... Trying up to 10 more times..."
[1] "Retrieved 1 additional hexagons after 1 additional tries ... 0 could not be retrieved."
[1] "Completed Chunk #9 @ 2025-05-02 01:42:05"
[1] "Failed to retrieve elevation for 1 hexagons ... Trying up to 10 more times..."
[1] "Retrieved 1 additional hexagons after 1 additional tries ... 0 could not be retrieved."
[1] "Completed Chunk #10 @ 2025-05-02 01:51:44"
[1] "Failed to retrieve elevation for 16 hexagons ... Trying up to 10 more times..."
[1] "Retrieved 16 additional hexagons after 1 additional tries ... 0 could not be retrieved."
[1] "Completed Chunk #11 @ 2025-05-02 02:02:51"
[1] "Failed to retrieve elevation for 5 hexagons ... Trying up to 10 more times..."
[1] "Retrieved 5 additional hexagons after 1 additional tries ... 0 could not be retrieved."
[1] "Completed Chunk #12 @ 2025-05-02 02:13:31"
[1] "Completed Chunk #13 @ 2025-05-02 02:22:46"
[1] "Failed to retrieve elevation for 2 hexagons ... Trying up to 10 more times..."
[1] "Retrieved 2 additional hexagons after 1 additional tries ... 0 could not be retrieved."
[1] "Completed Chunk #14 @ 2025-05-02 02:32:57"
[1] "Completed Chunk #15 @ 2025-05-02 02:42:30"
[1] "Failed to retrieve elevation for 1 hexagons ... Trying up to 10 more times..."
[1] "Retrieved 1 additional hexagons after 1 additional tries ... 0 could not be retrieved."
[1] "Completed Chunk #16 @ 2025-05-02 02:52:11"
[1] "Failed to retrieve elevation for 1 hexagons ... Trying up to 10 more times..."
[1] "Retrieved 1 additional hexagons after 1 additional tries ... 0 could not be retrieved."
[1] "Completed Chunk #17 @ 2025-05-02 03:01:28"
[1] "Completed Chunk #18 @ 2025-05-02 03:10:48"
[1] "Completed Chunk #19 @ 2025-05-02 03:20:05"
[1] "Completed Chunk #20 @ 2025-05-02 03:29:55"
[1] "Failed to retrieve elevation for 1 hexagons ... Trying up to 10 more times..."
[1] "Retrieved 1 additional hexagons after 1 additional tries ... 0 could not be retrieved."
[1] "Completed Chunk #21 @ 2025-05-02 03:39:14"
[1] "Failed to retrieve elevation for 4 hexagons ... Trying up to 10 more times..."
[1] "Retrieved 4 additional hexagons after 1 additional tries ... 0 could not be retrieved."
[1] "Completed Chunk #22 @ 2025-05-02 03:49:02"
[1] "Failed to retrieve elevation for 1 hexagons ... Trying up to 10 more times..."
[1] "Retrieved 1 additional hexagons after 1 additional tries ... 0 could not be retrieved."
[1] "Completed Chunk #23 @ 2025-05-02 03:58:44"
[1] "Completed Chunk #24 @ 2025-05-02 04:07:35"
[1] "Failed to retrieve elevation for 4 hexagons ... Trying up to 10 more times..."
[1] "Retrieved 4 additional hexagons after 1 additional tries ... 0 could not be retrieved."
[1] "Completed Chunk #25 @ 2025-05-02 04:17:18"
[1] "Failed to retrieve elevation for 2 hexagons ... Trying up to 10 more times..."
[1] "Retrieved 2 additional hexagons after 1 additional tries ... 0 could not be retrieved."
[1] "Completed Chunk #26 @ 2025-05-02 04:26:59"
[1] "Failed to retrieve elevation for 1 hexagons ... Trying up to 10 more times..."
[1] "Retrieved 1 additional hexagons after 1 additional tries ... 0 could not be retrieved."
[1] "Completed Chunk #27 @ 2025-05-02 04:37:09"
[1] "Failed to retrieve elevation for 2 hexagons ... Trying up to 10 more times..."
[1] "Retrieved 2 additional hexagons after 1 additional tries ... 0 could not be retrieved."
[1] "Completed Chunk #28 @ 2025-05-02 04:49:30"
[1] "Failed to retrieve elevation for 3 hexagons ... Trying up to 10 more times..."
[1] "Retrieved 3 additional hexagons after 1 additional tries ... 0 could not be retrieved."
[1] "Completed Chunk #29 @ 2025-05-02 05:03:59"
[1] "Completed Chunk #30 @ 2025-05-02 05:13:29"
[1] "Failed to retrieve elevation for 2 hexagons ... Trying up to 10 more times..."
[1] "Retrieved 2 additional hexagons after 1 additional tries ... 0 could not be retrieved."
[1] "Completed Chunk #31 @ 2025-05-02 05:23:43"
[1] "Completed Chunk #32 @ 2025-05-02 05:33:45"
[1] "Failed to retrieve elevation for 2 hexagons ... Trying up to 10 more times..."
[1] "Retrieved 2 additional hexagons after 1 additional tries ... 0 could not be retrieved."
[1] "Completed Chunk #33 @ 2025-05-02 05:43:46"
[1] "Failed to retrieve elevation for 2 hexagons ... Trying up to 10 more times..."
[1] "Retrieved 2 additional hexagons after 1 additional tries ... 0 could not be retrieved."
[1] "Completed Chunk #34 @ 2025-05-02 05:53:30"
[1] "Completed Chunk #35 @ 2025-05-02 06:02:40"
[1] "Failed to retrieve elevation for 2 hexagons ... Trying up to 10 more times..."
[1] "Retrieved 2 additional hexagons after 1 additional tries ... 0 could not be retrieved."
[1] "Completed Chunk #36 @ 2025-05-02 06:12:39"
[1] "Completed Chunk #37 @ 2025-05-02 06:14:55"
