[1] "Starting: 15 @ 2025-05-02 00:44:50"
[1] "Querying Elevation Data for 261,030 hexagons @ 2025-05-02 00:44:51"
[1] "Downloading in 6 chunks of 50,000 (Max)"
[1] "Failed to retrieve elevation for 16267 hexagons ... Trying up to 10 more times..."
[1] "Retrieved 0 additional hexagons after 10 additional tries ... 16267 could not be retrieved."
[1] "Completed Chunk #1 @ 2025-05-02 02:20:14"
[1] "Failed to retrieve elevation for 19418 hexagons ... Trying up to 10 more times..."
[1] "Retrieved 1 additional hexagons after 10 additional tries ... 19417 could not be retrieved."
[1] "Completed Chunk #2 @ 2025-05-02 03:37:58"
[1] "Failed to retrieve elevation for 36649 hexagons ... Trying up to 10 more times..."
[1] "Retrieved 0 additional hexagons after 10 additional tries ... 36649 could not be retrieved."
[1] "Completed Chunk #3 @ 2025-05-02 05:55:01"
[1] "Failed to retrieve elevation for 26534 hexagons ... Trying up to 10 more times..."
[1] "Retrieved 0 additional hexagons after 10 additional tries ... 26534 could not be retrieved."
[1] "Completed Chunk #4 @ 2025-05-02 07:24:07"
[1] "Failed to retrieve elevation for 12314 hexagons ... Trying up to 10 more times..."
[1] "Retrieved 0 additional hexagons after 10 additional tries ... 12314 could not be retrieved."
[1] "Completed Chunk #5 @ 2025-05-02 07:55:48"
[1] "Failed to retrieve elevation for 8713 hexagons ... Trying up to 10 more times..."
[1] "Retrieved 0 additional hexagons after 10 additional tries ... 8713 could not be retrieved."
[1] "Completed Chunk #6 @ 2025-05-02 08:21:42"
