[1] "Starting: 16 @ 2025-05-02 06:15:00"
[1] "Querying Elevation Data for 1,411,512 hexagons @ 2025-05-02 06:15:08"
[1] "Downloading in 29 chunks of 50,000 (Max)"
[1] "Failed to retrieve elevation for 1 hexagons ... Trying up to 10 more times..."
[1] "Retrieved 1 additional hexagons after 1 additional tries ... 0 could not be retrieved."
[1] "Completed Chunk #1 @ 2025-05-02 06:24:01"
[1] "Completed Chunk #2 @ 2025-05-02 06:32:24"
[1] "Completed Chunk #3 @ 2025-05-02 06:40:56"
[1] "Completed Chunk #4 @ 2025-05-02 06:50:32"
[1] "Completed Chunk #5 @ 2025-05-02 06:59:34"
[1] "Completed Chunk #6 @ 2025-05-02 07:07:36"
[1] "Completed Chunk #7 @ 2025-05-02 07:13:08"
[1] "Completed Chunk #8 @ 2025-05-02 07:18:52"
[1] "Completed Chunk #9 @ 2025-05-02 07:23:50"
[1] "Completed Chunk #10 @ 2025-05-02 07:30:00"
[1] "Completed Chunk #11 @ 2025-05-02 07:35:41"
[1] "Completed Chunk #12 @ 2025-05-02 07:41:26"
[1] "Completed Chunk #13 @ 2025-05-02 07:47:19"
[1] "Completed Chunk #14 @ 2025-05-02 07:52:59"
[1] "Completed Chunk #15 @ 2025-05-02 07:58:07"
[1] "Completed Chunk #16 @ 2025-05-02 08:03:46"
[1] "Completed Chunk #17 @ 2025-05-02 08:09:22"
[1] "Failed to retrieve elevation for 1323 hexagons ... Trying up to 10 more times..."
[1] "Retrieved 1323 additional hexagons after 6 additional tries ... 0 could not be retrieved."
[1] "Completed Chunk #18 @ 2025-05-02 08:26:59"
[1] "Failed to retrieve elevation for 786 hexagons ... Trying up to 10 more times..."
[1] "Retrieved 786 additional hexagons after 1 additional tries ... 0 could not be retrieved."
[1] "Completed Chunk #19 @ 2025-05-02 08:49:24"
[1] "Completed Chunk #20 @ 2025-05-02 08:58:22"
[1] "Completed Chunk #21 @ 2025-05-02 09:05:40"
[1] "Completed Chunk #22 @ 2025-05-02 09:13:15"
[1] "Completed Chunk #23 @ 2025-05-02 09:20:50"
[1] "Completed Chunk #24 @ 2025-05-02 09:28:37"
[1] "Completed Chunk #25 @ 2025-05-02 09:36:26"
[1] "Completed Chunk #26 @ 2025-05-02 09:43:03"
[1] "Completed Chunk #27 @ 2025-05-02 09:50:31"
[1] "Completed Chunk #28 @ 2025-05-02 09:57:26"
[1] "Completed Chunk #29 @ 2025-05-02 10:00:24"
