[1] "Starting: 17 @ 2025-05-02 07:11:10"
[1] "Querying Elevation Data for 1,798,941 hexagons @ 2025-05-02 07:11:41"
[1] "Downloading in 36 chunks of 50,000 (Max)"
[1] "Completed Chunk #1 @ 2025-05-02 07:33:46"
[1] "Completed Chunk #2 @ 2025-05-02 07:53:22"
[1] "Failed to retrieve elevation for 256 hexagons ... Trying up to 10 more times..."
[1] "Retrieved 256 additional hexagons after 4 additional tries ... 0 could not be retrieved."
[1] "Completed Chunk #3 @ 2025-05-02 08:19:53"
[1] "Failed to retrieve elevation for 1854 hexagons ... Trying up to 10 more times..."
[1] "Retrieved 1854 additional hexagons after 1 additional tries ... 0 could not be retrieved."
[1] "Completed Chunk #4 @ 2025-05-02 09:08:38"
[1] "Completed Chunk #5 @ 2025-05-02 09:38:38"
[1] "Completed Chunk #6 @ 2025-05-02 10:04:24"
[1] "Completed Chunk #7 @ 2025-05-02 10:29:37"
[1] "Completed Chunk #8 @ 2025-05-02 10:58:21"
[1] "Failed to retrieve elevation for 1 hexagons ... Trying up to 10 more times..."
[1] "Retrieved 1 additional hexagons after 1 additional tries ... 0 could not be retrieved."
[1] "Completed Chunk #9 @ 2025-05-02 11:28:18"
[1] "Completed Chunk #10 @ 2025-05-02 12:02:01"
[1] "Failed to retrieve elevation for 1 hexagons ... Trying up to 10 more times..."
[1] "Retrieved 1 additional hexagons after 1 additional tries ... 0 could not be retrieved."
[1] "Completed Chunk #11 @ 2025-05-02 12:41:44"
[1] "Failed to retrieve elevation for 12 hexagons ... Trying up to 10 more times..."
[1] "Retrieved 12 additional hexagons after 1 additional tries ... 0 could not be retrieved."
[1] "Completed Chunk #12 @ 2025-05-02 13:11:02"
[1] "Completed Chunk #13 @ 2025-05-02 13:45:50"
[1] "Failed to retrieve elevation for 1 hexagons ... Trying up to 10 more times..."
[1] "Retrieved 1 additional hexagons after 1 additional tries ... 0 could not be retrieved."
[1] "Completed Chunk #14 @ 2025-05-02 14:16:46"
[1] "Completed Chunk #15 @ 2025-05-02 14:50:04"
[1] "Failed to retrieve elevation for 13 hexagons ... Trying up to 10 more times..."
[1] "Retrieved 13 additional hexagons after 1 additional tries ... 0 could not be retrieved."
[1] "Completed Chunk #16 @ 2025-05-02 15:22:56"
[1] "Completed Chunk #17 @ 2025-05-02 15:52:04"
[1] "Failed to retrieve elevation for 2 hexagons ... Trying up to 10 more times..."
[1] "Retrieved 2 additional hexagons after 1 additional tries ... 0 could not be retrieved."
[1] "Completed Chunk #18 @ 2025-05-02 16:40:30"
[1] "Completed Chunk #19 @ 2025-05-02 17:15:00"
[1] "Completed Chunk #20 @ 2025-05-02 17:44:10"
[1] "Failed to retrieve elevation for 779 hexagons ... Trying up to 10 more times..."
[1] "Retrieved 779 additional hexagons after 1 additional tries ... 0 could not be retrieved."
[1] "Completed Chunk #21 @ 2025-05-02 18:46:44"
[1] "Completed Chunk #22 @ 2025-05-02 19:14:06"
[1] "Completed Chunk #23 @ 2025-05-02 19:38:08"
[1] "Completed Chunk #24 @ 2025-05-02 20:02:53"
[1] "Completed Chunk #25 @ 2025-05-02 20:28:37"
[1] "Completed Chunk #26 @ 2025-05-02 20:54:05"
[1] "Completed Chunk #27 @ 2025-05-02 21:20:08"
[1] "Completed Chunk #28 @ 2025-05-02 21:37:52"
[1] "Completed Chunk #29 @ 2025-05-02 21:57:37"
[1] "Completed Chunk #30 @ 2025-05-02 22:20:14"
[1] "Completed Chunk #31 @ 2025-05-02 22:42:32"
[1] "Completed Chunk #32 @ 2025-05-02 23:07:56"
[1] "Completed Chunk #33 @ 2025-05-02 23:29:56"
[1] "Completed Chunk #34 @ 2025-05-02 23:50:18"
[1] "Completed Chunk #35 @ 2025-05-03 00:15:39"
[1] "Completed Chunk #36 @ 2025-05-03 00:35:03"
