[1] "Starting: 18 @ 2025-05-02 08:21:52"
[1] "Querying Elevation Data for 1,217,201 hexagons @ 2025-05-02 08:22:11"
[1] "Downloading in 25 chunks of 50,000 (Max)"
[1] "Failed to retrieve elevation for 3442 hexagons ... Trying up to 10 more times..."
[1] "Retrieved 3442 additional hexagons after 2 additional tries ... 0 could not be retrieved."
[1] "Completed Chunk #1 @ 2025-05-02 08:53:37"
[1] "Completed Chunk #2 @ 2025-05-02 09:05:50"
[1] "Completed Chunk #3 @ 2025-05-02 09:18:48"
[1] "Completed Chunk #4 @ 2025-05-02 09:29:22"
[1] "Failed to retrieve elevation for 1 hexagons ... Trying up to 10 more times..."
[1] "Retrieved 1 additional hexagons after 1 additional tries ... 0 could not be retrieved."
[1] "Completed Chunk #5 @ 2025-05-02 09:41:52"
[1] "Completed Chunk #6 @ 2025-05-02 09:53:23"
[1] "Completed Chunk #7 @ 2025-05-02 10:01:59"
[1] "Completed Chunk #8 @ 2025-05-02 10:13:15"
[1] "Failed to retrieve elevation for 1 hexagons ... Trying up to 10 more times..."
[1] "Retrieved 1 additional hexagons after 1 additional tries ... 0 could not be retrieved."
[1] "Completed Chunk #9 @ 2025-05-02 10:23:27"
[1] "Completed Chunk #10 @ 2025-05-02 10:35:16"
[1] "Completed Chunk #11 @ 2025-05-02 10:47:58"
[1] "Completed Chunk #12 @ 2025-05-02 10:58:38"
[1] "Failed to retrieve elevation for 1 hexagons ... Trying up to 10 more times..."
[1] "Retrieved 1 additional hexagons after 1 additional tries ... 0 could not be retrieved."
[1] "Completed Chunk #13 @ 2025-05-02 11:11:17"
[1] "Completed Chunk #14 @ 2025-05-02 11:24:12"
[1] "Completed Chunk #15 @ 2025-05-02 11:36:55"
[1] "Completed Chunk #16 @ 2025-05-02 11:50:43"
[1] "Failed to retrieve elevation for 1 hexagons ... Trying up to 10 more times..."
[1] "Retrieved 1 additional hexagons after 1 additional tries ... 0 could not be retrieved."
[1] "Completed Chunk #17 @ 2025-05-02 12:03:34"
[1] "Completed Chunk #18 @ 2025-05-02 12:17:39"
[1] "Completed Chunk #19 @ 2025-05-02 12:36:43"
[1] "Completed Chunk #20 @ 2025-05-02 12:49:42"
[1] "Failed to retrieve elevation for 47 hexagons ... Trying up to 10 more times..."
[1] "Retrieved 47 additional hexagons after 1 additional tries ... 0 could not be retrieved."
[1] "Completed Chunk #21 @ 2025-05-02 13:02:51"
[1] "Completed Chunk #22 @ 2025-05-02 13:16:13"
[1] "Failed to retrieve elevation for 1 hexagons ... Trying up to 10 more times..."
[1] "Retrieved 1 additional hexagons after 1 additional tries ... 0 could not be retrieved."
[1] "Completed Chunk #23 @ 2025-05-02 13:30:59"
[1] "Completed Chunk #24 @ 2025-05-02 13:41:43"
[1] "Completed Chunk #25 @ 2025-05-02 13:46:49"
