[1] "Starting: 19 @ 2025-05-02 10:00:27"
[1] "Querying Elevation Data for 1,777,654 hexagons @ 2025-05-02 10:01:15"
[1] "Downloading in 36 chunks of 50,000 (Max)"
[1] "Completed Chunk #1 @ 2025-05-02 10:08:11"
[1] "Failed to retrieve elevation for 2 hexagons ... Trying up to 10 more times..."
[1] "Retrieved 2 additional hexagons after 1 additional tries ... 0 could not be retrieved."
[1] "Completed Chunk #2 @ 2025-05-02 10:14:30"
[1] "Completed Chunk #3 @ 2025-05-02 10:21:35"
[1] "Completed Chunk #4 @ 2025-05-02 10:28:02"
[1] "Completed Chunk #5 @ 2025-05-02 10:35:29"
[1] "Completed Chunk #6 @ 2025-05-02 10:42:24"
[1] "Completed Chunk #7 @ 2025-05-02 10:49:42"
[1] "Completed Chunk #8 @ 2025-05-02 10:57:19"
[1] "Failed to retrieve elevation for 1 hexagons ... Trying up to 10 more times..."
[1] "Retrieved 1 additional hexagons after 1 additional tries ... 0 could not be retrieved."
[1] "Completed Chunk #9 @ 2025-05-02 11:04:57"
[1] "Completed Chunk #10 @ 2025-05-02 11:11:54"
[1] "Completed Chunk #11 @ 2025-05-02 11:19:18"
[1] "Completed Chunk #12 @ 2025-05-02 11:27:24"
[1] "Completed Chunk #13 @ 2025-05-02 11:35:24"
[1] "Failed to retrieve elevation for 2 hexagons ... Trying up to 10 more times..."
[1] "Retrieved 2 additional hexagons after 1 additional tries ... 0 could not be retrieved."
[1] "Completed Chunk #14 @ 2025-05-02 11:44:04"
[1] "Completed Chunk #15 @ 2025-05-02 11:51:06"
[1] "Failed to retrieve elevation for 1 hexagons ... Trying up to 10 more times..."
[1] "Retrieved 1 additional hexagons after 1 additional tries ... 0 could not be retrieved."
[1] "Completed Chunk #16 @ 2025-05-02 11:58:48"
[1] "Completed Chunk #17 @ 2025-05-02 12:06:08"
[1] "Failed to retrieve elevation for 1 hexagons ... Trying up to 10 more times..."
[1] "Retrieved 1 additional hexagons after 1 additional tries ... 0 could not be retrieved."
[1] "Completed Chunk #18 @ 2025-05-02 12:16:25"
[1] "Completed Chunk #19 @ 2025-05-02 12:29:07"
[1] "Completed Chunk #20 @ 2025-05-02 12:37:03"
[1] "Failed to retrieve elevation for 2 hexagons ... Trying up to 10 more times..."
[1] "Retrieved 2 additional hexagons after 1 additional tries ... 0 could not be retrieved."
[1] "Completed Chunk #21 @ 2025-05-02 12:44:24"
[1] "Completed Chunk #22 @ 2025-05-02 12:51:59"
[1] "Failed to retrieve elevation for 82 hexagons ... Trying up to 10 more times..."
[1] "Retrieved 82 additional hexagons after 1 additional tries ... 0 could not be retrieved."
[1] "Completed Chunk #23 @ 2025-05-02 13:02:04"
[1] "Failed to retrieve elevation for 1 hexagons ... Trying up to 10 more times..."
[1] "Retrieved 1 additional hexagons after 1 additional tries ... 0 could not be retrieved."
[1] "Completed Chunk #24 @ 2025-05-02 13:09:52"
[1] "Failed to retrieve elevation for 1 hexagons ... Trying up to 10 more times..."
[1] "Retrieved 1 additional hexagons after 1 additional tries ... 0 could not be retrieved."
[1] "Completed Chunk #25 @ 2025-05-02 13:18:04"
[1] "Completed Chunk #26 @ 2025-05-02 13:26:43"
[1] "Failed to retrieve elevation for 1 hexagons ... Trying up to 10 more times..."
[1] "Retrieved 1 additional hexagons after 1 additional tries ... 0 could not be retrieved."
[1] "Completed Chunk #27 @ 2025-05-02 13:34:30"
[1] "Completed Chunk #28 @ 2025-05-02 13:41:23"
[1] "Completed Chunk #29 @ 2025-05-02 13:47:54"
[1] "Completed Chunk #30 @ 2025-05-02 13:55:56"
[1] "Completed Chunk #31 @ 2025-05-02 14:03:09"
[1] "Completed Chunk #32 @ 2025-05-02 14:11:14"
[1] "Completed Chunk #33 @ 2025-05-02 14:19:27"
[1] "Failed to retrieve elevation for 1 hexagons ... Trying up to 10 more times..."
[1] "Retrieved 1 additional hexagons after 1 additional tries ... 0 could not be retrieved."
[1] "Completed Chunk #34 @ 2025-05-02 14:27:23"
[1] "Completed Chunk #35 @ 2025-05-02 14:35:16"
[1] "Completed Chunk #36 @ 2025-05-02 14:39:57"
