[1] "Starting: 20 @ 2025-05-02 13:47:00"
[1] "Querying Elevation Data for 2,195,415 hexagons @ 2025-05-02 13:47:33"
[1] "Downloading in 44 chunks of 50,000 (Max)"
[1] "Completed Chunk #1 @ 2025-05-02 14:03:15"
[1] "Failed to retrieve elevation for 1 hexagons ... Trying up to 10 more times..."
[1] "Retrieved 1 additional hexagons after 1 additional tries ... 0 could not be retrieved."
[1] "Completed Chunk #2 @ 2025-05-02 14:16:33"
[1] "Completed Chunk #3 @ 2025-05-02 14:30:15"
[1] "Completed Chunk #4 @ 2025-05-02 14:41:42"
[1] "Failed to retrieve elevation for 25 hexagons ... Trying up to 10 more times..."
[1] "Retrieved 25 additional hexagons after 1 additional tries ... 0 could not be retrieved."
[1] "Completed Chunk #5 @ 2025-05-02 14:57:08"
[1] "Completed Chunk #6 @ 2025-05-02 15:12:34"
[1] "Failed to retrieve elevation for 1 hexagons ... Trying up to 10 more times..."
[1] "Retrieved 1 additional hexagons after 1 additional tries ... 0 could not be retrieved."
[1] "Completed Chunk #7 @ 2025-05-02 15:25:51"
[1] "Completed Chunk #8 @ 2025-05-02 15:39:54"
[1] "Completed Chunk #9 @ 2025-05-02 15:51:37"
[1] "Completed Chunk #10 @ 2025-05-02 16:07:45"
[1] "Failed to retrieve elevation for 2 hexagons ... Trying up to 10 more times..."
[1] "Retrieved 2 additional hexagons after 1 additional tries ... 0 could not be retrieved."
[1] "Completed Chunk #11 @ 2025-05-02 16:31:44"
[1] "Failed to retrieve elevation for 1 hexagons ... Trying up to 10 more times..."
[1] "Retrieved 1 additional hexagons after 1 additional tries ... 0 could not be retrieved."
[1] "Completed Chunk #12 @ 2025-05-02 16:45:07"
[1] "Failed to retrieve elevation for 2 hexagons ... Trying up to 10 more times..."
[1] "Retrieved 2 additional hexagons after 1 additional tries ... 0 could not be retrieved."
[1] "Completed Chunk #13 @ 2025-05-02 17:02:54"
[1] "Completed Chunk #14 @ 2025-05-02 17:14:31"
[1] "Completed Chunk #15 @ 2025-05-02 17:27:21"
[1] "Completed Chunk #16 @ 2025-05-02 17:40:14"
[1] "Failed to retrieve elevation for 61 hexagons ... Trying up to 10 more times..."
[1] "Retrieved 61 additional hexagons after 3 additional tries ... 0 could not be retrieved."
[1] "Completed Chunk #17 @ 2025-05-02 17:55:25"
[1] "Failed to retrieve elevation for 3250 hexagons ... Trying up to 10 more times..."
[1] "Retrieved 3250 additional hexagons after 1 additional tries ... 0 could not be retrieved."
[1] "Completed Chunk #18 @ 2025-05-02 18:35:48"
[1] "Failed to retrieve elevation for 12 hexagons ... Trying up to 10 more times..."
[1] "Retrieved 12 additional hexagons after 1 additional tries ... 0 could not be retrieved."
[1] "Completed Chunk #19 @ 2025-05-02 18:52:45"
[1] "Completed Chunk #20 @ 2025-05-02 19:04:46"
[1] "Completed Chunk #21 @ 2025-05-02 19:15:44"
[1] "Completed Chunk #22 @ 2025-05-02 19:26:20"
[1] "Completed Chunk #23 @ 2025-05-02 19:37:11"
[1] "Completed Chunk #24 @ 2025-05-02 19:47:51"
[1] "Completed Chunk #25 @ 2025-05-02 19:58:21"
[1] "Completed Chunk #26 @ 2025-05-02 20:09:16"
[1] "Completed Chunk #27 @ 2025-05-02 20:20:09"
[1] "Completed Chunk #28 @ 2025-05-02 20:30:21"
[1] "Completed Chunk #29 @ 2025-05-02 20:41:32"
[1] "Completed Chunk #30 @ 2025-05-02 20:52:39"
[1] "Completed Chunk #31 @ 2025-05-02 21:02:05"
[1] "Failed to retrieve elevation for 1 hexagons ... Trying up to 10 more times..."
[1] "Retrieved 1 additional hexagons after 1 additional tries ... 0 could not be retrieved."
[1] "Completed Chunk #32 @ 2025-05-02 21:12:43"
[1] "Completed Chunk #33 @ 2025-05-02 21:22:08"
[1] "Completed Chunk #34 @ 2025-05-02 21:29:29"
[1] "Completed Chunk #35 @ 2025-05-02 21:37:34"
[1] "Completed Chunk #36 @ 2025-05-02 21:45:05"
[1] "Completed Chunk #37 @ 2025-05-02 21:55:29"
[1] "Completed Chunk #38 @ 2025-05-02 22:04:59"
[1] "Completed Chunk #39 @ 2025-05-02 22:15:17"
[1] "Completed Chunk #40 @ 2025-05-02 22:23:41"
[1] "Completed Chunk #41 @ 2025-05-02 22:32:52"
[1] "Completed Chunk #42 @ 2025-05-02 22:42:35"
[1] "Completed Chunk #43 @ 2025-05-02 22:54:06"
[1] "Completed Chunk #44 @ 2025-05-02 23:03:03"
