[1] "Starting: 21 @ 2025-05-02 14:40:03"
[1] "Querying Elevation Data for 1,388,194 hexagons @ 2025-05-02 14:40:19"
[1] "Downloading in 28 chunks of 50,000 (Max)"
[1] "Completed Chunk #1 @ 2025-05-02 14:48:07"
[1] "Failed to retrieve elevation for 58 hexagons ... Trying up to 10 more times..."
[1] "Retrieved 58 additional hexagons after 1 additional tries ... 0 could not be retrieved."
[1] "Completed Chunk #2 @ 2025-05-02 14:57:54"
[1] "Completed Chunk #3 @ 2025-05-02 15:07:04"
[1] "Completed Chunk #4 @ 2025-05-02 15:13:34"
[1] "Completed Chunk #5 @ 2025-05-02 15:21:25"
[1] "Completed Chunk #6 @ 2025-05-02 15:27:53"
[1] "Completed Chunk #7 @ 2025-05-02 15:35:53"
[1] "Completed Chunk #8 @ 2025-05-02 15:42:07"
[1] "Failed to retrieve elevation for 2 hexagons ... Trying up to 10 more times..."
[1] "Retrieved 2 additional hexagons after 1 additional tries ... 0 could not be retrieved."
[1] "Completed Chunk #9 @ 2025-05-02 15:50:01"
[1] "Completed Chunk #10 @ 2025-05-02 15:57:19"
[1] "Failed to retrieve elevation for 1 hexagons ... Trying up to 10 more times..."
[1] "Retrieved 1 additional hexagons after 1 additional tries ... 0 could not be retrieved."
[1] "Completed Chunk #11 @ 2025-05-02 16:09:09"
[1] "Failed to retrieve elevation for 4 hexagons ... Trying up to 10 more times..."
[1] "Retrieved 4 additional hexagons after 1 additional tries ... 0 could not be retrieved."
[1] "Completed Chunk #12 @ 2025-05-02 16:25:46"
[1] "Completed Chunk #13 @ 2025-05-02 16:33:19"
[1] "Failed to retrieve elevation for 5 hexagons ... Trying up to 10 more times..."
[1] "Retrieved 5 additional hexagons after 1 additional tries ... 0 could not be retrieved."
[1] "Completed Chunk #14 @ 2025-05-02 16:42:20"
[1] "Completed Chunk #15 @ 2025-05-02 16:50:28"
[1] "Completed Chunk #16 @ 2025-05-02 17:01:12"
[1] "Completed Chunk #17 @ 2025-05-02 17:07:49"
[1] "Completed Chunk #18 @ 2025-05-02 17:14:26"
[1] "Completed Chunk #19 @ 2025-05-02 17:21:40"
[1] "Failed to retrieve elevation for 1 hexagons ... Trying up to 10 more times..."
[1] "Retrieved 1 additional hexagons after 1 additional tries ... 0 could not be retrieved."
[1] "Completed Chunk #20 @ 2025-05-02 17:27:51"
[1] "Completed Chunk #21 @ 2025-05-02 17:34:56"
[1] "Completed Chunk #22 @ 2025-05-02 17:41:13"
[1] "Completed Chunk #23 @ 2025-05-02 17:48:43"
[1] "Failed to retrieve elevation for 628 hexagons ... Trying up to 10 more times..."
[1] "Retrieved 628 additional hexagons after 6 additional tries ... 0 could not be retrieved."
[1] "Completed Chunk #24 @ 2025-05-02 18:15:53"
[1] "Failed to retrieve elevation for 1849 hexagons ... Trying up to 10 more times..."
[1] "Retrieved 1849 additional hexagons after 1 additional tries ... 0 could not be retrieved."
[1] "Completed Chunk #25 @ 2025-05-02 18:35:15"
[1] "Failed to retrieve elevation for 37 hexagons ... Trying up to 10 more times..."
[1] "Retrieved 37 additional hexagons after 1 additional tries ... 0 could not be retrieved."
[1] "Completed Chunk #26 @ 2025-05-02 18:46:14"
[1] "Completed Chunk #27 @ 2025-05-02 18:53:16"
[1] "Completed Chunk #28 @ 2025-05-02 18:58:57"
