[1] "Starting: 22 @ 2025-05-02 18:59:01"
[1] "Querying Elevation Data for 1,271,305 hexagons @ 2025-05-02 18:59:20"
[1] "Downloading in 26 chunks of 50,000 (Max)"
[1] "Completed Chunk #1 @ 2025-05-02 19:05:41"
[1] "Completed Chunk #2 @ 2025-05-02 19:12:25"
[1] "Completed Chunk #3 @ 2025-05-02 19:18:02"
[1] "Completed Chunk #4 @ 2025-05-02 19:25:06"
[1] "Completed Chunk #5 @ 2025-05-02 19:31:38"
[1] "Completed Chunk #6 @ 2025-05-02 19:37:26"
[1] "Completed Chunk #7 @ 2025-05-02 19:43:43"
[1] "Completed Chunk #8 @ 2025-05-02 19:49:17"
[1] "Completed Chunk #9 @ 2025-05-02 19:56:04"
[1] "Completed Chunk #10 @ 2025-05-02 20:02:32"
[1] "Completed Chunk #11 @ 2025-05-02 20:09:01"
[1] "Completed Chunk #12 @ 2025-05-02 20:15:26"
[1] "Completed Chunk #13 @ 2025-05-02 20:21:34"
[1] "Completed Chunk #14 @ 2025-05-02 20:28:25"
[1] "Failed to retrieve elevation for 1 hexagons ... Trying up to 10 more times..."
[1] "Retrieved 1 additional hexagons after 1 additional tries ... 0 could not be retrieved."
[1] "Completed Chunk #15 @ 2025-05-02 20:35:08"
[1] "Completed Chunk #16 @ 2025-05-02 20:41:48"
[1] "Completed Chunk #17 @ 2025-05-02 20:48:58"
[1] "Failed to retrieve elevation for 1 hexagons ... Trying up to 10 more times..."
[1] "Retrieved 1 additional hexagons after 1 additional tries ... 0 could not be retrieved."
[1] "Completed Chunk #18 @ 2025-05-02 20:54:37"
[1] "Completed Chunk #19 @ 2025-05-02 21:01:08"
[1] "Completed Chunk #20 @ 2025-05-02 21:07:44"
[1] "Completed Chunk #21 @ 2025-05-02 21:13:48"
[1] "Failed to retrieve elevation for 1 hexagons ... Trying up to 10 more times..."
[1] "Retrieved 1 additional hexagons after 1 additional tries ... 0 could not be retrieved."
[1] "Completed Chunk #22 @ 2025-05-02 21:19:54"
[1] "Failed to retrieve elevation for 2791 hexagons ... Trying up to 10 more times..."
[1] "Retrieved 0 additional hexagons after 10 additional tries ... 2791 could not be retrieved."
[1] "Completed Chunk #23 @ 2025-05-02 21:46:28"
[1] "Completed Chunk #24 @ 2025-05-02 21:52:45"
