[1] "Starting: 26 @ 2025-05-03 00:35:07"
[1] "Querying Elevation Data for 1,845,173 hexagons @ 2025-05-03 00:35:43"
[1] "Downloading in 37 chunks of 50,000 (Max)"
[1] "Completed Chunk #1 @ 2025-05-03 00:53:46"
[1] "Completed Chunk #2 @ 2025-05-03 01:13:56"
[1] "Failed to retrieve elevation for 1 hexagons ... Trying up to 10 more times..."
[1] "Retrieved 1 additional hexagons after 1 additional tries ... 0 could not be retrieved."
[1] "Completed Chunk #3 @ 2025-05-03 01:56:34"
[1] "Failed to retrieve elevation for 428 hexagons ... Trying up to 10 more times..."
[1] "Retrieved 428 additional hexagons after 1 additional tries ... 0 could not be retrieved."
[1] "Completed Chunk #4 @ 2025-05-03 02:27:25"
[1] "Completed Chunk #5 @ 2025-05-03 02:49:53"
[1] "Failed to retrieve elevation for 3107 hexagons ... Trying up to 10 more times..."
[1] "Retrieved 3107 additional hexagons after 1 additional tries ... 0 could not be retrieved."
[1] "Completed Chunk #6 @ 2025-05-03 03:36:24"
[1] "Completed Chunk #7 @ 2025-05-03 03:56:15"
[1] "Completed Chunk #8 @ 2025-05-03 04:15:54"
[1] "Completed Chunk #9 @ 2025-05-03 04:33:49"
[1] "Completed Chunk #10 @ 2025-05-03 04:52:56"
[1] "Completed Chunk #11 @ 2025-05-03 05:12:55"
[1] "Completed Chunk #12 @ 2025-05-03 05:34:22"
[1] "Completed Chunk #13 @ 2025-05-03 05:52:56"
[1] "Completed Chunk #14 @ 2025-05-03 06:12:11"
[1] "Completed Chunk #15 @ 2025-05-03 06:31:34"
[1] "Completed Chunk #16 @ 2025-05-03 06:52:10"
[1] "Completed Chunk #17 @ 2025-05-03 07:19:35"
[1] "Completed Chunk #18 @ 2025-05-03 07:53:38"
[1] "Completed Chunk #19 @ 2025-05-03 08:15:52"
[1] "Completed Chunk #20 @ 2025-05-03 08:36:48"
[1] "Completed Chunk #21 @ 2025-05-03 08:57:20"
[1] "Completed Chunk #22 @ 2025-05-03 09:20:03"
[1] "Completed Chunk #23 @ 2025-05-03 09:43:11"
[1] "Completed Chunk #24 @ 2025-05-03 10:07:41"
[1] "Failed to retrieve elevation for 1 hexagons ... Trying up to 10 more times..."
[1] "Retrieved 1 additional hexagons after 1 additional tries ... 0 could not be retrieved."
[1] "Completed Chunk #25 @ 2025-05-03 10:38:37"
[1] "Completed Chunk #26 @ 2025-05-03 11:04:19"
[1] "Failed to retrieve elevation for 1 hexagons ... Trying up to 10 more times..."
[1] "Retrieved 1 additional hexagons after 1 additional tries ... 0 could not be retrieved."
[1] "Completed Chunk #27 @ 2025-05-03 11:33:15"
[1] "Completed Chunk #28 @ 2025-05-03 12:02:10"
[1] "Completed Chunk #29 @ 2025-05-03 12:27:33"
[1] "Completed Chunk #30 @ 2025-05-03 12:52:35"
[1] "Completed Chunk #31 @ 2025-05-03 13:19:00"
[1] "Completed Chunk #32 @ 2025-05-03 13:44:33"
[1] "Failed to retrieve elevation for 462 hexagons ... Trying up to 10 more times..."
[1] "Retrieved 462 additional hexagons after 1 additional tries ... 0 could not be retrieved."
[1] "Completed Chunk #33 @ 2025-05-03 14:34:27"
[1] "Failed to retrieve elevation for 65 hexagons ... Trying up to 10 more times..."
[1] "Retrieved 65 additional hexagons after 1 additional tries ... 0 could not be retrieved."
[1] "Completed Chunk #34 @ 2025-05-03 15:07:22"
[1] "Completed Chunk #35 @ 2025-05-03 15:30:50"
[1] "Completed Chunk #36 @ 2025-05-03 15:55:01"
[1] "Completed Chunk #37 @ 2025-05-03 16:16:35"
