[1] "Starting: 27 @ 2025-05-03 00:40:57"
[1] "Querying Elevation Data for 2,236,726 hexagons @ 2025-05-03 00:41:26"
[1] "Downloading in 45 chunks of 50,000 (Max)"
[1] "Completed Chunk #1 @ 2025-05-03 00:50:18"
[1] "Completed Chunk #2 @ 2025-05-03 00:59:01"
[1] "Completed Chunk #3 @ 2025-05-03 01:06:52"
[1] "Completed Chunk #4 @ 2025-05-03 01:15:12"
[1] "Completed Chunk #5 @ 2025-05-03 01:23:45"
[1] "Failed to retrieve elevation for 3630 hexagons ... Trying up to 10 more times..."
[1] "Retrieved 3630 additional hexagons after 7 additional tries ... 0 could not be retrieved."
[1] "Completed Chunk #6 @ 2025-05-03 01:45:28"
[1] "Failed to retrieve elevation for 5030 hexagons ... Trying up to 10 more times..."
[1] "Retrieved 5030 additional hexagons after 2 additional tries ... 0 could not be retrieved."
[1] "Completed Chunk #7 @ 2025-05-03 02:13:03"
[1] "Completed Chunk #8 @ 2025-05-03 02:22:35"
[1] "Completed Chunk #9 @ 2025-05-03 02:31:36"
[1] "Completed Chunk #10 @ 2025-05-03 02:41:06"
[1] "Completed Chunk #11 @ 2025-05-03 02:49:21"
[1] "Failed to retrieve elevation for 2762 hexagons ... Trying up to 10 more times..."
[1] "Retrieved 2762 additional hexagons after 5 additional tries ... 0 could not be retrieved."
[1] "Completed Chunk #12 @ 2025-05-03 03:15:06"
[1] "Failed to retrieve elevation for 971 hexagons ... Trying up to 10 more times..."
[1] "Retrieved 971 additional hexagons after 1 additional tries ... 0 could not be retrieved."
[1] "Completed Chunk #13 @ 2025-05-03 03:31:56"
[1] "Completed Chunk #14 @ 2025-05-03 03:39:46"
[1] "Completed Chunk #15 @ 2025-05-03 03:47:55"
[1] "Completed Chunk #16 @ 2025-05-03 03:55:50"
[1] "Completed Chunk #17 @ 2025-05-03 04:03:40"
[1] "Completed Chunk #18 @ 2025-05-03 04:12:14"
[1] "Completed Chunk #19 @ 2025-05-03 04:19:33"
[1] "Completed Chunk #20 @ 2025-05-03 04:26:12"
[1] "Completed Chunk #21 @ 2025-05-03 04:34:23"
[1] "Completed Chunk #22 @ 2025-05-03 04:42:16"
[1] "Completed Chunk #23 @ 2025-05-03 04:49:54"
[1] "Completed Chunk #24 @ 2025-05-03 04:57:43"
[1] "Completed Chunk #25 @ 2025-05-03 05:06:04"
[1] "Completed Chunk #26 @ 2025-05-03 05:14:27"
[1] "Completed Chunk #27 @ 2025-05-03 05:23:14"
[1] "Completed Chunk #28 @ 2025-05-03 05:31:38"
[1] "Completed Chunk #29 @ 2025-05-03 05:39:32"
[1] "Completed Chunk #30 @ 2025-05-03 05:47:20"
[1] "Completed Chunk #31 @ 2025-05-03 05:55:21"
[1] "Completed Chunk #32 @ 2025-05-03 06:03:34"
[1] "Completed Chunk #33 @ 2025-05-03 06:11:22"
[1] "Completed Chunk #34 @ 2025-05-03 06:18:40"
[1] "Completed Chunk #35 @ 2025-05-03 06:26:33"
[1] "Completed Chunk #36 @ 2025-05-03 06:34:23"
[1] "Completed Chunk #37 @ 2025-05-03 06:42:58"
[1] "Completed Chunk #38 @ 2025-05-03 06:51:20"
[1] "Completed Chunk #39 @ 2025-05-03 06:59:20"
[1] "Completed Chunk #40 @ 2025-05-03 07:10:28"
[1] "Completed Chunk #41 @ 2025-05-03 07:25:34"
[1] "Completed Chunk #42 @ 2025-05-03 07:42:47"
[1] "Completed Chunk #43 @ 2025-05-03 07:51:14"
[1] "Completed Chunk #44 @ 2025-05-03 08:00:09"
[1] "Completed Chunk #45 @ 2025-05-03 08:07:04"
