[1] "Starting: 28 @ 2025-05-03 00:49:35"
[1] "Querying Elevation Data for 1,354,830 hexagons @ 2025-05-03 00:50:11"
[1] "Downloading in 28 chunks of 50,000 (Max)"
[1] "Completed Chunk #1 @ 2025-05-03 00:56:13"
[1] "Completed Chunk #2 @ 2025-05-03 01:01:20"
[1] "Completed Chunk #3 @ 2025-05-03 01:06:58"
[1] "Completed Chunk #4 @ 2025-05-03 01:13:02"
[1] "Completed Chunk #5 @ 2025-05-03 01:18:49"
[1] "Completed Chunk #6 @ 2025-05-03 01:24:27"
[1] "Failed to retrieve elevation for 944 hexagons ... Trying up to 10 more times..."
[1] "Retrieved 944 additional hexagons after 7 additional tries ... 0 could not be retrieved."
[1] "Completed Chunk #7 @ 2025-05-03 01:40:45"
[1] "Failed to retrieve elevation for 9132 hexagons ... Trying up to 10 more times..."
[1] "Retrieved 9132 additional hexagons after 2 additional tries ... 0 could not be retrieved."
[1] "Completed Chunk #8 @ 2025-05-03 02:06:56"
[1] "Failed to retrieve elevation for 1 hexagons ... Trying up to 10 more times..."
[1] "Retrieved 1 additional hexagons after 1 additional tries ... 0 could not be retrieved."
[1] "Completed Chunk #9 @ 2025-05-03 02:13:58"
[1] "Completed Chunk #10 @ 2025-05-03 02:20:33"
[1] "Completed Chunk #11 @ 2025-05-03 02:26:13"
[1] "Completed Chunk #12 @ 2025-05-03 02:32:07"
[1] "Completed Chunk #13 @ 2025-05-03 02:38:23"
[1] "Completed Chunk #14 @ 2025-05-03 02:44:18"
[1] "Completed Chunk #15 @ 2025-05-03 02:49:53"
[1] "Failed to retrieve elevation for 2702 hexagons ... Trying up to 10 more times..."
[1] "Retrieved 2702 additional hexagons after 5 additional tries ... 0 could not be retrieved."
[1] "Completed Chunk #16 @ 2025-05-03 03:14:30"
[1] "Failed to retrieve elevation for 1638 hexagons ... Trying up to 10 more times..."
[1] "Retrieved 1638 additional hexagons after 1 additional tries ... 0 could not be retrieved."
[1] "Completed Chunk #17 @ 2025-05-03 03:30:01"
[1] "Completed Chunk #18 @ 2025-05-03 03:35:17"
[1] "Completed Chunk #19 @ 2025-05-03 03:40:54"
[1] "Completed Chunk #20 @ 2025-05-03 03:46:42"
[1] "Completed Chunk #21 @ 2025-05-03 03:52:09"
[1] "Completed Chunk #22 @ 2025-05-03 03:57:05"
[1] "Completed Chunk #23 @ 2025-05-03 04:02:42"
[1] "Completed Chunk #24 @ 2025-05-03 04:08:08"
[1] "Completed Chunk #25 @ 2025-05-03 04:12:52"
[1] "Completed Chunk #26 @ 2025-05-03 04:18:26"
[1] "Completed Chunk #27 @ 2025-05-03 04:23:43"
[1] "Completed Chunk #28 @ 2025-05-03 04:25:59"
