[1] "Starting: 29 @ 2025-05-03 04:26:07"
[1] "Querying Elevation Data for 2,092,833 hexagons @ 2025-05-03 04:27:02"
[1] "Downloading in 42 chunks of 50,000 (Max)"
[1] "Completed Chunk #1 @ 2025-05-03 04:33:05"
[1] "Completed Chunk #2 @ 2025-05-03 04:38:40"
[1] "Completed Chunk #3 @ 2025-05-03 04:43:45"
[1] "Completed Chunk #4 @ 2025-05-03 04:49:25"
[1] "Completed Chunk #5 @ 2025-05-03 04:55:08"
[1] "Completed Chunk #6 @ 2025-05-03 05:00:40"
[1] "Completed Chunk #7 @ 2025-05-03 05:06:16"
[1] "Completed Chunk #8 @ 2025-05-03 05:12:30"
[1] "Completed Chunk #9 @ 2025-05-03 05:18:35"
[1] "Completed Chunk #10 @ 2025-05-03 05:23:57"
[1] "Completed Chunk #11 @ 2025-05-03 05:30:08"
[1] "Completed Chunk #12 @ 2025-05-03 05:35:27"
[1] "Failed to retrieve elevation for 1 hexagons ... Trying up to 10 more times..."
[1] "Retrieved 1 additional hexagons after 1 additional tries ... 0 could not be retrieved."
[1] "Completed Chunk #13 @ 2025-05-03 05:40:54"
[1] "Completed Chunk #14 @ 2025-05-03 05:46:43"
[1] "Completed Chunk #15 @ 2025-05-03 05:52:38"
[1] "Completed Chunk #16 @ 2025-05-03 05:58:11"
[1] "Completed Chunk #17 @ 2025-05-03 06:03:52"
[1] "Completed Chunk #18 @ 2025-05-03 06:09:40"
[1] "Completed Chunk #19 @ 2025-05-03 06:15:19"
[1] "Completed Chunk #20 @ 2025-05-03 06:20:50"
[1] "Completed Chunk #21 @ 2025-05-03 06:26:44"
[1] "Completed Chunk #22 @ 2025-05-03 06:32:22"
[1] "Completed Chunk #23 @ 2025-05-03 06:38:03"
[1] "Completed Chunk #24 @ 2025-05-03 06:43:50"
[1] "Completed Chunk #25 @ 2025-05-03 06:50:00"
[1] "Completed Chunk #26 @ 2025-05-03 06:55:44"
[1] "Completed Chunk #27 @ 2025-05-03 07:01:12"
[1] "Failed to retrieve elevation for 1 hexagons ... Trying up to 10 more times..."
[1] "Retrieved 1 additional hexagons after 1 additional tries ... 0 could not be retrieved."
[1] "Completed Chunk #28 @ 2025-05-03 07:09:01"
[1] "Completed Chunk #29 @ 2025-05-03 07:16:46"
[1] "Completed Chunk #30 @ 2025-05-03 07:26:56"
[1] "Completed Chunk #31 @ 2025-05-03 07:37:28"
[1] "Completed Chunk #32 @ 2025-05-03 07:45:44"
[1] "Completed Chunk #33 @ 2025-05-03 07:51:34"
[1] "Completed Chunk #34 @ 2025-05-03 07:57:50"
[1] "Completed Chunk #35 @ 2025-05-03 08:03:59"
[1] "Completed Chunk #36 @ 2025-05-03 08:09:57"
[1] "Completed Chunk #37 @ 2025-05-03 08:16:25"
[1] "Completed Chunk #38 @ 2025-05-03 08:22:39"
[1] "Completed Chunk #39 @ 2025-05-03 08:28:32"
[1] "Completed Chunk #40 @ 2025-05-03 08:33:56"
[1] "Completed Chunk #41 @ 2025-05-03 08:39:46"
[1] "Completed Chunk #42 @ 2025-05-03 08:45:11"
