[1] "Starting: 30 @ 2025-05-03 08:07:14"
[1] "Querying Elevation Data for 2,204,255 hexagons @ 2025-05-03 08:07:23"
[1] "Downloading in 45 chunks of 50,000 (Max)"
[1] "Completed Chunk #1 @ 2025-05-03 08:16:05"
[1] "Completed Chunk #2 @ 2025-05-03 08:24:35"
[1] "Completed Chunk #3 @ 2025-05-03 08:33:08"
[1] "Completed Chunk #4 @ 2025-05-03 08:40:15"
[1] "Completed Chunk #5 @ 2025-05-03 08:48:28"
[1] "Completed Chunk #6 @ 2025-05-03 08:56:42"
[1] "Completed Chunk #7 @ 2025-05-03 09:06:03"
[1] "Completed Chunk #8 @ 2025-05-03 09:16:09"
[1] "Completed Chunk #9 @ 2025-05-03 09:24:17"
[1] "Completed Chunk #10 @ 2025-05-03 09:34:27"
[1] "Completed Chunk #11 @ 2025-05-03 09:43:48"
[1] "Failed to retrieve elevation for 1 hexagons ... Trying up to 10 more times..."
[1] "Retrieved 1 additional hexagons after 1 additional tries ... 0 could not be retrieved."
[1] "Completed Chunk #12 @ 2025-05-03 09:54:36"
[1] "Completed Chunk #13 @ 2025-05-03 10:04:02"
[1] "Completed Chunk #14 @ 2025-05-03 10:13:48"
[1] "Completed Chunk #15 @ 2025-05-03 10:29:58"
[1] "Completed Chunk #16 @ 2025-05-03 10:39:00"
[1] "Failed to retrieve elevation for 1 hexagons ... Trying up to 10 more times..."
[1] "Retrieved 1 additional hexagons after 1 additional tries ... 0 could not be retrieved."
[1] "Completed Chunk #17 @ 2025-05-03 10:49:17"
[1] "Completed Chunk #18 @ 2025-05-03 10:58:44"
[1] "Failed to retrieve elevation for 3 hexagons ... Trying up to 10 more times..."
[1] "Retrieved 3 additional hexagons after 1 additional tries ... 0 could not be retrieved."
[1] "Completed Chunk #19 @ 2025-05-03 11:10:59"
[1] "Completed Chunk #20 @ 2025-05-03 11:22:05"
[1] "Completed Chunk #21 @ 2025-05-03 11:32:54"
[1] "Failed to retrieve elevation for 1 hexagons ... Trying up to 10 more times..."
[1] "Retrieved 1 additional hexagons after 1 additional tries ... 0 could not be retrieved."
[1] "Completed Chunk #22 @ 2025-05-03 11:44:33"
[1] "Failed to retrieve elevation for 1 hexagons ... Trying up to 10 more times..."
[1] "Retrieved 1 additional hexagons after 1 additional tries ... 0 could not be retrieved."
[1] "Completed Chunk #23 @ 2025-05-03 11:56:31"
[1] "Completed Chunk #24 @ 2025-05-03 12:07:51"
[1] "Completed Chunk #25 @ 2025-05-03 12:17:02"
[1] "Completed Chunk #26 @ 2025-05-03 12:27:41"
[1] "Failed to retrieve elevation for 1 hexagons ... Trying up to 10 more times..."
[1] "Retrieved 1 additional hexagons after 1 additional tries ... 0 could not be retrieved."
[1] "Completed Chunk #27 @ 2025-05-03 12:38:02"
[1] "Completed Chunk #28 @ 2025-05-03 12:47:35"
[1] "Completed Chunk #29 @ 2025-05-03 12:57:59"
[1] "Completed Chunk #30 @ 2025-05-03 13:09:17"
[1] "Completed Chunk #31 @ 2025-05-03 13:18:44"
[1] "Completed Chunk #32 @ 2025-05-03 13:28:41"
[1] "Completed Chunk #33 @ 2025-05-03 13:38:56"
[1] "Completed Chunk #34 @ 2025-05-03 13:48:36"
[1] "Completed Chunk #35 @ 2025-05-03 13:59:33"
[1] "Failed to retrieve elevation for 5859 hexagons ... Trying up to 10 more times..."
[1] "Retrieved 5859 additional hexagons after 2 additional tries ... 0 could not be retrieved."
[1] "Completed Chunk #36 @ 2025-05-03 14:35:14"
[1] "Failed to retrieve elevation for 77 hexagons ... Trying up to 10 more times..."
[1] "Retrieved 77 additional hexagons after 2 additional tries ... 0 could not be retrieved."
[1] "Completed Chunk #37 @ 2025-05-03 14:50:59"
[1] "Failed to retrieve elevation for 23 hexagons ... Trying up to 10 more times..."
[1] "Retrieved 23 additional hexagons after 1 additional tries ... 0 could not be retrieved."
[1] "Completed Chunk #38 @ 2025-05-03 15:05:08"
[1] "Completed Chunk #39 @ 2025-05-03 15:14:47"
[1] "Completed Chunk #40 @ 2025-05-03 15:24:15"
[1] "Completed Chunk #41 @ 2025-05-03 15:33:26"
[1] "Completed Chunk #42 @ 2025-05-03 15:44:48"
[1] "Completed Chunk #43 @ 2025-05-03 15:54:09"
[1] "Completed Chunk #44 @ 2025-05-03 16:04:29"
[1] "Completed Chunk #45 @ 2025-05-03 16:05:53"
