[1] "Starting: 31 @ 2025-05-03 08:45:15"
[1] "Querying Elevation Data for 1,933,696 hexagons @ 2025-05-03 08:45:30"
[1] "Downloading in 39 chunks of 50,000 (Max)"
[1] "Completed Chunk #1 @ 2025-05-03 08:51:18"
[1] "Completed Chunk #2 @ 2025-05-03 08:56:56"
[1] "Completed Chunk #3 @ 2025-05-03 09:03:23"
[1] "Completed Chunk #4 @ 2025-05-03 09:09:59"
[1] "Completed Chunk #5 @ 2025-05-03 09:16:25"
[1] "Completed Chunk #6 @ 2025-05-03 09:22:43"
[1] "Completed Chunk #7 @ 2025-05-03 09:29:04"
[1] "Completed Chunk #8 @ 2025-05-03 09:35:10"
[1] "Completed Chunk #9 @ 2025-05-03 09:42:00"
[1] "Completed Chunk #10 @ 2025-05-03 09:48:58"
[1] "Completed Chunk #11 @ 2025-05-03 09:54:59"
[1] "Completed Chunk #12 @ 2025-05-03 10:01:38"
[1] "Completed Chunk #13 @ 2025-05-03 10:07:52"
[1] "Completed Chunk #14 @ 2025-05-03 10:14:14"
[1] "Failed to retrieve elevation for 1 hexagons ... Trying up to 10 more times..."
[1] "Retrieved 1 additional hexagons after 1 additional tries ... 0 could not be retrieved."
[1] "Completed Chunk #15 @ 2025-05-03 10:24:00"
[1] "Completed Chunk #16 @ 2025-05-03 10:30:38"
[1] "Completed Chunk #17 @ 2025-05-03 10:37:35"
[1] "Completed Chunk #18 @ 2025-05-03 10:43:59"
[1] "Completed Chunk #19 @ 2025-05-03 10:51:01"
[1] "Failed to retrieve elevation for 1 hexagons ... Trying up to 10 more times..."
[1] "Retrieved 1 additional hexagons after 1 additional tries ... 0 could not be retrieved."
[1] "Completed Chunk #20 @ 2025-05-03 10:57:50"
[1] "Completed Chunk #21 @ 2025-05-03 11:04:43"
[1] "Failed to retrieve elevation for 1 hexagons ... Trying up to 10 more times..."
[1] "Retrieved 1 additional hexagons after 1 additional tries ... 0 could not be retrieved."
[1] "Completed Chunk #22 @ 2025-05-03 11:11:24"
[1] "Failed to retrieve elevation for 2 hexagons ... Trying up to 10 more times..."
[1] "Retrieved 2 additional hexagons after 1 additional tries ... 0 could not be retrieved."
[1] "Completed Chunk #23 @ 2025-05-03 11:19:52"
[1] "Completed Chunk #24 @ 2025-05-03 11:26:41"
[1] "Completed Chunk #25 @ 2025-05-03 11:33:20"
[1] "Failed to retrieve elevation for 1 hexagons ... Trying up to 10 more times..."
[1] "Retrieved 1 additional hexagons after 1 additional tries ... 0 could not be retrieved."
[1] "Completed Chunk #26 @ 2025-05-03 11:40:49"
[1] "Completed Chunk #27 @ 2025-05-03 11:47:13"
[1] "Failed to retrieve elevation for 1 hexagons ... Trying up to 10 more times..."
[1] "Retrieved 1 additional hexagons after 1 additional tries ... 0 could not be retrieved."
[1] "Completed Chunk #28 @ 2025-05-03 11:55:43"
[1] "Completed Chunk #29 @ 2025-05-03 12:02:57"
[1] "Completed Chunk #30 @ 2025-05-03 12:08:56"
[1] "Completed Chunk #31 @ 2025-05-03 12:15:49"
[1] "Completed Chunk #32 @ 2025-05-03 12:22:30"
[1] "Completed Chunk #33 @ 2025-05-03 12:28:41"
[1] "Failed to retrieve elevation for 2 hexagons ... Trying up to 10 more times..."
[1] "Retrieved 2 additional hexagons after 1 additional tries ... 0 could not be retrieved."
[1] "Completed Chunk #34 @ 2025-05-03 12:36:23"
[1] "Completed Chunk #35 @ 2025-05-03 12:43:42"
[1] "Completed Chunk #36 @ 2025-05-03 12:50:47"
[1] "Completed Chunk #37 @ 2025-05-03 12:57:31"
[1] "Completed Chunk #38 @ 2025-05-03 13:04:49"
[1] "Completed Chunk #39 @ 2025-05-03 13:10:09"
