[1] "Starting: 32 @ 2025-05-03 13:10:13"
[1] "Querying Elevation Data for 831,706 hexagons @ 2025-05-03 13:10:15"
[1] "Downloading in 17 chunks of 50,000 (Max)"
[1] "Completed Chunk #1 @ 2025-05-03 13:17:12"
[1] "Completed Chunk #2 @ 2025-05-03 13:22:47"
[1] "Completed Chunk #3 @ 2025-05-03 13:28:42"
[1] "Completed Chunk #4 @ 2025-05-03 13:35:16"
[1] "Completed Chunk #5 @ 2025-05-03 13:41:28"
[1] "Completed Chunk #6 @ 2025-05-03 13:48:14"
[1] "Completed Chunk #7 @ 2025-05-03 13:55:30"
[1] "Failed to retrieve elevation for 2150 hexagons ... Trying up to 10 more times..."
[1] "Retrieved 2150 additional hexagons after 4 additional tries ... 0 could not be retrieved."
[1] "Completed Chunk #8 @ 2025-05-03 14:14:07"
[1] "Failed to retrieve elevation for 3494 hexagons ... Trying up to 10 more times..."
[1] "Retrieved 3494 additional hexagons after 2 additional tries ... 0 could not be retrieved."
[1] "Completed Chunk #9 @ 2025-05-03 14:35:36"
[1] "Failed to retrieve elevation for 194 hexagons ... Trying up to 10 more times..."
[1] "Retrieved 194 additional hexagons after 1 additional tries ... 0 could not be retrieved."
[1] "Completed Chunk #10 @ 2025-05-03 14:48:31"
[1] "Failed to retrieve elevation for 185 hexagons ... Trying up to 10 more times..."
[1] "Retrieved 185 additional hexagons after 1 additional tries ... 0 could not be retrieved."
[1] "Completed Chunk #11 @ 2025-05-03 14:59:29"
[1] "Completed Chunk #12 @ 2025-05-03 15:05:34"
[1] "Completed Chunk #13 @ 2025-05-03 15:11:47"
[1] "Completed Chunk #14 @ 2025-05-03 15:17:08"
[1] "Failed to retrieve elevation for 1 hexagons ... Trying up to 10 more times..."
[1] "Retrieved 1 additional hexagons after 1 additional tries ... 0 could not be retrieved."
[1] "Completed Chunk #15 @ 2025-05-03 15:24:00"
[1] "Completed Chunk #16 @ 2025-05-03 15:29:59"
[1] "Completed Chunk #17 @ 2025-05-03 15:33:55"
