[1] "Starting: 35 @ 2025-05-03 16:16:39"
[1] "Querying Elevation Data for 1,565,593 hexagons @ 2025-05-03 16:16:46"
[1] "Downloading in 32 chunks of 50,000 (Max)"
[1] "Completed Chunk #1 @ 2025-05-03 16:41:08"
[1] "Completed Chunk #2 @ 2025-05-03 16:56:49"
[1] "Completed Chunk #3 @ 2025-05-03 17:14:09"
[1] "Completed Chunk #4 @ 2025-05-03 17:41:40"
[1] "Completed Chunk #5 @ 2025-05-03 18:05:01"
[1] "Completed Chunk #6 @ 2025-05-03 18:27:08"
[1] "Completed Chunk #7 @ 2025-05-03 18:51:09"
[1] "Completed Chunk #8 @ 2025-05-03 19:14:51"
[1] "Completed Chunk #9 @ 2025-05-03 19:38:03"
[1] "Completed Chunk #10 @ 2025-05-03 20:01:43"
[1] "Completed Chunk #11 @ 2025-05-03 20:23:13"
[1] "Completed Chunk #12 @ 2025-05-03 20:45:15"
[1] "Completed Chunk #13 @ 2025-05-03 21:06:45"
[1] "Failed to retrieve elevation for 411 hexagons ... Trying up to 10 more times..."
[1] "Retrieved 411 additional hexagons after 7 additional tries ... 0 could not be retrieved."
[1] "Completed Chunk #14 @ 2025-05-03 21:43:42"
[1] "Failed to retrieve elevation for 1429 hexagons ... Trying up to 10 more times..."
[1] "Retrieved 1429 additional hexagons after 1 additional tries ... 0 could not be retrieved."
[1] "Completed Chunk #15 @ 2025-05-03 22:30:49"
[1] "Failed to retrieve elevation for 2328 hexagons ... Trying up to 10 more times..."
[1] "Retrieved 2328 additional hexagons after 1 additional tries ... 0 could not be retrieved."
[1] "Completed Chunk #16 @ 2025-05-03 23:32:08"
[1] "Completed Chunk #17 @ 2025-05-03 23:54:09"
[1] "Completed Chunk #18 @ 2025-05-04 00:16:37"
[1] "Completed Chunk #19 @ 2025-05-04 00:43:56"
[1] "Completed Chunk #20 @ 2025-05-04 01:06:51"
[1] "Completed Chunk #21 @ 2025-05-04 01:26:28"
[1] "Completed Chunk #22 @ 2025-05-04 01:47:41"
[1] "Completed Chunk #23 @ 2025-05-04 02:12:00"
[1] "Failed to retrieve elevation for 1 hexagons ... Trying up to 10 more times..."
[1] "Retrieved 1 additional hexagons after 1 additional tries ... 0 could not be retrieved."
[1] "Completed Chunk #24 @ 2025-05-04 02:34:38"
[1] "Completed Chunk #25 @ 2025-05-04 02:56:38"
[1] "Completed Chunk #26 @ 2025-05-04 03:17:37"
[1] "Completed Chunk #27 @ 2025-05-04 03:38:43"
[1] "Completed Chunk #28 @ 2025-05-04 04:00:40"
[1] "Completed Chunk #29 @ 2025-05-04 04:21:48"
[1] "Completed Chunk #30 @ 2025-05-04 04:42:47"
[1] "Completed Chunk #31 @ 2025-05-04 05:05:39"
[1] "Completed Chunk #32 @ 2025-05-04 05:12:52"
