[1] "Starting: 36 @ 2025-05-03 16:22:18"
[1] "Querying Elevation Data for 1,630,746 hexagons @ 2025-05-03 16:22:34"
[1] "Downloading in 33 chunks of 50,000 (Max)"
[1] "Completed Chunk #1 @ 2025-05-03 16:29:20"
[1] "Completed Chunk #2 @ 2025-05-03 16:34:55"
[1] "Completed Chunk #3 @ 2025-05-03 16:40:46"
[1] "Failed to retrieve elevation for 3230 hexagons ... Trying up to 10 more times..."
[1] "Retrieved 606 additional hexagons after 10 additional tries ... 2624 could not be retrieved."
[1] "Completed Chunk #4 @ 2025-05-03 17:11:48"
[1] "Completed Chunk #5 @ 2025-05-03 17:17:50"
[1] "Completed Chunk #6 @ 2025-05-03 17:24:39"
[1] "Failed to retrieve elevation for 1 hexagons ... Trying up to 10 more times..."
[1] "Retrieved 1 additional hexagons after 1 additional tries ... 0 could not be retrieved."
[1] "Completed Chunk #7 @ 2025-05-03 17:31:41"
[1] "Completed Chunk #8 @ 2025-05-03 17:38:14"
[1] "Completed Chunk #9 @ 2025-05-03 17:44:37"
[1] "Completed Chunk #10 @ 2025-05-03 17:50:37"
[1] "Completed Chunk #11 @ 2025-05-03 17:56:50"
[1] "Completed Chunk #12 @ 2025-05-03 18:02:32"
[1] "Completed Chunk #13 @ 2025-05-03 18:08:00"
[1] "Completed Chunk #14 @ 2025-05-03 18:13:47"
[1] "Completed Chunk #15 @ 2025-05-03 18:19:41"
[1] "Completed Chunk #16 @ 2025-05-03 18:25:53"
[1] "Completed Chunk #17 @ 2025-05-03 18:31:48"
[1] "Completed Chunk #18 @ 2025-05-03 18:38:03"
[1] "Completed Chunk #19 @ 2025-05-03 18:43:50"
[1] "Completed Chunk #20 @ 2025-05-03 18:50:18"
[1] "Completed Chunk #21 @ 2025-05-03 18:56:29"
[1] "Completed Chunk #22 @ 2025-05-03 19:03:00"
[1] "Completed Chunk #23 @ 2025-05-03 19:09:18"
[1] "Completed Chunk #24 @ 2025-05-03 19:14:54"
[1] "Completed Chunk #25 @ 2025-05-03 19:21:08"
[1] "Completed Chunk #26 @ 2025-05-03 19:27:13"
[1] "Completed Chunk #27 @ 2025-05-03 19:32:54"
[1] "Completed Chunk #28 @ 2025-05-03 19:38:28"
[1] "Completed Chunk #29 @ 2025-05-03 19:44:55"
[1] "Completed Chunk #30 @ 2025-05-03 19:51:12"
[1] "Completed Chunk #31 @ 2025-05-03 19:56:47"
[1] "Failed to retrieve elevation for 1 hexagons ... Trying up to 10 more times..."
[1] "Retrieved 1 additional hexagons after 1 additional tries ... 0 could not be retrieved."
[1] "Completed Chunk #32 @ 2025-05-03 20:02:41"
[1] "Completed Chunk #33 @ 2025-05-03 20:06:50"
