[1] "Starting: 37 @ 2025-05-03 17:40:11"
[1] "Querying Elevation Data for 1,717,109 hexagons @ 2025-05-03 17:40:23"
[1] "Downloading in 35 chunks of 50,000 (Max)"
[1] "Completed Chunk #1 @ 2025-05-03 17:50:15"
[1] "Completed Chunk #2 @ 2025-05-03 17:58:09"
[1] "Completed Chunk #3 @ 2025-05-03 18:06:19"
[1] "Completed Chunk #4 @ 2025-05-03 18:14:08"
[1] "Completed Chunk #5 @ 2025-05-03 18:22:38"
[1] "Completed Chunk #6 @ 2025-05-03 18:31:24"
[1] "Completed Chunk #7 @ 2025-05-03 18:39:42"
[1] "Completed Chunk #8 @ 2025-05-03 18:47:50"
[1] "Completed Chunk #9 @ 2025-05-03 18:55:59"
[1] "Completed Chunk #10 @ 2025-05-03 19:03:54"
[1] "Failed to retrieve elevation for 1 hexagons ... Trying up to 10 more times..."
[1] "Retrieved 1 additional hexagons after 1 additional tries ... 0 could not be retrieved."
[1] "Completed Chunk #11 @ 2025-05-03 19:13:24"
[1] "Completed Chunk #12 @ 2025-05-03 19:21:45"
[1] "Completed Chunk #13 @ 2025-05-03 19:30:12"
[1] "Completed Chunk #14 @ 2025-05-03 19:38:35"
[1] "Completed Chunk #15 @ 2025-05-03 19:47:21"
[1] "Completed Chunk #16 @ 2025-05-03 19:55:10"
[1] "Completed Chunk #17 @ 2025-05-03 20:03:26"
[1] "Completed Chunk #18 @ 2025-05-03 20:11:26"
[1] "Completed Chunk #19 @ 2025-05-03 20:18:54"
[1] "Completed Chunk #20 @ 2025-05-03 20:26:31"
[1] "Completed Chunk #21 @ 2025-05-03 20:35:46"
[1] "Completed Chunk #22 @ 2025-05-03 20:42:52"
[1] "Completed Chunk #23 @ 2025-05-03 20:51:46"
[1] "Completed Chunk #24 @ 2025-05-03 21:00:19"
[1] "Completed Chunk #25 @ 2025-05-03 21:09:21"
[1] "Completed Chunk #26 @ 2025-05-03 21:17:30"
[1] "Completed Chunk #27 @ 2025-05-03 21:26:28"
[1] "Failed to retrieve elevation for 7723 hexagons ... Trying up to 10 more times..."
[1] "Retrieved 7723 additional hexagons after 2 additional tries ... 0 could not be retrieved."
[1] "Completed Chunk #28 @ 2025-05-03 22:08:54"
[1] "Failed to retrieve elevation for 44 hexagons ... Trying up to 10 more times..."
[1] "Retrieved 44 additional hexagons after 1 additional tries ... 0 could not be retrieved."
[1] "Completed Chunk #29 @ 2025-05-03 22:21:06"
[1] "Completed Chunk #30 @ 2025-05-03 22:31:44"
[1] "Failed to retrieve elevation for 1058 hexagons ... Trying up to 10 more times..."
[1] "Retrieved 1058 additional hexagons after 5 additional tries ... 0 could not be retrieved."
[1] "Completed Chunk #31 @ 2025-05-03 23:13:44"
[1] "Failed to retrieve elevation for 4 hexagons ... Trying up to 10 more times..."
[1] "Retrieved 4 additional hexagons after 1 additional tries ... 0 could not be retrieved."
[1] "Completed Chunk #32 @ 2025-05-03 23:26:26"
[1] "Completed Chunk #33 @ 2025-05-03 23:36:20"
[1] "Completed Chunk #34 @ 2025-05-03 23:45:16"
[1] "Completed Chunk #35 @ 2025-05-03 23:48:59"
