[1] "Starting: 38 @ 2025-05-03 20:06:55"
[1] "Querying Elevation Data for 1,857,298 hexagons @ 2025-05-03 20:07:06"
[1] "Downloading in 38 chunks of 50,000 (Max)"
[1] "Completed Chunk #1 @ 2025-05-03 20:12:21"
[1] "Completed Chunk #2 @ 2025-05-03 20:18:21"
[1] "Completed Chunk #3 @ 2025-05-03 20:24:30"
[1] "Completed Chunk #4 @ 2025-05-03 20:30:30"
[1] "Completed Chunk #5 @ 2025-05-03 20:36:33"
[1] "Completed Chunk #6 @ 2025-05-03 20:41:47"
[1] "Completed Chunk #7 @ 2025-05-03 20:47:57"
[1] "Completed Chunk #8 @ 2025-05-03 20:53:23"
[1] "Completed Chunk #9 @ 2025-05-03 20:59:35"
[1] "Completed Chunk #10 @ 2025-05-03 21:05:57"
[1] "Completed Chunk #11 @ 2025-05-03 21:11:51"
[1] "Completed Chunk #12 @ 2025-05-03 21:18:02"
[1] "Completed Chunk #13 @ 2025-05-03 21:24:15"
[1] "Failed to retrieve elevation for 2983 hexagons ... Trying up to 10 more times..."
[1] "Retrieved 2983 additional hexagons after 8 additional tries ... 0 could not be retrieved."
[1] "Completed Chunk #14 @ 2025-05-03 21:54:04"
[1] "Failed to retrieve elevation for 3388 hexagons ... Trying up to 10 more times..."
[1] "Retrieved 3388 additional hexagons after 1 additional tries ... 0 could not be retrieved."
[1] "Completed Chunk #15 @ 2025-05-03 22:11:17"
[1] "Failed to retrieve elevation for 87 hexagons ... Trying up to 10 more times..."
[1] "Retrieved 87 additional hexagons after 1 additional tries ... 0 could not be retrieved."
[1] "Completed Chunk #16 @ 2025-05-03 22:21:18"
[1] "Completed Chunk #17 @ 2025-05-03 22:28:38"
[1] "Completed Chunk #18 @ 2025-05-03 22:36:44"
[1] "Failed to retrieve elevation for 8074 hexagons ... Trying up to 10 more times..."
[1] "Retrieved 8074 additional hexagons after 2 additional tries ... 0 could not be retrieved."
[1] "Completed Chunk #19 @ 2025-05-03 23:15:57"
[1] "Failed to retrieve elevation for 4 hexagons ... Trying up to 10 more times..."
[1] "Retrieved 4 additional hexagons after 1 additional tries ... 0 could not be retrieved."
[1] "Completed Chunk #20 @ 2025-05-03 23:25:26"
[1] "Failed to retrieve elevation for 1 hexagons ... Trying up to 10 more times..."
[1] "Retrieved 1 additional hexagons after 1 additional tries ... 0 could not be retrieved."
[1] "Completed Chunk #21 @ 2025-05-03 23:31:55"
[1] "Completed Chunk #22 @ 2025-05-03 23:37:26"
[1] "Completed Chunk #23 @ 2025-05-03 23:43:30"
[1] "Failed to retrieve elevation for 1 hexagons ... Trying up to 10 more times..."
[1] "Retrieved 1 additional hexagons after 1 additional tries ... 0 could not be retrieved."
[1] "Completed Chunk #24 @ 2025-05-03 23:49:31"
[1] "Completed Chunk #25 @ 2025-05-03 23:55:46"
[1] "Completed Chunk #26 @ 2025-05-04 00:01:26"
[1] "Failed to retrieve elevation for 1 hexagons ... Trying up to 10 more times..."
[1] "Retrieved 1 additional hexagons after 1 additional tries ... 0 could not be retrieved."
[1] "Completed Chunk #27 @ 2025-05-04 00:07:52"
[1] "Completed Chunk #28 @ 2025-05-04 00:15:00"
[1] "Failed to retrieve elevation for 1 hexagons ... Trying up to 10 more times..."
[1] "Retrieved 1 additional hexagons after 1 additional tries ... 0 could not be retrieved."
[1] "Completed Chunk #29 @ 2025-05-04 00:21:32"
[1] "Completed Chunk #30 @ 2025-05-04 00:27:43"
[1] "Completed Chunk #31 @ 2025-05-04 00:35:23"
[1] "Completed Chunk #32 @ 2025-05-04 00:42:18"
[1] "Completed Chunk #33 @ 2025-05-04 00:48:07"
[1] "Failed to retrieve elevation for 1 hexagons ... Trying up to 10 more times..."
[1] "Retrieved 1 additional hexagons after 1 additional tries ... 0 could not be retrieved."
[1] "Completed Chunk #34 @ 2025-05-04 00:54:38"
[1] "Completed Chunk #35 @ 2025-05-04 01:00:29"
[1] "Completed Chunk #36 @ 2025-05-04 01:05:42"
[1] "Completed Chunk #37 @ 2025-05-04 01:11:52"
[1] "Completed Chunk #38 @ 2025-05-04 01:14:21"
