[1] "Starting: 40 @ 2025-05-04 01:14:25"
[1] "Querying Elevation Data for 1,819,466 hexagons @ 2025-05-04 01:14:38"
[1] "Downloading in 37 chunks of 50,000 (Max)"
[1] "Completed Chunk #1 @ 2025-05-04 01:19:59"
[1] "Completed Chunk #2 @ 2025-05-04 01:25:48"
[1] "Completed Chunk #3 @ 2025-05-04 01:31:30"
[1] "Completed Chunk #4 @ 2025-05-04 01:37:14"
[1] "Completed Chunk #5 @ 2025-05-04 01:42:37"
[1] "Completed Chunk #6 @ 2025-05-04 01:47:19"
[1] "Completed Chunk #7 @ 2025-05-04 01:53:01"
[1] "Failed to retrieve elevation for 1 hexagons ... Trying up to 10 more times..."
[1] "Retrieved 1 additional hexagons after 1 additional tries ... 0 could not be retrieved."
[1] "Completed Chunk #8 @ 2025-05-04 02:00:12"
[1] "Failed to retrieve elevation for 1 hexagons ... Trying up to 10 more times..."
[1] "Retrieved 1 additional hexagons after 1 additional tries ... 0 could not be retrieved."
[1] "Completed Chunk #9 @ 2025-05-04 02:06:20"
[1] "Completed Chunk #10 @ 2025-05-04 02:11:45"
[1] "Completed Chunk #11 @ 2025-05-04 02:17:47"
[1] "Completed Chunk #12 @ 2025-05-04 02:23:04"
[1] "Failed to retrieve elevation for 2 hexagons ... Trying up to 10 more times..."
[1] "Retrieved 2 additional hexagons after 1 additional tries ... 0 could not be retrieved."
[1] "Completed Chunk #13 @ 2025-05-04 02:29:22"
[1] "Completed Chunk #14 @ 2025-05-04 02:34:54"
[1] "Completed Chunk #15 @ 2025-05-04 02:40:09"
[1] "Completed Chunk #16 @ 2025-05-04 02:46:30"
[1] "Completed Chunk #17 @ 2025-05-04 02:52:04"
[1] "Completed Chunk #18 @ 2025-05-04 02:57:09"
[1] "Completed Chunk #19 @ 2025-05-04 03:02:38"
[1] "Completed Chunk #20 @ 2025-05-04 03:07:37"
[1] "Completed Chunk #21 @ 2025-05-04 03:13:03"
[1] "Completed Chunk #22 @ 2025-05-04 03:18:18"
[1] "Completed Chunk #23 @ 2025-05-04 03:23:34"
[1] "Completed Chunk #24 @ 2025-05-04 03:29:22"
[1] "Completed Chunk #25 @ 2025-05-04 03:35:17"
[1] "Completed Chunk #26 @ 2025-05-04 03:40:11"
[1] "Completed Chunk #27 @ 2025-05-04 03:46:05"
[1] "Completed Chunk #28 @ 2025-05-04 03:51:47"
[1] "Completed Chunk #29 @ 2025-05-04 03:57:46"
[1] "Completed Chunk #30 @ 2025-05-04 04:03:13"
[1] "Completed Chunk #31 @ 2025-05-04 04:09:17"
[1] "Completed Chunk #32 @ 2025-05-04 04:15:12"
[1] "Completed Chunk #33 @ 2025-05-04 04:20:43"
[1] "Completed Chunk #34 @ 2025-05-04 04:26:37"
[1] "Completed Chunk #35 @ 2025-05-04 04:32:34"
[1] "Completed Chunk #36 @ 2025-05-04 04:38:22"
[1] "Completed Chunk #37 @ 2025-05-04 04:41:32"
