[1] "Starting: 41 @ 2025-05-04 03:52:57"
[1] "Querying Elevation Data for 1,802,573 hexagons @ 2025-05-04 03:53:07"
[1] "Downloading in 37 chunks of 50,000 (Max)"
[1] "Completed Chunk #1 @ 2025-05-04 04:01:39"
[1] "Completed Chunk #2 @ 2025-05-04 04:10:39"
[1] "Completed Chunk #3 @ 2025-05-04 04:18:52"
[1] "Completed Chunk #4 @ 2025-05-04 04:26:45"
[1] "Completed Chunk #5 @ 2025-05-04 04:33:35"
[1] "Completed Chunk #6 @ 2025-05-04 04:41:20"
[1] "Completed Chunk #7 @ 2025-05-04 04:48:52"
[1] "Completed Chunk #8 @ 2025-05-04 04:56:35"
[1] "Completed Chunk #9 @ 2025-05-04 05:05:12"
[1] "Completed Chunk #10 @ 2025-05-04 05:12:56"
[1] "Completed Chunk #11 @ 2025-05-04 05:22:29"
[1] "Completed Chunk #12 @ 2025-05-04 05:30:18"
[1] "Completed Chunk #13 @ 2025-05-04 05:39:07"
[1] "Completed Chunk #14 @ 2025-05-04 05:48:10"
[1] "Completed Chunk #15 @ 2025-05-04 05:57:07"
[1] "Failed to retrieve elevation for 1 hexagons ... Trying up to 10 more times..."
[1] "Retrieved 1 additional hexagons after 1 additional tries ... 0 could not be retrieved."
[1] "Completed Chunk #16 @ 2025-05-04 06:05:33"
[1] "Completed Chunk #17 @ 2025-05-04 06:14:05"
[1] "Completed Chunk #18 @ 2025-05-04 06:21:38"
[1] "Completed Chunk #19 @ 2025-05-04 06:30:03"
[1] "Completed Chunk #20 @ 2025-05-04 06:39:02"
[1] "Completed Chunk #21 @ 2025-05-04 06:47:24"
[1] "Failed to retrieve elevation for 1 hexagons ... Trying up to 10 more times..."
[1] "Retrieved 1 additional hexagons after 1 additional tries ... 0 could not be retrieved."
[1] "Completed Chunk #22 @ 2025-05-04 06:55:48"
[1] "Failed to retrieve elevation for 12 hexagons ... Trying up to 10 more times..."
[1] "Retrieved 12 additional hexagons after 1 additional tries ... 0 could not be retrieved."
[1] "Completed Chunk #23 @ 2025-05-04 07:29:47"
[1] "Completed Chunk #24 @ 2025-05-04 07:38:39"
[1] "Completed Chunk #25 @ 2025-05-04 07:48:03"
[1] "Completed Chunk #26 @ 2025-05-04 07:55:49"
[1] "Completed Chunk #27 @ 2025-05-04 08:04:10"
[1] "Completed Chunk #28 @ 2025-05-04 08:11:25"
[1] "Completed Chunk #29 @ 2025-05-04 08:20:32"
[1] "Completed Chunk #30 @ 2025-05-04 08:28:44"
[1] "Completed Chunk #31 @ 2025-05-04 08:37:50"
[1] "Completed Chunk #32 @ 2025-05-04 08:46:49"
[1] "Completed Chunk #33 @ 2025-05-04 08:55:21"
[1] "Completed Chunk #34 @ 2025-05-04 09:05:58"
[1] "Completed Chunk #35 @ 2025-05-04 09:15:19"
[1] "Completed Chunk #36 @ 2025-05-04 09:24:49"
[1] "Completed Chunk #37 @ 2025-05-04 09:25:50"
