[1] "Starting: 42 @ 2025-05-04 04:41:38"
[1] "Querying Elevation Data for 1,435,034 hexagons @ 2025-05-04 04:41:54"
[1] "Downloading in 29 chunks of 50,000 (Max)"
[1] "Completed Chunk #1 @ 2025-05-04 04:47:49"
[1] "Completed Chunk #2 @ 2025-05-04 04:53:38"
[1] "Completed Chunk #3 @ 2025-05-04 04:59:32"
[1] "Completed Chunk #4 @ 2025-05-04 05:05:24"
[1] "Completed Chunk #5 @ 2025-05-04 05:11:39"
[1] "Completed Chunk #6 @ 2025-05-04 05:17:45"
[1] "Failed to retrieve elevation for 1 hexagons ... Trying up to 10 more times..."
[1] "Retrieved 1 additional hexagons after 1 additional tries ... 0 could not be retrieved."
[1] "Completed Chunk #7 @ 2025-05-04 05:23:17"
[1] "Completed Chunk #8 @ 2025-05-04 05:29:28"
[1] "Completed Chunk #9 @ 2025-05-04 05:35:25"
[1] "Completed Chunk #10 @ 2025-05-04 05:40:43"
[1] "Completed Chunk #11 @ 2025-05-04 05:47:14"
[1] "Completed Chunk #12 @ 2025-05-04 05:53:40"
[1] "Completed Chunk #13 @ 2025-05-04 05:59:20"
[1] "Completed Chunk #14 @ 2025-05-04 06:05:20"
[1] "Completed Chunk #15 @ 2025-05-04 06:11:13"
[1] "Completed Chunk #16 @ 2025-05-04 06:16:52"
[1] "Completed Chunk #17 @ 2025-05-04 06:22:15"
[1] "Completed Chunk #18 @ 2025-05-04 06:28:22"
[1] "Completed Chunk #19 @ 2025-05-04 06:34:21"
[1] "Completed Chunk #20 @ 2025-05-04 06:39:29"
[1] "Completed Chunk #21 @ 2025-05-04 06:45:30"
[1] "Completed Chunk #22 @ 2025-05-04 06:51:41"
[1] "Completed Chunk #23 @ 2025-05-04 06:58:17"
[1] "Failed to retrieve elevation for 4 hexagons ... Trying up to 10 more times..."
[1] "Retrieved 4 additional hexagons after 1 additional tries ... 0 could not be retrieved."
[1] "Completed Chunk #24 @ 2025-05-04 07:19:58"
[1] "Failed to retrieve elevation for 1 hexagons ... Trying up to 10 more times..."
[1] "Retrieved 1 additional hexagons after 1 additional tries ... 0 could not be retrieved."
[1] "Completed Chunk #25 @ 2025-05-04 07:31:09"
[1] "Failed to retrieve elevation for 1 hexagons ... Trying up to 10 more times..."
[1] "Retrieved 1 additional hexagons after 1 additional tries ... 0 could not be retrieved."
[1] "Completed Chunk #26 @ 2025-05-04 07:37:26"
[1] "Completed Chunk #27 @ 2025-05-04 07:43:39"
[1] "Completed Chunk #28 @ 2025-05-04 07:49:13"
[1] "Completed Chunk #29 @ 2025-05-04 07:53:55"
