[1] "Starting: 45 @ 2025-05-04 05:12:56"
[1] "Querying Elevation Data for 1,030,342 hexagons @ 2025-05-04 05:13:03"
[1] "Downloading in 21 chunks of 50,000 (Max)"
[1] "Completed Chunk #1 @ 2025-05-04 05:35:11"
[1] "Completed Chunk #2 @ 2025-05-04 05:57:14"
[1] "Failed to retrieve elevation for 1 hexagons ... Trying up to 10 more times..."
[1] "Retrieved 1 additional hexagons after 1 additional tries ... 0 could not be retrieved."
[1] "Completed Chunk #3 @ 2025-05-04 06:18:53"
[1] "Completed Chunk #4 @ 2025-05-04 06:39:39"
[1] "Completed Chunk #5 @ 2025-05-04 07:20:43"
[1] "Completed Chunk #6 @ 2025-05-04 07:48:52"
[1] "Completed Chunk #7 @ 2025-05-04 08:08:45"
[1] "Completed Chunk #8 @ 2025-05-04 08:29:43"
[1] "Completed Chunk #9 @ 2025-05-04 08:52:12"
[1] "Completed Chunk #10 @ 2025-05-04 09:17:15"
[1] "Completed Chunk #11 @ 2025-05-04 09:43:00"
[1] "Completed Chunk #12 @ 2025-05-04 10:04:18"
[1] "Failed to retrieve elevation for 76 hexagons ... Trying up to 10 more times..."
[1] "Retrieved 76 additional hexagons after 3 additional tries ... 0 could not be retrieved."
[1] "Completed Chunk #13 @ 2025-05-04 10:32:04"
[1] "Failed to retrieve elevation for 1521 hexagons ... Trying up to 10 more times..."
[1] "Retrieved 1521 additional hexagons after 1 additional tries ... 0 could not be retrieved."
[1] "Completed Chunk #14 @ 2025-05-04 11:27:49"
[1] "Completed Chunk #15 @ 2025-05-04 11:51:41"
[1] "Completed Chunk #16 @ 2025-05-04 12:14:42"
[1] "Completed Chunk #17 @ 2025-05-04 12:37:24"
[1] "Completed Chunk #18 @ 2025-05-04 12:59:06"
[1] "Completed Chunk #19 @ 2025-05-04 13:23:41"
[1] "Completed Chunk #20 @ 2025-05-04 13:47:18"
[1] "Completed Chunk #21 @ 2025-05-04 14:00:57"
