[1] "Starting: 46 @ 2025-05-04 07:54:03"
[1] "Querying Elevation Data for 1,926,784 hexagons @ 2025-05-04 07:54:14"
[1] "Downloading in 39 chunks of 50,000 (Max)"
[1] "Completed Chunk #1 @ 2025-05-04 07:59:57"
[1] "Completed Chunk #2 @ 2025-05-04 08:05:34"
[1] "Completed Chunk #3 @ 2025-05-04 08:11:06"
[1] "Completed Chunk #4 @ 2025-05-04 08:17:24"
[1] "Completed Chunk #5 @ 2025-05-04 08:23:11"
[1] "Completed Chunk #6 @ 2025-05-04 08:29:07"
[1] "Completed Chunk #7 @ 2025-05-04 08:35:09"
[1] "Completed Chunk #8 @ 2025-05-04 08:41:33"
[1] "Completed Chunk #9 @ 2025-05-04 08:47:27"
[1] "Completed Chunk #10 @ 2025-05-04 08:53:52"
[1] "Completed Chunk #11 @ 2025-05-04 09:00:32"
[1] "Completed Chunk #12 @ 2025-05-04 09:07:02"
[1] "Completed Chunk #13 @ 2025-05-04 09:13:43"
[1] "Completed Chunk #14 @ 2025-05-04 09:19:48"
[1] "Completed Chunk #15 @ 2025-05-04 09:26:05"
[1] "Completed Chunk #16 @ 2025-05-04 09:32:26"
[1] "Completed Chunk #17 @ 2025-05-04 09:38:36"
[1] "Completed Chunk #18 @ 2025-05-04 09:45:10"
[1] "Completed Chunk #19 @ 2025-05-04 09:51:43"
[1] "Completed Chunk #20 @ 2025-05-04 09:56:55"
[1] "Failed to retrieve elevation for 1 hexagons ... Trying up to 10 more times..."
[1] "Retrieved 1 additional hexagons after 1 additional tries ... 0 could not be retrieved."
[1] "Completed Chunk #21 @ 2025-05-04 10:03:12"
[1] "Completed Chunk #22 @ 2025-05-04 10:09:50"
[1] "Completed Chunk #23 @ 2025-05-04 10:16:01"
[1] "Completed Chunk #24 @ 2025-05-04 10:22:23"
[1] "Failed to retrieve elevation for 596 hexagons ... Trying up to 10 more times..."
[1] "Retrieved 596 additional hexagons after 4 additional tries ... 0 could not be retrieved."
[1] "Completed Chunk #25 @ 2025-05-04 10:36:32"
[1] "Failed to retrieve elevation for 6627 hexagons ... Trying up to 10 more times..."
[1] "Retrieved 6627 additional hexagons after 1 additional tries ... 0 could not be retrieved."
[1] "Completed Chunk #26 @ 2025-05-04 11:07:31"
[1] "Failed to retrieve elevation for 3 hexagons ... Trying up to 10 more times..."
[1] "Retrieved 3 additional hexagons after 1 additional tries ... 0 could not be retrieved."
[1] "Completed Chunk #27 @ 2025-05-04 11:15:08"
[1] "Failed to retrieve elevation for 5 hexagons ... Trying up to 10 more times..."
[1] "Retrieved 5 additional hexagons after 1 additional tries ... 0 could not be retrieved."
[1] "Completed Chunk #28 @ 2025-05-04 11:21:55"
[1] "Completed Chunk #29 @ 2025-05-04 11:28:07"
[1] "Completed Chunk #30 @ 2025-05-04 11:34:50"
[1] "Completed Chunk #31 @ 2025-05-04 11:40:48"
[1] "Completed Chunk #32 @ 2025-05-04 11:46:54"
[1] "Completed Chunk #33 @ 2025-05-04 11:53:12"
[1] "Completed Chunk #34 @ 2025-05-04 11:58:57"
[1] "Completed Chunk #35 @ 2025-05-04 12:05:12"
[1] "Failed to retrieve elevation for 1 hexagons ... Trying up to 10 more times..."
[1] "Retrieved 1 additional hexagons after 1 additional tries ... 0 could not be retrieved."
[1] "Completed Chunk #36 @ 2025-05-04 12:11:37"
[1] "Completed Chunk #37 @ 2025-05-04 12:17:28"
[1] "Completed Chunk #38 @ 2025-05-04 12:23:42"
[1] "Completed Chunk #39 @ 2025-05-04 12:27:48"
