[1] "Starting: 47 @ 2025-05-04 09:25:59"
[1] "Querying Elevation Data for 1,354,073 hexagons @ 2025-05-04 09:26:08"
[1] "Downloading in 28 chunks of 50,000 (Max)"
[1] "Completed Chunk #1 @ 2025-05-04 09:37:21"
[1] "Completed Chunk #2 @ 2025-05-04 09:46:13"
[1] "Failed to retrieve elevation for 1 hexagons ... Trying up to 10 more times..."
[1] "Retrieved 1 additional hexagons after 1 additional tries ... 0 could not be retrieved."
[1] "Completed Chunk #3 @ 2025-05-04 09:55:32"
[1] "Failed to retrieve elevation for 2 hexagons ... Trying up to 10 more times..."
[1] "Retrieved 2 additional hexagons after 1 additional tries ... 0 could not be retrieved."
[1] "Completed Chunk #4 @ 2025-05-04 10:03:47"
[1] "Completed Chunk #5 @ 2025-05-04 10:14:18"
[1] "Completed Chunk #6 @ 2025-05-04 10:23:19"
[1] "Failed to retrieve elevation for 2056 hexagons ... Trying up to 10 more times..."
[1] "Retrieved 2056 additional hexagons after 1 additional tries ... 0 could not be retrieved."
[1] "Completed Chunk #7 @ 2025-05-04 11:05:14"
[1] "Completed Chunk #8 @ 2025-05-04 11:16:55"
[1] "Completed Chunk #9 @ 2025-05-04 11:27:48"
[1] "Completed Chunk #10 @ 2025-05-04 11:37:45"
[1] "Completed Chunk #11 @ 2025-05-04 11:46:54"
[1] "Completed Chunk #12 @ 2025-05-04 11:56:22"
[1] "Completed Chunk #13 @ 2025-05-04 12:05:26"
[1] "Completed Chunk #14 @ 2025-05-04 12:14:27"
[1] "Completed Chunk #15 @ 2025-05-04 12:23:35"
[1] "Completed Chunk #16 @ 2025-05-04 12:32:31"
[1] "Completed Chunk #17 @ 2025-05-04 12:40:31"
[1] "Completed Chunk #18 @ 2025-05-04 12:49:32"
[1] "Completed Chunk #19 @ 2025-05-04 12:58:43"
[1] "Completed Chunk #20 @ 2025-05-04 13:08:35"
[1] "Completed Chunk #21 @ 2025-05-04 13:17:21"
[1] "Completed Chunk #22 @ 2025-05-04 13:27:18"
[1] "Completed Chunk #23 @ 2025-05-04 13:36:28"
[1] "Completed Chunk #24 @ 2025-05-04 13:45:45"
[1] "Completed Chunk #25 @ 2025-05-04 13:54:33"
[1] "Completed Chunk #26 @ 2025-05-04 14:04:15"
[1] "Completed Chunk #27 @ 2025-05-04 14:13:25"
[1] "Completed Chunk #28 @ 2025-05-04 14:14:59"
