[1] "Starting: 48 @ 2025-05-04 12:27:52"
[1] "Querying Elevation Data for 5,395,676 hexagons @ 2025-05-04 12:28:22"
[1] "Downloading in 108 chunks of 50,000 (Max)"
[1] "Completed Chunk #1 @ 2025-05-04 12:34:29"
[1] "Completed Chunk #2 @ 2025-05-04 12:40:13"
[1] "Failed to retrieve elevation for 1 hexagons ... Trying up to 10 more times..."
[1] "Retrieved 1 additional hexagons after 1 additional tries ... 0 could not be retrieved."
[1] "Completed Chunk #3 @ 2025-05-04 12:46:29"
[1] "Completed Chunk #4 @ 2025-05-04 12:52:18"
[1] "Completed Chunk #5 @ 2025-05-04 12:58:32"
[1] "Completed Chunk #6 @ 2025-05-04 13:04:43"
[1] "Completed Chunk #7 @ 2025-05-04 13:10:22"
[1] "Completed Chunk #8 @ 2025-05-04 13:16:50"
[1] "Completed Chunk #9 @ 2025-05-04 13:23:03"
[1] "Completed Chunk #10 @ 2025-05-04 13:28:57"
[1] "Completed Chunk #11 @ 2025-05-04 13:35:36"
[1] "Completed Chunk #12 @ 2025-05-04 13:41:40"
[1] "Completed Chunk #13 @ 2025-05-04 13:46:57"
[1] "Completed Chunk #14 @ 2025-05-04 13:53:30"
[1] "Completed Chunk #15 @ 2025-05-04 13:59:48"
[1] "Completed Chunk #16 @ 2025-05-04 14:05:30"
[1] "Completed Chunk #17 @ 2025-05-04 14:12:04"
[1] "Failed to retrieve elevation for 1 hexagons ... Trying up to 10 more times..."
[1] "Retrieved 1 additional hexagons after 1 additional tries ... 0 could not be retrieved."
[1] "Completed Chunk #18 @ 2025-05-04 14:18:01"
[1] "Completed Chunk #19 @ 2025-05-04 14:24:24"
[1] "Completed Chunk #20 @ 2025-05-04 14:30:59"
[1] "Completed Chunk #21 @ 2025-05-04 14:37:17"
[1] "Completed Chunk #22 @ 2025-05-04 14:43:25"
[1] "Completed Chunk #23 @ 2025-05-04 14:50:17"
[1] "Completed Chunk #24 @ 2025-05-04 14:56:08"
[1] "Completed Chunk #25 @ 2025-05-04 15:02:40"
[1] "Completed Chunk #26 @ 2025-05-04 15:08:51"
[1] "Completed Chunk #27 @ 2025-05-04 15:14:28"
[1] "Completed Chunk #28 @ 2025-05-04 15:21:03"
[1] "Failed to retrieve elevation for 1 hexagons ... Trying up to 10 more times..."
[1] "Retrieved 1 additional hexagons after 1 additional tries ... 0 could not be retrieved."
[1] "Completed Chunk #29 @ 2025-05-04 15:28:13"
[1] "Completed Chunk #30 @ 2025-05-04 15:33:42"
[1] "Failed to retrieve elevation for 45 hexagons ... Trying up to 10 more times..."
[1] "Retrieved 45 additional hexagons after 3 additional tries ... 0 could not be retrieved."
[1] "Completed Chunk #31 @ 2025-05-04 15:40:57"
[1] "Completed Chunk #32 @ 2025-05-04 15:47:43"
[1] "Completed Chunk #33 @ 2025-05-04 15:53:48"
[1] "Completed Chunk #34 @ 2025-05-04 16:01:06"
[1] "Completed Chunk #35 @ 2025-05-04 16:07:49"
[1] "Completed Chunk #36 @ 2025-05-04 16:13:51"
[1] "Failed to retrieve elevation for 635 hexagons ... Trying up to 10 more times..."
[1] "Retrieved 635 additional hexagons after 5 additional tries ... 0 could not be retrieved."
[1] "Completed Chunk #37 @ 2025-05-04 16:28:16"
[1] "Failed to retrieve elevation for 5208 hexagons ... Trying up to 10 more times..."
[1] "Retrieved 5208 additional hexagons after 1 additional tries ... 0 could not be retrieved."
[1] "Completed Chunk #38 @ 2025-05-04 16:57:19"
[1] "Failed to retrieve elevation for 1 hexagons ... Trying up to 10 more times..."
[1] "Retrieved 1 additional hexagons after 1 additional tries ... 0 could not be retrieved."
[1] "Completed Chunk #39 @ 2025-05-04 17:05:17"
[1] "Failed to retrieve elevation for 4320 hexagons ... Trying up to 10 more times..."
[1] "Retrieved 0 additional hexagons after 10 additional tries ... 4320 could not be retrieved."
[1] "Completed Chunk #40 @ 2025-05-04 17:33:20"
[1] "Completed Chunk #41 @ 2025-05-04 17:38:55"
[1] "Failed to retrieve elevation for 14432 hexagons ... Trying up to 10 more times..."
[1] "Retrieved 14432 additional hexagons after 2 additional tries ... 0 could not be retrieved."
[1] "Completed Chunk #42 @ 2025-05-04 18:17:07"
[1] "Completed Chunk #43 @ 2025-05-04 18:24:49"
[1] "Completed Chunk #44 @ 2025-05-04 18:30:29"
[1] "Failed to retrieve elevation for 5 hexagons ... Trying up to 10 more times..."
[1] "Retrieved 5 additional hexagons after 1 additional tries ... 0 could not be retrieved."
[1] "Completed Chunk #45 @ 2025-05-04 18:38:53"
[1] "Completed Chunk #46 @ 2025-05-04 18:44:48"
[1] "Completed Chunk #47 @ 2025-05-04 18:50:43"
[1] "Completed Chunk #48 @ 2025-05-04 18:57:06"
[1] "Completed Chunk #49 @ 2025-05-04 19:02:42"
[1] "Completed Chunk #50 @ 2025-05-04 19:08:40"
[1] "Completed Chunk #51 @ 2025-05-04 19:14:09"
[1] "Completed Chunk #52 @ 2025-05-04 19:20:01"
[1] "Completed Chunk #53 @ 2025-05-04 19:25:40"
[1] "Completed Chunk #54 @ 2025-05-04 19:31:46"
[1] "Completed Chunk #55 @ 2025-05-04 19:37:44"
[1] "Completed Chunk #56 @ 2025-05-04 19:44:10"
[1] "Completed Chunk #57 @ 2025-05-04 19:50:26"
[1] "Completed Chunk #58 @ 2025-05-04 19:56:23"
[1] "Completed Chunk #59 @ 2025-05-04 20:02:39"
[1] "Completed Chunk #60 @ 2025-05-04 20:08:41"
[1] "Completed Chunk #61 @ 2025-05-04 20:14:32"
[1] "Completed Chunk #62 @ 2025-05-04 20:20:19"
