[1] "Starting: 49 @ 2025-05-04 14:01:01"
[1] "Querying Elevation Data for 1,014,136 hexagons @ 2025-05-04 14:01:07"
[1] "Downloading in 21 chunks of 50,000 (Max)"
[1] "Completed Chunk #1 @ 2025-05-04 14:26:17"
[1] "Completed Chunk #2 @ 2025-05-04 14:51:31"
[1] "Completed Chunk #3 @ 2025-05-04 15:15:16"
[1] "Completed Chunk #4 @ 2025-05-04 15:41:12"
[1] "Completed Chunk #5 @ 2025-05-04 16:07:10"
[1] "Failed to retrieve elevation for 1289 hexagons ... Trying up to 10 more times..."
[1] "Retrieved 1289 additional hexagons after 1 additional tries ... 0 could not be retrieved."
[1] "Completed Chunk #6 @ 2025-05-04 16:58:31"
[1] "Completed Chunk #7 @ 2025-05-04 17:22:00"
[1] "Completed Chunk #8 @ 2025-05-04 17:39:13"
[1] "Failed to retrieve elevation for 2230 hexagons ... Trying up to 10 more times..."
[1] "Retrieved 2230 additional hexagons after 1 additional tries ... 0 could not be retrieved."
[1] "Completed Chunk #9 @ 2025-05-04 18:38:00"
[1] "Completed Chunk #10 @ 2025-05-04 19:02:05"
[1] "Completed Chunk #11 @ 2025-05-04 19:24:58"
[1] "Completed Chunk #12 @ 2025-05-04 19:48:11"
[1] "Completed Chunk #13 @ 2025-05-04 20:09:55"
