[1] "Starting: 51 @ 2025-05-04 15:32:50"
[1] "Querying Elevation Data for 1,383,310 hexagons @ 2025-05-04 15:32:59"
[1] "Downloading in 28 chunks of 50,000 (Max)"
[1] "Completed Chunk #1 @ 2025-05-04 15:41:35"
[1] "Completed Chunk #2 @ 2025-05-04 15:52:26"
[1] "Completed Chunk #3 @ 2025-05-04 16:02:06"
[1] "Completed Chunk #4 @ 2025-05-04 16:12:14"
[1] "Failed to retrieve elevation for 656 hexagons ... Trying up to 10 more times..."
[1] "Retrieved 656 additional hexagons after 4 additional tries ... 0 could not be retrieved."
[1] "Completed Chunk #5 @ 2025-05-04 16:28:11"
[1] "Failed to retrieve elevation for 1916 hexagons ... Trying up to 10 more times..."
[1] "Retrieved 1916 additional hexagons after 1 additional tries ... 0 could not be retrieved."
[1] "Completed Chunk #6 @ 2025-05-04 17:00:16"
[1] "Completed Chunk #7 @ 2025-05-04 17:12:07"
[1] "Completed Chunk #8 @ 2025-05-04 17:18:45"
[1] "Completed Chunk #9 @ 2025-05-04 17:24:19"
[1] "Completed Chunk #10 @ 2025-05-04 17:30:16"
[1] "Completed Chunk #11 @ 2025-05-04 17:38:02"
[1] "Failed to retrieve elevation for 1409 hexagons ... Trying up to 10 more times..."
[1] "Retrieved 1409 additional hexagons after 1 additional tries ... 0 could not be retrieved."
[1] "Completed Chunk #12 @ 2025-05-04 18:17:30"
[1] "Completed Chunk #13 @ 2025-05-04 18:29:20"
[1] "Failed to retrieve elevation for 5 hexagons ... Trying up to 10 more times..."
[1] "Retrieved 5 additional hexagons after 1 additional tries ... 0 could not be retrieved."
[1] "Completed Chunk #14 @ 2025-05-04 18:40:27"
[1] "Completed Chunk #15 @ 2025-05-04 18:49:16"
[1] "Completed Chunk #16 @ 2025-05-04 18:58:00"
[1] "Completed Chunk #17 @ 2025-05-04 19:07:54"
[1] "Completed Chunk #18 @ 2025-05-04 19:16:08"
[1] "Completed Chunk #19 @ 2025-05-04 19:25:00"
[1] "Completed Chunk #20 @ 2025-05-04 19:33:21"
[1] "Completed Chunk #21 @ 2025-05-04 19:42:41"
[1] "Completed Chunk #22 @ 2025-05-04 19:51:35"
[1] "Completed Chunk #23 @ 2025-05-04 20:00:22"
[1] "Completed Chunk #24 @ 2025-05-04 20:09:12"
[1] "Completed Chunk #25 @ 2025-05-04 20:17:49"
