[1] "Starting 01 @ 2025-04-29 10:36:56"
[1] "Data Loaded 01 @ 2025-04-29 10:37:10"
[1] "Starting to iterate routes for 310 endpoints @ 2025-04-29 10:37:14"
[1] "Completed 10 routes (3%) --- 2025-04-29 11:04:41"
[1] "Completed 20 routes (6%) --- 2025-04-29 11:24:28"
[1] "Completed 30 routes (10%) --- 2025-04-29 11:46:16"
[1] "Completed 40 routes (13%) --- 2025-04-29 12:10:48"
[1] "Completed 50 routes (16%) --- 2025-04-29 12:32:01"
[1] "Completed 60 routes (19%) --- 2025-04-29 12:55:34"
[1] "Completed 70 routes (23%) --- 2025-04-29 13:26:20"
[1] "Completed 80 routes (26%) --- 2025-04-29 13:48:37"
[1] "Completed 90 routes (29%) --- 2025-04-29 14:11:27"
[1] "Completed 100 routes (32%) --- 2025-04-29 14:33:50"
[1] "Completed 110 routes (35%) --- 2025-04-29 14:56:01"
[1] "Completed 120 routes (39%) --- 2025-04-29 15:19:09"
[1] "Completed 130 routes (42%) --- 2025-04-29 15:40:39"
[1] "Completed 140 routes (45%) --- 2025-04-29 16:05:19"
[1] "Completed 150 routes (48%) --- 2025-04-29 16:23:07"
[1] "Completed 160 routes (52%) --- 2025-04-29 16:43:20"
[1] "Completed 170 routes (55%) --- 2025-04-29 17:00:04"
[1] "Completed 180 routes (58%) --- 2025-04-29 17:19:51"
[1] "Completed 190 routes (61%) --- 2025-04-29 17:42:19"
[1] "Completed 200 routes (65%) --- 2025-04-29 17:59:55"
[1] "Completed 210 routes (68%) --- 2025-04-29 18:19:26"
[1] "Completed 220 routes (71%) --- 2025-04-29 18:39:59"
[1] "Completed 230 routes (74%) --- 2025-04-29 18:57:11"
[1] "Completed 240 routes (77%) --- 2025-04-29 19:19:22"
[1] "Completed 250 routes (81%) --- 2025-04-29 19:38:36"
[1] "Completed 260 routes (84%) --- 2025-04-29 20:09:12"
[1] "Completed 270 routes (87%) --- 2025-04-29 20:31:29"
[1] "Completed 280 routes (90%) --- 2025-04-29 20:52:06"
[1] "Completed 290 routes (94%) --- 2025-04-29 21:13:25"
[1] "Completed 300 routes (97%) --- 2025-04-29 21:34:26"
[1] "Completed 310 routes (100%) --- 2025-04-29 21:55:28"
[1] "Processing Completed in 678 minutes"
[1] "SCRIPT COMPLETE @ 2025-04-29 21:55:28"
