[1] "Starting 05 @ 2025-04-29 10:37:08"
[1] "Data Loaded 05 @ 2025-04-29 10:37:21"
[1] "Starting to iterate routes for 383 endpoints @ 2025-04-29 10:37:26"
[1] "Completed 10 routes (3%) --- 2025-04-29 10:58:55"
[1] "Completed 20 routes (5%) --- 2025-04-29 11:14:22"
[1] "Completed 30 routes (8%) --- 2025-04-29 11:32:57"
[1] "Completed 40 routes (10%) --- 2025-04-29 11:48:00"
[1] "Completed 50 routes (13%) --- 2025-04-29 12:01:21"
[1] "Completed 60 routes (16%) --- 2025-04-29 12:17:52"
[1] "Completed 70 routes (18%) --- 2025-04-29 12:31:33"
[1] "Completed 80 routes (21%) --- 2025-04-29 12:42:43"
[1] "Completed 90 routes (23%) --- 2025-04-29 12:55:10"
[1] "Completed 100 routes (26%) --- 2025-04-29 13:12:15"
[1] "Completed 110 routes (29%) --- 2025-04-29 13:23:41"
[1] "Completed 120 routes (31%) --- 2025-04-29 13:37:58"
[1] "Completed 130 routes (34%) --- 2025-04-29 13:53:18"
[1] "Completed 140 routes (37%) --- 2025-04-29 14:08:27"
[1] "Completed 150 routes (39%) --- 2025-04-29 14:23:05"
[1] "Completed 160 routes (42%) --- 2025-04-29 14:37:50"
[1] "Completed 170 routes (44%) --- 2025-04-29 14:51:36"
[1] "Completed 180 routes (47%) --- 2025-04-29 15:04:28"
[1] "Completed 190 routes (50%) --- 2025-04-29 15:16:05"
[1] "Completed 200 routes (52%) --- 2025-04-29 15:29:25"
[1] "Completed 210 routes (55%) --- 2025-04-29 15:42:16"
[1] "Completed 220 routes (57%) --- 2025-04-29 15:54:48"
[1] "Completed 230 routes (60%) --- 2025-04-29 16:09:45"
[1] "Completed 240 routes (63%) --- 2025-04-29 16:20:33"
[1] "Completed 250 routes (65%) --- 2025-04-29 16:32:21"
[1] "Completed 260 routes (68%) --- 2025-04-29 16:45:05"
[1] "Completed 270 routes (70%) --- 2025-04-29 16:59:21"
[1] "Completed 280 routes (73%) --- 2025-04-29 17:11:06"
[1] "Completed 290 routes (76%) --- 2025-04-29 17:24:44"
[1] "Completed 300 routes (78%) --- 2025-04-29 17:36:13"
[1] "Completed 310 routes (81%) --- 2025-04-29 17:50:44"
[1] "Completed 320 routes (84%) --- 2025-04-29 18:02:31"
[1] "Completed 330 routes (86%) --- 2025-04-29 18:14:41"
[1] "Completed 340 routes (89%) --- 2025-04-29 18:27:22"
[1] "Completed 350 routes (91%) --- 2025-04-29 18:41:27"
[1] "Completed 360 routes (94%) --- 2025-04-29 18:56:19"
[1] "Completed 370 routes (97%) --- 2025-04-29 19:12:46"
[1] "Completed 380 routes (99%) --- 2025-04-29 19:27:33"
[1] "Processing Completed in 535 minutes"
[1] "SCRIPT COMPLETE @ 2025-04-29 19:32:49"
