[1] "Starting 06 @ 2025-04-29 14:42:47"
[1] "Data Loaded 06 @ 2025-04-29 14:43:08"
[1] "Starting to iterate routes for 499 endpoints @ 2025-04-29 14:43:13"
[1] "Completed 10 routes (2%) --- 2025-04-29 14:55:30"
[1] "Completed 20 routes (4%) --- 2025-04-29 15:05:16"
[1] "Completed 30 routes (6%) --- 2025-04-29 15:16:38"
[1] "Completed 40 routes (8%) --- 2025-04-29 15:25:46"
[1] "Completed 50 routes (10%) --- 2025-04-29 15:40:46"
[1] "Completed 60 routes (12%) --- 2025-04-29 16:00:03"
[1] "Completed 70 routes (14%) --- 2025-04-29 16:16:45"
[1] "Completed 80 routes (16%) --- 2025-04-29 16:31:49"
[1] "Completed 90 routes (18%) --- 2025-04-29 16:49:08"
[1] "Completed 100 routes (20%) --- 2025-04-29 17:05:01"
[1] "Completed 110 routes (22%) --- 2025-04-29 17:13:31"
[1] "Completed 120 routes (24%) --- 2025-04-29 17:25:51"
[1] "Completed 130 routes (26%) --- 2025-04-29 17:37:04"
[1] "Completed 140 routes (28%) --- 2025-04-29 18:00:07"
[1] "Completed 150 routes (30%) --- 2025-04-29 18:34:03"
[1] "Completed 160 routes (32%) --- 2025-04-29 18:51:46"
[1] "Completed 170 routes (34%) --- 2025-04-29 19:15:13"
[1] "Completed 180 routes (36%) --- 2025-04-29 19:35:07"
[1] "Completed 190 routes (38%) --- 2025-04-29 19:53:05"
[1] "Completed 200 routes (40%) --- 2025-04-29 20:13:40"
[1] "Completed 210 routes (42%) --- 2025-04-29 20:34:42"
[1] "Completed 220 routes (44%) --- 2025-04-29 20:51:47"
[1] "Completed 230 routes (46%) --- 2025-04-29 21:11:40"
[1] "Completed 240 routes (48%) --- 2025-04-29 21:30:44"
[1] "Completed 250 routes (50%) --- 2025-04-29 21:50:28"
[1] "Completed 260 routes (52%) --- 2025-04-29 22:13:15"
[1] "Completed 270 routes (54%) --- 2025-04-29 22:29:28"
[1] "Completed 280 routes (56%) --- 2025-04-29 22:50:32"
[1] "Completed 290 routes (58%) --- 2025-04-29 23:08:07"
[1] "Completed 300 routes (60%) --- 2025-04-29 23:25:57"
[1] "Completed 310 routes (62%) --- 2025-04-29 23:47:20"
[1] "Completed 320 routes (64%) --- 2025-04-29 23:55:44"
[1] "Completed 330 routes (66%) --- 2025-04-30 00:07:17"
[1] "Completed 340 routes (68%) --- 2025-04-30 00:19:49"
[1] "Completed 350 routes (70%) --- 2025-04-30 00:38:38"
[1] "Completed 360 routes (72%) --- 2025-04-30 01:11:02"
[1] "Completed 370 routes (74%) --- 2025-04-30 01:41:47"
[1] "Completed 380 routes (76%) --- 2025-04-30 02:05:45"
[1] "Completed 390 routes (78%) --- 2025-04-30 02:29:26"
[1] "Completed 400 routes (80%) --- 2025-04-30 02:51:32"
[1] "Completed 410 routes (82%) --- 2025-04-30 03:11:32"
[1] "Completed 420 routes (84%) --- 2025-04-30 03:27:28"
[1] "Completed 430 routes (86%) --- 2025-04-30 03:42:14"
[1] "Completed 440 routes (88%) --- 2025-04-30 04:10:06"
[1] "Completed 450 routes (90%) --- 2025-04-30 04:30:18"
[1] "Completed 460 routes (92%) --- 2025-04-30 04:54:45"
[1] "Completed 470 routes (94%) --- 2025-04-30 05:09:41"
[1] "Completed 480 routes (96%) --- 2025-04-30 05:25:58"
[1] "Completed 490 routes (98%) --- 2025-04-30 05:40:38"
[1] "Processing Completed in 913 minutes"
[1] "SCRIPT COMPLETE @ 2025-04-30 05:56:06"
