[1] "Starting 08 @ 2025-04-29 10:37:39"
[1] "Data Loaded 08 @ 2025-04-29 10:37:49"
[1] "Starting to iterate routes for 397 endpoints @ 2025-04-29 10:37:54"
[1] "Completed 10 routes (3%) --- 2025-04-29 10:46:54"
[1] "Completed 20 routes (5%) --- 2025-04-29 10:52:29"
[1] "Completed 30 routes (8%) --- 2025-04-29 10:59:25"
[1] "Completed 40 routes (10%) --- 2025-04-29 11:09:41"
[1] "Completed 50 routes (13%) --- 2025-04-29 11:20:25"
[1] "Completed 60 routes (15%) --- 2025-04-29 11:27:34"
[1] "Completed 70 routes (18%) --- 2025-04-29 11:33:03"
[1] "Completed 80 routes (20%) --- 2025-04-29 11:46:12"
[1] "Completed 90 routes (23%) --- 2025-04-29 11:55:04"
[1] "Completed 100 routes (25%) --- 2025-04-29 12:00:33"
[1] "Completed 110 routes (28%) --- 2025-04-29 12:07:36"
[1] "Completed 120 routes (30%) --- 2025-04-29 12:18:07"
[1] "Completed 130 routes (33%) --- 2025-04-29 12:22:01"
[1] "Completed 140 routes (35%) --- 2025-04-29 12:24:59"
[1] "Completed 150 routes (38%) --- 2025-04-29 12:29:56"
[1] "Completed 160 routes (40%) --- 2025-04-29 12:34:42"
[1] "Completed 170 routes (43%) --- 2025-04-29 12:41:12"
[1] "Completed 180 routes (45%) --- 2025-04-29 12:48:28"
[1] "Completed 190 routes (48%) --- 2025-04-29 12:55:31"
[1] "Completed 200 routes (50%) --- 2025-04-29 12:58:17"
[1] "Completed 210 routes (53%) --- 2025-04-29 13:09:28"
[1] "Completed 220 routes (55%) --- 2025-04-29 13:14:14"
[1] "Completed 230 routes (58%) --- 2025-04-29 13:22:01"
[1] "Completed 240 routes (60%) --- 2025-04-29 13:28:11"
[1] "Completed 250 routes (63%) --- 2025-04-29 13:32:49"
[1] "Completed 260 routes (65%) --- 2025-04-29 13:38:04"
[1] "Completed 270 routes (68%) --- 2025-04-29 13:40:55"
[1] "Completed 280 routes (71%) --- 2025-04-29 13:45:52"
[1] "Completed 290 routes (73%) --- 2025-04-29 13:50:14"
[1] "Completed 300 routes (76%) --- 2025-04-29 13:55:19"
[1] "Completed 310 routes (78%) --- 2025-04-29 14:01:35"
[1] "Completed 320 routes (81%) --- 2025-04-29 14:10:03"
[1] "Completed 330 routes (83%) --- 2025-04-29 14:16:08"
[1] "Completed 340 routes (86%) --- 2025-04-29 14:22:57"
[1] "Completed 350 routes (88%) --- 2025-04-29 14:30:17"
[1] "Completed 360 routes (91%) --- 2025-04-29 14:34:36"
[1] "Completed 370 routes (93%) --- 2025-04-29 14:41:00"
[1] "Completed 380 routes (96%) --- 2025-04-29 14:47:26"
[1] "Completed 390 routes (98%) --- 2025-04-29 14:54:38"
[1] "Processing Completed in 261 minutes"
[1] "SCRIPT COMPLETE @ 2025-04-29 14:59:22"
