[1] "Starting 12 @ 2025-04-29 10:37:49"
[1] "Data Loaded 12 @ 2025-04-29 10:38:09"
[1] "Starting to iterate routes for 371 endpoints @ 2025-04-29 10:38:13"
[1] "Completed 10 routes (3%) --- 2025-04-29 10:55:01"
[1] "Completed 20 routes (5%) --- 2025-04-29 11:20:06"
[1] "Completed 30 routes (8%) --- 2025-04-29 11:43:45"
[1] "Completed 40 routes (11%) --- 2025-04-29 12:15:51"
[1] "Completed 50 routes (13%) --- 2025-04-29 12:44:59"
[1] "Completed 60 routes (16%) --- 2025-04-29 13:22:12"
[1] "Completed 70 routes (19%) --- 2025-04-29 14:02:08"
[1] "Completed 80 routes (22%) --- 2025-04-29 14:29:43"
[1] "Completed 90 routes (24%) --- 2025-04-29 14:57:34"
[1] "Completed 100 routes (27%) --- 2025-04-29 15:16:07"
[1] "Completed 110 routes (30%) --- 2025-04-29 15:32:09"
[1] "Completed 120 routes (32%) --- 2025-04-29 15:43:13"
[1] "Completed 130 routes (35%) --- 2025-04-29 16:01:16"
[1] "Completed 140 routes (38%) --- 2025-04-29 16:30:28"
[1] "Completed 150 routes (40%) --- 2025-04-29 16:46:10"
[1] "Completed 160 routes (43%) --- 2025-04-29 17:16:54"
[1] "Completed 170 routes (46%) --- 2025-04-29 17:43:00"
[1] "Completed 180 routes (49%) --- 2025-04-29 18:04:55"
[1] "Completed 190 routes (51%) --- 2025-04-29 18:25:36"
[1] "Completed 200 routes (54%) --- 2025-04-29 18:38:02"
[1] "Completed 210 routes (57%) --- 2025-04-29 18:55:44"
[1] "Completed 220 routes (59%) --- 2025-04-29 19:18:42"
[1] "Completed 230 routes (62%) --- 2025-04-29 19:43:31"
[1] "Completed 240 routes (65%) --- 2025-04-29 20:06:23"
[1] "Completed 250 routes (67%) --- 2025-04-29 20:27:24"
[1] "Completed 260 routes (70%) --- 2025-04-29 20:48:54"
[1] "Completed 270 routes (73%) --- 2025-04-29 21:12:30"
[1] "Completed 280 routes (75%) --- 2025-04-29 21:33:38"
[1] "Completed 290 routes (78%) --- 2025-04-29 22:03:55"
[1] "Completed 300 routes (81%) --- 2025-04-29 22:26:05"
[1] "Completed 310 routes (84%) --- 2025-04-29 22:46:42"
[1] "Completed 320 routes (86%) --- 2025-04-29 23:18:24"
[1] "Completed 330 routes (89%) --- 2025-04-29 23:36:12"
[1] "Completed 340 routes (92%) --- 2025-04-29 23:56:28"
[1] "Completed 350 routes (94%) --- 2025-04-30 00:24:13"
[1] "Completed 360 routes (97%) --- 2025-04-30 00:46:12"
[1] "Completed 370 routes (100%) --- 2025-04-30 01:07:29"
[1] "Processing Completed in 871 minutes"
[1] "SCRIPT COMPLETE @ 2025-04-30 01:08:46"
