[1] "Starting 13 @ 2025-04-29 10:37:49"
[1] "Data Loaded 13 @ 2025-04-29 10:38:10"
[1] "Starting to iterate routes for 431 endpoints @ 2025-04-29 10:38:15"
[1] "Completed 10 routes (2%) --- 2025-04-29 11:42:35"
[1] "Completed 20 routes (5%) --- 2025-04-29 12:52:22"
[1] "Completed 30 routes (7%) --- 2025-04-29 13:21:40"
[1] "Completed 40 routes (9%) --- 2025-04-29 13:49:50"
[1] "Completed 50 routes (12%) --- 2025-04-29 14:19:43"
[1] "Completed 60 routes (14%) --- 2025-04-29 14:49:59"
[1] "Completed 70 routes (16%) --- 2025-04-29 15:23:38"
[1] "Completed 80 routes (19%) --- 2025-04-29 15:51:21"
[1] "Completed 90 routes (21%) --- 2025-04-29 16:19:05"
[1] "Completed 100 routes (23%) --- 2025-04-29 16:51:59"
[1] "Completed 110 routes (26%) --- 2025-04-29 17:26:49"
[1] "Completed 120 routes (28%) --- 2025-04-29 17:54:37"
[1] "Completed 130 routes (30%) --- 2025-04-29 18:22:33"
[1] "Completed 140 routes (32%) --- 2025-04-29 18:54:47"
[1] "Completed 150 routes (35%) --- 2025-04-29 19:25:15"
[1] "Completed 160 routes (37%) --- 2025-04-29 20:10:13"
[1] "Completed 170 routes (39%) --- 2025-04-29 20:43:08"
[1] "Completed 180 routes (42%) --- 2025-04-29 21:10:58"
[1] "Completed 190 routes (44%) --- 2025-04-29 21:37:27"
[1] "Completed 200 routes (46%) --- 2025-04-29 22:07:46"
[1] "Completed 210 routes (49%) --- 2025-04-29 22:39:42"
[1] "Completed 220 routes (51%) --- 2025-04-29 23:06:45"
[1] "Completed 230 routes (53%) --- 2025-04-29 23:33:47"
[1] "Completed 240 routes (56%) --- 2025-04-29 23:57:56"
[1] "Completed 250 routes (58%) --- 2025-04-30 00:21:56"
[1] "Completed 260 routes (60%) --- 2025-04-30 00:48:10"
[1] "Completed 270 routes (63%) --- 2025-04-30 01:16:33"
[1] "Completed 280 routes (65%) --- 2025-04-30 01:40:54"
[1] "Completed 290 routes (67%) --- 2025-04-30 02:09:06"
[1] "Completed 300 routes (70%) --- 2025-04-30 02:47:05"
[1] "Completed 310 routes (72%) --- 2025-04-30 03:23:13"
[1] "Completed 320 routes (74%) --- 2025-04-30 03:57:47"
[1] "Completed 330 routes (77%) --- 2025-04-30 04:22:46"
[1] "Completed 340 routes (79%) --- 2025-04-30 04:49:12"
[1] "Completed 350 routes (81%) --- 2025-04-30 05:32:30"
[1] "Completed 360 routes (84%) --- 2025-04-30 06:04:35"
[1] "Completed 370 routes (86%) --- 2025-04-30 06:31:02"
[1] "Completed 380 routes (88%) --- 2025-04-30 07:01:50"
[1] "Completed 390 routes (90%) --- 2025-04-30 07:28:58"
[1] "Completed 400 routes (93%) --- 2025-04-30 07:58:16"
[1] "Completed 410 routes (95%) --- 2025-04-30 08:19:28"
[1] "Completed 420 routes (97%) --- 2025-04-30 08:41:34"
[1] "Completed 430 routes (100%) --- 2025-04-30 09:00:36"
[1] "Processing Completed in 1348 minutes"
[1] "SCRIPT COMPLETE @ 2025-04-30 09:06:14"
