[1] "Starting 16 @ 2025-04-29 10:37:58"
[1] "Data Loaded 16 @ 2025-04-29 10:38:05"
[1] "Starting to iterate routes for 182 endpoints @ 2025-04-29 10:38:07"
[1] "Completed 10 routes (5%) --- 2025-04-29 10:41:36"
[1] "Completed 20 routes (11%) --- 2025-04-29 10:46:54"
[1] "Completed 30 routes (16%) --- 2025-04-29 10:51:59"
[1] "Completed 40 routes (22%) --- 2025-04-29 10:56:24"
[1] "Completed 50 routes (27%) --- 2025-04-29 10:59:15"
[1] "Completed 60 routes (33%) --- 2025-04-29 11:01:52"
[1] "Completed 70 routes (38%) --- 2025-04-29 11:05:08"
[1] "Completed 80 routes (44%) --- 2025-04-29 11:09:05"
[1] "Completed 90 routes (49%) --- 2025-04-29 11:12:12"
[1] "Completed 100 routes (55%) --- 2025-04-29 11:15:02"
[1] "Completed 110 routes (60%) --- 2025-04-29 11:20:15"
[1] "Completed 120 routes (66%) --- 2025-04-29 11:23:22"
[1] "Completed 130 routes (71%) --- 2025-04-29 11:25:52"
[1] "Completed 140 routes (77%) --- 2025-04-29 11:29:00"
[1] "Completed 150 routes (82%) --- 2025-04-29 11:31:58"
[1] "Completed 160 routes (88%) --- 2025-04-29 11:35:44"
[1] "Completed 170 routes (93%) --- 2025-04-29 11:40:06"
[1] "Completed 180 routes (99%) --- 2025-04-29 11:43:40"
[1] "Processing Completed in 67 minutes"
[1] "SCRIPT COMPLETE @ 2025-04-29 11:44:40"
