[1] "Starting 17 @ 2025-04-29 14:42:56"
[1] "Data Loaded 17 @ 2025-04-29 14:43:16"
[1] "Starting to iterate routes for 499 endpoints @ 2025-04-29 14:43:25"
[1] "Completed 10 routes (2%) --- 2025-04-29 15:17:31"
[1] "Completed 20 routes (4%) --- 2025-04-29 15:47:03"
[1] "Completed 30 routes (6%) --- 2025-04-29 16:12:14"
[1] "Completed 40 routes (8%) --- 2025-04-29 16:39:08"
[1] "Completed 50 routes (10%) --- 2025-04-29 17:04:06"
[1] "Completed 60 routes (12%) --- 2025-04-29 17:30:10"
[1] "Completed 70 routes (14%) --- 2025-04-29 17:58:17"
[1] "Completed 80 routes (16%) --- 2025-04-29 18:24:12"
[1] "Completed 90 routes (18%) --- 2025-04-29 19:01:01"
[1] "Completed 100 routes (20%) --- 2025-04-29 19:47:28"
[1] "Completed 110 routes (22%) --- 2025-04-29 20:41:09"
[1] "Completed 120 routes (24%) --- 2025-04-29 21:10:23"
[1] "Completed 130 routes (26%) --- 2025-04-29 21:45:22"
[1] "Completed 140 routes (28%) --- 2025-04-29 22:17:04"
[1] "Completed 150 routes (30%) --- 2025-04-29 22:41:04"
[1] "Completed 160 routes (32%) --- 2025-04-29 23:08:35"
[1] "Completed 170 routes (34%) --- 2025-04-29 23:34:28"
[1] "Completed 180 routes (36%) --- 2025-04-29 23:58:25"
[1] "Completed 190 routes (38%) --- 2025-04-30 00:24:21"
[1] "Completed 200 routes (40%) --- 2025-04-30 00:57:50"
[1] "Completed 210 routes (42%) --- 2025-04-30 01:27:18"
[1] "Completed 220 routes (44%) --- 2025-04-30 02:18:10"
[1] "Completed 230 routes (46%) --- 2025-04-30 02:47:11"
[1] "Completed 240 routes (48%) --- 2025-04-30 03:14:22"
[1] "Completed 250 routes (50%) --- 2025-04-30 03:34:16"
[1] "Completed 260 routes (52%) --- 2025-04-30 04:05:18"
[1] "Completed 270 routes (54%) --- 2025-04-30 04:45:56"
[1] "Completed 280 routes (56%) --- 2025-04-30 05:18:02"
[1] "Completed 290 routes (58%) --- 2025-04-30 05:58:37"
[1] "Completed 300 routes (60%) --- 2025-04-30 06:47:50"
[1] "Completed 310 routes (62%) --- 2025-04-30 07:11:05"
[1] "Completed 320 routes (64%) --- 2025-04-30 07:31:30"
[1] "Completed 330 routes (66%) --- 2025-04-30 07:58:15"
[1] "Completed 340 routes (68%) --- 2025-04-30 08:15:16"
[1] "Completed 350 routes (70%) --- 2025-04-30 08:39:07"
[1] "Completed 360 routes (72%) --- 2025-04-30 09:00:59"
[1] "Completed 370 routes (74%) --- 2025-04-30 09:24:42"
[1] "Completed 380 routes (76%) --- 2025-04-30 09:42:22"
[1] "Completed 390 routes (78%) --- 2025-04-30 10:05:20"
[1] "Completed 400 routes (80%) --- 2025-04-30 10:21:37"
[1] "Completed 410 routes (82%) --- 2025-04-30 10:42:14"
[1] "Completed 420 routes (84%) --- 2025-04-30 11:03:47"
[1] "Completed 430 routes (86%) --- 2025-04-30 11:26:42"
[1] "Completed 440 routes (88%) --- 2025-04-30 11:45:46"
[1] "Completed 450 routes (90%) --- 2025-04-30 12:06:48"
[1] "Completed 460 routes (92%) --- 2025-04-30 12:28:45"
[1] "Completed 470 routes (94%) --- 2025-04-30 12:51:39"
[1] "Completed 480 routes (96%) --- 2025-04-30 13:04:27"
[1] "Completed 490 routes (98%) --- 2025-04-30 13:18:59"
[1] "Processing Completed in 1373 minutes"
[1] "SCRIPT COMPLETE @ 2025-04-30 13:36:46"
