[1] "Starting 17 @ 2025-04-29 14:42:59"
[1] "Data Loaded 17 @ 2025-04-29 14:43:16"
[1] "Starting to iterate routes for 270 endpoints @ 2025-04-29 14:43:25"
[1] "Completed 10 routes (4%) --- 2025-04-29 15:12:03"
[1] "Completed 20 routes (7%) --- 2025-04-29 15:45:10"
[1] "Completed 30 routes (11%) --- 2025-04-29 16:11:30"
[1] "Completed 40 routes (15%) --- 2025-04-29 16:39:02"
[1] "Completed 50 routes (19%) --- 2025-04-29 17:02:57"
[1] "Completed 60 routes (22%) --- 2025-04-29 17:26:55"
[1] "Completed 70 routes (26%) --- 2025-04-29 17:51:34"
[1] "Completed 80 routes (30%) --- 2025-04-29 18:13:10"
[1] "Completed 90 routes (33%) --- 2025-04-29 18:36:42"
[1] "Completed 100 routes (37%) --- 2025-04-29 18:59:22"
[1] "Completed 110 routes (41%) --- 2025-04-29 19:20:33"
[1] "Completed 120 routes (44%) --- 2025-04-29 19:49:32"
[1] "Completed 130 routes (48%) --- 2025-04-29 20:19:06"
[1] "Completed 140 routes (52%) --- 2025-04-29 20:49:46"
[1] "Completed 150 routes (56%) --- 2025-04-29 21:17:14"
[1] "Completed 160 routes (59%) --- 2025-04-29 21:46:55"
[1] "Completed 170 routes (63%) --- 2025-04-29 22:11:54"
[1] "Completed 180 routes (67%) --- 2025-04-29 22:35:57"
[1] "Completed 190 routes (70%) --- 2025-04-29 22:55:56"
[1] "Completed 200 routes (74%) --- 2025-04-29 23:30:36"
[1] "Completed 210 routes (78%) --- 2025-04-29 23:56:31"
[1] "Completed 220 routes (81%) --- 2025-04-30 00:25:27"
[1] "Completed 230 routes (85%) --- 2025-04-30 01:04:13"
[1] "Completed 240 routes (89%) --- 2025-04-30 01:37:22"
[1] "Completed 250 routes (93%) --- 2025-04-30 02:08:07"
[1] "Completed 260 routes (96%) --- 2025-04-30 02:40:27"
[1] "Completed 270 routes (100%) --- 2025-04-30 03:10:01"
[1] "Processing Completed in 747 minutes"
[1] "SCRIPT COMPLETE @ 2025-04-30 03:10:01"
