[1] "Starting 18 @ 2025-04-29 14:43:03"
[1] "Data Loaded 18 @ 2025-04-29 14:43:26"
[1] "Starting to iterate routes for 499 endpoints @ 2025-04-29 14:43:32"
[1] "Completed 10 routes (2%) --- 2025-04-29 15:17:07"
[1] "Completed 20 routes (4%) --- 2025-04-29 15:51:07"
[1] "Completed 30 routes (6%) --- 2025-04-29 16:26:15"
[1] "Completed 40 routes (8%) --- 2025-04-29 16:51:24"
[1] "Completed 50 routes (10%) --- 2025-04-29 17:18:56"
[1] "Completed 60 routes (12%) --- 2025-04-29 17:50:40"
[1] "Completed 70 routes (14%) --- 2025-04-29 18:15:27"
[1] "Completed 80 routes (16%) --- 2025-04-29 18:43:12"
[1] "Completed 90 routes (18%) --- 2025-04-29 19:14:10"
[1] "Completed 100 routes (20%) --- 2025-04-29 19:40:07"
[1] "Completed 110 routes (22%) --- 2025-04-29 20:06:23"
[1] "Completed 120 routes (24%) --- 2025-04-29 20:33:45"
[1] "Completed 130 routes (26%) --- 2025-04-29 20:59:29"
[1] "Completed 140 routes (28%) --- 2025-04-29 21:20:41"
[1] "Completed 150 routes (30%) --- 2025-04-29 21:44:45"
[1] "Completed 160 routes (32%) --- 2025-04-29 22:08:07"
[1] "Completed 170 routes (34%) --- 2025-04-29 22:31:30"
[1] "Completed 180 routes (36%) --- 2025-04-29 22:54:39"
[1] "Completed 190 routes (38%) --- 2025-04-29 23:17:00"
[1] "Completed 200 routes (40%) --- 2025-04-29 23:43:34"
[1] "Completed 210 routes (42%) --- 2025-04-30 00:10:01"
[1] "Completed 220 routes (44%) --- 2025-04-30 00:34:27"
[1] "Completed 230 routes (46%) --- 2025-04-30 01:01:13"
[1] "Completed 240 routes (48%) --- 2025-04-30 01:26:23"
[1] "Completed 250 routes (50%) --- 2025-04-30 01:48:42"
[1] "Completed 260 routes (52%) --- 2025-04-30 02:12:09"
[1] "Completed 270 routes (54%) --- 2025-04-30 02:37:52"
[1] "Completed 280 routes (56%) --- 2025-04-30 03:06:54"
[1] "Completed 290 routes (58%) --- 2025-04-30 03:31:08"
[1] "Completed 300 routes (60%) --- 2025-04-30 03:54:07"
[1] "Completed 310 routes (62%) --- 2025-04-30 04:10:48"
[1] "Completed 320 routes (64%) --- 2025-04-30 04:32:04"
[1] "Completed 330 routes (66%) --- 2025-04-30 04:55:38"
[1] "Completed 340 routes (68%) --- 2025-04-30 05:19:33"
[1] "Completed 350 routes (70%) --- 2025-04-30 05:46:48"
[1] "Completed 360 routes (72%) --- 2025-04-30 06:12:06"
[1] "Completed 370 routes (74%) --- 2025-04-30 06:31:27"
[1] "Completed 380 routes (76%) --- 2025-04-30 06:53:11"
[1] "Completed 390 routes (78%) --- 2025-04-30 07:13:43"
[1] "Completed 400 routes (80%) --- 2025-04-30 07:34:39"
[1] "Completed 410 routes (82%) --- 2025-04-30 07:56:55"
[1] "Completed 420 routes (84%) --- 2025-04-30 08:21:19"
[1] "Completed 430 routes (86%) --- 2025-04-30 08:43:17"
[1] "Completed 440 routes (88%) --- 2025-04-30 09:05:21"
[1] "Completed 450 routes (90%) --- 2025-04-30 09:25:38"
[1] "Completed 460 routes (92%) --- 2025-04-30 09:46:39"
[1] "Completed 470 routes (94%) --- 2025-04-30 10:09:36"
[1] "Completed 480 routes (96%) --- 2025-04-30 10:32:09"
[1] "Completed 490 routes (98%) --- 2025-04-30 10:53:43"
[1] "Processing Completed in 1233 minutes"
[1] "SCRIPT COMPLETE @ 2025-04-30 11:16:15"
