[1] "Starting 19 @ 2025-04-29 14:43:09"
[1] "Data Loaded 19 @ 2025-04-29 14:43:25"
[1] "Starting to iterate routes for 281 endpoints @ 2025-04-29 14:43:35"
[1] "Completed 10 routes (4%) --- 2025-04-29 15:09:38"
[1] "Completed 20 routes (7%) --- 2025-04-29 15:34:32"
[1] "Completed 30 routes (11%) --- 2025-04-29 15:57:36"
[1] "Completed 40 routes (14%) --- 2025-04-29 16:21:07"
[1] "Completed 50 routes (18%) --- 2025-04-29 16:45:12"
[1] "Completed 60 routes (21%) --- 2025-04-29 17:11:01"
[1] "Completed 70 routes (25%) --- 2025-04-29 17:34:33"
[1] "Completed 80 routes (28%) --- 2025-04-29 17:58:56"
[1] "Completed 90 routes (32%) --- 2025-04-29 18:24:39"
[1] "Completed 100 routes (36%) --- 2025-04-29 18:48:50"
[1] "Completed 110 routes (39%) --- 2025-04-29 19:13:40"
[1] "Completed 120 routes (43%) --- 2025-04-29 19:34:29"
[1] "Completed 130 routes (46%) --- 2025-04-29 19:57:59"
[1] "Completed 140 routes (50%) --- 2025-04-29 20:22:22"
[1] "Completed 150 routes (53%) --- 2025-04-29 20:46:37"
[1] "Completed 160 routes (57%) --- 2025-04-29 21:09:32"
[1] "Completed 170 routes (60%) --- 2025-04-29 21:33:21"
[1] "Completed 180 routes (64%) --- 2025-04-29 21:55:47"
[1] "Completed 190 routes (68%) --- 2025-04-29 22:17:52"
[1] "Completed 200 routes (71%) --- 2025-04-29 22:41:14"
[1] "Completed 210 routes (75%) --- 2025-04-29 23:02:45"
[1] "Completed 220 routes (78%) --- 2025-04-29 23:26:18"
[1] "Completed 230 routes (82%) --- 2025-04-29 23:49:29"
[1] "Completed 240 routes (85%) --- 2025-04-30 00:12:24"
[1] "Completed 250 routes (89%) --- 2025-04-30 00:35:34"
[1] "Completed 260 routes (93%) --- 2025-04-30 00:57:51"
[1] "Completed 270 routes (96%) --- 2025-04-30 01:19:32"
[1] "Completed 280 routes (100%) --- 2025-04-30 01:39:32"
[1] "Processing Completed in 658 minutes"
[1] "SCRIPT COMPLETE @ 2025-04-30 01:41:50"
