[1] "Starting 20 @ 2025-04-29 14:43:17"
[1] "Data Loaded 20 @ 2025-04-29 14:43:29"
[1] "Starting to iterate routes for 499 endpoints @ 2025-04-29 14:43:37"
[1] "Completed 10 routes (2%) --- 2025-04-29 15:03:04"
[1] "Completed 20 routes (4%) --- 2025-04-29 15:18:24"
[1] "Completed 30 routes (6%) --- 2025-04-29 15:37:42"
[1] "Completed 40 routes (8%) --- 2025-04-29 15:54:25"
[1] "Completed 50 routes (10%) --- 2025-04-29 16:10:47"
[1] "Completed 60 routes (12%) --- 2025-04-29 16:26:07"
[1] "Completed 70 routes (14%) --- 2025-04-29 16:43:31"
[1] "Completed 80 routes (16%) --- 2025-04-29 16:56:27"
[1] "Completed 90 routes (18%) --- 2025-04-29 17:05:07"
[1] "Completed 100 routes (20%) --- 2025-04-29 17:20:43"
[1] "Completed 110 routes (22%) --- 2025-04-29 17:38:32"
[1] "Completed 120 routes (24%) --- 2025-04-29 17:56:55"
[1] "Completed 130 routes (26%) --- 2025-04-29 18:15:25"
[1] "Completed 140 routes (28%) --- 2025-04-29 18:30:50"
[1] "Completed 150 routes (30%) --- 2025-04-29 18:50:29"
[1] "Completed 160 routes (32%) --- 2025-04-29 19:05:21"
[1] "Completed 170 routes (34%) --- 2025-04-29 19:22:24"
[1] "Completed 180 routes (36%) --- 2025-04-29 19:38:00"
[1] "Completed 190 routes (38%) --- 2025-04-29 19:54:25"
[1] "Completed 200 routes (40%) --- 2025-04-29 20:11:17"
[1] "Completed 210 routes (42%) --- 2025-04-29 20:28:50"
[1] "Completed 220 routes (44%) --- 2025-04-29 20:42:10"
[1] "Completed 230 routes (46%) --- 2025-04-29 20:56:37"
[1] "Completed 240 routes (48%) --- 2025-04-29 21:10:13"
[1] "Completed 250 routes (50%) --- 2025-04-29 21:24:43"
[1] "Completed 260 routes (52%) --- 2025-04-29 21:39:52"
[1] "Completed 270 routes (54%) --- 2025-04-29 21:53:28"
[1] "Completed 280 routes (56%) --- 2025-04-29 22:05:37"
[1] "Completed 290 routes (58%) --- 2025-04-29 22:17:18"
[1] "Completed 300 routes (60%) --- 2025-04-29 22:30:13"
[1] "Completed 310 routes (62%) --- 2025-04-29 22:43:41"
[1] "Completed 320 routes (64%) --- 2025-04-29 22:57:33"
[1] "Completed 330 routes (66%) --- 2025-04-29 23:11:31"
[1] "Completed 340 routes (68%) --- 2025-04-29 23:26:52"
[1] "Completed 350 routes (70%) --- 2025-04-29 23:40:55"
[1] "Completed 360 routes (72%) --- 2025-04-29 23:53:17"
[1] "Completed 370 routes (74%) --- 2025-04-30 00:06:07"
[1] "Completed 380 routes (76%) --- 2025-04-30 00:17:12"
[1] "Completed 390 routes (78%) --- 2025-04-30 00:29:36"
[1] "Completed 400 routes (80%) --- 2025-04-30 00:40:59"
[1] "Completed 410 routes (82%) --- 2025-04-30 00:53:53"
[1] "Completed 420 routes (84%) --- 2025-04-30 01:05:23"
[1] "Completed 430 routes (86%) --- 2025-04-30 01:21:01"
[1] "Completed 440 routes (88%) --- 2025-04-30 01:36:49"
[1] "Completed 450 routes (90%) --- 2025-04-30 01:50:49"
[1] "Completed 460 routes (92%) --- 2025-04-30 02:02:05"
[1] "Completed 470 routes (94%) --- 2025-04-30 02:18:56"
[1] "Completed 480 routes (96%) --- 2025-04-30 02:33:42"
[1] "Completed 490 routes (98%) --- 2025-04-30 02:49:32"
[1] "Processing Completed in 738 minutes"
[1] "SCRIPT COMPLETE @ 2025-04-30 03:01:36"
