[1] "Starting 21 @ 2025-04-29 10:38:30"
[1] "Data Loaded 21 @ 2025-04-29 10:38:45"
[1] "Starting to iterate routes for 263 endpoints @ 2025-04-29 10:38:48"
[1] "Completed 10 routes (4%) --- 2025-04-29 11:02:26"
[1] "Completed 20 routes (8%) --- 2025-04-29 11:24:27"
[1] "Completed 30 routes (11%) --- 2025-04-29 11:53:57"
[1] "Completed 40 routes (15%) --- 2025-04-29 12:15:20"
[1] "Completed 50 routes (19%) --- 2025-04-29 12:35:29"
[1] "Completed 60 routes (23%) --- 2025-04-29 12:57:20"
[1] "Completed 70 routes (27%) --- 2025-04-29 13:18:11"
[1] "Completed 80 routes (30%) --- 2025-04-29 13:37:00"
[1] "Completed 90 routes (34%) --- 2025-04-29 13:57:59"
[1] "Completed 100 routes (38%) --- 2025-04-29 14:20:35"
[1] "Completed 110 routes (42%) --- 2025-04-29 14:41:46"
[1] "Completed 120 routes (46%) --- 2025-04-29 14:59:18"
[1] "Completed 130 routes (49%) --- 2025-04-29 15:20:53"
[1] "Completed 140 routes (53%) --- 2025-04-29 15:44:11"
[1] "Completed 150 routes (57%) --- 2025-04-29 16:06:42"
[1] "Completed 160 routes (61%) --- 2025-04-29 16:28:37"
[1] "Completed 170 routes (65%) --- 2025-04-29 16:50:09"
[1] "Completed 180 routes (68%) --- 2025-04-29 17:11:07"
[1] "Completed 190 routes (72%) --- 2025-04-29 17:30:04"
[1] "Completed 200 routes (76%) --- 2025-04-29 17:51:29"
[1] "Completed 210 routes (80%) --- 2025-04-29 18:12:50"
[1] "Completed 220 routes (84%) --- 2025-04-29 18:33:30"
[1] "Completed 230 routes (87%) --- 2025-04-29 18:54:15"
[1] "Completed 240 routes (91%) --- 2025-04-29 19:16:17"
[1] "Completed 250 routes (95%) --- 2025-04-29 19:40:31"
[1] "Completed 260 routes (99%) --- 2025-04-29 20:08:12"
[1] "Processing Completed in 577 minutes"
[1] "SCRIPT COMPLETE @ 2025-04-29 20:15:39"
