[1] "Starting 22 @ 2025-04-29 10:38:31"
[1] "Data Loaded 22 @ 2025-04-29 10:38:42"
[1] "Starting to iterate routes for 328 endpoints @ 2025-04-29 10:38:46"
[1] "Completed 10 routes (3%) --- 2025-04-29 10:53:01"
[1] "Completed 20 routes (6%) --- 2025-04-29 11:07:17"
[1] "Completed 30 routes (9%) --- 2025-04-29 11:19:34"
[1] "Completed 40 routes (12%) --- 2025-04-29 11:29:38"
[1] "Completed 50 routes (15%) --- 2025-04-29 11:43:14"
[1] "Completed 60 routes (18%) --- 2025-04-29 11:54:12"
[1] "Completed 70 routes (21%) --- 2025-04-29 12:04:41"
[1] "Completed 80 routes (24%) --- 2025-04-29 12:13:52"
[1] "Completed 90 routes (27%) --- 2025-04-29 12:27:37"
[1] "Completed 100 routes (30%) --- 2025-04-29 12:36:52"
[1] "Completed 110 routes (34%) --- 2025-04-29 12:48:08"
[1] "Completed 120 routes (37%) --- 2025-04-29 12:57:28"
[1] "Completed 130 routes (40%) --- 2025-04-29 13:09:20"
[1] "Completed 140 routes (43%) --- 2025-04-29 13:19:58"
[1] "Completed 150 routes (46%) --- 2025-04-29 13:29:13"
[1] "Completed 160 routes (49%) --- 2025-04-29 13:40:46"
[1] "Completed 170 routes (52%) --- 2025-04-29 13:47:32"
[1] "Completed 180 routes (55%) --- 2025-04-29 13:58:36"
[1] "Completed 190 routes (58%) --- 2025-04-29 14:10:41"
[1] "Completed 200 routes (61%) --- 2025-04-29 14:19:59"
[1] "Completed 210 routes (64%) --- 2025-04-29 14:33:19"
[1] "Completed 220 routes (67%) --- 2025-04-29 14:43:41"
[1] "Completed 230 routes (70%) --- 2025-04-29 14:56:34"
[1] "Completed 240 routes (73%) --- 2025-04-29 15:05:51"
[1] "Completed 250 routes (76%) --- 2025-04-29 15:18:20"
[1] "Completed 260 routes (79%) --- 2025-04-29 15:28:57"
[1] "Completed 270 routes (82%) --- 2025-04-29 15:40:17"
[1] "Completed 280 routes (85%) --- 2025-04-29 15:50:26"
[1] "Completed 290 routes (88%) --- 2025-04-29 16:00:30"
[1] "Completed 300 routes (91%) --- 2025-04-29 16:10:18"
[1] "Completed 310 routes (95%) --- 2025-04-29 16:18:21"
[1] "Completed 320 routes (98%) --- 2025-04-29 16:28:58"
[1] "Processing Completed in 357 minutes"
[1] "SCRIPT COMPLETE @ 2025-04-29 16:35:38"
