[1] "Starting 24 @ 2025-04-29 10:38:42"
[1] "Data Loaded 24 @ 2025-04-29 10:38:50"
[1] "Starting to iterate routes for 165 endpoints @ 2025-04-29 10:38:52"
[1] "Completed 10 routes (6%) --- 2025-04-29 10:51:51"
[1] "Completed 20 routes (12%) --- 2025-04-29 11:03:07"
[1] "Completed 30 routes (18%) --- 2025-04-29 11:11:07"
[1] "Completed 40 routes (24%) --- 2025-04-29 11:19:01"
[1] "Completed 50 routes (30%) --- 2025-04-29 11:29:00"
[1] "Completed 60 routes (36%) --- 2025-04-29 11:34:25"
[1] "Completed 70 routes (42%) --- 2025-04-29 11:40:13"
[1] "Completed 80 routes (48%) --- 2025-04-29 11:46:32"
[1] "Completed 90 routes (55%) --- 2025-04-29 11:53:58"
[1] "Completed 100 routes (61%) --- 2025-04-29 12:01:59"
[1] "Completed 110 routes (67%) --- 2025-04-29 12:10:44"
[1] "Completed 120 routes (73%) --- 2025-04-29 12:21:55"
[1] "Completed 130 routes (79%) --- 2025-04-29 12:27:59"
[1] "Completed 140 routes (85%) --- 2025-04-29 12:33:43"
[1] "Completed 150 routes (91%) --- 2025-04-29 12:40:06"
[1] "Completed 160 routes (97%) --- 2025-04-29 12:49:46"
[1] "Processing Completed in 134 minutes"
[1] "SCRIPT COMPLETE @ 2025-04-29 12:53:01"
