[1] "Starting 26 @ 2025-04-29 10:38:49"
[1] "Data Loaded 26 @ 2025-04-29 10:39:07"
[1] "Starting to iterate routes for 394 endpoints @ 2025-04-29 10:39:11"
[1] "Completed 10 routes (3%) --- 2025-04-29 11:18:17"
[1] "Completed 20 routes (5%) --- 2025-04-29 11:56:37"
[1] "Completed 30 routes (8%) --- 2025-04-29 12:33:56"
[1] "Completed 40 routes (10%) --- 2025-04-29 12:55:49"
[1] "Completed 50 routes (13%) --- 2025-04-29 13:20:06"
[1] "Completed 60 routes (15%) --- 2025-04-29 13:44:38"
[1] "Completed 70 routes (18%) --- 2025-04-29 14:20:44"
[1] "Completed 80 routes (20%) --- 2025-04-29 15:03:14"
[1] "Completed 90 routes (23%) --- 2025-04-29 15:39:25"
[1] "Completed 100 routes (25%) --- 2025-04-29 16:17:34"
[1] "Completed 110 routes (28%) --- 2025-04-29 16:44:52"
[1] "Completed 120 routes (30%) --- 2025-04-29 17:16:07"
[1] "Completed 130 routes (33%) --- 2025-04-29 17:31:24"
[1] "Completed 140 routes (36%) --- 2025-04-29 18:03:36"
[1] "Completed 150 routes (38%) --- 2025-04-29 18:48:39"
[1] "Completed 160 routes (41%) --- 2025-04-29 19:20:15"
[1] "Completed 170 routes (43%) --- 2025-04-29 19:53:12"
[1] "Completed 180 routes (46%) --- 2025-04-29 20:18:28"
[1] "Completed 190 routes (48%) --- 2025-04-29 20:41:08"
[1] "Completed 200 routes (51%) --- 2025-04-29 20:59:30"
[1] "Completed 210 routes (53%) --- 2025-04-29 21:21:27"
[1] "Completed 220 routes (56%) --- 2025-04-29 21:44:58"
[1] "Completed 230 routes (58%) --- 2025-04-29 22:16:00"
[1] "Completed 240 routes (61%) --- 2025-04-29 22:40:35"
[1] "Completed 250 routes (63%) --- 2025-04-29 23:01:02"
[1] "Completed 260 routes (66%) --- 2025-04-29 23:18:50"
[1] "Completed 270 routes (69%) --- 2025-04-29 23:39:55"
[1] "Completed 280 routes (71%) --- 2025-04-30 00:01:15"
[1] "Completed 290 routes (74%) --- 2025-04-30 00:22:36"
[1] "Completed 300 routes (76%) --- 2025-04-30 00:38:44"
[1] "Completed 310 routes (79%) --- 2025-04-30 00:47:15"
[1] "Completed 320 routes (81%) --- 2025-04-30 00:52:32"
[1] "Completed 330 routes (84%) --- 2025-04-30 01:03:07"
[1] "Completed 340 routes (86%) --- 2025-04-30 01:24:06"
[1] "Completed 350 routes (89%) --- 2025-04-30 01:44:54"
[1] "Completed 360 routes (91%) --- 2025-04-30 02:16:25"
[1] "Completed 370 routes (94%) --- 2025-04-30 02:41:35"
[1] "Completed 380 routes (96%) --- 2025-04-30 03:10:00"
[1] "Completed 390 routes (99%) --- 2025-04-30 03:32:57"
[1] "Processing Completed in 1022 minutes"
[1] "SCRIPT COMPLETE @ 2025-04-30 03:41:08"
