[1] "Starting 27 @ 2025-04-29 14:43:26"
[1] "Data Loaded 27 @ 2025-04-29 14:43:39"
[1] "Starting to iterate routes for 499 endpoints @ 2025-04-29 14:43:46"
[1] "Completed 10 routes (2%) --- 2025-04-29 15:01:55"
[1] "Completed 20 routes (4%) --- 2025-04-29 15:35:34"
[1] "Completed 30 routes (6%) --- 2025-04-29 16:08:19"
[1] "Completed 40 routes (8%) --- 2025-04-29 16:33:44"
[1] "Completed 50 routes (10%) --- 2025-04-29 17:03:23"
[1] "Completed 60 routes (12%) --- 2025-04-29 17:22:30"
[1] "Completed 70 routes (14%) --- 2025-04-29 17:37:02"
[1] "Completed 80 routes (16%) --- 2025-04-29 17:56:30"
[1] "Completed 90 routes (18%) --- 2025-04-29 18:22:45"
[1] "Completed 100 routes (20%) --- 2025-04-29 18:48:40"
[1] "Completed 110 routes (22%) --- 2025-04-29 19:12:24"
[1] "Completed 120 routes (24%) --- 2025-04-29 19:36:36"
[1] "Completed 130 routes (26%) --- 2025-04-29 20:03:11"
[1] "Completed 140 routes (28%) --- 2025-04-29 20:30:14"
[1] "Completed 150 routes (30%) --- 2025-04-29 21:00:39"
[1] "Completed 160 routes (32%) --- 2025-04-29 21:36:06"
[1] "Completed 170 routes (34%) --- 2025-04-29 22:04:26"
[1] "Completed 180 routes (36%) --- 2025-04-29 22:26:42"
[1] "Completed 190 routes (38%) --- 2025-04-29 22:46:03"
[1] "Completed 200 routes (40%) --- 2025-04-29 23:12:44"
[1] "Completed 210 routes (42%) --- 2025-04-29 23:36:51"
[1] "Completed 220 routes (44%) --- 2025-04-29 23:54:55"
[1] "Completed 230 routes (46%) --- 2025-04-30 00:19:12"
[1] "Completed 240 routes (48%) --- 2025-04-30 00:41:15"
[1] "Completed 250 routes (50%) --- 2025-04-30 01:04:39"
[1] "Completed 260 routes (52%) --- 2025-04-30 01:28:37"
[1] "Completed 270 routes (54%) --- 2025-04-30 01:54:41"
[1] "Completed 280 routes (56%) --- 2025-04-30 02:21:52"
[1] "Completed 290 routes (58%) --- 2025-04-30 02:43:11"
[1] "Completed 300 routes (60%) --- 2025-04-30 03:02:47"
[1] "Completed 310 routes (62%) --- 2025-04-30 03:23:48"
[1] "Completed 320 routes (64%) --- 2025-04-30 03:48:25"
[1] "Completed 330 routes (66%) --- 2025-04-30 04:07:58"
[1] "Completed 340 routes (68%) --- 2025-04-30 04:23:41"
[1] "Completed 350 routes (70%) --- 2025-04-30 04:48:27"
[1] "Completed 360 routes (72%) --- 2025-04-30 05:12:52"
[1] "Completed 370 routes (74%) --- 2025-04-30 05:35:56"
[1] "Completed 380 routes (76%) --- 2025-04-30 06:00:33"
[1] "Completed 390 routes (78%) --- 2025-04-30 06:22:52"
[1] "Completed 400 routes (80%) --- 2025-04-30 06:49:26"
[1] "Completed 410 routes (82%) --- 2025-04-30 07:18:34"
[1] "Completed 420 routes (84%) --- 2025-04-30 07:41:47"
[1] "Completed 430 routes (86%) --- 2025-04-30 07:59:24"
[1] "Completed 440 routes (88%) --- 2025-04-30 08:30:23"
[1] "Completed 450 routes (90%) --- 2025-04-30 08:55:06"
[1] "Completed 460 routes (92%) --- 2025-04-30 09:20:09"
[1] "Completed 470 routes (94%) --- 2025-04-30 09:43:43"
[1] "Completed 480 routes (96%) --- 2025-04-30 10:05:53"
[1] "Completed 490 routes (98%) --- 2025-04-30 10:24:40"
[1] "Processing Completed in 1202 minutes"
[1] "SCRIPT COMPLETE @ 2025-04-30 10:46:03"
