[1] "Starting 28 @ 2025-04-29 10:38:57"
[1] "Data Loaded 28 @ 2025-04-29 10:39:08"
[1] "Starting to iterate routes for 277 endpoints @ 2025-04-29 10:39:11"
[1] "Completed 10 routes (4%) --- 2025-04-29 10:56:52"
[1] "Completed 20 routes (7%) --- 2025-04-29 11:14:27"
[1] "Completed 30 routes (11%) --- 2025-04-29 11:31:54"
[1] "Completed 40 routes (14%) --- 2025-04-29 11:48:12"
[1] "Completed 50 routes (18%) --- 2025-04-29 12:05:29"
[1] "Completed 60 routes (22%) --- 2025-04-29 12:24:16"
[1] "Completed 70 routes (25%) --- 2025-04-29 12:40:12"
[1] "Completed 80 routes (29%) --- 2025-04-29 12:55:55"
[1] "Completed 90 routes (32%) --- 2025-04-29 13:12:16"
[1] "Completed 100 routes (36%) --- 2025-04-29 13:28:14"
[1] "Completed 110 routes (40%) --- 2025-04-29 13:43:25"
[1] "Completed 120 routes (43%) --- 2025-04-29 13:56:35"
[1] "Completed 130 routes (47%) --- 2025-04-29 14:10:55"
[1] "Completed 140 routes (51%) --- 2025-04-29 14:23:31"
[1] "Completed 150 routes (54%) --- 2025-04-29 14:36:31"
[1] "Completed 160 routes (58%) --- 2025-04-29 14:51:48"
[1] "Completed 170 routes (61%) --- 2025-04-29 15:06:34"
[1] "Completed 180 routes (65%) --- 2025-04-29 15:20:06"
[1] "Completed 190 routes (69%) --- 2025-04-29 15:34:18"
[1] "Completed 200 routes (72%) --- 2025-04-29 15:47:57"
[1] "Completed 210 routes (76%) --- 2025-04-29 16:01:56"
[1] "Completed 220 routes (79%) --- 2025-04-29 16:14:50"
[1] "Completed 230 routes (83%) --- 2025-04-29 16:27:41"
[1] "Completed 240 routes (87%) --- 2025-04-29 16:39:07"
[1] "Completed 250 routes (90%) --- 2025-04-29 16:52:33"
[1] "Completed 260 routes (94%) --- 2025-04-29 17:05:39"
[1] "Completed 270 routes (97%) --- 2025-04-29 17:19:03"
[1] "Processing Completed in 412 minutes"
[1] "SCRIPT COMPLETE @ 2025-04-29 17:30:50"
