[1] "Starting 29 @ 2025-04-29 14:43:31"
[1] "Data Loaded 29 @ 2025-04-29 14:43:50"
[1] "Starting to iterate routes for 499 endpoints @ 2025-04-29 14:44:03"
[1] "Completed 10 routes (2%) --- 2025-04-29 15:22:03"
[1] "Completed 20 routes (4%) --- 2025-04-29 15:52:20"
[1] "Completed 30 routes (6%) --- 2025-04-29 16:26:07"
[1] "Completed 40 routes (8%) --- 2025-04-29 17:00:00"
[1] "Completed 50 routes (10%) --- 2025-04-29 17:43:05"
[1] "Completed 60 routes (12%) --- 2025-04-29 18:15:54"
[1] "Completed 70 routes (14%) --- 2025-04-29 18:46:03"
[1] "Completed 80 routes (16%) --- 2025-04-29 19:10:36"
[1] "Completed 90 routes (18%) --- 2025-04-29 19:41:23"
[1] "Completed 100 routes (20%) --- 2025-04-29 20:03:58"
[1] "Completed 110 routes (22%) --- 2025-04-29 20:30:20"
[1] "Completed 120 routes (24%) --- 2025-04-29 20:56:02"
[1] "Completed 130 routes (26%) --- 2025-04-29 21:25:19"
[1] "Completed 140 routes (28%) --- 2025-04-29 21:54:03"
[1] "Completed 150 routes (30%) --- 2025-04-29 22:12:58"
[1] "Completed 160 routes (32%) --- 2025-04-29 22:48:11"
[1] "Completed 170 routes (34%) --- 2025-04-29 23:27:12"
[1] "Completed 180 routes (36%) --- 2025-04-30 00:06:04"
[1] "Completed 190 routes (38%) --- 2025-04-30 00:32:36"
[1] "Completed 200 routes (40%) --- 2025-04-30 01:03:25"
[1] "Completed 210 routes (42%) --- 2025-04-30 01:39:25"
[1] "Completed 220 routes (44%) --- 2025-04-30 01:59:27"
[1] "Completed 230 routes (46%) --- 2025-04-30 02:19:12"
[1] "Completed 240 routes (48%) --- 2025-04-30 02:49:03"
[1] "Completed 250 routes (50%) --- 2025-04-30 03:18:14"
[1] "Completed 260 routes (52%) --- 2025-04-30 03:45:56"
[1] "Completed 270 routes (54%) --- 2025-04-30 04:12:11"
[1] "Completed 280 routes (56%) --- 2025-04-30 04:47:41"
[1] "Completed 290 routes (58%) --- 2025-04-30 05:13:53"
[1] "Completed 300 routes (60%) --- 2025-04-30 05:35:06"
[1] "Completed 310 routes (62%) --- 2025-04-30 05:57:18"
[1] "Completed 320 routes (64%) --- 2025-04-30 06:24:00"
[1] "Completed 330 routes (66%) --- 2025-04-30 06:52:17"
[1] "Completed 340 routes (68%) --- 2025-04-30 07:21:53"
[1] "Completed 350 routes (70%) --- 2025-04-30 07:42:45"
[1] "Completed 360 routes (72%) --- 2025-04-30 08:09:29"
[1] "Completed 370 routes (74%) --- 2025-04-30 08:32:53"
[1] "Completed 380 routes (76%) --- 2025-04-30 08:57:31"
[1] "Completed 390 routes (78%) --- 2025-04-30 09:23:45"
[1] "Completed 400 routes (80%) --- 2025-04-30 09:46:35"
[1] "Completed 410 routes (82%) --- 2025-04-30 10:10:56"
[1] "Completed 420 routes (84%) --- 2025-04-30 10:36:11"
[1] "Completed 430 routes (86%) --- 2025-04-30 11:00:39"
[1] "Completed 440 routes (88%) --- 2025-04-30 11:26:05"
[1] "Completed 450 routes (90%) --- 2025-04-30 11:50:16"
[1] "Completed 460 routes (92%) --- 2025-04-30 12:09:52"
[1] "Completed 470 routes (94%) --- 2025-04-30 12:37:33"
[1] "Completed 480 routes (96%) --- 2025-04-30 13:04:58"
[1] "Completed 490 routes (98%) --- 2025-04-30 13:25:45"
[1] "Processing Completed in 1384 minutes"
[1] "SCRIPT COMPLETE @ 2025-04-30 13:47:56"
