[1] "Starting 29 @ 2025-04-29 14:43:32"
[1] "Data Loaded 29 @ 2025-04-29 14:43:50"
[1] "Starting to iterate routes for 365 endpoints @ 2025-04-29 14:44:02"
[1] "Completed 10 routes (3%) --- 2025-04-29 15:01:41"
[1] "Completed 20 routes (5%) --- 2025-04-29 15:35:46"
[1] "Completed 30 routes (8%) --- 2025-04-29 16:05:33"
[1] "Completed 40 routes (11%) --- 2025-04-29 16:25:02"
[1] "Completed 50 routes (14%) --- 2025-04-29 16:47:50"
[1] "Completed 60 routes (16%) --- 2025-04-29 17:13:49"
[1] "Completed 70 routes (19%) --- 2025-04-29 17:43:47"
[1] "Completed 80 routes (22%) --- 2025-04-29 18:10:18"
[1] "Completed 90 routes (25%) --- 2025-04-29 18:33:43"
[1] "Completed 100 routes (27%) --- 2025-04-29 18:56:22"
[1] "Completed 110 routes (30%) --- 2025-04-29 19:19:42"
[1] "Completed 120 routes (33%) --- 2025-04-29 19:44:55"
[1] "Completed 130 routes (36%) --- 2025-04-29 20:09:31"
[1] "Completed 140 routes (38%) --- 2025-04-29 20:37:06"
[1] "Completed 150 routes (41%) --- 2025-04-29 21:00:11"
[1] "Completed 160 routes (44%) --- 2025-04-29 21:26:51"
[1] "Completed 170 routes (47%) --- 2025-04-29 21:57:24"
[1] "Completed 180 routes (49%) --- 2025-04-29 22:36:17"
[1] "Completed 190 routes (52%) --- 2025-04-29 23:12:08"
[1] "Completed 200 routes (55%) --- 2025-04-29 23:50:09"
[1] "Completed 210 routes (58%) --- 2025-04-30 00:35:59"
[1] "Completed 220 routes (60%) --- 2025-04-30 01:20:30"
[1] "Completed 230 routes (63%) --- 2025-04-30 01:52:35"
[1] "Completed 240 routes (66%) --- 2025-04-30 02:28:08"
[1] "Completed 250 routes (68%) --- 2025-04-30 02:55:41"
[1] "Completed 260 routes (71%) --- 2025-04-30 03:24:38"
[1] "Completed 270 routes (74%) --- 2025-04-30 03:52:56"
[1] "Completed 280 routes (77%) --- 2025-04-30 04:22:57"
[1] "Completed 290 routes (79%) --- 2025-04-30 04:56:43"
[1] "Completed 300 routes (82%) --- 2025-04-30 05:31:40"
[1] "Completed 310 routes (85%) --- 2025-04-30 06:01:08"
[1] "Completed 320 routes (88%) --- 2025-04-30 06:25:40"
[1] "Completed 330 routes (90%) --- 2025-04-30 06:52:48"
[1] "Completed 340 routes (93%) --- 2025-04-30 07:20:38"
[1] "Completed 350 routes (96%) --- 2025-04-30 07:50:40"
[1] "Completed 360 routes (99%) --- 2025-04-30 08:24:20"
[1] "Processing Completed in 1074 minutes"
[1] "SCRIPT COMPLETE @ 2025-04-30 08:37:55"
