[1] "Starting 30 @ 2025-04-29 10:39:10"
[1] "Data Loaded 30 @ 2025-04-29 10:39:18"
[1] "Starting to iterate routes for 166 endpoints @ 2025-04-29 10:39:20"
[1] "Completed 10 routes (6%) --- 2025-04-29 10:43:23"
[1] "Completed 20 routes (12%) --- 2025-04-29 10:45:38"
[1] "Completed 30 routes (18%) --- 2025-04-29 10:47:28"
[1] "Completed 40 routes (24%) --- 2025-04-29 10:51:22"
[1] "Completed 50 routes (30%) --- 2025-04-29 10:53:20"
[1] "Completed 60 routes (36%) --- 2025-04-29 10:56:14"
[1] "Completed 70 routes (42%) --- 2025-04-29 10:59:20"
[1] "Completed 80 routes (48%) --- 2025-04-29 11:01:03"
[1] "Completed 90 routes (54%) --- 2025-04-29 11:03:30"
[1] "Completed 100 routes (60%) --- 2025-04-29 11:06:13"
[1] "Completed 110 routes (66%) --- 2025-04-29 11:09:57"
[1] "Completed 120 routes (72%) --- 2025-04-29 11:12:41"
[1] "Completed 130 routes (78%) --- 2025-04-29 11:15:55"
[1] "Completed 140 routes (84%) --- 2025-04-29 11:18:41"
[1] "Completed 150 routes (90%) --- 2025-04-29 11:22:03"
[1] "Completed 160 routes (96%) --- 2025-04-29 11:26:12"
[1] "Processing Completed in 49 minutes"
[1] "SCRIPT COMPLETE @ 2025-04-29 11:28:18"
