[1] "Starting 31 @ 2025-04-29 10:39:12"
[1] "Data Loaded 31 @ 2025-04-29 10:39:22"
[1] "Starting to iterate routes for 467 endpoints @ 2025-04-29 10:39:28"
[1] "Completed 10 routes (2%) --- 2025-04-29 10:43:05"
[1] "Completed 20 routes (4%) --- 2025-04-29 10:46:12"
[1] "Completed 30 routes (6%) --- 2025-04-29 10:50:10"
[1] "Completed 40 routes (9%) --- 2025-04-29 10:54:05"
[1] "Completed 50 routes (11%) --- 2025-04-29 10:57:51"
[1] "Completed 60 routes (13%) --- 2025-04-29 11:01:08"
[1] "Completed 70 routes (15%) --- 2025-04-29 11:04:12"
[1] "Completed 80 routes (17%) --- 2025-04-29 11:08:06"
[1] "Completed 90 routes (19%) --- 2025-04-29 11:11:30"
[1] "Completed 100 routes (21%) --- 2025-04-29 11:15:10"
[1] "Completed 110 routes (24%) --- 2025-04-29 11:19:04"
[1] "Completed 120 routes (26%) --- 2025-04-29 11:22:14"
[1] "Completed 130 routes (28%) --- 2025-04-29 11:25:59"
[1] "Completed 140 routes (30%) --- 2025-04-29 11:30:15"
[1] "Completed 150 routes (32%) --- 2025-04-29 11:33:58"
[1] "Completed 160 routes (34%) --- 2025-04-29 11:36:39"
[1] "Completed 170 routes (36%) --- 2025-04-29 11:40:44"
[1] "Completed 180 routes (39%) --- 2025-04-29 11:43:41"
[1] "Completed 190 routes (41%) --- 2025-04-29 11:47:59"
[1] "Completed 200 routes (43%) --- 2025-04-29 11:51:23"
[1] "Completed 210 routes (45%) --- 2025-04-29 11:55:32"
[1] "Completed 220 routes (47%) --- 2025-04-29 11:58:28"
[1] "Completed 230 routes (49%) --- 2025-04-29 12:03:26"
[1] "Completed 240 routes (51%) --- 2025-04-29 12:08:09"
[1] "Completed 250 routes (54%) --- 2025-04-29 12:10:52"
[1] "Completed 260 routes (56%) --- 2025-04-29 12:14:42"
[1] "Completed 270 routes (58%) --- 2025-04-29 12:18:08"
[1] "Completed 280 routes (60%) --- 2025-04-29 12:21:34"
[1] "Completed 290 routes (62%) --- 2025-04-29 12:25:43"
[1] "Completed 300 routes (64%) --- 2025-04-29 12:29:11"
[1] "Completed 310 routes (66%) --- 2025-04-29 12:32:35"
[1] "Completed 320 routes (69%) --- 2025-04-29 12:36:14"
[1] "Completed 330 routes (71%) --- 2025-04-29 12:41:58"
[1] "Completed 340 routes (73%) --- 2025-04-29 12:45:11"
[1] "Completed 350 routes (75%) --- 2025-04-29 12:49:01"
[1] "Completed 360 routes (77%) --- 2025-04-29 12:52:32"
[1] "Completed 370 routes (79%) --- 2025-04-29 12:56:06"
[1] "Completed 380 routes (81%) --- 2025-04-29 12:59:41"
[1] "Completed 390 routes (84%) --- 2025-04-29 13:04:39"
[1] "Completed 400 routes (86%) --- 2025-04-29 13:08:12"
[1] "Completed 410 routes (88%) --- 2025-04-29 13:11:33"
[1] "Completed 420 routes (90%) --- 2025-04-29 13:15:28"
[1] "Completed 430 routes (92%) --- 2025-04-29 13:19:05"
[1] "Completed 440 routes (94%) --- 2025-04-29 13:23:30"
[1] "Completed 450 routes (96%) --- 2025-04-29 13:26:08"
[1] "Completed 460 routes (99%) --- 2025-04-29 13:29:50"
[1] "Processing Completed in 173 minutes"
[1] "SCRIPT COMPLETE @ 2025-04-29 13:32:34"
