[1] "Starting 34 @ 2025-04-29 10:39:23"
[1] "Data Loaded 34 @ 2025-04-29 10:39:34"
[1] "Starting to iterate routes for 159 endpoints @ 2025-04-29 10:39:36"
[1] "Completed 10 routes (6%) --- 2025-04-29 10:52:44"
[1] "Completed 20 routes (13%) --- 2025-04-29 11:06:39"
[1] "Completed 30 routes (19%) --- 2025-04-29 11:19:42"
[1] "Completed 40 routes (25%) --- 2025-04-29 11:31:19"
[1] "Completed 50 routes (31%) --- 2025-04-29 11:43:10"
[1] "Completed 60 routes (38%) --- 2025-04-29 11:55:48"
[1] "Completed 70 routes (44%) --- 2025-04-29 12:02:13"
[1] "Completed 80 routes (50%) --- 2025-04-29 12:07:26"
[1] "Completed 90 routes (57%) --- 2025-04-29 12:12:59"
[1] "Completed 100 routes (63%) --- 2025-04-29 12:21:56"
[1] "Completed 110 routes (69%) --- 2025-04-29 12:33:01"
[1] "Completed 120 routes (75%) --- 2025-04-29 12:44:22"
[1] "Completed 130 routes (82%) --- 2025-04-29 12:54:19"
[1] "Completed 140 routes (88%) --- 2025-04-29 13:03:11"
[1] "Completed 150 routes (94%) --- 2025-04-29 13:14:04"
[1] "Processing Completed in 163 minutes"
[1] "SCRIPT COMPLETE @ 2025-04-29 13:22:45"
