[1] "Starting 37 @ 2025-04-29 10:41:50"
[1] "Data Loaded 37 @ 2025-04-29 10:42:09"
[1] "Starting to iterate routes for 323 endpoints @ 2025-04-29 10:42:13"
[1] "Completed 10 routes (3%) --- 2025-04-29 11:16:32"
[1] "Completed 20 routes (6%) --- 2025-04-29 11:59:16"
[1] "Completed 30 routes (9%) --- 2025-04-29 12:23:51"
[1] "Completed 40 routes (12%) --- 2025-04-29 12:46:25"
[1] "Completed 50 routes (15%) --- 2025-04-29 13:29:33"
[1] "Completed 60 routes (19%) --- 2025-04-29 14:25:19"
[1] "Completed 70 routes (22%) --- 2025-04-29 14:56:13"
[1] "Completed 80 routes (25%) --- 2025-04-29 15:20:35"
[1] "Completed 90 routes (28%) --- 2025-04-29 15:55:28"
[1] "Completed 100 routes (31%) --- 2025-04-29 16:37:01"
[1] "Completed 110 routes (34%) --- 2025-04-29 17:19:32"
[1] "Completed 120 routes (37%) --- 2025-04-29 17:55:29"
[1] "Completed 130 routes (40%) --- 2025-04-29 18:25:56"
[1] "Completed 140 routes (43%) --- 2025-04-29 18:56:10"
[1] "Completed 150 routes (46%) --- 2025-04-29 19:28:56"
[1] "Completed 160 routes (50%) --- 2025-04-29 20:07:08"
[1] "Completed 170 routes (53%) --- 2025-04-29 20:25:20"
[1] "Completed 180 routes (56%) --- 2025-04-29 20:49:11"
[1] "Completed 190 routes (59%) --- 2025-04-29 21:20:26"
[1] "Completed 200 routes (62%) --- 2025-04-29 21:51:32"
[1] "Completed 210 routes (65%) --- 2025-04-29 22:27:12"
[1] "Completed 220 routes (68%) --- 2025-04-29 22:58:17"
[1] "Completed 230 routes (71%) --- 2025-04-29 23:34:47"
[1] "Completed 240 routes (74%) --- 2025-04-30 00:18:51"
[1] "Completed 250 routes (77%) --- 2025-04-30 00:53:31"
[1] "Completed 260 routes (80%) --- 2025-04-30 01:19:09"
[1] "Completed 270 routes (84%) --- 2025-04-30 01:50:10"
[1] "Completed 280 routes (87%) --- 2025-04-30 02:18:29"
[1] "Completed 290 routes (90%) --- 2025-04-30 02:52:44"
[1] "Completed 300 routes (93%) --- 2025-04-30 03:23:44"
[1] "Completed 310 routes (96%) --- 2025-04-30 03:55:03"
[1] "Completed 320 routes (99%) --- 2025-04-30 04:23:49"
[1] "Processing Completed in 1077 minutes"
[1] "SCRIPT COMPLETE @ 2025-04-30 04:39:19"
