[1] "Starting 38 @ 2025-04-29 10:43:24"
[1] "Data Loaded 38 @ 2025-04-29 10:43:32"
[1] "Starting to iterate routes for 281 endpoints @ 2025-04-29 10:43:35"
[1] "Completed 10 routes (4%) --- 2025-04-29 10:45:46"
[1] "Completed 20 routes (7%) --- 2025-04-29 10:48:22"
[1] "Completed 30 routes (11%) --- 2025-04-29 10:49:33"
[1] "Completed 40 routes (14%) --- 2025-04-29 10:51:04"
[1] "Completed 50 routes (18%) --- 2025-04-29 10:52:27"
[1] "Completed 60 routes (21%) --- 2025-04-29 10:54:01"
[1] "Completed 70 routes (25%) --- 2025-04-29 10:55:19"
[1] "Completed 80 routes (28%) --- 2025-04-29 10:56:23"
[1] "Completed 90 routes (32%) --- 2025-04-29 10:57:39"
[1] "Completed 100 routes (36%) --- 2025-04-29 10:58:53"
[1] "Completed 110 routes (39%) --- 2025-04-29 11:00:15"
[1] "Completed 120 routes (43%) --- 2025-04-29 11:01:34"
[1] "Completed 130 routes (46%) --- 2025-04-29 11:03:04"
[1] "Completed 140 routes (50%) --- 2025-04-29 11:04:16"
[1] "Completed 150 routes (53%) --- 2025-04-29 11:05:32"
[1] "Completed 160 routes (57%) --- 2025-04-29 11:06:51"
[1] "Completed 170 routes (60%) --- 2025-04-29 11:08:18"
[1] "Completed 180 routes (64%) --- 2025-04-29 11:09:27"
[1] "Completed 190 routes (68%) --- 2025-04-29 11:10:41"
[1] "Completed 200 routes (71%) --- 2025-04-29 11:11:51"
[1] "Completed 210 routes (75%) --- 2025-04-29 11:13:11"
[1] "Completed 220 routes (78%) --- 2025-04-29 11:14:29"
[1] "Completed 230 routes (82%) --- 2025-04-29 11:15:32"
[1] "Completed 240 routes (85%) --- 2025-04-29 11:16:39"
[1] "Completed 250 routes (89%) --- 2025-04-29 11:17:53"
[1] "Completed 260 routes (93%) --- 2025-04-29 11:18:46"
[1] "Completed 270 routes (96%) --- 2025-04-29 11:20:54"
[1] "Completed 280 routes (100%) --- 2025-04-29 11:22:24"
[1] "Processing Completed in 39 minutes"
[1] "SCRIPT COMPLETE @ 2025-04-29 11:22:33"
