[1] "Starting 39 @ 2025-04-29 14:43:50"
[1] "Data Loaded 39 @ 2025-04-29 14:44:15"
[1] "Starting to iterate routes for 499 endpoints @ 2025-04-29 14:44:25"
[1] "Completed 10 routes (2%) --- 2025-04-29 15:25:44"
[1] "Completed 20 routes (4%) --- 2025-04-29 16:03:53"
[1] "Completed 30 routes (6%) --- 2025-04-29 16:41:17"
[1] "Completed 40 routes (8%) --- 2025-04-29 17:20:52"
[1] "Completed 50 routes (10%) --- 2025-04-29 17:58:51"
[1] "Completed 60 routes (12%) --- 2025-04-29 18:34:04"
[1] "Completed 70 routes (14%) --- 2025-04-29 19:16:52"
[1] "Completed 80 routes (16%) --- 2025-04-29 19:56:35"
[1] "Completed 90 routes (18%) --- 2025-04-29 20:36:54"
[1] "Completed 100 routes (20%) --- 2025-04-29 21:20:19"
[1] "Completed 110 routes (22%) --- 2025-04-29 22:00:44"
[1] "Completed 120 routes (24%) --- 2025-04-29 22:46:08"
[1] "Completed 130 routes (26%) --- 2025-04-29 23:17:47"
[1] "Completed 140 routes (28%) --- 2025-04-29 23:55:46"
[1] "Completed 150 routes (30%) --- 2025-04-30 00:28:17"
[1] "Completed 160 routes (32%) --- 2025-04-30 01:04:39"
[1] "Completed 170 routes (34%) --- 2025-04-30 01:46:13"
[1] "Completed 180 routes (36%) --- 2025-04-30 02:24:15"
[1] "Completed 190 routes (38%) --- 2025-04-30 03:04:27"
[1] "Completed 200 routes (40%) --- 2025-04-30 03:47:32"
[1] "Completed 210 routes (42%) --- 2025-04-30 04:21:37"
[1] "Completed 220 routes (44%) --- 2025-04-30 05:05:58"
[1] "Completed 230 routes (46%) --- 2025-04-30 05:44:56"
[1] "Completed 240 routes (48%) --- 2025-04-30 06:26:48"
[1] "Completed 250 routes (50%) --- 2025-04-30 07:12:04"
[1] "Completed 260 routes (52%) --- 2025-04-30 07:56:44"
[1] "Completed 270 routes (54%) --- 2025-04-30 08:30:11"
[1] "Completed 280 routes (56%) --- 2025-04-30 09:18:33"
[1] "Completed 290 routes (58%) --- 2025-04-30 09:52:46"
[1] "Completed 300 routes (60%) --- 2025-04-30 10:31:29"
[1] "Completed 310 routes (62%) --- 2025-04-30 11:05:24"
[1] "Completed 320 routes (64%) --- 2025-04-30 11:39:22"
[1] "Completed 330 routes (66%) --- 2025-04-30 12:18:44"
[1] "Completed 340 routes (68%) --- 2025-04-30 12:59:20"
[1] "Completed 350 routes (70%) --- 2025-04-30 13:46:27"
[1] "Completed 360 routes (72%) --- 2025-04-30 14:26:22"
[1] "Completed 370 routes (74%) --- 2025-04-30 15:07:40"
[1] "Completed 380 routes (76%) --- 2025-04-30 15:43:37"
[1] "Completed 390 routes (78%) --- 2025-04-30 16:13:58"
[1] "Completed 400 routes (80%) --- 2025-04-30 16:48:38"
[1] "Completed 410 routes (82%) --- 2025-04-30 17:28:27"
[1] "Completed 420 routes (84%) --- 2025-04-30 18:06:12"
[1] "Completed 430 routes (86%) --- 2025-04-30 18:42:00"
[1] "Completed 440 routes (88%) --- 2025-04-30 19:17:21"
[1] "Completed 450 routes (90%) --- 2025-04-30 19:54:19"
[1] "Completed 460 routes (92%) --- 2025-04-30 20:29:45"
[1] "Completed 470 routes (94%) --- 2025-04-30 21:07:43"
[1] "Completed 480 routes (96%) --- 2025-04-30 21:44:19"
[1] "Completed 490 routes (98%) --- 2025-04-30 22:23:11"
[1] "Processing Completed in 1930 minutes"
[1] "SCRIPT COMPLETE @ 2025-04-30 22:54:00"
