[1] "Starting 39 @ 2025-04-29 14:43:52"
[1] "Data Loaded 39 @ 2025-04-29 14:44:14"
[1] "Starting to iterate routes for 320 endpoints @ 2025-04-29 14:44:26"
[1] "Completed 10 routes (3%) --- 2025-04-29 15:21:35"
[1] "Completed 20 routes (6%) --- 2025-04-29 16:04:06"
[1] "Completed 30 routes (9%) --- 2025-04-29 16:45:18"
[1] "Completed 40 routes (12%) --- 2025-04-29 17:19:40"
[1] "Completed 50 routes (16%) --- 2025-04-29 17:52:53"
[1] "Completed 60 routes (19%) --- 2025-04-29 18:28:17"
[1] "Completed 70 routes (22%) --- 2025-04-29 19:03:24"
[1] "Completed 80 routes (25%) --- 2025-04-29 19:41:31"
[1] "Completed 90 routes (28%) --- 2025-04-29 20:28:33"
[1] "Completed 100 routes (31%) --- 2025-04-29 21:04:22"
[1] "Completed 110 routes (34%) --- 2025-04-29 21:39:06"
[1] "Completed 120 routes (38%) --- 2025-04-29 22:17:23"
[1] "Completed 130 routes (41%) --- 2025-04-29 22:57:00"
[1] "Completed 140 routes (44%) --- 2025-04-29 23:29:06"
[1] "Completed 150 routes (47%) --- 2025-04-30 00:08:19"
[1] "Completed 160 routes (50%) --- 2025-04-30 00:47:51"
[1] "Completed 170 routes (53%) --- 2025-04-30 01:24:42"
[1] "Completed 180 routes (56%) --- 2025-04-30 02:04:22"
[1] "Completed 190 routes (59%) --- 2025-04-30 02:42:33"
[1] "Completed 200 routes (62%) --- 2025-04-30 03:28:47"
[1] "Completed 210 routes (66%) --- 2025-04-30 04:04:12"
[1] "Completed 220 routes (69%) --- 2025-04-30 04:45:27"
[1] "Completed 230 routes (72%) --- 2025-04-30 05:19:58"
[1] "Completed 240 routes (75%) --- 2025-04-30 06:01:05"
[1] "Completed 250 routes (78%) --- 2025-04-30 06:37:22"
[1] "Completed 260 routes (81%) --- 2025-04-30 07:12:24"
[1] "Completed 270 routes (84%) --- 2025-04-30 07:45:49"
[1] "Completed 280 routes (88%) --- 2025-04-30 08:24:08"
[1] "Completed 290 routes (91%) --- 2025-04-30 08:58:57"
[1] "Completed 300 routes (94%) --- 2025-04-30 09:31:59"
[1] "Completed 310 routes (97%) --- 2025-04-30 10:09:14"
[1] "Completed 320 routes (100%) --- 2025-04-30 10:49:21"
[1] "Processing Completed in 1205 minutes"
[1] "SCRIPT COMPLETE @ 2025-04-30 10:49:21"
