[1] "Starting 40 @ 2025-04-29 10:44:49"
[1] "Data Loaded 40 @ 2025-04-29 10:45:03"
[1] "Starting to iterate routes for 484 endpoints @ 2025-04-29 10:45:10"
[1] "Completed 10 routes (2%) --- 2025-04-29 11:02:09"
[1] "Completed 20 routes (4%) --- 2025-04-29 11:19:53"
[1] "Completed 30 routes (6%) --- 2025-04-29 11:36:48"
[1] "Completed 40 routes (8%) --- 2025-04-29 11:55:07"
[1] "Completed 50 routes (10%) --- 2025-04-29 12:08:49"
[1] "Completed 60 routes (12%) --- 2025-04-29 12:23:35"
[1] "Completed 70 routes (14%) --- 2025-04-29 12:39:23"
[1] "Completed 80 routes (17%) --- 2025-04-29 12:54:00"
[1] "Completed 90 routes (19%) --- 2025-04-29 13:07:57"
[1] "Completed 100 routes (21%) --- 2025-04-29 13:28:23"
[1] "Completed 110 routes (23%) --- 2025-04-29 13:55:14"
[1] "Completed 120 routes (25%) --- 2025-04-29 14:19:11"
[1] "Completed 130 routes (27%) --- 2025-04-29 14:37:41"
[1] "Completed 140 routes (29%) --- 2025-04-29 14:53:09"
[1] "Completed 150 routes (31%) --- 2025-04-29 15:09:22"
[1] "Completed 160 routes (33%) --- 2025-04-29 15:20:56"
[1] "Completed 170 routes (35%) --- 2025-04-29 15:32:54"
[1] "Completed 180 routes (37%) --- 2025-04-29 15:47:26"
[1] "Completed 190 routes (39%) --- 2025-04-29 16:00:26"
[1] "Completed 200 routes (41%) --- 2025-04-29 16:13:16"
[1] "Completed 210 routes (43%) --- 2025-04-29 16:27:08"
[1] "Completed 220 routes (45%) --- 2025-04-29 16:39:27"
[1] "Completed 230 routes (48%) --- 2025-04-29 16:53:23"
[1] "Completed 240 routes (50%) --- 2025-04-29 17:07:38"
[1] "Completed 250 routes (52%) --- 2025-04-29 17:19:39"
[1] "Completed 260 routes (54%) --- 2025-04-29 17:33:48"
[1] "Completed 270 routes (56%) --- 2025-04-29 17:48:54"
[1] "Completed 280 routes (58%) --- 2025-04-29 18:01:27"
[1] "Completed 290 routes (60%) --- 2025-04-29 18:15:45"
[1] "Completed 300 routes (62%) --- 2025-04-29 18:33:30"
[1] "Completed 310 routes (64%) --- 2025-04-29 18:51:26"
[1] "Completed 320 routes (66%) --- 2025-04-29 19:07:39"
[1] "Completed 330 routes (68%) --- 2025-04-29 19:23:02"
[1] "Completed 340 routes (70%) --- 2025-04-29 19:33:58"
[1] "Completed 350 routes (72%) --- 2025-04-29 19:46:52"
[1] "Completed 360 routes (74%) --- 2025-04-29 20:00:59"
[1] "Completed 370 routes (76%) --- 2025-04-29 20:15:05"
[1] "Completed 380 routes (79%) --- 2025-04-29 20:30:46"
[1] "Completed 390 routes (81%) --- 2025-04-29 20:36:44"
[1] "Completed 400 routes (83%) --- 2025-04-29 20:51:11"
[1] "Completed 410 routes (85%) --- 2025-04-29 21:01:48"
[1] "Completed 420 routes (87%) --- 2025-04-29 21:19:30"
[1] "Completed 430 routes (89%) --- 2025-04-29 21:33:16"
[1] "Completed 440 routes (91%) --- 2025-04-29 21:48:13"
[1] "Completed 450 routes (93%) --- 2025-04-29 22:00:54"
[1] "Completed 460 routes (95%) --- 2025-04-29 22:10:33"
[1] "Completed 470 routes (97%) --- 2025-04-29 22:22:58"
[1] "Completed 480 routes (99%) --- 2025-04-29 22:36:12"
[1] "Processing Completed in 716 minutes"
[1] "SCRIPT COMPLETE @ 2025-04-29 22:41:26"
