[1] "Starting 41 @ 2025-04-29 10:57:33"
[1] "Data Loaded 41 @ 2025-04-29 10:57:41"
[1] "Starting to iterate routes for 218 endpoints @ 2025-04-29 10:57:44"
[1] "Completed 10 routes (5%) --- 2025-04-29 11:11:31"
[1] "Completed 20 routes (9%) --- 2025-04-29 11:24:30"
[1] "Completed 30 routes (14%) --- 2025-04-29 11:30:13"
[1] "Completed 40 routes (18%) --- 2025-04-29 11:35:12"
[1] "Completed 50 routes (23%) --- 2025-04-29 11:40:49"
[1] "Completed 60 routes (28%) --- 2025-04-29 11:44:19"
[1] "Completed 70 routes (32%) --- 2025-04-29 11:49:46"
[1] "Completed 80 routes (37%) --- 2025-04-29 11:53:48"
[1] "Completed 90 routes (41%) --- 2025-04-29 11:56:04"
[1] "Completed 100 routes (46%) --- 2025-04-29 11:58:46"
[1] "Completed 110 routes (50%) --- 2025-04-29 12:01:58"
[1] "Completed 120 routes (55%) --- 2025-04-29 12:04:46"
[1] "Completed 130 routes (60%) --- 2025-04-29 12:08:47"
[1] "Completed 140 routes (64%) --- 2025-04-29 12:12:54"
[1] "Completed 150 routes (69%) --- 2025-04-29 12:20:23"
[1] "Completed 160 routes (73%) --- 2025-04-29 12:24:06"
[1] "Completed 170 routes (78%) --- 2025-04-29 12:27:49"
[1] "Completed 180 routes (83%) --- 2025-04-29 12:30:00"
[1] "Completed 190 routes (87%) --- 2025-04-29 12:32:19"
[1] "Completed 200 routes (92%) --- 2025-04-29 12:37:35"
[1] "Completed 210 routes (96%) --- 2025-04-29 12:42:14"
[1] "Processing Completed in 110 minutes"
[1] "SCRIPT COMPLETE @ 2025-04-29 12:47:34"
