[1] "Starting 42 @ 2025-04-29 14:44:02"
[1] "Data Loaded 42 @ 2025-04-29 14:44:26"
[1] "Starting to iterate routes for 499 endpoints @ 2025-04-29 14:44:35"
[1] "Completed 10 routes (2%) --- 2025-04-29 15:42:56"
[1] "Completed 20 routes (4%) --- 2025-04-29 16:42:40"
[1] "Completed 30 routes (6%) --- 2025-04-29 17:37:49"
[1] "Completed 40 routes (8%) --- 2025-04-29 18:19:36"
[1] "Completed 50 routes (10%) --- 2025-04-29 19:07:14"
[1] "Completed 60 routes (12%) --- 2025-04-29 19:50:56"
[1] "Completed 70 routes (14%) --- 2025-04-29 20:29:26"
[1] "Completed 80 routes (16%) --- 2025-04-29 21:03:22"
[1] "Completed 90 routes (18%) --- 2025-04-29 21:34:19"
[1] "Completed 100 routes (20%) --- 2025-04-29 22:19:01"
[1] "Completed 110 routes (22%) --- 2025-04-29 23:09:03"
[1] "Completed 120 routes (24%) --- 2025-04-29 23:56:36"
[1] "Completed 130 routes (26%) --- 2025-04-30 00:30:03"
[1] "Completed 140 routes (28%) --- 2025-04-30 00:57:10"
[1] "Completed 150 routes (30%) --- 2025-04-30 01:37:54"
[1] "Completed 160 routes (32%) --- 2025-04-30 02:09:08"
[1] "Completed 170 routes (34%) --- 2025-04-30 02:45:00"
[1] "Completed 180 routes (36%) --- 2025-04-30 03:22:20"
[1] "Completed 190 routes (38%) --- 2025-04-30 03:56:49"
[1] "Completed 200 routes (40%) --- 2025-04-30 04:52:18"
[1] "Completed 210 routes (42%) --- 2025-04-30 05:54:19"
[1] "Completed 220 routes (44%) --- 2025-04-30 07:00:35"
[1] "Completed 230 routes (46%) --- 2025-04-30 08:08:33"
[1] "Completed 240 routes (48%) --- 2025-04-30 09:03:14"
[1] "Completed 250 routes (50%) --- 2025-04-30 09:50:59"
[1] "Completed 260 routes (52%) --- 2025-04-30 10:35:02"
[1] "Completed 270 routes (54%) --- 2025-04-30 11:20:36"
[1] "Completed 280 routes (56%) --- 2025-04-30 11:59:40"
[1] "Completed 290 routes (58%) --- 2025-04-30 12:41:41"
[1] "Completed 300 routes (60%) --- 2025-04-30 13:25:28"
[1] "Completed 310 routes (62%) --- 2025-04-30 14:11:30"
[1] "Completed 320 routes (64%) --- 2025-04-30 14:46:05"
[1] "Completed 330 routes (66%) --- 2025-04-30 15:13:09"
[1] "Completed 340 routes (68%) --- 2025-04-30 15:44:08"
[1] "Completed 350 routes (70%) --- 2025-04-30 16:14:10"
[1] "Completed 360 routes (72%) --- 2025-04-30 16:35:44"
[1] "Completed 370 routes (74%) --- 2025-04-30 16:59:10"
[1] "Completed 380 routes (76%) --- 2025-04-30 17:28:58"
[1] "Completed 390 routes (78%) --- 2025-04-30 17:56:44"
[1] "Completed 400 routes (80%) --- 2025-04-30 18:35:45"
[1] "Completed 410 routes (82%) --- 2025-04-30 19:13:32"
[1] "Completed 420 routes (84%) --- 2025-04-30 19:46:14"
[1] "Completed 430 routes (86%) --- 2025-04-30 20:17:56"
[1] "Completed 440 routes (88%) --- 2025-04-30 20:50:15"
[1] "Completed 450 routes (90%) --- 2025-04-30 21:22:28"
[1] "Completed 460 routes (92%) --- 2025-04-30 22:03:00"
[1] "Completed 470 routes (94%) --- 2025-04-30 22:33:57"
[1] "Completed 480 routes (96%) --- 2025-04-30 22:58:09"
[1] "Completed 490 routes (98%) --- 2025-04-30 23:27:18"
[1] "Processing Completed in 1988 minutes"
[1] "SCRIPT COMPLETE @ 2025-04-30 23:52:54"
