[1] "Starting 42 @ 2025-04-29 14:43:58"
[1] "Data Loaded 42 @ 2025-04-29 14:44:25"
[1] "Starting to iterate routes for 348 endpoints @ 2025-04-29 14:44:36"
[1] "Completed 10 routes (3%) --- 2025-04-29 15:23:37"
[1] "Completed 20 routes (6%) --- 2025-04-29 16:07:01"
[1] "Completed 30 routes (9%) --- 2025-04-29 16:39:50"
[1] "Completed 40 routes (11%) --- 2025-04-29 17:26:54"
[1] "Completed 50 routes (14%) --- 2025-04-29 18:18:38"
[1] "Completed 60 routes (17%) --- 2025-04-29 18:59:58"
[1] "Completed 70 routes (20%) --- 2025-04-29 19:44:02"
[1] "Completed 80 routes (23%) --- 2025-04-29 20:36:34"
[1] "Completed 90 routes (26%) --- 2025-04-29 21:14:32"
[1] "Completed 100 routes (29%) --- 2025-04-29 22:00:00"
[1] "Completed 110 routes (32%) --- 2025-04-29 22:50:31"
[1] "Completed 120 routes (34%) --- 2025-04-29 23:48:27"
[1] "Completed 130 routes (37%) --- 2025-04-30 00:41:35"
[1] "Completed 140 routes (40%) --- 2025-04-30 01:22:19"
[1] "Completed 150 routes (43%) --- 2025-04-30 01:49:45"
[1] "Completed 160 routes (46%) --- 2025-04-30 02:14:38"
[1] "Completed 170 routes (49%) --- 2025-04-30 02:44:25"
[1] "Completed 180 routes (52%) --- 2025-04-30 03:15:50"
[1] "Completed 190 routes (55%) --- 2025-04-30 03:42:31"
[1] "Completed 200 routes (57%) --- 2025-04-30 04:04:55"
[1] "Completed 210 routes (60%) --- 2025-04-30 04:33:45"
[1] "Completed 220 routes (63%) --- 2025-04-30 05:05:03"
[1] "Completed 230 routes (66%) --- 2025-04-30 05:36:58"
[1] "Completed 240 routes (69%) --- 2025-04-30 06:35:26"
[1] "Completed 250 routes (72%) --- 2025-04-30 07:00:44"
[1] "Completed 260 routes (75%) --- 2025-04-30 07:35:39"
[1] "Completed 270 routes (78%) --- 2025-04-30 08:10:27"
[1] "Completed 280 routes (80%) --- 2025-04-30 08:58:45"
[1] "Completed 290 routes (83%) --- 2025-04-30 09:37:57"
[1] "Completed 300 routes (86%) --- 2025-04-30 10:13:53"
[1] "Completed 310 routes (89%) --- 2025-04-30 10:44:42"
[1] "Completed 320 routes (92%) --- 2025-04-30 11:10:38"
[1] "Completed 330 routes (95%) --- 2025-04-30 11:38:08"
[1] "Completed 340 routes (98%) --- 2025-04-30 12:16:23"
[1] "Processing Completed in 1323 minutes"
[1] "SCRIPT COMPLETE @ 2025-04-30 12:47:35"
