[1] "Starting 45 @ 2025-04-29 11:09:33"
[1] "Data Loaded 45 @ 2025-04-29 11:09:45"
[1] "Starting to iterate routes for 161 endpoints @ 2025-04-29 11:09:47"
[1] "Completed 10 routes (6%) --- 2025-04-29 11:34:08"
[1] "Completed 20 routes (12%) --- 2025-04-29 11:53:28"
[1] "Completed 30 routes (19%) --- 2025-04-29 12:18:56"
[1] "Completed 40 routes (25%) --- 2025-04-29 12:43:19"
[1] "Completed 50 routes (31%) --- 2025-04-29 13:00:07"
[1] "Completed 60 routes (37%) --- 2025-04-29 13:20:05"
[1] "Completed 70 routes (43%) --- 2025-04-29 13:33:47"
[1] "Completed 80 routes (50%) --- 2025-04-29 13:46:07"
[1] "Completed 90 routes (56%) --- 2025-04-29 13:58:55"
[1] "Completed 100 routes (62%) --- 2025-04-29 14:13:05"
[1] "Completed 110 routes (68%) --- 2025-04-29 14:28:08"
[1] "Completed 120 routes (75%) --- 2025-04-29 14:43:53"
[1] "Completed 130 routes (81%) --- 2025-04-29 14:57:30"
[1] "Completed 140 routes (87%) --- 2025-04-29 15:14:07"
[1] "Completed 150 routes (93%) --- 2025-04-29 15:29:22"
[1] "Completed 160 routes (99%) --- 2025-04-29 15:47:00"
[1] "Processing Completed in 279 minutes"
[1] "SCRIPT COMPLETE @ 2025-04-29 15:48:17"
