[1] "Starting 46 @ 2025-04-29 11:16:52"
[1] "Data Loaded 46 @ 2025-04-29 11:16:59"
[1] "Starting to iterate routes for 284 endpoints @ 2025-04-29 11:17:04"
[1] "Completed 10 routes (4%) --- 2025-04-29 11:21:26"
[1] "Completed 20 routes (7%) --- 2025-04-29 11:27:05"
[1] "Completed 30 routes (11%) --- 2025-04-29 11:32:19"
[1] "Completed 40 routes (14%) --- 2025-04-29 11:37:35"
[1] "Completed 50 routes (18%) --- 2025-04-29 11:42:59"
[1] "Completed 60 routes (21%) --- 2025-04-29 11:46:52"
[1] "Completed 70 routes (25%) --- 2025-04-29 11:50:46"
[1] "Completed 80 routes (28%) --- 2025-04-29 11:55:10"
[1] "Completed 90 routes (32%) --- 2025-04-29 11:59:32"
[1] "Completed 100 routes (35%) --- 2025-04-29 12:03:56"
[1] "Completed 110 routes (39%) --- 2025-04-29 12:08:32"
[1] "Completed 120 routes (42%) --- 2025-04-29 12:13:18"
[1] "Completed 130 routes (46%) --- 2025-04-29 12:17:26"
[1] "Completed 140 routes (49%) --- 2025-04-29 12:22:02"
[1] "Completed 150 routes (53%) --- 2025-04-29 12:26:21"
[1] "Completed 160 routes (56%) --- 2025-04-29 12:30:34"
[1] "Completed 170 routes (60%) --- 2025-04-29 12:34:22"
[1] "Completed 180 routes (63%) --- 2025-04-29 12:38:49"
[1] "Completed 190 routes (67%) --- 2025-04-29 12:41:59"
[1] "Completed 200 routes (70%) --- 2025-04-29 12:45:44"
[1] "Completed 210 routes (74%) --- 2025-04-29 12:49:29"
[1] "Completed 220 routes (77%) --- 2025-04-29 12:52:58"
[1] "Completed 230 routes (81%) --- 2025-04-29 12:55:35"
[1] "Completed 240 routes (85%) --- 2025-04-29 12:59:03"
[1] "Completed 250 routes (88%) --- 2025-04-29 13:02:25"
[1] "Completed 260 routes (92%) --- 2025-04-29 13:07:12"
[1] "Completed 270 routes (95%) --- 2025-04-29 13:11:05"
[1] "Completed 280 routes (99%) --- 2025-04-29 13:15:22"
[1] "Processing Completed in 120 minutes"
[1] "SCRIPT COMPLETE @ 2025-04-29 13:17:22"
