[1] "Starting 47 @ 2025-04-29 11:22:36"
[1] "Data Loaded 47 @ 2025-04-29 11:22:54"
[1] "Starting to iterate routes for 253 endpoints @ 2025-04-29 11:22:57"
[1] "Completed 10 routes (4%) --- 2025-04-29 11:53:34"
[1] "Completed 20 routes (8%) --- 2025-04-29 12:19:59"
[1] "Completed 30 routes (12%) --- 2025-04-29 12:42:07"
[1] "Completed 40 routes (16%) --- 2025-04-29 13:06:02"
[1] "Completed 50 routes (20%) --- 2025-04-29 13:30:28"
[1] "Completed 60 routes (24%) --- 2025-04-29 13:59:44"
[1] "Completed 70 routes (28%) --- 2025-04-29 14:24:44"
[1] "Completed 80 routes (32%) --- 2025-04-29 14:49:20"
[1] "Completed 90 routes (36%) --- 2025-04-29 15:26:52"
[1] "Completed 100 routes (40%) --- 2025-04-29 15:52:12"
[1] "Completed 110 routes (43%) --- 2025-04-29 16:18:21"
[1] "Completed 120 routes (47%) --- 2025-04-29 16:46:28"
[1] "Completed 130 routes (51%) --- 2025-04-29 17:12:52"
[1] "Completed 140 routes (55%) --- 2025-04-29 17:34:37"
[1] "Completed 150 routes (59%) --- 2025-04-29 17:58:39"
[1] "Completed 160 routes (63%) --- 2025-04-29 18:22:37"
[1] "Completed 170 routes (67%) --- 2025-04-29 18:47:06"
[1] "Completed 180 routes (71%) --- 2025-04-29 19:17:02"
[1] "Completed 190 routes (75%) --- 2025-04-29 19:40:35"
[1] "Completed 200 routes (79%) --- 2025-04-29 20:02:32"
[1] "Completed 210 routes (83%) --- 2025-04-29 20:23:52"
[1] "Completed 220 routes (87%) --- 2025-04-29 20:44:19"
[1] "Completed 230 routes (91%) --- 2025-04-29 21:03:53"
[1] "Completed 240 routes (95%) --- 2025-04-29 21:28:16"
[1] "Completed 250 routes (99%) --- 2025-04-29 21:53:17"
[1] "Processing Completed in 636 minutes"
[1] "SCRIPT COMPLETE @ 2025-04-29 21:58:52"
