[1] "Starting 48 @ 2025-04-29 14:44:12"
[1] "Data Loaded 48 @ 2025-04-29 14:44:50"
[1] "Starting to iterate routes for 499 endpoints @ 2025-04-29 14:45:09"
[1] "Completed 10 routes (2%) --- 2025-04-29 16:04:33"
[1] "Completed 20 routes (4%) --- 2025-04-29 17:26:30"
[1] "Completed 30 routes (6%) --- 2025-04-29 18:41:18"
[1] "Completed 40 routes (8%) --- 2025-04-29 19:48:59"
[1] "Completed 50 routes (10%) --- 2025-04-29 20:38:15"
[1] "Completed 60 routes (12%) --- 2025-04-29 21:18:49"
[1] "Completed 70 routes (14%) --- 2025-04-29 22:00:20"
[1] "Completed 80 routes (16%) --- 2025-04-29 22:48:50"
[1] "Completed 90 routes (18%) --- 2025-04-29 23:33:22"
[1] "Completed 100 routes (20%) --- 2025-04-30 00:03:30"
[1] "Completed 110 routes (22%) --- 2025-04-30 00:44:16"
[1] "Completed 120 routes (24%) --- 2025-04-30 01:05:15"
[1] "Completed 130 routes (26%) --- 2025-04-30 02:18:14"
[1] "Completed 140 routes (28%) --- 2025-04-30 03:24:05"
[1] "Completed 150 routes (30%) --- 2025-04-30 03:51:09"
[1] "Completed 160 routes (32%) --- 2025-04-30 04:28:08"
[1] "Completed 170 routes (34%) --- 2025-04-30 05:08:45"
[1] "Completed 180 routes (36%) --- 2025-04-30 05:44:22"
[1] "Completed 190 routes (38%) --- 2025-04-30 06:13:20"
[1] "Completed 200 routes (40%) --- 2025-04-30 06:42:59"
[1] "Completed 210 routes (42%) --- 2025-04-30 07:07:37"
[1] "Completed 220 routes (44%) --- 2025-04-30 07:36:51"
[1] "Completed 230 routes (46%) --- 2025-04-30 08:37:13"
[1] "Completed 240 routes (48%) --- 2025-04-30 09:35:16"
[1] "Completed 250 routes (50%) --- 2025-04-30 10:30:19"
[1] "Completed 260 routes (52%) --- 2025-04-30 11:28:03"
[1] "Completed 270 routes (54%) --- 2025-04-30 12:24:31"
[1] "Completed 280 routes (56%) --- 2025-04-30 13:17:16"
[1] "Completed 290 routes (58%) --- 2025-04-30 14:22:01"
[1] "Completed 300 routes (60%) --- 2025-04-30 15:12:06"
[1] "Completed 310 routes (62%) --- 2025-04-30 16:06:13"
[1] "Completed 320 routes (64%) --- 2025-04-30 17:00:21"
[1] "Completed 330 routes (66%) --- 2025-04-30 17:49:17"
[1] "Completed 340 routes (68%) --- 2025-04-30 18:47:17"
[1] "Completed 350 routes (70%) --- 2025-04-30 19:40:09"
[1] "Completed 360 routes (72%) --- 2025-04-30 20:44:24"
[1] "Completed 370 routes (74%) --- 2025-04-30 22:06:35"
[1] "Completed 380 routes (76%) --- 2025-04-30 23:28:01"
[1] "Completed 390 routes (78%) --- 2025-05-01 00:49:58"
[1] "Completed 400 routes (80%) --- 2025-05-01 01:53:27"
[1] "Completed 410 routes (82%) --- 2025-05-01 03:02:54"
[1] "Completed 420 routes (84%) --- 2025-05-01 04:15:58"
[1] "Completed 430 routes (86%) --- 2025-05-01 05:04:31"
[1] "Completed 440 routes (88%) --- 2025-05-01 05:53:01"
[1] "Completed 450 routes (90%) --- 2025-05-01 07:04:40"
[1] "Completed 460 routes (92%) --- 2025-05-01 08:15:06"
[1] "Completed 470 routes (94%) --- 2025-05-01 09:01:52"
[1] "Completed 480 routes (96%) --- 2025-05-01 09:56:13"
[1] "Completed 490 routes (98%) --- 2025-05-01 10:55:52"
[1] "Processing Completed in 2699 minutes"
[1] "SCRIPT COMPLETE @ 2025-05-01 11:43:51"
