[1] "Starting 48 @ 2025-04-29 14:44:12"
[1] "Data Loaded 48 @ 2025-04-29 14:44:48"
[1] "Starting to iterate routes for 500 endpoints @ 2025-04-29 14:45:05"
[1] "Completed 10 routes (2%) --- 2025-04-29 15:39:12"
[1] "Completed 20 routes (4%) --- 2025-04-29 16:44:30"
[1] "Completed 30 routes (6%) --- 2025-04-29 17:48:46"
[1] "Completed 40 routes (8%) --- 2025-04-29 18:48:49"
[1] "Completed 50 routes (10%) --- 2025-04-29 19:48:51"
[1] "Completed 60 routes (12%) --- 2025-04-29 20:50:45"
[1] "Completed 70 routes (14%) --- 2025-04-29 21:51:57"
[1] "Completed 80 routes (16%) --- 2025-04-29 22:37:32"
[1] "Completed 90 routes (18%) --- 2025-04-29 23:31:34"
[1] "Completed 100 routes (20%) --- 2025-04-30 00:25:51"
[1] "Completed 110 routes (22%) --- 2025-04-30 01:24:07"
[1] "Completed 120 routes (24%) --- 2025-04-30 02:24:08"
[1] "Completed 130 routes (26%) --- 2025-04-30 03:27:05"
[1] "Completed 140 routes (28%) --- 2025-04-30 04:42:19"
[1] "Completed 150 routes (30%) --- 2025-04-30 05:35:19"
[1] "Completed 160 routes (32%) --- 2025-04-30 06:33:56"
[1] "Completed 170 routes (34%) --- 2025-04-30 08:31:03"
[1] "Completed 180 routes (36%) --- 2025-04-30 10:28:51"
[1] "Completed 190 routes (38%) --- 2025-04-30 12:24:31"
[1] "Completed 200 routes (40%) --- 2025-04-30 13:56:10"
[1] "Completed 210 routes (42%) --- 2025-04-30 15:17:27"
[1] "Completed 220 routes (44%) --- 2025-04-30 16:37:13"
[1] "Completed 230 routes (46%) --- 2025-04-30 17:57:14"
[1] "Completed 240 routes (48%) --- 2025-04-30 19:41:19"
[1] "Completed 250 routes (50%) --- 2025-04-30 21:23:45"
[1] "Completed 260 routes (52%) --- 2025-04-30 23:19:14"
[1] "Completed 270 routes (54%) --- 2025-05-01 01:07:06"
[1] "Completed 280 routes (56%) --- 2025-05-01 02:45:13"
[1] "Completed 290 routes (58%) --- 2025-05-01 03:51:28"
[1] "Completed 300 routes (60%) --- 2025-05-01 04:35:54"
[1] "Completed 310 routes (62%) --- 2025-05-01 05:43:12"
[1] "Completed 320 routes (64%) --- 2025-05-01 07:29:01"
[1] "Completed 330 routes (66%) --- 2025-05-01 09:13:32"
[1] "Completed 340 routes (68%) --- 2025-05-01 10:53:09"
[1] "Completed 350 routes (70%) --- 2025-05-01 12:31:10"
[1] "Completed 360 routes (72%) --- 2025-05-01 14:14:59"
[1] "Completed 370 routes (74%) --- 2025-05-01 15:59:23"
[1] "Completed 380 routes (76%) --- 2025-05-01 17:43:03"
[1] "Completed 390 routes (78%) --- 2025-05-01 19:17:51"
[1] "Completed 400 routes (80%) --- 2025-05-01 20:41:20"
[1] "Completed 410 routes (82%) --- 2025-05-01 22:05:51"
[1] "Completed 420 routes (84%) --- 2025-05-01 23:34:01"
[1] "Completed 430 routes (86%) --- 2025-05-02 00:59:41"
[1] "Completed 440 routes (88%) --- 2025-05-02 01:49:45"
[1] "Completed 450 routes (90%) --- 2025-05-02 02:37:19"
[1] "Completed 460 routes (92%) --- 2025-05-02 03:37:56"
[1] "Completed 470 routes (94%) --- 2025-05-02 04:18:32"
[1] "Completed 480 routes (96%) --- 2025-05-02 05:05:25"
[1] "Completed 490 routes (98%) --- 2025-05-02 06:02:36"
[1] "Completed 500 routes (100%) --- 2025-05-02 06:44:52"
[1] "Processing Completed in 3840 minutes"
[1] "SCRIPT COMPLETE @ 2025-05-02 06:44:52"
