[1] "Starting 48 @ 2025-04-29 14:44:17"
[1] "Data Loaded 48 @ 2025-04-29 14:44:50"
[1] "Starting to iterate routes for 405 endpoints @ 2025-04-29 14:45:09"
[1] "Completed 10 routes (2%) --- 2025-04-29 15:42:34"
[1] "Completed 20 routes (5%) --- 2025-04-29 16:36:59"
[1] "Completed 30 routes (7%) --- 2025-04-29 17:55:02"
[1] "Completed 40 routes (10%) --- 2025-04-29 18:51:27"
[1] "Completed 50 routes (12%) --- 2025-04-29 19:44:11"
[1] "Completed 60 routes (15%) --- 2025-04-29 20:28:56"
[1] "Completed 70 routes (17%) --- 2025-04-29 21:24:40"
[1] "Completed 80 routes (20%) --- 2025-04-29 22:16:34"
[1] "Completed 90 routes (22%) --- 2025-04-29 23:13:38"
[1] "Completed 100 routes (25%) --- 2025-04-30 00:07:45"
[1] "Completed 110 routes (27%) --- 2025-04-30 01:32:48"
[1] "Completed 120 routes (30%) --- 2025-04-30 02:44:09"
[1] "Completed 130 routes (32%) --- 2025-04-30 03:58:56"
[1] "Completed 140 routes (35%) --- 2025-04-30 05:01:40"
[1] "Completed 150 routes (37%) --- 2025-04-30 06:06:03"
[1] "Completed 160 routes (40%) --- 2025-04-30 07:05:43"
[1] "Completed 170 routes (42%) --- 2025-04-30 08:17:03"
[1] "Completed 180 routes (44%) --- 2025-04-30 09:45:52"
[1] "Completed 190 routes (47%) --- 2025-04-30 11:25:49"
[1] "Completed 200 routes (49%) --- 2025-04-30 12:19:44"
[1] "Completed 210 routes (52%) --- 2025-04-30 13:41:39"
[1] "Completed 220 routes (54%) --- 2025-04-30 14:51:30"
[1] "Completed 230 routes (57%) --- 2025-04-30 16:21:40"
[1] "Completed 240 routes (59%) --- 2025-04-30 17:19:31"
[1] "Completed 250 routes (62%) --- 2025-04-30 18:01:43"
[1] "Completed 260 routes (64%) --- 2025-04-30 18:45:55"
[1] "Completed 270 routes (67%) --- 2025-04-30 20:16:46"
[1] "Completed 280 routes (69%) --- 2025-04-30 22:16:45"
[1] "Completed 290 routes (72%) --- 2025-05-01 00:06:40"
[1] "Completed 300 routes (74%) --- 2025-05-01 01:52:21"
[1] "Completed 310 routes (77%) --- 2025-05-01 02:40:02"
[1] "Completed 320 routes (79%) --- 2025-05-01 03:37:07"
[1] "Completed 330 routes (81%) --- 2025-05-01 04:41:50"
[1] "Completed 340 routes (84%) --- 2025-05-01 05:41:08"
[1] "Completed 350 routes (86%) --- 2025-05-01 06:42:57"
[1] "Completed 360 routes (89%) --- 2025-05-01 07:49:07"
[1] "Completed 370 routes (91%) --- 2025-05-01 08:44:36"
[1] "Completed 380 routes (94%) --- 2025-05-01 09:51:10"
[1] "Completed 390 routes (96%) --- 2025-05-01 11:05:41"
[1] "Completed 400 routes (99%) --- 2025-05-01 12:04:48"
[1] "Processing Completed in 2753 minutes"
[1] "SCRIPT COMPLETE @ 2025-05-01 12:38:18"
