[1] "Starting 51 @ 2025-04-29 11:44:36"
[1] "Data Loaded 51 @ 2025-04-29 11:44:54"
[1] "Starting to iterate routes for 226 endpoints @ 2025-04-29 11:44:57"
[1] "Completed 10 routes (4%) --- 2025-04-29 12:04:29"
[1] "Completed 20 routes (9%) --- 2025-04-29 12:23:57"
[1] "Completed 30 routes (13%) --- 2025-04-29 12:43:45"
[1] "Completed 40 routes (18%) --- 2025-04-29 13:00:30"
[1] "Completed 50 routes (22%) --- 2025-04-29 13:22:46"
[1] "Completed 60 routes (27%) --- 2025-04-29 13:41:50"
[1] "Completed 70 routes (31%) --- 2025-04-29 14:10:31"
[1] "Completed 80 routes (35%) --- 2025-04-29 14:36:23"
[1] "Completed 90 routes (40%) --- 2025-04-29 14:58:16"
[1] "Completed 100 routes (44%) --- 2025-04-29 15:18:43"
[1] "Completed 110 routes (49%) --- 2025-04-29 15:36:55"
[1] "Completed 120 routes (53%) --- 2025-04-29 16:01:24"
[1] "Completed 130 routes (58%) --- 2025-04-29 16:19:14"
[1] "Completed 140 routes (62%) --- 2025-04-29 16:42:12"
[1] "Completed 150 routes (66%) --- 2025-04-29 17:05:26"
[1] "Completed 160 routes (71%) --- 2025-04-29 17:27:54"
[1] "Completed 170 routes (75%) --- 2025-04-29 17:44:55"
[1] "Completed 180 routes (80%) --- 2025-04-29 18:02:00"
[1] "Completed 190 routes (84%) --- 2025-04-29 18:21:50"
[1] "Completed 200 routes (88%) --- 2025-04-29 18:39:19"
[1] "Completed 210 routes (93%) --- 2025-04-29 19:02:35"
[1] "Completed 220 routes (97%) --- 2025-04-29 19:22:47"
[1] "Processing Completed in 466 minutes"
[1] "SCRIPT COMPLETE @ 2025-04-29 19:31:00"
