[1] "Starting 53 @ 2025-04-29 11:44:42"
[1] "Data Loaded 53 @ 2025-04-29 11:44:52"
[1] "Starting to iterate routes for 263 endpoints @ 2025-04-29 11:44:55"
[1] "Completed 10 routes (4%) --- 2025-04-29 11:56:31"
[1] "Completed 20 routes (8%) --- 2025-04-29 12:05:13"
[1] "Completed 30 routes (11%) --- 2025-04-29 12:14:50"
[1] "Completed 40 routes (15%) --- 2025-04-29 12:24:42"
[1] "Completed 50 routes (19%) --- 2025-04-29 12:30:56"
[1] "Completed 60 routes (23%) --- 2025-04-29 12:45:57"
[1] "Completed 70 routes (27%) --- 2025-04-29 12:57:09"
[1] "Completed 80 routes (30%) --- 2025-04-29 13:09:21"
[1] "Completed 90 routes (34%) --- 2025-04-29 13:18:12"
[1] "Completed 100 routes (38%) --- 2025-04-29 13:32:04"
[1] "Completed 110 routes (42%) --- 2025-04-29 13:40:56"
[1] "Completed 120 routes (46%) --- 2025-04-29 13:49:45"
[1] "Completed 130 routes (49%) --- 2025-04-29 13:56:53"
[1] "Completed 140 routes (53%) --- 2025-04-29 14:01:56"
[1] "Completed 150 routes (57%) --- 2025-04-29 14:08:25"
[1] "Completed 160 routes (61%) --- 2025-04-29 14:14:37"
[1] "Completed 170 routes (65%) --- 2025-04-29 14:20:30"
[1] "Completed 180 routes (68%) --- 2025-04-29 14:28:13"
[1] "Completed 190 routes (72%) --- 2025-04-29 14:35:40"
[1] "Completed 200 routes (76%) --- 2025-04-29 14:45:29"
[1] "Completed 210 routes (80%) --- 2025-04-29 14:55:10"
[1] "Completed 220 routes (84%) --- 2025-04-29 15:06:05"
[1] "Completed 230 routes (87%) --- 2025-04-29 15:13:45"
[1] "Completed 240 routes (91%) --- 2025-04-29 15:19:05"
[1] "Completed 250 routes (95%) --- 2025-04-29 15:26:29"
[1] "Completed 260 routes (99%) --- 2025-04-29 15:35:16"
[1] "Processing Completed in 232 minutes"
[1] "SCRIPT COMPLETE @ 2025-04-29 15:36:46"
