[1] "Starting 54 @ 2025-04-29 11:54:48"
[1] "Data Loaded 54 @ 2025-04-29 11:54:58"
[1] "Starting to iterate routes for 297 endpoints @ 2025-04-29 11:55:02"
[1] "Completed 10 routes (3%) --- 2025-04-29 12:05:13"
[1] "Completed 20 routes (7%) --- 2025-04-29 12:14:17"
[1] "Completed 30 routes (10%) --- 2025-04-29 12:24:32"
[1] "Completed 40 routes (13%) --- 2025-04-29 12:31:39"
[1] "Completed 50 routes (17%) --- 2025-04-29 12:37:50"
[1] "Completed 60 routes (20%) --- 2025-04-29 12:42:15"
[1] "Completed 70 routes (24%) --- 2025-04-29 12:50:21"
[1] "Completed 80 routes (27%) --- 2025-04-29 12:57:07"
[1] "Completed 90 routes (30%) --- 2025-04-29 13:03:56"
[1] "Completed 100 routes (34%) --- 2025-04-29 13:10:29"
[1] "Completed 110 routes (37%) --- 2025-04-29 13:16:27"
[1] "Completed 120 routes (40%) --- 2025-04-29 13:21:41"
[1] "Completed 130 routes (44%) --- 2025-04-29 13:26:00"
[1] "Completed 140 routes (47%) --- 2025-04-29 13:30:25"
[1] "Completed 150 routes (51%) --- 2025-04-29 13:34:30"
[1] "Completed 160 routes (54%) --- 2025-04-29 13:41:25"
[1] "Completed 170 routes (57%) --- 2025-04-29 13:47:03"
[1] "Completed 180 routes (61%) --- 2025-04-29 13:51:42"
[1] "Completed 190 routes (64%) --- 2025-04-29 13:56:44"
[1] "Completed 200 routes (67%) --- 2025-04-29 14:01:31"
[1] "Completed 210 routes (71%) --- 2025-04-29 14:06:38"
[1] "Completed 220 routes (74%) --- 2025-04-29 14:11:51"
[1] "Completed 230 routes (77%) --- 2025-04-29 14:17:22"
[1] "Completed 240 routes (81%) --- 2025-04-29 14:22:21"
[1] "Completed 250 routes (84%) --- 2025-04-29 14:27:30"
[1] "Completed 260 routes (88%) --- 2025-04-29 14:34:02"
[1] "Completed 270 routes (91%) --- 2025-04-29 14:39:33"
[1] "Completed 280 routes (94%) --- 2025-04-29 14:44:42"
[1] "Completed 290 routes (98%) --- 2025-04-29 14:50:51"
[1] "Processing Completed in 180 minutes"
[1] "SCRIPT COMPLETE @ 2025-04-29 14:54:33"
