
Due to MODULEPATH changes, the following have been reloaded:
  1) netcdf/4.9.2     2) udunits/2.2.28

The following have been reloaded with a version change:
  1) R/4.3.0 => R/4.4.2             4) hdf5/1.10.8 => hdf5/1.14.5
  2) gdal/3.6.4 => gdal/3.7.3       5) intel/21.4 => intel/24.2
  3) geos/3.11.2 => geos/3.12.0     6) proj/9.2.0 => proj/9.3.0


Attaching package: ‘dplyr’

The following objects are masked from ‘package:stats’:

    filter, lag

The following objects are masked from ‘package:base’:

    intersect, setdiff, setequal, union


Attaching package: ‘igraph’

The following object is masked from ‘package:tidyr’:

    crossing

The following objects are masked from ‘package:dplyr’:

    as_data_frame, groups, union

The following objects are masked from ‘package:stats’:

    decompose, spectrum

The following object is masked from ‘package:base’:

    union

Rows: 549332 Columns: 3
── Column specification ────────────────────────────────────────────────────────
Delimiter: ","
chr (1): h3_index
dbl (2): Max_Hwy, Min_Hwy

ℹ Use `spec()` to retrieve the full column specification for this data.
ℹ Specify the column types or set `show_col_types = FALSE` to quiet this message.
Rows: 5019589 Columns: 6
── Column specification ────────────────────────────────────────────────────────
Delimiter: ","
chr (1): h3_index
dbl (5): height, confidence, Area_m, X, Y

ℹ Use `spec()` to retrieve the full column specification for this data.
ℹ Specify the column types or set `show_col_types = FALSE` to quiet this message.
Rows: 631937 Columns: 8
── Column specification ────────────────────────────────────────────────────────
Delimiter: ","
chr (2): GISJOIN, h3_index
dbl (6): Population, THU, Urban_Pop, Block_Buildings, O_Buildings, weight

ℹ Use `spec()` to retrieve the full column specification for this data.
ℹ Specify the column types or set `show_col_types = FALSE` to quiet this message.
Joining with `by = join_by(h3_index)`
Joining with `by = join_by(h3_index)`
Joining with `by = join_by(node)`
Joining with `by = join_by(h3_index)`
Joining with `by = join_by(node)`
Joining with `by = join_by(h3_index)`
Joining with `by = join_by(node)`
Joining with `by = join_by(h3_index)`
Joining with `by = join_by(node)`
Joining with `by = join_by(h3_index)`
Joining with `by = join_by(node)`
Joining with `by = join_by(h3_index)`
Joining with `by = join_by(node)`
Joining with `by = join_by(h3_index)`
Joining with `by = join_by(node)`
Joining with `by = join_by(h3_index)`
Joining with `by = join_by(node)`
Joining with `by = join_by(h3_index)`
Joining with `by = join_by(node)`
Joining with `by = join_by(h3_index)`
Joining with `by = join_by(node)`
Joining with `by = join_by(h3_index)`
Joining with `by = join_by(node)`
Joining with `by = join_by(h3_index)`
Joining with `by = join_by(node)`
Joining with `by = join_by(h3_index)`
Joining with `by = join_by(node)`
Joining with `by = join_by(h3_index)`
Joining with `by = join_by(node)`
Joining with `by = join_by(h3_index)`
Joining with `by = join_by(node)`
Joining with `by = join_by(h3_index)`
Joining with `by = join_by(node)`
Joining with `by = join_by(h3_index)`
Joining with `by = join_by(node)`
Joining with `by = join_by(h3_index)`
Joining with `by = join_by(node)`
Joining with `by = join_by(h3_index)`
Joining with `by = join_by(node)`
Joining with `by = join_by(h3_index)`
Joining with `by = join_by(node)`
Joining with `by = join_by(h3_index)`
Joining with `by = join_by(node)`
Joining with `by = join_by(h3_index)`
Joining with `by = join_by(node)`
Joining with `by = join_by(h3_index)`
Joining with `by = join_by(node)`
Joining with `by = join_by(h3_index)`
Joining with `by = join_by(node)`
Joining with `by = join_by(h3_index)`
Joining with `by = join_by(node)`
Joining with `by = join_by(h3_index)`
Joining with `by = join_by(node)`
Joining with `by = join_by(h3_index)`
Joining with `by = join_by(node)`
Joining with `by = join_by(h3_index)`
Joining with `by = join_by(node)`
Joining with `by = join_by(h3_index)`
Joining with `by = join_by(node)`
Joining with `by = join_by(h3_index)`
Joining with `by = join_by(node)`
Joining with `by = join_by(h3_index)`
Joining with `by = join_by(node)`
Joining with `by = join_by(h3_index)`
Joining with `by = join_by(node)`
Joining with `by = join_by(h3_index)`
Joining with `by = join_by(node)`
Joining with `by = join_by(h3_index)`
Joining with `by = join_by(node)`
Joining with `by = join_by(h3_index)`
Joining with `by = join_by(node)`
Joining with `by = join_by(h3_index)`
Joining with `by = join_by(node)`
Joining with `by = join_by(h3_index)`
Joining with `by = join_by(node)`
Joining with `by = join_by(h3_index)`
Joining with `by = join_by(node)`
Joining with `by = join_by(h3_index)`
Joining with `by = join_by(node)`
Joining with `by = join_by(h3_index)`
Joining with `by = join_by(node)`
Joining with `by = join_by(h3_index)`
Joining with `by = join_by(node)`
Joining with `by = join_by(h3_index)`
Joining with `by = join_by(node)`
Joining with `by = join_by(h3_index)`
Joining with `by = join_by(node)`
Joining with `by = join_by(h3_index)`
Joining with `by = join_by(node)`
Joining with `by = join_by(h3_index)`
Joining with `by = join_by(node)`
Joining with `by = join_by(h3_index)`
Joining with `by = join_by(node)`
Joining with `by = join_by(h3_index)`
Joining with `by = join_by(node)`
Joining with `by = join_by(h3_index)`
Joining with `by = join_by(node)`
Joining with `by = join_by(h3_index)`
Joining with `by = join_by(node)`
Joining with `by = join_by(h3_index)`
Joining with `by = join_by(node)`
Joining with `by = join_by(h3_index)`
Joining with `by = join_by(node)`
Joining with `by = join_by(h3_index)`
Joining with `by = join_by(node)`
Joining with `by = join_by(h3_index)`
Joining with `by = join_by(node)`
Joining with `by = join_by(h3_index)`
Joining with `by = join_by(node)`
Joining with `by = join_by(h3_index)`
Joining with `by = join_by(node)`
Joining with `by = join_by(h3_index)`
Joining with `by = join_by(node)`
Joining with `by = join_by(h3_index)`
Joining with `by = join_by(node)`
Joining with `by = join_by(h3_index)`
Joining with `by = join_by(node)`
Joining with `by = join_by(h3_index)`
Joining with `by = join_by(node)`
Joining with `by = join_by(h3_index)`
Joining with `by = join_by(node)`
Joining with `by = join_by(h3_index)`
Joining with `by = join_by(node)`
Joining with `by = join_by(h3_index)`
Joining with `by = join_by(node)`
Joining with `by = join_by(h3_index)`
Joining with `by = join_by(node)`
Joining with `by = join_by(h3_index)`
Joining with `by = join_by(node)`
Joining with `by = join_by(h3_index)`
Joining with `by = join_by(node)`
Joining with `by = join_by(h3_index)`
Joining with `by = join_by(node)`
Joining with `by = join_by(h3_index)`
Joining with `by = join_by(node)`
Joining with `by = join_by(h3_index)`
Joining with `by = join_by(node)`
Joining with `by = join_by(h3_index)`
Joining with `by = join_by(node)`
Joining with `by = join_by(h3_index)`
Joining with `by = join_by(node)`
Joining with `by = join_by(h3_index)`
Joining with `by = join_by(node)`
Joining with `by = join_by(h3_index)`
Joining with `by = join_by(node)`
Joining with `by = join_by(h3_index)`
Joining with `by = join_by(node)`
Joining with `by = join_by(h3_index)`
Joining with `by = join_by(node)`
Joining with `by = join_by(h3_index)`
Joining with `by = join_by(node)`
Joining with `by = join_by(h3_index)`
Joining with `by = join_by(node)`
Joining with `by = join_by(h3_index)`
Joining with `by = join_by(node)`
Joining with `by = join_by(h3_index)`
Joining with `by = join_by(node)`
Joining with `by = join_by(h3_index)`
Joining with `by = join_by(node)`
Joining with `by = join_by(h3_index)`
Joining with `by = join_by(node)`
Joining with `by = join_by(h3_index)`
Joining with `by = join_by(node)`
Joining with `by = join_by(h3_index)`
Joining with `by = join_by(node)`
Joining with `by = join_by(h3_index)`
Joining with `by = join_by(node)`
Joining with `by = join_by(h3_index)`
Joining with `by = join_by(node)`
Joining with `by = join_by(h3_index)`
Joining with `by = join_by(node)`
Joining with `by = join_by(h3_index)`
Joining with `by = join_by(node)`
Joining with `by = join_by(h3_index)`
Joining with `by = join_by(node)`
Joining with `by = join_by(h3_index)`
Joining with `by = join_by(node)`
Joining with `by = join_by(h3_index)`
Joining with `by = join_by(node)`
Joining with `by = join_by(h3_index)`
Joining with `by = join_by(node)`
Joining with `by = join_by(h3_index)`
Joining with `by = join_by(node)`
Joining with `by = join_by(h3_index)`
Joining with `by = join_by(node)`
Joining with `by = join_by(h3_index)`
Joining with `by = join_by(node)`
Joining with `by = join_by(h3_index)`
Joining with `by = join_by(node)`
Joining with `by = join_by(h3_index)`
Joining with `by = join_by(node)`
Joining with `by = join_by(h3_index)`
Joining with `by = join_by(node)`
Joining with `by = join_by(h3_index)`
Joining with `by = join_by(node)`
There were 50 or more warnings (use warnings() to see the first 50)
