[1] "Script Start @ 2025-06-12 20:20:00"
[1] "0 previously delineated systems for state: 01"
integer(0)
[1] "Assigning hexagons to 310 systems @ 2025-06-12 20:20:37"
[1] "6.5% Complete @ 2025-06-12 20:21:10"
[1] "12.9% Complete @ 2025-06-12 20:21:22"
[1] "19.4% Complete @ 2025-06-12 20:21:34"
[1] "25.8% Complete @ 2025-06-12 20:21:46"
[1] "32.3% Complete @ 2025-06-12 20:21:57"
[1] "38.7% Complete @ 2025-06-12 20:22:09"
[1] "45.2% Complete @ 2025-06-12 20:22:20"
[1] "51.6% Complete @ 2025-06-12 20:22:31"
[1] "58.1% Complete @ 2025-06-12 20:22:42"
[1] "64.5% Complete @ 2025-06-12 20:22:54"
[1] "71% Complete @ 2025-06-12 20:23:06"
[1] "77.4% Complete @ 2025-06-12 20:23:17"
[1] "83.9% Complete @ 2025-06-12 20:23:30"
[1] "90.3% Complete @ 2025-06-12 20:23:42"
[1] "96.8% Complete @ 2025-06-12 20:23:56"
[1] "Failed to find boundaries for 0 Systems"
[1] "Saving outputs @ 2025-06-12 20:24:05"
Deleting layer `sewersheds' using driver `GPKG'
Writing layer `sewersheds' to data source 
  `/work/GRDVULN/sewershed/Model/Create_Boundaries/outputs/Distance/Boundaries/FP_01.gpkg' using driver `GPKG'
Writing 310 features with 6 fields and geometry type Unknown (any).
Deleting layer `sewersheds' using driver `GPKG'
Writing layer `sewersheds' to data source 
  `/work/GRDVULN/sewershed/Model/Create_Boundaries/outputs/Distance/Boundaries_Clip/FP_01.gpkg' using driver `GPKG'
Writing 310 features with 6 fields and geometry type Unknown (any).
[1] "Script Complete @ 2025-06-12 20:24:06"
