[1] "Script Start @ 2025-06-12 20:20:02"
[1] "6 previously delineated systems for state: 04"
integer(0)
[1] "Assigning hexagons to 112 systems @ 2025-06-12 20:20:22"
[1] "17.9% Complete @ 2025-06-12 20:20:30"
[1] "35.7% Complete @ 2025-06-12 20:20:34"
[1] "53.6% Complete @ 2025-06-12 20:20:40"
[1] "71.4% Complete @ 2025-06-12 20:21:07"
[1] "89.3% Complete @ 2025-06-12 20:21:14"
[1] "Failed to find boundaries for 0 Systems"
[1] "Saving outputs @ 2025-06-12 20:21:22"
Deleting layer `sewersheds' using driver `GPKG'
Writing layer `sewersheds' to data source 
  `/work/GRDVULN/sewershed/Model/Create_Boundaries/outputs/Distance/Boundaries/FP_04.gpkg' using driver `GPKG'
Writing 112 features with 6 fields and geometry type Unknown (any).
Deleting layer `sewersheds' using driver `GPKG'
Writing layer `sewersheds' to data source 
  `/work/GRDVULN/sewershed/Model/Create_Boundaries/outputs/Distance/Boundaries_Clip/FP_04.gpkg' using driver `GPKG'
Writing 112 features with 6 fields and geometry type Unknown (any).
[1] "Script Complete @ 2025-06-12 20:21:23"
