[1] "Script Start @ 2025-06-12 20:20:08"
[1] "26 previously delineated systems for state: 06"
integer(0)
[1] "Assigning hexagons to 474 systems @ 2025-06-12 20:21:09"
[1] "4.2% Complete @ 2025-06-12 20:21:24"
[1] "8.4% Complete @ 2025-06-12 20:21:38"
[1] "12.7% Complete @ 2025-06-12 20:21:52"
[1] "16.9% Complete @ 2025-06-12 20:22:05"
[1] "21.1% Complete @ 2025-06-12 20:22:19"
[1] "25.3% Complete @ 2025-06-12 20:22:33"
[1] "29.5% Complete @ 2025-06-12 20:22:46"
[1] "33.8% Complete @ 2025-06-12 20:23:00"
[1] "38% Complete @ 2025-06-12 20:23:13"
[1] "42.2% Complete @ 2025-06-12 20:23:26"
[1] "46.4% Complete @ 2025-06-12 20:23:39"
[1] "50.6% Complete @ 2025-06-12 20:23:52"
[1] "54.9% Complete @ 2025-06-12 20:24:05"
[1] "59.1% Complete @ 2025-06-12 20:24:18"
[1] "63.3% Complete @ 2025-06-12 20:24:30"
[1] "67.5% Complete @ 2025-06-12 20:24:42"
[1] "71.7% Complete @ 2025-06-12 20:24:54"
[1] "75.9% Complete @ 2025-06-12 20:25:07"
[1] "80.2% Complete @ 2025-06-12 20:25:20"
[1] "84.4% Complete @ 2025-06-12 20:25:33"
[1] "88.6% Complete @ 2025-06-12 20:25:48"
[1] "92.8% Complete @ 2025-06-12 20:26:04"
[1] "97% Complete @ 2025-06-12 20:26:23"
[1] "Failed to find boundaries for 0 Systems"
[1] "Saving outputs @ 2025-06-12 20:26:37"
Deleting layer `sewersheds' using driver `GPKG'
Writing layer `sewersheds' to data source 
  `/work/GRDVULN/sewershed/Model/Create_Boundaries/outputs/Distance/Boundaries/FP_06.gpkg' using driver `GPKG'
Writing 474 features with 6 fields and geometry type Unknown (any).
Deleting layer `sewersheds' using driver `GPKG'
Writing layer `sewersheds' to data source 
  `/work/GRDVULN/sewershed/Model/Create_Boundaries/outputs/Distance/Boundaries_Clip/FP_06.gpkg' using driver `GPKG'
Writing 474 features with 6 fields and geometry type Unknown (any).
[1] "Script Complete @ 2025-06-12 20:26:38"
