[1] "Script Start @ 2025-06-12 20:20:09"
[1] "72 previously delineated systems for state: 08"
integer(0)
[1] "Assigning hexagons to 325 systems @ 2025-06-12 20:20:45"
[1] "6.2% Complete @ 2025-06-12 20:21:10"
[1] "12.3% Complete @ 2025-06-12 20:21:18"
[1] "18.5% Complete @ 2025-06-12 20:21:25"
[1] "24.6% Complete @ 2025-06-12 20:21:33"
[1] "30.8% Complete @ 2025-06-12 20:21:40"
[1] "36.9% Complete @ 2025-06-12 20:21:48"
[1] "43.1% Complete @ 2025-06-12 20:21:55"
[1] "49.2% Complete @ 2025-06-12 20:22:02"
[1] "55.4% Complete @ 2025-06-12 20:22:09"
[1] "61.5% Complete @ 2025-06-12 20:22:17"
[1] "67.7% Complete @ 2025-06-12 20:22:24"
[1] "73.8% Complete @ 2025-06-12 20:22:32"
[1] "80% Complete @ 2025-06-12 20:22:40"
[1] "86.2% Complete @ 2025-06-12 20:22:48"
[1] "92.3% Complete @ 2025-06-12 20:22:57"
[1] "98.5% Complete @ 2025-06-12 20:23:07"
[1] "Failed to find boundaries for 0 Systems"
[1] "Saving outputs @ 2025-06-12 20:23:13"
Deleting layer `sewersheds' using driver `GPKG'
Writing layer `sewersheds' to data source 
  `/work/GRDVULN/sewershed/Model/Create_Boundaries/outputs/Distance/Boundaries/FP_08.gpkg' using driver `GPKG'
Writing 325 features with 6 fields and geometry type Unknown (any).
Deleting layer `sewersheds' using driver `GPKG'
Writing layer `sewersheds' to data source 
  `/work/GRDVULN/sewershed/Model/Create_Boundaries/outputs/Distance/Boundaries_Clip/FP_08.gpkg' using driver `GPKG'
Writing 325 features with 6 fields and geometry type Unknown (any).
[1] "Script Complete @ 2025-06-12 20:23:14"
