[1] "Script Start @ 2025-06-12 20:20:21"
[1] "37 previously delineated systems for state: 17"
integer(0)
[1] "Assigning hexagons to 732 systems @ 2025-06-12 20:21:26"
[1] "2.7% Complete @ 2025-06-12 20:21:50"
[1] "5.5% Complete @ 2025-06-12 20:22:13"
[1] "8.2% Complete @ 2025-06-12 20:22:35"
[1] "10.9% Complete @ 2025-06-12 20:22:57"
[1] "13.7% Complete @ 2025-06-12 20:23:17"
[1] "16.4% Complete @ 2025-06-12 20:23:36"
[1] "19.1% Complete @ 2025-06-12 20:23:56"
[1] "21.9% Complete @ 2025-06-12 20:24:16"
[1] "24.6% Complete @ 2025-06-12 20:24:35"
[1] "27.3% Complete @ 2025-06-12 20:24:54"
[1] "30.1% Complete @ 2025-06-12 20:25:14"
[1] "32.8% Complete @ 2025-06-12 20:25:32"
[1] "35.5% Complete @ 2025-06-12 20:25:51"
[1] "38.3% Complete @ 2025-06-12 20:26:10"
[1] "41% Complete @ 2025-06-12 20:26:28"
[1] "43.7% Complete @ 2025-06-12 20:26:46"
[1] "46.4% Complete @ 2025-06-12 20:27:03"
[1] "49.2% Complete @ 2025-06-12 20:27:21"
[1] "51.9% Complete @ 2025-06-12 20:27:39"
[1] "54.6% Complete @ 2025-06-12 20:28:03"
[1] "57.4% Complete @ 2025-06-12 20:28:23"
[1] "60.1% Complete @ 2025-06-12 20:28:45"
[1] "62.8% Complete @ 2025-06-12 20:29:08"
[1] "65.6% Complete @ 2025-06-12 20:29:32"
[1] "68.3% Complete @ 2025-06-12 20:29:54"
[1] "71% Complete @ 2025-06-12 20:30:16"
[1] "73.8% Complete @ 2025-06-12 20:30:37"
[1] "76.5% Complete @ 2025-06-12 20:30:58"
[1] "79.2% Complete @ 2025-06-12 20:31:18"
[1] "82% Complete @ 2025-06-12 20:31:37"
[1] "84.7% Complete @ 2025-06-12 20:31:55"
[1] "87.4% Complete @ 2025-06-12 20:32:14"
[1] "90.2% Complete @ 2025-06-12 20:32:32"
[1] "92.9% Complete @ 2025-06-12 20:32:50"
[1] "95.6% Complete @ 2025-06-12 20:33:08"
[1] "98.4% Complete @ 2025-06-12 20:33:28"
[1] "Failed to find boundaries for 5 Systems"
[1] "Saving outputs @ 2025-06-12 20:33:43"
Deleting layer `sewersheds' using driver `GPKG'
Writing layer `sewersheds' to data source 
  `/work/GRDVULN/sewershed/Model/Create_Boundaries/outputs/Distance/Boundaries/FP_17.gpkg' using driver `GPKG'
Writing 727 features with 6 fields and geometry type Unknown (any).
Deleting layer `sewersheds' using driver `GPKG'
Writing layer `sewersheds' to data source 
  `/work/GRDVULN/sewershed/Model/Create_Boundaries/outputs/Distance/Boundaries_Clip/FP_17.gpkg' using driver `GPKG'
Writing 727 features with 6 fields and geometry type Unknown (any).
[1] "Script Complete @ 2025-06-12 20:33:44"
