[1] "Script Start @ 2025-06-12 20:20:23"
[1] "2 previously delineated systems for state: 19"
integer(0)
[1] "Assigning hexagons to 777 systems @ 2025-06-12 20:21:13"
[1] "2.6% Complete @ 2025-06-12 20:21:32"
[1] "5.1% Complete @ 2025-06-12 20:21:50"
[1] "7.7% Complete @ 2025-06-12 20:22:08"
[1] "10.3% Complete @ 2025-06-12 20:22:25"
[1] "12.9% Complete @ 2025-06-12 20:22:42"
[1] "15.4% Complete @ 2025-06-12 20:22:58"
[1] "18% Complete @ 2025-06-12 20:23:14"
[1] "20.6% Complete @ 2025-06-12 20:23:29"
[1] "23.2% Complete @ 2025-06-12 20:23:45"
[1] "25.7% Complete @ 2025-06-12 20:24:01"
[1] "28.3% Complete @ 2025-06-12 20:24:16"
[1] "30.9% Complete @ 2025-06-12 20:24:31"
[1] "33.5% Complete @ 2025-06-12 20:24:47"
[1] "36% Complete @ 2025-06-12 20:25:02"
[1] "38.6% Complete @ 2025-06-12 20:25:17"
[1] "41.2% Complete @ 2025-06-12 20:25:33"
[1] "43.8% Complete @ 2025-06-12 20:25:48"
[1] "46.3% Complete @ 2025-06-12 20:26:03"
[1] "48.9% Complete @ 2025-06-12 20:26:18"
[1] "51.5% Complete @ 2025-06-12 20:26:33"
[1] "54.1% Complete @ 2025-06-12 20:26:47"
[1] "56.6% Complete @ 2025-06-12 20:27:00"
[1] "59.2% Complete @ 2025-06-12 20:27:13"
[1] "61.8% Complete @ 2025-06-12 20:27:27"
[1] "64.4% Complete @ 2025-06-12 20:27:46"
[1] "66.9% Complete @ 2025-06-12 20:28:03"
[1] "69.5% Complete @ 2025-06-12 20:28:20"
[1] "72.1% Complete @ 2025-06-12 20:28:38"
[1] "74.6% Complete @ 2025-06-12 20:28:56"
[1] "77.2% Complete @ 2025-06-12 20:29:15"
[1] "79.8% Complete @ 2025-06-12 20:29:33"
[1] "82.4% Complete @ 2025-06-12 20:29:52"
[1] "84.9% Complete @ 2025-06-12 20:30:09"
[1] "87.5% Complete @ 2025-06-12 20:30:26"
[1] "90.1% Complete @ 2025-06-12 20:30:43"
[1] "92.7% Complete @ 2025-06-12 20:31:00"
[1] "95.2% Complete @ 2025-06-12 20:31:16"
[1] "97.8% Complete @ 2025-06-12 20:31:32"
[1] "Failed to find boundaries for 1 Systems"
[1] "Saving outputs @ 2025-06-12 20:31:48"
Deleting layer `sewersheds' using driver `GPKG'
Writing layer `sewersheds' to data source 
  `/work/GRDVULN/sewershed/Model/Create_Boundaries/outputs/Distance/Boundaries/FP_19.gpkg' using driver `GPKG'
Writing 776 features with 6 fields and geometry type Unknown (any).
Deleting layer `sewersheds' using driver `GPKG'
Writing layer `sewersheds' to data source 
  `/work/GRDVULN/sewershed/Model/Create_Boundaries/outputs/Distance/Boundaries_Clip/FP_19.gpkg' using driver `GPKG'
Writing 776 features with 6 fields and geometry type Unknown (any).
[1] "Script Complete @ 2025-06-12 20:31:49"
