[1] "Script Start @ 2025-06-12 20:20:23"
[1] "8 previously delineated systems for state: 20"
integer(0)
[1] "Assigning hexagons to 611 systems @ 2025-06-12 20:20:58"
[1] "3.3% Complete @ 2025-06-12 20:21:09"
[1] "6.5% Complete @ 2025-06-12 20:21:23"
[1] "9.8% Complete @ 2025-06-12 20:21:35"
[1] "13.1% Complete @ 2025-06-12 20:21:47"
[1] "16.4% Complete @ 2025-06-12 20:21:59"
[1] "19.6% Complete @ 2025-06-12 20:22:11"
[1] "22.9% Complete @ 2025-06-12 20:22:23"
[1] "26.2% Complete @ 2025-06-12 20:22:34"
[1] "29.5% Complete @ 2025-06-12 20:22:46"
[1] "32.7% Complete @ 2025-06-12 20:22:58"
[1] "36% Complete @ 2025-06-12 20:23:09"
[1] "39.3% Complete @ 2025-06-12 20:23:20"
[1] "42.6% Complete @ 2025-06-12 20:23:31"
[1] "45.8% Complete @ 2025-06-12 20:23:42"
[1] "49.1% Complete @ 2025-06-12 20:23:53"
[1] "52.4% Complete @ 2025-06-12 20:24:04"
[1] "55.6% Complete @ 2025-06-12 20:24:15"
[1] "58.9% Complete @ 2025-06-12 20:24:26"
[1] "62.2% Complete @ 2025-06-12 20:24:37"
[1] "65.5% Complete @ 2025-06-12 20:24:48"
[1] "68.7% Complete @ 2025-06-12 20:24:59"
[1] "72% Complete @ 2025-06-12 20:25:10"
[1] "75.3% Complete @ 2025-06-12 20:25:21"
[1] "78.6% Complete @ 2025-06-12 20:25:32"
[1] "81.8% Complete @ 2025-06-12 20:25:44"
[1] "85.1% Complete @ 2025-06-12 20:25:55"
[1] "88.4% Complete @ 2025-06-12 20:26:06"
[1] "91.7% Complete @ 2025-06-12 20:26:17"
[1] "94.9% Complete @ 2025-06-12 20:26:29"
[1] "98.2% Complete @ 2025-06-12 20:26:41"
[1] "Failed to find boundaries for 5 Systems"
[1] "Saving outputs @ 2025-06-12 20:26:49"
Deleting layer `sewersheds' using driver `GPKG'
Writing layer `sewersheds' to data source 
  `/work/GRDVULN/sewershed/Model/Create_Boundaries/outputs/Distance/Boundaries/FP_20.gpkg' using driver `GPKG'
Writing 606 features with 6 fields and geometry type Unknown (any).
Deleting layer `sewersheds' using driver `GPKG'
Writing layer `sewersheds' to data source 
  `/work/GRDVULN/sewershed/Model/Create_Boundaries/outputs/Distance/Boundaries_Clip/FP_20.gpkg' using driver `GPKG'
Writing 606 features with 6 fields and geometry type Unknown (any).
[1] "Script Complete @ 2025-06-12 20:26:50"
