[1] "Script Start @ 2025-06-12 20:20:26"
[1] "0 previously delineated systems for state: 22"
integer(0)
[1] "Assigning hexagons to 328 systems @ 2025-06-12 20:20:46"
[1] "6.1% Complete @ 2025-06-12 20:20:55"
[1] "12.2% Complete @ 2025-06-12 20:21:03"
[1] "18.3% Complete @ 2025-06-12 20:21:13"
[1] "24.4% Complete @ 2025-06-12 20:21:22"
[1] "30.5% Complete @ 2025-06-12 20:21:31"
[1] "36.6% Complete @ 2025-06-12 20:21:40"
[1] "42.7% Complete @ 2025-06-12 20:21:50"
[1] "48.8% Complete @ 2025-06-12 20:21:58"
[1] "54.9% Complete @ 2025-06-12 20:22:06"
[1] "61% Complete @ 2025-06-12 20:22:13"
[1] "67.1% Complete @ 2025-06-12 20:22:21"
[1] "73.2% Complete @ 2025-06-12 20:22:29"
[1] "79.3% Complete @ 2025-06-12 20:22:36"
[1] "85.4% Complete @ 2025-06-12 20:22:43"
[1] "91.5% Complete @ 2025-06-12 20:22:51"
[1] "97.6% Complete @ 2025-06-12 20:23:01"
[1] "Failed to find boundaries for 7 Systems"
[1] "Saving outputs @ 2025-06-12 20:23:08"
Deleting layer `sewersheds' using driver `GPKG'
Writing layer `sewersheds' to data source 
  `/work/GRDVULN/sewershed/Model/Create_Boundaries/outputs/Distance/Boundaries/FP_22.gpkg' using driver `GPKG'
Writing 321 features with 6 fields and geometry type Unknown (any).
Deleting layer `sewersheds' using driver `GPKG'
Writing layer `sewersheds' to data source 
  `/work/GRDVULN/sewershed/Model/Create_Boundaries/outputs/Distance/Boundaries_Clip/FP_22.gpkg' using driver `GPKG'
Writing 321 features with 6 fields and geometry type Unknown (any).
[1] "Script Complete @ 2025-06-12 20:23:09"
