[1] "Script Start @ 2025-06-12 20:20:32"
[1] "1 previously delineated systems for state: 26"
integer(0)
[1] "Assigning hexagons to 393 systems @ 2025-06-12 20:21:09"
[1] "5.1% Complete @ 2025-06-12 20:21:24"
[1] "10.2% Complete @ 2025-06-12 20:21:38"
[1] "15.3% Complete @ 2025-06-12 20:21:51"
[1] "20.4% Complete @ 2025-06-12 20:22:04"
[1] "25.4% Complete @ 2025-06-12 20:22:17"
[1] "30.5% Complete @ 2025-06-12 20:22:29"
[1] "35.6% Complete @ 2025-06-12 20:22:41"
[1] "40.7% Complete @ 2025-06-12 20:22:53"
[1] "45.8% Complete @ 2025-06-12 20:23:05"
[1] "50.9% Complete @ 2025-06-12 20:23:16"
[1] "56% Complete @ 2025-06-12 20:23:27"
[1] "61.1% Complete @ 2025-06-12 20:23:39"
[1] "66.2% Complete @ 2025-06-12 20:23:50"
[1] "71.2% Complete @ 2025-06-12 20:24:02"
[1] "76.3% Complete @ 2025-06-12 20:24:13"
[1] "81.4% Complete @ 2025-06-12 20:24:26"
[1] "86.5% Complete @ 2025-06-12 20:24:38"
[1] "91.6% Complete @ 2025-06-12 20:24:50"
[1] "96.7% Complete @ 2025-06-12 20:25:05"
[1] "Failed to find boundaries for 1 Systems"
[1] "Saving outputs @ 2025-06-12 20:25:22"
Deleting layer `sewersheds' using driver `GPKG'
Writing layer `sewersheds' to data source 
  `/work/GRDVULN/sewershed/Model/Create_Boundaries/outputs/Distance/Boundaries/FP_26.gpkg' using driver `GPKG'
Writing 392 features with 6 fields and geometry type Unknown (any).
Deleting layer `sewersheds' using driver `GPKG'
Writing layer `sewersheds' to data source 
  `/work/GRDVULN/sewershed/Model/Create_Boundaries/outputs/Distance/Boundaries_Clip/FP_26.gpkg' using driver `GPKG'
Writing 392 features with 6 fields and geometry type Unknown (any).
[1] "Script Complete @ 2025-06-12 20:25:23"
