[1] "Script Start @ 2025-06-12 20:20:33"
[1] "13 previously delineated systems for state: 28"
integer(0)
[1] "Assigning hexagons to 264 systems @ 2025-06-12 20:20:53"
[1] "7.6% Complete @ 2025-06-12 20:21:02"
[1] "15.2% Complete @ 2025-06-12 20:21:11"
[1] "22.7% Complete @ 2025-06-12 20:21:20"
[1] "30.3% Complete @ 2025-06-12 20:21:30"
[1] "37.9% Complete @ 2025-06-12 20:21:39"
[1] "45.5% Complete @ 2025-06-12 20:21:48"
[1] "53% Complete @ 2025-06-12 20:21:57"
[1] "60.6% Complete @ 2025-06-12 20:22:06"
[1] "68.2% Complete @ 2025-06-12 20:22:15"
[1] "75.8% Complete @ 2025-06-12 20:22:23"
[1] "83.3% Complete @ 2025-06-12 20:22:32"
[1] "90.9% Complete @ 2025-06-12 20:22:42"
[1] "98.5% Complete @ 2025-06-12 20:22:52"
[1] "Failed to find boundaries for 0 Systems"
[1] "Saving outputs @ 2025-06-12 20:22:57"
Deleting layer `sewersheds' using driver `GPKG'
Writing layer `sewersheds' to data source 
  `/work/GRDVULN/sewershed/Model/Create_Boundaries/outputs/Distance/Boundaries/FP_28.gpkg' using driver `GPKG'
Writing 264 features with 6 fields and geometry type Unknown (any).
Deleting layer `sewersheds' using driver `GPKG'
Writing layer `sewersheds' to data source 
  `/work/GRDVULN/sewershed/Model/Create_Boundaries/outputs/Distance/Boundaries_Clip/FP_28.gpkg' using driver `GPKG'
Writing 264 features with 6 fields and geometry type Unknown (any).
[1] "Script Complete @ 2025-06-12 20:22:58"
