[1] "Script Start @ 2025-06-12 20:20:39"
[1] "0 previously delineated systems for state: 31"
integer(0)
[1] "Assigning hexagons to 467 systems @ 2025-06-12 20:21:23"
[1] "4.3% Complete @ 2025-06-12 20:21:33"
[1] "8.6% Complete @ 2025-06-12 20:21:40"
[1] "12.8% Complete @ 2025-06-12 20:21:48"
[1] "17.1% Complete @ 2025-06-12 20:21:56"
[1] "21.4% Complete @ 2025-06-12 20:22:03"
[1] "25.7% Complete @ 2025-06-12 20:22:11"
[1] "30% Complete @ 2025-06-12 20:22:18"
[1] "34.3% Complete @ 2025-06-12 20:22:26"
[1] "38.5% Complete @ 2025-06-12 20:22:34"
[1] "42.8% Complete @ 2025-06-12 20:22:42"
[1] "47.1% Complete @ 2025-06-12 20:22:49"
[1] "51.4% Complete @ 2025-06-12 20:22:57"
[1] "55.7% Complete @ 2025-06-12 20:23:05"
[1] "60% Complete @ 2025-06-12 20:23:12"
[1] "64.2% Complete @ 2025-06-12 20:23:20"
[1] "68.5% Complete @ 2025-06-12 20:23:27"
[1] "72.8% Complete @ 2025-06-12 20:23:35"
[1] "77.1% Complete @ 2025-06-12 20:23:42"
[1] "81.4% Complete @ 2025-06-12 20:23:50"
[1] "85.7% Complete @ 2025-06-12 20:23:58"
[1] "89.9% Complete @ 2025-06-12 20:24:05"
[1] "94.2% Complete @ 2025-06-12 20:24:13"
[1] "98.5% Complete @ 2025-06-12 20:24:20"
[1] "Failed to find boundaries for 0 Systems"
[1] "Saving outputs @ 2025-06-12 20:24:25"
Deleting layer `sewersheds' using driver `GPKG'
Writing layer `sewersheds' to data source 
  `/work/GRDVULN/sewershed/Model/Create_Boundaries/outputs/Distance/Boundaries/FP_31.gpkg' using driver `GPKG'
Writing 467 features with 6 fields and geometry type Unknown (any).
Deleting layer `sewersheds' using driver `GPKG'
Writing layer `sewersheds' to data source 
  `/work/GRDVULN/sewershed/Model/Create_Boundaries/outputs/Distance/Boundaries_Clip/FP_31.gpkg' using driver `GPKG'
Writing 467 features with 6 fields and geometry type Unknown (any).
[1] "Script Complete @ 2025-06-12 20:24:26"
