[1] "Script Start @ 2025-06-12 20:20:47"
[1] "2 previously delineated systems for state: 35"
integer(0)
[1] "Assigning hexagons to 125 systems @ 2025-06-12 20:20:56"
[1] "16% Complete @ 2025-06-12 20:21:00"
[1] "32% Complete @ 2025-06-12 20:21:05"
[1] "48% Complete @ 2025-06-12 20:21:10"
[1] "64% Complete @ 2025-06-12 20:21:14"
[1] "80% Complete @ 2025-06-12 20:21:20"
[1] "96% Complete @ 2025-06-12 20:21:26"
[1] "Failed to find boundaries for 0 Systems"
[1] "Saving outputs @ 2025-06-12 20:21:29"
Deleting layer `sewersheds' using driver `GPKG'
Writing layer `sewersheds' to data source 
  `/work/GRDVULN/sewershed/Model/Create_Boundaries/outputs/Distance/Boundaries/FP_35.gpkg' using driver `GPKG'
Writing 125 features with 6 fields and geometry type Unknown (any).
Deleting layer `sewersheds' using driver `GPKG'
Writing layer `sewersheds' to data source 
  `/work/GRDVULN/sewershed/Model/Create_Boundaries/outputs/Distance/Boundaries_Clip/FP_35.gpkg' using driver `GPKG'
Writing 125 features with 6 fields and geometry type Unknown (any).
[1] "Script Complete @ 2025-06-12 20:21:30"
