[1] "Script Start @ 2025-06-12 20:20:55"
[1] "50 previously delineated systems for state: 39"
integer(0)
[1] "Assigning hexagons to 769 systems @ 2025-06-12 20:22:25"
[1] "2.6% Complete @ 2025-06-12 20:22:53"
[1] "5.2% Complete @ 2025-06-12 20:23:22"
[1] "7.8% Complete @ 2025-06-12 20:23:49"
[1] "10.4% Complete @ 2025-06-12 20:24:14"
[1] "13% Complete @ 2025-06-12 20:24:41"
[1] "15.6% Complete @ 2025-06-12 20:25:07"
[1] "18.2% Complete @ 2025-06-12 20:25:33"
[1] "20.8% Complete @ 2025-06-12 20:26:00"
[1] "23.4% Complete @ 2025-06-12 20:26:26"
[1] "26% Complete @ 2025-06-12 20:26:51"
[1] "28.6% Complete @ 2025-06-12 20:27:17"
[1] "31.2% Complete @ 2025-06-12 20:27:42"
[1] "33.8% Complete @ 2025-06-12 20:28:20"
[1] "36.4% Complete @ 2025-06-12 20:28:53"
[1] "39% Complete @ 2025-06-12 20:29:24"
[1] "41.6% Complete @ 2025-06-12 20:29:54"
[1] "44.2% Complete @ 2025-06-12 20:30:24"
[1] "46.8% Complete @ 2025-06-12 20:30:54"
[1] "49.4% Complete @ 2025-06-12 20:31:25"
[1] "52% Complete @ 2025-06-12 20:31:54"
[1] "54.6% Complete @ 2025-06-12 20:32:24"
[1] "57.2% Complete @ 2025-06-12 20:32:54"
[1] "59.8% Complete @ 2025-06-12 20:33:24"
[1] "62.4% Complete @ 2025-06-12 20:33:53"
[1] "65% Complete @ 2025-06-12 20:34:21"
[1] "67.6% Complete @ 2025-06-12 20:34:49"
[1] "70.2% Complete @ 2025-06-12 20:35:17"
[1] "72.8% Complete @ 2025-06-12 20:35:42"
[1] "75.4% Complete @ 2025-06-12 20:36:10"
[1] "78% Complete @ 2025-06-12 20:36:38"
[1] "80.6% Complete @ 2025-06-12 20:37:05"
[1] "83.2% Complete @ 2025-06-12 20:37:30"
[1] "85.8% Complete @ 2025-06-12 20:37:58"
[1] "88.4% Complete @ 2025-06-12 20:38:21"
[1] "91% Complete @ 2025-06-12 20:38:48"
[1] "93.6% Complete @ 2025-06-12 20:39:16"
[1] "96.2% Complete @ 2025-06-12 20:39:43"
[1] "98.8% Complete @ 2025-06-12 20:40:11"
[1] "Failed to find boundaries for 14 Systems"
[1] "Saving outputs @ 2025-06-12 20:40:23"
Deleting layer `sewersheds' using driver `GPKG'
Writing layer `sewersheds' to data source 
  `/work/GRDVULN/sewershed/Model/Create_Boundaries/outputs/Distance/Boundaries/FP_39.gpkg' using driver `GPKG'
Writing 755 features with 6 fields and geometry type Unknown (any).
Deleting layer `sewersheds' using driver `GPKG'
Writing layer `sewersheds' to data source 
  `/work/GRDVULN/sewershed/Model/Create_Boundaries/outputs/Distance/Boundaries_Clip/FP_39.gpkg' using driver `GPKG'
Writing 755 features with 6 fields and geometry type Unknown (any).
[1] "Script Complete @ 2025-06-12 20:40:28"
