[1] "Script Start @ 2025-06-12 20:20:55"
[1] "0 previously delineated systems for state: 40"
integer(0)
[1] "Assigning hexagons to 484 systems @ 2025-06-12 20:21:30"
[1] "4.1% Complete @ 2025-06-12 20:21:44"
[1] "8.3% Complete @ 2025-06-12 20:21:57"
[1] "12.4% Complete @ 2025-06-12 20:22:09"
[1] "16.5% Complete @ 2025-06-12 20:22:22"
[1] "20.7% Complete @ 2025-06-12 20:22:34"
[1] "24.8% Complete @ 2025-06-12 20:22:46"
[1] "28.9% Complete @ 2025-06-12 20:22:58"
[1] "33.1% Complete @ 2025-06-12 20:23:10"
[1] "37.2% Complete @ 2025-06-12 20:23:22"
[1] "41.3% Complete @ 2025-06-12 20:23:34"
[1] "45.5% Complete @ 2025-06-12 20:23:45"
[1] "49.6% Complete @ 2025-06-12 20:23:57"
[1] "53.7% Complete @ 2025-06-12 20:24:08"
[1] "57.9% Complete @ 2025-06-12 20:24:20"
[1] "62% Complete @ 2025-06-12 20:24:31"
[1] "66.1% Complete @ 2025-06-12 20:24:43"
[1] "70.2% Complete @ 2025-06-12 20:24:54"
[1] "74.4% Complete @ 2025-06-12 20:25:06"
[1] "78.5% Complete @ 2025-06-12 20:25:18"
[1] "82.6% Complete @ 2025-06-12 20:25:30"
[1] "86.8% Complete @ 2025-06-12 20:25:42"
[1] "90.9% Complete @ 2025-06-12 20:25:54"
[1] "95% Complete @ 2025-06-12 20:26:06"
[1] "99.2% Complete @ 2025-06-12 20:26:20"
[1] "Failed to find boundaries for 4 Systems"
[1] "Saving outputs @ 2025-06-12 20:26:27"
Deleting layer `sewersheds' using driver `GPKG'
Writing layer `sewersheds' to data source 
  `/work/GRDVULN/sewershed/Model/Create_Boundaries/outputs/Distance/Boundaries/FP_40.gpkg' using driver `GPKG'
Writing 480 features with 6 fields and geometry type Unknown (any).
Deleting layer `sewersheds' using driver `GPKG'
Writing layer `sewersheds' to data source 
  `/work/GRDVULN/sewershed/Model/Create_Boundaries/outputs/Distance/Boundaries_Clip/FP_40.gpkg' using driver `GPKG'
Writing 480 features with 6 fields and geometry type Unknown (any).
[1] "Script Complete @ 2025-06-12 20:26:28"
