[1] "Script Start @ 2025-06-12 20:20:56"
[1] "5 previously delineated systems for state: 41"
integer(0)
[1] "Assigning hexagons to 212 systems @ 2025-06-12 20:21:12"
[1] "9.4% Complete @ 2025-06-12 20:21:18"
[1] "18.9% Complete @ 2025-06-12 20:21:24"
[1] "28.3% Complete @ 2025-06-12 20:21:29"
[1] "37.7% Complete @ 2025-06-12 20:21:35"
[1] "47.2% Complete @ 2025-06-12 20:21:41"
[1] "56.6% Complete @ 2025-06-12 20:21:47"
[1] "66% Complete @ 2025-06-12 20:21:53"
[1] "75.5% Complete @ 2025-06-12 20:21:59"
[1] "84.9% Complete @ 2025-06-12 20:22:06"
[1] "94.3% Complete @ 2025-06-12 20:22:14"
[1] "Failed to find boundaries for 0 Systems"
[1] "Saving outputs @ 2025-06-12 20:22:21"
Deleting layer `sewersheds' using driver `GPKG'
Writing layer `sewersheds' to data source 
  `/work/GRDVULN/sewershed/Model/Create_Boundaries/outputs/Distance/Boundaries/FP_41.gpkg' using driver `GPKG'
Writing 212 features with 6 fields and geometry type Unknown (any).
Deleting layer `sewersheds' using driver `GPKG'
Writing layer `sewersheds' to data source 
  `/work/GRDVULN/sewershed/Model/Create_Boundaries/outputs/Distance/Boundaries_Clip/FP_41.gpkg' using driver `GPKG'
Writing 212 features with 6 fields and geometry type Unknown (any).
[1] "Script Complete @ 2025-06-12 20:22:22"
