[1] "Script Start @ 2025-06-12 20:20:56"
[1] "39 previously delineated systems for state: 42"
integer(0)
[1] "Assigning hexagons to 808 systems @ 2025-06-12 20:22:38"
[1] "2.5% Complete @ 2025-06-12 20:23:12"
[1] "5% Complete @ 2025-06-12 20:23:45"
[1] "7.4% Complete @ 2025-06-12 20:24:18"
[1] "9.9% Complete @ 2025-06-12 20:24:50"
[1] "12.4% Complete @ 2025-06-12 20:25:22"
[1] "14.9% Complete @ 2025-06-12 20:25:56"
[1] "17.3% Complete @ 2025-06-12 20:26:28"
[1] "19.8% Complete @ 2025-06-12 20:27:00"
[1] "22.3% Complete @ 2025-06-12 20:27:30"
[1] "24.8% Complete @ 2025-06-12 20:28:12"
[1] "27.2% Complete @ 2025-06-12 20:28:57"
[1] "29.7% Complete @ 2025-06-12 20:29:40"
[1] "32.2% Complete @ 2025-06-12 20:30:23"
[1] "34.7% Complete @ 2025-06-12 20:31:05"
[1] "37.1% Complete @ 2025-06-12 20:31:40"
[1] "39.6% Complete @ 2025-06-12 20:32:19"
[1] "42.1% Complete @ 2025-06-12 20:32:57"
[1] "44.6% Complete @ 2025-06-12 20:33:35"
[1] "47% Complete @ 2025-06-12 20:34:10"
[1] "49.5% Complete @ 2025-06-12 20:34:47"
[1] "52% Complete @ 2025-06-12 20:35:20"
[1] "54.5% Complete @ 2025-06-12 20:35:52"
[1] "56.9% Complete @ 2025-06-12 20:36:26"
[1] "59.4% Complete @ 2025-06-12 20:37:01"
[1] "61.9% Complete @ 2025-06-12 20:37:36"
[1] "64.4% Complete @ 2025-06-12 20:38:08"
[1] "66.8% Complete @ 2025-06-12 20:38:42"
[1] "69.3% Complete @ 2025-06-12 20:39:15"
[1] "71.8% Complete @ 2025-06-12 20:39:47"
[1] "74.3% Complete @ 2025-06-12 20:40:20"
[1] "76.7% Complete @ 2025-06-12 20:40:51"
[1] "79.2% Complete @ 2025-06-12 20:41:23"
[1] "81.7% Complete @ 2025-06-12 20:41:55"
[1] "84.2% Complete @ 2025-06-12 20:42:26"
[1] "86.6% Complete @ 2025-06-12 20:42:57"
[1] "89.1% Complete @ 2025-06-12 20:43:26"
[1] "91.6% Complete @ 2025-06-12 20:43:58"
[1] "94.1% Complete @ 2025-06-12 20:44:27"
[1] "96.5% Complete @ 2025-06-12 20:45:00"
[1] "99% Complete @ 2025-06-12 20:45:33"
[1] "Failed to find boundaries for 12 Systems"
[1] "Saving outputs @ 2025-06-12 20:45:46"
Deleting layer `sewersheds' using driver `GPKG'
Writing layer `sewersheds' to data source 
  `/work/GRDVULN/sewershed/Model/Create_Boundaries/outputs/Distance/Boundaries/FP_42.gpkg' using driver `GPKG'
Writing 796 features with 6 fields and geometry type Unknown (any).
Deleting layer `sewersheds' using driver `GPKG'
Writing layer `sewersheds' to data source 
  `/work/GRDVULN/sewershed/Model/Create_Boundaries/outputs/Distance/Boundaries_Clip/FP_42.gpkg' using driver `GPKG'
Writing 796 features with 6 fields and geometry type Unknown (any).
[1] "Script Complete @ 2025-06-12 20:45:50"
