[1] "Script Start @ 2025-06-12 20:21:00"
[1] "29 previously delineated systems for state: 45"
integer(0)
[1] "Assigning hexagons to 131 systems @ 2025-06-12 20:21:18"
[1] "15.3% Complete @ 2025-06-12 20:21:27"
[1] "30.5% Complete @ 2025-06-12 20:21:35"
[1] "45.8% Complete @ 2025-06-12 20:21:43"
[1] "61.1% Complete @ 2025-06-12 20:21:50"
[1] "76.3% Complete @ 2025-06-12 20:22:00"
[1] "91.6% Complete @ 2025-06-12 20:22:10"
[1] "Failed to find boundaries for 3 Systems"
[1] "Saving outputs @ 2025-06-12 20:22:19"
Deleting layer `sewersheds' using driver `GPKG'
Writing layer `sewersheds' to data source 
  `/work/GRDVULN/sewershed/Model/Create_Boundaries/outputs/Distance/Boundaries/FP_45.gpkg' using driver `GPKG'
Writing 128 features with 6 fields and geometry type Unknown (any).
Deleting layer `sewersheds' using driver `GPKG'
Writing layer `sewersheds' to data source 
  `/work/GRDVULN/sewershed/Model/Create_Boundaries/outputs/Distance/Boundaries_Clip/FP_45.gpkg' using driver `GPKG'
Writing 128 features with 6 fields and geometry type Unknown (any).
[1] "Script Complete @ 2025-06-12 20:22:20"
