[1] "Script Start @ 2025-06-12 20:21:04"
[1] "468 previously delineated systems for state: 48"
integer(0)
[1] "Assigning hexagons to 936 systems @ 2025-06-12 20:23:12"
[1] "2.1% Complete @ 2025-06-12 20:23:43"
[1] "4.3% Complete @ 2025-06-12 20:24:12"
[1] "6.4% Complete @ 2025-06-12 20:24:42"
[1] "8.5% Complete @ 2025-06-12 20:25:10"
[1] "10.7% Complete @ 2025-06-12 20:25:39"
[1] "12.8% Complete @ 2025-06-12 20:26:08"
[1] "15% Complete @ 2025-06-12 20:26:36"
[1] "17.1% Complete @ 2025-06-12 20:27:05"
[1] "19.2% Complete @ 2025-06-12 20:27:32"
[1] "21.4% Complete @ 2025-06-12 20:28:11"
[1] "23.5% Complete @ 2025-06-12 20:28:46"
[1] "25.6% Complete @ 2025-06-12 20:29:23"
[1] "27.8% Complete @ 2025-06-12 20:29:55"
[1] "29.9% Complete @ 2025-06-12 20:30:32"
[1] "32.1% Complete @ 2025-06-12 20:31:06"
[1] "34.2% Complete @ 2025-06-12 20:31:40"
[1] "36.3% Complete @ 2025-06-12 20:32:12"
[1] "38.5% Complete @ 2025-06-12 20:32:45"
[1] "40.6% Complete @ 2025-06-12 20:33:18"
[1] "42.7% Complete @ 2025-06-12 20:33:50"
[1] "44.9% Complete @ 2025-06-12 20:34:22"
[1] "47% Complete @ 2025-06-12 20:34:56"
[1] "49.1% Complete @ 2025-06-12 20:35:27"
[1] "51.3% Complete @ 2025-06-12 20:36:00"
[1] "53.4% Complete @ 2025-06-12 20:36:29"
[1] "55.6% Complete @ 2025-06-12 20:37:01"
[1] "57.7% Complete @ 2025-06-12 20:37:33"
[1] "59.8% Complete @ 2025-06-12 20:38:02"
[1] "62% Complete @ 2025-06-12 20:38:30"
[1] "64.1% Complete @ 2025-06-12 20:38:57"
[1] "66.2% Complete @ 2025-06-12 20:39:26"
[1] "68.4% Complete @ 2025-06-12 20:39:55"
[1] "70.5% Complete @ 2025-06-12 20:40:24"
[1] "72.6% Complete @ 2025-06-12 20:40:52"
[1] "74.8% Complete @ 2025-06-12 20:41:20"
[1] "76.9% Complete @ 2025-06-12 20:41:46"
[1] "79.1% Complete @ 2025-06-12 20:42:14"
[1] "81.2% Complete @ 2025-06-12 20:42:40"
[1] "83.3% Complete @ 2025-06-12 20:43:07"
[1] "85.5% Complete @ 2025-06-12 20:43:34"
[1] "87.6% Complete @ 2025-06-12 20:44:03"
[1] "89.7% Complete @ 2025-06-12 20:44:28"
[1] "91.9% Complete @ 2025-06-12 20:44:55"
[1] "94% Complete @ 2025-06-12 20:45:23"
[1] "96.2% Complete @ 2025-06-12 20:45:55"
[1] "98.3% Complete @ 2025-06-12 20:46:27"
[1] "Failed to find boundaries for 12 Systems"
[1] "Saving outputs @ 2025-06-12 20:46:50"
Deleting layer `sewersheds' using driver `GPKG'
Writing layer `sewersheds' to data source 
  `/work/GRDVULN/sewershed/Model/Create_Boundaries/outputs/Distance/Boundaries/FP_48.gpkg' using driver `GPKG'
Writing 924 features with 6 fields and geometry type Unknown (any).
Deleting layer `sewersheds' using driver `GPKG'
Writing layer `sewersheds' to data source 
  `/work/GRDVULN/sewershed/Model/Create_Boundaries/outputs/Distance/Boundaries_Clip/FP_48.gpkg' using driver `GPKG'
Writing 924 features with 6 fields and geometry type Unknown (any).
[1] "Script Complete @ 2025-06-12 20:46:52"
