[1] "Script Start @ 2025-06-12 20:21:10"
[1] "9 previously delineated systems for state: 51"
[1] 205
[1] "Assigning hexagons to 217 systems @ 2025-06-12 20:21:32"
[1] "9.2% Complete @ 2025-06-12 20:21:43"
[1] "18.4% Complete @ 2025-06-12 20:21:52"
[1] "27.6% Complete @ 2025-06-12 20:22:00"
[1] "36.9% Complete @ 2025-06-12 20:22:09"
[1] "46.1% Complete @ 2025-06-12 20:22:18"
[1] "55.3% Complete @ 2025-06-12 20:22:27"
[1] "64.5% Complete @ 2025-06-12 20:22:35"
[1] "73.7% Complete @ 2025-06-12 20:22:44"
[1] "82.9% Complete @ 2025-06-12 20:22:53"
[1] "92.2% Complete @ 2025-06-12 20:23:05"
[1] "Failed to find boundaries for 2 Systems"
[1] "Saving outputs @ 2025-06-12 20:23:25"
Deleting layer `sewersheds' using driver `GPKG'
Writing layer `sewersheds' to data source 
  `/work/GRDVULN/sewershed/Model/Create_Boundaries/outputs/Distance/Boundaries/FP_51.gpkg' using driver `GPKG'
Writing 215 features with 6 fields and geometry type Unknown (any).
Deleting layer `sewersheds' using driver `GPKG'
Writing layer `sewersheds' to data source 
  `/work/GRDVULN/sewershed/Model/Create_Boundaries/outputs/Distance/Boundaries_Clip/FP_51.gpkg' using driver `GPKG'
Writing 215 features with 6 fields and geometry type Unknown (any).
[1] "Script Complete @ 2025-06-12 20:23:26"
