[1] "Script Start @ 2025-06-12 20:21:13"
[1] "164 previously delineated systems for state: 54"
integer(0)
[1] "Assigning hexagons to 133 systems @ 2025-06-12 20:21:31"
[1] "15% Complete @ 2025-06-12 20:21:35"
[1] "30.1% Complete @ 2025-06-12 20:21:38"
[1] "45.1% Complete @ 2025-06-12 20:21:42"
[1] "60.2% Complete @ 2025-06-12 20:21:47"
[1] "75.2% Complete @ 2025-06-12 20:21:50"
[1] "90.2% Complete @ 2025-06-12 20:21:55"
[1] "Failed to find boundaries for 24 Systems"
[1] "Saving outputs @ 2025-06-12 20:21:59"
Deleting layer `sewersheds' using driver `GPKG'
Writing layer `sewersheds' to data source 
  `/work/GRDVULN/sewershed/Model/Create_Boundaries/outputs/Distance/Boundaries/FP_54.gpkg' using driver `GPKG'
Writing 109 features with 6 fields and geometry type Unknown (any).
Deleting layer `sewersheds' using driver `GPKG'
Writing layer `sewersheds' to data source 
  `/work/GRDVULN/sewershed/Model/Create_Boundaries/outputs/Distance/Boundaries_Clip/FP_54.gpkg' using driver `GPKG'
Writing 109 features with 6 fields and geometry type Unknown (any).
[1] "Script Complete @ 2025-06-12 20:22:00"
