[1] "Script Start @ 2025-06-12 20:21:13"
[1] "72 previously delineated systems for state: 55"
integer(0)
[1] "Assigning hexagons to 524 systems @ 2025-06-12 20:21:57"
[1] "3.8% Complete @ 2025-06-12 20:22:12"
[1] "7.6% Complete @ 2025-06-12 20:22:25"
[1] "11.5% Complete @ 2025-06-12 20:22:37"
[1] "15.3% Complete @ 2025-06-12 20:22:49"
[1] "19.1% Complete @ 2025-06-12 20:23:01"
[1] "22.9% Complete @ 2025-06-12 20:23:14"
[1] "26.7% Complete @ 2025-06-12 20:23:25"
[1] "30.5% Complete @ 2025-06-12 20:23:37"
[1] "34.4% Complete @ 2025-06-12 20:23:48"
[1] "38.2% Complete @ 2025-06-12 20:24:00"
[1] "42% Complete @ 2025-06-12 20:24:11"
[1] "45.8% Complete @ 2025-06-12 20:24:22"
[1] "49.6% Complete @ 2025-06-12 20:24:34"
[1] "53.4% Complete @ 2025-06-12 20:24:45"
[1] "57.3% Complete @ 2025-06-12 20:24:56"
[1] "61.1% Complete @ 2025-06-12 20:25:07"
[1] "64.9% Complete @ 2025-06-12 20:25:18"
[1] "68.7% Complete @ 2025-06-12 20:25:30"
[1] "72.5% Complete @ 2025-06-12 20:25:41"
[1] "76.3% Complete @ 2025-06-12 20:25:52"
[1] "80.2% Complete @ 2025-06-12 20:26:03"
[1] "84% Complete @ 2025-06-12 20:26:15"
[1] "87.8% Complete @ 2025-06-12 20:26:26"
[1] "91.6% Complete @ 2025-06-12 20:26:38"
[1] "95.4% Complete @ 2025-06-12 20:26:49"
[1] "99.2% Complete @ 2025-06-12 20:27:02"
[1] "Failed to find boundaries for 0 Systems"
[1] "Saving outputs @ 2025-06-12 20:27:06"
Deleting layer `sewersheds' using driver `GPKG'
Writing layer `sewersheds' to data source 
  `/work/GRDVULN/sewershed/Model/Create_Boundaries/outputs/Distance/Boundaries/FP_55.gpkg' using driver `GPKG'
Writing 524 features with 6 fields and geometry type Unknown (any).
Deleting layer `sewersheds' using driver `GPKG'
Writing layer `sewersheds' to data source 
  `/work/GRDVULN/sewershed/Model/Create_Boundaries/outputs/Distance/Boundaries_Clip/FP_55.gpkg' using driver `GPKG'
Writing 524 features with 6 fields and geometry type Unknown (any).
[1] "Script Complete @ 2025-06-12 20:27:07"
